<?xml version="1.0" encoding="UTF-8"?>
<testsuite name="griffon.util.ConfigReaderTests" tests="23" skipped="0" failures="0" errors="0" timestamp="2014-07-18T11:59:08" hostname="testing-worker-linux-3-2-10231-linux-2-30259785" time="3.456">
  <properties/>
  <testcase name="testParseProperties" classname="griffon.util.ConfigReaderTests" time="0.074"/>
  <testcase name="testToProperties" classname="griffon.util.ConfigReaderTests" time="0.209"/>
  <testcase name="testNestedConditionaBlocks" classname="griffon.util.ConfigReaderTests" time="1.161"/>
  <testcase name="testScopedPropertiesWithNesting" classname="griffon.util.ConfigReaderTests" time="0.078"/>
  <testcase name="testScopedProperties" classname="griffon.util.ConfigReaderTests" time="0.065"/>
  <testcase name="testCustomConditionalBlocks" classname="griffon.util.ConfigReaderTests" time="0.156"/>
  <testcase name="testTwoSameBlocks" classname="griffon.util.ConfigReaderTests" time="0.102"/>
  <testcase name="testConsecutiveReaderValues" classname="griffon.util.ConfigReaderTests" time="0.077"/>
  <testcase name="testScopedVariableReusage" classname="griffon.util.ConfigReaderTests" time="0.129"/>
  <testcase name="testLog4jConfiguration" classname="griffon.util.ConfigReaderTests" time="0.105"/>
  <testcase name="testSimpleProperties" classname="griffon.util.ConfigReaderTests" time="0.042"/>
  <testcase name="testConditionalOverrides" classname="griffon.util.ConfigReaderTests" time="0.147"/>
  <testcase name="testSerializeConfig" classname="griffon.util.ConfigReaderTests" time="0.184"/>
  <testcase name="testConfigTokensAsStrings" classname="griffon.util.ConfigReaderTests" time="0.047"/>
  <testcase name="testEnvironmentProperties2" classname="griffon.util.ConfigReaderTests" time="0.119"/>
  <testcase name="testConfigReaderNestedValues" classname="griffon.util.ConfigReaderTests" time="0.094"/>
  <testcase name="testEnvironmentSpecificConfig" classname="griffon.util.ConfigReaderTests" time="0.254"/>
  <testcase name="testFlattenConfig" classname="griffon.util.ConfigReaderTests" time="0.105"/>
  <testcase name="testNotProperlyNestedPropertiesArePreserved" classname="griffon.util.ConfigReaderTests" time="0.006"/>
  <testcase name="testConfigInterReferencing" classname="griffon.util.ConfigReaderTests" time="0.074"/>
  <testcase name="testVariableAssignments" classname="griffon.util.ConfigReaderTests" time="0.079"/>
  <testcase name="testConfigBinding" classname="griffon.util.ConfigReaderTests" time="0.036"/>
  <testcase name="testSameElementNestingWithoutDuplication" classname="griffon.util.ConfigReaderTests" time="0.094"/>
  <system-out><![CDATA[]]></system-out>
  <system-err><![CDATA[]]></system-err>
</testsuite>
