<?xml version="1.0" encoding="UTF-8"?>
<testsuite name="griffon.util.ConfigReaderTests" tests="23" skipped="0" failures="0" errors="0" timestamp="2015-01-06T14:26:34" hostname="testing-worker-linux-2-1-15228-linux-11-46074597" time="5.687">
  <properties/>
  <testcase name="testParseProperties" classname="griffon.util.ConfigReaderTests" time="0.205"/>
  <testcase name="testToProperties" classname="griffon.util.ConfigReaderTests" time="1.609"/>
  <testcase name="testNestedConditionaBlocks" classname="griffon.util.ConfigReaderTests" time="1.594"/>
  <testcase name="testScopedPropertiesWithNesting" classname="griffon.util.ConfigReaderTests" time="0.093"/>
  <testcase name="testScopedProperties" classname="griffon.util.ConfigReaderTests" time="0.12"/>
  <testcase name="testCustomConditionalBlocks" classname="griffon.util.ConfigReaderTests" time="0.108"/>
  <testcase name="testTwoSameBlocks" classname="griffon.util.ConfigReaderTests" time="0.082"/>
  <testcase name="testConsecutiveReaderValues" classname="griffon.util.ConfigReaderTests" time="0.054"/>
  <testcase name="testScopedVariableReusage" classname="griffon.util.ConfigReaderTests" time="0.061"/>
  <testcase name="testLog4jConfiguration" classname="griffon.util.ConfigReaderTests" time="0.054"/>
  <testcase name="testSimpleProperties" classname="griffon.util.ConfigReaderTests" time="0.053"/>
  <testcase name="testConditionalOverrides" classname="griffon.util.ConfigReaderTests" time="0.151"/>
  <testcase name="testSerializeConfig" classname="griffon.util.ConfigReaderTests" time="0.296"/>
  <testcase name="testConfigTokensAsStrings" classname="griffon.util.ConfigReaderTests" time="0.054"/>
  <testcase name="testEnvironmentProperties2" classname="griffon.util.ConfigReaderTests" time="0.132"/>
  <testcase name="testConfigReaderNestedValues" classname="griffon.util.ConfigReaderTests" time="0.071"/>
  <testcase name="testEnvironmentSpecificConfig" classname="griffon.util.ConfigReaderTests" time="0.384"/>
  <testcase name="testFlattenConfig" classname="griffon.util.ConfigReaderTests" time="0.085"/>
  <testcase name="testNotProperlyNestedPropertiesArePreserved" classname="griffon.util.ConfigReaderTests" time="0.007"/>
  <testcase name="testConfigInterReferencing" classname="griffon.util.ConfigReaderTests" time="0.136"/>
  <testcase name="testVariableAssignments" classname="griffon.util.ConfigReaderTests" time="0.128"/>
  <testcase name="testConfigBinding" classname="griffon.util.ConfigReaderTests" time="0.093"/>
  <testcase name="testSameElementNestingWithoutDuplication" classname="griffon.util.ConfigReaderTests" time="0.051"/>
  <system-out><![CDATA[]]></system-out>
  <system-err><![CDATA[]]></system-err>
</testsuite>
