<?xml version="1.0" encoding="UTF-8"?>
<testsuite name="griffon.util.ConfigReaderTests" tests="23" skipped="0" failures="0" errors="0" timestamp="2015-08-26T10:25:28" hostname="testing-worker-linux-3da96de7-1-3821-linux-1-77299450" time="2.367">
  <properties/>
  <testcase name="testParseProperties" classname="griffon.util.ConfigReaderTests" time="0.093"/>
  <testcase name="testToProperties" classname="griffon.util.ConfigReaderTests" time="1.095"/>
  <testcase name="testNestedConditionaBlocks" classname="griffon.util.ConfigReaderTests" time="0.513"/>
  <testcase name="testScopedPropertiesWithNesting" classname="griffon.util.ConfigReaderTests" time="0.029"/>
  <testcase name="testScopedProperties" classname="griffon.util.ConfigReaderTests" time="0.024"/>
  <testcase name="testCustomConditionalBlocks" classname="griffon.util.ConfigReaderTests" time="0.045"/>
  <testcase name="testTwoSameBlocks" classname="griffon.util.ConfigReaderTests" time="0.033"/>
  <testcase name="testConsecutiveReaderValues" classname="griffon.util.ConfigReaderTests" time="0.026"/>
  <testcase name="testScopedVariableReusage" classname="griffon.util.ConfigReaderTests" time="0.04"/>
  <testcase name="testLog4jConfiguration" classname="griffon.util.ConfigReaderTests" time="0.032"/>
  <testcase name="testSimpleProperties" classname="griffon.util.ConfigReaderTests" time="0.017"/>
  <testcase name="testConditionalOverrides" classname="griffon.util.ConfigReaderTests" time="0.045"/>
  <testcase name="testSerializeConfig" classname="griffon.util.ConfigReaderTests" time="0.063"/>
  <testcase name="testConfigTokensAsStrings" classname="griffon.util.ConfigReaderTests" time="0.018"/>
  <testcase name="testEnvironmentProperties2" classname="griffon.util.ConfigReaderTests" time="0.038"/>
  <testcase name="testConfigReaderNestedValues" classname="griffon.util.ConfigReaderTests" time="0.034"/>
  <testcase name="testEnvironmentSpecificConfig" classname="griffon.util.ConfigReaderTests" time="0.086"/>
  <testcase name="testFlattenConfig" classname="griffon.util.ConfigReaderTests" time="0.028"/>
  <testcase name="testNotProperlyNestedPropertiesArePreserved" classname="griffon.util.ConfigReaderTests" time="0.005"/>
  <testcase name="testConfigInterReferencing" classname="griffon.util.ConfigReaderTests" time="0.031"/>
  <testcase name="testVariableAssignments" classname="griffon.util.ConfigReaderTests" time="0.023"/>
  <testcase name="testConfigBinding" classname="griffon.util.ConfigReaderTests" time="0.013"/>
  <testcase name="testSameElementNestingWithoutDuplication" classname="griffon.util.ConfigReaderTests" time="0.029"/>
  <system-out><![CDATA[]]></system-out>
  <system-err><![CDATA[]]></system-err>
</testsuite>
