<?xml version="1.0" encoding="UTF-8"?>
<testsuite name="griffon.builder.core.CoreBuilderCustomizerSpec" tests="9" skipped="0" failures="0" errors="0" timestamp="2015-08-29T11:11:46" hostname="testing-worker-linux-bb3654bb-2-17586-linux-2-77806272" time="0.587">
  <properties/>
  <testcase name="Root node is properly configured for griffon.builder.core.ChildScript1-root" classname="griffon.builder.core.CoreBuilderCustomizerSpec" time="0.501"/>
  <testcase name="Root node is properly configured for griffon.builder.core.ChildScript2-myroot" classname="griffon.builder.core.CoreBuilderCustomizerSpec" time="0.011"/>
  <testcase name="Root node is properly configured for griffon.builder.core.ChildScript1-root" classname="griffon.builder.core.CoreBuilderCustomizerSpec" time="0.027"/>
  <testcase name="Root node is properly configured for griffon.builder.core.ChildScript1-root" classname="griffon.builder.core.CoreBuilderCustomizerSpec" time="0.01"/>
  <testcase name="Threading method runOutsideUI is available in builder" classname="griffon.builder.core.CoreBuilderCustomizerSpec" time="0.021"/>
  <testcase name="Threading method runInsideUISync is available in builder" classname="griffon.builder.core.CoreBuilderCustomizerSpec" time="0.004"/>
  <testcase name="Threading method runInsideUIAsync is available in builder" classname="griffon.builder.core.CoreBuilderCustomizerSpec" time="0.004"/>
  <testcase name="Threading method runFuture is available in builder" classname="griffon.builder.core.CoreBuilderCustomizerSpec" time="0.003"/>
  <testcase name="Threading method isUIThread is available in builder" classname="griffon.builder.core.CoreBuilderCustomizerSpec" time="0.002"/>
  <system-out><![CDATA[]]></system-out>
  <system-err><![CDATA[Aug 29, 2015 11:11:46 AM groovy.util.FactoryBuilderSupport createNode
WARNING: Factory for name 'root' returned null
Aug 29, 2015 11:11:46 AM groovy.util.FactoryBuilderSupport createNode
WARNING: Factory for name 'root' returned null
]]></system-err>
</testsuite>
