<?xml version="1.0" encoding="UTF-8"?>
<testsuite name="griffon.util.ConfigReaderTests" tests="23" skipped="0" failures="0" errors="0" timestamp="2014-06-29T12:19:44" hostname="testing-worker-linux-10-1-463-linux-17-28706940" time="4.194">
  <properties/>
  <testcase name="testParseProperties" classname="griffon.util.ConfigReaderTests" time="0.191"/>
  <testcase name="testToProperties" classname="griffon.util.ConfigReaderTests" time="0.999"/>
  <testcase name="testNestedConditionaBlocks" classname="griffon.util.ConfigReaderTests" time="1.175"/>
  <testcase name="testScopedPropertiesWithNesting" classname="griffon.util.ConfigReaderTests" time="0.083"/>
  <testcase name="testScopedProperties" classname="griffon.util.ConfigReaderTests" time="0.061"/>
  <testcase name="testCustomConditionalBlocks" classname="griffon.util.ConfigReaderTests" time="0.14"/>
  <testcase name="testTwoSameBlocks" classname="griffon.util.ConfigReaderTests" time="0.094"/>
  <testcase name="testConsecutiveReaderValues" classname="griffon.util.ConfigReaderTests" time="0.068"/>
  <testcase name="testScopedVariableReusage" classname="griffon.util.ConfigReaderTests" time="0.109"/>
  <testcase name="testLog4jConfiguration" classname="griffon.util.ConfigReaderTests" time="0.094"/>
  <testcase name="testSimpleProperties" classname="griffon.util.ConfigReaderTests" time="0.043"/>
  <testcase name="testConditionalOverrides" classname="griffon.util.ConfigReaderTests" time="0.134"/>
  <testcase name="testSerializeConfig" classname="griffon.util.ConfigReaderTests" time="0.169"/>
  <testcase name="testConfigTokensAsStrings" classname="griffon.util.ConfigReaderTests" time="0.044"/>
  <testcase name="testEnvironmentProperties2" classname="griffon.util.ConfigReaderTests" time="0.113"/>
  <testcase name="testConfigReaderNestedValues" classname="griffon.util.ConfigReaderTests" time="0.09"/>
  <testcase name="testEnvironmentSpecificConfig" classname="griffon.util.ConfigReaderTests" time="0.223"/>
  <testcase name="testFlattenConfig" classname="griffon.util.ConfigReaderTests" time="0.091"/>
  <testcase name="testNotProperlyNestedPropertiesArePreserved" classname="griffon.util.ConfigReaderTests" time="0.007"/>
  <testcase name="testConfigInterReferencing" classname="griffon.util.ConfigReaderTests" time="0.056"/>
  <testcase name="testVariableAssignments" classname="griffon.util.ConfigReaderTests" time="0.073"/>
  <testcase name="testConfigBinding" classname="griffon.util.ConfigReaderTests" time="0.033"/>
  <testcase name="testSameElementNestingWithoutDuplication" classname="griffon.util.ConfigReaderTests" time="0.083"/>
  <system-out><![CDATA[]]></system-out>
  <system-err><![CDATA[]]></system-err>
</testsuite>
