<?xml version="1.0" encoding="UTF-8"?>
<testsuite name="griffon.util.ConfigReaderTests" tests="23" skipped="0" failures="0" errors="0" timestamp="2014-08-13T11:48:43" hostname="testing-worker-linux-11-1-1899-linux-20-32425294" time="4.061">
  <properties/>
  <testcase name="testParseProperties" classname="griffon.util.ConfigReaderTests" time="0.192"/>
  <testcase name="testToProperties" classname="griffon.util.ConfigReaderTests" time="0.997"/>
  <testcase name="testNestedConditionaBlocks" classname="griffon.util.ConfigReaderTests" time="1.123"/>
  <testcase name="testScopedPropertiesWithNesting" classname="griffon.util.ConfigReaderTests" time="0.075"/>
  <testcase name="testScopedProperties" classname="griffon.util.ConfigReaderTests" time="0.063"/>
  <testcase name="testCustomConditionalBlocks" classname="griffon.util.ConfigReaderTests" time="0.132"/>
  <testcase name="testTwoSameBlocks" classname="griffon.util.ConfigReaderTests" time="0.082"/>
  <testcase name="testConsecutiveReaderValues" classname="griffon.util.ConfigReaderTests" time="0.059"/>
  <testcase name="testScopedVariableReusage" classname="griffon.util.ConfigReaderTests" time="0.105"/>
  <testcase name="testLog4jConfiguration" classname="griffon.util.ConfigReaderTests" time="0.094"/>
  <testcase name="testSimpleProperties" classname="griffon.util.ConfigReaderTests" time="0.044"/>
  <testcase name="testConditionalOverrides" classname="griffon.util.ConfigReaderTests" time="0.132"/>
  <testcase name="testSerializeConfig" classname="griffon.util.ConfigReaderTests" time="0.171"/>
  <testcase name="testConfigTokensAsStrings" classname="griffon.util.ConfigReaderTests" time="0.046"/>
  <testcase name="testEnvironmentProperties2" classname="griffon.util.ConfigReaderTests" time="0.12"/>
  <testcase name="testConfigReaderNestedValues" classname="griffon.util.ConfigReaderTests" time="0.09"/>
  <testcase name="testEnvironmentSpecificConfig" classname="griffon.util.ConfigReaderTests" time="0.209"/>
  <testcase name="testFlattenConfig" classname="griffon.util.ConfigReaderTests" time="0.078"/>
  <testcase name="testNotProperlyNestedPropertiesArePreserved" classname="griffon.util.ConfigReaderTests" time="0.007"/>
  <testcase name="testConfigInterReferencing" classname="griffon.util.ConfigReaderTests" time="0.056"/>
  <testcase name="testVariableAssignments" classname="griffon.util.ConfigReaderTests" time="0.068"/>
  <testcase name="testConfigBinding" classname="griffon.util.ConfigReaderTests" time="0.029"/>
  <testcase name="testSameElementNestingWithoutDuplication" classname="griffon.util.ConfigReaderTests" time="0.071"/>
  <system-out><![CDATA[]]></system-out>
  <system-err><![CDATA[]]></system-err>
</testsuite>
