<?xml version="1.0" encoding="UTF-8"?>
<testsuite name="org.codehaus.griffon.runtime.util.GroovyAwareCompositeResourceBundleBuilder2Spec" tests="1" skipped="0" failures="0" errors="0" timestamp="2015-05-13T20:48:48" hostname="testing-worker-linux-968a87ce-2-11731-linux-16-62461521" time="1.49">
  <properties/>
  <testcase name="Load Groovy and properties bundles" classname="org.codehaus.griffon.runtime.util.GroovyAwareCompositeResourceBundleBuilder2Spec" time="1.49"/>
  <system-out><![CDATA[]]></system-out>
  <system-err><![CDATA[]]></system-err>
</testsuite>
