<?xml version="1.0" encoding="UTF-8"?>
<testsuite name="griffon.util.ConfigReaderTests" tests="23" skipped="0" failures="0" errors="0" timestamp="2014-11-20T16:06:35" hostname="testing-worker-linux-4-2-26826-linux-12-41614511" time="2.614">
  <properties/>
  <testcase name="testParseProperties" classname="griffon.util.ConfigReaderTests" time="0.128"/>
  <testcase name="testToProperties" classname="griffon.util.ConfigReaderTests" time="0.819"/>
  <testcase name="testNestedConditionaBlocks" classname="griffon.util.ConfigReaderTests" time="0.674"/>
  <testcase name="testScopedPropertiesWithNesting" classname="griffon.util.ConfigReaderTests" time="0.039"/>
  <testcase name="testScopedProperties" classname="griffon.util.ConfigReaderTests" time="0.033"/>
  <testcase name="testCustomConditionalBlocks" classname="griffon.util.ConfigReaderTests" time="0.072"/>
  <testcase name="testTwoSameBlocks" classname="griffon.util.ConfigReaderTests" time="0.039"/>
  <testcase name="testConsecutiveReaderValues" classname="griffon.util.ConfigReaderTests" time="0.03"/>
  <testcase name="testScopedVariableReusage" classname="griffon.util.ConfigReaderTests" time="0.046"/>
  <testcase name="testLog4jConfiguration" classname="griffon.util.ConfigReaderTests" time="0.068"/>
  <testcase name="testSimpleProperties" classname="griffon.util.ConfigReaderTests" time="0.036"/>
  <testcase name="testConditionalOverrides" classname="griffon.util.ConfigReaderTests" time="0.059"/>
  <testcase name="testSerializeConfig" classname="griffon.util.ConfigReaderTests" time="0.093"/>
  <testcase name="testConfigTokensAsStrings" classname="griffon.util.ConfigReaderTests" time="0.037"/>
  <testcase name="testEnvironmentProperties2" classname="griffon.util.ConfigReaderTests" time="0.081"/>
  <testcase name="testConfigReaderNestedValues" classname="griffon.util.ConfigReaderTests" time="0.049"/>
  <testcase name="testEnvironmentSpecificConfig" classname="griffon.util.ConfigReaderTests" time="0.137"/>
  <testcase name="testFlattenConfig" classname="griffon.util.ConfigReaderTests" time="0.048"/>
  <testcase name="testNotProperlyNestedPropertiesArePreserved" classname="griffon.util.ConfigReaderTests" time="0.006"/>
  <testcase name="testConfigInterReferencing" classname="griffon.util.ConfigReaderTests" time="0.036"/>
  <testcase name="testVariableAssignments" classname="griffon.util.ConfigReaderTests" time="0.028"/>
  <testcase name="testConfigBinding" classname="griffon.util.ConfigReaderTests" time="0.015"/>
  <testcase name="testSameElementNestingWithoutDuplication" classname="griffon.util.ConfigReaderTests" time="0.031"/>
  <system-out><![CDATA[]]></system-out>
  <system-err><![CDATA[]]></system-err>
</testsuite>
