<?xml version="1.0" encoding="UTF-8"?>
<testsuite name="griffon.util.ConfigReaderTests" tests="23" skipped="0" failures="0" errors="0" timestamp="2014-07-10T13:11:05" hostname="testing-worker-linux-8-2-20601-linux-12-29597711" time="3.596">
  <properties/>
  <testcase name="testParseProperties" classname="griffon.util.ConfigReaderTests" time="0.055"/>
  <testcase name="testToProperties" classname="griffon.util.ConfigReaderTests" time="0.202"/>
  <testcase name="testNestedConditionaBlocks" classname="griffon.util.ConfigReaderTests" time="1.187"/>
  <testcase name="testScopedPropertiesWithNesting" classname="griffon.util.ConfigReaderTests" time="0.081"/>
  <testcase name="testScopedProperties" classname="griffon.util.ConfigReaderTests" time="0.074"/>
  <testcase name="testCustomConditionalBlocks" classname="griffon.util.ConfigReaderTests" time="0.179"/>
  <testcase name="testTwoSameBlocks" classname="griffon.util.ConfigReaderTests" time="0.128"/>
  <testcase name="testConsecutiveReaderValues" classname="griffon.util.ConfigReaderTests" time="0.095"/>
  <testcase name="testScopedVariableReusage" classname="griffon.util.ConfigReaderTests" time="0.134"/>
  <testcase name="testLog4jConfiguration" classname="griffon.util.ConfigReaderTests" time="0.116"/>
  <testcase name="testSimpleProperties" classname="griffon.util.ConfigReaderTests" time="0.05"/>
  <testcase name="testConditionalOverrides" classname="griffon.util.ConfigReaderTests" time="0.154"/>
  <testcase name="testSerializeConfig" classname="griffon.util.ConfigReaderTests" time="0.211"/>
  <testcase name="testConfigTokensAsStrings" classname="griffon.util.ConfigReaderTests" time="0.053"/>
  <testcase name="testEnvironmentProperties2" classname="griffon.util.ConfigReaderTests" time="0.134"/>
  <testcase name="testConfigReaderNestedValues" classname="griffon.util.ConfigReaderTests" time="0.099"/>
  <testcase name="testEnvironmentSpecificConfig" classname="griffon.util.ConfigReaderTests" time="0.263"/>
  <testcase name="testFlattenConfig" classname="griffon.util.ConfigReaderTests" time="0.093"/>
  <testcase name="testNotProperlyNestedPropertiesArePreserved" classname="griffon.util.ConfigReaderTests" time="0.005"/>
  <testcase name="testConfigInterReferencing" classname="griffon.util.ConfigReaderTests" time="0.064"/>
  <testcase name="testVariableAssignments" classname="griffon.util.ConfigReaderTests" time="0.081"/>
  <testcase name="testConfigBinding" classname="griffon.util.ConfigReaderTests" time="0.032"/>
  <testcase name="testSameElementNestingWithoutDuplication" classname="griffon.util.ConfigReaderTests" time="0.087"/>
  <system-out><![CDATA[]]></system-out>
  <system-err><![CDATA[]]></system-err>
</testsuite>
