<?xml version="1.0" encoding="UTF-8"?>
<testsuite name="griffon.util.ConfigReaderTests" tests="23" skipped="0" failures="0" errors="0" timestamp="2015-06-03T17:20:41" hostname="testing-worker-linux-f25aadab-2-32112-linux-13-65277949" time="4.364">
  <properties/>
  <testcase name="testParseProperties" classname="griffon.util.ConfigReaderTests" time="0.253"/>
  <testcase name="testToProperties" classname="griffon.util.ConfigReaderTests" time="2.084"/>
  <testcase name="testNestedConditionaBlocks" classname="griffon.util.ConfigReaderTests" time="0.808"/>
  <testcase name="testScopedPropertiesWithNesting" classname="griffon.util.ConfigReaderTests" time="0.046"/>
  <testcase name="testScopedProperties" classname="griffon.util.ConfigReaderTests" time="0.028"/>
  <testcase name="testCustomConditionalBlocks" classname="griffon.util.ConfigReaderTests" time="0.067"/>
  <testcase name="testTwoSameBlocks" classname="griffon.util.ConfigReaderTests" time="0.058"/>
  <testcase name="testConsecutiveReaderValues" classname="griffon.util.ConfigReaderTests" time="0.048"/>
  <testcase name="testScopedVariableReusage" classname="griffon.util.ConfigReaderTests" time="0.06"/>
  <testcase name="testLog4jConfiguration" classname="griffon.util.ConfigReaderTests" time="0.067"/>
  <testcase name="testSimpleProperties" classname="griffon.util.ConfigReaderTests" time="0.024"/>
  <testcase name="testConditionalOverrides" classname="griffon.util.ConfigReaderTests" time="0.076"/>
  <testcase name="testSerializeConfig" classname="griffon.util.ConfigReaderTests" time="0.113"/>
  <testcase name="testConfigTokensAsStrings" classname="griffon.util.ConfigReaderTests" time="0.025"/>
  <testcase name="testEnvironmentProperties2" classname="griffon.util.ConfigReaderTests" time="0.058"/>
  <testcase name="testConfigReaderNestedValues" classname="griffon.util.ConfigReaderTests" time="0.059"/>
  <testcase name="testEnvironmentSpecificConfig" classname="griffon.util.ConfigReaderTests" time="0.127"/>
  <testcase name="testFlattenConfig" classname="griffon.util.ConfigReaderTests" time="0.076"/>
  <testcase name="testNotProperlyNestedPropertiesArePreserved" classname="griffon.util.ConfigReaderTests" time="0.006"/>
  <testcase name="testConfigInterReferencing" classname="griffon.util.ConfigReaderTests" time="0.055"/>
  <testcase name="testVariableAssignments" classname="griffon.util.ConfigReaderTests" time="0.058"/>
  <testcase name="testConfigBinding" classname="griffon.util.ConfigReaderTests" time="0.079"/>
  <testcase name="testSameElementNestingWithoutDuplication" classname="griffon.util.ConfigReaderTests" time="0.074"/>
  <system-out><![CDATA[]]></system-out>
  <system-err><![CDATA[]]></system-err>
</testsuite>
