<?xml version="1.0" encoding="UTF-8"?>
<testsuite name="org.codehaus.griffon.runtime.util.GroovyAwareCompositeResourceBundleBuilder2Spec" tests="1" skipped="0" failures="0" errors="0" timestamp="2014-06-20T21:59:11" hostname="testing-worker-linux-3-2-7466-linux-7-28080196" time="0.362">
  <properties/>
  <testcase name="Load Groovy and properties bundles" classname="org.codehaus.griffon.runtime.util.GroovyAwareCompositeResourceBundleBuilder2Spec" time="0.362"/>
  <system-out><![CDATA[TEST
TEST
]]></system-out>
  <system-err><![CDATA[]]></system-err>
</testsuite>
