<?xml version="1.0" encoding="UTF-8"?>
<testsuite name="org.codehaus.griffon.runtime.util.GroovyAwareCompositeResourceBundleBuilder2Spec" tests="1" failures="0" errors="0" timestamp="2014-03-05T20:09:01" hostname="testing-worker-linux-8-1-23366-linux-6-20159515" time="3.208">
  <properties/>
  <testcase name="Load Groovy and properties bundles" classname="org.codehaus.griffon.runtime.util.GroovyAwareCompositeResourceBundleBuilder2Spec" time="3.208"/>
  <system-out><![CDATA[TEST
TEST
]]></system-out>
  <system-err><![CDATA[]]></system-err>
</testsuite>
