<?xml version="1.0" encoding="UTF-8"?>
<testsuite name="griffon.util.ConfigReaderTests" tests="23" skipped="0" failures="0" errors="0" timestamp="2015-02-14T23:57:03" hostname="testing-worker-linux-027f0490-2-7771-linux-10-50792734" time="1.584">
  <properties/>
  <testcase name="testParseProperties" classname="griffon.util.ConfigReaderTests" time="0.039"/>
  <testcase name="testToProperties" classname="griffon.util.ConfigReaderTests" time="0.079"/>
  <testcase name="testNestedConditionaBlocks" classname="griffon.util.ConfigReaderTests" time="0.449"/>
  <testcase name="testScopedPropertiesWithNesting" classname="griffon.util.ConfigReaderTests" time="0.029"/>
  <testcase name="testScopedProperties" classname="griffon.util.ConfigReaderTests" time="0.025"/>
  <testcase name="testCustomConditionalBlocks" classname="griffon.util.ConfigReaderTests" time="0.054"/>
  <testcase name="testTwoSameBlocks" classname="griffon.util.ConfigReaderTests" time="0.039"/>
  <testcase name="testConsecutiveReaderValues" classname="griffon.util.ConfigReaderTests" time="0.041"/>
  <testcase name="testScopedVariableReusage" classname="griffon.util.ConfigReaderTests" time="0.086"/>
  <testcase name="testLog4jConfiguration" classname="griffon.util.ConfigReaderTests" time="0.067"/>
  <testcase name="testSimpleProperties" classname="griffon.util.ConfigReaderTests" time="0.018"/>
  <testcase name="testConditionalOverrides" classname="griffon.util.ConfigReaderTests" time="0.121"/>
  <testcase name="testSerializeConfig" classname="griffon.util.ConfigReaderTests" time="0.16"/>
  <testcase name="testConfigTokensAsStrings" classname="griffon.util.ConfigReaderTests" time="0.031"/>
  <testcase name="testEnvironmentProperties2" classname="griffon.util.ConfigReaderTests" time="0.059"/>
  <testcase name="testConfigReaderNestedValues" classname="griffon.util.ConfigReaderTests" time="0.048"/>
  <testcase name="testEnvironmentSpecificConfig" classname="griffon.util.ConfigReaderTests" time="0.082"/>
  <testcase name="testFlattenConfig" classname="griffon.util.ConfigReaderTests" time="0.037"/>
  <testcase name="testNotProperlyNestedPropertiesArePreserved" classname="griffon.util.ConfigReaderTests" time="0.003"/>
  <testcase name="testConfigInterReferencing" classname="griffon.util.ConfigReaderTests" time="0.034"/>
  <testcase name="testVariableAssignments" classname="griffon.util.ConfigReaderTests" time="0.028"/>
  <testcase name="testConfigBinding" classname="griffon.util.ConfigReaderTests" time="0.015"/>
  <testcase name="testSameElementNestingWithoutDuplication" classname="griffon.util.ConfigReaderTests" time="0.035"/>
  <system-out><![CDATA[]]></system-out>
  <system-err><![CDATA[]]></system-err>
</testsuite>
