<?xml version="1.0" encoding="UTF-8"?>
<testsuite name="griffon.util.BindUtilsTest" tests="3" skipped="0" failures="0" errors="0" timestamp="2016-06-14T15:43:44" hostname="testing-gce-a9016c96-9b9e-41b7-a607-188e795cb1a9.c.travis-ci-prod-3.internal" time="0.036">
  <properties/>
  <testcase name="testNoTargetProperty" classname="griffon.util.BindUtilsTest" time="0.022"/>
  <testcase name="testNoSourceProperty" classname="griffon.util.BindUtilsTest" time="0.003"/>
  <testcase name="testAllOptions" classname="griffon.util.BindUtilsTest" time="0.011"/>
  <system-out><![CDATA[]]></system-out>
  <system-err><![CDATA[Jun 14, 2016 3:43:44 PM groovy.util.FactoryBuilderSupport createNode
WARNING: Factory for name 'bind' returned null
Jun 14, 2016 3:43:44 PM groovy.util.FactoryBuilderSupport createNode
WARNING: Factory for name 'bind' returned null
Jun 14, 2016 3:43:44 PM groovy.util.FactoryBuilderSupport createNode
WARNING: Factory for name 'bind' returned null
]]></system-err>
</testsuite>
