<?xml version="1.0" encoding="UTF-8"?>
<testsuite name="griffon.util.ConfigReaderTests" tests="23" skipped="0" failures="0" errors="0" timestamp="2015-08-07T18:35:42" hostname="testing-worker-linux-44a99d76-2-8313-linux-14-74613499" time="2.26">
  <properties/>
  <testcase name="testParseProperties" classname="griffon.util.ConfigReaderTests" time="0.095"/>
  <testcase name="testToProperties" classname="griffon.util.ConfigReaderTests" time="1.019"/>
  <testcase name="testNestedConditionaBlocks" classname="griffon.util.ConfigReaderTests" time="0.449"/>
  <testcase name="testScopedPropertiesWithNesting" classname="griffon.util.ConfigReaderTests" time="0.028"/>
  <testcase name="testScopedProperties" classname="griffon.util.ConfigReaderTests" time="0.024"/>
  <testcase name="testCustomConditionalBlocks" classname="griffon.util.ConfigReaderTests" time="0.049"/>
  <testcase name="testTwoSameBlocks" classname="griffon.util.ConfigReaderTests" time="0.033"/>
  <testcase name="testConsecutiveReaderValues" classname="griffon.util.ConfigReaderTests" time="0.027"/>
  <testcase name="testScopedVariableReusage" classname="griffon.util.ConfigReaderTests" time="0.048"/>
  <testcase name="testLog4jConfiguration" classname="griffon.util.ConfigReaderTests" time="0.034"/>
  <testcase name="testSimpleProperties" classname="griffon.util.ConfigReaderTests" time="0.018"/>
  <testcase name="testConditionalOverrides" classname="griffon.util.ConfigReaderTests" time="0.048"/>
  <testcase name="testSerializeConfig" classname="griffon.util.ConfigReaderTests" time="0.067"/>
  <testcase name="testConfigTokensAsStrings" classname="griffon.util.ConfigReaderTests" time="0.018"/>
  <testcase name="testEnvironmentProperties2" classname="griffon.util.ConfigReaderTests" time="0.043"/>
  <testcase name="testConfigReaderNestedValues" classname="griffon.util.ConfigReaderTests" time="0.034"/>
  <testcase name="testEnvironmentSpecificConfig" classname="griffon.util.ConfigReaderTests" time="0.087"/>
  <testcase name="testFlattenConfig" classname="griffon.util.ConfigReaderTests" time="0.033"/>
  <testcase name="testNotProperlyNestedPropertiesArePreserved" classname="griffon.util.ConfigReaderTests" time="0.003"/>
  <testcase name="testConfigInterReferencing" classname="griffon.util.ConfigReaderTests" time="0.033"/>
  <testcase name="testVariableAssignments" classname="griffon.util.ConfigReaderTests" time="0.024"/>
  <testcase name="testConfigBinding" classname="griffon.util.ConfigReaderTests" time="0.012"/>
  <testcase name="testSameElementNestingWithoutDuplication" classname="griffon.util.ConfigReaderTests" time="0.027"/>
  <system-out><![CDATA[]]></system-out>
  <system-err><![CDATA[]]></system-err>
</testsuite>
