<?xml version="1.0" encoding="UTF-8"?>
<testsuite name="griffon.util.ConfigReaderTests" tests="23" skipped="0" failures="0" errors="0" timestamp="2014-08-26T19:18:09" hostname="testing-worker-linux-5-1-1654-linux-1-33622858" time="4.506">
  <properties/>
  <testcase name="testParseProperties" classname="griffon.util.ConfigReaderTests" time="0.092"/>
  <testcase name="testToProperties" classname="griffon.util.ConfigReaderTests" time="0.278"/>
  <testcase name="testNestedConditionaBlocks" classname="griffon.util.ConfigReaderTests" time="1.622"/>
  <testcase name="testScopedPropertiesWithNesting" classname="griffon.util.ConfigReaderTests" time="0.094"/>
  <testcase name="testScopedProperties" classname="griffon.util.ConfigReaderTests" time="0.07"/>
  <testcase name="testCustomConditionalBlocks" classname="griffon.util.ConfigReaderTests" time="0.171"/>
  <testcase name="testTwoSameBlocks" classname="griffon.util.ConfigReaderTests" time="0.116"/>
  <testcase name="testConsecutiveReaderValues" classname="griffon.util.ConfigReaderTests" time="0.08"/>
  <testcase name="testScopedVariableReusage" classname="griffon.util.ConfigReaderTests" time="0.131"/>
  <testcase name="testLog4jConfiguration" classname="griffon.util.ConfigReaderTests" time="0.118"/>
  <testcase name="testSimpleProperties" classname="griffon.util.ConfigReaderTests" time="0.049"/>
  <testcase name="testConditionalOverrides" classname="griffon.util.ConfigReaderTests" time="0.168"/>
  <testcase name="testSerializeConfig" classname="griffon.util.ConfigReaderTests" time="0.247"/>
  <testcase name="testConfigTokensAsStrings" classname="griffon.util.ConfigReaderTests" time="0.075"/>
  <testcase name="testEnvironmentProperties2" classname="griffon.util.ConfigReaderTests" time="0.173"/>
  <testcase name="testConfigReaderNestedValues" classname="griffon.util.ConfigReaderTests" time="0.131"/>
  <testcase name="testEnvironmentSpecificConfig" classname="griffon.util.ConfigReaderTests" time="0.298"/>
  <testcase name="testFlattenConfig" classname="griffon.util.ConfigReaderTests" time="0.156"/>
  <testcase name="testNotProperlyNestedPropertiesArePreserved" classname="griffon.util.ConfigReaderTests" time="0.014"/>
  <testcase name="testConfigInterReferencing" classname="griffon.util.ConfigReaderTests" time="0.091"/>
  <testcase name="testVariableAssignments" classname="griffon.util.ConfigReaderTests" time="0.143"/>
  <testcase name="testConfigBinding" classname="griffon.util.ConfigReaderTests" time="0.049"/>
  <testcase name="testSameElementNestingWithoutDuplication" classname="griffon.util.ConfigReaderTests" time="0.117"/>
  <system-out><![CDATA[]]></system-out>
  <system-err><![CDATA[]]></system-err>
</testsuite>
