<?xml version="1.0" encoding="UTF-8"?>
<testsuite name="griffon.builder.core.CoreBuilderCustomizerSpec" tests="4" skipped="0" failures="0" errors="0" timestamp="2015-03-16T16:05:32" hostname="testing-worker-linux-3da96de7-1-20241-linux-4-54588115" time="0.616">
  <properties/>
  <testcase name="Root node is properly configured[0]" classname="griffon.builder.core.CoreBuilderCustomizerSpec" time="0.579"/>
  <testcase name="Root node is properly configured[1]" classname="griffon.builder.core.CoreBuilderCustomizerSpec" time="0.014"/>
  <testcase name="Root node is properly configured[2]" classname="griffon.builder.core.CoreBuilderCustomizerSpec" time="0.012"/>
  <testcase name="Root node is properly configured[3]" classname="griffon.builder.core.CoreBuilderCustomizerSpec" time="0.009"/>
  <system-out><![CDATA[]]></system-out>
  <system-err><![CDATA[Mar 16, 2015 4:05:33 PM groovy.util.FactoryBuilderSupport createNode
WARNING: Factory for name 'root' returned null
Mar 16, 2015 4:05:33 PM groovy.util.FactoryBuilderSupport createNode
WARNING: Factory for name 'root' returned null
]]></system-err>
</testsuite>
