<?xml version="1.0" encoding="UTF-8"?>
<testsuite name="griffon.builder.core.CoreBuilderCustomizerSpec" tests="4" skipped="0" failures="0" errors="0" timestamp="2014-11-27T09:41:58" hostname="testing-worker-linux-9-1-5974-linux-6-42286565" time="0.573">
  <properties/>
  <testcase name="Root node is properly configured[0]" classname="griffon.builder.core.CoreBuilderCustomizerSpec" time="0.514"/>
  <testcase name="Root node is properly configured[1]" classname="griffon.builder.core.CoreBuilderCustomizerSpec" time="0.016"/>
  <testcase name="Root node is properly configured[2]" classname="griffon.builder.core.CoreBuilderCustomizerSpec" time="0.031"/>
  <testcase name="Root node is properly configured[3]" classname="griffon.builder.core.CoreBuilderCustomizerSpec" time="0.01"/>
  <system-out><![CDATA[]]></system-out>
  <system-err><![CDATA[Nov 27, 2014 9:41:59 AM groovy.util.FactoryBuilderSupport createNode
WARNING: Factory for name 'root' returned null
Nov 27, 2014 9:41:59 AM groovy.util.FactoryBuilderSupport createNode
WARNING: Factory for name 'root' returned null
]]></system-err>
</testsuite>
