<?xml version="1.0" encoding="UTF-8"?>
<testsuite name="griffon.util.ConfigReaderTests" tests="23" skipped="0" failures="0" errors="0" timestamp="2015-08-04T13:34:42" hostname="testing-worker-linux-027f0490-1-16455-linux-15-74062201" time="2.207">
  <properties/>
  <testcase name="testParseProperties" classname="griffon.util.ConfigReaderTests" time="0.103"/>
  <testcase name="testToProperties" classname="griffon.util.ConfigReaderTests" time="0.948"/>
  <testcase name="testNestedConditionaBlocks" classname="griffon.util.ConfigReaderTests" time="0.427"/>
  <testcase name="testScopedPropertiesWithNesting" classname="griffon.util.ConfigReaderTests" time="0.028"/>
  <testcase name="testScopedProperties" classname="griffon.util.ConfigReaderTests" time="0.024"/>
  <testcase name="testCustomConditionalBlocks" classname="griffon.util.ConfigReaderTests" time="0.049"/>
  <testcase name="testTwoSameBlocks" classname="griffon.util.ConfigReaderTests" time="0.034"/>
  <testcase name="testConsecutiveReaderValues" classname="griffon.util.ConfigReaderTests" time="0.027"/>
  <testcase name="testScopedVariableReusage" classname="griffon.util.ConfigReaderTests" time="0.045"/>
  <testcase name="testLog4jConfiguration" classname="griffon.util.ConfigReaderTests" time="0.036"/>
  <testcase name="testSimpleProperties" classname="griffon.util.ConfigReaderTests" time="0.018"/>
  <testcase name="testConditionalOverrides" classname="griffon.util.ConfigReaderTests" time="0.05"/>
  <testcase name="testSerializeConfig" classname="griffon.util.ConfigReaderTests" time="0.07"/>
  <testcase name="testConfigTokensAsStrings" classname="griffon.util.ConfigReaderTests" time="0.021"/>
  <testcase name="testEnvironmentProperties2" classname="griffon.util.ConfigReaderTests" time="0.058"/>
  <testcase name="testConfigReaderNestedValues" classname="griffon.util.ConfigReaderTests" time="0.04"/>
  <testcase name="testEnvironmentSpecificConfig" classname="griffon.util.ConfigReaderTests" time="0.081"/>
  <testcase name="testFlattenConfig" classname="griffon.util.ConfigReaderTests" time="0.031"/>
  <testcase name="testNotProperlyNestedPropertiesArePreserved" classname="griffon.util.ConfigReaderTests" time="0.005"/>
  <testcase name="testConfigInterReferencing" classname="griffon.util.ConfigReaderTests" time="0.035"/>
  <testcase name="testVariableAssignments" classname="griffon.util.ConfigReaderTests" time="0.026"/>
  <testcase name="testConfigBinding" classname="griffon.util.ConfigReaderTests" time="0.013"/>
  <testcase name="testSameElementNestingWithoutDuplication" classname="griffon.util.ConfigReaderTests" time="0.028"/>
  <system-out><![CDATA[]]></system-out>
  <system-err><![CDATA[]]></system-err>
</testsuite>
