<?xml version="1.0" encoding="UTF-8"?>
<testsuite name="org.codehaus.griffon.runtime.util.GroovyAwareCompositeResourceBundleBuilder2Spec" tests="1" skipped="0" failures="0" errors="0" timestamp="2016-06-25T19:01:10" hostname="testing-gce-5591e47c-7f32-483f-97e0-e3daf6a65c7e.c.travis-ci-prod-4.internal" time="0.938">
  <properties/>
  <testcase name="Load Groovy and properties bundles" classname="org.codehaus.griffon.runtime.util.GroovyAwareCompositeResourceBundleBuilder2Spec" time="0.938"/>
  <system-out><![CDATA[]]></system-out>
  <system-err><![CDATA[]]></system-err>
</testsuite>
