<?xml version="1.0" encoding="UTF-8"?>
<testsuite name="griffon.util.ConfigReaderTests" tests="23" skipped="0" failures="0" errors="0" timestamp="2014-07-21T19:19:18" hostname="testing-worker-linux-10-1-30308-linux-13-30487792" time="5.443">
  <properties/>
  <testcase name="testParseProperties" classname="griffon.util.ConfigReaderTests" time="0.319"/>
  <testcase name="testToProperties" classname="griffon.util.ConfigReaderTests" time="1.433"/>
  <testcase name="testNestedConditionaBlocks" classname="griffon.util.ConfigReaderTests" time="1.418"/>
  <testcase name="testScopedPropertiesWithNesting" classname="griffon.util.ConfigReaderTests" time="0.091"/>
  <testcase name="testScopedProperties" classname="griffon.util.ConfigReaderTests" time="0.071"/>
  <testcase name="testCustomConditionalBlocks" classname="griffon.util.ConfigReaderTests" time="0.188"/>
  <testcase name="testTwoSameBlocks" classname="griffon.util.ConfigReaderTests" time="0.112"/>
  <testcase name="testConsecutiveReaderValues" classname="griffon.util.ConfigReaderTests" time="0.085"/>
  <testcase name="testScopedVariableReusage" classname="griffon.util.ConfigReaderTests" time="0.128"/>
  <testcase name="testLog4jConfiguration" classname="griffon.util.ConfigReaderTests" time="0.121"/>
  <testcase name="testSimpleProperties" classname="griffon.util.ConfigReaderTests" time="0.059"/>
  <testcase name="testConditionalOverrides" classname="griffon.util.ConfigReaderTests" time="0.218"/>
  <testcase name="testSerializeConfig" classname="griffon.util.ConfigReaderTests" time="0.204"/>
  <testcase name="testConfigTokensAsStrings" classname="griffon.util.ConfigReaderTests" time="0.052"/>
  <testcase name="testEnvironmentProperties2" classname="griffon.util.ConfigReaderTests" time="0.131"/>
  <testcase name="testConfigReaderNestedValues" classname="griffon.util.ConfigReaderTests" time="0.12"/>
  <testcase name="testEnvironmentSpecificConfig" classname="griffon.util.ConfigReaderTests" time="0.268"/>
  <testcase name="testFlattenConfig" classname="griffon.util.ConfigReaderTests" time="0.098"/>
  <testcase name="testNotProperlyNestedPropertiesArePreserved" classname="griffon.util.ConfigReaderTests" time="0.013"/>
  <testcase name="testConfigInterReferencing" classname="griffon.util.ConfigReaderTests" time="0.073"/>
  <testcase name="testVariableAssignments" classname="griffon.util.ConfigReaderTests" time="0.079"/>
  <testcase name="testConfigBinding" classname="griffon.util.ConfigReaderTests" time="0.036"/>
  <testcase name="testSameElementNestingWithoutDuplication" classname="griffon.util.ConfigReaderTests" time="0.093"/>
  <system-out><![CDATA[]]></system-out>
  <system-err><![CDATA[]]></system-err>
</testsuite>
