<?xml version="1.0" encoding="UTF-8"?>
<testsuite name="griffon.builder.core.CoreBuilderCustomizerSpec" tests="4" skipped="0" failures="0" errors="0" timestamp="2015-01-15T15:34:27" hostname="testing-worker-linux-5-2-1931-linux-4-47128543" time="0.553">
  <properties/>
  <testcase name="Root node is properly configured[0]" classname="griffon.builder.core.CoreBuilderCustomizerSpec" time="0.489"/>
  <testcase name="Root node is properly configured[1]" classname="griffon.builder.core.CoreBuilderCustomizerSpec" time="0.019"/>
  <testcase name="Root node is properly configured[2]" classname="griffon.builder.core.CoreBuilderCustomizerSpec" time="0.032"/>
  <testcase name="Root node is properly configured[3]" classname="griffon.builder.core.CoreBuilderCustomizerSpec" time="0.011"/>
  <system-out><![CDATA[]]></system-out>
  <system-err><![CDATA[Jan 15, 2015 3:34:27 PM groovy.util.FactoryBuilderSupport createNode
WARNING: Factory for name 'root' returned null
Jan 15, 2015 3:34:27 PM groovy.util.FactoryBuilderSupport createNode
WARNING: Factory for name 'root' returned null
]]></system-err>
</testsuite>
