<?xml version="1.0" encoding="UTF-8"?>
<testsuite name="griffon.util.ConfigReaderTests" tests="23" skipped="0" failures="0" errors="0" timestamp="2014-06-27T11:28:00" hostname="testing-worker-linux-12-1-31924-linux-10-28581665" time="2.924">
  <properties/>
  <testcase name="testParseProperties" classname="griffon.util.ConfigReaderTests" time="0.05"/>
  <testcase name="testToProperties" classname="griffon.util.ConfigReaderTests" time="0.181"/>
  <testcase name="testNestedConditionaBlocks" classname="griffon.util.ConfigReaderTests" time="1.011"/>
  <testcase name="testScopedPropertiesWithNesting" classname="griffon.util.ConfigReaderTests" time="0.068"/>
  <testcase name="testScopedProperties" classname="griffon.util.ConfigReaderTests" time="0.06"/>
  <testcase name="testCustomConditionalBlocks" classname="griffon.util.ConfigReaderTests" time="0.143"/>
  <testcase name="testTwoSameBlocks" classname="griffon.util.ConfigReaderTests" time="0.088"/>
  <testcase name="testConsecutiveReaderValues" classname="griffon.util.ConfigReaderTests" time="0.063"/>
  <testcase name="testScopedVariableReusage" classname="griffon.util.ConfigReaderTests" time="0.108"/>
  <testcase name="testLog4jConfiguration" classname="griffon.util.ConfigReaderTests" time="0.094"/>
  <testcase name="testSimpleProperties" classname="griffon.util.ConfigReaderTests" time="0.038"/>
  <testcase name="testConditionalOverrides" classname="griffon.util.ConfigReaderTests" time="0.132"/>
  <testcase name="testSerializeConfig" classname="griffon.util.ConfigReaderTests" time="0.161"/>
  <testcase name="testConfigTokensAsStrings" classname="griffon.util.ConfigReaderTests" time="0.041"/>
  <testcase name="testEnvironmentProperties2" classname="griffon.util.ConfigReaderTests" time="0.102"/>
  <testcase name="testConfigReaderNestedValues" classname="griffon.util.ConfigReaderTests" time="0.077"/>
  <testcase name="testEnvironmentSpecificConfig" classname="griffon.util.ConfigReaderTests" time="0.205"/>
  <testcase name="testFlattenConfig" classname="griffon.util.ConfigReaderTests" time="0.075"/>
  <testcase name="testNotProperlyNestedPropertiesArePreserved" classname="griffon.util.ConfigReaderTests" time="0.004"/>
  <testcase name="testConfigInterReferencing" classname="griffon.util.ConfigReaderTests" time="0.05"/>
  <testcase name="testVariableAssignments" classname="griffon.util.ConfigReaderTests" time="0.061"/>
  <testcase name="testConfigBinding" classname="griffon.util.ConfigReaderTests" time="0.026"/>
  <testcase name="testSameElementNestingWithoutDuplication" classname="griffon.util.ConfigReaderTests" time="0.069"/>
  <system-out><![CDATA[]]></system-out>
  <system-err><![CDATA[]]></system-err>
</testsuite>
