<?xml version="1.0" encoding="UTF-8"?>
<testsuite name="griffon.util.ConfigReaderTests" tests="23" failures="0" errors="0" timestamp="2014-03-27T20:03:23" hostname="testing-worker-linux-6-1-22332-linux-19-21706412" time="3.768">
  <properties/>
  <testcase name="testParseProperties" classname="griffon.util.ConfigReaderTests" time="0.059"/>
  <testcase name="testToProperties" classname="griffon.util.ConfigReaderTests" time="0.194"/>
  <testcase name="testNestedConditionaBlocks" classname="griffon.util.ConfigReaderTests" time="1.311"/>
  <testcase name="testScopedPropertiesWithNesting" classname="griffon.util.ConfigReaderTests" time="0.096"/>
  <testcase name="testScopedProperties" classname="griffon.util.ConfigReaderTests" time="0.163"/>
  <testcase name="testCustomConditionalBlocks" classname="griffon.util.ConfigReaderTests" time="0.154"/>
  <testcase name="testTwoSameBlocks" classname="griffon.util.ConfigReaderTests" time="0.102"/>
  <testcase name="testConsecutiveReaderValues" classname="griffon.util.ConfigReaderTests" time="0.075"/>
  <testcase name="testScopedVariableReusage" classname="griffon.util.ConfigReaderTests" time="0.125"/>
  <testcase name="testLog4jConfiguration" classname="griffon.util.ConfigReaderTests" time="0.113"/>
  <testcase name="testSimpleProperties" classname="griffon.util.ConfigReaderTests" time="0.046"/>
  <testcase name="testConditionalOverrides" classname="griffon.util.ConfigReaderTests" time="0.167"/>
  <testcase name="testSerializeConfig" classname="griffon.util.ConfigReaderTests" time="0.206"/>
  <testcase name="testConfigTokensAsStrings" classname="griffon.util.ConfigReaderTests" time="0.048"/>
  <testcase name="testEnvironmentProperties2" classname="griffon.util.ConfigReaderTests" time="0.128"/>
  <testcase name="testConfigReaderNestedValues" classname="griffon.util.ConfigReaderTests" time="0.1"/>
  <testcase name="testEnvironmentSpecificConfig" classname="griffon.util.ConfigReaderTests" time="0.254"/>
  <testcase name="testFlattenConfig" classname="griffon.util.ConfigReaderTests" time="0.094"/>
  <testcase name="testNotProperlyNestedPropertiesArePreserved" classname="griffon.util.ConfigReaderTests" time="0.005"/>
  <testcase name="testConfigInterReferencing" classname="griffon.util.ConfigReaderTests" time="0.097"/>
  <testcase name="testVariableAssignments" classname="griffon.util.ConfigReaderTests" time="0.091"/>
  <testcase name="testConfigBinding" classname="griffon.util.ConfigReaderTests" time="0.034"/>
  <testcase name="testSameElementNestingWithoutDuplication" classname="griffon.util.ConfigReaderTests" time="0.089"/>
  <system-out><![CDATA[]]></system-out>
  <system-err><![CDATA[]]></system-err>
</testsuite>
