<?xml version="1.0" encoding="UTF-8"?>
<testsuite name="griffon.util.Xml2GroovySpec" tests="11" skipped="0" failures="6" errors="0" timestamp="2014-12-24T21:44:40" hostname="testing-worker-linux-7-2-28411-linux-13-45058067" time="0.148">
  <properties/>
  <testcase name="Parse application.xml from file" classname="griffon.util.Xml2GroovySpec" time="0.047">
    <failure message="Condition not satisfied:&#10;&#10;expected.trim() == output.trim() || expected8.trim() == output.trim()&#10;|        |      |  |      |      |  |         |      |  |      |&#10;|        |      |  |      |      |  |         |      |  |      application(title: app.config.application.title, pack: true) {&#10;|        |      |  |      |      |  |         |      |  |          actions {&#10;|        |      |  |      |      |  |         |      |  |              action(name: 'Click', id: 'clickAction', closure: { controller.click(it) })&#10;|        |      |  |      |      |  |         |      |  |          }&#10;|        |      |  |      |      |  |         |      |  |          gridLayout(rows: 3, cols: 1)&#10;|        |      |  |      |      |  |         |      |  |          textField(columns: 20, text: bind('value', target: model), id: 'input')&#10;|        |      |  |      |      |  |         |      |  |          textField(editable: false, columns: 20, text: bind { model.value }, id: 'output')&#10;|        |      |  |      |      |  |         |      |  |          button(action: clickAction)&#10;|        |      |  |      |      |  |         |      |  |      }&#10;|        |      |  |      |      |  |         |      |  application(title: app.config.application.title, pack: true) {&#10;|        |      |  |      |      |  |         |      |      actions {&#10;|        |      |  |      |      |  |         |      |          action(name: 'Click', id: 'clickAction', closure: { controller.click(it) })&#10;|        |      |  |      |      |  |         |      |      }&#10;|        |      |  |      |      |  |         |      |      gridLayout(rows: 3, cols: 1)&#10;|        |      |  |      |      |  |         |      |      textField(columns: 20, text: bind('value', target: model), id: 'input')&#10;|        |      |  |      |      |  |         |      |      textField(editable: false, columns: 20, text: bind { model.value }, id: 'output')&#10;|        |      |  |      |      |  |         |      |      button(action: clickAction)&#10;|        |      |  |      |      |  |         |      |  }&#10;|        |      |  |      |      |  |         |      false&#10;|        |      |  |      |      |  |         |      620 differences (38% similarity)&#10;|        |      |  |      |      |  |         |      (/*\n * Copyright 2008-2015 the origin)a(l author or authors.\n *\n * Licensed under the A)p(ache License, Version 2.0 (the &quot;License&quot;);\n * you may not use this file exce)p(t in comp)li(an)c(e with the License.\n * You m)a(y ob)t(a)i(n a c)o(py of the Lice)n(se at\n *\n *     http://www.apache.org/licenses/LICENSE-2.0\n *\n * Unless required by applicable law or agreed to in writing, software\n * distributed under the License is distributed on an &quot;AS IS&quot; BASIS,\n * WITHOUT WARRANTIES OR CONDITIONS OF ANY KIND, either express or implied.\n * See the License for the specific language governing permissions and\n * limitations under the License.\n */\napplication)(title: app.config.application.title, pack: true) {\n    actions {\n        action(name: 'Click', id: 'clickAction', closure: { controller.click(it) })\n    }\n    gridLayout(rows: 3, cols: 1)\n    textField(columns: 20, text: bind('value', target: model), id: 'input')\n    textField(editable: false, columns: 20, text: bind { model.value }, id: 'output')\n    button(action: clickAction)\n}&#10;|        |      |  |      |      |  |         |      (---~---------------------------------)a(---------------------~---~-----------------------)p(-------------------------------------------~---------------------------------)p(---------)li(--)c(--------------------~--------)a(----)t(-)i(-----)o(--------------)n(------~---~--------------------------------------------------~---~-----------------------------------------------------------------------~---------------------------------------------------------------------~----------------------------------------------------------------------------~-----------------------------------------------------------------------~----------------------------------~----~-----------)(title: app.config.application.title, pack: true) {\n    actions {\n        action(name: 'Click', id: 'clickAction', closure: { controller.click(it) })\n    }\n    gridLayout(rows: 3, cols: 1)\n    textField(columns: 20, text: bind('value', target: model), id: 'input')\n    textField(editable: false, columns: 20, text: bind { model.value }, id: 'output')\n    button(action: clickAction)\n}&#10;|        |      |  |      |      |  |         /*&#10;|        |      |  |      |      |  |          * Copyright 2008-2015 the original author or authors.&#10;|        |      |  |      |      |  |          *&#10;|        |      |  |      |      |  |          * Licensed under the Apache License, Version 2.0 (the &quot;License&quot;);&#10;|        |      |  |      |      |  |          * you may not use this file except in compliance with the License.&#10;|        |      |  |      |      |  |          * You may obtain a copy of the License at&#10;|        |      |  |      |      |  |          *&#10;|        |      |  |      |      |  |          *     http://www.apache.org/licenses/LICENSE-2.0&#10;|        |      |  |      |      |  |          *&#10;|        |      |  |      |      |  |          * Unless required by applicable law or agreed to in writing, software&#10;|        |      |  |      |      |  |          * distributed under the License is distributed on an &quot;AS IS&quot; BASIS,&#10;|        |      |  |      |      |  |          * WITHOUT WARRANTIES OR CONDITIONS OF ANY KIND, either express or implied.&#10;|        |      |  |      |      |  |          * See the License for the specific language governing permissions and&#10;|        |      |  |      |      |  |          * limitations under the License.&#10;|        |      |  |      |      |  |          */&#10;|        |      |  |      |      |  |         application(title: app.config.application.title, pack: true) {&#10;|        |      |  |      |      |  |             actions {&#10;|        |      |  |      |      |  |                 action(name: 'Click', id: 'clickAction', closure: { controller.click(it) })&#10;|        |      |  |      |      |  |             }&#10;|        |      |  |      |      |  |             gridLayout(rows: 3, cols: 1)&#10;|        |      |  |      |      |  |             textField(columns: 20, text: bind('value', target: model), id: 'input')&#10;|        |      |  |      |      |  |             textField(editable: false, columns: 20, text: bind { model.value }, id: 'output')&#10;|        |      |  |      |      |  |             button(action: clickAction)&#10;|        |      |  |      |      |  |         }&#10;|        |      |  |      |      |  /*&#10;|        |      |  |      |      |   * Copyright 2008-2015 the original author or authors.&#10;|        |      |  |      |      |   *&#10;|        |      |  |      |      |   * Licensed under the Apache License, Version 2.0 (the &quot;License&quot;);&#10;|        |      |  |      |      |   * you may not use this file except in compliance with the License.&#10;|        |      |  |      |      |   * You may obtain a copy of the License at&#10;|        |      |  |      |      |   *&#10;|        |      |  |      |      |   *     http://www.apache.org/licenses/LICENSE-2.0&#10;|        |      |  |      |      |   *&#10;|        |      |  |      |      |   * Unless required by applicable law or agreed to in writing, software&#10;|        |      |  |      |      |   * distributed under the License is distributed on an &quot;AS IS&quot; BASIS,&#10;|        |      |  |      |      |   * WITHOUT WARRANTIES OR CONDITIONS OF ANY KIND, either express or implied.&#10;|        |      |  |      |      |   * See the License for the specific language governing permissions and&#10;|        |      |  |      |      |   * limitations under the License.&#10;|        |      |  |      |      |   */&#10;|        |      |  |      |      |  application(title: app.config.application.title, pack: true) {&#10;|        |      |  |      |      |      actions {&#10;|        |      |  |      |      |          action(name: 'Click', id: 'clickAction', closure: { controller.click(it) })&#10;|        |      |  |      |      |      }&#10;|        |      |  |      |      |      gridLayout(rows: 3, cols: 1)&#10;|        |      |  |      |      |      textField(columns: 20, text: bind('value', target: model), id: 'input')&#10;|        |      |  |      |      |      textField(editable: false, columns: 20, text: bind { model.value }, id: 'output')&#10;|        |      |  |      |      |      button(action: clickAction)&#10;|        |      |  |      |      |  }&#10;|        |      |  |      |      false&#10;|        |      |  |      application(title: app.config.application.title, pack: true) {&#10;|        |      |  |          actions {&#10;|        |      |  |              action(name: 'Click', id: 'clickAction', closure: { controller.click(it) })&#10;|        |      |  |          }&#10;|        |      |  |          gridLayout(rows: 3, cols: 1)&#10;|        |      |  |          textField(columns: 20, text: bind('value', target: model), id: 'input')&#10;|        |      |  |          textField(editable: false, columns: 20, text: bind { model.value }, id: 'output')&#10;|        |      |  |          button(action: clickAction)&#10;|        |      |  |      }&#10;|        |      |  application(title: app.config.application.title, pack: true) {&#10;|        |      |      actions {&#10;|        |      |          action(name: 'Click', id: 'clickAction', closure: { controller.click(it) })&#10;|        |      |      }&#10;|        |      |      gridLayout(rows: 3, cols: 1)&#10;|        |      |      textField(columns: 20, text: bind('value', target: model), id: 'input')&#10;|        |      |      textField(editable: false, columns: 20, text: bind { model.value }, id: 'output')&#10;|        |      |      button(action: clickAction)&#10;|        |      |  }&#10;|        |      false&#10;|        |      718 differences (29% similarity)&#10;|        |      (/*\n * Copyright 2008-2015 the origin)a(l author or authors.\n *\n * Licensed under the A)p(ache License, Version 2.0 (the &quot;License&quot;);\n * you may not use this file exce)p(t in comp)li(an)c(e with the License.\n * You m)a(y ob)t(a)i(n a c)o(py of the Lice)n(se at\n *\n *     http://www.apache.org/licenses/LICENSE-2.0\n *\n * Unless required by applicable law or agreed to in writing, software\n * distributed under the License is distributed on an &quot;AS IS&quot; BASIS,\n * WITHOUT WARRANTIES OR CONDITIONS OF ANY KIND, either express or implied.\n * See the License for the specific language governing permissions and\n * limitations under the License.\n */\napplication)(title: app.config.application.title, pack: true) {\n    actions {\n        action((id--): '(c)lick(Action)', (name): '(C)lick(------)', closure: { controller.click(it) })\n    }\n    gridLayout((c)o(l)s: (1), (r)o(w)s: (3))\n    textField((id: 'i)n(put'-), text: bind('value', target: model), (colum-)n(s: 20))\n    textField((i)d(------): ('-------)o(-)u(tput'--), text: bind { model.value }, (columns): (20, edi)t(able: false))\n    button(action: clickAction)\n}&#10;|        |      (---~---------------------------------)a(---------------------~---~-----------------------)p(-------------------------------------------~---------------------------------)p(---------)li(--)c(--------------------~--------)a(----)t(-)i(-----)o(--------------)n(------~---~--------------------------------------------------~---~-----------------------------------------------------------------------~---------------------------------------------------------------------~----------------------------------------------------------------------------~-----------------------------------------------------------------------~----------------------------------~----~-----------)(title: app.config.application.title, pack: true) {\n    actions {\n        action((name): '(C)lick(------)', (id--): '(c)lick(Action)', closure: { controller.click(it) })\n    }\n    gridLayout((r)o(w)s: (3), (c)o(l)s: (1))\n    textField((colum-)n(s: 20), text: bind('value', target: model), (id: 'i)n(put'-))\n    textField((e)d(itable): (false, c)o(l)u(mns: 20), text: bind { model.value }, (id-----): ('outpu-)t('----------))\n    button(action: clickAction)\n}&#10;|        /*&#10;|         * Copyright 2008-2015 the original author or authors.&#10;|         *&#10;|         * Licensed under the Apache License, Version 2.0 (the &quot;License&quot;);&#10;|         * you may not use this file except in compliance with the License.&#10;|         * You may obtain a copy of the License at&#10;|         *&#10;|         *     http://www.apache.org/licenses/LICENSE-2.0&#10;|         *&#10;|         * Unless required by applicable law or agreed to in writing, software&#10;|         * distributed under the License is distributed on an &quot;AS IS&quot; BASIS,&#10;|         * WITHOUT WARRANTIES OR CONDITIONS OF ANY KIND, either express or implied.&#10;|         * See the License for the specific language governing permissions and&#10;|         * limitations under the License.&#10;|         */&#10;|        application(title: app.config.application.title, pack: true) {&#10;|            actions {&#10;|                action(id: 'clickAction', name: 'Click', closure: { controller.click(it) })&#10;|            }&#10;|            gridLayout(cols: 1, rows: 3)&#10;|            textField(id: 'input', text: bind('value', target: model), columns: 20)&#10;|            textField(id: 'output', text: bind { model.value }, columns: 20, editable: false)&#10;|            button(action: clickAction)&#10;|        }&#10;/*&#10; * Copyright 2008-2015 the original author or authors.&#10; *&#10; * Licensed under the Apache License, Version 2.0 (the &quot;License&quot;);&#10; * you may not use this file except in compliance with the License.&#10; * You may obtain a copy of the License at&#10; *&#10; *     http://www.apache.org/licenses/LICENSE-2.0&#10; *&#10; * Unless required by applicable law or agreed to in writing, software&#10; * distributed under the License is distributed on an &quot;AS IS&quot; BASIS,&#10; * WITHOUT WARRANTIES OR CONDITIONS OF ANY KIND, either express or implied.&#10; * See the License for the specific language governing permissions and&#10; * limitations under the License.&#10; */&#10;application(title: app.config.application.title, pack: true) {&#10;    actions {&#10;        action(id: 'clickAction', name: 'Click', closure: { controller.click(it) })&#10;    }&#10;    gridLayout(cols: 1, rows: 3)&#10;    textField(id: 'input', text: bind('value', target: model), columns: 20)&#10;    textField(id: 'output', text: bind { model.value }, columns: 20, editable: false)&#10;    button(action: clickAction)&#10;}&#10;" type="org.spockframework.runtime.ConditionNotSatisfiedError">Condition not satisfied:

expected.trim() == output.trim() || expected8.trim() == output.trim()
|        |      |  |      |      |  |         |      |  |      |
|        |      |  |      |      |  |         |      |  |      application(title: app.config.application.title, pack: true) {
|        |      |  |      |      |  |         |      |  |          actions {
|        |      |  |      |      |  |         |      |  |              action(name: 'Click', id: 'clickAction', closure: { controller.click(it) })
|        |      |  |      |      |  |         |      |  |          }
|        |      |  |      |      |  |         |      |  |          gridLayout(rows: 3, cols: 1)
|        |      |  |      |      |  |         |      |  |          textField(columns: 20, text: bind('value', target: model), id: 'input')
|        |      |  |      |      |  |         |      |  |          textField(editable: false, columns: 20, text: bind { model.value }, id: 'output')
|        |      |  |      |      |  |         |      |  |          button(action: clickAction)
|        |      |  |      |      |  |         |      |  |      }
|        |      |  |      |      |  |         |      |  application(title: app.config.application.title, pack: true) {
|        |      |  |      |      |  |         |      |      actions {
|        |      |  |      |      |  |         |      |          action(name: 'Click', id: 'clickAction', closure: { controller.click(it) })
|        |      |  |      |      |  |         |      |      }
|        |      |  |      |      |  |         |      |      gridLayout(rows: 3, cols: 1)
|        |      |  |      |      |  |         |      |      textField(columns: 20, text: bind('value', target: model), id: 'input')
|        |      |  |      |      |  |         |      |      textField(editable: false, columns: 20, text: bind { model.value }, id: 'output')
|        |      |  |      |      |  |         |      |      button(action: clickAction)
|        |      |  |      |      |  |         |      |  }
|        |      |  |      |      |  |         |      false
|        |      |  |      |      |  |         |      620 differences (38% similarity)
|        |      |  |      |      |  |         |      (/*\n * Copyright 2008-2015 the origin)a(l author or authors.\n *\n * Licensed under the A)p(ache License, Version 2.0 (the &quot;License&quot;);\n * you may not use this file exce)p(t in comp)li(an)c(e with the License.\n * You m)a(y ob)t(a)i(n a c)o(py of the Lice)n(se at\n *\n *     http://www.apache.org/licenses/LICENSE-2.0\n *\n * Unless required by applicable law or agreed to in writing, software\n * distributed under the License is distributed on an &quot;AS IS&quot; BASIS,\n * WITHOUT WARRANTIES OR CONDITIONS OF ANY KIND, either express or implied.\n * See the License for the specific language governing permissions and\n * limitations under the License.\n */\napplication)(title: app.config.application.title, pack: true) {\n    actions {\n        action(name: 'Click', id: 'clickAction', closure: { controller.click(it) })\n    }\n    gridLayout(rows: 3, cols: 1)\n    textField(columns: 20, text: bind('value', target: model), id: 'input')\n    textField(editable: false, columns: 20, text: bind { model.value }, id: 'output')\n    button(action: clickAction)\n}
|        |      |  |      |      |  |         |      (---~---------------------------------)a(---------------------~---~-----------------------)p(-------------------------------------------~---------------------------------)p(---------)li(--)c(--------------------~--------)a(----)t(-)i(-----)o(--------------)n(------~---~--------------------------------------------------~---~-----------------------------------------------------------------------~---------------------------------------------------------------------~----------------------------------------------------------------------------~-----------------------------------------------------------------------~----------------------------------~----~-----------)(title: app.config.application.title, pack: true) {\n    actions {\n        action(name: 'Click', id: 'clickAction', closure: { controller.click(it) })\n    }\n    gridLayout(rows: 3, cols: 1)\n    textField(columns: 20, text: bind('value', target: model), id: 'input')\n    textField(editable: false, columns: 20, text: bind { model.value }, id: 'output')\n    button(action: clickAction)\n}
|        |      |  |      |      |  |         /*
|        |      |  |      |      |  |          * Copyright 2008-2015 the original author or authors.
|        |      |  |      |      |  |          *
|        |      |  |      |      |  |          * Licensed under the Apache License, Version 2.0 (the &quot;License&quot;);
|        |      |  |      |      |  |          * you may not use this file except in compliance with the License.
|        |      |  |      |      |  |          * You may obtain a copy of the License at
|        |      |  |      |      |  |          *
|        |      |  |      |      |  |          *     http://www.apache.org/licenses/LICENSE-2.0
|        |      |  |      |      |  |          *
|        |      |  |      |      |  |          * Unless required by applicable law or agreed to in writing, software
|        |      |  |      |      |  |          * distributed under the License is distributed on an &quot;AS IS&quot; BASIS,
|        |      |  |      |      |  |          * WITHOUT WARRANTIES OR CONDITIONS OF ANY KIND, either express or implied.
|        |      |  |      |      |  |          * See the License for the specific language governing permissions and
|        |      |  |      |      |  |          * limitations under the License.
|        |      |  |      |      |  |          */
|        |      |  |      |      |  |         application(title: app.config.application.title, pack: true) {
|        |      |  |      |      |  |             actions {
|        |      |  |      |      |  |                 action(name: 'Click', id: 'clickAction', closure: { controller.click(it) })
|        |      |  |      |      |  |             }
|        |      |  |      |      |  |             gridLayout(rows: 3, cols: 1)
|        |      |  |      |      |  |             textField(columns: 20, text: bind('value', target: model), id: 'input')
|        |      |  |      |      |  |             textField(editable: false, columns: 20, text: bind { model.value }, id: 'output')
|        |      |  |      |      |  |             button(action: clickAction)
|        |      |  |      |      |  |         }
|        |      |  |      |      |  /*
|        |      |  |      |      |   * Copyright 2008-2015 the original author or authors.
|        |      |  |      |      |   *
|        |      |  |      |      |   * Licensed under the Apache License, Version 2.0 (the &quot;License&quot;);
|        |      |  |      |      |   * you may not use this file except in compliance with the License.
|        |      |  |      |      |   * You may obtain a copy of the License at
|        |      |  |      |      |   *
|        |      |  |      |      |   *     http://www.apache.org/licenses/LICENSE-2.0
|        |      |  |      |      |   *
|        |      |  |      |      |   * Unless required by applicable law or agreed to in writing, software
|        |      |  |      |      |   * distributed under the License is distributed on an &quot;AS IS&quot; BASIS,
|        |      |  |      |      |   * WITHOUT WARRANTIES OR CONDITIONS OF ANY KIND, either express or implied.
|        |      |  |      |      |   * See the License for the specific language governing permissions and
|        |      |  |      |      |   * limitations under the License.
|        |      |  |      |      |   */
|        |      |  |      |      |  application(title: app.config.application.title, pack: true) {
|        |      |  |      |      |      actions {
|        |      |  |      |      |          action(name: 'Click', id: 'clickAction', closure: { controller.click(it) })
|        |      |  |      |      |      }
|        |      |  |      |      |      gridLayout(rows: 3, cols: 1)
|        |      |  |      |      |      textField(columns: 20, text: bind('value', target: model), id: 'input')
|        |      |  |      |      |      textField(editable: false, columns: 20, text: bind { model.value }, id: 'output')
|        |      |  |      |      |      button(action: clickAction)
|        |      |  |      |      |  }
|        |      |  |      |      false
|        |      |  |      application(title: app.config.application.title, pack: true) {
|        |      |  |          actions {
|        |      |  |              action(name: 'Click', id: 'clickAction', closure: { controller.click(it) })
|        |      |  |          }
|        |      |  |          gridLayout(rows: 3, cols: 1)
|        |      |  |          textField(columns: 20, text: bind('value', target: model), id: 'input')
|        |      |  |          textField(editable: false, columns: 20, text: bind { model.value }, id: 'output')
|        |      |  |          button(action: clickAction)
|        |      |  |      }
|        |      |  application(title: app.config.application.title, pack: true) {
|        |      |      actions {
|        |      |          action(name: 'Click', id: 'clickAction', closure: { controller.click(it) })
|        |      |      }
|        |      |      gridLayout(rows: 3, cols: 1)
|        |      |      textField(columns: 20, text: bind('value', target: model), id: 'input')
|        |      |      textField(editable: false, columns: 20, text: bind { model.value }, id: 'output')
|        |      |      button(action: clickAction)
|        |      |  }
|        |      false
|        |      718 differences (29% similarity)
|        |      (/*\n * Copyright 2008-2015 the origin)a(l author or authors.\n *\n * Licensed under the A)p(ache License, Version 2.0 (the &quot;License&quot;);\n * you may not use this file exce)p(t in comp)li(an)c(e with the License.\n * You m)a(y ob)t(a)i(n a c)o(py of the Lice)n(se at\n *\n *     http://www.apache.org/licenses/LICENSE-2.0\n *\n * Unless required by applicable law or agreed to in writing, software\n * distributed under the License is distributed on an &quot;AS IS&quot; BASIS,\n * WITHOUT WARRANTIES OR CONDITIONS OF ANY KIND, either express or implied.\n * See the License for the specific language governing permissions and\n * limitations under the License.\n */\napplication)(title: app.config.application.title, pack: true) {\n    actions {\n        action((id--): '(c)lick(Action)', (name): '(C)lick(------)', closure: { controller.click(it) })\n    }\n    gridLayout((c)o(l)s: (1), (r)o(w)s: (3))\n    textField((id: 'i)n(put'-), text: bind('value', target: model), (colum-)n(s: 20))\n    textField((i)d(------): ('-------)o(-)u(tput'--), text: bind { model.value }, (columns): (20, edi)t(able: false))\n    button(action: clickAction)\n}
|        |      (---~---------------------------------)a(---------------------~---~-----------------------)p(-------------------------------------------~---------------------------------)p(---------)li(--)c(--------------------~--------)a(----)t(-)i(-----)o(--------------)n(------~---~--------------------------------------------------~---~-----------------------------------------------------------------------~---------------------------------------------------------------------~----------------------------------------------------------------------------~-----------------------------------------------------------------------~----------------------------------~----~-----------)(title: app.config.application.title, pack: true) {\n    actions {\n        action((name): '(C)lick(------)', (id--): '(c)lick(Action)', closure: { controller.click(it) })\n    }\n    gridLayout((r)o(w)s: (3), (c)o(l)s: (1))\n    textField((colum-)n(s: 20), text: bind('value', target: model), (id: 'i)n(put'-))\n    textField((e)d(itable): (false, c)o(l)u(mns: 20), text: bind { model.value }, (id-----): ('outpu-)t('----------))\n    button(action: clickAction)\n}
|        /*
|         * Copyright 2008-2015 the original author or authors.
|         *
|         * Licensed under the Apache License, Version 2.0 (the &quot;License&quot;);
|         * you may not use this file except in compliance with the License.
|         * You may obtain a copy of the License at
|         *
|         *     http://www.apache.org/licenses/LICENSE-2.0
|         *
|         * Unless required by applicable law or agreed to in writing, software
|         * distributed under the License is distributed on an &quot;AS IS&quot; BASIS,
|         * WITHOUT WARRANTIES OR CONDITIONS OF ANY KIND, either express or implied.
|         * See the License for the specific language governing permissions and
|         * limitations under the License.
|         */
|        application(title: app.config.application.title, pack: true) {
|            actions {
|                action(id: 'clickAction', name: 'Click', closure: { controller.click(it) })
|            }
|            gridLayout(cols: 1, rows: 3)
|            textField(id: 'input', text: bind('value', target: model), columns: 20)
|            textField(id: 'output', text: bind { model.value }, columns: 20, editable: false)
|            button(action: clickAction)
|        }
/*
 * Copyright 2008-2015 the original author or authors.
 *
 * Licensed under the Apache License, Version 2.0 (the &quot;License&quot;);
 * you may not use this file except in compliance with the License.
 * You may obtain a copy of the License at
 *
 *     http://www.apache.org/licenses/LICENSE-2.0
 *
 * Unless required by applicable law or agreed to in writing, software
 * distributed under the License is distributed on an &quot;AS IS&quot; BASIS,
 * WITHOUT WARRANTIES OR CONDITIONS OF ANY KIND, either express or implied.
 * See the License for the specific language governing permissions and
 * limitations under the License.
 */
application(title: app.config.application.title, pack: true) {
    actions {
        action(id: 'clickAction', name: 'Click', closure: { controller.click(it) })
    }
    gridLayout(cols: 1, rows: 3)
    textField(id: 'input', text: bind('value', target: model), columns: 20)
    textField(id: 'output', text: bind { model.value }, columns: 20, editable: false)
    button(action: clickAction)
}

	at griffon.util.Xml2GroovySpec.Parse application.xml from #type(Xml2GroovySpec.groovy:38)
</failure>
  </testcase>
  <testcase name="Parse application.xml from reader" classname="griffon.util.Xml2GroovySpec" time="0.012">
    <failure message="Condition not satisfied:&#10;&#10;expected.trim() == output.trim() || expected8.trim() == output.trim()&#10;|        |      |  |      |      |  |         |      |  |      |&#10;|        |      |  |      |      |  |         |      |  |      application(title: app.config.application.title, pack: true) {&#10;|        |      |  |      |      |  |         |      |  |          actions {&#10;|        |      |  |      |      |  |         |      |  |              action(name: 'Click', id: 'clickAction', closure: { controller.click(it) })&#10;|        |      |  |      |      |  |         |      |  |          }&#10;|        |      |  |      |      |  |         |      |  |          gridLayout(rows: 3, cols: 1)&#10;|        |      |  |      |      |  |         |      |  |          textField(columns: 20, text: bind('value', target: model), id: 'input')&#10;|        |      |  |      |      |  |         |      |  |          textField(editable: false, columns: 20, text: bind { model.value }, id: 'output')&#10;|        |      |  |      |      |  |         |      |  |          button(action: clickAction)&#10;|        |      |  |      |      |  |         |      |  |      }&#10;|        |      |  |      |      |  |         |      |  application(title: app.config.application.title, pack: true) {&#10;|        |      |  |      |      |  |         |      |      actions {&#10;|        |      |  |      |      |  |         |      |          action(name: 'Click', id: 'clickAction', closure: { controller.click(it) })&#10;|        |      |  |      |      |  |         |      |      }&#10;|        |      |  |      |      |  |         |      |      gridLayout(rows: 3, cols: 1)&#10;|        |      |  |      |      |  |         |      |      textField(columns: 20, text: bind('value', target: model), id: 'input')&#10;|        |      |  |      |      |  |         |      |      textField(editable: false, columns: 20, text: bind { model.value }, id: 'output')&#10;|        |      |  |      |      |  |         |      |      button(action: clickAction)&#10;|        |      |  |      |      |  |         |      |  }&#10;|        |      |  |      |      |  |         |      false&#10;|        |      |  |      |      |  |         |      620 differences (38% similarity)&#10;|        |      |  |      |      |  |         |      (/*\n * Copyright 2008-2015 the origin)a(l author or authors.\n *\n * Licensed under the A)p(ache License, Version 2.0 (the &quot;License&quot;);\n * you may not use this file exce)p(t in comp)li(an)c(e with the License.\n * You m)a(y ob)t(a)i(n a c)o(py of the Lice)n(se at\n *\n *     http://www.apache.org/licenses/LICENSE-2.0\n *\n * Unless required by applicable law or agreed to in writing, software\n * distributed under the License is distributed on an &quot;AS IS&quot; BASIS,\n * WITHOUT WARRANTIES OR CONDITIONS OF ANY KIND, either express or implied.\n * See the License for the specific language governing permissions and\n * limitations under the License.\n */\napplication)(title: app.config.application.title, pack: true) {\n    actions {\n        action(name: 'Click', id: 'clickAction', closure: { controller.click(it) })\n    }\n    gridLayout(rows: 3, cols: 1)\n    textField(columns: 20, text: bind('value', target: model), id: 'input')\n    textField(editable: false, columns: 20, text: bind { model.value }, id: 'output')\n    button(action: clickAction)\n}&#10;|        |      |  |      |      |  |         |      (---~---------------------------------)a(---------------------~---~-----------------------)p(-------------------------------------------~---------------------------------)p(---------)li(--)c(--------------------~--------)a(----)t(-)i(-----)o(--------------)n(------~---~--------------------------------------------------~---~-----------------------------------------------------------------------~---------------------------------------------------------------------~----------------------------------------------------------------------------~-----------------------------------------------------------------------~----------------------------------~----~-----------)(title: app.config.application.title, pack: true) {\n    actions {\n        action(name: 'Click', id: 'clickAction', closure: { controller.click(it) })\n    }\n    gridLayout(rows: 3, cols: 1)\n    textField(columns: 20, text: bind('value', target: model), id: 'input')\n    textField(editable: false, columns: 20, text: bind { model.value }, id: 'output')\n    button(action: clickAction)\n}&#10;|        |      |  |      |      |  |         /*&#10;|        |      |  |      |      |  |          * Copyright 2008-2015 the original author or authors.&#10;|        |      |  |      |      |  |          *&#10;|        |      |  |      |      |  |          * Licensed under the Apache License, Version 2.0 (the &quot;License&quot;);&#10;|        |      |  |      |      |  |          * you may not use this file except in compliance with the License.&#10;|        |      |  |      |      |  |          * You may obtain a copy of the License at&#10;|        |      |  |      |      |  |          *&#10;|        |      |  |      |      |  |          *     http://www.apache.org/licenses/LICENSE-2.0&#10;|        |      |  |      |      |  |          *&#10;|        |      |  |      |      |  |          * Unless required by applicable law or agreed to in writing, software&#10;|        |      |  |      |      |  |          * distributed under the License is distributed on an &quot;AS IS&quot; BASIS,&#10;|        |      |  |      |      |  |          * WITHOUT WARRANTIES OR CONDITIONS OF ANY KIND, either express or implied.&#10;|        |      |  |      |      |  |          * See the License for the specific language governing permissions and&#10;|        |      |  |      |      |  |          * limitations under the License.&#10;|        |      |  |      |      |  |          */&#10;|        |      |  |      |      |  |         application(title: app.config.application.title, pack: true) {&#10;|        |      |  |      |      |  |             actions {&#10;|        |      |  |      |      |  |                 action(name: 'Click', id: 'clickAction', closure: { controller.click(it) })&#10;|        |      |  |      |      |  |             }&#10;|        |      |  |      |      |  |             gridLayout(rows: 3, cols: 1)&#10;|        |      |  |      |      |  |             textField(columns: 20, text: bind('value', target: model), id: 'input')&#10;|        |      |  |      |      |  |             textField(editable: false, columns: 20, text: bind { model.value }, id: 'output')&#10;|        |      |  |      |      |  |             button(action: clickAction)&#10;|        |      |  |      |      |  |         }&#10;|        |      |  |      |      |  /*&#10;|        |      |  |      |      |   * Copyright 2008-2015 the original author or authors.&#10;|        |      |  |      |      |   *&#10;|        |      |  |      |      |   * Licensed under the Apache License, Version 2.0 (the &quot;License&quot;);&#10;|        |      |  |      |      |   * you may not use this file except in compliance with the License.&#10;|        |      |  |      |      |   * You may obtain a copy of the License at&#10;|        |      |  |      |      |   *&#10;|        |      |  |      |      |   *     http://www.apache.org/licenses/LICENSE-2.0&#10;|        |      |  |      |      |   *&#10;|        |      |  |      |      |   * Unless required by applicable law or agreed to in writing, software&#10;|        |      |  |      |      |   * distributed under the License is distributed on an &quot;AS IS&quot; BASIS,&#10;|        |      |  |      |      |   * WITHOUT WARRANTIES OR CONDITIONS OF ANY KIND, either express or implied.&#10;|        |      |  |      |      |   * See the License for the specific language governing permissions and&#10;|        |      |  |      |      |   * limitations under the License.&#10;|        |      |  |      |      |   */&#10;|        |      |  |      |      |  application(title: app.config.application.title, pack: true) {&#10;|        |      |  |      |      |      actions {&#10;|        |      |  |      |      |          action(name: 'Click', id: 'clickAction', closure: { controller.click(it) })&#10;|        |      |  |      |      |      }&#10;|        |      |  |      |      |      gridLayout(rows: 3, cols: 1)&#10;|        |      |  |      |      |      textField(columns: 20, text: bind('value', target: model), id: 'input')&#10;|        |      |  |      |      |      textField(editable: false, columns: 20, text: bind { model.value }, id: 'output')&#10;|        |      |  |      |      |      button(action: clickAction)&#10;|        |      |  |      |      |  }&#10;|        |      |  |      |      false&#10;|        |      |  |      application(title: app.config.application.title, pack: true) {&#10;|        |      |  |          actions {&#10;|        |      |  |              action(name: 'Click', id: 'clickAction', closure: { controller.click(it) })&#10;|        |      |  |          }&#10;|        |      |  |          gridLayout(rows: 3, cols: 1)&#10;|        |      |  |          textField(columns: 20, text: bind('value', target: model), id: 'input')&#10;|        |      |  |          textField(editable: false, columns: 20, text: bind { model.value }, id: 'output')&#10;|        |      |  |          button(action: clickAction)&#10;|        |      |  |      }&#10;|        |      |  application(title: app.config.application.title, pack: true) {&#10;|        |      |      actions {&#10;|        |      |          action(name: 'Click', id: 'clickAction', closure: { controller.click(it) })&#10;|        |      |      }&#10;|        |      |      gridLayout(rows: 3, cols: 1)&#10;|        |      |      textField(columns: 20, text: bind('value', target: model), id: 'input')&#10;|        |      |      textField(editable: false, columns: 20, text: bind { model.value }, id: 'output')&#10;|        |      |      button(action: clickAction)&#10;|        |      |  }&#10;|        |      false&#10;|        |      718 differences (29% similarity)&#10;|        |      (/*\n * Copyright 2008-2015 the origin)a(l author or authors.\n *\n * Licensed under the A)p(ache License, Version 2.0 (the &quot;License&quot;);\n * you may not use this file exce)p(t in comp)li(an)c(e with the License.\n * You m)a(y ob)t(a)i(n a c)o(py of the Lice)n(se at\n *\n *     http://www.apache.org/licenses/LICENSE-2.0\n *\n * Unless required by applicable law or agreed to in writing, software\n * distributed under the License is distributed on an &quot;AS IS&quot; BASIS,\n * WITHOUT WARRANTIES OR CONDITIONS OF ANY KIND, either express or implied.\n * See the License for the specific language governing permissions and\n * limitations under the License.\n */\napplication)(title: app.config.application.title, pack: true) {\n    actions {\n        action((id--): '(c)lick(Action)', (name): '(C)lick(------)', closure: { controller.click(it) })\n    }\n    gridLayout((c)o(l)s: (1), (r)o(w)s: (3))\n    textField((id: 'i)n(put'-), text: bind('value', target: model), (colum-)n(s: 20))\n    textField((i)d(------): ('-------)o(-)u(tput'--), text: bind { model.value }, (columns): (20, edi)t(able: false))\n    button(action: clickAction)\n}&#10;|        |      (---~---------------------------------)a(---------------------~---~-----------------------)p(-------------------------------------------~---------------------------------)p(---------)li(--)c(--------------------~--------)a(----)t(-)i(-----)o(--------------)n(------~---~--------------------------------------------------~---~-----------------------------------------------------------------------~---------------------------------------------------------------------~----------------------------------------------------------------------------~-----------------------------------------------------------------------~----------------------------------~----~-----------)(title: app.config.application.title, pack: true) {\n    actions {\n        action((name): '(C)lick(------)', (id--): '(c)lick(Action)', closure: { controller.click(it) })\n    }\n    gridLayout((r)o(w)s: (3), (c)o(l)s: (1))\n    textField((colum-)n(s: 20), text: bind('value', target: model), (id: 'i)n(put'-))\n    textField((e)d(itable): (false, c)o(l)u(mns: 20), text: bind { model.value }, (id-----): ('outpu-)t('----------))\n    button(action: clickAction)\n}&#10;|        /*&#10;|         * Copyright 2008-2015 the original author or authors.&#10;|         *&#10;|         * Licensed under the Apache License, Version 2.0 (the &quot;License&quot;);&#10;|         * you may not use this file except in compliance with the License.&#10;|         * You may obtain a copy of the License at&#10;|         *&#10;|         *     http://www.apache.org/licenses/LICENSE-2.0&#10;|         *&#10;|         * Unless required by applicable law or agreed to in writing, software&#10;|         * distributed under the License is distributed on an &quot;AS IS&quot; BASIS,&#10;|         * WITHOUT WARRANTIES OR CONDITIONS OF ANY KIND, either express or implied.&#10;|         * See the License for the specific language governing permissions and&#10;|         * limitations under the License.&#10;|         */&#10;|        application(title: app.config.application.title, pack: true) {&#10;|            actions {&#10;|                action(id: 'clickAction', name: 'Click', closure: { controller.click(it) })&#10;|            }&#10;|            gridLayout(cols: 1, rows: 3)&#10;|            textField(id: 'input', text: bind('value', target: model), columns: 20)&#10;|            textField(id: 'output', text: bind { model.value }, columns: 20, editable: false)&#10;|            button(action: clickAction)&#10;|        }&#10;/*&#10; * Copyright 2008-2015 the original author or authors.&#10; *&#10; * Licensed under the Apache License, Version 2.0 (the &quot;License&quot;);&#10; * you may not use this file except in compliance with the License.&#10; * You may obtain a copy of the License at&#10; *&#10; *     http://www.apache.org/licenses/LICENSE-2.0&#10; *&#10; * Unless required by applicable law or agreed to in writing, software&#10; * distributed under the License is distributed on an &quot;AS IS&quot; BASIS,&#10; * WITHOUT WARRANTIES OR CONDITIONS OF ANY KIND, either express or implied.&#10; * See the License for the specific language governing permissions and&#10; * limitations under the License.&#10; */&#10;application(title: app.config.application.title, pack: true) {&#10;    actions {&#10;        action(id: 'clickAction', name: 'Click', closure: { controller.click(it) })&#10;    }&#10;    gridLayout(cols: 1, rows: 3)&#10;    textField(id: 'input', text: bind('value', target: model), columns: 20)&#10;    textField(id: 'output', text: bind { model.value }, columns: 20, editable: false)&#10;    button(action: clickAction)&#10;}&#10;" type="org.spockframework.runtime.ConditionNotSatisfiedError">Condition not satisfied:

expected.trim() == output.trim() || expected8.trim() == output.trim()
|        |      |  |      |      |  |         |      |  |      |
|        |      |  |      |      |  |         |      |  |      application(title: app.config.application.title, pack: true) {
|        |      |  |      |      |  |         |      |  |          actions {
|        |      |  |      |      |  |         |      |  |              action(name: 'Click', id: 'clickAction', closure: { controller.click(it) })
|        |      |  |      |      |  |         |      |  |          }
|        |      |  |      |      |  |         |      |  |          gridLayout(rows: 3, cols: 1)
|        |      |  |      |      |  |         |      |  |          textField(columns: 20, text: bind('value', target: model), id: 'input')
|        |      |  |      |      |  |         |      |  |          textField(editable: false, columns: 20, text: bind { model.value }, id: 'output')
|        |      |  |      |      |  |         |      |  |          button(action: clickAction)
|        |      |  |      |      |  |         |      |  |      }
|        |      |  |      |      |  |         |      |  application(title: app.config.application.title, pack: true) {
|        |      |  |      |      |  |         |      |      actions {
|        |      |  |      |      |  |         |      |          action(name: 'Click', id: 'clickAction', closure: { controller.click(it) })
|        |      |  |      |      |  |         |      |      }
|        |      |  |      |      |  |         |      |      gridLayout(rows: 3, cols: 1)
|        |      |  |      |      |  |         |      |      textField(columns: 20, text: bind('value', target: model), id: 'input')
|        |      |  |      |      |  |         |      |      textField(editable: false, columns: 20, text: bind { model.value }, id: 'output')
|        |      |  |      |      |  |         |      |      button(action: clickAction)
|        |      |  |      |      |  |         |      |  }
|        |      |  |      |      |  |         |      false
|        |      |  |      |      |  |         |      620 differences (38% similarity)
|        |      |  |      |      |  |         |      (/*\n * Copyright 2008-2015 the origin)a(l author or authors.\n *\n * Licensed under the A)p(ache License, Version 2.0 (the &quot;License&quot;);\n * you may not use this file exce)p(t in comp)li(an)c(e with the License.\n * You m)a(y ob)t(a)i(n a c)o(py of the Lice)n(se at\n *\n *     http://www.apache.org/licenses/LICENSE-2.0\n *\n * Unless required by applicable law or agreed to in writing, software\n * distributed under the License is distributed on an &quot;AS IS&quot; BASIS,\n * WITHOUT WARRANTIES OR CONDITIONS OF ANY KIND, either express or implied.\n * See the License for the specific language governing permissions and\n * limitations under the License.\n */\napplication)(title: app.config.application.title, pack: true) {\n    actions {\n        action(name: 'Click', id: 'clickAction', closure: { controller.click(it) })\n    }\n    gridLayout(rows: 3, cols: 1)\n    textField(columns: 20, text: bind('value', target: model), id: 'input')\n    textField(editable: false, columns: 20, text: bind { model.value }, id: 'output')\n    button(action: clickAction)\n}
|        |      |  |      |      |  |         |      (---~---------------------------------)a(---------------------~---~-----------------------)p(-------------------------------------------~---------------------------------)p(---------)li(--)c(--------------------~--------)a(----)t(-)i(-----)o(--------------)n(------~---~--------------------------------------------------~---~-----------------------------------------------------------------------~---------------------------------------------------------------------~----------------------------------------------------------------------------~-----------------------------------------------------------------------~----------------------------------~----~-----------)(title: app.config.application.title, pack: true) {\n    actions {\n        action(name: 'Click', id: 'clickAction', closure: { controller.click(it) })\n    }\n    gridLayout(rows: 3, cols: 1)\n    textField(columns: 20, text: bind('value', target: model), id: 'input')\n    textField(editable: false, columns: 20, text: bind { model.value }, id: 'output')\n    button(action: clickAction)\n}
|        |      |  |      |      |  |         /*
|        |      |  |      |      |  |          * Copyright 2008-2015 the original author or authors.
|        |      |  |      |      |  |          *
|        |      |  |      |      |  |          * Licensed under the Apache License, Version 2.0 (the &quot;License&quot;);
|        |      |  |      |      |  |          * you may not use this file except in compliance with the License.
|        |      |  |      |      |  |          * You may obtain a copy of the License at
|        |      |  |      |      |  |          *
|        |      |  |      |      |  |          *     http://www.apache.org/licenses/LICENSE-2.0
|        |      |  |      |      |  |          *
|        |      |  |      |      |  |          * Unless required by applicable law or agreed to in writing, software
|        |      |  |      |      |  |          * distributed under the License is distributed on an &quot;AS IS&quot; BASIS,
|        |      |  |      |      |  |          * WITHOUT WARRANTIES OR CONDITIONS OF ANY KIND, either express or implied.
|        |      |  |      |      |  |          * See the License for the specific language governing permissions and
|        |      |  |      |      |  |          * limitations under the License.
|        |      |  |      |      |  |          */
|        |      |  |      |      |  |         application(title: app.config.application.title, pack: true) {
|        |      |  |      |      |  |             actions {
|        |      |  |      |      |  |                 action(name: 'Click', id: 'clickAction', closure: { controller.click(it) })
|        |      |  |      |      |  |             }
|        |      |  |      |      |  |             gridLayout(rows: 3, cols: 1)
|        |      |  |      |      |  |             textField(columns: 20, text: bind('value', target: model), id: 'input')
|        |      |  |      |      |  |             textField(editable: false, columns: 20, text: bind { model.value }, id: 'output')
|        |      |  |      |      |  |             button(action: clickAction)
|        |      |  |      |      |  |         }
|        |      |  |      |      |  /*
|        |      |  |      |      |   * Copyright 2008-2015 the original author or authors.
|        |      |  |      |      |   *
|        |      |  |      |      |   * Licensed under the Apache License, Version 2.0 (the &quot;License&quot;);
|        |      |  |      |      |   * you may not use this file except in compliance with the License.
|        |      |  |      |      |   * You may obtain a copy of the License at
|        |      |  |      |      |   *
|        |      |  |      |      |   *     http://www.apache.org/licenses/LICENSE-2.0
|        |      |  |      |      |   *
|        |      |  |      |      |   * Unless required by applicable law or agreed to in writing, software
|        |      |  |      |      |   * distributed under the License is distributed on an &quot;AS IS&quot; BASIS,
|        |      |  |      |      |   * WITHOUT WARRANTIES OR CONDITIONS OF ANY KIND, either express or implied.
|        |      |  |      |      |   * See the License for the specific language governing permissions and
|        |      |  |      |      |   * limitations under the License.
|        |      |  |      |      |   */
|        |      |  |      |      |  application(title: app.config.application.title, pack: true) {
|        |      |  |      |      |      actions {
|        |      |  |      |      |          action(name: 'Click', id: 'clickAction', closure: { controller.click(it) })
|        |      |  |      |      |      }
|        |      |  |      |      |      gridLayout(rows: 3, cols: 1)
|        |      |  |      |      |      textField(columns: 20, text: bind('value', target: model), id: 'input')
|        |      |  |      |      |      textField(editable: false, columns: 20, text: bind { model.value }, id: 'output')
|        |      |  |      |      |      button(action: clickAction)
|        |      |  |      |      |  }
|        |      |  |      |      false
|        |      |  |      application(title: app.config.application.title, pack: true) {
|        |      |  |          actions {
|        |      |  |              action(name: 'Click', id: 'clickAction', closure: { controller.click(it) })
|        |      |  |          }
|        |      |  |          gridLayout(rows: 3, cols: 1)
|        |      |  |          textField(columns: 20, text: bind('value', target: model), id: 'input')
|        |      |  |          textField(editable: false, columns: 20, text: bind { model.value }, id: 'output')
|        |      |  |          button(action: clickAction)
|        |      |  |      }
|        |      |  application(title: app.config.application.title, pack: true) {
|        |      |      actions {
|        |      |          action(name: 'Click', id: 'clickAction', closure: { controller.click(it) })
|        |      |      }
|        |      |      gridLayout(rows: 3, cols: 1)
|        |      |      textField(columns: 20, text: bind('value', target: model), id: 'input')
|        |      |      textField(editable: false, columns: 20, text: bind { model.value }, id: 'output')
|        |      |      button(action: clickAction)
|        |      |  }
|        |      false
|        |      718 differences (29% similarity)
|        |      (/*\n * Copyright 2008-2015 the origin)a(l author or authors.\n *\n * Licensed under the A)p(ache License, Version 2.0 (the &quot;License&quot;);\n * you may not use this file exce)p(t in comp)li(an)c(e with the License.\n * You m)a(y ob)t(a)i(n a c)o(py of the Lice)n(se at\n *\n *     http://www.apache.org/licenses/LICENSE-2.0\n *\n * Unless required by applicable law or agreed to in writing, software\n * distributed under the License is distributed on an &quot;AS IS&quot; BASIS,\n * WITHOUT WARRANTIES OR CONDITIONS OF ANY KIND, either express or implied.\n * See the License for the specific language governing permissions and\n * limitations under the License.\n */\napplication)(title: app.config.application.title, pack: true) {\n    actions {\n        action((id--): '(c)lick(Action)', (name): '(C)lick(------)', closure: { controller.click(it) })\n    }\n    gridLayout((c)o(l)s: (1), (r)o(w)s: (3))\n    textField((id: 'i)n(put'-), text: bind('value', target: model), (colum-)n(s: 20))\n    textField((i)d(------): ('-------)o(-)u(tput'--), text: bind { model.value }, (columns): (20, edi)t(able: false))\n    button(action: clickAction)\n}
|        |      (---~---------------------------------)a(---------------------~---~-----------------------)p(-------------------------------------------~---------------------------------)p(---------)li(--)c(--------------------~--------)a(----)t(-)i(-----)o(--------------)n(------~---~--------------------------------------------------~---~-----------------------------------------------------------------------~---------------------------------------------------------------------~----------------------------------------------------------------------------~-----------------------------------------------------------------------~----------------------------------~----~-----------)(title: app.config.application.title, pack: true) {\n    actions {\n        action((name): '(C)lick(------)', (id--): '(c)lick(Action)', closure: { controller.click(it) })\n    }\n    gridLayout((r)o(w)s: (3), (c)o(l)s: (1))\n    textField((colum-)n(s: 20), text: bind('value', target: model), (id: 'i)n(put'-))\n    textField((e)d(itable): (false, c)o(l)u(mns: 20), text: bind { model.value }, (id-----): ('outpu-)t('----------))\n    button(action: clickAction)\n}
|        /*
|         * Copyright 2008-2015 the original author or authors.
|         *
|         * Licensed under the Apache License, Version 2.0 (the &quot;License&quot;);
|         * you may not use this file except in compliance with the License.
|         * You may obtain a copy of the License at
|         *
|         *     http://www.apache.org/licenses/LICENSE-2.0
|         *
|         * Unless required by applicable law or agreed to in writing, software
|         * distributed under the License is distributed on an &quot;AS IS&quot; BASIS,
|         * WITHOUT WARRANTIES OR CONDITIONS OF ANY KIND, either express or implied.
|         * See the License for the specific language governing permissions and
|         * limitations under the License.
|         */
|        application(title: app.config.application.title, pack: true) {
|            actions {
|                action(id: 'clickAction', name: 'Click', closure: { controller.click(it) })
|            }
|            gridLayout(cols: 1, rows: 3)
|            textField(id: 'input', text: bind('value', target: model), columns: 20)
|            textField(id: 'output', text: bind { model.value }, columns: 20, editable: false)
|            button(action: clickAction)
|        }
/*
 * Copyright 2008-2015 the original author or authors.
 *
 * Licensed under the Apache License, Version 2.0 (the &quot;License&quot;);
 * you may not use this file except in compliance with the License.
 * You may obtain a copy of the License at
 *
 *     http://www.apache.org/licenses/LICENSE-2.0
 *
 * Unless required by applicable law or agreed to in writing, software
 * distributed under the License is distributed on an &quot;AS IS&quot; BASIS,
 * WITHOUT WARRANTIES OR CONDITIONS OF ANY KIND, either express or implied.
 * See the License for the specific language governing permissions and
 * limitations under the License.
 */
application(title: app.config.application.title, pack: true) {
    actions {
        action(id: 'clickAction', name: 'Click', closure: { controller.click(it) })
    }
    gridLayout(cols: 1, rows: 3)
    textField(id: 'input', text: bind('value', target: model), columns: 20)
    textField(id: 'output', text: bind { model.value }, columns: 20, editable: false)
    button(action: clickAction)
}

	at griffon.util.Xml2GroovySpec.Parse application.xml from #type(Xml2GroovySpec.groovy:38)
</failure>
  </testcase>
  <testcase name="Parse application.xml from inputStream" classname="griffon.util.Xml2GroovySpec" time="0.011">
    <failure message="Condition not satisfied:&#10;&#10;expected.trim() == output.trim() || expected8.trim() == output.trim()&#10;|        |      |  |      |      |  |         |      |  |      |&#10;|        |      |  |      |      |  |         |      |  |      application(title: app.config.application.title, pack: true) {&#10;|        |      |  |      |      |  |         |      |  |          actions {&#10;|        |      |  |      |      |  |         |      |  |              action(name: 'Click', id: 'clickAction', closure: { controller.click(it) })&#10;|        |      |  |      |      |  |         |      |  |          }&#10;|        |      |  |      |      |  |         |      |  |          gridLayout(rows: 3, cols: 1)&#10;|        |      |  |      |      |  |         |      |  |          textField(columns: 20, text: bind('value', target: model), id: 'input')&#10;|        |      |  |      |      |  |         |      |  |          textField(editable: false, columns: 20, text: bind { model.value }, id: 'output')&#10;|        |      |  |      |      |  |         |      |  |          button(action: clickAction)&#10;|        |      |  |      |      |  |         |      |  |      }&#10;|        |      |  |      |      |  |         |      |  application(title: app.config.application.title, pack: true) {&#10;|        |      |  |      |      |  |         |      |      actions {&#10;|        |      |  |      |      |  |         |      |          action(name: 'Click', id: 'clickAction', closure: { controller.click(it) })&#10;|        |      |  |      |      |  |         |      |      }&#10;|        |      |  |      |      |  |         |      |      gridLayout(rows: 3, cols: 1)&#10;|        |      |  |      |      |  |         |      |      textField(columns: 20, text: bind('value', target: model), id: 'input')&#10;|        |      |  |      |      |  |         |      |      textField(editable: false, columns: 20, text: bind { model.value }, id: 'output')&#10;|        |      |  |      |      |  |         |      |      button(action: clickAction)&#10;|        |      |  |      |      |  |         |      |  }&#10;|        |      |  |      |      |  |         |      false&#10;|        |      |  |      |      |  |         |      620 differences (38% similarity)&#10;|        |      |  |      |      |  |         |      (/*\n * Copyright 2008-2015 the origin)a(l author or authors.\n *\n * Licensed under the A)p(ache License, Version 2.0 (the &quot;License&quot;);\n * you may not use this file exce)p(t in comp)li(an)c(e with the License.\n * You m)a(y ob)t(a)i(n a c)o(py of the Lice)n(se at\n *\n *     http://www.apache.org/licenses/LICENSE-2.0\n *\n * Unless required by applicable law or agreed to in writing, software\n * distributed under the License is distributed on an &quot;AS IS&quot; BASIS,\n * WITHOUT WARRANTIES OR CONDITIONS OF ANY KIND, either express or implied.\n * See the License for the specific language governing permissions and\n * limitations under the License.\n */\napplication)(title: app.config.application.title, pack: true) {\n    actions {\n        action(name: 'Click', id: 'clickAction', closure: { controller.click(it) })\n    }\n    gridLayout(rows: 3, cols: 1)\n    textField(columns: 20, text: bind('value', target: model), id: 'input')\n    textField(editable: false, columns: 20, text: bind { model.value }, id: 'output')\n    button(action: clickAction)\n}&#10;|        |      |  |      |      |  |         |      (---~---------------------------------)a(---------------------~---~-----------------------)p(-------------------------------------------~---------------------------------)p(---------)li(--)c(--------------------~--------)a(----)t(-)i(-----)o(--------------)n(------~---~--------------------------------------------------~---~-----------------------------------------------------------------------~---------------------------------------------------------------------~----------------------------------------------------------------------------~-----------------------------------------------------------------------~----------------------------------~----~-----------)(title: app.config.application.title, pack: true) {\n    actions {\n        action(name: 'Click', id: 'clickAction', closure: { controller.click(it) })\n    }\n    gridLayout(rows: 3, cols: 1)\n    textField(columns: 20, text: bind('value', target: model), id: 'input')\n    textField(editable: false, columns: 20, text: bind { model.value }, id: 'output')\n    button(action: clickAction)\n}&#10;|        |      |  |      |      |  |         /*&#10;|        |      |  |      |      |  |          * Copyright 2008-2015 the original author or authors.&#10;|        |      |  |      |      |  |          *&#10;|        |      |  |      |      |  |          * Licensed under the Apache License, Version 2.0 (the &quot;License&quot;);&#10;|        |      |  |      |      |  |          * you may not use this file except in compliance with the License.&#10;|        |      |  |      |      |  |          * You may obtain a copy of the License at&#10;|        |      |  |      |      |  |          *&#10;|        |      |  |      |      |  |          *     http://www.apache.org/licenses/LICENSE-2.0&#10;|        |      |  |      |      |  |          *&#10;|        |      |  |      |      |  |          * Unless required by applicable law or agreed to in writing, software&#10;|        |      |  |      |      |  |          * distributed under the License is distributed on an &quot;AS IS&quot; BASIS,&#10;|        |      |  |      |      |  |          * WITHOUT WARRANTIES OR CONDITIONS OF ANY KIND, either express or implied.&#10;|        |      |  |      |      |  |          * See the License for the specific language governing permissions and&#10;|        |      |  |      |      |  |          * limitations under the License.&#10;|        |      |  |      |      |  |          */&#10;|        |      |  |      |      |  |         application(title: app.config.application.title, pack: true) {&#10;|        |      |  |      |      |  |             actions {&#10;|        |      |  |      |      |  |                 action(name: 'Click', id: 'clickAction', closure: { controller.click(it) })&#10;|        |      |  |      |      |  |             }&#10;|        |      |  |      |      |  |             gridLayout(rows: 3, cols: 1)&#10;|        |      |  |      |      |  |             textField(columns: 20, text: bind('value', target: model), id: 'input')&#10;|        |      |  |      |      |  |             textField(editable: false, columns: 20, text: bind { model.value }, id: 'output')&#10;|        |      |  |      |      |  |             button(action: clickAction)&#10;|        |      |  |      |      |  |         }&#10;|        |      |  |      |      |  /*&#10;|        |      |  |      |      |   * Copyright 2008-2015 the original author or authors.&#10;|        |      |  |      |      |   *&#10;|        |      |  |      |      |   * Licensed under the Apache License, Version 2.0 (the &quot;License&quot;);&#10;|        |      |  |      |      |   * you may not use this file except in compliance with the License.&#10;|        |      |  |      |      |   * You may obtain a copy of the License at&#10;|        |      |  |      |      |   *&#10;|        |      |  |      |      |   *     http://www.apache.org/licenses/LICENSE-2.0&#10;|        |      |  |      |      |   *&#10;|        |      |  |      |      |   * Unless required by applicable law or agreed to in writing, software&#10;|        |      |  |      |      |   * distributed under the License is distributed on an &quot;AS IS&quot; BASIS,&#10;|        |      |  |      |      |   * WITHOUT WARRANTIES OR CONDITIONS OF ANY KIND, either express or implied.&#10;|        |      |  |      |      |   * See the License for the specific language governing permissions and&#10;|        |      |  |      |      |   * limitations under the License.&#10;|        |      |  |      |      |   */&#10;|        |      |  |      |      |  application(title: app.config.application.title, pack: true) {&#10;|        |      |  |      |      |      actions {&#10;|        |      |  |      |      |          action(name: 'Click', id: 'clickAction', closure: { controller.click(it) })&#10;|        |      |  |      |      |      }&#10;|        |      |  |      |      |      gridLayout(rows: 3, cols: 1)&#10;|        |      |  |      |      |      textField(columns: 20, text: bind('value', target: model), id: 'input')&#10;|        |      |  |      |      |      textField(editable: false, columns: 20, text: bind { model.value }, id: 'output')&#10;|        |      |  |      |      |      button(action: clickAction)&#10;|        |      |  |      |      |  }&#10;|        |      |  |      |      false&#10;|        |      |  |      application(title: app.config.application.title, pack: true) {&#10;|        |      |  |          actions {&#10;|        |      |  |              action(name: 'Click', id: 'clickAction', closure: { controller.click(it) })&#10;|        |      |  |          }&#10;|        |      |  |          gridLayout(rows: 3, cols: 1)&#10;|        |      |  |          textField(columns: 20, text: bind('value', target: model), id: 'input')&#10;|        |      |  |          textField(editable: false, columns: 20, text: bind { model.value }, id: 'output')&#10;|        |      |  |          button(action: clickAction)&#10;|        |      |  |      }&#10;|        |      |  application(title: app.config.application.title, pack: true) {&#10;|        |      |      actions {&#10;|        |      |          action(name: 'Click', id: 'clickAction', closure: { controller.click(it) })&#10;|        |      |      }&#10;|        |      |      gridLayout(rows: 3, cols: 1)&#10;|        |      |      textField(columns: 20, text: bind('value', target: model), id: 'input')&#10;|        |      |      textField(editable: false, columns: 20, text: bind { model.value }, id: 'output')&#10;|        |      |      button(action: clickAction)&#10;|        |      |  }&#10;|        |      false&#10;|        |      718 differences (29% similarity)&#10;|        |      (/*\n * Copyright 2008-2015 the origin)a(l author or authors.\n *\n * Licensed under the A)p(ache License, Version 2.0 (the &quot;License&quot;);\n * you may not use this file exce)p(t in comp)li(an)c(e with the License.\n * You m)a(y ob)t(a)i(n a c)o(py of the Lice)n(se at\n *\n *     http://www.apache.org/licenses/LICENSE-2.0\n *\n * Unless required by applicable law or agreed to in writing, software\n * distributed under the License is distributed on an &quot;AS IS&quot; BASIS,\n * WITHOUT WARRANTIES OR CONDITIONS OF ANY KIND, either express or implied.\n * See the License for the specific language governing permissions and\n * limitations under the License.\n */\napplication)(title: app.config.application.title, pack: true) {\n    actions {\n        action((id--): '(c)lick(Action)', (name): '(C)lick(------)', closure: { controller.click(it) })\n    }\n    gridLayout((c)o(l)s: (1), (r)o(w)s: (3))\n    textField((id: 'i)n(put'-), text: bind('value', target: model), (colum-)n(s: 20))\n    textField((i)d(------): ('-------)o(-)u(tput'--), text: bind { model.value }, (columns): (20, edi)t(able: false))\n    button(action: clickAction)\n}&#10;|        |      (---~---------------------------------)a(---------------------~---~-----------------------)p(-------------------------------------------~---------------------------------)p(---------)li(--)c(--------------------~--------)a(----)t(-)i(-----)o(--------------)n(------~---~--------------------------------------------------~---~-----------------------------------------------------------------------~---------------------------------------------------------------------~----------------------------------------------------------------------------~-----------------------------------------------------------------------~----------------------------------~----~-----------)(title: app.config.application.title, pack: true) {\n    actions {\n        action((name): '(C)lick(------)', (id--): '(c)lick(Action)', closure: { controller.click(it) })\n    }\n    gridLayout((r)o(w)s: (3), (c)o(l)s: (1))\n    textField((colum-)n(s: 20), text: bind('value', target: model), (id: 'i)n(put'-))\n    textField((e)d(itable): (false, c)o(l)u(mns: 20), text: bind { model.value }, (id-----): ('outpu-)t('----------))\n    button(action: clickAction)\n}&#10;|        /*&#10;|         * Copyright 2008-2015 the original author or authors.&#10;|         *&#10;|         * Licensed under the Apache License, Version 2.0 (the &quot;License&quot;);&#10;|         * you may not use this file except in compliance with the License.&#10;|         * You may obtain a copy of the License at&#10;|         *&#10;|         *     http://www.apache.org/licenses/LICENSE-2.0&#10;|         *&#10;|         * Unless required by applicable law or agreed to in writing, software&#10;|         * distributed under the License is distributed on an &quot;AS IS&quot; BASIS,&#10;|         * WITHOUT WARRANTIES OR CONDITIONS OF ANY KIND, either express or implied.&#10;|         * See the License for the specific language governing permissions and&#10;|         * limitations under the License.&#10;|         */&#10;|        application(title: app.config.application.title, pack: true) {&#10;|            actions {&#10;|                action(id: 'clickAction', name: 'Click', closure: { controller.click(it) })&#10;|            }&#10;|            gridLayout(cols: 1, rows: 3)&#10;|            textField(id: 'input', text: bind('value', target: model), columns: 20)&#10;|            textField(id: 'output', text: bind { model.value }, columns: 20, editable: false)&#10;|            button(action: clickAction)&#10;|        }&#10;/*&#10; * Copyright 2008-2015 the original author or authors.&#10; *&#10; * Licensed under the Apache License, Version 2.0 (the &quot;License&quot;);&#10; * you may not use this file except in compliance with the License.&#10; * You may obtain a copy of the License at&#10; *&#10; *     http://www.apache.org/licenses/LICENSE-2.0&#10; *&#10; * Unless required by applicable law or agreed to in writing, software&#10; * distributed under the License is distributed on an &quot;AS IS&quot; BASIS,&#10; * WITHOUT WARRANTIES OR CONDITIONS OF ANY KIND, either express or implied.&#10; * See the License for the specific language governing permissions and&#10; * limitations under the License.&#10; */&#10;application(title: app.config.application.title, pack: true) {&#10;    actions {&#10;        action(id: 'clickAction', name: 'Click', closure: { controller.click(it) })&#10;    }&#10;    gridLayout(cols: 1, rows: 3)&#10;    textField(id: 'input', text: bind('value', target: model), columns: 20)&#10;    textField(id: 'output', text: bind { model.value }, columns: 20, editable: false)&#10;    button(action: clickAction)&#10;}&#10;" type="org.spockframework.runtime.ConditionNotSatisfiedError">Condition not satisfied:

expected.trim() == output.trim() || expected8.trim() == output.trim()
|        |      |  |      |      |  |         |      |  |      |
|        |      |  |      |      |  |         |      |  |      application(title: app.config.application.title, pack: true) {
|        |      |  |      |      |  |         |      |  |          actions {
|        |      |  |      |      |  |         |      |  |              action(name: 'Click', id: 'clickAction', closure: { controller.click(it) })
|        |      |  |      |      |  |         |      |  |          }
|        |      |  |      |      |  |         |      |  |          gridLayout(rows: 3, cols: 1)
|        |      |  |      |      |  |         |      |  |          textField(columns: 20, text: bind('value', target: model), id: 'input')
|        |      |  |      |      |  |         |      |  |          textField(editable: false, columns: 20, text: bind { model.value }, id: 'output')
|        |      |  |      |      |  |         |      |  |          button(action: clickAction)
|        |      |  |      |      |  |         |      |  |      }
|        |      |  |      |      |  |         |      |  application(title: app.config.application.title, pack: true) {
|        |      |  |      |      |  |         |      |      actions {
|        |      |  |      |      |  |         |      |          action(name: 'Click', id: 'clickAction', closure: { controller.click(it) })
|        |      |  |      |      |  |         |      |      }
|        |      |  |      |      |  |         |      |      gridLayout(rows: 3, cols: 1)
|        |      |  |      |      |  |         |      |      textField(columns: 20, text: bind('value', target: model), id: 'input')
|        |      |  |      |      |  |         |      |      textField(editable: false, columns: 20, text: bind { model.value }, id: 'output')
|        |      |  |      |      |  |         |      |      button(action: clickAction)
|        |      |  |      |      |  |         |      |  }
|        |      |  |      |      |  |         |      false
|        |      |  |      |      |  |         |      620 differences (38% similarity)
|        |      |  |      |      |  |         |      (/*\n * Copyright 2008-2015 the origin)a(l author or authors.\n *\n * Licensed under the A)p(ache License, Version 2.0 (the &quot;License&quot;);\n * you may not use this file exce)p(t in comp)li(an)c(e with the License.\n * You m)a(y ob)t(a)i(n a c)o(py of the Lice)n(se at\n *\n *     http://www.apache.org/licenses/LICENSE-2.0\n *\n * Unless required by applicable law or agreed to in writing, software\n * distributed under the License is distributed on an &quot;AS IS&quot; BASIS,\n * WITHOUT WARRANTIES OR CONDITIONS OF ANY KIND, either express or implied.\n * See the License for the specific language governing permissions and\n * limitations under the License.\n */\napplication)(title: app.config.application.title, pack: true) {\n    actions {\n        action(name: 'Click', id: 'clickAction', closure: { controller.click(it) })\n    }\n    gridLayout(rows: 3, cols: 1)\n    textField(columns: 20, text: bind('value', target: model), id: 'input')\n    textField(editable: false, columns: 20, text: bind { model.value }, id: 'output')\n    button(action: clickAction)\n}
|        |      |  |      |      |  |         |      (---~---------------------------------)a(---------------------~---~-----------------------)p(-------------------------------------------~---------------------------------)p(---------)li(--)c(--------------------~--------)a(----)t(-)i(-----)o(--------------)n(------~---~--------------------------------------------------~---~-----------------------------------------------------------------------~---------------------------------------------------------------------~----------------------------------------------------------------------------~-----------------------------------------------------------------------~----------------------------------~----~-----------)(title: app.config.application.title, pack: true) {\n    actions {\n        action(name: 'Click', id: 'clickAction', closure: { controller.click(it) })\n    }\n    gridLayout(rows: 3, cols: 1)\n    textField(columns: 20, text: bind('value', target: model), id: 'input')\n    textField(editable: false, columns: 20, text: bind { model.value }, id: 'output')\n    button(action: clickAction)\n}
|        |      |  |      |      |  |         /*
|        |      |  |      |      |  |          * Copyright 2008-2015 the original author or authors.
|        |      |  |      |      |  |          *
|        |      |  |      |      |  |          * Licensed under the Apache License, Version 2.0 (the &quot;License&quot;);
|        |      |  |      |      |  |          * you may not use this file except in compliance with the License.
|        |      |  |      |      |  |          * You may obtain a copy of the License at
|        |      |  |      |      |  |          *
|        |      |  |      |      |  |          *     http://www.apache.org/licenses/LICENSE-2.0
|        |      |  |      |      |  |          *
|        |      |  |      |      |  |          * Unless required by applicable law or agreed to in writing, software
|        |      |  |      |      |  |          * distributed under the License is distributed on an &quot;AS IS&quot; BASIS,
|        |      |  |      |      |  |          * WITHOUT WARRANTIES OR CONDITIONS OF ANY KIND, either express or implied.
|        |      |  |      |      |  |          * See the License for the specific language governing permissions and
|        |      |  |      |      |  |          * limitations under the License.
|        |      |  |      |      |  |          */
|        |      |  |      |      |  |         application(title: app.config.application.title, pack: true) {
|        |      |  |      |      |  |             actions {
|        |      |  |      |      |  |                 action(name: 'Click', id: 'clickAction', closure: { controller.click(it) })
|        |      |  |      |      |  |             }
|        |      |  |      |      |  |             gridLayout(rows: 3, cols: 1)
|        |      |  |      |      |  |             textField(columns: 20, text: bind('value', target: model), id: 'input')
|        |      |  |      |      |  |             textField(editable: false, columns: 20, text: bind { model.value }, id: 'output')
|        |      |  |      |      |  |             button(action: clickAction)
|        |      |  |      |      |  |         }
|        |      |  |      |      |  /*
|        |      |  |      |      |   * Copyright 2008-2015 the original author or authors.
|        |      |  |      |      |   *
|        |      |  |      |      |   * Licensed under the Apache License, Version 2.0 (the &quot;License&quot;);
|        |      |  |      |      |   * you may not use this file except in compliance with the License.
|        |      |  |      |      |   * You may obtain a copy of the License at
|        |      |  |      |      |   *
|        |      |  |      |      |   *     http://www.apache.org/licenses/LICENSE-2.0
|        |      |  |      |      |   *
|        |      |  |      |      |   * Unless required by applicable law or agreed to in writing, software
|        |      |  |      |      |   * distributed under the License is distributed on an &quot;AS IS&quot; BASIS,
|        |      |  |      |      |   * WITHOUT WARRANTIES OR CONDITIONS OF ANY KIND, either express or implied.
|        |      |  |      |      |   * See the License for the specific language governing permissions and
|        |      |  |      |      |   * limitations under the License.
|        |      |  |      |      |   */
|        |      |  |      |      |  application(title: app.config.application.title, pack: true) {
|        |      |  |      |      |      actions {
|        |      |  |      |      |          action(name: 'Click', id: 'clickAction', closure: { controller.click(it) })
|        |      |  |      |      |      }
|        |      |  |      |      |      gridLayout(rows: 3, cols: 1)
|        |      |  |      |      |      textField(columns: 20, text: bind('value', target: model), id: 'input')
|        |      |  |      |      |      textField(editable: false, columns: 20, text: bind { model.value }, id: 'output')
|        |      |  |      |      |      button(action: clickAction)
|        |      |  |      |      |  }
|        |      |  |      |      false
|        |      |  |      application(title: app.config.application.title, pack: true) {
|        |      |  |          actions {
|        |      |  |              action(name: 'Click', id: 'clickAction', closure: { controller.click(it) })
|        |      |  |          }
|        |      |  |          gridLayout(rows: 3, cols: 1)
|        |      |  |          textField(columns: 20, text: bind('value', target: model), id: 'input')
|        |      |  |          textField(editable: false, columns: 20, text: bind { model.value }, id: 'output')
|        |      |  |          button(action: clickAction)
|        |      |  |      }
|        |      |  application(title: app.config.application.title, pack: true) {
|        |      |      actions {
|        |      |          action(name: 'Click', id: 'clickAction', closure: { controller.click(it) })
|        |      |      }
|        |      |      gridLayout(rows: 3, cols: 1)
|        |      |      textField(columns: 20, text: bind('value', target: model), id: 'input')
|        |      |      textField(editable: false, columns: 20, text: bind { model.value }, id: 'output')
|        |      |      button(action: clickAction)
|        |      |  }
|        |      false
|        |      718 differences (29% similarity)
|        |      (/*\n * Copyright 2008-2015 the origin)a(l author or authors.\n *\n * Licensed under the A)p(ache License, Version 2.0 (the &quot;License&quot;);\n * you may not use this file exce)p(t in comp)li(an)c(e with the License.\n * You m)a(y ob)t(a)i(n a c)o(py of the Lice)n(se at\n *\n *     http://www.apache.org/licenses/LICENSE-2.0\n *\n * Unless required by applicable law or agreed to in writing, software\n * distributed under the License is distributed on an &quot;AS IS&quot; BASIS,\n * WITHOUT WARRANTIES OR CONDITIONS OF ANY KIND, either express or implied.\n * See the License for the specific language governing permissions and\n * limitations under the License.\n */\napplication)(title: app.config.application.title, pack: true) {\n    actions {\n        action((id--): '(c)lick(Action)', (name): '(C)lick(------)', closure: { controller.click(it) })\n    }\n    gridLayout((c)o(l)s: (1), (r)o(w)s: (3))\n    textField((id: 'i)n(put'-), text: bind('value', target: model), (colum-)n(s: 20))\n    textField((i)d(------): ('-------)o(-)u(tput'--), text: bind { model.value }, (columns): (20, edi)t(able: false))\n    button(action: clickAction)\n}
|        |      (---~---------------------------------)a(---------------------~---~-----------------------)p(-------------------------------------------~---------------------------------)p(---------)li(--)c(--------------------~--------)a(----)t(-)i(-----)o(--------------)n(------~---~--------------------------------------------------~---~-----------------------------------------------------------------------~---------------------------------------------------------------------~----------------------------------------------------------------------------~-----------------------------------------------------------------------~----------------------------------~----~-----------)(title: app.config.application.title, pack: true) {\n    actions {\n        action((name): '(C)lick(------)', (id--): '(c)lick(Action)', closure: { controller.click(it) })\n    }\n    gridLayout((r)o(w)s: (3), (c)o(l)s: (1))\n    textField((colum-)n(s: 20), text: bind('value', target: model), (id: 'i)n(put'-))\n    textField((e)d(itable): (false, c)o(l)u(mns: 20), text: bind { model.value }, (id-----): ('outpu-)t('----------))\n    button(action: clickAction)\n}
|        /*
|         * Copyright 2008-2015 the original author or authors.
|         *
|         * Licensed under the Apache License, Version 2.0 (the &quot;License&quot;);
|         * you may not use this file except in compliance with the License.
|         * You may obtain a copy of the License at
|         *
|         *     http://www.apache.org/licenses/LICENSE-2.0
|         *
|         * Unless required by applicable law or agreed to in writing, software
|         * distributed under the License is distributed on an &quot;AS IS&quot; BASIS,
|         * WITHOUT WARRANTIES OR CONDITIONS OF ANY KIND, either express or implied.
|         * See the License for the specific language governing permissions and
|         * limitations under the License.
|         */
|        application(title: app.config.application.title, pack: true) {
|            actions {
|                action(id: 'clickAction', name: 'Click', closure: { controller.click(it) })
|            }
|            gridLayout(cols: 1, rows: 3)
|            textField(id: 'input', text: bind('value', target: model), columns: 20)
|            textField(id: 'output', text: bind { model.value }, columns: 20, editable: false)
|            button(action: clickAction)
|        }
/*
 * Copyright 2008-2015 the original author or authors.
 *
 * Licensed under the Apache License, Version 2.0 (the &quot;License&quot;);
 * you may not use this file except in compliance with the License.
 * You may obtain a copy of the License at
 *
 *     http://www.apache.org/licenses/LICENSE-2.0
 *
 * Unless required by applicable law or agreed to in writing, software
 * distributed under the License is distributed on an &quot;AS IS&quot; BASIS,
 * WITHOUT WARRANTIES OR CONDITIONS OF ANY KIND, either express or implied.
 * See the License for the specific language governing permissions and
 * limitations under the License.
 */
application(title: app.config.application.title, pack: true) {
    actions {
        action(id: 'clickAction', name: 'Click', closure: { controller.click(it) })
    }
    gridLayout(cols: 1, rows: 3)
    textField(id: 'input', text: bind('value', target: model), columns: 20)
    textField(id: 'output', text: bind { model.value }, columns: 20, editable: false)
    button(action: clickAction)
}

	at griffon.util.Xml2GroovySpec.Parse application.xml from #type(Xml2GroovySpec.groovy:38)
</failure>
  </testcase>
  <testcase name="Parse application.xml from uri" classname="griffon.util.Xml2GroovySpec" time="0.011">
    <failure message="Condition not satisfied:&#10;&#10;expected.trim() == output.trim() || expected8.trim() == output.trim()&#10;|        |      |  |      |      |  |         |      |  |      |&#10;|        |      |  |      |      |  |         |      |  |      application(title: app.config.application.title, pack: true) {&#10;|        |      |  |      |      |  |         |      |  |          actions {&#10;|        |      |  |      |      |  |         |      |  |              action(name: 'Click', id: 'clickAction', closure: { controller.click(it) })&#10;|        |      |  |      |      |  |         |      |  |          }&#10;|        |      |  |      |      |  |         |      |  |          gridLayout(rows: 3, cols: 1)&#10;|        |      |  |      |      |  |         |      |  |          textField(columns: 20, text: bind('value', target: model), id: 'input')&#10;|        |      |  |      |      |  |         |      |  |          textField(editable: false, columns: 20, text: bind { model.value }, id: 'output')&#10;|        |      |  |      |      |  |         |      |  |          button(action: clickAction)&#10;|        |      |  |      |      |  |         |      |  |      }&#10;|        |      |  |      |      |  |         |      |  application(title: app.config.application.title, pack: true) {&#10;|        |      |  |      |      |  |         |      |      actions {&#10;|        |      |  |      |      |  |         |      |          action(name: 'Click', id: 'clickAction', closure: { controller.click(it) })&#10;|        |      |  |      |      |  |         |      |      }&#10;|        |      |  |      |      |  |         |      |      gridLayout(rows: 3, cols: 1)&#10;|        |      |  |      |      |  |         |      |      textField(columns: 20, text: bind('value', target: model), id: 'input')&#10;|        |      |  |      |      |  |         |      |      textField(editable: false, columns: 20, text: bind { model.value }, id: 'output')&#10;|        |      |  |      |      |  |         |      |      button(action: clickAction)&#10;|        |      |  |      |      |  |         |      |  }&#10;|        |      |  |      |      |  |         |      false&#10;|        |      |  |      |      |  |         |      620 differences (38% similarity)&#10;|        |      |  |      |      |  |         |      (/*\n * Copyright 2008-2015 the origin)a(l author or authors.\n *\n * Licensed under the A)p(ache License, Version 2.0 (the &quot;License&quot;);\n * you may not use this file exce)p(t in comp)li(an)c(e with the License.\n * You m)a(y ob)t(a)i(n a c)o(py of the Lice)n(se at\n *\n *     http://www.apache.org/licenses/LICENSE-2.0\n *\n * Unless required by applicable law or agreed to in writing, software\n * distributed under the License is distributed on an &quot;AS IS&quot; BASIS,\n * WITHOUT WARRANTIES OR CONDITIONS OF ANY KIND, either express or implied.\n * See the License for the specific language governing permissions and\n * limitations under the License.\n */\napplication)(title: app.config.application.title, pack: true) {\n    actions {\n        action(name: 'Click', id: 'clickAction', closure: { controller.click(it) })\n    }\n    gridLayout(rows: 3, cols: 1)\n    textField(columns: 20, text: bind('value', target: model), id: 'input')\n    textField(editable: false, columns: 20, text: bind { model.value }, id: 'output')\n    button(action: clickAction)\n}&#10;|        |      |  |      |      |  |         |      (---~---------------------------------)a(---------------------~---~-----------------------)p(-------------------------------------------~---------------------------------)p(---------)li(--)c(--------------------~--------)a(----)t(-)i(-----)o(--------------)n(------~---~--------------------------------------------------~---~-----------------------------------------------------------------------~---------------------------------------------------------------------~----------------------------------------------------------------------------~-----------------------------------------------------------------------~----------------------------------~----~-----------)(title: app.config.application.title, pack: true) {\n    actions {\n        action(name: 'Click', id: 'clickAction', closure: { controller.click(it) })\n    }\n    gridLayout(rows: 3, cols: 1)\n    textField(columns: 20, text: bind('value', target: model), id: 'input')\n    textField(editable: false, columns: 20, text: bind { model.value }, id: 'output')\n    button(action: clickAction)\n}&#10;|        |      |  |      |      |  |         /*&#10;|        |      |  |      |      |  |          * Copyright 2008-2015 the original author or authors.&#10;|        |      |  |      |      |  |          *&#10;|        |      |  |      |      |  |          * Licensed under the Apache License, Version 2.0 (the &quot;License&quot;);&#10;|        |      |  |      |      |  |          * you may not use this file except in compliance with the License.&#10;|        |      |  |      |      |  |          * You may obtain a copy of the License at&#10;|        |      |  |      |      |  |          *&#10;|        |      |  |      |      |  |          *     http://www.apache.org/licenses/LICENSE-2.0&#10;|        |      |  |      |      |  |          *&#10;|        |      |  |      |      |  |          * Unless required by applicable law or agreed to in writing, software&#10;|        |      |  |      |      |  |          * distributed under the License is distributed on an &quot;AS IS&quot; BASIS,&#10;|        |      |  |      |      |  |          * WITHOUT WARRANTIES OR CONDITIONS OF ANY KIND, either express or implied.&#10;|        |      |  |      |      |  |          * See the License for the specific language governing permissions and&#10;|        |      |  |      |      |  |          * limitations under the License.&#10;|        |      |  |      |      |  |          */&#10;|        |      |  |      |      |  |         application(title: app.config.application.title, pack: true) {&#10;|        |      |  |      |      |  |             actions {&#10;|        |      |  |      |      |  |                 action(name: 'Click', id: 'clickAction', closure: { controller.click(it) })&#10;|        |      |  |      |      |  |             }&#10;|        |      |  |      |      |  |             gridLayout(rows: 3, cols: 1)&#10;|        |      |  |      |      |  |             textField(columns: 20, text: bind('value', target: model), id: 'input')&#10;|        |      |  |      |      |  |             textField(editable: false, columns: 20, text: bind { model.value }, id: 'output')&#10;|        |      |  |      |      |  |             button(action: clickAction)&#10;|        |      |  |      |      |  |         }&#10;|        |      |  |      |      |  /*&#10;|        |      |  |      |      |   * Copyright 2008-2015 the original author or authors.&#10;|        |      |  |      |      |   *&#10;|        |      |  |      |      |   * Licensed under the Apache License, Version 2.0 (the &quot;License&quot;);&#10;|        |      |  |      |      |   * you may not use this file except in compliance with the License.&#10;|        |      |  |      |      |   * You may obtain a copy of the License at&#10;|        |      |  |      |      |   *&#10;|        |      |  |      |      |   *     http://www.apache.org/licenses/LICENSE-2.0&#10;|        |      |  |      |      |   *&#10;|        |      |  |      |      |   * Unless required by applicable law or agreed to in writing, software&#10;|        |      |  |      |      |   * distributed under the License is distributed on an &quot;AS IS&quot; BASIS,&#10;|        |      |  |      |      |   * WITHOUT WARRANTIES OR CONDITIONS OF ANY KIND, either express or implied.&#10;|        |      |  |      |      |   * See the License for the specific language governing permissions and&#10;|        |      |  |      |      |   * limitations under the License.&#10;|        |      |  |      |      |   */&#10;|        |      |  |      |      |  application(title: app.config.application.title, pack: true) {&#10;|        |      |  |      |      |      actions {&#10;|        |      |  |      |      |          action(name: 'Click', id: 'clickAction', closure: { controller.click(it) })&#10;|        |      |  |      |      |      }&#10;|        |      |  |      |      |      gridLayout(rows: 3, cols: 1)&#10;|        |      |  |      |      |      textField(columns: 20, text: bind('value', target: model), id: 'input')&#10;|        |      |  |      |      |      textField(editable: false, columns: 20, text: bind { model.value }, id: 'output')&#10;|        |      |  |      |      |      button(action: clickAction)&#10;|        |      |  |      |      |  }&#10;|        |      |  |      |      false&#10;|        |      |  |      application(title: app.config.application.title, pack: true) {&#10;|        |      |  |          actions {&#10;|        |      |  |              action(name: 'Click', id: 'clickAction', closure: { controller.click(it) })&#10;|        |      |  |          }&#10;|        |      |  |          gridLayout(rows: 3, cols: 1)&#10;|        |      |  |          textField(columns: 20, text: bind('value', target: model), id: 'input')&#10;|        |      |  |          textField(editable: false, columns: 20, text: bind { model.value }, id: 'output')&#10;|        |      |  |          button(action: clickAction)&#10;|        |      |  |      }&#10;|        |      |  application(title: app.config.application.title, pack: true) {&#10;|        |      |      actions {&#10;|        |      |          action(name: 'Click', id: 'clickAction', closure: { controller.click(it) })&#10;|        |      |      }&#10;|        |      |      gridLayout(rows: 3, cols: 1)&#10;|        |      |      textField(columns: 20, text: bind('value', target: model), id: 'input')&#10;|        |      |      textField(editable: false, columns: 20, text: bind { model.value }, id: 'output')&#10;|        |      |      button(action: clickAction)&#10;|        |      |  }&#10;|        |      false&#10;|        |      718 differences (29% similarity)&#10;|        |      (/*\n * Copyright 2008-2015 the origin)a(l author or authors.\n *\n * Licensed under the A)p(ache License, Version 2.0 (the &quot;License&quot;);\n * you may not use this file exce)p(t in comp)li(an)c(e with the License.\n * You m)a(y ob)t(a)i(n a c)o(py of the Lice)n(se at\n *\n *     http://www.apache.org/licenses/LICENSE-2.0\n *\n * Unless required by applicable law or agreed to in writing, software\n * distributed under the License is distributed on an &quot;AS IS&quot; BASIS,\n * WITHOUT WARRANTIES OR CONDITIONS OF ANY KIND, either express or implied.\n * See the License for the specific language governing permissions and\n * limitations under the License.\n */\napplication)(title: app.config.application.title, pack: true) {\n    actions {\n        action((id--): '(c)lick(Action)', (name): '(C)lick(------)', closure: { controller.click(it) })\n    }\n    gridLayout((c)o(l)s: (1), (r)o(w)s: (3))\n    textField((id: 'i)n(put'-), text: bind('value', target: model), (colum-)n(s: 20))\n    textField((i)d(------): ('-------)o(-)u(tput'--), text: bind { model.value }, (columns): (20, edi)t(able: false))\n    button(action: clickAction)\n}&#10;|        |      (---~---------------------------------)a(---------------------~---~-----------------------)p(-------------------------------------------~---------------------------------)p(---------)li(--)c(--------------------~--------)a(----)t(-)i(-----)o(--------------)n(------~---~--------------------------------------------------~---~-----------------------------------------------------------------------~---------------------------------------------------------------------~----------------------------------------------------------------------------~-----------------------------------------------------------------------~----------------------------------~----~-----------)(title: app.config.application.title, pack: true) {\n    actions {\n        action((name): '(C)lick(------)', (id--): '(c)lick(Action)', closure: { controller.click(it) })\n    }\n    gridLayout((r)o(w)s: (3), (c)o(l)s: (1))\n    textField((colum-)n(s: 20), text: bind('value', target: model), (id: 'i)n(put'-))\n    textField((e)d(itable): (false, c)o(l)u(mns: 20), text: bind { model.value }, (id-----): ('outpu-)t('----------))\n    button(action: clickAction)\n}&#10;|        /*&#10;|         * Copyright 2008-2015 the original author or authors.&#10;|         *&#10;|         * Licensed under the Apache License, Version 2.0 (the &quot;License&quot;);&#10;|         * you may not use this file except in compliance with the License.&#10;|         * You may obtain a copy of the License at&#10;|         *&#10;|         *     http://www.apache.org/licenses/LICENSE-2.0&#10;|         *&#10;|         * Unless required by applicable law or agreed to in writing, software&#10;|         * distributed under the License is distributed on an &quot;AS IS&quot; BASIS,&#10;|         * WITHOUT WARRANTIES OR CONDITIONS OF ANY KIND, either express or implied.&#10;|         * See the License for the specific language governing permissions and&#10;|         * limitations under the License.&#10;|         */&#10;|        application(title: app.config.application.title, pack: true) {&#10;|            actions {&#10;|                action(id: 'clickAction', name: 'Click', closure: { controller.click(it) })&#10;|            }&#10;|            gridLayout(cols: 1, rows: 3)&#10;|            textField(id: 'input', text: bind('value', target: model), columns: 20)&#10;|            textField(id: 'output', text: bind { model.value }, columns: 20, editable: false)&#10;|            button(action: clickAction)&#10;|        }&#10;/*&#10; * Copyright 2008-2015 the original author or authors.&#10; *&#10; * Licensed under the Apache License, Version 2.0 (the &quot;License&quot;);&#10; * you may not use this file except in compliance with the License.&#10; * You may obtain a copy of the License at&#10; *&#10; *     http://www.apache.org/licenses/LICENSE-2.0&#10; *&#10; * Unless required by applicable law or agreed to in writing, software&#10; * distributed under the License is distributed on an &quot;AS IS&quot; BASIS,&#10; * WITHOUT WARRANTIES OR CONDITIONS OF ANY KIND, either express or implied.&#10; * See the License for the specific language governing permissions and&#10; * limitations under the License.&#10; */&#10;application(title: app.config.application.title, pack: true) {&#10;    actions {&#10;        action(id: 'clickAction', name: 'Click', closure: { controller.click(it) })&#10;    }&#10;    gridLayout(cols: 1, rows: 3)&#10;    textField(id: 'input', text: bind('value', target: model), columns: 20)&#10;    textField(id: 'output', text: bind { model.value }, columns: 20, editable: false)&#10;    button(action: clickAction)&#10;}&#10;" type="org.spockframework.runtime.ConditionNotSatisfiedError">Condition not satisfied:

expected.trim() == output.trim() || expected8.trim() == output.trim()
|        |      |  |      |      |  |         |      |  |      |
|        |      |  |      |      |  |         |      |  |      application(title: app.config.application.title, pack: true) {
|        |      |  |      |      |  |         |      |  |          actions {
|        |      |  |      |      |  |         |      |  |              action(name: 'Click', id: 'clickAction', closure: { controller.click(it) })
|        |      |  |      |      |  |         |      |  |          }
|        |      |  |      |      |  |         |      |  |          gridLayout(rows: 3, cols: 1)
|        |      |  |      |      |  |         |      |  |          textField(columns: 20, text: bind('value', target: model), id: 'input')
|        |      |  |      |      |  |         |      |  |          textField(editable: false, columns: 20, text: bind { model.value }, id: 'output')
|        |      |  |      |      |  |         |      |  |          button(action: clickAction)
|        |      |  |      |      |  |         |      |  |      }
|        |      |  |      |      |  |         |      |  application(title: app.config.application.title, pack: true) {
|        |      |  |      |      |  |         |      |      actions {
|        |      |  |      |      |  |         |      |          action(name: 'Click', id: 'clickAction', closure: { controller.click(it) })
|        |      |  |      |      |  |         |      |      }
|        |      |  |      |      |  |         |      |      gridLayout(rows: 3, cols: 1)
|        |      |  |      |      |  |         |      |      textField(columns: 20, text: bind('value', target: model), id: 'input')
|        |      |  |      |      |  |         |      |      textField(editable: false, columns: 20, text: bind { model.value }, id: 'output')
|        |      |  |      |      |  |         |      |      button(action: clickAction)
|        |      |  |      |      |  |         |      |  }
|        |      |  |      |      |  |         |      false
|        |      |  |      |      |  |         |      620 differences (38% similarity)
|        |      |  |      |      |  |         |      (/*\n * Copyright 2008-2015 the origin)a(l author or authors.\n *\n * Licensed under the A)p(ache License, Version 2.0 (the &quot;License&quot;);\n * you may not use this file exce)p(t in comp)li(an)c(e with the License.\n * You m)a(y ob)t(a)i(n a c)o(py of the Lice)n(se at\n *\n *     http://www.apache.org/licenses/LICENSE-2.0\n *\n * Unless required by applicable law or agreed to in writing, software\n * distributed under the License is distributed on an &quot;AS IS&quot; BASIS,\n * WITHOUT WARRANTIES OR CONDITIONS OF ANY KIND, either express or implied.\n * See the License for the specific language governing permissions and\n * limitations under the License.\n */\napplication)(title: app.config.application.title, pack: true) {\n    actions {\n        action(name: 'Click', id: 'clickAction', closure: { controller.click(it) })\n    }\n    gridLayout(rows: 3, cols: 1)\n    textField(columns: 20, text: bind('value', target: model), id: 'input')\n    textField(editable: false, columns: 20, text: bind { model.value }, id: 'output')\n    button(action: clickAction)\n}
|        |      |  |      |      |  |         |      (---~---------------------------------)a(---------------------~---~-----------------------)p(-------------------------------------------~---------------------------------)p(---------)li(--)c(--------------------~--------)a(----)t(-)i(-----)o(--------------)n(------~---~--------------------------------------------------~---~-----------------------------------------------------------------------~---------------------------------------------------------------------~----------------------------------------------------------------------------~-----------------------------------------------------------------------~----------------------------------~----~-----------)(title: app.config.application.title, pack: true) {\n    actions {\n        action(name: 'Click', id: 'clickAction', closure: { controller.click(it) })\n    }\n    gridLayout(rows: 3, cols: 1)\n    textField(columns: 20, text: bind('value', target: model), id: 'input')\n    textField(editable: false, columns: 20, text: bind { model.value }, id: 'output')\n    button(action: clickAction)\n}
|        |      |  |      |      |  |         /*
|        |      |  |      |      |  |          * Copyright 2008-2015 the original author or authors.
|        |      |  |      |      |  |          *
|        |      |  |      |      |  |          * Licensed under the Apache License, Version 2.0 (the &quot;License&quot;);
|        |      |  |      |      |  |          * you may not use this file except in compliance with the License.
|        |      |  |      |      |  |          * You may obtain a copy of the License at
|        |      |  |      |      |  |          *
|        |      |  |      |      |  |          *     http://www.apache.org/licenses/LICENSE-2.0
|        |      |  |      |      |  |          *
|        |      |  |      |      |  |          * Unless required by applicable law or agreed to in writing, software
|        |      |  |      |      |  |          * distributed under the License is distributed on an &quot;AS IS&quot; BASIS,
|        |      |  |      |      |  |          * WITHOUT WARRANTIES OR CONDITIONS OF ANY KIND, either express or implied.
|        |      |  |      |      |  |          * See the License for the specific language governing permissions and
|        |      |  |      |      |  |          * limitations under the License.
|        |      |  |      |      |  |          */
|        |      |  |      |      |  |         application(title: app.config.application.title, pack: true) {
|        |      |  |      |      |  |             actions {
|        |      |  |      |      |  |                 action(name: 'Click', id: 'clickAction', closure: { controller.click(it) })
|        |      |  |      |      |  |             }
|        |      |  |      |      |  |             gridLayout(rows: 3, cols: 1)
|        |      |  |      |      |  |             textField(columns: 20, text: bind('value', target: model), id: 'input')
|        |      |  |      |      |  |             textField(editable: false, columns: 20, text: bind { model.value }, id: 'output')
|        |      |  |      |      |  |             button(action: clickAction)
|        |      |  |      |      |  |         }
|        |      |  |      |      |  /*
|        |      |  |      |      |   * Copyright 2008-2015 the original author or authors.
|        |      |  |      |      |   *
|        |      |  |      |      |   * Licensed under the Apache License, Version 2.0 (the &quot;License&quot;);
|        |      |  |      |      |   * you may not use this file except in compliance with the License.
|        |      |  |      |      |   * You may obtain a copy of the License at
|        |      |  |      |      |   *
|        |      |  |      |      |   *     http://www.apache.org/licenses/LICENSE-2.0
|        |      |  |      |      |   *
|        |      |  |      |      |   * Unless required by applicable law or agreed to in writing, software
|        |      |  |      |      |   * distributed under the License is distributed on an &quot;AS IS&quot; BASIS,
|        |      |  |      |      |   * WITHOUT WARRANTIES OR CONDITIONS OF ANY KIND, either express or implied.
|        |      |  |      |      |   * See the License for the specific language governing permissions and
|        |      |  |      |      |   * limitations under the License.
|        |      |  |      |      |   */
|        |      |  |      |      |  application(title: app.config.application.title, pack: true) {
|        |      |  |      |      |      actions {
|        |      |  |      |      |          action(name: 'Click', id: 'clickAction', closure: { controller.click(it) })
|        |      |  |      |      |      }
|        |      |  |      |      |      gridLayout(rows: 3, cols: 1)
|        |      |  |      |      |      textField(columns: 20, text: bind('value', target: model), id: 'input')
|        |      |  |      |      |      textField(editable: false, columns: 20, text: bind { model.value }, id: 'output')
|        |      |  |      |      |      button(action: clickAction)
|        |      |  |      |      |  }
|        |      |  |      |      false
|        |      |  |      application(title: app.config.application.title, pack: true) {
|        |      |  |          actions {
|        |      |  |              action(name: 'Click', id: 'clickAction', closure: { controller.click(it) })
|        |      |  |          }
|        |      |  |          gridLayout(rows: 3, cols: 1)
|        |      |  |          textField(columns: 20, text: bind('value', target: model), id: 'input')
|        |      |  |          textField(editable: false, columns: 20, text: bind { model.value }, id: 'output')
|        |      |  |          button(action: clickAction)
|        |      |  |      }
|        |      |  application(title: app.config.application.title, pack: true) {
|        |      |      actions {
|        |      |          action(name: 'Click', id: 'clickAction', closure: { controller.click(it) })
|        |      |      }
|        |      |      gridLayout(rows: 3, cols: 1)
|        |      |      textField(columns: 20, text: bind('value', target: model), id: 'input')
|        |      |      textField(editable: false, columns: 20, text: bind { model.value }, id: 'output')
|        |      |      button(action: clickAction)
|        |      |  }
|        |      false
|        |      718 differences (29% similarity)
|        |      (/*\n * Copyright 2008-2015 the origin)a(l author or authors.\n *\n * Licensed under the A)p(ache License, Version 2.0 (the &quot;License&quot;);\n * you may not use this file exce)p(t in comp)li(an)c(e with the License.\n * You m)a(y ob)t(a)i(n a c)o(py of the Lice)n(se at\n *\n *     http://www.apache.org/licenses/LICENSE-2.0\n *\n * Unless required by applicable law or agreed to in writing, software\n * distributed under the License is distributed on an &quot;AS IS&quot; BASIS,\n * WITHOUT WARRANTIES OR CONDITIONS OF ANY KIND, either express or implied.\n * See the License for the specific language governing permissions and\n * limitations under the License.\n */\napplication)(title: app.config.application.title, pack: true) {\n    actions {\n        action((id--): '(c)lick(Action)', (name): '(C)lick(------)', closure: { controller.click(it) })\n    }\n    gridLayout((c)o(l)s: (1), (r)o(w)s: (3))\n    textField((id: 'i)n(put'-), text: bind('value', target: model), (colum-)n(s: 20))\n    textField((i)d(------): ('-------)o(-)u(tput'--), text: bind { model.value }, (columns): (20, edi)t(able: false))\n    button(action: clickAction)\n}
|        |      (---~---------------------------------)a(---------------------~---~-----------------------)p(-------------------------------------------~---------------------------------)p(---------)li(--)c(--------------------~--------)a(----)t(-)i(-----)o(--------------)n(------~---~--------------------------------------------------~---~-----------------------------------------------------------------------~---------------------------------------------------------------------~----------------------------------------------------------------------------~-----------------------------------------------------------------------~----------------------------------~----~-----------)(title: app.config.application.title, pack: true) {\n    actions {\n        action((name): '(C)lick(------)', (id--): '(c)lick(Action)', closure: { controller.click(it) })\n    }\n    gridLayout((r)o(w)s: (3), (c)o(l)s: (1))\n    textField((colum-)n(s: 20), text: bind('value', target: model), (id: 'i)n(put'-))\n    textField((e)d(itable): (false, c)o(l)u(mns: 20), text: bind { model.value }, (id-----): ('outpu-)t('----------))\n    button(action: clickAction)\n}
|        /*
|         * Copyright 2008-2015 the original author or authors.
|         *
|         * Licensed under the Apache License, Version 2.0 (the &quot;License&quot;);
|         * you may not use this file except in compliance with the License.
|         * You may obtain a copy of the License at
|         *
|         *     http://www.apache.org/licenses/LICENSE-2.0
|         *
|         * Unless required by applicable law or agreed to in writing, software
|         * distributed under the License is distributed on an &quot;AS IS&quot; BASIS,
|         * WITHOUT WARRANTIES OR CONDITIONS OF ANY KIND, either express or implied.
|         * See the License for the specific language governing permissions and
|         * limitations under the License.
|         */
|        application(title: app.config.application.title, pack: true) {
|            actions {
|                action(id: 'clickAction', name: 'Click', closure: { controller.click(it) })
|            }
|            gridLayout(cols: 1, rows: 3)
|            textField(id: 'input', text: bind('value', target: model), columns: 20)
|            textField(id: 'output', text: bind { model.value }, columns: 20, editable: false)
|            button(action: clickAction)
|        }
/*
 * Copyright 2008-2015 the original author or authors.
 *
 * Licensed under the Apache License, Version 2.0 (the &quot;License&quot;);
 * you may not use this file except in compliance with the License.
 * You may obtain a copy of the License at
 *
 *     http://www.apache.org/licenses/LICENSE-2.0
 *
 * Unless required by applicable law or agreed to in writing, software
 * distributed under the License is distributed on an &quot;AS IS&quot; BASIS,
 * WITHOUT WARRANTIES OR CONDITIONS OF ANY KIND, either express or implied.
 * See the License for the specific language governing permissions and
 * limitations under the License.
 */
application(title: app.config.application.title, pack: true) {
    actions {
        action(id: 'clickAction', name: 'Click', closure: { controller.click(it) })
    }
    gridLayout(cols: 1, rows: 3)
    textField(id: 'input', text: bind('value', target: model), columns: 20)
    textField(id: 'output', text: bind { model.value }, columns: 20, editable: false)
    button(action: clickAction)
}

	at griffon.util.Xml2GroovySpec.Parse application.xml from #type(Xml2GroovySpec.groovy:38)
</failure>
  </testcase>
  <testcase name="Parse application.xml from gpathResult" classname="griffon.util.Xml2GroovySpec" time="0.004">
    <failure message="Condition not satisfied:&#10;&#10;expected.trim() == output.trim() || expected8.trim() == output.trim()&#10;|        |      |  |      |      |  |         |      |  |      |&#10;|        |      |  |      |      |  |         |      |  |      application(title: app.config.application.title, pack: true) {&#10;|        |      |  |      |      |  |         |      |  |          actions {&#10;|        |      |  |      |      |  |         |      |  |              action(name: 'Click', id: 'clickAction', closure: { controller.click(it) })&#10;|        |      |  |      |      |  |         |      |  |          }&#10;|        |      |  |      |      |  |         |      |  |          gridLayout(rows: 3, cols: 1)&#10;|        |      |  |      |      |  |         |      |  |          textField(columns: 20, text: bind('value', target: model), id: 'input')&#10;|        |      |  |      |      |  |         |      |  |          textField(editable: false, columns: 20, text: bind { model.value }, id: 'output')&#10;|        |      |  |      |      |  |         |      |  |          button(action: clickAction)&#10;|        |      |  |      |      |  |         |      |  |      }&#10;|        |      |  |      |      |  |         |      |  application(title: app.config.application.title, pack: true) {&#10;|        |      |  |      |      |  |         |      |      actions {&#10;|        |      |  |      |      |  |         |      |          action(name: 'Click', id: 'clickAction', closure: { controller.click(it) })&#10;|        |      |  |      |      |  |         |      |      }&#10;|        |      |  |      |      |  |         |      |      gridLayout(rows: 3, cols: 1)&#10;|        |      |  |      |      |  |         |      |      textField(columns: 20, text: bind('value', target: model), id: 'input')&#10;|        |      |  |      |      |  |         |      |      textField(editable: false, columns: 20, text: bind { model.value }, id: 'output')&#10;|        |      |  |      |      |  |         |      |      button(action: clickAction)&#10;|        |      |  |      |      |  |         |      |  }&#10;|        |      |  |      |      |  |         |      false&#10;|        |      |  |      |      |  |         |      620 differences (38% similarity)&#10;|        |      |  |      |      |  |         |      (/*\n * Copyright 2008-2015 the origin)a(l author or authors.\n *\n * Licensed under the A)p(ache License, Version 2.0 (the &quot;License&quot;);\n * you may not use this file exce)p(t in comp)li(an)c(e with the License.\n * You m)a(y ob)t(a)i(n a c)o(py of the Lice)n(se at\n *\n *     http://www.apache.org/licenses/LICENSE-2.0\n *\n * Unless required by applicable law or agreed to in writing, software\n * distributed under the License is distributed on an &quot;AS IS&quot; BASIS,\n * WITHOUT WARRANTIES OR CONDITIONS OF ANY KIND, either express or implied.\n * See the License for the specific language governing permissions and\n * limitations under the License.\n */\napplication)(title: app.config.application.title, pack: true) {\n    actions {\n        action(name: 'Click', id: 'clickAction', closure: { controller.click(it) })\n    }\n    gridLayout(rows: 3, cols: 1)\n    textField(columns: 20, text: bind('value', target: model), id: 'input')\n    textField(editable: false, columns: 20, text: bind { model.value }, id: 'output')\n    button(action: clickAction)\n}&#10;|        |      |  |      |      |  |         |      (---~---------------------------------)a(---------------------~---~-----------------------)p(-------------------------------------------~---------------------------------)p(---------)li(--)c(--------------------~--------)a(----)t(-)i(-----)o(--------------)n(------~---~--------------------------------------------------~---~-----------------------------------------------------------------------~---------------------------------------------------------------------~----------------------------------------------------------------------------~-----------------------------------------------------------------------~----------------------------------~----~-----------)(title: app.config.application.title, pack: true) {\n    actions {\n        action(name: 'Click', id: 'clickAction', closure: { controller.click(it) })\n    }\n    gridLayout(rows: 3, cols: 1)\n    textField(columns: 20, text: bind('value', target: model), id: 'input')\n    textField(editable: false, columns: 20, text: bind { model.value }, id: 'output')\n    button(action: clickAction)\n}&#10;|        |      |  |      |      |  |         /*&#10;|        |      |  |      |      |  |          * Copyright 2008-2015 the original author or authors.&#10;|        |      |  |      |      |  |          *&#10;|        |      |  |      |      |  |          * Licensed under the Apache License, Version 2.0 (the &quot;License&quot;);&#10;|        |      |  |      |      |  |          * you may not use this file except in compliance with the License.&#10;|        |      |  |      |      |  |          * You may obtain a copy of the License at&#10;|        |      |  |      |      |  |          *&#10;|        |      |  |      |      |  |          *     http://www.apache.org/licenses/LICENSE-2.0&#10;|        |      |  |      |      |  |          *&#10;|        |      |  |      |      |  |          * Unless required by applicable law or agreed to in writing, software&#10;|        |      |  |      |      |  |          * distributed under the License is distributed on an &quot;AS IS&quot; BASIS,&#10;|        |      |  |      |      |  |          * WITHOUT WARRANTIES OR CONDITIONS OF ANY KIND, either express or implied.&#10;|        |      |  |      |      |  |          * See the License for the specific language governing permissions and&#10;|        |      |  |      |      |  |          * limitations under the License.&#10;|        |      |  |      |      |  |          */&#10;|        |      |  |      |      |  |         application(title: app.config.application.title, pack: true) {&#10;|        |      |  |      |      |  |             actions {&#10;|        |      |  |      |      |  |                 action(name: 'Click', id: 'clickAction', closure: { controller.click(it) })&#10;|        |      |  |      |      |  |             }&#10;|        |      |  |      |      |  |             gridLayout(rows: 3, cols: 1)&#10;|        |      |  |      |      |  |             textField(columns: 20, text: bind('value', target: model), id: 'input')&#10;|        |      |  |      |      |  |             textField(editable: false, columns: 20, text: bind { model.value }, id: 'output')&#10;|        |      |  |      |      |  |             button(action: clickAction)&#10;|        |      |  |      |      |  |         }&#10;|        |      |  |      |      |  /*&#10;|        |      |  |      |      |   * Copyright 2008-2015 the original author or authors.&#10;|        |      |  |      |      |   *&#10;|        |      |  |      |      |   * Licensed under the Apache License, Version 2.0 (the &quot;License&quot;);&#10;|        |      |  |      |      |   * you may not use this file except in compliance with the License.&#10;|        |      |  |      |      |   * You may obtain a copy of the License at&#10;|        |      |  |      |      |   *&#10;|        |      |  |      |      |   *     http://www.apache.org/licenses/LICENSE-2.0&#10;|        |      |  |      |      |   *&#10;|        |      |  |      |      |   * Unless required by applicable law or agreed to in writing, software&#10;|        |      |  |      |      |   * distributed under the License is distributed on an &quot;AS IS&quot; BASIS,&#10;|        |      |  |      |      |   * WITHOUT WARRANTIES OR CONDITIONS OF ANY KIND, either express or implied.&#10;|        |      |  |      |      |   * See the License for the specific language governing permissions and&#10;|        |      |  |      |      |   * limitations under the License.&#10;|        |      |  |      |      |   */&#10;|        |      |  |      |      |  application(title: app.config.application.title, pack: true) {&#10;|        |      |  |      |      |      actions {&#10;|        |      |  |      |      |          action(name: 'Click', id: 'clickAction', closure: { controller.click(it) })&#10;|        |      |  |      |      |      }&#10;|        |      |  |      |      |      gridLayout(rows: 3, cols: 1)&#10;|        |      |  |      |      |      textField(columns: 20, text: bind('value', target: model), id: 'input')&#10;|        |      |  |      |      |      textField(editable: false, columns: 20, text: bind { model.value }, id: 'output')&#10;|        |      |  |      |      |      button(action: clickAction)&#10;|        |      |  |      |      |  }&#10;|        |      |  |      |      false&#10;|        |      |  |      application(title: app.config.application.title, pack: true) {&#10;|        |      |  |          actions {&#10;|        |      |  |              action(name: 'Click', id: 'clickAction', closure: { controller.click(it) })&#10;|        |      |  |          }&#10;|        |      |  |          gridLayout(rows: 3, cols: 1)&#10;|        |      |  |          textField(columns: 20, text: bind('value', target: model), id: 'input')&#10;|        |      |  |          textField(editable: false, columns: 20, text: bind { model.value }, id: 'output')&#10;|        |      |  |          button(action: clickAction)&#10;|        |      |  |      }&#10;|        |      |  application(title: app.config.application.title, pack: true) {&#10;|        |      |      actions {&#10;|        |      |          action(name: 'Click', id: 'clickAction', closure: { controller.click(it) })&#10;|        |      |      }&#10;|        |      |      gridLayout(rows: 3, cols: 1)&#10;|        |      |      textField(columns: 20, text: bind('value', target: model), id: 'input')&#10;|        |      |      textField(editable: false, columns: 20, text: bind { model.value }, id: 'output')&#10;|        |      |      button(action: clickAction)&#10;|        |      |  }&#10;|        |      false&#10;|        |      718 differences (29% similarity)&#10;|        |      (/*\n * Copyright 2008-2015 the origin)a(l author or authors.\n *\n * Licensed under the A)p(ache License, Version 2.0 (the &quot;License&quot;);\n * you may not use this file exce)p(t in comp)li(an)c(e with the License.\n * You m)a(y ob)t(a)i(n a c)o(py of the Lice)n(se at\n *\n *     http://www.apache.org/licenses/LICENSE-2.0\n *\n * Unless required by applicable law or agreed to in writing, software\n * distributed under the License is distributed on an &quot;AS IS&quot; BASIS,\n * WITHOUT WARRANTIES OR CONDITIONS OF ANY KIND, either express or implied.\n * See the License for the specific language governing permissions and\n * limitations under the License.\n */\napplication)(title: app.config.application.title, pack: true) {\n    actions {\n        action((id--): '(c)lick(Action)', (name): '(C)lick(------)', closure: { controller.click(it) })\n    }\n    gridLayout((c)o(l)s: (1), (r)o(w)s: (3))\n    textField((id: 'i)n(put'-), text: bind('value', target: model), (colum-)n(s: 20))\n    textField((i)d(------): ('-------)o(-)u(tput'--), text: bind { model.value }, (columns): (20, edi)t(able: false))\n    button(action: clickAction)\n}&#10;|        |      (---~---------------------------------)a(---------------------~---~-----------------------)p(-------------------------------------------~---------------------------------)p(---------)li(--)c(--------------------~--------)a(----)t(-)i(-----)o(--------------)n(------~---~--------------------------------------------------~---~-----------------------------------------------------------------------~---------------------------------------------------------------------~----------------------------------------------------------------------------~-----------------------------------------------------------------------~----------------------------------~----~-----------)(title: app.config.application.title, pack: true) {\n    actions {\n        action((name): '(C)lick(------)', (id--): '(c)lick(Action)', closure: { controller.click(it) })\n    }\n    gridLayout((r)o(w)s: (3), (c)o(l)s: (1))\n    textField((colum-)n(s: 20), text: bind('value', target: model), (id: 'i)n(put'-))\n    textField((e)d(itable): (false, c)o(l)u(mns: 20), text: bind { model.value }, (id-----): ('outpu-)t('----------))\n    button(action: clickAction)\n}&#10;|        /*&#10;|         * Copyright 2008-2015 the original author or authors.&#10;|         *&#10;|         * Licensed under the Apache License, Version 2.0 (the &quot;License&quot;);&#10;|         * you may not use this file except in compliance with the License.&#10;|         * You may obtain a copy of the License at&#10;|         *&#10;|         *     http://www.apache.org/licenses/LICENSE-2.0&#10;|         *&#10;|         * Unless required by applicable law or agreed to in writing, software&#10;|         * distributed under the License is distributed on an &quot;AS IS&quot; BASIS,&#10;|         * WITHOUT WARRANTIES OR CONDITIONS OF ANY KIND, either express or implied.&#10;|         * See the License for the specific language governing permissions and&#10;|         * limitations under the License.&#10;|         */&#10;|        application(title: app.config.application.title, pack: true) {&#10;|            actions {&#10;|                action(id: 'clickAction', name: 'Click', closure: { controller.click(it) })&#10;|            }&#10;|            gridLayout(cols: 1, rows: 3)&#10;|            textField(id: 'input', text: bind('value', target: model), columns: 20)&#10;|            textField(id: 'output', text: bind { model.value }, columns: 20, editable: false)&#10;|            button(action: clickAction)&#10;|        }&#10;/*&#10; * Copyright 2008-2015 the original author or authors.&#10; *&#10; * Licensed under the Apache License, Version 2.0 (the &quot;License&quot;);&#10; * you may not use this file except in compliance with the License.&#10; * You may obtain a copy of the License at&#10; *&#10; *     http://www.apache.org/licenses/LICENSE-2.0&#10; *&#10; * Unless required by applicable law or agreed to in writing, software&#10; * distributed under the License is distributed on an &quot;AS IS&quot; BASIS,&#10; * WITHOUT WARRANTIES OR CONDITIONS OF ANY KIND, either express or implied.&#10; * See the License for the specific language governing permissions and&#10; * limitations under the License.&#10; */&#10;application(title: app.config.application.title, pack: true) {&#10;    actions {&#10;        action(id: 'clickAction', name: 'Click', closure: { controller.click(it) })&#10;    }&#10;    gridLayout(cols: 1, rows: 3)&#10;    textField(id: 'input', text: bind('value', target: model), columns: 20)&#10;    textField(id: 'output', text: bind { model.value }, columns: 20, editable: false)&#10;    button(action: clickAction)&#10;}&#10;" type="org.spockframework.runtime.ConditionNotSatisfiedError">Condition not satisfied:

expected.trim() == output.trim() || expected8.trim() == output.trim()
|        |      |  |      |      |  |         |      |  |      |
|        |      |  |      |      |  |         |      |  |      application(title: app.config.application.title, pack: true) {
|        |      |  |      |      |  |         |      |  |          actions {
|        |      |  |      |      |  |         |      |  |              action(name: 'Click', id: 'clickAction', closure: { controller.click(it) })
|        |      |  |      |      |  |         |      |  |          }
|        |      |  |      |      |  |         |      |  |          gridLayout(rows: 3, cols: 1)
|        |      |  |      |      |  |         |      |  |          textField(columns: 20, text: bind('value', target: model), id: 'input')
|        |      |  |      |      |  |         |      |  |          textField(editable: false, columns: 20, text: bind { model.value }, id: 'output')
|        |      |  |      |      |  |         |      |  |          button(action: clickAction)
|        |      |  |      |      |  |         |      |  |      }
|        |      |  |      |      |  |         |      |  application(title: app.config.application.title, pack: true) {
|        |      |  |      |      |  |         |      |      actions {
|        |      |  |      |      |  |         |      |          action(name: 'Click', id: 'clickAction', closure: { controller.click(it) })
|        |      |  |      |      |  |         |      |      }
|        |      |  |      |      |  |         |      |      gridLayout(rows: 3, cols: 1)
|        |      |  |      |      |  |         |      |      textField(columns: 20, text: bind('value', target: model), id: 'input')
|        |      |  |      |      |  |         |      |      textField(editable: false, columns: 20, text: bind { model.value }, id: 'output')
|        |      |  |      |      |  |         |      |      button(action: clickAction)
|        |      |  |      |      |  |         |      |  }
|        |      |  |      |      |  |         |      false
|        |      |  |      |      |  |         |      620 differences (38% similarity)
|        |      |  |      |      |  |         |      (/*\n * Copyright 2008-2015 the origin)a(l author or authors.\n *\n * Licensed under the A)p(ache License, Version 2.0 (the &quot;License&quot;);\n * you may not use this file exce)p(t in comp)li(an)c(e with the License.\n * You m)a(y ob)t(a)i(n a c)o(py of the Lice)n(se at\n *\n *     http://www.apache.org/licenses/LICENSE-2.0\n *\n * Unless required by applicable law or agreed to in writing, software\n * distributed under the License is distributed on an &quot;AS IS&quot; BASIS,\n * WITHOUT WARRANTIES OR CONDITIONS OF ANY KIND, either express or implied.\n * See the License for the specific language governing permissions and\n * limitations under the License.\n */\napplication)(title: app.config.application.title, pack: true) {\n    actions {\n        action(name: 'Click', id: 'clickAction', closure: { controller.click(it) })\n    }\n    gridLayout(rows: 3, cols: 1)\n    textField(columns: 20, text: bind('value', target: model), id: 'input')\n    textField(editable: false, columns: 20, text: bind { model.value }, id: 'output')\n    button(action: clickAction)\n}
|        |      |  |      |      |  |         |      (---~---------------------------------)a(---------------------~---~-----------------------)p(-------------------------------------------~---------------------------------)p(---------)li(--)c(--------------------~--------)a(----)t(-)i(-----)o(--------------)n(------~---~--------------------------------------------------~---~-----------------------------------------------------------------------~---------------------------------------------------------------------~----------------------------------------------------------------------------~-----------------------------------------------------------------------~----------------------------------~----~-----------)(title: app.config.application.title, pack: true) {\n    actions {\n        action(name: 'Click', id: 'clickAction', closure: { controller.click(it) })\n    }\n    gridLayout(rows: 3, cols: 1)\n    textField(columns: 20, text: bind('value', target: model), id: 'input')\n    textField(editable: false, columns: 20, text: bind { model.value }, id: 'output')\n    button(action: clickAction)\n}
|        |      |  |      |      |  |         /*
|        |      |  |      |      |  |          * Copyright 2008-2015 the original author or authors.
|        |      |  |      |      |  |          *
|        |      |  |      |      |  |          * Licensed under the Apache License, Version 2.0 (the &quot;License&quot;);
|        |      |  |      |      |  |          * you may not use this file except in compliance with the License.
|        |      |  |      |      |  |          * You may obtain a copy of the License at
|        |      |  |      |      |  |          *
|        |      |  |      |      |  |          *     http://www.apache.org/licenses/LICENSE-2.0
|        |      |  |      |      |  |          *
|        |      |  |      |      |  |          * Unless required by applicable law or agreed to in writing, software
|        |      |  |      |      |  |          * distributed under the License is distributed on an &quot;AS IS&quot; BASIS,
|        |      |  |      |      |  |          * WITHOUT WARRANTIES OR CONDITIONS OF ANY KIND, either express or implied.
|        |      |  |      |      |  |          * See the License for the specific language governing permissions and
|        |      |  |      |      |  |          * limitations under the License.
|        |      |  |      |      |  |          */
|        |      |  |      |      |  |         application(title: app.config.application.title, pack: true) {
|        |      |  |      |      |  |             actions {
|        |      |  |      |      |  |                 action(name: 'Click', id: 'clickAction', closure: { controller.click(it) })
|        |      |  |      |      |  |             }
|        |      |  |      |      |  |             gridLayout(rows: 3, cols: 1)
|        |      |  |      |      |  |             textField(columns: 20, text: bind('value', target: model), id: 'input')
|        |      |  |      |      |  |             textField(editable: false, columns: 20, text: bind { model.value }, id: 'output')
|        |      |  |      |      |  |             button(action: clickAction)
|        |      |  |      |      |  |         }
|        |      |  |      |      |  /*
|        |      |  |      |      |   * Copyright 2008-2015 the original author or authors.
|        |      |  |      |      |   *
|        |      |  |      |      |   * Licensed under the Apache License, Version 2.0 (the &quot;License&quot;);
|        |      |  |      |      |   * you may not use this file except in compliance with the License.
|        |      |  |      |      |   * You may obtain a copy of the License at
|        |      |  |      |      |   *
|        |      |  |      |      |   *     http://www.apache.org/licenses/LICENSE-2.0
|        |      |  |      |      |   *
|        |      |  |      |      |   * Unless required by applicable law or agreed to in writing, software
|        |      |  |      |      |   * distributed under the License is distributed on an &quot;AS IS&quot; BASIS,
|        |      |  |      |      |   * WITHOUT WARRANTIES OR CONDITIONS OF ANY KIND, either express or implied.
|        |      |  |      |      |   * See the License for the specific language governing permissions and
|        |      |  |      |      |   * limitations under the License.
|        |      |  |      |      |   */
|        |      |  |      |      |  application(title: app.config.application.title, pack: true) {
|        |      |  |      |      |      actions {
|        |      |  |      |      |          action(name: 'Click', id: 'clickAction', closure: { controller.click(it) })
|        |      |  |      |      |      }
|        |      |  |      |      |      gridLayout(rows: 3, cols: 1)
|        |      |  |      |      |      textField(columns: 20, text: bind('value', target: model), id: 'input')
|        |      |  |      |      |      textField(editable: false, columns: 20, text: bind { model.value }, id: 'output')
|        |      |  |      |      |      button(action: clickAction)
|        |      |  |      |      |  }
|        |      |  |      |      false
|        |      |  |      application(title: app.config.application.title, pack: true) {
|        |      |  |          actions {
|        |      |  |              action(name: 'Click', id: 'clickAction', closure: { controller.click(it) })
|        |      |  |          }
|        |      |  |          gridLayout(rows: 3, cols: 1)
|        |      |  |          textField(columns: 20, text: bind('value', target: model), id: 'input')
|        |      |  |          textField(editable: false, columns: 20, text: bind { model.value }, id: 'output')
|        |      |  |          button(action: clickAction)
|        |      |  |      }
|        |      |  application(title: app.config.application.title, pack: true) {
|        |      |      actions {
|        |      |          action(name: 'Click', id: 'clickAction', closure: { controller.click(it) })
|        |      |      }
|        |      |      gridLayout(rows: 3, cols: 1)
|        |      |      textField(columns: 20, text: bind('value', target: model), id: 'input')
|        |      |      textField(editable: false, columns: 20, text: bind { model.value }, id: 'output')
|        |      |      button(action: clickAction)
|        |      |  }
|        |      false
|        |      718 differences (29% similarity)
|        |      (/*\n * Copyright 2008-2015 the origin)a(l author or authors.\n *\n * Licensed under the A)p(ache License, Version 2.0 (the &quot;License&quot;);\n * you may not use this file exce)p(t in comp)li(an)c(e with the License.\n * You m)a(y ob)t(a)i(n a c)o(py of the Lice)n(se at\n *\n *     http://www.apache.org/licenses/LICENSE-2.0\n *\n * Unless required by applicable law or agreed to in writing, software\n * distributed under the License is distributed on an &quot;AS IS&quot; BASIS,\n * WITHOUT WARRANTIES OR CONDITIONS OF ANY KIND, either express or implied.\n * See the License for the specific language governing permissions and\n * limitations under the License.\n */\napplication)(title: app.config.application.title, pack: true) {\n    actions {\n        action((id--): '(c)lick(Action)', (name): '(C)lick(------)', closure: { controller.click(it) })\n    }\n    gridLayout((c)o(l)s: (1), (r)o(w)s: (3))\n    textField((id: 'i)n(put'-), text: bind('value', target: model), (colum-)n(s: 20))\n    textField((i)d(------): ('-------)o(-)u(tput'--), text: bind { model.value }, (columns): (20, edi)t(able: false))\n    button(action: clickAction)\n}
|        |      (---~---------------------------------)a(---------------------~---~-----------------------)p(-------------------------------------------~---------------------------------)p(---------)li(--)c(--------------------~--------)a(----)t(-)i(-----)o(--------------)n(------~---~--------------------------------------------------~---~-----------------------------------------------------------------------~---------------------------------------------------------------------~----------------------------------------------------------------------------~-----------------------------------------------------------------------~----------------------------------~----~-----------)(title: app.config.application.title, pack: true) {\n    actions {\n        action((name): '(C)lick(------)', (id--): '(c)lick(Action)', closure: { controller.click(it) })\n    }\n    gridLayout((r)o(w)s: (3), (c)o(l)s: (1))\n    textField((colum-)n(s: 20), text: bind('value', target: model), (id: 'i)n(put'-))\n    textField((e)d(itable): (false, c)o(l)u(mns: 20), text: bind { model.value }, (id-----): ('outpu-)t('----------))\n    button(action: clickAction)\n}
|        /*
|         * Copyright 2008-2015 the original author or authors.
|         *
|         * Licensed under the Apache License, Version 2.0 (the &quot;License&quot;);
|         * you may not use this file except in compliance with the License.
|         * You may obtain a copy of the License at
|         *
|         *     http://www.apache.org/licenses/LICENSE-2.0
|         *
|         * Unless required by applicable law or agreed to in writing, software
|         * distributed under the License is distributed on an &quot;AS IS&quot; BASIS,
|         * WITHOUT WARRANTIES OR CONDITIONS OF ANY KIND, either express or implied.
|         * See the License for the specific language governing permissions and
|         * limitations under the License.
|         */
|        application(title: app.config.application.title, pack: true) {
|            actions {
|                action(id: 'clickAction', name: 'Click', closure: { controller.click(it) })
|            }
|            gridLayout(cols: 1, rows: 3)
|            textField(id: 'input', text: bind('value', target: model), columns: 20)
|            textField(id: 'output', text: bind { model.value }, columns: 20, editable: false)
|            button(action: clickAction)
|        }
/*
 * Copyright 2008-2015 the original author or authors.
 *
 * Licensed under the Apache License, Version 2.0 (the &quot;License&quot;);
 * you may not use this file except in compliance with the License.
 * You may obtain a copy of the License at
 *
 *     http://www.apache.org/licenses/LICENSE-2.0
 *
 * Unless required by applicable law or agreed to in writing, software
 * distributed under the License is distributed on an &quot;AS IS&quot; BASIS,
 * WITHOUT WARRANTIES OR CONDITIONS OF ANY KIND, either express or implied.
 * See the License for the specific language governing permissions and
 * limitations under the License.
 */
application(title: app.config.application.title, pack: true) {
    actions {
        action(id: 'clickAction', name: 'Click', closure: { controller.click(it) })
    }
    gridLayout(cols: 1, rows: 3)
    textField(id: 'input', text: bind('value', target: model), columns: 20)
    textField(id: 'output', text: bind { model.value }, columns: 20, editable: false)
    button(action: clickAction)
}

	at griffon.util.Xml2GroovySpec.Parse application.xml from #type(Xml2GroovySpec.groovy:38)
</failure>
  </testcase>
  <testcase name="Parse application.xml from String" classname="griffon.util.Xml2GroovySpec" time="0.018">
    <failure message="Condition not satisfied:&#10;&#10;expected.trim() == output.trim() || expected8.trim() == output.trim()&#10;|        |      |  |      |      |  |         |      |  |      |&#10;|        |      |  |      |      |  |         |      |  |      application(title: app.config.application.title, pack: true) {&#10;|        |      |  |      |      |  |         |      |  |          actions {&#10;|        |      |  |      |      |  |         |      |  |              action(name: 'Click', id: 'clickAction', closure: { controller.click(it) })&#10;|        |      |  |      |      |  |         |      |  |          }&#10;|        |      |  |      |      |  |         |      |  |          gridLayout(rows: 3, cols: 1)&#10;|        |      |  |      |      |  |         |      |  |          textField(columns: 20, text: bind('value', target: model), id: 'input')&#10;|        |      |  |      |      |  |         |      |  |          textField(editable: false, columns: 20, text: bind { model.value }, id: 'output')&#10;|        |      |  |      |      |  |         |      |  |          button(action: clickAction)&#10;|        |      |  |      |      |  |         |      |  |      }&#10;|        |      |  |      |      |  |         |      |  application(title: app.config.application.title, pack: true) {&#10;|        |      |  |      |      |  |         |      |      actions {&#10;|        |      |  |      |      |  |         |      |          action(name: 'Click', id: 'clickAction', closure: { controller.click(it) })&#10;|        |      |  |      |      |  |         |      |      }&#10;|        |      |  |      |      |  |         |      |      gridLayout(rows: 3, cols: 1)&#10;|        |      |  |      |      |  |         |      |      textField(columns: 20, text: bind('value', target: model), id: 'input')&#10;|        |      |  |      |      |  |         |      |      textField(editable: false, columns: 20, text: bind { model.value }, id: 'output')&#10;|        |      |  |      |      |  |         |      |      button(action: clickAction)&#10;|        |      |  |      |      |  |         |      |  }&#10;|        |      |  |      |      |  |         |      false&#10;|        |      |  |      |      |  |         |      620 differences (38% similarity)&#10;|        |      |  |      |      |  |         |      (/*\n * Copyright 2008-2015 the origin)a(l author or authors.\n *\n * Licensed under the A)p(ache License, Version 2.0 (the &quot;License&quot;);\n * you may not use this file exce)p(t in comp)li(an)c(e with the License.\n * You m)a(y ob)t(a)i(n a c)o(py of the Lice)n(se at\n *\n *     http://www.apache.org/licenses/LICENSE-2.0\n *\n * Unless required by applicable law or agreed to in writing, software\n * distributed under the License is distributed on an &quot;AS IS&quot; BASIS,\n * WITHOUT WARRANTIES OR CONDITIONS OF ANY KIND, either express or implied.\n * See the License for the specific language governing permissions and\n * limitations under the License.\n */\napplication)(title: app.config.application.title, pack: true) {\n    actions {\n        action(name: 'Click', id: 'clickAction', closure: { controller.click(it) })\n    }\n    gridLayout(rows: 3, cols: 1)\n    textField(columns: 20, text: bind('value', target: model), id: 'input')\n    textField(editable: false, columns: 20, text: bind { model.value }, id: 'output')\n    button(action: clickAction)\n}&#10;|        |      |  |      |      |  |         |      (---~---------------------------------)a(---------------------~---~-----------------------)p(-------------------------------------------~---------------------------------)p(---------)li(--)c(--------------------~--------)a(----)t(-)i(-----)o(--------------)n(------~---~--------------------------------------------------~---~-----------------------------------------------------------------------~---------------------------------------------------------------------~----------------------------------------------------------------------------~-----------------------------------------------------------------------~----------------------------------~----~-----------)(title: app.config.application.title, pack: true) {\n    actions {\n        action(name: 'Click', id: 'clickAction', closure: { controller.click(it) })\n    }\n    gridLayout(rows: 3, cols: 1)\n    textField(columns: 20, text: bind('value', target: model), id: 'input')\n    textField(editable: false, columns: 20, text: bind { model.value }, id: 'output')\n    button(action: clickAction)\n}&#10;|        |      |  |      |      |  |         /*&#10;|        |      |  |      |      |  |          * Copyright 2008-2015 the original author or authors.&#10;|        |      |  |      |      |  |          *&#10;|        |      |  |      |      |  |          * Licensed under the Apache License, Version 2.0 (the &quot;License&quot;);&#10;|        |      |  |      |      |  |          * you may not use this file except in compliance with the License.&#10;|        |      |  |      |      |  |          * You may obtain a copy of the License at&#10;|        |      |  |      |      |  |          *&#10;|        |      |  |      |      |  |          *     http://www.apache.org/licenses/LICENSE-2.0&#10;|        |      |  |      |      |  |          *&#10;|        |      |  |      |      |  |          * Unless required by applicable law or agreed to in writing, software&#10;|        |      |  |      |      |  |          * distributed under the License is distributed on an &quot;AS IS&quot; BASIS,&#10;|        |      |  |      |      |  |          * WITHOUT WARRANTIES OR CONDITIONS OF ANY KIND, either express or implied.&#10;|        |      |  |      |      |  |          * See the License for the specific language governing permissions and&#10;|        |      |  |      |      |  |          * limitations under the License.&#10;|        |      |  |      |      |  |          */&#10;|        |      |  |      |      |  |         application(title: app.config.application.title, pack: true) {&#10;|        |      |  |      |      |  |             actions {&#10;|        |      |  |      |      |  |                 action(name: 'Click', id: 'clickAction', closure: { controller.click(it) })&#10;|        |      |  |      |      |  |             }&#10;|        |      |  |      |      |  |             gridLayout(rows: 3, cols: 1)&#10;|        |      |  |      |      |  |             textField(columns: 20, text: bind('value', target: model), id: 'input')&#10;|        |      |  |      |      |  |             textField(editable: false, columns: 20, text: bind { model.value }, id: 'output')&#10;|        |      |  |      |      |  |             button(action: clickAction)&#10;|        |      |  |      |      |  |         }&#10;|        |      |  |      |      |  /*&#10;|        |      |  |      |      |   * Copyright 2008-2015 the original author or authors.&#10;|        |      |  |      |      |   *&#10;|        |      |  |      |      |   * Licensed under the Apache License, Version 2.0 (the &quot;License&quot;);&#10;|        |      |  |      |      |   * you may not use this file except in compliance with the License.&#10;|        |      |  |      |      |   * You may obtain a copy of the License at&#10;|        |      |  |      |      |   *&#10;|        |      |  |      |      |   *     http://www.apache.org/licenses/LICENSE-2.0&#10;|        |      |  |      |      |   *&#10;|        |      |  |      |      |   * Unless required by applicable law or agreed to in writing, software&#10;|        |      |  |      |      |   * distributed under the License is distributed on an &quot;AS IS&quot; BASIS,&#10;|        |      |  |      |      |   * WITHOUT WARRANTIES OR CONDITIONS OF ANY KIND, either express or implied.&#10;|        |      |  |      |      |   * See the License for the specific language governing permissions and&#10;|        |      |  |      |      |   * limitations under the License.&#10;|        |      |  |      |      |   */&#10;|        |      |  |      |      |  application(title: app.config.application.title, pack: true) {&#10;|        |      |  |      |      |      actions {&#10;|        |      |  |      |      |          action(name: 'Click', id: 'clickAction', closure: { controller.click(it) })&#10;|        |      |  |      |      |      }&#10;|        |      |  |      |      |      gridLayout(rows: 3, cols: 1)&#10;|        |      |  |      |      |      textField(columns: 20, text: bind('value', target: model), id: 'input')&#10;|        |      |  |      |      |      textField(editable: false, columns: 20, text: bind { model.value }, id: 'output')&#10;|        |      |  |      |      |      button(action: clickAction)&#10;|        |      |  |      |      |  }&#10;|        |      |  |      |      false&#10;|        |      |  |      application(title: app.config.application.title, pack: true) {&#10;|        |      |  |          actions {&#10;|        |      |  |              action(name: 'Click', id: 'clickAction', closure: { controller.click(it) })&#10;|        |      |  |          }&#10;|        |      |  |          gridLayout(rows: 3, cols: 1)&#10;|        |      |  |          textField(columns: 20, text: bind('value', target: model), id: 'input')&#10;|        |      |  |          textField(editable: false, columns: 20, text: bind { model.value }, id: 'output')&#10;|        |      |  |          button(action: clickAction)&#10;|        |      |  |      }&#10;|        |      |  application(title: app.config.application.title, pack: true) {&#10;|        |      |      actions {&#10;|        |      |          action(name: 'Click', id: 'clickAction', closure: { controller.click(it) })&#10;|        |      |      }&#10;|        |      |      gridLayout(rows: 3, cols: 1)&#10;|        |      |      textField(columns: 20, text: bind('value', target: model), id: 'input')&#10;|        |      |      textField(editable: false, columns: 20, text: bind { model.value }, id: 'output')&#10;|        |      |      button(action: clickAction)&#10;|        |      |  }&#10;|        |      false&#10;|        |      718 differences (29% similarity)&#10;|        |      (/*\n * Copyright 2008-2015 the origin)a(l author or authors.\n *\n * Licensed under the A)p(ache License, Version 2.0 (the &quot;License&quot;);\n * you may not use this file exce)p(t in comp)li(an)c(e with the License.\n * You m)a(y ob)t(a)i(n a c)o(py of the Lice)n(se at\n *\n *     http://www.apache.org/licenses/LICENSE-2.0\n *\n * Unless required by applicable law or agreed to in writing, software\n * distributed under the License is distributed on an &quot;AS IS&quot; BASIS,\n * WITHOUT WARRANTIES OR CONDITIONS OF ANY KIND, either express or implied.\n * See the License for the specific language governing permissions and\n * limitations under the License.\n */\napplication)(title: app.config.application.title, pack: true) {\n    actions {\n        action((id--): '(c)lick(Action)', (name): '(C)lick(------)', closure: { controller.click(it) })\n    }\n    gridLayout((c)o(l)s: (1), (r)o(w)s: (3))\n    textField((id: 'i)n(put'-), text: bind('value', target: model), (colum-)n(s: 20))\n    textField((i)d(------): ('-------)o(-)u(tput'--), text: bind { model.value }, (columns): (20, edi)t(able: false))\n    button(action: clickAction)\n}&#10;|        |      (---~---------------------------------)a(---------------------~---~-----------------------)p(-------------------------------------------~---------------------------------)p(---------)li(--)c(--------------------~--------)a(----)t(-)i(-----)o(--------------)n(------~---~--------------------------------------------------~---~-----------------------------------------------------------------------~---------------------------------------------------------------------~----------------------------------------------------------------------------~-----------------------------------------------------------------------~----------------------------------~----~-----------)(title: app.config.application.title, pack: true) {\n    actions {\n        action((name): '(C)lick(------)', (id--): '(c)lick(Action)', closure: { controller.click(it) })\n    }\n    gridLayout((r)o(w)s: (3), (c)o(l)s: (1))\n    textField((colum-)n(s: 20), text: bind('value', target: model), (id: 'i)n(put'-))\n    textField((e)d(itable): (false, c)o(l)u(mns: 20), text: bind { model.value }, (id-----): ('outpu-)t('----------))\n    button(action: clickAction)\n}&#10;|        /*&#10;|         * Copyright 2008-2015 the original author or authors.&#10;|         *&#10;|         * Licensed under the Apache License, Version 2.0 (the &quot;License&quot;);&#10;|         * you may not use this file except in compliance with the License.&#10;|         * You may obtain a copy of the License at&#10;|         *&#10;|         *     http://www.apache.org/licenses/LICENSE-2.0&#10;|         *&#10;|         * Unless required by applicable law or agreed to in writing, software&#10;|         * distributed under the License is distributed on an &quot;AS IS&quot; BASIS,&#10;|         * WITHOUT WARRANTIES OR CONDITIONS OF ANY KIND, either express or implied.&#10;|         * See the License for the specific language governing permissions and&#10;|         * limitations under the License.&#10;|         */&#10;|        application(title: app.config.application.title, pack: true) {&#10;|            actions {&#10;|                action(id: 'clickAction', name: 'Click', closure: { controller.click(it) })&#10;|            }&#10;|            gridLayout(cols: 1, rows: 3)&#10;|            textField(id: 'input', text: bind('value', target: model), columns: 20)&#10;|            textField(id: 'output', text: bind { model.value }, columns: 20, editable: false)&#10;|            button(action: clickAction)&#10;|        }&#10;/*&#10; * Copyright 2008-2015 the original author or authors.&#10; *&#10; * Licensed under the Apache License, Version 2.0 (the &quot;License&quot;);&#10; * you may not use this file except in compliance with the License.&#10; * You may obtain a copy of the License at&#10; *&#10; *     http://www.apache.org/licenses/LICENSE-2.0&#10; *&#10; * Unless required by applicable law or agreed to in writing, software&#10; * distributed under the License is distributed on an &quot;AS IS&quot; BASIS,&#10; * WITHOUT WARRANTIES OR CONDITIONS OF ANY KIND, either express or implied.&#10; * See the License for the specific language governing permissions and&#10; * limitations under the License.&#10; */&#10;application(title: app.config.application.title, pack: true) {&#10;    actions {&#10;        action(id: 'clickAction', name: 'Click', closure: { controller.click(it) })&#10;    }&#10;    gridLayout(cols: 1, rows: 3)&#10;    textField(id: 'input', text: bind('value', target: model), columns: 20)&#10;    textField(id: 'output', text: bind { model.value }, columns: 20, editable: false)&#10;    button(action: clickAction)&#10;}&#10;" type="org.spockframework.runtime.ConditionNotSatisfiedError">Condition not satisfied:

expected.trim() == output.trim() || expected8.trim() == output.trim()
|        |      |  |      |      |  |         |      |  |      |
|        |      |  |      |      |  |         |      |  |      application(title: app.config.application.title, pack: true) {
|        |      |  |      |      |  |         |      |  |          actions {
|        |      |  |      |      |  |         |      |  |              action(name: 'Click', id: 'clickAction', closure: { controller.click(it) })
|        |      |  |      |      |  |         |      |  |          }
|        |      |  |      |      |  |         |      |  |          gridLayout(rows: 3, cols: 1)
|        |      |  |      |      |  |         |      |  |          textField(columns: 20, text: bind('value', target: model), id: 'input')
|        |      |  |      |      |  |         |      |  |          textField(editable: false, columns: 20, text: bind { model.value }, id: 'output')
|        |      |  |      |      |  |         |      |  |          button(action: clickAction)
|        |      |  |      |      |  |         |      |  |      }
|        |      |  |      |      |  |         |      |  application(title: app.config.application.title, pack: true) {
|        |      |  |      |      |  |         |      |      actions {
|        |      |  |      |      |  |         |      |          action(name: 'Click', id: 'clickAction', closure: { controller.click(it) })
|        |      |  |      |      |  |         |      |      }
|        |      |  |      |      |  |         |      |      gridLayout(rows: 3, cols: 1)
|        |      |  |      |      |  |         |      |      textField(columns: 20, text: bind('value', target: model), id: 'input')
|        |      |  |      |      |  |         |      |      textField(editable: false, columns: 20, text: bind { model.value }, id: 'output')
|        |      |  |      |      |  |         |      |      button(action: clickAction)
|        |      |  |      |      |  |         |      |  }
|        |      |  |      |      |  |         |      false
|        |      |  |      |      |  |         |      620 differences (38% similarity)
|        |      |  |      |      |  |         |      (/*\n * Copyright 2008-2015 the origin)a(l author or authors.\n *\n * Licensed under the A)p(ache License, Version 2.0 (the &quot;License&quot;);\n * you may not use this file exce)p(t in comp)li(an)c(e with the License.\n * You m)a(y ob)t(a)i(n a c)o(py of the Lice)n(se at\n *\n *     http://www.apache.org/licenses/LICENSE-2.0\n *\n * Unless required by applicable law or agreed to in writing, software\n * distributed under the License is distributed on an &quot;AS IS&quot; BASIS,\n * WITHOUT WARRANTIES OR CONDITIONS OF ANY KIND, either express or implied.\n * See the License for the specific language governing permissions and\n * limitations under the License.\n */\napplication)(title: app.config.application.title, pack: true) {\n    actions {\n        action(name: 'Click', id: 'clickAction', closure: { controller.click(it) })\n    }\n    gridLayout(rows: 3, cols: 1)\n    textField(columns: 20, text: bind('value', target: model), id: 'input')\n    textField(editable: false, columns: 20, text: bind { model.value }, id: 'output')\n    button(action: clickAction)\n}
|        |      |  |      |      |  |         |      (---~---------------------------------)a(---------------------~---~-----------------------)p(-------------------------------------------~---------------------------------)p(---------)li(--)c(--------------------~--------)a(----)t(-)i(-----)o(--------------)n(------~---~--------------------------------------------------~---~-----------------------------------------------------------------------~---------------------------------------------------------------------~----------------------------------------------------------------------------~-----------------------------------------------------------------------~----------------------------------~----~-----------)(title: app.config.application.title, pack: true) {\n    actions {\n        action(name: 'Click', id: 'clickAction', closure: { controller.click(it) })\n    }\n    gridLayout(rows: 3, cols: 1)\n    textField(columns: 20, text: bind('value', target: model), id: 'input')\n    textField(editable: false, columns: 20, text: bind { model.value }, id: 'output')\n    button(action: clickAction)\n}
|        |      |  |      |      |  |         /*
|        |      |  |      |      |  |          * Copyright 2008-2015 the original author or authors.
|        |      |  |      |      |  |          *
|        |      |  |      |      |  |          * Licensed under the Apache License, Version 2.0 (the &quot;License&quot;);
|        |      |  |      |      |  |          * you may not use this file except in compliance with the License.
|        |      |  |      |      |  |          * You may obtain a copy of the License at
|        |      |  |      |      |  |          *
|        |      |  |      |      |  |          *     http://www.apache.org/licenses/LICENSE-2.0
|        |      |  |      |      |  |          *
|        |      |  |      |      |  |          * Unless required by applicable law or agreed to in writing, software
|        |      |  |      |      |  |          * distributed under the License is distributed on an &quot;AS IS&quot; BASIS,
|        |      |  |      |      |  |          * WITHOUT WARRANTIES OR CONDITIONS OF ANY KIND, either express or implied.
|        |      |  |      |      |  |          * See the License for the specific language governing permissions and
|        |      |  |      |      |  |          * limitations under the License.
|        |      |  |      |      |  |          */
|        |      |  |      |      |  |         application(title: app.config.application.title, pack: true) {
|        |      |  |      |      |  |             actions {
|        |      |  |      |      |  |                 action(name: 'Click', id: 'clickAction', closure: { controller.click(it) })
|        |      |  |      |      |  |             }
|        |      |  |      |      |  |             gridLayout(rows: 3, cols: 1)
|        |      |  |      |      |  |             textField(columns: 20, text: bind('value', target: model), id: 'input')
|        |      |  |      |      |  |             textField(editable: false, columns: 20, text: bind { model.value }, id: 'output')
|        |      |  |      |      |  |             button(action: clickAction)
|        |      |  |      |      |  |         }
|        |      |  |      |      |  /*
|        |      |  |      |      |   * Copyright 2008-2015 the original author or authors.
|        |      |  |      |      |   *
|        |      |  |      |      |   * Licensed under the Apache License, Version 2.0 (the &quot;License&quot;);
|        |      |  |      |      |   * you may not use this file except in compliance with the License.
|        |      |  |      |      |   * You may obtain a copy of the License at
|        |      |  |      |      |   *
|        |      |  |      |      |   *     http://www.apache.org/licenses/LICENSE-2.0
|        |      |  |      |      |   *
|        |      |  |      |      |   * Unless required by applicable law or agreed to in writing, software
|        |      |  |      |      |   * distributed under the License is distributed on an &quot;AS IS&quot; BASIS,
|        |      |  |      |      |   * WITHOUT WARRANTIES OR CONDITIONS OF ANY KIND, either express or implied.
|        |      |  |      |      |   * See the License for the specific language governing permissions and
|        |      |  |      |      |   * limitations under the License.
|        |      |  |      |      |   */
|        |      |  |      |      |  application(title: app.config.application.title, pack: true) {
|        |      |  |      |      |      actions {
|        |      |  |      |      |          action(name: 'Click', id: 'clickAction', closure: { controller.click(it) })
|        |      |  |      |      |      }
|        |      |  |      |      |      gridLayout(rows: 3, cols: 1)
|        |      |  |      |      |      textField(columns: 20, text: bind('value', target: model), id: 'input')
|        |      |  |      |      |      textField(editable: false, columns: 20, text: bind { model.value }, id: 'output')
|        |      |  |      |      |      button(action: clickAction)
|        |      |  |      |      |  }
|        |      |  |      |      false
|        |      |  |      application(title: app.config.application.title, pack: true) {
|        |      |  |          actions {
|        |      |  |              action(name: 'Click', id: 'clickAction', closure: { controller.click(it) })
|        |      |  |          }
|        |      |  |          gridLayout(rows: 3, cols: 1)
|        |      |  |          textField(columns: 20, text: bind('value', target: model), id: 'input')
|        |      |  |          textField(editable: false, columns: 20, text: bind { model.value }, id: 'output')
|        |      |  |          button(action: clickAction)
|        |      |  |      }
|        |      |  application(title: app.config.application.title, pack: true) {
|        |      |      actions {
|        |      |          action(name: 'Click', id: 'clickAction', closure: { controller.click(it) })
|        |      |      }
|        |      |      gridLayout(rows: 3, cols: 1)
|        |      |      textField(columns: 20, text: bind('value', target: model), id: 'input')
|        |      |      textField(editable: false, columns: 20, text: bind { model.value }, id: 'output')
|        |      |      button(action: clickAction)
|        |      |  }
|        |      false
|        |      718 differences (29% similarity)
|        |      (/*\n * Copyright 2008-2015 the origin)a(l author or authors.\n *\n * Licensed under the A)p(ache License, Version 2.0 (the &quot;License&quot;);\n * you may not use this file exce)p(t in comp)li(an)c(e with the License.\n * You m)a(y ob)t(a)i(n a c)o(py of the Lice)n(se at\n *\n *     http://www.apache.org/licenses/LICENSE-2.0\n *\n * Unless required by applicable law or agreed to in writing, software\n * distributed under the License is distributed on an &quot;AS IS&quot; BASIS,\n * WITHOUT WARRANTIES OR CONDITIONS OF ANY KIND, either express or implied.\n * See the License for the specific language governing permissions and\n * limitations under the License.\n */\napplication)(title: app.config.application.title, pack: true) {\n    actions {\n        action((id--): '(c)lick(Action)', (name): '(C)lick(------)', closure: { controller.click(it) })\n    }\n    gridLayout((c)o(l)s: (1), (r)o(w)s: (3))\n    textField((id: 'i)n(put'-), text: bind('value', target: model), (colum-)n(s: 20))\n    textField((i)d(------): ('-------)o(-)u(tput'--), text: bind { model.value }, (columns): (20, edi)t(able: false))\n    button(action: clickAction)\n}
|        |      (---~---------------------------------)a(---------------------~---~-----------------------)p(-------------------------------------------~---------------------------------)p(---------)li(--)c(--------------------~--------)a(----)t(-)i(-----)o(--------------)n(------~---~--------------------------------------------------~---~-----------------------------------------------------------------------~---------------------------------------------------------------------~----------------------------------------------------------------------------~-----------------------------------------------------------------------~----------------------------------~----~-----------)(title: app.config.application.title, pack: true) {\n    actions {\n        action((name): '(C)lick(------)', (id--): '(c)lick(Action)', closure: { controller.click(it) })\n    }\n    gridLayout((r)o(w)s: (3), (c)o(l)s: (1))\n    textField((colum-)n(s: 20), text: bind('value', target: model), (id: 'i)n(put'-))\n    textField((e)d(itable): (false, c)o(l)u(mns: 20), text: bind { model.value }, (id-----): ('outpu-)t('----------))\n    button(action: clickAction)\n}
|        /*
|         * Copyright 2008-2015 the original author or authors.
|         *
|         * Licensed under the Apache License, Version 2.0 (the &quot;License&quot;);
|         * you may not use this file except in compliance with the License.
|         * You may obtain a copy of the License at
|         *
|         *     http://www.apache.org/licenses/LICENSE-2.0
|         *
|         * Unless required by applicable law or agreed to in writing, software
|         * distributed under the License is distributed on an &quot;AS IS&quot; BASIS,
|         * WITHOUT WARRANTIES OR CONDITIONS OF ANY KIND, either express or implied.
|         * See the License for the specific language governing permissions and
|         * limitations under the License.
|         */
|        application(title: app.config.application.title, pack: true) {
|            actions {
|                action(id: 'clickAction', name: 'Click', closure: { controller.click(it) })
|            }
|            gridLayout(cols: 1, rows: 3)
|            textField(id: 'input', text: bind('value', target: model), columns: 20)
|            textField(id: 'output', text: bind { model.value }, columns: 20, editable: false)
|            button(action: clickAction)
|        }
/*
 * Copyright 2008-2015 the original author or authors.
 *
 * Licensed under the Apache License, Version 2.0 (the &quot;License&quot;);
 * you may not use this file except in compliance with the License.
 * You may obtain a copy of the License at
 *
 *     http://www.apache.org/licenses/LICENSE-2.0
 *
 * Unless required by applicable law or agreed to in writing, software
 * distributed under the License is distributed on an &quot;AS IS&quot; BASIS,
 * WITHOUT WARRANTIES OR CONDITIONS OF ANY KIND, either express or implied.
 * See the License for the specific language governing permissions and
 * limitations under the License.
 */
application(title: app.config.application.title, pack: true) {
    actions {
        action(id: 'clickAction', name: 'Click', closure: { controller.click(it) })
    }
    gridLayout(cols: 1, rows: 3)
    textField(id: 'input', text: bind('value', target: model), columns: 20)
    textField(id: 'output', text: bind { model.value }, columns: 20, editable: false)
    button(action: clickAction)
}

	at griffon.util.Xml2GroovySpec.Parse application.xml from String(Xml2GroovySpec.groovy:54)
</failure>
  </testcase>
  <testcase name="Bad application.xml from file results in error" classname="griffon.util.Xml2GroovySpec" time="0.016"/>
  <testcase name="Bad application.xml from reader results in error" classname="griffon.util.Xml2GroovySpec" time="0.006"/>
  <testcase name="Bad application.xml from inputStream results in error" classname="griffon.util.Xml2GroovySpec" time="0.005"/>
  <testcase name="Bad application.xml from uri results in error" classname="griffon.util.Xml2GroovySpec" time="0.006"/>
  <testcase name="Bad application.xml from string results in error" classname="griffon.util.Xml2GroovySpec" time="0.008"/>
  <system-out><![CDATA[]]></system-out>
  <system-err><![CDATA[[Fatal Error] bad_application.xml:30:35: XML document structures must start and end within the same entity.
[Fatal Error] :30:35: XML document structures must start and end within the same entity.
[Fatal Error] :30:35: XML document structures must start and end within the same entity.
[Fatal Error] bad_application.xml:30:35: XML document structures must start and end within the same entity.
[Fatal Error] :30:35: XML document structures must start and end within the same entity.
]]></system-err>
</testsuite>
