<?xml version="1.0" encoding="UTF-8"?>
<testsuite name="griffon.util.ConfigReaderTests" tests="23" skipped="0" failures="0" errors="0" timestamp="2014-12-25T23:23:02" hostname="testing-worker-linux-12-1-29784-linux-5-45115903" time="2.127">
  <properties/>
  <testcase name="testParseProperties" classname="griffon.util.ConfigReaderTests" time="0.1"/>
  <testcase name="testToProperties" classname="griffon.util.ConfigReaderTests" time="0.841"/>
  <testcase name="testNestedConditionaBlocks" classname="griffon.util.ConfigReaderTests" time="0.441"/>
  <testcase name="testScopedPropertiesWithNesting" classname="griffon.util.ConfigReaderTests" time="0.03"/>
  <testcase name="testScopedProperties" classname="griffon.util.ConfigReaderTests" time="0.029"/>
  <testcase name="testCustomConditionalBlocks" classname="griffon.util.ConfigReaderTests" time="0.052"/>
  <testcase name="testTwoSameBlocks" classname="griffon.util.ConfigReaderTests" time="0.045"/>
  <testcase name="testConsecutiveReaderValues" classname="griffon.util.ConfigReaderTests" time="0.026"/>
  <testcase name="testScopedVariableReusage" classname="griffon.util.ConfigReaderTests" time="0.04"/>
  <testcase name="testLog4jConfiguration" classname="griffon.util.ConfigReaderTests" time="0.037"/>
  <testcase name="testSimpleProperties" classname="griffon.util.ConfigReaderTests" time="0.02"/>
  <testcase name="testConditionalOverrides" classname="griffon.util.ConfigReaderTests" time="0.052"/>
  <testcase name="testSerializeConfig" classname="griffon.util.ConfigReaderTests" time="0.074"/>
  <testcase name="testConfigTokensAsStrings" classname="griffon.util.ConfigReaderTests" time="0.026"/>
  <testcase name="testEnvironmentProperties2" classname="griffon.util.ConfigReaderTests" time="0.041"/>
  <testcase name="testConfigReaderNestedValues" classname="griffon.util.ConfigReaderTests" time="0.041"/>
  <testcase name="testEnvironmentSpecificConfig" classname="griffon.util.ConfigReaderTests" time="0.085"/>
  <testcase name="testFlattenConfig" classname="griffon.util.ConfigReaderTests" time="0.031"/>
  <testcase name="testNotProperlyNestedPropertiesArePreserved" classname="griffon.util.ConfigReaderTests" time="0.004"/>
  <testcase name="testConfigInterReferencing" classname="griffon.util.ConfigReaderTests" time="0.033"/>
  <testcase name="testVariableAssignments" classname="griffon.util.ConfigReaderTests" time="0.026"/>
  <testcase name="testConfigBinding" classname="griffon.util.ConfigReaderTests" time="0.015"/>
  <testcase name="testSameElementNestingWithoutDuplication" classname="griffon.util.ConfigReaderTests" time="0.029"/>
  <system-out><![CDATA[]]></system-out>
  <system-err><![CDATA[]]></system-err>
</testsuite>
