<?xml version="1.0" encoding="UTF-8"?>
<testsuite name="griffon.util.ConfigReaderTests" tests="23" skipped="0" failures="0" errors="0" timestamp="2014-06-23T21:55:47" hostname="testing-worker-linux-11-1-26838-linux-8-28263170" time="3.737">
  <properties/>
  <testcase name="testParseProperties" classname="griffon.util.ConfigReaderTests" time="0.062"/>
  <testcase name="testToProperties" classname="griffon.util.ConfigReaderTests" time="0.196"/>
  <testcase name="testNestedConditionaBlocks" classname="griffon.util.ConfigReaderTests" time="1.226"/>
  <testcase name="testScopedPropertiesWithNesting" classname="griffon.util.ConfigReaderTests" time="0.086"/>
  <testcase name="testScopedProperties" classname="griffon.util.ConfigReaderTests" time="0.077"/>
  <testcase name="testCustomConditionalBlocks" classname="griffon.util.ConfigReaderTests" time="0.195"/>
  <testcase name="testTwoSameBlocks" classname="griffon.util.ConfigReaderTests" time="0.13"/>
  <testcase name="testConsecutiveReaderValues" classname="griffon.util.ConfigReaderTests" time="0.093"/>
  <testcase name="testScopedVariableReusage" classname="griffon.util.ConfigReaderTests" time="0.167"/>
  <testcase name="testLog4jConfiguration" classname="griffon.util.ConfigReaderTests" time="0.124"/>
  <testcase name="testSimpleProperties" classname="griffon.util.ConfigReaderTests" time="0.053"/>
  <testcase name="testConditionalOverrides" classname="griffon.util.ConfigReaderTests" time="0.162"/>
  <testcase name="testSerializeConfig" classname="griffon.util.ConfigReaderTests" time="0.219"/>
  <testcase name="testConfigTokensAsStrings" classname="griffon.util.ConfigReaderTests" time="0.052"/>
  <testcase name="testEnvironmentProperties2" classname="griffon.util.ConfigReaderTests" time="0.136"/>
  <testcase name="testConfigReaderNestedValues" classname="griffon.util.ConfigReaderTests" time="0.104"/>
  <testcase name="testEnvironmentSpecificConfig" classname="griffon.util.ConfigReaderTests" time="0.265"/>
  <testcase name="testFlattenConfig" classname="griffon.util.ConfigReaderTests" time="0.09"/>
  <testcase name="testNotProperlyNestedPropertiesArePreserved" classname="griffon.util.ConfigReaderTests" time="0.006"/>
  <testcase name="testConfigInterReferencing" classname="griffon.util.ConfigReaderTests" time="0.057"/>
  <testcase name="testVariableAssignments" classname="griffon.util.ConfigReaderTests" time="0.086"/>
  <testcase name="testConfigBinding" classname="griffon.util.ConfigReaderTests" time="0.036"/>
  <testcase name="testSameElementNestingWithoutDuplication" classname="griffon.util.ConfigReaderTests" time="0.094"/>
  <system-out><![CDATA[]]></system-out>
  <system-err><![CDATA[]]></system-err>
</testsuite>
