<?xml version="1.0" encoding="UTF-8"?>
<testsuite name="org.codehaus.griffon.runtime.groovy.resources.DefaultGroovyAwareResourceResolverTest" tests="1" skipped="0" failures="0" errors="0" timestamp="2016-06-01T20:38:15" hostname="testing-gce-02346492-7fe8-4844-953c-74fc61fd1164.c.travis-ci-prod-5.internal" time="0.035">
  <properties/>
  <testcase name="resolveAllFormatsByProperties" classname="org.codehaus.griffon.runtime.groovy.resources.DefaultGroovyAwareResourceResolverTest" time="0.035"/>
  <system-out><![CDATA[]]></system-out>
  <system-err><![CDATA[]]></system-err>
</testsuite>
