<?xml version="1.0" encoding="UTF-8"?>
<testsuite name="griffon.util.ConfigReaderTests" tests="23" skipped="0" failures="0" errors="0" timestamp="2014-06-26T09:04:16" hostname="testing-worker-linux-6-1-3457-linux-10-28481468" time="5.386">
  <properties/>
  <testcase name="testParseProperties" classname="griffon.util.ConfigReaderTests" time="0.732"/>
  <testcase name="testToProperties" classname="griffon.util.ConfigReaderTests" time="1.212"/>
  <testcase name="testNestedConditionaBlocks" classname="griffon.util.ConfigReaderTests" time="1.361"/>
  <testcase name="testScopedPropertiesWithNesting" classname="griffon.util.ConfigReaderTests" time="0.104"/>
  <testcase name="testScopedProperties" classname="griffon.util.ConfigReaderTests" time="0.087"/>
  <testcase name="testCustomConditionalBlocks" classname="griffon.util.ConfigReaderTests" time="0.177"/>
  <testcase name="testTwoSameBlocks" classname="griffon.util.ConfigReaderTests" time="0.103"/>
  <testcase name="testConsecutiveReaderValues" classname="griffon.util.ConfigReaderTests" time="0.068"/>
  <testcase name="testScopedVariableReusage" classname="griffon.util.ConfigReaderTests" time="0.126"/>
  <testcase name="testLog4jConfiguration" classname="griffon.util.ConfigReaderTests" time="0.106"/>
  <testcase name="testSimpleProperties" classname="griffon.util.ConfigReaderTests" time="0.052"/>
  <testcase name="testConditionalOverrides" classname="griffon.util.ConfigReaderTests" time="0.153"/>
  <testcase name="testSerializeConfig" classname="griffon.util.ConfigReaderTests" time="0.22"/>
  <testcase name="testConfigTokensAsStrings" classname="griffon.util.ConfigReaderTests" time="0.051"/>
  <testcase name="testEnvironmentProperties2" classname="griffon.util.ConfigReaderTests" time="0.131"/>
  <testcase name="testConfigReaderNestedValues" classname="griffon.util.ConfigReaderTests" time="0.101"/>
  <testcase name="testEnvironmentSpecificConfig" classname="griffon.util.ConfigReaderTests" time="0.237"/>
  <testcase name="testFlattenConfig" classname="griffon.util.ConfigReaderTests" time="0.089"/>
  <testcase name="testNotProperlyNestedPropertiesArePreserved" classname="griffon.util.ConfigReaderTests" time="0.007"/>
  <testcase name="testConfigInterReferencing" classname="griffon.util.ConfigReaderTests" time="0.06"/>
  <testcase name="testVariableAssignments" classname="griffon.util.ConfigReaderTests" time="0.072"/>
  <testcase name="testConfigBinding" classname="griffon.util.ConfigReaderTests" time="0.033"/>
  <testcase name="testSameElementNestingWithoutDuplication" classname="griffon.util.ConfigReaderTests" time="0.08"/>
  <system-out><![CDATA[]]></system-out>
  <system-err><![CDATA[]]></system-err>
</testsuite>
