<?xml version="1.0" encoding="UTF-8"?>
<testsuite name="griffon.util.ConfigReaderTests" tests="23" skipped="0" failures="0" errors="0" timestamp="2014-08-11T07:57:38" hostname="testing-worker-linux-5-1-1654-linux-11-32204052" time="2.891">
  <properties/>
  <testcase name="testParseProperties" classname="griffon.util.ConfigReaderTests" time="0.057"/>
  <testcase name="testToProperties" classname="griffon.util.ConfigReaderTests" time="0.188"/>
  <testcase name="testNestedConditionaBlocks" classname="griffon.util.ConfigReaderTests" time="1.034"/>
  <testcase name="testScopedPropertiesWithNesting" classname="griffon.util.ConfigReaderTests" time="0.068"/>
  <testcase name="testScopedProperties" classname="griffon.util.ConfigReaderTests" time="0.057"/>
  <testcase name="testCustomConditionalBlocks" classname="griffon.util.ConfigReaderTests" time="0.134"/>
  <testcase name="testTwoSameBlocks" classname="griffon.util.ConfigReaderTests" time="0.085"/>
  <testcase name="testConsecutiveReaderValues" classname="griffon.util.ConfigReaderTests" time="0.055"/>
  <testcase name="testScopedVariableReusage" classname="griffon.util.ConfigReaderTests" time="0.096"/>
  <testcase name="testLog4jConfiguration" classname="griffon.util.ConfigReaderTests" time="0.081"/>
  <testcase name="testSimpleProperties" classname="griffon.util.ConfigReaderTests" time="0.033"/>
  <testcase name="testConditionalOverrides" classname="griffon.util.ConfigReaderTests" time="0.128"/>
  <testcase name="testSerializeConfig" classname="griffon.util.ConfigReaderTests" time="0.153"/>
  <testcase name="testConfigTokensAsStrings" classname="griffon.util.ConfigReaderTests" time="0.038"/>
  <testcase name="testEnvironmentProperties2" classname="griffon.util.ConfigReaderTests" time="0.102"/>
  <testcase name="testConfigReaderNestedValues" classname="griffon.util.ConfigReaderTests" time="0.076"/>
  <testcase name="testEnvironmentSpecificConfig" classname="griffon.util.ConfigReaderTests" time="0.215"/>
  <testcase name="testFlattenConfig" classname="griffon.util.ConfigReaderTests" time="0.067"/>
  <testcase name="testNotProperlyNestedPropertiesArePreserved" classname="griffon.util.ConfigReaderTests" time="0.004"/>
  <testcase name="testConfigInterReferencing" classname="griffon.util.ConfigReaderTests" time="0.047"/>
  <testcase name="testVariableAssignments" classname="griffon.util.ConfigReaderTests" time="0.062"/>
  <testcase name="testConfigBinding" classname="griffon.util.ConfigReaderTests" time="0.027"/>
  <testcase name="testSameElementNestingWithoutDuplication" classname="griffon.util.ConfigReaderTests" time="0.067"/>
  <system-out><![CDATA[]]></system-out>
  <system-err><![CDATA[]]></system-err>
</testsuite>
