<?xml version="1.0" encoding="UTF-8"?>
<testsuite name="griffon.util.ConfigReaderTests" tests="23" skipped="0" failures="0" errors="0" timestamp="2014-07-22T07:14:24" hostname="testing-worker-linux-10-2-19308-linux-3-30527077" time="5.508">
  <properties/>
  <testcase name="testParseProperties" classname="griffon.util.ConfigReaderTests" time="0.766"/>
  <testcase name="testToProperties" classname="griffon.util.ConfigReaderTests" time="1.273"/>
  <testcase name="testNestedConditionaBlocks" classname="griffon.util.ConfigReaderTests" time="1.34"/>
  <testcase name="testScopedPropertiesWithNesting" classname="griffon.util.ConfigReaderTests" time="0.085"/>
  <testcase name="testScopedProperties" classname="griffon.util.ConfigReaderTests" time="0.072"/>
  <testcase name="testCustomConditionalBlocks" classname="griffon.util.ConfigReaderTests" time="0.168"/>
  <testcase name="testTwoSameBlocks" classname="griffon.util.ConfigReaderTests" time="0.108"/>
  <testcase name="testConsecutiveReaderValues" classname="griffon.util.ConfigReaderTests" time="0.078"/>
  <testcase name="testScopedVariableReusage" classname="griffon.util.ConfigReaderTests" time="0.128"/>
  <testcase name="testLog4jConfiguration" classname="griffon.util.ConfigReaderTests" time="0.111"/>
  <testcase name="testSimpleProperties" classname="griffon.util.ConfigReaderTests" time="0.052"/>
  <testcase name="testConditionalOverrides" classname="griffon.util.ConfigReaderTests" time="0.156"/>
  <testcase name="testSerializeConfig" classname="griffon.util.ConfigReaderTests" time="0.196"/>
  <testcase name="testConfigTokensAsStrings" classname="griffon.util.ConfigReaderTests" time="0.052"/>
  <testcase name="testEnvironmentProperties2" classname="griffon.util.ConfigReaderTests" time="0.13"/>
  <testcase name="testConfigReaderNestedValues" classname="griffon.util.ConfigReaderTests" time="0.102"/>
  <testcase name="testEnvironmentSpecificConfig" classname="griffon.util.ConfigReaderTests" time="0.272"/>
  <testcase name="testFlattenConfig" classname="griffon.util.ConfigReaderTests" time="0.109"/>
  <testcase name="testNotProperlyNestedPropertiesArePreserved" classname="griffon.util.ConfigReaderTests" time="0.01"/>
  <testcase name="testConfigInterReferencing" classname="griffon.util.ConfigReaderTests" time="0.071"/>
  <testcase name="testVariableAssignments" classname="griffon.util.ConfigReaderTests" time="0.088"/>
  <testcase name="testConfigBinding" classname="griffon.util.ConfigReaderTests" time="0.036"/>
  <testcase name="testSameElementNestingWithoutDuplication" classname="griffon.util.ConfigReaderTests" time="0.083"/>
  <system-out><![CDATA[]]></system-out>
  <system-err><![CDATA[]]></system-err>
</testsuite>
