<?xml version="1.0" encoding="UTF-8"?>
<testsuite name="griffon.util.BindUtilsTest" tests="3" skipped="0" failures="0" errors="0" timestamp="2016-06-20T07:43:55" hostname="testing-gce-a4e37928-7309-4094-879f-ef33aa891ec0.c.travis-ci-prod-5.internal" time="0.038">
  <properties/>
  <testcase name="testNoTargetProperty" classname="griffon.util.BindUtilsTest" time="0.021"/>
  <testcase name="testNoSourceProperty" classname="griffon.util.BindUtilsTest" time="0.004"/>
  <testcase name="testAllOptions" classname="griffon.util.BindUtilsTest" time="0.012"/>
  <system-out><![CDATA[]]></system-out>
  <system-err><![CDATA[Jun 20, 2016 7:43:55 AM groovy.util.FactoryBuilderSupport createNode
WARNING: Factory for name 'bind' returned null
Jun 20, 2016 7:43:55 AM groovy.util.FactoryBuilderSupport createNode
WARNING: Factory for name 'bind' returned null
Jun 20, 2016 7:43:55 AM groovy.util.FactoryBuilderSupport createNode
WARNING: Factory for name 'bind' returned null
]]></system-err>
</testsuite>
