<?xml version="1.0" encoding="UTF-8"?>
<testsuite name="griffon.builder.core.CoreBuilderCustomizerSpec" tests="4" skipped="0" failures="0" errors="0" timestamp="2014-12-08T16:12:14" hostname="testing-worker-linux-2-1-15228-linux-2-43361418" time="0.538">
  <properties/>
  <testcase name="Root node is properly configured[0]" classname="griffon.builder.core.CoreBuilderCustomizerSpec" time="0.477"/>
  <testcase name="Root node is properly configured[1]" classname="griffon.builder.core.CoreBuilderCustomizerSpec" time="0.015"/>
  <testcase name="Root node is properly configured[2]" classname="griffon.builder.core.CoreBuilderCustomizerSpec" time="0.031"/>
  <testcase name="Root node is properly configured[3]" classname="griffon.builder.core.CoreBuilderCustomizerSpec" time="0.012"/>
  <system-out><![CDATA[]]></system-out>
  <system-err><![CDATA[Dec 08, 2014 4:12:15 PM groovy.util.FactoryBuilderSupport createNode
WARNING: Factory for name 'root' returned null
Dec 08, 2014 4:12:15 PM groovy.util.FactoryBuilderSupport createNode
WARNING: Factory for name 'root' returned null
]]></system-err>
</testsuite>
