<?xml version="1.0" encoding="UTF-8"?>
<testsuite name="griffon.util.ConfigReaderTests" tests="23" skipped="0" failures="0" errors="0" timestamp="2015-06-18T20:40:07" hostname="testing-worker-linux-44a99d76-2-4160-linux-10-67425901" time="3.836">
  <properties/>
  <testcase name="testParseProperties" classname="griffon.util.ConfigReaderTests" time="0.229"/>
  <testcase name="testToProperties" classname="griffon.util.ConfigReaderTests" time="1.723"/>
  <testcase name="testNestedConditionaBlocks" classname="griffon.util.ConfigReaderTests" time="0.693"/>
  <testcase name="testScopedPropertiesWithNesting" classname="griffon.util.ConfigReaderTests" time="0.066"/>
  <testcase name="testScopedProperties" classname="griffon.util.ConfigReaderTests" time="0.045"/>
  <testcase name="testCustomConditionalBlocks" classname="griffon.util.ConfigReaderTests" time="0.099"/>
  <testcase name="testTwoSameBlocks" classname="griffon.util.ConfigReaderTests" time="0.06"/>
  <testcase name="testConsecutiveReaderValues" classname="griffon.util.ConfigReaderTests" time="0.038"/>
  <testcase name="testScopedVariableReusage" classname="griffon.util.ConfigReaderTests" time="0.067"/>
  <testcase name="testLog4jConfiguration" classname="griffon.util.ConfigReaderTests" time="0.069"/>
  <testcase name="testSimpleProperties" classname="griffon.util.ConfigReaderTests" time="0.026"/>
  <testcase name="testConditionalOverrides" classname="griffon.util.ConfigReaderTests" time="0.077"/>
  <testcase name="testSerializeConfig" classname="griffon.util.ConfigReaderTests" time="0.105"/>
  <testcase name="testConfigTokensAsStrings" classname="griffon.util.ConfigReaderTests" time="0.054"/>
  <testcase name="testEnvironmentProperties2" classname="griffon.util.ConfigReaderTests" time="0.069"/>
  <testcase name="testConfigReaderNestedValues" classname="griffon.util.ConfigReaderTests" time="0.062"/>
  <testcase name="testEnvironmentSpecificConfig" classname="griffon.util.ConfigReaderTests" time="0.127"/>
  <testcase name="testFlattenConfig" classname="griffon.util.ConfigReaderTests" time="0.045"/>
  <testcase name="testNotProperlyNestedPropertiesArePreserved" classname="griffon.util.ConfigReaderTests" time="0.006"/>
  <testcase name="testConfigInterReferencing" classname="griffon.util.ConfigReaderTests" time="0.045"/>
  <testcase name="testVariableAssignments" classname="griffon.util.ConfigReaderTests" time="0.034"/>
  <testcase name="testConfigBinding" classname="griffon.util.ConfigReaderTests" time="0.021"/>
  <testcase name="testSameElementNestingWithoutDuplication" classname="griffon.util.ConfigReaderTests" time="0.054"/>
  <system-out><![CDATA[]]></system-out>
  <system-err><![CDATA[]]></system-err>
</testsuite>
