<?xml version="1.0" encoding="UTF-8"?>
<testsuite name="griffon.util.ConfigReaderTests" tests="23" skipped="0" failures="0" errors="0" timestamp="2014-07-18T11:56:21" hostname="testing-worker-linux-2-2-8861-linux-5-30259710" time="3.093">
  <properties/>
  <testcase name="testParseProperties" classname="griffon.util.ConfigReaderTests" time="0.049"/>
  <testcase name="testToProperties" classname="griffon.util.ConfigReaderTests" time="0.171"/>
  <testcase name="testNestedConditionaBlocks" classname="griffon.util.ConfigReaderTests" time="1.093"/>
  <testcase name="testScopedPropertiesWithNesting" classname="griffon.util.ConfigReaderTests" time="0.072"/>
  <testcase name="testScopedProperties" classname="griffon.util.ConfigReaderTests" time="0.062"/>
  <testcase name="testCustomConditionalBlocks" classname="griffon.util.ConfigReaderTests" time="0.148"/>
  <testcase name="testTwoSameBlocks" classname="griffon.util.ConfigReaderTests" time="0.1"/>
  <testcase name="testConsecutiveReaderValues" classname="griffon.util.ConfigReaderTests" time="0.068"/>
  <testcase name="testScopedVariableReusage" classname="griffon.util.ConfigReaderTests" time="0.118"/>
  <testcase name="testLog4jConfiguration" classname="griffon.util.ConfigReaderTests" time="0.098"/>
  <testcase name="testSimpleProperties" classname="griffon.util.ConfigReaderTests" time="0.04"/>
  <testcase name="testConditionalOverrides" classname="griffon.util.ConfigReaderTests" time="0.136"/>
  <testcase name="testSerializeConfig" classname="griffon.util.ConfigReaderTests" time="0.168"/>
  <testcase name="testConfigTokensAsStrings" classname="griffon.util.ConfigReaderTests" time="0.043"/>
  <testcase name="testEnvironmentProperties2" classname="griffon.util.ConfigReaderTests" time="0.111"/>
  <testcase name="testConfigReaderNestedValues" classname="griffon.util.ConfigReaderTests" time="0.085"/>
  <testcase name="testEnvironmentSpecificConfig" classname="griffon.util.ConfigReaderTests" time="0.214"/>
  <testcase name="testFlattenConfig" classname="griffon.util.ConfigReaderTests" time="0.078"/>
  <testcase name="testNotProperlyNestedPropertiesArePreserved" classname="griffon.util.ConfigReaderTests" time="0.004"/>
  <testcase name="testConfigInterReferencing" classname="griffon.util.ConfigReaderTests" time="0.05"/>
  <testcase name="testVariableAssignments" classname="griffon.util.ConfigReaderTests" time="0.064"/>
  <testcase name="testConfigBinding" classname="griffon.util.ConfigReaderTests" time="0.028"/>
  <testcase name="testSameElementNestingWithoutDuplication" classname="griffon.util.ConfigReaderTests" time="0.074"/>
  <system-out><![CDATA[]]></system-out>
  <system-err><![CDATA[]]></system-err>
</testsuite>
