<?xml version="1.0" encoding="UTF-8"?>
<testsuite name="griffon.util.ConfigReaderTests" tests="23" failures="0" errors="0" timestamp="2014-02-26T09:18:39" hostname="testing-worker-linux-5-1-21897-linux-6-19637608" time="5.826">
  <properties/>
  <testcase name="testParseProperties" classname="griffon.util.ConfigReaderTests" time="0.223"/>
  <testcase name="testToProperties" classname="griffon.util.ConfigReaderTests" time="1.233"/>
  <testcase name="testNestedConditionaBlocks" classname="griffon.util.ConfigReaderTests" time="1.886"/>
  <testcase name="testScopedPropertiesWithNesting" classname="griffon.util.ConfigReaderTests" time="0.2"/>
  <testcase name="testScopedProperties" classname="griffon.util.ConfigReaderTests" time="0.088"/>
  <testcase name="testCustomConditionalBlocks" classname="griffon.util.ConfigReaderTests" time="0.211"/>
  <testcase name="testTwoSameBlocks" classname="griffon.util.ConfigReaderTests" time="0.149"/>
  <testcase name="testConsecutiveReaderValues" classname="griffon.util.ConfigReaderTests" time="0.103"/>
  <testcase name="testScopedVariableReusage" classname="griffon.util.ConfigReaderTests" time="0.164"/>
  <testcase name="testLog4jConfiguration" classname="griffon.util.ConfigReaderTests" time="0.138"/>
  <testcase name="testSimpleProperties" classname="griffon.util.ConfigReaderTests" time="0.061"/>
  <testcase name="testConditionalOverrides" classname="griffon.util.ConfigReaderTests" time="0.2"/>
  <testcase name="testSerializeConfig" classname="griffon.util.ConfigReaderTests" time="0.223"/>
  <testcase name="testConfigTokensAsStrings" classname="griffon.util.ConfigReaderTests" time="0.058"/>
  <testcase name="testEnvironmentProperties2" classname="griffon.util.ConfigReaderTests" time="0.141"/>
  <testcase name="testConfigReaderNestedValues" classname="griffon.util.ConfigReaderTests" time="0.112"/>
  <testcase name="testEnvironmentSpecificConfig" classname="griffon.util.ConfigReaderTests" time="0.264"/>
  <testcase name="testFlattenConfig" classname="griffon.util.ConfigReaderTests" time="0.094"/>
  <testcase name="testNotProperlyNestedPropertiesArePreserved" classname="griffon.util.ConfigReaderTests" time="0.005"/>
  <testcase name="testConfigInterReferencing" classname="griffon.util.ConfigReaderTests" time="0.057"/>
  <testcase name="testVariableAssignments" classname="griffon.util.ConfigReaderTests" time="0.074"/>
  <testcase name="testConfigBinding" classname="griffon.util.ConfigReaderTests" time="0.032"/>
  <testcase name="testSameElementNestingWithoutDuplication" classname="griffon.util.ConfigReaderTests" time="0.086"/>
  <system-out><![CDATA[]]></system-out>
  <system-err><![CDATA[]]></system-err>
</testsuite>
