<?xml version="1.0" encoding="UTF-8"?>
<testsuite name="griffon.util.ConfigReaderTests" tests="23" skipped="0" failures="0" errors="0" timestamp="2014-07-29T17:08:54" hostname="testing-worker-linux-5-2-10853-linux-10-31157923" time="4.38">
  <properties/>
  <testcase name="testParseProperties" classname="griffon.util.ConfigReaderTests" time="0.175"/>
  <testcase name="testToProperties" classname="griffon.util.ConfigReaderTests" time="1.038"/>
  <testcase name="testNestedConditionaBlocks" classname="griffon.util.ConfigReaderTests" time="1.192"/>
  <testcase name="testScopedPropertiesWithNesting" classname="griffon.util.ConfigReaderTests" time="0.079"/>
  <testcase name="testScopedProperties" classname="griffon.util.ConfigReaderTests" time="0.069"/>
  <testcase name="testCustomConditionalBlocks" classname="griffon.util.ConfigReaderTests" time="0.168"/>
  <testcase name="testTwoSameBlocks" classname="griffon.util.ConfigReaderTests" time="0.102"/>
  <testcase name="testConsecutiveReaderValues" classname="griffon.util.ConfigReaderTests" time="0.07"/>
  <testcase name="testScopedVariableReusage" classname="griffon.util.ConfigReaderTests" time="0.115"/>
  <testcase name="testLog4jConfiguration" classname="griffon.util.ConfigReaderTests" time="0.103"/>
  <testcase name="testSimpleProperties" classname="griffon.util.ConfigReaderTests" time="0.048"/>
  <testcase name="testConditionalOverrides" classname="griffon.util.ConfigReaderTests" time="0.147"/>
  <testcase name="testSerializeConfig" classname="griffon.util.ConfigReaderTests" time="0.186"/>
  <testcase name="testConfigTokensAsStrings" classname="griffon.util.ConfigReaderTests" time="0.049"/>
  <testcase name="testEnvironmentProperties2" classname="griffon.util.ConfigReaderTests" time="0.124"/>
  <testcase name="testConfigReaderNestedValues" classname="griffon.util.ConfigReaderTests" time="0.098"/>
  <testcase name="testEnvironmentSpecificConfig" classname="griffon.util.ConfigReaderTests" time="0.255"/>
  <testcase name="testFlattenConfig" classname="griffon.util.ConfigReaderTests" time="0.092"/>
  <testcase name="testNotProperlyNestedPropertiesArePreserved" classname="griffon.util.ConfigReaderTests" time="0.007"/>
  <testcase name="testConfigInterReferencing" classname="griffon.util.ConfigReaderTests" time="0.056"/>
  <testcase name="testVariableAssignments" classname="griffon.util.ConfigReaderTests" time="0.071"/>
  <testcase name="testConfigBinding" classname="griffon.util.ConfigReaderTests" time="0.031"/>
  <testcase name="testSameElementNestingWithoutDuplication" classname="griffon.util.ConfigReaderTests" time="0.086"/>
  <system-out><![CDATA[]]></system-out>
  <system-err><![CDATA[]]></system-err>
</testsuite>
