<?xml version="1.0" encoding="UTF-8"?>
<testsuite name="griffon.util.ConfigReaderTests" tests="23" skipped="0" failures="0" errors="0" timestamp="2014-07-16T15:42:14" hostname="testing-worker-linux-4-2-3212-linux-7-30081874" time="6.595">
  <properties/>
  <testcase name="testParseProperties" classname="griffon.util.ConfigReaderTests" time="0.864"/>
  <testcase name="testToProperties" classname="griffon.util.ConfigReaderTests" time="1.346"/>
  <testcase name="testNestedConditionaBlocks" classname="griffon.util.ConfigReaderTests" time="1.76"/>
  <testcase name="testScopedPropertiesWithNesting" classname="griffon.util.ConfigReaderTests" time="0.118"/>
  <testcase name="testScopedProperties" classname="griffon.util.ConfigReaderTests" time="0.093"/>
  <testcase name="testCustomConditionalBlocks" classname="griffon.util.ConfigReaderTests" time="0.215"/>
  <testcase name="testTwoSameBlocks" classname="griffon.util.ConfigReaderTests" time="0.146"/>
  <testcase name="testConsecutiveReaderValues" classname="griffon.util.ConfigReaderTests" time="0.099"/>
  <testcase name="testScopedVariableReusage" classname="griffon.util.ConfigReaderTests" time="0.157"/>
  <testcase name="testLog4jConfiguration" classname="griffon.util.ConfigReaderTests" time="0.137"/>
  <testcase name="testSimpleProperties" classname="griffon.util.ConfigReaderTests" time="0.061"/>
  <testcase name="testConditionalOverrides" classname="griffon.util.ConfigReaderTests" time="0.206"/>
  <testcase name="testSerializeConfig" classname="griffon.util.ConfigReaderTests" time="0.257"/>
  <testcase name="testConfigTokensAsStrings" classname="griffon.util.ConfigReaderTests" time="0.069"/>
  <testcase name="testEnvironmentProperties2" classname="griffon.util.ConfigReaderTests" time="0.173"/>
  <testcase name="testConfigReaderNestedValues" classname="griffon.util.ConfigReaderTests" time="0.156"/>
  <testcase name="testEnvironmentSpecificConfig" classname="griffon.util.ConfigReaderTests" time="0.298"/>
  <testcase name="testFlattenConfig" classname="griffon.util.ConfigReaderTests" time="0.114"/>
  <testcase name="testNotProperlyNestedPropertiesArePreserved" classname="griffon.util.ConfigReaderTests" time="0.009"/>
  <testcase name="testConfigInterReferencing" classname="griffon.util.ConfigReaderTests" time="0.075"/>
  <testcase name="testVariableAssignments" classname="griffon.util.ConfigReaderTests" time="0.08"/>
  <testcase name="testConfigBinding" classname="griffon.util.ConfigReaderTests" time="0.035"/>
  <testcase name="testSameElementNestingWithoutDuplication" classname="griffon.util.ConfigReaderTests" time="0.089"/>
  <system-out><![CDATA[]]></system-out>
  <system-err><![CDATA[]]></system-err>
</testsuite>
