<?xml version="1.0" encoding="UTF-8"?>
<testsuite name="griffon.util.ConfigReaderTests" tests="23" skipped="0" failures="0" errors="0" timestamp="2014-08-11T07:59:13" hostname="testing-worker-linux-12-1-17172-linux-14-32204050" time="4.995">
  <properties/>
  <testcase name="testParseProperties" classname="griffon.util.ConfigReaderTests" time="0.201"/>
  <testcase name="testToProperties" classname="griffon.util.ConfigReaderTests" time="1.222"/>
  <testcase name="testNestedConditionaBlocks" classname="griffon.util.ConfigReaderTests" time="1.292"/>
  <testcase name="testScopedPropertiesWithNesting" classname="griffon.util.ConfigReaderTests" time="0.099"/>
  <testcase name="testScopedProperties" classname="griffon.util.ConfigReaderTests" time="0.082"/>
  <testcase name="testCustomConditionalBlocks" classname="griffon.util.ConfigReaderTests" time="0.193"/>
  <testcase name="testTwoSameBlocks" classname="griffon.util.ConfigReaderTests" time="0.111"/>
  <testcase name="testConsecutiveReaderValues" classname="griffon.util.ConfigReaderTests" time="0.081"/>
  <testcase name="testScopedVariableReusage" classname="griffon.util.ConfigReaderTests" time="0.122"/>
  <testcase name="testLog4jConfiguration" classname="griffon.util.ConfigReaderTests" time="0.11"/>
  <testcase name="testSimpleProperties" classname="griffon.util.ConfigReaderTests" time="0.05"/>
  <testcase name="testConditionalOverrides" classname="griffon.util.ConfigReaderTests" time="0.156"/>
  <testcase name="testSerializeConfig" classname="griffon.util.ConfigReaderTests" time="0.272"/>
  <testcase name="testConfigTokensAsStrings" classname="griffon.util.ConfigReaderTests" time="0.056"/>
  <testcase name="testEnvironmentProperties2" classname="griffon.util.ConfigReaderTests" time="0.158"/>
  <testcase name="testConfigReaderNestedValues" classname="griffon.util.ConfigReaderTests" time="0.121"/>
  <testcase name="testEnvironmentSpecificConfig" classname="griffon.util.ConfigReaderTests" time="0.289"/>
  <testcase name="testFlattenConfig" classname="griffon.util.ConfigReaderTests" time="0.099"/>
  <testcase name="testNotProperlyNestedPropertiesArePreserved" classname="griffon.util.ConfigReaderTests" time="0.006"/>
  <testcase name="testConfigInterReferencing" classname="griffon.util.ConfigReaderTests" time="0.065"/>
  <testcase name="testVariableAssignments" classname="griffon.util.ConfigReaderTests" time="0.075"/>
  <testcase name="testConfigBinding" classname="griffon.util.ConfigReaderTests" time="0.033"/>
  <testcase name="testSameElementNestingWithoutDuplication" classname="griffon.util.ConfigReaderTests" time="0.083"/>
  <system-out><![CDATA[]]></system-out>
  <system-err><![CDATA[]]></system-err>
</testsuite>
