<?xml version="1.0" encoding="UTF-8"?>
<testsuite name="griffon.builder.core.CoreBuilderCustomizerSpec" tests="4" skipped="0" failures="0" errors="0" timestamp="2014-06-23T21:56:14" hostname="testing-worker-linux-12-1-31924-linux-13-28263267" time="0.283">
  <properties/>
  <testcase name="Root node is properly configured[0]" classname="griffon.builder.core.CoreBuilderCustomizerSpec" time="0.233"/>
  <testcase name="Root node is properly configured[1]" classname="griffon.builder.core.CoreBuilderCustomizerSpec" time="0.019"/>
  <testcase name="Root node is properly configured[2]" classname="griffon.builder.core.CoreBuilderCustomizerSpec" time="0.014"/>
  <testcase name="Root node is properly configured[3]" classname="griffon.builder.core.CoreBuilderCustomizerSpec" time="0.014"/>
  <system-out><![CDATA[]]></system-out>
  <system-err><![CDATA[java.lang.instrument.IllegalClassFormatException: Error while instrumenting class groovy/swing/factory/CollectionFactory.
	at org.jacoco.agent.rt.internal_5d10cad.CoverageTransformer.transform(CoverageTransformer.java:91)
	at sun.instrument.TransformerManager.transform(TransformerManager.java:188)
	at sun.instrument.InstrumentationImpl.transform(InstrumentationImpl.java:424)
	at java.lang.ClassLoader.defineClass1(Native Method)
	at java.lang.ClassLoader.defineClass(ClassLoader.java:800)
	at java.security.SecureClassLoader.defineClass(SecureClassLoader.java:142)
	at java.net.URLClassLoader.defineClass(URLClassLoader.java:449)
	at java.net.URLClassLoader.access$100(URLClassLoader.java:71)
	at java.net.URLClassLoader$1.run(URLClassLoader.java:361)
	at java.net.URLClassLoader$1.run(URLClassLoader.java:355)
	at java.security.AccessController.doPrivileged(Native Method)
	at java.net.URLClassLoader.findClass(URLClassLoader.java:354)
	at java.lang.ClassLoader.loadClass(ClassLoader.java:425)
	at sun.misc.Launcher$AppClassLoader.loadClass(Launcher.java:308)
	at java.lang.ClassLoader.loadClass(ClassLoader.java:358)
	at griffon.builder.core.TestBuilderCustomizer.<init>(CoreBuilderCustomizerSpec.groovy:54)
	at sun.reflect.NativeConstructorAccessorImpl.newInstance0(Native Method)
	at sun.reflect.NativeConstructorAccessorImpl.newInstance(NativeConstructorAccessorImpl.java:57)
	at sun.reflect.DelegatingConstructorAccessorImpl.newInstance(DelegatingConstructorAccessorImpl.java:45)
	at java.lang.reflect.Constructor.newInstance(Constructor.java:526)
	at org.codehaus.groovy.reflection.CachedConstructor.invoke(CachedConstructor.java:77)
	at org.codehaus.groovy.runtime.callsite.ConstructorSite$ConstructorSiteNoUnwrapNoCoerce.callConstructor(ConstructorSite.java:102)
	at org.codehaus.groovy.runtime.callsite.CallSiteArray.defaultCallConstructor(CallSiteArray.java:57)
	at org.codehaus.groovy.runtime.callsite.AbstractCallSite.callConstructor(AbstractCallSite.java:182)
	at org.codehaus.groovy.runtime.callsite.AbstractCallSite.callConstructor(AbstractCallSite.java:186)
	at griffon.builder.core.CoreBuilderCustomizerSpec.$spock_feature_0_0(CoreBuilderCustomizerSpec.groovy:31)
	at sun.reflect.NativeMethodAccessorImpl.invoke0(Native Method)
	at sun.reflect.NativeMethodAccessorImpl.invoke(NativeMethodAccessorImpl.java:57)
	at sun.reflect.DelegatingMethodAccessorImpl.invoke(DelegatingMethodAccessorImpl.java:43)
	at java.lang.reflect.Method.invoke(Method.java:606)
	at org.spockframework.util.ReflectionUtil.invokeMethod(ReflectionUtil.java:138)
	at org.spockframework.runtime.BaseSpecRunner.invokeRaw(BaseSpecRunner.java:330)
	at org.spockframework.runtime.BaseSpecRunner.invoke(BaseSpecRunner.java:311)
	at org.spockframework.runtime.BaseSpecRunner.invokeFeatureMethod(BaseSpecRunner.java:285)
	at org.spockframework.runtime.BaseSpecRunner.doRunIteration(BaseSpecRunner.java:256)
	at sun.reflect.NativeMethodAccessorImpl.invoke0(Native Method)
	at sun.reflect.NativeMethodAccessorImpl.invoke(NativeMethodAccessorImpl.java:57)
	at sun.reflect.DelegatingMethodAccessorImpl.invoke(DelegatingMethodAccessorImpl.java:43)
	at java.lang.reflect.Method.invoke(Method.java:606)
	at org.spockframework.util.ReflectionUtil.invokeMethod(ReflectionUtil.java:138)
	at org.spockframework.runtime.BaseSpecRunner.invokeRaw(BaseSpecRunner.java:330)
	at org.spockframework.runtime.BaseSpecRunner.invoke(BaseSpecRunner.java:311)
	at org.spockframework.runtime.BaseSpecRunner.runIteration(BaseSpecRunner.java:223)
	at org.spockframework.runtime.BaseSpecRunner.initializeAndRunIteration(BaseSpecRunner.java:214)
	at org.spockframework.runtime.ParameterizedSpecRunner.runIterations(ParameterizedSpecRunner.java:119)
	at org.spockframework.runtime.ParameterizedSpecRunner.runParameterizedFeature(ParameterizedSpecRunner.java:43)
	at org.spockframework.runtime.BaseSpecRunner.doRunFeature(BaseSpecRunner.java:198)
	at sun.reflect.NativeMethodAccessorImpl.invoke0(Native Method)
	at sun.reflect.NativeMethodAccessorImpl.invoke(NativeMethodAccessorImpl.java:57)
	at sun.reflect.DelegatingMethodAccessorImpl.invoke(DelegatingMethodAccessorImpl.java:43)
	at java.lang.reflect.Method.invoke(Method.java:606)
	at org.spockframework.util.ReflectionUtil.invokeMethod(ReflectionUtil.java:138)
	at org.spockframework.runtime.BaseSpecRunner.invokeRaw(BaseSpecRunner.java:330)
	at org.spockframework.runtime.BaseSpecRunner.invoke(BaseSpecRunner.java:311)
	at org.spockframework.runtime.BaseSpecRunner.runFeature(BaseSpecRunner.java:175)
	at org.spockframework.runtime.BaseSpecRunner.runFeatures(BaseSpecRunner.java:152)
	at org.spockframework.runtime.BaseSpecRunner.doRunSpec(BaseSpecRunner.java:112)
	at sun.reflect.NativeMethodAccessorImpl.invoke0(Native Method)
	at sun.reflect.NativeMethodAccessorImpl.invoke(NativeMethodAccessorImpl.java:57)
	at sun.reflect.DelegatingMethodAccessorImpl.invoke(DelegatingMethodAccessorImpl.java:43)
	at java.lang.reflect.Method.invoke(Method.java:606)
	at org.spockframework.util.ReflectionUtil.invokeMethod(ReflectionUtil.java:138)
	at org.spockframework.runtime.BaseSpecRunner.invokeRaw(BaseSpecRunner.java:330)
	at org.spockframework.runtime.BaseSpecRunner.invoke(BaseSpecRunner.java:311)
	at org.spockframework.runtime.BaseSpecRunner.runSpec(BaseSpecRunner.java:91)
	at org.spockframework.runtime.BaseSpecRunner.run(BaseSpecRunner.java:82)
	at org.spockframework.runtime.Sputnik.run(Sputnik.java:63)
	at org.gradle.api.internal.tasks.testing.junit.JUnitTestClassExecuter.runTestClass(JUnitTestClassExecuter.java:86)
	at org.gradle.api.internal.tasks.testing.junit.JUnitTestClassExecuter.execute(JUnitTestClassExecuter.java:49)
	at org.gradle.api.internal.tasks.testing.junit.JUnitTestClassProcessor.processTestClass(JUnitTestClassProcessor.java:69)
	at org.gradle.api.internal.tasks.testing.SuiteTestClassProcessor.processTestClass(SuiteTestClassProcessor.java:48)
	at sun.reflect.NativeMethodAccessorImpl.invoke0(Native Method)
	at sun.reflect.NativeMethodAccessorImpl.invoke(NativeMethodAccessorImpl.java:57)
	at sun.reflect.DelegatingMethodAccessorImpl.invoke(DelegatingMethodAccessorImpl.java:43)
	at java.lang.reflect.Method.invoke(Method.java:606)
	at org.gradle.messaging.dispatch.ReflectionDispatch.dispatch(ReflectionDispatch.java:35)
	at org.gradle.messaging.dispatch.ReflectionDispatch.dispatch(ReflectionDispatch.java:24)
	at org.gradle.messaging.dispatch.ContextClassLoaderDispatch.dispatch(ContextClassLoaderDispatch.java:32)
	at org.gradle.messaging.dispatch.ProxyDispatchAdapter$DispatchingInvocationHandler.invoke(ProxyDispatchAdapter.java:93)
	at com.sun.proxy.$Proxy2.processTestClass(Unknown Source)
	at org.gradle.api.internal.tasks.testing.worker.TestWorker.processTestClass(TestWorker.java:105)
	at sun.reflect.NativeMethodAccessorImpl.invoke0(Native Method)
	at sun.reflect.NativeMethodAccessorImpl.invoke(NativeMethodAccessorImpl.java:57)
	at sun.reflect.DelegatingMethodAccessorImpl.invoke(DelegatingMethodAccessorImpl.java:43)
	at java.lang.reflect.Method.invoke(Method.java:606)
	at org.gradle.messaging.dispatch.ReflectionDispatch.dispatch(ReflectionDispatch.java:35)
	at org.gradle.messaging.dispatch.ReflectionDispatch.dispatch(ReflectionDispatch.java:24)
	at org.gradle.messaging.remote.internal.hub.MessageHub$Handler.run(MessageHub.java:355)
	at org.gradle.internal.concurrent.DefaultExecutorFactory$StoppableExecutorImpl$1.run(DefaultExecutorFactory.java:64)
	at java.util.concurrent.ThreadPoolExecutor.runWorker(ThreadPoolExecutor.java:1145)
	at java.util.concurrent.ThreadPoolExecutor$Worker.run(ThreadPoolExecutor.java:615)
	at java.lang.Thread.run(Thread.java:744)
Caused by: java.lang.IllegalStateException: Missing or invalid stackmap frames.
	at org.jacoco.agent.rt.internal_5d10cad.core.internal.instr.FrameTracker.assertValidFrames(FrameTracker.java:613)
	at org.jacoco.agent.rt.internal_5d10cad.core.internal.instr.FrameTracker.pop(FrameTracker.java:608)
	at org.jacoco.agent.rt.internal_5d10cad.core.internal.instr.FrameTracker.visitInsn(FrameTracker.java:97)
	at org.jacoco.agent.rt.internal_5d10cad.asm.MethodVisitor.visitInsn(Unknown Source)
	at org.jacoco.agent.rt.internal_5d10cad.core.internal.flow.MethodProbesAdapter.visitInsn(MethodProbesAdapter.java:64)
	at org.jacoco.agent.rt.internal_5d10cad.asm.tree.InsnNode.accept(Unknown Source)
	at org.jacoco.agent.rt.internal_5d10cad.asm.tree.InsnList.accept(Unknown Source)
	at org.jacoco.agent.rt.internal_5d10cad.asm.tree.MethodNode.accept(Unknown Source)
	at org.jacoco.agent.rt.internal_5d10cad.core.internal.flow.ClassProbesAdapter$1.visitEnd(ClassProbesAdapter.java:124)
	at org.jacoco.agent.rt.internal_5d10cad.asm.ClassReader.b(Unknown Source)
	at org.jacoco.agent.rt.internal_5d10cad.asm.ClassReader.accept(Unknown Source)
	at org.jacoco.agent.rt.internal_5d10cad.asm.ClassReader.accept(Unknown Source)
	at org.jacoco.agent.rt.internal_5d10cad.core.instr.Instrumenter.instrument(Instrumenter.java:74)
	at org.jacoco.agent.rt.internal_5d10cad.core.instr.Instrumenter.instrument(Instrumenter.java:87)
	at org.jacoco.agent.rt.internal_5d10cad.CoverageTransformer.transform(CoverageTransformer.java:89)
	... 91 more
java.lang.instrument.IllegalClassFormatException: Error while instrumenting class groovy/swing/factory/MapFactory.
	at org.jacoco.agent.rt.internal_5d10cad.CoverageTransformer.transform(CoverageTransformer.java:91)
	at sun.instrument.TransformerManager.transform(TransformerManager.java:188)
	at sun.instrument.InstrumentationImpl.transform(InstrumentationImpl.java:424)
	at java.lang.ClassLoader.defineClass1(Native Method)
	at java.lang.ClassLoader.defineClass(ClassLoader.java:800)
	at java.security.SecureClassLoader.defineClass(SecureClassLoader.java:142)
	at java.net.URLClassLoader.defineClass(URLClassLoader.java:449)
	at java.net.URLClassLoader.access$100(URLClassLoader.java:71)
	at java.net.URLClassLoader$1.run(URLClassLoader.java:361)
	at java.net.URLClassLoader$1.run(URLClassLoader.java:355)
	at java.security.AccessController.doPrivileged(Native Method)
	at java.net.URLClassLoader.findClass(URLClassLoader.java:354)
	at java.lang.ClassLoader.loadClass(ClassLoader.java:425)
	at sun.misc.Launcher$AppClassLoader.loadClass(Launcher.java:308)
	at java.lang.ClassLoader.loadClass(ClassLoader.java:358)
	at griffon.builder.core.TestBuilderCustomizer.<init>(CoreBuilderCustomizerSpec.groovy:55)
	at sun.reflect.NativeConstructorAccessorImpl.newInstance0(Native Method)
	at sun.reflect.NativeConstructorAccessorImpl.newInstance(NativeConstructorAccessorImpl.java:57)
	at sun.reflect.DelegatingConstructorAccessorImpl.newInstance(DelegatingConstructorAccessorImpl.java:45)
	at java.lang.reflect.Constructor.newInstance(Constructor.java:526)
	at org.codehaus.groovy.reflection.CachedConstructor.invoke(CachedConstructor.java:77)
	at org.codehaus.groovy.runtime.callsite.ConstructorSite$ConstructorSiteNoUnwrapNoCoerce.callConstructor(ConstructorSite.java:102)
	at org.codehaus.groovy.runtime.callsite.CallSiteArray.defaultCallConstructor(CallSiteArray.java:57)
	at org.codehaus.groovy.runtime.callsite.AbstractCallSite.callConstructor(AbstractCallSite.java:182)
	at org.codehaus.groovy.runtime.callsite.AbstractCallSite.callConstructor(AbstractCallSite.java:186)
	at griffon.builder.core.CoreBuilderCustomizerSpec.$spock_feature_0_0(CoreBuilderCustomizerSpec.groovy:31)
	at sun.reflect.NativeMethodAccessorImpl.invoke0(Native Method)
	at sun.reflect.NativeMethodAccessorImpl.invoke(NativeMethodAccessorImpl.java:57)
	at sun.reflect.DelegatingMethodAccessorImpl.invoke(DelegatingMethodAccessorImpl.java:43)
	at java.lang.reflect.Method.invoke(Method.java:606)
	at org.spockframework.util.ReflectionUtil.invokeMethod(ReflectionUtil.java:138)
	at org.spockframework.runtime.BaseSpecRunner.invokeRaw(BaseSpecRunner.java:330)
	at org.spockframework.runtime.BaseSpecRunner.invoke(BaseSpecRunner.java:311)
	at org.spockframework.runtime.BaseSpecRunner.invokeFeatureMethod(BaseSpecRunner.java:285)
	at org.spockframework.runtime.BaseSpecRunner.doRunIteration(BaseSpecRunner.java:256)
	at sun.reflect.NativeMethodAccessorImpl.invoke0(Native Method)
	at sun.reflect.NativeMethodAccessorImpl.invoke(NativeMethodAccessorImpl.java:57)
	at sun.reflect.DelegatingMethodAccessorImpl.invoke(DelegatingMethodAccessorImpl.java:43)
	at java.lang.reflect.Method.invoke(Method.java:606)
	at org.spockframework.util.ReflectionUtil.invokeMethod(ReflectionUtil.java:138)
	at org.spockframework.runtime.BaseSpecRunner.invokeRaw(BaseSpecRunner.java:330)
	at org.spockframework.runtime.BaseSpecRunner.invoke(BaseSpecRunner.java:311)
	at org.spockframework.runtime.BaseSpecRunner.runIteration(BaseSpecRunner.java:223)
	at org.spockframework.runtime.BaseSpecRunner.initializeAndRunIteration(BaseSpecRunner.java:214)
	at org.spockframework.runtime.ParameterizedSpecRunner.runIterations(ParameterizedSpecRunner.java:119)
	at org.spockframework.runtime.ParameterizedSpecRunner.runParameterizedFeature(ParameterizedSpecRunner.java:43)
	at org.spockframework.runtime.BaseSpecRunner.doRunFeature(BaseSpecRunner.java:198)
	at sun.reflect.NativeMethodAccessorImpl.invoke0(Native Method)
	at sun.reflect.NativeMethodAccessorImpl.invoke(NativeMethodAccessorImpl.java:57)
	at sun.reflect.DelegatingMethodAccessorImpl.invoke(DelegatingMethodAccessorImpl.java:43)
	at java.lang.reflect.Method.invoke(Method.java:606)
	at org.spockframework.util.ReflectionUtil.invokeMethod(ReflectionUtil.java:138)
	at org.spockframework.runtime.BaseSpecRunner.invokeRaw(BaseSpecRunner.java:330)
	at org.spockframework.runtime.BaseSpecRunner.invoke(BaseSpecRunner.java:311)
	at org.spockframework.runtime.BaseSpecRunner.runFeature(BaseSpecRunner.java:175)
	at org.spockframework.runtime.BaseSpecRunner.runFeatures(BaseSpecRunner.java:152)
	at org.spockframework.runtime.BaseSpecRunner.doRunSpec(BaseSpecRunner.java:112)
	at sun.reflect.NativeMethodAccessorImpl.invoke0(Native Method)
	at sun.reflect.NativeMethodAccessorImpl.invoke(NativeMethodAccessorImpl.java:57)
	at sun.reflect.DelegatingMethodAccessorImpl.invoke(DelegatingMethodAccessorImpl.java:43)
	at java.lang.reflect.Method.invoke(Method.java:606)
	at org.spockframework.util.ReflectionUtil.invokeMethod(ReflectionUtil.java:138)
	at org.spockframework.runtime.BaseSpecRunner.invokeRaw(BaseSpecRunner.java:330)
	at org.spockframework.runtime.BaseSpecRunner.invoke(BaseSpecRunner.java:311)
	at org.spockframework.runtime.BaseSpecRunner.runSpec(BaseSpecRunner.java:91)
	at org.spockframework.runtime.BaseSpecRunner.run(BaseSpecRunner.java:82)
	at org.spockframework.runtime.Sputnik.run(Sputnik.java:63)
	at org.gradle.api.internal.tasks.testing.junit.JUnitTestClassExecuter.runTestClass(JUnitTestClassExecuter.java:86)
	at org.gradle.api.internal.tasks.testing.junit.JUnitTestClassExecuter.execute(JUnitTestClassExecuter.java:49)
	at org.gradle.api.internal.tasks.testing.junit.JUnitTestClassProcessor.processTestClass(JUnitTestClassProcessor.java:69)
	at org.gradle.api.internal.tasks.testing.SuiteTestClassProcessor.processTestClass(SuiteTestClassProcessor.java:48)
	at sun.reflect.NativeMethodAccessorImpl.invoke0(Native Method)
	at sun.reflect.NativeMethodAccessorImpl.invoke(NativeMethodAccessorImpl.java:57)
	at sun.reflect.DelegatingMethodAccessorImpl.invoke(DelegatingMethodAccessorImpl.java:43)
	at java.lang.reflect.Method.invoke(Method.java:606)
	at org.gradle.messaging.dispatch.ReflectionDispatch.dispatch(ReflectionDispatch.java:35)
	at org.gradle.messaging.dispatch.ReflectionDispatch.dispatch(ReflectionDispatch.java:24)
	at org.gradle.messaging.dispatch.ContextClassLoaderDispatch.dispatch(ContextClassLoaderDispatch.java:32)
	at org.gradle.messaging.dispatch.ProxyDispatchAdapter$DispatchingInvocationHandler.invoke(ProxyDispatchAdapter.java:93)
	at com.sun.proxy.$Proxy2.processTestClass(Unknown Source)
	at org.gradle.api.internal.tasks.testing.worker.TestWorker.processTestClass(TestWorker.java:105)
	at sun.reflect.NativeMethodAccessorImpl.invoke0(Native Method)
	at sun.reflect.NativeMethodAccessorImpl.invoke(NativeMethodAccessorImpl.java:57)
	at sun.reflect.DelegatingMethodAccessorImpl.invoke(DelegatingMethodAccessorImpl.java:43)
	at java.lang.reflect.Method.invoke(Method.java:606)
	at org.gradle.messaging.dispatch.ReflectionDispatch.dispatch(ReflectionDispatch.java:35)
	at org.gradle.messaging.dispatch.ReflectionDispatch.dispatch(ReflectionDispatch.java:24)
	at org.gradle.messaging.remote.internal.hub.MessageHub$Handler.run(MessageHub.java:355)
	at org.gradle.internal.concurrent.DefaultExecutorFactory$StoppableExecutorImpl$1.run(DefaultExecutorFactory.java:64)
	at java.util.concurrent.ThreadPoolExecutor.runWorker(ThreadPoolExecutor.java:1145)
	at java.util.concurrent.ThreadPoolExecutor$Worker.run(ThreadPoolExecutor.java:615)
	at java.lang.Thread.run(Thread.java:744)
Caused by: java.lang.IllegalStateException: Missing or invalid stackmap frames.
	at org.jacoco.agent.rt.internal_5d10cad.core.internal.instr.FrameTracker.assertValidFrames(FrameTracker.java:613)
	at org.jacoco.agent.rt.internal_5d10cad.core.internal.instr.FrameTracker.pop(FrameTracker.java:608)
	at org.jacoco.agent.rt.internal_5d10cad.core.internal.instr.FrameTracker.visitInsn(FrameTracker.java:97)
	at org.jacoco.agent.rt.internal_5d10cad.asm.MethodVisitor.visitInsn(Unknown Source)
	at org.jacoco.agent.rt.internal_5d10cad.core.internal.flow.MethodProbesAdapter.visitInsn(MethodProbesAdapter.java:64)
	at org.jacoco.agent.rt.internal_5d10cad.asm.tree.InsnNode.accept(Unknown Source)
	at org.jacoco.agent.rt.internal_5d10cad.asm.tree.InsnList.accept(Unknown Source)
	at org.jacoco.agent.rt.internal_5d10cad.asm.tree.MethodNode.accept(Unknown Source)
	at org.jacoco.agent.rt.internal_5d10cad.core.internal.flow.ClassProbesAdapter$1.visitEnd(ClassProbesAdapter.java:124)
	at org.jacoco.agent.rt.internal_5d10cad.asm.ClassReader.b(Unknown Source)
	at org.jacoco.agent.rt.internal_5d10cad.asm.ClassReader.accept(Unknown Source)
	at org.jacoco.agent.rt.internal_5d10cad.asm.ClassReader.accept(Unknown Source)
	at org.jacoco.agent.rt.internal_5d10cad.core.instr.Instrumenter.instrument(Instrumenter.java:74)
	at org.jacoco.agent.rt.internal_5d10cad.core.instr.Instrumenter.instrument(Instrumenter.java:87)
	at org.jacoco.agent.rt.internal_5d10cad.CoverageTransformer.transform(CoverageTransformer.java:89)
	... 91 more
Jun 23, 2014 9:56:14 PM groovy.util.FactoryBuilderSupport createNode
WARNING: Factory for name 'root' returned null
Jun 23, 2014 9:56:14 PM groovy.util.FactoryBuilderSupport createNode
WARNING: Factory for name 'root' returned null
]]></system-err>
</testsuite>
