<?xml version="1.0" encoding="UTF-8"?>
<testsuite name="griffon.util.ConfigReaderTests" tests="23" skipped="0" failures="0" errors="0" timestamp="2014-12-12T11:13:11" hostname="testing-worker-linux-10-2-13412-linux-6-43821289" time="2.072">
  <properties/>
  <testcase name="testParseProperties" classname="griffon.util.ConfigReaderTests" time="0.097"/>
  <testcase name="testToProperties" classname="griffon.util.ConfigReaderTests" time="0.774"/>
  <testcase name="testNestedConditionaBlocks" classname="griffon.util.ConfigReaderTests" time="0.443"/>
  <testcase name="testScopedPropertiesWithNesting" classname="griffon.util.ConfigReaderTests" time="0.032"/>
  <testcase name="testScopedProperties" classname="griffon.util.ConfigReaderTests" time="0.028"/>
  <testcase name="testCustomConditionalBlocks" classname="griffon.util.ConfigReaderTests" time="0.056"/>
  <testcase name="testTwoSameBlocks" classname="griffon.util.ConfigReaderTests" time="0.039"/>
  <testcase name="testConsecutiveReaderValues" classname="griffon.util.ConfigReaderTests" time="0.028"/>
  <testcase name="testScopedVariableReusage" classname="griffon.util.ConfigReaderTests" time="0.044"/>
  <testcase name="testLog4jConfiguration" classname="griffon.util.ConfigReaderTests" time="0.042"/>
  <testcase name="testSimpleProperties" classname="griffon.util.ConfigReaderTests" time="0.021"/>
  <testcase name="testConditionalOverrides" classname="griffon.util.ConfigReaderTests" time="0.051"/>
  <testcase name="testSerializeConfig" classname="griffon.util.ConfigReaderTests" time="0.068"/>
  <testcase name="testConfigTokensAsStrings" classname="griffon.util.ConfigReaderTests" time="0.021"/>
  <testcase name="testEnvironmentProperties2" classname="griffon.util.ConfigReaderTests" time="0.041"/>
  <testcase name="testConfigReaderNestedValues" classname="griffon.util.ConfigReaderTests" time="0.042"/>
  <testcase name="testEnvironmentSpecificConfig" classname="griffon.util.ConfigReaderTests" time="0.086"/>
  <testcase name="testFlattenConfig" classname="griffon.util.ConfigReaderTests" time="0.034"/>
  <testcase name="testNotProperlyNestedPropertiesArePreserved" classname="griffon.util.ConfigReaderTests" time="0.004"/>
  <testcase name="testConfigInterReferencing" classname="griffon.util.ConfigReaderTests" time="0.037"/>
  <testcase name="testVariableAssignments" classname="griffon.util.ConfigReaderTests" time="0.029"/>
  <testcase name="testConfigBinding" classname="griffon.util.ConfigReaderTests" time="0.016"/>
  <testcase name="testSameElementNestingWithoutDuplication" classname="griffon.util.ConfigReaderTests" time="0.03"/>
  <system-out><![CDATA[]]></system-out>
  <system-err><![CDATA[]]></system-err>
</testsuite>
