<?xml version="1.0" encoding="UTF-8"?>
<testsuite name="org.codehaus.griffon.runtime.util.GroovyAwareCompositeResourceBundleBuilder2Spec" tests="1" skipped="0" failures="0" errors="0" timestamp="2014-08-13T17:18:31" hostname="testing-worker-linux-11-1-1899-linux-9-32449583" time="1.287">
  <properties/>
  <testcase name="Load Groovy and properties bundles" classname="org.codehaus.griffon.runtime.util.GroovyAwareCompositeResourceBundleBuilder2Spec" time="1.287"/>
  <system-out><![CDATA[TEST
TEST
]]></system-out>
  <system-err><![CDATA[]]></system-err>
</testsuite>
