<?xml version="1.0" encoding="UTF-8"?>
<testsuite name="griffon.util.ConfigReaderTests" tests="23" skipped="0" failures="0" errors="0" timestamp="2015-12-01T07:56:17" hostname="testing-worker-linux-77796cae-2-18880-linux-8-94110724" time="1.918">
  <properties/>
  <testcase name="testParseProperties" classname="griffon.util.ConfigReaderTests" time="0.096"/>
  <testcase name="testToProperties" classname="griffon.util.ConfigReaderTests" time="0.809"/>
  <testcase name="testNestedConditionaBlocks" classname="griffon.util.ConfigReaderTests" time="0.377"/>
  <testcase name="testScopedPropertiesWithNesting" classname="griffon.util.ConfigReaderTests" time="0.026"/>
  <testcase name="testScopedProperties" classname="griffon.util.ConfigReaderTests" time="0.021"/>
  <testcase name="testCustomConditionalBlocks" classname="griffon.util.ConfigReaderTests" time="0.043"/>
  <testcase name="testTwoSameBlocks" classname="griffon.util.ConfigReaderTests" time="0.03"/>
  <testcase name="testConsecutiveReaderValues" classname="griffon.util.ConfigReaderTests" time="0.026"/>
  <testcase name="testScopedVariableReusage" classname="griffon.util.ConfigReaderTests" time="0.04"/>
  <testcase name="testLog4jConfiguration" classname="griffon.util.ConfigReaderTests" time="0.031"/>
  <testcase name="testSimpleProperties" classname="griffon.util.ConfigReaderTests" time="0.016"/>
  <testcase name="testConditionalOverrides" classname="griffon.util.ConfigReaderTests" time="0.045"/>
  <testcase name="testSerializeConfig" classname="griffon.util.ConfigReaderTests" time="0.068"/>
  <testcase name="testConfigTokensAsStrings" classname="griffon.util.ConfigReaderTests" time="0.018"/>
  <testcase name="testEnvironmentProperties2" classname="griffon.util.ConfigReaderTests" time="0.042"/>
  <testcase name="testConfigReaderNestedValues" classname="griffon.util.ConfigReaderTests" time="0.033"/>
  <testcase name="testEnvironmentSpecificConfig" classname="griffon.util.ConfigReaderTests" time="0.075"/>
  <testcase name="testFlattenConfig" classname="griffon.util.ConfigReaderTests" time="0.028"/>
  <testcase name="testNotProperlyNestedPropertiesArePreserved" classname="griffon.util.ConfigReaderTests" time="0.003"/>
  <testcase name="testConfigInterReferencing" classname="griffon.util.ConfigReaderTests" time="0.029"/>
  <testcase name="testVariableAssignments" classname="griffon.util.ConfigReaderTests" time="0.022"/>
  <testcase name="testConfigBinding" classname="griffon.util.ConfigReaderTests" time="0.011"/>
  <testcase name="testSameElementNestingWithoutDuplication" classname="griffon.util.ConfigReaderTests" time="0.026"/>
  <system-out><![CDATA[]]></system-out>
  <system-err><![CDATA[]]></system-err>
</testsuite>
