<?xml version="1.0" encoding="UTF-8"?>
<testsuite name="griffon.builder.core.CoreBuilderCustomizerSpec" tests="9" skipped="0" failures="0" errors="0" timestamp="2015-06-18T20:40:06" hostname="testing-worker-linux-44a99d76-2-4160-linux-10-67425901" time="0.838">
  <properties/>
  <testcase name="Root node is properly configured for griffon.builder.core.ChildScript1-root" classname="griffon.builder.core.CoreBuilderCustomizerSpec" time="0.744"/>
  <testcase name="Root node is properly configured for griffon.builder.core.ChildScript2-myroot" classname="griffon.builder.core.CoreBuilderCustomizerSpec" time="0.018"/>
  <testcase name="Root node is properly configured for griffon.builder.core.ChildScript1-root" classname="griffon.builder.core.CoreBuilderCustomizerSpec" time="0.015"/>
  <testcase name="Root node is properly configured for griffon.builder.core.ChildScript1-root" classname="griffon.builder.core.CoreBuilderCustomizerSpec" time="0.012"/>
  <testcase name="Threading method runOutsideUI is available in builder" classname="griffon.builder.core.CoreBuilderCustomizerSpec" time="0.024"/>
  <testcase name="Threading method runInsideUISync is available in builder" classname="griffon.builder.core.CoreBuilderCustomizerSpec" time="0.004"/>
  <testcase name="Threading method runInsideUIAsync is available in builder" classname="griffon.builder.core.CoreBuilderCustomizerSpec" time="0.003"/>
  <testcase name="Threading method runFuture is available in builder" classname="griffon.builder.core.CoreBuilderCustomizerSpec" time="0.004"/>
  <testcase name="Threading method isUIThread is available in builder" classname="griffon.builder.core.CoreBuilderCustomizerSpec" time="0.003"/>
  <system-out><![CDATA[]]></system-out>
  <system-err><![CDATA[Jun 18, 2015 8:40:06 PM groovy.util.FactoryBuilderSupport createNode
WARNING: Factory for name 'root' returned null
Jun 18, 2015 8:40:06 PM groovy.util.FactoryBuilderSupport createNode
WARNING: Factory for name 'root' returned null
]]></system-err>
</testsuite>
