<?xml version="1.0" encoding="UTF-8"?>
<testsuite name="griffon.util.ConfigReaderTests" tests="23" skipped="0" failures="0" errors="0" timestamp="2014-07-01T20:56:58" hostname="testing-worker-linux-10-2-466-linux-15-28907347" time="3.893">
  <properties/>
  <testcase name="testParseProperties" classname="griffon.util.ConfigReaderTests" time="0.084"/>
  <testcase name="testToProperties" classname="griffon.util.ConfigReaderTests" time="0.212"/>
  <testcase name="testNestedConditionaBlocks" classname="griffon.util.ConfigReaderTests" time="1.247"/>
  <testcase name="testScopedPropertiesWithNesting" classname="griffon.util.ConfigReaderTests" time="0.088"/>
  <testcase name="testScopedProperties" classname="griffon.util.ConfigReaderTests" time="0.172"/>
  <testcase name="testCustomConditionalBlocks" classname="griffon.util.ConfigReaderTests" time="0.237"/>
  <testcase name="testTwoSameBlocks" classname="griffon.util.ConfigReaderTests" time="0.117"/>
  <testcase name="testConsecutiveReaderValues" classname="griffon.util.ConfigReaderTests" time="0.085"/>
  <testcase name="testScopedVariableReusage" classname="griffon.util.ConfigReaderTests" time="0.142"/>
  <testcase name="testLog4jConfiguration" classname="griffon.util.ConfigReaderTests" time="0.112"/>
  <testcase name="testSimpleProperties" classname="griffon.util.ConfigReaderTests" time="0.049"/>
  <testcase name="testConditionalOverrides" classname="griffon.util.ConfigReaderTests" time="0.172"/>
  <testcase name="testSerializeConfig" classname="griffon.util.ConfigReaderTests" time="0.204"/>
  <testcase name="testConfigTokensAsStrings" classname="griffon.util.ConfigReaderTests" time="0.064"/>
  <testcase name="testEnvironmentProperties2" classname="griffon.util.ConfigReaderTests" time="0.129"/>
  <testcase name="testConfigReaderNestedValues" classname="griffon.util.ConfigReaderTests" time="0.107"/>
  <testcase name="testEnvironmentSpecificConfig" classname="griffon.util.ConfigReaderTests" time="0.282"/>
  <testcase name="testFlattenConfig" classname="griffon.util.ConfigReaderTests" time="0.09"/>
  <testcase name="testNotProperlyNestedPropertiesArePreserved" classname="griffon.util.ConfigReaderTests" time="0.007"/>
  <testcase name="testConfigInterReferencing" classname="griffon.util.ConfigReaderTests" time="0.061"/>
  <testcase name="testVariableAssignments" classname="griffon.util.ConfigReaderTests" time="0.083"/>
  <testcase name="testConfigBinding" classname="griffon.util.ConfigReaderTests" time="0.034"/>
  <testcase name="testSameElementNestingWithoutDuplication" classname="griffon.util.ConfigReaderTests" time="0.09"/>
  <system-out><![CDATA[]]></system-out>
  <system-err><![CDATA[]]></system-err>
</testsuite>
