<?xml version="1.0" encoding="UTF-8"?>
<testsuite name="griffon.util.ConfigReaderTests" tests="23" skipped="0" failures="0" errors="0" timestamp="2014-08-13T12:06:00" hostname="testing-worker-linux-9-1-2157-linux-5-32426300" time="3.519">
  <properties/>
  <testcase name="testParseProperties" classname="griffon.util.ConfigReaderTests" time="0.082"/>
  <testcase name="testToProperties" classname="griffon.util.ConfigReaderTests" time="0.221"/>
  <testcase name="testNestedConditionaBlocks" classname="griffon.util.ConfigReaderTests" time="1.275"/>
  <testcase name="testScopedPropertiesWithNesting" classname="griffon.util.ConfigReaderTests" time="0.073"/>
  <testcase name="testScopedProperties" classname="griffon.util.ConfigReaderTests" time="0.064"/>
  <testcase name="testCustomConditionalBlocks" classname="griffon.util.ConfigReaderTests" time="0.151"/>
  <testcase name="testTwoSameBlocks" classname="griffon.util.ConfigReaderTests" time="0.099"/>
  <testcase name="testConsecutiveReaderValues" classname="griffon.util.ConfigReaderTests" time="0.07"/>
  <testcase name="testScopedVariableReusage" classname="griffon.util.ConfigReaderTests" time="0.115"/>
  <testcase name="testLog4jConfiguration" classname="griffon.util.ConfigReaderTests" time="0.105"/>
  <testcase name="testSimpleProperties" classname="griffon.util.ConfigReaderTests" time="0.045"/>
  <testcase name="testConditionalOverrides" classname="griffon.util.ConfigReaderTests" time="0.152"/>
  <testcase name="testSerializeConfig" classname="griffon.util.ConfigReaderTests" time="0.188"/>
  <testcase name="testConfigTokensAsStrings" classname="griffon.util.ConfigReaderTests" time="0.051"/>
  <testcase name="testEnvironmentProperties2" classname="griffon.util.ConfigReaderTests" time="0.124"/>
  <testcase name="testConfigReaderNestedValues" classname="griffon.util.ConfigReaderTests" time="0.098"/>
  <testcase name="testEnvironmentSpecificConfig" classname="griffon.util.ConfigReaderTests" time="0.235"/>
  <testcase name="testFlattenConfig" classname="griffon.util.ConfigReaderTests" time="0.096"/>
  <testcase name="testNotProperlyNestedPropertiesArePreserved" classname="griffon.util.ConfigReaderTests" time="0.007"/>
  <testcase name="testConfigInterReferencing" classname="griffon.util.ConfigReaderTests" time="0.061"/>
  <testcase name="testVariableAssignments" classname="griffon.util.ConfigReaderTests" time="0.073"/>
  <testcase name="testConfigBinding" classname="griffon.util.ConfigReaderTests" time="0.032"/>
  <testcase name="testSameElementNestingWithoutDuplication" classname="griffon.util.ConfigReaderTests" time="0.082"/>
  <system-out><![CDATA[]]></system-out>
  <system-err><![CDATA[]]></system-err>
</testsuite>
