<?xml version="1.0" encoding="UTF-8"?>
<testsuite name="griffon.util.ConfigReaderTests" tests="23" skipped="0" failures="0" errors="0" timestamp="2014-06-18T08:47:48" hostname="testing-worker-linux-3-2-7466-linux-6-27844511" time="3.167">
  <properties/>
  <testcase name="testParseProperties" classname="griffon.util.ConfigReaderTests" time="0.063"/>
  <testcase name="testToProperties" classname="griffon.util.ConfigReaderTests" time="0.18"/>
  <testcase name="testNestedConditionaBlocks" classname="griffon.util.ConfigReaderTests" time="1.04"/>
  <testcase name="testScopedPropertiesWithNesting" classname="griffon.util.ConfigReaderTests" time="0.077"/>
  <testcase name="testScopedProperties" classname="griffon.util.ConfigReaderTests" time="0.066"/>
  <testcase name="testCustomConditionalBlocks" classname="griffon.util.ConfigReaderTests" time="0.15"/>
  <testcase name="testTwoSameBlocks" classname="griffon.util.ConfigReaderTests" time="0.094"/>
  <testcase name="testConsecutiveReaderValues" classname="griffon.util.ConfigReaderTests" time="0.076"/>
  <testcase name="testScopedVariableReusage" classname="griffon.util.ConfigReaderTests" time="0.115"/>
  <testcase name="testLog4jConfiguration" classname="griffon.util.ConfigReaderTests" time="0.101"/>
  <testcase name="testSimpleProperties" classname="griffon.util.ConfigReaderTests" time="0.043"/>
  <testcase name="testConditionalOverrides" classname="griffon.util.ConfigReaderTests" time="0.143"/>
  <testcase name="testSerializeConfig" classname="griffon.util.ConfigReaderTests" time="0.186"/>
  <testcase name="testConfigTokensAsStrings" classname="griffon.util.ConfigReaderTests" time="0.046"/>
  <testcase name="testEnvironmentProperties2" classname="griffon.util.ConfigReaderTests" time="0.134"/>
  <testcase name="testConfigReaderNestedValues" classname="griffon.util.ConfigReaderTests" time="0.092"/>
  <testcase name="testEnvironmentSpecificConfig" classname="griffon.util.ConfigReaderTests" time="0.227"/>
  <testcase name="testFlattenConfig" classname="griffon.util.ConfigReaderTests" time="0.082"/>
  <testcase name="testNotProperlyNestedPropertiesArePreserved" classname="griffon.util.ConfigReaderTests" time="0.006"/>
  <testcase name="testConfigInterReferencing" classname="griffon.util.ConfigReaderTests" time="0.053"/>
  <testcase name="testVariableAssignments" classname="griffon.util.ConfigReaderTests" time="0.068"/>
  <testcase name="testConfigBinding" classname="griffon.util.ConfigReaderTests" time="0.03"/>
  <testcase name="testSameElementNestingWithoutDuplication" classname="griffon.util.ConfigReaderTests" time="0.077"/>
  <system-out><![CDATA[]]></system-out>
  <system-err><![CDATA[]]></system-err>
</testsuite>
