<?xml version="1.0" encoding="UTF-8"?>
<testsuite name="griffon.util.ConfigReaderTests" tests="23" skipped="0" failures="0" errors="0" timestamp="2014-08-13T16:06:49" hostname="testing-worker-linux-6-2-30093-linux-5-32449583" time="3.978">
  <properties/>
  <testcase name="testParseProperties" classname="griffon.util.ConfigReaderTests" time="0.067"/>
  <testcase name="testToProperties" classname="griffon.util.ConfigReaderTests" time="0.243"/>
  <testcase name="testNestedConditionaBlocks" classname="griffon.util.ConfigReaderTests" time="1.414"/>
  <testcase name="testScopedPropertiesWithNesting" classname="griffon.util.ConfigReaderTests" time="0.183"/>
  <testcase name="testScopedProperties" classname="griffon.util.ConfigReaderTests" time="0.101"/>
  <testcase name="testCustomConditionalBlocks" classname="griffon.util.ConfigReaderTests" time="0.167"/>
  <testcase name="testTwoSameBlocks" classname="griffon.util.ConfigReaderTests" time="0.108"/>
  <testcase name="testConsecutiveReaderValues" classname="griffon.util.ConfigReaderTests" time="0.075"/>
  <testcase name="testScopedVariableReusage" classname="griffon.util.ConfigReaderTests" time="0.144"/>
  <testcase name="testLog4jConfiguration" classname="griffon.util.ConfigReaderTests" time="0.126"/>
  <testcase name="testSimpleProperties" classname="griffon.util.ConfigReaderTests" time="0.047"/>
  <testcase name="testConditionalOverrides" classname="griffon.util.ConfigReaderTests" time="0.165"/>
  <testcase name="testSerializeConfig" classname="griffon.util.ConfigReaderTests" time="0.22"/>
  <testcase name="testConfigTokensAsStrings" classname="griffon.util.ConfigReaderTests" time="0.061"/>
  <testcase name="testEnvironmentProperties2" classname="griffon.util.ConfigReaderTests" time="0.14"/>
  <testcase name="testConfigReaderNestedValues" classname="griffon.util.ConfigReaderTests" time="0.098"/>
  <testcase name="testEnvironmentSpecificConfig" classname="griffon.util.ConfigReaderTests" time="0.243"/>
  <testcase name="testFlattenConfig" classname="griffon.util.ConfigReaderTests" time="0.089"/>
  <testcase name="testNotProperlyNestedPropertiesArePreserved" classname="griffon.util.ConfigReaderTests" time="0.005"/>
  <testcase name="testConfigInterReferencing" classname="griffon.util.ConfigReaderTests" time="0.065"/>
  <testcase name="testVariableAssignments" classname="griffon.util.ConfigReaderTests" time="0.076"/>
  <testcase name="testConfigBinding" classname="griffon.util.ConfigReaderTests" time="0.031"/>
  <testcase name="testSameElementNestingWithoutDuplication" classname="griffon.util.ConfigReaderTests" time="0.089"/>
  <system-out><![CDATA[]]></system-out>
  <system-err><![CDATA[]]></system-err>
</testsuite>
