<?xml version="1.0" encoding="UTF-8"?>
<testsuite name="griffon.util.ConfigReaderTests" tests="23" skipped="0" failures="0" errors="0" timestamp="2015-08-31T18:16:46" hostname="testing-worker-linux-89e97461-2-14506-linux-8-78091150" time="2.417">
  <properties/>
  <testcase name="testParseProperties" classname="griffon.util.ConfigReaderTests" time="0.158"/>
  <testcase name="testToProperties" classname="griffon.util.ConfigReaderTests" time="0.973"/>
  <testcase name="testNestedConditionaBlocks" classname="griffon.util.ConfigReaderTests" time="0.471"/>
  <testcase name="testScopedPropertiesWithNesting" classname="griffon.util.ConfigReaderTests" time="0.029"/>
  <testcase name="testScopedProperties" classname="griffon.util.ConfigReaderTests" time="0.025"/>
  <testcase name="testCustomConditionalBlocks" classname="griffon.util.ConfigReaderTests" time="0.051"/>
  <testcase name="testTwoSameBlocks" classname="griffon.util.ConfigReaderTests" time="0.034"/>
  <testcase name="testConsecutiveReaderValues" classname="griffon.util.ConfigReaderTests" time="0.028"/>
  <testcase name="testScopedVariableReusage" classname="griffon.util.ConfigReaderTests" time="0.044"/>
  <testcase name="testLog4jConfiguration" classname="griffon.util.ConfigReaderTests" time="0.035"/>
  <testcase name="testSimpleProperties" classname="griffon.util.ConfigReaderTests" time="0.018"/>
  <testcase name="testConditionalOverrides" classname="griffon.util.ConfigReaderTests" time="0.048"/>
  <testcase name="testSerializeConfig" classname="griffon.util.ConfigReaderTests" time="0.104"/>
  <testcase name="testConfigTokensAsStrings" classname="griffon.util.ConfigReaderTests" time="0.02"/>
  <testcase name="testEnvironmentProperties2" classname="griffon.util.ConfigReaderTests" time="0.058"/>
  <testcase name="testConfigReaderNestedValues" classname="griffon.util.ConfigReaderTests" time="0.045"/>
  <testcase name="testEnvironmentSpecificConfig" classname="griffon.util.ConfigReaderTests" time="0.124"/>
  <testcase name="testFlattenConfig" classname="griffon.util.ConfigReaderTests" time="0.034"/>
  <testcase name="testNotProperlyNestedPropertiesArePreserved" classname="griffon.util.ConfigReaderTests" time="0.003"/>
  <testcase name="testConfigInterReferencing" classname="griffon.util.ConfigReaderTests" time="0.04"/>
  <testcase name="testVariableAssignments" classname="griffon.util.ConfigReaderTests" time="0.029"/>
  <testcase name="testConfigBinding" classname="griffon.util.ConfigReaderTests" time="0.012"/>
  <testcase name="testSameElementNestingWithoutDuplication" classname="griffon.util.ConfigReaderTests" time="0.026"/>
  <system-out><![CDATA[]]></system-out>
  <system-err><![CDATA[]]></system-err>
</testsuite>
