<?xml version="1.0" encoding="UTF-8"?>
<testsuite name="griffon.util.ConfigReaderTests" tests="23" failures="0" errors="0" timestamp="2014-06-08T12:18:58" hostname="testing-worker-linux-11-1-26838-linux-4-27062689" time="2.889">
  <properties/>
  <testcase name="testParseProperties" classname="griffon.util.ConfigReaderTests" time="0.053"/>
  <testcase name="testToProperties" classname="griffon.util.ConfigReaderTests" time="0.175"/>
  <testcase name="testNestedConditionaBlocks" classname="griffon.util.ConfigReaderTests" time="1.025"/>
  <testcase name="testScopedPropertiesWithNesting" classname="griffon.util.ConfigReaderTests" time="0.069"/>
  <testcase name="testScopedProperties" classname="griffon.util.ConfigReaderTests" time="0.061"/>
  <testcase name="testCustomConditionalBlocks" classname="griffon.util.ConfigReaderTests" time="0.138"/>
  <testcase name="testTwoSameBlocks" classname="griffon.util.ConfigReaderTests" time="0.088"/>
  <testcase name="testConsecutiveReaderValues" classname="griffon.util.ConfigReaderTests" time="0.061"/>
  <testcase name="testScopedVariableReusage" classname="griffon.util.ConfigReaderTests" time="0.11"/>
  <testcase name="testLog4jConfiguration" classname="griffon.util.ConfigReaderTests" time="0.095"/>
  <testcase name="testSimpleProperties" classname="griffon.util.ConfigReaderTests" time="0.038"/>
  <testcase name="testConditionalOverrides" classname="griffon.util.ConfigReaderTests" time="0.125"/>
  <testcase name="testSerializeConfig" classname="griffon.util.ConfigReaderTests" time="0.16"/>
  <testcase name="testConfigTokensAsStrings" classname="griffon.util.ConfigReaderTests" time="0.041"/>
  <testcase name="testEnvironmentProperties2" classname="griffon.util.ConfigReaderTests" time="0.104"/>
  <testcase name="testConfigReaderNestedValues" classname="griffon.util.ConfigReaderTests" time="0.076"/>
  <testcase name="testEnvironmentSpecificConfig" classname="griffon.util.ConfigReaderTests" time="0.187"/>
  <testcase name="testFlattenConfig" classname="griffon.util.ConfigReaderTests" time="0.069"/>
  <testcase name="testNotProperlyNestedPropertiesArePreserved" classname="griffon.util.ConfigReaderTests" time="0.004"/>
  <testcase name="testConfigInterReferencing" classname="griffon.util.ConfigReaderTests" time="0.047"/>
  <testcase name="testVariableAssignments" classname="griffon.util.ConfigReaderTests" time="0.059"/>
  <testcase name="testConfigBinding" classname="griffon.util.ConfigReaderTests" time="0.026"/>
  <testcase name="testSameElementNestingWithoutDuplication" classname="griffon.util.ConfigReaderTests" time="0.065"/>
  <system-out><![CDATA[]]></system-out>
  <system-err><![CDATA[]]></system-err>
</testsuite>
