<?xml version="1.0" encoding="UTF-8"?>
<testsuite name="griffon.util.ConfigReaderTests" tests="23" skipped="0" failures="0" errors="0" timestamp="2015-07-08T20:39:04" hostname="testing-worker-linux-bb3654bb-1-31000-linux-2-70123395" time="7.318">
  <properties/>
  <testcase name="testParseProperties" classname="griffon.util.ConfigReaderTests" time="0.676"/>
  <testcase name="testToProperties" classname="griffon.util.ConfigReaderTests" time="3.234"/>
  <testcase name="testNestedConditionaBlocks" classname="griffon.util.ConfigReaderTests" time="0.949"/>
  <testcase name="testScopedPropertiesWithNesting" classname="griffon.util.ConfigReaderTests" time="0.099"/>
  <testcase name="testScopedProperties" classname="griffon.util.ConfigReaderTests" time="0.101"/>
  <testcase name="testCustomConditionalBlocks" classname="griffon.util.ConfigReaderTests" time="0.095"/>
  <testcase name="testTwoSameBlocks" classname="griffon.util.ConfigReaderTests" time="0.093"/>
  <testcase name="testConsecutiveReaderValues" classname="griffon.util.ConfigReaderTests" time="0.097"/>
  <testcase name="testScopedVariableReusage" classname="griffon.util.ConfigReaderTests" time="0.146"/>
  <testcase name="testLog4jConfiguration" classname="griffon.util.ConfigReaderTests" time="0.145"/>
  <testcase name="testSimpleProperties" classname="griffon.util.ConfigReaderTests" time="0.04"/>
  <testcase name="testConditionalOverrides" classname="griffon.util.ConfigReaderTests" time="0.113"/>
  <testcase name="testSerializeConfig" classname="griffon.util.ConfigReaderTests" time="0.176"/>
  <testcase name="testConfigTokensAsStrings" classname="griffon.util.ConfigReaderTests" time="0.025"/>
  <testcase name="testEnvironmentProperties2" classname="griffon.util.ConfigReaderTests" time="0.162"/>
  <testcase name="testConfigReaderNestedValues" classname="griffon.util.ConfigReaderTests" time="0.166"/>
  <testcase name="testEnvironmentSpecificConfig" classname="griffon.util.ConfigReaderTests" time="0.33"/>
  <testcase name="testFlattenConfig" classname="griffon.util.ConfigReaderTests" time="0.132"/>
  <testcase name="testNotProperlyNestedPropertiesArePreserved" classname="griffon.util.ConfigReaderTests" time="0.033"/>
  <testcase name="testConfigInterReferencing" classname="griffon.util.ConfigReaderTests" time="0.196"/>
  <testcase name="testVariableAssignments" classname="griffon.util.ConfigReaderTests" time="0.108"/>
  <testcase name="testConfigBinding" classname="griffon.util.ConfigReaderTests" time="0.022"/>
  <testcase name="testSameElementNestingWithoutDuplication" classname="griffon.util.ConfigReaderTests" time="0.115"/>
  <system-out><![CDATA[]]></system-out>
  <system-err><![CDATA[]]></system-err>
</testsuite>
