<?xml version="1.0" encoding="UTF-8"?>
<testsuite name="griffon.util.ConfigReaderTests" tests="23" skipped="0" failures="0" errors="0" timestamp="2014-07-01T20:15:32" hostname="testing-worker-linux-6-1-3457-linux-9-28904313" time="3.738">
  <properties/>
  <testcase name="testParseProperties" classname="griffon.util.ConfigReaderTests" time="0.072"/>
  <testcase name="testToProperties" classname="griffon.util.ConfigReaderTests" time="0.208"/>
  <testcase name="testNestedConditionaBlocks" classname="griffon.util.ConfigReaderTests" time="1.18"/>
  <testcase name="testScopedPropertiesWithNesting" classname="griffon.util.ConfigReaderTests" time="0.078"/>
  <testcase name="testScopedProperties" classname="griffon.util.ConfigReaderTests" time="0.076"/>
  <testcase name="testCustomConditionalBlocks" classname="griffon.util.ConfigReaderTests" time="0.162"/>
  <testcase name="testTwoSameBlocks" classname="griffon.util.ConfigReaderTests" time="0.129"/>
  <testcase name="testConsecutiveReaderValues" classname="griffon.util.ConfigReaderTests" time="0.08"/>
  <testcase name="testScopedVariableReusage" classname="griffon.util.ConfigReaderTests" time="0.147"/>
  <testcase name="testLog4jConfiguration" classname="griffon.util.ConfigReaderTests" time="0.145"/>
  <testcase name="testSimpleProperties" classname="griffon.util.ConfigReaderTests" time="0.067"/>
  <testcase name="testConditionalOverrides" classname="griffon.util.ConfigReaderTests" time="0.238"/>
  <testcase name="testSerializeConfig" classname="griffon.util.ConfigReaderTests" time="0.219"/>
  <testcase name="testConfigTokensAsStrings" classname="griffon.util.ConfigReaderTests" time="0.053"/>
  <testcase name="testEnvironmentProperties2" classname="griffon.util.ConfigReaderTests" time="0.155"/>
  <testcase name="testConfigReaderNestedValues" classname="griffon.util.ConfigReaderTests" time="0.106"/>
  <testcase name="testEnvironmentSpecificConfig" classname="griffon.util.ConfigReaderTests" time="0.252"/>
  <testcase name="testFlattenConfig" classname="griffon.util.ConfigReaderTests" time="0.089"/>
  <testcase name="testNotProperlyNestedPropertiesArePreserved" classname="griffon.util.ConfigReaderTests" time="0.005"/>
  <testcase name="testConfigInterReferencing" classname="griffon.util.ConfigReaderTests" time="0.055"/>
  <testcase name="testVariableAssignments" classname="griffon.util.ConfigReaderTests" time="0.075"/>
  <testcase name="testConfigBinding" classname="griffon.util.ConfigReaderTests" time="0.033"/>
  <testcase name="testSameElementNestingWithoutDuplication" classname="griffon.util.ConfigReaderTests" time="0.096"/>
  <system-out><![CDATA[]]></system-out>
  <system-err><![CDATA[]]></system-err>
</testsuite>
