<?xml version="1.0" encoding="UTF-8"?>
<testsuite name="griffon.util.ConfigReaderTests" tests="23" skipped="0" failures="0" errors="0" timestamp="2014-08-26T19:07:38" hostname="testing-worker-linux-10-2-14444-linux-20-33621965" time="4.764">
  <properties/>
  <testcase name="testParseProperties" classname="griffon.util.ConfigReaderTests" time="0.189"/>
  <testcase name="testToProperties" classname="griffon.util.ConfigReaderTests" time="1.12"/>
  <testcase name="testNestedConditionaBlocks" classname="griffon.util.ConfigReaderTests" time="1.265"/>
  <testcase name="testScopedPropertiesWithNesting" classname="griffon.util.ConfigReaderTests" time="0.084"/>
  <testcase name="testScopedProperties" classname="griffon.util.ConfigReaderTests" time="0.084"/>
  <testcase name="testCustomConditionalBlocks" classname="griffon.util.ConfigReaderTests" time="0.18"/>
  <testcase name="testTwoSameBlocks" classname="griffon.util.ConfigReaderTests" time="0.126"/>
  <testcase name="testConsecutiveReaderValues" classname="griffon.util.ConfigReaderTests" time="0.074"/>
  <testcase name="testScopedVariableReusage" classname="griffon.util.ConfigReaderTests" time="0.126"/>
  <testcase name="testLog4jConfiguration" classname="griffon.util.ConfigReaderTests" time="0.114"/>
  <testcase name="testSimpleProperties" classname="griffon.util.ConfigReaderTests" time="0.058"/>
  <testcase name="testConditionalOverrides" classname="griffon.util.ConfigReaderTests" time="0.169"/>
  <testcase name="testSerializeConfig" classname="griffon.util.ConfigReaderTests" time="0.218"/>
  <testcase name="testConfigTokensAsStrings" classname="griffon.util.ConfigReaderTests" time="0.056"/>
  <testcase name="testEnvironmentProperties2" classname="griffon.util.ConfigReaderTests" time="0.137"/>
  <testcase name="testConfigReaderNestedValues" classname="griffon.util.ConfigReaderTests" time="0.103"/>
  <testcase name="testEnvironmentSpecificConfig" classname="griffon.util.ConfigReaderTests" time="0.236"/>
  <testcase name="testFlattenConfig" classname="griffon.util.ConfigReaderTests" time="0.098"/>
  <testcase name="testNotProperlyNestedPropertiesArePreserved" classname="griffon.util.ConfigReaderTests" time="0.011"/>
  <testcase name="testConfigInterReferencing" classname="griffon.util.ConfigReaderTests" time="0.075"/>
  <testcase name="testVariableAssignments" classname="griffon.util.ConfigReaderTests" time="0.083"/>
  <testcase name="testConfigBinding" classname="griffon.util.ConfigReaderTests" time="0.039"/>
  <testcase name="testSameElementNestingWithoutDuplication" classname="griffon.util.ConfigReaderTests" time="0.092"/>
  <system-out><![CDATA[]]></system-out>
  <system-err><![CDATA[]]></system-err>
</testsuite>
