<?xml version="1.0" encoding="UTF-8"?>
<testsuite name="griffon.builder.core.CoreBuilderCustomizerSpec" tests="4" skipped="0" failures="0" errors="0" timestamp="2014-10-29T09:42:45" hostname="testing-worker-linux-8-2-30776-linux-16-39361435" time="0.16">
  <properties/>
  <testcase name="Root node is properly configured[0]" classname="griffon.builder.core.CoreBuilderCustomizerSpec" time="0.049"/>
  <testcase name="Root node is properly configured[1]" classname="griffon.builder.core.CoreBuilderCustomizerSpec" time="0.02"/>
  <testcase name="Root node is properly configured[2]" classname="griffon.builder.core.CoreBuilderCustomizerSpec" time="0.015"/>
  <testcase name="Root node is properly configured[3]" classname="griffon.builder.core.CoreBuilderCustomizerSpec" time="0.072"/>
  <system-out><![CDATA[]]></system-out>
  <system-err><![CDATA[Oct 29, 2014 9:42:45 AM groovy.util.FactoryBuilderSupport createNode
WARNING: Factory for name 'root' returned null
Oct 29, 2014 9:42:45 AM groovy.util.FactoryBuilderSupport createNode
WARNING: Factory for name 'root' returned null
]]></system-err>
</testsuite>
