<?xml version="1.0" encoding="UTF-8"?>
<testsuite name="griffon.util.ConfigReaderTests" tests="23" skipped="0" failures="0" errors="0" timestamp="2014-07-30T03:45:51" hostname="testing-worker-linux-10-1-23497-linux-20-31200680" time="4.053">
  <properties/>
  <testcase name="testParseProperties" classname="griffon.util.ConfigReaderTests" time="0.167"/>
  <testcase name="testToProperties" classname="griffon.util.ConfigReaderTests" time="0.901"/>
  <testcase name="testNestedConditionaBlocks" classname="griffon.util.ConfigReaderTests" time="1.124"/>
  <testcase name="testScopedPropertiesWithNesting" classname="griffon.util.ConfigReaderTests" time="0.08"/>
  <testcase name="testScopedProperties" classname="griffon.util.ConfigReaderTests" time="0.07"/>
  <testcase name="testCustomConditionalBlocks" classname="griffon.util.ConfigReaderTests" time="0.152"/>
  <testcase name="testTwoSameBlocks" classname="griffon.util.ConfigReaderTests" time="0.095"/>
  <testcase name="testConsecutiveReaderValues" classname="griffon.util.ConfigReaderTests" time="0.063"/>
  <testcase name="testScopedVariableReusage" classname="griffon.util.ConfigReaderTests" time="0.111"/>
  <testcase name="testLog4jConfiguration" classname="griffon.util.ConfigReaderTests" time="0.117"/>
  <testcase name="testSimpleProperties" classname="griffon.util.ConfigReaderTests" time="0.044"/>
  <testcase name="testConditionalOverrides" classname="griffon.util.ConfigReaderTests" time="0.136"/>
  <testcase name="testSerializeConfig" classname="griffon.util.ConfigReaderTests" time="0.182"/>
  <testcase name="testConfigTokensAsStrings" classname="griffon.util.ConfigReaderTests" time="0.049"/>
  <testcase name="testEnvironmentProperties2" classname="griffon.util.ConfigReaderTests" time="0.125"/>
  <testcase name="testConfigReaderNestedValues" classname="griffon.util.ConfigReaderTests" time="0.1"/>
  <testcase name="testEnvironmentSpecificConfig" classname="griffon.util.ConfigReaderTests" time="0.235"/>
  <testcase name="testFlattenConfig" classname="griffon.util.ConfigReaderTests" time="0.075"/>
  <testcase name="testNotProperlyNestedPropertiesArePreserved" classname="griffon.util.ConfigReaderTests" time="0.004"/>
  <testcase name="testConfigInterReferencing" classname="griffon.util.ConfigReaderTests" time="0.046"/>
  <testcase name="testVariableAssignments" classname="griffon.util.ConfigReaderTests" time="0.062"/>
  <testcase name="testConfigBinding" classname="griffon.util.ConfigReaderTests" time="0.029"/>
  <testcase name="testSameElementNestingWithoutDuplication" classname="griffon.util.ConfigReaderTests" time="0.072"/>
  <system-out><![CDATA[]]></system-out>
  <system-err><![CDATA[]]></system-err>
</testsuite>
