<?xml version="1.0" encoding="UTF-8"?>
<testsuite name="griffon.util.ConfigReaderTests" tests="23" skipped="0" failures="0" errors="0" timestamp="2015-05-07T16:46:01" hostname="testing-worker-linux-968a87ce-1-32163-linux-11-61641878" time="2.67">
  <properties/>
  <testcase name="testParseProperties" classname="griffon.util.ConfigReaderTests" time="0.179"/>
  <testcase name="testToProperties" classname="griffon.util.ConfigReaderTests" time="1.237"/>
  <testcase name="testNestedConditionaBlocks" classname="griffon.util.ConfigReaderTests" time="0.449"/>
  <testcase name="testScopedPropertiesWithNesting" classname="griffon.util.ConfigReaderTests" time="0.037"/>
  <testcase name="testScopedProperties" classname="griffon.util.ConfigReaderTests" time="0.025"/>
  <testcase name="testCustomConditionalBlocks" classname="griffon.util.ConfigReaderTests" time="0.051"/>
  <testcase name="testTwoSameBlocks" classname="griffon.util.ConfigReaderTests" time="0.037"/>
  <testcase name="testConsecutiveReaderValues" classname="griffon.util.ConfigReaderTests" time="0.029"/>
  <testcase name="testScopedVariableReusage" classname="griffon.util.ConfigReaderTests" time="0.058"/>
  <testcase name="testLog4jConfiguration" classname="griffon.util.ConfigReaderTests" time="0.038"/>
  <testcase name="testSimpleProperties" classname="griffon.util.ConfigReaderTests" time="0.02"/>
  <testcase name="testConditionalOverrides" classname="griffon.util.ConfigReaderTests" time="0.051"/>
  <testcase name="testSerializeConfig" classname="griffon.util.ConfigReaderTests" time="0.074"/>
  <testcase name="testConfigTokensAsStrings" classname="griffon.util.ConfigReaderTests" time="0.021"/>
  <testcase name="testEnvironmentProperties2" classname="griffon.util.ConfigReaderTests" time="0.048"/>
  <testcase name="testConfigReaderNestedValues" classname="griffon.util.ConfigReaderTests" time="0.037"/>
  <testcase name="testEnvironmentSpecificConfig" classname="griffon.util.ConfigReaderTests" time="0.096"/>
  <testcase name="testFlattenConfig" classname="griffon.util.ConfigReaderTests" time="0.033"/>
  <testcase name="testNotProperlyNestedPropertiesArePreserved" classname="griffon.util.ConfigReaderTests" time="0.005"/>
  <testcase name="testConfigInterReferencing" classname="griffon.util.ConfigReaderTests" time="0.036"/>
  <testcase name="testVariableAssignments" classname="griffon.util.ConfigReaderTests" time="0.03"/>
  <testcase name="testConfigBinding" classname="griffon.util.ConfigReaderTests" time="0.016"/>
  <testcase name="testSameElementNestingWithoutDuplication" classname="griffon.util.ConfigReaderTests" time="0.057"/>
  <system-out><![CDATA[]]></system-out>
  <system-err><![CDATA[]]></system-err>
</testsuite>
