<?xml version="1.0" encoding="UTF-8"?>
<testsuite name="griffon.util.BindUtilsTest" tests="3" skipped="0" failures="0" errors="0" timestamp="2016-06-19T19:00:07" hostname="testing-gce-814b41ba-3617-4ba2-ae78-37127f499c6e.c.travis-ci-prod-5.internal" time="0.05">
  <properties/>
  <testcase name="testNoTargetProperty" classname="griffon.util.BindUtilsTest" time="0.032"/>
  <testcase name="testNoSourceProperty" classname="griffon.util.BindUtilsTest" time="0.004"/>
  <testcase name="testAllOptions" classname="griffon.util.BindUtilsTest" time="0.013"/>
  <system-out><![CDATA[]]></system-out>
  <system-err><![CDATA[Jun 19, 2016 7:00:07 PM groovy.util.FactoryBuilderSupport createNode
WARNING: Factory for name 'bind' returned null
Jun 19, 2016 7:00:07 PM groovy.util.FactoryBuilderSupport createNode
WARNING: Factory for name 'bind' returned null
Jun 19, 2016 7:00:07 PM groovy.util.FactoryBuilderSupport createNode
WARNING: Factory for name 'bind' returned null
]]></system-err>
</testsuite>
