<?xml version="1.0" encoding="UTF-8"?>
<testsuite name="griffon.util.BindUtilsTest" tests="3" skipped="0" failures="0" errors="0" timestamp="2016-07-11T10:16:06" hostname="testing-gce-219a37e3-f95b-4085-827a-4170d00419bf.c.travis-ci-prod-3.internal" time="0.043">
  <properties/>
  <testcase name="testNoTargetProperty" classname="griffon.util.BindUtilsTest" time="0.026"/>
  <testcase name="testNoSourceProperty" classname="griffon.util.BindUtilsTest" time="0.003"/>
  <testcase name="testAllOptions" classname="griffon.util.BindUtilsTest" time="0.013"/>
  <system-out><![CDATA[]]></system-out>
  <system-err><![CDATA[Jul 11, 2016 10:16:06 AM groovy.util.FactoryBuilderSupport createNode
WARNING: Factory for name 'bind' returned null
Jul 11, 2016 10:16:06 AM groovy.util.FactoryBuilderSupport createNode
WARNING: Factory for name 'bind' returned null
Jul 11, 2016 10:16:06 AM groovy.util.FactoryBuilderSupport createNode
WARNING: Factory for name 'bind' returned null
]]></system-err>
</testsuite>
