<?xml version="1.0" encoding="UTF-8"?>
<testsuite name="griffon.util.ConfigReaderTests" tests="23" skipped="0" failures="0" errors="0" timestamp="2014-07-16T15:05:16" hostname="testing-worker-linux-3-2-10231-linux-19-30078296" time="4.359">
  <properties/>
  <testcase name="testParseProperties" classname="griffon.util.ConfigReaderTests" time="0.179"/>
  <testcase name="testToProperties" classname="griffon.util.ConfigReaderTests" time="1.027"/>
  <testcase name="testNestedConditionaBlocks" classname="griffon.util.ConfigReaderTests" time="1.229"/>
  <testcase name="testScopedPropertiesWithNesting" classname="griffon.util.ConfigReaderTests" time="0.08"/>
  <testcase name="testScopedProperties" classname="griffon.util.ConfigReaderTests" time="0.069"/>
  <testcase name="testCustomConditionalBlocks" classname="griffon.util.ConfigReaderTests" time="0.157"/>
  <testcase name="testTwoSameBlocks" classname="griffon.util.ConfigReaderTests" time="0.098"/>
  <testcase name="testConsecutiveReaderValues" classname="griffon.util.ConfigReaderTests" time="0.068"/>
  <testcase name="testScopedVariableReusage" classname="griffon.util.ConfigReaderTests" time="0.107"/>
  <testcase name="testLog4jConfiguration" classname="griffon.util.ConfigReaderTests" time="0.095"/>
  <testcase name="testSimpleProperties" classname="griffon.util.ConfigReaderTests" time="0.045"/>
  <testcase name="testConditionalOverrides" classname="griffon.util.ConfigReaderTests" time="0.132"/>
  <testcase name="testSerializeConfig" classname="griffon.util.ConfigReaderTests" time="0.169"/>
  <testcase name="testConfigTokensAsStrings" classname="griffon.util.ConfigReaderTests" time="0.046"/>
  <testcase name="testEnvironmentProperties2" classname="griffon.util.ConfigReaderTests" time="0.123"/>
  <testcase name="testConfigReaderNestedValues" classname="griffon.util.ConfigReaderTests" time="0.098"/>
  <testcase name="testEnvironmentSpecificConfig" classname="griffon.util.ConfigReaderTests" time="0.241"/>
  <testcase name="testFlattenConfig" classname="griffon.util.ConfigReaderTests" time="0.098"/>
  <testcase name="testNotProperlyNestedPropertiesArePreserved" classname="griffon.util.ConfigReaderTests" time="0.007"/>
  <testcase name="testConfigInterReferencing" classname="griffon.util.ConfigReaderTests" time="0.06"/>
  <testcase name="testVariableAssignments" classname="griffon.util.ConfigReaderTests" time="0.092"/>
  <testcase name="testConfigBinding" classname="griffon.util.ConfigReaderTests" time="0.033"/>
  <testcase name="testSameElementNestingWithoutDuplication" classname="griffon.util.ConfigReaderTests" time="0.083"/>
  <system-out><![CDATA[]]></system-out>
  <system-err><![CDATA[]]></system-err>
</testsuite>
