<?xml version="1.0" encoding="UTF-8"?>
<testsuite name="griffon.util.ConfigReaderTests" tests="23" skipped="0" failures="0" errors="0" timestamp="2015-09-14T07:51:02" hostname="testing-worker-linux-a01deac5-1-519-linux-13-80191794" time="2.038">
  <properties/>
  <testcase name="testParseProperties" classname="griffon.util.ConfigReaderTests" time="0.087"/>
  <testcase name="testToProperties" classname="griffon.util.ConfigReaderTests" time="0.806"/>
  <testcase name="testNestedConditionaBlocks" classname="griffon.util.ConfigReaderTests" time="0.433"/>
  <testcase name="testScopedPropertiesWithNesting" classname="griffon.util.ConfigReaderTests" time="0.032"/>
  <testcase name="testScopedProperties" classname="griffon.util.ConfigReaderTests" time="0.02"/>
  <testcase name="testCustomConditionalBlocks" classname="griffon.util.ConfigReaderTests" time="0.052"/>
  <testcase name="testTwoSameBlocks" classname="griffon.util.ConfigReaderTests" time="0.036"/>
  <testcase name="testConsecutiveReaderValues" classname="griffon.util.ConfigReaderTests" time="0.027"/>
  <testcase name="testScopedVariableReusage" classname="griffon.util.ConfigReaderTests" time="0.042"/>
  <testcase name="testLog4jConfiguration" classname="griffon.util.ConfigReaderTests" time="0.037"/>
  <testcase name="testSimpleProperties" classname="griffon.util.ConfigReaderTests" time="0.017"/>
  <testcase name="testConditionalOverrides" classname="griffon.util.ConfigReaderTests" time="0.044"/>
  <testcase name="testSerializeConfig" classname="griffon.util.ConfigReaderTests" time="0.062"/>
  <testcase name="testConfigTokensAsStrings" classname="griffon.util.ConfigReaderTests" time="0.017"/>
  <testcase name="testEnvironmentProperties2" classname="griffon.util.ConfigReaderTests" time="0.045"/>
  <testcase name="testConfigReaderNestedValues" classname="griffon.util.ConfigReaderTests" time="0.034"/>
  <testcase name="testEnvironmentSpecificConfig" classname="griffon.util.ConfigReaderTests" time="0.108"/>
  <testcase name="testFlattenConfig" classname="griffon.util.ConfigReaderTests" time="0.033"/>
  <testcase name="testNotProperlyNestedPropertiesArePreserved" classname="griffon.util.ConfigReaderTests" time="0.004"/>
  <testcase name="testConfigInterReferencing" classname="griffon.util.ConfigReaderTests" time="0.035"/>
  <testcase name="testVariableAssignments" classname="griffon.util.ConfigReaderTests" time="0.024"/>
  <testcase name="testConfigBinding" classname="griffon.util.ConfigReaderTests" time="0.012"/>
  <testcase name="testSameElementNestingWithoutDuplication" classname="griffon.util.ConfigReaderTests" time="0.026"/>
  <system-out><![CDATA[]]></system-out>
  <system-err><![CDATA[]]></system-err>
</testsuite>
