<?xml version="1.0" encoding="UTF-8"?>
<testsuite name="griffon.util.ConfigReaderTests" tests="23" skipped="0" failures="0" errors="0" timestamp="2014-08-13T20:05:03" hostname="testing-worker-linux-10-1-14390-linux-17-32471601" time="5.822">
  <properties/>
  <testcase name="testParseProperties" classname="griffon.util.ConfigReaderTests" time="0.197"/>
  <testcase name="testToProperties" classname="griffon.util.ConfigReaderTests" time="1.561"/>
  <testcase name="testNestedConditionaBlocks" classname="griffon.util.ConfigReaderTests" time="1.619"/>
  <testcase name="testScopedPropertiesWithNesting" classname="griffon.util.ConfigReaderTests" time="0.106"/>
  <testcase name="testScopedProperties" classname="griffon.util.ConfigReaderTests" time="0.105"/>
  <testcase name="testCustomConditionalBlocks" classname="griffon.util.ConfigReaderTests" time="0.208"/>
  <testcase name="testTwoSameBlocks" classname="griffon.util.ConfigReaderTests" time="0.107"/>
  <testcase name="testConsecutiveReaderValues" classname="griffon.util.ConfigReaderTests" time="0.077"/>
  <testcase name="testScopedVariableReusage" classname="griffon.util.ConfigReaderTests" time="0.126"/>
  <testcase name="testLog4jConfiguration" classname="griffon.util.ConfigReaderTests" time="0.162"/>
  <testcase name="testSimpleProperties" classname="griffon.util.ConfigReaderTests" time="0.057"/>
  <testcase name="testConditionalOverrides" classname="griffon.util.ConfigReaderTests" time="0.176"/>
  <testcase name="testSerializeConfig" classname="griffon.util.ConfigReaderTests" time="0.229"/>
  <testcase name="testConfigTokensAsStrings" classname="griffon.util.ConfigReaderTests" time="0.075"/>
  <testcase name="testEnvironmentProperties2" classname="griffon.util.ConfigReaderTests" time="0.147"/>
  <testcase name="testConfigReaderNestedValues" classname="griffon.util.ConfigReaderTests" time="0.111"/>
  <testcase name="testEnvironmentSpecificConfig" classname="griffon.util.ConfigReaderTests" time="0.294"/>
  <testcase name="testFlattenConfig" classname="griffon.util.ConfigReaderTests" time="0.105"/>
  <testcase name="testNotProperlyNestedPropertiesArePreserved" classname="griffon.util.ConfigReaderTests" time="0.01"/>
  <testcase name="testConfigInterReferencing" classname="griffon.util.ConfigReaderTests" time="0.073"/>
  <testcase name="testVariableAssignments" classname="griffon.util.ConfigReaderTests" time="0.078"/>
  <testcase name="testConfigBinding" classname="griffon.util.ConfigReaderTests" time="0.075"/>
  <testcase name="testSameElementNestingWithoutDuplication" classname="griffon.util.ConfigReaderTests" time="0.097"/>
  <system-out><![CDATA[]]></system-out>
  <system-err><![CDATA[]]></system-err>
</testsuite>
