<?xml version="1.0" encoding="UTF-8"?>
<testsuite name="griffon.util.ConfigReaderTests" tests="23" skipped="0" failures="0" errors="0" timestamp="2014-07-19T11:11:03" hostname="testing-worker-linux-6-2-3820-linux-19-30337690" time="3.963">
  <properties/>
  <testcase name="testParseProperties" classname="griffon.util.ConfigReaderTests" time="0.153"/>
  <testcase name="testToProperties" classname="griffon.util.ConfigReaderTests" time="0.883"/>
  <testcase name="testNestedConditionaBlocks" classname="griffon.util.ConfigReaderTests" time="1.195"/>
  <testcase name="testScopedPropertiesWithNesting" classname="griffon.util.ConfigReaderTests" time="0.073"/>
  <testcase name="testScopedProperties" classname="griffon.util.ConfigReaderTests" time="0.065"/>
  <testcase name="testCustomConditionalBlocks" classname="griffon.util.ConfigReaderTests" time="0.15"/>
  <testcase name="testTwoSameBlocks" classname="griffon.util.ConfigReaderTests" time="0.088"/>
  <testcase name="testConsecutiveReaderValues" classname="griffon.util.ConfigReaderTests" time="0.064"/>
  <testcase name="testScopedVariableReusage" classname="griffon.util.ConfigReaderTests" time="0.104"/>
  <testcase name="testLog4jConfiguration" classname="griffon.util.ConfigReaderTests" time="0.092"/>
  <testcase name="testSimpleProperties" classname="griffon.util.ConfigReaderTests" time="0.043"/>
  <testcase name="testConditionalOverrides" classname="griffon.util.ConfigReaderTests" time="0.132"/>
  <testcase name="testSerializeConfig" classname="griffon.util.ConfigReaderTests" time="0.169"/>
  <testcase name="testConfigTokensAsStrings" classname="griffon.util.ConfigReaderTests" time="0.045"/>
  <testcase name="testEnvironmentProperties2" classname="griffon.util.ConfigReaderTests" time="0.111"/>
  <testcase name="testConfigReaderNestedValues" classname="griffon.util.ConfigReaderTests" time="0.084"/>
  <testcase name="testEnvironmentSpecificConfig" classname="griffon.util.ConfigReaderTests" time="0.217"/>
  <testcase name="testFlattenConfig" classname="griffon.util.ConfigReaderTests" time="0.074"/>
  <testcase name="testNotProperlyNestedPropertiesArePreserved" classname="griffon.util.ConfigReaderTests" time="0.004"/>
  <testcase name="testConfigInterReferencing" classname="griffon.util.ConfigReaderTests" time="0.047"/>
  <testcase name="testVariableAssignments" classname="griffon.util.ConfigReaderTests" time="0.06"/>
  <testcase name="testConfigBinding" classname="griffon.util.ConfigReaderTests" time="0.026"/>
  <testcase name="testSameElementNestingWithoutDuplication" classname="griffon.util.ConfigReaderTests" time="0.068"/>
  <system-out><![CDATA[]]></system-out>
  <system-err><![CDATA[]]></system-err>
</testsuite>
