<?xml version="1.0" encoding="UTF-8"?>
<testsuite name="griffon.util.BindUtilsTest" tests="3" skipped="0" failures="0" errors="0" timestamp="2016-06-16T07:57:32" hostname="testing-gce-7424ba10-1242-40d5-9572-e7653f8a3e42.c.eco-emissary-99515.internal" time="0.043">
  <properties/>
  <testcase name="testNoTargetProperty" classname="griffon.util.BindUtilsTest" time="0.025"/>
  <testcase name="testNoSourceProperty" classname="griffon.util.BindUtilsTest" time="0.004"/>
  <testcase name="testAllOptions" classname="griffon.util.BindUtilsTest" time="0.013"/>
  <system-out><![CDATA[]]></system-out>
  <system-err><![CDATA[Jun 16, 2016 7:57:32 AM groovy.util.FactoryBuilderSupport createNode
WARNING: Factory for name 'bind' returned null
Jun 16, 2016 7:57:32 AM groovy.util.FactoryBuilderSupport createNode
WARNING: Factory for name 'bind' returned null
Jun 16, 2016 7:57:32 AM groovy.util.FactoryBuilderSupport createNode
WARNING: Factory for name 'bind' returned null
]]></system-err>
</testsuite>
