<?xml version="1.0" encoding="UTF-8"?>
<testsuite name="griffon.util.ConfigReaderTests" tests="23" skipped="0" failures="0" errors="0" timestamp="2014-07-23T14:57:21" hostname="testing-worker-linux-4-1-28288-linux-17-30657408" time="5.652">
  <properties/>
  <testcase name="testParseProperties" classname="griffon.util.ConfigReaderTests" time="0.239"/>
  <testcase name="testToProperties" classname="griffon.util.ConfigReaderTests" time="1.261"/>
  <testcase name="testNestedConditionaBlocks" classname="griffon.util.ConfigReaderTests" time="1.571"/>
  <testcase name="testScopedPropertiesWithNesting" classname="griffon.util.ConfigReaderTests" time="0.102"/>
  <testcase name="testScopedProperties" classname="griffon.util.ConfigReaderTests" time="0.09"/>
  <testcase name="testCustomConditionalBlocks" classname="griffon.util.ConfigReaderTests" time="0.209"/>
  <testcase name="testTwoSameBlocks" classname="griffon.util.ConfigReaderTests" time="0.128"/>
  <testcase name="testConsecutiveReaderValues" classname="griffon.util.ConfigReaderTests" time="0.092"/>
  <testcase name="testScopedVariableReusage" classname="griffon.util.ConfigReaderTests" time="0.151"/>
  <testcase name="testLog4jConfiguration" classname="griffon.util.ConfigReaderTests" time="0.225"/>
  <testcase name="testSimpleProperties" classname="griffon.util.ConfigReaderTests" time="0.089"/>
  <testcase name="testConditionalOverrides" classname="griffon.util.ConfigReaderTests" time="0.213"/>
  <testcase name="testSerializeConfig" classname="griffon.util.ConfigReaderTests" time="0.231"/>
  <testcase name="testConfigTokensAsStrings" classname="griffon.util.ConfigReaderTests" time="0.067"/>
  <testcase name="testEnvironmentProperties2" classname="griffon.util.ConfigReaderTests" time="0.154"/>
  <testcase name="testConfigReaderNestedValues" classname="griffon.util.ConfigReaderTests" time="0.122"/>
  <testcase name="testEnvironmentSpecificConfig" classname="griffon.util.ConfigReaderTests" time="0.291"/>
  <testcase name="testFlattenConfig" classname="griffon.util.ConfigReaderTests" time="0.106"/>
  <testcase name="testNotProperlyNestedPropertiesArePreserved" classname="griffon.util.ConfigReaderTests" time="0.006"/>
  <testcase name="testConfigInterReferencing" classname="griffon.util.ConfigReaderTests" time="0.064"/>
  <testcase name="testVariableAssignments" classname="griffon.util.ConfigReaderTests" time="0.085"/>
  <testcase name="testConfigBinding" classname="griffon.util.ConfigReaderTests" time="0.038"/>
  <testcase name="testSameElementNestingWithoutDuplication" classname="griffon.util.ConfigReaderTests" time="0.097"/>
  <system-out><![CDATA[]]></system-out>
  <system-err><![CDATA[]]></system-err>
</testsuite>
