<?xml version="1.0" encoding="UTF-8"?>
<testsuite name="griffon.util.BindUtilsTest" tests="3" skipped="0" failures="0" errors="0" timestamp="2016-06-25T19:01:10" hostname="testing-gce-5591e47c-7f32-483f-97e0-e3daf6a65c7e.c.travis-ci-prod-4.internal" time="0.041">
  <properties/>
  <testcase name="testNoTargetProperty" classname="griffon.util.BindUtilsTest" time="0.023"/>
  <testcase name="testNoSourceProperty" classname="griffon.util.BindUtilsTest" time="0.005"/>
  <testcase name="testAllOptions" classname="griffon.util.BindUtilsTest" time="0.012"/>
  <system-out><![CDATA[]]></system-out>
  <system-err><![CDATA[Jun 25, 2016 7:01:10 PM groovy.util.FactoryBuilderSupport createNode
WARNING: Factory for name 'bind' returned null
Jun 25, 2016 7:01:10 PM groovy.util.FactoryBuilderSupport createNode
WARNING: Factory for name 'bind' returned null
Jun 25, 2016 7:01:10 PM groovy.util.FactoryBuilderSupport createNode
WARNING: Factory for name 'bind' returned null
]]></system-err>
</testsuite>
