<?xml version="1.0" encoding="UTF-8"?>
<testsuite name="griffon.util.ConfigReaderTests" tests="23" skipped="0" failures="0" errors="0" timestamp="2014-07-16T20:38:54" hostname="testing-worker-linux-11-1-4315-linux-12-30108257" time="4.637">
  <properties/>
  <testcase name="testParseProperties" classname="griffon.util.ConfigReaderTests" time="0.203"/>
  <testcase name="testToProperties" classname="griffon.util.ConfigReaderTests" time="1.092"/>
  <testcase name="testNestedConditionaBlocks" classname="griffon.util.ConfigReaderTests" time="1.235"/>
  <testcase name="testScopedPropertiesWithNesting" classname="griffon.util.ConfigReaderTests" time="0.082"/>
  <testcase name="testScopedProperties" classname="griffon.util.ConfigReaderTests" time="0.072"/>
  <testcase name="testCustomConditionalBlocks" classname="griffon.util.ConfigReaderTests" time="0.172"/>
  <testcase name="testTwoSameBlocks" classname="griffon.util.ConfigReaderTests" time="0.102"/>
  <testcase name="testConsecutiveReaderValues" classname="griffon.util.ConfigReaderTests" time="0.07"/>
  <testcase name="testScopedVariableReusage" classname="griffon.util.ConfigReaderTests" time="0.119"/>
  <testcase name="testLog4jConfiguration" classname="griffon.util.ConfigReaderTests" time="0.104"/>
  <testcase name="testSimpleProperties" classname="griffon.util.ConfigReaderTests" time="0.05"/>
  <testcase name="testConditionalOverrides" classname="griffon.util.ConfigReaderTests" time="0.152"/>
  <testcase name="testSerializeConfig" classname="griffon.util.ConfigReaderTests" time="0.204"/>
  <testcase name="testConfigTokensAsStrings" classname="griffon.util.ConfigReaderTests" time="0.051"/>
  <testcase name="testEnvironmentProperties2" classname="griffon.util.ConfigReaderTests" time="0.142"/>
  <testcase name="testConfigReaderNestedValues" classname="griffon.util.ConfigReaderTests" time="0.122"/>
  <testcase name="testEnvironmentSpecificConfig" classname="griffon.util.ConfigReaderTests" time="0.292"/>
  <testcase name="testFlattenConfig" classname="griffon.util.ConfigReaderTests" time="0.093"/>
  <testcase name="testNotProperlyNestedPropertiesArePreserved" classname="griffon.util.ConfigReaderTests" time="0.007"/>
  <testcase name="testConfigInterReferencing" classname="griffon.util.ConfigReaderTests" time="0.056"/>
  <testcase name="testVariableAssignments" classname="griffon.util.ConfigReaderTests" time="0.075"/>
  <testcase name="testConfigBinding" classname="griffon.util.ConfigReaderTests" time="0.031"/>
  <testcase name="testSameElementNestingWithoutDuplication" classname="griffon.util.ConfigReaderTests" time="0.09"/>
  <system-out><![CDATA[]]></system-out>
  <system-err><![CDATA[]]></system-err>
</testsuite>
