<?xml version="1.0" encoding="UTF-8"?>
<testsuite name="griffon.util.ConfigReaderTests" tests="23" skipped="0" failures="0" errors="0" timestamp="2015-08-10T14:15:32" hostname="testing-worker-linux-08b40318-2-25201-linux-14-74920689" time="2.369">
  <properties/>
  <testcase name="testParseProperties" classname="griffon.util.ConfigReaderTests" time="0.096"/>
  <testcase name="testToProperties" classname="griffon.util.ConfigReaderTests" time="0.924"/>
  <testcase name="testNestedConditionaBlocks" classname="griffon.util.ConfigReaderTests" time="0.525"/>
  <testcase name="testScopedPropertiesWithNesting" classname="griffon.util.ConfigReaderTests" time="0.035"/>
  <testcase name="testScopedProperties" classname="griffon.util.ConfigReaderTests" time="0.028"/>
  <testcase name="testCustomConditionalBlocks" classname="griffon.util.ConfigReaderTests" time="0.053"/>
  <testcase name="testTwoSameBlocks" classname="griffon.util.ConfigReaderTests" time="0.039"/>
  <testcase name="testConsecutiveReaderValues" classname="griffon.util.ConfigReaderTests" time="0.035"/>
  <testcase name="testScopedVariableReusage" classname="griffon.util.ConfigReaderTests" time="0.052"/>
  <testcase name="testLog4jConfiguration" classname="griffon.util.ConfigReaderTests" time="0.044"/>
  <testcase name="testSimpleProperties" classname="griffon.util.ConfigReaderTests" time="0.022"/>
  <testcase name="testConditionalOverrides" classname="griffon.util.ConfigReaderTests" time="0.059"/>
  <testcase name="testSerializeConfig" classname="griffon.util.ConfigReaderTests" time="0.08"/>
  <testcase name="testConfigTokensAsStrings" classname="griffon.util.ConfigReaderTests" time="0.02"/>
  <testcase name="testEnvironmentProperties2" classname="griffon.util.ConfigReaderTests" time="0.047"/>
  <testcase name="testConfigReaderNestedValues" classname="griffon.util.ConfigReaderTests" time="0.042"/>
  <testcase name="testEnvironmentSpecificConfig" classname="griffon.util.ConfigReaderTests" time="0.107"/>
  <testcase name="testFlattenConfig" classname="griffon.util.ConfigReaderTests" time="0.037"/>
  <testcase name="testNotProperlyNestedPropertiesArePreserved" classname="griffon.util.ConfigReaderTests" time="0.005"/>
  <testcase name="testConfigInterReferencing" classname="griffon.util.ConfigReaderTests" time="0.04"/>
  <testcase name="testVariableAssignments" classname="griffon.util.ConfigReaderTests" time="0.026"/>
  <testcase name="testConfigBinding" classname="griffon.util.ConfigReaderTests" time="0.014"/>
  <testcase name="testSameElementNestingWithoutDuplication" classname="griffon.util.ConfigReaderTests" time="0.035"/>
  <system-out><![CDATA[]]></system-out>
  <system-err><![CDATA[]]></system-err>
</testsuite>
