<?xml version="1.0" encoding="UTF-8"?>
<testsuite name="griffon.util.ConfigReaderTests" tests="23" skipped="0" failures="0" errors="0" timestamp="2014-07-08T21:46:05" hostname="testing-worker-linux-3-2-25854-linux-14-29454447" time="4.548">
  <properties/>
  <testcase name="testParseProperties" classname="griffon.util.ConfigReaderTests" time="0.184"/>
  <testcase name="testToProperties" classname="griffon.util.ConfigReaderTests" time="1.074"/>
  <testcase name="testNestedConditionaBlocks" classname="griffon.util.ConfigReaderTests" time="1.248"/>
  <testcase name="testScopedPropertiesWithNesting" classname="griffon.util.ConfigReaderTests" time="0.084"/>
  <testcase name="testScopedProperties" classname="griffon.util.ConfigReaderTests" time="0.072"/>
  <testcase name="testCustomConditionalBlocks" classname="griffon.util.ConfigReaderTests" time="0.181"/>
  <testcase name="testTwoSameBlocks" classname="griffon.util.ConfigReaderTests" time="0.107"/>
  <testcase name="testConsecutiveReaderValues" classname="griffon.util.ConfigReaderTests" time="0.071"/>
  <testcase name="testScopedVariableReusage" classname="griffon.util.ConfigReaderTests" time="0.115"/>
  <testcase name="testLog4jConfiguration" classname="griffon.util.ConfigReaderTests" time="0.105"/>
  <testcase name="testSimpleProperties" classname="griffon.util.ConfigReaderTests" time="0.056"/>
  <testcase name="testConditionalOverrides" classname="griffon.util.ConfigReaderTests" time="0.149"/>
  <testcase name="testSerializeConfig" classname="griffon.util.ConfigReaderTests" time="0.195"/>
  <testcase name="testConfigTokensAsStrings" classname="griffon.util.ConfigReaderTests" time="0.051"/>
  <testcase name="testEnvironmentProperties2" classname="griffon.util.ConfigReaderTests" time="0.133"/>
  <testcase name="testConfigReaderNestedValues" classname="griffon.util.ConfigReaderTests" time="0.101"/>
  <testcase name="testEnvironmentSpecificConfig" classname="griffon.util.ConfigReaderTests" time="0.266"/>
  <testcase name="testFlattenConfig" classname="griffon.util.ConfigReaderTests" time="0.088"/>
  <testcase name="testNotProperlyNestedPropertiesArePreserved" classname="griffon.util.ConfigReaderTests" time="0.004"/>
  <testcase name="testConfigInterReferencing" classname="griffon.util.ConfigReaderTests" time="0.059"/>
  <testcase name="testVariableAssignments" classname="griffon.util.ConfigReaderTests" time="0.072"/>
  <testcase name="testConfigBinding" classname="griffon.util.ConfigReaderTests" time="0.031"/>
  <testcase name="testSameElementNestingWithoutDuplication" classname="griffon.util.ConfigReaderTests" time="0.082"/>
  <system-out><![CDATA[]]></system-out>
  <system-err><![CDATA[]]></system-err>
</testsuite>
