<?xml version="1.0" encoding="UTF-8"?>
<testsuite name="griffon.util.ConfigReaderTests" tests="23" skipped="0" failures="0" errors="0" timestamp="2014-07-20T13:40:25" hostname="testing-worker-linux-2-1-10856-linux-2-30392804" time="2.921">
  <properties/>
  <testcase name="testParseProperties" classname="griffon.util.ConfigReaderTests" time="0.052"/>
  <testcase name="testToProperties" classname="griffon.util.ConfigReaderTests" time="0.175"/>
  <testcase name="testNestedConditionaBlocks" classname="griffon.util.ConfigReaderTests" time="0.98"/>
  <testcase name="testScopedPropertiesWithNesting" classname="griffon.util.ConfigReaderTests" time="0.071"/>
  <testcase name="testScopedProperties" classname="griffon.util.ConfigReaderTests" time="0.062"/>
  <testcase name="testCustomConditionalBlocks" classname="griffon.util.ConfigReaderTests" time="0.151"/>
  <testcase name="testTwoSameBlocks" classname="griffon.util.ConfigReaderTests" time="0.101"/>
  <testcase name="testConsecutiveReaderValues" classname="griffon.util.ConfigReaderTests" time="0.074"/>
  <testcase name="testScopedVariableReusage" classname="griffon.util.ConfigReaderTests" time="0.13"/>
  <testcase name="testLog4jConfiguration" classname="griffon.util.ConfigReaderTests" time="0.105"/>
  <testcase name="testSimpleProperties" classname="griffon.util.ConfigReaderTests" time="0.043"/>
  <testcase name="testConditionalOverrides" classname="griffon.util.ConfigReaderTests" time="0.143"/>
  <testcase name="testSerializeConfig" classname="griffon.util.ConfigReaderTests" time="0.155"/>
  <testcase name="testConfigTokensAsStrings" classname="griffon.util.ConfigReaderTests" time="0.038"/>
  <testcase name="testEnvironmentProperties2" classname="griffon.util.ConfigReaderTests" time="0.098"/>
  <testcase name="testConfigReaderNestedValues" classname="griffon.util.ConfigReaderTests" time="0.076"/>
  <testcase name="testEnvironmentSpecificConfig" classname="griffon.util.ConfigReaderTests" time="0.189"/>
  <testcase name="testFlattenConfig" classname="griffon.util.ConfigReaderTests" time="0.068"/>
  <testcase name="testNotProperlyNestedPropertiesArePreserved" classname="griffon.util.ConfigReaderTests" time="0.004"/>
  <testcase name="testConfigInterReferencing" classname="griffon.util.ConfigReaderTests" time="0.047"/>
  <testcase name="testVariableAssignments" classname="griffon.util.ConfigReaderTests" time="0.058"/>
  <testcase name="testConfigBinding" classname="griffon.util.ConfigReaderTests" time="0.025"/>
  <testcase name="testSameElementNestingWithoutDuplication" classname="griffon.util.ConfigReaderTests" time="0.063"/>
  <system-out><![CDATA[]]></system-out>
  <system-err><![CDATA[]]></system-err>
</testsuite>
