<?xml version="1.0" encoding="UTF-8"?>
<testsuite name="griffon.util.ConfigReaderTests" tests="23" skipped="0" failures="0" errors="0" timestamp="2014-12-07T21:02:27" hostname="testing-worker-linux-4-2-3284-linux-10-43284689" time="2.064">
  <properties/>
  <testcase name="testParseProperties" classname="griffon.util.ConfigReaderTests" time="0.091"/>
  <testcase name="testToProperties" classname="griffon.util.ConfigReaderTests" time="0.775"/>
  <testcase name="testNestedConditionaBlocks" classname="griffon.util.ConfigReaderTests" time="0.442"/>
  <testcase name="testScopedPropertiesWithNesting" classname="griffon.util.ConfigReaderTests" time="0.03"/>
  <testcase name="testScopedProperties" classname="griffon.util.ConfigReaderTests" time="0.026"/>
  <testcase name="testCustomConditionalBlocks" classname="griffon.util.ConfigReaderTests" time="0.056"/>
  <testcase name="testTwoSameBlocks" classname="griffon.util.ConfigReaderTests" time="0.035"/>
  <testcase name="testConsecutiveReaderValues" classname="griffon.util.ConfigReaderTests" time="0.026"/>
  <testcase name="testScopedVariableReusage" classname="griffon.util.ConfigReaderTests" time="0.041"/>
  <testcase name="testLog4jConfiguration" classname="griffon.util.ConfigReaderTests" time="0.04"/>
  <testcase name="testSimpleProperties" classname="griffon.util.ConfigReaderTests" time="0.022"/>
  <testcase name="testConditionalOverrides" classname="griffon.util.ConfigReaderTests" time="0.057"/>
  <testcase name="testSerializeConfig" classname="griffon.util.ConfigReaderTests" time="0.078"/>
  <testcase name="testConfigTokensAsStrings" classname="griffon.util.ConfigReaderTests" time="0.024"/>
  <testcase name="testEnvironmentProperties2" classname="griffon.util.ConfigReaderTests" time="0.045"/>
  <testcase name="testConfigReaderNestedValues" classname="griffon.util.ConfigReaderTests" time="0.042"/>
  <testcase name="testEnvironmentSpecificConfig" classname="griffon.util.ConfigReaderTests" time="0.081"/>
  <testcase name="testFlattenConfig" classname="griffon.util.ConfigReaderTests" time="0.034"/>
  <testcase name="testNotProperlyNestedPropertiesArePreserved" classname="griffon.util.ConfigReaderTests" time="0.004"/>
  <testcase name="testConfigInterReferencing" classname="griffon.util.ConfigReaderTests" time="0.035"/>
  <testcase name="testVariableAssignments" classname="griffon.util.ConfigReaderTests" time="0.027"/>
  <testcase name="testConfigBinding" classname="griffon.util.ConfigReaderTests" time="0.015"/>
  <testcase name="testSameElementNestingWithoutDuplication" classname="griffon.util.ConfigReaderTests" time="0.03"/>
  <system-out><![CDATA[]]></system-out>
  <system-err><![CDATA[]]></system-err>
</testsuite>
