<?xml version="1.0" encoding="UTF-8"?>
<testsuite name="org.codehaus.griffon.runtime.groovy.resources.DefaultGroovyAwareResourceResolverTest" tests="1" skipped="0" failures="0" errors="0" timestamp="2016-01-23T17:16:54" hostname="testing-gce-0a5371d2-3ae4-42a6-8bc9-7c8b4636aace.c.eco-emissary-99515.internal" time="0.044">
  <properties/>
  <testcase name="resolveAllFormatsByProperties" classname="org.codehaus.griffon.runtime.groovy.resources.DefaultGroovyAwareResourceResolverTest" time="0.044"/>
  <system-out><![CDATA[]]></system-out>
  <system-err><![CDATA[]]></system-err>
</testsuite>
