<?xml version="1.0" encoding="UTF-8"?>
<testsuite name="griffon.builder.core.CoreBuilderCustomizerSpec" tests="4" skipped="0" failures="0" errors="0" timestamp="2015-02-16T19:27:31" hostname="testing-worker-linux-c55820f2-2-18643-linux-15-50983192" time="0.063">
  <properties/>
  <testcase name="Root node is properly configured[0]" classname="griffon.builder.core.CoreBuilderCustomizerSpec" time="0.041"/>
  <testcase name="Root node is properly configured[1]" classname="griffon.builder.core.CoreBuilderCustomizerSpec" time="0.008"/>
  <testcase name="Root node is properly configured[2]" classname="griffon.builder.core.CoreBuilderCustomizerSpec" time="0.005"/>
  <testcase name="Root node is properly configured[3]" classname="griffon.builder.core.CoreBuilderCustomizerSpec" time="0.007"/>
  <system-out><![CDATA[]]></system-out>
  <system-err><![CDATA[Feb 16, 2015 7:27:31 PM groovy.util.FactoryBuilderSupport createNode
WARNING: Factory for name 'root' returned null
Feb 16, 2015 7:27:31 PM groovy.util.FactoryBuilderSupport createNode
WARNING: Factory for name 'root' returned null
]]></system-err>
</testsuite>
