<?xml version="1.0" encoding="UTF-8"?>
<testsuite name="griffon.util.ConfigReaderTests" tests="23" skipped="0" failures="0" errors="0" timestamp="2014-08-26T19:51:29" hostname="testing-worker-linux-10-2-14444-linux-13-33626012" time="4.74">
  <properties/>
  <testcase name="testParseProperties" classname="griffon.util.ConfigReaderTests" time="0.193"/>
  <testcase name="testToProperties" classname="griffon.util.ConfigReaderTests" time="1.135"/>
  <testcase name="testNestedConditionaBlocks" classname="griffon.util.ConfigReaderTests" time="1.306"/>
  <testcase name="testScopedPropertiesWithNesting" classname="griffon.util.ConfigReaderTests" time="0.097"/>
  <testcase name="testScopedProperties" classname="griffon.util.ConfigReaderTests" time="0.084"/>
  <testcase name="testCustomConditionalBlocks" classname="griffon.util.ConfigReaderTests" time="0.164"/>
  <testcase name="testTwoSameBlocks" classname="griffon.util.ConfigReaderTests" time="0.1"/>
  <testcase name="testConsecutiveReaderValues" classname="griffon.util.ConfigReaderTests" time="0.071"/>
  <testcase name="testScopedVariableReusage" classname="griffon.util.ConfigReaderTests" time="0.126"/>
  <testcase name="testLog4jConfiguration" classname="griffon.util.ConfigReaderTests" time="0.11"/>
  <testcase name="testSimpleProperties" classname="griffon.util.ConfigReaderTests" time="0.054"/>
  <testcase name="testConditionalOverrides" classname="griffon.util.ConfigReaderTests" time="0.152"/>
  <testcase name="testSerializeConfig" classname="griffon.util.ConfigReaderTests" time="0.202"/>
  <testcase name="testConfigTokensAsStrings" classname="griffon.util.ConfigReaderTests" time="0.051"/>
  <testcase name="testEnvironmentProperties2" classname="griffon.util.ConfigReaderTests" time="0.136"/>
  <testcase name="testConfigReaderNestedValues" classname="griffon.util.ConfigReaderTests" time="0.112"/>
  <testcase name="testEnvironmentSpecificConfig" classname="griffon.util.ConfigReaderTests" time="0.26"/>
  <testcase name="testFlattenConfig" classname="griffon.util.ConfigReaderTests" time="0.095"/>
  <testcase name="testNotProperlyNestedPropertiesArePreserved" classname="griffon.util.ConfigReaderTests" time="0.007"/>
  <testcase name="testConfigInterReferencing" classname="griffon.util.ConfigReaderTests" time="0.064"/>
  <testcase name="testVariableAssignments" classname="griffon.util.ConfigReaderTests" time="0.076"/>
  <testcase name="testConfigBinding" classname="griffon.util.ConfigReaderTests" time="0.034"/>
  <testcase name="testSameElementNestingWithoutDuplication" classname="griffon.util.ConfigReaderTests" time="0.086"/>
  <system-out><![CDATA[]]></system-out>
  <system-err><![CDATA[]]></system-err>
</testsuite>
