<?xml version="1.0" encoding="UTF-8"?>
<testsuite name="griffon.builder.core.CoreBuilderCustomizerSpec" tests="9" skipped="0" failures="0" errors="0" timestamp="2015-09-14T08:23:46" hostname="testing-worker-linux-a1362517-2-8611-linux-7-80196216" time="0.137">
  <properties/>
  <testcase name="Root node is properly configured for griffon.builder.core.ChildScript1-root" classname="griffon.builder.core.CoreBuilderCustomizerSpec" time="0.083"/>
  <testcase name="Root node is properly configured for griffon.builder.core.ChildScript2-myroot" classname="griffon.builder.core.CoreBuilderCustomizerSpec" time="0.018"/>
  <testcase name="Root node is properly configured for griffon.builder.core.ChildScript1-root" classname="griffon.builder.core.CoreBuilderCustomizerSpec" time="0.005"/>
  <testcase name="Root node is properly configured for griffon.builder.core.ChildScript1-root" classname="griffon.builder.core.CoreBuilderCustomizerSpec" time="0.008"/>
  <testcase name="Threading method runOutsideUI is available in builder" classname="griffon.builder.core.CoreBuilderCustomizerSpec" time="0.01"/>
  <testcase name="Threading method runInsideUISync is available in builder" classname="griffon.builder.core.CoreBuilderCustomizerSpec" time="0.002"/>
  <testcase name="Threading method runInsideUIAsync is available in builder" classname="griffon.builder.core.CoreBuilderCustomizerSpec" time="0.001"/>
  <testcase name="Threading method runFuture is available in builder" classname="griffon.builder.core.CoreBuilderCustomizerSpec" time="0.001"/>
  <testcase name="Threading method isUIThread is available in builder" classname="griffon.builder.core.CoreBuilderCustomizerSpec" time="0.002"/>
  <system-out><![CDATA[]]></system-out>
  <system-err><![CDATA[Sep 14, 2015 8:23:46 AM groovy.util.FactoryBuilderSupport createNode
WARNING: Factory for name 'root' returned null
Sep 14, 2015 8:23:46 AM groovy.util.FactoryBuilderSupport createNode
WARNING: Factory for name 'root' returned null
]]></system-err>
</testsuite>
