<?xml version="1.0" encoding="UTF-8"?>
<testsuite name="org.codehaus.griffon.runtime.util.GroovyAwareCompositeResourceBundleBuilder2Spec" tests="1" failures="0" errors="0" timestamp="2014-03-16T18:27:27" hostname="testing-worker-linux-7-1-9759-linux-1-20889326" time="0.181">
  <properties/>
  <testcase name="Load Groovy and properties bundles" classname="org.codehaus.griffon.runtime.util.GroovyAwareCompositeResourceBundleBuilder2Spec" time="0.181"/>
  <system-out><![CDATA[TEST
TEST
]]></system-out>
  <system-err><![CDATA[]]></system-err>
</testsuite>
