<?xml version="1.0" encoding="UTF-8"?>
<testsuite name="griffon.util.ConfigReaderTests" tests="23" skipped="0" failures="0" errors="0" timestamp="2016-05-15T10:41:34" hostname="testing-gce-ad892f28-e390-4205-bb65-89cd9ef0369e.c.travis-ci-prod-4.internal" time="2.361">
  <properties/>
  <testcase name="testParseProperties" classname="griffon.util.ConfigReaderTests" time="0.107"/>
  <testcase name="testToProperties" classname="griffon.util.ConfigReaderTests" time="0.979"/>
  <testcase name="testNestedConditionaBlocks" classname="griffon.util.ConfigReaderTests" time="0.612"/>
  <testcase name="testScopedPropertiesWithNesting" classname="griffon.util.ConfigReaderTests" time="0.042"/>
  <testcase name="testScopedProperties" classname="griffon.util.ConfigReaderTests" time="0.028"/>
  <testcase name="testCustomConditionalBlocks" classname="griffon.util.ConfigReaderTests" time="0.043"/>
  <testcase name="testTwoSameBlocks" classname="griffon.util.ConfigReaderTests" time="0.029"/>
  <testcase name="testConsecutiveReaderValues" classname="griffon.util.ConfigReaderTests" time="0.023"/>
  <testcase name="testScopedVariableReusage" classname="griffon.util.ConfigReaderTests" time="0.037"/>
  <testcase name="testLog4jConfiguration" classname="griffon.util.ConfigReaderTests" time="0.032"/>
  <testcase name="testSimpleProperties" classname="griffon.util.ConfigReaderTests" time="0.017"/>
  <testcase name="testConditionalOverrides" classname="griffon.util.ConfigReaderTests" time="0.047"/>
  <testcase name="testSerializeConfig" classname="griffon.util.ConfigReaderTests" time="0.06"/>
  <testcase name="testConfigTokensAsStrings" classname="griffon.util.ConfigReaderTests" time="0.017"/>
  <testcase name="testEnvironmentProperties2" classname="griffon.util.ConfigReaderTests" time="0.04"/>
  <testcase name="testConfigReaderNestedValues" classname="griffon.util.ConfigReaderTests" time="0.033"/>
  <testcase name="testEnvironmentSpecificConfig" classname="griffon.util.ConfigReaderTests" time="0.074"/>
  <testcase name="testFlattenConfig" classname="griffon.util.ConfigReaderTests" time="0.029"/>
  <testcase name="testNotProperlyNestedPropertiesArePreserved" classname="griffon.util.ConfigReaderTests" time="0.002"/>
  <testcase name="testConfigInterReferencing" classname="griffon.util.ConfigReaderTests" time="0.033"/>
  <testcase name="testVariableAssignments" classname="griffon.util.ConfigReaderTests" time="0.023"/>
  <testcase name="testConfigBinding" classname="griffon.util.ConfigReaderTests" time="0.011"/>
  <testcase name="testSameElementNestingWithoutDuplication" classname="griffon.util.ConfigReaderTests" time="0.027"/>
  <system-out><![CDATA[]]></system-out>
  <system-err><![CDATA[]]></system-err>
</testsuite>
