<?xml version="1.0" encoding="UTF-8"?>
<testsuite name="griffon.util.ConfigReaderTests" tests="23" failures="0" errors="0" timestamp="2014-03-07T17:22:36" hostname="testing-worker-linux-5-1-19517-linux-8-20297994" time="5.21">
  <properties/>
  <testcase name="testParseProperties" classname="griffon.util.ConfigReaderTests" time="0.189"/>
  <testcase name="testToProperties" classname="griffon.util.ConfigReaderTests" time="0.916"/>
  <testcase name="testNestedConditionaBlocks" classname="griffon.util.ConfigReaderTests" time="1.717"/>
  <testcase name="testScopedPropertiesWithNesting" classname="griffon.util.ConfigReaderTests" time="0.144"/>
  <testcase name="testScopedProperties" classname="griffon.util.ConfigReaderTests" time="0.108"/>
  <testcase name="testCustomConditionalBlocks" classname="griffon.util.ConfigReaderTests" time="0.243"/>
  <testcase name="testTwoSameBlocks" classname="griffon.util.ConfigReaderTests" time="0.154"/>
  <testcase name="testConsecutiveReaderValues" classname="griffon.util.ConfigReaderTests" time="0.104"/>
  <testcase name="testScopedVariableReusage" classname="griffon.util.ConfigReaderTests" time="0.168"/>
  <testcase name="testLog4jConfiguration" classname="griffon.util.ConfigReaderTests" time="0.151"/>
  <testcase name="testSimpleProperties" classname="griffon.util.ConfigReaderTests" time="0.058"/>
  <testcase name="testConditionalOverrides" classname="griffon.util.ConfigReaderTests" time="0.169"/>
  <testcase name="testSerializeConfig" classname="griffon.util.ConfigReaderTests" time="0.203"/>
  <testcase name="testConfigTokensAsStrings" classname="griffon.util.ConfigReaderTests" time="0.054"/>
  <testcase name="testEnvironmentProperties2" classname="griffon.util.ConfigReaderTests" time="0.137"/>
  <testcase name="testConfigReaderNestedValues" classname="griffon.util.ConfigReaderTests" time="0.101"/>
  <testcase name="testEnvironmentSpecificConfig" classname="griffon.util.ConfigReaderTests" time="0.241"/>
  <testcase name="testFlattenConfig" classname="griffon.util.ConfigReaderTests" time="0.086"/>
  <testcase name="testNotProperlyNestedPropertiesArePreserved" classname="griffon.util.ConfigReaderTests" time="0.007"/>
  <testcase name="testConfigInterReferencing" classname="griffon.util.ConfigReaderTests" time="0.056"/>
  <testcase name="testVariableAssignments" classname="griffon.util.ConfigReaderTests" time="0.073"/>
  <testcase name="testConfigBinding" classname="griffon.util.ConfigReaderTests" time="0.032"/>
  <testcase name="testSameElementNestingWithoutDuplication" classname="griffon.util.ConfigReaderTests" time="0.08"/>
  <system-out><![CDATA[]]></system-out>
  <system-err><![CDATA[]]></system-err>
</testsuite>
