<?xml version="1.0" encoding="UTF-8"?>
<testsuite name="griffon.util.ConfigReaderTests" tests="23" skipped="0" failures="0" errors="0" timestamp="2014-11-05T19:34:39" hostname="testing-worker-linux-7-2-8506-linux-7-40098611" time="2.65">
  <properties/>
  <testcase name="testParseProperties" classname="griffon.util.ConfigReaderTests" time="0.136"/>
  <testcase name="testToProperties" classname="griffon.util.ConfigReaderTests" time="1.114"/>
  <testcase name="testNestedConditionaBlocks" classname="griffon.util.ConfigReaderTests" time="0.517"/>
  <testcase name="testScopedPropertiesWithNesting" classname="griffon.util.ConfigReaderTests" time="0.033"/>
  <testcase name="testScopedProperties" classname="griffon.util.ConfigReaderTests" time="0.028"/>
  <testcase name="testCustomConditionalBlocks" classname="griffon.util.ConfigReaderTests" time="0.056"/>
  <testcase name="testTwoSameBlocks" classname="griffon.util.ConfigReaderTests" time="0.041"/>
  <testcase name="testConsecutiveReaderValues" classname="griffon.util.ConfigReaderTests" time="0.043"/>
  <testcase name="testScopedVariableReusage" classname="griffon.util.ConfigReaderTests" time="0.047"/>
  <testcase name="testLog4jConfiguration" classname="griffon.util.ConfigReaderTests" time="0.049"/>
  <testcase name="testSimpleProperties" classname="griffon.util.ConfigReaderTests" time="0.023"/>
  <testcase name="testConditionalOverrides" classname="griffon.util.ConfigReaderTests" time="0.057"/>
  <testcase name="testSerializeConfig" classname="griffon.util.ConfigReaderTests" time="0.089"/>
  <testcase name="testConfigTokensAsStrings" classname="griffon.util.ConfigReaderTests" time="0.043"/>
  <testcase name="testEnvironmentProperties2" classname="griffon.util.ConfigReaderTests" time="0.05"/>
  <testcase name="testConfigReaderNestedValues" classname="griffon.util.ConfigReaderTests" time="0.046"/>
  <testcase name="testEnvironmentSpecificConfig" classname="griffon.util.ConfigReaderTests" time="0.105"/>
  <testcase name="testFlattenConfig" classname="griffon.util.ConfigReaderTests" time="0.035"/>
  <testcase name="testNotProperlyNestedPropertiesArePreserved" classname="griffon.util.ConfigReaderTests" time="0.002"/>
  <testcase name="testConfigInterReferencing" classname="griffon.util.ConfigReaderTests" time="0.031"/>
  <testcase name="testVariableAssignments" classname="griffon.util.ConfigReaderTests" time="0.037"/>
  <testcase name="testConfigBinding" classname="griffon.util.ConfigReaderTests" time="0.022"/>
  <testcase name="testSameElementNestingWithoutDuplication" classname="griffon.util.ConfigReaderTests" time="0.035"/>
  <system-out><![CDATA[]]></system-out>
  <system-err><![CDATA[]]></system-err>
</testsuite>
