<?xml version="1.0" encoding="UTF-8"?>
<testsuite name="org.codehaus.griffon.runtime.groovy.resources.DefaultGroovyAwareResourceResolverTest" tests="1" skipped="0" failures="0" errors="0" timestamp="2015-12-01T07:54:46" hostname="testing-worker-linux-ac725767-1-27515-linux-12-94110673" time="0.06">
  <properties/>
  <testcase name="resolveAllFormatsByProperties" classname="org.codehaus.griffon.runtime.groovy.resources.DefaultGroovyAwareResourceResolverTest" time="0.06"/>
  <system-out><![CDATA[]]></system-out>
  <system-err><![CDATA[]]></system-err>
</testsuite>
