<?xml version="1.0" encoding="UTF-8"?>
<testsuite name="griffon.util.ConfigReaderTests" tests="23" skipped="0" failures="0" errors="0" timestamp="2014-07-01T15:07:16" hostname="testing-worker-linux-2-2-475-linux-17-28877697" time="3.385">
  <properties/>
  <testcase name="testParseProperties" classname="griffon.util.ConfigReaderTests" time="0.061"/>
  <testcase name="testToProperties" classname="griffon.util.ConfigReaderTests" time="0.209"/>
  <testcase name="testNestedConditionaBlocks" classname="griffon.util.ConfigReaderTests" time="1.167"/>
  <testcase name="testScopedPropertiesWithNesting" classname="griffon.util.ConfigReaderTests" time="0.078"/>
  <testcase name="testScopedProperties" classname="griffon.util.ConfigReaderTests" time="0.068"/>
  <testcase name="testCustomConditionalBlocks" classname="griffon.util.ConfigReaderTests" time="0.164"/>
  <testcase name="testTwoSameBlocks" classname="griffon.util.ConfigReaderTests" time="0.101"/>
  <testcase name="testConsecutiveReaderValues" classname="griffon.util.ConfigReaderTests" time="0.08"/>
  <testcase name="testScopedVariableReusage" classname="griffon.util.ConfigReaderTests" time="0.126"/>
  <testcase name="testLog4jConfiguration" classname="griffon.util.ConfigReaderTests" time="0.106"/>
  <testcase name="testSimpleProperties" classname="griffon.util.ConfigReaderTests" time="0.044"/>
  <testcase name="testConditionalOverrides" classname="griffon.util.ConfigReaderTests" time="0.147"/>
  <testcase name="testSerializeConfig" classname="griffon.util.ConfigReaderTests" time="0.184"/>
  <testcase name="testConfigTokensAsStrings" classname="griffon.util.ConfigReaderTests" time="0.047"/>
  <testcase name="testEnvironmentProperties2" classname="griffon.util.ConfigReaderTests" time="0.123"/>
  <testcase name="testConfigReaderNestedValues" classname="griffon.util.ConfigReaderTests" time="0.095"/>
  <testcase name="testEnvironmentSpecificConfig" classname="griffon.util.ConfigReaderTests" time="0.237"/>
  <testcase name="testFlattenConfig" classname="griffon.util.ConfigReaderTests" time="0.086"/>
  <testcase name="testNotProperlyNestedPropertiesArePreserved" classname="griffon.util.ConfigReaderTests" time="0.005"/>
  <testcase name="testConfigInterReferencing" classname="griffon.util.ConfigReaderTests" time="0.058"/>
  <testcase name="testVariableAssignments" classname="griffon.util.ConfigReaderTests" time="0.071"/>
  <testcase name="testConfigBinding" classname="griffon.util.ConfigReaderTests" time="0.03"/>
  <testcase name="testSameElementNestingWithoutDuplication" classname="griffon.util.ConfigReaderTests" time="0.079"/>
  <system-out><![CDATA[]]></system-out>
  <system-err><![CDATA[]]></system-err>
</testsuite>
