<?xml version="1.0" encoding="UTF-8"?>
<testsuite name="griffon.builder.core.CoreBuilderCustomizerSpec" tests="4" skipped="0" failures="0" errors="0" timestamp="2015-02-15T21:34:24" hostname="testing-worker-linux-e7a62211-2-21338-linux-15-50870743" time="0.529">
  <properties/>
  <testcase name="Root node is properly configured[0]" classname="griffon.builder.core.CoreBuilderCustomizerSpec" time="0.471"/>
  <testcase name="Root node is properly configured[1]" classname="griffon.builder.core.CoreBuilderCustomizerSpec" time="0.014"/>
  <testcase name="Root node is properly configured[2]" classname="griffon.builder.core.CoreBuilderCustomizerSpec" time="0.032"/>
  <testcase name="Root node is properly configured[3]" classname="griffon.builder.core.CoreBuilderCustomizerSpec" time="0.01"/>
  <system-out><![CDATA[]]></system-out>
  <system-err><![CDATA[Feb 15, 2015 9:34:24 PM groovy.util.FactoryBuilderSupport createNode
WARNING: Factory for name 'root' returned null
Feb 15, 2015 9:34:24 PM groovy.util.FactoryBuilderSupport createNode
WARNING: Factory for name 'root' returned null
]]></system-err>
</testsuite>
