<?xml version="1.0" encoding="UTF-8"?>
<testsuite name="griffon.builder.core.CoreBuilderCustomizerSpec" tests="9" skipped="0" failures="0" errors="0" timestamp="2015-08-24T10:40:21" hostname="testing-worker-linux-a01deac5-2-15736-linux-2-76958255" time="0.089">
  <properties/>
  <testcase name="Root node is properly configured for griffon.builder.core.ChildScript1-root" classname="griffon.builder.core.CoreBuilderCustomizerSpec" time="0.055"/>
  <testcase name="Root node is properly configured for griffon.builder.core.ChildScript2-myroot" classname="griffon.builder.core.CoreBuilderCustomizerSpec" time="0.008"/>
  <testcase name="Root node is properly configured for griffon.builder.core.ChildScript1-root" classname="griffon.builder.core.CoreBuilderCustomizerSpec" time="0.005"/>
  <testcase name="Root node is properly configured for griffon.builder.core.ChildScript1-root" classname="griffon.builder.core.CoreBuilderCustomizerSpec" time="0.006"/>
  <testcase name="Threading method runOutsideUI is available in builder" classname="griffon.builder.core.CoreBuilderCustomizerSpec" time="0.007"/>
  <testcase name="Threading method runInsideUISync is available in builder" classname="griffon.builder.core.CoreBuilderCustomizerSpec" time="0.001"/>
  <testcase name="Threading method runInsideUIAsync is available in builder" classname="griffon.builder.core.CoreBuilderCustomizerSpec" time="0.001"/>
  <testcase name="Threading method runFuture is available in builder" classname="griffon.builder.core.CoreBuilderCustomizerSpec" time="0.001"/>
  <testcase name="Threading method isUIThread is available in builder" classname="griffon.builder.core.CoreBuilderCustomizerSpec" time="0.002"/>
  <system-out><![CDATA[]]></system-out>
  <system-err><![CDATA[Aug 24, 2015 10:40:21 AM groovy.util.FactoryBuilderSupport createNode
WARNING: Factory for name 'root' returned null
Aug 24, 2015 10:40:21 AM groovy.util.FactoryBuilderSupport createNode
WARNING: Factory for name 'root' returned null
]]></system-err>
</testsuite>
