<?xml version="1.0" encoding="UTF-8"?>
<testsuite name="griffon.util.ConfigReaderTests" tests="23" skipped="0" failures="0" errors="0" timestamp="2015-03-22T20:31:32" hostname="testing-worker-linux-c55820f2-1-17200-linux-19-55404196" time="2.708">
  <properties/>
  <testcase name="testParseProperties" classname="griffon.util.ConfigReaderTests" time="0.192"/>
  <testcase name="testToProperties" classname="griffon.util.ConfigReaderTests" time="1.324"/>
  <testcase name="testNestedConditionaBlocks" classname="griffon.util.ConfigReaderTests" time="0.433"/>
  <testcase name="testScopedPropertiesWithNesting" classname="griffon.util.ConfigReaderTests" time="0.029"/>
  <testcase name="testScopedProperties" classname="griffon.util.ConfigReaderTests" time="0.024"/>
  <testcase name="testCustomConditionalBlocks" classname="griffon.util.ConfigReaderTests" time="0.048"/>
  <testcase name="testTwoSameBlocks" classname="griffon.util.ConfigReaderTests" time="0.03"/>
  <testcase name="testConsecutiveReaderValues" classname="griffon.util.ConfigReaderTests" time="0.024"/>
  <testcase name="testScopedVariableReusage" classname="griffon.util.ConfigReaderTests" time="0.04"/>
  <testcase name="testLog4jConfiguration" classname="griffon.util.ConfigReaderTests" time="0.031"/>
  <testcase name="testSimpleProperties" classname="griffon.util.ConfigReaderTests" time="0.018"/>
  <testcase name="testConditionalOverrides" classname="griffon.util.ConfigReaderTests" time="0.058"/>
  <testcase name="testSerializeConfig" classname="griffon.util.ConfigReaderTests" time="0.08"/>
  <testcase name="testConfigTokensAsStrings" classname="griffon.util.ConfigReaderTests" time="0.024"/>
  <testcase name="testEnvironmentProperties2" classname="griffon.util.ConfigReaderTests" time="0.054"/>
  <testcase name="testConfigReaderNestedValues" classname="griffon.util.ConfigReaderTests" time="0.046"/>
  <testcase name="testEnvironmentSpecificConfig" classname="griffon.util.ConfigReaderTests" time="0.092"/>
  <testcase name="testFlattenConfig" classname="griffon.util.ConfigReaderTests" time="0.036"/>
  <testcase name="testNotProperlyNestedPropertiesArePreserved" classname="griffon.util.ConfigReaderTests" time="0.004"/>
  <testcase name="testConfigInterReferencing" classname="griffon.util.ConfigReaderTests" time="0.034"/>
  <testcase name="testVariableAssignments" classname="griffon.util.ConfigReaderTests" time="0.039"/>
  <testcase name="testConfigBinding" classname="griffon.util.ConfigReaderTests" time="0.011"/>
  <testcase name="testSameElementNestingWithoutDuplication" classname="griffon.util.ConfigReaderTests" time="0.029"/>
  <system-out><![CDATA[]]></system-out>
  <system-err><![CDATA[]]></system-err>
</testsuite>
