<?xml version="1.0" encoding="UTF-8"?>
<testsuite name="griffon.util.ConfigReaderTests" tests="23" skipped="0" failures="0" errors="0" timestamp="2014-07-22T09:41:41" hostname="testing-worker-linux-7-1-27312-linux-1-30535620" time="3.797">
  <properties/>
  <testcase name="testParseProperties" classname="griffon.util.ConfigReaderTests" time="0.154"/>
  <testcase name="testToProperties" classname="griffon.util.ConfigReaderTests" time="0.884"/>
  <testcase name="testNestedConditionaBlocks" classname="griffon.util.ConfigReaderTests" time="1.07"/>
  <testcase name="testScopedPropertiesWithNesting" classname="griffon.util.ConfigReaderTests" time="0.071"/>
  <testcase name="testScopedProperties" classname="griffon.util.ConfigReaderTests" time="0.063"/>
  <testcase name="testCustomConditionalBlocks" classname="griffon.util.ConfigReaderTests" time="0.148"/>
  <testcase name="testTwoSameBlocks" classname="griffon.util.ConfigReaderTests" time="0.086"/>
  <testcase name="testConsecutiveReaderValues" classname="griffon.util.ConfigReaderTests" time="0.059"/>
  <testcase name="testScopedVariableReusage" classname="griffon.util.ConfigReaderTests" time="0.098"/>
  <testcase name="testLog4jConfiguration" classname="griffon.util.ConfigReaderTests" time="0.088"/>
  <testcase name="testSimpleProperties" classname="griffon.util.ConfigReaderTests" time="0.043"/>
  <testcase name="testConditionalOverrides" classname="griffon.util.ConfigReaderTests" time="0.124"/>
  <testcase name="testSerializeConfig" classname="griffon.util.ConfigReaderTests" time="0.158"/>
  <testcase name="testConfigTokensAsStrings" classname="griffon.util.ConfigReaderTests" time="0.041"/>
  <testcase name="testEnvironmentProperties2" classname="griffon.util.ConfigReaderTests" time="0.108"/>
  <testcase name="testConfigReaderNestedValues" classname="griffon.util.ConfigReaderTests" time="0.086"/>
  <testcase name="testEnvironmentSpecificConfig" classname="griffon.util.ConfigReaderTests" time="0.213"/>
  <testcase name="testFlattenConfig" classname="griffon.util.ConfigReaderTests" time="0.078"/>
  <testcase name="testNotProperlyNestedPropertiesArePreserved" classname="griffon.util.ConfigReaderTests" time="0.006"/>
  <testcase name="testConfigInterReferencing" classname="griffon.util.ConfigReaderTests" time="0.047"/>
  <testcase name="testVariableAssignments" classname="griffon.util.ConfigReaderTests" time="0.06"/>
  <testcase name="testConfigBinding" classname="griffon.util.ConfigReaderTests" time="0.027"/>
  <testcase name="testSameElementNestingWithoutDuplication" classname="griffon.util.ConfigReaderTests" time="0.067"/>
  <system-out><![CDATA[]]></system-out>
  <system-err><![CDATA[]]></system-err>
</testsuite>
