<?xml version="1.0" encoding="UTF-8"?>
<testsuite name="griffon.util.BindUtilsTest" tests="3" skipped="0" failures="0" errors="0" timestamp="2016-07-06T21:18:25" hostname="testing-gce-5d1c1432-f7a4-494b-97c8-305abc015dd2.c.travis-ci-prod-4.internal" time="0.048">
  <properties/>
  <testcase name="testNoTargetProperty" classname="griffon.util.BindUtilsTest" time="0.031"/>
  <testcase name="testNoSourceProperty" classname="griffon.util.BindUtilsTest" time="0.004"/>
  <testcase name="testAllOptions" classname="griffon.util.BindUtilsTest" time="0.013"/>
  <system-out><![CDATA[]]></system-out>
  <system-err><![CDATA[Jul 06, 2016 9:18:25 PM groovy.util.FactoryBuilderSupport createNode
WARNING: Factory for name 'bind' returned null
Jul 06, 2016 9:18:25 PM groovy.util.FactoryBuilderSupport createNode
WARNING: Factory for name 'bind' returned null
Jul 06, 2016 9:18:25 PM groovy.util.FactoryBuilderSupport createNode
WARNING: Factory for name 'bind' returned null
]]></system-err>
</testsuite>
