<?xml version="1.0" encoding="UTF-8"?>
<testsuite name="griffon.builder.core.CoreBuilderCustomizerSpec" tests="4" skipped="0" failures="0" errors="0" timestamp="2014-07-19T11:11:07" hostname="testing-worker-linux-6-2-3820-linux-19-30337690" time="0.103">
  <properties/>
  <testcase name="Root node is properly configured[0]" classname="griffon.builder.core.CoreBuilderCustomizerSpec" time="0.065"/>
  <testcase name="Root node is properly configured[1]" classname="griffon.builder.core.CoreBuilderCustomizerSpec" time="0.015"/>
  <testcase name="Root node is properly configured[2]" classname="griffon.builder.core.CoreBuilderCustomizerSpec" time="0.009"/>
  <testcase name="Root node is properly configured[3]" classname="griffon.builder.core.CoreBuilderCustomizerSpec" time="0.011"/>
  <system-out><![CDATA[]]></system-out>
  <system-err><![CDATA[Jul 19, 2014 11:11:07 AM groovy.util.FactoryBuilderSupport createNode
WARNING: Factory for name 'root' returned null
Jul 19, 2014 11:11:07 AM groovy.util.FactoryBuilderSupport createNode
WARNING: Factory for name 'root' returned null
]]></system-err>
</testsuite>
