<?xml version="1.0" encoding="UTF-8"?>
<testsuite name="griffon.util.ConfigReaderTests" tests="23" skipped="0" failures="0" errors="0" timestamp="2015-08-09T16:00:35" hostname="testing-worker-linux-a01deac5-1-15681-linux-14-74805918" time="2.132">
  <properties/>
  <testcase name="testParseProperties" classname="griffon.util.ConfigReaderTests" time="0.107"/>
  <testcase name="testToProperties" classname="griffon.util.ConfigReaderTests" time="0.922"/>
  <testcase name="testNestedConditionaBlocks" classname="griffon.util.ConfigReaderTests" time="0.426"/>
  <testcase name="testScopedPropertiesWithNesting" classname="griffon.util.ConfigReaderTests" time="0.028"/>
  <testcase name="testScopedProperties" classname="griffon.util.ConfigReaderTests" time="0.023"/>
  <testcase name="testCustomConditionalBlocks" classname="griffon.util.ConfigReaderTests" time="0.047"/>
  <testcase name="testTwoSameBlocks" classname="griffon.util.ConfigReaderTests" time="0.032"/>
  <testcase name="testConsecutiveReaderValues" classname="griffon.util.ConfigReaderTests" time="0.027"/>
  <testcase name="testScopedVariableReusage" classname="griffon.util.ConfigReaderTests" time="0.044"/>
  <testcase name="testLog4jConfiguration" classname="griffon.util.ConfigReaderTests" time="0.036"/>
  <testcase name="testSimpleProperties" classname="griffon.util.ConfigReaderTests" time="0.017"/>
  <testcase name="testConditionalOverrides" classname="griffon.util.ConfigReaderTests" time="0.045"/>
  <testcase name="testSerializeConfig" classname="griffon.util.ConfigReaderTests" time="0.06"/>
  <testcase name="testConfigTokensAsStrings" classname="griffon.util.ConfigReaderTests" time="0.018"/>
  <testcase name="testEnvironmentProperties2" classname="griffon.util.ConfigReaderTests" time="0.038"/>
  <testcase name="testConfigReaderNestedValues" classname="griffon.util.ConfigReaderTests" time="0.033"/>
  <testcase name="testEnvironmentSpecificConfig" classname="griffon.util.ConfigReaderTests" time="0.08"/>
  <testcase name="testFlattenConfig" classname="griffon.util.ConfigReaderTests" time="0.028"/>
  <testcase name="testNotProperlyNestedPropertiesArePreserved" classname="griffon.util.ConfigReaderTests" time="0.002"/>
  <testcase name="testConfigInterReferencing" classname="griffon.util.ConfigReaderTests" time="0.035"/>
  <testcase name="testVariableAssignments" classname="griffon.util.ConfigReaderTests" time="0.022"/>
  <testcase name="testConfigBinding" classname="griffon.util.ConfigReaderTests" time="0.011"/>
  <testcase name="testSameElementNestingWithoutDuplication" classname="griffon.util.ConfigReaderTests" time="0.045"/>
  <system-out><![CDATA[]]></system-out>
  <system-err><![CDATA[]]></system-err>
</testsuite>
