<?xml version="1.0" encoding="UTF-8"?>
<testsuite name="griffon.util.ConfigReaderTests" tests="23" failures="0" errors="0" timestamp="2014-02-14T18:12:07" hostname="testing-worker-linux-9-2-26990-linux-7-18895936" time="3.382">
  <properties/>
  <testcase name="testParseProperties" classname="griffon.util.ConfigReaderTests" time="0.079"/>
  <testcase name="testToProperties" classname="griffon.util.ConfigReaderTests" time="0.225"/>
  <testcase name="testNestedConditionaBlocks" classname="griffon.util.ConfigReaderTests" time="1.111"/>
  <testcase name="testScopedPropertiesWithNesting" classname="griffon.util.ConfigReaderTests" time="0.077"/>
  <testcase name="testScopedProperties" classname="griffon.util.ConfigReaderTests" time="0.065"/>
  <testcase name="testCustomConditionalBlocks" classname="griffon.util.ConfigReaderTests" time="0.156"/>
  <testcase name="testTwoSameBlocks" classname="griffon.util.ConfigReaderTests" time="0.107"/>
  <testcase name="testConsecutiveReaderValues" classname="griffon.util.ConfigReaderTests" time="0.067"/>
  <testcase name="testScopedVariableReusage" classname="griffon.util.ConfigReaderTests" time="0.123"/>
  <testcase name="testLog4jConfiguration" classname="griffon.util.ConfigReaderTests" time="0.106"/>
  <testcase name="testSimpleProperties" classname="griffon.util.ConfigReaderTests" time="0.047"/>
  <testcase name="testConditionalOverrides" classname="griffon.util.ConfigReaderTests" time="0.149"/>
  <testcase name="testSerializeConfig" classname="griffon.util.ConfigReaderTests" time="0.201"/>
  <testcase name="testConfigTokensAsStrings" classname="griffon.util.ConfigReaderTests" time="0.048"/>
  <testcase name="testEnvironmentProperties2" classname="griffon.util.ConfigReaderTests" time="0.122"/>
  <testcase name="testConfigReaderNestedValues" classname="griffon.util.ConfigReaderTests" time="0.095"/>
  <testcase name="testEnvironmentSpecificConfig" classname="griffon.util.ConfigReaderTests" time="0.236"/>
  <testcase name="testFlattenConfig" classname="griffon.util.ConfigReaderTests" time="0.087"/>
  <testcase name="testNotProperlyNestedPropertiesArePreserved" classname="griffon.util.ConfigReaderTests" time="0.007"/>
  <testcase name="testConfigInterReferencing" classname="griffon.util.ConfigReaderTests" time="0.062"/>
  <testcase name="testVariableAssignments" classname="griffon.util.ConfigReaderTests" time="0.071"/>
  <testcase name="testConfigBinding" classname="griffon.util.ConfigReaderTests" time="0.031"/>
  <testcase name="testSameElementNestingWithoutDuplication" classname="griffon.util.ConfigReaderTests" time="0.091"/>
  <system-out><![CDATA[]]></system-out>
  <system-err><![CDATA[]]></system-err>
</testsuite>
