<?xml version="1.0" encoding="UTF-8"?>
<testsuite name="griffon.util.ConfigReaderTests" tests="23" skipped="0" failures="0" errors="0" timestamp="2014-07-03T10:03:05" hostname="testing-worker-linux-2-1-477-linux-8-29042435" time="4.789">
  <properties/>
  <testcase name="testParseProperties" classname="griffon.util.ConfigReaderTests" time="0.219"/>
  <testcase name="testToProperties" classname="griffon.util.ConfigReaderTests" time="1.166"/>
  <testcase name="testNestedConditionaBlocks" classname="griffon.util.ConfigReaderTests" time="1.303"/>
  <testcase name="testScopedPropertiesWithNesting" classname="griffon.util.ConfigReaderTests" time="0.097"/>
  <testcase name="testScopedProperties" classname="griffon.util.ConfigReaderTests" time="0.072"/>
  <testcase name="testCustomConditionalBlocks" classname="griffon.util.ConfigReaderTests" time="0.161"/>
  <testcase name="testTwoSameBlocks" classname="griffon.util.ConfigReaderTests" time="0.1"/>
  <testcase name="testConsecutiveReaderValues" classname="griffon.util.ConfigReaderTests" time="0.072"/>
  <testcase name="testScopedVariableReusage" classname="griffon.util.ConfigReaderTests" time="0.124"/>
  <testcase name="testLog4jConfiguration" classname="griffon.util.ConfigReaderTests" time="0.107"/>
  <testcase name="testSimpleProperties" classname="griffon.util.ConfigReaderTests" time="0.05"/>
  <testcase name="testConditionalOverrides" classname="griffon.util.ConfigReaderTests" time="0.155"/>
  <testcase name="testSerializeConfig" classname="griffon.util.ConfigReaderTests" time="0.223"/>
  <testcase name="testConfigTokensAsStrings" classname="griffon.util.ConfigReaderTests" time="0.051"/>
  <testcase name="testEnvironmentProperties2" classname="griffon.util.ConfigReaderTests" time="0.135"/>
  <testcase name="testConfigReaderNestedValues" classname="griffon.util.ConfigReaderTests" time="0.106"/>
  <testcase name="testEnvironmentSpecificConfig" classname="griffon.util.ConfigReaderTests" time="0.268"/>
  <testcase name="testFlattenConfig" classname="griffon.util.ConfigReaderTests" time="0.093"/>
  <testcase name="testNotProperlyNestedPropertiesArePreserved" classname="griffon.util.ConfigReaderTests" time="0.005"/>
  <testcase name="testConfigInterReferencing" classname="griffon.util.ConfigReaderTests" time="0.059"/>
  <testcase name="testVariableAssignments" classname="griffon.util.ConfigReaderTests" time="0.074"/>
  <testcase name="testConfigBinding" classname="griffon.util.ConfigReaderTests" time="0.036"/>
  <testcase name="testSameElementNestingWithoutDuplication" classname="griffon.util.ConfigReaderTests" time="0.091"/>
  <system-out><![CDATA[]]></system-out>
  <system-err><![CDATA[]]></system-err>
</testsuite>
