<?xml version="1.0" encoding="UTF-8"?>
<testsuite name="griffon.util.ConfigReaderTests" tests="23" skipped="0" failures="0" errors="0" timestamp="2015-08-24T10:31:34" hostname="testing-worker-linux-77796cae-2-11556-linux-9-76957188" time="1.726">
  <properties/>
  <testcase name="testParseProperties" classname="griffon.util.ConfigReaderTests" time="0.058"/>
  <testcase name="testToProperties" classname="griffon.util.ConfigReaderTests" time="0.091"/>
  <testcase name="testNestedConditionaBlocks" classname="griffon.util.ConfigReaderTests" time="0.532"/>
  <testcase name="testScopedPropertiesWithNesting" classname="griffon.util.ConfigReaderTests" time="0.07"/>
  <testcase name="testScopedProperties" classname="griffon.util.ConfigReaderTests" time="0.045"/>
  <testcase name="testCustomConditionalBlocks" classname="griffon.util.ConfigReaderTests" time="0.087"/>
  <testcase name="testTwoSameBlocks" classname="griffon.util.ConfigReaderTests" time="0.055"/>
  <testcase name="testConsecutiveReaderValues" classname="griffon.util.ConfigReaderTests" time="0.048"/>
  <testcase name="testScopedVariableReusage" classname="griffon.util.ConfigReaderTests" time="0.064"/>
  <testcase name="testLog4jConfiguration" classname="griffon.util.ConfigReaderTests" time="0.054"/>
  <testcase name="testSimpleProperties" classname="griffon.util.ConfigReaderTests" time="0.024"/>
  <testcase name="testConditionalOverrides" classname="griffon.util.ConfigReaderTests" time="0.078"/>
  <testcase name="testSerializeConfig" classname="griffon.util.ConfigReaderTests" time="0.085"/>
  <testcase name="testConfigTokensAsStrings" classname="griffon.util.ConfigReaderTests" time="0.021"/>
  <testcase name="testEnvironmentProperties2" classname="griffon.util.ConfigReaderTests" time="0.065"/>
  <testcase name="testConfigReaderNestedValues" classname="griffon.util.ConfigReaderTests" time="0.049"/>
  <testcase name="testEnvironmentSpecificConfig" classname="griffon.util.ConfigReaderTests" time="0.107"/>
  <testcase name="testFlattenConfig" classname="griffon.util.ConfigReaderTests" time="0.034"/>
  <testcase name="testNotProperlyNestedPropertiesArePreserved" classname="griffon.util.ConfigReaderTests" time="0.003"/>
  <testcase name="testConfigInterReferencing" classname="griffon.util.ConfigReaderTests" time="0.055"/>
  <testcase name="testVariableAssignments" classname="griffon.util.ConfigReaderTests" time="0.035"/>
  <testcase name="testConfigBinding" classname="griffon.util.ConfigReaderTests" time="0.017"/>
  <testcase name="testSameElementNestingWithoutDuplication" classname="griffon.util.ConfigReaderTests" time="0.039"/>
  <system-out><![CDATA[]]></system-out>
  <system-err><![CDATA[]]></system-err>
</testsuite>
