<?xml version="1.0" encoding="UTF-8"?>
<testsuite name="griffon.util.ConfigReaderTests" tests="23" skipped="0" failures="0" errors="0" timestamp="2014-07-29T17:08:10" hostname="testing-worker-linux-2-2-8965-linux-2-31157929" time="4.525">
  <properties/>
  <testcase name="testParseProperties" classname="griffon.util.ConfigReaderTests" time="0.183"/>
  <testcase name="testToProperties" classname="griffon.util.ConfigReaderTests" time="1.058"/>
  <testcase name="testNestedConditionaBlocks" classname="griffon.util.ConfigReaderTests" time="1.254"/>
  <testcase name="testScopedPropertiesWithNesting" classname="griffon.util.ConfigReaderTests" time="0.083"/>
  <testcase name="testScopedProperties" classname="griffon.util.ConfigReaderTests" time="0.071"/>
  <testcase name="testCustomConditionalBlocks" classname="griffon.util.ConfigReaderTests" time="0.168"/>
  <testcase name="testTwoSameBlocks" classname="griffon.util.ConfigReaderTests" time="0.101"/>
  <testcase name="testConsecutiveReaderValues" classname="griffon.util.ConfigReaderTests" time="0.074"/>
  <testcase name="testScopedVariableReusage" classname="griffon.util.ConfigReaderTests" time="0.116"/>
  <testcase name="testLog4jConfiguration" classname="griffon.util.ConfigReaderTests" time="0.121"/>
  <testcase name="testSimpleProperties" classname="griffon.util.ConfigReaderTests" time="0.05"/>
  <testcase name="testConditionalOverrides" classname="griffon.util.ConfigReaderTests" time="0.15"/>
  <testcase name="testSerializeConfig" classname="griffon.util.ConfigReaderTests" time="0.194"/>
  <testcase name="testConfigTokensAsStrings" classname="griffon.util.ConfigReaderTests" time="0.051"/>
  <testcase name="testEnvironmentProperties2" classname="griffon.util.ConfigReaderTests" time="0.131"/>
  <testcase name="testConfigReaderNestedValues" classname="griffon.util.ConfigReaderTests" time="0.103"/>
  <testcase name="testEnvironmentSpecificConfig" classname="griffon.util.ConfigReaderTests" time="0.255"/>
  <testcase name="testFlattenConfig" classname="griffon.util.ConfigReaderTests" time="0.088"/>
  <testcase name="testNotProperlyNestedPropertiesArePreserved" classname="griffon.util.ConfigReaderTests" time="0.007"/>
  <testcase name="testConfigInterReferencing" classname="griffon.util.ConfigReaderTests" time="0.059"/>
  <testcase name="testVariableAssignments" classname="griffon.util.ConfigReaderTests" time="0.073"/>
  <testcase name="testConfigBinding" classname="griffon.util.ConfigReaderTests" time="0.032"/>
  <testcase name="testSameElementNestingWithoutDuplication" classname="griffon.util.ConfigReaderTests" time="0.082"/>
  <system-out><![CDATA[]]></system-out>
  <system-err><![CDATA[]]></system-err>
</testsuite>
