<?xml version="1.0" encoding="UTF-8"?>
<testsuite name="org.codehaus.griffon.runtime.groovy.resources.DefaultGroovyAwareResourceResolverTest" tests="1" skipped="0" failures="0" errors="0" timestamp="2016-02-04T19:17:43" hostname="testing-gce-79bd5b6d-d18f-4d4d-bb5d-4976e28df91c.c.eco-emissary-99515.internal" time="0.03">
  <properties/>
  <testcase name="resolveAllFormatsByProperties" classname="org.codehaus.griffon.runtime.groovy.resources.DefaultGroovyAwareResourceResolverTest" time="0.03"/>
  <system-out><![CDATA[]]></system-out>
  <system-err><![CDATA[]]></system-err>
</testsuite>
