<?xml version="1.0" encoding="UTF-8"?>
<testsuite name="griffon.builder.core.CoreBuilderCustomizerSpec" tests="9" skipped="0" failures="0" errors="0" timestamp="2015-07-02T19:39:13" hostname="testing-worker-linux-c55820f2-1-27944-linux-1-69341592" time="0.252">
  <properties/>
  <testcase name="Root node is properly configured for griffon.builder.core.ChildScript1-root" classname="griffon.builder.core.CoreBuilderCustomizerSpec" time="0.198"/>
  <testcase name="Root node is properly configured for griffon.builder.core.ChildScript2-myroot" classname="griffon.builder.core.CoreBuilderCustomizerSpec" time="0.01"/>
  <testcase name="Root node is properly configured for griffon.builder.core.ChildScript1-root" classname="griffon.builder.core.CoreBuilderCustomizerSpec" time="0.007"/>
  <testcase name="Root node is properly configured for griffon.builder.core.ChildScript1-root" classname="griffon.builder.core.CoreBuilderCustomizerSpec" time="0.01"/>
  <testcase name="Threading method runOutsideUI is available in builder" classname="griffon.builder.core.CoreBuilderCustomizerSpec" time="0.01"/>
  <testcase name="Threading method runInsideUISync is available in builder" classname="griffon.builder.core.CoreBuilderCustomizerSpec" time="0.003"/>
  <testcase name="Threading method runInsideUIAsync is available in builder" classname="griffon.builder.core.CoreBuilderCustomizerSpec" time="0.002"/>
  <testcase name="Threading method runFuture is available in builder" classname="griffon.builder.core.CoreBuilderCustomizerSpec" time="0.002"/>
  <testcase name="Threading method isUIThread is available in builder" classname="griffon.builder.core.CoreBuilderCustomizerSpec" time="0.003"/>
  <system-out><![CDATA[]]></system-out>
  <system-err><![CDATA[Jul 02, 2015 7:39:14 PM groovy.util.FactoryBuilderSupport createNode
WARNING: Factory for name 'root' returned null
Jul 02, 2015 7:39:14 PM groovy.util.FactoryBuilderSupport createNode
WARNING: Factory for name 'root' returned null
]]></system-err>
</testsuite>
