<?xml version="1.0" encoding="UTF-8"?>
<testsuite name="griffon.util.ConfigReaderTests" tests="23" skipped="0" failures="0" errors="0" timestamp="2014-07-22T17:03:52" hostname="testing-worker-linux-11-2-4369-linux-10-30571771" time="5.967">
  <properties/>
  <testcase name="testParseProperties" classname="griffon.util.ConfigReaderTests" time="0.217"/>
  <testcase name="testToProperties" classname="griffon.util.ConfigReaderTests" time="1.259"/>
  <testcase name="testNestedConditionaBlocks" classname="griffon.util.ConfigReaderTests" time="1.949"/>
  <testcase name="testScopedPropertiesWithNesting" classname="griffon.util.ConfigReaderTests" time="0.122"/>
  <testcase name="testScopedProperties" classname="griffon.util.ConfigReaderTests" time="0.105"/>
  <testcase name="testCustomConditionalBlocks" classname="griffon.util.ConfigReaderTests" time="0.238"/>
  <testcase name="testTwoSameBlocks" classname="griffon.util.ConfigReaderTests" time="0.154"/>
  <testcase name="testConsecutiveReaderValues" classname="griffon.util.ConfigReaderTests" time="0.094"/>
  <testcase name="testScopedVariableReusage" classname="griffon.util.ConfigReaderTests" time="0.162"/>
  <testcase name="testLog4jConfiguration" classname="griffon.util.ConfigReaderTests" time="0.122"/>
  <testcase name="testSimpleProperties" classname="griffon.util.ConfigReaderTests" time="0.061"/>
  <testcase name="testConditionalOverrides" classname="griffon.util.ConfigReaderTests" time="0.183"/>
  <testcase name="testSerializeConfig" classname="griffon.util.ConfigReaderTests" time="0.223"/>
  <testcase name="testConfigTokensAsStrings" classname="griffon.util.ConfigReaderTests" time="0.056"/>
  <testcase name="testEnvironmentProperties2" classname="griffon.util.ConfigReaderTests" time="0.156"/>
  <testcase name="testConfigReaderNestedValues" classname="griffon.util.ConfigReaderTests" time="0.128"/>
  <testcase name="testEnvironmentSpecificConfig" classname="griffon.util.ConfigReaderTests" time="0.271"/>
  <testcase name="testFlattenConfig" classname="griffon.util.ConfigReaderTests" time="0.112"/>
  <testcase name="testNotProperlyNestedPropertiesArePreserved" classname="griffon.util.ConfigReaderTests" time="0.009"/>
  <testcase name="testConfigInterReferencing" classname="griffon.util.ConfigReaderTests" time="0.085"/>
  <testcase name="testVariableAssignments" classname="griffon.util.ConfigReaderTests" time="0.087"/>
  <testcase name="testConfigBinding" classname="griffon.util.ConfigReaderTests" time="0.039"/>
  <testcase name="testSameElementNestingWithoutDuplication" classname="griffon.util.ConfigReaderTests" time="0.107"/>
  <system-out><![CDATA[]]></system-out>
  <system-err><![CDATA[]]></system-err>
</testsuite>
