<?xml version="1.0" encoding="UTF-8"?>
<testsuite name="griffon.pivot.support.adapters.TablePaneAttributeAdapterTest" tests="2" skipped="0" failures="0" errors="0" timestamp="2016-08-19T07:56:42" hostname="localhost" time="0.003">
  <properties/>
  <testcase name="testRowSpanChanged" classname="griffon.pivot.support.adapters.TablePaneAttributeAdapterTest" time="0.002"/>
  <testcase name="testColumnSpanChanged" classname="griffon.pivot.support.adapters.TablePaneAttributeAdapterTest" time="0.001"/>
  <system-out><![CDATA[]]></system-out>
  <system-err><![CDATA[]]></system-err>
</testsuite>
