<?xml version="1.0" encoding="UTF-8"?>
<testsuite name="griffon.pivot.support.adapters.TableViewSelectionAdapterTest" tests="4" skipped="0" failures="0" errors="0" timestamp="2016-08-18T09:59:15" hostname="testing-gce-ebffe6ab-47c6-4829-a506-dd5f4e144ef6" time="0.003">
  <properties/>
  <testcase name="testSelectedRangesChanged" classname="griffon.pivot.support.adapters.TableViewSelectionAdapterTest" time="0.0"/>
  <testcase name="testSelectedRangeRemoved" classname="griffon.pivot.support.adapters.TableViewSelectionAdapterTest" time="0.0"/>
  <testcase name="testSelectedRangeAdded" classname="griffon.pivot.support.adapters.TableViewSelectionAdapterTest" time="0.0"/>
  <testcase name="testSelectedRowChanged" classname="griffon.pivot.support.adapters.TableViewSelectionAdapterTest" time="0.001"/>
  <system-out><![CDATA[]]></system-out>
  <system-err><![CDATA[]]></system-err>
</testsuite>
