<?xml version="1.0" encoding="UTF-8"?>
<testsuite name="griffon.pivot.support.adapters.TableViewAdapterTest" tests="5" skipped="0" failures="0" errors="0" timestamp="2016-10-09T11:57:17" hostname="testing-gce-50bd9316-102c-4ee8-992b-2b2af257f0cc" time="0.011">
  <properties/>
  <testcase name="testSelectModeChanged" classname="griffon.pivot.support.adapters.TableViewAdapterTest" time="0.001"/>
  <testcase name="testDisabledRowFilterChanged" classname="griffon.pivot.support.adapters.TableViewAdapterTest" time="0.001"/>
  <testcase name="testColumnSourceChanged" classname="griffon.pivot.support.adapters.TableViewAdapterTest" time="0.001"/>
  <testcase name="testRowEditorChanged" classname="griffon.pivot.support.adapters.TableViewAdapterTest" time="0.001"/>
  <testcase name="testTableDataChanged" classname="griffon.pivot.support.adapters.TableViewAdapterTest" time="0.001"/>
  <system-out><![CDATA[]]></system-out>
  <system-err><![CDATA[]]></system-err>
</testsuite>
