<?xml version="1.0" encoding="UTF-8"?>
<testsuite name="griffon.pivot.support.adapters.MovieAdapterTest" tests="7" skipped="0" failures="0" errors="0" timestamp="2016-09-19T16:10:43" hostname="testing-gce-35a66135-6c2a-47ae-8ae7-79d60611b2ca" time="0.006">
  <properties/>
  <testcase name="testCurrentFrameChanged" classname="griffon.pivot.support.adapters.MovieAdapterTest" time="0.001"/>
  <testcase name="testRegionUpdated" classname="griffon.pivot.support.adapters.MovieAdapterTest" time="0.001"/>
  <testcase name="testSizeChanged" classname="griffon.pivot.support.adapters.MovieAdapterTest" time="0.0"/>
  <testcase name="testLoopingChanged" classname="griffon.pivot.support.adapters.MovieAdapterTest" time="0.0"/>
  <testcase name="testBaselineChanged" classname="griffon.pivot.support.adapters.MovieAdapterTest" time="0.0"/>
  <testcase name="testMovieStarted" classname="griffon.pivot.support.adapters.MovieAdapterTest" time="0.001"/>
  <testcase name="testMovieStopped" classname="griffon.pivot.support.adapters.MovieAdapterTest" time="0.001"/>
  <system-out><![CDATA[]]></system-out>
  <system-err><![CDATA[]]></system-err>
</testsuite>
