<?xml version="1.0" encoding="UTF-8"?>
<testsuite name="griffon.pivot.support.adapters.ContainerAdapterTest" tests="4" skipped="0" failures="0" errors="0" timestamp="2016-09-29T21:53:17" hostname="testing-gce-cf203e64-cd6f-4108-8a0d-d9cf63c5c1c7" time="0.008">
  <properties/>
  <testcase name="testFocusTraversalPolicyChanged" classname="griffon.pivot.support.adapters.ContainerAdapterTest" time="0.006"/>
  <testcase name="testComponentMoved" classname="griffon.pivot.support.adapters.ContainerAdapterTest" time="0.001"/>
  <testcase name="testComponentInserted" classname="griffon.pivot.support.adapters.ContainerAdapterTest" time="0.001"/>
  <testcase name="testComponentsRemoved" classname="griffon.pivot.support.adapters.ContainerAdapterTest" time="0.0"/>
  <system-out><![CDATA[]]></system-out>
  <system-err><![CDATA[]]></system-err>
</testsuite>
