<?xml version="1.0" encoding="UTF-8"?>
<testsuite name="griffon.pivot.support.adapters.AlertAdapterTest" tests="6" skipped="0" failures="0" errors="0" timestamp="2016-10-30T17:43:53" hostname="testing-gce-1932865a-09b2-44a6-b949-d5585b0b0bad" time="0.017">
  <properties/>
  <testcase name="testSelectedOptionChanged" classname="griffon.pivot.support.adapters.AlertAdapterTest" time="0.006"/>
  <testcase name="testMessageChanged" classname="griffon.pivot.support.adapters.AlertAdapterTest" time="0.001"/>
  <testcase name="testMessageTypeChanged" classname="griffon.pivot.support.adapters.AlertAdapterTest" time="0.001"/>
  <testcase name="testOptionInserted" classname="griffon.pivot.support.adapters.AlertAdapterTest" time="0.001"/>
  <testcase name="testBodyChanged" classname="griffon.pivot.support.adapters.AlertAdapterTest" time="0.001"/>
  <testcase name="testOptionsRemoved" classname="griffon.pivot.support.adapters.AlertAdapterTest" time="0.006"/>
  <system-out><![CDATA[]]></system-out>
  <system-err><![CDATA[]]></system-err>
</testsuite>
