<?xml version="1.0" encoding="UTF-8"?>
<testsuite name="griffon.pivot.support.adapters.SheetStateAdapterTest" tests="3" skipped="0" failures="0" errors="0" timestamp="2016-09-19T16:10:42" hostname="testing-gce-35a66135-6c2a-47ae-8ae7-79d60611b2ca" time="0.002">
  <properties/>
  <testcase name="testSheetCloseVetoed" classname="griffon.pivot.support.adapters.SheetStateAdapterTest" time="0.0"/>
  <testcase name="testSheetClosed" classname="griffon.pivot.support.adapters.SheetStateAdapterTest" time="0.0"/>
  <testcase name="testPreviewSheetClose" classname="griffon.pivot.support.adapters.SheetStateAdapterTest" time="0.001"/>
  <system-out><![CDATA[]]></system-out>
  <system-err><![CDATA[]]></system-err>
</testsuite>
