<?xml version="1.0" encoding="UTF-8"?>
<testsuite name="griffon.pivot.support.adapters.ElementAdapterTest" tests="7" skipped="0" failures="0" errors="0" timestamp="2016-09-19T16:10:42" hostname="testing-gce-35a66135-6c2a-47ae-8ae7-79d60611b2ca" time="0.007">
  <properties/>
  <testcase name="testStrikethroughChanged" classname="griffon.pivot.support.adapters.ElementAdapterTest" time="0.001"/>
  <testcase name="testBackgroundColorChanged" classname="griffon.pivot.support.adapters.ElementAdapterTest" time="0.001"/>
  <testcase name="testNodeInserted" classname="griffon.pivot.support.adapters.ElementAdapterTest" time="0.001"/>
  <testcase name="testForegroundColorChanged" classname="griffon.pivot.support.adapters.ElementAdapterTest" time="0.001"/>
  <testcase name="testNodesRemoved" classname="griffon.pivot.support.adapters.ElementAdapterTest" time="0.001"/>
  <testcase name="testFontChanged" classname="griffon.pivot.support.adapters.ElementAdapterTest" time="0.001"/>
  <testcase name="testUnderlineChanged" classname="griffon.pivot.support.adapters.ElementAdapterTest" time="0.001"/>
  <system-out><![CDATA[]]></system-out>
  <system-err><![CDATA[]]></system-err>
</testsuite>
