<?xml version="1.0" encoding="UTF-8"?>
<testsuite name="griffon.pivot.support.adapters.TextInputAdapterTest" tests="8" skipped="0" failures="0" errors="0" timestamp="2016-10-06T17:42:09" hostname="testing-gce-81ce1eba-0923-4d63-a3c5-2ab3ce7e6c4c" time="0.008">
  <properties/>
  <testcase name="testTextValidatorChanged" classname="griffon.pivot.support.adapters.TextInputAdapterTest" time="0.001"/>
  <testcase name="testTextSizeChanged" classname="griffon.pivot.support.adapters.TextInputAdapterTest" time="0.001"/>
  <testcase name="testPasswordChanged" classname="griffon.pivot.support.adapters.TextInputAdapterTest" time="0.001"/>
  <testcase name="testMaximumLengthChanged" classname="griffon.pivot.support.adapters.TextInputAdapterTest" time="0.001"/>
  <testcase name="testStrictValidationChanged" classname="griffon.pivot.support.adapters.TextInputAdapterTest" time="0.001"/>
  <testcase name="testEditableChanged" classname="griffon.pivot.support.adapters.TextInputAdapterTest" time="0.001"/>
  <testcase name="testPromptChanged" classname="griffon.pivot.support.adapters.TextInputAdapterTest" time="0.0"/>
  <testcase name="testTextValidChanged" classname="griffon.pivot.support.adapters.TextInputAdapterTest" time="0.0"/>
  <system-out><![CDATA[]]></system-out>
  <system-err><![CDATA[]]></system-err>
</testsuite>
