<?xml version="1.0" encoding="UTF-8"?>
<testsuite name="griffon.pivot.support.adapters.ContainerAdapterTest" tests="4" skipped="0" failures="0" errors="0" timestamp="2016-09-19T16:10:42" hostname="testing-gce-35a66135-6c2a-47ae-8ae7-79d60611b2ca" time="0.004">
  <properties/>
  <testcase name="testFocusTraversalPolicyChanged" classname="griffon.pivot.support.adapters.ContainerAdapterTest" time="0.0"/>
  <testcase name="testComponentMoved" classname="griffon.pivot.support.adapters.ContainerAdapterTest" time="0.001"/>
  <testcase name="testComponentInserted" classname="griffon.pivot.support.adapters.ContainerAdapterTest" time="0.001"/>
  <testcase name="testComponentsRemoved" classname="griffon.pivot.support.adapters.ContainerAdapterTest" time="0.002"/>
  <system-out><![CDATA[]]></system-out>
  <system-err><![CDATA[]]></system-err>
</testsuite>
