<?xml version="1.0" encoding="UTF-8"?>
<testsuite name="griffon.pivot.support.adapters.SheetStateAdapterTest" tests="3" skipped="0" failures="0" errors="0" timestamp="2016-08-18T09:59:15" hostname="testing-gce-ebffe6ab-47c6-4829-a506-dd5f4e144ef6" time="0.002">
  <properties/>
  <testcase name="testSheetCloseVetoed" classname="griffon.pivot.support.adapters.SheetStateAdapterTest" time="0.0"/>
  <testcase name="testSheetClosed" classname="griffon.pivot.support.adapters.SheetStateAdapterTest" time="0.0"/>
  <testcase name="testPreviewSheetClose" classname="griffon.pivot.support.adapters.SheetStateAdapterTest" time="0.001"/>
  <system-out><![CDATA[]]></system-out>
  <system-err><![CDATA[]]></system-err>
</testsuite>
