<?xml version="1.0" encoding="UTF-8"?>
<testsuite name="griffon.pivot.support.adapters.ListViewBindingAdapterTest" tests="12" skipped="0" failures="0" errors="0" timestamp="2016-09-29T21:53:17" hostname="testing-gce-cf203e64-cd6f-4108-8a0d-d9cf63c5c1c7" time="0.011">
  <properties/>
  <testcase name="testSelectedItemKeyChanged" classname="griffon.pivot.support.adapters.ListViewBindingAdapterTest" time="0.0"/>
  <testcase name="testSelectedItemsKeyChanged" classname="griffon.pivot.support.adapters.ListViewBindingAdapterTest" time="0.001"/>
  <testcase name="testListDataBindMappingChanged" classname="griffon.pivot.support.adapters.ListViewBindingAdapterTest" time="0.001"/>
  <testcase name="testSelectedItemBindMappingChanged" classname="griffon.pivot.support.adapters.ListViewBindingAdapterTest" time="0.0"/>
  <testcase name="testSelectedItemBindTypeChanged" classname="griffon.pivot.support.adapters.ListViewBindingAdapterTest" time="0.001"/>
  <testcase name="testListDataKeyChanged" classname="griffon.pivot.support.adapters.ListViewBindingAdapterTest" time="0.001"/>
  <testcase name="testSelectedItemsBindMappingChanged" classname="griffon.pivot.support.adapters.ListViewBindingAdapterTest" time="0.0"/>
  <testcase name="testCheckedItemsKeyChanged" classname="griffon.pivot.support.adapters.ListViewBindingAdapterTest" time="0.0"/>
  <testcase name="testSelectedItemsBindTypeChanged" classname="griffon.pivot.support.adapters.ListViewBindingAdapterTest" time="0.004"/>
  <testcase name="testListDataBindTypeChanged" classname="griffon.pivot.support.adapters.ListViewBindingAdapterTest" time="0.001"/>
  <testcase name="testCheckedItemsBindTypeChanged" classname="griffon.pivot.support.adapters.ListViewBindingAdapterTest" time="0.001"/>
  <testcase name="testCheckedItemsBindMappingChanged" classname="griffon.pivot.support.adapters.ListViewBindingAdapterTest" time="0.0"/>
  <system-out><![CDATA[]]></system-out>
  <system-err><![CDATA[]]></system-err>
</testsuite>
