<?xml version="1.0" encoding="UTF-8"?>
<testsuite name="griffon.pivot.support.adapters.TextInputAdapterTest" tests="8" skipped="0" failures="0" errors="0" timestamp="2016-08-30T16:11:48" hostname="testing-gce-62a17e65-7581-40e5-afe6-413ca14aa51c" time="0.009">
  <properties/>
  <testcase name="testTextValidatorChanged" classname="griffon.pivot.support.adapters.TextInputAdapterTest" time="0.001"/>
  <testcase name="testTextSizeChanged" classname="griffon.pivot.support.adapters.TextInputAdapterTest" time="0.0"/>
  <testcase name="testPasswordChanged" classname="griffon.pivot.support.adapters.TextInputAdapterTest" time="0.0"/>
  <testcase name="testMaximumLengthChanged" classname="griffon.pivot.support.adapters.TextInputAdapterTest" time="0.0"/>
  <testcase name="testStrictValidationChanged" classname="griffon.pivot.support.adapters.TextInputAdapterTest" time="0.0"/>
  <testcase name="testEditableChanged" classname="griffon.pivot.support.adapters.TextInputAdapterTest" time="0.001"/>
  <testcase name="testPromptChanged" classname="griffon.pivot.support.adapters.TextInputAdapterTest" time="0.001"/>
  <testcase name="testTextValidChanged" classname="griffon.pivot.support.adapters.TextInputAdapterTest" time="0.001"/>
  <system-out><![CDATA[]]></system-out>
  <system-err><![CDATA[]]></system-err>
</testsuite>
