<?xml version="1.0" encoding="UTF-8"?>
<testsuite name="griffon.pivot.support.adapters.TableViewBindingAdapterTest" tests="9" skipped="0" failures="0" errors="0" timestamp="2016-09-29T21:53:17" hostname="testing-gce-cf203e64-cd6f-4108-8a0d-d9cf63c5c1c7" time="0.009">
  <properties/>
  <testcase name="testTableDataBindTypeChanged" classname="griffon.pivot.support.adapters.TableViewBindingAdapterTest" time="0.001"/>
  <testcase name="testTableDataKeyChanged" classname="griffon.pivot.support.adapters.TableViewBindingAdapterTest" time="0.001"/>
  <testcase name="testSelectedRowBindMappingChanged" classname="griffon.pivot.support.adapters.TableViewBindingAdapterTest" time="0.001"/>
  <testcase name="testSelectedRowsKeyChanged" classname="griffon.pivot.support.adapters.TableViewBindingAdapterTest" time="0.001"/>
  <testcase name="testSelectedRowsBindTypeChanged" classname="griffon.pivot.support.adapters.TableViewBindingAdapterTest" time="0.001"/>
  <testcase name="testSelectedRowKeyChanged" classname="griffon.pivot.support.adapters.TableViewBindingAdapterTest" time="0.0"/>
  <testcase name="testSelectedRowsBindMappingChanged" classname="griffon.pivot.support.adapters.TableViewBindingAdapterTest" time="0.0"/>
  <testcase name="testSelectedRowBindTypeChanged" classname="griffon.pivot.support.adapters.TableViewBindingAdapterTest" time="0.0"/>
  <testcase name="testTableDataBindMappingChanged" classname="griffon.pivot.support.adapters.TableViewBindingAdapterTest" time="0.001"/>
  <system-out><![CDATA[]]></system-out>
  <system-err><![CDATA[]]></system-err>
</testsuite>
