<?xml version="1.0" encoding="UTF-8"?>
<testsuite name="griffon.pivot.support.adapters.ScrollPaneAdapterTest" tests="5" skipped="0" failures="0" errors="0" timestamp="2016-10-14T12:23:57" hostname="testing-gce-9e2f48a6-40b1-46ad-83d7-b62c9819dd28" time="0.012">
  <properties/>
  <testcase name="testCornerChanged" classname="griffon.pivot.support.adapters.ScrollPaneAdapterTest" time="0.0"/>
  <testcase name="testVerticalScrollBarPolicyChanged" classname="griffon.pivot.support.adapters.ScrollPaneAdapterTest" time="0.0"/>
  <testcase name="testHorizontalScrollBarPolicyChanged" classname="griffon.pivot.support.adapters.ScrollPaneAdapterTest" time="0.001"/>
  <testcase name="testColumnHeaderChanged" classname="griffon.pivot.support.adapters.ScrollPaneAdapterTest" time="0.001"/>
  <testcase name="testRowHeaderChanged" classname="griffon.pivot.support.adapters.ScrollPaneAdapterTest" time="0.009"/>
  <system-out><![CDATA[]]></system-out>
  <system-err><![CDATA[]]></system-err>
</testsuite>
