<?xml version="1.0" encoding="UTF-8"?>
<testsuite name="griffon.pivot.support.adapters.MovieAdapterTest" tests="7" skipped="0" failures="0" errors="0" timestamp="2016-10-14T12:23:57" hostname="testing-gce-9e2f48a6-40b1-46ad-83d7-b62c9819dd28" time="0.005">
  <properties/>
  <testcase name="testCurrentFrameChanged" classname="griffon.pivot.support.adapters.MovieAdapterTest" time="0.0"/>
  <testcase name="testRegionUpdated" classname="griffon.pivot.support.adapters.MovieAdapterTest" time="0.001"/>
  <testcase name="testSizeChanged" classname="griffon.pivot.support.adapters.MovieAdapterTest" time="0.001"/>
  <testcase name="testLoopingChanged" classname="griffon.pivot.support.adapters.MovieAdapterTest" time="0.0"/>
  <testcase name="testBaselineChanged" classname="griffon.pivot.support.adapters.MovieAdapterTest" time="0.0"/>
  <testcase name="testMovieStarted" classname="griffon.pivot.support.adapters.MovieAdapterTest" time="0.001"/>
  <testcase name="testMovieStopped" classname="griffon.pivot.support.adapters.MovieAdapterTest" time="0.001"/>
  <system-out><![CDATA[]]></system-out>
  <system-err><![CDATA[]]></system-err>
</testsuite>
