<?xml version="1.0" encoding="UTF-8"?>
<testsuite name="griffon.pivot.support.adapters.ButtonGroupAdapterTest" tests="3" skipped="0" failures="0" errors="0" timestamp="2016-09-26T20:28:49" hostname="testing-gce-e0d916ad-9926-4311-ac91-422ab9e2ca96" time="0.003">
  <properties/>
  <testcase name="testButtonRemoved" classname="griffon.pivot.support.adapters.ButtonGroupAdapterTest" time="0.001"/>
  <testcase name="testSelectionChanged" classname="griffon.pivot.support.adapters.ButtonGroupAdapterTest" time="0.001"/>
  <testcase name="testButtonAdded" classname="griffon.pivot.support.adapters.ButtonGroupAdapterTest" time="0.001"/>
  <system-out><![CDATA[]]></system-out>
  <system-err><![CDATA[]]></system-err>
</testsuite>
