<?xml version="1.0" encoding="UTF-8"?>
<testsuite name="griffon.pivot.support.adapters.WindowActionMappingAdapterTest" tests="4" skipped="0" failures="0" errors="0" timestamp="2016-10-06T17:42:10" hostname="testing-gce-81ce1eba-0923-4d63-a3c5-2ab3ce7e6c4c" time="0.003">
  <properties/>
  <testcase name="testKeyStrokeChanged" classname="griffon.pivot.support.adapters.WindowActionMappingAdapterTest" time="0.0"/>
  <testcase name="testActionChanged" classname="griffon.pivot.support.adapters.WindowActionMappingAdapterTest" time="0.0"/>
  <testcase name="testActionMappingAdded" classname="griffon.pivot.support.adapters.WindowActionMappingAdapterTest" time="0.0"/>
  <testcase name="testActionMappingsRemoved" classname="griffon.pivot.support.adapters.WindowActionMappingAdapterTest" time="0.001"/>
  <system-out><![CDATA[]]></system-out>
  <system-err><![CDATA[]]></system-err>
</testsuite>
