<?xml version="1.0" encoding="UTF-8"?>
<testsuite name="griffon.pivot.support.adapters.WindowAdapterTest" tests="7" skipped="0" failures="0" errors="0" timestamp="2016-09-19T16:10:42" hostname="testing-gce-35a66135-6c2a-47ae-8ae7-79d60611b2ca" time="0.013">
  <properties/>
  <testcase name="testTitleChanged" classname="griffon.pivot.support.adapters.WindowAdapterTest" time="0.003"/>
  <testcase name="testIconInserted" classname="griffon.pivot.support.adapters.WindowAdapterTest" time="0.001"/>
  <testcase name="testIconAdded" classname="griffon.pivot.support.adapters.WindowAdapterTest" time="0.0"/>
  <testcase name="testIconsRemoved" classname="griffon.pivot.support.adapters.WindowAdapterTest" time="0.0"/>
  <testcase name="testMaximizedChanged" classname="griffon.pivot.support.adapters.WindowAdapterTest" time="0.002"/>
  <testcase name="testContentChanged" classname="griffon.pivot.support.adapters.WindowAdapterTest" time="0.001"/>
  <testcase name="testActiveChanged" classname="griffon.pivot.support.adapters.WindowAdapterTest" time="0.002"/>
  <system-out><![CDATA[]]></system-out>
  <system-err><![CDATA[]]></system-err>
</testsuite>
