<?xml version="1.0" encoding="UTF-8"?>
<testsuite name="griffon.pivot.support.adapters.TextAreaSelectionAdapterTest" tests="1" skipped="0" failures="0" errors="0" timestamp="2016-09-29T21:35:11" hostname="testing-gce-37e58376-e068-4a33-9b50-d5b7108a1844" time="0.0">
  <properties/>
  <testcase name="testSelectionChanged" classname="griffon.pivot.support.adapters.TextAreaSelectionAdapterTest" time="0.0"/>
  <system-out><![CDATA[]]></system-out>
  <system-err><![CDATA[]]></system-err>
</testsuite>
