<?xml version="1.0" encoding="UTF-8"?>
<testsuite name="griffon.pivot.support.adapters.ListButtonAdapterTest" tests="5" skipped="0" failures="0" errors="0" timestamp="2016-09-29T21:53:17" hostname="testing-gce-cf203e64-cd6f-4108-8a0d-d9cf63c5c1c7" time="0.011">
  <properties/>
  <testcase name="testDisabledItemFilterChanged" classname="griffon.pivot.support.adapters.ListButtonAdapterTest" time="0.001"/>
  <testcase name="testRepeatableChanged" classname="griffon.pivot.support.adapters.ListButtonAdapterTest" time="0.001"/>
  <testcase name="testListSizeChanged" classname="griffon.pivot.support.adapters.ListButtonAdapterTest" time="0.007"/>
  <testcase name="testItemRendererChanged" classname="griffon.pivot.support.adapters.ListButtonAdapterTest" time="0.001"/>
  <testcase name="testListDataChanged" classname="griffon.pivot.support.adapters.ListButtonAdapterTest" time="0.001"/>
  <system-out><![CDATA[]]></system-out>
  <system-err><![CDATA[]]></system-err>
</testsuite>
