<?xml version="1.0" encoding="UTF-8"?>
<testsuite name="griffon.pivot.support.adapters.ContainerAdapterTest" tests="4" skipped="0" failures="0" errors="0" timestamp="2016-09-29T21:35:11" hostname="testing-gce-37e58376-e068-4a33-9b50-d5b7108a1844" time="0.004">
  <properties/>
  <testcase name="testFocusTraversalPolicyChanged" classname="griffon.pivot.support.adapters.ContainerAdapterTest" time="0.001"/>
  <testcase name="testComponentMoved" classname="griffon.pivot.support.adapters.ContainerAdapterTest" time="0.001"/>
  <testcase name="testComponentInserted" classname="griffon.pivot.support.adapters.ContainerAdapterTest" time="0.001"/>
  <testcase name="testComponentsRemoved" classname="griffon.pivot.support.adapters.ContainerAdapterTest" time="0.001"/>
  <system-out><![CDATA[]]></system-out>
  <system-err><![CDATA[]]></system-err>
</testsuite>
