<?xml version="1.0" encoding="UTF-8"?>
<testsuite name="griffon.pivot.support.adapters.TableViewSelectionAdapterTest" tests="4" skipped="0" failures="0" errors="0" timestamp="2016-08-30T16:11:49" hostname="testing-gce-62a17e65-7581-40e5-afe6-413ca14aa51c" time="0.002">
  <properties/>
  <testcase name="testSelectedRangesChanged" classname="griffon.pivot.support.adapters.TableViewSelectionAdapterTest" time="0.001"/>
  <testcase name="testSelectedRangeRemoved" classname="griffon.pivot.support.adapters.TableViewSelectionAdapterTest" time="0.0"/>
  <testcase name="testSelectedRangeAdded" classname="griffon.pivot.support.adapters.TableViewSelectionAdapterTest" time="0.001"/>
  <testcase name="testSelectedRowChanged" classname="griffon.pivot.support.adapters.TableViewSelectionAdapterTest" time="0.0"/>
  <system-out><![CDATA[]]></system-out>
  <system-err><![CDATA[]]></system-err>
</testsuite>
