<?xml version="1.0" encoding="UTF-8"?>
<testsuite name="griffon.pivot.support.adapters.ScrollBarValueAdapterTest" tests="1" skipped="0" failures="0" errors="0" timestamp="2016-10-09T11:57:18" hostname="testing-gce-50bd9316-102c-4ee8-992b-2b2af257f0cc" time="0.001">
  <properties/>
  <testcase name="testValueChanged" classname="griffon.pivot.support.adapters.ScrollBarValueAdapterTest" time="0.001"/>
  <system-out><![CDATA[]]></system-out>
  <system-err><![CDATA[]]></system-err>
</testsuite>
