<?xml version="1.0" encoding="UTF-8"?>
<testsuite name="griffon.pivot.support.adapters.ListViewBindingAdapterTest" tests="12" skipped="0" failures="0" errors="0" timestamp="2016-08-30T16:11:48" hostname="testing-gce-62a17e65-7581-40e5-afe6-413ca14aa51c" time="0.012">
  <properties/>
  <testcase name="testSelectedItemKeyChanged" classname="griffon.pivot.support.adapters.ListViewBindingAdapterTest" time="0.0"/>
  <testcase name="testSelectedItemsKeyChanged" classname="griffon.pivot.support.adapters.ListViewBindingAdapterTest" time="0.001"/>
  <testcase name="testListDataBindMappingChanged" classname="griffon.pivot.support.adapters.ListViewBindingAdapterTest" time="0.0"/>
  <testcase name="testSelectedItemBindMappingChanged" classname="griffon.pivot.support.adapters.ListViewBindingAdapterTest" time="0.001"/>
  <testcase name="testSelectedItemBindTypeChanged" classname="griffon.pivot.support.adapters.ListViewBindingAdapterTest" time="0.0"/>
  <testcase name="testListDataKeyChanged" classname="griffon.pivot.support.adapters.ListViewBindingAdapterTest" time="0.006"/>
  <testcase name="testSelectedItemsBindMappingChanged" classname="griffon.pivot.support.adapters.ListViewBindingAdapterTest" time="0.001"/>
  <testcase name="testCheckedItemsKeyChanged" classname="griffon.pivot.support.adapters.ListViewBindingAdapterTest" time="0.0"/>
  <testcase name="testSelectedItemsBindTypeChanged" classname="griffon.pivot.support.adapters.ListViewBindingAdapterTest" time="0.001"/>
  <testcase name="testListDataBindTypeChanged" classname="griffon.pivot.support.adapters.ListViewBindingAdapterTest" time="0.001"/>
  <testcase name="testCheckedItemsBindTypeChanged" classname="griffon.pivot.support.adapters.ListViewBindingAdapterTest" time="0.0"/>
  <testcase name="testCheckedItemsBindMappingChanged" classname="griffon.pivot.support.adapters.ListViewBindingAdapterTest" time="0.0"/>
  <system-out><![CDATA[]]></system-out>
  <system-err><![CDATA[]]></system-err>
</testsuite>
