<?xml version="1.0" encoding="UTF-8"?>
<testsuite name="griffon.pivot.editors.DimensionsPropertyEditorSpec" tests="31" skipped="0" failures="0" errors="0" timestamp="2016-09-29T21:53:19" hostname="testing-gce-cf203e64-cd6f-4108-8a0d-d9cf63c5c1c7" time="0.033">
  <properties/>
  <testcase name="Dimensions format 'null' should be equal to #Error:dimensions" classname="griffon.pivot.editors.DimensionsPropertyEditorSpec" time="0.013"/>
  <testcase name="Dimensions format '' should be equal to #Error:dimensions" classname="griffon.pivot.editors.DimensionsPropertyEditorSpec" time="0.0"/>
  <testcase name="Dimensions format ' ' should be equal to #Error:dimensions" classname="griffon.pivot.editors.DimensionsPropertyEditorSpec" time="0.0"/>
  <testcase name="Dimensions format '[]' should be equal to #Error:dimensions" classname="griffon.pivot.editors.DimensionsPropertyEditorSpec" time="0.0"/>
  <testcase name="Dimensions format '[:]' should be equal to #Error:dimensions" classname="griffon.pivot.editors.DimensionsPropertyEditorSpec" time="0.0"/>
  <testcase name="Dimensions format '10,20' should be equal to #Error:dimensions" classname="griffon.pivot.editors.DimensionsPropertyEditorSpec" time="0.001"/>
  <testcase name="Dimensions format '10, 20' should be equal to #Error:dimensions" classname="griffon.pivot.editors.DimensionsPropertyEditorSpec" time="0.0"/>
  <testcase name="Dimensions format ' 10, 20' should be equal to #Error:dimensions" classname="griffon.pivot.editors.DimensionsPropertyEditorSpec" time="0.0"/>
  <testcase name="Dimensions format ' 10, 20 ' should be equal to #Error:dimensions" classname="griffon.pivot.editors.DimensionsPropertyEditorSpec" time="0.0"/>
  <testcase name="Dimensions format '[10, 20]' should be equal to #Error:dimensions" classname="griffon.pivot.editors.DimensionsPropertyEditorSpec" time="0.0"/>
  <testcase name="Dimensions format '[10, 20]' should be equal to #Error:dimensions" classname="griffon.pivot.editors.DimensionsPropertyEditorSpec" time="0.0"/>
  <testcase name="Dimensions format '10' should be equal to #Error:dimensions" classname="griffon.pivot.editors.DimensionsPropertyEditorSpec" time="0.0"/>
  <testcase name="Dimensions format '10' should be equal to #Error:dimensions" classname="griffon.pivot.editors.DimensionsPropertyEditorSpec" time="0.0"/>
  <testcase name="Dimensions format '[10]' should be equal to #Error:dimensions" classname="griffon.pivot.editors.DimensionsPropertyEditorSpec" time="0.0"/>
  <testcase name="Dimensions format '[10]' should be equal to #Error:dimensions" classname="griffon.pivot.editors.DimensionsPropertyEditorSpec" time="0.0"/>
  <testcase name="Dimensions format '[width:10, height:20]' should be equal to #Error:dimensions" classname="griffon.pivot.editors.DimensionsPropertyEditorSpec" time="0.001"/>
  <testcase name="Dimensions format '[width:10, height:20]' should be equal to #Error:dimensions" classname="griffon.pivot.editors.DimensionsPropertyEditorSpec" time="0.0"/>
  <testcase name="Dimensions format '[w:10, h:20]' should be equal to #Error:dimensions" classname="griffon.pivot.editors.DimensionsPropertyEditorSpec" time="0.001"/>
  <testcase name="Dimensions format '[w:10, h:20]' should be equal to #Error:dimensions" classname="griffon.pivot.editors.DimensionsPropertyEditorSpec" time="0.0"/>
  <testcase name="Dimensions format 'org.apache.pivot.wtk.Dimensions [10x20]' should be equal to #Error:dimensions" classname="griffon.pivot.editors.DimensionsPropertyEditorSpec" time="0.0"/>
  <testcase name="Dimensions format '[foo:10, bar:20]' should be equal to #Error:dimensions" classname="griffon.pivot.editors.DimensionsPropertyEditorSpec" time="0.0"/>
  <testcase name="Invalid dimensions format 'garbage'" classname="griffon.pivot.editors.DimensionsPropertyEditorSpec" time="0.008"/>
  <testcase name="Invalid dimensions format '1, 2, 3'" classname="griffon.pivot.editors.DimensionsPropertyEditorSpec" time="0.001"/>
  <testcase name="Invalid dimensions format '[1, 2, 3]'" classname="griffon.pivot.editors.DimensionsPropertyEditorSpec" time="0.0"/>
  <testcase name="Invalid dimensions format '[java.lang.Object@3f9fffb4]'" classname="griffon.pivot.editors.DimensionsPropertyEditorSpec" time="0.0"/>
  <testcase name="Invalid dimensions format '[w:java.lang.Object@a7d436e]'" classname="griffon.pivot.editors.DimensionsPropertyEditorSpec" time="0.001"/>
  <testcase name="Invalid dimensions format '[width:a]'" classname="griffon.pivot.editors.DimensionsPropertyEditorSpec" time="0.0"/>
  <testcase name="Invalid dimensions format '[w:b]'" classname="griffon.pivot.editors.DimensionsPropertyEditorSpec" time="0.0"/>
  <testcase name="Invalid dimensions format 'java.lang.Object@3667d73f'" classname="griffon.pivot.editors.DimensionsPropertyEditorSpec" time="0.001"/>
  <testcase name="Formatted dimensions 'null'" classname="griffon.pivot.editors.DimensionsPropertyEditorSpec" time="0.0"/>
  <testcase name="Formatted dimensions '10, 20'" classname="griffon.pivot.editors.DimensionsPropertyEditorSpec" time="0.0"/>
  <system-out><![CDATA[]]></system-out>
  <system-err><![CDATA[]]></system-err>
</testsuite>
