<?xml version="1.0" encoding="UTF-8"?>
<testsuite name="griffon.pivot.support.adapters.TablePaneAdapterTest" tests="11" skipped="0" failures="0" errors="0" timestamp="2016-08-30T16:11:49" hostname="testing-gce-62a17e65-7581-40e5-afe6-413ca14aa51c" time="0.006">
  <properties/>
  <testcase name="testCellUpdated" classname="griffon.pivot.support.adapters.TablePaneAdapterTest" time="0.001"/>
  <testcase name="testColumnWidthChanged" classname="griffon.pivot.support.adapters.TablePaneAdapterTest" time="0.0"/>
  <testcase name="testColumnInserted" classname="griffon.pivot.support.adapters.TablePaneAdapterTest" time="0.001"/>
  <testcase name="testCellInserted" classname="griffon.pivot.support.adapters.TablePaneAdapterTest" time="0.0"/>
  <testcase name="testColumnHighlightedChanged" classname="griffon.pivot.support.adapters.TablePaneAdapterTest" time="0.001"/>
  <testcase name="testColumnsRemoved" classname="griffon.pivot.support.adapters.TablePaneAdapterTest" time="0.0"/>
  <testcase name="testCellsRemoved" classname="griffon.pivot.support.adapters.TablePaneAdapterTest" time="0.001"/>
  <testcase name="testRowInserted" classname="griffon.pivot.support.adapters.TablePaneAdapterTest" time="0.0"/>
  <testcase name="testRowsRemoved" classname="griffon.pivot.support.adapters.TablePaneAdapterTest" time="0.0"/>
  <testcase name="testRowHighlightedChanged" classname="griffon.pivot.support.adapters.TablePaneAdapterTest" time="0.0"/>
  <testcase name="testRowHeightChanged" classname="griffon.pivot.support.adapters.TablePaneAdapterTest" time="0.0"/>
  <system-out><![CDATA[]]></system-out>
  <system-err><![CDATA[]]></system-err>
</testsuite>
