<?xml version="1.0" encoding="UTF-8"?>
<testsuite name="griffon.pivot.support.adapters.ScrollPaneAdapterTest" tests="5" skipped="0" failures="0" errors="0" timestamp="2016-10-09T11:57:18" hostname="testing-gce-50bd9316-102c-4ee8-992b-2b2af257f0cc" time="0.019">
  <properties/>
  <testcase name="testCornerChanged" classname="griffon.pivot.support.adapters.ScrollPaneAdapterTest" time="0.0"/>
  <testcase name="testVerticalScrollBarPolicyChanged" classname="griffon.pivot.support.adapters.ScrollPaneAdapterTest" time="0.0"/>
  <testcase name="testHorizontalScrollBarPolicyChanged" classname="griffon.pivot.support.adapters.ScrollPaneAdapterTest" time="0.001"/>
  <testcase name="testColumnHeaderChanged" classname="griffon.pivot.support.adapters.ScrollPaneAdapterTest" time="0.0"/>
  <testcase name="testRowHeaderChanged" classname="griffon.pivot.support.adapters.ScrollPaneAdapterTest" time="0.016"/>
  <system-out><![CDATA[]]></system-out>
  <system-err><![CDATA[]]></system-err>
</testsuite>
