<?xml version="1.0" encoding="UTF-8"?>
<testsuite name="griffon.pivot.support.adapters.WindowActionMappingAdapterTest" tests="4" skipped="0" failures="0" errors="0" timestamp="2016-09-26T20:28:49" hostname="testing-gce-e0d916ad-9926-4311-ac91-422ab9e2ca96" time="0.005">
  <properties/>
  <testcase name="testKeyStrokeChanged" classname="griffon.pivot.support.adapters.WindowActionMappingAdapterTest" time="0.002"/>
  <testcase name="testActionChanged" classname="griffon.pivot.support.adapters.WindowActionMappingAdapterTest" time="0.0"/>
  <testcase name="testActionMappingAdded" classname="griffon.pivot.support.adapters.WindowActionMappingAdapterTest" time="0.0"/>
  <testcase name="testActionMappingsRemoved" classname="griffon.pivot.support.adapters.WindowActionMappingAdapterTest" time="0.0"/>
  <system-out><![CDATA[]]></system-out>
  <system-err><![CDATA[]]></system-err>
</testsuite>
