<?xml version="1.0" encoding="UTF-8"?>
<testsuite name="griffon.pivot.support.adapters.TableViewAdapterTest" tests="5" skipped="0" failures="0" errors="0" timestamp="2016-09-19T16:10:42" hostname="testing-gce-35a66135-6c2a-47ae-8ae7-79d60611b2ca" time="0.007">
  <properties/>
  <testcase name="testSelectModeChanged" classname="griffon.pivot.support.adapters.TableViewAdapterTest" time="0.0"/>
  <testcase name="testDisabledRowFilterChanged" classname="griffon.pivot.support.adapters.TableViewAdapterTest" time="0.005"/>
  <testcase name="testColumnSourceChanged" classname="griffon.pivot.support.adapters.TableViewAdapterTest" time="0.001"/>
  <testcase name="testRowEditorChanged" classname="griffon.pivot.support.adapters.TableViewAdapterTest" time="0.001"/>
  <testcase name="testTableDataChanged" classname="griffon.pivot.support.adapters.TableViewAdapterTest" time="0.0"/>
  <system-out><![CDATA[]]></system-out>
  <system-err><![CDATA[]]></system-err>
</testsuite>
