<?xml version="1.0" encoding="UTF-8"?>
<testsuite name="griffon.pivot.support.adapters.WindowAdapterTest" tests="7" skipped="0" failures="0" errors="0" timestamp="2016-10-09T11:57:17" hostname="testing-gce-50bd9316-102c-4ee8-992b-2b2af257f0cc" time="0.012">
  <properties/>
  <testcase name="testTitleChanged" classname="griffon.pivot.support.adapters.WindowAdapterTest" time="0.001"/>
  <testcase name="testIconInserted" classname="griffon.pivot.support.adapters.WindowAdapterTest" time="0.001"/>
  <testcase name="testIconAdded" classname="griffon.pivot.support.adapters.WindowAdapterTest" time="0.001"/>
  <testcase name="testIconsRemoved" classname="griffon.pivot.support.adapters.WindowAdapterTest" time="0.0"/>
  <testcase name="testMaximizedChanged" classname="griffon.pivot.support.adapters.WindowAdapterTest" time="0.001"/>
  <testcase name="testContentChanged" classname="griffon.pivot.support.adapters.WindowAdapterTest" time="0.001"/>
  <testcase name="testActiveChanged" classname="griffon.pivot.support.adapters.WindowAdapterTest" time="0.004"/>
  <system-out><![CDATA[]]></system-out>
  <system-err><![CDATA[]]></system-err>
</testsuite>
