<?xml version="1.0" encoding="UTF-8"?>
<testsuite name="griffon.pivot.support.adapters.ListViewBindingAdapterTest" tests="12" skipped="0" failures="0" errors="0" timestamp="2016-09-29T21:35:10" hostname="testing-gce-37e58376-e068-4a33-9b50-d5b7108a1844" time="0.011">
  <properties/>
  <testcase name="testSelectedItemKeyChanged" classname="griffon.pivot.support.adapters.ListViewBindingAdapterTest" time="0.001"/>
  <testcase name="testSelectedItemsKeyChanged" classname="griffon.pivot.support.adapters.ListViewBindingAdapterTest" time="0.001"/>
  <testcase name="testListDataBindMappingChanged" classname="griffon.pivot.support.adapters.ListViewBindingAdapterTest" time="0.001"/>
  <testcase name="testSelectedItemBindMappingChanged" classname="griffon.pivot.support.adapters.ListViewBindingAdapterTest" time="0.001"/>
  <testcase name="testSelectedItemBindTypeChanged" classname="griffon.pivot.support.adapters.ListViewBindingAdapterTest" time="0.001"/>
  <testcase name="testListDataKeyChanged" classname="griffon.pivot.support.adapters.ListViewBindingAdapterTest" time="0.0"/>
  <testcase name="testSelectedItemsBindMappingChanged" classname="griffon.pivot.support.adapters.ListViewBindingAdapterTest" time="0.0"/>
  <testcase name="testCheckedItemsKeyChanged" classname="griffon.pivot.support.adapters.ListViewBindingAdapterTest" time="0.001"/>
  <testcase name="testSelectedItemsBindTypeChanged" classname="griffon.pivot.support.adapters.ListViewBindingAdapterTest" time="0.001"/>
  <testcase name="testListDataBindTypeChanged" classname="griffon.pivot.support.adapters.ListViewBindingAdapterTest" time="0.001"/>
  <testcase name="testCheckedItemsBindTypeChanged" classname="griffon.pivot.support.adapters.ListViewBindingAdapterTest" time="0.001"/>
  <testcase name="testCheckedItemsBindMappingChanged" classname="griffon.pivot.support.adapters.ListViewBindingAdapterTest" time="0.001"/>
  <system-out><![CDATA[]]></system-out>
  <system-err><![CDATA[]]></system-err>
</testsuite>
