<?xml version="1.0" encoding="UTF-8"?>
<testsuite name="griffon.pivot.support.adapters.TabPaneAdapterTest" tests="8" skipped="0" failures="0" errors="0" timestamp="2016-09-19T16:10:43" hostname="testing-gce-35a66135-6c2a-47ae-8ae7-79d60611b2ca" time="0.006">
  <properties/>
  <testcase name="testPreviewRemoveTabs" classname="griffon.pivot.support.adapters.TabPaneAdapterTest" time="0.0"/>
  <testcase name="testCornerChanged" classname="griffon.pivot.support.adapters.TabPaneAdapterTest" time="0.0"/>
  <testcase name="testCollapsibleChanged" classname="griffon.pivot.support.adapters.TabPaneAdapterTest" time="0.0"/>
  <testcase name="testTabDataRendererChanged" classname="griffon.pivot.support.adapters.TabPaneAdapterTest" time="0.001"/>
  <testcase name="testTabInserted" classname="griffon.pivot.support.adapters.TabPaneAdapterTest" time="0.001"/>
  <testcase name="testTabsRemoved" classname="griffon.pivot.support.adapters.TabPaneAdapterTest" time="0.001"/>
  <testcase name="testRemoveTabsVetoed" classname="griffon.pivot.support.adapters.TabPaneAdapterTest" time="0.001"/>
  <testcase name="testCloseableChanged" classname="griffon.pivot.support.adapters.TabPaneAdapterTest" time="0.0"/>
  <system-out><![CDATA[]]></system-out>
  <system-err><![CDATA[]]></system-err>
</testsuite>
