<?xml version="1.0" encoding="UTF-8"?>
<testsuite name="griffon.pivot.support.PivotActionSpec" tests="1" skipped="0" failures="0" errors="0" timestamp="2016-08-30T16:11:49" hostname="testing-gce-62a17e65-7581-40e5-afe6-413ca14aa51c" time="0.384">
  <properties/>
  <testcase name="Create and execute an action" classname="griffon.pivot.support.PivotActionSpec" time="0.384"/>
  <system-out><![CDATA[]]></system-out>
  <system-err><![CDATA[]]></system-err>
</testsuite>
