<?xml version="1.0" encoding="UTF-8"?>
<testsuite name="griffon.pivot.support.adapters.ListViewItemAdapterTest" tests="5" skipped="0" failures="0" errors="0" timestamp="2016-10-09T11:57:17" hostname="testing-gce-50bd9316-102c-4ee8-992b-2b2af257f0cc" time="0.007">
  <properties/>
  <testcase name="testItemInserted" classname="griffon.pivot.support.adapters.ListViewItemAdapterTest" time="0.004"/>
  <testcase name="testItemsCleared" classname="griffon.pivot.support.adapters.ListViewItemAdapterTest" time="0.001"/>
  <testcase name="testItemUpdated" classname="griffon.pivot.support.adapters.ListViewItemAdapterTest" time="0.001"/>
  <testcase name="testItemsSorted" classname="griffon.pivot.support.adapters.ListViewItemAdapterTest" time="0.0"/>
  <testcase name="testItemsRemoved" classname="griffon.pivot.support.adapters.ListViewItemAdapterTest" time="0.001"/>
  <system-out><![CDATA[]]></system-out>
  <system-err><![CDATA[]]></system-err>
</testsuite>
