<?xml version="1.0" encoding="UTF-8"?>
<testsuite name="griffon.pivot.support.adapters.WindowActionMappingAdapterTest" tests="4" skipped="0" failures="0" errors="0" timestamp="2016-09-29T21:53:17" hostname="testing-gce-cf203e64-cd6f-4108-8a0d-d9cf63c5c1c7" time="0.003">
  <properties/>
  <testcase name="testKeyStrokeChanged" classname="griffon.pivot.support.adapters.WindowActionMappingAdapterTest" time="0.0"/>
  <testcase name="testActionChanged" classname="griffon.pivot.support.adapters.WindowActionMappingAdapterTest" time="0.001"/>
  <testcase name="testActionMappingAdded" classname="griffon.pivot.support.adapters.WindowActionMappingAdapterTest" time="0.001"/>
  <testcase name="testActionMappingsRemoved" classname="griffon.pivot.support.adapters.WindowActionMappingAdapterTest" time="0.001"/>
  <system-out><![CDATA[]]></system-out>
  <system-err><![CDATA[]]></system-err>
</testsuite>
