<?xml version="1.0" encoding="UTF-8"?>
<testsuite name="griffon.pivot.support.PivotActionSpec" tests="1" skipped="0" failures="0" errors="0" timestamp="2016-10-09T11:57:19" hostname="testing-gce-50bd9316-102c-4ee8-992b-2b2af257f0cc" time="0.395">
  <properties/>
  <testcase name="Create and execute an action" classname="griffon.pivot.support.PivotActionSpec" time="0.395"/>
  <system-out><![CDATA[]]></system-out>
  <system-err><![CDATA[]]></system-err>
</testsuite>
