<?xml version="1.0" encoding="UTF-8"?>
<testsuite name="griffon.pivot.support.adapters.ElementAdapterTest" tests="7" skipped="0" failures="0" errors="0" timestamp="2016-10-06T17:42:09" hostname="testing-gce-81ce1eba-0923-4d63-a3c5-2ab3ce7e6c4c" time="0.009">
  <properties/>
  <testcase name="testStrikethroughChanged" classname="griffon.pivot.support.adapters.ElementAdapterTest" time="0.005"/>
  <testcase name="testBackgroundColorChanged" classname="griffon.pivot.support.adapters.ElementAdapterTest" time="0.001"/>
  <testcase name="testNodeInserted" classname="griffon.pivot.support.adapters.ElementAdapterTest" time="0.0"/>
  <testcase name="testForegroundColorChanged" classname="griffon.pivot.support.adapters.ElementAdapterTest" time="0.0"/>
  <testcase name="testNodesRemoved" classname="griffon.pivot.support.adapters.ElementAdapterTest" time="0.001"/>
  <testcase name="testFontChanged" classname="griffon.pivot.support.adapters.ElementAdapterTest" time="0.001"/>
  <testcase name="testUnderlineChanged" classname="griffon.pivot.support.adapters.ElementAdapterTest" time="0.0"/>
  <system-out><![CDATA[]]></system-out>
  <system-err><![CDATA[]]></system-err>
</testsuite>
