<?xml version="1.0" encoding="UTF-8"?>
<testsuite name="griffon.pivot.support.adapters.SuggestionPopupSelectionAdapterTest" tests="2" skipped="0" failures="0" errors="0" timestamp="2016-08-19T07:56:42" hostname="localhost" time="0.005">
  <properties/>
  <testcase name="testSelectedSuggestionChanged" classname="griffon.pivot.support.adapters.SuggestionPopupSelectionAdapterTest" time="0.0"/>
  <testcase name="testSelectedIndexChanged" classname="griffon.pivot.support.adapters.SuggestionPopupSelectionAdapterTest" time="0.004"/>
  <system-out><![CDATA[]]></system-out>
  <system-err><![CDATA[]]></system-err>
</testsuite>
