<?xml version="1.0" encoding="UTF-8"?>
<testsuite name="griffon.pivot.support.adapters.ContainerAdapterTest" tests="4" skipped="0" failures="0" errors="0" timestamp="2016-10-14T12:23:57" hostname="testing-gce-9e2f48a6-40b1-46ad-83d7-b62c9819dd28" time="0.005">
  <properties/>
  <testcase name="testFocusTraversalPolicyChanged" classname="griffon.pivot.support.adapters.ContainerAdapterTest" time="0.001"/>
  <testcase name="testComponentMoved" classname="griffon.pivot.support.adapters.ContainerAdapterTest" time="0.001"/>
  <testcase name="testComponentInserted" classname="griffon.pivot.support.adapters.ContainerAdapterTest" time="0.001"/>
  <testcase name="testComponentsRemoved" classname="griffon.pivot.support.adapters.ContainerAdapterTest" time="0.002"/>
  <system-out><![CDATA[]]></system-out>
  <system-err><![CDATA[]]></system-err>
</testsuite>
