<?xml version="1.0" encoding="UTF-8"?>
<testsuite name="griffon.pivot.support.adapters.ListViewBindingAdapterTest" tests="12" skipped="0" failures="0" errors="0" timestamp="2016-10-14T12:23:56" hostname="testing-gce-9e2f48a6-40b1-46ad-83d7-b62c9819dd28" time="0.012">
  <properties/>
  <testcase name="testSelectedItemKeyChanged" classname="griffon.pivot.support.adapters.ListViewBindingAdapterTest" time="0.001"/>
  <testcase name="testSelectedItemsKeyChanged" classname="griffon.pivot.support.adapters.ListViewBindingAdapterTest" time="0.001"/>
  <testcase name="testListDataBindMappingChanged" classname="griffon.pivot.support.adapters.ListViewBindingAdapterTest" time="0.001"/>
  <testcase name="testSelectedItemBindMappingChanged" classname="griffon.pivot.support.adapters.ListViewBindingAdapterTest" time="0.001"/>
  <testcase name="testSelectedItemBindTypeChanged" classname="griffon.pivot.support.adapters.ListViewBindingAdapterTest" time="0.0"/>
  <testcase name="testListDataKeyChanged" classname="griffon.pivot.support.adapters.ListViewBindingAdapterTest" time="0.0"/>
  <testcase name="testSelectedItemsBindMappingChanged" classname="griffon.pivot.support.adapters.ListViewBindingAdapterTest" time="0.0"/>
  <testcase name="testCheckedItemsKeyChanged" classname="griffon.pivot.support.adapters.ListViewBindingAdapterTest" time="0.001"/>
  <testcase name="testSelectedItemsBindTypeChanged" classname="griffon.pivot.support.adapters.ListViewBindingAdapterTest" time="0.001"/>
  <testcase name="testListDataBindTypeChanged" classname="griffon.pivot.support.adapters.ListViewBindingAdapterTest" time="0.001"/>
  <testcase name="testCheckedItemsBindTypeChanged" classname="griffon.pivot.support.adapters.ListViewBindingAdapterTest" time="0.001"/>
  <testcase name="testCheckedItemsBindMappingChanged" classname="griffon.pivot.support.adapters.ListViewBindingAdapterTest" time="0.0"/>
  <system-out><![CDATA[]]></system-out>
  <system-err><![CDATA[]]></system-err>
</testsuite>
