<?xml version="1.0" encoding="UTF-8"?>
<testsuite name="griffon.pivot.support.adapters.ElementAdapterTest" tests="7" skipped="0" failures="0" errors="0" timestamp="2016-10-09T11:57:17" hostname="testing-gce-50bd9316-102c-4ee8-992b-2b2af257f0cc" time="0.012">
  <properties/>
  <testcase name="testStrikethroughChanged" classname="griffon.pivot.support.adapters.ElementAdapterTest" time="0.001"/>
  <testcase name="testBackgroundColorChanged" classname="griffon.pivot.support.adapters.ElementAdapterTest" time="0.001"/>
  <testcase name="testNodeInserted" classname="griffon.pivot.support.adapters.ElementAdapterTest" time="0.001"/>
  <testcase name="testForegroundColorChanged" classname="griffon.pivot.support.adapters.ElementAdapterTest" time="0.0"/>
  <testcase name="testNodesRemoved" classname="griffon.pivot.support.adapters.ElementAdapterTest" time="0.001"/>
  <testcase name="testFontChanged" classname="griffon.pivot.support.adapters.ElementAdapterTest" time="0.001"/>
  <testcase name="testUnderlineChanged" classname="griffon.pivot.support.adapters.ElementAdapterTest" time="0.004"/>
  <system-out><![CDATA[]]></system-out>
  <system-err><![CDATA[]]></system-err>
</testsuite>
