<?xml version="1.0" encoding="UTF-8"?>
<testsuite name="griffon.pivot.support.adapters.ListButtonBindingAdapterTest" tests="6" skipped="0" failures="0" errors="0" timestamp="2016-10-30T17:43:53" hostname="testing-gce-1932865a-09b2-44a6-b949-d5585b0b0bad" time="0.02">
  <properties/>
  <testcase name="testSelectedItemKeyChanged" classname="griffon.pivot.support.adapters.ListButtonBindingAdapterTest" time="0.001"/>
  <testcase name="testListDataBindMappingChanged" classname="griffon.pivot.support.adapters.ListButtonBindingAdapterTest" time="0.001"/>
  <testcase name="testSelectedItemBindMappingChanged" classname="griffon.pivot.support.adapters.ListButtonBindingAdapterTest" time="0.004"/>
  <testcase name="testSelectedItemBindTypeChanged" classname="griffon.pivot.support.adapters.ListButtonBindingAdapterTest" time="0.0"/>
  <testcase name="testListDataKeyChanged" classname="griffon.pivot.support.adapters.ListButtonBindingAdapterTest" time="0.007"/>
  <testcase name="testListDataBindTypeChanged" classname="griffon.pivot.support.adapters.ListButtonBindingAdapterTest" time="0.001"/>
  <system-out><![CDATA[]]></system-out>
  <system-err><![CDATA[]]></system-err>
</testsuite>
