<?xml version="1.0" encoding="UTF-8"?>
<testsuite name="griffon.pivot.support.adapters.ButtonAdapterTest" tests="6" skipped="0" failures="0" errors="0" timestamp="2016-08-30T16:11:48" hostname="testing-gce-62a17e65-7581-40e5-afe6-413ca14aa51c" time="0.011">
  <properties/>
  <testcase name="testDataRendererChanged" classname="griffon.pivot.support.adapters.ButtonAdapterTest" time="0.0"/>
  <testcase name="testToggleButtonChanged" classname="griffon.pivot.support.adapters.ButtonAdapterTest" time="0.001"/>
  <testcase name="testActionChanged" classname="griffon.pivot.support.adapters.ButtonAdapterTest" time="0.001"/>
  <testcase name="testButtonGroupChanged" classname="griffon.pivot.support.adapters.ButtonAdapterTest" time="0.0"/>
  <testcase name="testTriStateChanged" classname="griffon.pivot.support.adapters.ButtonAdapterTest" time="0.0"/>
  <testcase name="testButtonDataChanged" classname="griffon.pivot.support.adapters.ButtonAdapterTest" time="0.001"/>
  <system-out><![CDATA[]]></system-out>
  <system-err><![CDATA[]]></system-err>
</testsuite>
