<?xml version="1.0" encoding="UTF-8"?>
<testsuite name="griffon.pivot.support.adapters.WindowAdapterTest" tests="7" skipped="0" failures="0" errors="0" timestamp="2016-10-06T17:42:09" hostname="testing-gce-81ce1eba-0923-4d63-a3c5-2ab3ce7e6c4c" time="0.01">
  <properties/>
  <testcase name="testTitleChanged" classname="griffon.pivot.support.adapters.WindowAdapterTest" time="0.001"/>
  <testcase name="testIconInserted" classname="griffon.pivot.support.adapters.WindowAdapterTest" time="0.002"/>
  <testcase name="testIconAdded" classname="griffon.pivot.support.adapters.WindowAdapterTest" time="0.0"/>
  <testcase name="testIconsRemoved" classname="griffon.pivot.support.adapters.WindowAdapterTest" time="0.0"/>
  <testcase name="testMaximizedChanged" classname="griffon.pivot.support.adapters.WindowAdapterTest" time="0.001"/>
  <testcase name="testContentChanged" classname="griffon.pivot.support.adapters.WindowAdapterTest" time="0.001"/>
  <testcase name="testActiveChanged" classname="griffon.pivot.support.adapters.WindowAdapterTest" time="0.0"/>
  <system-out><![CDATA[]]></system-out>
  <system-err><![CDATA[]]></system-err>
</testsuite>
