<?xml version="1.0" encoding="UTF-8"?>
<testsuite name="griffon.pivot.support.adapters.AlertAdapterTest" tests="6" skipped="0" failures="0" errors="0" timestamp="2016-10-09T11:57:17" hostname="testing-gce-50bd9316-102c-4ee8-992b-2b2af257f0cc" time="0.01">
  <properties/>
  <testcase name="testSelectedOptionChanged" classname="griffon.pivot.support.adapters.AlertAdapterTest" time="0.003"/>
  <testcase name="testMessageChanged" classname="griffon.pivot.support.adapters.AlertAdapterTest" time="0.001"/>
  <testcase name="testMessageTypeChanged" classname="griffon.pivot.support.adapters.AlertAdapterTest" time="0.001"/>
  <testcase name="testOptionInserted" classname="griffon.pivot.support.adapters.AlertAdapterTest" time="0.001"/>
  <testcase name="testBodyChanged" classname="griffon.pivot.support.adapters.AlertAdapterTest" time="0.0"/>
  <testcase name="testOptionsRemoved" classname="griffon.pivot.support.adapters.AlertAdapterTest" time="0.001"/>
  <system-out><![CDATA[]]></system-out>
  <system-err><![CDATA[]]></system-err>
</testsuite>
