<?xml version="1.0" encoding="UTF-8"?>
<testsuite name="griffon.pivot.support.adapters.ListViewBindingAdapterTest" tests="12" skipped="0" failures="0" errors="0" timestamp="2016-10-06T17:42:10" hostname="testing-gce-81ce1eba-0923-4d63-a3c5-2ab3ce7e6c4c" time="0.016">
  <properties/>
  <testcase name="testSelectedItemKeyChanged" classname="griffon.pivot.support.adapters.ListViewBindingAdapterTest" time="0.005"/>
  <testcase name="testSelectedItemsKeyChanged" classname="griffon.pivot.support.adapters.ListViewBindingAdapterTest" time="0.001"/>
  <testcase name="testListDataBindMappingChanged" classname="griffon.pivot.support.adapters.ListViewBindingAdapterTest" time="0.001"/>
  <testcase name="testSelectedItemBindMappingChanged" classname="griffon.pivot.support.adapters.ListViewBindingAdapterTest" time="0.0"/>
  <testcase name="testSelectedItemBindTypeChanged" classname="griffon.pivot.support.adapters.ListViewBindingAdapterTest" time="0.001"/>
  <testcase name="testListDataKeyChanged" classname="griffon.pivot.support.adapters.ListViewBindingAdapterTest" time="0.001"/>
  <testcase name="testSelectedItemsBindMappingChanged" classname="griffon.pivot.support.adapters.ListViewBindingAdapterTest" time="0.001"/>
  <testcase name="testCheckedItemsKeyChanged" classname="griffon.pivot.support.adapters.ListViewBindingAdapterTest" time="0.0"/>
  <testcase name="testSelectedItemsBindTypeChanged" classname="griffon.pivot.support.adapters.ListViewBindingAdapterTest" time="0.001"/>
  <testcase name="testListDataBindTypeChanged" classname="griffon.pivot.support.adapters.ListViewBindingAdapterTest" time="0.001"/>
  <testcase name="testCheckedItemsBindTypeChanged" classname="griffon.pivot.support.adapters.ListViewBindingAdapterTest" time="0.0"/>
  <testcase name="testCheckedItemsBindMappingChanged" classname="griffon.pivot.support.adapters.ListViewBindingAdapterTest" time="0.001"/>
  <system-out><![CDATA[]]></system-out>
  <system-err><![CDATA[]]></system-err>
</testsuite>
