<?xml version="1.0" encoding="UTF-8"?>
<testsuite name="griffon.pivot.support.adapters.AlertAdapterTest" tests="6" skipped="0" failures="0" errors="0" timestamp="2016-10-06T17:42:09" hostname="testing-gce-81ce1eba-0923-4d63-a3c5-2ab3ce7e6c4c" time="0.006">
  <properties/>
  <testcase name="testSelectedOptionChanged" classname="griffon.pivot.support.adapters.AlertAdapterTest" time="0.001"/>
  <testcase name="testMessageChanged" classname="griffon.pivot.support.adapters.AlertAdapterTest" time="0.001"/>
  <testcase name="testMessageTypeChanged" classname="griffon.pivot.support.adapters.AlertAdapterTest" time="0.001"/>
  <testcase name="testOptionInserted" classname="griffon.pivot.support.adapters.AlertAdapterTest" time="0.001"/>
  <testcase name="testBodyChanged" classname="griffon.pivot.support.adapters.AlertAdapterTest" time="0.001"/>
  <testcase name="testOptionsRemoved" classname="griffon.pivot.support.adapters.AlertAdapterTest" time="0.001"/>
  <system-out><![CDATA[]]></system-out>
  <system-err><![CDATA[]]></system-err>
</testsuite>
