<?xml version="1.0" encoding="UTF-8"?>
<testsuite name="griffon.pivot.support.adapters.TableViewAdapterTest" tests="5" skipped="0" failures="0" errors="0" timestamp="2016-09-29T21:35:10" hostname="testing-gce-37e58376-e068-4a33-9b50-d5b7108a1844" time="0.009">
  <properties/>
  <testcase name="testSelectModeChanged" classname="griffon.pivot.support.adapters.TableViewAdapterTest" time="0.001"/>
  <testcase name="testDisabledRowFilterChanged" classname="griffon.pivot.support.adapters.TableViewAdapterTest" time="0.001"/>
  <testcase name="testColumnSourceChanged" classname="griffon.pivot.support.adapters.TableViewAdapterTest" time="0.0"/>
  <testcase name="testRowEditorChanged" classname="griffon.pivot.support.adapters.TableViewAdapterTest" time="0.0"/>
  <testcase name="testTableDataChanged" classname="griffon.pivot.support.adapters.TableViewAdapterTest" time="0.0"/>
  <system-out><![CDATA[]]></system-out>
  <system-err><![CDATA[]]></system-err>
</testsuite>
