<?xml version="1.0" encoding="UTF-8"?>
<testsuite name="griffon.pivot.support.adapters.ListButtonSelectionAdapterTest" tests="2" skipped="0" failures="0" errors="0" timestamp="2016-10-09T11:57:18" hostname="testing-gce-50bd9316-102c-4ee8-992b-2b2af257f0cc" time="0.001">
  <properties/>
  <testcase name="testSelectedIndexChanged" classname="griffon.pivot.support.adapters.ListButtonSelectionAdapterTest" time="0.0"/>
  <testcase name="testSelectedItemChanged" classname="griffon.pivot.support.adapters.ListButtonSelectionAdapterTest" time="0.0"/>
  <system-out><![CDATA[]]></system-out>
  <system-err><![CDATA[]]></system-err>
</testsuite>
