<?xml version="1.0" encoding="UTF-8"?>
<testsuite name="griffon.pivot.support.adapters.ButtonAdapterTest" tests="6" skipped="0" failures="0" errors="0" timestamp="2016-10-14T12:23:56" hostname="testing-gce-9e2f48a6-40b1-46ad-83d7-b62c9819dd28" time="0.013">
  <properties/>
  <testcase name="testDataRendererChanged" classname="griffon.pivot.support.adapters.ButtonAdapterTest" time="0.002"/>
  <testcase name="testToggleButtonChanged" classname="griffon.pivot.support.adapters.ButtonAdapterTest" time="0.001"/>
  <testcase name="testActionChanged" classname="griffon.pivot.support.adapters.ButtonAdapterTest" time="0.001"/>
  <testcase name="testButtonGroupChanged" classname="griffon.pivot.support.adapters.ButtonAdapterTest" time="0.001"/>
  <testcase name="testTriStateChanged" classname="griffon.pivot.support.adapters.ButtonAdapterTest" time="0.001"/>
  <testcase name="testButtonDataChanged" classname="griffon.pivot.support.adapters.ButtonAdapterTest" time="0.001"/>
  <system-out><![CDATA[]]></system-out>
  <system-err><![CDATA[]]></system-err>
</testsuite>
