<?xml version="1.0" encoding="UTF-8"?>
<testsuite name="griffon.pivot.support.adapters.AlertAdapterTest" tests="6" skipped="0" failures="0" errors="0" timestamp="2016-09-19T16:10:42" hostname="testing-gce-35a66135-6c2a-47ae-8ae7-79d60611b2ca" time="0.007">
  <properties/>
  <testcase name="testSelectedOptionChanged" classname="griffon.pivot.support.adapters.AlertAdapterTest" time="0.001"/>
  <testcase name="testMessageChanged" classname="griffon.pivot.support.adapters.AlertAdapterTest" time="0.001"/>
  <testcase name="testMessageTypeChanged" classname="griffon.pivot.support.adapters.AlertAdapterTest" time="0.001"/>
  <testcase name="testOptionInserted" classname="griffon.pivot.support.adapters.AlertAdapterTest" time="0.0"/>
  <testcase name="testBodyChanged" classname="griffon.pivot.support.adapters.AlertAdapterTest" time="0.0"/>
  <testcase name="testOptionsRemoved" classname="griffon.pivot.support.adapters.AlertAdapterTest" time="0.001"/>
  <system-out><![CDATA[]]></system-out>
  <system-err><![CDATA[]]></system-err>
</testsuite>
