<?xml version="1.0" encoding="UTF-8"?>
<testsuite name="griffon.pivot.support.adapters.ContainerAdapterTest" tests="4" skipped="0" failures="0" errors="0" timestamp="2016-08-30T16:11:48" hostname="testing-gce-62a17e65-7581-40e5-afe6-413ca14aa51c" time="0.008">
  <properties/>
  <testcase name="testFocusTraversalPolicyChanged" classname="griffon.pivot.support.adapters.ContainerAdapterTest" time="0.0"/>
  <testcase name="testComponentMoved" classname="griffon.pivot.support.adapters.ContainerAdapterTest" time="0.001"/>
  <testcase name="testComponentInserted" classname="griffon.pivot.support.adapters.ContainerAdapterTest" time="0.0"/>
  <testcase name="testComponentsRemoved" classname="griffon.pivot.support.adapters.ContainerAdapterTest" time="0.007"/>
  <system-out><![CDATA[]]></system-out>
  <system-err><![CDATA[]]></system-err>
</testsuite>
