<?xml version="1.0" encoding="UTF-8"?>
<testsuite name="griffon.pivot.support.adapters.CalendarAdapterTest" tests="4" skipped="0" failures="0" errors="0" timestamp="2016-08-18T09:59:14" hostname="testing-gce-ebffe6ab-47c6-4829-a506-dd5f4e144ef6" time="0.015">
  <properties/>
  <testcase name="testYearChanged" classname="griffon.pivot.support.adapters.CalendarAdapterTest" time="0.006"/>
  <testcase name="testLocaleChanged" classname="griffon.pivot.support.adapters.CalendarAdapterTest" time="0.007"/>
  <testcase name="testMonthChanged" classname="griffon.pivot.support.adapters.CalendarAdapterTest" time="0.001"/>
  <testcase name="testDisabledDateFilterChanged" classname="griffon.pivot.support.adapters.CalendarAdapterTest" time="0.001"/>
  <system-out><![CDATA[]]></system-out>
  <system-err><![CDATA[]]></system-err>
</testsuite>
