<?xml version="1.0" encoding="UTF-8"?>
<testsuite name="griffon.pivot.support.adapters.TextInputAdapterTest" tests="8" skipped="0" failures="0" errors="0" timestamp="2016-08-18T09:59:14" hostname="testing-gce-ebffe6ab-47c6-4829-a506-dd5f4e144ef6" time="0.012">
  <properties/>
  <testcase name="testTextValidatorChanged" classname="griffon.pivot.support.adapters.TextInputAdapterTest" time="0.001"/>
  <testcase name="testTextSizeChanged" classname="griffon.pivot.support.adapters.TextInputAdapterTest" time="0.001"/>
  <testcase name="testPasswordChanged" classname="griffon.pivot.support.adapters.TextInputAdapterTest" time="0.001"/>
  <testcase name="testMaximumLengthChanged" classname="griffon.pivot.support.adapters.TextInputAdapterTest" time="0.003"/>
  <testcase name="testStrictValidationChanged" classname="griffon.pivot.support.adapters.TextInputAdapterTest" time="0.001"/>
  <testcase name="testEditableChanged" classname="griffon.pivot.support.adapters.TextInputAdapterTest" time="0.001"/>
  <testcase name="testPromptChanged" classname="griffon.pivot.support.adapters.TextInputAdapterTest" time="0.001"/>
  <testcase name="testTextValidChanged" classname="griffon.pivot.support.adapters.TextInputAdapterTest" time="0.001"/>
  <system-out><![CDATA[]]></system-out>
  <system-err><![CDATA[]]></system-err>
</testsuite>
