<?xml version="1.0" encoding="UTF-8"?>
<testsuite name="griffon.pivot.support.adapters.ButtonAdapterTest" tests="6" skipped="0" failures="0" errors="0" timestamp="2016-10-09T11:57:17" hostname="testing-gce-50bd9316-102c-4ee8-992b-2b2af257f0cc" time="0.025">
  <properties/>
  <testcase name="testDataRendererChanged" classname="griffon.pivot.support.adapters.ButtonAdapterTest" time="0.003"/>
  <testcase name="testToggleButtonChanged" classname="griffon.pivot.support.adapters.ButtonAdapterTest" time="0.002"/>
  <testcase name="testActionChanged" classname="griffon.pivot.support.adapters.ButtonAdapterTest" time="0.004"/>
  <testcase name="testButtonGroupChanged" classname="griffon.pivot.support.adapters.ButtonAdapterTest" time="0.001"/>
  <testcase name="testTriStateChanged" classname="griffon.pivot.support.adapters.ButtonAdapterTest" time="0.001"/>
  <testcase name="testButtonDataChanged" classname="griffon.pivot.support.adapters.ButtonAdapterTest" time="0.0"/>
  <system-out><![CDATA[]]></system-out>
  <system-err><![CDATA[]]></system-err>
</testsuite>
