<?xml version="1.0" encoding="UTF-8"?>
<testsuite name="griffon.pivot.support.adapters.ListButtonBindingAdapterTest" tests="6" skipped="0" failures="0" errors="0" timestamp="2016-08-18T09:59:14" hostname="testing-gce-ebffe6ab-47c6-4829-a506-dd5f4e144ef6" time="0.006">
  <properties/>
  <testcase name="testSelectedItemKeyChanged" classname="griffon.pivot.support.adapters.ListButtonBindingAdapterTest" time="0.001"/>
  <testcase name="testListDataBindMappingChanged" classname="griffon.pivot.support.adapters.ListButtonBindingAdapterTest" time="0.001"/>
  <testcase name="testSelectedItemBindMappingChanged" classname="griffon.pivot.support.adapters.ListButtonBindingAdapterTest" time="0.001"/>
  <testcase name="testSelectedItemBindTypeChanged" classname="griffon.pivot.support.adapters.ListButtonBindingAdapterTest" time="0.001"/>
  <testcase name="testListDataKeyChanged" classname="griffon.pivot.support.adapters.ListButtonBindingAdapterTest" time="0.001"/>
  <testcase name="testListDataBindTypeChanged" classname="griffon.pivot.support.adapters.ListButtonBindingAdapterTest" time="0.001"/>
  <system-out><![CDATA[]]></system-out>
  <system-err><![CDATA[]]></system-err>
</testsuite>
