<?xml version="1.0" encoding="UTF-8"?>
<testsuite name="griffon.pivot.support.adapters.TextInputAdapterTest" tests="8" skipped="0" failures="0" errors="0" timestamp="2016-10-09T11:57:17" hostname="testing-gce-50bd9316-102c-4ee8-992b-2b2af257f0cc" time="0.008">
  <properties/>
  <testcase name="testTextValidatorChanged" classname="griffon.pivot.support.adapters.TextInputAdapterTest" time="0.001"/>
  <testcase name="testTextSizeChanged" classname="griffon.pivot.support.adapters.TextInputAdapterTest" time="0.001"/>
  <testcase name="testPasswordChanged" classname="griffon.pivot.support.adapters.TextInputAdapterTest" time="0.001"/>
  <testcase name="testMaximumLengthChanged" classname="griffon.pivot.support.adapters.TextInputAdapterTest" time="0.001"/>
  <testcase name="testStrictValidationChanged" classname="griffon.pivot.support.adapters.TextInputAdapterTest" time="0.001"/>
  <testcase name="testEditableChanged" classname="griffon.pivot.support.adapters.TextInputAdapterTest" time="0.001"/>
  <testcase name="testPromptChanged" classname="griffon.pivot.support.adapters.TextInputAdapterTest" time="0.001"/>
  <testcase name="testTextValidChanged" classname="griffon.pivot.support.adapters.TextInputAdapterTest" time="0.001"/>
  <system-out><![CDATA[]]></system-out>
  <system-err><![CDATA[]]></system-err>
</testsuite>
