<?xml version="1.0" encoding="UTF-8"?>
<testsuite name="griffon.pivot.support.adapters.AlertAdapterTest" tests="6" skipped="0" failures="0" errors="0" timestamp="2016-10-14T12:23:56" hostname="testing-gce-9e2f48a6-40b1-46ad-83d7-b62c9819dd28" time="0.005">
  <properties/>
  <testcase name="testSelectedOptionChanged" classname="griffon.pivot.support.adapters.AlertAdapterTest" time="0.0"/>
  <testcase name="testMessageChanged" classname="griffon.pivot.support.adapters.AlertAdapterTest" time="0.0"/>
  <testcase name="testMessageTypeChanged" classname="griffon.pivot.support.adapters.AlertAdapterTest" time="0.001"/>
  <testcase name="testOptionInserted" classname="griffon.pivot.support.adapters.AlertAdapterTest" time="0.001"/>
  <testcase name="testBodyChanged" classname="griffon.pivot.support.adapters.AlertAdapterTest" time="0.001"/>
  <testcase name="testOptionsRemoved" classname="griffon.pivot.support.adapters.AlertAdapterTest" time="0.001"/>
  <system-out><![CDATA[]]></system-out>
  <system-err><![CDATA[]]></system-err>
</testsuite>
