<?xml version="1.0" encoding="UTF-8"?>
<testsuite name="griffon.pivot.support.adapters.ScrollPaneAdapterTest" tests="5" skipped="0" failures="0" errors="0" timestamp="2016-08-30T16:11:49" hostname="testing-gce-62a17e65-7581-40e5-afe6-413ca14aa51c" time="0.002">
  <properties/>
  <testcase name="testCornerChanged" classname="griffon.pivot.support.adapters.ScrollPaneAdapterTest" time="0.0"/>
  <testcase name="testVerticalScrollBarPolicyChanged" classname="griffon.pivot.support.adapters.ScrollPaneAdapterTest" time="0.001"/>
  <testcase name="testHorizontalScrollBarPolicyChanged" classname="griffon.pivot.support.adapters.ScrollPaneAdapterTest" time="0.0"/>
  <testcase name="testColumnHeaderChanged" classname="griffon.pivot.support.adapters.ScrollPaneAdapterTest" time="0.001"/>
  <testcase name="testRowHeaderChanged" classname="griffon.pivot.support.adapters.ScrollPaneAdapterTest" time="0.0"/>
  <system-out><![CDATA[]]></system-out>
  <system-err><![CDATA[]]></system-err>
</testsuite>
