<?xml version="1.0" encoding="UTF-8"?>
<testsuite name="griffon.pivot.support.adapters.TextInputAdapterTest" tests="8" skipped="0" failures="0" errors="0" timestamp="2016-09-29T21:35:10" hostname="testing-gce-37e58376-e068-4a33-9b50-d5b7108a1844" time="0.021">
  <properties/>
  <testcase name="testTextValidatorChanged" classname="griffon.pivot.support.adapters.TextInputAdapterTest" time="0.001"/>
  <testcase name="testTextSizeChanged" classname="griffon.pivot.support.adapters.TextInputAdapterTest" time="0.001"/>
  <testcase name="testPasswordChanged" classname="griffon.pivot.support.adapters.TextInputAdapterTest" time="0.0"/>
  <testcase name="testMaximumLengthChanged" classname="griffon.pivot.support.adapters.TextInputAdapterTest" time="0.003"/>
  <testcase name="testStrictValidationChanged" classname="griffon.pivot.support.adapters.TextInputAdapterTest" time="0.0"/>
  <testcase name="testEditableChanged" classname="griffon.pivot.support.adapters.TextInputAdapterTest" time="0.001"/>
  <testcase name="testPromptChanged" classname="griffon.pivot.support.adapters.TextInputAdapterTest" time="0.001"/>
  <testcase name="testTextValidChanged" classname="griffon.pivot.support.adapters.TextInputAdapterTest" time="0.001"/>
  <system-out><![CDATA[]]></system-out>
  <system-err><![CDATA[]]></system-err>
</testsuite>
