<?xml version="1.0" encoding="UTF-8"?>
<testsuite name="griffon.pivot.support.adapters.TextAreaSelectionAdapterTest" tests="1" skipped="0" failures="0" errors="0" timestamp="2016-08-19T07:56:42" hostname="localhost" time="0.002">
  <properties/>
  <testcase name="testSelectionChanged" classname="griffon.pivot.support.adapters.TextAreaSelectionAdapterTest" time="0.002"/>
  <system-out><![CDATA[]]></system-out>
  <system-err><![CDATA[]]></system-err>
</testsuite>
