<?xml version="1.0" encoding="UTF-8"?>
<testsuite name="griffon.pivot.support.adapters.ListButtonBindingAdapterTest" tests="6" skipped="0" failures="0" errors="0" timestamp="2016-09-19T16:10:42" hostname="testing-gce-35a66135-6c2a-47ae-8ae7-79d60611b2ca" time="0.006">
  <properties/>
  <testcase name="testSelectedItemKeyChanged" classname="griffon.pivot.support.adapters.ListButtonBindingAdapterTest" time="0.001"/>
  <testcase name="testListDataBindMappingChanged" classname="griffon.pivot.support.adapters.ListButtonBindingAdapterTest" time="0.001"/>
  <testcase name="testSelectedItemBindMappingChanged" classname="griffon.pivot.support.adapters.ListButtonBindingAdapterTest" time="0.001"/>
  <testcase name="testSelectedItemBindTypeChanged" classname="griffon.pivot.support.adapters.ListButtonBindingAdapterTest" time="0.001"/>
  <testcase name="testListDataKeyChanged" classname="griffon.pivot.support.adapters.ListButtonBindingAdapterTest" time="0.001"/>
  <testcase name="testListDataBindTypeChanged" classname="griffon.pivot.support.adapters.ListButtonBindingAdapterTest" time="0.0"/>
  <system-out><![CDATA[]]></system-out>
  <system-err><![CDATA[]]></system-err>
</testsuite>
