<?xml version="1.0" encoding="UTF-8"?>
<testsuite name="griffon.util.BindUtilsTest" tests="3" skipped="0" failures="0" errors="0" timestamp="2016-10-06T17:41:15" hostname="testing-gce-81ce1eba-0923-4d63-a3c5-2ab3ce7e6c4c" time="0.064">
  <properties/>
  <testcase name="testNoTargetProperty" classname="griffon.util.BindUtilsTest" time="0.042"/>
  <testcase name="testNoSourceProperty" classname="griffon.util.BindUtilsTest" time="0.005"/>
  <testcase name="testAllOptions" classname="griffon.util.BindUtilsTest" time="0.015"/>
  <system-out><![CDATA[]]></system-out>
  <system-err><![CDATA[Oct 06, 2016 5:41:15 PM groovy.util.FactoryBuilderSupport createNode
WARNING: Factory for name 'bind' returned null
Oct 06, 2016 5:41:15 PM groovy.util.FactoryBuilderSupport createNode
WARNING: Factory for name 'bind' returned null
Oct 06, 2016 5:41:15 PM groovy.util.FactoryBuilderSupport createNode
WARNING: Factory for name 'bind' returned null
]]></system-err>
</testsuite>
