<?xml version="1.0" encoding="UTF-8"?>
<testsuite name="org.codehaus.griffon.runtime.util.GroovyScriptResourceBundleSpec" tests="6" skipped="0" failures="0" errors="0" timestamp="2016-08-30T16:10:53" hostname="testing-gce-62a17e65-7581-40e5-afe6-413ca14aa51c" time="0.104">
  <properties/>
  <testcase name="Load bundle from class org.codehaus.griffon.runtime.util.GroovyBundle" classname="org.codehaus.griffon.runtime.util.GroovyScriptResourceBundleSpec" time="0.016"/>
  <testcase name="Load bundle from org.codehaus.griffon.runtime.util.GroovyBundle@2dfc6323" classname="org.codehaus.griffon.runtime.util.GroovyScriptResourceBundleSpec" time="0.006"/>
  <testcase name="Load bundle from groovy.key = 'groovy'" classname="org.codehaus.griffon.runtime.util.GroovyScriptResourceBundleSpec" time="0.027"/>
  <testcase name="Querying for missing 'bogus' should result in an exception" classname="org.codehaus.griffon.runtime.util.GroovyScriptResourceBundleSpec" time="0.009"/>
  <testcase name="Querying for missing 'doesnt.exist' should result in an exception" classname="org.codehaus.griffon.runtime.util.GroovyScriptResourceBundleSpec" time="0.005"/>
  <testcase name="Verify key order" classname="org.codehaus.griffon.runtime.util.GroovyScriptResourceBundleSpec" time="0.035"/>
  <system-out><![CDATA[]]></system-out>
  <system-err><![CDATA[]]></system-err>
</testsuite>
