<?xml version="1.0" encoding="UTF-8"?>
<testsuite name="griffon.util.BindUtilsTest" tests="3" skipped="0" failures="0" errors="0" timestamp="2016-08-30T16:10:56" hostname="testing-gce-62a17e65-7581-40e5-afe6-413ca14aa51c" time="0.089">
  <properties/>
  <testcase name="testNoTargetProperty" classname="griffon.util.BindUtilsTest" time="0.064"/>
  <testcase name="testNoSourceProperty" classname="griffon.util.BindUtilsTest" time="0.002"/>
  <testcase name="testAllOptions" classname="griffon.util.BindUtilsTest" time="0.023"/>
  <system-out><![CDATA[]]></system-out>
  <system-err><![CDATA[Aug 30, 2016 4:10:56 PM groovy.util.FactoryBuilderSupport createNode
WARNING: Factory for name 'bind' returned null
Aug 30, 2016 4:10:56 PM groovy.util.FactoryBuilderSupport createNode
WARNING: Factory for name 'bind' returned null
Aug 30, 2016 4:10:56 PM groovy.util.FactoryBuilderSupport createNode
WARNING: Factory for name 'bind' returned null
]]></system-err>
</testsuite>
