<?xml version="1.0" encoding="UTF-8"?>
<testsuite name="org.codehaus.griffon.runtime.util.GroovyAwareCompositeResourceBundleBuilderSpec" tests="2" skipped="0" failures="0" errors="0" timestamp="2016-09-26T20:27:52" hostname="testing-gce-e0d916ad-9926-4311-ac91-422ab9e2ca96" time="2.173">
  <properties/>
  <testcase name="Load Groovy and properties bundles" classname="org.codehaus.griffon.runtime.util.GroovyAwareCompositeResourceBundleBuilderSpec" time="2.164"/>
  <testcase name="Load Java and properties bundles" classname="org.codehaus.griffon.runtime.util.GroovyAwareCompositeResourceBundleBuilderSpec" time="0.008"/>
  <system-out><![CDATA[]]></system-out>
  <system-err><![CDATA[]]></system-err>
</testsuite>
