<?xml version="1.0" encoding="UTF-8"?>
<testsuite name="org.codehaus.griffon.runtime.util.GroovyScriptResourceBundleSpec" tests="6" skipped="0" failures="0" errors="0" timestamp="2016-10-30T17:42:57" hostname="testing-gce-1932865a-09b2-44a6-b949-d5585b0b0bad" time="0.097">
  <properties/>
  <testcase name="Load bundle from class org.codehaus.griffon.runtime.util.GroovyBundle" classname="org.codehaus.griffon.runtime.util.GroovyScriptResourceBundleSpec" time="0.016"/>
  <testcase name="Load bundle from org.codehaus.griffon.runtime.util.GroovyBundle@7f056848" classname="org.codehaus.griffon.runtime.util.GroovyScriptResourceBundleSpec" time="0.006"/>
  <testcase name="Load bundle from groovy.key = 'groovy'" classname="org.codehaus.griffon.runtime.util.GroovyScriptResourceBundleSpec" time="0.027"/>
  <testcase name="Querying for missing 'bogus' should result in an exception" classname="org.codehaus.griffon.runtime.util.GroovyScriptResourceBundleSpec" time="0.006"/>
  <testcase name="Querying for missing 'doesnt.exist' should result in an exception" classname="org.codehaus.griffon.runtime.util.GroovyScriptResourceBundleSpec" time="0.006"/>
  <testcase name="Verify key order" classname="org.codehaus.griffon.runtime.util.GroovyScriptResourceBundleSpec" time="0.033"/>
  <system-out><![CDATA[]]></system-out>
  <system-err><![CDATA[]]></system-err>
</testsuite>
