<?xml version="1.0" encoding="UTF-8"?>
<testsuite name="griffon.util.BindUtilsTest" tests="3" skipped="0" failures="0" errors="0" timestamp="2016-08-19T07:55:48" hostname="localhost" time="0.087">
  <properties/>
  <testcase name="testNoTargetProperty" classname="griffon.util.BindUtilsTest" time="0.064"/>
  <testcase name="testNoSourceProperty" classname="griffon.util.BindUtilsTest" time="0.004"/>
  <testcase name="testAllOptions" classname="griffon.util.BindUtilsTest" time="0.019"/>
  <system-out><![CDATA[]]></system-out>
  <system-err><![CDATA[Aug 19, 2016 7:55:48 AM groovy.util.FactoryBuilderSupport createNode
WARNING: Factory for name 'bind' returned null
Aug 19, 2016 7:55:48 AM groovy.util.FactoryBuilderSupport createNode
WARNING: Factory for name 'bind' returned null
Aug 19, 2016 7:55:48 AM groovy.util.FactoryBuilderSupport createNode
WARNING: Factory for name 'bind' returned null
]]></system-err>
</testsuite>
