<?xml version="1.0" encoding="UTF-8"?>
<testsuite name="griffon.util.BindUtilsTest" tests="3" skipped="0" failures="0" errors="0" timestamp="2016-09-29T21:34:17" hostname="testing-gce-37e58376-e068-4a33-9b50-d5b7108a1844" time="0.052">
  <properties/>
  <testcase name="testNoTargetProperty" classname="griffon.util.BindUtilsTest" time="0.036"/>
  <testcase name="testNoSourceProperty" classname="griffon.util.BindUtilsTest" time="0.003"/>
  <testcase name="testAllOptions" classname="griffon.util.BindUtilsTest" time="0.012"/>
  <system-out><![CDATA[]]></system-out>
  <system-err><![CDATA[Sep 29, 2016 9:34:17 PM groovy.util.FactoryBuilderSupport createNode
WARNING: Factory for name 'bind' returned null
Sep 29, 2016 9:34:17 PM groovy.util.FactoryBuilderSupport createNode
WARNING: Factory for name 'bind' returned null
Sep 29, 2016 9:34:17 PM groovy.util.FactoryBuilderSupport createNode
WARNING: Factory for name 'bind' returned null
]]></system-err>
</testsuite>
