<?xml version="1.0" encoding="UTF-8"?>
<testsuite name="griffon.util.BindUtilsTest" tests="3" skipped="0" failures="0" errors="0" timestamp="2016-09-26T20:27:56" hostname="testing-gce-e0d916ad-9926-4311-ac91-422ab9e2ca96" time="0.052">
  <properties/>
  <testcase name="testNoTargetProperty" classname="griffon.util.BindUtilsTest" time="0.039"/>
  <testcase name="testNoSourceProperty" classname="griffon.util.BindUtilsTest" time="0.001"/>
  <testcase name="testAllOptions" classname="griffon.util.BindUtilsTest" time="0.01"/>
  <system-out><![CDATA[]]></system-out>
  <system-err><![CDATA[Sep 26, 2016 8:27:56 PM groovy.util.FactoryBuilderSupport createNode
WARNING: Factory for name 'bind' returned null
Sep 26, 2016 8:27:56 PM groovy.util.FactoryBuilderSupport createNode
WARNING: Factory for name 'bind' returned null
Sep 26, 2016 8:27:56 PM groovy.util.FactoryBuilderSupport createNode
WARNING: Factory for name 'bind' returned null
]]></system-err>
</testsuite>
