<?xml version="1.0" encoding="UTF-8"?>
<testsuite name="griffon.util.BindUtilsTest" tests="3" skipped="0" failures="0" errors="0" timestamp="2016-10-30T17:42:59" hostname="testing-gce-1932865a-09b2-44a6-b949-d5585b0b0bad" time="0.058">
  <properties/>
  <testcase name="testNoTargetProperty" classname="griffon.util.BindUtilsTest" time="0.04"/>
  <testcase name="testNoSourceProperty" classname="griffon.util.BindUtilsTest" time="0.003"/>
  <testcase name="testAllOptions" classname="griffon.util.BindUtilsTest" time="0.014"/>
  <system-out><![CDATA[]]></system-out>
  <system-err><![CDATA[Oct 30, 2016 5:42:59 PM groovy.util.FactoryBuilderSupport createNode
WARNING: Factory for name 'bind' returned null
Oct 30, 2016 5:42:59 PM groovy.util.FactoryBuilderSupport createNode
WARNING: Factory for name 'bind' returned null
Oct 30, 2016 5:42:59 PM groovy.util.FactoryBuilderSupport createNode
WARNING: Factory for name 'bind' returned null
]]></system-err>
</testsuite>
