<?xml version="1.0" encoding="UTF-8"?>
<testsuite name="org.codehaus.griffon.runtime.util.GroovyAwareCompositeResourceBundleBuilderSpec" tests="2" skipped="0" failures="0" errors="0" timestamp="2016-09-29T21:34:13" hostname="testing-gce-37e58376-e068-4a33-9b50-d5b7108a1844" time="2.272">
  <properties/>
  <testcase name="Load Groovy and properties bundles" classname="org.codehaus.griffon.runtime.util.GroovyAwareCompositeResourceBundleBuilderSpec" time="2.263"/>
  <testcase name="Load Java and properties bundles" classname="org.codehaus.griffon.runtime.util.GroovyAwareCompositeResourceBundleBuilderSpec" time="0.008"/>
  <system-out><![CDATA[]]></system-out>
  <system-err><![CDATA[]]></system-err>
</testsuite>
