<?xml version="1.0" encoding="UTF-8"?>
<testsuite name="griffon.util.BindUtilsTest" tests="3" skipped="0" failures="0" errors="0" timestamp="2016-10-09T11:56:24" hostname="testing-gce-50bd9316-102c-4ee8-992b-2b2af257f0cc" time="0.061">
  <properties/>
  <testcase name="testNoTargetProperty" classname="griffon.util.BindUtilsTest" time="0.038"/>
  <testcase name="testNoSourceProperty" classname="griffon.util.BindUtilsTest" time="0.006"/>
  <testcase name="testAllOptions" classname="griffon.util.BindUtilsTest" time="0.017"/>
  <system-out><![CDATA[]]></system-out>
  <system-err><![CDATA[Oct 09, 2016 11:56:24 AM groovy.util.FactoryBuilderSupport createNode
WARNING: Factory for name 'bind' returned null
Oct 09, 2016 11:56:24 AM groovy.util.FactoryBuilderSupport createNode
WARNING: Factory for name 'bind' returned null
Oct 09, 2016 11:56:24 AM groovy.util.FactoryBuilderSupport createNode
WARNING: Factory for name 'bind' returned null
]]></system-err>
</testsuite>
