<?xml version="1.0" encoding="UTF-8"?>
<testsuite name="org.codehaus.griffon.runtime.util.GroovyAwareCompositeResourceBundleBuilderSpec" tests="2" skipped="0" failures="0" errors="0" timestamp="2016-08-30T16:10:51" hostname="testing-gce-62a17e65-7581-40e5-afe6-413ca14aa51c" time="2.357">
  <properties/>
  <testcase name="Load Groovy and properties bundles" classname="org.codehaus.griffon.runtime.util.GroovyAwareCompositeResourceBundleBuilderSpec" time="2.345"/>
  <testcase name="Load Java and properties bundles" classname="org.codehaus.griffon.runtime.util.GroovyAwareCompositeResourceBundleBuilderSpec" time="0.008"/>
  <system-out><![CDATA[]]></system-out>
  <system-err><![CDATA[]]></system-err>
</testsuite>
