<?xml version="1.0" encoding="UTF-8"?>
<testsuite name="griffon.util.BindUtilsTest" tests="3" skipped="0" failures="0" errors="0" timestamp="2016-09-19T16:09:49" hostname="testing-gce-35a66135-6c2a-47ae-8ae7-79d60611b2ca" time="0.05">
  <properties/>
  <testcase name="testNoTargetProperty" classname="griffon.util.BindUtilsTest" time="0.035"/>
  <testcase name="testNoSourceProperty" classname="griffon.util.BindUtilsTest" time="0.002"/>
  <testcase name="testAllOptions" classname="griffon.util.BindUtilsTest" time="0.013"/>
  <system-out><![CDATA[]]></system-out>
  <system-err><![CDATA[Sep 19, 2016 4:09:49 PM groovy.util.FactoryBuilderSupport createNode
WARNING: Factory for name 'bind' returned null
Sep 19, 2016 4:09:49 PM groovy.util.FactoryBuilderSupport createNode
WARNING: Factory for name 'bind' returned null
Sep 19, 2016 4:09:49 PM groovy.util.FactoryBuilderSupport createNode
WARNING: Factory for name 'bind' returned null
]]></system-err>
</testsuite>
