<?xml version="1.0" encoding="UTF-8"?>
<testsuite name="org.codehaus.griffon.runtime.util.GroovyAwareCompositeResourceBundleBuilderSpec" tests="2" skipped="0" failures="0" errors="0" timestamp="2016-09-29T21:52:20" hostname="testing-gce-cf203e64-cd6f-4108-8a0d-d9cf63c5c1c7" time="2.148">
  <properties/>
  <testcase name="Load Groovy and properties bundles" classname="org.codehaus.griffon.runtime.util.GroovyAwareCompositeResourceBundleBuilderSpec" time="2.14"/>
  <testcase name="Load Java and properties bundles" classname="org.codehaus.griffon.runtime.util.GroovyAwareCompositeResourceBundleBuilderSpec" time="0.007"/>
  <system-out><![CDATA[]]></system-out>
  <system-err><![CDATA[]]></system-err>
</testsuite>
