<?xml version="1.0" encoding="UTF-8"?>
<testsuite name="griffon.util.BindUtilsTest" tests="3" skipped="0" failures="0" errors="0" timestamp="2016-08-18T09:58:21" hostname="testing-gce-ebffe6ab-47c6-4829-a506-dd5f4e144ef6" time="0.065">
  <properties/>
  <testcase name="testNoTargetProperty" classname="griffon.util.BindUtilsTest" time="0.05"/>
  <testcase name="testNoSourceProperty" classname="griffon.util.BindUtilsTest" time="0.003"/>
  <testcase name="testAllOptions" classname="griffon.util.BindUtilsTest" time="0.012"/>
  <system-out><![CDATA[]]></system-out>
  <system-err><![CDATA[Aug 18, 2016 9:58:21 AM groovy.util.FactoryBuilderSupport createNode
WARNING: Factory for name 'bind' returned null
Aug 18, 2016 9:58:21 AM groovy.util.FactoryBuilderSupport createNode
WARNING: Factory for name 'bind' returned null
Aug 18, 2016 9:58:21 AM groovy.util.FactoryBuilderSupport createNode
WARNING: Factory for name 'bind' returned null
]]></system-err>
</testsuite>
