<?xml version="1.0" encoding="UTF-8"?>
<testsuite name="griffon.util.BindUtilsTest" tests="3" skipped="0" failures="0" errors="0" timestamp="2016-10-14T12:23:05" hostname="testing-gce-9e2f48a6-40b1-46ad-83d7-b62c9819dd28" time="0.056">
  <properties/>
  <testcase name="testNoTargetProperty" classname="griffon.util.BindUtilsTest" time="0.037"/>
  <testcase name="testNoSourceProperty" classname="griffon.util.BindUtilsTest" time="0.002"/>
  <testcase name="testAllOptions" classname="griffon.util.BindUtilsTest" time="0.016"/>
  <system-out><![CDATA[]]></system-out>
  <system-err><![CDATA[Oct 14, 2016 12:23:06 PM groovy.util.FactoryBuilderSupport createNode
WARNING: Factory for name 'bind' returned null
Oct 14, 2016 12:23:06 PM groovy.util.FactoryBuilderSupport createNode
WARNING: Factory for name 'bind' returned null
Oct 14, 2016 12:23:06 PM groovy.util.FactoryBuilderSupport createNode
WARNING: Factory for name 'bind' returned null
]]></system-err>
</testsuite>
