<?xml version="1.0" encoding="UTF-8"?>
<testsuite name="org.codehaus.griffon.runtime.util.GroovyAwareCompositeResourceBundleBuilderSpec" tests="2" skipped="0" failures="0" errors="0" timestamp="2016-10-14T12:23:01" hostname="testing-gce-9e2f48a6-40b1-46ad-83d7-b62c9819dd28" time="2.041">
  <properties/>
  <testcase name="Load Groovy and properties bundles" classname="org.codehaus.griffon.runtime.util.GroovyAwareCompositeResourceBundleBuilderSpec" time="2.032"/>
  <testcase name="Load Java and properties bundles" classname="org.codehaus.griffon.runtime.util.GroovyAwareCompositeResourceBundleBuilderSpec" time="0.007"/>
  <system-out><![CDATA[]]></system-out>
  <system-err><![CDATA[]]></system-err>
</testsuite>
