<?xml version="1.0" encoding="UTF-8"?>
<testsuite name="griffon.swing.editors.PointPropertyEditorSpec" tests="29" skipped="0" failures="0" errors="0" timestamp="2016-10-14T12:24:20" hostname="testing-gce-9e2f48a6-40b1-46ad-83d7-b62c9819dd28" time="0.047">
  <properties/>
  <testcase name="Point format 'null' should be equal to #Error:point" classname="griffon.swing.editors.PointPropertyEditorSpec" time="0.008"/>
  <testcase name="Point format '' should be equal to #Error:point" classname="griffon.swing.editors.PointPropertyEditorSpec" time="0.001"/>
  <testcase name="Point format ' ' should be equal to #Error:point" classname="griffon.swing.editors.PointPropertyEditorSpec" time="0.0"/>
  <testcase name="Point format '[]' should be equal to #Error:point" classname="griffon.swing.editors.PointPropertyEditorSpec" time="0.001"/>
  <testcase name="Point format '[:]' should be equal to #Error:point" classname="griffon.swing.editors.PointPropertyEditorSpec" time="0.001"/>
  <testcase name="Point format '10,20' should be equal to #Error:point" classname="griffon.swing.editors.PointPropertyEditorSpec" time="0.0"/>
  <testcase name="Point format '10, 20' should be equal to #Error:point" classname="griffon.swing.editors.PointPropertyEditorSpec" time="0.0"/>
  <testcase name="Point format ' 10, 20' should be equal to #Error:point" classname="griffon.swing.editors.PointPropertyEditorSpec" time="0.001"/>
  <testcase name="Point format ' 10, 20 ' should be equal to #Error:point" classname="griffon.swing.editors.PointPropertyEditorSpec" time="0.0"/>
  <testcase name="Point format '[10, 20]' should be equal to #Error:point" classname="griffon.swing.editors.PointPropertyEditorSpec" time="0.0"/>
  <testcase name="Point format '[10, 20]' should be equal to #Error:point" classname="griffon.swing.editors.PointPropertyEditorSpec" time="0.001"/>
  <testcase name="Point format '10' should be equal to #Error:point" classname="griffon.swing.editors.PointPropertyEditorSpec" time="0.0"/>
  <testcase name="Point format '10' should be equal to #Error:point" classname="griffon.swing.editors.PointPropertyEditorSpec" time="0.001"/>
  <testcase name="Point format '[10]' should be equal to #Error:point" classname="griffon.swing.editors.PointPropertyEditorSpec" time="0.001"/>
  <testcase name="Point format '[10]' should be equal to #Error:point" classname="griffon.swing.editors.PointPropertyEditorSpec" time="0.003"/>
  <testcase name="Point format '[x:10, y:20]' should be equal to #Error:point" classname="griffon.swing.editors.PointPropertyEditorSpec" time="0.001"/>
  <testcase name="Point format '[x:10, y:20]' should be equal to #Error:point" classname="griffon.swing.editors.PointPropertyEditorSpec" time="0.0"/>
  <testcase name="Point format 'java.awt.Point[x=10,y=20]' should be equal to #Error:point" classname="griffon.swing.editors.PointPropertyEditorSpec" time="0.0"/>
  <testcase name="Point format '[foo:10, bar:20]' should be equal to #Error:point" classname="griffon.swing.editors.PointPropertyEditorSpec" time="0.001"/>
  <testcase name="Invalid point format 'garbage'" classname="griffon.swing.editors.PointPropertyEditorSpec" time="0.008"/>
  <testcase name="Invalid point format '1, 2, 3'" classname="griffon.swing.editors.PointPropertyEditorSpec" time="0.001"/>
  <testcase name="Invalid point format '[1, 2, 3]'" classname="griffon.swing.editors.PointPropertyEditorSpec" time="0.0"/>
  <testcase name="Invalid point format '[x:a]'" classname="griffon.swing.editors.PointPropertyEditorSpec" time="0.0"/>
  <testcase name="Invalid point format '[y:b]'" classname="griffon.swing.editors.PointPropertyEditorSpec" time="0.001"/>
  <testcase name="Invalid point format '[java.lang.Object@1bea89f9]'" classname="griffon.swing.editors.PointPropertyEditorSpec" time="0.0"/>
  <testcase name="Invalid point format '[x:java.lang.Object@76d6249a]'" classname="griffon.swing.editors.PointPropertyEditorSpec" time="0.0"/>
  <testcase name="Invalid point format 'java.lang.Object@7e0424e1'" classname="griffon.swing.editors.PointPropertyEditorSpec" time="0.001"/>
  <testcase name="Formatted point 'null'" classname="griffon.swing.editors.PointPropertyEditorSpec" time="0.0"/>
  <testcase name="Formatted point '10.0, 20.0'" classname="griffon.swing.editors.PointPropertyEditorSpec" time="0.0"/>
  <system-out><![CDATA[]]></system-out>
  <system-err><![CDATA[]]></system-err>
</testsuite>
