<?xml version="1.0" encoding="UTF-8"?>
<testsuite name="griffon.swing.editors.ImagePropertyEditorSpec" tests="14" skipped="0" failures="0" errors="0" timestamp="2016-08-30T16:12:10" hostname="testing-gce-62a17e65-7581-40e5-afe6-413ca14aa51c" time="0.022">
  <properties/>
  <testcase name="Image format 'null' should be equal to null" classname="griffon.swing.editors.ImagePropertyEditorSpec" time="0.006"/>
  <testcase name="Image format '' should be equal to null" classname="griffon.swing.editors.ImagePropertyEditorSpec" time="0.0"/>
  <testcase name="Image format ' ' should be equal to null" classname="griffon.swing.editors.ImagePropertyEditorSpec" time="0.0"/>
  <testcase name="Invalid image format 'garbage'" classname="griffon.swing.editors.ImagePropertyEditorSpec" time="0.011"/>
  <testcase name="Invalid image format '[]'" classname="griffon.swing.editors.ImagePropertyEditorSpec" time="0.0"/>
  <testcase name="Invalid image format '[1]'" classname="griffon.swing.editors.ImagePropertyEditorSpec" time="0.001"/>
  <testcase name="Invalid image format '[1, 2]'" classname="griffon.swing.editors.ImagePropertyEditorSpec" time="0.0"/>
  <testcase name="Invalid image format '[1, 2, 3, 4, 5]'" classname="griffon.swing.editors.ImagePropertyEditorSpec" time="0.0"/>
  <testcase name="Invalid image format '[java.lang.Object@5a2d0bd9]'" classname="griffon.swing.editors.ImagePropertyEditorSpec" time="0.0"/>
  <testcase name="Invalid image format 'F00'" classname="griffon.swing.editors.ImagePropertyEditorSpec" time="0.0"/>
  <testcase name="Invalid image format '#F0'" classname="griffon.swing.editors.ImagePropertyEditorSpec" time="0.0"/>
  <testcase name="Invalid image format '#FF0000FF00'" classname="griffon.swing.editors.ImagePropertyEditorSpec" time="0.001"/>
  <testcase name="Invalid image format '[HH, FF, 00]'" classname="griffon.swing.editors.ImagePropertyEditorSpec" time="0.0"/>
  <testcase name="Invalid image format 'java.lang.Object@4b69a2fa'" classname="griffon.swing.editors.ImagePropertyEditorSpec" time="0.0"/>
  <system-out><![CDATA[]]></system-out>
  <system-err><![CDATA[]]></system-err>
</testsuite>
