<?xml version="1.0" encoding="UTF-8"?>
<testsuite name="griffon.swing.editors.PointPropertyEditorSpec" tests="29" skipped="0" failures="0" errors="0" timestamp="2016-10-09T11:57:40" hostname="testing-gce-50bd9316-102c-4ee8-992b-2b2af257f0cc" time="0.027">
  <properties/>
  <testcase name="Point format 'null' should be equal to #Error:point" classname="griffon.swing.editors.PointPropertyEditorSpec" time="0.003"/>
  <testcase name="Point format '' should be equal to #Error:point" classname="griffon.swing.editors.PointPropertyEditorSpec" time="0.0"/>
  <testcase name="Point format ' ' should be equal to #Error:point" classname="griffon.swing.editors.PointPropertyEditorSpec" time="0.0"/>
  <testcase name="Point format '[]' should be equal to #Error:point" classname="griffon.swing.editors.PointPropertyEditorSpec" time="0.0"/>
  <testcase name="Point format '[:]' should be equal to #Error:point" classname="griffon.swing.editors.PointPropertyEditorSpec" time="0.0"/>
  <testcase name="Point format '10,20' should be equal to #Error:point" classname="griffon.swing.editors.PointPropertyEditorSpec" time="0.0"/>
  <testcase name="Point format '10, 20' should be equal to #Error:point" classname="griffon.swing.editors.PointPropertyEditorSpec" time="0.0"/>
  <testcase name="Point format ' 10, 20' should be equal to #Error:point" classname="griffon.swing.editors.PointPropertyEditorSpec" time="0.0"/>
  <testcase name="Point format ' 10, 20 ' should be equal to #Error:point" classname="griffon.swing.editors.PointPropertyEditorSpec" time="0.007"/>
  <testcase name="Point format '[10, 20]' should be equal to #Error:point" classname="griffon.swing.editors.PointPropertyEditorSpec" time="0.0"/>
  <testcase name="Point format '[10, 20]' should be equal to #Error:point" classname="griffon.swing.editors.PointPropertyEditorSpec" time="0.0"/>
  <testcase name="Point format '10' should be equal to #Error:point" classname="griffon.swing.editors.PointPropertyEditorSpec" time="0.0"/>
  <testcase name="Point format '10' should be equal to #Error:point" classname="griffon.swing.editors.PointPropertyEditorSpec" time="0.0"/>
  <testcase name="Point format '[10]' should be equal to #Error:point" classname="griffon.swing.editors.PointPropertyEditorSpec" time="0.001"/>
  <testcase name="Point format '[10]' should be equal to #Error:point" classname="griffon.swing.editors.PointPropertyEditorSpec" time="0.0"/>
  <testcase name="Point format '[x:10, y:20]' should be equal to #Error:point" classname="griffon.swing.editors.PointPropertyEditorSpec" time="0.001"/>
  <testcase name="Point format '[x:10, y:20]' should be equal to #Error:point" classname="griffon.swing.editors.PointPropertyEditorSpec" time="0.0"/>
  <testcase name="Point format 'java.awt.Point[x=10,y=20]' should be equal to #Error:point" classname="griffon.swing.editors.PointPropertyEditorSpec" time="0.0"/>
  <testcase name="Point format '[foo:10, bar:20]' should be equal to #Error:point" classname="griffon.swing.editors.PointPropertyEditorSpec" time="0.001"/>
  <testcase name="Invalid point format 'garbage'" classname="griffon.swing.editors.PointPropertyEditorSpec" time="0.0"/>
  <testcase name="Invalid point format '1, 2, 3'" classname="griffon.swing.editors.PointPropertyEditorSpec" time="0.001"/>
  <testcase name="Invalid point format '[1, 2, 3]'" classname="griffon.swing.editors.PointPropertyEditorSpec" time="0.0"/>
  <testcase name="Invalid point format '[x:a]'" classname="griffon.swing.editors.PointPropertyEditorSpec" time="0.0"/>
  <testcase name="Invalid point format '[y:b]'" classname="griffon.swing.editors.PointPropertyEditorSpec" time="0.0"/>
  <testcase name="Invalid point format '[java.lang.Object@c688950]'" classname="griffon.swing.editors.PointPropertyEditorSpec" time="0.0"/>
  <testcase name="Invalid point format '[x:java.lang.Object@13be1eb6]'" classname="griffon.swing.editors.PointPropertyEditorSpec" time="0.0"/>
  <testcase name="Invalid point format 'java.lang.Object@591aa02f'" classname="griffon.swing.editors.PointPropertyEditorSpec" time="0.0"/>
  <testcase name="Formatted point 'null'" classname="griffon.swing.editors.PointPropertyEditorSpec" time="0.0"/>
  <testcase name="Formatted point '10.0, 20.0'" classname="griffon.swing.editors.PointPropertyEditorSpec" time="0.0"/>
  <system-out><![CDATA[]]></system-out>
  <system-err><![CDATA[]]></system-err>
</testsuite>
