<?xml version="1.0" encoding="UTF-8"?>
<testsuite name="griffon.swing.editors.ImagePropertyEditorSpec" tests="14" skipped="0" failures="0" errors="0" timestamp="2016-10-30T17:44:18" hostname="testing-gce-1932865a-09b2-44a6-b949-d5585b0b0bad" time="0.022">
  <properties/>
  <testcase name="Image format 'null' should be equal to null" classname="griffon.swing.editors.ImagePropertyEditorSpec" time="0.006"/>
  <testcase name="Image format '' should be equal to null" classname="griffon.swing.editors.ImagePropertyEditorSpec" time="0.0"/>
  <testcase name="Image format ' ' should be equal to null" classname="griffon.swing.editors.ImagePropertyEditorSpec" time="0.001"/>
  <testcase name="Invalid image format 'garbage'" classname="griffon.swing.editors.ImagePropertyEditorSpec" time="0.001"/>
  <testcase name="Invalid image format '[]'" classname="griffon.swing.editors.ImagePropertyEditorSpec" time="0.001"/>
  <testcase name="Invalid image format '[1]'" classname="griffon.swing.editors.ImagePropertyEditorSpec" time="0.001"/>
  <testcase name="Invalid image format '[1, 2]'" classname="griffon.swing.editors.ImagePropertyEditorSpec" time="0.0"/>
  <testcase name="Invalid image format '[1, 2, 3, 4, 5]'" classname="griffon.swing.editors.ImagePropertyEditorSpec" time="0.001"/>
  <testcase name="Invalid image format '[java.lang.Object@73f8da7d]'" classname="griffon.swing.editors.ImagePropertyEditorSpec" time="0.0"/>
  <testcase name="Invalid image format 'F00'" classname="griffon.swing.editors.ImagePropertyEditorSpec" time="0.0"/>
  <testcase name="Invalid image format '#F0'" classname="griffon.swing.editors.ImagePropertyEditorSpec" time="0.0"/>
  <testcase name="Invalid image format '#FF0000FF00'" classname="griffon.swing.editors.ImagePropertyEditorSpec" time="0.001"/>
  <testcase name="Invalid image format '[HH, FF, 00]'" classname="griffon.swing.editors.ImagePropertyEditorSpec" time="0.001"/>
  <testcase name="Invalid image format 'java.lang.Object@79204ef7'" classname="griffon.swing.editors.ImagePropertyEditorSpec" time="0.003"/>
  <system-out><![CDATA[]]></system-out>
  <system-err><![CDATA[]]></system-err>
</testsuite>
