<?xml version="1.0" encoding="UTF-8"?>
<testsuite name="org.codehaus.griffon.compile.core.processor.artifact.ArtifactCollectorTest" tests="20" skipped="0" failures="0" errors="0" timestamp="2016-06-15T12:05:52" hostname="testing-gce-92bc9de2-5bad-4310-af48-15e4e974841d.c.travis-ci-prod-2.internal" time="0.024">
  <properties/>
  <testcase name="testGetArtifactNewWithBiggerInitializer" classname="org.codehaus.griffon.compile.core.processor.artifact.ArtifactCollectorTest" time="0.002"/>
  <testcase name="testRemoveProviderWhenEmpty" classname="org.codehaus.griffon.compile.core.processor.artifact.ArtifactCollectorTest" time="0.001"/>
  <testcase name="testGetArtifactExisting" classname="org.codehaus.griffon.compile.core.processor.artifact.ArtifactCollectorTest" time="0.0"/>
  <testcase name="testArtifactsMore" classname="org.codehaus.griffon.compile.core.processor.artifact.ArtifactCollectorTest" time="0.001"/>
  <testcase name="testGetArtifactNewWithInitializer" classname="org.codehaus.griffon.compile.core.processor.artifact.ArtifactCollectorTest" time="0.002"/>
  <testcase name="testToStringExistingArtifact" classname="org.codehaus.griffon.compile.core.processor.artifact.ArtifactCollectorTest" time="0.001"/>
  <testcase name="testRemoveProviderWhenInTwoArtifacts" classname="org.codehaus.griffon.compile.core.processor.artifact.ArtifactCollectorTest" time="0.0"/>
  <testcase name="testGetArtifactNewWithInitializerContainingRemovedElement" classname="org.codehaus.griffon.compile.core.processor.artifact.ArtifactCollectorTest" time="0.001"/>
  <testcase name="testToStringEmpty" classname="org.codehaus.griffon.compile.core.processor.artifact.ArtifactCollectorTest" time="0.0"/>
  <testcase name="testToStringNonExistingArtifact" classname="org.codehaus.griffon.compile.core.processor.artifact.ArtifactCollectorTest" time="0.001"/>
  <testcase name="testArtifactsOne" classname="org.codehaus.griffon.compile.core.processor.artifact.ArtifactCollectorTest" time="0.0"/>
  <testcase name="testRemoveProviderNull" classname="org.codehaus.griffon.compile.core.processor.artifact.ArtifactCollectorTest" time="0.0"/>
  <testcase name="testRemoveProviderWhenInOneArtifact" classname="org.codehaus.griffon.compile.core.processor.artifact.ArtifactCollectorTest" time="0.0"/>
  <testcase name="testGetArtifactNull" classname="org.codehaus.griffon.compile.core.processor.artifact.ArtifactCollectorTest" time="0.001"/>
  <testcase name="testGetArtifactNew" classname="org.codehaus.griffon.compile.core.processor.artifact.ArtifactCollectorTest" time="0.0"/>
  <testcase name="testToStringMoreExistingArtifacts" classname="org.codehaus.griffon.compile.core.processor.artifact.ArtifactCollectorTest" time="0.001"/>
  <testcase name="testArtifactsDuplicate" classname="org.codehaus.griffon.compile.core.processor.artifact.ArtifactCollectorTest" time="0.001"/>
  <testcase name="testRemoveProviderWhenInNotOneArtifact" classname="org.codehaus.griffon.compile.core.processor.artifact.ArtifactCollectorTest" time="0.0"/>
  <testcase name="testRemoveProviderWhenInSomeArtifacts" classname="org.codehaus.griffon.compile.core.processor.artifact.ArtifactCollectorTest" time="0.001"/>
  <testcase name="testArtifactsEmpty" classname="org.codehaus.griffon.compile.core.processor.artifact.ArtifactCollectorTest" time="0.0"/>
  <system-out><![CDATA[]]></system-out>
  <system-err><![CDATA[]]></system-err>
</testsuite>
