<?xml version="1.0" encoding="UTF-8"?>
<testsuite name="org.codehaus.griffon.compile.core.processor.editor.PropertyEditorCollectorTest" tests="16" skipped="0" failures="0" errors="0" timestamp="2016-06-15T15:18:16" hostname="testing-gce-d48e4618-8743-49ce-ab58-b05a4715e7f0.c.travis-ci-prod-3.internal" time="0.031">
  <properties/>
  <testcase name="testRemovePropertyEditorWhenInOnePropertyEditor" classname="org.codehaus.griffon.compile.core.processor.editor.PropertyEditorCollectorTest" time="0.013"/>
  <testcase name="testPropertyEditorsMore" classname="org.codehaus.griffon.compile.core.processor.editor.PropertyEditorCollectorTest" time="0.004"/>
  <testcase name="testRemovePropertyEditorNull" classname="org.codehaus.griffon.compile.core.processor.editor.PropertyEditorCollectorTest" time="0.003"/>
  <testcase name="testToStringEmpty" classname="org.codehaus.griffon.compile.core.processor.editor.PropertyEditorCollectorTest" time="0.0"/>
  <testcase name="testPropertyEditorsOne" classname="org.codehaus.griffon.compile.core.processor.editor.PropertyEditorCollectorTest" time="0.0"/>
  <testcase name="testGetPropertyEditorNew" classname="org.codehaus.griffon.compile.core.processor.editor.PropertyEditorCollectorTest" time="0.001"/>
  <testcase name="testToStringMoreExistingPropertyEditors" classname="org.codehaus.griffon.compile.core.processor.editor.PropertyEditorCollectorTest" time="0.0"/>
  <testcase name="testToStringNonExistingPropertyEditor" classname="org.codehaus.griffon.compile.core.processor.editor.PropertyEditorCollectorTest" time="0.0"/>
  <testcase name="testRemovePropertyEditorWhenInTwoPropertyEditors" classname="org.codehaus.griffon.compile.core.processor.editor.PropertyEditorCollectorTest" time="0.0"/>
  <testcase name="testRemovePropertyEditorWhenInNotOnePropertyEditor" classname="org.codehaus.griffon.compile.core.processor.editor.PropertyEditorCollectorTest" time="0.0"/>
  <testcase name="testRemovePropertyEditorWhenInSomePropertyEditors" classname="org.codehaus.griffon.compile.core.processor.editor.PropertyEditorCollectorTest" time="0.0"/>
  <testcase name="testPropertyEditorsEmpty" classname="org.codehaus.griffon.compile.core.processor.editor.PropertyEditorCollectorTest" time="0.0"/>
  <testcase name="testRemovePropertyEditorWhenEmpty" classname="org.codehaus.griffon.compile.core.processor.editor.PropertyEditorCollectorTest" time="0.0"/>
  <testcase name="testGetPropertyEditorExisting" classname="org.codehaus.griffon.compile.core.processor.editor.PropertyEditorCollectorTest" time="0.0"/>
  <testcase name="testToStringExistingPropertyEditor" classname="org.codehaus.griffon.compile.core.processor.editor.PropertyEditorCollectorTest" time="0.0"/>
  <testcase name="testGetPropertyEditorNull" classname="org.codehaus.griffon.compile.core.processor.editor.PropertyEditorCollectorTest" time="0.001"/>
  <system-out><![CDATA[]]></system-out>
  <system-err><![CDATA[]]></system-err>
</testsuite>
