<?xml version="1.0" encoding="UTF-8"?>
<testsuite name="org.codehaus.griffon.compile.core.processor.editor.PropertyEditorCollectorTest" tests="16" skipped="0" failures="0" errors="0" timestamp="2016-06-15T12:00:41" hostname="testing-gce-371861a3-a5d1-4e59-a343-a675089416a3.c.travis-ci-prod-2.internal" time="0.03">
  <properties/>
  <testcase name="testRemovePropertyEditorWhenInOnePropertyEditor" classname="org.codehaus.griffon.compile.core.processor.editor.PropertyEditorCollectorTest" time="0.008"/>
  <testcase name="testPropertyEditorsMore" classname="org.codehaus.griffon.compile.core.processor.editor.PropertyEditorCollectorTest" time="0.003"/>
  <testcase name="testRemovePropertyEditorNull" classname="org.codehaus.griffon.compile.core.processor.editor.PropertyEditorCollectorTest" time="0.001"/>
  <testcase name="testToStringEmpty" classname="org.codehaus.griffon.compile.core.processor.editor.PropertyEditorCollectorTest" time="0.0"/>
  <testcase name="testPropertyEditorsOne" classname="org.codehaus.griffon.compile.core.processor.editor.PropertyEditorCollectorTest" time="0.001"/>
  <testcase name="testGetPropertyEditorNew" classname="org.codehaus.griffon.compile.core.processor.editor.PropertyEditorCollectorTest" time="0.0"/>
  <testcase name="testToStringMoreExistingPropertyEditors" classname="org.codehaus.griffon.compile.core.processor.editor.PropertyEditorCollectorTest" time="0.0"/>
  <testcase name="testToStringNonExistingPropertyEditor" classname="org.codehaus.griffon.compile.core.processor.editor.PropertyEditorCollectorTest" time="0.001"/>
  <testcase name="testRemovePropertyEditorWhenInTwoPropertyEditors" classname="org.codehaus.griffon.compile.core.processor.editor.PropertyEditorCollectorTest" time="0.001"/>
  <testcase name="testRemovePropertyEditorWhenInNotOnePropertyEditor" classname="org.codehaus.griffon.compile.core.processor.editor.PropertyEditorCollectorTest" time="0.0"/>
  <testcase name="testRemovePropertyEditorWhenInSomePropertyEditors" classname="org.codehaus.griffon.compile.core.processor.editor.PropertyEditorCollectorTest" time="0.001"/>
  <testcase name="testPropertyEditorsEmpty" classname="org.codehaus.griffon.compile.core.processor.editor.PropertyEditorCollectorTest" time="0.003"/>
  <testcase name="testRemovePropertyEditorWhenEmpty" classname="org.codehaus.griffon.compile.core.processor.editor.PropertyEditorCollectorTest" time="0.001"/>
  <testcase name="testGetPropertyEditorExisting" classname="org.codehaus.griffon.compile.core.processor.editor.PropertyEditorCollectorTest" time="0.003"/>
  <testcase name="testToStringExistingPropertyEditor" classname="org.codehaus.griffon.compile.core.processor.editor.PropertyEditorCollectorTest" time="0.0"/>
  <testcase name="testGetPropertyEditorNull" classname="org.codehaus.griffon.compile.core.processor.editor.PropertyEditorCollectorTest" time="0.001"/>
  <system-out><![CDATA[]]></system-out>
  <system-err><![CDATA[]]></system-err>
</testsuite>
