<?xml version="1.0" encoding="UTF-8"?>
<testsuite name="org.codehaus.griffon.compile.core.processor.artifact.ArtifactCollectorTest" tests="20" skipped="0" failures="0" errors="0" timestamp="2016-06-27T14:57:28" hostname="testing-gce-760f23d3-72d5-4494-9435-3a673eeae758.c.travis-ci-prod-5.internal" time="0.013">
  <properties/>
  <testcase name="testGetArtifactNewWithBiggerInitializer" classname="org.codehaus.griffon.compile.core.processor.artifact.ArtifactCollectorTest" time="0.002"/>
  <testcase name="testRemoveProviderWhenEmpty" classname="org.codehaus.griffon.compile.core.processor.artifact.ArtifactCollectorTest" time="0.0"/>
  <testcase name="testGetArtifactExisting" classname="org.codehaus.griffon.compile.core.processor.artifact.ArtifactCollectorTest" time="0.0"/>
  <testcase name="testArtifactsMore" classname="org.codehaus.griffon.compile.core.processor.artifact.ArtifactCollectorTest" time="0.001"/>
  <testcase name="testGetArtifactNewWithInitializer" classname="org.codehaus.griffon.compile.core.processor.artifact.ArtifactCollectorTest" time="0.0"/>
  <testcase name="testToStringExistingArtifact" classname="org.codehaus.griffon.compile.core.processor.artifact.ArtifactCollectorTest" time="0.0"/>
  <testcase name="testRemoveProviderWhenInTwoArtifacts" classname="org.codehaus.griffon.compile.core.processor.artifact.ArtifactCollectorTest" time="0.0"/>
  <testcase name="testGetArtifactNewWithInitializerContainingRemovedElement" classname="org.codehaus.griffon.compile.core.processor.artifact.ArtifactCollectorTest" time="0.0"/>
  <testcase name="testToStringEmpty" classname="org.codehaus.griffon.compile.core.processor.artifact.ArtifactCollectorTest" time="0.001"/>
  <testcase name="testToStringNonExistingArtifact" classname="org.codehaus.griffon.compile.core.processor.artifact.ArtifactCollectorTest" time="0.001"/>
  <testcase name="testArtifactsOne" classname="org.codehaus.griffon.compile.core.processor.artifact.ArtifactCollectorTest" time="0.001"/>
  <testcase name="testRemoveProviderNull" classname="org.codehaus.griffon.compile.core.processor.artifact.ArtifactCollectorTest" time="0.0"/>
  <testcase name="testRemoveProviderWhenInOneArtifact" classname="org.codehaus.griffon.compile.core.processor.artifact.ArtifactCollectorTest" time="0.001"/>
  <testcase name="testGetArtifactNull" classname="org.codehaus.griffon.compile.core.processor.artifact.ArtifactCollectorTest" time="0.0"/>
  <testcase name="testGetArtifactNew" classname="org.codehaus.griffon.compile.core.processor.artifact.ArtifactCollectorTest" time="0.0"/>
  <testcase name="testToStringMoreExistingArtifacts" classname="org.codehaus.griffon.compile.core.processor.artifact.ArtifactCollectorTest" time="0.001"/>
  <testcase name="testArtifactsDuplicate" classname="org.codehaus.griffon.compile.core.processor.artifact.ArtifactCollectorTest" time="0.0"/>
  <testcase name="testRemoveProviderWhenInNotOneArtifact" classname="org.codehaus.griffon.compile.core.processor.artifact.ArtifactCollectorTest" time="0.001"/>
  <testcase name="testRemoveProviderWhenInSomeArtifacts" classname="org.codehaus.griffon.compile.core.processor.artifact.ArtifactCollectorTest" time="0.0"/>
  <testcase name="testArtifactsEmpty" classname="org.codehaus.griffon.compile.core.processor.artifact.ArtifactCollectorTest" time="0.0"/>
  <system-out><![CDATA[]]></system-out>
  <system-err><![CDATA[]]></system-err>
</testsuite>
