<?xml version="1.0" encoding="UTF-8"?>
<testsuite name="org.codehaus.griffon.compile.core.processor.editor.PropertyEditorCollectorTest" tests="16" skipped="0" failures="0" errors="0" timestamp="2016-07-06T21:18:03" hostname="testing-gce-5d1c1432-f7a4-494b-97c8-305abc015dd2.c.travis-ci-prod-4.internal" time="0.037">
  <properties/>
  <testcase name="testRemovePropertyEditorWhenInOnePropertyEditor" classname="org.codehaus.griffon.compile.core.processor.editor.PropertyEditorCollectorTest" time="0.012"/>
  <testcase name="testPropertyEditorsMore" classname="org.codehaus.griffon.compile.core.processor.editor.PropertyEditorCollectorTest" time="0.006"/>
  <testcase name="testRemovePropertyEditorNull" classname="org.codehaus.griffon.compile.core.processor.editor.PropertyEditorCollectorTest" time="0.0"/>
  <testcase name="testToStringEmpty" classname="org.codehaus.griffon.compile.core.processor.editor.PropertyEditorCollectorTest" time="0.001"/>
  <testcase name="testPropertyEditorsOne" classname="org.codehaus.griffon.compile.core.processor.editor.PropertyEditorCollectorTest" time="0.0"/>
  <testcase name="testGetPropertyEditorNew" classname="org.codehaus.griffon.compile.core.processor.editor.PropertyEditorCollectorTest" time="0.0"/>
  <testcase name="testToStringMoreExistingPropertyEditors" classname="org.codehaus.griffon.compile.core.processor.editor.PropertyEditorCollectorTest" time="0.0"/>
  <testcase name="testToStringNonExistingPropertyEditor" classname="org.codehaus.griffon.compile.core.processor.editor.PropertyEditorCollectorTest" time="0.0"/>
  <testcase name="testRemovePropertyEditorWhenInTwoPropertyEditors" classname="org.codehaus.griffon.compile.core.processor.editor.PropertyEditorCollectorTest" time="0.004"/>
  <testcase name="testRemovePropertyEditorWhenInNotOnePropertyEditor" classname="org.codehaus.griffon.compile.core.processor.editor.PropertyEditorCollectorTest" time="0.001"/>
  <testcase name="testRemovePropertyEditorWhenInSomePropertyEditors" classname="org.codehaus.griffon.compile.core.processor.editor.PropertyEditorCollectorTest" time="0.001"/>
  <testcase name="testPropertyEditorsEmpty" classname="org.codehaus.griffon.compile.core.processor.editor.PropertyEditorCollectorTest" time="0.001"/>
  <testcase name="testRemovePropertyEditorWhenEmpty" classname="org.codehaus.griffon.compile.core.processor.editor.PropertyEditorCollectorTest" time="0.002"/>
  <testcase name="testGetPropertyEditorExisting" classname="org.codehaus.griffon.compile.core.processor.editor.PropertyEditorCollectorTest" time="0.0"/>
  <testcase name="testToStringExistingPropertyEditor" classname="org.codehaus.griffon.compile.core.processor.editor.PropertyEditorCollectorTest" time="0.001"/>
  <testcase name="testGetPropertyEditorNull" classname="org.codehaus.griffon.compile.core.processor.editor.PropertyEditorCollectorTest" time="0.004"/>
  <system-out><![CDATA[]]></system-out>
  <system-err><![CDATA[]]></system-err>
</testsuite>
