<?xml version="1.0" encoding="UTF-8"?>
<testsuite name="org.codehaus.griffon.compile.core.processor.editor.PropertyEditorCollectorTest" tests="16" skipped="0" failures="0" errors="0" timestamp="2016-06-14T15:43:22" hostname="testing-gce-a9016c96-9b9e-41b7-a607-188e795cb1a9.c.travis-ci-prod-3.internal" time="0.015">
  <properties/>
  <testcase name="testRemovePropertyEditorWhenInOnePropertyEditor" classname="org.codehaus.griffon.compile.core.processor.editor.PropertyEditorCollectorTest" time="0.007"/>
  <testcase name="testPropertyEditorsMore" classname="org.codehaus.griffon.compile.core.processor.editor.PropertyEditorCollectorTest" time="0.002"/>
  <testcase name="testRemovePropertyEditorNull" classname="org.codehaus.griffon.compile.core.processor.editor.PropertyEditorCollectorTest" time="0.0"/>
  <testcase name="testToStringEmpty" classname="org.codehaus.griffon.compile.core.processor.editor.PropertyEditorCollectorTest" time="0.0"/>
  <testcase name="testPropertyEditorsOne" classname="org.codehaus.griffon.compile.core.processor.editor.PropertyEditorCollectorTest" time="0.0"/>
  <testcase name="testGetPropertyEditorNew" classname="org.codehaus.griffon.compile.core.processor.editor.PropertyEditorCollectorTest" time="0.0"/>
  <testcase name="testToStringMoreExistingPropertyEditors" classname="org.codehaus.griffon.compile.core.processor.editor.PropertyEditorCollectorTest" time="0.001"/>
  <testcase name="testToStringNonExistingPropertyEditor" classname="org.codehaus.griffon.compile.core.processor.editor.PropertyEditorCollectorTest" time="0.0"/>
  <testcase name="testRemovePropertyEditorWhenInTwoPropertyEditors" classname="org.codehaus.griffon.compile.core.processor.editor.PropertyEditorCollectorTest" time="0.0"/>
  <testcase name="testRemovePropertyEditorWhenInNotOnePropertyEditor" classname="org.codehaus.griffon.compile.core.processor.editor.PropertyEditorCollectorTest" time="0.0"/>
  <testcase name="testRemovePropertyEditorWhenInSomePropertyEditors" classname="org.codehaus.griffon.compile.core.processor.editor.PropertyEditorCollectorTest" time="0.001"/>
  <testcase name="testPropertyEditorsEmpty" classname="org.codehaus.griffon.compile.core.processor.editor.PropertyEditorCollectorTest" time="0.0"/>
  <testcase name="testRemovePropertyEditorWhenEmpty" classname="org.codehaus.griffon.compile.core.processor.editor.PropertyEditorCollectorTest" time="0.0"/>
  <testcase name="testGetPropertyEditorExisting" classname="org.codehaus.griffon.compile.core.processor.editor.PropertyEditorCollectorTest" time="0.0"/>
  <testcase name="testToStringExistingPropertyEditor" classname="org.codehaus.griffon.compile.core.processor.editor.PropertyEditorCollectorTest" time="0.0"/>
  <testcase name="testGetPropertyEditorNull" classname="org.codehaus.griffon.compile.core.processor.editor.PropertyEditorCollectorTest" time="0.001"/>
  <system-out><![CDATA[]]></system-out>
  <system-err><![CDATA[]]></system-err>
</testsuite>
