<?xml version="1.0" encoding="UTF-8"?>
<testsuite name="org.codehaus.griffon.runtime.pivot.TestPivotApplicationBootstrapperSpec" tests="1" skipped="0" failures="0" errors="0" timestamp="2015-05-15T09:51:40" hostname="testing-worker-linux-226df11e-2-8634-linux-9-62677408" time="3.091">
  <properties/>
  <testcase name="Can register Display on Injector" classname="org.codehaus.griffon.runtime.pivot.TestPivotApplicationBootstrapperSpec" time="3.091"/>
  <system-out><![CDATA[]]></system-out>
  <system-err><![CDATA[[Test worker] INFO org.codehaus.griffon.runtime.core.DefaultApplicationBootstrapper - Griffon 2.3.0-SNAPSHOT
[Test worker] INFO org.codehaus.griffon.runtime.core.DefaultApplicationBootstrapper - Build: 2015-05-15T09:46:25.607+0000
[Test worker] INFO org.codehaus.griffon.runtime.core.DefaultApplicationBootstrapper - JVM: 1.8.0_45 (Oracle Corporation 25.45-b02)
[Test worker] INFO org.codehaus.griffon.runtime.core.DefaultApplicationBootstrapper - OS: Linux 2.6.32-042stab090.5 amd64
]]></system-err>
</testsuite>
