<?xml version="1.0" encoding="UTF-8"?>
<testsuite name="org.codehaus.griffon.runtime.pivot.TestPivotApplicationBootstrapperSpec" tests="1" skipped="0" failures="0" errors="0" timestamp="2016-06-14T08:29:25" hostname="testing-gce-6f13e417-279e-490e-afe4-04e3c9d2e05f.c.travis-ci-prod-5.internal" time="2.426">
  <properties/>
  <testcase name="Can register Display on Injector" classname="org.codehaus.griffon.runtime.pivot.TestPivotApplicationBootstrapperSpec" time="2.426"/>
  <system-out><![CDATA[]]></system-out>
  <system-err><![CDATA[[Test worker] INFO org.codehaus.griffon.runtime.core.DefaultApplicationBootstrapper - Griffon 2.7.0-SNAPSHOT
[Test worker] INFO org.codehaus.griffon.runtime.core.DefaultApplicationBootstrapper - Build: 2016-06-14T08:26:13.529+0000
[Test worker] INFO org.codehaus.griffon.runtime.core.DefaultApplicationBootstrapper - Revision: 051bd9df27cb9d5213d1821b9af73e53f455bb37
[Test worker] INFO org.codehaus.griffon.runtime.core.DefaultApplicationBootstrapper - JVM: 1.8.0_91 (Oracle Corporation 25.91-b14)
[Test worker] INFO org.codehaus.griffon.runtime.core.DefaultApplicationBootstrapper - OS: Linux 3.13.0-63-generic amd64
]]></system-err>
</testsuite>
