<?xml version="1.0" encoding="UTF-8"?>
<testsuite name="org.codehaus.griffon.runtime.pivot.TestPivotApplicationBootstrapperSpec" tests="1" skipped="0" failures="0" errors="0" timestamp="2015-09-03T15:06:38" hostname="testing-worker-linux-77796cae-2-11556-linux-3-78593077" time="1.984">
  <properties/>
  <testcase name="Can register Display on Injector" classname="org.codehaus.griffon.runtime.pivot.TestPivotApplicationBootstrapperSpec" time="1.984"/>
  <system-out><![CDATA[]]></system-out>
  <system-err><![CDATA[[Test worker] INFO org.codehaus.griffon.runtime.core.DefaultApplicationBootstrapper - Griffon 2.4.0
[Test worker] INFO org.codehaus.griffon.runtime.core.DefaultApplicationBootstrapper - Build: 2015-09-03T15:02:34.076+0000
[Test worker] INFO org.codehaus.griffon.runtime.core.DefaultApplicationBootstrapper - Revision: bff3efc24863dcaf724eca177ca6f7bb65fc25cf
[Test worker] INFO org.codehaus.griffon.runtime.core.DefaultApplicationBootstrapper - JVM: 1.8.0_60 (Oracle Corporation 25.60-b23)
[Test worker] INFO org.codehaus.griffon.runtime.core.DefaultApplicationBootstrapper - OS: Linux 2.6.32-042stab090.5 amd64
]]></system-err>
</testsuite>
