<?xml version="1.0" encoding="UTF-8"?>
<testsuite name="org.codehaus.griffon.runtime.pivot.TestPivotApplicationBootstrapperSpec" tests="1" skipped="0" failures="0" errors="0" timestamp="2015-09-14T11:20:28" hostname="testing-worker-linux-da6418d7-2-525-linux-14-80218693" time="1.776">
  <properties/>
  <testcase name="Can register Display on Injector" classname="org.codehaus.griffon.runtime.pivot.TestPivotApplicationBootstrapperSpec" time="1.776"/>
  <system-out><![CDATA[]]></system-out>
  <system-err><![CDATA[[Test worker] INFO org.codehaus.griffon.runtime.core.DefaultApplicationBootstrapper - Griffon 2.5.0-SNAPSHOT
[Test worker] INFO org.codehaus.griffon.runtime.core.DefaultApplicationBootstrapper - Build: 2015-09-14T11:16:39.678+0000
[Test worker] INFO org.codehaus.griffon.runtime.core.DefaultApplicationBootstrapper - Revision: f6d96947e132db2dd17eed2069a19bda782432cb
[Test worker] INFO org.codehaus.griffon.runtime.core.DefaultApplicationBootstrapper - JVM: 1.8.0_60 (Oracle Corporation 25.60-b23)
[Test worker] INFO org.codehaus.griffon.runtime.core.DefaultApplicationBootstrapper - OS: Linux 2.6.32-042stab108.8 amd64
]]></system-err>
</testsuite>
