<?xml version="1.0" encoding="UTF-8"?>
<testsuite name="org.codehaus.griffon.runtime.pivot.TestPivotApplicationBootstrapperSpec" tests="1" skipped="0" failures="0" errors="0" timestamp="2016-02-06T20:08:39" hostname="testing-gce-648be8c3-5ffb-4ab0-a4b4-0304b7ab8f12.c.eco-emissary-99515.internal" time="2.049">
  <properties/>
  <testcase name="Can register Display on Injector" classname="org.codehaus.griffon.runtime.pivot.TestPivotApplicationBootstrapperSpec" time="2.049"/>
  <system-out><![CDATA[]]></system-out>
  <system-err><![CDATA[[Test worker] INFO org.codehaus.griffon.runtime.core.DefaultApplicationBootstrapper - Griffon 2.6.0-SNAPSHOT
[Test worker] INFO org.codehaus.griffon.runtime.core.DefaultApplicationBootstrapper - Build: 2016-02-06T20:05:35.227+0000
[Test worker] INFO org.codehaus.griffon.runtime.core.DefaultApplicationBootstrapper - Revision: 7cd78fdb8f2ef75eb3c70837d5688dc8f7f81020
[Test worker] INFO org.codehaus.griffon.runtime.core.DefaultApplicationBootstrapper - JVM: 1.8.0_72 (Oracle Corporation 25.72-b15)
[Test worker] INFO org.codehaus.griffon.runtime.core.DefaultApplicationBootstrapper - OS: Linux 3.13.0-63-generic amd64
]]></system-err>
</testsuite>
