<?xml version="1.0" encoding="UTF-8"?>
<testsuite name="org.codehaus.griffon.runtime.shiro.ShiroSpec" tests="20" failures="0" errors="0" timestamp="2014-06-20T11:16:01" hostname="testing-worker-linux-5-2-32051-linux-10-28033040" time="5.9">
  <properties/>
  <testcase name="Guest with guest has outcome guest" classname="org.codehaus.griffon.runtime.shiro.ShiroSpec" time="2.371"/>
  <testcase name="Guest with user has outcome null" classname="org.codehaus.griffon.runtime.shiro.ShiroSpec" time="0.335"/>
  <testcase name="Guest with authenticated has outcome null" classname="org.codehaus.griffon.runtime.shiro.ShiroSpec" time="0.292"/>
  <testcase name="Guest with roles has outcome null" classname="org.codehaus.griffon.runtime.shiro.ShiroSpec" time="0.246"/>
  <testcase name="Guest with permissions has outcome null" classname="org.codehaus.griffon.runtime.shiro.ShiroSpec" time="0.239"/>
  <testcase name="User bob with guest has outcome null" classname="org.codehaus.griffon.runtime.shiro.ShiroSpec" time="0.254"/>
  <testcase name="User bob with user has outcome null" classname="org.codehaus.griffon.runtime.shiro.ShiroSpec" time="0.196"/>
  <testcase name="User bob with authenticated has outcome authenticated" classname="org.codehaus.griffon.runtime.shiro.ShiroSpec" time="0.199"/>
  <testcase name="User bob with roles has outcome roles" classname="org.codehaus.griffon.runtime.shiro.ShiroSpec" time="0.194"/>
  <testcase name="User bob with permissions has outcome permissions" classname="org.codehaus.griffon.runtime.shiro.ShiroSpec" time="0.173"/>
  <testcase name="User joe with guest has outcome null" classname="org.codehaus.griffon.runtime.shiro.ShiroSpec" time="0.138"/>
  <testcase name="User joe with user has outcome null" classname="org.codehaus.griffon.runtime.shiro.ShiroSpec" time="0.131"/>
  <testcase name="User joe with authenticated has outcome authenticated" classname="org.codehaus.griffon.runtime.shiro.ShiroSpec" time="0.128"/>
  <testcase name="User joe with roles has outcome null" classname="org.codehaus.griffon.runtime.shiro.ShiroSpec" time="0.128"/>
  <testcase name="User joe with permissions has outcome null" classname="org.codehaus.griffon.runtime.shiro.ShiroSpec" time="0.129"/>
  <testcase name="User root with guest has outcome null" classname="org.codehaus.griffon.runtime.shiro.ShiroSpec" time="0.157"/>
  <testcase name="User root with user has outcome null" classname="org.codehaus.griffon.runtime.shiro.ShiroSpec" time="0.124"/>
  <testcase name="User root with authenticated has outcome authenticated" classname="org.codehaus.griffon.runtime.shiro.ShiroSpec" time="0.132"/>
  <testcase name="User root with roles has outcome roles" classname="org.codehaus.griffon.runtime.shiro.ShiroSpec" time="0.137"/>
  <testcase name="User root with permissions has outcome permissions" classname="org.codehaus.griffon.runtime.shiro.ShiroSpec" time="0.14"/>
  <system-out><![CDATA[]]></system-out>
  <system-err><![CDATA[[Test worker] INFO org.codehaus.griffon.runtime.core.DefaultApplicationBootstrapper - Griffon 2.0.0.BETA
[Test worker] INFO org.codehaus.griffon.runtime.core.DefaultApplicationBootstrapper - Build: 2014-06-20T11:04:31.572+0000
[Test worker] INFO org.codehaus.griffon.runtime.core.DefaultApplicationBootstrapper - JVM: 1.7.0_51 (Oracle Corporation 24.51-b03)
[Test worker] INFO org.codehaus.griffon.runtime.core.DefaultApplicationBootstrapper - OS: Linux 2.6.32-042stab079.5 amd64
[Test worker] DEBUG org.codehaus.griffon.runtime.core.DefaultApplicationBootstrapper - Creating module bindings
[Test worker] DEBUG griffon.util.AnnotationUtils - Current module order is [core, shiro, testApplicationBootstrapper$InnerClasses, testApplicationBootstrapper$Fields]
[Test worker] TRACE griffon.util.AnnotationUtils - Processing module 'core'
[Test worker] TRACE griffon.util.AnnotationUtils -   depends on '[]'
[Test worker] TRACE griffon.util.AnnotationUtils -   adding module 'core', since all dependencies have been added
[Test worker] TRACE griffon.util.AnnotationUtils - Processing module 'shiro'
[Test worker] TRACE griffon.util.AnnotationUtils -   depends on '[]'
[Test worker] TRACE griffon.util.AnnotationUtils -   adding module 'shiro', since all dependencies have been added
[Test worker] TRACE griffon.util.AnnotationUtils - Processing module 'testApplicationBootstrapper$InnerClasses'
[Test worker] TRACE griffon.util.AnnotationUtils -   depends on '[]'
[Test worker] TRACE griffon.util.AnnotationUtils -   adding module 'testApplicationBootstrapper$InnerClasses', since all dependencies have been added
[Test worker] TRACE griffon.util.AnnotationUtils - Processing module 'testApplicationBootstrapper$Fields'
[Test worker] TRACE griffon.util.AnnotationUtils -   depends on '[]'
[Test worker] TRACE griffon.util.AnnotationUtils -   adding module 'testApplicationBootstrapper$Fields', since all dependencies have been added
[Test worker] TRACE griffon.util.AnnotationUtils - module dependency ordering complete
[Test worker] DEBUG griffon.util.AnnotationUtils - computed module order is [core, shiro, testApplicationBootstrapper$InnerClasses, testApplicationBootstrapper$Fields]
[Test worker] DEBUG org.codehaus.griffon.runtime.core.DefaultApplicationBootstrapper - Loading module bindings from core:org.codehaus.griffon.runtime.core.DefaultApplicationModule@2a190399
[Test worker] DEBUG org.codehaus.griffon.runtime.core.DefaultApplicationBootstrapper - Loading module bindings from shiro:org.codehaus.griffon.runtime.shiro.ShiroModule@503b4766
[Test worker] DEBUG org.codehaus.griffon.runtime.core.DefaultApplicationBootstrapper - Loading module bindings from testApplicationBootstrapper$InnerClasses:org.codehaus.griffon.runtime.core.TestApplicationBootstrapper$InnerClassesModule@63cca2b0
[Test worker] DEBUG org.codehaus.griffon.runtime.core.DefaultApplicationBootstrapper - Loading module bindings from testApplicationBootstrapper$Fields:org.codehaus.griffon.runtime.core.TestApplicationBootstrapper$FieldsModule@fcd0400
[Test worker] TRACE org.codehaus.griffon.runtime.core.DefaultApplicationBootstrapper - InstanceBinding[source=griffon.core.GriffonApplication, instance=org.codehaus.griffon.runtime.core.DefaultGriffonApplication@65eeaa9e, singleton=true]
[Test worker] TRACE org.codehaus.griffon.runtime.core.DefaultApplicationBootstrapper - TargetBinding[source=griffon.core.ApplicationClassLoader, target=org.codehaus.griffon.runtime.core.DefaultApplicationClassLoader, singleton=true]
[Test worker] TRACE org.codehaus.griffon.runtime.core.DefaultApplicationBootstrapper - TargetBinding[source=griffon.core.ApplicationConfigurer, target=org.codehaus.griffon.runtime.core.DefaultApplicationConfigurer, singleton=true]
[Test worker] TRACE org.codehaus.griffon.runtime.core.DefaultApplicationBootstrapper - TargetBinding[source=griffon.core.resources.ResourceHandler, target=org.codehaus.griffon.runtime.core.resources.DefaultResourceHandler, singleton=true]
[Test worker] TRACE org.codehaus.griffon.runtime.core.DefaultApplicationBootstrapper - TargetBinding[source=griffon.util.CompositeResourceBundleBuilder, target=org.codehaus.griffon.runtime.util.DefaultCompositeResourceBundleBuilder, singleton=true]
[Test worker] TRACE org.codehaus.griffon.runtime.core.DefaultApplicationBootstrapper - ProviderBinding[source=java.util.ResourceBundle, classifier=@javax.inject.Named(value=applicationResourceBundle), provider=org.codehaus.griffon.runtime.util.ResourceBundleProvider@18039f5a, singleton=true]
[Test worker] TRACE org.codehaus.griffon.runtime.core.DefaultApplicationBootstrapper - TargetBinding[source=griffon.core.Configuration, target=org.codehaus.griffon.runtime.core.DefaultConfiguration, singleton=true]
[Test worker] TRACE org.codehaus.griffon.runtime.core.DefaultApplicationBootstrapper - TargetBinding[source=griffon.core.ExecutorServiceManager, target=org.codehaus.griffon.runtime.core.DefaultExecutorServiceManager, singleton=true]
[Test worker] TRACE org.codehaus.griffon.runtime.core.DefaultApplicationBootstrapper - TargetBinding[source=griffon.core.event.EventRouter, classifier=@javax.inject.Named(value=applicationEventRouter), target=org.codehaus.griffon.runtime.core.event.DefaultEventRouter, singleton=true]
[Test worker] TRACE org.codehaus.griffon.runtime.core.DefaultApplicationBootstrapper - TargetBinding[source=griffon.core.event.EventRouter, target=org.codehaus.griffon.runtime.core.event.DefaultEventRouter, singleton=false]
[Test worker] TRACE org.codehaus.griffon.runtime.core.DefaultApplicationBootstrapper - ProviderBinding[source=griffon.core.resources.ResourceResolver, classifier=@javax.inject.Named(value=applicationResourceResolver), provider=org.codehaus.griffon.runtime.core.resources.ResourceResolverProvider@15d2da07, singleton=true]
[Test worker] TRACE org.codehaus.griffon.runtime.core.DefaultApplicationBootstrapper - ProviderBinding[source=griffon.core.i18n.MessageSource, classifier=@javax.inject.Named(value=applicationMessageSource), provider=org.codehaus.griffon.runtime.core.i18n.MessageSourceProvider@45e80cc2, singleton=true]
[Test worker] TRACE org.codehaus.griffon.runtime.core.DefaultApplicationBootstrapper - TargetBinding[source=griffon.core.resources.ResourceInjector, classifier=@javax.inject.Named(value=applicationResourceInjector), target=org.codehaus.griffon.runtime.core.resources.DefaultApplicationResourceInjector, singleton=true]
[Test worker] TRACE org.codehaus.griffon.runtime.core.DefaultApplicationBootstrapper - TargetBinding[source=griffon.core.threading.UIThreadManager, target=org.codehaus.griffon.runtime.core.threading.DefaultUIThreadManager, singleton=true]
[Test worker] TRACE org.codehaus.griffon.runtime.core.DefaultApplicationBootstrapper - TargetBinding[source=griffon.core.mvc.MVCGroupManager, target=org.codehaus.griffon.runtime.core.mvc.DefaultMVCGroupManager, singleton=true]
[Test worker] TRACE org.codehaus.griffon.runtime.core.DefaultApplicationBootstrapper - ProviderBinding[source=griffon.core.LifecycleHandler, classifier=@javax.inject.Named(value=Initialize), provider=org.codehaus.griffon.runtime.core.LifecycleHandlerProvider@59db869, singleton=true]
[Test worker] TRACE org.codehaus.griffon.runtime.core.DefaultApplicationBootstrapper - ProviderBinding[source=griffon.core.LifecycleHandler, classifier=@javax.inject.Named(value=Startup), provider=org.codehaus.griffon.runtime.core.LifecycleHandlerProvider@35b5f860, singleton=true]
[Test worker] TRACE org.codehaus.griffon.runtime.core.DefaultApplicationBootstrapper - ProviderBinding[source=griffon.core.LifecycleHandler, classifier=@javax.inject.Named(value=Ready), provider=org.codehaus.griffon.runtime.core.LifecycleHandlerProvider@3dc5822c, singleton=true]
[Test worker] TRACE org.codehaus.griffon.runtime.core.DefaultApplicationBootstrapper - ProviderBinding[source=griffon.core.LifecycleHandler, classifier=@javax.inject.Named(value=Shutdown), provider=org.codehaus.griffon.runtime.core.LifecycleHandlerProvider@71e53662, singleton=true]
[Test worker] TRACE org.codehaus.griffon.runtime.core.DefaultApplicationBootstrapper - ProviderBinding[source=griffon.core.LifecycleHandler, classifier=@javax.inject.Named(value=Stop), provider=org.codehaus.griffon.runtime.core.LifecycleHandlerProvider@7f559658, singleton=true]
[Test worker] TRACE org.codehaus.griffon.runtime.core.DefaultApplicationBootstrapper - TargetBinding[source=griffon.core.view.WindowManager, target=org.codehaus.griffon.runtime.core.view.NoopWindowManager, singleton=true]
[Test worker] TRACE org.codehaus.griffon.runtime.core.DefaultApplicationBootstrapper - TargetBinding[source=griffon.core.controller.ActionManager, target=org.codehaus.griffon.runtime.core.controller.DefaultActionManager, singleton=true]
[Test worker] TRACE org.codehaus.griffon.runtime.core.DefaultApplicationBootstrapper - TargetBinding[source=griffon.core.artifact.ArtifactManager, target=org.codehaus.griffon.runtime.core.artifact.DefaultArtifactManager, singleton=true]
[Test worker] TRACE org.codehaus.griffon.runtime.core.DefaultApplicationBootstrapper - TargetBinding[source=griffon.core.artifact.ArtifactHandler, classifier=@griffon.inject.Typed(value=interface griffon.core.artifact.GriffonModel), target=org.codehaus.griffon.runtime.core.artifact.ModelArtifactHandler, singleton=true]
[Test worker] TRACE org.codehaus.griffon.runtime.core.DefaultApplicationBootstrapper - TargetBinding[source=griffon.core.artifact.ArtifactHandler, classifier=@griffon.inject.Typed(value=interface griffon.core.artifact.GriffonView), target=org.codehaus.griffon.runtime.core.artifact.ViewArtifactHandler, singleton=true]
[Test worker] TRACE org.codehaus.griffon.runtime.core.DefaultApplicationBootstrapper - TargetBinding[source=griffon.core.artifact.ArtifactHandler, classifier=@griffon.inject.Typed(value=interface griffon.core.artifact.GriffonController), target=org.codehaus.griffon.runtime.core.artifact.ControllerArtifactHandler, singleton=true]
[Test worker] TRACE org.codehaus.griffon.runtime.core.DefaultApplicationBootstrapper - TargetBinding[source=griffon.core.artifact.ArtifactHandler, classifier=@griffon.inject.Typed(value=interface griffon.core.artifact.GriffonService), target=org.codehaus.griffon.runtime.core.artifact.ServiceArtifactHandler, singleton=true]
[Test worker] TRACE org.codehaus.griffon.runtime.core.DefaultApplicationBootstrapper - ProviderTypeBinding[source=griffon.core.PlatformHandler, providerType=class org.codehaus.griffon.runtime.core.PlatformHandlerProvider, singleton=true]
[Test worker] TRACE org.codehaus.griffon.runtime.core.DefaultApplicationBootstrapper - TargetBinding[source=griffon.core.addon.AddonManager, target=org.codehaus.griffon.runtime.core.addon.DefaultAddonManager, singleton=true]
[Test worker] TRACE org.codehaus.griffon.runtime.core.DefaultApplicationBootstrapper - TargetBinding[source=griffon.core.event.EventHandler, target=org.codehaus.griffon.runtime.core.event.DefaultEventHandler, singleton=true]
[Test worker] TRACE org.codehaus.griffon.runtime.core.DefaultApplicationBootstrapper - TargetBinding[source=griffon.core.GriffonExceptionHandler, target=griffon.core.GriffonExceptionHandler, singleton=true]
[Test worker] TRACE org.codehaus.griffon.runtime.core.DefaultApplicationBootstrapper - ProviderTypeBinding[source=org.apache.shiro.mgt.SecurityManager, providerType=class org.codehaus.griffon.runtime.shiro.SecurityManagerProvider, singleton=true]
[Test worker] TRACE org.codehaus.griffon.runtime.core.DefaultApplicationBootstrapper - ProviderTypeBinding[source=org.apache.shiro.subject.Subject, providerType=class org.codehaus.griffon.runtime.shiro.SubjectProvider, singleton=true]
[Test worker] TRACE org.codehaus.griffon.runtime.core.DefaultApplicationBootstrapper - TargetBinding[source=griffon.plugins.shiro.SecurityFailureHandler, target=org.codehaus.griffon.runtime.shiro.DefaultSecurityFailureHandler, singleton=true]
[Test worker] TRACE org.codehaus.griffon.runtime.core.DefaultApplicationBootstrapper - TargetBinding[source=griffon.core.controller.ActionInterceptor, target=org.codehaus.griffon.runtime.shiro.ShiroActionInterceptor, singleton=true]
[Test worker] DEBUG org.codehaus.griffon.runtime.core.DefaultApplicationBootstrapper - Creating application injector
[Test worker] DEBUG org.codehaus.griffon.runtime.core.DefaultApplicationBootstrapper - Injector will be created by org.codehaus.griffon.runtime.injection.GuiceInjectorFactory@102c695f
[Test worker] DEBUG org.codehaus.griffon.runtime.core.event.AbstractEventRouter - Adding listener org.codehaus.griffon.runtime.core.MVCGroupExceptionHandler on UncaughtMVCGroupConfigurationException
[Test worker] DEBUG org.codehaus.griffon.runtime.core.event.AbstractEventRouter - Adding listener org.codehaus.griffon.runtime.core.MVCGroupExceptionHandler on UncaughtMVCGroupInstantiationException
[Test worker] DEBUG org.codehaus.griffon.runtime.core.event.AbstractEventRouter - Triggering event 'BootstrapStart' synchronously
[Test worker] DEBUG griffon.util.ServiceLoaderUtils - Reading java.beans.PropertyEditor definitions from jar:file:/home/travis/build/griffon/griffon/subprojects/griffon-core/build/libs/griffon-core-2.0.0.BETA.jar!/META-INF/editors/java.beans.PropertyEditor
[Test worker] DEBUG org.codehaus.griffon.runtime.core.DefaultApplicationConfigurer - Registering griffon.core.editors.StringPropertyEditor as editor for java.lang.String
[Test worker] DEBUG org.codehaus.griffon.runtime.core.DefaultApplicationConfigurer - Registering griffon.core.editors.FilePropertyEditor as editor for java.io.File
[Test worker] DEBUG org.codehaus.griffon.runtime.core.DefaultApplicationConfigurer - Registering griffon.core.editors.URLPropertyEditor as editor for java.net.URL
[Test worker] DEBUG org.codehaus.griffon.runtime.core.DefaultApplicationConfigurer - Registering griffon.core.editors.URIPropertyEditor as editor for java.net.URI
[Test worker] DEBUG org.codehaus.griffon.runtime.core.DefaultApplicationConfigurer - Registering griffon.core.editors.BigDecimalPropertyEditor as editor for java.math.BigDecimal
[Test worker] DEBUG org.codehaus.griffon.runtime.core.DefaultApplicationConfigurer - Registering griffon.core.editors.BigIntegerPropertyEditor as editor for java.math.BigInteger
[Test worker] DEBUG org.codehaus.griffon.runtime.core.DefaultApplicationConfigurer - Registering griffon.core.editors.BooleanPropertyEditor as editor for java.lang.Boolean
[Test worker] DEBUG org.codehaus.griffon.runtime.core.DefaultApplicationConfigurer - Registering griffon.core.editors.BytePropertyEditor as editor for java.lang.Byte
[Test worker] DEBUG org.codehaus.griffon.runtime.core.DefaultApplicationConfigurer - Registering griffon.core.editors.ShortPropertyEditor as editor for java.lang.Short
[Test worker] DEBUG org.codehaus.griffon.runtime.core.DefaultApplicationConfigurer - Registering griffon.core.editors.IntegerPropertyEditor as editor for java.lang.Integer
[Test worker] DEBUG org.codehaus.griffon.runtime.core.DefaultApplicationConfigurer - Registering griffon.core.editors.LongPropertyEditor as editor for java.lang.Long
[Test worker] DEBUG org.codehaus.griffon.runtime.core.DefaultApplicationConfigurer - Registering griffon.core.editors.FloatPropertyEditor as editor for java.lang.Float
[Test worker] DEBUG org.codehaus.griffon.runtime.core.DefaultApplicationConfigurer - Registering griffon.core.editors.DoublePropertyEditor as editor for java.lang.Double
[Test worker] DEBUG org.codehaus.griffon.runtime.core.DefaultApplicationConfigurer - Registering griffon.core.editors.CalendarPropertyEditor as editor for java.util.Calendar
[Test worker] DEBUG org.codehaus.griffon.runtime.core.DefaultApplicationConfigurer - Registering griffon.core.editors.DatePropertyEditor as editor for java.util.Date
[Test worker] DEBUG org.codehaus.griffon.runtime.core.DefaultApplicationConfigurer - Registering griffon.core.editors.BooleanPropertyEditor as editor for boolean
[Test worker] DEBUG org.codehaus.griffon.runtime.core.DefaultApplicationConfigurer - Registering griffon.core.editors.BytePropertyEditor as editor for byte
[Test worker] DEBUG org.codehaus.griffon.runtime.core.DefaultApplicationConfigurer - Registering griffon.core.editors.ShortPropertyEditor as editor for short
[Test worker] DEBUG org.codehaus.griffon.runtime.core.DefaultApplicationConfigurer - Registering griffon.core.editors.IntegerPropertyEditor as editor for int
[Test worker] DEBUG org.codehaus.griffon.runtime.core.DefaultApplicationConfigurer - Registering griffon.core.editors.LongPropertyEditor as editor for long
[Test worker] DEBUG org.codehaus.griffon.runtime.core.DefaultApplicationConfigurer - Registering griffon.core.editors.FloatPropertyEditor as editor for float
[Test worker] DEBUG org.codehaus.griffon.runtime.core.DefaultApplicationConfigurer - Registering griffon.core.editors.DoublePropertyEditor as editor for double
[Test worker] DEBUG org.codehaus.griffon.runtime.core.event.AbstractEventRouter - Adding listener org.codehaus.griffon.runtime.core.DefaultApplicationConfigurer$2 on NewInstance
[Test worker] TRACE griffon.util.CompositeResourceBundle - Searching key=application.lifecycle.handler.disable
[Test worker] TRACE griffon.util.CompositeResourceBundle - Searching key=application
[Test worker] TRACE griffon.util.CompositeResourceBundle - Searching key=platform.handler.linux64
[Test worker] TRACE griffon.util.CompositeResourceBundle - Searching key=platform
[Test worker] DEBUG org.codehaus.griffon.runtime.core.PlatformHandlerProvider - Using org.codehaus.griffon.runtime.core.DefaultPlatformHandler as PlatformHandler
[Test worker] DEBUG org.codehaus.griffon.runtime.core.addon.AbstractAddonManager - Loading addons [START]
[Test worker] DEBUG griffon.util.AnnotationUtils - computed addon order is []
[Test worker] DEBUG org.codehaus.griffon.runtime.core.event.AbstractEventRouter - Triggering event 'LoadAddonsStart' synchronously
[Test worker] DEBUG org.codehaus.griffon.runtime.core.addon.AbstractAddonManager - Loading addons [END]
[Test worker] DEBUG org.codehaus.griffon.runtime.core.event.AbstractEventRouter - Triggering event 'LoadAddonsEnd' synchronously
[Test worker] TRACE griffon.util.CompositeResourceBundle - Searching key=mvcGroups
[Test worker] TRACE griffon.util.CompositeResourceBundle - Searching key=mvcGroups
[Test worker] DEBUG org.codehaus.griffon.runtime.core.event.AbstractEventRouter - Adding listener org.codehaus.griffon.runtime.core.DefaultApplicationConfigurer$3 on NewInstance
[Test worker] TRACE griffon.util.CompositeResourceBundle - Searching key=shiro.realm.resource.path
[Test worker] TRACE griffon.util.CompositeResourceBundle - Searching key=shiro
[Test worker] DEBUG org.apache.shiro.realm.text.PropertiesRealm - Loading user security information from file [classpath:shiro-users.properties]...
[Test worker] DEBUG org.apache.shiro.realm.text.PropertiesRealm - Opening input stream for path [classpath:shiro-users.properties]...
[Test worker] DEBUG org.apache.shiro.io.ResourceUtils - Opening resource from class path [shiro-users.properties]
[Test worker] DEBUG org.apache.shiro.realm.text.PropertiesRealm - Loading properties from path [classpath:shiro-users.properties]...
[Test worker] TRACE org.apache.shiro.realm.text.PropertiesRealm - Processing properties line - key: [user.joe], value: [joe,employee].
[Test worker] TRACE org.apache.shiro.realm.text.PropertiesRealm - Processing properties line - key: [user.bob], value: [bob,manager,employee].
[Test worker] TRACE org.apache.shiro.realm.text.PropertiesRealm - Processing properties line - key: [role.administrator], value: [*].
[Test worker] TRACE org.apache.shiro.realm.text.PropertiesRealm - Processing properties line - key: [role.manager], value: [user:write].
[Test worker] TRACE org.apache.shiro.realm.text.PropertiesRealm - Processing properties line - key: [user.root], value: [root,administrator,manager].
[Test worker] TRACE org.apache.shiro.realm.text.PropertiesRealm - Processing properties line - key: [role.employee], value: [user:read].
[Test worker] TRACE org.apache.shiro.util.ThreadContext - get() - in thread [Test worker]
[Test worker] TRACE org.apache.shiro.util.ThreadContext - get() - in thread [Test worker]
[Test worker] TRACE org.apache.shiro.mgt.DefaultSecurityManager - Context already contains a SecurityManager instance.  Returning.
[Test worker] TRACE org.apache.shiro.mgt.DefaultSecurityManager - No identity (PrincipalCollection) found in the context.  Looking for a remembered identity.
[Test worker] TRACE org.apache.shiro.mgt.DefaultSecurityManager - No remembered identity found.  Returning original context.
[Test worker] TRACE org.apache.shiro.subject.support.DelegatingSubject - attempting to get session; create = false; session is null = true; session has id = false
[Test worker] TRACE org.apache.shiro.subject.support.DelegatingSubject - attempting to get session; create = false; session is null = true; session has id = false
[Test worker] TRACE org.apache.shiro.subject.support.DelegatingSubject - attempting to get session; create = false; session is null = true; session has id = false
[Test worker] TRACE org.apache.shiro.subject.support.DelegatingSubject - attempting to get session; create = false; session is null = true; session has id = false
[Test worker] TRACE org.apache.shiro.subject.support.DelegatingSubject - attempting to get session; create = false; session is null = true; session has id = false
[Test worker] TRACE org.apache.shiro.util.ThreadContext - Bound value of type [org.apache.shiro.subject.support.DelegatingSubject] for key [org.apache.shiro.util.ThreadContext_SUBJECT_KEY] to thread [Test worker]
[Test worker] TRACE griffon.util.CompositeResourceBundle - Searching key=griffon.controller.action.interceptor.order
[Test worker] TRACE griffon.util.CompositeResourceBundle - Searching key=griffon
[Test worker] DEBUG griffon.util.AnnotationUtils - Current interceptor order is [shiro]
[Test worker] TRACE griffon.util.AnnotationUtils - Processing interceptor 'shiro'
[Test worker] TRACE griffon.util.AnnotationUtils -   depends on '[]'
[Test worker] TRACE griffon.util.AnnotationUtils -   adding interceptor 'shiro', since all dependencies have been added
[Test worker] TRACE griffon.util.AnnotationUtils - interceptor dependency ordering complete
[Test worker] DEBUG griffon.util.AnnotationUtils - computed interceptor order is [shiro]
[Test worker] DEBUG org.codehaus.griffon.runtime.core.artifact.AbstractArtifactManager - Registering artifact handler for type 'model': org.codehaus.griffon.runtime.core.artifact.ModelArtifactHandler@49ab14bd
[Test worker] DEBUG org.codehaus.griffon.runtime.core.artifact.AbstractArtifactManager - Registering artifact handler for type 'view': org.codehaus.griffon.runtime.core.artifact.ViewArtifactHandler@7edeaa13
[Test worker] DEBUG org.codehaus.griffon.runtime.core.artifact.AbstractArtifactManager - Registering artifact handler for type 'controller': org.codehaus.griffon.runtime.core.artifact.ControllerArtifactHandler@4c700677
[Test worker] DEBUG org.codehaus.griffon.runtime.core.artifact.AbstractArtifactManager - Registering artifact handler for type 'service': org.codehaus.griffon.runtime.core.artifact.ServiceArtifactHandler@4eb895d5
[Test worker] DEBUG griffon.util.ServiceLoaderUtils - Reading griffon.core.artifact.GriffonController definitions from file:/home/travis/build/griffon/griffon/plugins/griffon-shiro-plugin/build/classes/test/META-INF/griffon/griffon.core.artifact.GriffonController
[Test worker] DEBUG griffon.util.ServiceLoaderUtils - Reading griffon.core.artifact.GriffonModel definitions from file:/home/travis/build/griffon/griffon/plugins/griffon-shiro-plugin/build/classes/test/META-INF/griffon/griffon.core.artifact.GriffonModel
[Test worker] DEBUG org.codehaus.griffon.runtime.core.artifact.DefaultArtifactManager - Artifacts of type 'controller' = 1
[Test worker] DEBUG org.codehaus.griffon.runtime.core.artifact.DefaultArtifactManager - Artifacts of type 'model' = 1
[Test worker] TRACE org.codehaus.griffon.runtime.core.artifact.AbstractArtifactManager - InstanceBinding[source=griffon.core.artifact.GriffonClass, classifier=@griffon.inject.Typed(value=class com.acme.ShiroController), instance=Artifact[controller] > Shiro, singleton=true]
[Test worker] TRACE org.codehaus.griffon.runtime.core.artifact.AbstractArtifactManager - TargetBinding[source=com.acme.ShiroController, target=com.acme.ShiroController, singleton=false]
[Test worker] TRACE org.codehaus.griffon.runtime.core.artifact.AbstractArtifactManager - InstanceBinding[source=griffon.core.artifact.GriffonClass, classifier=@griffon.inject.Typed(value=class com.acme.ShiroModel), instance=Artifact[model] > Shiro, singleton=true]
[Test worker] TRACE org.codehaus.griffon.runtime.core.artifact.AbstractArtifactManager - TargetBinding[source=com.acme.ShiroModel, target=com.acme.ShiroModel, singleton=false]
[Test worker] DEBUG org.codehaus.griffon.runtime.core.event.AbstractEventRouter - Triggering event 'BootstrapEnd' synchronously
[Test worker] DEBUG org.codehaus.griffon.runtime.core.artifact.AbstractArtifactManager - Searching for griffonClass of com.acme.ShiroController
[Test worker] DEBUG org.codehaus.griffon.runtime.core.event.AbstractEventRouter - Triggering event 'NewInstance' synchronously
[Test worker] DEBUG org.codehaus.griffon.runtime.core.artifact.AbstractArtifactManager - Searching for griffonClass of com.acme.ShiroController
[Test worker] TRACE griffon.util.CompositeResourceBundle - Searching key=com.acme.ShiroController.action.Authenticated.name
[Test worker] TRACE griffon.util.CompositeResourceBundle - Searching key=application.action.Authenticated.name
[Test worker] TRACE org.codehaus.griffon.runtime.core.controller.AbstractActionManager - com.acme.ShiroController.action.Authenticated.name = Authenticated
[Test worker] DEBUG org.codehaus.griffon.runtime.core.controller.AbstractActionManager - Configuring action com.acme.ShiroController.authenticated with org.codehaus.griffon.runtime.shiro.ShiroActionInterceptor@4b2555ab
[Test worker] TRACE org.codehaus.griffon.runtime.core.controller.AbstractActionManager - Action for com.acme.ShiroController.authenticated stored as authenticated
[Test worker] TRACE griffon.util.CompositeResourceBundle - Searching key=com.acme.ShiroController.action.Guest.name
[Test worker] TRACE griffon.util.CompositeResourceBundle - Searching key=application.action.Guest.name
[Test worker] TRACE org.codehaus.griffon.runtime.core.controller.AbstractActionManager - com.acme.ShiroController.action.Guest.name = Guest
[Test worker] DEBUG org.codehaus.griffon.runtime.core.controller.AbstractActionManager - Configuring action com.acme.ShiroController.guest with org.codehaus.griffon.runtime.shiro.ShiroActionInterceptor@4b2555ab
[Test worker] TRACE org.codehaus.griffon.runtime.core.controller.AbstractActionManager - Action for com.acme.ShiroController.guest stored as guest
[Test worker] TRACE griffon.util.CompositeResourceBundle - Searching key=com.acme.ShiroController.action.Permissions.name
[Test worker] TRACE griffon.util.CompositeResourceBundle - Searching key=application.action.Permissions.name
[Test worker] TRACE org.codehaus.griffon.runtime.core.controller.AbstractActionManager - com.acme.ShiroController.action.Permissions.name = Permissions
[Test worker] DEBUG org.codehaus.griffon.runtime.core.controller.AbstractActionManager - Configuring action com.acme.ShiroController.permissions with org.codehaus.griffon.runtime.shiro.ShiroActionInterceptor@4b2555ab
[Test worker] TRACE org.codehaus.griffon.runtime.core.controller.AbstractActionManager - Action for com.acme.ShiroController.permissions stored as permissions
[Test worker] TRACE griffon.util.CompositeResourceBundle - Searching key=com.acme.ShiroController.action.Roles.name
[Test worker] TRACE griffon.util.CompositeResourceBundle - Searching key=application.action.Roles.name
[Test worker] TRACE org.codehaus.griffon.runtime.core.controller.AbstractActionManager - com.acme.ShiroController.action.Roles.name = Roles
[Test worker] DEBUG org.codehaus.griffon.runtime.core.controller.AbstractActionManager - Configuring action com.acme.ShiroController.roles with org.codehaus.griffon.runtime.shiro.ShiroActionInterceptor@4b2555ab
[Test worker] TRACE org.codehaus.griffon.runtime.core.controller.AbstractActionManager - Action for com.acme.ShiroController.roles stored as roles
[Test worker] TRACE griffon.util.CompositeResourceBundle - Searching key=com.acme.ShiroController.action.User.name
[Test worker] TRACE griffon.util.CompositeResourceBundle - Searching key=application.action.User.name
[Test worker] TRACE org.codehaus.griffon.runtime.core.controller.AbstractActionManager - com.acme.ShiroController.action.User.name = User
[Test worker] DEBUG org.codehaus.griffon.runtime.core.controller.AbstractActionManager - Configuring action com.acme.ShiroController.user with org.codehaus.griffon.runtime.shiro.ShiroActionInterceptor@4b2555ab
[Test worker] TRACE org.codehaus.griffon.runtime.core.controller.AbstractActionManager - Action for com.acme.ShiroController.user stored as user
[Test worker] DEBUG org.codehaus.griffon.runtime.core.artifact.AbstractArtifactManager - Searching for griffonClass of com.acme.ShiroModel
[Test worker] DEBUG org.codehaus.griffon.runtime.core.event.AbstractEventRouter - Triggering event 'NewInstance' synchronously
[Test worker] TRACE griffon.util.CompositeResourceBundle - Searching key=griffon.disable.threading.injection
[Test worker] TRACE griffon.util.CompositeResourceBundle - Searching key=griffon
[Test worker] DEBUG org.codehaus.griffon.runtime.core.controller.AbstractActionManager - Executing com.acme.ShiroController.guest with policy OUTSIDE_UITHREAD
[Test worker] DEBUG org.codehaus.griffon.runtime.core.controller.AbstractActionManager - Executing 1 interceptor for com.acme.ShiroController.guest
[Test worker] TRACE org.codehaus.griffon.runtime.core.controller.AbstractActionManager - Calling org.codehaus.griffon.runtime.shiro.ShiroActionInterceptor@4b2555ab.before() on com.acme.ShiroController.guest
[Test worker] DEBUG org.codehaus.griffon.runtime.shiro.ShiroActionInterceptor - Evaluating security requirement RequirementConfiguration{requirement=GUEST, values=[], logical=AND}
[Test worker] TRACE org.apache.shiro.subject.support.DelegatingSubject - attempting to get session; create = false; session is null = true; session has id = false
[Test worker] TRACE org.codehaus.griffon.runtime.core.controller.AbstractActionManager - Status before execution of com.acme.ShiroController.guest is OK
[Test worker] TRACE org.codehaus.griffon.runtime.core.controller.AbstractActionManager - Status after execution of com.acme.ShiroController.guest is OK
[Test worker] TRACE org.codehaus.griffon.runtime.core.controller.AbstractActionManager - Calling org.codehaus.griffon.runtime.shiro.ShiroActionInterceptor@4b2555ab.after() on com.acme.ShiroController.guest
[Test worker] DEBUG org.codehaus.griffon.runtime.core.event.AbstractEventRouter - Triggering event 'ShutdownRequested' synchronously
[Test worker] INFO org.codehaus.griffon.runtime.core.DefaultGriffonApplication - Shutdown is in process
[Test worker] DEBUG org.codehaus.griffon.runtime.core.DefaultGriffonApplication - Shutdown stage 1: notify all event listeners
[Test worker] DEBUG org.codehaus.griffon.runtime.core.event.AbstractEventRouter - Adding listener org.codehaus.griffon.runtime.core.AbstractGriffonApplication$1 on ShutdownStart
[Test worker] DEBUG org.codehaus.griffon.runtime.core.event.AbstractEventRouter - Triggering event 'ShutdownStart' synchronously
[Test worker] DEBUG org.codehaus.griffon.runtime.core.DefaultGriffonApplication - Shutdown stage 2: notify all shutdown handlers
[Test worker] DEBUG org.codehaus.griffon.runtime.core.DefaultGriffonApplication - Shutdown stage 3: destroy all MVC groups
[Test worker] DEBUG org.codehaus.griffon.runtime.core.DefaultGriffonApplication - Shutdown stage 4: execute Shutdown script
[Test worker] TRACE griffon.util.CompositeResourceBundle - Searching key=application.lifecycle.handler.disable
[Test worker] TRACE griffon.util.CompositeResourceBundle - Searching key=application
[Test worker] INFO org.codehaus.griffon.runtime.core.DefaultApplicationBootstrapper - Griffon 2.0.0.BETA
[Test worker] INFO org.codehaus.griffon.runtime.core.DefaultApplicationBootstrapper - Build: 2014-06-20T11:04:31.572+0000
[Test worker] INFO org.codehaus.griffon.runtime.core.DefaultApplicationBootstrapper - JVM: 1.7.0_51 (Oracle Corporation 24.51-b03)
[Test worker] INFO org.codehaus.griffon.runtime.core.DefaultApplicationBootstrapper - OS: Linux 2.6.32-042stab079.5 amd64
[Test worker] DEBUG org.codehaus.griffon.runtime.core.DefaultApplicationBootstrapper - Creating module bindings
[Test worker] DEBUG griffon.util.AnnotationUtils - Current module order is [core, shiro, testApplicationBootstrapper$InnerClasses, testApplicationBootstrapper$Fields]
[Test worker] TRACE griffon.util.AnnotationUtils - Processing module 'core'
[Test worker] TRACE griffon.util.AnnotationUtils -   depends on '[]'
[Test worker] TRACE griffon.util.AnnotationUtils -   adding module 'core', since all dependencies have been added
[Test worker] TRACE griffon.util.AnnotationUtils - Processing module 'shiro'
[Test worker] TRACE griffon.util.AnnotationUtils -   depends on '[]'
[Test worker] TRACE griffon.util.AnnotationUtils -   adding module 'shiro', since all dependencies have been added
[Test worker] TRACE griffon.util.AnnotationUtils - Processing module 'testApplicationBootstrapper$InnerClasses'
[Test worker] TRACE griffon.util.AnnotationUtils -   depends on '[]'
[Test worker] TRACE griffon.util.AnnotationUtils -   adding module 'testApplicationBootstrapper$InnerClasses', since all dependencies have been added
[Test worker] TRACE griffon.util.AnnotationUtils - Processing module 'testApplicationBootstrapper$Fields'
[Test worker] TRACE griffon.util.AnnotationUtils -   depends on '[]'
[Test worker] TRACE griffon.util.AnnotationUtils -   adding module 'testApplicationBootstrapper$Fields', since all dependencies have been added
[Test worker] TRACE griffon.util.AnnotationUtils - module dependency ordering complete
[Test worker] DEBUG griffon.util.AnnotationUtils - computed module order is [core, shiro, testApplicationBootstrapper$InnerClasses, testApplicationBootstrapper$Fields]
[Test worker] DEBUG org.codehaus.griffon.runtime.core.DefaultApplicationBootstrapper - Loading module bindings from core:org.codehaus.griffon.runtime.core.DefaultApplicationModule@7991d0d1
[Test worker] DEBUG org.codehaus.griffon.runtime.core.DefaultApplicationBootstrapper - Loading module bindings from shiro:org.codehaus.griffon.runtime.shiro.ShiroModule@542487b1
[Test worker] DEBUG org.codehaus.griffon.runtime.core.DefaultApplicationBootstrapper - Loading module bindings from testApplicationBootstrapper$InnerClasses:org.codehaus.griffon.runtime.core.TestApplicationBootstrapper$InnerClassesModule@2a48a09f
[Test worker] DEBUG org.codehaus.griffon.runtime.core.DefaultApplicationBootstrapper - Loading module bindings from testApplicationBootstrapper$Fields:org.codehaus.griffon.runtime.core.TestApplicationBootstrapper$FieldsModule@6293c69
[Test worker] TRACE org.codehaus.griffon.runtime.core.DefaultApplicationBootstrapper - InstanceBinding[source=griffon.core.GriffonApplication, instance=org.codehaus.griffon.runtime.core.DefaultGriffonApplication@74a93b7e, singleton=true]
[Test worker] TRACE org.codehaus.griffon.runtime.core.DefaultApplicationBootstrapper - TargetBinding[source=griffon.core.ApplicationClassLoader, target=org.codehaus.griffon.runtime.core.DefaultApplicationClassLoader, singleton=true]
[Test worker] TRACE org.codehaus.griffon.runtime.core.DefaultApplicationBootstrapper - TargetBinding[source=griffon.core.ApplicationConfigurer, target=org.codehaus.griffon.runtime.core.DefaultApplicationConfigurer, singleton=true]
[Test worker] TRACE org.codehaus.griffon.runtime.core.DefaultApplicationBootstrapper - TargetBinding[source=griffon.core.resources.ResourceHandler, target=org.codehaus.griffon.runtime.core.resources.DefaultResourceHandler, singleton=true]
[Test worker] TRACE org.codehaus.griffon.runtime.core.DefaultApplicationBootstrapper - TargetBinding[source=griffon.util.CompositeResourceBundleBuilder, target=org.codehaus.griffon.runtime.util.DefaultCompositeResourceBundleBuilder, singleton=true]
[Test worker] TRACE org.codehaus.griffon.runtime.core.DefaultApplicationBootstrapper - ProviderBinding[source=java.util.ResourceBundle, classifier=@javax.inject.Named(value=applicationResourceBundle), provider=org.codehaus.griffon.runtime.util.ResourceBundleProvider@12810908, singleton=true]
[Test worker] TRACE org.codehaus.griffon.runtime.core.DefaultApplicationBootstrapper - TargetBinding[source=griffon.core.Configuration, target=org.codehaus.griffon.runtime.core.DefaultConfiguration, singleton=true]
[Test worker] TRACE org.codehaus.griffon.runtime.core.DefaultApplicationBootstrapper - TargetBinding[source=griffon.core.ExecutorServiceManager, target=org.codehaus.griffon.runtime.core.DefaultExecutorServiceManager, singleton=true]
[Test worker] TRACE org.codehaus.griffon.runtime.core.DefaultApplicationBootstrapper - TargetBinding[source=griffon.core.event.EventRouter, classifier=@javax.inject.Named(value=applicationEventRouter), target=org.codehaus.griffon.runtime.core.event.DefaultEventRouter, singleton=true]
[Test worker] TRACE org.codehaus.griffon.runtime.core.DefaultApplicationBootstrapper - TargetBinding[source=griffon.core.event.EventRouter, target=org.codehaus.griffon.runtime.core.event.DefaultEventRouter, singleton=false]
[Test worker] TRACE org.codehaus.griffon.runtime.core.DefaultApplicationBootstrapper - ProviderBinding[source=griffon.core.resources.ResourceResolver, classifier=@javax.inject.Named(value=applicationResourceResolver), provider=org.codehaus.griffon.runtime.core.resources.ResourceResolverProvider@5577f5b5, singleton=true]
[Test worker] TRACE org.codehaus.griffon.runtime.core.DefaultApplicationBootstrapper - ProviderBinding[source=griffon.core.i18n.MessageSource, classifier=@javax.inject.Named(value=applicationMessageSource), provider=org.codehaus.griffon.runtime.core.i18n.MessageSourceProvider@36a469e9, singleton=true]
[Test worker] TRACE org.codehaus.griffon.runtime.core.DefaultApplicationBootstrapper - TargetBinding[source=griffon.core.resources.ResourceInjector, classifier=@javax.inject.Named(value=applicationResourceInjector), target=org.codehaus.griffon.runtime.core.resources.DefaultApplicationResourceInjector, singleton=true]
[Test worker] TRACE org.codehaus.griffon.runtime.core.DefaultApplicationBootstrapper - TargetBinding[source=griffon.core.threading.UIThreadManager, target=org.codehaus.griffon.runtime.core.threading.DefaultUIThreadManager, singleton=true]
[Test worker] TRACE org.codehaus.griffon.runtime.core.DefaultApplicationBootstrapper - TargetBinding[source=griffon.core.mvc.MVCGroupManager, target=org.codehaus.griffon.runtime.core.mvc.DefaultMVCGroupManager, singleton=true]
[Test worker] TRACE org.codehaus.griffon.runtime.core.DefaultApplicationBootstrapper - ProviderBinding[source=griffon.core.LifecycleHandler, classifier=@javax.inject.Named(value=Initialize), provider=org.codehaus.griffon.runtime.core.LifecycleHandlerProvider@64255c05, singleton=true]
[Test worker] TRACE org.codehaus.griffon.runtime.core.DefaultApplicationBootstrapper - ProviderBinding[source=griffon.core.LifecycleHandler, classifier=@javax.inject.Named(value=Startup), provider=org.codehaus.griffon.runtime.core.LifecycleHandlerProvider@50bc7fa0, singleton=true]
[Test worker] TRACE org.codehaus.griffon.runtime.core.DefaultApplicationBootstrapper - ProviderBinding[source=griffon.core.LifecycleHandler, classifier=@javax.inject.Named(value=Ready), provider=org.codehaus.griffon.runtime.core.LifecycleHandlerProvider@75f0ac9, singleton=true]
[Test worker] TRACE org.codehaus.griffon.runtime.core.DefaultApplicationBootstrapper - ProviderBinding[source=griffon.core.LifecycleHandler, classifier=@javax.inject.Named(value=Shutdown), provider=org.codehaus.griffon.runtime.core.LifecycleHandlerProvider@70bd15e6, singleton=true]
[Test worker] TRACE org.codehaus.griffon.runtime.core.DefaultApplicationBootstrapper - ProviderBinding[source=griffon.core.LifecycleHandler, classifier=@javax.inject.Named(value=Stop), provider=org.codehaus.griffon.runtime.core.LifecycleHandlerProvider@de8e8dd, singleton=true]
[Test worker] TRACE org.codehaus.griffon.runtime.core.DefaultApplicationBootstrapper - TargetBinding[source=griffon.core.view.WindowManager, target=org.codehaus.griffon.runtime.core.view.NoopWindowManager, singleton=true]
[Test worker] TRACE org.codehaus.griffon.runtime.core.DefaultApplicationBootstrapper - TargetBinding[source=griffon.core.controller.ActionManager, target=org.codehaus.griffon.runtime.core.controller.DefaultActionManager, singleton=true]
[Test worker] TRACE org.codehaus.griffon.runtime.core.DefaultApplicationBootstrapper - TargetBinding[source=griffon.core.artifact.ArtifactManager, target=org.codehaus.griffon.runtime.core.artifact.DefaultArtifactManager, singleton=true]
[Test worker] TRACE org.codehaus.griffon.runtime.core.DefaultApplicationBootstrapper - TargetBinding[source=griffon.core.artifact.ArtifactHandler, classifier=@griffon.inject.Typed(value=interface griffon.core.artifact.GriffonModel), target=org.codehaus.griffon.runtime.core.artifact.ModelArtifactHandler, singleton=true]
[Test worker] TRACE org.codehaus.griffon.runtime.core.DefaultApplicationBootstrapper - TargetBinding[source=griffon.core.artifact.ArtifactHandler, classifier=@griffon.inject.Typed(value=interface griffon.core.artifact.GriffonView), target=org.codehaus.griffon.runtime.core.artifact.ViewArtifactHandler, singleton=true]
[Test worker] TRACE org.codehaus.griffon.runtime.core.DefaultApplicationBootstrapper - TargetBinding[source=griffon.core.artifact.ArtifactHandler, classifier=@griffon.inject.Typed(value=interface griffon.core.artifact.GriffonController), target=org.codehaus.griffon.runtime.core.artifact.ControllerArtifactHandler, singleton=true]
[Test worker] TRACE org.codehaus.griffon.runtime.core.DefaultApplicationBootstrapper - TargetBinding[source=griffon.core.artifact.ArtifactHandler, classifier=@griffon.inject.Typed(value=interface griffon.core.artifact.GriffonService), target=org.codehaus.griffon.runtime.core.artifact.ServiceArtifactHandler, singleton=true]
[Test worker] TRACE org.codehaus.griffon.runtime.core.DefaultApplicationBootstrapper - ProviderTypeBinding[source=griffon.core.PlatformHandler, providerType=class org.codehaus.griffon.runtime.core.PlatformHandlerProvider, singleton=true]
[Test worker] TRACE org.codehaus.griffon.runtime.core.DefaultApplicationBootstrapper - TargetBinding[source=griffon.core.addon.AddonManager, target=org.codehaus.griffon.runtime.core.addon.DefaultAddonManager, singleton=true]
[Test worker] TRACE org.codehaus.griffon.runtime.core.DefaultApplicationBootstrapper - TargetBinding[source=griffon.core.event.EventHandler, target=org.codehaus.griffon.runtime.core.event.DefaultEventHandler, singleton=true]
[Test worker] TRACE org.codehaus.griffon.runtime.core.DefaultApplicationBootstrapper - TargetBinding[source=griffon.core.GriffonExceptionHandler, target=griffon.core.GriffonExceptionHandler, singleton=true]
[Test worker] TRACE org.codehaus.griffon.runtime.core.DefaultApplicationBootstrapper - ProviderTypeBinding[source=org.apache.shiro.mgt.SecurityManager, providerType=class org.codehaus.griffon.runtime.shiro.SecurityManagerProvider, singleton=true]
[Test worker] TRACE org.codehaus.griffon.runtime.core.DefaultApplicationBootstrapper - ProviderTypeBinding[source=org.apache.shiro.subject.Subject, providerType=class org.codehaus.griffon.runtime.shiro.SubjectProvider, singleton=true]
[Test worker] TRACE org.codehaus.griffon.runtime.core.DefaultApplicationBootstrapper - TargetBinding[source=griffon.plugins.shiro.SecurityFailureHandler, target=org.codehaus.griffon.runtime.shiro.DefaultSecurityFailureHandler, singleton=true]
[Test worker] TRACE org.codehaus.griffon.runtime.core.DefaultApplicationBootstrapper - TargetBinding[source=griffon.core.controller.ActionInterceptor, target=org.codehaus.griffon.runtime.shiro.ShiroActionInterceptor, singleton=true]
[Test worker] DEBUG org.codehaus.griffon.runtime.core.DefaultApplicationBootstrapper - Creating application injector
[Test worker] DEBUG org.codehaus.griffon.runtime.core.DefaultApplicationBootstrapper - Injector will be created by org.codehaus.griffon.runtime.injection.GuiceInjectorFactory@275f83c0
[Test worker] DEBUG org.codehaus.griffon.runtime.core.event.AbstractEventRouter - Adding listener org.codehaus.griffon.runtime.core.MVCGroupExceptionHandler on UncaughtMVCGroupConfigurationException
[Test worker] DEBUG org.codehaus.griffon.runtime.core.event.AbstractEventRouter - Adding listener org.codehaus.griffon.runtime.core.MVCGroupExceptionHandler on UncaughtMVCGroupInstantiationException
[Test worker] DEBUG org.codehaus.griffon.runtime.core.event.AbstractEventRouter - Triggering event 'BootstrapStart' synchronously
[Test worker] DEBUG griffon.util.ServiceLoaderUtils - Reading java.beans.PropertyEditor definitions from jar:file:/home/travis/build/griffon/griffon/subprojects/griffon-core/build/libs/griffon-core-2.0.0.BETA.jar!/META-INF/editors/java.beans.PropertyEditor
[Test worker] DEBUG org.codehaus.griffon.runtime.core.DefaultApplicationConfigurer - Registering griffon.core.editors.StringPropertyEditor as editor for java.lang.String
[Test worker] DEBUG org.codehaus.griffon.runtime.core.DefaultApplicationConfigurer - Registering griffon.core.editors.FilePropertyEditor as editor for java.io.File
[Test worker] DEBUG org.codehaus.griffon.runtime.core.DefaultApplicationConfigurer - Registering griffon.core.editors.URLPropertyEditor as editor for java.net.URL
[Test worker] DEBUG org.codehaus.griffon.runtime.core.DefaultApplicationConfigurer - Registering griffon.core.editors.URIPropertyEditor as editor for java.net.URI
[Test worker] DEBUG org.codehaus.griffon.runtime.core.DefaultApplicationConfigurer - Registering griffon.core.editors.BigDecimalPropertyEditor as editor for java.math.BigDecimal
[Test worker] DEBUG org.codehaus.griffon.runtime.core.DefaultApplicationConfigurer - Registering griffon.core.editors.BigIntegerPropertyEditor as editor for java.math.BigInteger
[Test worker] DEBUG org.codehaus.griffon.runtime.core.DefaultApplicationConfigurer - Registering griffon.core.editors.BooleanPropertyEditor as editor for java.lang.Boolean
[Test worker] DEBUG org.codehaus.griffon.runtime.core.DefaultApplicationConfigurer - Registering griffon.core.editors.BytePropertyEditor as editor for java.lang.Byte
[Test worker] DEBUG org.codehaus.griffon.runtime.core.DefaultApplicationConfigurer - Registering griffon.core.editors.ShortPropertyEditor as editor for java.lang.Short
[Test worker] DEBUG org.codehaus.griffon.runtime.core.DefaultApplicationConfigurer - Registering griffon.core.editors.IntegerPropertyEditor as editor for java.lang.Integer
[Test worker] DEBUG org.codehaus.griffon.runtime.core.DefaultApplicationConfigurer - Registering griffon.core.editors.LongPropertyEditor as editor for java.lang.Long
[Test worker] DEBUG org.codehaus.griffon.runtime.core.DefaultApplicationConfigurer - Registering griffon.core.editors.FloatPropertyEditor as editor for java.lang.Float
[Test worker] DEBUG org.codehaus.griffon.runtime.core.DefaultApplicationConfigurer - Registering griffon.core.editors.DoublePropertyEditor as editor for java.lang.Double
[Test worker] DEBUG org.codehaus.griffon.runtime.core.DefaultApplicationConfigurer - Registering griffon.core.editors.CalendarPropertyEditor as editor for java.util.Calendar
[Test worker] DEBUG org.codehaus.griffon.runtime.core.DefaultApplicationConfigurer - Registering griffon.core.editors.DatePropertyEditor as editor for java.util.Date
[Test worker] DEBUG org.codehaus.griffon.runtime.core.DefaultApplicationConfigurer - Registering griffon.core.editors.BooleanPropertyEditor as editor for boolean
[Test worker] DEBUG org.codehaus.griffon.runtime.core.DefaultApplicationConfigurer - Registering griffon.core.editors.BytePropertyEditor as editor for byte
[Test worker] DEBUG org.codehaus.griffon.runtime.core.DefaultApplicationConfigurer - Registering griffon.core.editors.ShortPropertyEditor as editor for short
[Test worker] DEBUG org.codehaus.griffon.runtime.core.DefaultApplicationConfigurer - Registering griffon.core.editors.IntegerPropertyEditor as editor for int
[Test worker] DEBUG org.codehaus.griffon.runtime.core.DefaultApplicationConfigurer - Registering griffon.core.editors.LongPropertyEditor as editor for long
[Test worker] DEBUG org.codehaus.griffon.runtime.core.DefaultApplicationConfigurer - Registering griffon.core.editors.FloatPropertyEditor as editor for float
[Test worker] DEBUG org.codehaus.griffon.runtime.core.DefaultApplicationConfigurer - Registering griffon.core.editors.DoublePropertyEditor as editor for double
[Test worker] DEBUG org.codehaus.griffon.runtime.core.event.AbstractEventRouter - Adding listener org.codehaus.griffon.runtime.core.DefaultApplicationConfigurer$2 on NewInstance
[Test worker] TRACE griffon.util.CompositeResourceBundle - Searching key=application.lifecycle.handler.disable
[Test worker] TRACE griffon.util.CompositeResourceBundle - Searching key=application
[Test worker] TRACE griffon.util.CompositeResourceBundle - Searching key=platform.handler.linux64
[Test worker] TRACE griffon.util.CompositeResourceBundle - Searching key=platform
[Test worker] DEBUG org.codehaus.griffon.runtime.core.PlatformHandlerProvider - Using org.codehaus.griffon.runtime.core.DefaultPlatformHandler as PlatformHandler
[Test worker] DEBUG org.codehaus.griffon.runtime.core.addon.AbstractAddonManager - Loading addons [START]
[Test worker] DEBUG griffon.util.AnnotationUtils - computed addon order is []
[Test worker] DEBUG org.codehaus.griffon.runtime.core.event.AbstractEventRouter - Triggering event 'LoadAddonsStart' synchronously
[Test worker] DEBUG org.codehaus.griffon.runtime.core.addon.AbstractAddonManager - Loading addons [END]
[Test worker] DEBUG org.codehaus.griffon.runtime.core.event.AbstractEventRouter - Triggering event 'LoadAddonsEnd' synchronously
[Test worker] TRACE griffon.util.CompositeResourceBundle - Searching key=mvcGroups
[Test worker] TRACE griffon.util.CompositeResourceBundle - Searching key=mvcGroups
[Test worker] DEBUG org.codehaus.griffon.runtime.core.event.AbstractEventRouter - Adding listener org.codehaus.griffon.runtime.core.DefaultApplicationConfigurer$3 on NewInstance
[Test worker] TRACE griffon.util.CompositeResourceBundle - Searching key=shiro.realm.resource.path
[Test worker] TRACE griffon.util.CompositeResourceBundle - Searching key=shiro
[Test worker] DEBUG org.apache.shiro.realm.text.PropertiesRealm - Loading user security information from file [classpath:shiro-users.properties]...
[Test worker] DEBUG org.apache.shiro.realm.text.PropertiesRealm - Opening input stream for path [classpath:shiro-users.properties]...
[Test worker] DEBUG org.apache.shiro.io.ResourceUtils - Opening resource from class path [shiro-users.properties]
[Test worker] DEBUG org.apache.shiro.realm.text.PropertiesRealm - Loading properties from path [classpath:shiro-users.properties]...
[Test worker] TRACE org.apache.shiro.realm.text.PropertiesRealm - Processing properties line - key: [user.joe], value: [joe,employee].
[Test worker] TRACE org.apache.shiro.realm.text.PropertiesRealm - Processing properties line - key: [user.bob], value: [bob,manager,employee].
[Test worker] TRACE org.apache.shiro.realm.text.PropertiesRealm - Processing properties line - key: [role.administrator], value: [*].
[Test worker] TRACE org.apache.shiro.realm.text.PropertiesRealm - Processing properties line - key: [role.manager], value: [user:write].
[Test worker] TRACE org.apache.shiro.realm.text.PropertiesRealm - Processing properties line - key: [user.root], value: [root,administrator,manager].
[Test worker] TRACE org.apache.shiro.realm.text.PropertiesRealm - Processing properties line - key: [role.employee], value: [user:read].
[Test worker] TRACE org.apache.shiro.util.ThreadContext - get() - in thread [Test worker]
[Test worker] TRACE org.apache.shiro.util.ThreadContext - Retrieved value of type [org.apache.shiro.subject.support.DelegatingSubject] for key [org.apache.shiro.util.ThreadContext_SUBJECT_KEY] bound to thread [Test worker]
[Test worker] TRACE griffon.util.CompositeResourceBundle - Searching key=griffon.controller.action.interceptor.order
[Test worker] TRACE griffon.util.CompositeResourceBundle - Searching key=griffon
[Test worker] DEBUG griffon.util.AnnotationUtils - Current interceptor order is [shiro]
[Test worker] TRACE griffon.util.AnnotationUtils - Processing interceptor 'shiro'
[Test worker] TRACE griffon.util.AnnotationUtils -   depends on '[]'
[Test worker] TRACE griffon.util.AnnotationUtils -   adding interceptor 'shiro', since all dependencies have been added
[Test worker] TRACE griffon.util.AnnotationUtils - interceptor dependency ordering complete
[Test worker] DEBUG griffon.util.AnnotationUtils - computed interceptor order is [shiro]
[Test worker] DEBUG org.codehaus.griffon.runtime.core.artifact.AbstractArtifactManager - Registering artifact handler for type 'model': org.codehaus.griffon.runtime.core.artifact.ModelArtifactHandler@50ee20ab
[Test worker] DEBUG org.codehaus.griffon.runtime.core.artifact.AbstractArtifactManager - Registering artifact handler for type 'view': org.codehaus.griffon.runtime.core.artifact.ViewArtifactHandler@41a2e40f
[Test worker] DEBUG org.codehaus.griffon.runtime.core.artifact.AbstractArtifactManager - Registering artifact handler for type 'controller': org.codehaus.griffon.runtime.core.artifact.ControllerArtifactHandler@2d2ab673
[Test worker] DEBUG org.codehaus.griffon.runtime.core.artifact.AbstractArtifactManager - Registering artifact handler for type 'service': org.codehaus.griffon.runtime.core.artifact.ServiceArtifactHandler@4f304f2f
[Test worker] DEBUG griffon.util.ServiceLoaderUtils - Reading griffon.core.artifact.GriffonController definitions from file:/home/travis/build/griffon/griffon/plugins/griffon-shiro-plugin/build/classes/test/META-INF/griffon/griffon.core.artifact.GriffonController
[Test worker] DEBUG griffon.util.ServiceLoaderUtils - Reading griffon.core.artifact.GriffonModel definitions from file:/home/travis/build/griffon/griffon/plugins/griffon-shiro-plugin/build/classes/test/META-INF/griffon/griffon.core.artifact.GriffonModel
[Test worker] DEBUG org.codehaus.griffon.runtime.core.artifact.DefaultArtifactManager - Artifacts of type 'controller' = 1
[Test worker] DEBUG org.codehaus.griffon.runtime.core.artifact.DefaultArtifactManager - Artifacts of type 'model' = 1
[Test worker] TRACE org.codehaus.griffon.runtime.core.artifact.AbstractArtifactManager - InstanceBinding[source=griffon.core.artifact.GriffonClass, classifier=@griffon.inject.Typed(value=class com.acme.ShiroController), instance=Artifact[controller] > Shiro, singleton=true]
[Test worker] TRACE org.codehaus.griffon.runtime.core.artifact.AbstractArtifactManager - TargetBinding[source=com.acme.ShiroController, target=com.acme.ShiroController, singleton=false]
[Test worker] TRACE org.codehaus.griffon.runtime.core.artifact.AbstractArtifactManager - InstanceBinding[source=griffon.core.artifact.GriffonClass, classifier=@griffon.inject.Typed(value=class com.acme.ShiroModel), instance=Artifact[model] > Shiro, singleton=true]
[Test worker] TRACE org.codehaus.griffon.runtime.core.artifact.AbstractArtifactManager - TargetBinding[source=com.acme.ShiroModel, target=com.acme.ShiroModel, singleton=false]
[Test worker] DEBUG org.codehaus.griffon.runtime.core.event.AbstractEventRouter - Triggering event 'BootstrapEnd' synchronously
[Test worker] DEBUG org.codehaus.griffon.runtime.core.artifact.AbstractArtifactManager - Searching for griffonClass of com.acme.ShiroController
[Test worker] DEBUG org.codehaus.griffon.runtime.core.event.AbstractEventRouter - Triggering event 'NewInstance' synchronously
[Test worker] DEBUG org.codehaus.griffon.runtime.core.artifact.AbstractArtifactManager - Searching for griffonClass of com.acme.ShiroController
[Test worker] TRACE griffon.util.CompositeResourceBundle - Searching key=com.acme.ShiroController.action.Authenticated.name
[Test worker] TRACE griffon.util.CompositeResourceBundle - Searching key=application.action.Authenticated.name
[Test worker] TRACE org.codehaus.griffon.runtime.core.controller.AbstractActionManager - com.acme.ShiroController.action.Authenticated.name = Authenticated
[Test worker] DEBUG org.codehaus.griffon.runtime.core.controller.AbstractActionManager - Configuring action com.acme.ShiroController.authenticated with org.codehaus.griffon.runtime.shiro.ShiroActionInterceptor@465395a0
[Test worker] TRACE org.codehaus.griffon.runtime.core.controller.AbstractActionManager - Action for com.acme.ShiroController.authenticated stored as authenticated
[Test worker] TRACE griffon.util.CompositeResourceBundle - Searching key=com.acme.ShiroController.action.Guest.name
[Test worker] TRACE griffon.util.CompositeResourceBundle - Searching key=application.action.Guest.name
[Test worker] TRACE org.codehaus.griffon.runtime.core.controller.AbstractActionManager - com.acme.ShiroController.action.Guest.name = Guest
[Test worker] DEBUG org.codehaus.griffon.runtime.core.controller.AbstractActionManager - Configuring action com.acme.ShiroController.guest with org.codehaus.griffon.runtime.shiro.ShiroActionInterceptor@465395a0
[Test worker] TRACE org.codehaus.griffon.runtime.core.controller.AbstractActionManager - Action for com.acme.ShiroController.guest stored as guest
[Test worker] TRACE griffon.util.CompositeResourceBundle - Searching key=com.acme.ShiroController.action.Permissions.name
[Test worker] TRACE griffon.util.CompositeResourceBundle - Searching key=application.action.Permissions.name
[Test worker] TRACE org.codehaus.griffon.runtime.core.controller.AbstractActionManager - com.acme.ShiroController.action.Permissions.name = Permissions
[Test worker] DEBUG org.codehaus.griffon.runtime.core.controller.AbstractActionManager - Configuring action com.acme.ShiroController.permissions with org.codehaus.griffon.runtime.shiro.ShiroActionInterceptor@465395a0
[Test worker] TRACE org.codehaus.griffon.runtime.core.controller.AbstractActionManager - Action for com.acme.ShiroController.permissions stored as permissions
[Test worker] TRACE griffon.util.CompositeResourceBundle - Searching key=com.acme.ShiroController.action.Roles.name
[Test worker] TRACE griffon.util.CompositeResourceBundle - Searching key=application.action.Roles.name
[Test worker] TRACE org.codehaus.griffon.runtime.core.controller.AbstractActionManager - com.acme.ShiroController.action.Roles.name = Roles
[Test worker] DEBUG org.codehaus.griffon.runtime.core.controller.AbstractActionManager - Configuring action com.acme.ShiroController.roles with org.codehaus.griffon.runtime.shiro.ShiroActionInterceptor@465395a0
[Test worker] TRACE org.codehaus.griffon.runtime.core.controller.AbstractActionManager - Action for com.acme.ShiroController.roles stored as roles
[Test worker] TRACE griffon.util.CompositeResourceBundle - Searching key=com.acme.ShiroController.action.User.name
[Test worker] TRACE griffon.util.CompositeResourceBundle - Searching key=application.action.User.name
[Test worker] TRACE org.codehaus.griffon.runtime.core.controller.AbstractActionManager - com.acme.ShiroController.action.User.name = User
[Test worker] DEBUG org.codehaus.griffon.runtime.core.controller.AbstractActionManager - Configuring action com.acme.ShiroController.user with org.codehaus.griffon.runtime.shiro.ShiroActionInterceptor@465395a0
[Test worker] TRACE org.codehaus.griffon.runtime.core.controller.AbstractActionManager - Action for com.acme.ShiroController.user stored as user
[Test worker] DEBUG org.codehaus.griffon.runtime.core.artifact.AbstractArtifactManager - Searching for griffonClass of com.acme.ShiroModel
[Test worker] DEBUG org.codehaus.griffon.runtime.core.event.AbstractEventRouter - Triggering event 'NewInstance' synchronously
[Test worker] TRACE griffon.util.CompositeResourceBundle - Searching key=griffon.disable.threading.injection
[Test worker] TRACE griffon.util.CompositeResourceBundle - Searching key=griffon
[Test worker] DEBUG org.codehaus.griffon.runtime.core.controller.AbstractActionManager - Executing com.acme.ShiroController.user with policy OUTSIDE_UITHREAD
[Test worker] DEBUG org.codehaus.griffon.runtime.core.controller.AbstractActionManager - Executing 1 interceptor for com.acme.ShiroController.user
[Test worker] TRACE org.codehaus.griffon.runtime.core.controller.AbstractActionManager - Calling org.codehaus.griffon.runtime.shiro.ShiroActionInterceptor@465395a0.before() on com.acme.ShiroController.user
[Test worker] DEBUG org.codehaus.griffon.runtime.shiro.ShiroActionInterceptor - Evaluating security requirement RequirementConfiguration{requirement=USER, values=[], logical=AND}
[Test worker] TRACE org.apache.shiro.subject.support.DelegatingSubject - attempting to get session; create = false; session is null = true; session has id = false
[Test worker] DEBUG org.codehaus.griffon.runtime.shiro.ShiroActionInterceptor - Subject did not meet expected security requirements.
[Test worker] INFO org.codehaus.griffon.runtime.shiro.DefaultSecurityFailureHandler - Subject failed user challenge on com.acme.ShiroController.user
[Test worker] DEBUG org.codehaus.griffon.runtime.core.controller.AbstractActionManager - Execution of com.acme.ShiroController.user was aborted by org.codehaus.griffon.runtime.shiro.ShiroActionInterceptor@465395a0
[Test worker] TRACE org.codehaus.griffon.runtime.core.controller.AbstractActionManager - Status before execution of com.acme.ShiroController.user is ABORTED
[Test worker] TRACE org.codehaus.griffon.runtime.core.controller.AbstractActionManager - Calling org.codehaus.griffon.runtime.shiro.ShiroActionInterceptor@465395a0.after() on com.acme.ShiroController.user
[Test worker] DEBUG org.codehaus.griffon.runtime.core.event.AbstractEventRouter - Triggering event 'ShutdownRequested' synchronously
[Test worker] INFO org.codehaus.griffon.runtime.core.DefaultGriffonApplication - Shutdown is in process
[Test worker] DEBUG org.codehaus.griffon.runtime.core.DefaultGriffonApplication - Shutdown stage 1: notify all event listeners
[Test worker] DEBUG org.codehaus.griffon.runtime.core.event.AbstractEventRouter - Adding listener org.codehaus.griffon.runtime.core.AbstractGriffonApplication$1 on ShutdownStart
[Test worker] DEBUG org.codehaus.griffon.runtime.core.event.AbstractEventRouter - Triggering event 'ShutdownStart' synchronously
[Test worker] DEBUG org.codehaus.griffon.runtime.core.DefaultGriffonApplication - Shutdown stage 2: notify all shutdown handlers
[Test worker] DEBUG org.codehaus.griffon.runtime.core.DefaultGriffonApplication - Shutdown stage 3: destroy all MVC groups
[Test worker] DEBUG org.codehaus.griffon.runtime.core.DefaultGriffonApplication - Shutdown stage 4: execute Shutdown script
[Test worker] TRACE griffon.util.CompositeResourceBundle - Searching key=application.lifecycle.handler.disable
[Test worker] TRACE griffon.util.CompositeResourceBundle - Searching key=application
[Test worker] INFO org.codehaus.griffon.runtime.core.DefaultApplicationBootstrapper - Griffon 2.0.0.BETA
[Test worker] INFO org.codehaus.griffon.runtime.core.DefaultApplicationBootstrapper - Build: 2014-06-20T11:04:31.572+0000
[Test worker] INFO org.codehaus.griffon.runtime.core.DefaultApplicationBootstrapper - JVM: 1.7.0_51 (Oracle Corporation 24.51-b03)
[Test worker] INFO org.codehaus.griffon.runtime.core.DefaultApplicationBootstrapper - OS: Linux 2.6.32-042stab079.5 amd64
[Test worker] DEBUG org.codehaus.griffon.runtime.core.DefaultApplicationBootstrapper - Creating module bindings
[Test worker] DEBUG griffon.util.AnnotationUtils - Current module order is [core, shiro, testApplicationBootstrapper$InnerClasses, testApplicationBootstrapper$Fields]
[Test worker] TRACE griffon.util.AnnotationUtils - Processing module 'core'
[Test worker] TRACE griffon.util.AnnotationUtils -   depends on '[]'
[Test worker] TRACE griffon.util.AnnotationUtils -   adding module 'core', since all dependencies have been added
[Test worker] TRACE griffon.util.AnnotationUtils - Processing module 'shiro'
[Test worker] TRACE griffon.util.AnnotationUtils -   depends on '[]'
[Test worker] TRACE griffon.util.AnnotationUtils -   adding module 'shiro', since all dependencies have been added
[Test worker] TRACE griffon.util.AnnotationUtils - Processing module 'testApplicationBootstrapper$InnerClasses'
[Test worker] TRACE griffon.util.AnnotationUtils -   depends on '[]'
[Test worker] TRACE griffon.util.AnnotationUtils -   adding module 'testApplicationBootstrapper$InnerClasses', since all dependencies have been added
[Test worker] TRACE griffon.util.AnnotationUtils - Processing module 'testApplicationBootstrapper$Fields'
[Test worker] TRACE griffon.util.AnnotationUtils -   depends on '[]'
[Test worker] TRACE griffon.util.AnnotationUtils -   adding module 'testApplicationBootstrapper$Fields', since all dependencies have been added
[Test worker] TRACE griffon.util.AnnotationUtils - module dependency ordering complete
[Test worker] DEBUG griffon.util.AnnotationUtils - computed module order is [core, shiro, testApplicationBootstrapper$InnerClasses, testApplicationBootstrapper$Fields]
[Test worker] DEBUG org.codehaus.griffon.runtime.core.DefaultApplicationBootstrapper - Loading module bindings from core:org.codehaus.griffon.runtime.core.DefaultApplicationModule@62f3f7c2
[Test worker] DEBUG org.codehaus.griffon.runtime.core.DefaultApplicationBootstrapper - Loading module bindings from shiro:org.codehaus.griffon.runtime.shiro.ShiroModule@7f0f144e
[Test worker] DEBUG org.codehaus.griffon.runtime.core.DefaultApplicationBootstrapper - Loading module bindings from testApplicationBootstrapper$InnerClasses:org.codehaus.griffon.runtime.core.TestApplicationBootstrapper$InnerClassesModule@36fe4e0d
[Test worker] DEBUG org.codehaus.griffon.runtime.core.DefaultApplicationBootstrapper - Loading module bindings from testApplicationBootstrapper$Fields:org.codehaus.griffon.runtime.core.TestApplicationBootstrapper$FieldsModule@71b653af
[Test worker] TRACE org.codehaus.griffon.runtime.core.DefaultApplicationBootstrapper - InstanceBinding[source=griffon.core.GriffonApplication, instance=org.codehaus.griffon.runtime.core.DefaultGriffonApplication@4ed98965, singleton=true]
[Test worker] TRACE org.codehaus.griffon.runtime.core.DefaultApplicationBootstrapper - TargetBinding[source=griffon.core.ApplicationClassLoader, target=org.codehaus.griffon.runtime.core.DefaultApplicationClassLoader, singleton=true]
[Test worker] TRACE org.codehaus.griffon.runtime.core.DefaultApplicationBootstrapper - TargetBinding[source=griffon.core.ApplicationConfigurer, target=org.codehaus.griffon.runtime.core.DefaultApplicationConfigurer, singleton=true]
[Test worker] TRACE org.codehaus.griffon.runtime.core.DefaultApplicationBootstrapper - TargetBinding[source=griffon.core.resources.ResourceHandler, target=org.codehaus.griffon.runtime.core.resources.DefaultResourceHandler, singleton=true]
[Test worker] TRACE org.codehaus.griffon.runtime.core.DefaultApplicationBootstrapper - TargetBinding[source=griffon.util.CompositeResourceBundleBuilder, target=org.codehaus.griffon.runtime.util.DefaultCompositeResourceBundleBuilder, singleton=true]
[Test worker] TRACE org.codehaus.griffon.runtime.core.DefaultApplicationBootstrapper - ProviderBinding[source=java.util.ResourceBundle, classifier=@javax.inject.Named(value=applicationResourceBundle), provider=org.codehaus.griffon.runtime.util.ResourceBundleProvider@2bcb6e54, singleton=true]
[Test worker] TRACE org.codehaus.griffon.runtime.core.DefaultApplicationBootstrapper - TargetBinding[source=griffon.core.Configuration, target=org.codehaus.griffon.runtime.core.DefaultConfiguration, singleton=true]
[Test worker] TRACE org.codehaus.griffon.runtime.core.DefaultApplicationBootstrapper - TargetBinding[source=griffon.core.ExecutorServiceManager, target=org.codehaus.griffon.runtime.core.DefaultExecutorServiceManager, singleton=true]
[Test worker] TRACE org.codehaus.griffon.runtime.core.DefaultApplicationBootstrapper - TargetBinding[source=griffon.core.event.EventRouter, classifier=@javax.inject.Named(value=applicationEventRouter), target=org.codehaus.griffon.runtime.core.event.DefaultEventRouter, singleton=true]
[Test worker] TRACE org.codehaus.griffon.runtime.core.DefaultApplicationBootstrapper - TargetBinding[source=griffon.core.event.EventRouter, target=org.codehaus.griffon.runtime.core.event.DefaultEventRouter, singleton=false]
[Test worker] TRACE org.codehaus.griffon.runtime.core.DefaultApplicationBootstrapper - ProviderBinding[source=griffon.core.resources.ResourceResolver, classifier=@javax.inject.Named(value=applicationResourceResolver), provider=org.codehaus.griffon.runtime.core.resources.ResourceResolverProvider@38b86342, singleton=true]
[Test worker] TRACE org.codehaus.griffon.runtime.core.DefaultApplicationBootstrapper - ProviderBinding[source=griffon.core.i18n.MessageSource, classifier=@javax.inject.Named(value=applicationMessageSource), provider=org.codehaus.griffon.runtime.core.i18n.MessageSourceProvider@517c9f25, singleton=true]
[Test worker] TRACE org.codehaus.griffon.runtime.core.DefaultApplicationBootstrapper - TargetBinding[source=griffon.core.resources.ResourceInjector, classifier=@javax.inject.Named(value=applicationResourceInjector), target=org.codehaus.griffon.runtime.core.resources.DefaultApplicationResourceInjector, singleton=true]
[Test worker] TRACE org.codehaus.griffon.runtime.core.DefaultApplicationBootstrapper - TargetBinding[source=griffon.core.threading.UIThreadManager, target=org.codehaus.griffon.runtime.core.threading.DefaultUIThreadManager, singleton=true]
[Test worker] TRACE org.codehaus.griffon.runtime.core.DefaultApplicationBootstrapper - TargetBinding[source=griffon.core.mvc.MVCGroupManager, target=org.codehaus.griffon.runtime.core.mvc.DefaultMVCGroupManager, singleton=true]
[Test worker] TRACE org.codehaus.griffon.runtime.core.DefaultApplicationBootstrapper - ProviderBinding[source=griffon.core.LifecycleHandler, classifier=@javax.inject.Named(value=Initialize), provider=org.codehaus.griffon.runtime.core.LifecycleHandlerProvider@4cb45fee, singleton=true]
[Test worker] TRACE org.codehaus.griffon.runtime.core.DefaultApplicationBootstrapper - ProviderBinding[source=griffon.core.LifecycleHandler, classifier=@javax.inject.Named(value=Startup), provider=org.codehaus.griffon.runtime.core.LifecycleHandlerProvider@56062999, singleton=true]
[Test worker] TRACE org.codehaus.griffon.runtime.core.DefaultApplicationBootstrapper - ProviderBinding[source=griffon.core.LifecycleHandler, classifier=@javax.inject.Named(value=Ready), provider=org.codehaus.griffon.runtime.core.LifecycleHandlerProvider@2e9527ee, singleton=true]
[Test worker] TRACE org.codehaus.griffon.runtime.core.DefaultApplicationBootstrapper - ProviderBinding[source=griffon.core.LifecycleHandler, classifier=@javax.inject.Named(value=Shutdown), provider=org.codehaus.griffon.runtime.core.LifecycleHandlerProvider@42709226, singleton=true]
[Test worker] TRACE org.codehaus.griffon.runtime.core.DefaultApplicationBootstrapper - ProviderBinding[source=griffon.core.LifecycleHandler, classifier=@javax.inject.Named(value=Stop), provider=org.codehaus.griffon.runtime.core.LifecycleHandlerProvider@6c8b1edd, singleton=true]
[Test worker] TRACE org.codehaus.griffon.runtime.core.DefaultApplicationBootstrapper - TargetBinding[source=griffon.core.view.WindowManager, target=org.codehaus.griffon.runtime.core.view.NoopWindowManager, singleton=true]
[Test worker] TRACE org.codehaus.griffon.runtime.core.DefaultApplicationBootstrapper - TargetBinding[source=griffon.core.controller.ActionManager, target=org.codehaus.griffon.runtime.core.controller.DefaultActionManager, singleton=true]
[Test worker] TRACE org.codehaus.griffon.runtime.core.DefaultApplicationBootstrapper - TargetBinding[source=griffon.core.artifact.ArtifactManager, target=org.codehaus.griffon.runtime.core.artifact.DefaultArtifactManager, singleton=true]
[Test worker] TRACE org.codehaus.griffon.runtime.core.DefaultApplicationBootstrapper - TargetBinding[source=griffon.core.artifact.ArtifactHandler, classifier=@griffon.inject.Typed(value=interface griffon.core.artifact.GriffonModel), target=org.codehaus.griffon.runtime.core.artifact.ModelArtifactHandler, singleton=true]
[Test worker] TRACE org.codehaus.griffon.runtime.core.DefaultApplicationBootstrapper - TargetBinding[source=griffon.core.artifact.ArtifactHandler, classifier=@griffon.inject.Typed(value=interface griffon.core.artifact.GriffonView), target=org.codehaus.griffon.runtime.core.artifact.ViewArtifactHandler, singleton=true]
[Test worker] TRACE org.codehaus.griffon.runtime.core.DefaultApplicationBootstrapper - TargetBinding[source=griffon.core.artifact.ArtifactHandler, classifier=@griffon.inject.Typed(value=interface griffon.core.artifact.GriffonController), target=org.codehaus.griffon.runtime.core.artifact.ControllerArtifactHandler, singleton=true]
[Test worker] TRACE org.codehaus.griffon.runtime.core.DefaultApplicationBootstrapper - TargetBinding[source=griffon.core.artifact.ArtifactHandler, classifier=@griffon.inject.Typed(value=interface griffon.core.artifact.GriffonService), target=org.codehaus.griffon.runtime.core.artifact.ServiceArtifactHandler, singleton=true]
[Test worker] TRACE org.codehaus.griffon.runtime.core.DefaultApplicationBootstrapper - ProviderTypeBinding[source=griffon.core.PlatformHandler, providerType=class org.codehaus.griffon.runtime.core.PlatformHandlerProvider, singleton=true]
[Test worker] TRACE org.codehaus.griffon.runtime.core.DefaultApplicationBootstrapper - TargetBinding[source=griffon.core.addon.AddonManager, target=org.codehaus.griffon.runtime.core.addon.DefaultAddonManager, singleton=true]
[Test worker] TRACE org.codehaus.griffon.runtime.core.DefaultApplicationBootstrapper - TargetBinding[source=griffon.core.event.EventHandler, target=org.codehaus.griffon.runtime.core.event.DefaultEventHandler, singleton=true]
[Test worker] TRACE org.codehaus.griffon.runtime.core.DefaultApplicationBootstrapper - TargetBinding[source=griffon.core.GriffonExceptionHandler, target=griffon.core.GriffonExceptionHandler, singleton=true]
[Test worker] TRACE org.codehaus.griffon.runtime.core.DefaultApplicationBootstrapper - ProviderTypeBinding[source=org.apache.shiro.mgt.SecurityManager, providerType=class org.codehaus.griffon.runtime.shiro.SecurityManagerProvider, singleton=true]
[Test worker] TRACE org.codehaus.griffon.runtime.core.DefaultApplicationBootstrapper - ProviderTypeBinding[source=org.apache.shiro.subject.Subject, providerType=class org.codehaus.griffon.runtime.shiro.SubjectProvider, singleton=true]
[Test worker] TRACE org.codehaus.griffon.runtime.core.DefaultApplicationBootstrapper - TargetBinding[source=griffon.plugins.shiro.SecurityFailureHandler, target=org.codehaus.griffon.runtime.shiro.DefaultSecurityFailureHandler, singleton=true]
[Test worker] TRACE org.codehaus.griffon.runtime.core.DefaultApplicationBootstrapper - TargetBinding[source=griffon.core.controller.ActionInterceptor, target=org.codehaus.griffon.runtime.shiro.ShiroActionInterceptor, singleton=true]
[Test worker] DEBUG org.codehaus.griffon.runtime.core.DefaultApplicationBootstrapper - Creating application injector
[Test worker] DEBUG org.codehaus.griffon.runtime.core.DefaultApplicationBootstrapper - Injector will be created by org.codehaus.griffon.runtime.injection.GuiceInjectorFactory@3ca8bdf4
[Test worker] DEBUG org.codehaus.griffon.runtime.core.event.AbstractEventRouter - Adding listener org.codehaus.griffon.runtime.core.MVCGroupExceptionHandler on UncaughtMVCGroupConfigurationException
[Test worker] DEBUG org.codehaus.griffon.runtime.core.event.AbstractEventRouter - Adding listener org.codehaus.griffon.runtime.core.MVCGroupExceptionHandler on UncaughtMVCGroupInstantiationException
[Test worker] DEBUG org.codehaus.griffon.runtime.core.event.AbstractEventRouter - Triggering event 'BootstrapStart' synchronously
[Test worker] DEBUG griffon.util.ServiceLoaderUtils - Reading java.beans.PropertyEditor definitions from jar:file:/home/travis/build/griffon/griffon/subprojects/griffon-core/build/libs/griffon-core-2.0.0.BETA.jar!/META-INF/editors/java.beans.PropertyEditor
[Test worker] DEBUG org.codehaus.griffon.runtime.core.DefaultApplicationConfigurer - Registering griffon.core.editors.StringPropertyEditor as editor for java.lang.String
[Test worker] DEBUG org.codehaus.griffon.runtime.core.DefaultApplicationConfigurer - Registering griffon.core.editors.FilePropertyEditor as editor for java.io.File
[Test worker] DEBUG org.codehaus.griffon.runtime.core.DefaultApplicationConfigurer - Registering griffon.core.editors.URLPropertyEditor as editor for java.net.URL
[Test worker] DEBUG org.codehaus.griffon.runtime.core.DefaultApplicationConfigurer - Registering griffon.core.editors.URIPropertyEditor as editor for java.net.URI
[Test worker] DEBUG org.codehaus.griffon.runtime.core.DefaultApplicationConfigurer - Registering griffon.core.editors.BigDecimalPropertyEditor as editor for java.math.BigDecimal
[Test worker] DEBUG org.codehaus.griffon.runtime.core.DefaultApplicationConfigurer - Registering griffon.core.editors.BigIntegerPropertyEditor as editor for java.math.BigInteger
[Test worker] DEBUG org.codehaus.griffon.runtime.core.DefaultApplicationConfigurer - Registering griffon.core.editors.BooleanPropertyEditor as editor for java.lang.Boolean
[Test worker] DEBUG org.codehaus.griffon.runtime.core.DefaultApplicationConfigurer - Registering griffon.core.editors.BytePropertyEditor as editor for java.lang.Byte
[Test worker] DEBUG org.codehaus.griffon.runtime.core.DefaultApplicationConfigurer - Registering griffon.core.editors.ShortPropertyEditor as editor for java.lang.Short
[Test worker] DEBUG org.codehaus.griffon.runtime.core.DefaultApplicationConfigurer - Registering griffon.core.editors.IntegerPropertyEditor as editor for java.lang.Integer
[Test worker] DEBUG org.codehaus.griffon.runtime.core.DefaultApplicationConfigurer - Registering griffon.core.editors.LongPropertyEditor as editor for java.lang.Long
[Test worker] DEBUG org.codehaus.griffon.runtime.core.DefaultApplicationConfigurer - Registering griffon.core.editors.FloatPropertyEditor as editor for java.lang.Float
[Test worker] DEBUG org.codehaus.griffon.runtime.core.DefaultApplicationConfigurer - Registering griffon.core.editors.DoublePropertyEditor as editor for java.lang.Double
[Test worker] DEBUG org.codehaus.griffon.runtime.core.DefaultApplicationConfigurer - Registering griffon.core.editors.CalendarPropertyEditor as editor for java.util.Calendar
[Test worker] DEBUG org.codehaus.griffon.runtime.core.DefaultApplicationConfigurer - Registering griffon.core.editors.DatePropertyEditor as editor for java.util.Date
[Test worker] DEBUG org.codehaus.griffon.runtime.core.DefaultApplicationConfigurer - Registering griffon.core.editors.BooleanPropertyEditor as editor for boolean
[Test worker] DEBUG org.codehaus.griffon.runtime.core.DefaultApplicationConfigurer - Registering griffon.core.editors.BytePropertyEditor as editor for byte
[Test worker] DEBUG org.codehaus.griffon.runtime.core.DefaultApplicationConfigurer - Registering griffon.core.editors.ShortPropertyEditor as editor for short
[Test worker] DEBUG org.codehaus.griffon.runtime.core.DefaultApplicationConfigurer - Registering griffon.core.editors.IntegerPropertyEditor as editor for int
[Test worker] DEBUG org.codehaus.griffon.runtime.core.DefaultApplicationConfigurer - Registering griffon.core.editors.LongPropertyEditor as editor for long
[Test worker] DEBUG org.codehaus.griffon.runtime.core.DefaultApplicationConfigurer - Registering griffon.core.editors.FloatPropertyEditor as editor for float
[Test worker] DEBUG org.codehaus.griffon.runtime.core.DefaultApplicationConfigurer - Registering griffon.core.editors.DoublePropertyEditor as editor for double
[Test worker] DEBUG org.codehaus.griffon.runtime.core.event.AbstractEventRouter - Adding listener org.codehaus.griffon.runtime.core.DefaultApplicationConfigurer$2 on NewInstance
[Test worker] TRACE griffon.util.CompositeResourceBundle - Searching key=application.lifecycle.handler.disable
[Test worker] TRACE griffon.util.CompositeResourceBundle - Searching key=application
[Test worker] TRACE griffon.util.CompositeResourceBundle - Searching key=platform.handler.linux64
[Test worker] TRACE griffon.util.CompositeResourceBundle - Searching key=platform
[Test worker] DEBUG org.codehaus.griffon.runtime.core.PlatformHandlerProvider - Using org.codehaus.griffon.runtime.core.DefaultPlatformHandler as PlatformHandler
[Test worker] DEBUG org.codehaus.griffon.runtime.core.addon.AbstractAddonManager - Loading addons [START]
[Test worker] DEBUG griffon.util.AnnotationUtils - computed addon order is []
[Test worker] DEBUG org.codehaus.griffon.runtime.core.event.AbstractEventRouter - Triggering event 'LoadAddonsStart' synchronously
[Test worker] DEBUG org.codehaus.griffon.runtime.core.addon.AbstractAddonManager - Loading addons [END]
[Test worker] DEBUG org.codehaus.griffon.runtime.core.event.AbstractEventRouter - Triggering event 'LoadAddonsEnd' synchronously
[Test worker] TRACE griffon.util.CompositeResourceBundle - Searching key=mvcGroups
[Test worker] TRACE griffon.util.CompositeResourceBundle - Searching key=mvcGroups
[Test worker] DEBUG org.codehaus.griffon.runtime.core.event.AbstractEventRouter - Adding listener org.codehaus.griffon.runtime.core.DefaultApplicationConfigurer$3 on NewInstance
[Test worker] TRACE griffon.util.CompositeResourceBundle - Searching key=shiro.realm.resource.path
[Test worker] TRACE griffon.util.CompositeResourceBundle - Searching key=shiro
[Test worker] DEBUG org.apache.shiro.realm.text.PropertiesRealm - Loading user security information from file [classpath:shiro-users.properties]...
[Test worker] DEBUG org.apache.shiro.realm.text.PropertiesRealm - Opening input stream for path [classpath:shiro-users.properties]...
[Test worker] DEBUG org.apache.shiro.io.ResourceUtils - Opening resource from class path [shiro-users.properties]
[Test worker] DEBUG org.apache.shiro.realm.text.PropertiesRealm - Loading properties from path [classpath:shiro-users.properties]...
[Test worker] TRACE org.apache.shiro.realm.text.PropertiesRealm - Processing properties line - key: [user.joe], value: [joe,employee].
[Test worker] TRACE org.apache.shiro.realm.text.PropertiesRealm - Processing properties line - key: [user.bob], value: [bob,manager,employee].
[Test worker] TRACE org.apache.shiro.realm.text.PropertiesRealm - Processing properties line - key: [role.administrator], value: [*].
[Test worker] TRACE org.apache.shiro.realm.text.PropertiesRealm - Processing properties line - key: [role.manager], value: [user:write].
[Test worker] TRACE org.apache.shiro.realm.text.PropertiesRealm - Processing properties line - key: [user.root], value: [root,administrator,manager].
[Test worker] TRACE org.apache.shiro.realm.text.PropertiesRealm - Processing properties line - key: [role.employee], value: [user:read].
[Test worker] TRACE org.apache.shiro.util.ThreadContext - get() - in thread [Test worker]
[Test worker] TRACE org.apache.shiro.util.ThreadContext - Retrieved value of type [org.apache.shiro.subject.support.DelegatingSubject] for key [org.apache.shiro.util.ThreadContext_SUBJECT_KEY] bound to thread [Test worker]
[Test worker] TRACE griffon.util.CompositeResourceBundle - Searching key=griffon.controller.action.interceptor.order
[Test worker] TRACE griffon.util.CompositeResourceBundle - Searching key=griffon
[Test worker] DEBUG griffon.util.AnnotationUtils - Current interceptor order is [shiro]
[Test worker] TRACE griffon.util.AnnotationUtils - Processing interceptor 'shiro'
[Test worker] TRACE griffon.util.AnnotationUtils -   depends on '[]'
[Test worker] TRACE griffon.util.AnnotationUtils -   adding interceptor 'shiro', since all dependencies have been added
[Test worker] TRACE griffon.util.AnnotationUtils - interceptor dependency ordering complete
[Test worker] DEBUG griffon.util.AnnotationUtils - computed interceptor order is [shiro]
[Test worker] DEBUG org.codehaus.griffon.runtime.core.artifact.AbstractArtifactManager - Registering artifact handler for type 'model': org.codehaus.griffon.runtime.core.artifact.ModelArtifactHandler@1cd7a270
[Test worker] DEBUG org.codehaus.griffon.runtime.core.artifact.AbstractArtifactManager - Registering artifact handler for type 'view': org.codehaus.griffon.runtime.core.artifact.ViewArtifactHandler@10e975db
[Test worker] DEBUG org.codehaus.griffon.runtime.core.artifact.AbstractArtifactManager - Registering artifact handler for type 'controller': org.codehaus.griffon.runtime.core.artifact.ControllerArtifactHandler@4f388589
[Test worker] DEBUG org.codehaus.griffon.runtime.core.artifact.AbstractArtifactManager - Registering artifact handler for type 'service': org.codehaus.griffon.runtime.core.artifact.ServiceArtifactHandler@7c70e01
[Test worker] DEBUG griffon.util.ServiceLoaderUtils - Reading griffon.core.artifact.GriffonController definitions from file:/home/travis/build/griffon/griffon/plugins/griffon-shiro-plugin/build/classes/test/META-INF/griffon/griffon.core.artifact.GriffonController
[Test worker] DEBUG griffon.util.ServiceLoaderUtils - Reading griffon.core.artifact.GriffonModel definitions from file:/home/travis/build/griffon/griffon/plugins/griffon-shiro-plugin/build/classes/test/META-INF/griffon/griffon.core.artifact.GriffonModel
[Test worker] DEBUG org.codehaus.griffon.runtime.core.artifact.DefaultArtifactManager - Artifacts of type 'controller' = 1
[Test worker] DEBUG org.codehaus.griffon.runtime.core.artifact.DefaultArtifactManager - Artifacts of type 'model' = 1
[Test worker] TRACE org.codehaus.griffon.runtime.core.artifact.AbstractArtifactManager - InstanceBinding[source=griffon.core.artifact.GriffonClass, classifier=@griffon.inject.Typed(value=class com.acme.ShiroController), instance=Artifact[controller] > Shiro, singleton=true]
[Test worker] TRACE org.codehaus.griffon.runtime.core.artifact.AbstractArtifactManager - TargetBinding[source=com.acme.ShiroController, target=com.acme.ShiroController, singleton=false]
[Test worker] TRACE org.codehaus.griffon.runtime.core.artifact.AbstractArtifactManager - InstanceBinding[source=griffon.core.artifact.GriffonClass, classifier=@griffon.inject.Typed(value=class com.acme.ShiroModel), instance=Artifact[model] > Shiro, singleton=true]
[Test worker] TRACE org.codehaus.griffon.runtime.core.artifact.AbstractArtifactManager - TargetBinding[source=com.acme.ShiroModel, target=com.acme.ShiroModel, singleton=false]
[Test worker] DEBUG org.codehaus.griffon.runtime.core.event.AbstractEventRouter - Triggering event 'BootstrapEnd' synchronously
[Test worker] DEBUG org.codehaus.griffon.runtime.core.artifact.AbstractArtifactManager - Searching for griffonClass of com.acme.ShiroController
[Test worker] DEBUG org.codehaus.griffon.runtime.core.event.AbstractEventRouter - Triggering event 'NewInstance' synchronously
[Test worker] DEBUG org.codehaus.griffon.runtime.core.artifact.AbstractArtifactManager - Searching for griffonClass of com.acme.ShiroController
[Test worker] TRACE griffon.util.CompositeResourceBundle - Searching key=com.acme.ShiroController.action.Authenticated.name
[Test worker] TRACE griffon.util.CompositeResourceBundle - Searching key=application.action.Authenticated.name
[Test worker] TRACE org.codehaus.griffon.runtime.core.controller.AbstractActionManager - com.acme.ShiroController.action.Authenticated.name = Authenticated
[Test worker] DEBUG org.codehaus.griffon.runtime.core.controller.AbstractActionManager - Configuring action com.acme.ShiroController.authenticated with org.codehaus.griffon.runtime.shiro.ShiroActionInterceptor@461b09f4
[Test worker] TRACE org.codehaus.griffon.runtime.core.controller.AbstractActionManager - Action for com.acme.ShiroController.authenticated stored as authenticated
[Test worker] TRACE griffon.util.CompositeResourceBundle - Searching key=com.acme.ShiroController.action.Guest.name
[Test worker] TRACE griffon.util.CompositeResourceBundle - Searching key=application.action.Guest.name
[Test worker] TRACE org.codehaus.griffon.runtime.core.controller.AbstractActionManager - com.acme.ShiroController.action.Guest.name = Guest
[Test worker] DEBUG org.codehaus.griffon.runtime.core.controller.AbstractActionManager - Configuring action com.acme.ShiroController.guest with org.codehaus.griffon.runtime.shiro.ShiroActionInterceptor@461b09f4
[Test worker] TRACE org.codehaus.griffon.runtime.core.controller.AbstractActionManager - Action for com.acme.ShiroController.guest stored as guest
[Test worker] TRACE griffon.util.CompositeResourceBundle - Searching key=com.acme.ShiroController.action.Permissions.name
[Test worker] TRACE griffon.util.CompositeResourceBundle - Searching key=application.action.Permissions.name
[Test worker] TRACE org.codehaus.griffon.runtime.core.controller.AbstractActionManager - com.acme.ShiroController.action.Permissions.name = Permissions
[Test worker] DEBUG org.codehaus.griffon.runtime.core.controller.AbstractActionManager - Configuring action com.acme.ShiroController.permissions with org.codehaus.griffon.runtime.shiro.ShiroActionInterceptor@461b09f4
[Test worker] TRACE org.codehaus.griffon.runtime.core.controller.AbstractActionManager - Action for com.acme.ShiroController.permissions stored as permissions
[Test worker] TRACE griffon.util.CompositeResourceBundle - Searching key=com.acme.ShiroController.action.Roles.name
[Test worker] TRACE griffon.util.CompositeResourceBundle - Searching key=application.action.Roles.name
[Test worker] TRACE org.codehaus.griffon.runtime.core.controller.AbstractActionManager - com.acme.ShiroController.action.Roles.name = Roles
[Test worker] DEBUG org.codehaus.griffon.runtime.core.controller.AbstractActionManager - Configuring action com.acme.ShiroController.roles with org.codehaus.griffon.runtime.shiro.ShiroActionInterceptor@461b09f4
[Test worker] TRACE org.codehaus.griffon.runtime.core.controller.AbstractActionManager - Action for com.acme.ShiroController.roles stored as roles
[Test worker] TRACE griffon.util.CompositeResourceBundle - Searching key=com.acme.ShiroController.action.User.name
[Test worker] TRACE griffon.util.CompositeResourceBundle - Searching key=application.action.User.name
[Test worker] TRACE org.codehaus.griffon.runtime.core.controller.AbstractActionManager - com.acme.ShiroController.action.User.name = User
[Test worker] DEBUG org.codehaus.griffon.runtime.core.controller.AbstractActionManager - Configuring action com.acme.ShiroController.user with org.codehaus.griffon.runtime.shiro.ShiroActionInterceptor@461b09f4
[Test worker] TRACE org.codehaus.griffon.runtime.core.controller.AbstractActionManager - Action for com.acme.ShiroController.user stored as user
[Test worker] DEBUG org.codehaus.griffon.runtime.core.artifact.AbstractArtifactManager - Searching for griffonClass of com.acme.ShiroModel
[Test worker] DEBUG org.codehaus.griffon.runtime.core.event.AbstractEventRouter - Triggering event 'NewInstance' synchronously
[Test worker] TRACE griffon.util.CompositeResourceBundle - Searching key=griffon.disable.threading.injection
[Test worker] TRACE griffon.util.CompositeResourceBundle - Searching key=griffon
[Test worker] DEBUG org.codehaus.griffon.runtime.core.controller.AbstractActionManager - Executing com.acme.ShiroController.authenticated with policy OUTSIDE_UITHREAD
[Test worker] DEBUG org.codehaus.griffon.runtime.core.controller.AbstractActionManager - Executing 1 interceptor for com.acme.ShiroController.authenticated
[Test worker] TRACE org.codehaus.griffon.runtime.core.controller.AbstractActionManager - Calling org.codehaus.griffon.runtime.shiro.ShiroActionInterceptor@461b09f4.before() on com.acme.ShiroController.authenticated
[Test worker] DEBUG org.codehaus.griffon.runtime.shiro.ShiroActionInterceptor - Evaluating security requirement RequirementConfiguration{requirement=AUTHENTICATION, values=[], logical=AND}
[Test worker] DEBUG org.codehaus.griffon.runtime.shiro.ShiroActionInterceptor - Subject did not meet expected security requirements.
[Test worker] INFO org.codehaus.griffon.runtime.shiro.DefaultSecurityFailureHandler - Subject failed authentication challenge on com.acme.ShiroController.authenticated
[Test worker] DEBUG org.codehaus.griffon.runtime.core.controller.AbstractActionManager - Execution of com.acme.ShiroController.authenticated was aborted by org.codehaus.griffon.runtime.shiro.ShiroActionInterceptor@461b09f4
[Test worker] TRACE org.codehaus.griffon.runtime.core.controller.AbstractActionManager - Status before execution of com.acme.ShiroController.authenticated is ABORTED
[Test worker] TRACE org.codehaus.griffon.runtime.core.controller.AbstractActionManager - Calling org.codehaus.griffon.runtime.shiro.ShiroActionInterceptor@461b09f4.after() on com.acme.ShiroController.authenticated
[Test worker] DEBUG org.codehaus.griffon.runtime.core.event.AbstractEventRouter - Triggering event 'ShutdownRequested' synchronously
[Test worker] INFO org.codehaus.griffon.runtime.core.DefaultGriffonApplication - Shutdown is in process
[Test worker] DEBUG org.codehaus.griffon.runtime.core.DefaultGriffonApplication - Shutdown stage 1: notify all event listeners
[Test worker] DEBUG org.codehaus.griffon.runtime.core.event.AbstractEventRouter - Adding listener org.codehaus.griffon.runtime.core.AbstractGriffonApplication$1 on ShutdownStart
[Test worker] DEBUG org.codehaus.griffon.runtime.core.event.AbstractEventRouter - Triggering event 'ShutdownStart' synchronously
[Test worker] DEBUG org.codehaus.griffon.runtime.core.DefaultGriffonApplication - Shutdown stage 2: notify all shutdown handlers
[Test worker] DEBUG org.codehaus.griffon.runtime.core.DefaultGriffonApplication - Shutdown stage 3: destroy all MVC groups
[Test worker] DEBUG org.codehaus.griffon.runtime.core.DefaultGriffonApplication - Shutdown stage 4: execute Shutdown script
[Test worker] TRACE griffon.util.CompositeResourceBundle - Searching key=application.lifecycle.handler.disable
[Test worker] TRACE griffon.util.CompositeResourceBundle - Searching key=application
[Test worker] INFO org.codehaus.griffon.runtime.core.DefaultApplicationBootstrapper - Griffon 2.0.0.BETA
[Test worker] INFO org.codehaus.griffon.runtime.core.DefaultApplicationBootstrapper - Build: 2014-06-20T11:04:31.572+0000
[Test worker] INFO org.codehaus.griffon.runtime.core.DefaultApplicationBootstrapper - JVM: 1.7.0_51 (Oracle Corporation 24.51-b03)
[Test worker] INFO org.codehaus.griffon.runtime.core.DefaultApplicationBootstrapper - OS: Linux 2.6.32-042stab079.5 amd64
[Test worker] DEBUG org.codehaus.griffon.runtime.core.DefaultApplicationBootstrapper - Creating module bindings
[Test worker] DEBUG griffon.util.AnnotationUtils - Current module order is [core, shiro, testApplicationBootstrapper$InnerClasses, testApplicationBootstrapper$Fields]
[Test worker] TRACE griffon.util.AnnotationUtils - Processing module 'core'
[Test worker] TRACE griffon.util.AnnotationUtils -   depends on '[]'
[Test worker] TRACE griffon.util.AnnotationUtils -   adding module 'core', since all dependencies have been added
[Test worker] TRACE griffon.util.AnnotationUtils - Processing module 'shiro'
[Test worker] TRACE griffon.util.AnnotationUtils -   depends on '[]'
[Test worker] TRACE griffon.util.AnnotationUtils -   adding module 'shiro', since all dependencies have been added
[Test worker] TRACE griffon.util.AnnotationUtils - Processing module 'testApplicationBootstrapper$InnerClasses'
[Test worker] TRACE griffon.util.AnnotationUtils -   depends on '[]'
[Test worker] TRACE griffon.util.AnnotationUtils -   adding module 'testApplicationBootstrapper$InnerClasses', since all dependencies have been added
[Test worker] TRACE griffon.util.AnnotationUtils - Processing module 'testApplicationBootstrapper$Fields'
[Test worker] TRACE griffon.util.AnnotationUtils -   depends on '[]'
[Test worker] TRACE griffon.util.AnnotationUtils -   adding module 'testApplicationBootstrapper$Fields', since all dependencies have been added
[Test worker] TRACE griffon.util.AnnotationUtils - module dependency ordering complete
[Test worker] DEBUG griffon.util.AnnotationUtils - computed module order is [core, shiro, testApplicationBootstrapper$InnerClasses, testApplicationBootstrapper$Fields]
[Test worker] DEBUG org.codehaus.griffon.runtime.core.DefaultApplicationBootstrapper - Loading module bindings from core:org.codehaus.griffon.runtime.core.DefaultApplicationModule@36927b70
[Test worker] DEBUG org.codehaus.griffon.runtime.core.DefaultApplicationBootstrapper - Loading module bindings from shiro:org.codehaus.griffon.runtime.shiro.ShiroModule@4ae6120d
[Test worker] DEBUG org.codehaus.griffon.runtime.core.DefaultApplicationBootstrapper - Loading module bindings from testApplicationBootstrapper$InnerClasses:org.codehaus.griffon.runtime.core.TestApplicationBootstrapper$InnerClassesModule@46ab39e5
[Test worker] DEBUG org.codehaus.griffon.runtime.core.DefaultApplicationBootstrapper - Loading module bindings from testApplicationBootstrapper$Fields:org.codehaus.griffon.runtime.core.TestApplicationBootstrapper$FieldsModule@13660da2
[Test worker] TRACE org.codehaus.griffon.runtime.core.DefaultApplicationBootstrapper - InstanceBinding[source=griffon.core.GriffonApplication, instance=org.codehaus.griffon.runtime.core.DefaultGriffonApplication@6a22c2c3, singleton=true]
[Test worker] TRACE org.codehaus.griffon.runtime.core.DefaultApplicationBootstrapper - TargetBinding[source=griffon.core.ApplicationClassLoader, target=org.codehaus.griffon.runtime.core.DefaultApplicationClassLoader, singleton=true]
[Test worker] TRACE org.codehaus.griffon.runtime.core.DefaultApplicationBootstrapper - TargetBinding[source=griffon.core.ApplicationConfigurer, target=org.codehaus.griffon.runtime.core.DefaultApplicationConfigurer, singleton=true]
[Test worker] TRACE org.codehaus.griffon.runtime.core.DefaultApplicationBootstrapper - TargetBinding[source=griffon.core.resources.ResourceHandler, target=org.codehaus.griffon.runtime.core.resources.DefaultResourceHandler, singleton=true]
[Test worker] TRACE org.codehaus.griffon.runtime.core.DefaultApplicationBootstrapper - TargetBinding[source=griffon.util.CompositeResourceBundleBuilder, target=org.codehaus.griffon.runtime.util.DefaultCompositeResourceBundleBuilder, singleton=true]
[Test worker] TRACE org.codehaus.griffon.runtime.core.DefaultApplicationBootstrapper - ProviderBinding[source=java.util.ResourceBundle, classifier=@javax.inject.Named(value=applicationResourceBundle), provider=org.codehaus.griffon.runtime.util.ResourceBundleProvider@1020c6a5, singleton=true]
[Test worker] TRACE org.codehaus.griffon.runtime.core.DefaultApplicationBootstrapper - TargetBinding[source=griffon.core.Configuration, target=org.codehaus.griffon.runtime.core.DefaultConfiguration, singleton=true]
[Test worker] TRACE org.codehaus.griffon.runtime.core.DefaultApplicationBootstrapper - TargetBinding[source=griffon.core.ExecutorServiceManager, target=org.codehaus.griffon.runtime.core.DefaultExecutorServiceManager, singleton=true]
[Test worker] TRACE org.codehaus.griffon.runtime.core.DefaultApplicationBootstrapper - TargetBinding[source=griffon.core.event.EventRouter, classifier=@javax.inject.Named(value=applicationEventRouter), target=org.codehaus.griffon.runtime.core.event.DefaultEventRouter, singleton=true]
[Test worker] TRACE org.codehaus.griffon.runtime.core.DefaultApplicationBootstrapper - TargetBinding[source=griffon.core.event.EventRouter, target=org.codehaus.griffon.runtime.core.event.DefaultEventRouter, singleton=false]
[Test worker] TRACE org.codehaus.griffon.runtime.core.DefaultApplicationBootstrapper - ProviderBinding[source=griffon.core.resources.ResourceResolver, classifier=@javax.inject.Named(value=applicationResourceResolver), provider=org.codehaus.griffon.runtime.core.resources.ResourceResolverProvider@57d182e8, singleton=true]
[Test worker] TRACE org.codehaus.griffon.runtime.core.DefaultApplicationBootstrapper - ProviderBinding[source=griffon.core.i18n.MessageSource, classifier=@javax.inject.Named(value=applicationMessageSource), provider=org.codehaus.griffon.runtime.core.i18n.MessageSourceProvider@7be97a62, singleton=true]
[Test worker] TRACE org.codehaus.griffon.runtime.core.DefaultApplicationBootstrapper - TargetBinding[source=griffon.core.resources.ResourceInjector, classifier=@javax.inject.Named(value=applicationResourceInjector), target=org.codehaus.griffon.runtime.core.resources.DefaultApplicationResourceInjector, singleton=true]
[Test worker] TRACE org.codehaus.griffon.runtime.core.DefaultApplicationBootstrapper - TargetBinding[source=griffon.core.threading.UIThreadManager, target=org.codehaus.griffon.runtime.core.threading.DefaultUIThreadManager, singleton=true]
[Test worker] TRACE org.codehaus.griffon.runtime.core.DefaultApplicationBootstrapper - TargetBinding[source=griffon.core.mvc.MVCGroupManager, target=org.codehaus.griffon.runtime.core.mvc.DefaultMVCGroupManager, singleton=true]
[Test worker] TRACE org.codehaus.griffon.runtime.core.DefaultApplicationBootstrapper - ProviderBinding[source=griffon.core.LifecycleHandler, classifier=@javax.inject.Named(value=Initialize), provider=org.codehaus.griffon.runtime.core.LifecycleHandlerProvider@1d61f77c, singleton=true]
[Test worker] TRACE org.codehaus.griffon.runtime.core.DefaultApplicationBootstrapper - ProviderBinding[source=griffon.core.LifecycleHandler, classifier=@javax.inject.Named(value=Startup), provider=org.codehaus.griffon.runtime.core.LifecycleHandlerProvider@abefcf6, singleton=true]
[Test worker] TRACE org.codehaus.griffon.runtime.core.DefaultApplicationBootstrapper - ProviderBinding[source=griffon.core.LifecycleHandler, classifier=@javax.inject.Named(value=Ready), provider=org.codehaus.griffon.runtime.core.LifecycleHandlerProvider@d17ffd, singleton=true]
[Test worker] TRACE org.codehaus.griffon.runtime.core.DefaultApplicationBootstrapper - ProviderBinding[source=griffon.core.LifecycleHandler, classifier=@javax.inject.Named(value=Shutdown), provider=org.codehaus.griffon.runtime.core.LifecycleHandlerProvider@3a29bb76, singleton=true]
[Test worker] TRACE org.codehaus.griffon.runtime.core.DefaultApplicationBootstrapper - ProviderBinding[source=griffon.core.LifecycleHandler, classifier=@javax.inject.Named(value=Stop), provider=org.codehaus.griffon.runtime.core.LifecycleHandlerProvider@9d25dcf, singleton=true]
[Test worker] TRACE org.codehaus.griffon.runtime.core.DefaultApplicationBootstrapper - TargetBinding[source=griffon.core.view.WindowManager, target=org.codehaus.griffon.runtime.core.view.NoopWindowManager, singleton=true]
[Test worker] TRACE org.codehaus.griffon.runtime.core.DefaultApplicationBootstrapper - TargetBinding[source=griffon.core.controller.ActionManager, target=org.codehaus.griffon.runtime.core.controller.DefaultActionManager, singleton=true]
[Test worker] TRACE org.codehaus.griffon.runtime.core.DefaultApplicationBootstrapper - TargetBinding[source=griffon.core.artifact.ArtifactManager, target=org.codehaus.griffon.runtime.core.artifact.DefaultArtifactManager, singleton=true]
[Test worker] TRACE org.codehaus.griffon.runtime.core.DefaultApplicationBootstrapper - TargetBinding[source=griffon.core.artifact.ArtifactHandler, classifier=@griffon.inject.Typed(value=interface griffon.core.artifact.GriffonModel), target=org.codehaus.griffon.runtime.core.artifact.ModelArtifactHandler, singleton=true]
[Test worker] TRACE org.codehaus.griffon.runtime.core.DefaultApplicationBootstrapper - TargetBinding[source=griffon.core.artifact.ArtifactHandler, classifier=@griffon.inject.Typed(value=interface griffon.core.artifact.GriffonView), target=org.codehaus.griffon.runtime.core.artifact.ViewArtifactHandler, singleton=true]
[Test worker] TRACE org.codehaus.griffon.runtime.core.DefaultApplicationBootstrapper - TargetBinding[source=griffon.core.artifact.ArtifactHandler, classifier=@griffon.inject.Typed(value=interface griffon.core.artifact.GriffonController), target=org.codehaus.griffon.runtime.core.artifact.ControllerArtifactHandler, singleton=true]
[Test worker] TRACE org.codehaus.griffon.runtime.core.DefaultApplicationBootstrapper - TargetBinding[source=griffon.core.artifact.ArtifactHandler, classifier=@griffon.inject.Typed(value=interface griffon.core.artifact.GriffonService), target=org.codehaus.griffon.runtime.core.artifact.ServiceArtifactHandler, singleton=true]
[Test worker] TRACE org.codehaus.griffon.runtime.core.DefaultApplicationBootstrapper - ProviderTypeBinding[source=griffon.core.PlatformHandler, providerType=class org.codehaus.griffon.runtime.core.PlatformHandlerProvider, singleton=true]
[Test worker] TRACE org.codehaus.griffon.runtime.core.DefaultApplicationBootstrapper - TargetBinding[source=griffon.core.addon.AddonManager, target=org.codehaus.griffon.runtime.core.addon.DefaultAddonManager, singleton=true]
[Test worker] TRACE org.codehaus.griffon.runtime.core.DefaultApplicationBootstrapper - TargetBinding[source=griffon.core.event.EventHandler, target=org.codehaus.griffon.runtime.core.event.DefaultEventHandler, singleton=true]
[Test worker] TRACE org.codehaus.griffon.runtime.core.DefaultApplicationBootstrapper - TargetBinding[source=griffon.core.GriffonExceptionHandler, target=griffon.core.GriffonExceptionHandler, singleton=true]
[Test worker] TRACE org.codehaus.griffon.runtime.core.DefaultApplicationBootstrapper - ProviderTypeBinding[source=org.apache.shiro.mgt.SecurityManager, providerType=class org.codehaus.griffon.runtime.shiro.SecurityManagerProvider, singleton=true]
[Test worker] TRACE org.codehaus.griffon.runtime.core.DefaultApplicationBootstrapper - ProviderTypeBinding[source=org.apache.shiro.subject.Subject, providerType=class org.codehaus.griffon.runtime.shiro.SubjectProvider, singleton=true]
[Test worker] TRACE org.codehaus.griffon.runtime.core.DefaultApplicationBootstrapper - TargetBinding[source=griffon.plugins.shiro.SecurityFailureHandler, target=org.codehaus.griffon.runtime.shiro.DefaultSecurityFailureHandler, singleton=true]
[Test worker] TRACE org.codehaus.griffon.runtime.core.DefaultApplicationBootstrapper - TargetBinding[source=griffon.core.controller.ActionInterceptor, target=org.codehaus.griffon.runtime.shiro.ShiroActionInterceptor, singleton=true]
[Test worker] DEBUG org.codehaus.griffon.runtime.core.DefaultApplicationBootstrapper - Creating application injector
[Test worker] DEBUG org.codehaus.griffon.runtime.core.DefaultApplicationBootstrapper - Injector will be created by org.codehaus.griffon.runtime.injection.GuiceInjectorFactory@60bd76d7
[Test worker] DEBUG org.codehaus.griffon.runtime.core.event.AbstractEventRouter - Adding listener org.codehaus.griffon.runtime.core.MVCGroupExceptionHandler on UncaughtMVCGroupConfigurationException
[Test worker] DEBUG org.codehaus.griffon.runtime.core.event.AbstractEventRouter - Adding listener org.codehaus.griffon.runtime.core.MVCGroupExceptionHandler on UncaughtMVCGroupInstantiationException
[Test worker] DEBUG org.codehaus.griffon.runtime.core.event.AbstractEventRouter - Triggering event 'BootstrapStart' synchronously
[Test worker] DEBUG griffon.util.ServiceLoaderUtils - Reading java.beans.PropertyEditor definitions from jar:file:/home/travis/build/griffon/griffon/subprojects/griffon-core/build/libs/griffon-core-2.0.0.BETA.jar!/META-INF/editors/java.beans.PropertyEditor
[Test worker] DEBUG org.codehaus.griffon.runtime.core.DefaultApplicationConfigurer - Registering griffon.core.editors.StringPropertyEditor as editor for java.lang.String
[Test worker] DEBUG org.codehaus.griffon.runtime.core.DefaultApplicationConfigurer - Registering griffon.core.editors.FilePropertyEditor as editor for java.io.File
[Test worker] DEBUG org.codehaus.griffon.runtime.core.DefaultApplicationConfigurer - Registering griffon.core.editors.URLPropertyEditor as editor for java.net.URL
[Test worker] DEBUG org.codehaus.griffon.runtime.core.DefaultApplicationConfigurer - Registering griffon.core.editors.URIPropertyEditor as editor for java.net.URI
[Test worker] DEBUG org.codehaus.griffon.runtime.core.DefaultApplicationConfigurer - Registering griffon.core.editors.BigDecimalPropertyEditor as editor for java.math.BigDecimal
[Test worker] DEBUG org.codehaus.griffon.runtime.core.DefaultApplicationConfigurer - Registering griffon.core.editors.BigIntegerPropertyEditor as editor for java.math.BigInteger
[Test worker] DEBUG org.codehaus.griffon.runtime.core.DefaultApplicationConfigurer - Registering griffon.core.editors.BooleanPropertyEditor as editor for java.lang.Boolean
[Test worker] DEBUG org.codehaus.griffon.runtime.core.DefaultApplicationConfigurer - Registering griffon.core.editors.BytePropertyEditor as editor for java.lang.Byte
[Test worker] DEBUG org.codehaus.griffon.runtime.core.DefaultApplicationConfigurer - Registering griffon.core.editors.ShortPropertyEditor as editor for java.lang.Short
[Test worker] DEBUG org.codehaus.griffon.runtime.core.DefaultApplicationConfigurer - Registering griffon.core.editors.IntegerPropertyEditor as editor for java.lang.Integer
[Test worker] DEBUG org.codehaus.griffon.runtime.core.DefaultApplicationConfigurer - Registering griffon.core.editors.LongPropertyEditor as editor for java.lang.Long
[Test worker] DEBUG org.codehaus.griffon.runtime.core.DefaultApplicationConfigurer - Registering griffon.core.editors.FloatPropertyEditor as editor for java.lang.Float
[Test worker] DEBUG org.codehaus.griffon.runtime.core.DefaultApplicationConfigurer - Registering griffon.core.editors.DoublePropertyEditor as editor for java.lang.Double
[Test worker] DEBUG org.codehaus.griffon.runtime.core.DefaultApplicationConfigurer - Registering griffon.core.editors.CalendarPropertyEditor as editor for java.util.Calendar
[Test worker] DEBUG org.codehaus.griffon.runtime.core.DefaultApplicationConfigurer - Registering griffon.core.editors.DatePropertyEditor as editor for java.util.Date
[Test worker] DEBUG org.codehaus.griffon.runtime.core.DefaultApplicationConfigurer - Registering griffon.core.editors.BooleanPropertyEditor as editor for boolean
[Test worker] DEBUG org.codehaus.griffon.runtime.core.DefaultApplicationConfigurer - Registering griffon.core.editors.BytePropertyEditor as editor for byte
[Test worker] DEBUG org.codehaus.griffon.runtime.core.DefaultApplicationConfigurer - Registering griffon.core.editors.ShortPropertyEditor as editor for short
[Test worker] DEBUG org.codehaus.griffon.runtime.core.DefaultApplicationConfigurer - Registering griffon.core.editors.IntegerPropertyEditor as editor for int
[Test worker] DEBUG org.codehaus.griffon.runtime.core.DefaultApplicationConfigurer - Registering griffon.core.editors.LongPropertyEditor as editor for long
[Test worker] DEBUG org.codehaus.griffon.runtime.core.DefaultApplicationConfigurer - Registering griffon.core.editors.FloatPropertyEditor as editor for float
[Test worker] DEBUG org.codehaus.griffon.runtime.core.DefaultApplicationConfigurer - Registering griffon.core.editors.DoublePropertyEditor as editor for double
[Test worker] DEBUG org.codehaus.griffon.runtime.core.event.AbstractEventRouter - Adding listener org.codehaus.griffon.runtime.core.DefaultApplicationConfigurer$2 on NewInstance
[Test worker] TRACE griffon.util.CompositeResourceBundle - Searching key=application.lifecycle.handler.disable
[Test worker] TRACE griffon.util.CompositeResourceBundle - Searching key=application
[Test worker] TRACE griffon.util.CompositeResourceBundle - Searching key=platform.handler.linux64
[Test worker] TRACE griffon.util.CompositeResourceBundle - Searching key=platform
[Test worker] DEBUG org.codehaus.griffon.runtime.core.PlatformHandlerProvider - Using org.codehaus.griffon.runtime.core.DefaultPlatformHandler as PlatformHandler
[Test worker] DEBUG org.codehaus.griffon.runtime.core.addon.AbstractAddonManager - Loading addons [START]
[Test worker] DEBUG griffon.util.AnnotationUtils - computed addon order is []
[Test worker] DEBUG org.codehaus.griffon.runtime.core.event.AbstractEventRouter - Triggering event 'LoadAddonsStart' synchronously
[Test worker] DEBUG org.codehaus.griffon.runtime.core.addon.AbstractAddonManager - Loading addons [END]
[Test worker] DEBUG org.codehaus.griffon.runtime.core.event.AbstractEventRouter - Triggering event 'LoadAddonsEnd' synchronously
[Test worker] TRACE griffon.util.CompositeResourceBundle - Searching key=mvcGroups
[Test worker] TRACE griffon.util.CompositeResourceBundle - Searching key=mvcGroups
[Test worker] DEBUG org.codehaus.griffon.runtime.core.event.AbstractEventRouter - Adding listener org.codehaus.griffon.runtime.core.DefaultApplicationConfigurer$3 on NewInstance
[Test worker] TRACE griffon.util.CompositeResourceBundle - Searching key=shiro.realm.resource.path
[Test worker] TRACE griffon.util.CompositeResourceBundle - Searching key=shiro
[Test worker] DEBUG org.apache.shiro.realm.text.PropertiesRealm - Loading user security information from file [classpath:shiro-users.properties]...
[Test worker] DEBUG org.apache.shiro.realm.text.PropertiesRealm - Opening input stream for path [classpath:shiro-users.properties]...
[Test worker] DEBUG org.apache.shiro.io.ResourceUtils - Opening resource from class path [shiro-users.properties]
[Test worker] DEBUG org.apache.shiro.realm.text.PropertiesRealm - Loading properties from path [classpath:shiro-users.properties]...
[Test worker] TRACE org.apache.shiro.realm.text.PropertiesRealm - Processing properties line - key: [user.joe], value: [joe,employee].
[Test worker] TRACE org.apache.shiro.realm.text.PropertiesRealm - Processing properties line - key: [user.bob], value: [bob,manager,employee].
[Test worker] TRACE org.apache.shiro.realm.text.PropertiesRealm - Processing properties line - key: [role.administrator], value: [*].
[Test worker] TRACE org.apache.shiro.realm.text.PropertiesRealm - Processing properties line - key: [role.manager], value: [user:write].
[Test worker] TRACE org.apache.shiro.realm.text.PropertiesRealm - Processing properties line - key: [user.root], value: [root,administrator,manager].
[Test worker] TRACE org.apache.shiro.realm.text.PropertiesRealm - Processing properties line - key: [role.employee], value: [user:read].
[Test worker] TRACE org.apache.shiro.util.ThreadContext - get() - in thread [Test worker]
[Test worker] TRACE org.apache.shiro.util.ThreadContext - Retrieved value of type [org.apache.shiro.subject.support.DelegatingSubject] for key [org.apache.shiro.util.ThreadContext_SUBJECT_KEY] bound to thread [Test worker]
[Test worker] TRACE griffon.util.CompositeResourceBundle - Searching key=griffon.controller.action.interceptor.order
[Test worker] TRACE griffon.util.CompositeResourceBundle - Searching key=griffon
[Test worker] DEBUG griffon.util.AnnotationUtils - Current interceptor order is [shiro]
[Test worker] TRACE griffon.util.AnnotationUtils - Processing interceptor 'shiro'
[Test worker] TRACE griffon.util.AnnotationUtils -   depends on '[]'
[Test worker] TRACE griffon.util.AnnotationUtils -   adding interceptor 'shiro', since all dependencies have been added
[Test worker] TRACE griffon.util.AnnotationUtils - interceptor dependency ordering complete
[Test worker] DEBUG griffon.util.AnnotationUtils - computed interceptor order is [shiro]
[Test worker] DEBUG org.codehaus.griffon.runtime.core.artifact.AbstractArtifactManager - Registering artifact handler for type 'model': org.codehaus.griffon.runtime.core.artifact.ModelArtifactHandler@33ca1baf
[Test worker] DEBUG org.codehaus.griffon.runtime.core.artifact.AbstractArtifactManager - Registering artifact handler for type 'view': org.codehaus.griffon.runtime.core.artifact.ViewArtifactHandler@19df98b9
[Test worker] DEBUG org.codehaus.griffon.runtime.core.artifact.AbstractArtifactManager - Registering artifact handler for type 'controller': org.codehaus.griffon.runtime.core.artifact.ControllerArtifactHandler@26a3a6f4
[Test worker] DEBUG org.codehaus.griffon.runtime.core.artifact.AbstractArtifactManager - Registering artifact handler for type 'service': org.codehaus.griffon.runtime.core.artifact.ServiceArtifactHandler@4225f0fd
[Test worker] DEBUG griffon.util.ServiceLoaderUtils - Reading griffon.core.artifact.GriffonController definitions from file:/home/travis/build/griffon/griffon/plugins/griffon-shiro-plugin/build/classes/test/META-INF/griffon/griffon.core.artifact.GriffonController
[Test worker] DEBUG griffon.util.ServiceLoaderUtils - Reading griffon.core.artifact.GriffonModel definitions from file:/home/travis/build/griffon/griffon/plugins/griffon-shiro-plugin/build/classes/test/META-INF/griffon/griffon.core.artifact.GriffonModel
[Test worker] DEBUG org.codehaus.griffon.runtime.core.artifact.DefaultArtifactManager - Artifacts of type 'controller' = 1
[Test worker] DEBUG org.codehaus.griffon.runtime.core.artifact.DefaultArtifactManager - Artifacts of type 'model' = 1
[Test worker] TRACE org.codehaus.griffon.runtime.core.artifact.AbstractArtifactManager - InstanceBinding[source=griffon.core.artifact.GriffonClass, classifier=@griffon.inject.Typed(value=class com.acme.ShiroController), instance=Artifact[controller] > Shiro, singleton=true]
[Test worker] TRACE org.codehaus.griffon.runtime.core.artifact.AbstractArtifactManager - TargetBinding[source=com.acme.ShiroController, target=com.acme.ShiroController, singleton=false]
[Test worker] TRACE org.codehaus.griffon.runtime.core.artifact.AbstractArtifactManager - InstanceBinding[source=griffon.core.artifact.GriffonClass, classifier=@griffon.inject.Typed(value=class com.acme.ShiroModel), instance=Artifact[model] > Shiro, singleton=true]
[Test worker] TRACE org.codehaus.griffon.runtime.core.artifact.AbstractArtifactManager - TargetBinding[source=com.acme.ShiroModel, target=com.acme.ShiroModel, singleton=false]
[Test worker] DEBUG org.codehaus.griffon.runtime.core.event.AbstractEventRouter - Triggering event 'BootstrapEnd' synchronously
[Test worker] DEBUG org.codehaus.griffon.runtime.core.artifact.AbstractArtifactManager - Searching for griffonClass of com.acme.ShiroController
[Test worker] DEBUG org.codehaus.griffon.runtime.core.event.AbstractEventRouter - Triggering event 'NewInstance' synchronously
[Test worker] DEBUG org.codehaus.griffon.runtime.core.artifact.AbstractArtifactManager - Searching for griffonClass of com.acme.ShiroController
[Test worker] TRACE griffon.util.CompositeResourceBundle - Searching key=com.acme.ShiroController.action.Authenticated.name
[Test worker] TRACE griffon.util.CompositeResourceBundle - Searching key=application.action.Authenticated.name
[Test worker] TRACE org.codehaus.griffon.runtime.core.controller.AbstractActionManager - com.acme.ShiroController.action.Authenticated.name = Authenticated
[Test worker] DEBUG org.codehaus.griffon.runtime.core.controller.AbstractActionManager - Configuring action com.acme.ShiroController.authenticated with org.codehaus.griffon.runtime.shiro.ShiroActionInterceptor@9b981da
[Test worker] TRACE org.codehaus.griffon.runtime.core.controller.AbstractActionManager - Action for com.acme.ShiroController.authenticated stored as authenticated
[Test worker] TRACE griffon.util.CompositeResourceBundle - Searching key=com.acme.ShiroController.action.Guest.name
[Test worker] TRACE griffon.util.CompositeResourceBundle - Searching key=application.action.Guest.name
[Test worker] TRACE org.codehaus.griffon.runtime.core.controller.AbstractActionManager - com.acme.ShiroController.action.Guest.name = Guest
[Test worker] DEBUG org.codehaus.griffon.runtime.core.controller.AbstractActionManager - Configuring action com.acme.ShiroController.guest with org.codehaus.griffon.runtime.shiro.ShiroActionInterceptor@9b981da
[Test worker] TRACE org.codehaus.griffon.runtime.core.controller.AbstractActionManager - Action for com.acme.ShiroController.guest stored as guest
[Test worker] TRACE griffon.util.CompositeResourceBundle - Searching key=com.acme.ShiroController.action.Permissions.name
[Test worker] TRACE griffon.util.CompositeResourceBundle - Searching key=application.action.Permissions.name
[Test worker] TRACE org.codehaus.griffon.runtime.core.controller.AbstractActionManager - com.acme.ShiroController.action.Permissions.name = Permissions
[Test worker] DEBUG org.codehaus.griffon.runtime.core.controller.AbstractActionManager - Configuring action com.acme.ShiroController.permissions with org.codehaus.griffon.runtime.shiro.ShiroActionInterceptor@9b981da
[Test worker] TRACE org.codehaus.griffon.runtime.core.controller.AbstractActionManager - Action for com.acme.ShiroController.permissions stored as permissions
[Test worker] TRACE griffon.util.CompositeResourceBundle - Searching key=com.acme.ShiroController.action.Roles.name
[Test worker] TRACE griffon.util.CompositeResourceBundle - Searching key=application.action.Roles.name
[Test worker] TRACE org.codehaus.griffon.runtime.core.controller.AbstractActionManager - com.acme.ShiroController.action.Roles.name = Roles
[Test worker] DEBUG org.codehaus.griffon.runtime.core.controller.AbstractActionManager - Configuring action com.acme.ShiroController.roles with org.codehaus.griffon.runtime.shiro.ShiroActionInterceptor@9b981da
[Test worker] TRACE org.codehaus.griffon.runtime.core.controller.AbstractActionManager - Action for com.acme.ShiroController.roles stored as roles
[Test worker] TRACE griffon.util.CompositeResourceBundle - Searching key=com.acme.ShiroController.action.User.name
[Test worker] TRACE griffon.util.CompositeResourceBundle - Searching key=application.action.User.name
[Test worker] TRACE org.codehaus.griffon.runtime.core.controller.AbstractActionManager - com.acme.ShiroController.action.User.name = User
[Test worker] DEBUG org.codehaus.griffon.runtime.core.controller.AbstractActionManager - Configuring action com.acme.ShiroController.user with org.codehaus.griffon.runtime.shiro.ShiroActionInterceptor@9b981da
[Test worker] TRACE org.codehaus.griffon.runtime.core.controller.AbstractActionManager - Action for com.acme.ShiroController.user stored as user
[Test worker] DEBUG org.codehaus.griffon.runtime.core.artifact.AbstractArtifactManager - Searching for griffonClass of com.acme.ShiroModel
[Test worker] DEBUG org.codehaus.griffon.runtime.core.event.AbstractEventRouter - Triggering event 'NewInstance' synchronously
[Test worker] TRACE griffon.util.CompositeResourceBundle - Searching key=griffon.disable.threading.injection
[Test worker] TRACE griffon.util.CompositeResourceBundle - Searching key=griffon
[Test worker] DEBUG org.codehaus.griffon.runtime.core.controller.AbstractActionManager - Executing com.acme.ShiroController.roles with policy OUTSIDE_UITHREAD
[Test worker] DEBUG org.codehaus.griffon.runtime.core.controller.AbstractActionManager - Executing 1 interceptor for com.acme.ShiroController.roles
[Test worker] TRACE org.codehaus.griffon.runtime.core.controller.AbstractActionManager - Calling org.codehaus.griffon.runtime.shiro.ShiroActionInterceptor@9b981da.before() on com.acme.ShiroController.roles
[Test worker] DEBUG org.codehaus.griffon.runtime.shiro.ShiroActionInterceptor - Evaluating security requirement RequirementConfiguration{requirement=ROLES, values=[manager], logical=AND}
[Test worker] TRACE org.apache.shiro.subject.support.DelegatingSubject - attempting to get session; create = false; session is null = true; session has id = false
[Test worker] DEBUG org.codehaus.griffon.runtime.shiro.ShiroActionInterceptor - Subject did not meet expected security requirements.
[Test worker] INFO org.codehaus.griffon.runtime.shiro.DefaultSecurityFailureHandler - Subject was not granted access to com.acme.ShiroController.roles due to lack of roles
[Test worker] DEBUG org.codehaus.griffon.runtime.core.controller.AbstractActionManager - Execution of com.acme.ShiroController.roles was aborted by org.codehaus.griffon.runtime.shiro.ShiroActionInterceptor@9b981da
[Test worker] TRACE org.codehaus.griffon.runtime.core.controller.AbstractActionManager - Status before execution of com.acme.ShiroController.roles is ABORTED
[Test worker] TRACE org.codehaus.griffon.runtime.core.controller.AbstractActionManager - Calling org.codehaus.griffon.runtime.shiro.ShiroActionInterceptor@9b981da.after() on com.acme.ShiroController.roles
[Test worker] DEBUG org.codehaus.griffon.runtime.core.event.AbstractEventRouter - Triggering event 'ShutdownRequested' synchronously
[Test worker] INFO org.codehaus.griffon.runtime.core.DefaultGriffonApplication - Shutdown is in process
[Test worker] DEBUG org.codehaus.griffon.runtime.core.DefaultGriffonApplication - Shutdown stage 1: notify all event listeners
[Test worker] DEBUG org.codehaus.griffon.runtime.core.event.AbstractEventRouter - Adding listener org.codehaus.griffon.runtime.core.AbstractGriffonApplication$1 on ShutdownStart
[Test worker] DEBUG org.codehaus.griffon.runtime.core.event.AbstractEventRouter - Triggering event 'ShutdownStart' synchronously
[Test worker] DEBUG org.codehaus.griffon.runtime.core.DefaultGriffonApplication - Shutdown stage 2: notify all shutdown handlers
[Test worker] DEBUG org.codehaus.griffon.runtime.core.DefaultGriffonApplication - Shutdown stage 3: destroy all MVC groups
[Test worker] DEBUG org.codehaus.griffon.runtime.core.DefaultGriffonApplication - Shutdown stage 4: execute Shutdown script
[Test worker] TRACE griffon.util.CompositeResourceBundle - Searching key=application.lifecycle.handler.disable
[Test worker] TRACE griffon.util.CompositeResourceBundle - Searching key=application
[Test worker] INFO org.codehaus.griffon.runtime.core.DefaultApplicationBootstrapper - Griffon 2.0.0.BETA
[Test worker] INFO org.codehaus.griffon.runtime.core.DefaultApplicationBootstrapper - Build: 2014-06-20T11:04:31.572+0000
[Test worker] INFO org.codehaus.griffon.runtime.core.DefaultApplicationBootstrapper - JVM: 1.7.0_51 (Oracle Corporation 24.51-b03)
[Test worker] INFO org.codehaus.griffon.runtime.core.DefaultApplicationBootstrapper - OS: Linux 2.6.32-042stab079.5 amd64
[Test worker] DEBUG org.codehaus.griffon.runtime.core.DefaultApplicationBootstrapper - Creating module bindings
[Test worker] DEBUG griffon.util.AnnotationUtils - Current module order is [core, shiro, testApplicationBootstrapper$InnerClasses, testApplicationBootstrapper$Fields]
[Test worker] TRACE griffon.util.AnnotationUtils - Processing module 'core'
[Test worker] TRACE griffon.util.AnnotationUtils -   depends on '[]'
[Test worker] TRACE griffon.util.AnnotationUtils -   adding module 'core', since all dependencies have been added
[Test worker] TRACE griffon.util.AnnotationUtils - Processing module 'shiro'
[Test worker] TRACE griffon.util.AnnotationUtils -   depends on '[]'
[Test worker] TRACE griffon.util.AnnotationUtils -   adding module 'shiro', since all dependencies have been added
[Test worker] TRACE griffon.util.AnnotationUtils - Processing module 'testApplicationBootstrapper$InnerClasses'
[Test worker] TRACE griffon.util.AnnotationUtils -   depends on '[]'
[Test worker] TRACE griffon.util.AnnotationUtils -   adding module 'testApplicationBootstrapper$InnerClasses', since all dependencies have been added
[Test worker] TRACE griffon.util.AnnotationUtils - Processing module 'testApplicationBootstrapper$Fields'
[Test worker] TRACE griffon.util.AnnotationUtils -   depends on '[]'
[Test worker] TRACE griffon.util.AnnotationUtils -   adding module 'testApplicationBootstrapper$Fields', since all dependencies have been added
[Test worker] TRACE griffon.util.AnnotationUtils - module dependency ordering complete
[Test worker] DEBUG griffon.util.AnnotationUtils - computed module order is [core, shiro, testApplicationBootstrapper$InnerClasses, testApplicationBootstrapper$Fields]
[Test worker] DEBUG org.codehaus.griffon.runtime.core.DefaultApplicationBootstrapper - Loading module bindings from core:org.codehaus.griffon.runtime.core.DefaultApplicationModule@76be3008
[Test worker] DEBUG org.codehaus.griffon.runtime.core.DefaultApplicationBootstrapper - Loading module bindings from shiro:org.codehaus.griffon.runtime.shiro.ShiroModule@40439a1f
[Test worker] DEBUG org.codehaus.griffon.runtime.core.DefaultApplicationBootstrapper - Loading module bindings from testApplicationBootstrapper$InnerClasses:org.codehaus.griffon.runtime.core.TestApplicationBootstrapper$InnerClassesModule@163b8a2f
[Test worker] DEBUG org.codehaus.griffon.runtime.core.DefaultApplicationBootstrapper - Loading module bindings from testApplicationBootstrapper$Fields:org.codehaus.griffon.runtime.core.TestApplicationBootstrapper$FieldsModule@1eed1f10
[Test worker] TRACE org.codehaus.griffon.runtime.core.DefaultApplicationBootstrapper - InstanceBinding[source=griffon.core.GriffonApplication, instance=org.codehaus.griffon.runtime.core.DefaultGriffonApplication@51b5449f, singleton=true]
[Test worker] TRACE org.codehaus.griffon.runtime.core.DefaultApplicationBootstrapper - TargetBinding[source=griffon.core.ApplicationClassLoader, target=org.codehaus.griffon.runtime.core.DefaultApplicationClassLoader, singleton=true]
[Test worker] TRACE org.codehaus.griffon.runtime.core.DefaultApplicationBootstrapper - TargetBinding[source=griffon.core.ApplicationConfigurer, target=org.codehaus.griffon.runtime.core.DefaultApplicationConfigurer, singleton=true]
[Test worker] TRACE org.codehaus.griffon.runtime.core.DefaultApplicationBootstrapper - TargetBinding[source=griffon.core.resources.ResourceHandler, target=org.codehaus.griffon.runtime.core.resources.DefaultResourceHandler, singleton=true]
[Test worker] TRACE org.codehaus.griffon.runtime.core.DefaultApplicationBootstrapper - TargetBinding[source=griffon.util.CompositeResourceBundleBuilder, target=org.codehaus.griffon.runtime.util.DefaultCompositeResourceBundleBuilder, singleton=true]
[Test worker] TRACE org.codehaus.griffon.runtime.core.DefaultApplicationBootstrapper - ProviderBinding[source=java.util.ResourceBundle, classifier=@javax.inject.Named(value=applicationResourceBundle), provider=org.codehaus.griffon.runtime.util.ResourceBundleProvider@53ac4ca1, singleton=true]
[Test worker] TRACE org.codehaus.griffon.runtime.core.DefaultApplicationBootstrapper - TargetBinding[source=griffon.core.Configuration, target=org.codehaus.griffon.runtime.core.DefaultConfiguration, singleton=true]
[Test worker] TRACE org.codehaus.griffon.runtime.core.DefaultApplicationBootstrapper - TargetBinding[source=griffon.core.ExecutorServiceManager, target=org.codehaus.griffon.runtime.core.DefaultExecutorServiceManager, singleton=true]
[Test worker] TRACE org.codehaus.griffon.runtime.core.DefaultApplicationBootstrapper - TargetBinding[source=griffon.core.event.EventRouter, classifier=@javax.inject.Named(value=applicationEventRouter), target=org.codehaus.griffon.runtime.core.event.DefaultEventRouter, singleton=true]
[Test worker] TRACE org.codehaus.griffon.runtime.core.DefaultApplicationBootstrapper - TargetBinding[source=griffon.core.event.EventRouter, target=org.codehaus.griffon.runtime.core.event.DefaultEventRouter, singleton=false]
[Test worker] TRACE org.codehaus.griffon.runtime.core.DefaultApplicationBootstrapper - ProviderBinding[source=griffon.core.resources.ResourceResolver, classifier=@javax.inject.Named(value=applicationResourceResolver), provider=org.codehaus.griffon.runtime.core.resources.ResourceResolverProvider@54db08f1, singleton=true]
[Test worker] TRACE org.codehaus.griffon.runtime.core.DefaultApplicationBootstrapper - ProviderBinding[source=griffon.core.i18n.MessageSource, classifier=@javax.inject.Named(value=applicationMessageSource), provider=org.codehaus.griffon.runtime.core.i18n.MessageSourceProvider@782831bc, singleton=true]
[Test worker] TRACE org.codehaus.griffon.runtime.core.DefaultApplicationBootstrapper - TargetBinding[source=griffon.core.resources.ResourceInjector, classifier=@javax.inject.Named(value=applicationResourceInjector), target=org.codehaus.griffon.runtime.core.resources.DefaultApplicationResourceInjector, singleton=true]
[Test worker] TRACE org.codehaus.griffon.runtime.core.DefaultApplicationBootstrapper - TargetBinding[source=griffon.core.threading.UIThreadManager, target=org.codehaus.griffon.runtime.core.threading.DefaultUIThreadManager, singleton=true]
[Test worker] TRACE org.codehaus.griffon.runtime.core.DefaultApplicationBootstrapper - TargetBinding[source=griffon.core.mvc.MVCGroupManager, target=org.codehaus.griffon.runtime.core.mvc.DefaultMVCGroupManager, singleton=true]
[Test worker] TRACE org.codehaus.griffon.runtime.core.DefaultApplicationBootstrapper - ProviderBinding[source=griffon.core.LifecycleHandler, classifier=@javax.inject.Named(value=Initialize), provider=org.codehaus.griffon.runtime.core.LifecycleHandlerProvider@16d96b45, singleton=true]
[Test worker] TRACE org.codehaus.griffon.runtime.core.DefaultApplicationBootstrapper - ProviderBinding[source=griffon.core.LifecycleHandler, classifier=@javax.inject.Named(value=Startup), provider=org.codehaus.griffon.runtime.core.LifecycleHandlerProvider@1c118abb, singleton=true]
[Test worker] TRACE org.codehaus.griffon.runtime.core.DefaultApplicationBootstrapper - ProviderBinding[source=griffon.core.LifecycleHandler, classifier=@javax.inject.Named(value=Ready), provider=org.codehaus.griffon.runtime.core.LifecycleHandlerProvider@43ab0962, singleton=true]
[Test worker] TRACE org.codehaus.griffon.runtime.core.DefaultApplicationBootstrapper - ProviderBinding[source=griffon.core.LifecycleHandler, classifier=@javax.inject.Named(value=Shutdown), provider=org.codehaus.griffon.runtime.core.LifecycleHandlerProvider@11f523a3, singleton=true]
[Test worker] TRACE org.codehaus.griffon.runtime.core.DefaultApplicationBootstrapper - ProviderBinding[source=griffon.core.LifecycleHandler, classifier=@javax.inject.Named(value=Stop), provider=org.codehaus.griffon.runtime.core.LifecycleHandlerProvider@74f6ab8a, singleton=true]
[Test worker] TRACE org.codehaus.griffon.runtime.core.DefaultApplicationBootstrapper - TargetBinding[source=griffon.core.view.WindowManager, target=org.codehaus.griffon.runtime.core.view.NoopWindowManager, singleton=true]
[Test worker] TRACE org.codehaus.griffon.runtime.core.DefaultApplicationBootstrapper - TargetBinding[source=griffon.core.controller.ActionManager, target=org.codehaus.griffon.runtime.core.controller.DefaultActionManager, singleton=true]
[Test worker] TRACE org.codehaus.griffon.runtime.core.DefaultApplicationBootstrapper - TargetBinding[source=griffon.core.artifact.ArtifactManager, target=org.codehaus.griffon.runtime.core.artifact.DefaultArtifactManager, singleton=true]
[Test worker] TRACE org.codehaus.griffon.runtime.core.DefaultApplicationBootstrapper - TargetBinding[source=griffon.core.artifact.ArtifactHandler, classifier=@griffon.inject.Typed(value=interface griffon.core.artifact.GriffonModel), target=org.codehaus.griffon.runtime.core.artifact.ModelArtifactHandler, singleton=true]
[Test worker] TRACE org.codehaus.griffon.runtime.core.DefaultApplicationBootstrapper - TargetBinding[source=griffon.core.artifact.ArtifactHandler, classifier=@griffon.inject.Typed(value=interface griffon.core.artifact.GriffonView), target=org.codehaus.griffon.runtime.core.artifact.ViewArtifactHandler, singleton=true]
[Test worker] TRACE org.codehaus.griffon.runtime.core.DefaultApplicationBootstrapper - TargetBinding[source=griffon.core.artifact.ArtifactHandler, classifier=@griffon.inject.Typed(value=interface griffon.core.artifact.GriffonController), target=org.codehaus.griffon.runtime.core.artifact.ControllerArtifactHandler, singleton=true]
[Test worker] TRACE org.codehaus.griffon.runtime.core.DefaultApplicationBootstrapper - TargetBinding[source=griffon.core.artifact.ArtifactHandler, classifier=@griffon.inject.Typed(value=interface griffon.core.artifact.GriffonService), target=org.codehaus.griffon.runtime.core.artifact.ServiceArtifactHandler, singleton=true]
[Test worker] TRACE org.codehaus.griffon.runtime.core.DefaultApplicationBootstrapper - ProviderTypeBinding[source=griffon.core.PlatformHandler, providerType=class org.codehaus.griffon.runtime.core.PlatformHandlerProvider, singleton=true]
[Test worker] TRACE org.codehaus.griffon.runtime.core.DefaultApplicationBootstrapper - TargetBinding[source=griffon.core.addon.AddonManager, target=org.codehaus.griffon.runtime.core.addon.DefaultAddonManager, singleton=true]
[Test worker] TRACE org.codehaus.griffon.runtime.core.DefaultApplicationBootstrapper - TargetBinding[source=griffon.core.event.EventHandler, target=org.codehaus.griffon.runtime.core.event.DefaultEventHandler, singleton=true]
[Test worker] TRACE org.codehaus.griffon.runtime.core.DefaultApplicationBootstrapper - TargetBinding[source=griffon.core.GriffonExceptionHandler, target=griffon.core.GriffonExceptionHandler, singleton=true]
[Test worker] TRACE org.codehaus.griffon.runtime.core.DefaultApplicationBootstrapper - ProviderTypeBinding[source=org.apache.shiro.mgt.SecurityManager, providerType=class org.codehaus.griffon.runtime.shiro.SecurityManagerProvider, singleton=true]
[Test worker] TRACE org.codehaus.griffon.runtime.core.DefaultApplicationBootstrapper - ProviderTypeBinding[source=org.apache.shiro.subject.Subject, providerType=class org.codehaus.griffon.runtime.shiro.SubjectProvider, singleton=true]
[Test worker] TRACE org.codehaus.griffon.runtime.core.DefaultApplicationBootstrapper - TargetBinding[source=griffon.plugins.shiro.SecurityFailureHandler, target=org.codehaus.griffon.runtime.shiro.DefaultSecurityFailureHandler, singleton=true]
[Test worker] TRACE org.codehaus.griffon.runtime.core.DefaultApplicationBootstrapper - TargetBinding[source=griffon.core.controller.ActionInterceptor, target=org.codehaus.griffon.runtime.shiro.ShiroActionInterceptor, singleton=true]
[Test worker] DEBUG org.codehaus.griffon.runtime.core.DefaultApplicationBootstrapper - Creating application injector
[Test worker] DEBUG org.codehaus.griffon.runtime.core.DefaultApplicationBootstrapper - Injector will be created by org.codehaus.griffon.runtime.injection.GuiceInjectorFactory@185ef73d
[Test worker] DEBUG org.codehaus.griffon.runtime.core.event.AbstractEventRouter - Adding listener org.codehaus.griffon.runtime.core.MVCGroupExceptionHandler on UncaughtMVCGroupConfigurationException
[Test worker] DEBUG org.codehaus.griffon.runtime.core.event.AbstractEventRouter - Adding listener org.codehaus.griffon.runtime.core.MVCGroupExceptionHandler on UncaughtMVCGroupInstantiationException
[Test worker] DEBUG org.codehaus.griffon.runtime.core.event.AbstractEventRouter - Triggering event 'BootstrapStart' synchronously
[Test worker] DEBUG griffon.util.ServiceLoaderUtils - Reading java.beans.PropertyEditor definitions from jar:file:/home/travis/build/griffon/griffon/subprojects/griffon-core/build/libs/griffon-core-2.0.0.BETA.jar!/META-INF/editors/java.beans.PropertyEditor
[Test worker] DEBUG org.codehaus.griffon.runtime.core.DefaultApplicationConfigurer - Registering griffon.core.editors.StringPropertyEditor as editor for java.lang.String
[Test worker] DEBUG org.codehaus.griffon.runtime.core.DefaultApplicationConfigurer - Registering griffon.core.editors.FilePropertyEditor as editor for java.io.File
[Test worker] DEBUG org.codehaus.griffon.runtime.core.DefaultApplicationConfigurer - Registering griffon.core.editors.URLPropertyEditor as editor for java.net.URL
[Test worker] DEBUG org.codehaus.griffon.runtime.core.DefaultApplicationConfigurer - Registering griffon.core.editors.URIPropertyEditor as editor for java.net.URI
[Test worker] DEBUG org.codehaus.griffon.runtime.core.DefaultApplicationConfigurer - Registering griffon.core.editors.BigDecimalPropertyEditor as editor for java.math.BigDecimal
[Test worker] DEBUG org.codehaus.griffon.runtime.core.DefaultApplicationConfigurer - Registering griffon.core.editors.BigIntegerPropertyEditor as editor for java.math.BigInteger
[Test worker] DEBUG org.codehaus.griffon.runtime.core.DefaultApplicationConfigurer - Registering griffon.core.editors.BooleanPropertyEditor as editor for java.lang.Boolean
[Test worker] DEBUG org.codehaus.griffon.runtime.core.DefaultApplicationConfigurer - Registering griffon.core.editors.BytePropertyEditor as editor for java.lang.Byte
[Test worker] DEBUG org.codehaus.griffon.runtime.core.DefaultApplicationConfigurer - Registering griffon.core.editors.ShortPropertyEditor as editor for java.lang.Short
[Test worker] DEBUG org.codehaus.griffon.runtime.core.DefaultApplicationConfigurer - Registering griffon.core.editors.IntegerPropertyEditor as editor for java.lang.Integer
[Test worker] DEBUG org.codehaus.griffon.runtime.core.DefaultApplicationConfigurer - Registering griffon.core.editors.LongPropertyEditor as editor for java.lang.Long
[Test worker] DEBUG org.codehaus.griffon.runtime.core.DefaultApplicationConfigurer - Registering griffon.core.editors.FloatPropertyEditor as editor for java.lang.Float
[Test worker] DEBUG org.codehaus.griffon.runtime.core.DefaultApplicationConfigurer - Registering griffon.core.editors.DoublePropertyEditor as editor for java.lang.Double
[Test worker] DEBUG org.codehaus.griffon.runtime.core.DefaultApplicationConfigurer - Registering griffon.core.editors.CalendarPropertyEditor as editor for java.util.Calendar
[Test worker] DEBUG org.codehaus.griffon.runtime.core.DefaultApplicationConfigurer - Registering griffon.core.editors.DatePropertyEditor as editor for java.util.Date
[Test worker] DEBUG org.codehaus.griffon.runtime.core.DefaultApplicationConfigurer - Registering griffon.core.editors.BooleanPropertyEditor as editor for boolean
[Test worker] DEBUG org.codehaus.griffon.runtime.core.DefaultApplicationConfigurer - Registering griffon.core.editors.BytePropertyEditor as editor for byte
[Test worker] DEBUG org.codehaus.griffon.runtime.core.DefaultApplicationConfigurer - Registering griffon.core.editors.ShortPropertyEditor as editor for short
[Test worker] DEBUG org.codehaus.griffon.runtime.core.DefaultApplicationConfigurer - Registering griffon.core.editors.IntegerPropertyEditor as editor for int
[Test worker] DEBUG org.codehaus.griffon.runtime.core.DefaultApplicationConfigurer - Registering griffon.core.editors.LongPropertyEditor as editor for long
[Test worker] DEBUG org.codehaus.griffon.runtime.core.DefaultApplicationConfigurer - Registering griffon.core.editors.FloatPropertyEditor as editor for float
[Test worker] DEBUG org.codehaus.griffon.runtime.core.DefaultApplicationConfigurer - Registering griffon.core.editors.DoublePropertyEditor as editor for double
[Test worker] DEBUG org.codehaus.griffon.runtime.core.event.AbstractEventRouter - Adding listener org.codehaus.griffon.runtime.core.DefaultApplicationConfigurer$2 on NewInstance
[Test worker] TRACE griffon.util.CompositeResourceBundle - Searching key=application.lifecycle.handler.disable
[Test worker] TRACE griffon.util.CompositeResourceBundle - Searching key=application
[Test worker] TRACE griffon.util.CompositeResourceBundle - Searching key=platform.handler.linux64
[Test worker] TRACE griffon.util.CompositeResourceBundle - Searching key=platform
[Test worker] DEBUG org.codehaus.griffon.runtime.core.PlatformHandlerProvider - Using org.codehaus.griffon.runtime.core.DefaultPlatformHandler as PlatformHandler
[Test worker] DEBUG org.codehaus.griffon.runtime.core.addon.AbstractAddonManager - Loading addons [START]
[Test worker] DEBUG griffon.util.AnnotationUtils - computed addon order is []
[Test worker] DEBUG org.codehaus.griffon.runtime.core.event.AbstractEventRouter - Triggering event 'LoadAddonsStart' synchronously
[Test worker] DEBUG org.codehaus.griffon.runtime.core.addon.AbstractAddonManager - Loading addons [END]
[Test worker] DEBUG org.codehaus.griffon.runtime.core.event.AbstractEventRouter - Triggering event 'LoadAddonsEnd' synchronously
[Test worker] TRACE griffon.util.CompositeResourceBundle - Searching key=mvcGroups
[Test worker] TRACE griffon.util.CompositeResourceBundle - Searching key=mvcGroups
[Test worker] DEBUG org.codehaus.griffon.runtime.core.event.AbstractEventRouter - Adding listener org.codehaus.griffon.runtime.core.DefaultApplicationConfigurer$3 on NewInstance
[Test worker] TRACE griffon.util.CompositeResourceBundle - Searching key=shiro.realm.resource.path
[Test worker] TRACE griffon.util.CompositeResourceBundle - Searching key=shiro
[Test worker] DEBUG org.apache.shiro.realm.text.PropertiesRealm - Loading user security information from file [classpath:shiro-users.properties]...
[Test worker] DEBUG org.apache.shiro.realm.text.PropertiesRealm - Opening input stream for path [classpath:shiro-users.properties]...
[Test worker] DEBUG org.apache.shiro.io.ResourceUtils - Opening resource from class path [shiro-users.properties]
[Test worker] DEBUG org.apache.shiro.realm.text.PropertiesRealm - Loading properties from path [classpath:shiro-users.properties]...
[Test worker] TRACE org.apache.shiro.realm.text.PropertiesRealm - Processing properties line - key: [user.joe], value: [joe,employee].
[Test worker] TRACE org.apache.shiro.realm.text.PropertiesRealm - Processing properties line - key: [user.bob], value: [bob,manager,employee].
[Test worker] TRACE org.apache.shiro.realm.text.PropertiesRealm - Processing properties line - key: [role.administrator], value: [*].
[Test worker] TRACE org.apache.shiro.realm.text.PropertiesRealm - Processing properties line - key: [role.manager], value: [user:write].
[Test worker] TRACE org.apache.shiro.realm.text.PropertiesRealm - Processing properties line - key: [user.root], value: [root,administrator,manager].
[Test worker] TRACE org.apache.shiro.realm.text.PropertiesRealm - Processing properties line - key: [role.employee], value: [user:read].
[Test worker] TRACE org.apache.shiro.util.ThreadContext - get() - in thread [Test worker]
[Test worker] TRACE org.apache.shiro.util.ThreadContext - Retrieved value of type [org.apache.shiro.subject.support.DelegatingSubject] for key [org.apache.shiro.util.ThreadContext_SUBJECT_KEY] bound to thread [Test worker]
[Test worker] TRACE griffon.util.CompositeResourceBundle - Searching key=griffon.controller.action.interceptor.order
[Test worker] TRACE griffon.util.CompositeResourceBundle - Searching key=griffon
[Test worker] DEBUG griffon.util.AnnotationUtils - Current interceptor order is [shiro]
[Test worker] TRACE griffon.util.AnnotationUtils - Processing interceptor 'shiro'
[Test worker] TRACE griffon.util.AnnotationUtils -   depends on '[]'
[Test worker] TRACE griffon.util.AnnotationUtils -   adding interceptor 'shiro', since all dependencies have been added
[Test worker] TRACE griffon.util.AnnotationUtils - interceptor dependency ordering complete
[Test worker] DEBUG griffon.util.AnnotationUtils - computed interceptor order is [shiro]
[Test worker] DEBUG org.codehaus.griffon.runtime.core.artifact.AbstractArtifactManager - Registering artifact handler for type 'model': org.codehaus.griffon.runtime.core.artifact.ModelArtifactHandler@66a4156c
[Test worker] DEBUG org.codehaus.griffon.runtime.core.artifact.AbstractArtifactManager - Registering artifact handler for type 'view': org.codehaus.griffon.runtime.core.artifact.ViewArtifactHandler@1e7a9a19
[Test worker] DEBUG org.codehaus.griffon.runtime.core.artifact.AbstractArtifactManager - Registering artifact handler for type 'controller': org.codehaus.griffon.runtime.core.artifact.ControllerArtifactHandler@31aeef1
[Test worker] DEBUG org.codehaus.griffon.runtime.core.artifact.AbstractArtifactManager - Registering artifact handler for type 'service': org.codehaus.griffon.runtime.core.artifact.ServiceArtifactHandler@5d3d11ce
[Test worker] DEBUG griffon.util.ServiceLoaderUtils - Reading griffon.core.artifact.GriffonController definitions from file:/home/travis/build/griffon/griffon/plugins/griffon-shiro-plugin/build/classes/test/META-INF/griffon/griffon.core.artifact.GriffonController
[Test worker] DEBUG griffon.util.ServiceLoaderUtils - Reading griffon.core.artifact.GriffonModel definitions from file:/home/travis/build/griffon/griffon/plugins/griffon-shiro-plugin/build/classes/test/META-INF/griffon/griffon.core.artifact.GriffonModel
[Test worker] DEBUG org.codehaus.griffon.runtime.core.artifact.DefaultArtifactManager - Artifacts of type 'controller' = 1
[Test worker] DEBUG org.codehaus.griffon.runtime.core.artifact.DefaultArtifactManager - Artifacts of type 'model' = 1
[Test worker] TRACE org.codehaus.griffon.runtime.core.artifact.AbstractArtifactManager - InstanceBinding[source=griffon.core.artifact.GriffonClass, classifier=@griffon.inject.Typed(value=class com.acme.ShiroController), instance=Artifact[controller] > Shiro, singleton=true]
[Test worker] TRACE org.codehaus.griffon.runtime.core.artifact.AbstractArtifactManager - TargetBinding[source=com.acme.ShiroController, target=com.acme.ShiroController, singleton=false]
[Test worker] TRACE org.codehaus.griffon.runtime.core.artifact.AbstractArtifactManager - InstanceBinding[source=griffon.core.artifact.GriffonClass, classifier=@griffon.inject.Typed(value=class com.acme.ShiroModel), instance=Artifact[model] > Shiro, singleton=true]
[Test worker] TRACE org.codehaus.griffon.runtime.core.artifact.AbstractArtifactManager - TargetBinding[source=com.acme.ShiroModel, target=com.acme.ShiroModel, singleton=false]
[Test worker] DEBUG org.codehaus.griffon.runtime.core.event.AbstractEventRouter - Triggering event 'BootstrapEnd' synchronously
[Test worker] DEBUG org.codehaus.griffon.runtime.core.artifact.AbstractArtifactManager - Searching for griffonClass of com.acme.ShiroController
[Test worker] DEBUG org.codehaus.griffon.runtime.core.event.AbstractEventRouter - Triggering event 'NewInstance' synchronously
[Test worker] DEBUG org.codehaus.griffon.runtime.core.artifact.AbstractArtifactManager - Searching for griffonClass of com.acme.ShiroController
[Test worker] TRACE griffon.util.CompositeResourceBundle - Searching key=com.acme.ShiroController.action.Authenticated.name
[Test worker] TRACE griffon.util.CompositeResourceBundle - Searching key=application.action.Authenticated.name
[Test worker] TRACE org.codehaus.griffon.runtime.core.controller.AbstractActionManager - com.acme.ShiroController.action.Authenticated.name = Authenticated
[Test worker] DEBUG org.codehaus.griffon.runtime.core.controller.AbstractActionManager - Configuring action com.acme.ShiroController.authenticated with org.codehaus.griffon.runtime.shiro.ShiroActionInterceptor@3cd03315
[Test worker] TRACE org.codehaus.griffon.runtime.core.controller.AbstractActionManager - Action for com.acme.ShiroController.authenticated stored as authenticated
[Test worker] TRACE griffon.util.CompositeResourceBundle - Searching key=com.acme.ShiroController.action.Guest.name
[Test worker] TRACE griffon.util.CompositeResourceBundle - Searching key=application.action.Guest.name
[Test worker] TRACE org.codehaus.griffon.runtime.core.controller.AbstractActionManager - com.acme.ShiroController.action.Guest.name = Guest
[Test worker] DEBUG org.codehaus.griffon.runtime.core.controller.AbstractActionManager - Configuring action com.acme.ShiroController.guest with org.codehaus.griffon.runtime.shiro.ShiroActionInterceptor@3cd03315
[Test worker] TRACE org.codehaus.griffon.runtime.core.controller.AbstractActionManager - Action for com.acme.ShiroController.guest stored as guest
[Test worker] TRACE griffon.util.CompositeResourceBundle - Searching key=com.acme.ShiroController.action.Permissions.name
[Test worker] TRACE griffon.util.CompositeResourceBundle - Searching key=application.action.Permissions.name
[Test worker] TRACE org.codehaus.griffon.runtime.core.controller.AbstractActionManager - com.acme.ShiroController.action.Permissions.name = Permissions
[Test worker] DEBUG org.codehaus.griffon.runtime.core.controller.AbstractActionManager - Configuring action com.acme.ShiroController.permissions with org.codehaus.griffon.runtime.shiro.ShiroActionInterceptor@3cd03315
[Test worker] TRACE org.codehaus.griffon.runtime.core.controller.AbstractActionManager - Action for com.acme.ShiroController.permissions stored as permissions
[Test worker] TRACE griffon.util.CompositeResourceBundle - Searching key=com.acme.ShiroController.action.Roles.name
[Test worker] TRACE griffon.util.CompositeResourceBundle - Searching key=application.action.Roles.name
[Test worker] TRACE org.codehaus.griffon.runtime.core.controller.AbstractActionManager - com.acme.ShiroController.action.Roles.name = Roles
[Test worker] DEBUG org.codehaus.griffon.runtime.core.controller.AbstractActionManager - Configuring action com.acme.ShiroController.roles with org.codehaus.griffon.runtime.shiro.ShiroActionInterceptor@3cd03315
[Test worker] TRACE org.codehaus.griffon.runtime.core.controller.AbstractActionManager - Action for com.acme.ShiroController.roles stored as roles
[Test worker] TRACE griffon.util.CompositeResourceBundle - Searching key=com.acme.ShiroController.action.User.name
[Test worker] TRACE griffon.util.CompositeResourceBundle - Searching key=application.action.User.name
[Test worker] TRACE org.codehaus.griffon.runtime.core.controller.AbstractActionManager - com.acme.ShiroController.action.User.name = User
[Test worker] DEBUG org.codehaus.griffon.runtime.core.controller.AbstractActionManager - Configuring action com.acme.ShiroController.user with org.codehaus.griffon.runtime.shiro.ShiroActionInterceptor@3cd03315
[Test worker] TRACE org.codehaus.griffon.runtime.core.controller.AbstractActionManager - Action for com.acme.ShiroController.user stored as user
[Test worker] DEBUG org.codehaus.griffon.runtime.core.artifact.AbstractArtifactManager - Searching for griffonClass of com.acme.ShiroModel
[Test worker] DEBUG org.codehaus.griffon.runtime.core.event.AbstractEventRouter - Triggering event 'NewInstance' synchronously
[Test worker] TRACE griffon.util.CompositeResourceBundle - Searching key=griffon.disable.threading.injection
[Test worker] TRACE griffon.util.CompositeResourceBundle - Searching key=griffon
[Test worker] DEBUG org.codehaus.griffon.runtime.core.controller.AbstractActionManager - Executing com.acme.ShiroController.permissions with policy OUTSIDE_UITHREAD
[Test worker] DEBUG org.codehaus.griffon.runtime.core.controller.AbstractActionManager - Executing 1 interceptor for com.acme.ShiroController.permissions
[Test worker] TRACE org.codehaus.griffon.runtime.core.controller.AbstractActionManager - Calling org.codehaus.griffon.runtime.shiro.ShiroActionInterceptor@3cd03315.before() on com.acme.ShiroController.permissions
[Test worker] DEBUG org.codehaus.griffon.runtime.shiro.ShiroActionInterceptor - Evaluating security requirement RequirementConfiguration{requirement=PERMISSIONS, values=[user:write], logical=AND}
[Test worker] TRACE org.apache.shiro.subject.support.DelegatingSubject - attempting to get session; create = false; session is null = true; session has id = false
[Test worker] DEBUG org.codehaus.griffon.runtime.shiro.ShiroActionInterceptor - Subject did not meet expected security requirements.
[Test worker] INFO org.codehaus.griffon.runtime.shiro.DefaultSecurityFailureHandler - Subject was not granted access to com.acme.ShiroController.permissions due to lack of permissions
[Test worker] DEBUG org.codehaus.griffon.runtime.core.controller.AbstractActionManager - Execution of com.acme.ShiroController.permissions was aborted by org.codehaus.griffon.runtime.shiro.ShiroActionInterceptor@3cd03315
[Test worker] TRACE org.codehaus.griffon.runtime.core.controller.AbstractActionManager - Status before execution of com.acme.ShiroController.permissions is ABORTED
[Test worker] TRACE org.codehaus.griffon.runtime.core.controller.AbstractActionManager - Calling org.codehaus.griffon.runtime.shiro.ShiroActionInterceptor@3cd03315.after() on com.acme.ShiroController.permissions
[Test worker] DEBUG org.codehaus.griffon.runtime.core.event.AbstractEventRouter - Triggering event 'ShutdownRequested' synchronously
[Test worker] INFO org.codehaus.griffon.runtime.core.DefaultGriffonApplication - Shutdown is in process
[Test worker] DEBUG org.codehaus.griffon.runtime.core.DefaultGriffonApplication - Shutdown stage 1: notify all event listeners
[Test worker] DEBUG org.codehaus.griffon.runtime.core.event.AbstractEventRouter - Adding listener org.codehaus.griffon.runtime.core.AbstractGriffonApplication$1 on ShutdownStart
[Test worker] DEBUG org.codehaus.griffon.runtime.core.event.AbstractEventRouter - Triggering event 'ShutdownStart' synchronously
[Test worker] DEBUG org.codehaus.griffon.runtime.core.DefaultGriffonApplication - Shutdown stage 2: notify all shutdown handlers
[Test worker] DEBUG org.codehaus.griffon.runtime.core.DefaultGriffonApplication - Shutdown stage 3: destroy all MVC groups
[Test worker] DEBUG org.codehaus.griffon.runtime.core.DefaultGriffonApplication - Shutdown stage 4: execute Shutdown script
[Test worker] TRACE griffon.util.CompositeResourceBundle - Searching key=application.lifecycle.handler.disable
[Test worker] TRACE griffon.util.CompositeResourceBundle - Searching key=application
[Test worker] INFO org.codehaus.griffon.runtime.core.DefaultApplicationBootstrapper - Griffon 2.0.0.BETA
[Test worker] INFO org.codehaus.griffon.runtime.core.DefaultApplicationBootstrapper - Build: 2014-06-20T11:04:31.572+0000
[Test worker] INFO org.codehaus.griffon.runtime.core.DefaultApplicationBootstrapper - JVM: 1.7.0_51 (Oracle Corporation 24.51-b03)
[Test worker] INFO org.codehaus.griffon.runtime.core.DefaultApplicationBootstrapper - OS: Linux 2.6.32-042stab079.5 amd64
[Test worker] DEBUG org.codehaus.griffon.runtime.core.DefaultApplicationBootstrapper - Creating module bindings
[Test worker] DEBUG griffon.util.AnnotationUtils - Current module order is [core, shiro, testApplicationBootstrapper$InnerClasses, testApplicationBootstrapper$Fields]
[Test worker] TRACE griffon.util.AnnotationUtils - Processing module 'core'
[Test worker] TRACE griffon.util.AnnotationUtils -   depends on '[]'
[Test worker] TRACE griffon.util.AnnotationUtils -   adding module 'core', since all dependencies have been added
[Test worker] TRACE griffon.util.AnnotationUtils - Processing module 'shiro'
[Test worker] TRACE griffon.util.AnnotationUtils -   depends on '[]'
[Test worker] TRACE griffon.util.AnnotationUtils -   adding module 'shiro', since all dependencies have been added
[Test worker] TRACE griffon.util.AnnotationUtils - Processing module 'testApplicationBootstrapper$InnerClasses'
[Test worker] TRACE griffon.util.AnnotationUtils -   depends on '[]'
[Test worker] TRACE griffon.util.AnnotationUtils -   adding module 'testApplicationBootstrapper$InnerClasses', since all dependencies have been added
[Test worker] TRACE griffon.util.AnnotationUtils - Processing module 'testApplicationBootstrapper$Fields'
[Test worker] TRACE griffon.util.AnnotationUtils -   depends on '[]'
[Test worker] TRACE griffon.util.AnnotationUtils -   adding module 'testApplicationBootstrapper$Fields', since all dependencies have been added
[Test worker] TRACE griffon.util.AnnotationUtils - module dependency ordering complete
[Test worker] DEBUG griffon.util.AnnotationUtils - computed module order is [core, shiro, testApplicationBootstrapper$InnerClasses, testApplicationBootstrapper$Fields]
[Test worker] DEBUG org.codehaus.griffon.runtime.core.DefaultApplicationBootstrapper - Loading module bindings from core:org.codehaus.griffon.runtime.core.DefaultApplicationModule@56ae1008
[Test worker] DEBUG org.codehaus.griffon.runtime.core.DefaultApplicationBootstrapper - Loading module bindings from shiro:org.codehaus.griffon.runtime.shiro.ShiroModule@3d9ea9ad
[Test worker] DEBUG org.codehaus.griffon.runtime.core.DefaultApplicationBootstrapper - Loading module bindings from testApplicationBootstrapper$InnerClasses:org.codehaus.griffon.runtime.core.TestApplicationBootstrapper$InnerClassesModule@7b95bc75
[Test worker] DEBUG org.codehaus.griffon.runtime.core.DefaultApplicationBootstrapper - Loading module bindings from testApplicationBootstrapper$Fields:org.codehaus.griffon.runtime.core.TestApplicationBootstrapper$FieldsModule@2387e4b6
[Test worker] TRACE org.codehaus.griffon.runtime.core.DefaultApplicationBootstrapper - InstanceBinding[source=griffon.core.GriffonApplication, instance=org.codehaus.griffon.runtime.core.DefaultGriffonApplication@518fff7b, singleton=true]
[Test worker] TRACE org.codehaus.griffon.runtime.core.DefaultApplicationBootstrapper - TargetBinding[source=griffon.core.ApplicationClassLoader, target=org.codehaus.griffon.runtime.core.DefaultApplicationClassLoader, singleton=true]
[Test worker] TRACE org.codehaus.griffon.runtime.core.DefaultApplicationBootstrapper - TargetBinding[source=griffon.core.ApplicationConfigurer, target=org.codehaus.griffon.runtime.core.DefaultApplicationConfigurer, singleton=true]
[Test worker] TRACE org.codehaus.griffon.runtime.core.DefaultApplicationBootstrapper - TargetBinding[source=griffon.core.resources.ResourceHandler, target=org.codehaus.griffon.runtime.core.resources.DefaultResourceHandler, singleton=true]
[Test worker] TRACE org.codehaus.griffon.runtime.core.DefaultApplicationBootstrapper - TargetBinding[source=griffon.util.CompositeResourceBundleBuilder, target=org.codehaus.griffon.runtime.util.DefaultCompositeResourceBundleBuilder, singleton=true]
[Test worker] TRACE org.codehaus.griffon.runtime.core.DefaultApplicationBootstrapper - ProviderBinding[source=java.util.ResourceBundle, classifier=@javax.inject.Named(value=applicationResourceBundle), provider=org.codehaus.griffon.runtime.util.ResourceBundleProvider@44ce0e12, singleton=true]
[Test worker] TRACE org.codehaus.griffon.runtime.core.DefaultApplicationBootstrapper - TargetBinding[source=griffon.core.Configuration, target=org.codehaus.griffon.runtime.core.DefaultConfiguration, singleton=true]
[Test worker] TRACE org.codehaus.griffon.runtime.core.DefaultApplicationBootstrapper - TargetBinding[source=griffon.core.ExecutorServiceManager, target=org.codehaus.griffon.runtime.core.DefaultExecutorServiceManager, singleton=true]
[Test worker] TRACE org.codehaus.griffon.runtime.core.DefaultApplicationBootstrapper - TargetBinding[source=griffon.core.event.EventRouter, classifier=@javax.inject.Named(value=applicationEventRouter), target=org.codehaus.griffon.runtime.core.event.DefaultEventRouter, singleton=true]
[Test worker] TRACE org.codehaus.griffon.runtime.core.DefaultApplicationBootstrapper - TargetBinding[source=griffon.core.event.EventRouter, target=org.codehaus.griffon.runtime.core.event.DefaultEventRouter, singleton=false]
[Test worker] TRACE org.codehaus.griffon.runtime.core.DefaultApplicationBootstrapper - ProviderBinding[source=griffon.core.resources.ResourceResolver, classifier=@javax.inject.Named(value=applicationResourceResolver), provider=org.codehaus.griffon.runtime.core.resources.ResourceResolverProvider@33fde308, singleton=true]
[Test worker] TRACE org.codehaus.griffon.runtime.core.DefaultApplicationBootstrapper - ProviderBinding[source=griffon.core.i18n.MessageSource, classifier=@javax.inject.Named(value=applicationMessageSource), provider=org.codehaus.griffon.runtime.core.i18n.MessageSourceProvider@61443ce2, singleton=true]
[Test worker] TRACE org.codehaus.griffon.runtime.core.DefaultApplicationBootstrapper - TargetBinding[source=griffon.core.resources.ResourceInjector, classifier=@javax.inject.Named(value=applicationResourceInjector), target=org.codehaus.griffon.runtime.core.resources.DefaultApplicationResourceInjector, singleton=true]
[Test worker] TRACE org.codehaus.griffon.runtime.core.DefaultApplicationBootstrapper - TargetBinding[source=griffon.core.threading.UIThreadManager, target=org.codehaus.griffon.runtime.core.threading.DefaultUIThreadManager, singleton=true]
[Test worker] TRACE org.codehaus.griffon.runtime.core.DefaultApplicationBootstrapper - TargetBinding[source=griffon.core.mvc.MVCGroupManager, target=org.codehaus.griffon.runtime.core.mvc.DefaultMVCGroupManager, singleton=true]
[Test worker] TRACE org.codehaus.griffon.runtime.core.DefaultApplicationBootstrapper - ProviderBinding[source=griffon.core.LifecycleHandler, classifier=@javax.inject.Named(value=Initialize), provider=org.codehaus.griffon.runtime.core.LifecycleHandlerProvider@46f94b51, singleton=true]
[Test worker] TRACE org.codehaus.griffon.runtime.core.DefaultApplicationBootstrapper - ProviderBinding[source=griffon.core.LifecycleHandler, classifier=@javax.inject.Named(value=Startup), provider=org.codehaus.griffon.runtime.core.LifecycleHandlerProvider@18bfd73e, singleton=true]
[Test worker] TRACE org.codehaus.griffon.runtime.core.DefaultApplicationBootstrapper - ProviderBinding[source=griffon.core.LifecycleHandler, classifier=@javax.inject.Named(value=Ready), provider=org.codehaus.griffon.runtime.core.LifecycleHandlerProvider@5acc3423, singleton=true]
[Test worker] TRACE org.codehaus.griffon.runtime.core.DefaultApplicationBootstrapper - ProviderBinding[source=griffon.core.LifecycleHandler, classifier=@javax.inject.Named(value=Shutdown), provider=org.codehaus.griffon.runtime.core.LifecycleHandlerProvider@14731467, singleton=true]
[Test worker] TRACE org.codehaus.griffon.runtime.core.DefaultApplicationBootstrapper - ProviderBinding[source=griffon.core.LifecycleHandler, classifier=@javax.inject.Named(value=Stop), provider=org.codehaus.griffon.runtime.core.LifecycleHandlerProvider@f4080ae, singleton=true]
[Test worker] TRACE org.codehaus.griffon.runtime.core.DefaultApplicationBootstrapper - TargetBinding[source=griffon.core.view.WindowManager, target=org.codehaus.griffon.runtime.core.view.NoopWindowManager, singleton=true]
[Test worker] TRACE org.codehaus.griffon.runtime.core.DefaultApplicationBootstrapper - TargetBinding[source=griffon.core.controller.ActionManager, target=org.codehaus.griffon.runtime.core.controller.DefaultActionManager, singleton=true]
[Test worker] TRACE org.codehaus.griffon.runtime.core.DefaultApplicationBootstrapper - TargetBinding[source=griffon.core.artifact.ArtifactManager, target=org.codehaus.griffon.runtime.core.artifact.DefaultArtifactManager, singleton=true]
[Test worker] TRACE org.codehaus.griffon.runtime.core.DefaultApplicationBootstrapper - TargetBinding[source=griffon.core.artifact.ArtifactHandler, classifier=@griffon.inject.Typed(value=interface griffon.core.artifact.GriffonModel), target=org.codehaus.griffon.runtime.core.artifact.ModelArtifactHandler, singleton=true]
[Test worker] TRACE org.codehaus.griffon.runtime.core.DefaultApplicationBootstrapper - TargetBinding[source=griffon.core.artifact.ArtifactHandler, classifier=@griffon.inject.Typed(value=interface griffon.core.artifact.GriffonView), target=org.codehaus.griffon.runtime.core.artifact.ViewArtifactHandler, singleton=true]
[Test worker] TRACE org.codehaus.griffon.runtime.core.DefaultApplicationBootstrapper - TargetBinding[source=griffon.core.artifact.ArtifactHandler, classifier=@griffon.inject.Typed(value=interface griffon.core.artifact.GriffonController), target=org.codehaus.griffon.runtime.core.artifact.ControllerArtifactHandler, singleton=true]
[Test worker] TRACE org.codehaus.griffon.runtime.core.DefaultApplicationBootstrapper - TargetBinding[source=griffon.core.artifact.ArtifactHandler, classifier=@griffon.inject.Typed(value=interface griffon.core.artifact.GriffonService), target=org.codehaus.griffon.runtime.core.artifact.ServiceArtifactHandler, singleton=true]
[Test worker] TRACE org.codehaus.griffon.runtime.core.DefaultApplicationBootstrapper - ProviderTypeBinding[source=griffon.core.PlatformHandler, providerType=class org.codehaus.griffon.runtime.core.PlatformHandlerProvider, singleton=true]
[Test worker] TRACE org.codehaus.griffon.runtime.core.DefaultApplicationBootstrapper - TargetBinding[source=griffon.core.addon.AddonManager, target=org.codehaus.griffon.runtime.core.addon.DefaultAddonManager, singleton=true]
[Test worker] TRACE org.codehaus.griffon.runtime.core.DefaultApplicationBootstrapper - TargetBinding[source=griffon.core.event.EventHandler, target=org.codehaus.griffon.runtime.core.event.DefaultEventHandler, singleton=true]
[Test worker] TRACE org.codehaus.griffon.runtime.core.DefaultApplicationBootstrapper - TargetBinding[source=griffon.core.GriffonExceptionHandler, target=griffon.core.GriffonExceptionHandler, singleton=true]
[Test worker] TRACE org.codehaus.griffon.runtime.core.DefaultApplicationBootstrapper - ProviderTypeBinding[source=org.apache.shiro.mgt.SecurityManager, providerType=class org.codehaus.griffon.runtime.shiro.SecurityManagerProvider, singleton=true]
[Test worker] TRACE org.codehaus.griffon.runtime.core.DefaultApplicationBootstrapper - ProviderTypeBinding[source=org.apache.shiro.subject.Subject, providerType=class org.codehaus.griffon.runtime.shiro.SubjectProvider, singleton=true]
[Test worker] TRACE org.codehaus.griffon.runtime.core.DefaultApplicationBootstrapper - TargetBinding[source=griffon.plugins.shiro.SecurityFailureHandler, target=org.codehaus.griffon.runtime.shiro.DefaultSecurityFailureHandler, singleton=true]
[Test worker] TRACE org.codehaus.griffon.runtime.core.DefaultApplicationBootstrapper - TargetBinding[source=griffon.core.controller.ActionInterceptor, target=org.codehaus.griffon.runtime.shiro.ShiroActionInterceptor, singleton=true]
[Test worker] DEBUG org.codehaus.griffon.runtime.core.DefaultApplicationBootstrapper - Creating application injector
[Test worker] DEBUG org.codehaus.griffon.runtime.core.DefaultApplicationBootstrapper - Injector will be created by org.codehaus.griffon.runtime.injection.GuiceInjectorFactory@c0a3ed1
[Test worker] DEBUG org.codehaus.griffon.runtime.core.event.AbstractEventRouter - Adding listener org.codehaus.griffon.runtime.core.MVCGroupExceptionHandler on UncaughtMVCGroupConfigurationException
[Test worker] DEBUG org.codehaus.griffon.runtime.core.event.AbstractEventRouter - Adding listener org.codehaus.griffon.runtime.core.MVCGroupExceptionHandler on UncaughtMVCGroupInstantiationException
[Test worker] DEBUG org.codehaus.griffon.runtime.core.event.AbstractEventRouter - Triggering event 'BootstrapStart' synchronously
[Test worker] DEBUG griffon.util.ServiceLoaderUtils - Reading java.beans.PropertyEditor definitions from jar:file:/home/travis/build/griffon/griffon/subprojects/griffon-core/build/libs/griffon-core-2.0.0.BETA.jar!/META-INF/editors/java.beans.PropertyEditor
[Test worker] DEBUG org.codehaus.griffon.runtime.core.DefaultApplicationConfigurer - Registering griffon.core.editors.StringPropertyEditor as editor for java.lang.String
[Test worker] DEBUG org.codehaus.griffon.runtime.core.DefaultApplicationConfigurer - Registering griffon.core.editors.FilePropertyEditor as editor for java.io.File
[Test worker] DEBUG org.codehaus.griffon.runtime.core.DefaultApplicationConfigurer - Registering griffon.core.editors.URLPropertyEditor as editor for java.net.URL
[Test worker] DEBUG org.codehaus.griffon.runtime.core.DefaultApplicationConfigurer - Registering griffon.core.editors.URIPropertyEditor as editor for java.net.URI
[Test worker] DEBUG org.codehaus.griffon.runtime.core.DefaultApplicationConfigurer - Registering griffon.core.editors.BigDecimalPropertyEditor as editor for java.math.BigDecimal
[Test worker] DEBUG org.codehaus.griffon.runtime.core.DefaultApplicationConfigurer - Registering griffon.core.editors.BigIntegerPropertyEditor as editor for java.math.BigInteger
[Test worker] DEBUG org.codehaus.griffon.runtime.core.DefaultApplicationConfigurer - Registering griffon.core.editors.BooleanPropertyEditor as editor for java.lang.Boolean
[Test worker] DEBUG org.codehaus.griffon.runtime.core.DefaultApplicationConfigurer - Registering griffon.core.editors.BytePropertyEditor as editor for java.lang.Byte
[Test worker] DEBUG org.codehaus.griffon.runtime.core.DefaultApplicationConfigurer - Registering griffon.core.editors.ShortPropertyEditor as editor for java.lang.Short
[Test worker] DEBUG org.codehaus.griffon.runtime.core.DefaultApplicationConfigurer - Registering griffon.core.editors.IntegerPropertyEditor as editor for java.lang.Integer
[Test worker] DEBUG org.codehaus.griffon.runtime.core.DefaultApplicationConfigurer - Registering griffon.core.editors.LongPropertyEditor as editor for java.lang.Long
[Test worker] DEBUG org.codehaus.griffon.runtime.core.DefaultApplicationConfigurer - Registering griffon.core.editors.FloatPropertyEditor as editor for java.lang.Float
[Test worker] DEBUG org.codehaus.griffon.runtime.core.DefaultApplicationConfigurer - Registering griffon.core.editors.DoublePropertyEditor as editor for java.lang.Double
[Test worker] DEBUG org.codehaus.griffon.runtime.core.DefaultApplicationConfigurer - Registering griffon.core.editors.CalendarPropertyEditor as editor for java.util.Calendar
[Test worker] DEBUG org.codehaus.griffon.runtime.core.DefaultApplicationConfigurer - Registering griffon.core.editors.DatePropertyEditor as editor for java.util.Date
[Test worker] DEBUG org.codehaus.griffon.runtime.core.DefaultApplicationConfigurer - Registering griffon.core.editors.BooleanPropertyEditor as editor for boolean
[Test worker] DEBUG org.codehaus.griffon.runtime.core.DefaultApplicationConfigurer - Registering griffon.core.editors.BytePropertyEditor as editor for byte
[Test worker] DEBUG org.codehaus.griffon.runtime.core.DefaultApplicationConfigurer - Registering griffon.core.editors.ShortPropertyEditor as editor for short
[Test worker] DEBUG org.codehaus.griffon.runtime.core.DefaultApplicationConfigurer - Registering griffon.core.editors.IntegerPropertyEditor as editor for int
[Test worker] DEBUG org.codehaus.griffon.runtime.core.DefaultApplicationConfigurer - Registering griffon.core.editors.LongPropertyEditor as editor for long
[Test worker] DEBUG org.codehaus.griffon.runtime.core.DefaultApplicationConfigurer - Registering griffon.core.editors.FloatPropertyEditor as editor for float
[Test worker] DEBUG org.codehaus.griffon.runtime.core.DefaultApplicationConfigurer - Registering griffon.core.editors.DoublePropertyEditor as editor for double
[Test worker] DEBUG org.codehaus.griffon.runtime.core.event.AbstractEventRouter - Adding listener org.codehaus.griffon.runtime.core.DefaultApplicationConfigurer$2 on NewInstance
[Test worker] TRACE griffon.util.CompositeResourceBundle - Searching key=application.lifecycle.handler.disable
[Test worker] TRACE griffon.util.CompositeResourceBundle - Searching key=application
[Test worker] TRACE griffon.util.CompositeResourceBundle - Searching key=platform.handler.linux64
[Test worker] TRACE griffon.util.CompositeResourceBundle - Searching key=platform
[Test worker] DEBUG org.codehaus.griffon.runtime.core.PlatformHandlerProvider - Using org.codehaus.griffon.runtime.core.DefaultPlatformHandler as PlatformHandler
[Test worker] DEBUG org.codehaus.griffon.runtime.core.addon.AbstractAddonManager - Loading addons [START]
[Test worker] DEBUG griffon.util.AnnotationUtils - computed addon order is []
[Test worker] DEBUG org.codehaus.griffon.runtime.core.event.AbstractEventRouter - Triggering event 'LoadAddonsStart' synchronously
[Test worker] DEBUG org.codehaus.griffon.runtime.core.addon.AbstractAddonManager - Loading addons [END]
[Test worker] DEBUG org.codehaus.griffon.runtime.core.event.AbstractEventRouter - Triggering event 'LoadAddonsEnd' synchronously
[Test worker] TRACE griffon.util.CompositeResourceBundle - Searching key=mvcGroups
[Test worker] TRACE griffon.util.CompositeResourceBundle - Searching key=mvcGroups
[Test worker] DEBUG org.codehaus.griffon.runtime.core.event.AbstractEventRouter - Adding listener org.codehaus.griffon.runtime.core.DefaultApplicationConfigurer$3 on NewInstance
[Test worker] TRACE griffon.util.CompositeResourceBundle - Searching key=shiro.realm.resource.path
[Test worker] TRACE griffon.util.CompositeResourceBundle - Searching key=shiro
[Test worker] DEBUG org.apache.shiro.realm.text.PropertiesRealm - Loading user security information from file [classpath:shiro-users.properties]...
[Test worker] DEBUG org.apache.shiro.realm.text.PropertiesRealm - Opening input stream for path [classpath:shiro-users.properties]...
[Test worker] DEBUG org.apache.shiro.io.ResourceUtils - Opening resource from class path [shiro-users.properties]
[Test worker] DEBUG org.apache.shiro.realm.text.PropertiesRealm - Loading properties from path [classpath:shiro-users.properties]...
[Test worker] TRACE org.apache.shiro.realm.text.PropertiesRealm - Processing properties line - key: [user.joe], value: [joe,employee].
[Test worker] TRACE org.apache.shiro.realm.text.PropertiesRealm - Processing properties line - key: [user.bob], value: [bob,manager,employee].
[Test worker] TRACE org.apache.shiro.realm.text.PropertiesRealm - Processing properties line - key: [role.administrator], value: [*].
[Test worker] TRACE org.apache.shiro.realm.text.PropertiesRealm - Processing properties line - key: [role.manager], value: [user:write].
[Test worker] TRACE org.apache.shiro.realm.text.PropertiesRealm - Processing properties line - key: [user.root], value: [root,administrator,manager].
[Test worker] TRACE org.apache.shiro.realm.text.PropertiesRealm - Processing properties line - key: [role.employee], value: [user:read].
[Test worker] TRACE org.apache.shiro.util.ThreadContext - get() - in thread [Test worker]
[Test worker] TRACE org.apache.shiro.util.ThreadContext - Retrieved value of type [org.apache.shiro.subject.support.DelegatingSubject] for key [org.apache.shiro.util.ThreadContext_SUBJECT_KEY] bound to thread [Test worker]
[Test worker] TRACE griffon.util.CompositeResourceBundle - Searching key=griffon.controller.action.interceptor.order
[Test worker] TRACE griffon.util.CompositeResourceBundle - Searching key=griffon
[Test worker] DEBUG griffon.util.AnnotationUtils - Current interceptor order is [shiro]
[Test worker] TRACE griffon.util.AnnotationUtils - Processing interceptor 'shiro'
[Test worker] TRACE griffon.util.AnnotationUtils -   depends on '[]'
[Test worker] TRACE griffon.util.AnnotationUtils -   adding interceptor 'shiro', since all dependencies have been added
[Test worker] TRACE griffon.util.AnnotationUtils - interceptor dependency ordering complete
[Test worker] DEBUG griffon.util.AnnotationUtils - computed interceptor order is [shiro]
[Test worker] DEBUG org.codehaus.griffon.runtime.core.artifact.AbstractArtifactManager - Registering artifact handler for type 'model': org.codehaus.griffon.runtime.core.artifact.ModelArtifactHandler@11c58239
[Test worker] DEBUG org.codehaus.griffon.runtime.core.artifact.AbstractArtifactManager - Registering artifact handler for type 'view': org.codehaus.griffon.runtime.core.artifact.ViewArtifactHandler@3de8754c
[Test worker] DEBUG org.codehaus.griffon.runtime.core.artifact.AbstractArtifactManager - Registering artifact handler for type 'controller': org.codehaus.griffon.runtime.core.artifact.ControllerArtifactHandler@686cf054
[Test worker] DEBUG org.codehaus.griffon.runtime.core.artifact.AbstractArtifactManager - Registering artifact handler for type 'service': org.codehaus.griffon.runtime.core.artifact.ServiceArtifactHandler@4816505b
[Test worker] DEBUG griffon.util.ServiceLoaderUtils - Reading griffon.core.artifact.GriffonController definitions from file:/home/travis/build/griffon/griffon/plugins/griffon-shiro-plugin/build/classes/test/META-INF/griffon/griffon.core.artifact.GriffonController
[Test worker] DEBUG griffon.util.ServiceLoaderUtils - Reading griffon.core.artifact.GriffonModel definitions from file:/home/travis/build/griffon/griffon/plugins/griffon-shiro-plugin/build/classes/test/META-INF/griffon/griffon.core.artifact.GriffonModel
[Test worker] DEBUG org.codehaus.griffon.runtime.core.artifact.DefaultArtifactManager - Artifacts of type 'controller' = 1
[Test worker] DEBUG org.codehaus.griffon.runtime.core.artifact.DefaultArtifactManager - Artifacts of type 'model' = 1
[Test worker] TRACE org.codehaus.griffon.runtime.core.artifact.AbstractArtifactManager - InstanceBinding[source=griffon.core.artifact.GriffonClass, classifier=@griffon.inject.Typed(value=class com.acme.ShiroController), instance=Artifact[controller] > Shiro, singleton=true]
[Test worker] TRACE org.codehaus.griffon.runtime.core.artifact.AbstractArtifactManager - TargetBinding[source=com.acme.ShiroController, target=com.acme.ShiroController, singleton=false]
[Test worker] TRACE org.codehaus.griffon.runtime.core.artifact.AbstractArtifactManager - InstanceBinding[source=griffon.core.artifact.GriffonClass, classifier=@griffon.inject.Typed(value=class com.acme.ShiroModel), instance=Artifact[model] > Shiro, singleton=true]
[Test worker] TRACE org.codehaus.griffon.runtime.core.artifact.AbstractArtifactManager - TargetBinding[source=com.acme.ShiroModel, target=com.acme.ShiroModel, singleton=false]
[Test worker] DEBUG org.codehaus.griffon.runtime.core.event.AbstractEventRouter - Triggering event 'BootstrapEnd' synchronously
[Test worker] DEBUG org.codehaus.griffon.runtime.core.artifact.AbstractArtifactManager - Searching for griffonClass of com.acme.ShiroController
[Test worker] DEBUG org.codehaus.griffon.runtime.core.event.AbstractEventRouter - Triggering event 'NewInstance' synchronously
[Test worker] DEBUG org.codehaus.griffon.runtime.core.artifact.AbstractArtifactManager - Searching for griffonClass of com.acme.ShiroController
[Test worker] TRACE griffon.util.CompositeResourceBundle - Searching key=com.acme.ShiroController.action.Authenticated.name
[Test worker] TRACE griffon.util.CompositeResourceBundle - Searching key=application.action.Authenticated.name
[Test worker] TRACE org.codehaus.griffon.runtime.core.controller.AbstractActionManager - com.acme.ShiroController.action.Authenticated.name = Authenticated
[Test worker] DEBUG org.codehaus.griffon.runtime.core.controller.AbstractActionManager - Configuring action com.acme.ShiroController.authenticated with org.codehaus.griffon.runtime.shiro.ShiroActionInterceptor@6a9173dd
[Test worker] TRACE org.codehaus.griffon.runtime.core.controller.AbstractActionManager - Action for com.acme.ShiroController.authenticated stored as authenticated
[Test worker] TRACE griffon.util.CompositeResourceBundle - Searching key=com.acme.ShiroController.action.Guest.name
[Test worker] TRACE griffon.util.CompositeResourceBundle - Searching key=application.action.Guest.name
[Test worker] TRACE org.codehaus.griffon.runtime.core.controller.AbstractActionManager - com.acme.ShiroController.action.Guest.name = Guest
[Test worker] DEBUG org.codehaus.griffon.runtime.core.controller.AbstractActionManager - Configuring action com.acme.ShiroController.guest with org.codehaus.griffon.runtime.shiro.ShiroActionInterceptor@6a9173dd
[Test worker] TRACE org.codehaus.griffon.runtime.core.controller.AbstractActionManager - Action for com.acme.ShiroController.guest stored as guest
[Test worker] TRACE griffon.util.CompositeResourceBundle - Searching key=com.acme.ShiroController.action.Permissions.name
[Test worker] TRACE griffon.util.CompositeResourceBundle - Searching key=application.action.Permissions.name
[Test worker] TRACE org.codehaus.griffon.runtime.core.controller.AbstractActionManager - com.acme.ShiroController.action.Permissions.name = Permissions
[Test worker] DEBUG org.codehaus.griffon.runtime.core.controller.AbstractActionManager - Configuring action com.acme.ShiroController.permissions with org.codehaus.griffon.runtime.shiro.ShiroActionInterceptor@6a9173dd
[Test worker] TRACE org.codehaus.griffon.runtime.core.controller.AbstractActionManager - Action for com.acme.ShiroController.permissions stored as permissions
[Test worker] TRACE griffon.util.CompositeResourceBundle - Searching key=com.acme.ShiroController.action.Roles.name
[Test worker] TRACE griffon.util.CompositeResourceBundle - Searching key=application.action.Roles.name
[Test worker] TRACE org.codehaus.griffon.runtime.core.controller.AbstractActionManager - com.acme.ShiroController.action.Roles.name = Roles
[Test worker] DEBUG org.codehaus.griffon.runtime.core.controller.AbstractActionManager - Configuring action com.acme.ShiroController.roles with org.codehaus.griffon.runtime.shiro.ShiroActionInterceptor@6a9173dd
[Test worker] TRACE org.codehaus.griffon.runtime.core.controller.AbstractActionManager - Action for com.acme.ShiroController.roles stored as roles
[Test worker] TRACE griffon.util.CompositeResourceBundle - Searching key=com.acme.ShiroController.action.User.name
[Test worker] TRACE griffon.util.CompositeResourceBundle - Searching key=application.action.User.name
[Test worker] TRACE org.codehaus.griffon.runtime.core.controller.AbstractActionManager - com.acme.ShiroController.action.User.name = User
[Test worker] DEBUG org.codehaus.griffon.runtime.core.controller.AbstractActionManager - Configuring action com.acme.ShiroController.user with org.codehaus.griffon.runtime.shiro.ShiroActionInterceptor@6a9173dd
[Test worker] TRACE org.codehaus.griffon.runtime.core.controller.AbstractActionManager - Action for com.acme.ShiroController.user stored as user
[Test worker] DEBUG org.codehaus.griffon.runtime.core.artifact.AbstractArtifactManager - Searching for griffonClass of com.acme.ShiroModel
[Test worker] DEBUG org.codehaus.griffon.runtime.core.event.AbstractEventRouter - Triggering event 'NewInstance' synchronously
[Test worker] TRACE org.apache.shiro.subject.support.DelegatingSubject - attempting to get session; create = false; session is null = true; session has id = false
[Test worker] TRACE org.apache.shiro.authc.AbstractAuthenticator - Authentication attempt received for token [org.apache.shiro.authc.UsernamePasswordToken - bob, rememberMe=false]
[Test worker] DEBUG org.apache.shiro.realm.AuthenticatingRealm - Looked up AuthenticationInfo [bob] from doGetAuthenticationInfo
[Test worker] DEBUG org.apache.shiro.realm.AuthenticatingRealm - AuthenticationInfo caching is disabled for info [bob].  Submitted token: [org.apache.shiro.authc.UsernamePasswordToken - bob, rememberMe=false].
[Test worker] DEBUG org.apache.shiro.authc.credential.SimpleCredentialsMatcher - Performing credentials equality check for tokenCredentials of type [[C and accountCredentials of type [java.lang.String]
[Test worker] DEBUG org.apache.shiro.authc.credential.SimpleCredentialsMatcher - Both credentials arguments can be easily converted to byte arrays.  Performing array equals comparison
[Test worker] DEBUG org.apache.shiro.authc.AbstractAuthenticator - Authentication successful for token [org.apache.shiro.authc.UsernamePasswordToken - bob, rememberMe=false].  Returned account [bob]
[Test worker] DEBUG org.apache.shiro.subject.support.DefaultSubjectContext - No SecurityManager available in subject context map.  Falling back to SecurityUtils.getSecurityManager() lookup.
[Test worker] TRACE org.apache.shiro.util.ThreadContext - get() - in thread [Test worker]
[Test worker] TRACE org.apache.shiro.mgt.DefaultSecurityManager - Context already contains a SecurityManager instance.  Returning.
[Test worker] TRACE org.apache.shiro.subject.support.DelegatingSubject - attempting to get session; create = false; session is null = true; session has id = false
[Test worker] DEBUG org.apache.shiro.subject.support.DefaultSubjectContext - No SecurityManager available in subject context map.  Falling back to SecurityUtils.getSecurityManager() lookup.
[Test worker] TRACE org.apache.shiro.util.ThreadContext - get() - in thread [Test worker]
[Test worker] TRACE org.apache.shiro.subject.support.DelegatingSubject - attempting to get session; create = false; session is null = true; session has id = false
[Test worker] TRACE org.apache.shiro.subject.support.DelegatingSubject - attempting to get session; create = false; session is null = true; session has id = false
[Test worker] TRACE org.apache.shiro.subject.support.DelegatingSubject - attempting to get session; create = false; session is null = true; session has id = false
[Test worker] TRACE org.apache.shiro.subject.support.DelegatingSubject - attempting to get session; create = false; session is null = true; session has id = false
[Test worker] TRACE org.apache.shiro.subject.support.DelegatingSubject - attempting to get session; create = false; session is null = true; session has id = false
[Test worker] TRACE org.apache.shiro.subject.support.DelegatingSubject - attempting to get session; create = false; session is null = true; session has id = false
[Test worker] TRACE org.apache.shiro.subject.support.DelegatingSubject - attempting to get session; create = true; session is null = true; session has id = false
[Test worker] TRACE org.apache.shiro.subject.support.DelegatingSubject - Starting session for host null
[Test worker] DEBUG org.apache.shiro.session.mgt.AbstractValidatingSessionManager - No sessionValidationScheduler set.  Attempting to create default instance.
[Test worker] TRACE org.apache.shiro.session.mgt.AbstractValidatingSessionManager - Created default SessionValidationScheduler instance of type [org.apache.shiro.session.mgt.ExecutorServiceSessionValidationScheduler].
[Test worker] INFO org.apache.shiro.session.mgt.AbstractValidatingSessionManager - Enabling session validation scheduler...
[Test worker] TRACE org.apache.shiro.session.mgt.DefaultSessionManager - Creating session for host null
[Test worker] DEBUG org.apache.shiro.session.mgt.DefaultSessionManager - Creating new EIS record for new session instance [org.apache.shiro.session.mgt.SimpleSession,id=null]
[Test worker] TRACE org.apache.shiro.session.mgt.AbstractValidatingSessionManager - Attempting to retrieve session with key org.apache.shiro.session.mgt.DefaultSessionKey@3c0ed339
[Test worker] TRACE org.apache.shiro.subject.support.DelegatingSubject - attempting to get session; create = false; session is null = false; session has id = true
[Test worker] TRACE org.apache.shiro.session.mgt.AbstractValidatingSessionManager - Attempting to retrieve session with key org.apache.shiro.session.mgt.DefaultSessionKey@3c0ed339
[Test worker] TRACE org.apache.shiro.session.mgt.AbstractValidatingSessionManager - Attempting to retrieve session with key org.apache.shiro.session.mgt.DefaultSessionKey@3c0ed339
[Test worker] TRACE org.apache.shiro.mgt.DefaultSecurityManager - This org.apache.shiro.mgt.DefaultSecurityManager instance does not have a [org.apache.shiro.mgt.RememberMeManager] instance configured.  RememberMe services will not be performed for account [bob].
[Test worker] TRACE org.apache.shiro.subject.support.DelegatingSubject - attempting to get session; create = false; session is null = false; session has id = true
[Test worker] TRACE griffon.util.CompositeResourceBundle - Searching key=griffon.disable.threading.injection
[Test worker] TRACE griffon.util.CompositeResourceBundle - Searching key=griffon
[Test worker] DEBUG org.codehaus.griffon.runtime.core.controller.AbstractActionManager - Executing com.acme.ShiroController.guest with policy OUTSIDE_UITHREAD
[Test worker] DEBUG org.codehaus.griffon.runtime.core.controller.AbstractActionManager - Executing 1 interceptor for com.acme.ShiroController.guest
[Test worker] TRACE org.codehaus.griffon.runtime.core.controller.AbstractActionManager - Calling org.codehaus.griffon.runtime.shiro.ShiroActionInterceptor@6a9173dd.before() on com.acme.ShiroController.guest
[Test worker] DEBUG org.codehaus.griffon.runtime.shiro.ShiroActionInterceptor - Evaluating security requirement RequirementConfiguration{requirement=GUEST, values=[], logical=AND}
[Test worker] TRACE org.apache.shiro.subject.support.DelegatingSubject - attempting to get session; create = false; session is null = false; session has id = true
[Test worker] TRACE org.apache.shiro.session.mgt.AbstractValidatingSessionManager - Attempting to retrieve session with key org.apache.shiro.session.mgt.DefaultSessionKey@3c0ed339
[Test worker] DEBUG org.codehaus.griffon.runtime.shiro.ShiroActionInterceptor - Subject did not meet expected security requirements.
[Test worker] INFO org.codehaus.griffon.runtime.shiro.DefaultSecurityFailureHandler - Subject failed guest challenge on com.acme.ShiroController.guest
[Test worker] DEBUG org.codehaus.griffon.runtime.core.controller.AbstractActionManager - Execution of com.acme.ShiroController.guest was aborted by org.codehaus.griffon.runtime.shiro.ShiroActionInterceptor@6a9173dd
[Test worker] TRACE org.codehaus.griffon.runtime.core.controller.AbstractActionManager - Status before execution of com.acme.ShiroController.guest is ABORTED
[Test worker] TRACE org.codehaus.griffon.runtime.core.controller.AbstractActionManager - Calling org.codehaus.griffon.runtime.shiro.ShiroActionInterceptor@6a9173dd.after() on com.acme.ShiroController.guest
[Test worker] TRACE org.apache.shiro.subject.support.DelegatingSubject - attempting to get session; create = false; session is null = false; session has id = true
[Test worker] TRACE org.apache.shiro.session.mgt.AbstractValidatingSessionManager - Attempting to retrieve session with key org.apache.shiro.session.mgt.DefaultSessionKey@3c0ed339
[Test worker] TRACE org.apache.shiro.subject.support.DelegatingSubject - attempting to get session; create = false; session is null = false; session has id = true
[Test worker] TRACE org.apache.shiro.session.mgt.AbstractValidatingSessionManager - Attempting to retrieve session with key org.apache.shiro.session.mgt.DefaultSessionKey@3c0ed339
[Test worker] DEBUG org.apache.shiro.mgt.DefaultSecurityManager - Logging out subject with primary principal bob
[Test worker] TRACE org.apache.shiro.realm.CachingRealm - Cleared cache entries for account with principals [bob]
[Test worker] TRACE org.apache.shiro.subject.support.DelegatingSubject - attempting to get session; create = false; session is null = false; session has id = true
[Test worker] TRACE org.apache.shiro.session.mgt.AbstractValidatingSessionManager - Attempting to retrieve session with key org.apache.shiro.session.mgt.DefaultSessionKey@3c0ed339
[Test worker] TRACE org.apache.shiro.session.mgt.AbstractValidatingSessionManager - Attempting to retrieve session with key org.apache.shiro.session.mgt.DefaultSessionKey@3c0ed339
[Test worker] TRACE org.apache.shiro.subject.support.DelegatingSubject - attempting to get session; create = false; session is null = false; session has id = true
[Test worker] TRACE org.apache.shiro.session.mgt.AbstractValidatingSessionManager - Attempting to retrieve session with key org.apache.shiro.session.mgt.DefaultSessionKey@3c0ed339
[Test worker] DEBUG org.apache.shiro.session.mgt.AbstractSessionManager - Stopping session with id [b1bd3a63-58ca-491d-a364-d72b22f12484]
[Test worker] DEBUG org.codehaus.griffon.runtime.core.event.AbstractEventRouter - Triggering event 'ShutdownRequested' synchronously
[Test worker] INFO org.codehaus.griffon.runtime.core.DefaultGriffonApplication - Shutdown is in process
[Test worker] DEBUG org.codehaus.griffon.runtime.core.DefaultGriffonApplication - Shutdown stage 1: notify all event listeners
[Test worker] DEBUG org.codehaus.griffon.runtime.core.event.AbstractEventRouter - Adding listener org.codehaus.griffon.runtime.core.AbstractGriffonApplication$1 on ShutdownStart
[Test worker] DEBUG org.codehaus.griffon.runtime.core.event.AbstractEventRouter - Triggering event 'ShutdownStart' synchronously
[Test worker] DEBUG org.codehaus.griffon.runtime.core.DefaultGriffonApplication - Shutdown stage 2: notify all shutdown handlers
[Test worker] DEBUG org.codehaus.griffon.runtime.core.DefaultGriffonApplication - Shutdown stage 3: destroy all MVC groups
[Test worker] DEBUG org.codehaus.griffon.runtime.core.DefaultGriffonApplication - Shutdown stage 4: execute Shutdown script
[Test worker] TRACE griffon.util.CompositeResourceBundle - Searching key=application.lifecycle.handler.disable
[Test worker] TRACE griffon.util.CompositeResourceBundle - Searching key=application
[Test worker] INFO org.codehaus.griffon.runtime.core.DefaultApplicationBootstrapper - Griffon 2.0.0.BETA
[Test worker] INFO org.codehaus.griffon.runtime.core.DefaultApplicationBootstrapper - Build: 2014-06-20T11:04:31.572+0000
[Test worker] INFO org.codehaus.griffon.runtime.core.DefaultApplicationBootstrapper - JVM: 1.7.0_51 (Oracle Corporation 24.51-b03)
[Test worker] INFO org.codehaus.griffon.runtime.core.DefaultApplicationBootstrapper - OS: Linux 2.6.32-042stab079.5 amd64
[Test worker] DEBUG org.codehaus.griffon.runtime.core.DefaultApplicationBootstrapper - Creating module bindings
[Test worker] DEBUG griffon.util.AnnotationUtils - Current module order is [core, shiro, testApplicationBootstrapper$InnerClasses, testApplicationBootstrapper$Fields]
[Test worker] TRACE griffon.util.AnnotationUtils - Processing module 'core'
[Test worker] TRACE griffon.util.AnnotationUtils -   depends on '[]'
[Test worker] TRACE griffon.util.AnnotationUtils -   adding module 'core', since all dependencies have been added
[Test worker] TRACE griffon.util.AnnotationUtils - Processing module 'shiro'
[Test worker] TRACE griffon.util.AnnotationUtils -   depends on '[]'
[Test worker] TRACE griffon.util.AnnotationUtils -   adding module 'shiro', since all dependencies have been added
[Test worker] TRACE griffon.util.AnnotationUtils - Processing module 'testApplicationBootstrapper$InnerClasses'
[Test worker] TRACE griffon.util.AnnotationUtils -   depends on '[]'
[Test worker] TRACE griffon.util.AnnotationUtils -   adding module 'testApplicationBootstrapper$InnerClasses', since all dependencies have been added
[Test worker] TRACE griffon.util.AnnotationUtils - Processing module 'testApplicationBootstrapper$Fields'
[Test worker] TRACE griffon.util.AnnotationUtils -   depends on '[]'
[Test worker] TRACE griffon.util.AnnotationUtils -   adding module 'testApplicationBootstrapper$Fields', since all dependencies have been added
[Test worker] TRACE griffon.util.AnnotationUtils - module dependency ordering complete
[Test worker] DEBUG griffon.util.AnnotationUtils - computed module order is [core, shiro, testApplicationBootstrapper$InnerClasses, testApplicationBootstrapper$Fields]
[Test worker] DEBUG org.codehaus.griffon.runtime.core.DefaultApplicationBootstrapper - Loading module bindings from core:org.codehaus.griffon.runtime.core.DefaultApplicationModule@53692987
[Test worker] DEBUG org.codehaus.griffon.runtime.core.DefaultApplicationBootstrapper - Loading module bindings from shiro:org.codehaus.griffon.runtime.shiro.ShiroModule@1d2588d9
[Test worker] DEBUG org.codehaus.griffon.runtime.core.DefaultApplicationBootstrapper - Loading module bindings from testApplicationBootstrapper$InnerClasses:org.codehaus.griffon.runtime.core.TestApplicationBootstrapper$InnerClassesModule@b3b6d82
[Test worker] DEBUG org.codehaus.griffon.runtime.core.DefaultApplicationBootstrapper - Loading module bindings from testApplicationBootstrapper$Fields:org.codehaus.griffon.runtime.core.TestApplicationBootstrapper$FieldsModule@6a927790
[Test worker] TRACE org.codehaus.griffon.runtime.core.DefaultApplicationBootstrapper - InstanceBinding[source=griffon.core.GriffonApplication, instance=org.codehaus.griffon.runtime.core.DefaultGriffonApplication@35ddb75, singleton=true]
[Test worker] TRACE org.codehaus.griffon.runtime.core.DefaultApplicationBootstrapper - TargetBinding[source=griffon.core.ApplicationClassLoader, target=org.codehaus.griffon.runtime.core.DefaultApplicationClassLoader, singleton=true]
[Test worker] TRACE org.codehaus.griffon.runtime.core.DefaultApplicationBootstrapper - TargetBinding[source=griffon.core.ApplicationConfigurer, target=org.codehaus.griffon.runtime.core.DefaultApplicationConfigurer, singleton=true]
[Test worker] TRACE org.codehaus.griffon.runtime.core.DefaultApplicationBootstrapper - TargetBinding[source=griffon.core.resources.ResourceHandler, target=org.codehaus.griffon.runtime.core.resources.DefaultResourceHandler, singleton=true]
[Test worker] TRACE org.codehaus.griffon.runtime.core.DefaultApplicationBootstrapper - TargetBinding[source=griffon.util.CompositeResourceBundleBuilder, target=org.codehaus.griffon.runtime.util.DefaultCompositeResourceBundleBuilder, singleton=true]
[Test worker] TRACE org.codehaus.griffon.runtime.core.DefaultApplicationBootstrapper - ProviderBinding[source=java.util.ResourceBundle, classifier=@javax.inject.Named(value=applicationResourceBundle), provider=org.codehaus.griffon.runtime.util.ResourceBundleProvider@6f2e00d, singleton=true]
[Test worker] TRACE org.codehaus.griffon.runtime.core.DefaultApplicationBootstrapper - TargetBinding[source=griffon.core.Configuration, target=org.codehaus.griffon.runtime.core.DefaultConfiguration, singleton=true]
[Test worker] TRACE org.codehaus.griffon.runtime.core.DefaultApplicationBootstrapper - TargetBinding[source=griffon.core.ExecutorServiceManager, target=org.codehaus.griffon.runtime.core.DefaultExecutorServiceManager, singleton=true]
[Test worker] TRACE org.codehaus.griffon.runtime.core.DefaultApplicationBootstrapper - TargetBinding[source=griffon.core.event.EventRouter, classifier=@javax.inject.Named(value=applicationEventRouter), target=org.codehaus.griffon.runtime.core.event.DefaultEventRouter, singleton=true]
[Test worker] TRACE org.codehaus.griffon.runtime.core.DefaultApplicationBootstrapper - TargetBinding[source=griffon.core.event.EventRouter, target=org.codehaus.griffon.runtime.core.event.DefaultEventRouter, singleton=false]
[Test worker] TRACE org.codehaus.griffon.runtime.core.DefaultApplicationBootstrapper - ProviderBinding[source=griffon.core.resources.ResourceResolver, classifier=@javax.inject.Named(value=applicationResourceResolver), provider=org.codehaus.griffon.runtime.core.resources.ResourceResolverProvider@3353790b, singleton=true]
[Test worker] TRACE org.codehaus.griffon.runtime.core.DefaultApplicationBootstrapper - ProviderBinding[source=griffon.core.i18n.MessageSource, classifier=@javax.inject.Named(value=applicationMessageSource), provider=org.codehaus.griffon.runtime.core.i18n.MessageSourceProvider@2d2fdb80, singleton=true]
[Test worker] TRACE org.codehaus.griffon.runtime.core.DefaultApplicationBootstrapper - TargetBinding[source=griffon.core.resources.ResourceInjector, classifier=@javax.inject.Named(value=applicationResourceInjector), target=org.codehaus.griffon.runtime.core.resources.DefaultApplicationResourceInjector, singleton=true]
[Test worker] TRACE org.codehaus.griffon.runtime.core.DefaultApplicationBootstrapper - TargetBinding[source=griffon.core.threading.UIThreadManager, target=org.codehaus.griffon.runtime.core.threading.DefaultUIThreadManager, singleton=true]
[Test worker] TRACE org.codehaus.griffon.runtime.core.DefaultApplicationBootstrapper - TargetBinding[source=griffon.core.mvc.MVCGroupManager, target=org.codehaus.griffon.runtime.core.mvc.DefaultMVCGroupManager, singleton=true]
[Test worker] TRACE org.codehaus.griffon.runtime.core.DefaultApplicationBootstrapper - ProviderBinding[source=griffon.core.LifecycleHandler, classifier=@javax.inject.Named(value=Initialize), provider=org.codehaus.griffon.runtime.core.LifecycleHandlerProvider@20f3c7ad, singleton=true]
[Test worker] TRACE org.codehaus.griffon.runtime.core.DefaultApplicationBootstrapper - ProviderBinding[source=griffon.core.LifecycleHandler, classifier=@javax.inject.Named(value=Startup), provider=org.codehaus.griffon.runtime.core.LifecycleHandlerProvider@64ba3fc1, singleton=true]
[Test worker] TRACE org.codehaus.griffon.runtime.core.DefaultApplicationBootstrapper - ProviderBinding[source=griffon.core.LifecycleHandler, classifier=@javax.inject.Named(value=Ready), provider=org.codehaus.griffon.runtime.core.LifecycleHandlerProvider@7fafcb90, singleton=true]
[Test worker] TRACE org.codehaus.griffon.runtime.core.DefaultApplicationBootstrapper - ProviderBinding[source=griffon.core.LifecycleHandler, classifier=@javax.inject.Named(value=Shutdown), provider=org.codehaus.griffon.runtime.core.LifecycleHandlerProvider@6e5d9c6d, singleton=true]
[Test worker] TRACE org.codehaus.griffon.runtime.core.DefaultApplicationBootstrapper - ProviderBinding[source=griffon.core.LifecycleHandler, classifier=@javax.inject.Named(value=Stop), provider=org.codehaus.griffon.runtime.core.LifecycleHandlerProvider@43c8f0b6, singleton=true]
[Test worker] TRACE org.codehaus.griffon.runtime.core.DefaultApplicationBootstrapper - TargetBinding[source=griffon.core.view.WindowManager, target=org.codehaus.griffon.runtime.core.view.NoopWindowManager, singleton=true]
[Test worker] TRACE org.codehaus.griffon.runtime.core.DefaultApplicationBootstrapper - TargetBinding[source=griffon.core.controller.ActionManager, target=org.codehaus.griffon.runtime.core.controller.DefaultActionManager, singleton=true]
[Test worker] TRACE org.codehaus.griffon.runtime.core.DefaultApplicationBootstrapper - TargetBinding[source=griffon.core.artifact.ArtifactManager, target=org.codehaus.griffon.runtime.core.artifact.DefaultArtifactManager, singleton=true]
[Test worker] TRACE org.codehaus.griffon.runtime.core.DefaultApplicationBootstrapper - TargetBinding[source=griffon.core.artifact.ArtifactHandler, classifier=@griffon.inject.Typed(value=interface griffon.core.artifact.GriffonModel), target=org.codehaus.griffon.runtime.core.artifact.ModelArtifactHandler, singleton=true]
[Test worker] TRACE org.codehaus.griffon.runtime.core.DefaultApplicationBootstrapper - TargetBinding[source=griffon.core.artifact.ArtifactHandler, classifier=@griffon.inject.Typed(value=interface griffon.core.artifact.GriffonView), target=org.codehaus.griffon.runtime.core.artifact.ViewArtifactHandler, singleton=true]
[Test worker] TRACE org.codehaus.griffon.runtime.core.DefaultApplicationBootstrapper - TargetBinding[source=griffon.core.artifact.ArtifactHandler, classifier=@griffon.inject.Typed(value=interface griffon.core.artifact.GriffonController), target=org.codehaus.griffon.runtime.core.artifact.ControllerArtifactHandler, singleton=true]
[Test worker] TRACE org.codehaus.griffon.runtime.core.DefaultApplicationBootstrapper - TargetBinding[source=griffon.core.artifact.ArtifactHandler, classifier=@griffon.inject.Typed(value=interface griffon.core.artifact.GriffonService), target=org.codehaus.griffon.runtime.core.artifact.ServiceArtifactHandler, singleton=true]
[Test worker] TRACE org.codehaus.griffon.runtime.core.DefaultApplicationBootstrapper - ProviderTypeBinding[source=griffon.core.PlatformHandler, providerType=class org.codehaus.griffon.runtime.core.PlatformHandlerProvider, singleton=true]
[Test worker] TRACE org.codehaus.griffon.runtime.core.DefaultApplicationBootstrapper - TargetBinding[source=griffon.core.addon.AddonManager, target=org.codehaus.griffon.runtime.core.addon.DefaultAddonManager, singleton=true]
[Test worker] TRACE org.codehaus.griffon.runtime.core.DefaultApplicationBootstrapper - TargetBinding[source=griffon.core.event.EventHandler, target=org.codehaus.griffon.runtime.core.event.DefaultEventHandler, singleton=true]
[Test worker] TRACE org.codehaus.griffon.runtime.core.DefaultApplicationBootstrapper - TargetBinding[source=griffon.core.GriffonExceptionHandler, target=griffon.core.GriffonExceptionHandler, singleton=true]
[Test worker] TRACE org.codehaus.griffon.runtime.core.DefaultApplicationBootstrapper - ProviderTypeBinding[source=org.apache.shiro.mgt.SecurityManager, providerType=class org.codehaus.griffon.runtime.shiro.SecurityManagerProvider, singleton=true]
[Test worker] TRACE org.codehaus.griffon.runtime.core.DefaultApplicationBootstrapper - ProviderTypeBinding[source=org.apache.shiro.subject.Subject, providerType=class org.codehaus.griffon.runtime.shiro.SubjectProvider, singleton=true]
[Test worker] TRACE org.codehaus.griffon.runtime.core.DefaultApplicationBootstrapper - TargetBinding[source=griffon.plugins.shiro.SecurityFailureHandler, target=org.codehaus.griffon.runtime.shiro.DefaultSecurityFailureHandler, singleton=true]
[Test worker] TRACE org.codehaus.griffon.runtime.core.DefaultApplicationBootstrapper - TargetBinding[source=griffon.core.controller.ActionInterceptor, target=org.codehaus.griffon.runtime.shiro.ShiroActionInterceptor, singleton=true]
[Test worker] DEBUG org.codehaus.griffon.runtime.core.DefaultApplicationBootstrapper - Creating application injector
[Test worker] DEBUG org.codehaus.griffon.runtime.core.DefaultApplicationBootstrapper - Injector will be created by org.codehaus.griffon.runtime.injection.GuiceInjectorFactory@7c604b9f
[Test worker] DEBUG org.codehaus.griffon.runtime.core.event.AbstractEventRouter - Adding listener org.codehaus.griffon.runtime.core.MVCGroupExceptionHandler on UncaughtMVCGroupConfigurationException
[Test worker] DEBUG org.codehaus.griffon.runtime.core.event.AbstractEventRouter - Adding listener org.codehaus.griffon.runtime.core.MVCGroupExceptionHandler on UncaughtMVCGroupInstantiationException
[Test worker] DEBUG org.codehaus.griffon.runtime.core.event.AbstractEventRouter - Triggering event 'BootstrapStart' synchronously
[Test worker] DEBUG griffon.util.ServiceLoaderUtils - Reading java.beans.PropertyEditor definitions from jar:file:/home/travis/build/griffon/griffon/subprojects/griffon-core/build/libs/griffon-core-2.0.0.BETA.jar!/META-INF/editors/java.beans.PropertyEditor
[Test worker] DEBUG org.codehaus.griffon.runtime.core.DefaultApplicationConfigurer - Registering griffon.core.editors.StringPropertyEditor as editor for java.lang.String
[Test worker] DEBUG org.codehaus.griffon.runtime.core.DefaultApplicationConfigurer - Registering griffon.core.editors.FilePropertyEditor as editor for java.io.File
[Test worker] DEBUG org.codehaus.griffon.runtime.core.DefaultApplicationConfigurer - Registering griffon.core.editors.URLPropertyEditor as editor for java.net.URL
[Test worker] DEBUG org.codehaus.griffon.runtime.core.DefaultApplicationConfigurer - Registering griffon.core.editors.URIPropertyEditor as editor for java.net.URI
[Test worker] DEBUG org.codehaus.griffon.runtime.core.DefaultApplicationConfigurer - Registering griffon.core.editors.BigDecimalPropertyEditor as editor for java.math.BigDecimal
[Test worker] DEBUG org.codehaus.griffon.runtime.core.DefaultApplicationConfigurer - Registering griffon.core.editors.BigIntegerPropertyEditor as editor for java.math.BigInteger
[Test worker] DEBUG org.codehaus.griffon.runtime.core.DefaultApplicationConfigurer - Registering griffon.core.editors.BooleanPropertyEditor as editor for java.lang.Boolean
[Test worker] DEBUG org.codehaus.griffon.runtime.core.DefaultApplicationConfigurer - Registering griffon.core.editors.BytePropertyEditor as editor for java.lang.Byte
[Test worker] DEBUG org.codehaus.griffon.runtime.core.DefaultApplicationConfigurer - Registering griffon.core.editors.ShortPropertyEditor as editor for java.lang.Short
[Test worker] DEBUG org.codehaus.griffon.runtime.core.DefaultApplicationConfigurer - Registering griffon.core.editors.IntegerPropertyEditor as editor for java.lang.Integer
[Test worker] DEBUG org.codehaus.griffon.runtime.core.DefaultApplicationConfigurer - Registering griffon.core.editors.LongPropertyEditor as editor for java.lang.Long
[Test worker] DEBUG org.codehaus.griffon.runtime.core.DefaultApplicationConfigurer - Registering griffon.core.editors.FloatPropertyEditor as editor for java.lang.Float
[Test worker] DEBUG org.codehaus.griffon.runtime.core.DefaultApplicationConfigurer - Registering griffon.core.editors.DoublePropertyEditor as editor for java.lang.Double
[Test worker] DEBUG org.codehaus.griffon.runtime.core.DefaultApplicationConfigurer - Registering griffon.core.editors.CalendarPropertyEditor as editor for java.util.Calendar
[Test worker] DEBUG org.codehaus.griffon.runtime.core.DefaultApplicationConfigurer - Registering griffon.core.editors.DatePropertyEditor as editor for java.util.Date
[Test worker] DEBUG org.codehaus.griffon.runtime.core.DefaultApplicationConfigurer - Registering griffon.core.editors.BooleanPropertyEditor as editor for boolean
[Test worker] DEBUG org.codehaus.griffon.runtime.core.DefaultApplicationConfigurer - Registering griffon.core.editors.BytePropertyEditor as editor for byte
[Test worker] DEBUG org.codehaus.griffon.runtime.core.DefaultApplicationConfigurer - Registering griffon.core.editors.ShortPropertyEditor as editor for short
[Test worker] DEBUG org.codehaus.griffon.runtime.core.DefaultApplicationConfigurer - Registering griffon.core.editors.IntegerPropertyEditor as editor for int
[Test worker] DEBUG org.codehaus.griffon.runtime.core.DefaultApplicationConfigurer - Registering griffon.core.editors.LongPropertyEditor as editor for long
[Test worker] DEBUG org.codehaus.griffon.runtime.core.DefaultApplicationConfigurer - Registering griffon.core.editors.FloatPropertyEditor as editor for float
[Test worker] DEBUG org.codehaus.griffon.runtime.core.DefaultApplicationConfigurer - Registering griffon.core.editors.DoublePropertyEditor as editor for double
[Test worker] DEBUG org.codehaus.griffon.runtime.core.event.AbstractEventRouter - Adding listener org.codehaus.griffon.runtime.core.DefaultApplicationConfigurer$2 on NewInstance
[Test worker] TRACE griffon.util.CompositeResourceBundle - Searching key=application.lifecycle.handler.disable
[Test worker] TRACE griffon.util.CompositeResourceBundle - Searching key=application
[Test worker] TRACE griffon.util.CompositeResourceBundle - Searching key=platform.handler.linux64
[Test worker] TRACE griffon.util.CompositeResourceBundle - Searching key=platform
[Test worker] DEBUG org.codehaus.griffon.runtime.core.PlatformHandlerProvider - Using org.codehaus.griffon.runtime.core.DefaultPlatformHandler as PlatformHandler
[Test worker] DEBUG org.codehaus.griffon.runtime.core.addon.AbstractAddonManager - Loading addons [START]
[Test worker] DEBUG griffon.util.AnnotationUtils - computed addon order is []
[Test worker] DEBUG org.codehaus.griffon.runtime.core.event.AbstractEventRouter - Triggering event 'LoadAddonsStart' synchronously
[Test worker] DEBUG org.codehaus.griffon.runtime.core.addon.AbstractAddonManager - Loading addons [END]
[Test worker] DEBUG org.codehaus.griffon.runtime.core.event.AbstractEventRouter - Triggering event 'LoadAddonsEnd' synchronously
[Test worker] TRACE griffon.util.CompositeResourceBundle - Searching key=mvcGroups
[Test worker] TRACE griffon.util.CompositeResourceBundle - Searching key=mvcGroups
[Test worker] DEBUG org.codehaus.griffon.runtime.core.event.AbstractEventRouter - Adding listener org.codehaus.griffon.runtime.core.DefaultApplicationConfigurer$3 on NewInstance
[Test worker] TRACE griffon.util.CompositeResourceBundle - Searching key=shiro.realm.resource.path
[Test worker] TRACE griffon.util.CompositeResourceBundle - Searching key=shiro
[Test worker] DEBUG org.apache.shiro.realm.text.PropertiesRealm - Loading user security information from file [classpath:shiro-users.properties]...
[Test worker] DEBUG org.apache.shiro.realm.text.PropertiesRealm - Opening input stream for path [classpath:shiro-users.properties]...
[Test worker] DEBUG org.apache.shiro.io.ResourceUtils - Opening resource from class path [shiro-users.properties]
[Test worker] DEBUG org.apache.shiro.realm.text.PropertiesRealm - Loading properties from path [classpath:shiro-users.properties]...
[Test worker] TRACE org.apache.shiro.realm.text.PropertiesRealm - Processing properties line - key: [user.joe], value: [joe,employee].
[Test worker] TRACE org.apache.shiro.realm.text.PropertiesRealm - Processing properties line - key: [user.bob], value: [bob,manager,employee].
[Test worker] TRACE org.apache.shiro.realm.text.PropertiesRealm - Processing properties line - key: [role.administrator], value: [*].
[Test worker] TRACE org.apache.shiro.realm.text.PropertiesRealm - Processing properties line - key: [role.manager], value: [user:write].
[Test worker] TRACE org.apache.shiro.realm.text.PropertiesRealm - Processing properties line - key: [user.root], value: [root,administrator,manager].
[Test worker] TRACE org.apache.shiro.realm.text.PropertiesRealm - Processing properties line - key: [role.employee], value: [user:read].
[Test worker] TRACE org.apache.shiro.util.ThreadContext - get() - in thread [Test worker]
[Test worker] TRACE org.apache.shiro.util.ThreadContext - Retrieved value of type [org.apache.shiro.subject.support.DelegatingSubject] for key [org.apache.shiro.util.ThreadContext_SUBJECT_KEY] bound to thread [Test worker]
[Test worker] TRACE griffon.util.CompositeResourceBundle - Searching key=griffon.controller.action.interceptor.order
[Test worker] TRACE griffon.util.CompositeResourceBundle - Searching key=griffon
[Test worker] DEBUG griffon.util.AnnotationUtils - Current interceptor order is [shiro]
[Test worker] TRACE griffon.util.AnnotationUtils - Processing interceptor 'shiro'
[Test worker] TRACE griffon.util.AnnotationUtils -   depends on '[]'
[Test worker] TRACE griffon.util.AnnotationUtils -   adding interceptor 'shiro', since all dependencies have been added
[Test worker] TRACE griffon.util.AnnotationUtils - interceptor dependency ordering complete
[Test worker] DEBUG griffon.util.AnnotationUtils - computed interceptor order is [shiro]
[Test worker] DEBUG org.codehaus.griffon.runtime.core.artifact.AbstractArtifactManager - Registering artifact handler for type 'model': org.codehaus.griffon.runtime.core.artifact.ModelArtifactHandler@644bf0bb
[Test worker] DEBUG org.codehaus.griffon.runtime.core.artifact.AbstractArtifactManager - Registering artifact handler for type 'view': org.codehaus.griffon.runtime.core.artifact.ViewArtifactHandler@35a9b86e
[Test worker] DEBUG org.codehaus.griffon.runtime.core.artifact.AbstractArtifactManager - Registering artifact handler for type 'controller': org.codehaus.griffon.runtime.core.artifact.ControllerArtifactHandler@198b5948
[Test worker] DEBUG org.codehaus.griffon.runtime.core.artifact.AbstractArtifactManager - Registering artifact handler for type 'service': org.codehaus.griffon.runtime.core.artifact.ServiceArtifactHandler@b929312
[Test worker] DEBUG griffon.util.ServiceLoaderUtils - Reading griffon.core.artifact.GriffonController definitions from file:/home/travis/build/griffon/griffon/plugins/griffon-shiro-plugin/build/classes/test/META-INF/griffon/griffon.core.artifact.GriffonController
[Test worker] DEBUG griffon.util.ServiceLoaderUtils - Reading griffon.core.artifact.GriffonModel definitions from file:/home/travis/build/griffon/griffon/plugins/griffon-shiro-plugin/build/classes/test/META-INF/griffon/griffon.core.artifact.GriffonModel
[Test worker] DEBUG org.codehaus.griffon.runtime.core.artifact.DefaultArtifactManager - Artifacts of type 'controller' = 1
[Test worker] DEBUG org.codehaus.griffon.runtime.core.artifact.DefaultArtifactManager - Artifacts of type 'model' = 1
[Test worker] TRACE org.codehaus.griffon.runtime.core.artifact.AbstractArtifactManager - InstanceBinding[source=griffon.core.artifact.GriffonClass, classifier=@griffon.inject.Typed(value=class com.acme.ShiroController), instance=Artifact[controller] > Shiro, singleton=true]
[Test worker] TRACE org.codehaus.griffon.runtime.core.artifact.AbstractArtifactManager - TargetBinding[source=com.acme.ShiroController, target=com.acme.ShiroController, singleton=false]
[Test worker] TRACE org.codehaus.griffon.runtime.core.artifact.AbstractArtifactManager - InstanceBinding[source=griffon.core.artifact.GriffonClass, classifier=@griffon.inject.Typed(value=class com.acme.ShiroModel), instance=Artifact[model] > Shiro, singleton=true]
[Test worker] TRACE org.codehaus.griffon.runtime.core.artifact.AbstractArtifactManager - TargetBinding[source=com.acme.ShiroModel, target=com.acme.ShiroModel, singleton=false]
[Test worker] DEBUG org.codehaus.griffon.runtime.core.event.AbstractEventRouter - Triggering event 'BootstrapEnd' synchronously
[Test worker] DEBUG org.codehaus.griffon.runtime.core.artifact.AbstractArtifactManager - Searching for griffonClass of com.acme.ShiroController
[Test worker] DEBUG org.codehaus.griffon.runtime.core.event.AbstractEventRouter - Triggering event 'NewInstance' synchronously
[Test worker] DEBUG org.codehaus.griffon.runtime.core.artifact.AbstractArtifactManager - Searching for griffonClass of com.acme.ShiroController
[Test worker] TRACE griffon.util.CompositeResourceBundle - Searching key=com.acme.ShiroController.action.Authenticated.name
[Test worker] TRACE griffon.util.CompositeResourceBundle - Searching key=application.action.Authenticated.name
[Test worker] TRACE org.codehaus.griffon.runtime.core.controller.AbstractActionManager - com.acme.ShiroController.action.Authenticated.name = Authenticated
[Test worker] DEBUG org.codehaus.griffon.runtime.core.controller.AbstractActionManager - Configuring action com.acme.ShiroController.authenticated with org.codehaus.griffon.runtime.shiro.ShiroActionInterceptor@5d2572b8
[Test worker] TRACE org.codehaus.griffon.runtime.core.controller.AbstractActionManager - Action for com.acme.ShiroController.authenticated stored as authenticated
[Test worker] TRACE griffon.util.CompositeResourceBundle - Searching key=com.acme.ShiroController.action.Guest.name
[Test worker] TRACE griffon.util.CompositeResourceBundle - Searching key=application.action.Guest.name
[Test worker] TRACE org.codehaus.griffon.runtime.core.controller.AbstractActionManager - com.acme.ShiroController.action.Guest.name = Guest
[Test worker] DEBUG org.codehaus.griffon.runtime.core.controller.AbstractActionManager - Configuring action com.acme.ShiroController.guest with org.codehaus.griffon.runtime.shiro.ShiroActionInterceptor@5d2572b8
[Test worker] TRACE org.codehaus.griffon.runtime.core.controller.AbstractActionManager - Action for com.acme.ShiroController.guest stored as guest
[Test worker] TRACE griffon.util.CompositeResourceBundle - Searching key=com.acme.ShiroController.action.Permissions.name
[Test worker] TRACE griffon.util.CompositeResourceBundle - Searching key=application.action.Permissions.name
[Test worker] TRACE org.codehaus.griffon.runtime.core.controller.AbstractActionManager - com.acme.ShiroController.action.Permissions.name = Permissions
[Test worker] DEBUG org.codehaus.griffon.runtime.core.controller.AbstractActionManager - Configuring action com.acme.ShiroController.permissions with org.codehaus.griffon.runtime.shiro.ShiroActionInterceptor@5d2572b8
[Test worker] TRACE org.codehaus.griffon.runtime.core.controller.AbstractActionManager - Action for com.acme.ShiroController.permissions stored as permissions
[Test worker] TRACE griffon.util.CompositeResourceBundle - Searching key=com.acme.ShiroController.action.Roles.name
[Test worker] TRACE griffon.util.CompositeResourceBundle - Searching key=application.action.Roles.name
[Test worker] TRACE org.codehaus.griffon.runtime.core.controller.AbstractActionManager - com.acme.ShiroController.action.Roles.name = Roles
[Test worker] DEBUG org.codehaus.griffon.runtime.core.controller.AbstractActionManager - Configuring action com.acme.ShiroController.roles with org.codehaus.griffon.runtime.shiro.ShiroActionInterceptor@5d2572b8
[Test worker] TRACE org.codehaus.griffon.runtime.core.controller.AbstractActionManager - Action for com.acme.ShiroController.roles stored as roles
[Test worker] TRACE griffon.util.CompositeResourceBundle - Searching key=com.acme.ShiroController.action.User.name
[Test worker] TRACE griffon.util.CompositeResourceBundle - Searching key=application.action.User.name
[Test worker] TRACE org.codehaus.griffon.runtime.core.controller.AbstractActionManager - com.acme.ShiroController.action.User.name = User
[Test worker] DEBUG org.codehaus.griffon.runtime.core.controller.AbstractActionManager - Configuring action com.acme.ShiroController.user with org.codehaus.griffon.runtime.shiro.ShiroActionInterceptor@5d2572b8
[Test worker] TRACE org.codehaus.griffon.runtime.core.controller.AbstractActionManager - Action for com.acme.ShiroController.user stored as user
[Test worker] DEBUG org.codehaus.griffon.runtime.core.artifact.AbstractArtifactManager - Searching for griffonClass of com.acme.ShiroModel
[Test worker] DEBUG org.codehaus.griffon.runtime.core.event.AbstractEventRouter - Triggering event 'NewInstance' synchronously
[Test worker] TRACE org.apache.shiro.subject.support.DelegatingSubject - attempting to get session; create = false; session is null = true; session has id = false
[Test worker] TRACE org.apache.shiro.authc.AbstractAuthenticator - Authentication attempt received for token [org.apache.shiro.authc.UsernamePasswordToken - bob, rememberMe=false]
[Test worker] DEBUG org.apache.shiro.realm.AuthenticatingRealm - Looked up AuthenticationInfo [bob] from doGetAuthenticationInfo
[Test worker] DEBUG org.apache.shiro.realm.AuthenticatingRealm - AuthenticationInfo caching is disabled for info [bob].  Submitted token: [org.apache.shiro.authc.UsernamePasswordToken - bob, rememberMe=false].
[Test worker] DEBUG org.apache.shiro.authc.credential.SimpleCredentialsMatcher - Performing credentials equality check for tokenCredentials of type [[C and accountCredentials of type [java.lang.String]
[Test worker] DEBUG org.apache.shiro.authc.credential.SimpleCredentialsMatcher - Both credentials arguments can be easily converted to byte arrays.  Performing array equals comparison
[Test worker] DEBUG org.apache.shiro.authc.AbstractAuthenticator - Authentication successful for token [org.apache.shiro.authc.UsernamePasswordToken - bob, rememberMe=false].  Returned account [bob]
[Test worker] DEBUG org.apache.shiro.subject.support.DefaultSubjectContext - No SecurityManager available in subject context map.  Falling back to SecurityUtils.getSecurityManager() lookup.
[Test worker] TRACE org.apache.shiro.util.ThreadContext - get() - in thread [Test worker]
[Test worker] TRACE org.apache.shiro.mgt.DefaultSecurityManager - Context already contains a SecurityManager instance.  Returning.
[Test worker] TRACE org.apache.shiro.subject.support.DelegatingSubject - attempting to get session; create = false; session is null = true; session has id = false
[Test worker] DEBUG org.apache.shiro.subject.support.DefaultSubjectContext - No SecurityManager available in subject context map.  Falling back to SecurityUtils.getSecurityManager() lookup.
[Test worker] TRACE org.apache.shiro.util.ThreadContext - get() - in thread [Test worker]
[Test worker] TRACE org.apache.shiro.subject.support.DelegatingSubject - attempting to get session; create = false; session is null = true; session has id = false
[Test worker] TRACE org.apache.shiro.subject.support.DelegatingSubject - attempting to get session; create = false; session is null = true; session has id = false
[Test worker] TRACE org.apache.shiro.subject.support.DelegatingSubject - attempting to get session; create = false; session is null = true; session has id = false
[Test worker] TRACE org.apache.shiro.subject.support.DelegatingSubject - attempting to get session; create = false; session is null = true; session has id = false
[Test worker] TRACE org.apache.shiro.subject.support.DelegatingSubject - attempting to get session; create = false; session is null = true; session has id = false
[Test worker] TRACE org.apache.shiro.subject.support.DelegatingSubject - attempting to get session; create = false; session is null = true; session has id = false
[Test worker] TRACE org.apache.shiro.subject.support.DelegatingSubject - attempting to get session; create = true; session is null = true; session has id = false
[Test worker] TRACE org.apache.shiro.subject.support.DelegatingSubject - Starting session for host null
[Test worker] DEBUG org.apache.shiro.session.mgt.AbstractValidatingSessionManager - No sessionValidationScheduler set.  Attempting to create default instance.
[Test worker] TRACE org.apache.shiro.session.mgt.AbstractValidatingSessionManager - Created default SessionValidationScheduler instance of type [org.apache.shiro.session.mgt.ExecutorServiceSessionValidationScheduler].
[Test worker] INFO org.apache.shiro.session.mgt.AbstractValidatingSessionManager - Enabling session validation scheduler...
[Test worker] TRACE org.apache.shiro.session.mgt.DefaultSessionManager - Creating session for host null
[Test worker] DEBUG org.apache.shiro.session.mgt.DefaultSessionManager - Creating new EIS record for new session instance [org.apache.shiro.session.mgt.SimpleSession,id=null]
[Test worker] TRACE org.apache.shiro.session.mgt.AbstractValidatingSessionManager - Attempting to retrieve session with key org.apache.shiro.session.mgt.DefaultSessionKey@18dddc42
[Test worker] TRACE org.apache.shiro.subject.support.DelegatingSubject - attempting to get session; create = false; session is null = false; session has id = true
[Test worker] TRACE org.apache.shiro.session.mgt.AbstractValidatingSessionManager - Attempting to retrieve session with key org.apache.shiro.session.mgt.DefaultSessionKey@18dddc42
[Test worker] TRACE org.apache.shiro.session.mgt.AbstractValidatingSessionManager - Attempting to retrieve session with key org.apache.shiro.session.mgt.DefaultSessionKey@18dddc42
[Test worker] TRACE org.apache.shiro.mgt.DefaultSecurityManager - This org.apache.shiro.mgt.DefaultSecurityManager instance does not have a [org.apache.shiro.mgt.RememberMeManager] instance configured.  RememberMe services will not be performed for account [bob].
[Test worker] TRACE org.apache.shiro.subject.support.DelegatingSubject - attempting to get session; create = false; session is null = false; session has id = true
[Test worker] TRACE griffon.util.CompositeResourceBundle - Searching key=griffon.disable.threading.injection
[Test worker] TRACE griffon.util.CompositeResourceBundle - Searching key=griffon
[Test worker] DEBUG org.codehaus.griffon.runtime.core.controller.AbstractActionManager - Executing com.acme.ShiroController.user with policy OUTSIDE_UITHREAD
[Test worker] DEBUG org.codehaus.griffon.runtime.core.controller.AbstractActionManager - Executing 1 interceptor for com.acme.ShiroController.user
[Test worker] TRACE org.codehaus.griffon.runtime.core.controller.AbstractActionManager - Calling org.codehaus.griffon.runtime.shiro.ShiroActionInterceptor@5d2572b8.before() on com.acme.ShiroController.user
[Test worker] DEBUG org.codehaus.griffon.runtime.shiro.ShiroActionInterceptor - Evaluating security requirement RequirementConfiguration{requirement=USER, values=[], logical=AND}
[Test worker] TRACE org.apache.shiro.subject.support.DelegatingSubject - attempting to get session; create = false; session is null = false; session has id = true
[Test worker] TRACE org.apache.shiro.session.mgt.AbstractValidatingSessionManager - Attempting to retrieve session with key org.apache.shiro.session.mgt.DefaultSessionKey@18dddc42
[Test worker] DEBUG org.codehaus.griffon.runtime.shiro.ShiroActionInterceptor - Subject did not meet expected security requirements.
[Test worker] INFO org.codehaus.griffon.runtime.shiro.DefaultSecurityFailureHandler - Subject failed user challenge on com.acme.ShiroController.user
[Test worker] DEBUG org.codehaus.griffon.runtime.core.controller.AbstractActionManager - Execution of com.acme.ShiroController.user was aborted by org.codehaus.griffon.runtime.shiro.ShiroActionInterceptor@5d2572b8
[Test worker] TRACE org.codehaus.griffon.runtime.core.controller.AbstractActionManager - Status before execution of com.acme.ShiroController.user is ABORTED
[Test worker] TRACE org.codehaus.griffon.runtime.core.controller.AbstractActionManager - Calling org.codehaus.griffon.runtime.shiro.ShiroActionInterceptor@5d2572b8.after() on com.acme.ShiroController.user
[Test worker] TRACE org.apache.shiro.subject.support.DelegatingSubject - attempting to get session; create = false; session is null = false; session has id = true
[Test worker] TRACE org.apache.shiro.session.mgt.AbstractValidatingSessionManager - Attempting to retrieve session with key org.apache.shiro.session.mgt.DefaultSessionKey@18dddc42
[Test worker] TRACE org.apache.shiro.subject.support.DelegatingSubject - attempting to get session; create = false; session is null = false; session has id = true
[Test worker] TRACE org.apache.shiro.session.mgt.AbstractValidatingSessionManager - Attempting to retrieve session with key org.apache.shiro.session.mgt.DefaultSessionKey@18dddc42
[Test worker] DEBUG org.apache.shiro.mgt.DefaultSecurityManager - Logging out subject with primary principal bob
[Test worker] TRACE org.apache.shiro.realm.CachingRealm - Cleared cache entries for account with principals [bob]
[Test worker] TRACE org.apache.shiro.subject.support.DelegatingSubject - attempting to get session; create = false; session is null = false; session has id = true
[Test worker] TRACE org.apache.shiro.session.mgt.AbstractValidatingSessionManager - Attempting to retrieve session with key org.apache.shiro.session.mgt.DefaultSessionKey@18dddc42
[Test worker] TRACE org.apache.shiro.session.mgt.AbstractValidatingSessionManager - Attempting to retrieve session with key org.apache.shiro.session.mgt.DefaultSessionKey@18dddc42
[Test worker] TRACE org.apache.shiro.subject.support.DelegatingSubject - attempting to get session; create = false; session is null = false; session has id = true
[Test worker] TRACE org.apache.shiro.session.mgt.AbstractValidatingSessionManager - Attempting to retrieve session with key org.apache.shiro.session.mgt.DefaultSessionKey@18dddc42
[Test worker] DEBUG org.apache.shiro.session.mgt.AbstractSessionManager - Stopping session with id [7ec0c938-7db3-46fb-89fc-dc0ed7ed1b14]
[Test worker] DEBUG org.codehaus.griffon.runtime.core.event.AbstractEventRouter - Triggering event 'ShutdownRequested' synchronously
[Test worker] INFO org.codehaus.griffon.runtime.core.DefaultGriffonApplication - Shutdown is in process
[Test worker] DEBUG org.codehaus.griffon.runtime.core.DefaultGriffonApplication - Shutdown stage 1: notify all event listeners
[Test worker] DEBUG org.codehaus.griffon.runtime.core.event.AbstractEventRouter - Adding listener org.codehaus.griffon.runtime.core.AbstractGriffonApplication$1 on ShutdownStart
[Test worker] DEBUG org.codehaus.griffon.runtime.core.event.AbstractEventRouter - Triggering event 'ShutdownStart' synchronously
[Test worker] DEBUG org.codehaus.griffon.runtime.core.DefaultGriffonApplication - Shutdown stage 2: notify all shutdown handlers
[Test worker] DEBUG org.codehaus.griffon.runtime.core.DefaultGriffonApplication - Shutdown stage 3: destroy all MVC groups
[Test worker] DEBUG org.codehaus.griffon.runtime.core.DefaultGriffonApplication - Shutdown stage 4: execute Shutdown script
[Test worker] TRACE griffon.util.CompositeResourceBundle - Searching key=application.lifecycle.handler.disable
[Test worker] TRACE griffon.util.CompositeResourceBundle - Searching key=application
[Test worker] INFO org.codehaus.griffon.runtime.core.DefaultApplicationBootstrapper - Griffon 2.0.0.BETA
[Test worker] INFO org.codehaus.griffon.runtime.core.DefaultApplicationBootstrapper - Build: 2014-06-20T11:04:31.572+0000
[Test worker] INFO org.codehaus.griffon.runtime.core.DefaultApplicationBootstrapper - JVM: 1.7.0_51 (Oracle Corporation 24.51-b03)
[Test worker] INFO org.codehaus.griffon.runtime.core.DefaultApplicationBootstrapper - OS: Linux 2.6.32-042stab079.5 amd64
[Test worker] DEBUG org.codehaus.griffon.runtime.core.DefaultApplicationBootstrapper - Creating module bindings
[Test worker] DEBUG griffon.util.AnnotationUtils - Current module order is [core, shiro, testApplicationBootstrapper$InnerClasses, testApplicationBootstrapper$Fields]
[Test worker] TRACE griffon.util.AnnotationUtils - Processing module 'core'
[Test worker] TRACE griffon.util.AnnotationUtils -   depends on '[]'
[Test worker] TRACE griffon.util.AnnotationUtils -   adding module 'core', since all dependencies have been added
[Test worker] TRACE griffon.util.AnnotationUtils - Processing module 'shiro'
[Test worker] TRACE griffon.util.AnnotationUtils -   depends on '[]'
[Test worker] TRACE griffon.util.AnnotationUtils -   adding module 'shiro', since all dependencies have been added
[Test worker] TRACE griffon.util.AnnotationUtils - Processing module 'testApplicationBootstrapper$InnerClasses'
[Test worker] TRACE griffon.util.AnnotationUtils -   depends on '[]'
[Test worker] TRACE griffon.util.AnnotationUtils -   adding module 'testApplicationBootstrapper$InnerClasses', since all dependencies have been added
[Test worker] TRACE griffon.util.AnnotationUtils - Processing module 'testApplicationBootstrapper$Fields'
[Test worker] TRACE griffon.util.AnnotationUtils -   depends on '[]'
[Test worker] TRACE griffon.util.AnnotationUtils -   adding module 'testApplicationBootstrapper$Fields', since all dependencies have been added
[Test worker] TRACE griffon.util.AnnotationUtils - module dependency ordering complete
[Test worker] DEBUG griffon.util.AnnotationUtils - computed module order is [core, shiro, testApplicationBootstrapper$InnerClasses, testApplicationBootstrapper$Fields]
[Test worker] DEBUG org.codehaus.griffon.runtime.core.DefaultApplicationBootstrapper - Loading module bindings from core:org.codehaus.griffon.runtime.core.DefaultApplicationModule@6f34a809
[Test worker] DEBUG org.codehaus.griffon.runtime.core.DefaultApplicationBootstrapper - Loading module bindings from shiro:org.codehaus.griffon.runtime.shiro.ShiroModule@6a041fe8
[Test worker] DEBUG org.codehaus.griffon.runtime.core.DefaultApplicationBootstrapper - Loading module bindings from testApplicationBootstrapper$InnerClasses:org.codehaus.griffon.runtime.core.TestApplicationBootstrapper$InnerClassesModule@34caeeb8
[Test worker] DEBUG org.codehaus.griffon.runtime.core.DefaultApplicationBootstrapper - Loading module bindings from testApplicationBootstrapper$Fields:org.codehaus.griffon.runtime.core.TestApplicationBootstrapper$FieldsModule@76fe8d1b
[Test worker] TRACE org.codehaus.griffon.runtime.core.DefaultApplicationBootstrapper - InstanceBinding[source=griffon.core.GriffonApplication, instance=org.codehaus.griffon.runtime.core.DefaultGriffonApplication@d0b11a1, singleton=true]
[Test worker] TRACE org.codehaus.griffon.runtime.core.DefaultApplicationBootstrapper - TargetBinding[source=griffon.core.ApplicationClassLoader, target=org.codehaus.griffon.runtime.core.DefaultApplicationClassLoader, singleton=true]
[Test worker] TRACE org.codehaus.griffon.runtime.core.DefaultApplicationBootstrapper - TargetBinding[source=griffon.core.ApplicationConfigurer, target=org.codehaus.griffon.runtime.core.DefaultApplicationConfigurer, singleton=true]
[Test worker] TRACE org.codehaus.griffon.runtime.core.DefaultApplicationBootstrapper - TargetBinding[source=griffon.core.resources.ResourceHandler, target=org.codehaus.griffon.runtime.core.resources.DefaultResourceHandler, singleton=true]
[Test worker] TRACE org.codehaus.griffon.runtime.core.DefaultApplicationBootstrapper - TargetBinding[source=griffon.util.CompositeResourceBundleBuilder, target=org.codehaus.griffon.runtime.util.DefaultCompositeResourceBundleBuilder, singleton=true]
[Test worker] TRACE org.codehaus.griffon.runtime.core.DefaultApplicationBootstrapper - ProviderBinding[source=java.util.ResourceBundle, classifier=@javax.inject.Named(value=applicationResourceBundle), provider=org.codehaus.griffon.runtime.util.ResourceBundleProvider@51b267b7, singleton=true]
[Test worker] TRACE org.codehaus.griffon.runtime.core.DefaultApplicationBootstrapper - TargetBinding[source=griffon.core.Configuration, target=org.codehaus.griffon.runtime.core.DefaultConfiguration, singleton=true]
[Test worker] TRACE org.codehaus.griffon.runtime.core.DefaultApplicationBootstrapper - TargetBinding[source=griffon.core.ExecutorServiceManager, target=org.codehaus.griffon.runtime.core.DefaultExecutorServiceManager, singleton=true]
[Test worker] TRACE org.codehaus.griffon.runtime.core.DefaultApplicationBootstrapper - TargetBinding[source=griffon.core.event.EventRouter, classifier=@javax.inject.Named(value=applicationEventRouter), target=org.codehaus.griffon.runtime.core.event.DefaultEventRouter, singleton=true]
[Test worker] TRACE org.codehaus.griffon.runtime.core.DefaultApplicationBootstrapper - TargetBinding[source=griffon.core.event.EventRouter, target=org.codehaus.griffon.runtime.core.event.DefaultEventRouter, singleton=false]
[Test worker] TRACE org.codehaus.griffon.runtime.core.DefaultApplicationBootstrapper - ProviderBinding[source=griffon.core.resources.ResourceResolver, classifier=@javax.inject.Named(value=applicationResourceResolver), provider=org.codehaus.griffon.runtime.core.resources.ResourceResolverProvider@17b74948, singleton=true]
[Test worker] TRACE org.codehaus.griffon.runtime.core.DefaultApplicationBootstrapper - ProviderBinding[source=griffon.core.i18n.MessageSource, classifier=@javax.inject.Named(value=applicationMessageSource), provider=org.codehaus.griffon.runtime.core.i18n.MessageSourceProvider@22c2222, singleton=true]
[Test worker] TRACE org.codehaus.griffon.runtime.core.DefaultApplicationBootstrapper - TargetBinding[source=griffon.core.resources.ResourceInjector, classifier=@javax.inject.Named(value=applicationResourceInjector), target=org.codehaus.griffon.runtime.core.resources.DefaultApplicationResourceInjector, singleton=true]
[Test worker] TRACE org.codehaus.griffon.runtime.core.DefaultApplicationBootstrapper - TargetBinding[source=griffon.core.threading.UIThreadManager, target=org.codehaus.griffon.runtime.core.threading.DefaultUIThreadManager, singleton=true]
[Test worker] TRACE org.codehaus.griffon.runtime.core.DefaultApplicationBootstrapper - TargetBinding[source=griffon.core.mvc.MVCGroupManager, target=org.codehaus.griffon.runtime.core.mvc.DefaultMVCGroupManager, singleton=true]
[Test worker] TRACE org.codehaus.griffon.runtime.core.DefaultApplicationBootstrapper - ProviderBinding[source=griffon.core.LifecycleHandler, classifier=@javax.inject.Named(value=Initialize), provider=org.codehaus.griffon.runtime.core.LifecycleHandlerProvider@1f74e74b, singleton=true]
[Test worker] TRACE org.codehaus.griffon.runtime.core.DefaultApplicationBootstrapper - ProviderBinding[source=griffon.core.LifecycleHandler, classifier=@javax.inject.Named(value=Startup), provider=org.codehaus.griffon.runtime.core.LifecycleHandlerProvider@33fcfd0f, singleton=true]
[Test worker] TRACE org.codehaus.griffon.runtime.core.DefaultApplicationBootstrapper - ProviderBinding[source=griffon.core.LifecycleHandler, classifier=@javax.inject.Named(value=Ready), provider=org.codehaus.griffon.runtime.core.LifecycleHandlerProvider@2649fe73, singleton=true]
[Test worker] TRACE org.codehaus.griffon.runtime.core.DefaultApplicationBootstrapper - ProviderBinding[source=griffon.core.LifecycleHandler, classifier=@javax.inject.Named(value=Shutdown), provider=org.codehaus.griffon.runtime.core.LifecycleHandlerProvider@43e043a8, singleton=true]
[Test worker] TRACE org.codehaus.griffon.runtime.core.DefaultApplicationBootstrapper - ProviderBinding[source=griffon.core.LifecycleHandler, classifier=@javax.inject.Named(value=Stop), provider=org.codehaus.griffon.runtime.core.LifecycleHandlerProvider@3879ed68, singleton=true]
[Test worker] TRACE org.codehaus.griffon.runtime.core.DefaultApplicationBootstrapper - TargetBinding[source=griffon.core.view.WindowManager, target=org.codehaus.griffon.runtime.core.view.NoopWindowManager, singleton=true]
[Test worker] TRACE org.codehaus.griffon.runtime.core.DefaultApplicationBootstrapper - TargetBinding[source=griffon.core.controller.ActionManager, target=org.codehaus.griffon.runtime.core.controller.DefaultActionManager, singleton=true]
[Test worker] TRACE org.codehaus.griffon.runtime.core.DefaultApplicationBootstrapper - TargetBinding[source=griffon.core.artifact.ArtifactManager, target=org.codehaus.griffon.runtime.core.artifact.DefaultArtifactManager, singleton=true]
[Test worker] TRACE org.codehaus.griffon.runtime.core.DefaultApplicationBootstrapper - TargetBinding[source=griffon.core.artifact.ArtifactHandler, classifier=@griffon.inject.Typed(value=interface griffon.core.artifact.GriffonModel), target=org.codehaus.griffon.runtime.core.artifact.ModelArtifactHandler, singleton=true]
[Test worker] TRACE org.codehaus.griffon.runtime.core.DefaultApplicationBootstrapper - TargetBinding[source=griffon.core.artifact.ArtifactHandler, classifier=@griffon.inject.Typed(value=interface griffon.core.artifact.GriffonView), target=org.codehaus.griffon.runtime.core.artifact.ViewArtifactHandler, singleton=true]
[Test worker] TRACE org.codehaus.griffon.runtime.core.DefaultApplicationBootstrapper - TargetBinding[source=griffon.core.artifact.ArtifactHandler, classifier=@griffon.inject.Typed(value=interface griffon.core.artifact.GriffonController), target=org.codehaus.griffon.runtime.core.artifact.ControllerArtifactHandler, singleton=true]
[Test worker] TRACE org.codehaus.griffon.runtime.core.DefaultApplicationBootstrapper - TargetBinding[source=griffon.core.artifact.ArtifactHandler, classifier=@griffon.inject.Typed(value=interface griffon.core.artifact.GriffonService), target=org.codehaus.griffon.runtime.core.artifact.ServiceArtifactHandler, singleton=true]
[Test worker] TRACE org.codehaus.griffon.runtime.core.DefaultApplicationBootstrapper - ProviderTypeBinding[source=griffon.core.PlatformHandler, providerType=class org.codehaus.griffon.runtime.core.PlatformHandlerProvider, singleton=true]
[Test worker] TRACE org.codehaus.griffon.runtime.core.DefaultApplicationBootstrapper - TargetBinding[source=griffon.core.addon.AddonManager, target=org.codehaus.griffon.runtime.core.addon.DefaultAddonManager, singleton=true]
[Test worker] TRACE org.codehaus.griffon.runtime.core.DefaultApplicationBootstrapper - TargetBinding[source=griffon.core.event.EventHandler, target=org.codehaus.griffon.runtime.core.event.DefaultEventHandler, singleton=true]
[Test worker] TRACE org.codehaus.griffon.runtime.core.DefaultApplicationBootstrapper - TargetBinding[source=griffon.core.GriffonExceptionHandler, target=griffon.core.GriffonExceptionHandler, singleton=true]
[Test worker] TRACE org.codehaus.griffon.runtime.core.DefaultApplicationBootstrapper - ProviderTypeBinding[source=org.apache.shiro.mgt.SecurityManager, providerType=class org.codehaus.griffon.runtime.shiro.SecurityManagerProvider, singleton=true]
[Test worker] TRACE org.codehaus.griffon.runtime.core.DefaultApplicationBootstrapper - ProviderTypeBinding[source=org.apache.shiro.subject.Subject, providerType=class org.codehaus.griffon.runtime.shiro.SubjectProvider, singleton=true]
[Test worker] TRACE org.codehaus.griffon.runtime.core.DefaultApplicationBootstrapper - TargetBinding[source=griffon.plugins.shiro.SecurityFailureHandler, target=org.codehaus.griffon.runtime.shiro.DefaultSecurityFailureHandler, singleton=true]
[Test worker] TRACE org.codehaus.griffon.runtime.core.DefaultApplicationBootstrapper - TargetBinding[source=griffon.core.controller.ActionInterceptor, target=org.codehaus.griffon.runtime.shiro.ShiroActionInterceptor, singleton=true]
[Test worker] DEBUG org.codehaus.griffon.runtime.core.DefaultApplicationBootstrapper - Creating application injector
[Test worker] DEBUG org.codehaus.griffon.runtime.core.DefaultApplicationBootstrapper - Injector will be created by org.codehaus.griffon.runtime.injection.GuiceInjectorFactory@2ae099cb
[Test worker] DEBUG org.codehaus.griffon.runtime.core.event.AbstractEventRouter - Adding listener org.codehaus.griffon.runtime.core.MVCGroupExceptionHandler on UncaughtMVCGroupConfigurationException
[Test worker] DEBUG org.codehaus.griffon.runtime.core.event.AbstractEventRouter - Adding listener org.codehaus.griffon.runtime.core.MVCGroupExceptionHandler on UncaughtMVCGroupInstantiationException
[Test worker] DEBUG org.codehaus.griffon.runtime.core.event.AbstractEventRouter - Triggering event 'BootstrapStart' synchronously
[Test worker] DEBUG griffon.util.ServiceLoaderUtils - Reading java.beans.PropertyEditor definitions from jar:file:/home/travis/build/griffon/griffon/subprojects/griffon-core/build/libs/griffon-core-2.0.0.BETA.jar!/META-INF/editors/java.beans.PropertyEditor
[Test worker] DEBUG org.codehaus.griffon.runtime.core.DefaultApplicationConfigurer - Registering griffon.core.editors.StringPropertyEditor as editor for java.lang.String
[Test worker] DEBUG org.codehaus.griffon.runtime.core.DefaultApplicationConfigurer - Registering griffon.core.editors.FilePropertyEditor as editor for java.io.File
[Test worker] DEBUG org.codehaus.griffon.runtime.core.DefaultApplicationConfigurer - Registering griffon.core.editors.URLPropertyEditor as editor for java.net.URL
[Test worker] DEBUG org.codehaus.griffon.runtime.core.DefaultApplicationConfigurer - Registering griffon.core.editors.URIPropertyEditor as editor for java.net.URI
[Test worker] DEBUG org.codehaus.griffon.runtime.core.DefaultApplicationConfigurer - Registering griffon.core.editors.BigDecimalPropertyEditor as editor for java.math.BigDecimal
[Test worker] DEBUG org.codehaus.griffon.runtime.core.DefaultApplicationConfigurer - Registering griffon.core.editors.BigIntegerPropertyEditor as editor for java.math.BigInteger
[Test worker] DEBUG org.codehaus.griffon.runtime.core.DefaultApplicationConfigurer - Registering griffon.core.editors.BooleanPropertyEditor as editor for java.lang.Boolean
[Test worker] DEBUG org.codehaus.griffon.runtime.core.DefaultApplicationConfigurer - Registering griffon.core.editors.BytePropertyEditor as editor for java.lang.Byte
[Test worker] DEBUG org.codehaus.griffon.runtime.core.DefaultApplicationConfigurer - Registering griffon.core.editors.ShortPropertyEditor as editor for java.lang.Short
[Test worker] DEBUG org.codehaus.griffon.runtime.core.DefaultApplicationConfigurer - Registering griffon.core.editors.IntegerPropertyEditor as editor for java.lang.Integer
[Test worker] DEBUG org.codehaus.griffon.runtime.core.DefaultApplicationConfigurer - Registering griffon.core.editors.LongPropertyEditor as editor for java.lang.Long
[Test worker] DEBUG org.codehaus.griffon.runtime.core.DefaultApplicationConfigurer - Registering griffon.core.editors.FloatPropertyEditor as editor for java.lang.Float
[Test worker] DEBUG org.codehaus.griffon.runtime.core.DefaultApplicationConfigurer - Registering griffon.core.editors.DoublePropertyEditor as editor for java.lang.Double
[Test worker] DEBUG org.codehaus.griffon.runtime.core.DefaultApplicationConfigurer - Registering griffon.core.editors.CalendarPropertyEditor as editor for java.util.Calendar
[Test worker] DEBUG org.codehaus.griffon.runtime.core.DefaultApplicationConfigurer - Registering griffon.core.editors.DatePropertyEditor as editor for java.util.Date
[Test worker] DEBUG org.codehaus.griffon.runtime.core.DefaultApplicationConfigurer - Registering griffon.core.editors.BooleanPropertyEditor as editor for boolean
[Test worker] DEBUG org.codehaus.griffon.runtime.core.DefaultApplicationConfigurer - Registering griffon.core.editors.BytePropertyEditor as editor for byte
[Test worker] DEBUG org.codehaus.griffon.runtime.core.DefaultApplicationConfigurer - Registering griffon.core.editors.ShortPropertyEditor as editor for short
[Test worker] DEBUG org.codehaus.griffon.runtime.core.DefaultApplicationConfigurer - Registering griffon.core.editors.IntegerPropertyEditor as editor for int
[Test worker] DEBUG org.codehaus.griffon.runtime.core.DefaultApplicationConfigurer - Registering griffon.core.editors.LongPropertyEditor as editor for long
[Test worker] DEBUG org.codehaus.griffon.runtime.core.DefaultApplicationConfigurer - Registering griffon.core.editors.FloatPropertyEditor as editor for float
[Test worker] DEBUG org.codehaus.griffon.runtime.core.DefaultApplicationConfigurer - Registering griffon.core.editors.DoublePropertyEditor as editor for double
[Test worker] DEBUG org.codehaus.griffon.runtime.core.event.AbstractEventRouter - Adding listener org.codehaus.griffon.runtime.core.DefaultApplicationConfigurer$2 on NewInstance
[Test worker] TRACE griffon.util.CompositeResourceBundle - Searching key=application.lifecycle.handler.disable
[Test worker] TRACE griffon.util.CompositeResourceBundle - Searching key=application
[Test worker] TRACE griffon.util.CompositeResourceBundle - Searching key=platform.handler.linux64
[Test worker] TRACE griffon.util.CompositeResourceBundle - Searching key=platform
[Test worker] DEBUG org.codehaus.griffon.runtime.core.PlatformHandlerProvider - Using org.codehaus.griffon.runtime.core.DefaultPlatformHandler as PlatformHandler
[Test worker] DEBUG org.codehaus.griffon.runtime.core.addon.AbstractAddonManager - Loading addons [START]
[Test worker] DEBUG griffon.util.AnnotationUtils - computed addon order is []
[Test worker] DEBUG org.codehaus.griffon.runtime.core.event.AbstractEventRouter - Triggering event 'LoadAddonsStart' synchronously
[Test worker] DEBUG org.codehaus.griffon.runtime.core.addon.AbstractAddonManager - Loading addons [END]
[Test worker] DEBUG org.codehaus.griffon.runtime.core.event.AbstractEventRouter - Triggering event 'LoadAddonsEnd' synchronously
[Test worker] TRACE griffon.util.CompositeResourceBundle - Searching key=mvcGroups
[Test worker] TRACE griffon.util.CompositeResourceBundle - Searching key=mvcGroups
[Test worker] DEBUG org.codehaus.griffon.runtime.core.event.AbstractEventRouter - Adding listener org.codehaus.griffon.runtime.core.DefaultApplicationConfigurer$3 on NewInstance
[Test worker] TRACE griffon.util.CompositeResourceBundle - Searching key=shiro.realm.resource.path
[Test worker] TRACE griffon.util.CompositeResourceBundle - Searching key=shiro
[Test worker] DEBUG org.apache.shiro.realm.text.PropertiesRealm - Loading user security information from file [classpath:shiro-users.properties]...
[Test worker] DEBUG org.apache.shiro.realm.text.PropertiesRealm - Opening input stream for path [classpath:shiro-users.properties]...
[Test worker] DEBUG org.apache.shiro.io.ResourceUtils - Opening resource from class path [shiro-users.properties]
[Test worker] DEBUG org.apache.shiro.realm.text.PropertiesRealm - Loading properties from path [classpath:shiro-users.properties]...
[Test worker] TRACE org.apache.shiro.realm.text.PropertiesRealm - Processing properties line - key: [user.joe], value: [joe,employee].
[Test worker] TRACE org.apache.shiro.realm.text.PropertiesRealm - Processing properties line - key: [user.bob], value: [bob,manager,employee].
[Test worker] TRACE org.apache.shiro.realm.text.PropertiesRealm - Processing properties line - key: [role.administrator], value: [*].
[Test worker] TRACE org.apache.shiro.realm.text.PropertiesRealm - Processing properties line - key: [role.manager], value: [user:write].
[Test worker] TRACE org.apache.shiro.realm.text.PropertiesRealm - Processing properties line - key: [user.root], value: [root,administrator,manager].
[Test worker] TRACE org.apache.shiro.realm.text.PropertiesRealm - Processing properties line - key: [role.employee], value: [user:read].
[Test worker] TRACE org.apache.shiro.util.ThreadContext - get() - in thread [Test worker]
[Test worker] TRACE org.apache.shiro.util.ThreadContext - Retrieved value of type [org.apache.shiro.subject.support.DelegatingSubject] for key [org.apache.shiro.util.ThreadContext_SUBJECT_KEY] bound to thread [Test worker]
[Test worker] TRACE griffon.util.CompositeResourceBundle - Searching key=griffon.controller.action.interceptor.order
[Test worker] TRACE griffon.util.CompositeResourceBundle - Searching key=griffon
[Test worker] DEBUG griffon.util.AnnotationUtils - Current interceptor order is [shiro]
[Test worker] TRACE griffon.util.AnnotationUtils - Processing interceptor 'shiro'
[Test worker] TRACE griffon.util.AnnotationUtils -   depends on '[]'
[Test worker] TRACE griffon.util.AnnotationUtils -   adding interceptor 'shiro', since all dependencies have been added
[Test worker] TRACE griffon.util.AnnotationUtils - interceptor dependency ordering complete
[Test worker] DEBUG griffon.util.AnnotationUtils - computed interceptor order is [shiro]
[Test worker] DEBUG org.codehaus.griffon.runtime.core.artifact.AbstractArtifactManager - Registering artifact handler for type 'model': org.codehaus.griffon.runtime.core.artifact.ModelArtifactHandler@3fec7107
[Test worker] DEBUG org.codehaus.griffon.runtime.core.artifact.AbstractArtifactManager - Registering artifact handler for type 'view': org.codehaus.griffon.runtime.core.artifact.ViewArtifactHandler@3bf0a35a
[Test worker] DEBUG org.codehaus.griffon.runtime.core.artifact.AbstractArtifactManager - Registering artifact handler for type 'controller': org.codehaus.griffon.runtime.core.artifact.ControllerArtifactHandler@33748874
[Test worker] DEBUG org.codehaus.griffon.runtime.core.artifact.AbstractArtifactManager - Registering artifact handler for type 'service': org.codehaus.griffon.runtime.core.artifact.ServiceArtifactHandler@27aa9210
[Test worker] DEBUG griffon.util.ServiceLoaderUtils - Reading griffon.core.artifact.GriffonController definitions from file:/home/travis/build/griffon/griffon/plugins/griffon-shiro-plugin/build/classes/test/META-INF/griffon/griffon.core.artifact.GriffonController
[Test worker] DEBUG griffon.util.ServiceLoaderUtils - Reading griffon.core.artifact.GriffonModel definitions from file:/home/travis/build/griffon/griffon/plugins/griffon-shiro-plugin/build/classes/test/META-INF/griffon/griffon.core.artifact.GriffonModel
[Test worker] DEBUG org.codehaus.griffon.runtime.core.artifact.DefaultArtifactManager - Artifacts of type 'controller' = 1
[Test worker] DEBUG org.codehaus.griffon.runtime.core.artifact.DefaultArtifactManager - Artifacts of type 'model' = 1
[Test worker] TRACE org.codehaus.griffon.runtime.core.artifact.AbstractArtifactManager - InstanceBinding[source=griffon.core.artifact.GriffonClass, classifier=@griffon.inject.Typed(value=class com.acme.ShiroController), instance=Artifact[controller] > Shiro, singleton=true]
[Test worker] TRACE org.codehaus.griffon.runtime.core.artifact.AbstractArtifactManager - TargetBinding[source=com.acme.ShiroController, target=com.acme.ShiroController, singleton=false]
[Test worker] TRACE org.codehaus.griffon.runtime.core.artifact.AbstractArtifactManager - InstanceBinding[source=griffon.core.artifact.GriffonClass, classifier=@griffon.inject.Typed(value=class com.acme.ShiroModel), instance=Artifact[model] > Shiro, singleton=true]
[Test worker] TRACE org.codehaus.griffon.runtime.core.artifact.AbstractArtifactManager - TargetBinding[source=com.acme.ShiroModel, target=com.acme.ShiroModel, singleton=false]
[Test worker] DEBUG org.codehaus.griffon.runtime.core.event.AbstractEventRouter - Triggering event 'BootstrapEnd' synchronously
[Test worker] DEBUG org.codehaus.griffon.runtime.core.artifact.AbstractArtifactManager - Searching for griffonClass of com.acme.ShiroController
[Test worker] DEBUG org.codehaus.griffon.runtime.core.event.AbstractEventRouter - Triggering event 'NewInstance' synchronously
[Test worker] DEBUG org.codehaus.griffon.runtime.core.artifact.AbstractArtifactManager - Searching for griffonClass of com.acme.ShiroController
[Test worker] TRACE griffon.util.CompositeResourceBundle - Searching key=com.acme.ShiroController.action.Authenticated.name
[Test worker] TRACE griffon.util.CompositeResourceBundle - Searching key=application.action.Authenticated.name
[Test worker] TRACE org.codehaus.griffon.runtime.core.controller.AbstractActionManager - com.acme.ShiroController.action.Authenticated.name = Authenticated
[Test worker] DEBUG org.codehaus.griffon.runtime.core.controller.AbstractActionManager - Configuring action com.acme.ShiroController.authenticated with org.codehaus.griffon.runtime.shiro.ShiroActionInterceptor@511dd546
[Test worker] TRACE org.codehaus.griffon.runtime.core.controller.AbstractActionManager - Action for com.acme.ShiroController.authenticated stored as authenticated
[Test worker] TRACE griffon.util.CompositeResourceBundle - Searching key=com.acme.ShiroController.action.Guest.name
[Test worker] TRACE griffon.util.CompositeResourceBundle - Searching key=application.action.Guest.name
[Test worker] TRACE org.codehaus.griffon.runtime.core.controller.AbstractActionManager - com.acme.ShiroController.action.Guest.name = Guest
[Test worker] DEBUG org.codehaus.griffon.runtime.core.controller.AbstractActionManager - Configuring action com.acme.ShiroController.guest with org.codehaus.griffon.runtime.shiro.ShiroActionInterceptor@511dd546
[Test worker] TRACE org.codehaus.griffon.runtime.core.controller.AbstractActionManager - Action for com.acme.ShiroController.guest stored as guest
[Test worker] TRACE griffon.util.CompositeResourceBundle - Searching key=com.acme.ShiroController.action.Permissions.name
[Test worker] TRACE griffon.util.CompositeResourceBundle - Searching key=application.action.Permissions.name
[Test worker] TRACE org.codehaus.griffon.runtime.core.controller.AbstractActionManager - com.acme.ShiroController.action.Permissions.name = Permissions
[Test worker] DEBUG org.codehaus.griffon.runtime.core.controller.AbstractActionManager - Configuring action com.acme.ShiroController.permissions with org.codehaus.griffon.runtime.shiro.ShiroActionInterceptor@511dd546
[Test worker] TRACE org.codehaus.griffon.runtime.core.controller.AbstractActionManager - Action for com.acme.ShiroController.permissions stored as permissions
[Test worker] TRACE griffon.util.CompositeResourceBundle - Searching key=com.acme.ShiroController.action.Roles.name
[Test worker] TRACE griffon.util.CompositeResourceBundle - Searching key=application.action.Roles.name
[Test worker] TRACE org.codehaus.griffon.runtime.core.controller.AbstractActionManager - com.acme.ShiroController.action.Roles.name = Roles
[Test worker] DEBUG org.codehaus.griffon.runtime.core.controller.AbstractActionManager - Configuring action com.acme.ShiroController.roles with org.codehaus.griffon.runtime.shiro.ShiroActionInterceptor@511dd546
[Test worker] TRACE org.codehaus.griffon.runtime.core.controller.AbstractActionManager - Action for com.acme.ShiroController.roles stored as roles
[Test worker] TRACE griffon.util.CompositeResourceBundle - Searching key=com.acme.ShiroController.action.User.name
[Test worker] TRACE griffon.util.CompositeResourceBundle - Searching key=application.action.User.name
[Test worker] TRACE org.codehaus.griffon.runtime.core.controller.AbstractActionManager - com.acme.ShiroController.action.User.name = User
[Test worker] DEBUG org.codehaus.griffon.runtime.core.controller.AbstractActionManager - Configuring action com.acme.ShiroController.user with org.codehaus.griffon.runtime.shiro.ShiroActionInterceptor@511dd546
[Test worker] TRACE org.codehaus.griffon.runtime.core.controller.AbstractActionManager - Action for com.acme.ShiroController.user stored as user
[Test worker] DEBUG org.codehaus.griffon.runtime.core.artifact.AbstractArtifactManager - Searching for griffonClass of com.acme.ShiroModel
[Test worker] DEBUG org.codehaus.griffon.runtime.core.event.AbstractEventRouter - Triggering event 'NewInstance' synchronously
[Test worker] TRACE org.apache.shiro.subject.support.DelegatingSubject - attempting to get session; create = false; session is null = true; session has id = false
[Test worker] TRACE org.apache.shiro.authc.AbstractAuthenticator - Authentication attempt received for token [org.apache.shiro.authc.UsernamePasswordToken - bob, rememberMe=false]
[Test worker] DEBUG org.apache.shiro.realm.AuthenticatingRealm - Looked up AuthenticationInfo [bob] from doGetAuthenticationInfo
[Test worker] DEBUG org.apache.shiro.realm.AuthenticatingRealm - AuthenticationInfo caching is disabled for info [bob].  Submitted token: [org.apache.shiro.authc.UsernamePasswordToken - bob, rememberMe=false].
[Test worker] DEBUG org.apache.shiro.authc.credential.SimpleCredentialsMatcher - Performing credentials equality check for tokenCredentials of type [[C and accountCredentials of type [java.lang.String]
[Test worker] DEBUG org.apache.shiro.authc.credential.SimpleCredentialsMatcher - Both credentials arguments can be easily converted to byte arrays.  Performing array equals comparison
[Test worker] DEBUG org.apache.shiro.authc.AbstractAuthenticator - Authentication successful for token [org.apache.shiro.authc.UsernamePasswordToken - bob, rememberMe=false].  Returned account [bob]
[Test worker] DEBUG org.apache.shiro.subject.support.DefaultSubjectContext - No SecurityManager available in subject context map.  Falling back to SecurityUtils.getSecurityManager() lookup.
[Test worker] TRACE org.apache.shiro.util.ThreadContext - get() - in thread [Test worker]
[Test worker] TRACE org.apache.shiro.mgt.DefaultSecurityManager - Context already contains a SecurityManager instance.  Returning.
[Test worker] TRACE org.apache.shiro.subject.support.DelegatingSubject - attempting to get session; create = false; session is null = true; session has id = false
[Test worker] DEBUG org.apache.shiro.subject.support.DefaultSubjectContext - No SecurityManager available in subject context map.  Falling back to SecurityUtils.getSecurityManager() lookup.
[Test worker] TRACE org.apache.shiro.util.ThreadContext - get() - in thread [Test worker]
[Test worker] TRACE org.apache.shiro.subject.support.DelegatingSubject - attempting to get session; create = false; session is null = true; session has id = false
[Test worker] TRACE org.apache.shiro.subject.support.DelegatingSubject - attempting to get session; create = false; session is null = true; session has id = false
[Test worker] TRACE org.apache.shiro.subject.support.DelegatingSubject - attempting to get session; create = false; session is null = true; session has id = false
[Test worker] TRACE org.apache.shiro.subject.support.DelegatingSubject - attempting to get session; create = false; session is null = true; session has id = false
[Test worker] TRACE org.apache.shiro.subject.support.DelegatingSubject - attempting to get session; create = false; session is null = true; session has id = false
[Test worker] TRACE org.apache.shiro.subject.support.DelegatingSubject - attempting to get session; create = false; session is null = true; session has id = false
[Test worker] TRACE org.apache.shiro.subject.support.DelegatingSubject - attempting to get session; create = true; session is null = true; session has id = false
[Test worker] TRACE org.apache.shiro.subject.support.DelegatingSubject - Starting session for host null
[Test worker] DEBUG org.apache.shiro.session.mgt.AbstractValidatingSessionManager - No sessionValidationScheduler set.  Attempting to create default instance.
[Test worker] TRACE org.apache.shiro.session.mgt.AbstractValidatingSessionManager - Created default SessionValidationScheduler instance of type [org.apache.shiro.session.mgt.ExecutorServiceSessionValidationScheduler].
[Test worker] INFO org.apache.shiro.session.mgt.AbstractValidatingSessionManager - Enabling session validation scheduler...
[Test worker] TRACE org.apache.shiro.session.mgt.DefaultSessionManager - Creating session for host null
[Test worker] DEBUG org.apache.shiro.session.mgt.DefaultSessionManager - Creating new EIS record for new session instance [org.apache.shiro.session.mgt.SimpleSession,id=null]
[Test worker] TRACE org.apache.shiro.session.mgt.AbstractValidatingSessionManager - Attempting to retrieve session with key org.apache.shiro.session.mgt.DefaultSessionKey@1a38b290
[Test worker] TRACE org.apache.shiro.subject.support.DelegatingSubject - attempting to get session; create = false; session is null = false; session has id = true
[Test worker] TRACE org.apache.shiro.session.mgt.AbstractValidatingSessionManager - Attempting to retrieve session with key org.apache.shiro.session.mgt.DefaultSessionKey@1a38b290
[Test worker] TRACE org.apache.shiro.session.mgt.AbstractValidatingSessionManager - Attempting to retrieve session with key org.apache.shiro.session.mgt.DefaultSessionKey@1a38b290
[Test worker] TRACE org.apache.shiro.mgt.DefaultSecurityManager - This org.apache.shiro.mgt.DefaultSecurityManager instance does not have a [org.apache.shiro.mgt.RememberMeManager] instance configured.  RememberMe services will not be performed for account [bob].
[Test worker] TRACE org.apache.shiro.subject.support.DelegatingSubject - attempting to get session; create = false; session is null = false; session has id = true
[Test worker] TRACE griffon.util.CompositeResourceBundle - Searching key=griffon.disable.threading.injection
[Test worker] TRACE griffon.util.CompositeResourceBundle - Searching key=griffon
[Test worker] DEBUG org.codehaus.griffon.runtime.core.controller.AbstractActionManager - Executing com.acme.ShiroController.authenticated with policy OUTSIDE_UITHREAD
[Test worker] DEBUG org.codehaus.griffon.runtime.core.controller.AbstractActionManager - Executing 1 interceptor for com.acme.ShiroController.authenticated
[Test worker] TRACE org.codehaus.griffon.runtime.core.controller.AbstractActionManager - Calling org.codehaus.griffon.runtime.shiro.ShiroActionInterceptor@511dd546.before() on com.acme.ShiroController.authenticated
[Test worker] DEBUG org.codehaus.griffon.runtime.shiro.ShiroActionInterceptor - Evaluating security requirement RequirementConfiguration{requirement=AUTHENTICATION, values=[], logical=AND}
[Test worker] TRACE org.codehaus.griffon.runtime.core.controller.AbstractActionManager - Status before execution of com.acme.ShiroController.authenticated is OK
[Test worker] TRACE org.codehaus.griffon.runtime.core.controller.AbstractActionManager - Status after execution of com.acme.ShiroController.authenticated is OK
[Test worker] TRACE org.codehaus.griffon.runtime.core.controller.AbstractActionManager - Calling org.codehaus.griffon.runtime.shiro.ShiroActionInterceptor@511dd546.after() on com.acme.ShiroController.authenticated
[Test worker] TRACE org.apache.shiro.subject.support.DelegatingSubject - attempting to get session; create = false; session is null = false; session has id = true
[Test worker] TRACE org.apache.shiro.session.mgt.AbstractValidatingSessionManager - Attempting to retrieve session with key org.apache.shiro.session.mgt.DefaultSessionKey@1a38b290
[Test worker] TRACE org.apache.shiro.subject.support.DelegatingSubject - attempting to get session; create = false; session is null = false; session has id = true
[Test worker] TRACE org.apache.shiro.session.mgt.AbstractValidatingSessionManager - Attempting to retrieve session with key org.apache.shiro.session.mgt.DefaultSessionKey@1a38b290
[Test worker] DEBUG org.apache.shiro.mgt.DefaultSecurityManager - Logging out subject with primary principal bob
[Test worker] TRACE org.apache.shiro.realm.CachingRealm - Cleared cache entries for account with principals [bob]
[Test worker] TRACE org.apache.shiro.subject.support.DelegatingSubject - attempting to get session; create = false; session is null = false; session has id = true
[Test worker] TRACE org.apache.shiro.session.mgt.AbstractValidatingSessionManager - Attempting to retrieve session with key org.apache.shiro.session.mgt.DefaultSessionKey@1a38b290
[Test worker] TRACE org.apache.shiro.session.mgt.AbstractValidatingSessionManager - Attempting to retrieve session with key org.apache.shiro.session.mgt.DefaultSessionKey@1a38b290
[Test worker] TRACE org.apache.shiro.subject.support.DelegatingSubject - attempting to get session; create = false; session is null = false; session has id = true
[Test worker] TRACE org.apache.shiro.session.mgt.AbstractValidatingSessionManager - Attempting to retrieve session with key org.apache.shiro.session.mgt.DefaultSessionKey@1a38b290
[Test worker] DEBUG org.apache.shiro.session.mgt.AbstractSessionManager - Stopping session with id [ec2c7eb3-a25c-489f-b73f-3c4f6210acda]
[Test worker] DEBUG org.codehaus.griffon.runtime.core.event.AbstractEventRouter - Triggering event 'ShutdownRequested' synchronously
[Test worker] INFO org.codehaus.griffon.runtime.core.DefaultGriffonApplication - Shutdown is in process
[Test worker] DEBUG org.codehaus.griffon.runtime.core.DefaultGriffonApplication - Shutdown stage 1: notify all event listeners
[Test worker] DEBUG org.codehaus.griffon.runtime.core.event.AbstractEventRouter - Adding listener org.codehaus.griffon.runtime.core.AbstractGriffonApplication$1 on ShutdownStart
[Test worker] DEBUG org.codehaus.griffon.runtime.core.event.AbstractEventRouter - Triggering event 'ShutdownStart' synchronously
[Test worker] DEBUG org.codehaus.griffon.runtime.core.DefaultGriffonApplication - Shutdown stage 2: notify all shutdown handlers
[Test worker] DEBUG org.codehaus.griffon.runtime.core.DefaultGriffonApplication - Shutdown stage 3: destroy all MVC groups
[Test worker] DEBUG org.codehaus.griffon.runtime.core.DefaultGriffonApplication - Shutdown stage 4: execute Shutdown script
[Test worker] TRACE griffon.util.CompositeResourceBundle - Searching key=application.lifecycle.handler.disable
[Test worker] TRACE griffon.util.CompositeResourceBundle - Searching key=application
[Test worker] INFO org.codehaus.griffon.runtime.core.DefaultApplicationBootstrapper - Griffon 2.0.0.BETA
[Test worker] INFO org.codehaus.griffon.runtime.core.DefaultApplicationBootstrapper - Build: 2014-06-20T11:04:31.572+0000
[Test worker] INFO org.codehaus.griffon.runtime.core.DefaultApplicationBootstrapper - JVM: 1.7.0_51 (Oracle Corporation 24.51-b03)
[Test worker] INFO org.codehaus.griffon.runtime.core.DefaultApplicationBootstrapper - OS: Linux 2.6.32-042stab079.5 amd64
[Test worker] DEBUG org.codehaus.griffon.runtime.core.DefaultApplicationBootstrapper - Creating module bindings
[Test worker] DEBUG griffon.util.AnnotationUtils - Current module order is [core, shiro, testApplicationBootstrapper$InnerClasses, testApplicationBootstrapper$Fields]
[Test worker] TRACE griffon.util.AnnotationUtils - Processing module 'core'
[Test worker] TRACE griffon.util.AnnotationUtils -   depends on '[]'
[Test worker] TRACE griffon.util.AnnotationUtils -   adding module 'core', since all dependencies have been added
[Test worker] TRACE griffon.util.AnnotationUtils - Processing module 'shiro'
[Test worker] TRACE griffon.util.AnnotationUtils -   depends on '[]'
[Test worker] TRACE griffon.util.AnnotationUtils -   adding module 'shiro', since all dependencies have been added
[Test worker] TRACE griffon.util.AnnotationUtils - Processing module 'testApplicationBootstrapper$InnerClasses'
[Test worker] TRACE griffon.util.AnnotationUtils -   depends on '[]'
[Test worker] TRACE griffon.util.AnnotationUtils -   adding module 'testApplicationBootstrapper$InnerClasses', since all dependencies have been added
[Test worker] TRACE griffon.util.AnnotationUtils - Processing module 'testApplicationBootstrapper$Fields'
[Test worker] TRACE griffon.util.AnnotationUtils -   depends on '[]'
[Test worker] TRACE griffon.util.AnnotationUtils -   adding module 'testApplicationBootstrapper$Fields', since all dependencies have been added
[Test worker] TRACE griffon.util.AnnotationUtils - module dependency ordering complete
[Test worker] DEBUG griffon.util.AnnotationUtils - computed module order is [core, shiro, testApplicationBootstrapper$InnerClasses, testApplicationBootstrapper$Fields]
[Test worker] DEBUG org.codehaus.griffon.runtime.core.DefaultApplicationBootstrapper - Loading module bindings from core:org.codehaus.griffon.runtime.core.DefaultApplicationModule@6182d333
[Test worker] DEBUG org.codehaus.griffon.runtime.core.DefaultApplicationBootstrapper - Loading module bindings from shiro:org.codehaus.griffon.runtime.shiro.ShiroModule@53f7eb48
[Test worker] DEBUG org.codehaus.griffon.runtime.core.DefaultApplicationBootstrapper - Loading module bindings from testApplicationBootstrapper$InnerClasses:org.codehaus.griffon.runtime.core.TestApplicationBootstrapper$InnerClassesModule@3977ef09
[Test worker] DEBUG org.codehaus.griffon.runtime.core.DefaultApplicationBootstrapper - Loading module bindings from testApplicationBootstrapper$Fields:org.codehaus.griffon.runtime.core.TestApplicationBootstrapper$FieldsModule@70ee5558
[Test worker] TRACE org.codehaus.griffon.runtime.core.DefaultApplicationBootstrapper - InstanceBinding[source=griffon.core.GriffonApplication, instance=org.codehaus.griffon.runtime.core.DefaultGriffonApplication@361f14fa, singleton=true]
[Test worker] TRACE org.codehaus.griffon.runtime.core.DefaultApplicationBootstrapper - TargetBinding[source=griffon.core.ApplicationClassLoader, target=org.codehaus.griffon.runtime.core.DefaultApplicationClassLoader, singleton=true]
[Test worker] TRACE org.codehaus.griffon.runtime.core.DefaultApplicationBootstrapper - TargetBinding[source=griffon.core.ApplicationConfigurer, target=org.codehaus.griffon.runtime.core.DefaultApplicationConfigurer, singleton=true]
[Test worker] TRACE org.codehaus.griffon.runtime.core.DefaultApplicationBootstrapper - TargetBinding[source=griffon.core.resources.ResourceHandler, target=org.codehaus.griffon.runtime.core.resources.DefaultResourceHandler, singleton=true]
[Test worker] TRACE org.codehaus.griffon.runtime.core.DefaultApplicationBootstrapper - TargetBinding[source=griffon.util.CompositeResourceBundleBuilder, target=org.codehaus.griffon.runtime.util.DefaultCompositeResourceBundleBuilder, singleton=true]
[Test worker] TRACE org.codehaus.griffon.runtime.core.DefaultApplicationBootstrapper - ProviderBinding[source=java.util.ResourceBundle, classifier=@javax.inject.Named(value=applicationResourceBundle), provider=org.codehaus.griffon.runtime.util.ResourceBundleProvider@329a44d8, singleton=true]
[Test worker] TRACE org.codehaus.griffon.runtime.core.DefaultApplicationBootstrapper - TargetBinding[source=griffon.core.Configuration, target=org.codehaus.griffon.runtime.core.DefaultConfiguration, singleton=true]
[Test worker] TRACE org.codehaus.griffon.runtime.core.DefaultApplicationBootstrapper - TargetBinding[source=griffon.core.ExecutorServiceManager, target=org.codehaus.griffon.runtime.core.DefaultExecutorServiceManager, singleton=true]
[Test worker] TRACE org.codehaus.griffon.runtime.core.DefaultApplicationBootstrapper - TargetBinding[source=griffon.core.event.EventRouter, classifier=@javax.inject.Named(value=applicationEventRouter), target=org.codehaus.griffon.runtime.core.event.DefaultEventRouter, singleton=true]
[Test worker] TRACE org.codehaus.griffon.runtime.core.DefaultApplicationBootstrapper - TargetBinding[source=griffon.core.event.EventRouter, target=org.codehaus.griffon.runtime.core.event.DefaultEventRouter, singleton=false]
[Test worker] TRACE org.codehaus.griffon.runtime.core.DefaultApplicationBootstrapper - ProviderBinding[source=griffon.core.resources.ResourceResolver, classifier=@javax.inject.Named(value=applicationResourceResolver), provider=org.codehaus.griffon.runtime.core.resources.ResourceResolverProvider@2e1ddadc, singleton=true]
[Test worker] TRACE org.codehaus.griffon.runtime.core.DefaultApplicationBootstrapper - ProviderBinding[source=griffon.core.i18n.MessageSource, classifier=@javax.inject.Named(value=applicationMessageSource), provider=org.codehaus.griffon.runtime.core.i18n.MessageSourceProvider@2a0bb92b, singleton=true]
[Test worker] TRACE org.codehaus.griffon.runtime.core.DefaultApplicationBootstrapper - TargetBinding[source=griffon.core.resources.ResourceInjector, classifier=@javax.inject.Named(value=applicationResourceInjector), target=org.codehaus.griffon.runtime.core.resources.DefaultApplicationResourceInjector, singleton=true]
[Test worker] TRACE org.codehaus.griffon.runtime.core.DefaultApplicationBootstrapper - TargetBinding[source=griffon.core.threading.UIThreadManager, target=org.codehaus.griffon.runtime.core.threading.DefaultUIThreadManager, singleton=true]
[Test worker] TRACE org.codehaus.griffon.runtime.core.DefaultApplicationBootstrapper - TargetBinding[source=griffon.core.mvc.MVCGroupManager, target=org.codehaus.griffon.runtime.core.mvc.DefaultMVCGroupManager, singleton=true]
[Test worker] TRACE org.codehaus.griffon.runtime.core.DefaultApplicationBootstrapper - ProviderBinding[source=griffon.core.LifecycleHandler, classifier=@javax.inject.Named(value=Initialize), provider=org.codehaus.griffon.runtime.core.LifecycleHandlerProvider@67a9cb9d, singleton=true]
[Test worker] TRACE org.codehaus.griffon.runtime.core.DefaultApplicationBootstrapper - ProviderBinding[source=griffon.core.LifecycleHandler, classifier=@javax.inject.Named(value=Startup), provider=org.codehaus.griffon.runtime.core.LifecycleHandlerProvider@3c76e596, singleton=true]
[Test worker] TRACE org.codehaus.griffon.runtime.core.DefaultApplicationBootstrapper - ProviderBinding[source=griffon.core.LifecycleHandler, classifier=@javax.inject.Named(value=Ready), provider=org.codehaus.griffon.runtime.core.LifecycleHandlerProvider@21daf9dd, singleton=true]
[Test worker] TRACE org.codehaus.griffon.runtime.core.DefaultApplicationBootstrapper - ProviderBinding[source=griffon.core.LifecycleHandler, classifier=@javax.inject.Named(value=Shutdown), provider=org.codehaus.griffon.runtime.core.LifecycleHandlerProvider@2f4a2d88, singleton=true]
[Test worker] TRACE org.codehaus.griffon.runtime.core.DefaultApplicationBootstrapper - ProviderBinding[source=griffon.core.LifecycleHandler, classifier=@javax.inject.Named(value=Stop), provider=org.codehaus.griffon.runtime.core.LifecycleHandlerProvider@2ef353f9, singleton=true]
[Test worker] TRACE org.codehaus.griffon.runtime.core.DefaultApplicationBootstrapper - TargetBinding[source=griffon.core.view.WindowManager, target=org.codehaus.griffon.runtime.core.view.NoopWindowManager, singleton=true]
[Test worker] TRACE org.codehaus.griffon.runtime.core.DefaultApplicationBootstrapper - TargetBinding[source=griffon.core.controller.ActionManager, target=org.codehaus.griffon.runtime.core.controller.DefaultActionManager, singleton=true]
[Test worker] TRACE org.codehaus.griffon.runtime.core.DefaultApplicationBootstrapper - TargetBinding[source=griffon.core.artifact.ArtifactManager, target=org.codehaus.griffon.runtime.core.artifact.DefaultArtifactManager, singleton=true]
[Test worker] TRACE org.codehaus.griffon.runtime.core.DefaultApplicationBootstrapper - TargetBinding[source=griffon.core.artifact.ArtifactHandler, classifier=@griffon.inject.Typed(value=interface griffon.core.artifact.GriffonModel), target=org.codehaus.griffon.runtime.core.artifact.ModelArtifactHandler, singleton=true]
[Test worker] TRACE org.codehaus.griffon.runtime.core.DefaultApplicationBootstrapper - TargetBinding[source=griffon.core.artifact.ArtifactHandler, classifier=@griffon.inject.Typed(value=interface griffon.core.artifact.GriffonView), target=org.codehaus.griffon.runtime.core.artifact.ViewArtifactHandler, singleton=true]
[Test worker] TRACE org.codehaus.griffon.runtime.core.DefaultApplicationBootstrapper - TargetBinding[source=griffon.core.artifact.ArtifactHandler, classifier=@griffon.inject.Typed(value=interface griffon.core.artifact.GriffonController), target=org.codehaus.griffon.runtime.core.artifact.ControllerArtifactHandler, singleton=true]
[Test worker] TRACE org.codehaus.griffon.runtime.core.DefaultApplicationBootstrapper - TargetBinding[source=griffon.core.artifact.ArtifactHandler, classifier=@griffon.inject.Typed(value=interface griffon.core.artifact.GriffonService), target=org.codehaus.griffon.runtime.core.artifact.ServiceArtifactHandler, singleton=true]
[Test worker] TRACE org.codehaus.griffon.runtime.core.DefaultApplicationBootstrapper - ProviderTypeBinding[source=griffon.core.PlatformHandler, providerType=class org.codehaus.griffon.runtime.core.PlatformHandlerProvider, singleton=true]
[Test worker] TRACE org.codehaus.griffon.runtime.core.DefaultApplicationBootstrapper - TargetBinding[source=griffon.core.addon.AddonManager, target=org.codehaus.griffon.runtime.core.addon.DefaultAddonManager, singleton=true]
[Test worker] TRACE org.codehaus.griffon.runtime.core.DefaultApplicationBootstrapper - TargetBinding[source=griffon.core.event.EventHandler, target=org.codehaus.griffon.runtime.core.event.DefaultEventHandler, singleton=true]
[Test worker] TRACE org.codehaus.griffon.runtime.core.DefaultApplicationBootstrapper - TargetBinding[source=griffon.core.GriffonExceptionHandler, target=griffon.core.GriffonExceptionHandler, singleton=true]
[Test worker] TRACE org.codehaus.griffon.runtime.core.DefaultApplicationBootstrapper - ProviderTypeBinding[source=org.apache.shiro.mgt.SecurityManager, providerType=class org.codehaus.griffon.runtime.shiro.SecurityManagerProvider, singleton=true]
[Test worker] TRACE org.codehaus.griffon.runtime.core.DefaultApplicationBootstrapper - ProviderTypeBinding[source=org.apache.shiro.subject.Subject, providerType=class org.codehaus.griffon.runtime.shiro.SubjectProvider, singleton=true]
[Test worker] TRACE org.codehaus.griffon.runtime.core.DefaultApplicationBootstrapper - TargetBinding[source=griffon.plugins.shiro.SecurityFailureHandler, target=org.codehaus.griffon.runtime.shiro.DefaultSecurityFailureHandler, singleton=true]
[Test worker] TRACE org.codehaus.griffon.runtime.core.DefaultApplicationBootstrapper - TargetBinding[source=griffon.core.controller.ActionInterceptor, target=org.codehaus.griffon.runtime.shiro.ShiroActionInterceptor, singleton=true]
[Test worker] DEBUG org.codehaus.griffon.runtime.core.DefaultApplicationBootstrapper - Creating application injector
[Test worker] DEBUG org.codehaus.griffon.runtime.core.DefaultApplicationBootstrapper - Injector will be created by org.codehaus.griffon.runtime.injection.GuiceInjectorFactory@53265854
[Test worker] DEBUG org.codehaus.griffon.runtime.core.event.AbstractEventRouter - Adding listener org.codehaus.griffon.runtime.core.MVCGroupExceptionHandler on UncaughtMVCGroupConfigurationException
[Test worker] DEBUG org.codehaus.griffon.runtime.core.event.AbstractEventRouter - Adding listener org.codehaus.griffon.runtime.core.MVCGroupExceptionHandler on UncaughtMVCGroupInstantiationException
[Test worker] DEBUG org.codehaus.griffon.runtime.core.event.AbstractEventRouter - Triggering event 'BootstrapStart' synchronously
[Test worker] DEBUG griffon.util.ServiceLoaderUtils - Reading java.beans.PropertyEditor definitions from jar:file:/home/travis/build/griffon/griffon/subprojects/griffon-core/build/libs/griffon-core-2.0.0.BETA.jar!/META-INF/editors/java.beans.PropertyEditor
[Test worker] DEBUG org.codehaus.griffon.runtime.core.DefaultApplicationConfigurer - Registering griffon.core.editors.StringPropertyEditor as editor for java.lang.String
[Test worker] DEBUG org.codehaus.griffon.runtime.core.DefaultApplicationConfigurer - Registering griffon.core.editors.FilePropertyEditor as editor for java.io.File
[Test worker] DEBUG org.codehaus.griffon.runtime.core.DefaultApplicationConfigurer - Registering griffon.core.editors.URLPropertyEditor as editor for java.net.URL
[Test worker] DEBUG org.codehaus.griffon.runtime.core.DefaultApplicationConfigurer - Registering griffon.core.editors.URIPropertyEditor as editor for java.net.URI
[Test worker] DEBUG org.codehaus.griffon.runtime.core.DefaultApplicationConfigurer - Registering griffon.core.editors.BigDecimalPropertyEditor as editor for java.math.BigDecimal
[Test worker] DEBUG org.codehaus.griffon.runtime.core.DefaultApplicationConfigurer - Registering griffon.core.editors.BigIntegerPropertyEditor as editor for java.math.BigInteger
[Test worker] DEBUG org.codehaus.griffon.runtime.core.DefaultApplicationConfigurer - Registering griffon.core.editors.BooleanPropertyEditor as editor for java.lang.Boolean
[Test worker] DEBUG org.codehaus.griffon.runtime.core.DefaultApplicationConfigurer - Registering griffon.core.editors.BytePropertyEditor as editor for java.lang.Byte
[Test worker] DEBUG org.codehaus.griffon.runtime.core.DefaultApplicationConfigurer - Registering griffon.core.editors.ShortPropertyEditor as editor for java.lang.Short
[Test worker] DEBUG org.codehaus.griffon.runtime.core.DefaultApplicationConfigurer - Registering griffon.core.editors.IntegerPropertyEditor as editor for java.lang.Integer
[Test worker] DEBUG org.codehaus.griffon.runtime.core.DefaultApplicationConfigurer - Registering griffon.core.editors.LongPropertyEditor as editor for java.lang.Long
[Test worker] DEBUG org.codehaus.griffon.runtime.core.DefaultApplicationConfigurer - Registering griffon.core.editors.FloatPropertyEditor as editor for java.lang.Float
[Test worker] DEBUG org.codehaus.griffon.runtime.core.DefaultApplicationConfigurer - Registering griffon.core.editors.DoublePropertyEditor as editor for java.lang.Double
[Test worker] DEBUG org.codehaus.griffon.runtime.core.DefaultApplicationConfigurer - Registering griffon.core.editors.CalendarPropertyEditor as editor for java.util.Calendar
[Test worker] DEBUG org.codehaus.griffon.runtime.core.DefaultApplicationConfigurer - Registering griffon.core.editors.DatePropertyEditor as editor for java.util.Date
[Test worker] DEBUG org.codehaus.griffon.runtime.core.DefaultApplicationConfigurer - Registering griffon.core.editors.BooleanPropertyEditor as editor for boolean
[Test worker] DEBUG org.codehaus.griffon.runtime.core.DefaultApplicationConfigurer - Registering griffon.core.editors.BytePropertyEditor as editor for byte
[Test worker] DEBUG org.codehaus.griffon.runtime.core.DefaultApplicationConfigurer - Registering griffon.core.editors.ShortPropertyEditor as editor for short
[Test worker] DEBUG org.codehaus.griffon.runtime.core.DefaultApplicationConfigurer - Registering griffon.core.editors.IntegerPropertyEditor as editor for int
[Test worker] DEBUG org.codehaus.griffon.runtime.core.DefaultApplicationConfigurer - Registering griffon.core.editors.LongPropertyEditor as editor for long
[Test worker] DEBUG org.codehaus.griffon.runtime.core.DefaultApplicationConfigurer - Registering griffon.core.editors.FloatPropertyEditor as editor for float
[Test worker] DEBUG org.codehaus.griffon.runtime.core.DefaultApplicationConfigurer - Registering griffon.core.editors.DoublePropertyEditor as editor for double
[Test worker] DEBUG org.codehaus.griffon.runtime.core.event.AbstractEventRouter - Adding listener org.codehaus.griffon.runtime.core.DefaultApplicationConfigurer$2 on NewInstance
[Test worker] TRACE griffon.util.CompositeResourceBundle - Searching key=application.lifecycle.handler.disable
[Test worker] TRACE griffon.util.CompositeResourceBundle - Searching key=application
[Test worker] TRACE griffon.util.CompositeResourceBundle - Searching key=platform.handler.linux64
[Test worker] TRACE griffon.util.CompositeResourceBundle - Searching key=platform
[Test worker] DEBUG org.codehaus.griffon.runtime.core.PlatformHandlerProvider - Using org.codehaus.griffon.runtime.core.DefaultPlatformHandler as PlatformHandler
[Test worker] DEBUG org.codehaus.griffon.runtime.core.addon.AbstractAddonManager - Loading addons [START]
[Test worker] DEBUG griffon.util.AnnotationUtils - computed addon order is []
[Test worker] DEBUG org.codehaus.griffon.runtime.core.event.AbstractEventRouter - Triggering event 'LoadAddonsStart' synchronously
[Test worker] DEBUG org.codehaus.griffon.runtime.core.addon.AbstractAddonManager - Loading addons [END]
[Test worker] DEBUG org.codehaus.griffon.runtime.core.event.AbstractEventRouter - Triggering event 'LoadAddonsEnd' synchronously
[Test worker] TRACE griffon.util.CompositeResourceBundle - Searching key=mvcGroups
[Test worker] TRACE griffon.util.CompositeResourceBundle - Searching key=mvcGroups
[Test worker] DEBUG org.codehaus.griffon.runtime.core.event.AbstractEventRouter - Adding listener org.codehaus.griffon.runtime.core.DefaultApplicationConfigurer$3 on NewInstance
[Test worker] TRACE griffon.util.CompositeResourceBundle - Searching key=shiro.realm.resource.path
[Test worker] TRACE griffon.util.CompositeResourceBundle - Searching key=shiro
[Test worker] DEBUG org.apache.shiro.realm.text.PropertiesRealm - Loading user security information from file [classpath:shiro-users.properties]...
[Test worker] DEBUG org.apache.shiro.realm.text.PropertiesRealm - Opening input stream for path [classpath:shiro-users.properties]...
[Test worker] DEBUG org.apache.shiro.io.ResourceUtils - Opening resource from class path [shiro-users.properties]
[Test worker] DEBUG org.apache.shiro.realm.text.PropertiesRealm - Loading properties from path [classpath:shiro-users.properties]...
[Test worker] TRACE org.apache.shiro.realm.text.PropertiesRealm - Processing properties line - key: [user.joe], value: [joe,employee].
[Test worker] TRACE org.apache.shiro.realm.text.PropertiesRealm - Processing properties line - key: [user.bob], value: [bob,manager,employee].
[Test worker] TRACE org.apache.shiro.realm.text.PropertiesRealm - Processing properties line - key: [role.administrator], value: [*].
[Test worker] TRACE org.apache.shiro.realm.text.PropertiesRealm - Processing properties line - key: [role.manager], value: [user:write].
[Test worker] TRACE org.apache.shiro.realm.text.PropertiesRealm - Processing properties line - key: [user.root], value: [root,administrator,manager].
[Test worker] TRACE org.apache.shiro.realm.text.PropertiesRealm - Processing properties line - key: [role.employee], value: [user:read].
[Test worker] TRACE org.apache.shiro.util.ThreadContext - get() - in thread [Test worker]
[Test worker] TRACE org.apache.shiro.util.ThreadContext - Retrieved value of type [org.apache.shiro.subject.support.DelegatingSubject] for key [org.apache.shiro.util.ThreadContext_SUBJECT_KEY] bound to thread [Test worker]
[Test worker] TRACE griffon.util.CompositeResourceBundle - Searching key=griffon.controller.action.interceptor.order
[Test worker] TRACE griffon.util.CompositeResourceBundle - Searching key=griffon
[Test worker] DEBUG griffon.util.AnnotationUtils - Current interceptor order is [shiro]
[Test worker] TRACE griffon.util.AnnotationUtils - Processing interceptor 'shiro'
[Test worker] TRACE griffon.util.AnnotationUtils -   depends on '[]'
[Test worker] TRACE griffon.util.AnnotationUtils -   adding interceptor 'shiro', since all dependencies have been added
[Test worker] TRACE griffon.util.AnnotationUtils - interceptor dependency ordering complete
[Test worker] DEBUG griffon.util.AnnotationUtils - computed interceptor order is [shiro]
[Test worker] DEBUG org.codehaus.griffon.runtime.core.artifact.AbstractArtifactManager - Registering artifact handler for type 'model': org.codehaus.griffon.runtime.core.artifact.ModelArtifactHandler@7d7cdb46
[Test worker] DEBUG org.codehaus.griffon.runtime.core.artifact.AbstractArtifactManager - Registering artifact handler for type 'view': org.codehaus.griffon.runtime.core.artifact.ViewArtifactHandler@10201107
[Test worker] DEBUG org.codehaus.griffon.runtime.core.artifact.AbstractArtifactManager - Registering artifact handler for type 'controller': org.codehaus.griffon.runtime.core.artifact.ControllerArtifactHandler@293dead6
[Test worker] DEBUG org.codehaus.griffon.runtime.core.artifact.AbstractArtifactManager - Registering artifact handler for type 'service': org.codehaus.griffon.runtime.core.artifact.ServiceArtifactHandler@20049cc1
[Test worker] DEBUG griffon.util.ServiceLoaderUtils - Reading griffon.core.artifact.GriffonController definitions from file:/home/travis/build/griffon/griffon/plugins/griffon-shiro-plugin/build/classes/test/META-INF/griffon/griffon.core.artifact.GriffonController
[Test worker] DEBUG griffon.util.ServiceLoaderUtils - Reading griffon.core.artifact.GriffonModel definitions from file:/home/travis/build/griffon/griffon/plugins/griffon-shiro-plugin/build/classes/test/META-INF/griffon/griffon.core.artifact.GriffonModel
[Test worker] DEBUG org.codehaus.griffon.runtime.core.artifact.DefaultArtifactManager - Artifacts of type 'controller' = 1
[Test worker] DEBUG org.codehaus.griffon.runtime.core.artifact.DefaultArtifactManager - Artifacts of type 'model' = 1
[Test worker] TRACE org.codehaus.griffon.runtime.core.artifact.AbstractArtifactManager - InstanceBinding[source=griffon.core.artifact.GriffonClass, classifier=@griffon.inject.Typed(value=class com.acme.ShiroController), instance=Artifact[controller] > Shiro, singleton=true]
[Test worker] TRACE org.codehaus.griffon.runtime.core.artifact.AbstractArtifactManager - TargetBinding[source=com.acme.ShiroController, target=com.acme.ShiroController, singleton=false]
[Test worker] TRACE org.codehaus.griffon.runtime.core.artifact.AbstractArtifactManager - InstanceBinding[source=griffon.core.artifact.GriffonClass, classifier=@griffon.inject.Typed(value=class com.acme.ShiroModel), instance=Artifact[model] > Shiro, singleton=true]
[Test worker] TRACE org.codehaus.griffon.runtime.core.artifact.AbstractArtifactManager - TargetBinding[source=com.acme.ShiroModel, target=com.acme.ShiroModel, singleton=false]
[Test worker] DEBUG org.codehaus.griffon.runtime.core.event.AbstractEventRouter - Triggering event 'BootstrapEnd' synchronously
[Test worker] DEBUG org.codehaus.griffon.runtime.core.artifact.AbstractArtifactManager - Searching for griffonClass of com.acme.ShiroController
[Test worker] DEBUG org.codehaus.griffon.runtime.core.event.AbstractEventRouter - Triggering event 'NewInstance' synchronously
[Test worker] DEBUG org.codehaus.griffon.runtime.core.artifact.AbstractArtifactManager - Searching for griffonClass of com.acme.ShiroController
[Test worker] TRACE griffon.util.CompositeResourceBundle - Searching key=com.acme.ShiroController.action.Authenticated.name
[Test worker] TRACE griffon.util.CompositeResourceBundle - Searching key=application.action.Authenticated.name
[Test worker] TRACE org.codehaus.griffon.runtime.core.controller.AbstractActionManager - com.acme.ShiroController.action.Authenticated.name = Authenticated
[Test worker] DEBUG org.codehaus.griffon.runtime.core.controller.AbstractActionManager - Configuring action com.acme.ShiroController.authenticated with org.codehaus.griffon.runtime.shiro.ShiroActionInterceptor@2a1dec1a
[Test worker] TRACE org.codehaus.griffon.runtime.core.controller.AbstractActionManager - Action for com.acme.ShiroController.authenticated stored as authenticated
[Test worker] TRACE griffon.util.CompositeResourceBundle - Searching key=com.acme.ShiroController.action.Guest.name
[Test worker] TRACE griffon.util.CompositeResourceBundle - Searching key=application.action.Guest.name
[Test worker] TRACE org.codehaus.griffon.runtime.core.controller.AbstractActionManager - com.acme.ShiroController.action.Guest.name = Guest
[Test worker] DEBUG org.codehaus.griffon.runtime.core.controller.AbstractActionManager - Configuring action com.acme.ShiroController.guest with org.codehaus.griffon.runtime.shiro.ShiroActionInterceptor@2a1dec1a
[Test worker] TRACE org.codehaus.griffon.runtime.core.controller.AbstractActionManager - Action for com.acme.ShiroController.guest stored as guest
[Test worker] TRACE griffon.util.CompositeResourceBundle - Searching key=com.acme.ShiroController.action.Permissions.name
[Test worker] TRACE griffon.util.CompositeResourceBundle - Searching key=application.action.Permissions.name
[Test worker] TRACE org.codehaus.griffon.runtime.core.controller.AbstractActionManager - com.acme.ShiroController.action.Permissions.name = Permissions
[Test worker] DEBUG org.codehaus.griffon.runtime.core.controller.AbstractActionManager - Configuring action com.acme.ShiroController.permissions with org.codehaus.griffon.runtime.shiro.ShiroActionInterceptor@2a1dec1a
[Test worker] TRACE org.codehaus.griffon.runtime.core.controller.AbstractActionManager - Action for com.acme.ShiroController.permissions stored as permissions
[Test worker] TRACE griffon.util.CompositeResourceBundle - Searching key=com.acme.ShiroController.action.Roles.name
[Test worker] TRACE griffon.util.CompositeResourceBundle - Searching key=application.action.Roles.name
[Test worker] TRACE org.codehaus.griffon.runtime.core.controller.AbstractActionManager - com.acme.ShiroController.action.Roles.name = Roles
[Test worker] DEBUG org.codehaus.griffon.runtime.core.controller.AbstractActionManager - Configuring action com.acme.ShiroController.roles with org.codehaus.griffon.runtime.shiro.ShiroActionInterceptor@2a1dec1a
[Test worker] TRACE org.codehaus.griffon.runtime.core.controller.AbstractActionManager - Action for com.acme.ShiroController.roles stored as roles
[Test worker] TRACE griffon.util.CompositeResourceBundle - Searching key=com.acme.ShiroController.action.User.name
[Test worker] TRACE griffon.util.CompositeResourceBundle - Searching key=application.action.User.name
[Test worker] TRACE org.codehaus.griffon.runtime.core.controller.AbstractActionManager - com.acme.ShiroController.action.User.name = User
[Test worker] DEBUG org.codehaus.griffon.runtime.core.controller.AbstractActionManager - Configuring action com.acme.ShiroController.user with org.codehaus.griffon.runtime.shiro.ShiroActionInterceptor@2a1dec1a
[Test worker] TRACE org.codehaus.griffon.runtime.core.controller.AbstractActionManager - Action for com.acme.ShiroController.user stored as user
[Test worker] DEBUG org.codehaus.griffon.runtime.core.artifact.AbstractArtifactManager - Searching for griffonClass of com.acme.ShiroModel
[Test worker] DEBUG org.codehaus.griffon.runtime.core.event.AbstractEventRouter - Triggering event 'NewInstance' synchronously
[Test worker] TRACE org.apache.shiro.subject.support.DelegatingSubject - attempting to get session; create = false; session is null = true; session has id = false
[Test worker] TRACE org.apache.shiro.authc.AbstractAuthenticator - Authentication attempt received for token [org.apache.shiro.authc.UsernamePasswordToken - bob, rememberMe=false]
[Test worker] DEBUG org.apache.shiro.realm.AuthenticatingRealm - Looked up AuthenticationInfo [bob] from doGetAuthenticationInfo
[Test worker] DEBUG org.apache.shiro.realm.AuthenticatingRealm - AuthenticationInfo caching is disabled for info [bob].  Submitted token: [org.apache.shiro.authc.UsernamePasswordToken - bob, rememberMe=false].
[Test worker] DEBUG org.apache.shiro.authc.credential.SimpleCredentialsMatcher - Performing credentials equality check for tokenCredentials of type [[C and accountCredentials of type [java.lang.String]
[Test worker] DEBUG org.apache.shiro.authc.credential.SimpleCredentialsMatcher - Both credentials arguments can be easily converted to byte arrays.  Performing array equals comparison
[Test worker] DEBUG org.apache.shiro.authc.AbstractAuthenticator - Authentication successful for token [org.apache.shiro.authc.UsernamePasswordToken - bob, rememberMe=false].  Returned account [bob]
[Test worker] DEBUG org.apache.shiro.subject.support.DefaultSubjectContext - No SecurityManager available in subject context map.  Falling back to SecurityUtils.getSecurityManager() lookup.
[Test worker] TRACE org.apache.shiro.util.ThreadContext - get() - in thread [Test worker]
[Test worker] TRACE org.apache.shiro.mgt.DefaultSecurityManager - Context already contains a SecurityManager instance.  Returning.
[Test worker] TRACE org.apache.shiro.subject.support.DelegatingSubject - attempting to get session; create = false; session is null = true; session has id = false
[Test worker] DEBUG org.apache.shiro.subject.support.DefaultSubjectContext - No SecurityManager available in subject context map.  Falling back to SecurityUtils.getSecurityManager() lookup.
[Test worker] TRACE org.apache.shiro.util.ThreadContext - get() - in thread [Test worker]
[Test worker] TRACE org.apache.shiro.subject.support.DelegatingSubject - attempting to get session; create = false; session is null = true; session has id = false
[Test worker] TRACE org.apache.shiro.subject.support.DelegatingSubject - attempting to get session; create = false; session is null = true; session has id = false
[Test worker] TRACE org.apache.shiro.subject.support.DelegatingSubject - attempting to get session; create = false; session is null = true; session has id = false
[Test worker] TRACE org.apache.shiro.subject.support.DelegatingSubject - attempting to get session; create = false; session is null = true; session has id = false
[Test worker] TRACE org.apache.shiro.subject.support.DelegatingSubject - attempting to get session; create = false; session is null = true; session has id = false
[Test worker] TRACE org.apache.shiro.subject.support.DelegatingSubject - attempting to get session; create = false; session is null = true; session has id = false
[Test worker] TRACE org.apache.shiro.subject.support.DelegatingSubject - attempting to get session; create = true; session is null = true; session has id = false
[Test worker] TRACE org.apache.shiro.subject.support.DelegatingSubject - Starting session for host null
[Test worker] DEBUG org.apache.shiro.session.mgt.AbstractValidatingSessionManager - No sessionValidationScheduler set.  Attempting to create default instance.
[Test worker] TRACE org.apache.shiro.session.mgt.AbstractValidatingSessionManager - Created default SessionValidationScheduler instance of type [org.apache.shiro.session.mgt.ExecutorServiceSessionValidationScheduler].
[Test worker] INFO org.apache.shiro.session.mgt.AbstractValidatingSessionManager - Enabling session validation scheduler...
[Test worker] TRACE org.apache.shiro.session.mgt.DefaultSessionManager - Creating session for host null
[Test worker] DEBUG org.apache.shiro.session.mgt.DefaultSessionManager - Creating new EIS record for new session instance [org.apache.shiro.session.mgt.SimpleSession,id=null]
[Test worker] TRACE org.apache.shiro.session.mgt.AbstractValidatingSessionManager - Attempting to retrieve session with key org.apache.shiro.session.mgt.DefaultSessionKey@7662bc77
[Test worker] TRACE org.apache.shiro.subject.support.DelegatingSubject - attempting to get session; create = false; session is null = false; session has id = true
[Test worker] TRACE org.apache.shiro.session.mgt.AbstractValidatingSessionManager - Attempting to retrieve session with key org.apache.shiro.session.mgt.DefaultSessionKey@7662bc77
[Test worker] TRACE org.apache.shiro.session.mgt.AbstractValidatingSessionManager - Attempting to retrieve session with key org.apache.shiro.session.mgt.DefaultSessionKey@7662bc77
[Test worker] TRACE org.apache.shiro.mgt.DefaultSecurityManager - This org.apache.shiro.mgt.DefaultSecurityManager instance does not have a [org.apache.shiro.mgt.RememberMeManager] instance configured.  RememberMe services will not be performed for account [bob].
[Test worker] TRACE org.apache.shiro.subject.support.DelegatingSubject - attempting to get session; create = false; session is null = false; session has id = true
[Test worker] TRACE griffon.util.CompositeResourceBundle - Searching key=griffon.disable.threading.injection
[Test worker] TRACE griffon.util.CompositeResourceBundle - Searching key=griffon
[Test worker] DEBUG org.codehaus.griffon.runtime.core.controller.AbstractActionManager - Executing com.acme.ShiroController.roles with policy OUTSIDE_UITHREAD
[Test worker] DEBUG org.codehaus.griffon.runtime.core.controller.AbstractActionManager - Executing 1 interceptor for com.acme.ShiroController.roles
[Test worker] TRACE org.codehaus.griffon.runtime.core.controller.AbstractActionManager - Calling org.codehaus.griffon.runtime.shiro.ShiroActionInterceptor@2a1dec1a.before() on com.acme.ShiroController.roles
[Test worker] DEBUG org.codehaus.griffon.runtime.shiro.ShiroActionInterceptor - Evaluating security requirement RequirementConfiguration{requirement=ROLES, values=[manager], logical=AND}
[Test worker] TRACE org.apache.shiro.subject.support.DelegatingSubject - attempting to get session; create = false; session is null = false; session has id = true
[Test worker] TRACE org.apache.shiro.session.mgt.AbstractValidatingSessionManager - Attempting to retrieve session with key org.apache.shiro.session.mgt.DefaultSessionKey@7662bc77
[Test worker] TRACE org.apache.shiro.subject.support.DelegatingSubject - attempting to get session; create = false; session is null = false; session has id = true
[Test worker] TRACE org.apache.shiro.session.mgt.AbstractValidatingSessionManager - Attempting to retrieve session with key org.apache.shiro.session.mgt.DefaultSessionKey@7662bc77
[Test worker] TRACE org.apache.shiro.realm.AuthorizingRealm - Retrieving AuthorizationInfo for principals [bob]
[Test worker] TRACE org.codehaus.griffon.runtime.core.controller.AbstractActionManager - Status before execution of com.acme.ShiroController.roles is OK
[Test worker] TRACE org.codehaus.griffon.runtime.core.controller.AbstractActionManager - Status after execution of com.acme.ShiroController.roles is OK
[Test worker] TRACE org.codehaus.griffon.runtime.core.controller.AbstractActionManager - Calling org.codehaus.griffon.runtime.shiro.ShiroActionInterceptor@2a1dec1a.after() on com.acme.ShiroController.roles
[Test worker] TRACE org.apache.shiro.subject.support.DelegatingSubject - attempting to get session; create = false; session is null = false; session has id = true
[Test worker] TRACE org.apache.shiro.session.mgt.AbstractValidatingSessionManager - Attempting to retrieve session with key org.apache.shiro.session.mgt.DefaultSessionKey@7662bc77
[Test worker] TRACE org.apache.shiro.subject.support.DelegatingSubject - attempting to get session; create = false; session is null = false; session has id = true
[Test worker] TRACE org.apache.shiro.session.mgt.AbstractValidatingSessionManager - Attempting to retrieve session with key org.apache.shiro.session.mgt.DefaultSessionKey@7662bc77
[Test worker] DEBUG org.apache.shiro.mgt.DefaultSecurityManager - Logging out subject with primary principal bob
[Test worker] TRACE org.apache.shiro.realm.CachingRealm - Cleared cache entries for account with principals [bob]
[Test worker] TRACE org.apache.shiro.subject.support.DelegatingSubject - attempting to get session; create = false; session is null = false; session has id = true
[Test worker] TRACE org.apache.shiro.session.mgt.AbstractValidatingSessionManager - Attempting to retrieve session with key org.apache.shiro.session.mgt.DefaultSessionKey@7662bc77
[Test worker] TRACE org.apache.shiro.session.mgt.AbstractValidatingSessionManager - Attempting to retrieve session with key org.apache.shiro.session.mgt.DefaultSessionKey@7662bc77
[Test worker] TRACE org.apache.shiro.subject.support.DelegatingSubject - attempting to get session; create = false; session is null = false; session has id = true
[Test worker] TRACE org.apache.shiro.session.mgt.AbstractValidatingSessionManager - Attempting to retrieve session with key org.apache.shiro.session.mgt.DefaultSessionKey@7662bc77
[Test worker] DEBUG org.apache.shiro.session.mgt.AbstractSessionManager - Stopping session with id [1f489074-777a-42fb-9f89-5768f0052001]
[Test worker] DEBUG org.codehaus.griffon.runtime.core.event.AbstractEventRouter - Triggering event 'ShutdownRequested' synchronously
[Test worker] INFO org.codehaus.griffon.runtime.core.DefaultGriffonApplication - Shutdown is in process
[Test worker] DEBUG org.codehaus.griffon.runtime.core.DefaultGriffonApplication - Shutdown stage 1: notify all event listeners
[Test worker] DEBUG org.codehaus.griffon.runtime.core.event.AbstractEventRouter - Adding listener org.codehaus.griffon.runtime.core.AbstractGriffonApplication$1 on ShutdownStart
[Test worker] DEBUG org.codehaus.griffon.runtime.core.event.AbstractEventRouter - Triggering event 'ShutdownStart' synchronously
[Test worker] DEBUG org.codehaus.griffon.runtime.core.DefaultGriffonApplication - Shutdown stage 2: notify all shutdown handlers
[Test worker] DEBUG org.codehaus.griffon.runtime.core.DefaultGriffonApplication - Shutdown stage 3: destroy all MVC groups
[Test worker] DEBUG org.codehaus.griffon.runtime.core.DefaultGriffonApplication - Shutdown stage 4: execute Shutdown script
[Test worker] TRACE griffon.util.CompositeResourceBundle - Searching key=application.lifecycle.handler.disable
[Test worker] TRACE griffon.util.CompositeResourceBundle - Searching key=application
[Test worker] INFO org.codehaus.griffon.runtime.core.DefaultApplicationBootstrapper - Griffon 2.0.0.BETA
[Test worker] INFO org.codehaus.griffon.runtime.core.DefaultApplicationBootstrapper - Build: 2014-06-20T11:04:31.572+0000
[Test worker] INFO org.codehaus.griffon.runtime.core.DefaultApplicationBootstrapper - JVM: 1.7.0_51 (Oracle Corporation 24.51-b03)
[Test worker] INFO org.codehaus.griffon.runtime.core.DefaultApplicationBootstrapper - OS: Linux 2.6.32-042stab079.5 amd64
[Test worker] DEBUG org.codehaus.griffon.runtime.core.DefaultApplicationBootstrapper - Creating module bindings
[Test worker] DEBUG griffon.util.AnnotationUtils - Current module order is [core, shiro, testApplicationBootstrapper$InnerClasses, testApplicationBootstrapper$Fields]
[Test worker] TRACE griffon.util.AnnotationUtils - Processing module 'core'
[Test worker] TRACE griffon.util.AnnotationUtils -   depends on '[]'
[Test worker] TRACE griffon.util.AnnotationUtils -   adding module 'core', since all dependencies have been added
[Test worker] TRACE griffon.util.AnnotationUtils - Processing module 'shiro'
[Test worker] TRACE griffon.util.AnnotationUtils -   depends on '[]'
[Test worker] TRACE griffon.util.AnnotationUtils -   adding module 'shiro', since all dependencies have been added
[Test worker] TRACE griffon.util.AnnotationUtils - Processing module 'testApplicationBootstrapper$InnerClasses'
[Test worker] TRACE griffon.util.AnnotationUtils -   depends on '[]'
[Test worker] TRACE griffon.util.AnnotationUtils -   adding module 'testApplicationBootstrapper$InnerClasses', since all dependencies have been added
[Test worker] TRACE griffon.util.AnnotationUtils - Processing module 'testApplicationBootstrapper$Fields'
[Test worker] TRACE griffon.util.AnnotationUtils -   depends on '[]'
[Test worker] TRACE griffon.util.AnnotationUtils -   adding module 'testApplicationBootstrapper$Fields', since all dependencies have been added
[Test worker] TRACE griffon.util.AnnotationUtils - module dependency ordering complete
[Test worker] DEBUG griffon.util.AnnotationUtils - computed module order is [core, shiro, testApplicationBootstrapper$InnerClasses, testApplicationBootstrapper$Fields]
[Test worker] DEBUG org.codehaus.griffon.runtime.core.DefaultApplicationBootstrapper - Loading module bindings from core:org.codehaus.griffon.runtime.core.DefaultApplicationModule@5cb2dd2c
[Test worker] DEBUG org.codehaus.griffon.runtime.core.DefaultApplicationBootstrapper - Loading module bindings from shiro:org.codehaus.griffon.runtime.shiro.ShiroModule@62d6a33f
[Test worker] DEBUG org.codehaus.griffon.runtime.core.DefaultApplicationBootstrapper - Loading module bindings from testApplicationBootstrapper$InnerClasses:org.codehaus.griffon.runtime.core.TestApplicationBootstrapper$InnerClassesModule@7977afca
[Test worker] DEBUG org.codehaus.griffon.runtime.core.DefaultApplicationBootstrapper - Loading module bindings from testApplicationBootstrapper$Fields:org.codehaus.griffon.runtime.core.TestApplicationBootstrapper$FieldsModule@20b63513
[Test worker] TRACE org.codehaus.griffon.runtime.core.DefaultApplicationBootstrapper - InstanceBinding[source=griffon.core.GriffonApplication, instance=org.codehaus.griffon.runtime.core.DefaultGriffonApplication@25bdcb36, singleton=true]
[Test worker] TRACE org.codehaus.griffon.runtime.core.DefaultApplicationBootstrapper - TargetBinding[source=griffon.core.ApplicationClassLoader, target=org.codehaus.griffon.runtime.core.DefaultApplicationClassLoader, singleton=true]
[Test worker] TRACE org.codehaus.griffon.runtime.core.DefaultApplicationBootstrapper - TargetBinding[source=griffon.core.ApplicationConfigurer, target=org.codehaus.griffon.runtime.core.DefaultApplicationConfigurer, singleton=true]
[Test worker] TRACE org.codehaus.griffon.runtime.core.DefaultApplicationBootstrapper - TargetBinding[source=griffon.core.resources.ResourceHandler, target=org.codehaus.griffon.runtime.core.resources.DefaultResourceHandler, singleton=true]
[Test worker] TRACE org.codehaus.griffon.runtime.core.DefaultApplicationBootstrapper - TargetBinding[source=griffon.util.CompositeResourceBundleBuilder, target=org.codehaus.griffon.runtime.util.DefaultCompositeResourceBundleBuilder, singleton=true]
[Test worker] TRACE org.codehaus.griffon.runtime.core.DefaultApplicationBootstrapper - ProviderBinding[source=java.util.ResourceBundle, classifier=@javax.inject.Named(value=applicationResourceBundle), provider=org.codehaus.griffon.runtime.util.ResourceBundleProvider@4f685995, singleton=true]
[Test worker] TRACE org.codehaus.griffon.runtime.core.DefaultApplicationBootstrapper - TargetBinding[source=griffon.core.Configuration, target=org.codehaus.griffon.runtime.core.DefaultConfiguration, singleton=true]
[Test worker] TRACE org.codehaus.griffon.runtime.core.DefaultApplicationBootstrapper - TargetBinding[source=griffon.core.ExecutorServiceManager, target=org.codehaus.griffon.runtime.core.DefaultExecutorServiceManager, singleton=true]
[Test worker] TRACE org.codehaus.griffon.runtime.core.DefaultApplicationBootstrapper - TargetBinding[source=griffon.core.event.EventRouter, classifier=@javax.inject.Named(value=applicationEventRouter), target=org.codehaus.griffon.runtime.core.event.DefaultEventRouter, singleton=true]
[Test worker] TRACE org.codehaus.griffon.runtime.core.DefaultApplicationBootstrapper - TargetBinding[source=griffon.core.event.EventRouter, target=org.codehaus.griffon.runtime.core.event.DefaultEventRouter, singleton=false]
[Test worker] TRACE org.codehaus.griffon.runtime.core.DefaultApplicationBootstrapper - ProviderBinding[source=griffon.core.resources.ResourceResolver, classifier=@javax.inject.Named(value=applicationResourceResolver), provider=org.codehaus.griffon.runtime.core.resources.ResourceResolverProvider@4bd16ded, singleton=true]
[Test worker] TRACE org.codehaus.griffon.runtime.core.DefaultApplicationBootstrapper - ProviderBinding[source=griffon.core.i18n.MessageSource, classifier=@javax.inject.Named(value=applicationMessageSource), provider=org.codehaus.griffon.runtime.core.i18n.MessageSourceProvider@2288097e, singleton=true]
[Test worker] TRACE org.codehaus.griffon.runtime.core.DefaultApplicationBootstrapper - TargetBinding[source=griffon.core.resources.ResourceInjector, classifier=@javax.inject.Named(value=applicationResourceInjector), target=org.codehaus.griffon.runtime.core.resources.DefaultApplicationResourceInjector, singleton=true]
[Test worker] TRACE org.codehaus.griffon.runtime.core.DefaultApplicationBootstrapper - TargetBinding[source=griffon.core.threading.UIThreadManager, target=org.codehaus.griffon.runtime.core.threading.DefaultUIThreadManager, singleton=true]
[Test worker] TRACE org.codehaus.griffon.runtime.core.DefaultApplicationBootstrapper - TargetBinding[source=griffon.core.mvc.MVCGroupManager, target=org.codehaus.griffon.runtime.core.mvc.DefaultMVCGroupManager, singleton=true]
[Test worker] TRACE org.codehaus.griffon.runtime.core.DefaultApplicationBootstrapper - ProviderBinding[source=griffon.core.LifecycleHandler, classifier=@javax.inject.Named(value=Initialize), provider=org.codehaus.griffon.runtime.core.LifecycleHandlerProvider@112740e8, singleton=true]
[Test worker] TRACE org.codehaus.griffon.runtime.core.DefaultApplicationBootstrapper - ProviderBinding[source=griffon.core.LifecycleHandler, classifier=@javax.inject.Named(value=Startup), provider=org.codehaus.griffon.runtime.core.LifecycleHandlerProvider@28164824, singleton=true]
[Test worker] TRACE org.codehaus.griffon.runtime.core.DefaultApplicationBootstrapper - ProviderBinding[source=griffon.core.LifecycleHandler, classifier=@javax.inject.Named(value=Ready), provider=org.codehaus.griffon.runtime.core.LifecycleHandlerProvider@4eda480b, singleton=true]
[Test worker] TRACE org.codehaus.griffon.runtime.core.DefaultApplicationBootstrapper - ProviderBinding[source=griffon.core.LifecycleHandler, classifier=@javax.inject.Named(value=Shutdown), provider=org.codehaus.griffon.runtime.core.LifecycleHandlerProvider@5caff29e, singleton=true]
[Test worker] TRACE org.codehaus.griffon.runtime.core.DefaultApplicationBootstrapper - ProviderBinding[source=griffon.core.LifecycleHandler, classifier=@javax.inject.Named(value=Stop), provider=org.codehaus.griffon.runtime.core.LifecycleHandlerProvider@2361929c, singleton=true]
[Test worker] TRACE org.codehaus.griffon.runtime.core.DefaultApplicationBootstrapper - TargetBinding[source=griffon.core.view.WindowManager, target=org.codehaus.griffon.runtime.core.view.NoopWindowManager, singleton=true]
[Test worker] TRACE org.codehaus.griffon.runtime.core.DefaultApplicationBootstrapper - TargetBinding[source=griffon.core.controller.ActionManager, target=org.codehaus.griffon.runtime.core.controller.DefaultActionManager, singleton=true]
[Test worker] TRACE org.codehaus.griffon.runtime.core.DefaultApplicationBootstrapper - TargetBinding[source=griffon.core.artifact.ArtifactManager, target=org.codehaus.griffon.runtime.core.artifact.DefaultArtifactManager, singleton=true]
[Test worker] TRACE org.codehaus.griffon.runtime.core.DefaultApplicationBootstrapper - TargetBinding[source=griffon.core.artifact.ArtifactHandler, classifier=@griffon.inject.Typed(value=interface griffon.core.artifact.GriffonModel), target=org.codehaus.griffon.runtime.core.artifact.ModelArtifactHandler, singleton=true]
[Test worker] TRACE org.codehaus.griffon.runtime.core.DefaultApplicationBootstrapper - TargetBinding[source=griffon.core.artifact.ArtifactHandler, classifier=@griffon.inject.Typed(value=interface griffon.core.artifact.GriffonView), target=org.codehaus.griffon.runtime.core.artifact.ViewArtifactHandler, singleton=true]
[Test worker] TRACE org.codehaus.griffon.runtime.core.DefaultApplicationBootstrapper - TargetBinding[source=griffon.core.artifact.ArtifactHandler, classifier=@griffon.inject.Typed(value=interface griffon.core.artifact.GriffonController), target=org.codehaus.griffon.runtime.core.artifact.ControllerArtifactHandler, singleton=true]
[Test worker] TRACE org.codehaus.griffon.runtime.core.DefaultApplicationBootstrapper - TargetBinding[source=griffon.core.artifact.ArtifactHandler, classifier=@griffon.inject.Typed(value=interface griffon.core.artifact.GriffonService), target=org.codehaus.griffon.runtime.core.artifact.ServiceArtifactHandler, singleton=true]
[Test worker] TRACE org.codehaus.griffon.runtime.core.DefaultApplicationBootstrapper - ProviderTypeBinding[source=griffon.core.PlatformHandler, providerType=class org.codehaus.griffon.runtime.core.PlatformHandlerProvider, singleton=true]
[Test worker] TRACE org.codehaus.griffon.runtime.core.DefaultApplicationBootstrapper - TargetBinding[source=griffon.core.addon.AddonManager, target=org.codehaus.griffon.runtime.core.addon.DefaultAddonManager, singleton=true]
[Test worker] TRACE org.codehaus.griffon.runtime.core.DefaultApplicationBootstrapper - TargetBinding[source=griffon.core.event.EventHandler, target=org.codehaus.griffon.runtime.core.event.DefaultEventHandler, singleton=true]
[Test worker] TRACE org.codehaus.griffon.runtime.core.DefaultApplicationBootstrapper - TargetBinding[source=griffon.core.GriffonExceptionHandler, target=griffon.core.GriffonExceptionHandler, singleton=true]
[Test worker] TRACE org.codehaus.griffon.runtime.core.DefaultApplicationBootstrapper - ProviderTypeBinding[source=org.apache.shiro.mgt.SecurityManager, providerType=class org.codehaus.griffon.runtime.shiro.SecurityManagerProvider, singleton=true]
[Test worker] TRACE org.codehaus.griffon.runtime.core.DefaultApplicationBootstrapper - ProviderTypeBinding[source=org.apache.shiro.subject.Subject, providerType=class org.codehaus.griffon.runtime.shiro.SubjectProvider, singleton=true]
[Test worker] TRACE org.codehaus.griffon.runtime.core.DefaultApplicationBootstrapper - TargetBinding[source=griffon.plugins.shiro.SecurityFailureHandler, target=org.codehaus.griffon.runtime.shiro.DefaultSecurityFailureHandler, singleton=true]
[Test worker] TRACE org.codehaus.griffon.runtime.core.DefaultApplicationBootstrapper - TargetBinding[source=griffon.core.controller.ActionInterceptor, target=org.codehaus.griffon.runtime.shiro.ShiroActionInterceptor, singleton=true]
[Test worker] DEBUG org.codehaus.griffon.runtime.core.DefaultApplicationBootstrapper - Creating application injector
[Test worker] DEBUG org.codehaus.griffon.runtime.core.DefaultApplicationBootstrapper - Injector will be created by org.codehaus.griffon.runtime.injection.GuiceInjectorFactory@74760977
[Test worker] DEBUG org.codehaus.griffon.runtime.core.event.AbstractEventRouter - Adding listener org.codehaus.griffon.runtime.core.MVCGroupExceptionHandler on UncaughtMVCGroupConfigurationException
[Test worker] DEBUG org.codehaus.griffon.runtime.core.event.AbstractEventRouter - Adding listener org.codehaus.griffon.runtime.core.MVCGroupExceptionHandler on UncaughtMVCGroupInstantiationException
[Test worker] DEBUG org.codehaus.griffon.runtime.core.event.AbstractEventRouter - Triggering event 'BootstrapStart' synchronously
[Test worker] DEBUG griffon.util.ServiceLoaderUtils - Reading java.beans.PropertyEditor definitions from jar:file:/home/travis/build/griffon/griffon/subprojects/griffon-core/build/libs/griffon-core-2.0.0.BETA.jar!/META-INF/editors/java.beans.PropertyEditor
[Test worker] DEBUG org.codehaus.griffon.runtime.core.DefaultApplicationConfigurer - Registering griffon.core.editors.StringPropertyEditor as editor for java.lang.String
[Test worker] DEBUG org.codehaus.griffon.runtime.core.DefaultApplicationConfigurer - Registering griffon.core.editors.FilePropertyEditor as editor for java.io.File
[Test worker] DEBUG org.codehaus.griffon.runtime.core.DefaultApplicationConfigurer - Registering griffon.core.editors.URLPropertyEditor as editor for java.net.URL
[Test worker] DEBUG org.codehaus.griffon.runtime.core.DefaultApplicationConfigurer - Registering griffon.core.editors.URIPropertyEditor as editor for java.net.URI
[Test worker] DEBUG org.codehaus.griffon.runtime.core.DefaultApplicationConfigurer - Registering griffon.core.editors.BigDecimalPropertyEditor as editor for java.math.BigDecimal
[Test worker] DEBUG org.codehaus.griffon.runtime.core.DefaultApplicationConfigurer - Registering griffon.core.editors.BigIntegerPropertyEditor as editor for java.math.BigInteger
[Test worker] DEBUG org.codehaus.griffon.runtime.core.DefaultApplicationConfigurer - Registering griffon.core.editors.BooleanPropertyEditor as editor for java.lang.Boolean
[Test worker] DEBUG org.codehaus.griffon.runtime.core.DefaultApplicationConfigurer - Registering griffon.core.editors.BytePropertyEditor as editor for java.lang.Byte
[Test worker] DEBUG org.codehaus.griffon.runtime.core.DefaultApplicationConfigurer - Registering griffon.core.editors.ShortPropertyEditor as editor for java.lang.Short
[Test worker] DEBUG org.codehaus.griffon.runtime.core.DefaultApplicationConfigurer - Registering griffon.core.editors.IntegerPropertyEditor as editor for java.lang.Integer
[Test worker] DEBUG org.codehaus.griffon.runtime.core.DefaultApplicationConfigurer - Registering griffon.core.editors.LongPropertyEditor as editor for java.lang.Long
[Test worker] DEBUG org.codehaus.griffon.runtime.core.DefaultApplicationConfigurer - Registering griffon.core.editors.FloatPropertyEditor as editor for java.lang.Float
[Test worker] DEBUG org.codehaus.griffon.runtime.core.DefaultApplicationConfigurer - Registering griffon.core.editors.DoublePropertyEditor as editor for java.lang.Double
[Test worker] DEBUG org.codehaus.griffon.runtime.core.DefaultApplicationConfigurer - Registering griffon.core.editors.CalendarPropertyEditor as editor for java.util.Calendar
[Test worker] DEBUG org.codehaus.griffon.runtime.core.DefaultApplicationConfigurer - Registering griffon.core.editors.DatePropertyEditor as editor for java.util.Date
[Test worker] DEBUG org.codehaus.griffon.runtime.core.DefaultApplicationConfigurer - Registering griffon.core.editors.BooleanPropertyEditor as editor for boolean
[Test worker] DEBUG org.codehaus.griffon.runtime.core.DefaultApplicationConfigurer - Registering griffon.core.editors.BytePropertyEditor as editor for byte
[Test worker] DEBUG org.codehaus.griffon.runtime.core.DefaultApplicationConfigurer - Registering griffon.core.editors.ShortPropertyEditor as editor for short
[Test worker] DEBUG org.codehaus.griffon.runtime.core.DefaultApplicationConfigurer - Registering griffon.core.editors.IntegerPropertyEditor as editor for int
[Test worker] DEBUG org.codehaus.griffon.runtime.core.DefaultApplicationConfigurer - Registering griffon.core.editors.LongPropertyEditor as editor for long
[Test worker] DEBUG org.codehaus.griffon.runtime.core.DefaultApplicationConfigurer - Registering griffon.core.editors.FloatPropertyEditor as editor for float
[Test worker] DEBUG org.codehaus.griffon.runtime.core.DefaultApplicationConfigurer - Registering griffon.core.editors.DoublePropertyEditor as editor for double
[Test worker] DEBUG org.codehaus.griffon.runtime.core.event.AbstractEventRouter - Adding listener org.codehaus.griffon.runtime.core.DefaultApplicationConfigurer$2 on NewInstance
[Test worker] TRACE griffon.util.CompositeResourceBundle - Searching key=application.lifecycle.handler.disable
[Test worker] TRACE griffon.util.CompositeResourceBundle - Searching key=application
[Test worker] TRACE griffon.util.CompositeResourceBundle - Searching key=platform.handler.linux64
[Test worker] TRACE griffon.util.CompositeResourceBundle - Searching key=platform
[Test worker] DEBUG org.codehaus.griffon.runtime.core.PlatformHandlerProvider - Using org.codehaus.griffon.runtime.core.DefaultPlatformHandler as PlatformHandler
[Test worker] DEBUG org.codehaus.griffon.runtime.core.addon.AbstractAddonManager - Loading addons [START]
[Test worker] DEBUG griffon.util.AnnotationUtils - computed addon order is []
[Test worker] DEBUG org.codehaus.griffon.runtime.core.event.AbstractEventRouter - Triggering event 'LoadAddonsStart' synchronously
[Test worker] DEBUG org.codehaus.griffon.runtime.core.addon.AbstractAddonManager - Loading addons [END]
[Test worker] DEBUG org.codehaus.griffon.runtime.core.event.AbstractEventRouter - Triggering event 'LoadAddonsEnd' synchronously
[Test worker] TRACE griffon.util.CompositeResourceBundle - Searching key=mvcGroups
[Test worker] TRACE griffon.util.CompositeResourceBundle - Searching key=mvcGroups
[Test worker] DEBUG org.codehaus.griffon.runtime.core.event.AbstractEventRouter - Adding listener org.codehaus.griffon.runtime.core.DefaultApplicationConfigurer$3 on NewInstance
[Test worker] TRACE griffon.util.CompositeResourceBundle - Searching key=shiro.realm.resource.path
[Test worker] TRACE griffon.util.CompositeResourceBundle - Searching key=shiro
[Test worker] DEBUG org.apache.shiro.realm.text.PropertiesRealm - Loading user security information from file [classpath:shiro-users.properties]...
[Test worker] DEBUG org.apache.shiro.realm.text.PropertiesRealm - Opening input stream for path [classpath:shiro-users.properties]...
[Test worker] DEBUG org.apache.shiro.io.ResourceUtils - Opening resource from class path [shiro-users.properties]
[Test worker] DEBUG org.apache.shiro.realm.text.PropertiesRealm - Loading properties from path [classpath:shiro-users.properties]...
[Test worker] TRACE org.apache.shiro.realm.text.PropertiesRealm - Processing properties line - key: [user.joe], value: [joe,employee].
[Test worker] TRACE org.apache.shiro.realm.text.PropertiesRealm - Processing properties line - key: [user.bob], value: [bob,manager,employee].
[Test worker] TRACE org.apache.shiro.realm.text.PropertiesRealm - Processing properties line - key: [role.administrator], value: [*].
[Test worker] TRACE org.apache.shiro.realm.text.PropertiesRealm - Processing properties line - key: [role.manager], value: [user:write].
[Test worker] TRACE org.apache.shiro.realm.text.PropertiesRealm - Processing properties line - key: [user.root], value: [root,administrator,manager].
[Test worker] TRACE org.apache.shiro.realm.text.PropertiesRealm - Processing properties line - key: [role.employee], value: [user:read].
[Test worker] TRACE org.apache.shiro.util.ThreadContext - get() - in thread [Test worker]
[Test worker] TRACE org.apache.shiro.util.ThreadContext - Retrieved value of type [org.apache.shiro.subject.support.DelegatingSubject] for key [org.apache.shiro.util.ThreadContext_SUBJECT_KEY] bound to thread [Test worker]
[Test worker] TRACE griffon.util.CompositeResourceBundle - Searching key=griffon.controller.action.interceptor.order
[Test worker] TRACE griffon.util.CompositeResourceBundle - Searching key=griffon
[Test worker] DEBUG griffon.util.AnnotationUtils - Current interceptor order is [shiro]
[Test worker] TRACE griffon.util.AnnotationUtils - Processing interceptor 'shiro'
[Test worker] TRACE griffon.util.AnnotationUtils -   depends on '[]'
[Test worker] TRACE griffon.util.AnnotationUtils -   adding interceptor 'shiro', since all dependencies have been added
[Test worker] TRACE griffon.util.AnnotationUtils - interceptor dependency ordering complete
[Test worker] DEBUG griffon.util.AnnotationUtils - computed interceptor order is [shiro]
[Test worker] DEBUG org.codehaus.griffon.runtime.core.artifact.AbstractArtifactManager - Registering artifact handler for type 'model': org.codehaus.griffon.runtime.core.artifact.ModelArtifactHandler@12a133b2
[Test worker] DEBUG org.codehaus.griffon.runtime.core.artifact.AbstractArtifactManager - Registering artifact handler for type 'view': org.codehaus.griffon.runtime.core.artifact.ViewArtifactHandler@1548f4ac
[Test worker] DEBUG org.codehaus.griffon.runtime.core.artifact.AbstractArtifactManager - Registering artifact handler for type 'controller': org.codehaus.griffon.runtime.core.artifact.ControllerArtifactHandler@68b7531e
[Test worker] DEBUG org.codehaus.griffon.runtime.core.artifact.AbstractArtifactManager - Registering artifact handler for type 'service': org.codehaus.griffon.runtime.core.artifact.ServiceArtifactHandler@5bb20c47
[Test worker] DEBUG griffon.util.ServiceLoaderUtils - Reading griffon.core.artifact.GriffonController definitions from file:/home/travis/build/griffon/griffon/plugins/griffon-shiro-plugin/build/classes/test/META-INF/griffon/griffon.core.artifact.GriffonController
[Test worker] DEBUG griffon.util.ServiceLoaderUtils - Reading griffon.core.artifact.GriffonModel definitions from file:/home/travis/build/griffon/griffon/plugins/griffon-shiro-plugin/build/classes/test/META-INF/griffon/griffon.core.artifact.GriffonModel
[Test worker] DEBUG org.codehaus.griffon.runtime.core.artifact.DefaultArtifactManager - Artifacts of type 'controller' = 1
[Test worker] DEBUG org.codehaus.griffon.runtime.core.artifact.DefaultArtifactManager - Artifacts of type 'model' = 1
[Test worker] TRACE org.codehaus.griffon.runtime.core.artifact.AbstractArtifactManager - InstanceBinding[source=griffon.core.artifact.GriffonClass, classifier=@griffon.inject.Typed(value=class com.acme.ShiroController), instance=Artifact[controller] > Shiro, singleton=true]
[Test worker] TRACE org.codehaus.griffon.runtime.core.artifact.AbstractArtifactManager - TargetBinding[source=com.acme.ShiroController, target=com.acme.ShiroController, singleton=false]
[Test worker] TRACE org.codehaus.griffon.runtime.core.artifact.AbstractArtifactManager - InstanceBinding[source=griffon.core.artifact.GriffonClass, classifier=@griffon.inject.Typed(value=class com.acme.ShiroModel), instance=Artifact[model] > Shiro, singleton=true]
[Test worker] TRACE org.codehaus.griffon.runtime.core.artifact.AbstractArtifactManager - TargetBinding[source=com.acme.ShiroModel, target=com.acme.ShiroModel, singleton=false]
[Test worker] DEBUG org.codehaus.griffon.runtime.core.event.AbstractEventRouter - Triggering event 'BootstrapEnd' synchronously
[Test worker] DEBUG org.codehaus.griffon.runtime.core.artifact.AbstractArtifactManager - Searching for griffonClass of com.acme.ShiroController
[Test worker] DEBUG org.codehaus.griffon.runtime.core.event.AbstractEventRouter - Triggering event 'NewInstance' synchronously
[Test worker] DEBUG org.codehaus.griffon.runtime.core.artifact.AbstractArtifactManager - Searching for griffonClass of com.acme.ShiroController
[Test worker] TRACE griffon.util.CompositeResourceBundle - Searching key=com.acme.ShiroController.action.Authenticated.name
[Test worker] TRACE griffon.util.CompositeResourceBundle - Searching key=application.action.Authenticated.name
[Test worker] TRACE org.codehaus.griffon.runtime.core.controller.AbstractActionManager - com.acme.ShiroController.action.Authenticated.name = Authenticated
[Test worker] DEBUG org.codehaus.griffon.runtime.core.controller.AbstractActionManager - Configuring action com.acme.ShiroController.authenticated with org.codehaus.griffon.runtime.shiro.ShiroActionInterceptor@50d96164
[Test worker] TRACE org.codehaus.griffon.runtime.core.controller.AbstractActionManager - Action for com.acme.ShiroController.authenticated stored as authenticated
[Test worker] TRACE griffon.util.CompositeResourceBundle - Searching key=com.acme.ShiroController.action.Guest.name
[Test worker] TRACE griffon.util.CompositeResourceBundle - Searching key=application.action.Guest.name
[Test worker] TRACE org.codehaus.griffon.runtime.core.controller.AbstractActionManager - com.acme.ShiroController.action.Guest.name = Guest
[Test worker] DEBUG org.codehaus.griffon.runtime.core.controller.AbstractActionManager - Configuring action com.acme.ShiroController.guest with org.codehaus.griffon.runtime.shiro.ShiroActionInterceptor@50d96164
[Test worker] TRACE org.codehaus.griffon.runtime.core.controller.AbstractActionManager - Action for com.acme.ShiroController.guest stored as guest
[Test worker] TRACE griffon.util.CompositeResourceBundle - Searching key=com.acme.ShiroController.action.Permissions.name
[Test worker] TRACE griffon.util.CompositeResourceBundle - Searching key=application.action.Permissions.name
[Test worker] TRACE org.codehaus.griffon.runtime.core.controller.AbstractActionManager - com.acme.ShiroController.action.Permissions.name = Permissions
[Test worker] DEBUG org.codehaus.griffon.runtime.core.controller.AbstractActionManager - Configuring action com.acme.ShiroController.permissions with org.codehaus.griffon.runtime.shiro.ShiroActionInterceptor@50d96164
[Test worker] TRACE org.codehaus.griffon.runtime.core.controller.AbstractActionManager - Action for com.acme.ShiroController.permissions stored as permissions
[Test worker] TRACE griffon.util.CompositeResourceBundle - Searching key=com.acme.ShiroController.action.Roles.name
[Test worker] TRACE griffon.util.CompositeResourceBundle - Searching key=application.action.Roles.name
[Test worker] TRACE org.codehaus.griffon.runtime.core.controller.AbstractActionManager - com.acme.ShiroController.action.Roles.name = Roles
[Test worker] DEBUG org.codehaus.griffon.runtime.core.controller.AbstractActionManager - Configuring action com.acme.ShiroController.roles with org.codehaus.griffon.runtime.shiro.ShiroActionInterceptor@50d96164
[Test worker] TRACE org.codehaus.griffon.runtime.core.controller.AbstractActionManager - Action for com.acme.ShiroController.roles stored as roles
[Test worker] TRACE griffon.util.CompositeResourceBundle - Searching key=com.acme.ShiroController.action.User.name
[Test worker] TRACE griffon.util.CompositeResourceBundle - Searching key=application.action.User.name
[Test worker] TRACE org.codehaus.griffon.runtime.core.controller.AbstractActionManager - com.acme.ShiroController.action.User.name = User
[Test worker] DEBUG org.codehaus.griffon.runtime.core.controller.AbstractActionManager - Configuring action com.acme.ShiroController.user with org.codehaus.griffon.runtime.shiro.ShiroActionInterceptor@50d96164
[Test worker] TRACE org.codehaus.griffon.runtime.core.controller.AbstractActionManager - Action for com.acme.ShiroController.user stored as user
[Test worker] DEBUG org.codehaus.griffon.runtime.core.artifact.AbstractArtifactManager - Searching for griffonClass of com.acme.ShiroModel
[Test worker] DEBUG org.codehaus.griffon.runtime.core.event.AbstractEventRouter - Triggering event 'NewInstance' synchronously
[Test worker] TRACE org.apache.shiro.subject.support.DelegatingSubject - attempting to get session; create = false; session is null = true; session has id = false
[Test worker] TRACE org.apache.shiro.authc.AbstractAuthenticator - Authentication attempt received for token [org.apache.shiro.authc.UsernamePasswordToken - bob, rememberMe=false]
[Test worker] DEBUG org.apache.shiro.realm.AuthenticatingRealm - Looked up AuthenticationInfo [bob] from doGetAuthenticationInfo
[Test worker] DEBUG org.apache.shiro.realm.AuthenticatingRealm - AuthenticationInfo caching is disabled for info [bob].  Submitted token: [org.apache.shiro.authc.UsernamePasswordToken - bob, rememberMe=false].
[Test worker] DEBUG org.apache.shiro.authc.credential.SimpleCredentialsMatcher - Performing credentials equality check for tokenCredentials of type [[C and accountCredentials of type [java.lang.String]
[Test worker] DEBUG org.apache.shiro.authc.credential.SimpleCredentialsMatcher - Both credentials arguments can be easily converted to byte arrays.  Performing array equals comparison
[Test worker] DEBUG org.apache.shiro.authc.AbstractAuthenticator - Authentication successful for token [org.apache.shiro.authc.UsernamePasswordToken - bob, rememberMe=false].  Returned account [bob]
[Test worker] DEBUG org.apache.shiro.subject.support.DefaultSubjectContext - No SecurityManager available in subject context map.  Falling back to SecurityUtils.getSecurityManager() lookup.
[Test worker] TRACE org.apache.shiro.util.ThreadContext - get() - in thread [Test worker]
[Test worker] TRACE org.apache.shiro.mgt.DefaultSecurityManager - Context already contains a SecurityManager instance.  Returning.
[Test worker] TRACE org.apache.shiro.subject.support.DelegatingSubject - attempting to get session; create = false; session is null = true; session has id = false
[Test worker] DEBUG org.apache.shiro.subject.support.DefaultSubjectContext - No SecurityManager available in subject context map.  Falling back to SecurityUtils.getSecurityManager() lookup.
[Test worker] TRACE org.apache.shiro.util.ThreadContext - get() - in thread [Test worker]
[Test worker] TRACE org.apache.shiro.subject.support.DelegatingSubject - attempting to get session; create = false; session is null = true; session has id = false
[Test worker] TRACE org.apache.shiro.subject.support.DelegatingSubject - attempting to get session; create = false; session is null = true; session has id = false
[Test worker] TRACE org.apache.shiro.subject.support.DelegatingSubject - attempting to get session; create = false; session is null = true; session has id = false
[Test worker] TRACE org.apache.shiro.subject.support.DelegatingSubject - attempting to get session; create = false; session is null = true; session has id = false
[Test worker] TRACE org.apache.shiro.subject.support.DelegatingSubject - attempting to get session; create = false; session is null = true; session has id = false
[Test worker] TRACE org.apache.shiro.subject.support.DelegatingSubject - attempting to get session; create = false; session is null = true; session has id = false
[Test worker] TRACE org.apache.shiro.subject.support.DelegatingSubject - attempting to get session; create = true; session is null = true; session has id = false
[Test worker] TRACE org.apache.shiro.subject.support.DelegatingSubject - Starting session for host null
[Test worker] DEBUG org.apache.shiro.session.mgt.AbstractValidatingSessionManager - No sessionValidationScheduler set.  Attempting to create default instance.
[Test worker] TRACE org.apache.shiro.session.mgt.AbstractValidatingSessionManager - Created default SessionValidationScheduler instance of type [org.apache.shiro.session.mgt.ExecutorServiceSessionValidationScheduler].
[Test worker] INFO org.apache.shiro.session.mgt.AbstractValidatingSessionManager - Enabling session validation scheduler...
[Test worker] TRACE org.apache.shiro.session.mgt.DefaultSessionManager - Creating session for host null
[Test worker] DEBUG org.apache.shiro.session.mgt.DefaultSessionManager - Creating new EIS record for new session instance [org.apache.shiro.session.mgt.SimpleSession,id=null]
[Test worker] TRACE org.apache.shiro.session.mgt.AbstractValidatingSessionManager - Attempting to retrieve session with key org.apache.shiro.session.mgt.DefaultSessionKey@5238d3a5
[Test worker] TRACE org.apache.shiro.subject.support.DelegatingSubject - attempting to get session; create = false; session is null = false; session has id = true
[Test worker] TRACE org.apache.shiro.session.mgt.AbstractValidatingSessionManager - Attempting to retrieve session with key org.apache.shiro.session.mgt.DefaultSessionKey@5238d3a5
[Test worker] TRACE org.apache.shiro.session.mgt.AbstractValidatingSessionManager - Attempting to retrieve session with key org.apache.shiro.session.mgt.DefaultSessionKey@5238d3a5
[Test worker] TRACE org.apache.shiro.mgt.DefaultSecurityManager - This org.apache.shiro.mgt.DefaultSecurityManager instance does not have a [org.apache.shiro.mgt.RememberMeManager] instance configured.  RememberMe services will not be performed for account [bob].
[Test worker] TRACE org.apache.shiro.subject.support.DelegatingSubject - attempting to get session; create = false; session is null = false; session has id = true
[Test worker] TRACE griffon.util.CompositeResourceBundle - Searching key=griffon.disable.threading.injection
[Test worker] TRACE griffon.util.CompositeResourceBundle - Searching key=griffon
[Test worker] DEBUG org.codehaus.griffon.runtime.core.controller.AbstractActionManager - Executing com.acme.ShiroController.permissions with policy OUTSIDE_UITHREAD
[Test worker] DEBUG org.codehaus.griffon.runtime.core.controller.AbstractActionManager - Executing 1 interceptor for com.acme.ShiroController.permissions
[Test worker] TRACE org.codehaus.griffon.runtime.core.controller.AbstractActionManager - Calling org.codehaus.griffon.runtime.shiro.ShiroActionInterceptor@50d96164.before() on com.acme.ShiroController.permissions
[Test worker] DEBUG org.codehaus.griffon.runtime.shiro.ShiroActionInterceptor - Evaluating security requirement RequirementConfiguration{requirement=PERMISSIONS, values=[user:write], logical=AND}
[Test worker] TRACE org.apache.shiro.subject.support.DelegatingSubject - attempting to get session; create = false; session is null = false; session has id = true
[Test worker] TRACE org.apache.shiro.session.mgt.AbstractValidatingSessionManager - Attempting to retrieve session with key org.apache.shiro.session.mgt.DefaultSessionKey@5238d3a5
[Test worker] TRACE org.apache.shiro.subject.support.DelegatingSubject - attempting to get session; create = false; session is null = false; session has id = true
[Test worker] TRACE org.apache.shiro.session.mgt.AbstractValidatingSessionManager - Attempting to retrieve session with key org.apache.shiro.session.mgt.DefaultSessionKey@5238d3a5
[Test worker] TRACE org.apache.shiro.realm.AuthorizingRealm - Retrieving AuthorizationInfo for principals [bob]
[Test worker] TRACE org.codehaus.griffon.runtime.core.controller.AbstractActionManager - Status before execution of com.acme.ShiroController.permissions is OK
[Test worker] TRACE org.codehaus.griffon.runtime.core.controller.AbstractActionManager - Status after execution of com.acme.ShiroController.permissions is OK
[Test worker] TRACE org.codehaus.griffon.runtime.core.controller.AbstractActionManager - Calling org.codehaus.griffon.runtime.shiro.ShiroActionInterceptor@50d96164.after() on com.acme.ShiroController.permissions
[Test worker] TRACE org.apache.shiro.subject.support.DelegatingSubject - attempting to get session; create = false; session is null = false; session has id = true
[Test worker] TRACE org.apache.shiro.session.mgt.AbstractValidatingSessionManager - Attempting to retrieve session with key org.apache.shiro.session.mgt.DefaultSessionKey@5238d3a5
[Test worker] TRACE org.apache.shiro.subject.support.DelegatingSubject - attempting to get session; create = false; session is null = false; session has id = true
[Test worker] TRACE org.apache.shiro.session.mgt.AbstractValidatingSessionManager - Attempting to retrieve session with key org.apache.shiro.session.mgt.DefaultSessionKey@5238d3a5
[Test worker] DEBUG org.apache.shiro.mgt.DefaultSecurityManager - Logging out subject with primary principal bob
[Test worker] TRACE org.apache.shiro.realm.CachingRealm - Cleared cache entries for account with principals [bob]
[Test worker] TRACE org.apache.shiro.subject.support.DelegatingSubject - attempting to get session; create = false; session is null = false; session has id = true
[Test worker] TRACE org.apache.shiro.session.mgt.AbstractValidatingSessionManager - Attempting to retrieve session with key org.apache.shiro.session.mgt.DefaultSessionKey@5238d3a5
[Test worker] TRACE org.apache.shiro.session.mgt.AbstractValidatingSessionManager - Attempting to retrieve session with key org.apache.shiro.session.mgt.DefaultSessionKey@5238d3a5
[Test worker] TRACE org.apache.shiro.subject.support.DelegatingSubject - attempting to get session; create = false; session is null = false; session has id = true
[Test worker] TRACE org.apache.shiro.session.mgt.AbstractValidatingSessionManager - Attempting to retrieve session with key org.apache.shiro.session.mgt.DefaultSessionKey@5238d3a5
[Test worker] DEBUG org.apache.shiro.session.mgt.AbstractSessionManager - Stopping session with id [1daccc00-b66f-424a-99b7-479f18d22c5d]
[Test worker] DEBUG org.codehaus.griffon.runtime.core.event.AbstractEventRouter - Triggering event 'ShutdownRequested' synchronously
[Test worker] INFO org.codehaus.griffon.runtime.core.DefaultGriffonApplication - Shutdown is in process
[Test worker] DEBUG org.codehaus.griffon.runtime.core.DefaultGriffonApplication - Shutdown stage 1: notify all event listeners
[Test worker] DEBUG org.codehaus.griffon.runtime.core.event.AbstractEventRouter - Adding listener org.codehaus.griffon.runtime.core.AbstractGriffonApplication$1 on ShutdownStart
[Test worker] DEBUG org.codehaus.griffon.runtime.core.event.AbstractEventRouter - Triggering event 'ShutdownStart' synchronously
[Test worker] DEBUG org.codehaus.griffon.runtime.core.DefaultGriffonApplication - Shutdown stage 2: notify all shutdown handlers
[Test worker] DEBUG org.codehaus.griffon.runtime.core.DefaultGriffonApplication - Shutdown stage 3: destroy all MVC groups
[Test worker] DEBUG org.codehaus.griffon.runtime.core.DefaultGriffonApplication - Shutdown stage 4: execute Shutdown script
[Test worker] TRACE griffon.util.CompositeResourceBundle - Searching key=application.lifecycle.handler.disable
[Test worker] TRACE griffon.util.CompositeResourceBundle - Searching key=application
[Test worker] INFO org.codehaus.griffon.runtime.core.DefaultApplicationBootstrapper - Griffon 2.0.0.BETA
[Test worker] INFO org.codehaus.griffon.runtime.core.DefaultApplicationBootstrapper - Build: 2014-06-20T11:04:31.572+0000
[Test worker] INFO org.codehaus.griffon.runtime.core.DefaultApplicationBootstrapper - JVM: 1.7.0_51 (Oracle Corporation 24.51-b03)
[Test worker] INFO org.codehaus.griffon.runtime.core.DefaultApplicationBootstrapper - OS: Linux 2.6.32-042stab079.5 amd64
[Test worker] DEBUG org.codehaus.griffon.runtime.core.DefaultApplicationBootstrapper - Creating module bindings
[Test worker] DEBUG griffon.util.AnnotationUtils - Current module order is [core, shiro, testApplicationBootstrapper$InnerClasses, testApplicationBootstrapper$Fields]
[Test worker] TRACE griffon.util.AnnotationUtils - Processing module 'core'
[Test worker] TRACE griffon.util.AnnotationUtils -   depends on '[]'
[Test worker] TRACE griffon.util.AnnotationUtils -   adding module 'core', since all dependencies have been added
[Test worker] TRACE griffon.util.AnnotationUtils - Processing module 'shiro'
[Test worker] TRACE griffon.util.AnnotationUtils -   depends on '[]'
[Test worker] TRACE griffon.util.AnnotationUtils -   adding module 'shiro', since all dependencies have been added
[Test worker] TRACE griffon.util.AnnotationUtils - Processing module 'testApplicationBootstrapper$InnerClasses'
[Test worker] TRACE griffon.util.AnnotationUtils -   depends on '[]'
[Test worker] TRACE griffon.util.AnnotationUtils -   adding module 'testApplicationBootstrapper$InnerClasses', since all dependencies have been added
[Test worker] TRACE griffon.util.AnnotationUtils - Processing module 'testApplicationBootstrapper$Fields'
[Test worker] TRACE griffon.util.AnnotationUtils -   depends on '[]'
[Test worker] TRACE griffon.util.AnnotationUtils -   adding module 'testApplicationBootstrapper$Fields', since all dependencies have been added
[Test worker] TRACE griffon.util.AnnotationUtils - module dependency ordering complete
[Test worker] DEBUG griffon.util.AnnotationUtils - computed module order is [core, shiro, testApplicationBootstrapper$InnerClasses, testApplicationBootstrapper$Fields]
[Test worker] DEBUG org.codehaus.griffon.runtime.core.DefaultApplicationBootstrapper - Loading module bindings from core:org.codehaus.griffon.runtime.core.DefaultApplicationModule@e3157a8
[Test worker] DEBUG org.codehaus.griffon.runtime.core.DefaultApplicationBootstrapper - Loading module bindings from shiro:org.codehaus.griffon.runtime.shiro.ShiroModule@4971dddf
[Test worker] DEBUG org.codehaus.griffon.runtime.core.DefaultApplicationBootstrapper - Loading module bindings from testApplicationBootstrapper$InnerClasses:org.codehaus.griffon.runtime.core.TestApplicationBootstrapper$InnerClassesModule@529d8124
[Test worker] DEBUG org.codehaus.griffon.runtime.core.DefaultApplicationBootstrapper - Loading module bindings from testApplicationBootstrapper$Fields:org.codehaus.griffon.runtime.core.TestApplicationBootstrapper$FieldsModule@62898cdb
[Test worker] TRACE org.codehaus.griffon.runtime.core.DefaultApplicationBootstrapper - InstanceBinding[source=griffon.core.GriffonApplication, instance=org.codehaus.griffon.runtime.core.DefaultGriffonApplication@696f551d, singleton=true]
[Test worker] TRACE org.codehaus.griffon.runtime.core.DefaultApplicationBootstrapper - TargetBinding[source=griffon.core.ApplicationClassLoader, target=org.codehaus.griffon.runtime.core.DefaultApplicationClassLoader, singleton=true]
[Test worker] TRACE org.codehaus.griffon.runtime.core.DefaultApplicationBootstrapper - TargetBinding[source=griffon.core.ApplicationConfigurer, target=org.codehaus.griffon.runtime.core.DefaultApplicationConfigurer, singleton=true]
[Test worker] TRACE org.codehaus.griffon.runtime.core.DefaultApplicationBootstrapper - TargetBinding[source=griffon.core.resources.ResourceHandler, target=org.codehaus.griffon.runtime.core.resources.DefaultResourceHandler, singleton=true]
[Test worker] TRACE org.codehaus.griffon.runtime.core.DefaultApplicationBootstrapper - TargetBinding[source=griffon.util.CompositeResourceBundleBuilder, target=org.codehaus.griffon.runtime.util.DefaultCompositeResourceBundleBuilder, singleton=true]
[Test worker] TRACE org.codehaus.griffon.runtime.core.DefaultApplicationBootstrapper - ProviderBinding[source=java.util.ResourceBundle, classifier=@javax.inject.Named(value=applicationResourceBundle), provider=org.codehaus.griffon.runtime.util.ResourceBundleProvider@c3d18ff, singleton=true]
[Test worker] TRACE org.codehaus.griffon.runtime.core.DefaultApplicationBootstrapper - TargetBinding[source=griffon.core.Configuration, target=org.codehaus.griffon.runtime.core.DefaultConfiguration, singleton=true]
[Test worker] TRACE org.codehaus.griffon.runtime.core.DefaultApplicationBootstrapper - TargetBinding[source=griffon.core.ExecutorServiceManager, target=org.codehaus.griffon.runtime.core.DefaultExecutorServiceManager, singleton=true]
[Test worker] TRACE org.codehaus.griffon.runtime.core.DefaultApplicationBootstrapper - TargetBinding[source=griffon.core.event.EventRouter, classifier=@javax.inject.Named(value=applicationEventRouter), target=org.codehaus.griffon.runtime.core.event.DefaultEventRouter, singleton=true]
[Test worker] TRACE org.codehaus.griffon.runtime.core.DefaultApplicationBootstrapper - TargetBinding[source=griffon.core.event.EventRouter, target=org.codehaus.griffon.runtime.core.event.DefaultEventRouter, singleton=false]
[Test worker] TRACE org.codehaus.griffon.runtime.core.DefaultApplicationBootstrapper - ProviderBinding[source=griffon.core.resources.ResourceResolver, classifier=@javax.inject.Named(value=applicationResourceResolver), provider=org.codehaus.griffon.runtime.core.resources.ResourceResolverProvider@7f34139f, singleton=true]
[Test worker] TRACE org.codehaus.griffon.runtime.core.DefaultApplicationBootstrapper - ProviderBinding[source=griffon.core.i18n.MessageSource, classifier=@javax.inject.Named(value=applicationMessageSource), provider=org.codehaus.griffon.runtime.core.i18n.MessageSourceProvider@33f46cf7, singleton=true]
[Test worker] TRACE org.codehaus.griffon.runtime.core.DefaultApplicationBootstrapper - TargetBinding[source=griffon.core.resources.ResourceInjector, classifier=@javax.inject.Named(value=applicationResourceInjector), target=org.codehaus.griffon.runtime.core.resources.DefaultApplicationResourceInjector, singleton=true]
[Test worker] TRACE org.codehaus.griffon.runtime.core.DefaultApplicationBootstrapper - TargetBinding[source=griffon.core.threading.UIThreadManager, target=org.codehaus.griffon.runtime.core.threading.DefaultUIThreadManager, singleton=true]
[Test worker] TRACE org.codehaus.griffon.runtime.core.DefaultApplicationBootstrapper - TargetBinding[source=griffon.core.mvc.MVCGroupManager, target=org.codehaus.griffon.runtime.core.mvc.DefaultMVCGroupManager, singleton=true]
[Test worker] TRACE org.codehaus.griffon.runtime.core.DefaultApplicationBootstrapper - ProviderBinding[source=griffon.core.LifecycleHandler, classifier=@javax.inject.Named(value=Initialize), provider=org.codehaus.griffon.runtime.core.LifecycleHandlerProvider@741de6c6, singleton=true]
[Test worker] TRACE org.codehaus.griffon.runtime.core.DefaultApplicationBootstrapper - ProviderBinding[source=griffon.core.LifecycleHandler, classifier=@javax.inject.Named(value=Startup), provider=org.codehaus.griffon.runtime.core.LifecycleHandlerProvider@571a0cb8, singleton=true]
[Test worker] TRACE org.codehaus.griffon.runtime.core.DefaultApplicationBootstrapper - ProviderBinding[source=griffon.core.LifecycleHandler, classifier=@javax.inject.Named(value=Ready), provider=org.codehaus.griffon.runtime.core.LifecycleHandlerProvider@6f3930b4, singleton=true]
[Test worker] TRACE org.codehaus.griffon.runtime.core.DefaultApplicationBootstrapper - ProviderBinding[source=griffon.core.LifecycleHandler, classifier=@javax.inject.Named(value=Shutdown), provider=org.codehaus.griffon.runtime.core.LifecycleHandlerProvider@13acb278, singleton=true]
[Test worker] TRACE org.codehaus.griffon.runtime.core.DefaultApplicationBootstrapper - ProviderBinding[source=griffon.core.LifecycleHandler, classifier=@javax.inject.Named(value=Stop), provider=org.codehaus.griffon.runtime.core.LifecycleHandlerProvider@2ef8ee5f, singleton=true]
[Test worker] TRACE org.codehaus.griffon.runtime.core.DefaultApplicationBootstrapper - TargetBinding[source=griffon.core.view.WindowManager, target=org.codehaus.griffon.runtime.core.view.NoopWindowManager, singleton=true]
[Test worker] TRACE org.codehaus.griffon.runtime.core.DefaultApplicationBootstrapper - TargetBinding[source=griffon.core.controller.ActionManager, target=org.codehaus.griffon.runtime.core.controller.DefaultActionManager, singleton=true]
[Test worker] TRACE org.codehaus.griffon.runtime.core.DefaultApplicationBootstrapper - TargetBinding[source=griffon.core.artifact.ArtifactManager, target=org.codehaus.griffon.runtime.core.artifact.DefaultArtifactManager, singleton=true]
[Test worker] TRACE org.codehaus.griffon.runtime.core.DefaultApplicationBootstrapper - TargetBinding[source=griffon.core.artifact.ArtifactHandler, classifier=@griffon.inject.Typed(value=interface griffon.core.artifact.GriffonModel), target=org.codehaus.griffon.runtime.core.artifact.ModelArtifactHandler, singleton=true]
[Test worker] TRACE org.codehaus.griffon.runtime.core.DefaultApplicationBootstrapper - TargetBinding[source=griffon.core.artifact.ArtifactHandler, classifier=@griffon.inject.Typed(value=interface griffon.core.artifact.GriffonView), target=org.codehaus.griffon.runtime.core.artifact.ViewArtifactHandler, singleton=true]
[Test worker] TRACE org.codehaus.griffon.runtime.core.DefaultApplicationBootstrapper - TargetBinding[source=griffon.core.artifact.ArtifactHandler, classifier=@griffon.inject.Typed(value=interface griffon.core.artifact.GriffonController), target=org.codehaus.griffon.runtime.core.artifact.ControllerArtifactHandler, singleton=true]
[Test worker] TRACE org.codehaus.griffon.runtime.core.DefaultApplicationBootstrapper - TargetBinding[source=griffon.core.artifact.ArtifactHandler, classifier=@griffon.inject.Typed(value=interface griffon.core.artifact.GriffonService), target=org.codehaus.griffon.runtime.core.artifact.ServiceArtifactHandler, singleton=true]
[Test worker] TRACE org.codehaus.griffon.runtime.core.DefaultApplicationBootstrapper - ProviderTypeBinding[source=griffon.core.PlatformHandler, providerType=class org.codehaus.griffon.runtime.core.PlatformHandlerProvider, singleton=true]
[Test worker] TRACE org.codehaus.griffon.runtime.core.DefaultApplicationBootstrapper - TargetBinding[source=griffon.core.addon.AddonManager, target=org.codehaus.griffon.runtime.core.addon.DefaultAddonManager, singleton=true]
[Test worker] TRACE org.codehaus.griffon.runtime.core.DefaultApplicationBootstrapper - TargetBinding[source=griffon.core.event.EventHandler, target=org.codehaus.griffon.runtime.core.event.DefaultEventHandler, singleton=true]
[Test worker] TRACE org.codehaus.griffon.runtime.core.DefaultApplicationBootstrapper - TargetBinding[source=griffon.core.GriffonExceptionHandler, target=griffon.core.GriffonExceptionHandler, singleton=true]
[Test worker] TRACE org.codehaus.griffon.runtime.core.DefaultApplicationBootstrapper - ProviderTypeBinding[source=org.apache.shiro.mgt.SecurityManager, providerType=class org.codehaus.griffon.runtime.shiro.SecurityManagerProvider, singleton=true]
[Test worker] TRACE org.codehaus.griffon.runtime.core.DefaultApplicationBootstrapper - ProviderTypeBinding[source=org.apache.shiro.subject.Subject, providerType=class org.codehaus.griffon.runtime.shiro.SubjectProvider, singleton=true]
[Test worker] TRACE org.codehaus.griffon.runtime.core.DefaultApplicationBootstrapper - TargetBinding[source=griffon.plugins.shiro.SecurityFailureHandler, target=org.codehaus.griffon.runtime.shiro.DefaultSecurityFailureHandler, singleton=true]
[Test worker] TRACE org.codehaus.griffon.runtime.core.DefaultApplicationBootstrapper - TargetBinding[source=griffon.core.controller.ActionInterceptor, target=org.codehaus.griffon.runtime.shiro.ShiroActionInterceptor, singleton=true]
[Test worker] DEBUG org.codehaus.griffon.runtime.core.DefaultApplicationBootstrapper - Creating application injector
[Test worker] DEBUG org.codehaus.griffon.runtime.core.DefaultApplicationBootstrapper - Injector will be created by org.codehaus.griffon.runtime.injection.GuiceInjectorFactory@3a90fca1
[Test worker] DEBUG org.codehaus.griffon.runtime.core.event.AbstractEventRouter - Adding listener org.codehaus.griffon.runtime.core.MVCGroupExceptionHandler on UncaughtMVCGroupConfigurationException
[Test worker] DEBUG org.codehaus.griffon.runtime.core.event.AbstractEventRouter - Adding listener org.codehaus.griffon.runtime.core.MVCGroupExceptionHandler on UncaughtMVCGroupInstantiationException
[Test worker] DEBUG org.codehaus.griffon.runtime.core.event.AbstractEventRouter - Triggering event 'BootstrapStart' synchronously
[Test worker] DEBUG griffon.util.ServiceLoaderUtils - Reading java.beans.PropertyEditor definitions from jar:file:/home/travis/build/griffon/griffon/subprojects/griffon-core/build/libs/griffon-core-2.0.0.BETA.jar!/META-INF/editors/java.beans.PropertyEditor
[Test worker] DEBUG org.codehaus.griffon.runtime.core.DefaultApplicationConfigurer - Registering griffon.core.editors.StringPropertyEditor as editor for java.lang.String
[Test worker] DEBUG org.codehaus.griffon.runtime.core.DefaultApplicationConfigurer - Registering griffon.core.editors.FilePropertyEditor as editor for java.io.File
[Test worker] DEBUG org.codehaus.griffon.runtime.core.DefaultApplicationConfigurer - Registering griffon.core.editors.URLPropertyEditor as editor for java.net.URL
[Test worker] DEBUG org.codehaus.griffon.runtime.core.DefaultApplicationConfigurer - Registering griffon.core.editors.URIPropertyEditor as editor for java.net.URI
[Test worker] DEBUG org.codehaus.griffon.runtime.core.DefaultApplicationConfigurer - Registering griffon.core.editors.BigDecimalPropertyEditor as editor for java.math.BigDecimal
[Test worker] DEBUG org.codehaus.griffon.runtime.core.DefaultApplicationConfigurer - Registering griffon.core.editors.BigIntegerPropertyEditor as editor for java.math.BigInteger
[Test worker] DEBUG org.codehaus.griffon.runtime.core.DefaultApplicationConfigurer - Registering griffon.core.editors.BooleanPropertyEditor as editor for java.lang.Boolean
[Test worker] DEBUG org.codehaus.griffon.runtime.core.DefaultApplicationConfigurer - Registering griffon.core.editors.BytePropertyEditor as editor for java.lang.Byte
[Test worker] DEBUG org.codehaus.griffon.runtime.core.DefaultApplicationConfigurer - Registering griffon.core.editors.ShortPropertyEditor as editor for java.lang.Short
[Test worker] DEBUG org.codehaus.griffon.runtime.core.DefaultApplicationConfigurer - Registering griffon.core.editors.IntegerPropertyEditor as editor for java.lang.Integer
[Test worker] DEBUG org.codehaus.griffon.runtime.core.DefaultApplicationConfigurer - Registering griffon.core.editors.LongPropertyEditor as editor for java.lang.Long
[Test worker] DEBUG org.codehaus.griffon.runtime.core.DefaultApplicationConfigurer - Registering griffon.core.editors.FloatPropertyEditor as editor for java.lang.Float
[Test worker] DEBUG org.codehaus.griffon.runtime.core.DefaultApplicationConfigurer - Registering griffon.core.editors.DoublePropertyEditor as editor for java.lang.Double
[Test worker] DEBUG org.codehaus.griffon.runtime.core.DefaultApplicationConfigurer - Registering griffon.core.editors.CalendarPropertyEditor as editor for java.util.Calendar
[Test worker] DEBUG org.codehaus.griffon.runtime.core.DefaultApplicationConfigurer - Registering griffon.core.editors.DatePropertyEditor as editor for java.util.Date
[Test worker] DEBUG org.codehaus.griffon.runtime.core.DefaultApplicationConfigurer - Registering griffon.core.editors.BooleanPropertyEditor as editor for boolean
[Test worker] DEBUG org.codehaus.griffon.runtime.core.DefaultApplicationConfigurer - Registering griffon.core.editors.BytePropertyEditor as editor for byte
[Test worker] DEBUG org.codehaus.griffon.runtime.core.DefaultApplicationConfigurer - Registering griffon.core.editors.ShortPropertyEditor as editor for short
[Test worker] DEBUG org.codehaus.griffon.runtime.core.DefaultApplicationConfigurer - Registering griffon.core.editors.IntegerPropertyEditor as editor for int
[Test worker] DEBUG org.codehaus.griffon.runtime.core.DefaultApplicationConfigurer - Registering griffon.core.editors.LongPropertyEditor as editor for long
[Test worker] DEBUG org.codehaus.griffon.runtime.core.DefaultApplicationConfigurer - Registering griffon.core.editors.FloatPropertyEditor as editor for float
[Test worker] DEBUG org.codehaus.griffon.runtime.core.DefaultApplicationConfigurer - Registering griffon.core.editors.DoublePropertyEditor as editor for double
[Test worker] DEBUG org.codehaus.griffon.runtime.core.event.AbstractEventRouter - Adding listener org.codehaus.griffon.runtime.core.DefaultApplicationConfigurer$2 on NewInstance
[Test worker] TRACE griffon.util.CompositeResourceBundle - Searching key=application.lifecycle.handler.disable
[Test worker] TRACE griffon.util.CompositeResourceBundle - Searching key=application
[Test worker] TRACE griffon.util.CompositeResourceBundle - Searching key=platform.handler.linux64
[Test worker] TRACE griffon.util.CompositeResourceBundle - Searching key=platform
[Test worker] DEBUG org.codehaus.griffon.runtime.core.PlatformHandlerProvider - Using org.codehaus.griffon.runtime.core.DefaultPlatformHandler as PlatformHandler
[Test worker] DEBUG org.codehaus.griffon.runtime.core.addon.AbstractAddonManager - Loading addons [START]
[Test worker] DEBUG griffon.util.AnnotationUtils - computed addon order is []
[Test worker] DEBUG org.codehaus.griffon.runtime.core.event.AbstractEventRouter - Triggering event 'LoadAddonsStart' synchronously
[Test worker] DEBUG org.codehaus.griffon.runtime.core.addon.AbstractAddonManager - Loading addons [END]
[Test worker] DEBUG org.codehaus.griffon.runtime.core.event.AbstractEventRouter - Triggering event 'LoadAddonsEnd' synchronously
[Test worker] TRACE griffon.util.CompositeResourceBundle - Searching key=mvcGroups
[Test worker] TRACE griffon.util.CompositeResourceBundle - Searching key=mvcGroups
[Test worker] DEBUG org.codehaus.griffon.runtime.core.event.AbstractEventRouter - Adding listener org.codehaus.griffon.runtime.core.DefaultApplicationConfigurer$3 on NewInstance
[Test worker] TRACE griffon.util.CompositeResourceBundle - Searching key=shiro.realm.resource.path
[Test worker] TRACE griffon.util.CompositeResourceBundle - Searching key=shiro
[Test worker] DEBUG org.apache.shiro.realm.text.PropertiesRealm - Loading user security information from file [classpath:shiro-users.properties]...
[Test worker] DEBUG org.apache.shiro.realm.text.PropertiesRealm - Opening input stream for path [classpath:shiro-users.properties]...
[Test worker] DEBUG org.apache.shiro.io.ResourceUtils - Opening resource from class path [shiro-users.properties]
[Test worker] DEBUG org.apache.shiro.realm.text.PropertiesRealm - Loading properties from path [classpath:shiro-users.properties]...
[Test worker] TRACE org.apache.shiro.realm.text.PropertiesRealm - Processing properties line - key: [user.joe], value: [joe,employee].
[Test worker] TRACE org.apache.shiro.realm.text.PropertiesRealm - Processing properties line - key: [user.bob], value: [bob,manager,employee].
[Test worker] TRACE org.apache.shiro.realm.text.PropertiesRealm - Processing properties line - key: [role.administrator], value: [*].
[Test worker] TRACE org.apache.shiro.realm.text.PropertiesRealm - Processing properties line - key: [role.manager], value: [user:write].
[Test worker] TRACE org.apache.shiro.realm.text.PropertiesRealm - Processing properties line - key: [user.root], value: [root,administrator,manager].
[Test worker] TRACE org.apache.shiro.realm.text.PropertiesRealm - Processing properties line - key: [role.employee], value: [user:read].
[Test worker] TRACE org.apache.shiro.util.ThreadContext - get() - in thread [Test worker]
[Test worker] TRACE org.apache.shiro.util.ThreadContext - Retrieved value of type [org.apache.shiro.subject.support.DelegatingSubject] for key [org.apache.shiro.util.ThreadContext_SUBJECT_KEY] bound to thread [Test worker]
[Test worker] TRACE griffon.util.CompositeResourceBundle - Searching key=griffon.controller.action.interceptor.order
[Test worker] TRACE griffon.util.CompositeResourceBundle - Searching key=griffon
[Test worker] DEBUG griffon.util.AnnotationUtils - Current interceptor order is [shiro]
[Test worker] TRACE griffon.util.AnnotationUtils - Processing interceptor 'shiro'
[Test worker] TRACE griffon.util.AnnotationUtils -   depends on '[]'
[Test worker] TRACE griffon.util.AnnotationUtils -   adding interceptor 'shiro', since all dependencies have been added
[Test worker] TRACE griffon.util.AnnotationUtils - interceptor dependency ordering complete
[Test worker] DEBUG griffon.util.AnnotationUtils - computed interceptor order is [shiro]
[Test worker] DEBUG org.codehaus.griffon.runtime.core.artifact.AbstractArtifactManager - Registering artifact handler for type 'model': org.codehaus.griffon.runtime.core.artifact.ModelArtifactHandler@414c103e
[Test worker] DEBUG org.codehaus.griffon.runtime.core.artifact.AbstractArtifactManager - Registering artifact handler for type 'view': org.codehaus.griffon.runtime.core.artifact.ViewArtifactHandler@68be77ef
[Test worker] DEBUG org.codehaus.griffon.runtime.core.artifact.AbstractArtifactManager - Registering artifact handler for type 'controller': org.codehaus.griffon.runtime.core.artifact.ControllerArtifactHandler@30b421a2
[Test worker] DEBUG org.codehaus.griffon.runtime.core.artifact.AbstractArtifactManager - Registering artifact handler for type 'service': org.codehaus.griffon.runtime.core.artifact.ServiceArtifactHandler@20c2ba9
[Test worker] DEBUG griffon.util.ServiceLoaderUtils - Reading griffon.core.artifact.GriffonController definitions from file:/home/travis/build/griffon/griffon/plugins/griffon-shiro-plugin/build/classes/test/META-INF/griffon/griffon.core.artifact.GriffonController
[Test worker] DEBUG griffon.util.ServiceLoaderUtils - Reading griffon.core.artifact.GriffonModel definitions from file:/home/travis/build/griffon/griffon/plugins/griffon-shiro-plugin/build/classes/test/META-INF/griffon/griffon.core.artifact.GriffonModel
[Test worker] DEBUG org.codehaus.griffon.runtime.core.artifact.DefaultArtifactManager - Artifacts of type 'controller' = 1
[Test worker] DEBUG org.codehaus.griffon.runtime.core.artifact.DefaultArtifactManager - Artifacts of type 'model' = 1
[Test worker] TRACE org.codehaus.griffon.runtime.core.artifact.AbstractArtifactManager - InstanceBinding[source=griffon.core.artifact.GriffonClass, classifier=@griffon.inject.Typed(value=class com.acme.ShiroController), instance=Artifact[controller] > Shiro, singleton=true]
[Test worker] TRACE org.codehaus.griffon.runtime.core.artifact.AbstractArtifactManager - TargetBinding[source=com.acme.ShiroController, target=com.acme.ShiroController, singleton=false]
[Test worker] TRACE org.codehaus.griffon.runtime.core.artifact.AbstractArtifactManager - InstanceBinding[source=griffon.core.artifact.GriffonClass, classifier=@griffon.inject.Typed(value=class com.acme.ShiroModel), instance=Artifact[model] > Shiro, singleton=true]
[Test worker] TRACE org.codehaus.griffon.runtime.core.artifact.AbstractArtifactManager - TargetBinding[source=com.acme.ShiroModel, target=com.acme.ShiroModel, singleton=false]
[Test worker] DEBUG org.codehaus.griffon.runtime.core.event.AbstractEventRouter - Triggering event 'BootstrapEnd' synchronously
[Test worker] DEBUG org.codehaus.griffon.runtime.core.artifact.AbstractArtifactManager - Searching for griffonClass of com.acme.ShiroController
[Test worker] DEBUG org.codehaus.griffon.runtime.core.event.AbstractEventRouter - Triggering event 'NewInstance' synchronously
[Test worker] DEBUG org.codehaus.griffon.runtime.core.artifact.AbstractArtifactManager - Searching for griffonClass of com.acme.ShiroController
[Test worker] TRACE griffon.util.CompositeResourceBundle - Searching key=com.acme.ShiroController.action.Authenticated.name
[Test worker] TRACE griffon.util.CompositeResourceBundle - Searching key=application.action.Authenticated.name
[Test worker] TRACE org.codehaus.griffon.runtime.core.controller.AbstractActionManager - com.acme.ShiroController.action.Authenticated.name = Authenticated
[Test worker] DEBUG org.codehaus.griffon.runtime.core.controller.AbstractActionManager - Configuring action com.acme.ShiroController.authenticated with org.codehaus.griffon.runtime.shiro.ShiroActionInterceptor@4ae23d66
[Test worker] TRACE org.codehaus.griffon.runtime.core.controller.AbstractActionManager - Action for com.acme.ShiroController.authenticated stored as authenticated
[Test worker] TRACE griffon.util.CompositeResourceBundle - Searching key=com.acme.ShiroController.action.Guest.name
[Test worker] TRACE griffon.util.CompositeResourceBundle - Searching key=application.action.Guest.name
[Test worker] TRACE org.codehaus.griffon.runtime.core.controller.AbstractActionManager - com.acme.ShiroController.action.Guest.name = Guest
[Test worker] DEBUG org.codehaus.griffon.runtime.core.controller.AbstractActionManager - Configuring action com.acme.ShiroController.guest with org.codehaus.griffon.runtime.shiro.ShiroActionInterceptor@4ae23d66
[Test worker] TRACE org.codehaus.griffon.runtime.core.controller.AbstractActionManager - Action for com.acme.ShiroController.guest stored as guest
[Test worker] TRACE griffon.util.CompositeResourceBundle - Searching key=com.acme.ShiroController.action.Permissions.name
[Test worker] TRACE griffon.util.CompositeResourceBundle - Searching key=application.action.Permissions.name
[Test worker] TRACE org.codehaus.griffon.runtime.core.controller.AbstractActionManager - com.acme.ShiroController.action.Permissions.name = Permissions
[Test worker] DEBUG org.codehaus.griffon.runtime.core.controller.AbstractActionManager - Configuring action com.acme.ShiroController.permissions with org.codehaus.griffon.runtime.shiro.ShiroActionInterceptor@4ae23d66
[Test worker] TRACE org.codehaus.griffon.runtime.core.controller.AbstractActionManager - Action for com.acme.ShiroController.permissions stored as permissions
[Test worker] TRACE griffon.util.CompositeResourceBundle - Searching key=com.acme.ShiroController.action.Roles.name
[Test worker] TRACE griffon.util.CompositeResourceBundle - Searching key=application.action.Roles.name
[Test worker] TRACE org.codehaus.griffon.runtime.core.controller.AbstractActionManager - com.acme.ShiroController.action.Roles.name = Roles
[Test worker] DEBUG org.codehaus.griffon.runtime.core.controller.AbstractActionManager - Configuring action com.acme.ShiroController.roles with org.codehaus.griffon.runtime.shiro.ShiroActionInterceptor@4ae23d66
[Test worker] TRACE org.codehaus.griffon.runtime.core.controller.AbstractActionManager - Action for com.acme.ShiroController.roles stored as roles
[Test worker] TRACE griffon.util.CompositeResourceBundle - Searching key=com.acme.ShiroController.action.User.name
[Test worker] TRACE griffon.util.CompositeResourceBundle - Searching key=application.action.User.name
[Test worker] TRACE org.codehaus.griffon.runtime.core.controller.AbstractActionManager - com.acme.ShiroController.action.User.name = User
[Test worker] DEBUG org.codehaus.griffon.runtime.core.controller.AbstractActionManager - Configuring action com.acme.ShiroController.user with org.codehaus.griffon.runtime.shiro.ShiroActionInterceptor@4ae23d66
[Test worker] TRACE org.codehaus.griffon.runtime.core.controller.AbstractActionManager - Action for com.acme.ShiroController.user stored as user
[Test worker] DEBUG org.codehaus.griffon.runtime.core.artifact.AbstractArtifactManager - Searching for griffonClass of com.acme.ShiroModel
[Test worker] DEBUG org.codehaus.griffon.runtime.core.event.AbstractEventRouter - Triggering event 'NewInstance' synchronously
[Test worker] TRACE org.apache.shiro.subject.support.DelegatingSubject - attempting to get session; create = false; session is null = true; session has id = false
[Test worker] TRACE org.apache.shiro.authc.AbstractAuthenticator - Authentication attempt received for token [org.apache.shiro.authc.UsernamePasswordToken - joe, rememberMe=false]
[Test worker] DEBUG org.apache.shiro.realm.AuthenticatingRealm - Looked up AuthenticationInfo [joe] from doGetAuthenticationInfo
[Test worker] DEBUG org.apache.shiro.realm.AuthenticatingRealm - AuthenticationInfo caching is disabled for info [joe].  Submitted token: [org.apache.shiro.authc.UsernamePasswordToken - joe, rememberMe=false].
[Test worker] DEBUG org.apache.shiro.authc.credential.SimpleCredentialsMatcher - Performing credentials equality check for tokenCredentials of type [[C and accountCredentials of type [java.lang.String]
[Test worker] DEBUG org.apache.shiro.authc.credential.SimpleCredentialsMatcher - Both credentials arguments can be easily converted to byte arrays.  Performing array equals comparison
[Test worker] DEBUG org.apache.shiro.authc.AbstractAuthenticator - Authentication successful for token [org.apache.shiro.authc.UsernamePasswordToken - joe, rememberMe=false].  Returned account [joe]
[Test worker] DEBUG org.apache.shiro.subject.support.DefaultSubjectContext - No SecurityManager available in subject context map.  Falling back to SecurityUtils.getSecurityManager() lookup.
[Test worker] TRACE org.apache.shiro.util.ThreadContext - get() - in thread [Test worker]
[Test worker] TRACE org.apache.shiro.mgt.DefaultSecurityManager - Context already contains a SecurityManager instance.  Returning.
[Test worker] TRACE org.apache.shiro.subject.support.DelegatingSubject - attempting to get session; create = false; session is null = true; session has id = false
[Test worker] DEBUG org.apache.shiro.subject.support.DefaultSubjectContext - No SecurityManager available in subject context map.  Falling back to SecurityUtils.getSecurityManager() lookup.
[Test worker] TRACE org.apache.shiro.util.ThreadContext - get() - in thread [Test worker]
[Test worker] TRACE org.apache.shiro.subject.support.DelegatingSubject - attempting to get session; create = false; session is null = true; session has id = false
[Test worker] TRACE org.apache.shiro.subject.support.DelegatingSubject - attempting to get session; create = false; session is null = true; session has id = false
[Test worker] TRACE org.apache.shiro.subject.support.DelegatingSubject - attempting to get session; create = false; session is null = true; session has id = false
[Test worker] TRACE org.apache.shiro.subject.support.DelegatingSubject - attempting to get session; create = false; session is null = true; session has id = false
[Test worker] TRACE org.apache.shiro.subject.support.DelegatingSubject - attempting to get session; create = false; session is null = true; session has id = false
[Test worker] TRACE org.apache.shiro.subject.support.DelegatingSubject - attempting to get session; create = false; session is null = true; session has id = false
[Test worker] TRACE org.apache.shiro.subject.support.DelegatingSubject - attempting to get session; create = true; session is null = true; session has id = false
[Test worker] TRACE org.apache.shiro.subject.support.DelegatingSubject - Starting session for host null
[Test worker] DEBUG org.apache.shiro.session.mgt.AbstractValidatingSessionManager - No sessionValidationScheduler set.  Attempting to create default instance.
[Test worker] TRACE org.apache.shiro.session.mgt.AbstractValidatingSessionManager - Created default SessionValidationScheduler instance of type [org.apache.shiro.session.mgt.ExecutorServiceSessionValidationScheduler].
[Test worker] INFO org.apache.shiro.session.mgt.AbstractValidatingSessionManager - Enabling session validation scheduler...
[Test worker] TRACE org.apache.shiro.session.mgt.DefaultSessionManager - Creating session for host null
[Test worker] DEBUG org.apache.shiro.session.mgt.DefaultSessionManager - Creating new EIS record for new session instance [org.apache.shiro.session.mgt.SimpleSession,id=null]
[Test worker] TRACE org.apache.shiro.session.mgt.AbstractValidatingSessionManager - Attempting to retrieve session with key org.apache.shiro.session.mgt.DefaultSessionKey@41325e61
[Test worker] TRACE org.apache.shiro.subject.support.DelegatingSubject - attempting to get session; create = false; session is null = false; session has id = true
[Test worker] TRACE org.apache.shiro.session.mgt.AbstractValidatingSessionManager - Attempting to retrieve session with key org.apache.shiro.session.mgt.DefaultSessionKey@41325e61
[Test worker] TRACE org.apache.shiro.session.mgt.AbstractValidatingSessionManager - Attempting to retrieve session with key org.apache.shiro.session.mgt.DefaultSessionKey@41325e61
[Test worker] TRACE org.apache.shiro.mgt.DefaultSecurityManager - This org.apache.shiro.mgt.DefaultSecurityManager instance does not have a [org.apache.shiro.mgt.RememberMeManager] instance configured.  RememberMe services will not be performed for account [joe].
[Test worker] TRACE org.apache.shiro.subject.support.DelegatingSubject - attempting to get session; create = false; session is null = false; session has id = true
[Test worker] TRACE griffon.util.CompositeResourceBundle - Searching key=griffon.disable.threading.injection
[Test worker] TRACE griffon.util.CompositeResourceBundle - Searching key=griffon
[Test worker] DEBUG org.codehaus.griffon.runtime.core.controller.AbstractActionManager - Executing com.acme.ShiroController.guest with policy OUTSIDE_UITHREAD
[Test worker] DEBUG org.codehaus.griffon.runtime.core.controller.AbstractActionManager - Executing 1 interceptor for com.acme.ShiroController.guest
[Test worker] TRACE org.codehaus.griffon.runtime.core.controller.AbstractActionManager - Calling org.codehaus.griffon.runtime.shiro.ShiroActionInterceptor@4ae23d66.before() on com.acme.ShiroController.guest
[Test worker] DEBUG org.codehaus.griffon.runtime.shiro.ShiroActionInterceptor - Evaluating security requirement RequirementConfiguration{requirement=GUEST, values=[], logical=AND}
[Test worker] TRACE org.apache.shiro.subject.support.DelegatingSubject - attempting to get session; create = false; session is null = false; session has id = true
[Test worker] TRACE org.apache.shiro.session.mgt.AbstractValidatingSessionManager - Attempting to retrieve session with key org.apache.shiro.session.mgt.DefaultSessionKey@41325e61
[Test worker] DEBUG org.codehaus.griffon.runtime.shiro.ShiroActionInterceptor - Subject did not meet expected security requirements.
[Test worker] INFO org.codehaus.griffon.runtime.shiro.DefaultSecurityFailureHandler - Subject failed guest challenge on com.acme.ShiroController.guest
[Test worker] DEBUG org.codehaus.griffon.runtime.core.controller.AbstractActionManager - Execution of com.acme.ShiroController.guest was aborted by org.codehaus.griffon.runtime.shiro.ShiroActionInterceptor@4ae23d66
[Test worker] TRACE org.codehaus.griffon.runtime.core.controller.AbstractActionManager - Status before execution of com.acme.ShiroController.guest is ABORTED
[Test worker] TRACE org.codehaus.griffon.runtime.core.controller.AbstractActionManager - Calling org.codehaus.griffon.runtime.shiro.ShiroActionInterceptor@4ae23d66.after() on com.acme.ShiroController.guest
[Test worker] TRACE org.apache.shiro.subject.support.DelegatingSubject - attempting to get session; create = false; session is null = false; session has id = true
[Test worker] TRACE org.apache.shiro.session.mgt.AbstractValidatingSessionManager - Attempting to retrieve session with key org.apache.shiro.session.mgt.DefaultSessionKey@41325e61
[Test worker] TRACE org.apache.shiro.subject.support.DelegatingSubject - attempting to get session; create = false; session is null = false; session has id = true
[Test worker] TRACE org.apache.shiro.session.mgt.AbstractValidatingSessionManager - Attempting to retrieve session with key org.apache.shiro.session.mgt.DefaultSessionKey@41325e61
[Test worker] DEBUG org.apache.shiro.mgt.DefaultSecurityManager - Logging out subject with primary principal joe
[Test worker] TRACE org.apache.shiro.realm.CachingRealm - Cleared cache entries for account with principals [joe]
[Test worker] TRACE org.apache.shiro.subject.support.DelegatingSubject - attempting to get session; create = false; session is null = false; session has id = true
[Test worker] TRACE org.apache.shiro.session.mgt.AbstractValidatingSessionManager - Attempting to retrieve session with key org.apache.shiro.session.mgt.DefaultSessionKey@41325e61
[Test worker] TRACE org.apache.shiro.session.mgt.AbstractValidatingSessionManager - Attempting to retrieve session with key org.apache.shiro.session.mgt.DefaultSessionKey@41325e61
[Test worker] TRACE org.apache.shiro.subject.support.DelegatingSubject - attempting to get session; create = false; session is null = false; session has id = true
[Test worker] TRACE org.apache.shiro.session.mgt.AbstractValidatingSessionManager - Attempting to retrieve session with key org.apache.shiro.session.mgt.DefaultSessionKey@41325e61
[Test worker] DEBUG org.apache.shiro.session.mgt.AbstractSessionManager - Stopping session with id [21ed1363-9478-4150-b7a6-5cc633fa29b9]
[Test worker] DEBUG org.codehaus.griffon.runtime.core.event.AbstractEventRouter - Triggering event 'ShutdownRequested' synchronously
[Test worker] INFO org.codehaus.griffon.runtime.core.DefaultGriffonApplication - Shutdown is in process
[Test worker] DEBUG org.codehaus.griffon.runtime.core.DefaultGriffonApplication - Shutdown stage 1: notify all event listeners
[Test worker] DEBUG org.codehaus.griffon.runtime.core.event.AbstractEventRouter - Adding listener org.codehaus.griffon.runtime.core.AbstractGriffonApplication$1 on ShutdownStart
[Test worker] DEBUG org.codehaus.griffon.runtime.core.event.AbstractEventRouter - Triggering event 'ShutdownStart' synchronously
[Test worker] DEBUG org.codehaus.griffon.runtime.core.DefaultGriffonApplication - Shutdown stage 2: notify all shutdown handlers
[Test worker] DEBUG org.codehaus.griffon.runtime.core.DefaultGriffonApplication - Shutdown stage 3: destroy all MVC groups
[Test worker] DEBUG org.codehaus.griffon.runtime.core.DefaultGriffonApplication - Shutdown stage 4: execute Shutdown script
[Test worker] TRACE griffon.util.CompositeResourceBundle - Searching key=application.lifecycle.handler.disable
[Test worker] TRACE griffon.util.CompositeResourceBundle - Searching key=application
[Test worker] INFO org.codehaus.griffon.runtime.core.DefaultApplicationBootstrapper - Griffon 2.0.0.BETA
[Test worker] INFO org.codehaus.griffon.runtime.core.DefaultApplicationBootstrapper - Build: 2014-06-20T11:04:31.572+0000
[Test worker] INFO org.codehaus.griffon.runtime.core.DefaultApplicationBootstrapper - JVM: 1.7.0_51 (Oracle Corporation 24.51-b03)
[Test worker] INFO org.codehaus.griffon.runtime.core.DefaultApplicationBootstrapper - OS: Linux 2.6.32-042stab079.5 amd64
[Test worker] DEBUG org.codehaus.griffon.runtime.core.DefaultApplicationBootstrapper - Creating module bindings
[Test worker] DEBUG griffon.util.AnnotationUtils - Current module order is [core, shiro, testApplicationBootstrapper$InnerClasses, testApplicationBootstrapper$Fields]
[Test worker] TRACE griffon.util.AnnotationUtils - Processing module 'core'
[Test worker] TRACE griffon.util.AnnotationUtils -   depends on '[]'
[Test worker] TRACE griffon.util.AnnotationUtils -   adding module 'core', since all dependencies have been added
[Test worker] TRACE griffon.util.AnnotationUtils - Processing module 'shiro'
[Test worker] TRACE griffon.util.AnnotationUtils -   depends on '[]'
[Test worker] TRACE griffon.util.AnnotationUtils -   adding module 'shiro', since all dependencies have been added
[Test worker] TRACE griffon.util.AnnotationUtils - Processing module 'testApplicationBootstrapper$InnerClasses'
[Test worker] TRACE griffon.util.AnnotationUtils -   depends on '[]'
[Test worker] TRACE griffon.util.AnnotationUtils -   adding module 'testApplicationBootstrapper$InnerClasses', since all dependencies have been added
[Test worker] TRACE griffon.util.AnnotationUtils - Processing module 'testApplicationBootstrapper$Fields'
[Test worker] TRACE griffon.util.AnnotationUtils -   depends on '[]'
[Test worker] TRACE griffon.util.AnnotationUtils -   adding module 'testApplicationBootstrapper$Fields', since all dependencies have been added
[Test worker] TRACE griffon.util.AnnotationUtils - module dependency ordering complete
[Test worker] DEBUG griffon.util.AnnotationUtils - computed module order is [core, shiro, testApplicationBootstrapper$InnerClasses, testApplicationBootstrapper$Fields]
[Test worker] DEBUG org.codehaus.griffon.runtime.core.DefaultApplicationBootstrapper - Loading module bindings from core:org.codehaus.griffon.runtime.core.DefaultApplicationModule@47763d58
[Test worker] DEBUG org.codehaus.griffon.runtime.core.DefaultApplicationBootstrapper - Loading module bindings from shiro:org.codehaus.griffon.runtime.shiro.ShiroModule@23b5810f
[Test worker] DEBUG org.codehaus.griffon.runtime.core.DefaultApplicationBootstrapper - Loading module bindings from testApplicationBootstrapper$InnerClasses:org.codehaus.griffon.runtime.core.TestApplicationBootstrapper$InnerClassesModule@612c1219
[Test worker] DEBUG org.codehaus.griffon.runtime.core.DefaultApplicationBootstrapper - Loading module bindings from testApplicationBootstrapper$Fields:org.codehaus.griffon.runtime.core.TestApplicationBootstrapper$FieldsModule@14585926
[Test worker] TRACE org.codehaus.griffon.runtime.core.DefaultApplicationBootstrapper - InstanceBinding[source=griffon.core.GriffonApplication, instance=org.codehaus.griffon.runtime.core.DefaultGriffonApplication@13cfa0fe, singleton=true]
[Test worker] TRACE org.codehaus.griffon.runtime.core.DefaultApplicationBootstrapper - TargetBinding[source=griffon.core.ApplicationClassLoader, target=org.codehaus.griffon.runtime.core.DefaultApplicationClassLoader, singleton=true]
[Test worker] TRACE org.codehaus.griffon.runtime.core.DefaultApplicationBootstrapper - TargetBinding[source=griffon.core.ApplicationConfigurer, target=org.codehaus.griffon.runtime.core.DefaultApplicationConfigurer, singleton=true]
[Test worker] TRACE org.codehaus.griffon.runtime.core.DefaultApplicationBootstrapper - TargetBinding[source=griffon.core.resources.ResourceHandler, target=org.codehaus.griffon.runtime.core.resources.DefaultResourceHandler, singleton=true]
[Test worker] TRACE org.codehaus.griffon.runtime.core.DefaultApplicationBootstrapper - TargetBinding[source=griffon.util.CompositeResourceBundleBuilder, target=org.codehaus.griffon.runtime.util.DefaultCompositeResourceBundleBuilder, singleton=true]
[Test worker] TRACE org.codehaus.griffon.runtime.core.DefaultApplicationBootstrapper - ProviderBinding[source=java.util.ResourceBundle, classifier=@javax.inject.Named(value=applicationResourceBundle), provider=org.codehaus.griffon.runtime.util.ResourceBundleProvider@24528ddb, singleton=true]
[Test worker] TRACE org.codehaus.griffon.runtime.core.DefaultApplicationBootstrapper - TargetBinding[source=griffon.core.Configuration, target=org.codehaus.griffon.runtime.core.DefaultConfiguration, singleton=true]
[Test worker] TRACE org.codehaus.griffon.runtime.core.DefaultApplicationBootstrapper - TargetBinding[source=griffon.core.ExecutorServiceManager, target=org.codehaus.griffon.runtime.core.DefaultExecutorServiceManager, singleton=true]
[Test worker] TRACE org.codehaus.griffon.runtime.core.DefaultApplicationBootstrapper - TargetBinding[source=griffon.core.event.EventRouter, classifier=@javax.inject.Named(value=applicationEventRouter), target=org.codehaus.griffon.runtime.core.event.DefaultEventRouter, singleton=true]
[Test worker] TRACE org.codehaus.griffon.runtime.core.DefaultApplicationBootstrapper - TargetBinding[source=griffon.core.event.EventRouter, target=org.codehaus.griffon.runtime.core.event.DefaultEventRouter, singleton=false]
[Test worker] TRACE org.codehaus.griffon.runtime.core.DefaultApplicationBootstrapper - ProviderBinding[source=griffon.core.resources.ResourceResolver, classifier=@javax.inject.Named(value=applicationResourceResolver), provider=org.codehaus.griffon.runtime.core.resources.ResourceResolverProvider@27df377e, singleton=true]
[Test worker] TRACE org.codehaus.griffon.runtime.core.DefaultApplicationBootstrapper - ProviderBinding[source=griffon.core.i18n.MessageSource, classifier=@javax.inject.Named(value=applicationMessageSource), provider=org.codehaus.griffon.runtime.core.i18n.MessageSourceProvider@2fb445a5, singleton=true]
[Test worker] TRACE org.codehaus.griffon.runtime.core.DefaultApplicationBootstrapper - TargetBinding[source=griffon.core.resources.ResourceInjector, classifier=@javax.inject.Named(value=applicationResourceInjector), target=org.codehaus.griffon.runtime.core.resources.DefaultApplicationResourceInjector, singleton=true]
[Test worker] TRACE org.codehaus.griffon.runtime.core.DefaultApplicationBootstrapper - TargetBinding[source=griffon.core.threading.UIThreadManager, target=org.codehaus.griffon.runtime.core.threading.DefaultUIThreadManager, singleton=true]
[Test worker] TRACE org.codehaus.griffon.runtime.core.DefaultApplicationBootstrapper - TargetBinding[source=griffon.core.mvc.MVCGroupManager, target=org.codehaus.griffon.runtime.core.mvc.DefaultMVCGroupManager, singleton=true]
[Test worker] TRACE org.codehaus.griffon.runtime.core.DefaultApplicationBootstrapper - ProviderBinding[source=griffon.core.LifecycleHandler, classifier=@javax.inject.Named(value=Initialize), provider=org.codehaus.griffon.runtime.core.LifecycleHandlerProvider@64486c1a, singleton=true]
[Test worker] TRACE org.codehaus.griffon.runtime.core.DefaultApplicationBootstrapper - ProviderBinding[source=griffon.core.LifecycleHandler, classifier=@javax.inject.Named(value=Startup), provider=org.codehaus.griffon.runtime.core.LifecycleHandlerProvider@4eb15265, singleton=true]
[Test worker] TRACE org.codehaus.griffon.runtime.core.DefaultApplicationBootstrapper - ProviderBinding[source=griffon.core.LifecycleHandler, classifier=@javax.inject.Named(value=Ready), provider=org.codehaus.griffon.runtime.core.LifecycleHandlerProvider@5b988d3f, singleton=true]
[Test worker] TRACE org.codehaus.griffon.runtime.core.DefaultApplicationBootstrapper - ProviderBinding[source=griffon.core.LifecycleHandler, classifier=@javax.inject.Named(value=Shutdown), provider=org.codehaus.griffon.runtime.core.LifecycleHandlerProvider@7c615213, singleton=true]
[Test worker] TRACE org.codehaus.griffon.runtime.core.DefaultApplicationBootstrapper - ProviderBinding[source=griffon.core.LifecycleHandler, classifier=@javax.inject.Named(value=Stop), provider=org.codehaus.griffon.runtime.core.LifecycleHandlerProvider@59539d30, singleton=true]
[Test worker] TRACE org.codehaus.griffon.runtime.core.DefaultApplicationBootstrapper - TargetBinding[source=griffon.core.view.WindowManager, target=org.codehaus.griffon.runtime.core.view.NoopWindowManager, singleton=true]
[Test worker] TRACE org.codehaus.griffon.runtime.core.DefaultApplicationBootstrapper - TargetBinding[source=griffon.core.controller.ActionManager, target=org.codehaus.griffon.runtime.core.controller.DefaultActionManager, singleton=true]
[Test worker] TRACE org.codehaus.griffon.runtime.core.DefaultApplicationBootstrapper - TargetBinding[source=griffon.core.artifact.ArtifactManager, target=org.codehaus.griffon.runtime.core.artifact.DefaultArtifactManager, singleton=true]
[Test worker] TRACE org.codehaus.griffon.runtime.core.DefaultApplicationBootstrapper - TargetBinding[source=griffon.core.artifact.ArtifactHandler, classifier=@griffon.inject.Typed(value=interface griffon.core.artifact.GriffonModel), target=org.codehaus.griffon.runtime.core.artifact.ModelArtifactHandler, singleton=true]
[Test worker] TRACE org.codehaus.griffon.runtime.core.DefaultApplicationBootstrapper - TargetBinding[source=griffon.core.artifact.ArtifactHandler, classifier=@griffon.inject.Typed(value=interface griffon.core.artifact.GriffonView), target=org.codehaus.griffon.runtime.core.artifact.ViewArtifactHandler, singleton=true]
[Test worker] TRACE org.codehaus.griffon.runtime.core.DefaultApplicationBootstrapper - TargetBinding[source=griffon.core.artifact.ArtifactHandler, classifier=@griffon.inject.Typed(value=interface griffon.core.artifact.GriffonController), target=org.codehaus.griffon.runtime.core.artifact.ControllerArtifactHandler, singleton=true]
[Test worker] TRACE org.codehaus.griffon.runtime.core.DefaultApplicationBootstrapper - TargetBinding[source=griffon.core.artifact.ArtifactHandler, classifier=@griffon.inject.Typed(value=interface griffon.core.artifact.GriffonService), target=org.codehaus.griffon.runtime.core.artifact.ServiceArtifactHandler, singleton=true]
[Test worker] TRACE org.codehaus.griffon.runtime.core.DefaultApplicationBootstrapper - ProviderTypeBinding[source=griffon.core.PlatformHandler, providerType=class org.codehaus.griffon.runtime.core.PlatformHandlerProvider, singleton=true]
[Test worker] TRACE org.codehaus.griffon.runtime.core.DefaultApplicationBootstrapper - TargetBinding[source=griffon.core.addon.AddonManager, target=org.codehaus.griffon.runtime.core.addon.DefaultAddonManager, singleton=true]
[Test worker] TRACE org.codehaus.griffon.runtime.core.DefaultApplicationBootstrapper - TargetBinding[source=griffon.core.event.EventHandler, target=org.codehaus.griffon.runtime.core.event.DefaultEventHandler, singleton=true]
[Test worker] TRACE org.codehaus.griffon.runtime.core.DefaultApplicationBootstrapper - TargetBinding[source=griffon.core.GriffonExceptionHandler, target=griffon.core.GriffonExceptionHandler, singleton=true]
[Test worker] TRACE org.codehaus.griffon.runtime.core.DefaultApplicationBootstrapper - ProviderTypeBinding[source=org.apache.shiro.mgt.SecurityManager, providerType=class org.codehaus.griffon.runtime.shiro.SecurityManagerProvider, singleton=true]
[Test worker] TRACE org.codehaus.griffon.runtime.core.DefaultApplicationBootstrapper - ProviderTypeBinding[source=org.apache.shiro.subject.Subject, providerType=class org.codehaus.griffon.runtime.shiro.SubjectProvider, singleton=true]
[Test worker] TRACE org.codehaus.griffon.runtime.core.DefaultApplicationBootstrapper - TargetBinding[source=griffon.plugins.shiro.SecurityFailureHandler, target=org.codehaus.griffon.runtime.shiro.DefaultSecurityFailureHandler, singleton=true]
[Test worker] TRACE org.codehaus.griffon.runtime.core.DefaultApplicationBootstrapper - TargetBinding[source=griffon.core.controller.ActionInterceptor, target=org.codehaus.griffon.runtime.shiro.ShiroActionInterceptor, singleton=true]
[Test worker] DEBUG org.codehaus.griffon.runtime.core.DefaultApplicationBootstrapper - Creating application injector
[Test worker] DEBUG org.codehaus.griffon.runtime.core.DefaultApplicationBootstrapper - Injector will be created by org.codehaus.griffon.runtime.injection.GuiceInjectorFactory@64b61bf
[Test worker] DEBUG org.codehaus.griffon.runtime.core.event.AbstractEventRouter - Adding listener org.codehaus.griffon.runtime.core.MVCGroupExceptionHandler on UncaughtMVCGroupConfigurationException
[Test worker] DEBUG org.codehaus.griffon.runtime.core.event.AbstractEventRouter - Adding listener org.codehaus.griffon.runtime.core.MVCGroupExceptionHandler on UncaughtMVCGroupInstantiationException
[Test worker] DEBUG org.codehaus.griffon.runtime.core.event.AbstractEventRouter - Triggering event 'BootstrapStart' synchronously
[Test worker] DEBUG griffon.util.ServiceLoaderUtils - Reading java.beans.PropertyEditor definitions from jar:file:/home/travis/build/griffon/griffon/subprojects/griffon-core/build/libs/griffon-core-2.0.0.BETA.jar!/META-INF/editors/java.beans.PropertyEditor
[Test worker] DEBUG org.codehaus.griffon.runtime.core.DefaultApplicationConfigurer - Registering griffon.core.editors.StringPropertyEditor as editor for java.lang.String
[Test worker] DEBUG org.codehaus.griffon.runtime.core.DefaultApplicationConfigurer - Registering griffon.core.editors.FilePropertyEditor as editor for java.io.File
[Test worker] DEBUG org.codehaus.griffon.runtime.core.DefaultApplicationConfigurer - Registering griffon.core.editors.URLPropertyEditor as editor for java.net.URL
[Test worker] DEBUG org.codehaus.griffon.runtime.core.DefaultApplicationConfigurer - Registering griffon.core.editors.URIPropertyEditor as editor for java.net.URI
[Test worker] DEBUG org.codehaus.griffon.runtime.core.DefaultApplicationConfigurer - Registering griffon.core.editors.BigDecimalPropertyEditor as editor for java.math.BigDecimal
[Test worker] DEBUG org.codehaus.griffon.runtime.core.DefaultApplicationConfigurer - Registering griffon.core.editors.BigIntegerPropertyEditor as editor for java.math.BigInteger
[Test worker] DEBUG org.codehaus.griffon.runtime.core.DefaultApplicationConfigurer - Registering griffon.core.editors.BooleanPropertyEditor as editor for java.lang.Boolean
[Test worker] DEBUG org.codehaus.griffon.runtime.core.DefaultApplicationConfigurer - Registering griffon.core.editors.BytePropertyEditor as editor for java.lang.Byte
[Test worker] DEBUG org.codehaus.griffon.runtime.core.DefaultApplicationConfigurer - Registering griffon.core.editors.ShortPropertyEditor as editor for java.lang.Short
[Test worker] DEBUG org.codehaus.griffon.runtime.core.DefaultApplicationConfigurer - Registering griffon.core.editors.IntegerPropertyEditor as editor for java.lang.Integer
[Test worker] DEBUG org.codehaus.griffon.runtime.core.DefaultApplicationConfigurer - Registering griffon.core.editors.LongPropertyEditor as editor for java.lang.Long
[Test worker] DEBUG org.codehaus.griffon.runtime.core.DefaultApplicationConfigurer - Registering griffon.core.editors.FloatPropertyEditor as editor for java.lang.Float
[Test worker] DEBUG org.codehaus.griffon.runtime.core.DefaultApplicationConfigurer - Registering griffon.core.editors.DoublePropertyEditor as editor for java.lang.Double
[Test worker] DEBUG org.codehaus.griffon.runtime.core.DefaultApplicationConfigurer - Registering griffon.core.editors.CalendarPropertyEditor as editor for java.util.Calendar
[Test worker] DEBUG org.codehaus.griffon.runtime.core.DefaultApplicationConfigurer - Registering griffon.core.editors.DatePropertyEditor as editor for java.util.Date
[Test worker] DEBUG org.codehaus.griffon.runtime.core.DefaultApplicationConfigurer - Registering griffon.core.editors.BooleanPropertyEditor as editor for boolean
[Test worker] DEBUG org.codehaus.griffon.runtime.core.DefaultApplicationConfigurer - Registering griffon.core.editors.BytePropertyEditor as editor for byte
[Test worker] DEBUG org.codehaus.griffon.runtime.core.DefaultApplicationConfigurer - Registering griffon.core.editors.ShortPropertyEditor as editor for short
[Test worker] DEBUG org.codehaus.griffon.runtime.core.DefaultApplicationConfigurer - Registering griffon.core.editors.IntegerPropertyEditor as editor for int
[Test worker] DEBUG org.codehaus.griffon.runtime.core.DefaultApplicationConfigurer - Registering griffon.core.editors.LongPropertyEditor as editor for long
[Test worker] DEBUG org.codehaus.griffon.runtime.core.DefaultApplicationConfigurer - Registering griffon.core.editors.FloatPropertyEditor as editor for float
[Test worker] DEBUG org.codehaus.griffon.runtime.core.DefaultApplicationConfigurer - Registering griffon.core.editors.DoublePropertyEditor as editor for double
[Test worker] DEBUG org.codehaus.griffon.runtime.core.event.AbstractEventRouter - Adding listener org.codehaus.griffon.runtime.core.DefaultApplicationConfigurer$2 on NewInstance
[Test worker] TRACE griffon.util.CompositeResourceBundle - Searching key=application.lifecycle.handler.disable
[Test worker] TRACE griffon.util.CompositeResourceBundle - Searching key=application
[Test worker] TRACE griffon.util.CompositeResourceBundle - Searching key=platform.handler.linux64
[Test worker] TRACE griffon.util.CompositeResourceBundle - Searching key=platform
[Test worker] DEBUG org.codehaus.griffon.runtime.core.PlatformHandlerProvider - Using org.codehaus.griffon.runtime.core.DefaultPlatformHandler as PlatformHandler
[Test worker] DEBUG org.codehaus.griffon.runtime.core.addon.AbstractAddonManager - Loading addons [START]
[Test worker] DEBUG griffon.util.AnnotationUtils - computed addon order is []
[Test worker] DEBUG org.codehaus.griffon.runtime.core.event.AbstractEventRouter - Triggering event 'LoadAddonsStart' synchronously
[Test worker] DEBUG org.codehaus.griffon.runtime.core.addon.AbstractAddonManager - Loading addons [END]
[Test worker] DEBUG org.codehaus.griffon.runtime.core.event.AbstractEventRouter - Triggering event 'LoadAddonsEnd' synchronously
[Test worker] TRACE griffon.util.CompositeResourceBundle - Searching key=mvcGroups
[Test worker] TRACE griffon.util.CompositeResourceBundle - Searching key=mvcGroups
[Test worker] DEBUG org.codehaus.griffon.runtime.core.event.AbstractEventRouter - Adding listener org.codehaus.griffon.runtime.core.DefaultApplicationConfigurer$3 on NewInstance
[Test worker] TRACE griffon.util.CompositeResourceBundle - Searching key=shiro.realm.resource.path
[Test worker] TRACE griffon.util.CompositeResourceBundle - Searching key=shiro
[Test worker] DEBUG org.apache.shiro.realm.text.PropertiesRealm - Loading user security information from file [classpath:shiro-users.properties]...
[Test worker] DEBUG org.apache.shiro.realm.text.PropertiesRealm - Opening input stream for path [classpath:shiro-users.properties]...
[Test worker] DEBUG org.apache.shiro.io.ResourceUtils - Opening resource from class path [shiro-users.properties]
[Test worker] DEBUG org.apache.shiro.realm.text.PropertiesRealm - Loading properties from path [classpath:shiro-users.properties]...
[Test worker] TRACE org.apache.shiro.realm.text.PropertiesRealm - Processing properties line - key: [user.joe], value: [joe,employee].
[Test worker] TRACE org.apache.shiro.realm.text.PropertiesRealm - Processing properties line - key: [user.bob], value: [bob,manager,employee].
[Test worker] TRACE org.apache.shiro.realm.text.PropertiesRealm - Processing properties line - key: [role.administrator], value: [*].
[Test worker] TRACE org.apache.shiro.realm.text.PropertiesRealm - Processing properties line - key: [role.manager], value: [user:write].
[Test worker] TRACE org.apache.shiro.realm.text.PropertiesRealm - Processing properties line - key: [user.root], value: [root,administrator,manager].
[Test worker] TRACE org.apache.shiro.realm.text.PropertiesRealm - Processing properties line - key: [role.employee], value: [user:read].
[Test worker] TRACE org.apache.shiro.util.ThreadContext - get() - in thread [Test worker]
[Test worker] TRACE org.apache.shiro.util.ThreadContext - Retrieved value of type [org.apache.shiro.subject.support.DelegatingSubject] for key [org.apache.shiro.util.ThreadContext_SUBJECT_KEY] bound to thread [Test worker]
[Test worker] TRACE griffon.util.CompositeResourceBundle - Searching key=griffon.controller.action.interceptor.order
[Test worker] TRACE griffon.util.CompositeResourceBundle - Searching key=griffon
[Test worker] DEBUG griffon.util.AnnotationUtils - Current interceptor order is [shiro]
[Test worker] TRACE griffon.util.AnnotationUtils - Processing interceptor 'shiro'
[Test worker] TRACE griffon.util.AnnotationUtils -   depends on '[]'
[Test worker] TRACE griffon.util.AnnotationUtils -   adding interceptor 'shiro', since all dependencies have been added
[Test worker] TRACE griffon.util.AnnotationUtils - interceptor dependency ordering complete
[Test worker] DEBUG griffon.util.AnnotationUtils - computed interceptor order is [shiro]
[Test worker] DEBUG org.codehaus.griffon.runtime.core.artifact.AbstractArtifactManager - Registering artifact handler for type 'model': org.codehaus.griffon.runtime.core.artifact.ModelArtifactHandler@68ca224f
[Test worker] DEBUG org.codehaus.griffon.runtime.core.artifact.AbstractArtifactManager - Registering artifact handler for type 'view': org.codehaus.griffon.runtime.core.artifact.ViewArtifactHandler@2e92a648
[Test worker] DEBUG org.codehaus.griffon.runtime.core.artifact.AbstractArtifactManager - Registering artifact handler for type 'controller': org.codehaus.griffon.runtime.core.artifact.ControllerArtifactHandler@1de2d8db
[Test worker] DEBUG org.codehaus.griffon.runtime.core.artifact.AbstractArtifactManager - Registering artifact handler for type 'service': org.codehaus.griffon.runtime.core.artifact.ServiceArtifactHandler@180b2131
[Test worker] DEBUG griffon.util.ServiceLoaderUtils - Reading griffon.core.artifact.GriffonController definitions from file:/home/travis/build/griffon/griffon/plugins/griffon-shiro-plugin/build/classes/test/META-INF/griffon/griffon.core.artifact.GriffonController
[Test worker] DEBUG griffon.util.ServiceLoaderUtils - Reading griffon.core.artifact.GriffonModel definitions from file:/home/travis/build/griffon/griffon/plugins/griffon-shiro-plugin/build/classes/test/META-INF/griffon/griffon.core.artifact.GriffonModel
[Test worker] DEBUG org.codehaus.griffon.runtime.core.artifact.DefaultArtifactManager - Artifacts of type 'controller' = 1
[Test worker] DEBUG org.codehaus.griffon.runtime.core.artifact.DefaultArtifactManager - Artifacts of type 'model' = 1
[Test worker] TRACE org.codehaus.griffon.runtime.core.artifact.AbstractArtifactManager - InstanceBinding[source=griffon.core.artifact.GriffonClass, classifier=@griffon.inject.Typed(value=class com.acme.ShiroController), instance=Artifact[controller] > Shiro, singleton=true]
[Test worker] TRACE org.codehaus.griffon.runtime.core.artifact.AbstractArtifactManager - TargetBinding[source=com.acme.ShiroController, target=com.acme.ShiroController, singleton=false]
[Test worker] TRACE org.codehaus.griffon.runtime.core.artifact.AbstractArtifactManager - InstanceBinding[source=griffon.core.artifact.GriffonClass, classifier=@griffon.inject.Typed(value=class com.acme.ShiroModel), instance=Artifact[model] > Shiro, singleton=true]
[Test worker] TRACE org.codehaus.griffon.runtime.core.artifact.AbstractArtifactManager - TargetBinding[source=com.acme.ShiroModel, target=com.acme.ShiroModel, singleton=false]
[Test worker] DEBUG org.codehaus.griffon.runtime.core.event.AbstractEventRouter - Triggering event 'BootstrapEnd' synchronously
[Test worker] DEBUG org.codehaus.griffon.runtime.core.artifact.AbstractArtifactManager - Searching for griffonClass of com.acme.ShiroController
[Test worker] DEBUG org.codehaus.griffon.runtime.core.event.AbstractEventRouter - Triggering event 'NewInstance' synchronously
[Test worker] DEBUG org.codehaus.griffon.runtime.core.artifact.AbstractArtifactManager - Searching for griffonClass of com.acme.ShiroController
[Test worker] TRACE griffon.util.CompositeResourceBundle - Searching key=com.acme.ShiroController.action.Authenticated.name
[Test worker] TRACE griffon.util.CompositeResourceBundle - Searching key=application.action.Authenticated.name
[Test worker] TRACE org.codehaus.griffon.runtime.core.controller.AbstractActionManager - com.acme.ShiroController.action.Authenticated.name = Authenticated
[Test worker] DEBUG org.codehaus.griffon.runtime.core.controller.AbstractActionManager - Configuring action com.acme.ShiroController.authenticated with org.codehaus.griffon.runtime.shiro.ShiroActionInterceptor@42e3c02a
[Test worker] TRACE org.codehaus.griffon.runtime.core.controller.AbstractActionManager - Action for com.acme.ShiroController.authenticated stored as authenticated
[Test worker] TRACE griffon.util.CompositeResourceBundle - Searching key=com.acme.ShiroController.action.Guest.name
[Test worker] TRACE griffon.util.CompositeResourceBundle - Searching key=application.action.Guest.name
[Test worker] TRACE org.codehaus.griffon.runtime.core.controller.AbstractActionManager - com.acme.ShiroController.action.Guest.name = Guest
[Test worker] DEBUG org.codehaus.griffon.runtime.core.controller.AbstractActionManager - Configuring action com.acme.ShiroController.guest with org.codehaus.griffon.runtime.shiro.ShiroActionInterceptor@42e3c02a
[Test worker] TRACE org.codehaus.griffon.runtime.core.controller.AbstractActionManager - Action for com.acme.ShiroController.guest stored as guest
[Test worker] TRACE griffon.util.CompositeResourceBundle - Searching key=com.acme.ShiroController.action.Permissions.name
[Test worker] TRACE griffon.util.CompositeResourceBundle - Searching key=application.action.Permissions.name
[Test worker] TRACE org.codehaus.griffon.runtime.core.controller.AbstractActionManager - com.acme.ShiroController.action.Permissions.name = Permissions
[Test worker] DEBUG org.codehaus.griffon.runtime.core.controller.AbstractActionManager - Configuring action com.acme.ShiroController.permissions with org.codehaus.griffon.runtime.shiro.ShiroActionInterceptor@42e3c02a
[Test worker] TRACE org.codehaus.griffon.runtime.core.controller.AbstractActionManager - Action for com.acme.ShiroController.permissions stored as permissions
[Test worker] TRACE griffon.util.CompositeResourceBundle - Searching key=com.acme.ShiroController.action.Roles.name
[Test worker] TRACE griffon.util.CompositeResourceBundle - Searching key=application.action.Roles.name
[Test worker] TRACE org.codehaus.griffon.runtime.core.controller.AbstractActionManager - com.acme.ShiroController.action.Roles.name = Roles
[Test worker] DEBUG org.codehaus.griffon.runtime.core.controller.AbstractActionManager - Configuring action com.acme.ShiroController.roles with org.codehaus.griffon.runtime.shiro.ShiroActionInterceptor@42e3c02a
[Test worker] TRACE org.codehaus.griffon.runtime.core.controller.AbstractActionManager - Action for com.acme.ShiroController.roles stored as roles
[Test worker] TRACE griffon.util.CompositeResourceBundle - Searching key=com.acme.ShiroController.action.User.name
[Test worker] TRACE griffon.util.CompositeResourceBundle - Searching key=application.action.User.name
[Test worker] TRACE org.codehaus.griffon.runtime.core.controller.AbstractActionManager - com.acme.ShiroController.action.User.name = User
[Test worker] DEBUG org.codehaus.griffon.runtime.core.controller.AbstractActionManager - Configuring action com.acme.ShiroController.user with org.codehaus.griffon.runtime.shiro.ShiroActionInterceptor@42e3c02a
[Test worker] TRACE org.codehaus.griffon.runtime.core.controller.AbstractActionManager - Action for com.acme.ShiroController.user stored as user
[Test worker] DEBUG org.codehaus.griffon.runtime.core.artifact.AbstractArtifactManager - Searching for griffonClass of com.acme.ShiroModel
[Test worker] DEBUG org.codehaus.griffon.runtime.core.event.AbstractEventRouter - Triggering event 'NewInstance' synchronously
[Test worker] TRACE org.apache.shiro.subject.support.DelegatingSubject - attempting to get session; create = false; session is null = true; session has id = false
[Test worker] TRACE org.apache.shiro.authc.AbstractAuthenticator - Authentication attempt received for token [org.apache.shiro.authc.UsernamePasswordToken - joe, rememberMe=false]
[Test worker] DEBUG org.apache.shiro.realm.AuthenticatingRealm - Looked up AuthenticationInfo [joe] from doGetAuthenticationInfo
[Test worker] DEBUG org.apache.shiro.realm.AuthenticatingRealm - AuthenticationInfo caching is disabled for info [joe].  Submitted token: [org.apache.shiro.authc.UsernamePasswordToken - joe, rememberMe=false].
[Test worker] DEBUG org.apache.shiro.authc.credential.SimpleCredentialsMatcher - Performing credentials equality check for tokenCredentials of type [[C and accountCredentials of type [java.lang.String]
[Test worker] DEBUG org.apache.shiro.authc.credential.SimpleCredentialsMatcher - Both credentials arguments can be easily converted to byte arrays.  Performing array equals comparison
[Test worker] DEBUG org.apache.shiro.authc.AbstractAuthenticator - Authentication successful for token [org.apache.shiro.authc.UsernamePasswordToken - joe, rememberMe=false].  Returned account [joe]
[Test worker] DEBUG org.apache.shiro.subject.support.DefaultSubjectContext - No SecurityManager available in subject context map.  Falling back to SecurityUtils.getSecurityManager() lookup.
[Test worker] TRACE org.apache.shiro.util.ThreadContext - get() - in thread [Test worker]
[Test worker] TRACE org.apache.shiro.mgt.DefaultSecurityManager - Context already contains a SecurityManager instance.  Returning.
[Test worker] TRACE org.apache.shiro.subject.support.DelegatingSubject - attempting to get session; create = false; session is null = true; session has id = false
[Test worker] DEBUG org.apache.shiro.subject.support.DefaultSubjectContext - No SecurityManager available in subject context map.  Falling back to SecurityUtils.getSecurityManager() lookup.
[Test worker] TRACE org.apache.shiro.util.ThreadContext - get() - in thread [Test worker]
[Test worker] TRACE org.apache.shiro.subject.support.DelegatingSubject - attempting to get session; create = false; session is null = true; session has id = false
[Test worker] TRACE org.apache.shiro.subject.support.DelegatingSubject - attempting to get session; create = false; session is null = true; session has id = false
[Test worker] TRACE org.apache.shiro.subject.support.DelegatingSubject - attempting to get session; create = false; session is null = true; session has id = false
[Test worker] TRACE org.apache.shiro.subject.support.DelegatingSubject - attempting to get session; create = false; session is null = true; session has id = false
[Test worker] TRACE org.apache.shiro.subject.support.DelegatingSubject - attempting to get session; create = false; session is null = true; session has id = false
[Test worker] TRACE org.apache.shiro.subject.support.DelegatingSubject - attempting to get session; create = false; session is null = true; session has id = false
[Test worker] TRACE org.apache.shiro.subject.support.DelegatingSubject - attempting to get session; create = true; session is null = true; session has id = false
[Test worker] TRACE org.apache.shiro.subject.support.DelegatingSubject - Starting session for host null
[Test worker] DEBUG org.apache.shiro.session.mgt.AbstractValidatingSessionManager - No sessionValidationScheduler set.  Attempting to create default instance.
[Test worker] TRACE org.apache.shiro.session.mgt.AbstractValidatingSessionManager - Created default SessionValidationScheduler instance of type [org.apache.shiro.session.mgt.ExecutorServiceSessionValidationScheduler].
[Test worker] INFO org.apache.shiro.session.mgt.AbstractValidatingSessionManager - Enabling session validation scheduler...
[Test worker] TRACE org.apache.shiro.session.mgt.DefaultSessionManager - Creating session for host null
[Test worker] DEBUG org.apache.shiro.session.mgt.DefaultSessionManager - Creating new EIS record for new session instance [org.apache.shiro.session.mgt.SimpleSession,id=null]
[Test worker] TRACE org.apache.shiro.session.mgt.AbstractValidatingSessionManager - Attempting to retrieve session with key org.apache.shiro.session.mgt.DefaultSessionKey@59b2947f
[Test worker] TRACE org.apache.shiro.subject.support.DelegatingSubject - attempting to get session; create = false; session is null = false; session has id = true
[Test worker] TRACE org.apache.shiro.session.mgt.AbstractValidatingSessionManager - Attempting to retrieve session with key org.apache.shiro.session.mgt.DefaultSessionKey@59b2947f
[Test worker] TRACE org.apache.shiro.session.mgt.AbstractValidatingSessionManager - Attempting to retrieve session with key org.apache.shiro.session.mgt.DefaultSessionKey@59b2947f
[Test worker] TRACE org.apache.shiro.mgt.DefaultSecurityManager - This org.apache.shiro.mgt.DefaultSecurityManager instance does not have a [org.apache.shiro.mgt.RememberMeManager] instance configured.  RememberMe services will not be performed for account [joe].
[Test worker] TRACE org.apache.shiro.subject.support.DelegatingSubject - attempting to get session; create = false; session is null = false; session has id = true
[Test worker] TRACE griffon.util.CompositeResourceBundle - Searching key=griffon.disable.threading.injection
[Test worker] TRACE griffon.util.CompositeResourceBundle - Searching key=griffon
[Test worker] DEBUG org.codehaus.griffon.runtime.core.controller.AbstractActionManager - Executing com.acme.ShiroController.user with policy OUTSIDE_UITHREAD
[Test worker] DEBUG org.codehaus.griffon.runtime.core.controller.AbstractActionManager - Executing 1 interceptor for com.acme.ShiroController.user
[Test worker] TRACE org.codehaus.griffon.runtime.core.controller.AbstractActionManager - Calling org.codehaus.griffon.runtime.shiro.ShiroActionInterceptor@42e3c02a.before() on com.acme.ShiroController.user
[Test worker] DEBUG org.codehaus.griffon.runtime.shiro.ShiroActionInterceptor - Evaluating security requirement RequirementConfiguration{requirement=USER, values=[], logical=AND}
[Test worker] TRACE org.apache.shiro.subject.support.DelegatingSubject - attempting to get session; create = false; session is null = false; session has id = true
[Test worker] TRACE org.apache.shiro.session.mgt.AbstractValidatingSessionManager - Attempting to retrieve session with key org.apache.shiro.session.mgt.DefaultSessionKey@59b2947f
[Test worker] DEBUG org.codehaus.griffon.runtime.shiro.ShiroActionInterceptor - Subject did not meet expected security requirements.
[Test worker] INFO org.codehaus.griffon.runtime.shiro.DefaultSecurityFailureHandler - Subject failed user challenge on com.acme.ShiroController.user
[Test worker] DEBUG org.codehaus.griffon.runtime.core.controller.AbstractActionManager - Execution of com.acme.ShiroController.user was aborted by org.codehaus.griffon.runtime.shiro.ShiroActionInterceptor@42e3c02a
[Test worker] TRACE org.codehaus.griffon.runtime.core.controller.AbstractActionManager - Status before execution of com.acme.ShiroController.user is ABORTED
[Test worker] TRACE org.codehaus.griffon.runtime.core.controller.AbstractActionManager - Calling org.codehaus.griffon.runtime.shiro.ShiroActionInterceptor@42e3c02a.after() on com.acme.ShiroController.user
[Test worker] TRACE org.apache.shiro.subject.support.DelegatingSubject - attempting to get session; create = false; session is null = false; session has id = true
[Test worker] TRACE org.apache.shiro.session.mgt.AbstractValidatingSessionManager - Attempting to retrieve session with key org.apache.shiro.session.mgt.DefaultSessionKey@59b2947f
[Test worker] TRACE org.apache.shiro.subject.support.DelegatingSubject - attempting to get session; create = false; session is null = false; session has id = true
[Test worker] TRACE org.apache.shiro.session.mgt.AbstractValidatingSessionManager - Attempting to retrieve session with key org.apache.shiro.session.mgt.DefaultSessionKey@59b2947f
[Test worker] DEBUG org.apache.shiro.mgt.DefaultSecurityManager - Logging out subject with primary principal joe
[Test worker] TRACE org.apache.shiro.realm.CachingRealm - Cleared cache entries for account with principals [joe]
[Test worker] TRACE org.apache.shiro.subject.support.DelegatingSubject - attempting to get session; create = false; session is null = false; session has id = true
[Test worker] TRACE org.apache.shiro.session.mgt.AbstractValidatingSessionManager - Attempting to retrieve session with key org.apache.shiro.session.mgt.DefaultSessionKey@59b2947f
[Test worker] TRACE org.apache.shiro.session.mgt.AbstractValidatingSessionManager - Attempting to retrieve session with key org.apache.shiro.session.mgt.DefaultSessionKey@59b2947f
[Test worker] TRACE org.apache.shiro.subject.support.DelegatingSubject - attempting to get session; create = false; session is null = false; session has id = true
[Test worker] TRACE org.apache.shiro.session.mgt.AbstractValidatingSessionManager - Attempting to retrieve session with key org.apache.shiro.session.mgt.DefaultSessionKey@59b2947f
[Test worker] DEBUG org.apache.shiro.session.mgt.AbstractSessionManager - Stopping session with id [48c9d843-957f-41a2-be23-2afe84b21935]
[Test worker] DEBUG org.codehaus.griffon.runtime.core.event.AbstractEventRouter - Triggering event 'ShutdownRequested' synchronously
[Test worker] INFO org.codehaus.griffon.runtime.core.DefaultGriffonApplication - Shutdown is in process
[Test worker] DEBUG org.codehaus.griffon.runtime.core.DefaultGriffonApplication - Shutdown stage 1: notify all event listeners
[Test worker] DEBUG org.codehaus.griffon.runtime.core.event.AbstractEventRouter - Adding listener org.codehaus.griffon.runtime.core.AbstractGriffonApplication$1 on ShutdownStart
[Test worker] DEBUG org.codehaus.griffon.runtime.core.event.AbstractEventRouter - Triggering event 'ShutdownStart' synchronously
[Test worker] DEBUG org.codehaus.griffon.runtime.core.DefaultGriffonApplication - Shutdown stage 2: notify all shutdown handlers
[Test worker] DEBUG org.codehaus.griffon.runtime.core.DefaultGriffonApplication - Shutdown stage 3: destroy all MVC groups
[Test worker] DEBUG org.codehaus.griffon.runtime.core.DefaultGriffonApplication - Shutdown stage 4: execute Shutdown script
[Test worker] TRACE griffon.util.CompositeResourceBundle - Searching key=application.lifecycle.handler.disable
[Test worker] TRACE griffon.util.CompositeResourceBundle - Searching key=application
[Test worker] INFO org.codehaus.griffon.runtime.core.DefaultApplicationBootstrapper - Griffon 2.0.0.BETA
[Test worker] INFO org.codehaus.griffon.runtime.core.DefaultApplicationBootstrapper - Build: 2014-06-20T11:04:31.572+0000
[Test worker] INFO org.codehaus.griffon.runtime.core.DefaultApplicationBootstrapper - JVM: 1.7.0_51 (Oracle Corporation 24.51-b03)
[Test worker] INFO org.codehaus.griffon.runtime.core.DefaultApplicationBootstrapper - OS: Linux 2.6.32-042stab079.5 amd64
[Test worker] DEBUG org.codehaus.griffon.runtime.core.DefaultApplicationBootstrapper - Creating module bindings
[Test worker] DEBUG griffon.util.AnnotationUtils - Current module order is [core, shiro, testApplicationBootstrapper$InnerClasses, testApplicationBootstrapper$Fields]
[Test worker] TRACE griffon.util.AnnotationUtils - Processing module 'core'
[Test worker] TRACE griffon.util.AnnotationUtils -   depends on '[]'
[Test worker] TRACE griffon.util.AnnotationUtils -   adding module 'core', since all dependencies have been added
[Test worker] TRACE griffon.util.AnnotationUtils - Processing module 'shiro'
[Test worker] TRACE griffon.util.AnnotationUtils -   depends on '[]'
[Test worker] TRACE griffon.util.AnnotationUtils -   adding module 'shiro', since all dependencies have been added
[Test worker] TRACE griffon.util.AnnotationUtils - Processing module 'testApplicationBootstrapper$InnerClasses'
[Test worker] TRACE griffon.util.AnnotationUtils -   depends on '[]'
[Test worker] TRACE griffon.util.AnnotationUtils -   adding module 'testApplicationBootstrapper$InnerClasses', since all dependencies have been added
[Test worker] TRACE griffon.util.AnnotationUtils - Processing module 'testApplicationBootstrapper$Fields'
[Test worker] TRACE griffon.util.AnnotationUtils -   depends on '[]'
[Test worker] TRACE griffon.util.AnnotationUtils -   adding module 'testApplicationBootstrapper$Fields', since all dependencies have been added
[Test worker] TRACE griffon.util.AnnotationUtils - module dependency ordering complete
[Test worker] DEBUG griffon.util.AnnotationUtils - computed module order is [core, shiro, testApplicationBootstrapper$InnerClasses, testApplicationBootstrapper$Fields]
[Test worker] DEBUG org.codehaus.griffon.runtime.core.DefaultApplicationBootstrapper - Loading module bindings from core:org.codehaus.griffon.runtime.core.DefaultApplicationModule@4b903fd
[Test worker] DEBUG org.codehaus.griffon.runtime.core.DefaultApplicationBootstrapper - Loading module bindings from shiro:org.codehaus.griffon.runtime.shiro.ShiroModule@eb4d977
[Test worker] DEBUG org.codehaus.griffon.runtime.core.DefaultApplicationBootstrapper - Loading module bindings from testApplicationBootstrapper$InnerClasses:org.codehaus.griffon.runtime.core.TestApplicationBootstrapper$InnerClassesModule@3311b2c
[Test worker] DEBUG org.codehaus.griffon.runtime.core.DefaultApplicationBootstrapper - Loading module bindings from testApplicationBootstrapper$Fields:org.codehaus.griffon.runtime.core.TestApplicationBootstrapper$FieldsModule@ceee757
[Test worker] TRACE org.codehaus.griffon.runtime.core.DefaultApplicationBootstrapper - InstanceBinding[source=griffon.core.GriffonApplication, instance=org.codehaus.griffon.runtime.core.DefaultGriffonApplication@21bf0131, singleton=true]
[Test worker] TRACE org.codehaus.griffon.runtime.core.DefaultApplicationBootstrapper - TargetBinding[source=griffon.core.ApplicationClassLoader, target=org.codehaus.griffon.runtime.core.DefaultApplicationClassLoader, singleton=true]
[Test worker] TRACE org.codehaus.griffon.runtime.core.DefaultApplicationBootstrapper - TargetBinding[source=griffon.core.ApplicationConfigurer, target=org.codehaus.griffon.runtime.core.DefaultApplicationConfigurer, singleton=true]
[Test worker] TRACE org.codehaus.griffon.runtime.core.DefaultApplicationBootstrapper - TargetBinding[source=griffon.core.resources.ResourceHandler, target=org.codehaus.griffon.runtime.core.resources.DefaultResourceHandler, singleton=true]
[Test worker] TRACE org.codehaus.griffon.runtime.core.DefaultApplicationBootstrapper - TargetBinding[source=griffon.util.CompositeResourceBundleBuilder, target=org.codehaus.griffon.runtime.util.DefaultCompositeResourceBundleBuilder, singleton=true]
[Test worker] TRACE org.codehaus.griffon.runtime.core.DefaultApplicationBootstrapper - ProviderBinding[source=java.util.ResourceBundle, classifier=@javax.inject.Named(value=applicationResourceBundle), provider=org.codehaus.griffon.runtime.util.ResourceBundleProvider@2e74946, singleton=true]
[Test worker] TRACE org.codehaus.griffon.runtime.core.DefaultApplicationBootstrapper - TargetBinding[source=griffon.core.Configuration, target=org.codehaus.griffon.runtime.core.DefaultConfiguration, singleton=true]
[Test worker] TRACE org.codehaus.griffon.runtime.core.DefaultApplicationBootstrapper - TargetBinding[source=griffon.core.ExecutorServiceManager, target=org.codehaus.griffon.runtime.core.DefaultExecutorServiceManager, singleton=true]
[Test worker] TRACE org.codehaus.griffon.runtime.core.DefaultApplicationBootstrapper - TargetBinding[source=griffon.core.event.EventRouter, classifier=@javax.inject.Named(value=applicationEventRouter), target=org.codehaus.griffon.runtime.core.event.DefaultEventRouter, singleton=true]
[Test worker] TRACE org.codehaus.griffon.runtime.core.DefaultApplicationBootstrapper - TargetBinding[source=griffon.core.event.EventRouter, target=org.codehaus.griffon.runtime.core.event.DefaultEventRouter, singleton=false]
[Test worker] TRACE org.codehaus.griffon.runtime.core.DefaultApplicationBootstrapper - ProviderBinding[source=griffon.core.resources.ResourceResolver, classifier=@javax.inject.Named(value=applicationResourceResolver), provider=org.codehaus.griffon.runtime.core.resources.ResourceResolverProvider@1e7b9427, singleton=true]
[Test worker] TRACE org.codehaus.griffon.runtime.core.DefaultApplicationBootstrapper - ProviderBinding[source=griffon.core.i18n.MessageSource, classifier=@javax.inject.Named(value=applicationMessageSource), provider=org.codehaus.griffon.runtime.core.i18n.MessageSourceProvider@433b9c13, singleton=true]
[Test worker] TRACE org.codehaus.griffon.runtime.core.DefaultApplicationBootstrapper - TargetBinding[source=griffon.core.resources.ResourceInjector, classifier=@javax.inject.Named(value=applicationResourceInjector), target=org.codehaus.griffon.runtime.core.resources.DefaultApplicationResourceInjector, singleton=true]
[Test worker] TRACE org.codehaus.griffon.runtime.core.DefaultApplicationBootstrapper - TargetBinding[source=griffon.core.threading.UIThreadManager, target=org.codehaus.griffon.runtime.core.threading.DefaultUIThreadManager, singleton=true]
[Test worker] TRACE org.codehaus.griffon.runtime.core.DefaultApplicationBootstrapper - TargetBinding[source=griffon.core.mvc.MVCGroupManager, target=org.codehaus.griffon.runtime.core.mvc.DefaultMVCGroupManager, singleton=true]
[Test worker] TRACE org.codehaus.griffon.runtime.core.DefaultApplicationBootstrapper - ProviderBinding[source=griffon.core.LifecycleHandler, classifier=@javax.inject.Named(value=Initialize), provider=org.codehaus.griffon.runtime.core.LifecycleHandlerProvider@7e83c5e0, singleton=true]
[Test worker] TRACE org.codehaus.griffon.runtime.core.DefaultApplicationBootstrapper - ProviderBinding[source=griffon.core.LifecycleHandler, classifier=@javax.inject.Named(value=Startup), provider=org.codehaus.griffon.runtime.core.LifecycleHandlerProvider@7d343603, singleton=true]
[Test worker] TRACE org.codehaus.griffon.runtime.core.DefaultApplicationBootstrapper - ProviderBinding[source=griffon.core.LifecycleHandler, classifier=@javax.inject.Named(value=Ready), provider=org.codehaus.griffon.runtime.core.LifecycleHandlerProvider@6ec63f2c, singleton=true]
[Test worker] TRACE org.codehaus.griffon.runtime.core.DefaultApplicationBootstrapper - ProviderBinding[source=griffon.core.LifecycleHandler, classifier=@javax.inject.Named(value=Shutdown), provider=org.codehaus.griffon.runtime.core.LifecycleHandlerProvider@195d9a85, singleton=true]
[Test worker] TRACE org.codehaus.griffon.runtime.core.DefaultApplicationBootstrapper - ProviderBinding[source=griffon.core.LifecycleHandler, classifier=@javax.inject.Named(value=Stop), provider=org.codehaus.griffon.runtime.core.LifecycleHandlerProvider@504b9ec5, singleton=true]
[Test worker] TRACE org.codehaus.griffon.runtime.core.DefaultApplicationBootstrapper - TargetBinding[source=griffon.core.view.WindowManager, target=org.codehaus.griffon.runtime.core.view.NoopWindowManager, singleton=true]
[Test worker] TRACE org.codehaus.griffon.runtime.core.DefaultApplicationBootstrapper - TargetBinding[source=griffon.core.controller.ActionManager, target=org.codehaus.griffon.runtime.core.controller.DefaultActionManager, singleton=true]
[Test worker] TRACE org.codehaus.griffon.runtime.core.DefaultApplicationBootstrapper - TargetBinding[source=griffon.core.artifact.ArtifactManager, target=org.codehaus.griffon.runtime.core.artifact.DefaultArtifactManager, singleton=true]
[Test worker] TRACE org.codehaus.griffon.runtime.core.DefaultApplicationBootstrapper - TargetBinding[source=griffon.core.artifact.ArtifactHandler, classifier=@griffon.inject.Typed(value=interface griffon.core.artifact.GriffonModel), target=org.codehaus.griffon.runtime.core.artifact.ModelArtifactHandler, singleton=true]
[Test worker] TRACE org.codehaus.griffon.runtime.core.DefaultApplicationBootstrapper - TargetBinding[source=griffon.core.artifact.ArtifactHandler, classifier=@griffon.inject.Typed(value=interface griffon.core.artifact.GriffonView), target=org.codehaus.griffon.runtime.core.artifact.ViewArtifactHandler, singleton=true]
[Test worker] TRACE org.codehaus.griffon.runtime.core.DefaultApplicationBootstrapper - TargetBinding[source=griffon.core.artifact.ArtifactHandler, classifier=@griffon.inject.Typed(value=interface griffon.core.artifact.GriffonController), target=org.codehaus.griffon.runtime.core.artifact.ControllerArtifactHandler, singleton=true]
[Test worker] TRACE org.codehaus.griffon.runtime.core.DefaultApplicationBootstrapper - TargetBinding[source=griffon.core.artifact.ArtifactHandler, classifier=@griffon.inject.Typed(value=interface griffon.core.artifact.GriffonService), target=org.codehaus.griffon.runtime.core.artifact.ServiceArtifactHandler, singleton=true]
[Test worker] TRACE org.codehaus.griffon.runtime.core.DefaultApplicationBootstrapper - ProviderTypeBinding[source=griffon.core.PlatformHandler, providerType=class org.codehaus.griffon.runtime.core.PlatformHandlerProvider, singleton=true]
[Test worker] TRACE org.codehaus.griffon.runtime.core.DefaultApplicationBootstrapper - TargetBinding[source=griffon.core.addon.AddonManager, target=org.codehaus.griffon.runtime.core.addon.DefaultAddonManager, singleton=true]
[Test worker] TRACE org.codehaus.griffon.runtime.core.DefaultApplicationBootstrapper - TargetBinding[source=griffon.core.event.EventHandler, target=org.codehaus.griffon.runtime.core.event.DefaultEventHandler, singleton=true]
[Test worker] TRACE org.codehaus.griffon.runtime.core.DefaultApplicationBootstrapper - TargetBinding[source=griffon.core.GriffonExceptionHandler, target=griffon.core.GriffonExceptionHandler, singleton=true]
[Test worker] TRACE org.codehaus.griffon.runtime.core.DefaultApplicationBootstrapper - ProviderTypeBinding[source=org.apache.shiro.mgt.SecurityManager, providerType=class org.codehaus.griffon.runtime.shiro.SecurityManagerProvider, singleton=true]
[Test worker] TRACE org.codehaus.griffon.runtime.core.DefaultApplicationBootstrapper - ProviderTypeBinding[source=org.apache.shiro.subject.Subject, providerType=class org.codehaus.griffon.runtime.shiro.SubjectProvider, singleton=true]
[Test worker] TRACE org.codehaus.griffon.runtime.core.DefaultApplicationBootstrapper - TargetBinding[source=griffon.plugins.shiro.SecurityFailureHandler, target=org.codehaus.griffon.runtime.shiro.DefaultSecurityFailureHandler, singleton=true]
[Test worker] TRACE org.codehaus.griffon.runtime.core.DefaultApplicationBootstrapper - TargetBinding[source=griffon.core.controller.ActionInterceptor, target=org.codehaus.griffon.runtime.shiro.ShiroActionInterceptor, singleton=true]
[Test worker] DEBUG org.codehaus.griffon.runtime.core.DefaultApplicationBootstrapper - Creating application injector
[Test worker] DEBUG org.codehaus.griffon.runtime.core.DefaultApplicationBootstrapper - Injector will be created by org.codehaus.griffon.runtime.injection.GuiceInjectorFactory@7a44e09b
[Test worker] DEBUG org.codehaus.griffon.runtime.core.event.AbstractEventRouter - Adding listener org.codehaus.griffon.runtime.core.MVCGroupExceptionHandler on UncaughtMVCGroupConfigurationException
[Test worker] DEBUG org.codehaus.griffon.runtime.core.event.AbstractEventRouter - Adding listener org.codehaus.griffon.runtime.core.MVCGroupExceptionHandler on UncaughtMVCGroupInstantiationException
[Test worker] DEBUG org.codehaus.griffon.runtime.core.event.AbstractEventRouter - Triggering event 'BootstrapStart' synchronously
[Test worker] DEBUG griffon.util.ServiceLoaderUtils - Reading java.beans.PropertyEditor definitions from jar:file:/home/travis/build/griffon/griffon/subprojects/griffon-core/build/libs/griffon-core-2.0.0.BETA.jar!/META-INF/editors/java.beans.PropertyEditor
[Test worker] DEBUG org.codehaus.griffon.runtime.core.DefaultApplicationConfigurer - Registering griffon.core.editors.StringPropertyEditor as editor for java.lang.String
[Test worker] DEBUG org.codehaus.griffon.runtime.core.DefaultApplicationConfigurer - Registering griffon.core.editors.FilePropertyEditor as editor for java.io.File
[Test worker] DEBUG org.codehaus.griffon.runtime.core.DefaultApplicationConfigurer - Registering griffon.core.editors.URLPropertyEditor as editor for java.net.URL
[Test worker] DEBUG org.codehaus.griffon.runtime.core.DefaultApplicationConfigurer - Registering griffon.core.editors.URIPropertyEditor as editor for java.net.URI
[Test worker] DEBUG org.codehaus.griffon.runtime.core.DefaultApplicationConfigurer - Registering griffon.core.editors.BigDecimalPropertyEditor as editor for java.math.BigDecimal
[Test worker] DEBUG org.codehaus.griffon.runtime.core.DefaultApplicationConfigurer - Registering griffon.core.editors.BigIntegerPropertyEditor as editor for java.math.BigInteger
[Test worker] DEBUG org.codehaus.griffon.runtime.core.DefaultApplicationConfigurer - Registering griffon.core.editors.BooleanPropertyEditor as editor for java.lang.Boolean
[Test worker] DEBUG org.codehaus.griffon.runtime.core.DefaultApplicationConfigurer - Registering griffon.core.editors.BytePropertyEditor as editor for java.lang.Byte
[Test worker] DEBUG org.codehaus.griffon.runtime.core.DefaultApplicationConfigurer - Registering griffon.core.editors.ShortPropertyEditor as editor for java.lang.Short
[Test worker] DEBUG org.codehaus.griffon.runtime.core.DefaultApplicationConfigurer - Registering griffon.core.editors.IntegerPropertyEditor as editor for java.lang.Integer
[Test worker] DEBUG org.codehaus.griffon.runtime.core.DefaultApplicationConfigurer - Registering griffon.core.editors.LongPropertyEditor as editor for java.lang.Long
[Test worker] DEBUG org.codehaus.griffon.runtime.core.DefaultApplicationConfigurer - Registering griffon.core.editors.FloatPropertyEditor as editor for java.lang.Float
[Test worker] DEBUG org.codehaus.griffon.runtime.core.DefaultApplicationConfigurer - Registering griffon.core.editors.DoublePropertyEditor as editor for java.lang.Double
[Test worker] DEBUG org.codehaus.griffon.runtime.core.DefaultApplicationConfigurer - Registering griffon.core.editors.CalendarPropertyEditor as editor for java.util.Calendar
[Test worker] DEBUG org.codehaus.griffon.runtime.core.DefaultApplicationConfigurer - Registering griffon.core.editors.DatePropertyEditor as editor for java.util.Date
[Test worker] DEBUG org.codehaus.griffon.runtime.core.DefaultApplicationConfigurer - Registering griffon.core.editors.BooleanPropertyEditor as editor for boolean
[Test worker] DEBUG org.codehaus.griffon.runtime.core.DefaultApplicationConfigurer - Registering griffon.core.editors.BytePropertyEditor as editor for byte
[Test worker] DEBUG org.codehaus.griffon.runtime.core.DefaultApplicationConfigurer - Registering griffon.core.editors.ShortPropertyEditor as editor for short
[Test worker] DEBUG org.codehaus.griffon.runtime.core.DefaultApplicationConfigurer - Registering griffon.core.editors.IntegerPropertyEditor as editor for int
[Test worker] DEBUG org.codehaus.griffon.runtime.core.DefaultApplicationConfigurer - Registering griffon.core.editors.LongPropertyEditor as editor for long
[Test worker] DEBUG org.codehaus.griffon.runtime.core.DefaultApplicationConfigurer - Registering griffon.core.editors.FloatPropertyEditor as editor for float
[Test worker] DEBUG org.codehaus.griffon.runtime.core.DefaultApplicationConfigurer - Registering griffon.core.editors.DoublePropertyEditor as editor for double
[Test worker] DEBUG org.codehaus.griffon.runtime.core.event.AbstractEventRouter - Adding listener org.codehaus.griffon.runtime.core.DefaultApplicationConfigurer$2 on NewInstance
[Test worker] TRACE griffon.util.CompositeResourceBundle - Searching key=application.lifecycle.handler.disable
[Test worker] TRACE griffon.util.CompositeResourceBundle - Searching key=application
[Test worker] TRACE griffon.util.CompositeResourceBundle - Searching key=platform.handler.linux64
[Test worker] TRACE griffon.util.CompositeResourceBundle - Searching key=platform
[Test worker] DEBUG org.codehaus.griffon.runtime.core.PlatformHandlerProvider - Using org.codehaus.griffon.runtime.core.DefaultPlatformHandler as PlatformHandler
[Test worker] DEBUG org.codehaus.griffon.runtime.core.addon.AbstractAddonManager - Loading addons [START]
[Test worker] DEBUG griffon.util.AnnotationUtils - computed addon order is []
[Test worker] DEBUG org.codehaus.griffon.runtime.core.event.AbstractEventRouter - Triggering event 'LoadAddonsStart' synchronously
[Test worker] DEBUG org.codehaus.griffon.runtime.core.addon.AbstractAddonManager - Loading addons [END]
[Test worker] DEBUG org.codehaus.griffon.runtime.core.event.AbstractEventRouter - Triggering event 'LoadAddonsEnd' synchronously
[Test worker] TRACE griffon.util.CompositeResourceBundle - Searching key=mvcGroups
[Test worker] TRACE griffon.util.CompositeResourceBundle - Searching key=mvcGroups
[Test worker] DEBUG org.codehaus.griffon.runtime.core.event.AbstractEventRouter - Adding listener org.codehaus.griffon.runtime.core.DefaultApplicationConfigurer$3 on NewInstance
[Test worker] TRACE griffon.util.CompositeResourceBundle - Searching key=shiro.realm.resource.path
[Test worker] TRACE griffon.util.CompositeResourceBundle - Searching key=shiro
[Test worker] DEBUG org.apache.shiro.realm.text.PropertiesRealm - Loading user security information from file [classpath:shiro-users.properties]...
[Test worker] DEBUG org.apache.shiro.realm.text.PropertiesRealm - Opening input stream for path [classpath:shiro-users.properties]...
[Test worker] DEBUG org.apache.shiro.io.ResourceUtils - Opening resource from class path [shiro-users.properties]
[Test worker] DEBUG org.apache.shiro.realm.text.PropertiesRealm - Loading properties from path [classpath:shiro-users.properties]...
[Test worker] TRACE org.apache.shiro.realm.text.PropertiesRealm - Processing properties line - key: [user.joe], value: [joe,employee].
[Test worker] TRACE org.apache.shiro.realm.text.PropertiesRealm - Processing properties line - key: [user.bob], value: [bob,manager,employee].
[Test worker] TRACE org.apache.shiro.realm.text.PropertiesRealm - Processing properties line - key: [role.administrator], value: [*].
[Test worker] TRACE org.apache.shiro.realm.text.PropertiesRealm - Processing properties line - key: [role.manager], value: [user:write].
[Test worker] TRACE org.apache.shiro.realm.text.PropertiesRealm - Processing properties line - key: [user.root], value: [root,administrator,manager].
[Test worker] TRACE org.apache.shiro.realm.text.PropertiesRealm - Processing properties line - key: [role.employee], value: [user:read].
[Test worker] TRACE org.apache.shiro.util.ThreadContext - get() - in thread [Test worker]
[Test worker] TRACE org.apache.shiro.util.ThreadContext - Retrieved value of type [org.apache.shiro.subject.support.DelegatingSubject] for key [org.apache.shiro.util.ThreadContext_SUBJECT_KEY] bound to thread [Test worker]
[Test worker] TRACE griffon.util.CompositeResourceBundle - Searching key=griffon.controller.action.interceptor.order
[Test worker] TRACE griffon.util.CompositeResourceBundle - Searching key=griffon
[Test worker] DEBUG griffon.util.AnnotationUtils - Current interceptor order is [shiro]
[Test worker] TRACE griffon.util.AnnotationUtils - Processing interceptor 'shiro'
[Test worker] TRACE griffon.util.AnnotationUtils -   depends on '[]'
[Test worker] TRACE griffon.util.AnnotationUtils -   adding interceptor 'shiro', since all dependencies have been added
[Test worker] TRACE griffon.util.AnnotationUtils - interceptor dependency ordering complete
[Test worker] DEBUG griffon.util.AnnotationUtils - computed interceptor order is [shiro]
[Test worker] DEBUG org.codehaus.griffon.runtime.core.artifact.AbstractArtifactManager - Registering artifact handler for type 'model': org.codehaus.griffon.runtime.core.artifact.ModelArtifactHandler@4d38e3ae
[Test worker] DEBUG org.codehaus.griffon.runtime.core.artifact.AbstractArtifactManager - Registering artifact handler for type 'view': org.codehaus.griffon.runtime.core.artifact.ViewArtifactHandler@51ebdc1d
[Test worker] DEBUG org.codehaus.griffon.runtime.core.artifact.AbstractArtifactManager - Registering artifact handler for type 'controller': org.codehaus.griffon.runtime.core.artifact.ControllerArtifactHandler@53c01def
[Test worker] DEBUG org.codehaus.griffon.runtime.core.artifact.AbstractArtifactManager - Registering artifact handler for type 'service': org.codehaus.griffon.runtime.core.artifact.ServiceArtifactHandler@69ed60dd
[Test worker] DEBUG griffon.util.ServiceLoaderUtils - Reading griffon.core.artifact.GriffonController definitions from file:/home/travis/build/griffon/griffon/plugins/griffon-shiro-plugin/build/classes/test/META-INF/griffon/griffon.core.artifact.GriffonController
[Test worker] DEBUG griffon.util.ServiceLoaderUtils - Reading griffon.core.artifact.GriffonModel definitions from file:/home/travis/build/griffon/griffon/plugins/griffon-shiro-plugin/build/classes/test/META-INF/griffon/griffon.core.artifact.GriffonModel
[Test worker] DEBUG org.codehaus.griffon.runtime.core.artifact.DefaultArtifactManager - Artifacts of type 'controller' = 1
[Test worker] DEBUG org.codehaus.griffon.runtime.core.artifact.DefaultArtifactManager - Artifacts of type 'model' = 1
[Test worker] TRACE org.codehaus.griffon.runtime.core.artifact.AbstractArtifactManager - InstanceBinding[source=griffon.core.artifact.GriffonClass, classifier=@griffon.inject.Typed(value=class com.acme.ShiroController), instance=Artifact[controller] > Shiro, singleton=true]
[Test worker] TRACE org.codehaus.griffon.runtime.core.artifact.AbstractArtifactManager - TargetBinding[source=com.acme.ShiroController, target=com.acme.ShiroController, singleton=false]
[Test worker] TRACE org.codehaus.griffon.runtime.core.artifact.AbstractArtifactManager - InstanceBinding[source=griffon.core.artifact.GriffonClass, classifier=@griffon.inject.Typed(value=class com.acme.ShiroModel), instance=Artifact[model] > Shiro, singleton=true]
[Test worker] TRACE org.codehaus.griffon.runtime.core.artifact.AbstractArtifactManager - TargetBinding[source=com.acme.ShiroModel, target=com.acme.ShiroModel, singleton=false]
[Test worker] DEBUG org.codehaus.griffon.runtime.core.event.AbstractEventRouter - Triggering event 'BootstrapEnd' synchronously
[Test worker] DEBUG org.codehaus.griffon.runtime.core.artifact.AbstractArtifactManager - Searching for griffonClass of com.acme.ShiroController
[Test worker] DEBUG org.codehaus.griffon.runtime.core.event.AbstractEventRouter - Triggering event 'NewInstance' synchronously
[Test worker] DEBUG org.codehaus.griffon.runtime.core.artifact.AbstractArtifactManager - Searching for griffonClass of com.acme.ShiroController
[Test worker] TRACE griffon.util.CompositeResourceBundle - Searching key=com.acme.ShiroController.action.Authenticated.name
[Test worker] TRACE griffon.util.CompositeResourceBundle - Searching key=application.action.Authenticated.name
[Test worker] TRACE org.codehaus.griffon.runtime.core.controller.AbstractActionManager - com.acme.ShiroController.action.Authenticated.name = Authenticated
[Test worker] DEBUG org.codehaus.griffon.runtime.core.controller.AbstractActionManager - Configuring action com.acme.ShiroController.authenticated with org.codehaus.griffon.runtime.shiro.ShiroActionInterceptor@23510a7e
[Test worker] TRACE org.codehaus.griffon.runtime.core.controller.AbstractActionManager - Action for com.acme.ShiroController.authenticated stored as authenticated
[Test worker] TRACE griffon.util.CompositeResourceBundle - Searching key=com.acme.ShiroController.action.Guest.name
[Test worker] TRACE griffon.util.CompositeResourceBundle - Searching key=application.action.Guest.name
[Test worker] TRACE org.codehaus.griffon.runtime.core.controller.AbstractActionManager - com.acme.ShiroController.action.Guest.name = Guest
[Test worker] DEBUG org.codehaus.griffon.runtime.core.controller.AbstractActionManager - Configuring action com.acme.ShiroController.guest with org.codehaus.griffon.runtime.shiro.ShiroActionInterceptor@23510a7e
[Test worker] TRACE org.codehaus.griffon.runtime.core.controller.AbstractActionManager - Action for com.acme.ShiroController.guest stored as guest
[Test worker] TRACE griffon.util.CompositeResourceBundle - Searching key=com.acme.ShiroController.action.Permissions.name
[Test worker] TRACE griffon.util.CompositeResourceBundle - Searching key=application.action.Permissions.name
[Test worker] TRACE org.codehaus.griffon.runtime.core.controller.AbstractActionManager - com.acme.ShiroController.action.Permissions.name = Permissions
[Test worker] DEBUG org.codehaus.griffon.runtime.core.controller.AbstractActionManager - Configuring action com.acme.ShiroController.permissions with org.codehaus.griffon.runtime.shiro.ShiroActionInterceptor@23510a7e
[Test worker] TRACE org.codehaus.griffon.runtime.core.controller.AbstractActionManager - Action for com.acme.ShiroController.permissions stored as permissions
[Test worker] TRACE griffon.util.CompositeResourceBundle - Searching key=com.acme.ShiroController.action.Roles.name
[Test worker] TRACE griffon.util.CompositeResourceBundle - Searching key=application.action.Roles.name
[Test worker] TRACE org.codehaus.griffon.runtime.core.controller.AbstractActionManager - com.acme.ShiroController.action.Roles.name = Roles
[Test worker] DEBUG org.codehaus.griffon.runtime.core.controller.AbstractActionManager - Configuring action com.acme.ShiroController.roles with org.codehaus.griffon.runtime.shiro.ShiroActionInterceptor@23510a7e
[Test worker] TRACE org.codehaus.griffon.runtime.core.controller.AbstractActionManager - Action for com.acme.ShiroController.roles stored as roles
[Test worker] TRACE griffon.util.CompositeResourceBundle - Searching key=com.acme.ShiroController.action.User.name
[Test worker] TRACE griffon.util.CompositeResourceBundle - Searching key=application.action.User.name
[Test worker] TRACE org.codehaus.griffon.runtime.core.controller.AbstractActionManager - com.acme.ShiroController.action.User.name = User
[Test worker] DEBUG org.codehaus.griffon.runtime.core.controller.AbstractActionManager - Configuring action com.acme.ShiroController.user with org.codehaus.griffon.runtime.shiro.ShiroActionInterceptor@23510a7e
[Test worker] TRACE org.codehaus.griffon.runtime.core.controller.AbstractActionManager - Action for com.acme.ShiroController.user stored as user
[Test worker] DEBUG org.codehaus.griffon.runtime.core.artifact.AbstractArtifactManager - Searching for griffonClass of com.acme.ShiroModel
[Test worker] DEBUG org.codehaus.griffon.runtime.core.event.AbstractEventRouter - Triggering event 'NewInstance' synchronously
[Test worker] TRACE org.apache.shiro.subject.support.DelegatingSubject - attempting to get session; create = false; session is null = true; session has id = false
[Test worker] TRACE org.apache.shiro.authc.AbstractAuthenticator - Authentication attempt received for token [org.apache.shiro.authc.UsernamePasswordToken - joe, rememberMe=false]
[Test worker] DEBUG org.apache.shiro.realm.AuthenticatingRealm - Looked up AuthenticationInfo [joe] from doGetAuthenticationInfo
[Test worker] DEBUG org.apache.shiro.realm.AuthenticatingRealm - AuthenticationInfo caching is disabled for info [joe].  Submitted token: [org.apache.shiro.authc.UsernamePasswordToken - joe, rememberMe=false].
[Test worker] DEBUG org.apache.shiro.authc.credential.SimpleCredentialsMatcher - Performing credentials equality check for tokenCredentials of type [[C and accountCredentials of type [java.lang.String]
[Test worker] DEBUG org.apache.shiro.authc.credential.SimpleCredentialsMatcher - Both credentials arguments can be easily converted to byte arrays.  Performing array equals comparison
[Test worker] DEBUG org.apache.shiro.authc.AbstractAuthenticator - Authentication successful for token [org.apache.shiro.authc.UsernamePasswordToken - joe, rememberMe=false].  Returned account [joe]
[Test worker] DEBUG org.apache.shiro.subject.support.DefaultSubjectContext - No SecurityManager available in subject context map.  Falling back to SecurityUtils.getSecurityManager() lookup.
[Test worker] TRACE org.apache.shiro.util.ThreadContext - get() - in thread [Test worker]
[Test worker] TRACE org.apache.shiro.mgt.DefaultSecurityManager - Context already contains a SecurityManager instance.  Returning.
[Test worker] TRACE org.apache.shiro.subject.support.DelegatingSubject - attempting to get session; create = false; session is null = true; session has id = false
[Test worker] DEBUG org.apache.shiro.subject.support.DefaultSubjectContext - No SecurityManager available in subject context map.  Falling back to SecurityUtils.getSecurityManager() lookup.
[Test worker] TRACE org.apache.shiro.util.ThreadContext - get() - in thread [Test worker]
[Test worker] TRACE org.apache.shiro.subject.support.DelegatingSubject - attempting to get session; create = false; session is null = true; session has id = false
[Test worker] TRACE org.apache.shiro.subject.support.DelegatingSubject - attempting to get session; create = false; session is null = true; session has id = false
[Test worker] TRACE org.apache.shiro.subject.support.DelegatingSubject - attempting to get session; create = false; session is null = true; session has id = false
[Test worker] TRACE org.apache.shiro.subject.support.DelegatingSubject - attempting to get session; create = false; session is null = true; session has id = false
[Test worker] TRACE org.apache.shiro.subject.support.DelegatingSubject - attempting to get session; create = false; session is null = true; session has id = false
[Test worker] TRACE org.apache.shiro.subject.support.DelegatingSubject - attempting to get session; create = false; session is null = true; session has id = false
[Test worker] TRACE org.apache.shiro.subject.support.DelegatingSubject - attempting to get session; create = true; session is null = true; session has id = false
[Test worker] TRACE org.apache.shiro.subject.support.DelegatingSubject - Starting session for host null
[Test worker] DEBUG org.apache.shiro.session.mgt.AbstractValidatingSessionManager - No sessionValidationScheduler set.  Attempting to create default instance.
[Test worker] TRACE org.apache.shiro.session.mgt.AbstractValidatingSessionManager - Created default SessionValidationScheduler instance of type [org.apache.shiro.session.mgt.ExecutorServiceSessionValidationScheduler].
[Test worker] INFO org.apache.shiro.session.mgt.AbstractValidatingSessionManager - Enabling session validation scheduler...
[Test worker] TRACE org.apache.shiro.session.mgt.DefaultSessionManager - Creating session for host null
[Test worker] DEBUG org.apache.shiro.session.mgt.DefaultSessionManager - Creating new EIS record for new session instance [org.apache.shiro.session.mgt.SimpleSession,id=null]
[Test worker] TRACE org.apache.shiro.session.mgt.AbstractValidatingSessionManager - Attempting to retrieve session with key org.apache.shiro.session.mgt.DefaultSessionKey@6a962b36
[Test worker] TRACE org.apache.shiro.subject.support.DelegatingSubject - attempting to get session; create = false; session is null = false; session has id = true
[Test worker] TRACE org.apache.shiro.session.mgt.AbstractValidatingSessionManager - Attempting to retrieve session with key org.apache.shiro.session.mgt.DefaultSessionKey@6a962b36
[Test worker] TRACE org.apache.shiro.session.mgt.AbstractValidatingSessionManager - Attempting to retrieve session with key org.apache.shiro.session.mgt.DefaultSessionKey@6a962b36
[Test worker] TRACE org.apache.shiro.mgt.DefaultSecurityManager - This org.apache.shiro.mgt.DefaultSecurityManager instance does not have a [org.apache.shiro.mgt.RememberMeManager] instance configured.  RememberMe services will not be performed for account [joe].
[Test worker] TRACE org.apache.shiro.subject.support.DelegatingSubject - attempting to get session; create = false; session is null = false; session has id = true
[Test worker] TRACE griffon.util.CompositeResourceBundle - Searching key=griffon.disable.threading.injection
[Test worker] TRACE griffon.util.CompositeResourceBundle - Searching key=griffon
[Test worker] DEBUG org.codehaus.griffon.runtime.core.controller.AbstractActionManager - Executing com.acme.ShiroController.authenticated with policy OUTSIDE_UITHREAD
[Test worker] DEBUG org.codehaus.griffon.runtime.core.controller.AbstractActionManager - Executing 1 interceptor for com.acme.ShiroController.authenticated
[Test worker] TRACE org.codehaus.griffon.runtime.core.controller.AbstractActionManager - Calling org.codehaus.griffon.runtime.shiro.ShiroActionInterceptor@23510a7e.before() on com.acme.ShiroController.authenticated
[Test worker] DEBUG org.codehaus.griffon.runtime.shiro.ShiroActionInterceptor - Evaluating security requirement RequirementConfiguration{requirement=AUTHENTICATION, values=[], logical=AND}
[Test worker] TRACE org.codehaus.griffon.runtime.core.controller.AbstractActionManager - Status before execution of com.acme.ShiroController.authenticated is OK
[Test worker] TRACE org.codehaus.griffon.runtime.core.controller.AbstractActionManager - Status after execution of com.acme.ShiroController.authenticated is OK
[Test worker] TRACE org.codehaus.griffon.runtime.core.controller.AbstractActionManager - Calling org.codehaus.griffon.runtime.shiro.ShiroActionInterceptor@23510a7e.after() on com.acme.ShiroController.authenticated
[Test worker] TRACE org.apache.shiro.subject.support.DelegatingSubject - attempting to get session; create = false; session is null = false; session has id = true
[Test worker] TRACE org.apache.shiro.session.mgt.AbstractValidatingSessionManager - Attempting to retrieve session with key org.apache.shiro.session.mgt.DefaultSessionKey@6a962b36
[Test worker] TRACE org.apache.shiro.subject.support.DelegatingSubject - attempting to get session; create = false; session is null = false; session has id = true
[Test worker] TRACE org.apache.shiro.session.mgt.AbstractValidatingSessionManager - Attempting to retrieve session with key org.apache.shiro.session.mgt.DefaultSessionKey@6a962b36
[Test worker] DEBUG org.apache.shiro.mgt.DefaultSecurityManager - Logging out subject with primary principal joe
[Test worker] TRACE org.apache.shiro.realm.CachingRealm - Cleared cache entries for account with principals [joe]
[Test worker] TRACE org.apache.shiro.subject.support.DelegatingSubject - attempting to get session; create = false; session is null = false; session has id = true
[Test worker] TRACE org.apache.shiro.session.mgt.AbstractValidatingSessionManager - Attempting to retrieve session with key org.apache.shiro.session.mgt.DefaultSessionKey@6a962b36
[Test worker] TRACE org.apache.shiro.session.mgt.AbstractValidatingSessionManager - Attempting to retrieve session with key org.apache.shiro.session.mgt.DefaultSessionKey@6a962b36
[Test worker] TRACE org.apache.shiro.subject.support.DelegatingSubject - attempting to get session; create = false; session is null = false; session has id = true
[Test worker] TRACE org.apache.shiro.session.mgt.AbstractValidatingSessionManager - Attempting to retrieve session with key org.apache.shiro.session.mgt.DefaultSessionKey@6a962b36
[Test worker] DEBUG org.apache.shiro.session.mgt.AbstractSessionManager - Stopping session with id [b4844ec2-6152-454c-805f-6deb50540030]
[Test worker] DEBUG org.codehaus.griffon.runtime.core.event.AbstractEventRouter - Triggering event 'ShutdownRequested' synchronously
[Test worker] INFO org.codehaus.griffon.runtime.core.DefaultGriffonApplication - Shutdown is in process
[Test worker] DEBUG org.codehaus.griffon.runtime.core.DefaultGriffonApplication - Shutdown stage 1: notify all event listeners
[Test worker] DEBUG org.codehaus.griffon.runtime.core.event.AbstractEventRouter - Adding listener org.codehaus.griffon.runtime.core.AbstractGriffonApplication$1 on ShutdownStart
[Test worker] DEBUG org.codehaus.griffon.runtime.core.event.AbstractEventRouter - Triggering event 'ShutdownStart' synchronously
[Test worker] DEBUG org.codehaus.griffon.runtime.core.DefaultGriffonApplication - Shutdown stage 2: notify all shutdown handlers
[Test worker] DEBUG org.codehaus.griffon.runtime.core.DefaultGriffonApplication - Shutdown stage 3: destroy all MVC groups
[Test worker] DEBUG org.codehaus.griffon.runtime.core.DefaultGriffonApplication - Shutdown stage 4: execute Shutdown script
[Test worker] TRACE griffon.util.CompositeResourceBundle - Searching key=application.lifecycle.handler.disable
[Test worker] TRACE griffon.util.CompositeResourceBundle - Searching key=application
[Test worker] INFO org.codehaus.griffon.runtime.core.DefaultApplicationBootstrapper - Griffon 2.0.0.BETA
[Test worker] INFO org.codehaus.griffon.runtime.core.DefaultApplicationBootstrapper - Build: 2014-06-20T11:04:31.572+0000
[Test worker] INFO org.codehaus.griffon.runtime.core.DefaultApplicationBootstrapper - JVM: 1.7.0_51 (Oracle Corporation 24.51-b03)
[Test worker] INFO org.codehaus.griffon.runtime.core.DefaultApplicationBootstrapper - OS: Linux 2.6.32-042stab079.5 amd64
[Test worker] DEBUG org.codehaus.griffon.runtime.core.DefaultApplicationBootstrapper - Creating module bindings
[Test worker] DEBUG griffon.util.AnnotationUtils - Current module order is [core, shiro, testApplicationBootstrapper$InnerClasses, testApplicationBootstrapper$Fields]
[Test worker] TRACE griffon.util.AnnotationUtils - Processing module 'core'
[Test worker] TRACE griffon.util.AnnotationUtils -   depends on '[]'
[Test worker] TRACE griffon.util.AnnotationUtils -   adding module 'core', since all dependencies have been added
[Test worker] TRACE griffon.util.AnnotationUtils - Processing module 'shiro'
[Test worker] TRACE griffon.util.AnnotationUtils -   depends on '[]'
[Test worker] TRACE griffon.util.AnnotationUtils -   adding module 'shiro', since all dependencies have been added
[Test worker] TRACE griffon.util.AnnotationUtils - Processing module 'testApplicationBootstrapper$InnerClasses'
[Test worker] TRACE griffon.util.AnnotationUtils -   depends on '[]'
[Test worker] TRACE griffon.util.AnnotationUtils -   adding module 'testApplicationBootstrapper$InnerClasses', since all dependencies have been added
[Test worker] TRACE griffon.util.AnnotationUtils - Processing module 'testApplicationBootstrapper$Fields'
[Test worker] TRACE griffon.util.AnnotationUtils -   depends on '[]'
[Test worker] TRACE griffon.util.AnnotationUtils -   adding module 'testApplicationBootstrapper$Fields', since all dependencies have been added
[Test worker] TRACE griffon.util.AnnotationUtils - module dependency ordering complete
[Test worker] DEBUG griffon.util.AnnotationUtils - computed module order is [core, shiro, testApplicationBootstrapper$InnerClasses, testApplicationBootstrapper$Fields]
[Test worker] DEBUG org.codehaus.griffon.runtime.core.DefaultApplicationBootstrapper - Loading module bindings from core:org.codehaus.griffon.runtime.core.DefaultApplicationModule@6a521361
[Test worker] DEBUG org.codehaus.griffon.runtime.core.DefaultApplicationBootstrapper - Loading module bindings from shiro:org.codehaus.griffon.runtime.shiro.ShiroModule@32767bcf
[Test worker] DEBUG org.codehaus.griffon.runtime.core.DefaultApplicationBootstrapper - Loading module bindings from testApplicationBootstrapper$InnerClasses:org.codehaus.griffon.runtime.core.TestApplicationBootstrapper$InnerClassesModule@ba6ceb
[Test worker] DEBUG org.codehaus.griffon.runtime.core.DefaultApplicationBootstrapper - Loading module bindings from testApplicationBootstrapper$Fields:org.codehaus.griffon.runtime.core.TestApplicationBootstrapper$FieldsModule@4f44b8ac
[Test worker] TRACE org.codehaus.griffon.runtime.core.DefaultApplicationBootstrapper - InstanceBinding[source=griffon.core.GriffonApplication, instance=org.codehaus.griffon.runtime.core.DefaultGriffonApplication@5bbe1466, singleton=true]
[Test worker] TRACE org.codehaus.griffon.runtime.core.DefaultApplicationBootstrapper - TargetBinding[source=griffon.core.ApplicationClassLoader, target=org.codehaus.griffon.runtime.core.DefaultApplicationClassLoader, singleton=true]
[Test worker] TRACE org.codehaus.griffon.runtime.core.DefaultApplicationBootstrapper - TargetBinding[source=griffon.core.ApplicationConfigurer, target=org.codehaus.griffon.runtime.core.DefaultApplicationConfigurer, singleton=true]
[Test worker] TRACE org.codehaus.griffon.runtime.core.DefaultApplicationBootstrapper - TargetBinding[source=griffon.core.resources.ResourceHandler, target=org.codehaus.griffon.runtime.core.resources.DefaultResourceHandler, singleton=true]
[Test worker] TRACE org.codehaus.griffon.runtime.core.DefaultApplicationBootstrapper - TargetBinding[source=griffon.util.CompositeResourceBundleBuilder, target=org.codehaus.griffon.runtime.util.DefaultCompositeResourceBundleBuilder, singleton=true]
[Test worker] TRACE org.codehaus.griffon.runtime.core.DefaultApplicationBootstrapper - ProviderBinding[source=java.util.ResourceBundle, classifier=@javax.inject.Named(value=applicationResourceBundle), provider=org.codehaus.griffon.runtime.util.ResourceBundleProvider@1c2d6398, singleton=true]
[Test worker] TRACE org.codehaus.griffon.runtime.core.DefaultApplicationBootstrapper - TargetBinding[source=griffon.core.Configuration, target=org.codehaus.griffon.runtime.core.DefaultConfiguration, singleton=true]
[Test worker] TRACE org.codehaus.griffon.runtime.core.DefaultApplicationBootstrapper - TargetBinding[source=griffon.core.ExecutorServiceManager, target=org.codehaus.griffon.runtime.core.DefaultExecutorServiceManager, singleton=true]
[Test worker] TRACE org.codehaus.griffon.runtime.core.DefaultApplicationBootstrapper - TargetBinding[source=griffon.core.event.EventRouter, classifier=@javax.inject.Named(value=applicationEventRouter), target=org.codehaus.griffon.runtime.core.event.DefaultEventRouter, singleton=true]
[Test worker] TRACE org.codehaus.griffon.runtime.core.DefaultApplicationBootstrapper - TargetBinding[source=griffon.core.event.EventRouter, target=org.codehaus.griffon.runtime.core.event.DefaultEventRouter, singleton=false]
[Test worker] TRACE org.codehaus.griffon.runtime.core.DefaultApplicationBootstrapper - ProviderBinding[source=griffon.core.resources.ResourceResolver, classifier=@javax.inject.Named(value=applicationResourceResolver), provider=org.codehaus.griffon.runtime.core.resources.ResourceResolverProvider@67e59e9b, singleton=true]
[Test worker] TRACE org.codehaus.griffon.runtime.core.DefaultApplicationBootstrapper - ProviderBinding[source=griffon.core.i18n.MessageSource, classifier=@javax.inject.Named(value=applicationMessageSource), provider=org.codehaus.griffon.runtime.core.i18n.MessageSourceProvider@14100767, singleton=true]
[Test worker] TRACE org.codehaus.griffon.runtime.core.DefaultApplicationBootstrapper - TargetBinding[source=griffon.core.resources.ResourceInjector, classifier=@javax.inject.Named(value=applicationResourceInjector), target=org.codehaus.griffon.runtime.core.resources.DefaultApplicationResourceInjector, singleton=true]
[Test worker] TRACE org.codehaus.griffon.runtime.core.DefaultApplicationBootstrapper - TargetBinding[source=griffon.core.threading.UIThreadManager, target=org.codehaus.griffon.runtime.core.threading.DefaultUIThreadManager, singleton=true]
[Test worker] TRACE org.codehaus.griffon.runtime.core.DefaultApplicationBootstrapper - TargetBinding[source=griffon.core.mvc.MVCGroupManager, target=org.codehaus.griffon.runtime.core.mvc.DefaultMVCGroupManager, singleton=true]
[Test worker] TRACE org.codehaus.griffon.runtime.core.DefaultApplicationBootstrapper - ProviderBinding[source=griffon.core.LifecycleHandler, classifier=@javax.inject.Named(value=Initialize), provider=org.codehaus.griffon.runtime.core.LifecycleHandlerProvider@2856057b, singleton=true]
[Test worker] TRACE org.codehaus.griffon.runtime.core.DefaultApplicationBootstrapper - ProviderBinding[source=griffon.core.LifecycleHandler, classifier=@javax.inject.Named(value=Startup), provider=org.codehaus.griffon.runtime.core.LifecycleHandlerProvider@2781e2ed, singleton=true]
[Test worker] TRACE org.codehaus.griffon.runtime.core.DefaultApplicationBootstrapper - ProviderBinding[source=griffon.core.LifecycleHandler, classifier=@javax.inject.Named(value=Ready), provider=org.codehaus.griffon.runtime.core.LifecycleHandlerProvider@405949de, singleton=true]
[Test worker] TRACE org.codehaus.griffon.runtime.core.DefaultApplicationBootstrapper - ProviderBinding[source=griffon.core.LifecycleHandler, classifier=@javax.inject.Named(value=Shutdown), provider=org.codehaus.griffon.runtime.core.LifecycleHandlerProvider@2600aed3, singleton=true]
[Test worker] TRACE org.codehaus.griffon.runtime.core.DefaultApplicationBootstrapper - ProviderBinding[source=griffon.core.LifecycleHandler, classifier=@javax.inject.Named(value=Stop), provider=org.codehaus.griffon.runtime.core.LifecycleHandlerProvider@76d5b222, singleton=true]
[Test worker] TRACE org.codehaus.griffon.runtime.core.DefaultApplicationBootstrapper - TargetBinding[source=griffon.core.view.WindowManager, target=org.codehaus.griffon.runtime.core.view.NoopWindowManager, singleton=true]
[Test worker] TRACE org.codehaus.griffon.runtime.core.DefaultApplicationBootstrapper - TargetBinding[source=griffon.core.controller.ActionManager, target=org.codehaus.griffon.runtime.core.controller.DefaultActionManager, singleton=true]
[Test worker] TRACE org.codehaus.griffon.runtime.core.DefaultApplicationBootstrapper - TargetBinding[source=griffon.core.artifact.ArtifactManager, target=org.codehaus.griffon.runtime.core.artifact.DefaultArtifactManager, singleton=true]
[Test worker] TRACE org.codehaus.griffon.runtime.core.DefaultApplicationBootstrapper - TargetBinding[source=griffon.core.artifact.ArtifactHandler, classifier=@griffon.inject.Typed(value=interface griffon.core.artifact.GriffonModel), target=org.codehaus.griffon.runtime.core.artifact.ModelArtifactHandler, singleton=true]
[Test worker] TRACE org.codehaus.griffon.runtime.core.DefaultApplicationBootstrapper - TargetBinding[source=griffon.core.artifact.ArtifactHandler, classifier=@griffon.inject.Typed(value=interface griffon.core.artifact.GriffonView), target=org.codehaus.griffon.runtime.core.artifact.ViewArtifactHandler, singleton=true]
[Test worker] TRACE org.codehaus.griffon.runtime.core.DefaultApplicationBootstrapper - TargetBinding[source=griffon.core.artifact.ArtifactHandler, classifier=@griffon.inject.Typed(value=interface griffon.core.artifact.GriffonController), target=org.codehaus.griffon.runtime.core.artifact.ControllerArtifactHandler, singleton=true]
[Test worker] TRACE org.codehaus.griffon.runtime.core.DefaultApplicationBootstrapper - TargetBinding[source=griffon.core.artifact.ArtifactHandler, classifier=@griffon.inject.Typed(value=interface griffon.core.artifact.GriffonService), target=org.codehaus.griffon.runtime.core.artifact.ServiceArtifactHandler, singleton=true]
[Test worker] TRACE org.codehaus.griffon.runtime.core.DefaultApplicationBootstrapper - ProviderTypeBinding[source=griffon.core.PlatformHandler, providerType=class org.codehaus.griffon.runtime.core.PlatformHandlerProvider, singleton=true]
[Test worker] TRACE org.codehaus.griffon.runtime.core.DefaultApplicationBootstrapper - TargetBinding[source=griffon.core.addon.AddonManager, target=org.codehaus.griffon.runtime.core.addon.DefaultAddonManager, singleton=true]
[Test worker] TRACE org.codehaus.griffon.runtime.core.DefaultApplicationBootstrapper - TargetBinding[source=griffon.core.event.EventHandler, target=org.codehaus.griffon.runtime.core.event.DefaultEventHandler, singleton=true]
[Test worker] TRACE org.codehaus.griffon.runtime.core.DefaultApplicationBootstrapper - TargetBinding[source=griffon.core.GriffonExceptionHandler, target=griffon.core.GriffonExceptionHandler, singleton=true]
[Test worker] TRACE org.codehaus.griffon.runtime.core.DefaultApplicationBootstrapper - ProviderTypeBinding[source=org.apache.shiro.mgt.SecurityManager, providerType=class org.codehaus.griffon.runtime.shiro.SecurityManagerProvider, singleton=true]
[Test worker] TRACE org.codehaus.griffon.runtime.core.DefaultApplicationBootstrapper - ProviderTypeBinding[source=org.apache.shiro.subject.Subject, providerType=class org.codehaus.griffon.runtime.shiro.SubjectProvider, singleton=true]
[Test worker] TRACE org.codehaus.griffon.runtime.core.DefaultApplicationBootstrapper - TargetBinding[source=griffon.plugins.shiro.SecurityFailureHandler, target=org.codehaus.griffon.runtime.shiro.DefaultSecurityFailureHandler, singleton=true]
[Test worker] TRACE org.codehaus.griffon.runtime.core.DefaultApplicationBootstrapper - TargetBinding[source=griffon.core.controller.ActionInterceptor, target=org.codehaus.griffon.runtime.shiro.ShiroActionInterceptor, singleton=true]
[Test worker] DEBUG org.codehaus.griffon.runtime.core.DefaultApplicationBootstrapper - Creating application injector
[Test worker] DEBUG org.codehaus.griffon.runtime.core.DefaultApplicationBootstrapper - Injector will be created by org.codehaus.griffon.runtime.injection.GuiceInjectorFactory@3eeba269
[Test worker] DEBUG org.codehaus.griffon.runtime.core.event.AbstractEventRouter - Adding listener org.codehaus.griffon.runtime.core.MVCGroupExceptionHandler on UncaughtMVCGroupConfigurationException
[Test worker] DEBUG org.codehaus.griffon.runtime.core.event.AbstractEventRouter - Adding listener org.codehaus.griffon.runtime.core.MVCGroupExceptionHandler on UncaughtMVCGroupInstantiationException
[Test worker] DEBUG org.codehaus.griffon.runtime.core.event.AbstractEventRouter - Triggering event 'BootstrapStart' synchronously
[Test worker] DEBUG griffon.util.ServiceLoaderUtils - Reading java.beans.PropertyEditor definitions from jar:file:/home/travis/build/griffon/griffon/subprojects/griffon-core/build/libs/griffon-core-2.0.0.BETA.jar!/META-INF/editors/java.beans.PropertyEditor
[Test worker] DEBUG org.codehaus.griffon.runtime.core.DefaultApplicationConfigurer - Registering griffon.core.editors.StringPropertyEditor as editor for java.lang.String
[Test worker] DEBUG org.codehaus.griffon.runtime.core.DefaultApplicationConfigurer - Registering griffon.core.editors.FilePropertyEditor as editor for java.io.File
[Test worker] DEBUG org.codehaus.griffon.runtime.core.DefaultApplicationConfigurer - Registering griffon.core.editors.URLPropertyEditor as editor for java.net.URL
[Test worker] DEBUG org.codehaus.griffon.runtime.core.DefaultApplicationConfigurer - Registering griffon.core.editors.URIPropertyEditor as editor for java.net.URI
[Test worker] DEBUG org.codehaus.griffon.runtime.core.DefaultApplicationConfigurer - Registering griffon.core.editors.BigDecimalPropertyEditor as editor for java.math.BigDecimal
[Test worker] DEBUG org.codehaus.griffon.runtime.core.DefaultApplicationConfigurer - Registering griffon.core.editors.BigIntegerPropertyEditor as editor for java.math.BigInteger
[Test worker] DEBUG org.codehaus.griffon.runtime.core.DefaultApplicationConfigurer - Registering griffon.core.editors.BooleanPropertyEditor as editor for java.lang.Boolean
[Test worker] DEBUG org.codehaus.griffon.runtime.core.DefaultApplicationConfigurer - Registering griffon.core.editors.BytePropertyEditor as editor for java.lang.Byte
[Test worker] DEBUG org.codehaus.griffon.runtime.core.DefaultApplicationConfigurer - Registering griffon.core.editors.ShortPropertyEditor as editor for java.lang.Short
[Test worker] DEBUG org.codehaus.griffon.runtime.core.DefaultApplicationConfigurer - Registering griffon.core.editors.IntegerPropertyEditor as editor for java.lang.Integer
[Test worker] DEBUG org.codehaus.griffon.runtime.core.DefaultApplicationConfigurer - Registering griffon.core.editors.LongPropertyEditor as editor for java.lang.Long
[Test worker] DEBUG org.codehaus.griffon.runtime.core.DefaultApplicationConfigurer - Registering griffon.core.editors.FloatPropertyEditor as editor for java.lang.Float
[Test worker] DEBUG org.codehaus.griffon.runtime.core.DefaultApplicationConfigurer - Registering griffon.core.editors.DoublePropertyEditor as editor for java.lang.Double
[Test worker] DEBUG org.codehaus.griffon.runtime.core.DefaultApplicationConfigurer - Registering griffon.core.editors.CalendarPropertyEditor as editor for java.util.Calendar
[Test worker] DEBUG org.codehaus.griffon.runtime.core.DefaultApplicationConfigurer - Registering griffon.core.editors.DatePropertyEditor as editor for java.util.Date
[Test worker] DEBUG org.codehaus.griffon.runtime.core.DefaultApplicationConfigurer - Registering griffon.core.editors.BooleanPropertyEditor as editor for boolean
[Test worker] DEBUG org.codehaus.griffon.runtime.core.DefaultApplicationConfigurer - Registering griffon.core.editors.BytePropertyEditor as editor for byte
[Test worker] DEBUG org.codehaus.griffon.runtime.core.DefaultApplicationConfigurer - Registering griffon.core.editors.ShortPropertyEditor as editor for short
[Test worker] DEBUG org.codehaus.griffon.runtime.core.DefaultApplicationConfigurer - Registering griffon.core.editors.IntegerPropertyEditor as editor for int
[Test worker] DEBUG org.codehaus.griffon.runtime.core.DefaultApplicationConfigurer - Registering griffon.core.editors.LongPropertyEditor as editor for long
[Test worker] DEBUG org.codehaus.griffon.runtime.core.DefaultApplicationConfigurer - Registering griffon.core.editors.FloatPropertyEditor as editor for float
[Test worker] DEBUG org.codehaus.griffon.runtime.core.DefaultApplicationConfigurer - Registering griffon.core.editors.DoublePropertyEditor as editor for double
[Test worker] DEBUG org.codehaus.griffon.runtime.core.event.AbstractEventRouter - Adding listener org.codehaus.griffon.runtime.core.DefaultApplicationConfigurer$2 on NewInstance
[Test worker] TRACE griffon.util.CompositeResourceBundle - Searching key=application.lifecycle.handler.disable
[Test worker] TRACE griffon.util.CompositeResourceBundle - Searching key=application
[Test worker] TRACE griffon.util.CompositeResourceBundle - Searching key=platform.handler.linux64
[Test worker] TRACE griffon.util.CompositeResourceBundle - Searching key=platform
[Test worker] DEBUG org.codehaus.griffon.runtime.core.PlatformHandlerProvider - Using org.codehaus.griffon.runtime.core.DefaultPlatformHandler as PlatformHandler
[Test worker] DEBUG org.codehaus.griffon.runtime.core.addon.AbstractAddonManager - Loading addons [START]
[Test worker] DEBUG griffon.util.AnnotationUtils - computed addon order is []
[Test worker] DEBUG org.codehaus.griffon.runtime.core.event.AbstractEventRouter - Triggering event 'LoadAddonsStart' synchronously
[Test worker] DEBUG org.codehaus.griffon.runtime.core.addon.AbstractAddonManager - Loading addons [END]
[Test worker] DEBUG org.codehaus.griffon.runtime.core.event.AbstractEventRouter - Triggering event 'LoadAddonsEnd' synchronously
[Test worker] TRACE griffon.util.CompositeResourceBundle - Searching key=mvcGroups
[Test worker] TRACE griffon.util.CompositeResourceBundle - Searching key=mvcGroups
[Test worker] DEBUG org.codehaus.griffon.runtime.core.event.AbstractEventRouter - Adding listener org.codehaus.griffon.runtime.core.DefaultApplicationConfigurer$3 on NewInstance
[Test worker] TRACE griffon.util.CompositeResourceBundle - Searching key=shiro.realm.resource.path
[Test worker] TRACE griffon.util.CompositeResourceBundle - Searching key=shiro
[Test worker] DEBUG org.apache.shiro.realm.text.PropertiesRealm - Loading user security information from file [classpath:shiro-users.properties]...
[Test worker] DEBUG org.apache.shiro.realm.text.PropertiesRealm - Opening input stream for path [classpath:shiro-users.properties]...
[Test worker] DEBUG org.apache.shiro.io.ResourceUtils - Opening resource from class path [shiro-users.properties]
[Test worker] DEBUG org.apache.shiro.realm.text.PropertiesRealm - Loading properties from path [classpath:shiro-users.properties]...
[Test worker] TRACE org.apache.shiro.realm.text.PropertiesRealm - Processing properties line - key: [user.joe], value: [joe,employee].
[Test worker] TRACE org.apache.shiro.realm.text.PropertiesRealm - Processing properties line - key: [user.bob], value: [bob,manager,employee].
[Test worker] TRACE org.apache.shiro.realm.text.PropertiesRealm - Processing properties line - key: [role.administrator], value: [*].
[Test worker] TRACE org.apache.shiro.realm.text.PropertiesRealm - Processing properties line - key: [role.manager], value: [user:write].
[Test worker] TRACE org.apache.shiro.realm.text.PropertiesRealm - Processing properties line - key: [user.root], value: [root,administrator,manager].
[Test worker] TRACE org.apache.shiro.realm.text.PropertiesRealm - Processing properties line - key: [role.employee], value: [user:read].
[Test worker] TRACE org.apache.shiro.util.ThreadContext - get() - in thread [Test worker]
[Test worker] TRACE org.apache.shiro.util.ThreadContext - Retrieved value of type [org.apache.shiro.subject.support.DelegatingSubject] for key [org.apache.shiro.util.ThreadContext_SUBJECT_KEY] bound to thread [Test worker]
[Test worker] TRACE griffon.util.CompositeResourceBundle - Searching key=griffon.controller.action.interceptor.order
[Test worker] TRACE griffon.util.CompositeResourceBundle - Searching key=griffon
[Test worker] DEBUG griffon.util.AnnotationUtils - Current interceptor order is [shiro]
[Test worker] TRACE griffon.util.AnnotationUtils - Processing interceptor 'shiro'
[Test worker] TRACE griffon.util.AnnotationUtils -   depends on '[]'
[Test worker] TRACE griffon.util.AnnotationUtils -   adding interceptor 'shiro', since all dependencies have been added
[Test worker] TRACE griffon.util.AnnotationUtils - interceptor dependency ordering complete
[Test worker] DEBUG griffon.util.AnnotationUtils - computed interceptor order is [shiro]
[Test worker] DEBUG org.codehaus.griffon.runtime.core.artifact.AbstractArtifactManager - Registering artifact handler for type 'model': org.codehaus.griffon.runtime.core.artifact.ModelArtifactHandler@7004c040
[Test worker] DEBUG org.codehaus.griffon.runtime.core.artifact.AbstractArtifactManager - Registering artifact handler for type 'view': org.codehaus.griffon.runtime.core.artifact.ViewArtifactHandler@47e9e334
[Test worker] DEBUG org.codehaus.griffon.runtime.core.artifact.AbstractArtifactManager - Registering artifact handler for type 'controller': org.codehaus.griffon.runtime.core.artifact.ControllerArtifactHandler@4c438fce
[Test worker] DEBUG org.codehaus.griffon.runtime.core.artifact.AbstractArtifactManager - Registering artifact handler for type 'service': org.codehaus.griffon.runtime.core.artifact.ServiceArtifactHandler@6796447f
[Test worker] DEBUG griffon.util.ServiceLoaderUtils - Reading griffon.core.artifact.GriffonController definitions from file:/home/travis/build/griffon/griffon/plugins/griffon-shiro-plugin/build/classes/test/META-INF/griffon/griffon.core.artifact.GriffonController
[Test worker] DEBUG griffon.util.ServiceLoaderUtils - Reading griffon.core.artifact.GriffonModel definitions from file:/home/travis/build/griffon/griffon/plugins/griffon-shiro-plugin/build/classes/test/META-INF/griffon/griffon.core.artifact.GriffonModel
[Test worker] DEBUG org.codehaus.griffon.runtime.core.artifact.DefaultArtifactManager - Artifacts of type 'controller' = 1
[Test worker] DEBUG org.codehaus.griffon.runtime.core.artifact.DefaultArtifactManager - Artifacts of type 'model' = 1
[Test worker] TRACE org.codehaus.griffon.runtime.core.artifact.AbstractArtifactManager - InstanceBinding[source=griffon.core.artifact.GriffonClass, classifier=@griffon.inject.Typed(value=class com.acme.ShiroController), instance=Artifact[controller] > Shiro, singleton=true]
[Test worker] TRACE org.codehaus.griffon.runtime.core.artifact.AbstractArtifactManager - TargetBinding[source=com.acme.ShiroController, target=com.acme.ShiroController, singleton=false]
[Test worker] TRACE org.codehaus.griffon.runtime.core.artifact.AbstractArtifactManager - InstanceBinding[source=griffon.core.artifact.GriffonClass, classifier=@griffon.inject.Typed(value=class com.acme.ShiroModel), instance=Artifact[model] > Shiro, singleton=true]
[Test worker] TRACE org.codehaus.griffon.runtime.core.artifact.AbstractArtifactManager - TargetBinding[source=com.acme.ShiroModel, target=com.acme.ShiroModel, singleton=false]
[Test worker] DEBUG org.codehaus.griffon.runtime.core.event.AbstractEventRouter - Triggering event 'BootstrapEnd' synchronously
[Test worker] DEBUG org.codehaus.griffon.runtime.core.artifact.AbstractArtifactManager - Searching for griffonClass of com.acme.ShiroController
[Test worker] DEBUG org.codehaus.griffon.runtime.core.event.AbstractEventRouter - Triggering event 'NewInstance' synchronously
[Test worker] DEBUG org.codehaus.griffon.runtime.core.artifact.AbstractArtifactManager - Searching for griffonClass of com.acme.ShiroController
[Test worker] TRACE griffon.util.CompositeResourceBundle - Searching key=com.acme.ShiroController.action.Authenticated.name
[Test worker] TRACE griffon.util.CompositeResourceBundle - Searching key=application.action.Authenticated.name
[Test worker] TRACE org.codehaus.griffon.runtime.core.controller.AbstractActionManager - com.acme.ShiroController.action.Authenticated.name = Authenticated
[Test worker] DEBUG org.codehaus.griffon.runtime.core.controller.AbstractActionManager - Configuring action com.acme.ShiroController.authenticated with org.codehaus.griffon.runtime.shiro.ShiroActionInterceptor@1622c7d6
[Test worker] TRACE org.codehaus.griffon.runtime.core.controller.AbstractActionManager - Action for com.acme.ShiroController.authenticated stored as authenticated
[Test worker] TRACE griffon.util.CompositeResourceBundle - Searching key=com.acme.ShiroController.action.Guest.name
[Test worker] TRACE griffon.util.CompositeResourceBundle - Searching key=application.action.Guest.name
[Test worker] TRACE org.codehaus.griffon.runtime.core.controller.AbstractActionManager - com.acme.ShiroController.action.Guest.name = Guest
[Test worker] DEBUG org.codehaus.griffon.runtime.core.controller.AbstractActionManager - Configuring action com.acme.ShiroController.guest with org.codehaus.griffon.runtime.shiro.ShiroActionInterceptor@1622c7d6
[Test worker] TRACE org.codehaus.griffon.runtime.core.controller.AbstractActionManager - Action for com.acme.ShiroController.guest stored as guest
[Test worker] TRACE griffon.util.CompositeResourceBundle - Searching key=com.acme.ShiroController.action.Permissions.name
[Test worker] TRACE griffon.util.CompositeResourceBundle - Searching key=application.action.Permissions.name
[Test worker] TRACE org.codehaus.griffon.runtime.core.controller.AbstractActionManager - com.acme.ShiroController.action.Permissions.name = Permissions
[Test worker] DEBUG org.codehaus.griffon.runtime.core.controller.AbstractActionManager - Configuring action com.acme.ShiroController.permissions with org.codehaus.griffon.runtime.shiro.ShiroActionInterceptor@1622c7d6
[Test worker] TRACE org.codehaus.griffon.runtime.core.controller.AbstractActionManager - Action for com.acme.ShiroController.permissions stored as permissions
[Test worker] TRACE griffon.util.CompositeResourceBundle - Searching key=com.acme.ShiroController.action.Roles.name
[Test worker] TRACE griffon.util.CompositeResourceBundle - Searching key=application.action.Roles.name
[Test worker] TRACE org.codehaus.griffon.runtime.core.controller.AbstractActionManager - com.acme.ShiroController.action.Roles.name = Roles
[Test worker] DEBUG org.codehaus.griffon.runtime.core.controller.AbstractActionManager - Configuring action com.acme.ShiroController.roles with org.codehaus.griffon.runtime.shiro.ShiroActionInterceptor@1622c7d6
[Test worker] TRACE org.codehaus.griffon.runtime.core.controller.AbstractActionManager - Action for com.acme.ShiroController.roles stored as roles
[Test worker] TRACE griffon.util.CompositeResourceBundle - Searching key=com.acme.ShiroController.action.User.name
[Test worker] TRACE griffon.util.CompositeResourceBundle - Searching key=application.action.User.name
[Test worker] TRACE org.codehaus.griffon.runtime.core.controller.AbstractActionManager - com.acme.ShiroController.action.User.name = User
[Test worker] DEBUG org.codehaus.griffon.runtime.core.controller.AbstractActionManager - Configuring action com.acme.ShiroController.user with org.codehaus.griffon.runtime.shiro.ShiroActionInterceptor@1622c7d6
[Test worker] TRACE org.codehaus.griffon.runtime.core.controller.AbstractActionManager - Action for com.acme.ShiroController.user stored as user
[Test worker] DEBUG org.codehaus.griffon.runtime.core.artifact.AbstractArtifactManager - Searching for griffonClass of com.acme.ShiroModel
[Test worker] DEBUG org.codehaus.griffon.runtime.core.event.AbstractEventRouter - Triggering event 'NewInstance' synchronously
[Test worker] TRACE org.apache.shiro.subject.support.DelegatingSubject - attempting to get session; create = false; session is null = true; session has id = false
[Test worker] TRACE org.apache.shiro.authc.AbstractAuthenticator - Authentication attempt received for token [org.apache.shiro.authc.UsernamePasswordToken - joe, rememberMe=false]
[Test worker] DEBUG org.apache.shiro.realm.AuthenticatingRealm - Looked up AuthenticationInfo [joe] from doGetAuthenticationInfo
[Test worker] DEBUG org.apache.shiro.realm.AuthenticatingRealm - AuthenticationInfo caching is disabled for info [joe].  Submitted token: [org.apache.shiro.authc.UsernamePasswordToken - joe, rememberMe=false].
[Test worker] DEBUG org.apache.shiro.authc.credential.SimpleCredentialsMatcher - Performing credentials equality check for tokenCredentials of type [[C and accountCredentials of type [java.lang.String]
[Test worker] DEBUG org.apache.shiro.authc.credential.SimpleCredentialsMatcher - Both credentials arguments can be easily converted to byte arrays.  Performing array equals comparison
[Test worker] DEBUG org.apache.shiro.authc.AbstractAuthenticator - Authentication successful for token [org.apache.shiro.authc.UsernamePasswordToken - joe, rememberMe=false].  Returned account [joe]
[Test worker] DEBUG org.apache.shiro.subject.support.DefaultSubjectContext - No SecurityManager available in subject context map.  Falling back to SecurityUtils.getSecurityManager() lookup.
[Test worker] TRACE org.apache.shiro.util.ThreadContext - get() - in thread [Test worker]
[Test worker] TRACE org.apache.shiro.mgt.DefaultSecurityManager - Context already contains a SecurityManager instance.  Returning.
[Test worker] TRACE org.apache.shiro.subject.support.DelegatingSubject - attempting to get session; create = false; session is null = true; session has id = false
[Test worker] DEBUG org.apache.shiro.subject.support.DefaultSubjectContext - No SecurityManager available in subject context map.  Falling back to SecurityUtils.getSecurityManager() lookup.
[Test worker] TRACE org.apache.shiro.util.ThreadContext - get() - in thread [Test worker]
[Test worker] TRACE org.apache.shiro.subject.support.DelegatingSubject - attempting to get session; create = false; session is null = true; session has id = false
[Test worker] TRACE org.apache.shiro.subject.support.DelegatingSubject - attempting to get session; create = false; session is null = true; session has id = false
[Test worker] TRACE org.apache.shiro.subject.support.DelegatingSubject - attempting to get session; create = false; session is null = true; session has id = false
[Test worker] TRACE org.apache.shiro.subject.support.DelegatingSubject - attempting to get session; create = false; session is null = true; session has id = false
[Test worker] TRACE org.apache.shiro.subject.support.DelegatingSubject - attempting to get session; create = false; session is null = true; session has id = false
[Test worker] TRACE org.apache.shiro.subject.support.DelegatingSubject - attempting to get session; create = false; session is null = true; session has id = false
[Test worker] TRACE org.apache.shiro.subject.support.DelegatingSubject - attempting to get session; create = true; session is null = true; session has id = false
[Test worker] TRACE org.apache.shiro.subject.support.DelegatingSubject - Starting session for host null
[Test worker] DEBUG org.apache.shiro.session.mgt.AbstractValidatingSessionManager - No sessionValidationScheduler set.  Attempting to create default instance.
[Test worker] TRACE org.apache.shiro.session.mgt.AbstractValidatingSessionManager - Created default SessionValidationScheduler instance of type [org.apache.shiro.session.mgt.ExecutorServiceSessionValidationScheduler].
[Test worker] INFO org.apache.shiro.session.mgt.AbstractValidatingSessionManager - Enabling session validation scheduler...
[Test worker] TRACE org.apache.shiro.session.mgt.DefaultSessionManager - Creating session for host null
[Test worker] DEBUG org.apache.shiro.session.mgt.DefaultSessionManager - Creating new EIS record for new session instance [org.apache.shiro.session.mgt.SimpleSession,id=null]
[Test worker] TRACE org.apache.shiro.session.mgt.AbstractValidatingSessionManager - Attempting to retrieve session with key org.apache.shiro.session.mgt.DefaultSessionKey@3e4487e2
[Test worker] TRACE org.apache.shiro.subject.support.DelegatingSubject - attempting to get session; create = false; session is null = false; session has id = true
[Test worker] TRACE org.apache.shiro.session.mgt.AbstractValidatingSessionManager - Attempting to retrieve session with key org.apache.shiro.session.mgt.DefaultSessionKey@3e4487e2
[Test worker] TRACE org.apache.shiro.session.mgt.AbstractValidatingSessionManager - Attempting to retrieve session with key org.apache.shiro.session.mgt.DefaultSessionKey@3e4487e2
[Test worker] TRACE org.apache.shiro.mgt.DefaultSecurityManager - This org.apache.shiro.mgt.DefaultSecurityManager instance does not have a [org.apache.shiro.mgt.RememberMeManager] instance configured.  RememberMe services will not be performed for account [joe].
[Test worker] TRACE org.apache.shiro.subject.support.DelegatingSubject - attempting to get session; create = false; session is null = false; session has id = true
[Test worker] TRACE griffon.util.CompositeResourceBundle - Searching key=griffon.disable.threading.injection
[Test worker] TRACE griffon.util.CompositeResourceBundle - Searching key=griffon
[Test worker] DEBUG org.codehaus.griffon.runtime.core.controller.AbstractActionManager - Executing com.acme.ShiroController.roles with policy OUTSIDE_UITHREAD
[Test worker] DEBUG org.codehaus.griffon.runtime.core.controller.AbstractActionManager - Executing 1 interceptor for com.acme.ShiroController.roles
[Test worker] TRACE org.codehaus.griffon.runtime.core.controller.AbstractActionManager - Calling org.codehaus.griffon.runtime.shiro.ShiroActionInterceptor@1622c7d6.before() on com.acme.ShiroController.roles
[Test worker] DEBUG org.codehaus.griffon.runtime.shiro.ShiroActionInterceptor - Evaluating security requirement RequirementConfiguration{requirement=ROLES, values=[manager], logical=AND}
[Test worker] TRACE org.apache.shiro.subject.support.DelegatingSubject - attempting to get session; create = false; session is null = false; session has id = true
[Test worker] TRACE org.apache.shiro.session.mgt.AbstractValidatingSessionManager - Attempting to retrieve session with key org.apache.shiro.session.mgt.DefaultSessionKey@3e4487e2
[Test worker] TRACE org.apache.shiro.subject.support.DelegatingSubject - attempting to get session; create = false; session is null = false; session has id = true
[Test worker] TRACE org.apache.shiro.session.mgt.AbstractValidatingSessionManager - Attempting to retrieve session with key org.apache.shiro.session.mgt.DefaultSessionKey@3e4487e2
[Test worker] TRACE org.apache.shiro.realm.AuthorizingRealm - Retrieving AuthorizationInfo for principals [joe]
[Test worker] DEBUG org.codehaus.griffon.runtime.shiro.ShiroActionInterceptor - Subject did not meet expected security requirements.
[Test worker] INFO org.codehaus.griffon.runtime.shiro.DefaultSecurityFailureHandler - Subject was not granted access to com.acme.ShiroController.roles due to lack of roles
[Test worker] DEBUG org.codehaus.griffon.runtime.core.controller.AbstractActionManager - Execution of com.acme.ShiroController.roles was aborted by org.codehaus.griffon.runtime.shiro.ShiroActionInterceptor@1622c7d6
[Test worker] TRACE org.codehaus.griffon.runtime.core.controller.AbstractActionManager - Status before execution of com.acme.ShiroController.roles is ABORTED
[Test worker] TRACE org.codehaus.griffon.runtime.core.controller.AbstractActionManager - Calling org.codehaus.griffon.runtime.shiro.ShiroActionInterceptor@1622c7d6.after() on com.acme.ShiroController.roles
[Test worker] TRACE org.apache.shiro.subject.support.DelegatingSubject - attempting to get session; create = false; session is null = false; session has id = true
[Test worker] TRACE org.apache.shiro.session.mgt.AbstractValidatingSessionManager - Attempting to retrieve session with key org.apache.shiro.session.mgt.DefaultSessionKey@3e4487e2
[Test worker] TRACE org.apache.shiro.subject.support.DelegatingSubject - attempting to get session; create = false; session is null = false; session has id = true
[Test worker] TRACE org.apache.shiro.session.mgt.AbstractValidatingSessionManager - Attempting to retrieve session with key org.apache.shiro.session.mgt.DefaultSessionKey@3e4487e2
[Test worker] DEBUG org.apache.shiro.mgt.DefaultSecurityManager - Logging out subject with primary principal joe
[Test worker] TRACE org.apache.shiro.realm.CachingRealm - Cleared cache entries for account with principals [joe]
[Test worker] TRACE org.apache.shiro.subject.support.DelegatingSubject - attempting to get session; create = false; session is null = false; session has id = true
[Test worker] TRACE org.apache.shiro.session.mgt.AbstractValidatingSessionManager - Attempting to retrieve session with key org.apache.shiro.session.mgt.DefaultSessionKey@3e4487e2
[Test worker] TRACE org.apache.shiro.session.mgt.AbstractValidatingSessionManager - Attempting to retrieve session with key org.apache.shiro.session.mgt.DefaultSessionKey@3e4487e2
[Test worker] TRACE org.apache.shiro.subject.support.DelegatingSubject - attempting to get session; create = false; session is null = false; session has id = true
[Test worker] TRACE org.apache.shiro.session.mgt.AbstractValidatingSessionManager - Attempting to retrieve session with key org.apache.shiro.session.mgt.DefaultSessionKey@3e4487e2
[Test worker] DEBUG org.apache.shiro.session.mgt.AbstractSessionManager - Stopping session with id [7136db41-6a4d-4394-b3f9-dd1946bf38a7]
[Test worker] DEBUG org.codehaus.griffon.runtime.core.event.AbstractEventRouter - Triggering event 'ShutdownRequested' synchronously
[Test worker] INFO org.codehaus.griffon.runtime.core.DefaultGriffonApplication - Shutdown is in process
[Test worker] DEBUG org.codehaus.griffon.runtime.core.DefaultGriffonApplication - Shutdown stage 1: notify all event listeners
[Test worker] DEBUG org.codehaus.griffon.runtime.core.event.AbstractEventRouter - Adding listener org.codehaus.griffon.runtime.core.AbstractGriffonApplication$1 on ShutdownStart
[Test worker] DEBUG org.codehaus.griffon.runtime.core.event.AbstractEventRouter - Triggering event 'ShutdownStart' synchronously
[Test worker] DEBUG org.codehaus.griffon.runtime.core.DefaultGriffonApplication - Shutdown stage 2: notify all shutdown handlers
[Test worker] DEBUG org.codehaus.griffon.runtime.core.DefaultGriffonApplication - Shutdown stage 3: destroy all MVC groups
[Test worker] DEBUG org.codehaus.griffon.runtime.core.DefaultGriffonApplication - Shutdown stage 4: execute Shutdown script
[Test worker] TRACE griffon.util.CompositeResourceBundle - Searching key=application.lifecycle.handler.disable
[Test worker] TRACE griffon.util.CompositeResourceBundle - Searching key=application
[Test worker] INFO org.codehaus.griffon.runtime.core.DefaultApplicationBootstrapper - Griffon 2.0.0.BETA
[Test worker] INFO org.codehaus.griffon.runtime.core.DefaultApplicationBootstrapper - Build: 2014-06-20T11:04:31.572+0000
[Test worker] INFO org.codehaus.griffon.runtime.core.DefaultApplicationBootstrapper - JVM: 1.7.0_51 (Oracle Corporation 24.51-b03)
[Test worker] INFO org.codehaus.griffon.runtime.core.DefaultApplicationBootstrapper - OS: Linux 2.6.32-042stab079.5 amd64
[Test worker] DEBUG org.codehaus.griffon.runtime.core.DefaultApplicationBootstrapper - Creating module bindings
[Test worker] DEBUG griffon.util.AnnotationUtils - Current module order is [core, shiro, testApplicationBootstrapper$InnerClasses, testApplicationBootstrapper$Fields]
[Test worker] TRACE griffon.util.AnnotationUtils - Processing module 'core'
[Test worker] TRACE griffon.util.AnnotationUtils -   depends on '[]'
[Test worker] TRACE griffon.util.AnnotationUtils -   adding module 'core', since all dependencies have been added
[Test worker] TRACE griffon.util.AnnotationUtils - Processing module 'shiro'
[Test worker] TRACE griffon.util.AnnotationUtils -   depends on '[]'
[Test worker] TRACE griffon.util.AnnotationUtils -   adding module 'shiro', since all dependencies have been added
[Test worker] TRACE griffon.util.AnnotationUtils - Processing module 'testApplicationBootstrapper$InnerClasses'
[Test worker] TRACE griffon.util.AnnotationUtils -   depends on '[]'
[Test worker] TRACE griffon.util.AnnotationUtils -   adding module 'testApplicationBootstrapper$InnerClasses', since all dependencies have been added
[Test worker] TRACE griffon.util.AnnotationUtils - Processing module 'testApplicationBootstrapper$Fields'
[Test worker] TRACE griffon.util.AnnotationUtils -   depends on '[]'
[Test worker] TRACE griffon.util.AnnotationUtils -   adding module 'testApplicationBootstrapper$Fields', since all dependencies have been added
[Test worker] TRACE griffon.util.AnnotationUtils - module dependency ordering complete
[Test worker] DEBUG griffon.util.AnnotationUtils - computed module order is [core, shiro, testApplicationBootstrapper$InnerClasses, testApplicationBootstrapper$Fields]
[Test worker] DEBUG org.codehaus.griffon.runtime.core.DefaultApplicationBootstrapper - Loading module bindings from core:org.codehaus.griffon.runtime.core.DefaultApplicationModule@50f60379
[Test worker] DEBUG org.codehaus.griffon.runtime.core.DefaultApplicationBootstrapper - Loading module bindings from shiro:org.codehaus.griffon.runtime.shiro.ShiroModule@475e2675
[Test worker] DEBUG org.codehaus.griffon.runtime.core.DefaultApplicationBootstrapper - Loading module bindings from testApplicationBootstrapper$InnerClasses:org.codehaus.griffon.runtime.core.TestApplicationBootstrapper$InnerClassesModule@762eefed
[Test worker] DEBUG org.codehaus.griffon.runtime.core.DefaultApplicationBootstrapper - Loading module bindings from testApplicationBootstrapper$Fields:org.codehaus.griffon.runtime.core.TestApplicationBootstrapper$FieldsModule@389ed39
[Test worker] TRACE org.codehaus.griffon.runtime.core.DefaultApplicationBootstrapper - InstanceBinding[source=griffon.core.GriffonApplication, instance=org.codehaus.griffon.runtime.core.DefaultGriffonApplication@72b46689, singleton=true]
[Test worker] TRACE org.codehaus.griffon.runtime.core.DefaultApplicationBootstrapper - TargetBinding[source=griffon.core.ApplicationClassLoader, target=org.codehaus.griffon.runtime.core.DefaultApplicationClassLoader, singleton=true]
[Test worker] TRACE org.codehaus.griffon.runtime.core.DefaultApplicationBootstrapper - TargetBinding[source=griffon.core.ApplicationConfigurer, target=org.codehaus.griffon.runtime.core.DefaultApplicationConfigurer, singleton=true]
[Test worker] TRACE org.codehaus.griffon.runtime.core.DefaultApplicationBootstrapper - TargetBinding[source=griffon.core.resources.ResourceHandler, target=org.codehaus.griffon.runtime.core.resources.DefaultResourceHandler, singleton=true]
[Test worker] TRACE org.codehaus.griffon.runtime.core.DefaultApplicationBootstrapper - TargetBinding[source=griffon.util.CompositeResourceBundleBuilder, target=org.codehaus.griffon.runtime.util.DefaultCompositeResourceBundleBuilder, singleton=true]
[Test worker] TRACE org.codehaus.griffon.runtime.core.DefaultApplicationBootstrapper - ProviderBinding[source=java.util.ResourceBundle, classifier=@javax.inject.Named(value=applicationResourceBundle), provider=org.codehaus.griffon.runtime.util.ResourceBundleProvider@21b7e734, singleton=true]
[Test worker] TRACE org.codehaus.griffon.runtime.core.DefaultApplicationBootstrapper - TargetBinding[source=griffon.core.Configuration, target=org.codehaus.griffon.runtime.core.DefaultConfiguration, singleton=true]
[Test worker] TRACE org.codehaus.griffon.runtime.core.DefaultApplicationBootstrapper - TargetBinding[source=griffon.core.ExecutorServiceManager, target=org.codehaus.griffon.runtime.core.DefaultExecutorServiceManager, singleton=true]
[Test worker] TRACE org.codehaus.griffon.runtime.core.DefaultApplicationBootstrapper - TargetBinding[source=griffon.core.event.EventRouter, classifier=@javax.inject.Named(value=applicationEventRouter), target=org.codehaus.griffon.runtime.core.event.DefaultEventRouter, singleton=true]
[Test worker] TRACE org.codehaus.griffon.runtime.core.DefaultApplicationBootstrapper - TargetBinding[source=griffon.core.event.EventRouter, target=org.codehaus.griffon.runtime.core.event.DefaultEventRouter, singleton=false]
[Test worker] TRACE org.codehaus.griffon.runtime.core.DefaultApplicationBootstrapper - ProviderBinding[source=griffon.core.resources.ResourceResolver, classifier=@javax.inject.Named(value=applicationResourceResolver), provider=org.codehaus.griffon.runtime.core.resources.ResourceResolverProvider@30ac1837, singleton=true]
[Test worker] TRACE org.codehaus.griffon.runtime.core.DefaultApplicationBootstrapper - ProviderBinding[source=griffon.core.i18n.MessageSource, classifier=@javax.inject.Named(value=applicationMessageSource), provider=org.codehaus.griffon.runtime.core.i18n.MessageSourceProvider@7269dbd7, singleton=true]
[Test worker] TRACE org.codehaus.griffon.runtime.core.DefaultApplicationBootstrapper - TargetBinding[source=griffon.core.resources.ResourceInjector, classifier=@javax.inject.Named(value=applicationResourceInjector), target=org.codehaus.griffon.runtime.core.resources.DefaultApplicationResourceInjector, singleton=true]
[Test worker] TRACE org.codehaus.griffon.runtime.core.DefaultApplicationBootstrapper - TargetBinding[source=griffon.core.threading.UIThreadManager, target=org.codehaus.griffon.runtime.core.threading.DefaultUIThreadManager, singleton=true]
[Test worker] TRACE org.codehaus.griffon.runtime.core.DefaultApplicationBootstrapper - TargetBinding[source=griffon.core.mvc.MVCGroupManager, target=org.codehaus.griffon.runtime.core.mvc.DefaultMVCGroupManager, singleton=true]
[Test worker] TRACE org.codehaus.griffon.runtime.core.DefaultApplicationBootstrapper - ProviderBinding[source=griffon.core.LifecycleHandler, classifier=@javax.inject.Named(value=Initialize), provider=org.codehaus.griffon.runtime.core.LifecycleHandlerProvider@3e03af0, singleton=true]
[Test worker] TRACE org.codehaus.griffon.runtime.core.DefaultApplicationBootstrapper - ProviderBinding[source=griffon.core.LifecycleHandler, classifier=@javax.inject.Named(value=Startup), provider=org.codehaus.griffon.runtime.core.LifecycleHandlerProvider@763d648c, singleton=true]
[Test worker] TRACE org.codehaus.griffon.runtime.core.DefaultApplicationBootstrapper - ProviderBinding[source=griffon.core.LifecycleHandler, classifier=@javax.inject.Named(value=Ready), provider=org.codehaus.griffon.runtime.core.LifecycleHandlerProvider@38945ff9, singleton=true]
[Test worker] TRACE org.codehaus.griffon.runtime.core.DefaultApplicationBootstrapper - ProviderBinding[source=griffon.core.LifecycleHandler, classifier=@javax.inject.Named(value=Shutdown), provider=org.codehaus.griffon.runtime.core.LifecycleHandlerProvider@1528f174, singleton=true]
[Test worker] TRACE org.codehaus.griffon.runtime.core.DefaultApplicationBootstrapper - ProviderBinding[source=griffon.core.LifecycleHandler, classifier=@javax.inject.Named(value=Stop), provider=org.codehaus.griffon.runtime.core.LifecycleHandlerProvider@33040186, singleton=true]
[Test worker] TRACE org.codehaus.griffon.runtime.core.DefaultApplicationBootstrapper - TargetBinding[source=griffon.core.view.WindowManager, target=org.codehaus.griffon.runtime.core.view.NoopWindowManager, singleton=true]
[Test worker] TRACE org.codehaus.griffon.runtime.core.DefaultApplicationBootstrapper - TargetBinding[source=griffon.core.controller.ActionManager, target=org.codehaus.griffon.runtime.core.controller.DefaultActionManager, singleton=true]
[Test worker] TRACE org.codehaus.griffon.runtime.core.DefaultApplicationBootstrapper - TargetBinding[source=griffon.core.artifact.ArtifactManager, target=org.codehaus.griffon.runtime.core.artifact.DefaultArtifactManager, singleton=true]
[Test worker] TRACE org.codehaus.griffon.runtime.core.DefaultApplicationBootstrapper - TargetBinding[source=griffon.core.artifact.ArtifactHandler, classifier=@griffon.inject.Typed(value=interface griffon.core.artifact.GriffonModel), target=org.codehaus.griffon.runtime.core.artifact.ModelArtifactHandler, singleton=true]
[Test worker] TRACE org.codehaus.griffon.runtime.core.DefaultApplicationBootstrapper - TargetBinding[source=griffon.core.artifact.ArtifactHandler, classifier=@griffon.inject.Typed(value=interface griffon.core.artifact.GriffonView), target=org.codehaus.griffon.runtime.core.artifact.ViewArtifactHandler, singleton=true]
[Test worker] TRACE org.codehaus.griffon.runtime.core.DefaultApplicationBootstrapper - TargetBinding[source=griffon.core.artifact.ArtifactHandler, classifier=@griffon.inject.Typed(value=interface griffon.core.artifact.GriffonController), target=org.codehaus.griffon.runtime.core.artifact.ControllerArtifactHandler, singleton=true]
[Test worker] TRACE org.codehaus.griffon.runtime.core.DefaultApplicationBootstrapper - TargetBinding[source=griffon.core.artifact.ArtifactHandler, classifier=@griffon.inject.Typed(value=interface griffon.core.artifact.GriffonService), target=org.codehaus.griffon.runtime.core.artifact.ServiceArtifactHandler, singleton=true]
[Test worker] TRACE org.codehaus.griffon.runtime.core.DefaultApplicationBootstrapper - ProviderTypeBinding[source=griffon.core.PlatformHandler, providerType=class org.codehaus.griffon.runtime.core.PlatformHandlerProvider, singleton=true]
[Test worker] TRACE org.codehaus.griffon.runtime.core.DefaultApplicationBootstrapper - TargetBinding[source=griffon.core.addon.AddonManager, target=org.codehaus.griffon.runtime.core.addon.DefaultAddonManager, singleton=true]
[Test worker] TRACE org.codehaus.griffon.runtime.core.DefaultApplicationBootstrapper - TargetBinding[source=griffon.core.event.EventHandler, target=org.codehaus.griffon.runtime.core.event.DefaultEventHandler, singleton=true]
[Test worker] TRACE org.codehaus.griffon.runtime.core.DefaultApplicationBootstrapper - TargetBinding[source=griffon.core.GriffonExceptionHandler, target=griffon.core.GriffonExceptionHandler, singleton=true]
[Test worker] TRACE org.codehaus.griffon.runtime.core.DefaultApplicationBootstrapper - ProviderTypeBinding[source=org.apache.shiro.mgt.SecurityManager, providerType=class org.codehaus.griffon.runtime.shiro.SecurityManagerProvider, singleton=true]
[Test worker] TRACE org.codehaus.griffon.runtime.core.DefaultApplicationBootstrapper - ProviderTypeBinding[source=org.apache.shiro.subject.Subject, providerType=class org.codehaus.griffon.runtime.shiro.SubjectProvider, singleton=true]
[Test worker] TRACE org.codehaus.griffon.runtime.core.DefaultApplicationBootstrapper - TargetBinding[source=griffon.plugins.shiro.SecurityFailureHandler, target=org.codehaus.griffon.runtime.shiro.DefaultSecurityFailureHandler, singleton=true]
[Test worker] TRACE org.codehaus.griffon.runtime.core.DefaultApplicationBootstrapper - TargetBinding[source=griffon.core.controller.ActionInterceptor, target=org.codehaus.griffon.runtime.shiro.ShiroActionInterceptor, singleton=true]
[Test worker] DEBUG org.codehaus.griffon.runtime.core.DefaultApplicationBootstrapper - Creating application injector
[Test worker] DEBUG org.codehaus.griffon.runtime.core.DefaultApplicationBootstrapper - Injector will be created by org.codehaus.griffon.runtime.injection.GuiceInjectorFactory@6cc18858
[Test worker] DEBUG org.codehaus.griffon.runtime.core.event.AbstractEventRouter - Adding listener org.codehaus.griffon.runtime.core.MVCGroupExceptionHandler on UncaughtMVCGroupConfigurationException
[Test worker] DEBUG org.codehaus.griffon.runtime.core.event.AbstractEventRouter - Adding listener org.codehaus.griffon.runtime.core.MVCGroupExceptionHandler on UncaughtMVCGroupInstantiationException
[Test worker] DEBUG org.codehaus.griffon.runtime.core.event.AbstractEventRouter - Triggering event 'BootstrapStart' synchronously
[Test worker] DEBUG griffon.util.ServiceLoaderUtils - Reading java.beans.PropertyEditor definitions from jar:file:/home/travis/build/griffon/griffon/subprojects/griffon-core/build/libs/griffon-core-2.0.0.BETA.jar!/META-INF/editors/java.beans.PropertyEditor
[Test worker] DEBUG org.codehaus.griffon.runtime.core.DefaultApplicationConfigurer - Registering griffon.core.editors.StringPropertyEditor as editor for java.lang.String
[Test worker] DEBUG org.codehaus.griffon.runtime.core.DefaultApplicationConfigurer - Registering griffon.core.editors.FilePropertyEditor as editor for java.io.File
[Test worker] DEBUG org.codehaus.griffon.runtime.core.DefaultApplicationConfigurer - Registering griffon.core.editors.URLPropertyEditor as editor for java.net.URL
[Test worker] DEBUG org.codehaus.griffon.runtime.core.DefaultApplicationConfigurer - Registering griffon.core.editors.URIPropertyEditor as editor for java.net.URI
[Test worker] DEBUG org.codehaus.griffon.runtime.core.DefaultApplicationConfigurer - Registering griffon.core.editors.BigDecimalPropertyEditor as editor for java.math.BigDecimal
[Test worker] DEBUG org.codehaus.griffon.runtime.core.DefaultApplicationConfigurer - Registering griffon.core.editors.BigIntegerPropertyEditor as editor for java.math.BigInteger
[Test worker] DEBUG org.codehaus.griffon.runtime.core.DefaultApplicationConfigurer - Registering griffon.core.editors.BooleanPropertyEditor as editor for java.lang.Boolean
[Test worker] DEBUG org.codehaus.griffon.runtime.core.DefaultApplicationConfigurer - Registering griffon.core.editors.BytePropertyEditor as editor for java.lang.Byte
[Test worker] DEBUG org.codehaus.griffon.runtime.core.DefaultApplicationConfigurer - Registering griffon.core.editors.ShortPropertyEditor as editor for java.lang.Short
[Test worker] DEBUG org.codehaus.griffon.runtime.core.DefaultApplicationConfigurer - Registering griffon.core.editors.IntegerPropertyEditor as editor for java.lang.Integer
[Test worker] DEBUG org.codehaus.griffon.runtime.core.DefaultApplicationConfigurer - Registering griffon.core.editors.LongPropertyEditor as editor for java.lang.Long
[Test worker] DEBUG org.codehaus.griffon.runtime.core.DefaultApplicationConfigurer - Registering griffon.core.editors.FloatPropertyEditor as editor for java.lang.Float
[Test worker] DEBUG org.codehaus.griffon.runtime.core.DefaultApplicationConfigurer - Registering griffon.core.editors.DoublePropertyEditor as editor for java.lang.Double
[Test worker] DEBUG org.codehaus.griffon.runtime.core.DefaultApplicationConfigurer - Registering griffon.core.editors.CalendarPropertyEditor as editor for java.util.Calendar
[Test worker] DEBUG org.codehaus.griffon.runtime.core.DefaultApplicationConfigurer - Registering griffon.core.editors.DatePropertyEditor as editor for java.util.Date
[Test worker] DEBUG org.codehaus.griffon.runtime.core.DefaultApplicationConfigurer - Registering griffon.core.editors.BooleanPropertyEditor as editor for boolean
[Test worker] DEBUG org.codehaus.griffon.runtime.core.DefaultApplicationConfigurer - Registering griffon.core.editors.BytePropertyEditor as editor for byte
[Test worker] DEBUG org.codehaus.griffon.runtime.core.DefaultApplicationConfigurer - Registering griffon.core.editors.ShortPropertyEditor as editor for short
[Test worker] DEBUG org.codehaus.griffon.runtime.core.DefaultApplicationConfigurer - Registering griffon.core.editors.IntegerPropertyEditor as editor for int
[Test worker] DEBUG org.codehaus.griffon.runtime.core.DefaultApplicationConfigurer - Registering griffon.core.editors.LongPropertyEditor as editor for long
[Test worker] DEBUG org.codehaus.griffon.runtime.core.DefaultApplicationConfigurer - Registering griffon.core.editors.FloatPropertyEditor as editor for float
[Test worker] DEBUG org.codehaus.griffon.runtime.core.DefaultApplicationConfigurer - Registering griffon.core.editors.DoublePropertyEditor as editor for double
[Test worker] DEBUG org.codehaus.griffon.runtime.core.event.AbstractEventRouter - Adding listener org.codehaus.griffon.runtime.core.DefaultApplicationConfigurer$2 on NewInstance
[Test worker] TRACE griffon.util.CompositeResourceBundle - Searching key=application.lifecycle.handler.disable
[Test worker] TRACE griffon.util.CompositeResourceBundle - Searching key=application
[Test worker] TRACE griffon.util.CompositeResourceBundle - Searching key=platform.handler.linux64
[Test worker] TRACE griffon.util.CompositeResourceBundle - Searching key=platform
[Test worker] DEBUG org.codehaus.griffon.runtime.core.PlatformHandlerProvider - Using org.codehaus.griffon.runtime.core.DefaultPlatformHandler as PlatformHandler
[Test worker] DEBUG org.codehaus.griffon.runtime.core.addon.AbstractAddonManager - Loading addons [START]
[Test worker] DEBUG griffon.util.AnnotationUtils - computed addon order is []
[Test worker] DEBUG org.codehaus.griffon.runtime.core.event.AbstractEventRouter - Triggering event 'LoadAddonsStart' synchronously
[Test worker] DEBUG org.codehaus.griffon.runtime.core.addon.AbstractAddonManager - Loading addons [END]
[Test worker] DEBUG org.codehaus.griffon.runtime.core.event.AbstractEventRouter - Triggering event 'LoadAddonsEnd' synchronously
[Test worker] TRACE griffon.util.CompositeResourceBundle - Searching key=mvcGroups
[Test worker] TRACE griffon.util.CompositeResourceBundle - Searching key=mvcGroups
[Test worker] DEBUG org.codehaus.griffon.runtime.core.event.AbstractEventRouter - Adding listener org.codehaus.griffon.runtime.core.DefaultApplicationConfigurer$3 on NewInstance
[Test worker] TRACE griffon.util.CompositeResourceBundle - Searching key=shiro.realm.resource.path
[Test worker] TRACE griffon.util.CompositeResourceBundle - Searching key=shiro
[Test worker] DEBUG org.apache.shiro.realm.text.PropertiesRealm - Loading user security information from file [classpath:shiro-users.properties]...
[Test worker] DEBUG org.apache.shiro.realm.text.PropertiesRealm - Opening input stream for path [classpath:shiro-users.properties]...
[Test worker] DEBUG org.apache.shiro.io.ResourceUtils - Opening resource from class path [shiro-users.properties]
[Test worker] DEBUG org.apache.shiro.realm.text.PropertiesRealm - Loading properties from path [classpath:shiro-users.properties]...
[Test worker] TRACE org.apache.shiro.realm.text.PropertiesRealm - Processing properties line - key: [user.joe], value: [joe,employee].
[Test worker] TRACE org.apache.shiro.realm.text.PropertiesRealm - Processing properties line - key: [user.bob], value: [bob,manager,employee].
[Test worker] TRACE org.apache.shiro.realm.text.PropertiesRealm - Processing properties line - key: [role.administrator], value: [*].
[Test worker] TRACE org.apache.shiro.realm.text.PropertiesRealm - Processing properties line - key: [role.manager], value: [user:write].
[Test worker] TRACE org.apache.shiro.realm.text.PropertiesRealm - Processing properties line - key: [user.root], value: [root,administrator,manager].
[Test worker] TRACE org.apache.shiro.realm.text.PropertiesRealm - Processing properties line - key: [role.employee], value: [user:read].
[Test worker] TRACE org.apache.shiro.util.ThreadContext - get() - in thread [Test worker]
[Test worker] TRACE org.apache.shiro.util.ThreadContext - Retrieved value of type [org.apache.shiro.subject.support.DelegatingSubject] for key [org.apache.shiro.util.ThreadContext_SUBJECT_KEY] bound to thread [Test worker]
[Test worker] TRACE griffon.util.CompositeResourceBundle - Searching key=griffon.controller.action.interceptor.order
[Test worker] TRACE griffon.util.CompositeResourceBundle - Searching key=griffon
[Test worker] DEBUG griffon.util.AnnotationUtils - Current interceptor order is [shiro]
[Test worker] TRACE griffon.util.AnnotationUtils - Processing interceptor 'shiro'
[Test worker] TRACE griffon.util.AnnotationUtils -   depends on '[]'
[Test worker] TRACE griffon.util.AnnotationUtils -   adding interceptor 'shiro', since all dependencies have been added
[Test worker] TRACE griffon.util.AnnotationUtils - interceptor dependency ordering complete
[Test worker] DEBUG griffon.util.AnnotationUtils - computed interceptor order is [shiro]
[Test worker] DEBUG org.codehaus.griffon.runtime.core.artifact.AbstractArtifactManager - Registering artifact handler for type 'model': org.codehaus.griffon.runtime.core.artifact.ModelArtifactHandler@3bbf7d30
[Test worker] DEBUG org.codehaus.griffon.runtime.core.artifact.AbstractArtifactManager - Registering artifact handler for type 'view': org.codehaus.griffon.runtime.core.artifact.ViewArtifactHandler@18b3f8f5
[Test worker] DEBUG org.codehaus.griffon.runtime.core.artifact.AbstractArtifactManager - Registering artifact handler for type 'controller': org.codehaus.griffon.runtime.core.artifact.ControllerArtifactHandler@4f9da97e
[Test worker] DEBUG org.codehaus.griffon.runtime.core.artifact.AbstractArtifactManager - Registering artifact handler for type 'service': org.codehaus.griffon.runtime.core.artifact.ServiceArtifactHandler@77e2b807
[Test worker] DEBUG griffon.util.ServiceLoaderUtils - Reading griffon.core.artifact.GriffonController definitions from file:/home/travis/build/griffon/griffon/plugins/griffon-shiro-plugin/build/classes/test/META-INF/griffon/griffon.core.artifact.GriffonController
[Test worker] DEBUG griffon.util.ServiceLoaderUtils - Reading griffon.core.artifact.GriffonModel definitions from file:/home/travis/build/griffon/griffon/plugins/griffon-shiro-plugin/build/classes/test/META-INF/griffon/griffon.core.artifact.GriffonModel
[Test worker] DEBUG org.codehaus.griffon.runtime.core.artifact.DefaultArtifactManager - Artifacts of type 'controller' = 1
[Test worker] DEBUG org.codehaus.griffon.runtime.core.artifact.DefaultArtifactManager - Artifacts of type 'model' = 1
[Test worker] TRACE org.codehaus.griffon.runtime.core.artifact.AbstractArtifactManager - InstanceBinding[source=griffon.core.artifact.GriffonClass, classifier=@griffon.inject.Typed(value=class com.acme.ShiroController), instance=Artifact[controller] > Shiro, singleton=true]
[Test worker] TRACE org.codehaus.griffon.runtime.core.artifact.AbstractArtifactManager - TargetBinding[source=com.acme.ShiroController, target=com.acme.ShiroController, singleton=false]
[Test worker] TRACE org.codehaus.griffon.runtime.core.artifact.AbstractArtifactManager - InstanceBinding[source=griffon.core.artifact.GriffonClass, classifier=@griffon.inject.Typed(value=class com.acme.ShiroModel), instance=Artifact[model] > Shiro, singleton=true]
[Test worker] TRACE org.codehaus.griffon.runtime.core.artifact.AbstractArtifactManager - TargetBinding[source=com.acme.ShiroModel, target=com.acme.ShiroModel, singleton=false]
[Test worker] DEBUG org.codehaus.griffon.runtime.core.event.AbstractEventRouter - Triggering event 'BootstrapEnd' synchronously
[Test worker] DEBUG org.codehaus.griffon.runtime.core.artifact.AbstractArtifactManager - Searching for griffonClass of com.acme.ShiroController
[Test worker] DEBUG org.codehaus.griffon.runtime.core.event.AbstractEventRouter - Triggering event 'NewInstance' synchronously
[Test worker] DEBUG org.codehaus.griffon.runtime.core.artifact.AbstractArtifactManager - Searching for griffonClass of com.acme.ShiroController
[Test worker] TRACE griffon.util.CompositeResourceBundle - Searching key=com.acme.ShiroController.action.Authenticated.name
[Test worker] TRACE griffon.util.CompositeResourceBundle - Searching key=application.action.Authenticated.name
[Test worker] TRACE org.codehaus.griffon.runtime.core.controller.AbstractActionManager - com.acme.ShiroController.action.Authenticated.name = Authenticated
[Test worker] DEBUG org.codehaus.griffon.runtime.core.controller.AbstractActionManager - Configuring action com.acme.ShiroController.authenticated with org.codehaus.griffon.runtime.shiro.ShiroActionInterceptor@3125fd2d
[Test worker] TRACE org.codehaus.griffon.runtime.core.controller.AbstractActionManager - Action for com.acme.ShiroController.authenticated stored as authenticated
[Test worker] TRACE griffon.util.CompositeResourceBundle - Searching key=com.acme.ShiroController.action.Guest.name
[Test worker] TRACE griffon.util.CompositeResourceBundle - Searching key=application.action.Guest.name
[Test worker] TRACE org.codehaus.griffon.runtime.core.controller.AbstractActionManager - com.acme.ShiroController.action.Guest.name = Guest
[Test worker] DEBUG org.codehaus.griffon.runtime.core.controller.AbstractActionManager - Configuring action com.acme.ShiroController.guest with org.codehaus.griffon.runtime.shiro.ShiroActionInterceptor@3125fd2d
[Test worker] TRACE org.codehaus.griffon.runtime.core.controller.AbstractActionManager - Action for com.acme.ShiroController.guest stored as guest
[Test worker] TRACE griffon.util.CompositeResourceBundle - Searching key=com.acme.ShiroController.action.Permissions.name
[Test worker] TRACE griffon.util.CompositeResourceBundle - Searching key=application.action.Permissions.name
[Test worker] TRACE org.codehaus.griffon.runtime.core.controller.AbstractActionManager - com.acme.ShiroController.action.Permissions.name = Permissions
[Test worker] DEBUG org.codehaus.griffon.runtime.core.controller.AbstractActionManager - Configuring action com.acme.ShiroController.permissions with org.codehaus.griffon.runtime.shiro.ShiroActionInterceptor@3125fd2d
[Test worker] TRACE org.codehaus.griffon.runtime.core.controller.AbstractActionManager - Action for com.acme.ShiroController.permissions stored as permissions
[Test worker] TRACE griffon.util.CompositeResourceBundle - Searching key=com.acme.ShiroController.action.Roles.name
[Test worker] TRACE griffon.util.CompositeResourceBundle - Searching key=application.action.Roles.name
[Test worker] TRACE org.codehaus.griffon.runtime.core.controller.AbstractActionManager - com.acme.ShiroController.action.Roles.name = Roles
[Test worker] DEBUG org.codehaus.griffon.runtime.core.controller.AbstractActionManager - Configuring action com.acme.ShiroController.roles with org.codehaus.griffon.runtime.shiro.ShiroActionInterceptor@3125fd2d
[Test worker] TRACE org.codehaus.griffon.runtime.core.controller.AbstractActionManager - Action for com.acme.ShiroController.roles stored as roles
[Test worker] TRACE griffon.util.CompositeResourceBundle - Searching key=com.acme.ShiroController.action.User.name
[Test worker] TRACE griffon.util.CompositeResourceBundle - Searching key=application.action.User.name
[Test worker] TRACE org.codehaus.griffon.runtime.core.controller.AbstractActionManager - com.acme.ShiroController.action.User.name = User
[Test worker] DEBUG org.codehaus.griffon.runtime.core.controller.AbstractActionManager - Configuring action com.acme.ShiroController.user with org.codehaus.griffon.runtime.shiro.ShiroActionInterceptor@3125fd2d
[Test worker] TRACE org.codehaus.griffon.runtime.core.controller.AbstractActionManager - Action for com.acme.ShiroController.user stored as user
[Test worker] DEBUG org.codehaus.griffon.runtime.core.artifact.AbstractArtifactManager - Searching for griffonClass of com.acme.ShiroModel
[Test worker] DEBUG org.codehaus.griffon.runtime.core.event.AbstractEventRouter - Triggering event 'NewInstance' synchronously
[Test worker] TRACE org.apache.shiro.subject.support.DelegatingSubject - attempting to get session; create = false; session is null = true; session has id = false
[Test worker] TRACE org.apache.shiro.authc.AbstractAuthenticator - Authentication attempt received for token [org.apache.shiro.authc.UsernamePasswordToken - joe, rememberMe=false]
[Test worker] DEBUG org.apache.shiro.realm.AuthenticatingRealm - Looked up AuthenticationInfo [joe] from doGetAuthenticationInfo
[Test worker] DEBUG org.apache.shiro.realm.AuthenticatingRealm - AuthenticationInfo caching is disabled for info [joe].  Submitted token: [org.apache.shiro.authc.UsernamePasswordToken - joe, rememberMe=false].
[Test worker] DEBUG org.apache.shiro.authc.credential.SimpleCredentialsMatcher - Performing credentials equality check for tokenCredentials of type [[C and accountCredentials of type [java.lang.String]
[Test worker] DEBUG org.apache.shiro.authc.credential.SimpleCredentialsMatcher - Both credentials arguments can be easily converted to byte arrays.  Performing array equals comparison
[Test worker] DEBUG org.apache.shiro.authc.AbstractAuthenticator - Authentication successful for token [org.apache.shiro.authc.UsernamePasswordToken - joe, rememberMe=false].  Returned account [joe]
[Test worker] DEBUG org.apache.shiro.subject.support.DefaultSubjectContext - No SecurityManager available in subject context map.  Falling back to SecurityUtils.getSecurityManager() lookup.
[Test worker] TRACE org.apache.shiro.util.ThreadContext - get() - in thread [Test worker]
[Test worker] TRACE org.apache.shiro.mgt.DefaultSecurityManager - Context already contains a SecurityManager instance.  Returning.
[Test worker] TRACE org.apache.shiro.subject.support.DelegatingSubject - attempting to get session; create = false; session is null = true; session has id = false
[Test worker] DEBUG org.apache.shiro.subject.support.DefaultSubjectContext - No SecurityManager available in subject context map.  Falling back to SecurityUtils.getSecurityManager() lookup.
[Test worker] TRACE org.apache.shiro.util.ThreadContext - get() - in thread [Test worker]
[Test worker] TRACE org.apache.shiro.subject.support.DelegatingSubject - attempting to get session; create = false; session is null = true; session has id = false
[Test worker] TRACE org.apache.shiro.subject.support.DelegatingSubject - attempting to get session; create = false; session is null = true; session has id = false
[Test worker] TRACE org.apache.shiro.subject.support.DelegatingSubject - attempting to get session; create = false; session is null = true; session has id = false
[Test worker] TRACE org.apache.shiro.subject.support.DelegatingSubject - attempting to get session; create = false; session is null = true; session has id = false
[Test worker] TRACE org.apache.shiro.subject.support.DelegatingSubject - attempting to get session; create = false; session is null = true; session has id = false
[Test worker] TRACE org.apache.shiro.subject.support.DelegatingSubject - attempting to get session; create = false; session is null = true; session has id = false
[Test worker] TRACE org.apache.shiro.subject.support.DelegatingSubject - attempting to get session; create = true; session is null = true; session has id = false
[Test worker] TRACE org.apache.shiro.subject.support.DelegatingSubject - Starting session for host null
[Test worker] DEBUG org.apache.shiro.session.mgt.AbstractValidatingSessionManager - No sessionValidationScheduler set.  Attempting to create default instance.
[Test worker] TRACE org.apache.shiro.session.mgt.AbstractValidatingSessionManager - Created default SessionValidationScheduler instance of type [org.apache.shiro.session.mgt.ExecutorServiceSessionValidationScheduler].
[Test worker] INFO org.apache.shiro.session.mgt.AbstractValidatingSessionManager - Enabling session validation scheduler...
[Test worker] TRACE org.apache.shiro.session.mgt.DefaultSessionManager - Creating session for host null
[Test worker] DEBUG org.apache.shiro.session.mgt.DefaultSessionManager - Creating new EIS record for new session instance [org.apache.shiro.session.mgt.SimpleSession,id=null]
[Test worker] TRACE org.apache.shiro.session.mgt.AbstractValidatingSessionManager - Attempting to retrieve session with key org.apache.shiro.session.mgt.DefaultSessionKey@2112015b
[Test worker] TRACE org.apache.shiro.subject.support.DelegatingSubject - attempting to get session; create = false; session is null = false; session has id = true
[Test worker] TRACE org.apache.shiro.session.mgt.AbstractValidatingSessionManager - Attempting to retrieve session with key org.apache.shiro.session.mgt.DefaultSessionKey@2112015b
[Test worker] TRACE org.apache.shiro.session.mgt.AbstractValidatingSessionManager - Attempting to retrieve session with key org.apache.shiro.session.mgt.DefaultSessionKey@2112015b
[Test worker] TRACE org.apache.shiro.mgt.DefaultSecurityManager - This org.apache.shiro.mgt.DefaultSecurityManager instance does not have a [org.apache.shiro.mgt.RememberMeManager] instance configured.  RememberMe services will not be performed for account [joe].
[Test worker] TRACE org.apache.shiro.subject.support.DelegatingSubject - attempting to get session; create = false; session is null = false; session has id = true
[Test worker] TRACE griffon.util.CompositeResourceBundle - Searching key=griffon.disable.threading.injection
[Test worker] TRACE griffon.util.CompositeResourceBundle - Searching key=griffon
[Test worker] DEBUG org.codehaus.griffon.runtime.core.controller.AbstractActionManager - Executing com.acme.ShiroController.permissions with policy OUTSIDE_UITHREAD
[Test worker] DEBUG org.codehaus.griffon.runtime.core.controller.AbstractActionManager - Executing 1 interceptor for com.acme.ShiroController.permissions
[Test worker] TRACE org.codehaus.griffon.runtime.core.controller.AbstractActionManager - Calling org.codehaus.griffon.runtime.shiro.ShiroActionInterceptor@3125fd2d.before() on com.acme.ShiroController.permissions
[Test worker] DEBUG org.codehaus.griffon.runtime.shiro.ShiroActionInterceptor - Evaluating security requirement RequirementConfiguration{requirement=PERMISSIONS, values=[user:write], logical=AND}
[Test worker] TRACE org.apache.shiro.subject.support.DelegatingSubject - attempting to get session; create = false; session is null = false; session has id = true
[Test worker] TRACE org.apache.shiro.session.mgt.AbstractValidatingSessionManager - Attempting to retrieve session with key org.apache.shiro.session.mgt.DefaultSessionKey@2112015b
[Test worker] TRACE org.apache.shiro.subject.support.DelegatingSubject - attempting to get session; create = false; session is null = false; session has id = true
[Test worker] TRACE org.apache.shiro.session.mgt.AbstractValidatingSessionManager - Attempting to retrieve session with key org.apache.shiro.session.mgt.DefaultSessionKey@2112015b
[Test worker] TRACE org.apache.shiro.realm.AuthorizingRealm - Retrieving AuthorizationInfo for principals [joe]
[Test worker] DEBUG org.codehaus.griffon.runtime.shiro.ShiroActionInterceptor - Subject did not meet expected security requirements.
[Test worker] INFO org.codehaus.griffon.runtime.shiro.DefaultSecurityFailureHandler - Subject was not granted access to com.acme.ShiroController.permissions due to lack of permissions
[Test worker] DEBUG org.codehaus.griffon.runtime.core.controller.AbstractActionManager - Execution of com.acme.ShiroController.permissions was aborted by org.codehaus.griffon.runtime.shiro.ShiroActionInterceptor@3125fd2d
[Test worker] TRACE org.codehaus.griffon.runtime.core.controller.AbstractActionManager - Status before execution of com.acme.ShiroController.permissions is ABORTED
[Test worker] TRACE org.codehaus.griffon.runtime.core.controller.AbstractActionManager - Calling org.codehaus.griffon.runtime.shiro.ShiroActionInterceptor@3125fd2d.after() on com.acme.ShiroController.permissions
[Test worker] TRACE org.apache.shiro.subject.support.DelegatingSubject - attempting to get session; create = false; session is null = false; session has id = true
[Test worker] TRACE org.apache.shiro.session.mgt.AbstractValidatingSessionManager - Attempting to retrieve session with key org.apache.shiro.session.mgt.DefaultSessionKey@2112015b
[Test worker] TRACE org.apache.shiro.subject.support.DelegatingSubject - attempting to get session; create = false; session is null = false; session has id = true
[Test worker] TRACE org.apache.shiro.session.mgt.AbstractValidatingSessionManager - Attempting to retrieve session with key org.apache.shiro.session.mgt.DefaultSessionKey@2112015b
[Test worker] DEBUG org.apache.shiro.mgt.DefaultSecurityManager - Logging out subject with primary principal joe
[Test worker] TRACE org.apache.shiro.realm.CachingRealm - Cleared cache entries for account with principals [joe]
[Test worker] TRACE org.apache.shiro.subject.support.DelegatingSubject - attempting to get session; create = false; session is null = false; session has id = true
[Test worker] TRACE org.apache.shiro.session.mgt.AbstractValidatingSessionManager - Attempting to retrieve session with key org.apache.shiro.session.mgt.DefaultSessionKey@2112015b
[Test worker] TRACE org.apache.shiro.session.mgt.AbstractValidatingSessionManager - Attempting to retrieve session with key org.apache.shiro.session.mgt.DefaultSessionKey@2112015b
[Test worker] TRACE org.apache.shiro.subject.support.DelegatingSubject - attempting to get session; create = false; session is null = false; session has id = true
[Test worker] TRACE org.apache.shiro.session.mgt.AbstractValidatingSessionManager - Attempting to retrieve session with key org.apache.shiro.session.mgt.DefaultSessionKey@2112015b
[Test worker] DEBUG org.apache.shiro.session.mgt.AbstractSessionManager - Stopping session with id [dfeef721-f2c6-4aae-bbc4-7bdb7410b11f]
[Test worker] DEBUG org.codehaus.griffon.runtime.core.event.AbstractEventRouter - Triggering event 'ShutdownRequested' synchronously
[Test worker] INFO org.codehaus.griffon.runtime.core.DefaultGriffonApplication - Shutdown is in process
[Test worker] DEBUG org.codehaus.griffon.runtime.core.DefaultGriffonApplication - Shutdown stage 1: notify all event listeners
[Test worker] DEBUG org.codehaus.griffon.runtime.core.event.AbstractEventRouter - Adding listener org.codehaus.griffon.runtime.core.AbstractGriffonApplication$1 on ShutdownStart
[Test worker] DEBUG org.codehaus.griffon.runtime.core.event.AbstractEventRouter - Triggering event 'ShutdownStart' synchronously
[Test worker] DEBUG org.codehaus.griffon.runtime.core.DefaultGriffonApplication - Shutdown stage 2: notify all shutdown handlers
[Test worker] DEBUG org.codehaus.griffon.runtime.core.DefaultGriffonApplication - Shutdown stage 3: destroy all MVC groups
[Test worker] DEBUG org.codehaus.griffon.runtime.core.DefaultGriffonApplication - Shutdown stage 4: execute Shutdown script
[Test worker] TRACE griffon.util.CompositeResourceBundle - Searching key=application.lifecycle.handler.disable
[Test worker] TRACE griffon.util.CompositeResourceBundle - Searching key=application
[Test worker] INFO org.codehaus.griffon.runtime.core.DefaultApplicationBootstrapper - Griffon 2.0.0.BETA
[Test worker] INFO org.codehaus.griffon.runtime.core.DefaultApplicationBootstrapper - Build: 2014-06-20T11:04:31.572+0000
[Test worker] INFO org.codehaus.griffon.runtime.core.DefaultApplicationBootstrapper - JVM: 1.7.0_51 (Oracle Corporation 24.51-b03)
[Test worker] INFO org.codehaus.griffon.runtime.core.DefaultApplicationBootstrapper - OS: Linux 2.6.32-042stab079.5 amd64
[Test worker] DEBUG org.codehaus.griffon.runtime.core.DefaultApplicationBootstrapper - Creating module bindings
[Test worker] DEBUG griffon.util.AnnotationUtils - Current module order is [core, shiro, testApplicationBootstrapper$InnerClasses, testApplicationBootstrapper$Fields]
[Test worker] TRACE griffon.util.AnnotationUtils - Processing module 'core'
[Test worker] TRACE griffon.util.AnnotationUtils -   depends on '[]'
[Test worker] TRACE griffon.util.AnnotationUtils -   adding module 'core', since all dependencies have been added
[Test worker] TRACE griffon.util.AnnotationUtils - Processing module 'shiro'
[Test worker] TRACE griffon.util.AnnotationUtils -   depends on '[]'
[Test worker] TRACE griffon.util.AnnotationUtils -   adding module 'shiro', since all dependencies have been added
[Test worker] TRACE griffon.util.AnnotationUtils - Processing module 'testApplicationBootstrapper$InnerClasses'
[Test worker] TRACE griffon.util.AnnotationUtils -   depends on '[]'
[Test worker] TRACE griffon.util.AnnotationUtils -   adding module 'testApplicationBootstrapper$InnerClasses', since all dependencies have been added
[Test worker] TRACE griffon.util.AnnotationUtils - Processing module 'testApplicationBootstrapper$Fields'
[Test worker] TRACE griffon.util.AnnotationUtils -   depends on '[]'
[Test worker] TRACE griffon.util.AnnotationUtils -   adding module 'testApplicationBootstrapper$Fields', since all dependencies have been added
[Test worker] TRACE griffon.util.AnnotationUtils - module dependency ordering complete
[Test worker] DEBUG griffon.util.AnnotationUtils - computed module order is [core, shiro, testApplicationBootstrapper$InnerClasses, testApplicationBootstrapper$Fields]
[Test worker] DEBUG org.codehaus.griffon.runtime.core.DefaultApplicationBootstrapper - Loading module bindings from core:org.codehaus.griffon.runtime.core.DefaultApplicationModule@1a5f5e4d
[Test worker] DEBUG org.codehaus.griffon.runtime.core.DefaultApplicationBootstrapper - Loading module bindings from shiro:org.codehaus.griffon.runtime.shiro.ShiroModule@6b281ec1
[Test worker] DEBUG org.codehaus.griffon.runtime.core.DefaultApplicationBootstrapper - Loading module bindings from testApplicationBootstrapper$InnerClasses:org.codehaus.griffon.runtime.core.TestApplicationBootstrapper$InnerClassesModule@16fb47dd
[Test worker] DEBUG org.codehaus.griffon.runtime.core.DefaultApplicationBootstrapper - Loading module bindings from testApplicationBootstrapper$Fields:org.codehaus.griffon.runtime.core.TestApplicationBootstrapper$FieldsModule@4b2b09f4
[Test worker] TRACE org.codehaus.griffon.runtime.core.DefaultApplicationBootstrapper - InstanceBinding[source=griffon.core.GriffonApplication, instance=org.codehaus.griffon.runtime.core.DefaultGriffonApplication@1fa0d684, singleton=true]
[Test worker] TRACE org.codehaus.griffon.runtime.core.DefaultApplicationBootstrapper - TargetBinding[source=griffon.core.ApplicationClassLoader, target=org.codehaus.griffon.runtime.core.DefaultApplicationClassLoader, singleton=true]
[Test worker] TRACE org.codehaus.griffon.runtime.core.DefaultApplicationBootstrapper - TargetBinding[source=griffon.core.ApplicationConfigurer, target=org.codehaus.griffon.runtime.core.DefaultApplicationConfigurer, singleton=true]
[Test worker] TRACE org.codehaus.griffon.runtime.core.DefaultApplicationBootstrapper - TargetBinding[source=griffon.core.resources.ResourceHandler, target=org.codehaus.griffon.runtime.core.resources.DefaultResourceHandler, singleton=true]
[Test worker] TRACE org.codehaus.griffon.runtime.core.DefaultApplicationBootstrapper - TargetBinding[source=griffon.util.CompositeResourceBundleBuilder, target=org.codehaus.griffon.runtime.util.DefaultCompositeResourceBundleBuilder, singleton=true]
[Test worker] TRACE org.codehaus.griffon.runtime.core.DefaultApplicationBootstrapper - ProviderBinding[source=java.util.ResourceBundle, classifier=@javax.inject.Named(value=applicationResourceBundle), provider=org.codehaus.griffon.runtime.util.ResourceBundleProvider@78638454, singleton=true]
[Test worker] TRACE org.codehaus.griffon.runtime.core.DefaultApplicationBootstrapper - TargetBinding[source=griffon.core.Configuration, target=org.codehaus.griffon.runtime.core.DefaultConfiguration, singleton=true]
[Test worker] TRACE org.codehaus.griffon.runtime.core.DefaultApplicationBootstrapper - TargetBinding[source=griffon.core.ExecutorServiceManager, target=org.codehaus.griffon.runtime.core.DefaultExecutorServiceManager, singleton=true]
[Test worker] TRACE org.codehaus.griffon.runtime.core.DefaultApplicationBootstrapper - TargetBinding[source=griffon.core.event.EventRouter, classifier=@javax.inject.Named(value=applicationEventRouter), target=org.codehaus.griffon.runtime.core.event.DefaultEventRouter, singleton=true]
[Test worker] TRACE org.codehaus.griffon.runtime.core.DefaultApplicationBootstrapper - TargetBinding[source=griffon.core.event.EventRouter, target=org.codehaus.griffon.runtime.core.event.DefaultEventRouter, singleton=false]
[Test worker] TRACE org.codehaus.griffon.runtime.core.DefaultApplicationBootstrapper - ProviderBinding[source=griffon.core.resources.ResourceResolver, classifier=@javax.inject.Named(value=applicationResourceResolver), provider=org.codehaus.griffon.runtime.core.resources.ResourceResolverProvider@4d84e48b, singleton=true]
[Test worker] TRACE org.codehaus.griffon.runtime.core.DefaultApplicationBootstrapper - ProviderBinding[source=griffon.core.i18n.MessageSource, classifier=@javax.inject.Named(value=applicationMessageSource), provider=org.codehaus.griffon.runtime.core.i18n.MessageSourceProvider@4fb8896f, singleton=true]
[Test worker] TRACE org.codehaus.griffon.runtime.core.DefaultApplicationBootstrapper - TargetBinding[source=griffon.core.resources.ResourceInjector, classifier=@javax.inject.Named(value=applicationResourceInjector), target=org.codehaus.griffon.runtime.core.resources.DefaultApplicationResourceInjector, singleton=true]
[Test worker] TRACE org.codehaus.griffon.runtime.core.DefaultApplicationBootstrapper - TargetBinding[source=griffon.core.threading.UIThreadManager, target=org.codehaus.griffon.runtime.core.threading.DefaultUIThreadManager, singleton=true]
[Test worker] TRACE org.codehaus.griffon.runtime.core.DefaultApplicationBootstrapper - TargetBinding[source=griffon.core.mvc.MVCGroupManager, target=org.codehaus.griffon.runtime.core.mvc.DefaultMVCGroupManager, singleton=true]
[Test worker] TRACE org.codehaus.griffon.runtime.core.DefaultApplicationBootstrapper - ProviderBinding[source=griffon.core.LifecycleHandler, classifier=@javax.inject.Named(value=Initialize), provider=org.codehaus.griffon.runtime.core.LifecycleHandlerProvider@5c46ff4c, singleton=true]
[Test worker] TRACE org.codehaus.griffon.runtime.core.DefaultApplicationBootstrapper - ProviderBinding[source=griffon.core.LifecycleHandler, classifier=@javax.inject.Named(value=Startup), provider=org.codehaus.griffon.runtime.core.LifecycleHandlerProvider@392305e8, singleton=true]
[Test worker] TRACE org.codehaus.griffon.runtime.core.DefaultApplicationBootstrapper - ProviderBinding[source=griffon.core.LifecycleHandler, classifier=@javax.inject.Named(value=Ready), provider=org.codehaus.griffon.runtime.core.LifecycleHandlerProvider@2a58dfa6, singleton=true]
[Test worker] TRACE org.codehaus.griffon.runtime.core.DefaultApplicationBootstrapper - ProviderBinding[source=griffon.core.LifecycleHandler, classifier=@javax.inject.Named(value=Shutdown), provider=org.codehaus.griffon.runtime.core.LifecycleHandlerProvider@30c32102, singleton=true]
[Test worker] TRACE org.codehaus.griffon.runtime.core.DefaultApplicationBootstrapper - ProviderBinding[source=griffon.core.LifecycleHandler, classifier=@javax.inject.Named(value=Stop), provider=org.codehaus.griffon.runtime.core.LifecycleHandlerProvider@5aac2350, singleton=true]
[Test worker] TRACE org.codehaus.griffon.runtime.core.DefaultApplicationBootstrapper - TargetBinding[source=griffon.core.view.WindowManager, target=org.codehaus.griffon.runtime.core.view.NoopWindowManager, singleton=true]
[Test worker] TRACE org.codehaus.griffon.runtime.core.DefaultApplicationBootstrapper - TargetBinding[source=griffon.core.controller.ActionManager, target=org.codehaus.griffon.runtime.core.controller.DefaultActionManager, singleton=true]
[Test worker] TRACE org.codehaus.griffon.runtime.core.DefaultApplicationBootstrapper - TargetBinding[source=griffon.core.artifact.ArtifactManager, target=org.codehaus.griffon.runtime.core.artifact.DefaultArtifactManager, singleton=true]
[Test worker] TRACE org.codehaus.griffon.runtime.core.DefaultApplicationBootstrapper - TargetBinding[source=griffon.core.artifact.ArtifactHandler, classifier=@griffon.inject.Typed(value=interface griffon.core.artifact.GriffonModel), target=org.codehaus.griffon.runtime.core.artifact.ModelArtifactHandler, singleton=true]
[Test worker] TRACE org.codehaus.griffon.runtime.core.DefaultApplicationBootstrapper - TargetBinding[source=griffon.core.artifact.ArtifactHandler, classifier=@griffon.inject.Typed(value=interface griffon.core.artifact.GriffonView), target=org.codehaus.griffon.runtime.core.artifact.ViewArtifactHandler, singleton=true]
[Test worker] TRACE org.codehaus.griffon.runtime.core.DefaultApplicationBootstrapper - TargetBinding[source=griffon.core.artifact.ArtifactHandler, classifier=@griffon.inject.Typed(value=interface griffon.core.artifact.GriffonController), target=org.codehaus.griffon.runtime.core.artifact.ControllerArtifactHandler, singleton=true]
[Test worker] TRACE org.codehaus.griffon.runtime.core.DefaultApplicationBootstrapper - TargetBinding[source=griffon.core.artifact.ArtifactHandler, classifier=@griffon.inject.Typed(value=interface griffon.core.artifact.GriffonService), target=org.codehaus.griffon.runtime.core.artifact.ServiceArtifactHandler, singleton=true]
[Test worker] TRACE org.codehaus.griffon.runtime.core.DefaultApplicationBootstrapper - ProviderTypeBinding[source=griffon.core.PlatformHandler, providerType=class org.codehaus.griffon.runtime.core.PlatformHandlerProvider, singleton=true]
[Test worker] TRACE org.codehaus.griffon.runtime.core.DefaultApplicationBootstrapper - TargetBinding[source=griffon.core.addon.AddonManager, target=org.codehaus.griffon.runtime.core.addon.DefaultAddonManager, singleton=true]
[Test worker] TRACE org.codehaus.griffon.runtime.core.DefaultApplicationBootstrapper - TargetBinding[source=griffon.core.event.EventHandler, target=org.codehaus.griffon.runtime.core.event.DefaultEventHandler, singleton=true]
[Test worker] TRACE org.codehaus.griffon.runtime.core.DefaultApplicationBootstrapper - TargetBinding[source=griffon.core.GriffonExceptionHandler, target=griffon.core.GriffonExceptionHandler, singleton=true]
[Test worker] TRACE org.codehaus.griffon.runtime.core.DefaultApplicationBootstrapper - ProviderTypeBinding[source=org.apache.shiro.mgt.SecurityManager, providerType=class org.codehaus.griffon.runtime.shiro.SecurityManagerProvider, singleton=true]
[Test worker] TRACE org.codehaus.griffon.runtime.core.DefaultApplicationBootstrapper - ProviderTypeBinding[source=org.apache.shiro.subject.Subject, providerType=class org.codehaus.griffon.runtime.shiro.SubjectProvider, singleton=true]
[Test worker] TRACE org.codehaus.griffon.runtime.core.DefaultApplicationBootstrapper - TargetBinding[source=griffon.plugins.shiro.SecurityFailureHandler, target=org.codehaus.griffon.runtime.shiro.DefaultSecurityFailureHandler, singleton=true]
[Test worker] TRACE org.codehaus.griffon.runtime.core.DefaultApplicationBootstrapper - TargetBinding[source=griffon.core.controller.ActionInterceptor, target=org.codehaus.griffon.runtime.shiro.ShiroActionInterceptor, singleton=true]
[Test worker] DEBUG org.codehaus.griffon.runtime.core.DefaultApplicationBootstrapper - Creating application injector
[Test worker] DEBUG org.codehaus.griffon.runtime.core.DefaultApplicationBootstrapper - Injector will be created by org.codehaus.griffon.runtime.injection.GuiceInjectorFactory@4b46c946
[Test worker] DEBUG org.codehaus.griffon.runtime.core.event.AbstractEventRouter - Adding listener org.codehaus.griffon.runtime.core.MVCGroupExceptionHandler on UncaughtMVCGroupConfigurationException
[Test worker] DEBUG org.codehaus.griffon.runtime.core.event.AbstractEventRouter - Adding listener org.codehaus.griffon.runtime.core.MVCGroupExceptionHandler on UncaughtMVCGroupInstantiationException
[Test worker] DEBUG org.codehaus.griffon.runtime.core.event.AbstractEventRouter - Triggering event 'BootstrapStart' synchronously
[Test worker] DEBUG griffon.util.ServiceLoaderUtils - Reading java.beans.PropertyEditor definitions from jar:file:/home/travis/build/griffon/griffon/subprojects/griffon-core/build/libs/griffon-core-2.0.0.BETA.jar!/META-INF/editors/java.beans.PropertyEditor
[Test worker] DEBUG org.codehaus.griffon.runtime.core.DefaultApplicationConfigurer - Registering griffon.core.editors.StringPropertyEditor as editor for java.lang.String
[Test worker] DEBUG org.codehaus.griffon.runtime.core.DefaultApplicationConfigurer - Registering griffon.core.editors.FilePropertyEditor as editor for java.io.File
[Test worker] DEBUG org.codehaus.griffon.runtime.core.DefaultApplicationConfigurer - Registering griffon.core.editors.URLPropertyEditor as editor for java.net.URL
[Test worker] DEBUG org.codehaus.griffon.runtime.core.DefaultApplicationConfigurer - Registering griffon.core.editors.URIPropertyEditor as editor for java.net.URI
[Test worker] DEBUG org.codehaus.griffon.runtime.core.DefaultApplicationConfigurer - Registering griffon.core.editors.BigDecimalPropertyEditor as editor for java.math.BigDecimal
[Test worker] DEBUG org.codehaus.griffon.runtime.core.DefaultApplicationConfigurer - Registering griffon.core.editors.BigIntegerPropertyEditor as editor for java.math.BigInteger
[Test worker] DEBUG org.codehaus.griffon.runtime.core.DefaultApplicationConfigurer - Registering griffon.core.editors.BooleanPropertyEditor as editor for java.lang.Boolean
[Test worker] DEBUG org.codehaus.griffon.runtime.core.DefaultApplicationConfigurer - Registering griffon.core.editors.BytePropertyEditor as editor for java.lang.Byte
[Test worker] DEBUG org.codehaus.griffon.runtime.core.DefaultApplicationConfigurer - Registering griffon.core.editors.ShortPropertyEditor as editor for java.lang.Short
[Test worker] DEBUG org.codehaus.griffon.runtime.core.DefaultApplicationConfigurer - Registering griffon.core.editors.IntegerPropertyEditor as editor for java.lang.Integer
[Test worker] DEBUG org.codehaus.griffon.runtime.core.DefaultApplicationConfigurer - Registering griffon.core.editors.LongPropertyEditor as editor for java.lang.Long
[Test worker] DEBUG org.codehaus.griffon.runtime.core.DefaultApplicationConfigurer - Registering griffon.core.editors.FloatPropertyEditor as editor for java.lang.Float
[Test worker] DEBUG org.codehaus.griffon.runtime.core.DefaultApplicationConfigurer - Registering griffon.core.editors.DoublePropertyEditor as editor for java.lang.Double
[Test worker] DEBUG org.codehaus.griffon.runtime.core.DefaultApplicationConfigurer - Registering griffon.core.editors.CalendarPropertyEditor as editor for java.util.Calendar
[Test worker] DEBUG org.codehaus.griffon.runtime.core.DefaultApplicationConfigurer - Registering griffon.core.editors.DatePropertyEditor as editor for java.util.Date
[Test worker] DEBUG org.codehaus.griffon.runtime.core.DefaultApplicationConfigurer - Registering griffon.core.editors.BooleanPropertyEditor as editor for boolean
[Test worker] DEBUG org.codehaus.griffon.runtime.core.DefaultApplicationConfigurer - Registering griffon.core.editors.BytePropertyEditor as editor for byte
[Test worker] DEBUG org.codehaus.griffon.runtime.core.DefaultApplicationConfigurer - Registering griffon.core.editors.ShortPropertyEditor as editor for short
[Test worker] DEBUG org.codehaus.griffon.runtime.core.DefaultApplicationConfigurer - Registering griffon.core.editors.IntegerPropertyEditor as editor for int
[Test worker] DEBUG org.codehaus.griffon.runtime.core.DefaultApplicationConfigurer - Registering griffon.core.editors.LongPropertyEditor as editor for long
[Test worker] DEBUG org.codehaus.griffon.runtime.core.DefaultApplicationConfigurer - Registering griffon.core.editors.FloatPropertyEditor as editor for float
[Test worker] DEBUG org.codehaus.griffon.runtime.core.DefaultApplicationConfigurer - Registering griffon.core.editors.DoublePropertyEditor as editor for double
[Test worker] DEBUG org.codehaus.griffon.runtime.core.event.AbstractEventRouter - Adding listener org.codehaus.griffon.runtime.core.DefaultApplicationConfigurer$2 on NewInstance
[Test worker] TRACE griffon.util.CompositeResourceBundle - Searching key=application.lifecycle.handler.disable
[Test worker] TRACE griffon.util.CompositeResourceBundle - Searching key=application
[Test worker] TRACE griffon.util.CompositeResourceBundle - Searching key=platform.handler.linux64
[Test worker] TRACE griffon.util.CompositeResourceBundle - Searching key=platform
[Test worker] DEBUG org.codehaus.griffon.runtime.core.PlatformHandlerProvider - Using org.codehaus.griffon.runtime.core.DefaultPlatformHandler as PlatformHandler
[Test worker] DEBUG org.codehaus.griffon.runtime.core.addon.AbstractAddonManager - Loading addons [START]
[Test worker] DEBUG griffon.util.AnnotationUtils - computed addon order is []
[Test worker] DEBUG org.codehaus.griffon.runtime.core.event.AbstractEventRouter - Triggering event 'LoadAddonsStart' synchronously
[Test worker] DEBUG org.codehaus.griffon.runtime.core.addon.AbstractAddonManager - Loading addons [END]
[Test worker] DEBUG org.codehaus.griffon.runtime.core.event.AbstractEventRouter - Triggering event 'LoadAddonsEnd' synchronously
[Test worker] TRACE griffon.util.CompositeResourceBundle - Searching key=mvcGroups
[Test worker] TRACE griffon.util.CompositeResourceBundle - Searching key=mvcGroups
[Test worker] DEBUG org.codehaus.griffon.runtime.core.event.AbstractEventRouter - Adding listener org.codehaus.griffon.runtime.core.DefaultApplicationConfigurer$3 on NewInstance
[Test worker] TRACE griffon.util.CompositeResourceBundle - Searching key=shiro.realm.resource.path
[Test worker] TRACE griffon.util.CompositeResourceBundle - Searching key=shiro
[Test worker] DEBUG org.apache.shiro.realm.text.PropertiesRealm - Loading user security information from file [classpath:shiro-users.properties]...
[Test worker] DEBUG org.apache.shiro.realm.text.PropertiesRealm - Opening input stream for path [classpath:shiro-users.properties]...
[Test worker] DEBUG org.apache.shiro.io.ResourceUtils - Opening resource from class path [shiro-users.properties]
[Test worker] DEBUG org.apache.shiro.realm.text.PropertiesRealm - Loading properties from path [classpath:shiro-users.properties]...
[Test worker] TRACE org.apache.shiro.realm.text.PropertiesRealm - Processing properties line - key: [user.joe], value: [joe,employee].
[Test worker] TRACE org.apache.shiro.realm.text.PropertiesRealm - Processing properties line - key: [user.bob], value: [bob,manager,employee].
[Test worker] TRACE org.apache.shiro.realm.text.PropertiesRealm - Processing properties line - key: [role.administrator], value: [*].
[Test worker] TRACE org.apache.shiro.realm.text.PropertiesRealm - Processing properties line - key: [role.manager], value: [user:write].
[Test worker] TRACE org.apache.shiro.realm.text.PropertiesRealm - Processing properties line - key: [user.root], value: [root,administrator,manager].
[Test worker] TRACE org.apache.shiro.realm.text.PropertiesRealm - Processing properties line - key: [role.employee], value: [user:read].
[Test worker] TRACE org.apache.shiro.util.ThreadContext - get() - in thread [Test worker]
[Test worker] TRACE org.apache.shiro.util.ThreadContext - Retrieved value of type [org.apache.shiro.subject.support.DelegatingSubject] for key [org.apache.shiro.util.ThreadContext_SUBJECT_KEY] bound to thread [Test worker]
[Test worker] TRACE griffon.util.CompositeResourceBundle - Searching key=griffon.controller.action.interceptor.order
[Test worker] TRACE griffon.util.CompositeResourceBundle - Searching key=griffon
[Test worker] DEBUG griffon.util.AnnotationUtils - Current interceptor order is [shiro]
[Test worker] TRACE griffon.util.AnnotationUtils - Processing interceptor 'shiro'
[Test worker] TRACE griffon.util.AnnotationUtils -   depends on '[]'
[Test worker] TRACE griffon.util.AnnotationUtils -   adding interceptor 'shiro', since all dependencies have been added
[Test worker] TRACE griffon.util.AnnotationUtils - interceptor dependency ordering complete
[Test worker] DEBUG griffon.util.AnnotationUtils - computed interceptor order is [shiro]
[Test worker] DEBUG org.codehaus.griffon.runtime.core.artifact.AbstractArtifactManager - Registering artifact handler for type 'model': org.codehaus.griffon.runtime.core.artifact.ModelArtifactHandler@766bd19d
[Test worker] DEBUG org.codehaus.griffon.runtime.core.artifact.AbstractArtifactManager - Registering artifact handler for type 'view': org.codehaus.griffon.runtime.core.artifact.ViewArtifactHandler@208ed728
[Test worker] DEBUG org.codehaus.griffon.runtime.core.artifact.AbstractArtifactManager - Registering artifact handler for type 'controller': org.codehaus.griffon.runtime.core.artifact.ControllerArtifactHandler@1cf93cb
[Test worker] DEBUG org.codehaus.griffon.runtime.core.artifact.AbstractArtifactManager - Registering artifact handler for type 'service': org.codehaus.griffon.runtime.core.artifact.ServiceArtifactHandler@62eff55a
[Test worker] DEBUG griffon.util.ServiceLoaderUtils - Reading griffon.core.artifact.GriffonController definitions from file:/home/travis/build/griffon/griffon/plugins/griffon-shiro-plugin/build/classes/test/META-INF/griffon/griffon.core.artifact.GriffonController
[Test worker] DEBUG griffon.util.ServiceLoaderUtils - Reading griffon.core.artifact.GriffonModel definitions from file:/home/travis/build/griffon/griffon/plugins/griffon-shiro-plugin/build/classes/test/META-INF/griffon/griffon.core.artifact.GriffonModel
[Test worker] DEBUG org.codehaus.griffon.runtime.core.artifact.DefaultArtifactManager - Artifacts of type 'controller' = 1
[Test worker] DEBUG org.codehaus.griffon.runtime.core.artifact.DefaultArtifactManager - Artifacts of type 'model' = 1
[Test worker] TRACE org.codehaus.griffon.runtime.core.artifact.AbstractArtifactManager - InstanceBinding[source=griffon.core.artifact.GriffonClass, classifier=@griffon.inject.Typed(value=class com.acme.ShiroController), instance=Artifact[controller] > Shiro, singleton=true]
[Test worker] TRACE org.codehaus.griffon.runtime.core.artifact.AbstractArtifactManager - TargetBinding[source=com.acme.ShiroController, target=com.acme.ShiroController, singleton=false]
[Test worker] TRACE org.codehaus.griffon.runtime.core.artifact.AbstractArtifactManager - InstanceBinding[source=griffon.core.artifact.GriffonClass, classifier=@griffon.inject.Typed(value=class com.acme.ShiroModel), instance=Artifact[model] > Shiro, singleton=true]
[Test worker] TRACE org.codehaus.griffon.runtime.core.artifact.AbstractArtifactManager - TargetBinding[source=com.acme.ShiroModel, target=com.acme.ShiroModel, singleton=false]
[Test worker] DEBUG org.codehaus.griffon.runtime.core.event.AbstractEventRouter - Triggering event 'BootstrapEnd' synchronously
[Test worker] DEBUG org.codehaus.griffon.runtime.core.artifact.AbstractArtifactManager - Searching for griffonClass of com.acme.ShiroController
[Test worker] DEBUG org.codehaus.griffon.runtime.core.event.AbstractEventRouter - Triggering event 'NewInstance' synchronously
[Test worker] DEBUG org.codehaus.griffon.runtime.core.artifact.AbstractArtifactManager - Searching for griffonClass of com.acme.ShiroController
[Test worker] TRACE griffon.util.CompositeResourceBundle - Searching key=com.acme.ShiroController.action.Authenticated.name
[Test worker] TRACE griffon.util.CompositeResourceBundle - Searching key=application.action.Authenticated.name
[Test worker] TRACE org.codehaus.griffon.runtime.core.controller.AbstractActionManager - com.acme.ShiroController.action.Authenticated.name = Authenticated
[Test worker] DEBUG org.codehaus.griffon.runtime.core.controller.AbstractActionManager - Configuring action com.acme.ShiroController.authenticated with org.codehaus.griffon.runtime.shiro.ShiroActionInterceptor@2dd4708d
[Test worker] TRACE org.codehaus.griffon.runtime.core.controller.AbstractActionManager - Action for com.acme.ShiroController.authenticated stored as authenticated
[Test worker] TRACE griffon.util.CompositeResourceBundle - Searching key=com.acme.ShiroController.action.Guest.name
[Test worker] TRACE griffon.util.CompositeResourceBundle - Searching key=application.action.Guest.name
[Test worker] TRACE org.codehaus.griffon.runtime.core.controller.AbstractActionManager - com.acme.ShiroController.action.Guest.name = Guest
[Test worker] DEBUG org.codehaus.griffon.runtime.core.controller.AbstractActionManager - Configuring action com.acme.ShiroController.guest with org.codehaus.griffon.runtime.shiro.ShiroActionInterceptor@2dd4708d
[Test worker] TRACE org.codehaus.griffon.runtime.core.controller.AbstractActionManager - Action for com.acme.ShiroController.guest stored as guest
[Test worker] TRACE griffon.util.CompositeResourceBundle - Searching key=com.acme.ShiroController.action.Permissions.name
[Test worker] TRACE griffon.util.CompositeResourceBundle - Searching key=application.action.Permissions.name
[Test worker] TRACE org.codehaus.griffon.runtime.core.controller.AbstractActionManager - com.acme.ShiroController.action.Permissions.name = Permissions
[Test worker] DEBUG org.codehaus.griffon.runtime.core.controller.AbstractActionManager - Configuring action com.acme.ShiroController.permissions with org.codehaus.griffon.runtime.shiro.ShiroActionInterceptor@2dd4708d
[Test worker] TRACE org.codehaus.griffon.runtime.core.controller.AbstractActionManager - Action for com.acme.ShiroController.permissions stored as permissions
[Test worker] TRACE griffon.util.CompositeResourceBundle - Searching key=com.acme.ShiroController.action.Roles.name
[Test worker] TRACE griffon.util.CompositeResourceBundle - Searching key=application.action.Roles.name
[Test worker] TRACE org.codehaus.griffon.runtime.core.controller.AbstractActionManager - com.acme.ShiroController.action.Roles.name = Roles
[Test worker] DEBUG org.codehaus.griffon.runtime.core.controller.AbstractActionManager - Configuring action com.acme.ShiroController.roles with org.codehaus.griffon.runtime.shiro.ShiroActionInterceptor@2dd4708d
[Test worker] TRACE org.codehaus.griffon.runtime.core.controller.AbstractActionManager - Action for com.acme.ShiroController.roles stored as roles
[Test worker] TRACE griffon.util.CompositeResourceBundle - Searching key=com.acme.ShiroController.action.User.name
[Test worker] TRACE griffon.util.CompositeResourceBundle - Searching key=application.action.User.name
[Test worker] TRACE org.codehaus.griffon.runtime.core.controller.AbstractActionManager - com.acme.ShiroController.action.User.name = User
[Test worker] DEBUG org.codehaus.griffon.runtime.core.controller.AbstractActionManager - Configuring action com.acme.ShiroController.user with org.codehaus.griffon.runtime.shiro.ShiroActionInterceptor@2dd4708d
[Test worker] TRACE org.codehaus.griffon.runtime.core.controller.AbstractActionManager - Action for com.acme.ShiroController.user stored as user
[Test worker] DEBUG org.codehaus.griffon.runtime.core.artifact.AbstractArtifactManager - Searching for griffonClass of com.acme.ShiroModel
[Test worker] DEBUG org.codehaus.griffon.runtime.core.event.AbstractEventRouter - Triggering event 'NewInstance' synchronously
[Test worker] TRACE org.apache.shiro.subject.support.DelegatingSubject - attempting to get session; create = false; session is null = true; session has id = false
[Test worker] TRACE org.apache.shiro.authc.AbstractAuthenticator - Authentication attempt received for token [org.apache.shiro.authc.UsernamePasswordToken - root, rememberMe=false]
[Test worker] DEBUG org.apache.shiro.realm.AuthenticatingRealm - Looked up AuthenticationInfo [root] from doGetAuthenticationInfo
[Test worker] DEBUG org.apache.shiro.realm.AuthenticatingRealm - AuthenticationInfo caching is disabled for info [root].  Submitted token: [org.apache.shiro.authc.UsernamePasswordToken - root, rememberMe=false].
[Test worker] DEBUG org.apache.shiro.authc.credential.SimpleCredentialsMatcher - Performing credentials equality check for tokenCredentials of type [[C and accountCredentials of type [java.lang.String]
[Test worker] DEBUG org.apache.shiro.authc.credential.SimpleCredentialsMatcher - Both credentials arguments can be easily converted to byte arrays.  Performing array equals comparison
[Test worker] DEBUG org.apache.shiro.authc.AbstractAuthenticator - Authentication successful for token [org.apache.shiro.authc.UsernamePasswordToken - root, rememberMe=false].  Returned account [root]
[Test worker] DEBUG org.apache.shiro.subject.support.DefaultSubjectContext - No SecurityManager available in subject context map.  Falling back to SecurityUtils.getSecurityManager() lookup.
[Test worker] TRACE org.apache.shiro.util.ThreadContext - get() - in thread [Test worker]
[Test worker] TRACE org.apache.shiro.mgt.DefaultSecurityManager - Context already contains a SecurityManager instance.  Returning.
[Test worker] TRACE org.apache.shiro.subject.support.DelegatingSubject - attempting to get session; create = false; session is null = true; session has id = false
[Test worker] DEBUG org.apache.shiro.subject.support.DefaultSubjectContext - No SecurityManager available in subject context map.  Falling back to SecurityUtils.getSecurityManager() lookup.
[Test worker] TRACE org.apache.shiro.util.ThreadContext - get() - in thread [Test worker]
[Test worker] TRACE org.apache.shiro.subject.support.DelegatingSubject - attempting to get session; create = false; session is null = true; session has id = false
[Test worker] TRACE org.apache.shiro.subject.support.DelegatingSubject - attempting to get session; create = false; session is null = true; session has id = false
[Test worker] TRACE org.apache.shiro.subject.support.DelegatingSubject - attempting to get session; create = false; session is null = true; session has id = false
[Test worker] TRACE org.apache.shiro.subject.support.DelegatingSubject - attempting to get session; create = false; session is null = true; session has id = false
[Test worker] TRACE org.apache.shiro.subject.support.DelegatingSubject - attempting to get session; create = false; session is null = true; session has id = false
[Test worker] TRACE org.apache.shiro.subject.support.DelegatingSubject - attempting to get session; create = false; session is null = true; session has id = false
[Test worker] TRACE org.apache.shiro.subject.support.DelegatingSubject - attempting to get session; create = true; session is null = true; session has id = false
[Test worker] TRACE org.apache.shiro.subject.support.DelegatingSubject - Starting session for host null
[Test worker] DEBUG org.apache.shiro.session.mgt.AbstractValidatingSessionManager - No sessionValidationScheduler set.  Attempting to create default instance.
[Test worker] TRACE org.apache.shiro.session.mgt.AbstractValidatingSessionManager - Created default SessionValidationScheduler instance of type [org.apache.shiro.session.mgt.ExecutorServiceSessionValidationScheduler].
[Test worker] INFO org.apache.shiro.session.mgt.AbstractValidatingSessionManager - Enabling session validation scheduler...
[Test worker] TRACE org.apache.shiro.session.mgt.DefaultSessionManager - Creating session for host null
[Test worker] DEBUG org.apache.shiro.session.mgt.DefaultSessionManager - Creating new EIS record for new session instance [org.apache.shiro.session.mgt.SimpleSession,id=null]
[Test worker] TRACE org.apache.shiro.session.mgt.AbstractValidatingSessionManager - Attempting to retrieve session with key org.apache.shiro.session.mgt.DefaultSessionKey@523c25bf
[Test worker] TRACE org.apache.shiro.subject.support.DelegatingSubject - attempting to get session; create = false; session is null = false; session has id = true
[Test worker] TRACE org.apache.shiro.session.mgt.AbstractValidatingSessionManager - Attempting to retrieve session with key org.apache.shiro.session.mgt.DefaultSessionKey@523c25bf
[Test worker] TRACE org.apache.shiro.session.mgt.AbstractValidatingSessionManager - Attempting to retrieve session with key org.apache.shiro.session.mgt.DefaultSessionKey@523c25bf
[Test worker] TRACE org.apache.shiro.mgt.DefaultSecurityManager - This org.apache.shiro.mgt.DefaultSecurityManager instance does not have a [org.apache.shiro.mgt.RememberMeManager] instance configured.  RememberMe services will not be performed for account [root].
[Test worker] TRACE org.apache.shiro.subject.support.DelegatingSubject - attempting to get session; create = false; session is null = false; session has id = true
[Test worker] TRACE griffon.util.CompositeResourceBundle - Searching key=griffon.disable.threading.injection
[Test worker] TRACE griffon.util.CompositeResourceBundle - Searching key=griffon
[Test worker] DEBUG org.codehaus.griffon.runtime.core.controller.AbstractActionManager - Executing com.acme.ShiroController.guest with policy OUTSIDE_UITHREAD
[Test worker] DEBUG org.codehaus.griffon.runtime.core.controller.AbstractActionManager - Executing 1 interceptor for com.acme.ShiroController.guest
[Test worker] TRACE org.codehaus.griffon.runtime.core.controller.AbstractActionManager - Calling org.codehaus.griffon.runtime.shiro.ShiroActionInterceptor@2dd4708d.before() on com.acme.ShiroController.guest
[Test worker] DEBUG org.codehaus.griffon.runtime.shiro.ShiroActionInterceptor - Evaluating security requirement RequirementConfiguration{requirement=GUEST, values=[], logical=AND}
[Test worker] TRACE org.apache.shiro.subject.support.DelegatingSubject - attempting to get session; create = false; session is null = false; session has id = true
[Test worker] TRACE org.apache.shiro.session.mgt.AbstractValidatingSessionManager - Attempting to retrieve session with key org.apache.shiro.session.mgt.DefaultSessionKey@523c25bf
[Test worker] DEBUG org.codehaus.griffon.runtime.shiro.ShiroActionInterceptor - Subject did not meet expected security requirements.
[Test worker] INFO org.codehaus.griffon.runtime.shiro.DefaultSecurityFailureHandler - Subject failed guest challenge on com.acme.ShiroController.guest
[Test worker] DEBUG org.codehaus.griffon.runtime.core.controller.AbstractActionManager - Execution of com.acme.ShiroController.guest was aborted by org.codehaus.griffon.runtime.shiro.ShiroActionInterceptor@2dd4708d
[Test worker] TRACE org.codehaus.griffon.runtime.core.controller.AbstractActionManager - Status before execution of com.acme.ShiroController.guest is ABORTED
[Test worker] TRACE org.codehaus.griffon.runtime.core.controller.AbstractActionManager - Calling org.codehaus.griffon.runtime.shiro.ShiroActionInterceptor@2dd4708d.after() on com.acme.ShiroController.guest
[Test worker] TRACE org.apache.shiro.subject.support.DelegatingSubject - attempting to get session; create = false; session is null = false; session has id = true
[Test worker] TRACE org.apache.shiro.session.mgt.AbstractValidatingSessionManager - Attempting to retrieve session with key org.apache.shiro.session.mgt.DefaultSessionKey@523c25bf
[Test worker] TRACE org.apache.shiro.subject.support.DelegatingSubject - attempting to get session; create = false; session is null = false; session has id = true
[Test worker] TRACE org.apache.shiro.session.mgt.AbstractValidatingSessionManager - Attempting to retrieve session with key org.apache.shiro.session.mgt.DefaultSessionKey@523c25bf
[Test worker] DEBUG org.apache.shiro.mgt.DefaultSecurityManager - Logging out subject with primary principal root
[Test worker] TRACE org.apache.shiro.realm.CachingRealm - Cleared cache entries for account with principals [root]
[Test worker] TRACE org.apache.shiro.subject.support.DelegatingSubject - attempting to get session; create = false; session is null = false; session has id = true
[Test worker] TRACE org.apache.shiro.session.mgt.AbstractValidatingSessionManager - Attempting to retrieve session with key org.apache.shiro.session.mgt.DefaultSessionKey@523c25bf
[Test worker] TRACE org.apache.shiro.session.mgt.AbstractValidatingSessionManager - Attempting to retrieve session with key org.apache.shiro.session.mgt.DefaultSessionKey@523c25bf
[Test worker] TRACE org.apache.shiro.subject.support.DelegatingSubject - attempting to get session; create = false; session is null = false; session has id = true
[Test worker] TRACE org.apache.shiro.session.mgt.AbstractValidatingSessionManager - Attempting to retrieve session with key org.apache.shiro.session.mgt.DefaultSessionKey@523c25bf
[Test worker] DEBUG org.apache.shiro.session.mgt.AbstractSessionManager - Stopping session with id [b9807466-8257-4119-aca3-568bcaa88efc]
[Test worker] DEBUG org.codehaus.griffon.runtime.core.event.AbstractEventRouter - Triggering event 'ShutdownRequested' synchronously
[Test worker] INFO org.codehaus.griffon.runtime.core.DefaultGriffonApplication - Shutdown is in process
[Test worker] DEBUG org.codehaus.griffon.runtime.core.DefaultGriffonApplication - Shutdown stage 1: notify all event listeners
[Test worker] DEBUG org.codehaus.griffon.runtime.core.event.AbstractEventRouter - Adding listener org.codehaus.griffon.runtime.core.AbstractGriffonApplication$1 on ShutdownStart
[Test worker] DEBUG org.codehaus.griffon.runtime.core.event.AbstractEventRouter - Triggering event 'ShutdownStart' synchronously
[Test worker] DEBUG org.codehaus.griffon.runtime.core.DefaultGriffonApplication - Shutdown stage 2: notify all shutdown handlers
[Test worker] DEBUG org.codehaus.griffon.runtime.core.DefaultGriffonApplication - Shutdown stage 3: destroy all MVC groups
[Test worker] DEBUG org.codehaus.griffon.runtime.core.DefaultGriffonApplication - Shutdown stage 4: execute Shutdown script
[Test worker] TRACE griffon.util.CompositeResourceBundle - Searching key=application.lifecycle.handler.disable
[Test worker] TRACE griffon.util.CompositeResourceBundle - Searching key=application
[Test worker] INFO org.codehaus.griffon.runtime.core.DefaultApplicationBootstrapper - Griffon 2.0.0.BETA
[Test worker] INFO org.codehaus.griffon.runtime.core.DefaultApplicationBootstrapper - Build: 2014-06-20T11:04:31.572+0000
[Test worker] INFO org.codehaus.griffon.runtime.core.DefaultApplicationBootstrapper - JVM: 1.7.0_51 (Oracle Corporation 24.51-b03)
[Test worker] INFO org.codehaus.griffon.runtime.core.DefaultApplicationBootstrapper - OS: Linux 2.6.32-042stab079.5 amd64
[Test worker] DEBUG org.codehaus.griffon.runtime.core.DefaultApplicationBootstrapper - Creating module bindings
[Test worker] DEBUG griffon.util.AnnotationUtils - Current module order is [core, shiro, testApplicationBootstrapper$InnerClasses, testApplicationBootstrapper$Fields]
[Test worker] TRACE griffon.util.AnnotationUtils - Processing module 'core'
[Test worker] TRACE griffon.util.AnnotationUtils -   depends on '[]'
[Test worker] TRACE griffon.util.AnnotationUtils -   adding module 'core', since all dependencies have been added
[Test worker] TRACE griffon.util.AnnotationUtils - Processing module 'shiro'
[Test worker] TRACE griffon.util.AnnotationUtils -   depends on '[]'
[Test worker] TRACE griffon.util.AnnotationUtils -   adding module 'shiro', since all dependencies have been added
[Test worker] TRACE griffon.util.AnnotationUtils - Processing module 'testApplicationBootstrapper$InnerClasses'
[Test worker] TRACE griffon.util.AnnotationUtils -   depends on '[]'
[Test worker] TRACE griffon.util.AnnotationUtils -   adding module 'testApplicationBootstrapper$InnerClasses', since all dependencies have been added
[Test worker] TRACE griffon.util.AnnotationUtils - Processing module 'testApplicationBootstrapper$Fields'
[Test worker] TRACE griffon.util.AnnotationUtils -   depends on '[]'
[Test worker] TRACE griffon.util.AnnotationUtils -   adding module 'testApplicationBootstrapper$Fields', since all dependencies have been added
[Test worker] TRACE griffon.util.AnnotationUtils - module dependency ordering complete
[Test worker] DEBUG griffon.util.AnnotationUtils - computed module order is [core, shiro, testApplicationBootstrapper$InnerClasses, testApplicationBootstrapper$Fields]
[Test worker] DEBUG org.codehaus.griffon.runtime.core.DefaultApplicationBootstrapper - Loading module bindings from core:org.codehaus.griffon.runtime.core.DefaultApplicationModule@70e7a15e
[Test worker] DEBUG org.codehaus.griffon.runtime.core.DefaultApplicationBootstrapper - Loading module bindings from shiro:org.codehaus.griffon.runtime.shiro.ShiroModule@77135c3a
[Test worker] DEBUG org.codehaus.griffon.runtime.core.DefaultApplicationBootstrapper - Loading module bindings from testApplicationBootstrapper$InnerClasses:org.codehaus.griffon.runtime.core.TestApplicationBootstrapper$InnerClassesModule@180c20e9
[Test worker] DEBUG org.codehaus.griffon.runtime.core.DefaultApplicationBootstrapper - Loading module bindings from testApplicationBootstrapper$Fields:org.codehaus.griffon.runtime.core.TestApplicationBootstrapper$FieldsModule@4444ad54
[Test worker] TRACE org.codehaus.griffon.runtime.core.DefaultApplicationBootstrapper - InstanceBinding[source=griffon.core.GriffonApplication, instance=org.codehaus.griffon.runtime.core.DefaultGriffonApplication@11f0c00, singleton=true]
[Test worker] TRACE org.codehaus.griffon.runtime.core.DefaultApplicationBootstrapper - TargetBinding[source=griffon.core.ApplicationClassLoader, target=org.codehaus.griffon.runtime.core.DefaultApplicationClassLoader, singleton=true]
[Test worker] TRACE org.codehaus.griffon.runtime.core.DefaultApplicationBootstrapper - TargetBinding[source=griffon.core.ApplicationConfigurer, target=org.codehaus.griffon.runtime.core.DefaultApplicationConfigurer, singleton=true]
[Test worker] TRACE org.codehaus.griffon.runtime.core.DefaultApplicationBootstrapper - TargetBinding[source=griffon.core.resources.ResourceHandler, target=org.codehaus.griffon.runtime.core.resources.DefaultResourceHandler, singleton=true]
[Test worker] TRACE org.codehaus.griffon.runtime.core.DefaultApplicationBootstrapper - TargetBinding[source=griffon.util.CompositeResourceBundleBuilder, target=org.codehaus.griffon.runtime.util.DefaultCompositeResourceBundleBuilder, singleton=true]
[Test worker] TRACE org.codehaus.griffon.runtime.core.DefaultApplicationBootstrapper - ProviderBinding[source=java.util.ResourceBundle, classifier=@javax.inject.Named(value=applicationResourceBundle), provider=org.codehaus.griffon.runtime.util.ResourceBundleProvider@1d4cd493, singleton=true]
[Test worker] TRACE org.codehaus.griffon.runtime.core.DefaultApplicationBootstrapper - TargetBinding[source=griffon.core.Configuration, target=org.codehaus.griffon.runtime.core.DefaultConfiguration, singleton=true]
[Test worker] TRACE org.codehaus.griffon.runtime.core.DefaultApplicationBootstrapper - TargetBinding[source=griffon.core.ExecutorServiceManager, target=org.codehaus.griffon.runtime.core.DefaultExecutorServiceManager, singleton=true]
[Test worker] TRACE org.codehaus.griffon.runtime.core.DefaultApplicationBootstrapper - TargetBinding[source=griffon.core.event.EventRouter, classifier=@javax.inject.Named(value=applicationEventRouter), target=org.codehaus.griffon.runtime.core.event.DefaultEventRouter, singleton=true]
[Test worker] TRACE org.codehaus.griffon.runtime.core.DefaultApplicationBootstrapper - TargetBinding[source=griffon.core.event.EventRouter, target=org.codehaus.griffon.runtime.core.event.DefaultEventRouter, singleton=false]
[Test worker] TRACE org.codehaus.griffon.runtime.core.DefaultApplicationBootstrapper - ProviderBinding[source=griffon.core.resources.ResourceResolver, classifier=@javax.inject.Named(value=applicationResourceResolver), provider=org.codehaus.griffon.runtime.core.resources.ResourceResolverProvider@1f180dec, singleton=true]
[Test worker] TRACE org.codehaus.griffon.runtime.core.DefaultApplicationBootstrapper - ProviderBinding[source=griffon.core.i18n.MessageSource, classifier=@javax.inject.Named(value=applicationMessageSource), provider=org.codehaus.griffon.runtime.core.i18n.MessageSourceProvider@643a10e6, singleton=true]
[Test worker] TRACE org.codehaus.griffon.runtime.core.DefaultApplicationBootstrapper - TargetBinding[source=griffon.core.resources.ResourceInjector, classifier=@javax.inject.Named(value=applicationResourceInjector), target=org.codehaus.griffon.runtime.core.resources.DefaultApplicationResourceInjector, singleton=true]
[Test worker] TRACE org.codehaus.griffon.runtime.core.DefaultApplicationBootstrapper - TargetBinding[source=griffon.core.threading.UIThreadManager, target=org.codehaus.griffon.runtime.core.threading.DefaultUIThreadManager, singleton=true]
[Test worker] TRACE org.codehaus.griffon.runtime.core.DefaultApplicationBootstrapper - TargetBinding[source=griffon.core.mvc.MVCGroupManager, target=org.codehaus.griffon.runtime.core.mvc.DefaultMVCGroupManager, singleton=true]
[Test worker] TRACE org.codehaus.griffon.runtime.core.DefaultApplicationBootstrapper - ProviderBinding[source=griffon.core.LifecycleHandler, classifier=@javax.inject.Named(value=Initialize), provider=org.codehaus.griffon.runtime.core.LifecycleHandlerProvider@202b9f72, singleton=true]
[Test worker] TRACE org.codehaus.griffon.runtime.core.DefaultApplicationBootstrapper - ProviderBinding[source=griffon.core.LifecycleHandler, classifier=@javax.inject.Named(value=Startup), provider=org.codehaus.griffon.runtime.core.LifecycleHandlerProvider@ff105de, singleton=true]
[Test worker] TRACE org.codehaus.griffon.runtime.core.DefaultApplicationBootstrapper - ProviderBinding[source=griffon.core.LifecycleHandler, classifier=@javax.inject.Named(value=Ready), provider=org.codehaus.griffon.runtime.core.LifecycleHandlerProvider@18b839ff, singleton=true]
[Test worker] TRACE org.codehaus.griffon.runtime.core.DefaultApplicationBootstrapper - ProviderBinding[source=griffon.core.LifecycleHandler, classifier=@javax.inject.Named(value=Shutdown), provider=org.codehaus.griffon.runtime.core.LifecycleHandlerProvider@66e7a106, singleton=true]
[Test worker] TRACE org.codehaus.griffon.runtime.core.DefaultApplicationBootstrapper - ProviderBinding[source=griffon.core.LifecycleHandler, classifier=@javax.inject.Named(value=Stop), provider=org.codehaus.griffon.runtime.core.LifecycleHandlerProvider@70fcc5b1, singleton=true]
[Test worker] TRACE org.codehaus.griffon.runtime.core.DefaultApplicationBootstrapper - TargetBinding[source=griffon.core.view.WindowManager, target=org.codehaus.griffon.runtime.core.view.NoopWindowManager, singleton=true]
[Test worker] TRACE org.codehaus.griffon.runtime.core.DefaultApplicationBootstrapper - TargetBinding[source=griffon.core.controller.ActionManager, target=org.codehaus.griffon.runtime.core.controller.DefaultActionManager, singleton=true]
[Test worker] TRACE org.codehaus.griffon.runtime.core.DefaultApplicationBootstrapper - TargetBinding[source=griffon.core.artifact.ArtifactManager, target=org.codehaus.griffon.runtime.core.artifact.DefaultArtifactManager, singleton=true]
[Test worker] TRACE org.codehaus.griffon.runtime.core.DefaultApplicationBootstrapper - TargetBinding[source=griffon.core.artifact.ArtifactHandler, classifier=@griffon.inject.Typed(value=interface griffon.core.artifact.GriffonModel), target=org.codehaus.griffon.runtime.core.artifact.ModelArtifactHandler, singleton=true]
[Test worker] TRACE org.codehaus.griffon.runtime.core.DefaultApplicationBootstrapper - TargetBinding[source=griffon.core.artifact.ArtifactHandler, classifier=@griffon.inject.Typed(value=interface griffon.core.artifact.GriffonView), target=org.codehaus.griffon.runtime.core.artifact.ViewArtifactHandler, singleton=true]
[Test worker] TRACE org.codehaus.griffon.runtime.core.DefaultApplicationBootstrapper - TargetBinding[source=griffon.core.artifact.ArtifactHandler, classifier=@griffon.inject.Typed(value=interface griffon.core.artifact.GriffonController), target=org.codehaus.griffon.runtime.core.artifact.ControllerArtifactHandler, singleton=true]
[Test worker] TRACE org.codehaus.griffon.runtime.core.DefaultApplicationBootstrapper - TargetBinding[source=griffon.core.artifact.ArtifactHandler, classifier=@griffon.inject.Typed(value=interface griffon.core.artifact.GriffonService), target=org.codehaus.griffon.runtime.core.artifact.ServiceArtifactHandler, singleton=true]
[Test worker] TRACE org.codehaus.griffon.runtime.core.DefaultApplicationBootstrapper - ProviderTypeBinding[source=griffon.core.PlatformHandler, providerType=class org.codehaus.griffon.runtime.core.PlatformHandlerProvider, singleton=true]
[Test worker] TRACE org.codehaus.griffon.runtime.core.DefaultApplicationBootstrapper - TargetBinding[source=griffon.core.addon.AddonManager, target=org.codehaus.griffon.runtime.core.addon.DefaultAddonManager, singleton=true]
[Test worker] TRACE org.codehaus.griffon.runtime.core.DefaultApplicationBootstrapper - TargetBinding[source=griffon.core.event.EventHandler, target=org.codehaus.griffon.runtime.core.event.DefaultEventHandler, singleton=true]
[Test worker] TRACE org.codehaus.griffon.runtime.core.DefaultApplicationBootstrapper - TargetBinding[source=griffon.core.GriffonExceptionHandler, target=griffon.core.GriffonExceptionHandler, singleton=true]
[Test worker] TRACE org.codehaus.griffon.runtime.core.DefaultApplicationBootstrapper - ProviderTypeBinding[source=org.apache.shiro.mgt.SecurityManager, providerType=class org.codehaus.griffon.runtime.shiro.SecurityManagerProvider, singleton=true]
[Test worker] TRACE org.codehaus.griffon.runtime.core.DefaultApplicationBootstrapper - ProviderTypeBinding[source=org.apache.shiro.subject.Subject, providerType=class org.codehaus.griffon.runtime.shiro.SubjectProvider, singleton=true]
[Test worker] TRACE org.codehaus.griffon.runtime.core.DefaultApplicationBootstrapper - TargetBinding[source=griffon.plugins.shiro.SecurityFailureHandler, target=org.codehaus.griffon.runtime.shiro.DefaultSecurityFailureHandler, singleton=true]
[Test worker] TRACE org.codehaus.griffon.runtime.core.DefaultApplicationBootstrapper - TargetBinding[source=griffon.core.controller.ActionInterceptor, target=org.codehaus.griffon.runtime.shiro.ShiroActionInterceptor, singleton=true]
[Test worker] DEBUG org.codehaus.griffon.runtime.core.DefaultApplicationBootstrapper - Creating application injector
[Test worker] DEBUG org.codehaus.griffon.runtime.core.DefaultApplicationBootstrapper - Injector will be created by org.codehaus.griffon.runtime.injection.GuiceInjectorFactory@21fd3544
[Test worker] DEBUG org.codehaus.griffon.runtime.core.event.AbstractEventRouter - Adding listener org.codehaus.griffon.runtime.core.MVCGroupExceptionHandler on UncaughtMVCGroupConfigurationException
[Test worker] DEBUG org.codehaus.griffon.runtime.core.event.AbstractEventRouter - Adding listener org.codehaus.griffon.runtime.core.MVCGroupExceptionHandler on UncaughtMVCGroupInstantiationException
[Test worker] DEBUG org.codehaus.griffon.runtime.core.event.AbstractEventRouter - Triggering event 'BootstrapStart' synchronously
[Test worker] DEBUG griffon.util.ServiceLoaderUtils - Reading java.beans.PropertyEditor definitions from jar:file:/home/travis/build/griffon/griffon/subprojects/griffon-core/build/libs/griffon-core-2.0.0.BETA.jar!/META-INF/editors/java.beans.PropertyEditor
[Test worker] DEBUG org.codehaus.griffon.runtime.core.DefaultApplicationConfigurer - Registering griffon.core.editors.StringPropertyEditor as editor for java.lang.String
[Test worker] DEBUG org.codehaus.griffon.runtime.core.DefaultApplicationConfigurer - Registering griffon.core.editors.FilePropertyEditor as editor for java.io.File
[Test worker] DEBUG org.codehaus.griffon.runtime.core.DefaultApplicationConfigurer - Registering griffon.core.editors.URLPropertyEditor as editor for java.net.URL
[Test worker] DEBUG org.codehaus.griffon.runtime.core.DefaultApplicationConfigurer - Registering griffon.core.editors.URIPropertyEditor as editor for java.net.URI
[Test worker] DEBUG org.codehaus.griffon.runtime.core.DefaultApplicationConfigurer - Registering griffon.core.editors.BigDecimalPropertyEditor as editor for java.math.BigDecimal
[Test worker] DEBUG org.codehaus.griffon.runtime.core.DefaultApplicationConfigurer - Registering griffon.core.editors.BigIntegerPropertyEditor as editor for java.math.BigInteger
[Test worker] DEBUG org.codehaus.griffon.runtime.core.DefaultApplicationConfigurer - Registering griffon.core.editors.BooleanPropertyEditor as editor for java.lang.Boolean
[Test worker] DEBUG org.codehaus.griffon.runtime.core.DefaultApplicationConfigurer - Registering griffon.core.editors.BytePropertyEditor as editor for java.lang.Byte
[Test worker] DEBUG org.codehaus.griffon.runtime.core.DefaultApplicationConfigurer - Registering griffon.core.editors.ShortPropertyEditor as editor for java.lang.Short
[Test worker] DEBUG org.codehaus.griffon.runtime.core.DefaultApplicationConfigurer - Registering griffon.core.editors.IntegerPropertyEditor as editor for java.lang.Integer
[Test worker] DEBUG org.codehaus.griffon.runtime.core.DefaultApplicationConfigurer - Registering griffon.core.editors.LongPropertyEditor as editor for java.lang.Long
[Test worker] DEBUG org.codehaus.griffon.runtime.core.DefaultApplicationConfigurer - Registering griffon.core.editors.FloatPropertyEditor as editor for java.lang.Float
[Test worker] DEBUG org.codehaus.griffon.runtime.core.DefaultApplicationConfigurer - Registering griffon.core.editors.DoublePropertyEditor as editor for java.lang.Double
[Test worker] DEBUG org.codehaus.griffon.runtime.core.DefaultApplicationConfigurer - Registering griffon.core.editors.CalendarPropertyEditor as editor for java.util.Calendar
[Test worker] DEBUG org.codehaus.griffon.runtime.core.DefaultApplicationConfigurer - Registering griffon.core.editors.DatePropertyEditor as editor for java.util.Date
[Test worker] DEBUG org.codehaus.griffon.runtime.core.DefaultApplicationConfigurer - Registering griffon.core.editors.BooleanPropertyEditor as editor for boolean
[Test worker] DEBUG org.codehaus.griffon.runtime.core.DefaultApplicationConfigurer - Registering griffon.core.editors.BytePropertyEditor as editor for byte
[Test worker] DEBUG org.codehaus.griffon.runtime.core.DefaultApplicationConfigurer - Registering griffon.core.editors.ShortPropertyEditor as editor for short
[Test worker] DEBUG org.codehaus.griffon.runtime.core.DefaultApplicationConfigurer - Registering griffon.core.editors.IntegerPropertyEditor as editor for int
[Test worker] DEBUG org.codehaus.griffon.runtime.core.DefaultApplicationConfigurer - Registering griffon.core.editors.LongPropertyEditor as editor for long
[Test worker] DEBUG org.codehaus.griffon.runtime.core.DefaultApplicationConfigurer - Registering griffon.core.editors.FloatPropertyEditor as editor for float
[Test worker] DEBUG org.codehaus.griffon.runtime.core.DefaultApplicationConfigurer - Registering griffon.core.editors.DoublePropertyEditor as editor for double
[Test worker] DEBUG org.codehaus.griffon.runtime.core.event.AbstractEventRouter - Adding listener org.codehaus.griffon.runtime.core.DefaultApplicationConfigurer$2 on NewInstance
[Test worker] TRACE griffon.util.CompositeResourceBundle - Searching key=application.lifecycle.handler.disable
[Test worker] TRACE griffon.util.CompositeResourceBundle - Searching key=application
[Test worker] TRACE griffon.util.CompositeResourceBundle - Searching key=platform.handler.linux64
[Test worker] TRACE griffon.util.CompositeResourceBundle - Searching key=platform
[Test worker] DEBUG org.codehaus.griffon.runtime.core.PlatformHandlerProvider - Using org.codehaus.griffon.runtime.core.DefaultPlatformHandler as PlatformHandler
[Test worker] DEBUG org.codehaus.griffon.runtime.core.addon.AbstractAddonManager - Loading addons [START]
[Test worker] DEBUG griffon.util.AnnotationUtils - computed addon order is []
[Test worker] DEBUG org.codehaus.griffon.runtime.core.event.AbstractEventRouter - Triggering event 'LoadAddonsStart' synchronously
[Test worker] DEBUG org.codehaus.griffon.runtime.core.addon.AbstractAddonManager - Loading addons [END]
[Test worker] DEBUG org.codehaus.griffon.runtime.core.event.AbstractEventRouter - Triggering event 'LoadAddonsEnd' synchronously
[Test worker] TRACE griffon.util.CompositeResourceBundle - Searching key=mvcGroups
[Test worker] TRACE griffon.util.CompositeResourceBundle - Searching key=mvcGroups
[Test worker] DEBUG org.codehaus.griffon.runtime.core.event.AbstractEventRouter - Adding listener org.codehaus.griffon.runtime.core.DefaultApplicationConfigurer$3 on NewInstance
[Test worker] TRACE griffon.util.CompositeResourceBundle - Searching key=shiro.realm.resource.path
[Test worker] TRACE griffon.util.CompositeResourceBundle - Searching key=shiro
[Test worker] DEBUG org.apache.shiro.realm.text.PropertiesRealm - Loading user security information from file [classpath:shiro-users.properties]...
[Test worker] DEBUG org.apache.shiro.realm.text.PropertiesRealm - Opening input stream for path [classpath:shiro-users.properties]...
[Test worker] DEBUG org.apache.shiro.io.ResourceUtils - Opening resource from class path [shiro-users.properties]
[Test worker] DEBUG org.apache.shiro.realm.text.PropertiesRealm - Loading properties from path [classpath:shiro-users.properties]...
[Test worker] TRACE org.apache.shiro.realm.text.PropertiesRealm - Processing properties line - key: [user.joe], value: [joe,employee].
[Test worker] TRACE org.apache.shiro.realm.text.PropertiesRealm - Processing properties line - key: [user.bob], value: [bob,manager,employee].
[Test worker] TRACE org.apache.shiro.realm.text.PropertiesRealm - Processing properties line - key: [role.administrator], value: [*].
[Test worker] TRACE org.apache.shiro.realm.text.PropertiesRealm - Processing properties line - key: [role.manager], value: [user:write].
[Test worker] TRACE org.apache.shiro.realm.text.PropertiesRealm - Processing properties line - key: [user.root], value: [root,administrator,manager].
[Test worker] TRACE org.apache.shiro.realm.text.PropertiesRealm - Processing properties line - key: [role.employee], value: [user:read].
[Test worker] TRACE org.apache.shiro.util.ThreadContext - get() - in thread [Test worker]
[Test worker] TRACE org.apache.shiro.util.ThreadContext - Retrieved value of type [org.apache.shiro.subject.support.DelegatingSubject] for key [org.apache.shiro.util.ThreadContext_SUBJECT_KEY] bound to thread [Test worker]
[Test worker] TRACE griffon.util.CompositeResourceBundle - Searching key=griffon.controller.action.interceptor.order
[Test worker] TRACE griffon.util.CompositeResourceBundle - Searching key=griffon
[Test worker] DEBUG griffon.util.AnnotationUtils - Current interceptor order is [shiro]
[Test worker] TRACE griffon.util.AnnotationUtils - Processing interceptor 'shiro'
[Test worker] TRACE griffon.util.AnnotationUtils -   depends on '[]'
[Test worker] TRACE griffon.util.AnnotationUtils -   adding interceptor 'shiro', since all dependencies have been added
[Test worker] TRACE griffon.util.AnnotationUtils - interceptor dependency ordering complete
[Test worker] DEBUG griffon.util.AnnotationUtils - computed interceptor order is [shiro]
[Test worker] DEBUG org.codehaus.griffon.runtime.core.artifact.AbstractArtifactManager - Registering artifact handler for type 'model': org.codehaus.griffon.runtime.core.artifact.ModelArtifactHandler@68f6709d
[Test worker] DEBUG org.codehaus.griffon.runtime.core.artifact.AbstractArtifactManager - Registering artifact handler for type 'view': org.codehaus.griffon.runtime.core.artifact.ViewArtifactHandler@b5b8941
[Test worker] DEBUG org.codehaus.griffon.runtime.core.artifact.AbstractArtifactManager - Registering artifact handler for type 'controller': org.codehaus.griffon.runtime.core.artifact.ControllerArtifactHandler@2690103a
[Test worker] DEBUG org.codehaus.griffon.runtime.core.artifact.AbstractArtifactManager - Registering artifact handler for type 'service': org.codehaus.griffon.runtime.core.artifact.ServiceArtifactHandler@3c19639d
[Test worker] DEBUG griffon.util.ServiceLoaderUtils - Reading griffon.core.artifact.GriffonController definitions from file:/home/travis/build/griffon/griffon/plugins/griffon-shiro-plugin/build/classes/test/META-INF/griffon/griffon.core.artifact.GriffonController
[Test worker] DEBUG griffon.util.ServiceLoaderUtils - Reading griffon.core.artifact.GriffonModel definitions from file:/home/travis/build/griffon/griffon/plugins/griffon-shiro-plugin/build/classes/test/META-INF/griffon/griffon.core.artifact.GriffonModel
[Test worker] DEBUG org.codehaus.griffon.runtime.core.artifact.DefaultArtifactManager - Artifacts of type 'controller' = 1
[Test worker] DEBUG org.codehaus.griffon.runtime.core.artifact.DefaultArtifactManager - Artifacts of type 'model' = 1
[Test worker] TRACE org.codehaus.griffon.runtime.core.artifact.AbstractArtifactManager - InstanceBinding[source=griffon.core.artifact.GriffonClass, classifier=@griffon.inject.Typed(value=class com.acme.ShiroController), instance=Artifact[controller] > Shiro, singleton=true]
[Test worker] TRACE org.codehaus.griffon.runtime.core.artifact.AbstractArtifactManager - TargetBinding[source=com.acme.ShiroController, target=com.acme.ShiroController, singleton=false]
[Test worker] TRACE org.codehaus.griffon.runtime.core.artifact.AbstractArtifactManager - InstanceBinding[source=griffon.core.artifact.GriffonClass, classifier=@griffon.inject.Typed(value=class com.acme.ShiroModel), instance=Artifact[model] > Shiro, singleton=true]
[Test worker] TRACE org.codehaus.griffon.runtime.core.artifact.AbstractArtifactManager - TargetBinding[source=com.acme.ShiroModel, target=com.acme.ShiroModel, singleton=false]
[Test worker] DEBUG org.codehaus.griffon.runtime.core.event.AbstractEventRouter - Triggering event 'BootstrapEnd' synchronously
[Test worker] DEBUG org.codehaus.griffon.runtime.core.artifact.AbstractArtifactManager - Searching for griffonClass of com.acme.ShiroController
[Test worker] DEBUG org.codehaus.griffon.runtime.core.event.AbstractEventRouter - Triggering event 'NewInstance' synchronously
[Test worker] DEBUG org.codehaus.griffon.runtime.core.artifact.AbstractArtifactManager - Searching for griffonClass of com.acme.ShiroController
[Test worker] TRACE griffon.util.CompositeResourceBundle - Searching key=com.acme.ShiroController.action.Authenticated.name
[Test worker] TRACE griffon.util.CompositeResourceBundle - Searching key=application.action.Authenticated.name
[Test worker] TRACE org.codehaus.griffon.runtime.core.controller.AbstractActionManager - com.acme.ShiroController.action.Authenticated.name = Authenticated
[Test worker] DEBUG org.codehaus.griffon.runtime.core.controller.AbstractActionManager - Configuring action com.acme.ShiroController.authenticated with org.codehaus.griffon.runtime.shiro.ShiroActionInterceptor@6d91ef32
[Test worker] TRACE org.codehaus.griffon.runtime.core.controller.AbstractActionManager - Action for com.acme.ShiroController.authenticated stored as authenticated
[Test worker] TRACE griffon.util.CompositeResourceBundle - Searching key=com.acme.ShiroController.action.Guest.name
[Test worker] TRACE griffon.util.CompositeResourceBundle - Searching key=application.action.Guest.name
[Test worker] TRACE org.codehaus.griffon.runtime.core.controller.AbstractActionManager - com.acme.ShiroController.action.Guest.name = Guest
[Test worker] DEBUG org.codehaus.griffon.runtime.core.controller.AbstractActionManager - Configuring action com.acme.ShiroController.guest with org.codehaus.griffon.runtime.shiro.ShiroActionInterceptor@6d91ef32
[Test worker] TRACE org.codehaus.griffon.runtime.core.controller.AbstractActionManager - Action for com.acme.ShiroController.guest stored as guest
[Test worker] TRACE griffon.util.CompositeResourceBundle - Searching key=com.acme.ShiroController.action.Permissions.name
[Test worker] TRACE griffon.util.CompositeResourceBundle - Searching key=application.action.Permissions.name
[Test worker] TRACE org.codehaus.griffon.runtime.core.controller.AbstractActionManager - com.acme.ShiroController.action.Permissions.name = Permissions
[Test worker] DEBUG org.codehaus.griffon.runtime.core.controller.AbstractActionManager - Configuring action com.acme.ShiroController.permissions with org.codehaus.griffon.runtime.shiro.ShiroActionInterceptor@6d91ef32
[Test worker] TRACE org.codehaus.griffon.runtime.core.controller.AbstractActionManager - Action for com.acme.ShiroController.permissions stored as permissions
[Test worker] TRACE griffon.util.CompositeResourceBundle - Searching key=com.acme.ShiroController.action.Roles.name
[Test worker] TRACE griffon.util.CompositeResourceBundle - Searching key=application.action.Roles.name
[Test worker] TRACE org.codehaus.griffon.runtime.core.controller.AbstractActionManager - com.acme.ShiroController.action.Roles.name = Roles
[Test worker] DEBUG org.codehaus.griffon.runtime.core.controller.AbstractActionManager - Configuring action com.acme.ShiroController.roles with org.codehaus.griffon.runtime.shiro.ShiroActionInterceptor@6d91ef32
[Test worker] TRACE org.codehaus.griffon.runtime.core.controller.AbstractActionManager - Action for com.acme.ShiroController.roles stored as roles
[Test worker] TRACE griffon.util.CompositeResourceBundle - Searching key=com.acme.ShiroController.action.User.name
[Test worker] TRACE griffon.util.CompositeResourceBundle - Searching key=application.action.User.name
[Test worker] TRACE org.codehaus.griffon.runtime.core.controller.AbstractActionManager - com.acme.ShiroController.action.User.name = User
[Test worker] DEBUG org.codehaus.griffon.runtime.core.controller.AbstractActionManager - Configuring action com.acme.ShiroController.user with org.codehaus.griffon.runtime.shiro.ShiroActionInterceptor@6d91ef32
[Test worker] TRACE org.codehaus.griffon.runtime.core.controller.AbstractActionManager - Action for com.acme.ShiroController.user stored as user
[Test worker] DEBUG org.codehaus.griffon.runtime.core.artifact.AbstractArtifactManager - Searching for griffonClass of com.acme.ShiroModel
[Test worker] DEBUG org.codehaus.griffon.runtime.core.event.AbstractEventRouter - Triggering event 'NewInstance' synchronously
[Test worker] TRACE org.apache.shiro.subject.support.DelegatingSubject - attempting to get session; create = false; session is null = true; session has id = false
[Test worker] TRACE org.apache.shiro.authc.AbstractAuthenticator - Authentication attempt received for token [org.apache.shiro.authc.UsernamePasswordToken - root, rememberMe=false]
[Test worker] DEBUG org.apache.shiro.realm.AuthenticatingRealm - Looked up AuthenticationInfo [root] from doGetAuthenticationInfo
[Test worker] DEBUG org.apache.shiro.realm.AuthenticatingRealm - AuthenticationInfo caching is disabled for info [root].  Submitted token: [org.apache.shiro.authc.UsernamePasswordToken - root, rememberMe=false].
[Test worker] DEBUG org.apache.shiro.authc.credential.SimpleCredentialsMatcher - Performing credentials equality check for tokenCredentials of type [[C and accountCredentials of type [java.lang.String]
[Test worker] DEBUG org.apache.shiro.authc.credential.SimpleCredentialsMatcher - Both credentials arguments can be easily converted to byte arrays.  Performing array equals comparison
[Test worker] DEBUG org.apache.shiro.authc.AbstractAuthenticator - Authentication successful for token [org.apache.shiro.authc.UsernamePasswordToken - root, rememberMe=false].  Returned account [root]
[Test worker] DEBUG org.apache.shiro.subject.support.DefaultSubjectContext - No SecurityManager available in subject context map.  Falling back to SecurityUtils.getSecurityManager() lookup.
[Test worker] TRACE org.apache.shiro.util.ThreadContext - get() - in thread [Test worker]
[Test worker] TRACE org.apache.shiro.mgt.DefaultSecurityManager - Context already contains a SecurityManager instance.  Returning.
[Test worker] TRACE org.apache.shiro.subject.support.DelegatingSubject - attempting to get session; create = false; session is null = true; session has id = false
[Test worker] DEBUG org.apache.shiro.subject.support.DefaultSubjectContext - No SecurityManager available in subject context map.  Falling back to SecurityUtils.getSecurityManager() lookup.
[Test worker] TRACE org.apache.shiro.util.ThreadContext - get() - in thread [Test worker]
[Test worker] TRACE org.apache.shiro.subject.support.DelegatingSubject - attempting to get session; create = false; session is null = true; session has id = false
[Test worker] TRACE org.apache.shiro.subject.support.DelegatingSubject - attempting to get session; create = false; session is null = true; session has id = false
[Test worker] TRACE org.apache.shiro.subject.support.DelegatingSubject - attempting to get session; create = false; session is null = true; session has id = false
[Test worker] TRACE org.apache.shiro.subject.support.DelegatingSubject - attempting to get session; create = false; session is null = true; session has id = false
[Test worker] TRACE org.apache.shiro.subject.support.DelegatingSubject - attempting to get session; create = false; session is null = true; session has id = false
[Test worker] TRACE org.apache.shiro.subject.support.DelegatingSubject - attempting to get session; create = false; session is null = true; session has id = false
[Test worker] TRACE org.apache.shiro.subject.support.DelegatingSubject - attempting to get session; create = true; session is null = true; session has id = false
[Test worker] TRACE org.apache.shiro.subject.support.DelegatingSubject - Starting session for host null
[Test worker] DEBUG org.apache.shiro.session.mgt.AbstractValidatingSessionManager - No sessionValidationScheduler set.  Attempting to create default instance.
[Test worker] TRACE org.apache.shiro.session.mgt.AbstractValidatingSessionManager - Created default SessionValidationScheduler instance of type [org.apache.shiro.session.mgt.ExecutorServiceSessionValidationScheduler].
[Test worker] INFO org.apache.shiro.session.mgt.AbstractValidatingSessionManager - Enabling session validation scheduler...
[Test worker] TRACE org.apache.shiro.session.mgt.DefaultSessionManager - Creating session for host null
[Test worker] DEBUG org.apache.shiro.session.mgt.DefaultSessionManager - Creating new EIS record for new session instance [org.apache.shiro.session.mgt.SimpleSession,id=null]
[Test worker] TRACE org.apache.shiro.session.mgt.AbstractValidatingSessionManager - Attempting to retrieve session with key org.apache.shiro.session.mgt.DefaultSessionKey@410a4b6a
[Test worker] TRACE org.apache.shiro.subject.support.DelegatingSubject - attempting to get session; create = false; session is null = false; session has id = true
[Test worker] TRACE org.apache.shiro.session.mgt.AbstractValidatingSessionManager - Attempting to retrieve session with key org.apache.shiro.session.mgt.DefaultSessionKey@410a4b6a
[Test worker] TRACE org.apache.shiro.session.mgt.AbstractValidatingSessionManager - Attempting to retrieve session with key org.apache.shiro.session.mgt.DefaultSessionKey@410a4b6a
[Test worker] TRACE org.apache.shiro.mgt.DefaultSecurityManager - This org.apache.shiro.mgt.DefaultSecurityManager instance does not have a [org.apache.shiro.mgt.RememberMeManager] instance configured.  RememberMe services will not be performed for account [root].
[Test worker] TRACE org.apache.shiro.subject.support.DelegatingSubject - attempting to get session; create = false; session is null = false; session has id = true
[Test worker] TRACE griffon.util.CompositeResourceBundle - Searching key=griffon.disable.threading.injection
[Test worker] TRACE griffon.util.CompositeResourceBundle - Searching key=griffon
[Test worker] DEBUG org.codehaus.griffon.runtime.core.controller.AbstractActionManager - Executing com.acme.ShiroController.user with policy OUTSIDE_UITHREAD
[Test worker] DEBUG org.codehaus.griffon.runtime.core.controller.AbstractActionManager - Executing 1 interceptor for com.acme.ShiroController.user
[Test worker] TRACE org.codehaus.griffon.runtime.core.controller.AbstractActionManager - Calling org.codehaus.griffon.runtime.shiro.ShiroActionInterceptor@6d91ef32.before() on com.acme.ShiroController.user
[Test worker] DEBUG org.codehaus.griffon.runtime.shiro.ShiroActionInterceptor - Evaluating security requirement RequirementConfiguration{requirement=USER, values=[], logical=AND}
[Test worker] TRACE org.apache.shiro.subject.support.DelegatingSubject - attempting to get session; create = false; session is null = false; session has id = true
[Test worker] TRACE org.apache.shiro.session.mgt.AbstractValidatingSessionManager - Attempting to retrieve session with key org.apache.shiro.session.mgt.DefaultSessionKey@410a4b6a
[Test worker] DEBUG org.codehaus.griffon.runtime.shiro.ShiroActionInterceptor - Subject did not meet expected security requirements.
[Test worker] INFO org.codehaus.griffon.runtime.shiro.DefaultSecurityFailureHandler - Subject failed user challenge on com.acme.ShiroController.user
[Test worker] DEBUG org.codehaus.griffon.runtime.core.controller.AbstractActionManager - Execution of com.acme.ShiroController.user was aborted by org.codehaus.griffon.runtime.shiro.ShiroActionInterceptor@6d91ef32
[Test worker] TRACE org.codehaus.griffon.runtime.core.controller.AbstractActionManager - Status before execution of com.acme.ShiroController.user is ABORTED
[Test worker] TRACE org.codehaus.griffon.runtime.core.controller.AbstractActionManager - Calling org.codehaus.griffon.runtime.shiro.ShiroActionInterceptor@6d91ef32.after() on com.acme.ShiroController.user
[Test worker] TRACE org.apache.shiro.subject.support.DelegatingSubject - attempting to get session; create = false; session is null = false; session has id = true
[Test worker] TRACE org.apache.shiro.session.mgt.AbstractValidatingSessionManager - Attempting to retrieve session with key org.apache.shiro.session.mgt.DefaultSessionKey@410a4b6a
[Test worker] TRACE org.apache.shiro.subject.support.DelegatingSubject - attempting to get session; create = false; session is null = false; session has id = true
[Test worker] TRACE org.apache.shiro.session.mgt.AbstractValidatingSessionManager - Attempting to retrieve session with key org.apache.shiro.session.mgt.DefaultSessionKey@410a4b6a
[Test worker] DEBUG org.apache.shiro.mgt.DefaultSecurityManager - Logging out subject with primary principal root
[Test worker] TRACE org.apache.shiro.realm.CachingRealm - Cleared cache entries for account with principals [root]
[Test worker] TRACE org.apache.shiro.subject.support.DelegatingSubject - attempting to get session; create = false; session is null = false; session has id = true
[Test worker] TRACE org.apache.shiro.session.mgt.AbstractValidatingSessionManager - Attempting to retrieve session with key org.apache.shiro.session.mgt.DefaultSessionKey@410a4b6a
[Test worker] TRACE org.apache.shiro.session.mgt.AbstractValidatingSessionManager - Attempting to retrieve session with key org.apache.shiro.session.mgt.DefaultSessionKey@410a4b6a
[Test worker] TRACE org.apache.shiro.subject.support.DelegatingSubject - attempting to get session; create = false; session is null = false; session has id = true
[Test worker] TRACE org.apache.shiro.session.mgt.AbstractValidatingSessionManager - Attempting to retrieve session with key org.apache.shiro.session.mgt.DefaultSessionKey@410a4b6a
[Test worker] DEBUG org.apache.shiro.session.mgt.AbstractSessionManager - Stopping session with id [f6ad9a30-191e-492b-9342-340577cddb10]
[Test worker] DEBUG org.codehaus.griffon.runtime.core.event.AbstractEventRouter - Triggering event 'ShutdownRequested' synchronously
[Test worker] INFO org.codehaus.griffon.runtime.core.DefaultGriffonApplication - Shutdown is in process
[Test worker] DEBUG org.codehaus.griffon.runtime.core.DefaultGriffonApplication - Shutdown stage 1: notify all event listeners
[Test worker] DEBUG org.codehaus.griffon.runtime.core.event.AbstractEventRouter - Adding listener org.codehaus.griffon.runtime.core.AbstractGriffonApplication$1 on ShutdownStart
[Test worker] DEBUG org.codehaus.griffon.runtime.core.event.AbstractEventRouter - Triggering event 'ShutdownStart' synchronously
[Test worker] DEBUG org.codehaus.griffon.runtime.core.DefaultGriffonApplication - Shutdown stage 2: notify all shutdown handlers
[Test worker] DEBUG org.codehaus.griffon.runtime.core.DefaultGriffonApplication - Shutdown stage 3: destroy all MVC groups
[Test worker] DEBUG org.codehaus.griffon.runtime.core.DefaultGriffonApplication - Shutdown stage 4: execute Shutdown script
[Test worker] TRACE griffon.util.CompositeResourceBundle - Searching key=application.lifecycle.handler.disable
[Test worker] TRACE griffon.util.CompositeResourceBundle - Searching key=application
[Test worker] INFO org.codehaus.griffon.runtime.core.DefaultApplicationBootstrapper - Griffon 2.0.0.BETA
[Test worker] INFO org.codehaus.griffon.runtime.core.DefaultApplicationBootstrapper - Build: 2014-06-20T11:04:31.572+0000
[Test worker] INFO org.codehaus.griffon.runtime.core.DefaultApplicationBootstrapper - JVM: 1.7.0_51 (Oracle Corporation 24.51-b03)
[Test worker] INFO org.codehaus.griffon.runtime.core.DefaultApplicationBootstrapper - OS: Linux 2.6.32-042stab079.5 amd64
[Test worker] DEBUG org.codehaus.griffon.runtime.core.DefaultApplicationBootstrapper - Creating module bindings
[Test worker] DEBUG griffon.util.AnnotationUtils - Current module order is [core, shiro, testApplicationBootstrapper$InnerClasses, testApplicationBootstrapper$Fields]
[Test worker] TRACE griffon.util.AnnotationUtils - Processing module 'core'
[Test worker] TRACE griffon.util.AnnotationUtils -   depends on '[]'
[Test worker] TRACE griffon.util.AnnotationUtils -   adding module 'core', since all dependencies have been added
[Test worker] TRACE griffon.util.AnnotationUtils - Processing module 'shiro'
[Test worker] TRACE griffon.util.AnnotationUtils -   depends on '[]'
[Test worker] TRACE griffon.util.AnnotationUtils -   adding module 'shiro', since all dependencies have been added
[Test worker] TRACE griffon.util.AnnotationUtils - Processing module 'testApplicationBootstrapper$InnerClasses'
[Test worker] TRACE griffon.util.AnnotationUtils -   depends on '[]'
[Test worker] TRACE griffon.util.AnnotationUtils -   adding module 'testApplicationBootstrapper$InnerClasses', since all dependencies have been added
[Test worker] TRACE griffon.util.AnnotationUtils - Processing module 'testApplicationBootstrapper$Fields'
[Test worker] TRACE griffon.util.AnnotationUtils -   depends on '[]'
[Test worker] TRACE griffon.util.AnnotationUtils -   adding module 'testApplicationBootstrapper$Fields', since all dependencies have been added
[Test worker] TRACE griffon.util.AnnotationUtils - module dependency ordering complete
[Test worker] DEBUG griffon.util.AnnotationUtils - computed module order is [core, shiro, testApplicationBootstrapper$InnerClasses, testApplicationBootstrapper$Fields]
[Test worker] DEBUG org.codehaus.griffon.runtime.core.DefaultApplicationBootstrapper - Loading module bindings from core:org.codehaus.griffon.runtime.core.DefaultApplicationModule@665031f5
[Test worker] DEBUG org.codehaus.griffon.runtime.core.DefaultApplicationBootstrapper - Loading module bindings from shiro:org.codehaus.griffon.runtime.shiro.ShiroModule@1b00004d
[Test worker] DEBUG org.codehaus.griffon.runtime.core.DefaultApplicationBootstrapper - Loading module bindings from testApplicationBootstrapper$InnerClasses:org.codehaus.griffon.runtime.core.TestApplicationBootstrapper$InnerClassesModule@1d13cd14
[Test worker] DEBUG org.codehaus.griffon.runtime.core.DefaultApplicationBootstrapper - Loading module bindings from testApplicationBootstrapper$Fields:org.codehaus.griffon.runtime.core.TestApplicationBootstrapper$FieldsModule@7efceaf5
[Test worker] TRACE org.codehaus.griffon.runtime.core.DefaultApplicationBootstrapper - InstanceBinding[source=griffon.core.GriffonApplication, instance=org.codehaus.griffon.runtime.core.DefaultGriffonApplication@22d6d956, singleton=true]
[Test worker] TRACE org.codehaus.griffon.runtime.core.DefaultApplicationBootstrapper - TargetBinding[source=griffon.core.ApplicationClassLoader, target=org.codehaus.griffon.runtime.core.DefaultApplicationClassLoader, singleton=true]
[Test worker] TRACE org.codehaus.griffon.runtime.core.DefaultApplicationBootstrapper - TargetBinding[source=griffon.core.ApplicationConfigurer, target=org.codehaus.griffon.runtime.core.DefaultApplicationConfigurer, singleton=true]
[Test worker] TRACE org.codehaus.griffon.runtime.core.DefaultApplicationBootstrapper - TargetBinding[source=griffon.core.resources.ResourceHandler, target=org.codehaus.griffon.runtime.core.resources.DefaultResourceHandler, singleton=true]
[Test worker] TRACE org.codehaus.griffon.runtime.core.DefaultApplicationBootstrapper - TargetBinding[source=griffon.util.CompositeResourceBundleBuilder, target=org.codehaus.griffon.runtime.util.DefaultCompositeResourceBundleBuilder, singleton=true]
[Test worker] TRACE org.codehaus.griffon.runtime.core.DefaultApplicationBootstrapper - ProviderBinding[source=java.util.ResourceBundle, classifier=@javax.inject.Named(value=applicationResourceBundle), provider=org.codehaus.griffon.runtime.util.ResourceBundleProvider@4756aef8, singleton=true]
[Test worker] TRACE org.codehaus.griffon.runtime.core.DefaultApplicationBootstrapper - TargetBinding[source=griffon.core.Configuration, target=org.codehaus.griffon.runtime.core.DefaultConfiguration, singleton=true]
[Test worker] TRACE org.codehaus.griffon.runtime.core.DefaultApplicationBootstrapper - TargetBinding[source=griffon.core.ExecutorServiceManager, target=org.codehaus.griffon.runtime.core.DefaultExecutorServiceManager, singleton=true]
[Test worker] TRACE org.codehaus.griffon.runtime.core.DefaultApplicationBootstrapper - TargetBinding[source=griffon.core.event.EventRouter, classifier=@javax.inject.Named(value=applicationEventRouter), target=org.codehaus.griffon.runtime.core.event.DefaultEventRouter, singleton=true]
[Test worker] TRACE org.codehaus.griffon.runtime.core.DefaultApplicationBootstrapper - TargetBinding[source=griffon.core.event.EventRouter, target=org.codehaus.griffon.runtime.core.event.DefaultEventRouter, singleton=false]
[Test worker] TRACE org.codehaus.griffon.runtime.core.DefaultApplicationBootstrapper - ProviderBinding[source=griffon.core.resources.ResourceResolver, classifier=@javax.inject.Named(value=applicationResourceResolver), provider=org.codehaus.griffon.runtime.core.resources.ResourceResolverProvider@bf9405f, singleton=true]
[Test worker] TRACE org.codehaus.griffon.runtime.core.DefaultApplicationBootstrapper - ProviderBinding[source=griffon.core.i18n.MessageSource, classifier=@javax.inject.Named(value=applicationMessageSource), provider=org.codehaus.griffon.runtime.core.i18n.MessageSourceProvider@18f1231d, singleton=true]
[Test worker] TRACE org.codehaus.griffon.runtime.core.DefaultApplicationBootstrapper - TargetBinding[source=griffon.core.resources.ResourceInjector, classifier=@javax.inject.Named(value=applicationResourceInjector), target=org.codehaus.griffon.runtime.core.resources.DefaultApplicationResourceInjector, singleton=true]
[Test worker] TRACE org.codehaus.griffon.runtime.core.DefaultApplicationBootstrapper - TargetBinding[source=griffon.core.threading.UIThreadManager, target=org.codehaus.griffon.runtime.core.threading.DefaultUIThreadManager, singleton=true]
[Test worker] TRACE org.codehaus.griffon.runtime.core.DefaultApplicationBootstrapper - TargetBinding[source=griffon.core.mvc.MVCGroupManager, target=org.codehaus.griffon.runtime.core.mvc.DefaultMVCGroupManager, singleton=true]
[Test worker] TRACE org.codehaus.griffon.runtime.core.DefaultApplicationBootstrapper - ProviderBinding[source=griffon.core.LifecycleHandler, classifier=@javax.inject.Named(value=Initialize), provider=org.codehaus.griffon.runtime.core.LifecycleHandlerProvider@7f3851b5, singleton=true]
[Test worker] TRACE org.codehaus.griffon.runtime.core.DefaultApplicationBootstrapper - ProviderBinding[source=griffon.core.LifecycleHandler, classifier=@javax.inject.Named(value=Startup), provider=org.codehaus.griffon.runtime.core.LifecycleHandlerProvider@4a7c8353, singleton=true]
[Test worker] TRACE org.codehaus.griffon.runtime.core.DefaultApplicationBootstrapper - ProviderBinding[source=griffon.core.LifecycleHandler, classifier=@javax.inject.Named(value=Ready), provider=org.codehaus.griffon.runtime.core.LifecycleHandlerProvider@3491e459, singleton=true]
[Test worker] TRACE org.codehaus.griffon.runtime.core.DefaultApplicationBootstrapper - ProviderBinding[source=griffon.core.LifecycleHandler, classifier=@javax.inject.Named(value=Shutdown), provider=org.codehaus.griffon.runtime.core.LifecycleHandlerProvider@5626aa05, singleton=true]
[Test worker] TRACE org.codehaus.griffon.runtime.core.DefaultApplicationBootstrapper - ProviderBinding[source=griffon.core.LifecycleHandler, classifier=@javax.inject.Named(value=Stop), provider=org.codehaus.griffon.runtime.core.LifecycleHandlerProvider@4645a73, singleton=true]
[Test worker] TRACE org.codehaus.griffon.runtime.core.DefaultApplicationBootstrapper - TargetBinding[source=griffon.core.view.WindowManager, target=org.codehaus.griffon.runtime.core.view.NoopWindowManager, singleton=true]
[Test worker] TRACE org.codehaus.griffon.runtime.core.DefaultApplicationBootstrapper - TargetBinding[source=griffon.core.controller.ActionManager, target=org.codehaus.griffon.runtime.core.controller.DefaultActionManager, singleton=true]
[Test worker] TRACE org.codehaus.griffon.runtime.core.DefaultApplicationBootstrapper - TargetBinding[source=griffon.core.artifact.ArtifactManager, target=org.codehaus.griffon.runtime.core.artifact.DefaultArtifactManager, singleton=true]
[Test worker] TRACE org.codehaus.griffon.runtime.core.DefaultApplicationBootstrapper - TargetBinding[source=griffon.core.artifact.ArtifactHandler, classifier=@griffon.inject.Typed(value=interface griffon.core.artifact.GriffonModel), target=org.codehaus.griffon.runtime.core.artifact.ModelArtifactHandler, singleton=true]
[Test worker] TRACE org.codehaus.griffon.runtime.core.DefaultApplicationBootstrapper - TargetBinding[source=griffon.core.artifact.ArtifactHandler, classifier=@griffon.inject.Typed(value=interface griffon.core.artifact.GriffonView), target=org.codehaus.griffon.runtime.core.artifact.ViewArtifactHandler, singleton=true]
[Test worker] TRACE org.codehaus.griffon.runtime.core.DefaultApplicationBootstrapper - TargetBinding[source=griffon.core.artifact.ArtifactHandler, classifier=@griffon.inject.Typed(value=interface griffon.core.artifact.GriffonController), target=org.codehaus.griffon.runtime.core.artifact.ControllerArtifactHandler, singleton=true]
[Test worker] TRACE org.codehaus.griffon.runtime.core.DefaultApplicationBootstrapper - TargetBinding[source=griffon.core.artifact.ArtifactHandler, classifier=@griffon.inject.Typed(value=interface griffon.core.artifact.GriffonService), target=org.codehaus.griffon.runtime.core.artifact.ServiceArtifactHandler, singleton=true]
[Test worker] TRACE org.codehaus.griffon.runtime.core.DefaultApplicationBootstrapper - ProviderTypeBinding[source=griffon.core.PlatformHandler, providerType=class org.codehaus.griffon.runtime.core.PlatformHandlerProvider, singleton=true]
[Test worker] TRACE org.codehaus.griffon.runtime.core.DefaultApplicationBootstrapper - TargetBinding[source=griffon.core.addon.AddonManager, target=org.codehaus.griffon.runtime.core.addon.DefaultAddonManager, singleton=true]
[Test worker] TRACE org.codehaus.griffon.runtime.core.DefaultApplicationBootstrapper - TargetBinding[source=griffon.core.event.EventHandler, target=org.codehaus.griffon.runtime.core.event.DefaultEventHandler, singleton=true]
[Test worker] TRACE org.codehaus.griffon.runtime.core.DefaultApplicationBootstrapper - TargetBinding[source=griffon.core.GriffonExceptionHandler, target=griffon.core.GriffonExceptionHandler, singleton=true]
[Test worker] TRACE org.codehaus.griffon.runtime.core.DefaultApplicationBootstrapper - ProviderTypeBinding[source=org.apache.shiro.mgt.SecurityManager, providerType=class org.codehaus.griffon.runtime.shiro.SecurityManagerProvider, singleton=true]
[Test worker] TRACE org.codehaus.griffon.runtime.core.DefaultApplicationBootstrapper - ProviderTypeBinding[source=org.apache.shiro.subject.Subject, providerType=class org.codehaus.griffon.runtime.shiro.SubjectProvider, singleton=true]
[Test worker] TRACE org.codehaus.griffon.runtime.core.DefaultApplicationBootstrapper - TargetBinding[source=griffon.plugins.shiro.SecurityFailureHandler, target=org.codehaus.griffon.runtime.shiro.DefaultSecurityFailureHandler, singleton=true]
[Test worker] TRACE org.codehaus.griffon.runtime.core.DefaultApplicationBootstrapper - TargetBinding[source=griffon.core.controller.ActionInterceptor, target=org.codehaus.griffon.runtime.shiro.ShiroActionInterceptor, singleton=true]
[Test worker] DEBUG org.codehaus.griffon.runtime.core.DefaultApplicationBootstrapper - Creating application injector
[Test worker] DEBUG org.codehaus.griffon.runtime.core.DefaultApplicationBootstrapper - Injector will be created by org.codehaus.griffon.runtime.injection.GuiceInjectorFactory@715c80b8
[Test worker] DEBUG org.codehaus.griffon.runtime.core.event.AbstractEventRouter - Adding listener org.codehaus.griffon.runtime.core.MVCGroupExceptionHandler on UncaughtMVCGroupConfigurationException
[Test worker] DEBUG org.codehaus.griffon.runtime.core.event.AbstractEventRouter - Adding listener org.codehaus.griffon.runtime.core.MVCGroupExceptionHandler on UncaughtMVCGroupInstantiationException
[Test worker] DEBUG org.codehaus.griffon.runtime.core.event.AbstractEventRouter - Triggering event 'BootstrapStart' synchronously
[Test worker] DEBUG griffon.util.ServiceLoaderUtils - Reading java.beans.PropertyEditor definitions from jar:file:/home/travis/build/griffon/griffon/subprojects/griffon-core/build/libs/griffon-core-2.0.0.BETA.jar!/META-INF/editors/java.beans.PropertyEditor
[Test worker] DEBUG org.codehaus.griffon.runtime.core.DefaultApplicationConfigurer - Registering griffon.core.editors.StringPropertyEditor as editor for java.lang.String
[Test worker] DEBUG org.codehaus.griffon.runtime.core.DefaultApplicationConfigurer - Registering griffon.core.editors.FilePropertyEditor as editor for java.io.File
[Test worker] DEBUG org.codehaus.griffon.runtime.core.DefaultApplicationConfigurer - Registering griffon.core.editors.URLPropertyEditor as editor for java.net.URL
[Test worker] DEBUG org.codehaus.griffon.runtime.core.DefaultApplicationConfigurer - Registering griffon.core.editors.URIPropertyEditor as editor for java.net.URI
[Test worker] DEBUG org.codehaus.griffon.runtime.core.DefaultApplicationConfigurer - Registering griffon.core.editors.BigDecimalPropertyEditor as editor for java.math.BigDecimal
[Test worker] DEBUG org.codehaus.griffon.runtime.core.DefaultApplicationConfigurer - Registering griffon.core.editors.BigIntegerPropertyEditor as editor for java.math.BigInteger
[Test worker] DEBUG org.codehaus.griffon.runtime.core.DefaultApplicationConfigurer - Registering griffon.core.editors.BooleanPropertyEditor as editor for java.lang.Boolean
[Test worker] DEBUG org.codehaus.griffon.runtime.core.DefaultApplicationConfigurer - Registering griffon.core.editors.BytePropertyEditor as editor for java.lang.Byte
[Test worker] DEBUG org.codehaus.griffon.runtime.core.DefaultApplicationConfigurer - Registering griffon.core.editors.ShortPropertyEditor as editor for java.lang.Short
[Test worker] DEBUG org.codehaus.griffon.runtime.core.DefaultApplicationConfigurer - Registering griffon.core.editors.IntegerPropertyEditor as editor for java.lang.Integer
[Test worker] DEBUG org.codehaus.griffon.runtime.core.DefaultApplicationConfigurer - Registering griffon.core.editors.LongPropertyEditor as editor for java.lang.Long
[Test worker] DEBUG org.codehaus.griffon.runtime.core.DefaultApplicationConfigurer - Registering griffon.core.editors.FloatPropertyEditor as editor for java.lang.Float
[Test worker] DEBUG org.codehaus.griffon.runtime.core.DefaultApplicationConfigurer - Registering griffon.core.editors.DoublePropertyEditor as editor for java.lang.Double
[Test worker] DEBUG org.codehaus.griffon.runtime.core.DefaultApplicationConfigurer - Registering griffon.core.editors.CalendarPropertyEditor as editor for java.util.Calendar
[Test worker] DEBUG org.codehaus.griffon.runtime.core.DefaultApplicationConfigurer - Registering griffon.core.editors.DatePropertyEditor as editor for java.util.Date
[Test worker] DEBUG org.codehaus.griffon.runtime.core.DefaultApplicationConfigurer - Registering griffon.core.editors.BooleanPropertyEditor as editor for boolean
[Test worker] DEBUG org.codehaus.griffon.runtime.core.DefaultApplicationConfigurer - Registering griffon.core.editors.BytePropertyEditor as editor for byte
[Test worker] DEBUG org.codehaus.griffon.runtime.core.DefaultApplicationConfigurer - Registering griffon.core.editors.ShortPropertyEditor as editor for short
[Test worker] DEBUG org.codehaus.griffon.runtime.core.DefaultApplicationConfigurer - Registering griffon.core.editors.IntegerPropertyEditor as editor for int
[Test worker] DEBUG org.codehaus.griffon.runtime.core.DefaultApplicationConfigurer - Registering griffon.core.editors.LongPropertyEditor as editor for long
[Test worker] DEBUG org.codehaus.griffon.runtime.core.DefaultApplicationConfigurer - Registering griffon.core.editors.FloatPropertyEditor as editor for float
[Test worker] DEBUG org.codehaus.griffon.runtime.core.DefaultApplicationConfigurer - Registering griffon.core.editors.DoublePropertyEditor as editor for double
[Test worker] DEBUG org.codehaus.griffon.runtime.core.event.AbstractEventRouter - Adding listener org.codehaus.griffon.runtime.core.DefaultApplicationConfigurer$2 on NewInstance
[Test worker] TRACE griffon.util.CompositeResourceBundle - Searching key=application.lifecycle.handler.disable
[Test worker] TRACE griffon.util.CompositeResourceBundle - Searching key=application
[Test worker] TRACE griffon.util.CompositeResourceBundle - Searching key=platform.handler.linux64
[Test worker] TRACE griffon.util.CompositeResourceBundle - Searching key=platform
[Test worker] DEBUG org.codehaus.griffon.runtime.core.PlatformHandlerProvider - Using org.codehaus.griffon.runtime.core.DefaultPlatformHandler as PlatformHandler
[Test worker] DEBUG org.codehaus.griffon.runtime.core.addon.AbstractAddonManager - Loading addons [START]
[Test worker] DEBUG griffon.util.AnnotationUtils - computed addon order is []
[Test worker] DEBUG org.codehaus.griffon.runtime.core.event.AbstractEventRouter - Triggering event 'LoadAddonsStart' synchronously
[Test worker] DEBUG org.codehaus.griffon.runtime.core.addon.AbstractAddonManager - Loading addons [END]
[Test worker] DEBUG org.codehaus.griffon.runtime.core.event.AbstractEventRouter - Triggering event 'LoadAddonsEnd' synchronously
[Test worker] TRACE griffon.util.CompositeResourceBundle - Searching key=mvcGroups
[Test worker] TRACE griffon.util.CompositeResourceBundle - Searching key=mvcGroups
[Test worker] DEBUG org.codehaus.griffon.runtime.core.event.AbstractEventRouter - Adding listener org.codehaus.griffon.runtime.core.DefaultApplicationConfigurer$3 on NewInstance
[Test worker] TRACE griffon.util.CompositeResourceBundle - Searching key=shiro.realm.resource.path
[Test worker] TRACE griffon.util.CompositeResourceBundle - Searching key=shiro
[Test worker] DEBUG org.apache.shiro.realm.text.PropertiesRealm - Loading user security information from file [classpath:shiro-users.properties]...
[Test worker] DEBUG org.apache.shiro.realm.text.PropertiesRealm - Opening input stream for path [classpath:shiro-users.properties]...
[Test worker] DEBUG org.apache.shiro.io.ResourceUtils - Opening resource from class path [shiro-users.properties]
[Test worker] DEBUG org.apache.shiro.realm.text.PropertiesRealm - Loading properties from path [classpath:shiro-users.properties]...
[Test worker] TRACE org.apache.shiro.realm.text.PropertiesRealm - Processing properties line - key: [user.joe], value: [joe,employee].
[Test worker] TRACE org.apache.shiro.realm.text.PropertiesRealm - Processing properties line - key: [user.bob], value: [bob,manager,employee].
[Test worker] TRACE org.apache.shiro.realm.text.PropertiesRealm - Processing properties line - key: [role.administrator], value: [*].
[Test worker] TRACE org.apache.shiro.realm.text.PropertiesRealm - Processing properties line - key: [role.manager], value: [user:write].
[Test worker] TRACE org.apache.shiro.realm.text.PropertiesRealm - Processing properties line - key: [user.root], value: [root,administrator,manager].
[Test worker] TRACE org.apache.shiro.realm.text.PropertiesRealm - Processing properties line - key: [role.employee], value: [user:read].
[Test worker] TRACE org.apache.shiro.util.ThreadContext - get() - in thread [Test worker]
[Test worker] TRACE org.apache.shiro.util.ThreadContext - Retrieved value of type [org.apache.shiro.subject.support.DelegatingSubject] for key [org.apache.shiro.util.ThreadContext_SUBJECT_KEY] bound to thread [Test worker]
[Test worker] TRACE griffon.util.CompositeResourceBundle - Searching key=griffon.controller.action.interceptor.order
[Test worker] TRACE griffon.util.CompositeResourceBundle - Searching key=griffon
[Test worker] DEBUG griffon.util.AnnotationUtils - Current interceptor order is [shiro]
[Test worker] TRACE griffon.util.AnnotationUtils - Processing interceptor 'shiro'
[Test worker] TRACE griffon.util.AnnotationUtils -   depends on '[]'
[Test worker] TRACE griffon.util.AnnotationUtils -   adding interceptor 'shiro', since all dependencies have been added
[Test worker] TRACE griffon.util.AnnotationUtils - interceptor dependency ordering complete
[Test worker] DEBUG griffon.util.AnnotationUtils - computed interceptor order is [shiro]
[Test worker] DEBUG org.codehaus.griffon.runtime.core.artifact.AbstractArtifactManager - Registering artifact handler for type 'model': org.codehaus.griffon.runtime.core.artifact.ModelArtifactHandler@3c4054f4
[Test worker] DEBUG org.codehaus.griffon.runtime.core.artifact.AbstractArtifactManager - Registering artifact handler for type 'view': org.codehaus.griffon.runtime.core.artifact.ViewArtifactHandler@23897e13
[Test worker] DEBUG org.codehaus.griffon.runtime.core.artifact.AbstractArtifactManager - Registering artifact handler for type 'controller': org.codehaus.griffon.runtime.core.artifact.ControllerArtifactHandler@17b4239f
[Test worker] DEBUG org.codehaus.griffon.runtime.core.artifact.AbstractArtifactManager - Registering artifact handler for type 'service': org.codehaus.griffon.runtime.core.artifact.ServiceArtifactHandler@338ea7e1
[Test worker] DEBUG griffon.util.ServiceLoaderUtils - Reading griffon.core.artifact.GriffonController definitions from file:/home/travis/build/griffon/griffon/plugins/griffon-shiro-plugin/build/classes/test/META-INF/griffon/griffon.core.artifact.GriffonController
[Test worker] DEBUG griffon.util.ServiceLoaderUtils - Reading griffon.core.artifact.GriffonModel definitions from file:/home/travis/build/griffon/griffon/plugins/griffon-shiro-plugin/build/classes/test/META-INF/griffon/griffon.core.artifact.GriffonModel
[Test worker] DEBUG org.codehaus.griffon.runtime.core.artifact.DefaultArtifactManager - Artifacts of type 'controller' = 1
[Test worker] DEBUG org.codehaus.griffon.runtime.core.artifact.DefaultArtifactManager - Artifacts of type 'model' = 1
[Test worker] TRACE org.codehaus.griffon.runtime.core.artifact.AbstractArtifactManager - InstanceBinding[source=griffon.core.artifact.GriffonClass, classifier=@griffon.inject.Typed(value=class com.acme.ShiroController), instance=Artifact[controller] > Shiro, singleton=true]
[Test worker] TRACE org.codehaus.griffon.runtime.core.artifact.AbstractArtifactManager - TargetBinding[source=com.acme.ShiroController, target=com.acme.ShiroController, singleton=false]
[Test worker] TRACE org.codehaus.griffon.runtime.core.artifact.AbstractArtifactManager - InstanceBinding[source=griffon.core.artifact.GriffonClass, classifier=@griffon.inject.Typed(value=class com.acme.ShiroModel), instance=Artifact[model] > Shiro, singleton=true]
[Test worker] TRACE org.codehaus.griffon.runtime.core.artifact.AbstractArtifactManager - TargetBinding[source=com.acme.ShiroModel, target=com.acme.ShiroModel, singleton=false]
[Test worker] DEBUG org.codehaus.griffon.runtime.core.event.AbstractEventRouter - Triggering event 'BootstrapEnd' synchronously
[Test worker] DEBUG org.codehaus.griffon.runtime.core.artifact.AbstractArtifactManager - Searching for griffonClass of com.acme.ShiroController
[Test worker] DEBUG org.codehaus.griffon.runtime.core.event.AbstractEventRouter - Triggering event 'NewInstance' synchronously
[Test worker] DEBUG org.codehaus.griffon.runtime.core.artifact.AbstractArtifactManager - Searching for griffonClass of com.acme.ShiroController
[Test worker] TRACE griffon.util.CompositeResourceBundle - Searching key=com.acme.ShiroController.action.Authenticated.name
[Test worker] TRACE griffon.util.CompositeResourceBundle - Searching key=application.action.Authenticated.name
[Test worker] TRACE org.codehaus.griffon.runtime.core.controller.AbstractActionManager - com.acme.ShiroController.action.Authenticated.name = Authenticated
[Test worker] DEBUG org.codehaus.griffon.runtime.core.controller.AbstractActionManager - Configuring action com.acme.ShiroController.authenticated with org.codehaus.griffon.runtime.shiro.ShiroActionInterceptor@314e60d2
[Test worker] TRACE org.codehaus.griffon.runtime.core.controller.AbstractActionManager - Action for com.acme.ShiroController.authenticated stored as authenticated
[Test worker] TRACE griffon.util.CompositeResourceBundle - Searching key=com.acme.ShiroController.action.Guest.name
[Test worker] TRACE griffon.util.CompositeResourceBundle - Searching key=application.action.Guest.name
[Test worker] TRACE org.codehaus.griffon.runtime.core.controller.AbstractActionManager - com.acme.ShiroController.action.Guest.name = Guest
[Test worker] DEBUG org.codehaus.griffon.runtime.core.controller.AbstractActionManager - Configuring action com.acme.ShiroController.guest with org.codehaus.griffon.runtime.shiro.ShiroActionInterceptor@314e60d2
[Test worker] TRACE org.codehaus.griffon.runtime.core.controller.AbstractActionManager - Action for com.acme.ShiroController.guest stored as guest
[Test worker] TRACE griffon.util.CompositeResourceBundle - Searching key=com.acme.ShiroController.action.Permissions.name
[Test worker] TRACE griffon.util.CompositeResourceBundle - Searching key=application.action.Permissions.name
[Test worker] TRACE org.codehaus.griffon.runtime.core.controller.AbstractActionManager - com.acme.ShiroController.action.Permissions.name = Permissions
[Test worker] DEBUG org.codehaus.griffon.runtime.core.controller.AbstractActionManager - Configuring action com.acme.ShiroController.permissions with org.codehaus.griffon.runtime.shiro.ShiroActionInterceptor@314e60d2
[Test worker] TRACE org.codehaus.griffon.runtime.core.controller.AbstractActionManager - Action for com.acme.ShiroController.permissions stored as permissions
[Test worker] TRACE griffon.util.CompositeResourceBundle - Searching key=com.acme.ShiroController.action.Roles.name
[Test worker] TRACE griffon.util.CompositeResourceBundle - Searching key=application.action.Roles.name
[Test worker] TRACE org.codehaus.griffon.runtime.core.controller.AbstractActionManager - com.acme.ShiroController.action.Roles.name = Roles
[Test worker] DEBUG org.codehaus.griffon.runtime.core.controller.AbstractActionManager - Configuring action com.acme.ShiroController.roles with org.codehaus.griffon.runtime.shiro.ShiroActionInterceptor@314e60d2
[Test worker] TRACE org.codehaus.griffon.runtime.core.controller.AbstractActionManager - Action for com.acme.ShiroController.roles stored as roles
[Test worker] TRACE griffon.util.CompositeResourceBundle - Searching key=com.acme.ShiroController.action.User.name
[Test worker] TRACE griffon.util.CompositeResourceBundle - Searching key=application.action.User.name
[Test worker] TRACE org.codehaus.griffon.runtime.core.controller.AbstractActionManager - com.acme.ShiroController.action.User.name = User
[Test worker] DEBUG org.codehaus.griffon.runtime.core.controller.AbstractActionManager - Configuring action com.acme.ShiroController.user with org.codehaus.griffon.runtime.shiro.ShiroActionInterceptor@314e60d2
[Test worker] TRACE org.codehaus.griffon.runtime.core.controller.AbstractActionManager - Action for com.acme.ShiroController.user stored as user
[Test worker] DEBUG org.codehaus.griffon.runtime.core.artifact.AbstractArtifactManager - Searching for griffonClass of com.acme.ShiroModel
[Test worker] DEBUG org.codehaus.griffon.runtime.core.event.AbstractEventRouter - Triggering event 'NewInstance' synchronously
[Test worker] TRACE org.apache.shiro.subject.support.DelegatingSubject - attempting to get session; create = false; session is null = true; session has id = false
[Test worker] TRACE org.apache.shiro.authc.AbstractAuthenticator - Authentication attempt received for token [org.apache.shiro.authc.UsernamePasswordToken - root, rememberMe=false]
[Test worker] DEBUG org.apache.shiro.realm.AuthenticatingRealm - Looked up AuthenticationInfo [root] from doGetAuthenticationInfo
[Test worker] DEBUG org.apache.shiro.realm.AuthenticatingRealm - AuthenticationInfo caching is disabled for info [root].  Submitted token: [org.apache.shiro.authc.UsernamePasswordToken - root, rememberMe=false].
[Test worker] DEBUG org.apache.shiro.authc.credential.SimpleCredentialsMatcher - Performing credentials equality check for tokenCredentials of type [[C and accountCredentials of type [java.lang.String]
[Test worker] DEBUG org.apache.shiro.authc.credential.SimpleCredentialsMatcher - Both credentials arguments can be easily converted to byte arrays.  Performing array equals comparison
[Test worker] DEBUG org.apache.shiro.authc.AbstractAuthenticator - Authentication successful for token [org.apache.shiro.authc.UsernamePasswordToken - root, rememberMe=false].  Returned account [root]
[Test worker] DEBUG org.apache.shiro.subject.support.DefaultSubjectContext - No SecurityManager available in subject context map.  Falling back to SecurityUtils.getSecurityManager() lookup.
[Test worker] TRACE org.apache.shiro.util.ThreadContext - get() - in thread [Test worker]
[Test worker] TRACE org.apache.shiro.mgt.DefaultSecurityManager - Context already contains a SecurityManager instance.  Returning.
[Test worker] TRACE org.apache.shiro.subject.support.DelegatingSubject - attempting to get session; create = false; session is null = true; session has id = false
[Test worker] DEBUG org.apache.shiro.subject.support.DefaultSubjectContext - No SecurityManager available in subject context map.  Falling back to SecurityUtils.getSecurityManager() lookup.
[Test worker] TRACE org.apache.shiro.util.ThreadContext - get() - in thread [Test worker]
[Test worker] TRACE org.apache.shiro.subject.support.DelegatingSubject - attempting to get session; create = false; session is null = true; session has id = false
[Test worker] TRACE org.apache.shiro.subject.support.DelegatingSubject - attempting to get session; create = false; session is null = true; session has id = false
[Test worker] TRACE org.apache.shiro.subject.support.DelegatingSubject - attempting to get session; create = false; session is null = true; session has id = false
[Test worker] TRACE org.apache.shiro.subject.support.DelegatingSubject - attempting to get session; create = false; session is null = true; session has id = false
[Test worker] TRACE org.apache.shiro.subject.support.DelegatingSubject - attempting to get session; create = false; session is null = true; session has id = false
[Test worker] TRACE org.apache.shiro.subject.support.DelegatingSubject - attempting to get session; create = false; session is null = true; session has id = false
[Test worker] TRACE org.apache.shiro.subject.support.DelegatingSubject - attempting to get session; create = true; session is null = true; session has id = false
[Test worker] TRACE org.apache.shiro.subject.support.DelegatingSubject - Starting session for host null
[Test worker] DEBUG org.apache.shiro.session.mgt.AbstractValidatingSessionManager - No sessionValidationScheduler set.  Attempting to create default instance.
[Test worker] TRACE org.apache.shiro.session.mgt.AbstractValidatingSessionManager - Created default SessionValidationScheduler instance of type [org.apache.shiro.session.mgt.ExecutorServiceSessionValidationScheduler].
[Test worker] INFO org.apache.shiro.session.mgt.AbstractValidatingSessionManager - Enabling session validation scheduler...
[Test worker] TRACE org.apache.shiro.session.mgt.DefaultSessionManager - Creating session for host null
[Test worker] DEBUG org.apache.shiro.session.mgt.DefaultSessionManager - Creating new EIS record for new session instance [org.apache.shiro.session.mgt.SimpleSession,id=null]
[Test worker] TRACE org.apache.shiro.session.mgt.AbstractValidatingSessionManager - Attempting to retrieve session with key org.apache.shiro.session.mgt.DefaultSessionKey@7b7a12c4
[Test worker] TRACE org.apache.shiro.subject.support.DelegatingSubject - attempting to get session; create = false; session is null = false; session has id = true
[Test worker] TRACE org.apache.shiro.session.mgt.AbstractValidatingSessionManager - Attempting to retrieve session with key org.apache.shiro.session.mgt.DefaultSessionKey@7b7a12c4
[Test worker] TRACE org.apache.shiro.session.mgt.AbstractValidatingSessionManager - Attempting to retrieve session with key org.apache.shiro.session.mgt.DefaultSessionKey@7b7a12c4
[Test worker] TRACE org.apache.shiro.mgt.DefaultSecurityManager - This org.apache.shiro.mgt.DefaultSecurityManager instance does not have a [org.apache.shiro.mgt.RememberMeManager] instance configured.  RememberMe services will not be performed for account [root].
[Test worker] TRACE org.apache.shiro.subject.support.DelegatingSubject - attempting to get session; create = false; session is null = false; session has id = true
[Test worker] TRACE griffon.util.CompositeResourceBundle - Searching key=griffon.disable.threading.injection
[Test worker] TRACE griffon.util.CompositeResourceBundle - Searching key=griffon
[Test worker] DEBUG org.codehaus.griffon.runtime.core.controller.AbstractActionManager - Executing com.acme.ShiroController.authenticated with policy OUTSIDE_UITHREAD
[Test worker] DEBUG org.codehaus.griffon.runtime.core.controller.AbstractActionManager - Executing 1 interceptor for com.acme.ShiroController.authenticated
[Test worker] TRACE org.codehaus.griffon.runtime.core.controller.AbstractActionManager - Calling org.codehaus.griffon.runtime.shiro.ShiroActionInterceptor@314e60d2.before() on com.acme.ShiroController.authenticated
[Test worker] DEBUG org.codehaus.griffon.runtime.shiro.ShiroActionInterceptor - Evaluating security requirement RequirementConfiguration{requirement=AUTHENTICATION, values=[], logical=AND}
[Test worker] TRACE org.codehaus.griffon.runtime.core.controller.AbstractActionManager - Status before execution of com.acme.ShiroController.authenticated is OK
[Test worker] TRACE org.codehaus.griffon.runtime.core.controller.AbstractActionManager - Status after execution of com.acme.ShiroController.authenticated is OK
[Test worker] TRACE org.codehaus.griffon.runtime.core.controller.AbstractActionManager - Calling org.codehaus.griffon.runtime.shiro.ShiroActionInterceptor@314e60d2.after() on com.acme.ShiroController.authenticated
[Test worker] TRACE org.apache.shiro.subject.support.DelegatingSubject - attempting to get session; create = false; session is null = false; session has id = true
[Test worker] TRACE org.apache.shiro.session.mgt.AbstractValidatingSessionManager - Attempting to retrieve session with key org.apache.shiro.session.mgt.DefaultSessionKey@7b7a12c4
[Test worker] TRACE org.apache.shiro.subject.support.DelegatingSubject - attempting to get session; create = false; session is null = false; session has id = true
[Test worker] TRACE org.apache.shiro.session.mgt.AbstractValidatingSessionManager - Attempting to retrieve session with key org.apache.shiro.session.mgt.DefaultSessionKey@7b7a12c4
[Test worker] DEBUG org.apache.shiro.mgt.DefaultSecurityManager - Logging out subject with primary principal root
[Test worker] TRACE org.apache.shiro.realm.CachingRealm - Cleared cache entries for account with principals [root]
[Test worker] TRACE org.apache.shiro.subject.support.DelegatingSubject - attempting to get session; create = false; session is null = false; session has id = true
[Test worker] TRACE org.apache.shiro.session.mgt.AbstractValidatingSessionManager - Attempting to retrieve session with key org.apache.shiro.session.mgt.DefaultSessionKey@7b7a12c4
[Test worker] TRACE org.apache.shiro.session.mgt.AbstractValidatingSessionManager - Attempting to retrieve session with key org.apache.shiro.session.mgt.DefaultSessionKey@7b7a12c4
[Test worker] TRACE org.apache.shiro.subject.support.DelegatingSubject - attempting to get session; create = false; session is null = false; session has id = true
[Test worker] TRACE org.apache.shiro.session.mgt.AbstractValidatingSessionManager - Attempting to retrieve session with key org.apache.shiro.session.mgt.DefaultSessionKey@7b7a12c4
[Test worker] DEBUG org.apache.shiro.session.mgt.AbstractSessionManager - Stopping session with id [2eb57d14-464c-4860-8d10-ecc4bce5316d]
[Test worker] DEBUG org.codehaus.griffon.runtime.core.event.AbstractEventRouter - Triggering event 'ShutdownRequested' synchronously
[Test worker] INFO org.codehaus.griffon.runtime.core.DefaultGriffonApplication - Shutdown is in process
[Test worker] DEBUG org.codehaus.griffon.runtime.core.DefaultGriffonApplication - Shutdown stage 1: notify all event listeners
[Test worker] DEBUG org.codehaus.griffon.runtime.core.event.AbstractEventRouter - Adding listener org.codehaus.griffon.runtime.core.AbstractGriffonApplication$1 on ShutdownStart
[Test worker] DEBUG org.codehaus.griffon.runtime.core.event.AbstractEventRouter - Triggering event 'ShutdownStart' synchronously
[Test worker] DEBUG org.codehaus.griffon.runtime.core.DefaultGriffonApplication - Shutdown stage 2: notify all shutdown handlers
[Test worker] DEBUG org.codehaus.griffon.runtime.core.DefaultGriffonApplication - Shutdown stage 3: destroy all MVC groups
[Test worker] DEBUG org.codehaus.griffon.runtime.core.DefaultGriffonApplication - Shutdown stage 4: execute Shutdown script
[Test worker] TRACE griffon.util.CompositeResourceBundle - Searching key=application.lifecycle.handler.disable
[Test worker] TRACE griffon.util.CompositeResourceBundle - Searching key=application
[Test worker] INFO org.codehaus.griffon.runtime.core.DefaultApplicationBootstrapper - Griffon 2.0.0.BETA
[Test worker] INFO org.codehaus.griffon.runtime.core.DefaultApplicationBootstrapper - Build: 2014-06-20T11:04:31.572+0000
[Test worker] INFO org.codehaus.griffon.runtime.core.DefaultApplicationBootstrapper - JVM: 1.7.0_51 (Oracle Corporation 24.51-b03)
[Test worker] INFO org.codehaus.griffon.runtime.core.DefaultApplicationBootstrapper - OS: Linux 2.6.32-042stab079.5 amd64
[Test worker] DEBUG org.codehaus.griffon.runtime.core.DefaultApplicationBootstrapper - Creating module bindings
[Test worker] DEBUG griffon.util.AnnotationUtils - Current module order is [core, shiro, testApplicationBootstrapper$InnerClasses, testApplicationBootstrapper$Fields]
[Test worker] TRACE griffon.util.AnnotationUtils - Processing module 'core'
[Test worker] TRACE griffon.util.AnnotationUtils -   depends on '[]'
[Test worker] TRACE griffon.util.AnnotationUtils -   adding module 'core', since all dependencies have been added
[Test worker] TRACE griffon.util.AnnotationUtils - Processing module 'shiro'
[Test worker] TRACE griffon.util.AnnotationUtils -   depends on '[]'
[Test worker] TRACE griffon.util.AnnotationUtils -   adding module 'shiro', since all dependencies have been added
[Test worker] TRACE griffon.util.AnnotationUtils - Processing module 'testApplicationBootstrapper$InnerClasses'
[Test worker] TRACE griffon.util.AnnotationUtils -   depends on '[]'
[Test worker] TRACE griffon.util.AnnotationUtils -   adding module 'testApplicationBootstrapper$InnerClasses', since all dependencies have been added
[Test worker] TRACE griffon.util.AnnotationUtils - Processing module 'testApplicationBootstrapper$Fields'
[Test worker] TRACE griffon.util.AnnotationUtils -   depends on '[]'
[Test worker] TRACE griffon.util.AnnotationUtils -   adding module 'testApplicationBootstrapper$Fields', since all dependencies have been added
[Test worker] TRACE griffon.util.AnnotationUtils - module dependency ordering complete
[Test worker] DEBUG griffon.util.AnnotationUtils - computed module order is [core, shiro, testApplicationBootstrapper$InnerClasses, testApplicationBootstrapper$Fields]
[Test worker] DEBUG org.codehaus.griffon.runtime.core.DefaultApplicationBootstrapper - Loading module bindings from core:org.codehaus.griffon.runtime.core.DefaultApplicationModule@6641fdcf
[Test worker] DEBUG org.codehaus.griffon.runtime.core.DefaultApplicationBootstrapper - Loading module bindings from shiro:org.codehaus.griffon.runtime.shiro.ShiroModule@767e557b
[Test worker] DEBUG org.codehaus.griffon.runtime.core.DefaultApplicationBootstrapper - Loading module bindings from testApplicationBootstrapper$InnerClasses:org.codehaus.griffon.runtime.core.TestApplicationBootstrapper$InnerClassesModule@601e3b03
[Test worker] DEBUG org.codehaus.griffon.runtime.core.DefaultApplicationBootstrapper - Loading module bindings from testApplicationBootstrapper$Fields:org.codehaus.griffon.runtime.core.TestApplicationBootstrapper$FieldsModule@60b47341
[Test worker] TRACE org.codehaus.griffon.runtime.core.DefaultApplicationBootstrapper - InstanceBinding[source=griffon.core.GriffonApplication, instance=org.codehaus.griffon.runtime.core.DefaultGriffonApplication@610ba2d1, singleton=true]
[Test worker] TRACE org.codehaus.griffon.runtime.core.DefaultApplicationBootstrapper - TargetBinding[source=griffon.core.ApplicationClassLoader, target=org.codehaus.griffon.runtime.core.DefaultApplicationClassLoader, singleton=true]
[Test worker] TRACE org.codehaus.griffon.runtime.core.DefaultApplicationBootstrapper - TargetBinding[source=griffon.core.ApplicationConfigurer, target=org.codehaus.griffon.runtime.core.DefaultApplicationConfigurer, singleton=true]
[Test worker] TRACE org.codehaus.griffon.runtime.core.DefaultApplicationBootstrapper - TargetBinding[source=griffon.core.resources.ResourceHandler, target=org.codehaus.griffon.runtime.core.resources.DefaultResourceHandler, singleton=true]
[Test worker] TRACE org.codehaus.griffon.runtime.core.DefaultApplicationBootstrapper - TargetBinding[source=griffon.util.CompositeResourceBundleBuilder, target=org.codehaus.griffon.runtime.util.DefaultCompositeResourceBundleBuilder, singleton=true]
[Test worker] TRACE org.codehaus.griffon.runtime.core.DefaultApplicationBootstrapper - ProviderBinding[source=java.util.ResourceBundle, classifier=@javax.inject.Named(value=applicationResourceBundle), provider=org.codehaus.griffon.runtime.util.ResourceBundleProvider@42ee791d, singleton=true]
[Test worker] TRACE org.codehaus.griffon.runtime.core.DefaultApplicationBootstrapper - TargetBinding[source=griffon.core.Configuration, target=org.codehaus.griffon.runtime.core.DefaultConfiguration, singleton=true]
[Test worker] TRACE org.codehaus.griffon.runtime.core.DefaultApplicationBootstrapper - TargetBinding[source=griffon.core.ExecutorServiceManager, target=org.codehaus.griffon.runtime.core.DefaultExecutorServiceManager, singleton=true]
[Test worker] TRACE org.codehaus.griffon.runtime.core.DefaultApplicationBootstrapper - TargetBinding[source=griffon.core.event.EventRouter, classifier=@javax.inject.Named(value=applicationEventRouter), target=org.codehaus.griffon.runtime.core.event.DefaultEventRouter, singleton=true]
[Test worker] TRACE org.codehaus.griffon.runtime.core.DefaultApplicationBootstrapper - TargetBinding[source=griffon.core.event.EventRouter, target=org.codehaus.griffon.runtime.core.event.DefaultEventRouter, singleton=false]
[Test worker] TRACE org.codehaus.griffon.runtime.core.DefaultApplicationBootstrapper - ProviderBinding[source=griffon.core.resources.ResourceResolver, classifier=@javax.inject.Named(value=applicationResourceResolver), provider=org.codehaus.griffon.runtime.core.resources.ResourceResolverProvider@3651813f, singleton=true]
[Test worker] TRACE org.codehaus.griffon.runtime.core.DefaultApplicationBootstrapper - ProviderBinding[source=griffon.core.i18n.MessageSource, classifier=@javax.inject.Named(value=applicationMessageSource), provider=org.codehaus.griffon.runtime.core.i18n.MessageSourceProvider@20fc6af5, singleton=true]
[Test worker] TRACE org.codehaus.griffon.runtime.core.DefaultApplicationBootstrapper - TargetBinding[source=griffon.core.resources.ResourceInjector, classifier=@javax.inject.Named(value=applicationResourceInjector), target=org.codehaus.griffon.runtime.core.resources.DefaultApplicationResourceInjector, singleton=true]
[Test worker] TRACE org.codehaus.griffon.runtime.core.DefaultApplicationBootstrapper - TargetBinding[source=griffon.core.threading.UIThreadManager, target=org.codehaus.griffon.runtime.core.threading.DefaultUIThreadManager, singleton=true]
[Test worker] TRACE org.codehaus.griffon.runtime.core.DefaultApplicationBootstrapper - TargetBinding[source=griffon.core.mvc.MVCGroupManager, target=org.codehaus.griffon.runtime.core.mvc.DefaultMVCGroupManager, singleton=true]
[Test worker] TRACE org.codehaus.griffon.runtime.core.DefaultApplicationBootstrapper - ProviderBinding[source=griffon.core.LifecycleHandler, classifier=@javax.inject.Named(value=Initialize), provider=org.codehaus.griffon.runtime.core.LifecycleHandlerProvider@1bd20bbe, singleton=true]
[Test worker] TRACE org.codehaus.griffon.runtime.core.DefaultApplicationBootstrapper - ProviderBinding[source=griffon.core.LifecycleHandler, classifier=@javax.inject.Named(value=Startup), provider=org.codehaus.griffon.runtime.core.LifecycleHandlerProvider@7b00f536, singleton=true]
[Test worker] TRACE org.codehaus.griffon.runtime.core.DefaultApplicationBootstrapper - ProviderBinding[source=griffon.core.LifecycleHandler, classifier=@javax.inject.Named(value=Ready), provider=org.codehaus.griffon.runtime.core.LifecycleHandlerProvider@7be2eb50, singleton=true]
[Test worker] TRACE org.codehaus.griffon.runtime.core.DefaultApplicationBootstrapper - ProviderBinding[source=griffon.core.LifecycleHandler, classifier=@javax.inject.Named(value=Shutdown), provider=org.codehaus.griffon.runtime.core.LifecycleHandlerProvider@6ec710ba, singleton=true]
[Test worker] TRACE org.codehaus.griffon.runtime.core.DefaultApplicationBootstrapper - ProviderBinding[source=griffon.core.LifecycleHandler, classifier=@javax.inject.Named(value=Stop), provider=org.codehaus.griffon.runtime.core.LifecycleHandlerProvider@4f1b5c27, singleton=true]
[Test worker] TRACE org.codehaus.griffon.runtime.core.DefaultApplicationBootstrapper - TargetBinding[source=griffon.core.view.WindowManager, target=org.codehaus.griffon.runtime.core.view.NoopWindowManager, singleton=true]
[Test worker] TRACE org.codehaus.griffon.runtime.core.DefaultApplicationBootstrapper - TargetBinding[source=griffon.core.controller.ActionManager, target=org.codehaus.griffon.runtime.core.controller.DefaultActionManager, singleton=true]
[Test worker] TRACE org.codehaus.griffon.runtime.core.DefaultApplicationBootstrapper - TargetBinding[source=griffon.core.artifact.ArtifactManager, target=org.codehaus.griffon.runtime.core.artifact.DefaultArtifactManager, singleton=true]
[Test worker] TRACE org.codehaus.griffon.runtime.core.DefaultApplicationBootstrapper - TargetBinding[source=griffon.core.artifact.ArtifactHandler, classifier=@griffon.inject.Typed(value=interface griffon.core.artifact.GriffonModel), target=org.codehaus.griffon.runtime.core.artifact.ModelArtifactHandler, singleton=true]
[Test worker] TRACE org.codehaus.griffon.runtime.core.DefaultApplicationBootstrapper - TargetBinding[source=griffon.core.artifact.ArtifactHandler, classifier=@griffon.inject.Typed(value=interface griffon.core.artifact.GriffonView), target=org.codehaus.griffon.runtime.core.artifact.ViewArtifactHandler, singleton=true]
[Test worker] TRACE org.codehaus.griffon.runtime.core.DefaultApplicationBootstrapper - TargetBinding[source=griffon.core.artifact.ArtifactHandler, classifier=@griffon.inject.Typed(value=interface griffon.core.artifact.GriffonController), target=org.codehaus.griffon.runtime.core.artifact.ControllerArtifactHandler, singleton=true]
[Test worker] TRACE org.codehaus.griffon.runtime.core.DefaultApplicationBootstrapper - TargetBinding[source=griffon.core.artifact.ArtifactHandler, classifier=@griffon.inject.Typed(value=interface griffon.core.artifact.GriffonService), target=org.codehaus.griffon.runtime.core.artifact.ServiceArtifactHandler, singleton=true]
[Test worker] TRACE org.codehaus.griffon.runtime.core.DefaultApplicationBootstrapper - ProviderTypeBinding[source=griffon.core.PlatformHandler, providerType=class org.codehaus.griffon.runtime.core.PlatformHandlerProvider, singleton=true]
[Test worker] TRACE org.codehaus.griffon.runtime.core.DefaultApplicationBootstrapper - TargetBinding[source=griffon.core.addon.AddonManager, target=org.codehaus.griffon.runtime.core.addon.DefaultAddonManager, singleton=true]
[Test worker] TRACE org.codehaus.griffon.runtime.core.DefaultApplicationBootstrapper - TargetBinding[source=griffon.core.event.EventHandler, target=org.codehaus.griffon.runtime.core.event.DefaultEventHandler, singleton=true]
[Test worker] TRACE org.codehaus.griffon.runtime.core.DefaultApplicationBootstrapper - TargetBinding[source=griffon.core.GriffonExceptionHandler, target=griffon.core.GriffonExceptionHandler, singleton=true]
[Test worker] TRACE org.codehaus.griffon.runtime.core.DefaultApplicationBootstrapper - ProviderTypeBinding[source=org.apache.shiro.mgt.SecurityManager, providerType=class org.codehaus.griffon.runtime.shiro.SecurityManagerProvider, singleton=true]
[Test worker] TRACE org.codehaus.griffon.runtime.core.DefaultApplicationBootstrapper - ProviderTypeBinding[source=org.apache.shiro.subject.Subject, providerType=class org.codehaus.griffon.runtime.shiro.SubjectProvider, singleton=true]
[Test worker] TRACE org.codehaus.griffon.runtime.core.DefaultApplicationBootstrapper - TargetBinding[source=griffon.plugins.shiro.SecurityFailureHandler, target=org.codehaus.griffon.runtime.shiro.DefaultSecurityFailureHandler, singleton=true]
[Test worker] TRACE org.codehaus.griffon.runtime.core.DefaultApplicationBootstrapper - TargetBinding[source=griffon.core.controller.ActionInterceptor, target=org.codehaus.griffon.runtime.shiro.ShiroActionInterceptor, singleton=true]
[Test worker] DEBUG org.codehaus.griffon.runtime.core.DefaultApplicationBootstrapper - Creating application injector
[Test worker] DEBUG org.codehaus.griffon.runtime.core.DefaultApplicationBootstrapper - Injector will be created by org.codehaus.griffon.runtime.injection.GuiceInjectorFactory@2bc25a1d
[Test worker] DEBUG org.codehaus.griffon.runtime.core.event.AbstractEventRouter - Adding listener org.codehaus.griffon.runtime.core.MVCGroupExceptionHandler on UncaughtMVCGroupConfigurationException
[Test worker] DEBUG org.codehaus.griffon.runtime.core.event.AbstractEventRouter - Adding listener org.codehaus.griffon.runtime.core.MVCGroupExceptionHandler on UncaughtMVCGroupInstantiationException
[Test worker] DEBUG org.codehaus.griffon.runtime.core.event.AbstractEventRouter - Triggering event 'BootstrapStart' synchronously
[Test worker] DEBUG griffon.util.ServiceLoaderUtils - Reading java.beans.PropertyEditor definitions from jar:file:/home/travis/build/griffon/griffon/subprojects/griffon-core/build/libs/griffon-core-2.0.0.BETA.jar!/META-INF/editors/java.beans.PropertyEditor
[Test worker] DEBUG org.codehaus.griffon.runtime.core.DefaultApplicationConfigurer - Registering griffon.core.editors.StringPropertyEditor as editor for java.lang.String
[Test worker] DEBUG org.codehaus.griffon.runtime.core.DefaultApplicationConfigurer - Registering griffon.core.editors.FilePropertyEditor as editor for java.io.File
[Test worker] DEBUG org.codehaus.griffon.runtime.core.DefaultApplicationConfigurer - Registering griffon.core.editors.URLPropertyEditor as editor for java.net.URL
[Test worker] DEBUG org.codehaus.griffon.runtime.core.DefaultApplicationConfigurer - Registering griffon.core.editors.URIPropertyEditor as editor for java.net.URI
[Test worker] DEBUG org.codehaus.griffon.runtime.core.DefaultApplicationConfigurer - Registering griffon.core.editors.BigDecimalPropertyEditor as editor for java.math.BigDecimal
[Test worker] DEBUG org.codehaus.griffon.runtime.core.DefaultApplicationConfigurer - Registering griffon.core.editors.BigIntegerPropertyEditor as editor for java.math.BigInteger
[Test worker] DEBUG org.codehaus.griffon.runtime.core.DefaultApplicationConfigurer - Registering griffon.core.editors.BooleanPropertyEditor as editor for java.lang.Boolean
[Test worker] DEBUG org.codehaus.griffon.runtime.core.DefaultApplicationConfigurer - Registering griffon.core.editors.BytePropertyEditor as editor for java.lang.Byte
[Test worker] DEBUG org.codehaus.griffon.runtime.core.DefaultApplicationConfigurer - Registering griffon.core.editors.ShortPropertyEditor as editor for java.lang.Short
[Test worker] DEBUG org.codehaus.griffon.runtime.core.DefaultApplicationConfigurer - Registering griffon.core.editors.IntegerPropertyEditor as editor for java.lang.Integer
[Test worker] DEBUG org.codehaus.griffon.runtime.core.DefaultApplicationConfigurer - Registering griffon.core.editors.LongPropertyEditor as editor for java.lang.Long
[Test worker] DEBUG org.codehaus.griffon.runtime.core.DefaultApplicationConfigurer - Registering griffon.core.editors.FloatPropertyEditor as editor for java.lang.Float
[Test worker] DEBUG org.codehaus.griffon.runtime.core.DefaultApplicationConfigurer - Registering griffon.core.editors.DoublePropertyEditor as editor for java.lang.Double
[Test worker] DEBUG org.codehaus.griffon.runtime.core.DefaultApplicationConfigurer - Registering griffon.core.editors.CalendarPropertyEditor as editor for java.util.Calendar
[Test worker] DEBUG org.codehaus.griffon.runtime.core.DefaultApplicationConfigurer - Registering griffon.core.editors.DatePropertyEditor as editor for java.util.Date
[Test worker] DEBUG org.codehaus.griffon.runtime.core.DefaultApplicationConfigurer - Registering griffon.core.editors.BooleanPropertyEditor as editor for boolean
[Test worker] DEBUG org.codehaus.griffon.runtime.core.DefaultApplicationConfigurer - Registering griffon.core.editors.BytePropertyEditor as editor for byte
[Test worker] DEBUG org.codehaus.griffon.runtime.core.DefaultApplicationConfigurer - Registering griffon.core.editors.ShortPropertyEditor as editor for short
[Test worker] DEBUG org.codehaus.griffon.runtime.core.DefaultApplicationConfigurer - Registering griffon.core.editors.IntegerPropertyEditor as editor for int
[Test worker] DEBUG org.codehaus.griffon.runtime.core.DefaultApplicationConfigurer - Registering griffon.core.editors.LongPropertyEditor as editor for long
[Test worker] DEBUG org.codehaus.griffon.runtime.core.DefaultApplicationConfigurer - Registering griffon.core.editors.FloatPropertyEditor as editor for float
[Test worker] DEBUG org.codehaus.griffon.runtime.core.DefaultApplicationConfigurer - Registering griffon.core.editors.DoublePropertyEditor as editor for double
[Test worker] DEBUG org.codehaus.griffon.runtime.core.event.AbstractEventRouter - Adding listener org.codehaus.griffon.runtime.core.DefaultApplicationConfigurer$2 on NewInstance
[Test worker] TRACE griffon.util.CompositeResourceBundle - Searching key=application.lifecycle.handler.disable
[Test worker] TRACE griffon.util.CompositeResourceBundle - Searching key=application
[Test worker] TRACE griffon.util.CompositeResourceBundle - Searching key=platform.handler.linux64
[Test worker] TRACE griffon.util.CompositeResourceBundle - Searching key=platform
[Test worker] DEBUG org.codehaus.griffon.runtime.core.PlatformHandlerProvider - Using org.codehaus.griffon.runtime.core.DefaultPlatformHandler as PlatformHandler
[Test worker] DEBUG org.codehaus.griffon.runtime.core.addon.AbstractAddonManager - Loading addons [START]
[Test worker] DEBUG griffon.util.AnnotationUtils - computed addon order is []
[Test worker] DEBUG org.codehaus.griffon.runtime.core.event.AbstractEventRouter - Triggering event 'LoadAddonsStart' synchronously
[Test worker] DEBUG org.codehaus.griffon.runtime.core.addon.AbstractAddonManager - Loading addons [END]
[Test worker] DEBUG org.codehaus.griffon.runtime.core.event.AbstractEventRouter - Triggering event 'LoadAddonsEnd' synchronously
[Test worker] TRACE griffon.util.CompositeResourceBundle - Searching key=mvcGroups
[Test worker] TRACE griffon.util.CompositeResourceBundle - Searching key=mvcGroups
[Test worker] DEBUG org.codehaus.griffon.runtime.core.event.AbstractEventRouter - Adding listener org.codehaus.griffon.runtime.core.DefaultApplicationConfigurer$3 on NewInstance
[Test worker] TRACE griffon.util.CompositeResourceBundle - Searching key=shiro.realm.resource.path
[Test worker] TRACE griffon.util.CompositeResourceBundle - Searching key=shiro
[Test worker] DEBUG org.apache.shiro.realm.text.PropertiesRealm - Loading user security information from file [classpath:shiro-users.properties]...
[Test worker] DEBUG org.apache.shiro.realm.text.PropertiesRealm - Opening input stream for path [classpath:shiro-users.properties]...
[Test worker] DEBUG org.apache.shiro.io.ResourceUtils - Opening resource from class path [shiro-users.properties]
[Test worker] DEBUG org.apache.shiro.realm.text.PropertiesRealm - Loading properties from path [classpath:shiro-users.properties]...
[Test worker] TRACE org.apache.shiro.realm.text.PropertiesRealm - Processing properties line - key: [user.joe], value: [joe,employee].
[Test worker] TRACE org.apache.shiro.realm.text.PropertiesRealm - Processing properties line - key: [user.bob], value: [bob,manager,employee].
[Test worker] TRACE org.apache.shiro.realm.text.PropertiesRealm - Processing properties line - key: [role.administrator], value: [*].
[Test worker] TRACE org.apache.shiro.realm.text.PropertiesRealm - Processing properties line - key: [role.manager], value: [user:write].
[Test worker] TRACE org.apache.shiro.realm.text.PropertiesRealm - Processing properties line - key: [user.root], value: [root,administrator,manager].
[Test worker] TRACE org.apache.shiro.realm.text.PropertiesRealm - Processing properties line - key: [role.employee], value: [user:read].
[Test worker] TRACE org.apache.shiro.util.ThreadContext - get() - in thread [Test worker]
[Test worker] TRACE org.apache.shiro.util.ThreadContext - Retrieved value of type [org.apache.shiro.subject.support.DelegatingSubject] for key [org.apache.shiro.util.ThreadContext_SUBJECT_KEY] bound to thread [Test worker]
[Test worker] TRACE griffon.util.CompositeResourceBundle - Searching key=griffon.controller.action.interceptor.order
[Test worker] TRACE griffon.util.CompositeResourceBundle - Searching key=griffon
[Test worker] DEBUG griffon.util.AnnotationUtils - Current interceptor order is [shiro]
[Test worker] TRACE griffon.util.AnnotationUtils - Processing interceptor 'shiro'
[Test worker] TRACE griffon.util.AnnotationUtils -   depends on '[]'
[Test worker] TRACE griffon.util.AnnotationUtils -   adding interceptor 'shiro', since all dependencies have been added
[Test worker] TRACE griffon.util.AnnotationUtils - interceptor dependency ordering complete
[Test worker] DEBUG griffon.util.AnnotationUtils - computed interceptor order is [shiro]
[Test worker] DEBUG org.codehaus.griffon.runtime.core.artifact.AbstractArtifactManager - Registering artifact handler for type 'model': org.codehaus.griffon.runtime.core.artifact.ModelArtifactHandler@434bc639
[Test worker] DEBUG org.codehaus.griffon.runtime.core.artifact.AbstractArtifactManager - Registering artifact handler for type 'view': org.codehaus.griffon.runtime.core.artifact.ViewArtifactHandler@23c2eab3
[Test worker] DEBUG org.codehaus.griffon.runtime.core.artifact.AbstractArtifactManager - Registering artifact handler for type 'controller': org.codehaus.griffon.runtime.core.artifact.ControllerArtifactHandler@51bea01c
[Test worker] DEBUG org.codehaus.griffon.runtime.core.artifact.AbstractArtifactManager - Registering artifact handler for type 'service': org.codehaus.griffon.runtime.core.artifact.ServiceArtifactHandler@3a01b831
[Test worker] DEBUG griffon.util.ServiceLoaderUtils - Reading griffon.core.artifact.GriffonController definitions from file:/home/travis/build/griffon/griffon/plugins/griffon-shiro-plugin/build/classes/test/META-INF/griffon/griffon.core.artifact.GriffonController
[Test worker] DEBUG griffon.util.ServiceLoaderUtils - Reading griffon.core.artifact.GriffonModel definitions from file:/home/travis/build/griffon/griffon/plugins/griffon-shiro-plugin/build/classes/test/META-INF/griffon/griffon.core.artifact.GriffonModel
[Test worker] DEBUG org.codehaus.griffon.runtime.core.artifact.DefaultArtifactManager - Artifacts of type 'controller' = 1
[Test worker] DEBUG org.codehaus.griffon.runtime.core.artifact.DefaultArtifactManager - Artifacts of type 'model' = 1
[Test worker] TRACE org.codehaus.griffon.runtime.core.artifact.AbstractArtifactManager - InstanceBinding[source=griffon.core.artifact.GriffonClass, classifier=@griffon.inject.Typed(value=class com.acme.ShiroController), instance=Artifact[controller] > Shiro, singleton=true]
[Test worker] TRACE org.codehaus.griffon.runtime.core.artifact.AbstractArtifactManager - TargetBinding[source=com.acme.ShiroController, target=com.acme.ShiroController, singleton=false]
[Test worker] TRACE org.codehaus.griffon.runtime.core.artifact.AbstractArtifactManager - InstanceBinding[source=griffon.core.artifact.GriffonClass, classifier=@griffon.inject.Typed(value=class com.acme.ShiroModel), instance=Artifact[model] > Shiro, singleton=true]
[Test worker] TRACE org.codehaus.griffon.runtime.core.artifact.AbstractArtifactManager - TargetBinding[source=com.acme.ShiroModel, target=com.acme.ShiroModel, singleton=false]
[Test worker] DEBUG org.codehaus.griffon.runtime.core.event.AbstractEventRouter - Triggering event 'BootstrapEnd' synchronously
[Test worker] DEBUG org.codehaus.griffon.runtime.core.artifact.AbstractArtifactManager - Searching for griffonClass of com.acme.ShiroController
[Test worker] DEBUG org.codehaus.griffon.runtime.core.event.AbstractEventRouter - Triggering event 'NewInstance' synchronously
[Test worker] DEBUG org.codehaus.griffon.runtime.core.artifact.AbstractArtifactManager - Searching for griffonClass of com.acme.ShiroController
[Test worker] TRACE griffon.util.CompositeResourceBundle - Searching key=com.acme.ShiroController.action.Authenticated.name
[Test worker] TRACE griffon.util.CompositeResourceBundle - Searching key=application.action.Authenticated.name
[Test worker] TRACE org.codehaus.griffon.runtime.core.controller.AbstractActionManager - com.acme.ShiroController.action.Authenticated.name = Authenticated
[Test worker] DEBUG org.codehaus.griffon.runtime.core.controller.AbstractActionManager - Configuring action com.acme.ShiroController.authenticated with org.codehaus.griffon.runtime.shiro.ShiroActionInterceptor@274e30c7
[Test worker] TRACE org.codehaus.griffon.runtime.core.controller.AbstractActionManager - Action for com.acme.ShiroController.authenticated stored as authenticated
[Test worker] TRACE griffon.util.CompositeResourceBundle - Searching key=com.acme.ShiroController.action.Guest.name
[Test worker] TRACE griffon.util.CompositeResourceBundle - Searching key=application.action.Guest.name
[Test worker] TRACE org.codehaus.griffon.runtime.core.controller.AbstractActionManager - com.acme.ShiroController.action.Guest.name = Guest
[Test worker] DEBUG org.codehaus.griffon.runtime.core.controller.AbstractActionManager - Configuring action com.acme.ShiroController.guest with org.codehaus.griffon.runtime.shiro.ShiroActionInterceptor@274e30c7
[Test worker] TRACE org.codehaus.griffon.runtime.core.controller.AbstractActionManager - Action for com.acme.ShiroController.guest stored as guest
[Test worker] TRACE griffon.util.CompositeResourceBundle - Searching key=com.acme.ShiroController.action.Permissions.name
[Test worker] TRACE griffon.util.CompositeResourceBundle - Searching key=application.action.Permissions.name
[Test worker] TRACE org.codehaus.griffon.runtime.core.controller.AbstractActionManager - com.acme.ShiroController.action.Permissions.name = Permissions
[Test worker] DEBUG org.codehaus.griffon.runtime.core.controller.AbstractActionManager - Configuring action com.acme.ShiroController.permissions with org.codehaus.griffon.runtime.shiro.ShiroActionInterceptor@274e30c7
[Test worker] TRACE org.codehaus.griffon.runtime.core.controller.AbstractActionManager - Action for com.acme.ShiroController.permissions stored as permissions
[Test worker] TRACE griffon.util.CompositeResourceBundle - Searching key=com.acme.ShiroController.action.Roles.name
[Test worker] TRACE griffon.util.CompositeResourceBundle - Searching key=application.action.Roles.name
[Test worker] TRACE org.codehaus.griffon.runtime.core.controller.AbstractActionManager - com.acme.ShiroController.action.Roles.name = Roles
[Test worker] DEBUG org.codehaus.griffon.runtime.core.controller.AbstractActionManager - Configuring action com.acme.ShiroController.roles with org.codehaus.griffon.runtime.shiro.ShiroActionInterceptor@274e30c7
[Test worker] TRACE org.codehaus.griffon.runtime.core.controller.AbstractActionManager - Action for com.acme.ShiroController.roles stored as roles
[Test worker] TRACE griffon.util.CompositeResourceBundle - Searching key=com.acme.ShiroController.action.User.name
[Test worker] TRACE griffon.util.CompositeResourceBundle - Searching key=application.action.User.name
[Test worker] TRACE org.codehaus.griffon.runtime.core.controller.AbstractActionManager - com.acme.ShiroController.action.User.name = User
[Test worker] DEBUG org.codehaus.griffon.runtime.core.controller.AbstractActionManager - Configuring action com.acme.ShiroController.user with org.codehaus.griffon.runtime.shiro.ShiroActionInterceptor@274e30c7
[Test worker] TRACE org.codehaus.griffon.runtime.core.controller.AbstractActionManager - Action for com.acme.ShiroController.user stored as user
[Test worker] DEBUG org.codehaus.griffon.runtime.core.artifact.AbstractArtifactManager - Searching for griffonClass of com.acme.ShiroModel
[Test worker] DEBUG org.codehaus.griffon.runtime.core.event.AbstractEventRouter - Triggering event 'NewInstance' synchronously
[Test worker] TRACE org.apache.shiro.subject.support.DelegatingSubject - attempting to get session; create = false; session is null = true; session has id = false
[Test worker] TRACE org.apache.shiro.authc.AbstractAuthenticator - Authentication attempt received for token [org.apache.shiro.authc.UsernamePasswordToken - root, rememberMe=false]
[Test worker] DEBUG org.apache.shiro.realm.AuthenticatingRealm - Looked up AuthenticationInfo [root] from doGetAuthenticationInfo
[Test worker] DEBUG org.apache.shiro.realm.AuthenticatingRealm - AuthenticationInfo caching is disabled for info [root].  Submitted token: [org.apache.shiro.authc.UsernamePasswordToken - root, rememberMe=false].
[Test worker] DEBUG org.apache.shiro.authc.credential.SimpleCredentialsMatcher - Performing credentials equality check for tokenCredentials of type [[C and accountCredentials of type [java.lang.String]
[Test worker] DEBUG org.apache.shiro.authc.credential.SimpleCredentialsMatcher - Both credentials arguments can be easily converted to byte arrays.  Performing array equals comparison
[Test worker] DEBUG org.apache.shiro.authc.AbstractAuthenticator - Authentication successful for token [org.apache.shiro.authc.UsernamePasswordToken - root, rememberMe=false].  Returned account [root]
[Test worker] DEBUG org.apache.shiro.subject.support.DefaultSubjectContext - No SecurityManager available in subject context map.  Falling back to SecurityUtils.getSecurityManager() lookup.
[Test worker] TRACE org.apache.shiro.util.ThreadContext - get() - in thread [Test worker]
[Test worker] TRACE org.apache.shiro.mgt.DefaultSecurityManager - Context already contains a SecurityManager instance.  Returning.
[Test worker] TRACE org.apache.shiro.subject.support.DelegatingSubject - attempting to get session; create = false; session is null = true; session has id = false
[Test worker] DEBUG org.apache.shiro.subject.support.DefaultSubjectContext - No SecurityManager available in subject context map.  Falling back to SecurityUtils.getSecurityManager() lookup.
[Test worker] TRACE org.apache.shiro.util.ThreadContext - get() - in thread [Test worker]
[Test worker] TRACE org.apache.shiro.subject.support.DelegatingSubject - attempting to get session; create = false; session is null = true; session has id = false
[Test worker] TRACE org.apache.shiro.subject.support.DelegatingSubject - attempting to get session; create = false; session is null = true; session has id = false
[Test worker] TRACE org.apache.shiro.subject.support.DelegatingSubject - attempting to get session; create = false; session is null = true; session has id = false
[Test worker] TRACE org.apache.shiro.subject.support.DelegatingSubject - attempting to get session; create = false; session is null = true; session has id = false
[Test worker] TRACE org.apache.shiro.subject.support.DelegatingSubject - attempting to get session; create = false; session is null = true; session has id = false
[Test worker] TRACE org.apache.shiro.subject.support.DelegatingSubject - attempting to get session; create = false; session is null = true; session has id = false
[Test worker] TRACE org.apache.shiro.subject.support.DelegatingSubject - attempting to get session; create = true; session is null = true; session has id = false
[Test worker] TRACE org.apache.shiro.subject.support.DelegatingSubject - Starting session for host null
[Test worker] DEBUG org.apache.shiro.session.mgt.AbstractValidatingSessionManager - No sessionValidationScheduler set.  Attempting to create default instance.
[Test worker] TRACE org.apache.shiro.session.mgt.AbstractValidatingSessionManager - Created default SessionValidationScheduler instance of type [org.apache.shiro.session.mgt.ExecutorServiceSessionValidationScheduler].
[Test worker] INFO org.apache.shiro.session.mgt.AbstractValidatingSessionManager - Enabling session validation scheduler...
[Test worker] TRACE org.apache.shiro.session.mgt.DefaultSessionManager - Creating session for host null
[Test worker] DEBUG org.apache.shiro.session.mgt.DefaultSessionManager - Creating new EIS record for new session instance [org.apache.shiro.session.mgt.SimpleSession,id=null]
[Test worker] TRACE org.apache.shiro.session.mgt.AbstractValidatingSessionManager - Attempting to retrieve session with key org.apache.shiro.session.mgt.DefaultSessionKey@219ad440
[Test worker] TRACE org.apache.shiro.subject.support.DelegatingSubject - attempting to get session; create = false; session is null = false; session has id = true
[Test worker] TRACE org.apache.shiro.session.mgt.AbstractValidatingSessionManager - Attempting to retrieve session with key org.apache.shiro.session.mgt.DefaultSessionKey@219ad440
[Test worker] TRACE org.apache.shiro.session.mgt.AbstractValidatingSessionManager - Attempting to retrieve session with key org.apache.shiro.session.mgt.DefaultSessionKey@219ad440
[Test worker] TRACE org.apache.shiro.mgt.DefaultSecurityManager - This org.apache.shiro.mgt.DefaultSecurityManager instance does not have a [org.apache.shiro.mgt.RememberMeManager] instance configured.  RememberMe services will not be performed for account [root].
[Test worker] TRACE org.apache.shiro.subject.support.DelegatingSubject - attempting to get session; create = false; session is null = false; session has id = true
[Test worker] TRACE griffon.util.CompositeResourceBundle - Searching key=griffon.disable.threading.injection
[Test worker] TRACE griffon.util.CompositeResourceBundle - Searching key=griffon
[Test worker] DEBUG org.codehaus.griffon.runtime.core.controller.AbstractActionManager - Executing com.acme.ShiroController.roles with policy OUTSIDE_UITHREAD
[Test worker] DEBUG org.codehaus.griffon.runtime.core.controller.AbstractActionManager - Executing 1 interceptor for com.acme.ShiroController.roles
[Test worker] TRACE org.codehaus.griffon.runtime.core.controller.AbstractActionManager - Calling org.codehaus.griffon.runtime.shiro.ShiroActionInterceptor@274e30c7.before() on com.acme.ShiroController.roles
[Test worker] DEBUG org.codehaus.griffon.runtime.shiro.ShiroActionInterceptor - Evaluating security requirement RequirementConfiguration{requirement=ROLES, values=[manager], logical=AND}
[Test worker] TRACE org.apache.shiro.subject.support.DelegatingSubject - attempting to get session; create = false; session is null = false; session has id = true
[Test worker] TRACE org.apache.shiro.session.mgt.AbstractValidatingSessionManager - Attempting to retrieve session with key org.apache.shiro.session.mgt.DefaultSessionKey@219ad440
[Test worker] TRACE org.apache.shiro.subject.support.DelegatingSubject - attempting to get session; create = false; session is null = false; session has id = true
[Test worker] TRACE org.apache.shiro.session.mgt.AbstractValidatingSessionManager - Attempting to retrieve session with key org.apache.shiro.session.mgt.DefaultSessionKey@219ad440
[Test worker] TRACE org.apache.shiro.realm.AuthorizingRealm - Retrieving AuthorizationInfo for principals [root]
[Test worker] TRACE org.codehaus.griffon.runtime.core.controller.AbstractActionManager - Status before execution of com.acme.ShiroController.roles is OK
[Test worker] TRACE org.codehaus.griffon.runtime.core.controller.AbstractActionManager - Status after execution of com.acme.ShiroController.roles is OK
[Test worker] TRACE org.codehaus.griffon.runtime.core.controller.AbstractActionManager - Calling org.codehaus.griffon.runtime.shiro.ShiroActionInterceptor@274e30c7.after() on com.acme.ShiroController.roles
[Test worker] TRACE org.apache.shiro.subject.support.DelegatingSubject - attempting to get session; create = false; session is null = false; session has id = true
[Test worker] TRACE org.apache.shiro.session.mgt.AbstractValidatingSessionManager - Attempting to retrieve session with key org.apache.shiro.session.mgt.DefaultSessionKey@219ad440
[Test worker] TRACE org.apache.shiro.subject.support.DelegatingSubject - attempting to get session; create = false; session is null = false; session has id = true
[Test worker] TRACE org.apache.shiro.session.mgt.AbstractValidatingSessionManager - Attempting to retrieve session with key org.apache.shiro.session.mgt.DefaultSessionKey@219ad440
[Test worker] DEBUG org.apache.shiro.mgt.DefaultSecurityManager - Logging out subject with primary principal root
[Test worker] TRACE org.apache.shiro.realm.CachingRealm - Cleared cache entries for account with principals [root]
[Test worker] TRACE org.apache.shiro.subject.support.DelegatingSubject - attempting to get session; create = false; session is null = false; session has id = true
[Test worker] TRACE org.apache.shiro.session.mgt.AbstractValidatingSessionManager - Attempting to retrieve session with key org.apache.shiro.session.mgt.DefaultSessionKey@219ad440
[Test worker] TRACE org.apache.shiro.session.mgt.AbstractValidatingSessionManager - Attempting to retrieve session with key org.apache.shiro.session.mgt.DefaultSessionKey@219ad440
[Test worker] TRACE org.apache.shiro.subject.support.DelegatingSubject - attempting to get session; create = false; session is null = false; session has id = true
[Test worker] TRACE org.apache.shiro.session.mgt.AbstractValidatingSessionManager - Attempting to retrieve session with key org.apache.shiro.session.mgt.DefaultSessionKey@219ad440
[Test worker] DEBUG org.apache.shiro.session.mgt.AbstractSessionManager - Stopping session with id [52420404-2b4b-4823-a45b-893b149ebbbe]
[Test worker] DEBUG org.codehaus.griffon.runtime.core.event.AbstractEventRouter - Triggering event 'ShutdownRequested' synchronously
[Test worker] INFO org.codehaus.griffon.runtime.core.DefaultGriffonApplication - Shutdown is in process
[Test worker] DEBUG org.codehaus.griffon.runtime.core.DefaultGriffonApplication - Shutdown stage 1: notify all event listeners
[Test worker] DEBUG org.codehaus.griffon.runtime.core.event.AbstractEventRouter - Adding listener org.codehaus.griffon.runtime.core.AbstractGriffonApplication$1 on ShutdownStart
[Test worker] DEBUG org.codehaus.griffon.runtime.core.event.AbstractEventRouter - Triggering event 'ShutdownStart' synchronously
[Test worker] DEBUG org.codehaus.griffon.runtime.core.DefaultGriffonApplication - Shutdown stage 2: notify all shutdown handlers
[Test worker] DEBUG org.codehaus.griffon.runtime.core.DefaultGriffonApplication - Shutdown stage 3: destroy all MVC groups
[Test worker] DEBUG org.codehaus.griffon.runtime.core.DefaultGriffonApplication - Shutdown stage 4: execute Shutdown script
[Test worker] TRACE griffon.util.CompositeResourceBundle - Searching key=application.lifecycle.handler.disable
[Test worker] TRACE griffon.util.CompositeResourceBundle - Searching key=application
[Test worker] INFO org.codehaus.griffon.runtime.core.DefaultApplicationBootstrapper - Griffon 2.0.0.BETA
[Test worker] INFO org.codehaus.griffon.runtime.core.DefaultApplicationBootstrapper - Build: 2014-06-20T11:04:31.572+0000
[Test worker] INFO org.codehaus.griffon.runtime.core.DefaultApplicationBootstrapper - JVM: 1.7.0_51 (Oracle Corporation 24.51-b03)
[Test worker] INFO org.codehaus.griffon.runtime.core.DefaultApplicationBootstrapper - OS: Linux 2.6.32-042stab079.5 amd64
[Test worker] DEBUG org.codehaus.griffon.runtime.core.DefaultApplicationBootstrapper - Creating module bindings
[Test worker] DEBUG griffon.util.AnnotationUtils - Current module order is [core, shiro, testApplicationBootstrapper$InnerClasses, testApplicationBootstrapper$Fields]
[Test worker] TRACE griffon.util.AnnotationUtils - Processing module 'core'
[Test worker] TRACE griffon.util.AnnotationUtils -   depends on '[]'
[Test worker] TRACE griffon.util.AnnotationUtils -   adding module 'core', since all dependencies have been added
[Test worker] TRACE griffon.util.AnnotationUtils - Processing module 'shiro'
[Test worker] TRACE griffon.util.AnnotationUtils -   depends on '[]'
[Test worker] TRACE griffon.util.AnnotationUtils -   adding module 'shiro', since all dependencies have been added
[Test worker] TRACE griffon.util.AnnotationUtils - Processing module 'testApplicationBootstrapper$InnerClasses'
[Test worker] TRACE griffon.util.AnnotationUtils -   depends on '[]'
[Test worker] TRACE griffon.util.AnnotationUtils -   adding module 'testApplicationBootstrapper$InnerClasses', since all dependencies have been added
[Test worker] TRACE griffon.util.AnnotationUtils - Processing module 'testApplicationBootstrapper$Fields'
[Test worker] TRACE griffon.util.AnnotationUtils -   depends on '[]'
[Test worker] TRACE griffon.util.AnnotationUtils -   adding module 'testApplicationBootstrapper$Fields', since all dependencies have been added
[Test worker] TRACE griffon.util.AnnotationUtils - module dependency ordering complete
[Test worker] DEBUG griffon.util.AnnotationUtils - computed module order is [core, shiro, testApplicationBootstrapper$InnerClasses, testApplicationBootstrapper$Fields]
[Test worker] DEBUG org.codehaus.griffon.runtime.core.DefaultApplicationBootstrapper - Loading module bindings from core:org.codehaus.griffon.runtime.core.DefaultApplicationModule@28c3e91c
[Test worker] DEBUG org.codehaus.griffon.runtime.core.DefaultApplicationBootstrapper - Loading module bindings from shiro:org.codehaus.griffon.runtime.shiro.ShiroModule@55fd422c
[Test worker] DEBUG org.codehaus.griffon.runtime.core.DefaultApplicationBootstrapper - Loading module bindings from testApplicationBootstrapper$InnerClasses:org.codehaus.griffon.runtime.core.TestApplicationBootstrapper$InnerClassesModule@660382ce
[Test worker] DEBUG org.codehaus.griffon.runtime.core.DefaultApplicationBootstrapper - Loading module bindings from testApplicationBootstrapper$Fields:org.codehaus.griffon.runtime.core.TestApplicationBootstrapper$FieldsModule@7080d6b4
[Test worker] TRACE org.codehaus.griffon.runtime.core.DefaultApplicationBootstrapper - InstanceBinding[source=griffon.core.GriffonApplication, instance=org.codehaus.griffon.runtime.core.DefaultGriffonApplication@63334d7f, singleton=true]
[Test worker] TRACE org.codehaus.griffon.runtime.core.DefaultApplicationBootstrapper - TargetBinding[source=griffon.core.ApplicationClassLoader, target=org.codehaus.griffon.runtime.core.DefaultApplicationClassLoader, singleton=true]
[Test worker] TRACE org.codehaus.griffon.runtime.core.DefaultApplicationBootstrapper - TargetBinding[source=griffon.core.ApplicationConfigurer, target=org.codehaus.griffon.runtime.core.DefaultApplicationConfigurer, singleton=true]
[Test worker] TRACE org.codehaus.griffon.runtime.core.DefaultApplicationBootstrapper - TargetBinding[source=griffon.core.resources.ResourceHandler, target=org.codehaus.griffon.runtime.core.resources.DefaultResourceHandler, singleton=true]
[Test worker] TRACE org.codehaus.griffon.runtime.core.DefaultApplicationBootstrapper - TargetBinding[source=griffon.util.CompositeResourceBundleBuilder, target=org.codehaus.griffon.runtime.util.DefaultCompositeResourceBundleBuilder, singleton=true]
[Test worker] TRACE org.codehaus.griffon.runtime.core.DefaultApplicationBootstrapper - ProviderBinding[source=java.util.ResourceBundle, classifier=@javax.inject.Named(value=applicationResourceBundle), provider=org.codehaus.griffon.runtime.util.ResourceBundleProvider@3d24ffba, singleton=true]
[Test worker] TRACE org.codehaus.griffon.runtime.core.DefaultApplicationBootstrapper - TargetBinding[source=griffon.core.Configuration, target=org.codehaus.griffon.runtime.core.DefaultConfiguration, singleton=true]
[Test worker] TRACE org.codehaus.griffon.runtime.core.DefaultApplicationBootstrapper - TargetBinding[source=griffon.core.ExecutorServiceManager, target=org.codehaus.griffon.runtime.core.DefaultExecutorServiceManager, singleton=true]
[Test worker] TRACE org.codehaus.griffon.runtime.core.DefaultApplicationBootstrapper - TargetBinding[source=griffon.core.event.EventRouter, classifier=@javax.inject.Named(value=applicationEventRouter), target=org.codehaus.griffon.runtime.core.event.DefaultEventRouter, singleton=true]
[Test worker] TRACE org.codehaus.griffon.runtime.core.DefaultApplicationBootstrapper - TargetBinding[source=griffon.core.event.EventRouter, target=org.codehaus.griffon.runtime.core.event.DefaultEventRouter, singleton=false]
[Test worker] TRACE org.codehaus.griffon.runtime.core.DefaultApplicationBootstrapper - ProviderBinding[source=griffon.core.resources.ResourceResolver, classifier=@javax.inject.Named(value=applicationResourceResolver), provider=org.codehaus.griffon.runtime.core.resources.ResourceResolverProvider@48112bb2, singleton=true]
[Test worker] TRACE org.codehaus.griffon.runtime.core.DefaultApplicationBootstrapper - ProviderBinding[source=griffon.core.i18n.MessageSource, classifier=@javax.inject.Named(value=applicationMessageSource), provider=org.codehaus.griffon.runtime.core.i18n.MessageSourceProvider@5f4bd814, singleton=true]
[Test worker] TRACE org.codehaus.griffon.runtime.core.DefaultApplicationBootstrapper - TargetBinding[source=griffon.core.resources.ResourceInjector, classifier=@javax.inject.Named(value=applicationResourceInjector), target=org.codehaus.griffon.runtime.core.resources.DefaultApplicationResourceInjector, singleton=true]
[Test worker] TRACE org.codehaus.griffon.runtime.core.DefaultApplicationBootstrapper - TargetBinding[source=griffon.core.threading.UIThreadManager, target=org.codehaus.griffon.runtime.core.threading.DefaultUIThreadManager, singleton=true]
[Test worker] TRACE org.codehaus.griffon.runtime.core.DefaultApplicationBootstrapper - TargetBinding[source=griffon.core.mvc.MVCGroupManager, target=org.codehaus.griffon.runtime.core.mvc.DefaultMVCGroupManager, singleton=true]
[Test worker] TRACE org.codehaus.griffon.runtime.core.DefaultApplicationBootstrapper - ProviderBinding[source=griffon.core.LifecycleHandler, classifier=@javax.inject.Named(value=Initialize), provider=org.codehaus.griffon.runtime.core.LifecycleHandlerProvider@6c5739ec, singleton=true]
[Test worker] TRACE org.codehaus.griffon.runtime.core.DefaultApplicationBootstrapper - ProviderBinding[source=griffon.core.LifecycleHandler, classifier=@javax.inject.Named(value=Startup), provider=org.codehaus.griffon.runtime.core.LifecycleHandlerProvider@529bec85, singleton=true]
[Test worker] TRACE org.codehaus.griffon.runtime.core.DefaultApplicationBootstrapper - ProviderBinding[source=griffon.core.LifecycleHandler, classifier=@javax.inject.Named(value=Ready), provider=org.codehaus.griffon.runtime.core.LifecycleHandlerProvider@7ac53a21, singleton=true]
[Test worker] TRACE org.codehaus.griffon.runtime.core.DefaultApplicationBootstrapper - ProviderBinding[source=griffon.core.LifecycleHandler, classifier=@javax.inject.Named(value=Shutdown), provider=org.codehaus.griffon.runtime.core.LifecycleHandlerProvider@2a6b8b7f, singleton=true]
[Test worker] TRACE org.codehaus.griffon.runtime.core.DefaultApplicationBootstrapper - ProviderBinding[source=griffon.core.LifecycleHandler, classifier=@javax.inject.Named(value=Stop), provider=org.codehaus.griffon.runtime.core.LifecycleHandlerProvider@7a93549a, singleton=true]
[Test worker] TRACE org.codehaus.griffon.runtime.core.DefaultApplicationBootstrapper - TargetBinding[source=griffon.core.view.WindowManager, target=org.codehaus.griffon.runtime.core.view.NoopWindowManager, singleton=true]
[Test worker] TRACE org.codehaus.griffon.runtime.core.DefaultApplicationBootstrapper - TargetBinding[source=griffon.core.controller.ActionManager, target=org.codehaus.griffon.runtime.core.controller.DefaultActionManager, singleton=true]
[Test worker] TRACE org.codehaus.griffon.runtime.core.DefaultApplicationBootstrapper - TargetBinding[source=griffon.core.artifact.ArtifactManager, target=org.codehaus.griffon.runtime.core.artifact.DefaultArtifactManager, singleton=true]
[Test worker] TRACE org.codehaus.griffon.runtime.core.DefaultApplicationBootstrapper - TargetBinding[source=griffon.core.artifact.ArtifactHandler, classifier=@griffon.inject.Typed(value=interface griffon.core.artifact.GriffonModel), target=org.codehaus.griffon.runtime.core.artifact.ModelArtifactHandler, singleton=true]
[Test worker] TRACE org.codehaus.griffon.runtime.core.DefaultApplicationBootstrapper - TargetBinding[source=griffon.core.artifact.ArtifactHandler, classifier=@griffon.inject.Typed(value=interface griffon.core.artifact.GriffonView), target=org.codehaus.griffon.runtime.core.artifact.ViewArtifactHandler, singleton=true]
[Test worker] TRACE org.codehaus.griffon.runtime.core.DefaultApplicationBootstrapper - TargetBinding[source=griffon.core.artifact.ArtifactHandler, classifier=@griffon.inject.Typed(value=interface griffon.core.artifact.GriffonController), target=org.codehaus.griffon.runtime.core.artifact.ControllerArtifactHandler, singleton=true]
[Test worker] TRACE org.codehaus.griffon.runtime.core.DefaultApplicationBootstrapper - TargetBinding[source=griffon.core.artifact.ArtifactHandler, classifier=@griffon.inject.Typed(value=interface griffon.core.artifact.GriffonService), target=org.codehaus.griffon.runtime.core.artifact.ServiceArtifactHandler, singleton=true]
[Test worker] TRACE org.codehaus.griffon.runtime.core.DefaultApplicationBootstrapper - ProviderTypeBinding[source=griffon.core.PlatformHandler, providerType=class org.codehaus.griffon.runtime.core.PlatformHandlerProvider, singleton=true]
[Test worker] TRACE org.codehaus.griffon.runtime.core.DefaultApplicationBootstrapper - TargetBinding[source=griffon.core.addon.AddonManager, target=org.codehaus.griffon.runtime.core.addon.DefaultAddonManager, singleton=true]
[Test worker] TRACE org.codehaus.griffon.runtime.core.DefaultApplicationBootstrapper - TargetBinding[source=griffon.core.event.EventHandler, target=org.codehaus.griffon.runtime.core.event.DefaultEventHandler, singleton=true]
[Test worker] TRACE org.codehaus.griffon.runtime.core.DefaultApplicationBootstrapper - TargetBinding[source=griffon.core.GriffonExceptionHandler, target=griffon.core.GriffonExceptionHandler, singleton=true]
[Test worker] TRACE org.codehaus.griffon.runtime.core.DefaultApplicationBootstrapper - ProviderTypeBinding[source=org.apache.shiro.mgt.SecurityManager, providerType=class org.codehaus.griffon.runtime.shiro.SecurityManagerProvider, singleton=true]
[Test worker] TRACE org.codehaus.griffon.runtime.core.DefaultApplicationBootstrapper - ProviderTypeBinding[source=org.apache.shiro.subject.Subject, providerType=class org.codehaus.griffon.runtime.shiro.SubjectProvider, singleton=true]
[Test worker] TRACE org.codehaus.griffon.runtime.core.DefaultApplicationBootstrapper - TargetBinding[source=griffon.plugins.shiro.SecurityFailureHandler, target=org.codehaus.griffon.runtime.shiro.DefaultSecurityFailureHandler, singleton=true]
[Test worker] TRACE org.codehaus.griffon.runtime.core.DefaultApplicationBootstrapper - TargetBinding[source=griffon.core.controller.ActionInterceptor, target=org.codehaus.griffon.runtime.shiro.ShiroActionInterceptor, singleton=true]
[Test worker] DEBUG org.codehaus.griffon.runtime.core.DefaultApplicationBootstrapper - Creating application injector
[Test worker] DEBUG org.codehaus.griffon.runtime.core.DefaultApplicationBootstrapper - Injector will be created by org.codehaus.griffon.runtime.injection.GuiceInjectorFactory@7a6e9226
[Test worker] DEBUG org.codehaus.griffon.runtime.core.event.AbstractEventRouter - Adding listener org.codehaus.griffon.runtime.core.MVCGroupExceptionHandler on UncaughtMVCGroupConfigurationException
[Test worker] DEBUG org.codehaus.griffon.runtime.core.event.AbstractEventRouter - Adding listener org.codehaus.griffon.runtime.core.MVCGroupExceptionHandler on UncaughtMVCGroupInstantiationException
[Test worker] DEBUG org.codehaus.griffon.runtime.core.event.AbstractEventRouter - Triggering event 'BootstrapStart' synchronously
[Test worker] DEBUG griffon.util.ServiceLoaderUtils - Reading java.beans.PropertyEditor definitions from jar:file:/home/travis/build/griffon/griffon/subprojects/griffon-core/build/libs/griffon-core-2.0.0.BETA.jar!/META-INF/editors/java.beans.PropertyEditor
[Test worker] DEBUG org.codehaus.griffon.runtime.core.DefaultApplicationConfigurer - Registering griffon.core.editors.StringPropertyEditor as editor for java.lang.String
[Test worker] DEBUG org.codehaus.griffon.runtime.core.DefaultApplicationConfigurer - Registering griffon.core.editors.FilePropertyEditor as editor for java.io.File
[Test worker] DEBUG org.codehaus.griffon.runtime.core.DefaultApplicationConfigurer - Registering griffon.core.editors.URLPropertyEditor as editor for java.net.URL
[Test worker] DEBUG org.codehaus.griffon.runtime.core.DefaultApplicationConfigurer - Registering griffon.core.editors.URIPropertyEditor as editor for java.net.URI
[Test worker] DEBUG org.codehaus.griffon.runtime.core.DefaultApplicationConfigurer - Registering griffon.core.editors.BigDecimalPropertyEditor as editor for java.math.BigDecimal
[Test worker] DEBUG org.codehaus.griffon.runtime.core.DefaultApplicationConfigurer - Registering griffon.core.editors.BigIntegerPropertyEditor as editor for java.math.BigInteger
[Test worker] DEBUG org.codehaus.griffon.runtime.core.DefaultApplicationConfigurer - Registering griffon.core.editors.BooleanPropertyEditor as editor for java.lang.Boolean
[Test worker] DEBUG org.codehaus.griffon.runtime.core.DefaultApplicationConfigurer - Registering griffon.core.editors.BytePropertyEditor as editor for java.lang.Byte
[Test worker] DEBUG org.codehaus.griffon.runtime.core.DefaultApplicationConfigurer - Registering griffon.core.editors.ShortPropertyEditor as editor for java.lang.Short
[Test worker] DEBUG org.codehaus.griffon.runtime.core.DefaultApplicationConfigurer - Registering griffon.core.editors.IntegerPropertyEditor as editor for java.lang.Integer
[Test worker] DEBUG org.codehaus.griffon.runtime.core.DefaultApplicationConfigurer - Registering griffon.core.editors.LongPropertyEditor as editor for java.lang.Long
[Test worker] DEBUG org.codehaus.griffon.runtime.core.DefaultApplicationConfigurer - Registering griffon.core.editors.FloatPropertyEditor as editor for java.lang.Float
[Test worker] DEBUG org.codehaus.griffon.runtime.core.DefaultApplicationConfigurer - Registering griffon.core.editors.DoublePropertyEditor as editor for java.lang.Double
[Test worker] DEBUG org.codehaus.griffon.runtime.core.DefaultApplicationConfigurer - Registering griffon.core.editors.CalendarPropertyEditor as editor for java.util.Calendar
[Test worker] DEBUG org.codehaus.griffon.runtime.core.DefaultApplicationConfigurer - Registering griffon.core.editors.DatePropertyEditor as editor for java.util.Date
[Test worker] DEBUG org.codehaus.griffon.runtime.core.DefaultApplicationConfigurer - Registering griffon.core.editors.BooleanPropertyEditor as editor for boolean
[Test worker] DEBUG org.codehaus.griffon.runtime.core.DefaultApplicationConfigurer - Registering griffon.core.editors.BytePropertyEditor as editor for byte
[Test worker] DEBUG org.codehaus.griffon.runtime.core.DefaultApplicationConfigurer - Registering griffon.core.editors.ShortPropertyEditor as editor for short
[Test worker] DEBUG org.codehaus.griffon.runtime.core.DefaultApplicationConfigurer - Registering griffon.core.editors.IntegerPropertyEditor as editor for int
[Test worker] DEBUG org.codehaus.griffon.runtime.core.DefaultApplicationConfigurer - Registering griffon.core.editors.LongPropertyEditor as editor for long
[Test worker] DEBUG org.codehaus.griffon.runtime.core.DefaultApplicationConfigurer - Registering griffon.core.editors.FloatPropertyEditor as editor for float
[Test worker] DEBUG org.codehaus.griffon.runtime.core.DefaultApplicationConfigurer - Registering griffon.core.editors.DoublePropertyEditor as editor for double
[Test worker] DEBUG org.codehaus.griffon.runtime.core.event.AbstractEventRouter - Adding listener org.codehaus.griffon.runtime.core.DefaultApplicationConfigurer$2 on NewInstance
[Test worker] TRACE griffon.util.CompositeResourceBundle - Searching key=application.lifecycle.handler.disable
[Test worker] TRACE griffon.util.CompositeResourceBundle - Searching key=application
[Test worker] TRACE griffon.util.CompositeResourceBundle - Searching key=platform.handler.linux64
[Test worker] TRACE griffon.util.CompositeResourceBundle - Searching key=platform
[Test worker] DEBUG org.codehaus.griffon.runtime.core.PlatformHandlerProvider - Using org.codehaus.griffon.runtime.core.DefaultPlatformHandler as PlatformHandler
[Test worker] DEBUG org.codehaus.griffon.runtime.core.addon.AbstractAddonManager - Loading addons [START]
[Test worker] DEBUG griffon.util.AnnotationUtils - computed addon order is []
[Test worker] DEBUG org.codehaus.griffon.runtime.core.event.AbstractEventRouter - Triggering event 'LoadAddonsStart' synchronously
[Test worker] DEBUG org.codehaus.griffon.runtime.core.addon.AbstractAddonManager - Loading addons [END]
[Test worker] DEBUG org.codehaus.griffon.runtime.core.event.AbstractEventRouter - Triggering event 'LoadAddonsEnd' synchronously
[Test worker] TRACE griffon.util.CompositeResourceBundle - Searching key=mvcGroups
[Test worker] TRACE griffon.util.CompositeResourceBundle - Searching key=mvcGroups
[Test worker] DEBUG org.codehaus.griffon.runtime.core.event.AbstractEventRouter - Adding listener org.codehaus.griffon.runtime.core.DefaultApplicationConfigurer$3 on NewInstance
[Test worker] TRACE griffon.util.CompositeResourceBundle - Searching key=shiro.realm.resource.path
[Test worker] TRACE griffon.util.CompositeResourceBundle - Searching key=shiro
[Test worker] DEBUG org.apache.shiro.realm.text.PropertiesRealm - Loading user security information from file [classpath:shiro-users.properties]...
[Test worker] DEBUG org.apache.shiro.realm.text.PropertiesRealm - Opening input stream for path [classpath:shiro-users.properties]...
[Test worker] DEBUG org.apache.shiro.io.ResourceUtils - Opening resource from class path [shiro-users.properties]
[Test worker] DEBUG org.apache.shiro.realm.text.PropertiesRealm - Loading properties from path [classpath:shiro-users.properties]...
[Test worker] TRACE org.apache.shiro.realm.text.PropertiesRealm - Processing properties line - key: [user.joe], value: [joe,employee].
[Test worker] TRACE org.apache.shiro.realm.text.PropertiesRealm - Processing properties line - key: [user.bob], value: [bob,manager,employee].
[Test worker] TRACE org.apache.shiro.realm.text.PropertiesRealm - Processing properties line - key: [role.administrator], value: [*].
[Test worker] TRACE org.apache.shiro.realm.text.PropertiesRealm - Processing properties line - key: [role.manager], value: [user:write].
[Test worker] TRACE org.apache.shiro.realm.text.PropertiesRealm - Processing properties line - key: [user.root], value: [root,administrator,manager].
[Test worker] TRACE org.apache.shiro.realm.text.PropertiesRealm - Processing properties line - key: [role.employee], value: [user:read].
[Test worker] TRACE org.apache.shiro.util.ThreadContext - get() - in thread [Test worker]
[Test worker] TRACE org.apache.shiro.util.ThreadContext - Retrieved value of type [org.apache.shiro.subject.support.DelegatingSubject] for key [org.apache.shiro.util.ThreadContext_SUBJECT_KEY] bound to thread [Test worker]
[Test worker] TRACE griffon.util.CompositeResourceBundle - Searching key=griffon.controller.action.interceptor.order
[Test worker] TRACE griffon.util.CompositeResourceBundle - Searching key=griffon
[Test worker] DEBUG griffon.util.AnnotationUtils - Current interceptor order is [shiro]
[Test worker] TRACE griffon.util.AnnotationUtils - Processing interceptor 'shiro'
[Test worker] TRACE griffon.util.AnnotationUtils -   depends on '[]'
[Test worker] TRACE griffon.util.AnnotationUtils -   adding interceptor 'shiro', since all dependencies have been added
[Test worker] TRACE griffon.util.AnnotationUtils - interceptor dependency ordering complete
[Test worker] DEBUG griffon.util.AnnotationUtils - computed interceptor order is [shiro]
[Test worker] DEBUG org.codehaus.griffon.runtime.core.artifact.AbstractArtifactManager - Registering artifact handler for type 'model': org.codehaus.griffon.runtime.core.artifact.ModelArtifactHandler@4460ec09
[Test worker] DEBUG org.codehaus.griffon.runtime.core.artifact.AbstractArtifactManager - Registering artifact handler for type 'view': org.codehaus.griffon.runtime.core.artifact.ViewArtifactHandler@372865f1
[Test worker] DEBUG org.codehaus.griffon.runtime.core.artifact.AbstractArtifactManager - Registering artifact handler for type 'controller': org.codehaus.griffon.runtime.core.artifact.ControllerArtifactHandler@3d3ccd81
[Test worker] DEBUG org.codehaus.griffon.runtime.core.artifact.AbstractArtifactManager - Registering artifact handler for type 'service': org.codehaus.griffon.runtime.core.artifact.ServiceArtifactHandler@62d7ef8f
[Test worker] DEBUG griffon.util.ServiceLoaderUtils - Reading griffon.core.artifact.GriffonController definitions from file:/home/travis/build/griffon/griffon/plugins/griffon-shiro-plugin/build/classes/test/META-INF/griffon/griffon.core.artifact.GriffonController
[Test worker] DEBUG griffon.util.ServiceLoaderUtils - Reading griffon.core.artifact.GriffonModel definitions from file:/home/travis/build/griffon/griffon/plugins/griffon-shiro-plugin/build/classes/test/META-INF/griffon/griffon.core.artifact.GriffonModel
[Test worker] DEBUG org.codehaus.griffon.runtime.core.artifact.DefaultArtifactManager - Artifacts of type 'controller' = 1
[Test worker] DEBUG org.codehaus.griffon.runtime.core.artifact.DefaultArtifactManager - Artifacts of type 'model' = 1
[Test worker] TRACE org.codehaus.griffon.runtime.core.artifact.AbstractArtifactManager - InstanceBinding[source=griffon.core.artifact.GriffonClass, classifier=@griffon.inject.Typed(value=class com.acme.ShiroController), instance=Artifact[controller] > Shiro, singleton=true]
[Test worker] TRACE org.codehaus.griffon.runtime.core.artifact.AbstractArtifactManager - TargetBinding[source=com.acme.ShiroController, target=com.acme.ShiroController, singleton=false]
[Test worker] TRACE org.codehaus.griffon.runtime.core.artifact.AbstractArtifactManager - InstanceBinding[source=griffon.core.artifact.GriffonClass, classifier=@griffon.inject.Typed(value=class com.acme.ShiroModel), instance=Artifact[model] > Shiro, singleton=true]
[Test worker] TRACE org.codehaus.griffon.runtime.core.artifact.AbstractArtifactManager - TargetBinding[source=com.acme.ShiroModel, target=com.acme.ShiroModel, singleton=false]
[Test worker] DEBUG org.codehaus.griffon.runtime.core.event.AbstractEventRouter - Triggering event 'BootstrapEnd' synchronously
[Test worker] DEBUG org.codehaus.griffon.runtime.core.artifact.AbstractArtifactManager - Searching for griffonClass of com.acme.ShiroController
[Test worker] DEBUG org.codehaus.griffon.runtime.core.event.AbstractEventRouter - Triggering event 'NewInstance' synchronously
[Test worker] DEBUG org.codehaus.griffon.runtime.core.artifact.AbstractArtifactManager - Searching for griffonClass of com.acme.ShiroController
[Test worker] TRACE griffon.util.CompositeResourceBundle - Searching key=com.acme.ShiroController.action.Authenticated.name
[Test worker] TRACE griffon.util.CompositeResourceBundle - Searching key=application.action.Authenticated.name
[Test worker] TRACE org.codehaus.griffon.runtime.core.controller.AbstractActionManager - com.acme.ShiroController.action.Authenticated.name = Authenticated
[Test worker] DEBUG org.codehaus.griffon.runtime.core.controller.AbstractActionManager - Configuring action com.acme.ShiroController.authenticated with org.codehaus.griffon.runtime.shiro.ShiroActionInterceptor@3984dca0
[Test worker] TRACE org.codehaus.griffon.runtime.core.controller.AbstractActionManager - Action for com.acme.ShiroController.authenticated stored as authenticated
[Test worker] TRACE griffon.util.CompositeResourceBundle - Searching key=com.acme.ShiroController.action.Guest.name
[Test worker] TRACE griffon.util.CompositeResourceBundle - Searching key=application.action.Guest.name
[Test worker] TRACE org.codehaus.griffon.runtime.core.controller.AbstractActionManager - com.acme.ShiroController.action.Guest.name = Guest
[Test worker] DEBUG org.codehaus.griffon.runtime.core.controller.AbstractActionManager - Configuring action com.acme.ShiroController.guest with org.codehaus.griffon.runtime.shiro.ShiroActionInterceptor@3984dca0
[Test worker] TRACE org.codehaus.griffon.runtime.core.controller.AbstractActionManager - Action for com.acme.ShiroController.guest stored as guest
[Test worker] TRACE griffon.util.CompositeResourceBundle - Searching key=com.acme.ShiroController.action.Permissions.name
[Test worker] TRACE griffon.util.CompositeResourceBundle - Searching key=application.action.Permissions.name
[Test worker] TRACE org.codehaus.griffon.runtime.core.controller.AbstractActionManager - com.acme.ShiroController.action.Permissions.name = Permissions
[Test worker] DEBUG org.codehaus.griffon.runtime.core.controller.AbstractActionManager - Configuring action com.acme.ShiroController.permissions with org.codehaus.griffon.runtime.shiro.ShiroActionInterceptor@3984dca0
[Test worker] TRACE org.codehaus.griffon.runtime.core.controller.AbstractActionManager - Action for com.acme.ShiroController.permissions stored as permissions
[Test worker] TRACE griffon.util.CompositeResourceBundle - Searching key=com.acme.ShiroController.action.Roles.name
[Test worker] TRACE griffon.util.CompositeResourceBundle - Searching key=application.action.Roles.name
[Test worker] TRACE org.codehaus.griffon.runtime.core.controller.AbstractActionManager - com.acme.ShiroController.action.Roles.name = Roles
[Test worker] DEBUG org.codehaus.griffon.runtime.core.controller.AbstractActionManager - Configuring action com.acme.ShiroController.roles with org.codehaus.griffon.runtime.shiro.ShiroActionInterceptor@3984dca0
[Test worker] TRACE org.codehaus.griffon.runtime.core.controller.AbstractActionManager - Action for com.acme.ShiroController.roles stored as roles
[Test worker] TRACE griffon.util.CompositeResourceBundle - Searching key=com.acme.ShiroController.action.User.name
[Test worker] TRACE griffon.util.CompositeResourceBundle - Searching key=application.action.User.name
[Test worker] TRACE org.codehaus.griffon.runtime.core.controller.AbstractActionManager - com.acme.ShiroController.action.User.name = User
[Test worker] DEBUG org.codehaus.griffon.runtime.core.controller.AbstractActionManager - Configuring action com.acme.ShiroController.user with org.codehaus.griffon.runtime.shiro.ShiroActionInterceptor@3984dca0
[Test worker] TRACE org.codehaus.griffon.runtime.core.controller.AbstractActionManager - Action for com.acme.ShiroController.user stored as user
[Test worker] DEBUG org.codehaus.griffon.runtime.core.artifact.AbstractArtifactManager - Searching for griffonClass of com.acme.ShiroModel
[Test worker] DEBUG org.codehaus.griffon.runtime.core.event.AbstractEventRouter - Triggering event 'NewInstance' synchronously
[Test worker] TRACE org.apache.shiro.subject.support.DelegatingSubject - attempting to get session; create = false; session is null = true; session has id = false
[Test worker] TRACE org.apache.shiro.authc.AbstractAuthenticator - Authentication attempt received for token [org.apache.shiro.authc.UsernamePasswordToken - root, rememberMe=false]
[Test worker] DEBUG org.apache.shiro.realm.AuthenticatingRealm - Looked up AuthenticationInfo [root] from doGetAuthenticationInfo
[Test worker] DEBUG org.apache.shiro.realm.AuthenticatingRealm - AuthenticationInfo caching is disabled for info [root].  Submitted token: [org.apache.shiro.authc.UsernamePasswordToken - root, rememberMe=false].
[Test worker] DEBUG org.apache.shiro.authc.credential.SimpleCredentialsMatcher - Performing credentials equality check for tokenCredentials of type [[C and accountCredentials of type [java.lang.String]
[Test worker] DEBUG org.apache.shiro.authc.credential.SimpleCredentialsMatcher - Both credentials arguments can be easily converted to byte arrays.  Performing array equals comparison
[Test worker] DEBUG org.apache.shiro.authc.AbstractAuthenticator - Authentication successful for token [org.apache.shiro.authc.UsernamePasswordToken - root, rememberMe=false].  Returned account [root]
[Test worker] DEBUG org.apache.shiro.subject.support.DefaultSubjectContext - No SecurityManager available in subject context map.  Falling back to SecurityUtils.getSecurityManager() lookup.
[Test worker] TRACE org.apache.shiro.util.ThreadContext - get() - in thread [Test worker]
[Test worker] TRACE org.apache.shiro.mgt.DefaultSecurityManager - Context already contains a SecurityManager instance.  Returning.
[Test worker] TRACE org.apache.shiro.subject.support.DelegatingSubject - attempting to get session; create = false; session is null = true; session has id = false
[Test worker] DEBUG org.apache.shiro.subject.support.DefaultSubjectContext - No SecurityManager available in subject context map.  Falling back to SecurityUtils.getSecurityManager() lookup.
[Test worker] TRACE org.apache.shiro.util.ThreadContext - get() - in thread [Test worker]
[Test worker] TRACE org.apache.shiro.subject.support.DelegatingSubject - attempting to get session; create = false; session is null = true; session has id = false
[Test worker] TRACE org.apache.shiro.subject.support.DelegatingSubject - attempting to get session; create = false; session is null = true; session has id = false
[Test worker] TRACE org.apache.shiro.subject.support.DelegatingSubject - attempting to get session; create = false; session is null = true; session has id = false
[Test worker] TRACE org.apache.shiro.subject.support.DelegatingSubject - attempting to get session; create = false; session is null = true; session has id = false
[Test worker] TRACE org.apache.shiro.subject.support.DelegatingSubject - attempting to get session; create = false; session is null = true; session has id = false
[Test worker] TRACE org.apache.shiro.subject.support.DelegatingSubject - attempting to get session; create = false; session is null = true; session has id = false
[Test worker] TRACE org.apache.shiro.subject.support.DelegatingSubject - attempting to get session; create = true; session is null = true; session has id = false
[Test worker] TRACE org.apache.shiro.subject.support.DelegatingSubject - Starting session for host null
[Test worker] DEBUG org.apache.shiro.session.mgt.AbstractValidatingSessionManager - No sessionValidationScheduler set.  Attempting to create default instance.
[Test worker] TRACE org.apache.shiro.session.mgt.AbstractValidatingSessionManager - Created default SessionValidationScheduler instance of type [org.apache.shiro.session.mgt.ExecutorServiceSessionValidationScheduler].
[Test worker] INFO org.apache.shiro.session.mgt.AbstractValidatingSessionManager - Enabling session validation scheduler...
[Test worker] TRACE org.apache.shiro.session.mgt.DefaultSessionManager - Creating session for host null
[Test worker] DEBUG org.apache.shiro.session.mgt.DefaultSessionManager - Creating new EIS record for new session instance [org.apache.shiro.session.mgt.SimpleSession,id=null]
[Test worker] TRACE org.apache.shiro.session.mgt.AbstractValidatingSessionManager - Attempting to retrieve session with key org.apache.shiro.session.mgt.DefaultSessionKey@87355c8
[Test worker] TRACE org.apache.shiro.subject.support.DelegatingSubject - attempting to get session; create = false; session is null = false; session has id = true
[Test worker] TRACE org.apache.shiro.session.mgt.AbstractValidatingSessionManager - Attempting to retrieve session with key org.apache.shiro.session.mgt.DefaultSessionKey@87355c8
[Test worker] TRACE org.apache.shiro.session.mgt.AbstractValidatingSessionManager - Attempting to retrieve session with key org.apache.shiro.session.mgt.DefaultSessionKey@87355c8
[Test worker] TRACE org.apache.shiro.mgt.DefaultSecurityManager - This org.apache.shiro.mgt.DefaultSecurityManager instance does not have a [org.apache.shiro.mgt.RememberMeManager] instance configured.  RememberMe services will not be performed for account [root].
[Test worker] TRACE org.apache.shiro.subject.support.DelegatingSubject - attempting to get session; create = false; session is null = false; session has id = true
[Test worker] TRACE griffon.util.CompositeResourceBundle - Searching key=griffon.disable.threading.injection
[Test worker] TRACE griffon.util.CompositeResourceBundle - Searching key=griffon
[Test worker] DEBUG org.codehaus.griffon.runtime.core.controller.AbstractActionManager - Executing com.acme.ShiroController.permissions with policy OUTSIDE_UITHREAD
[Test worker] DEBUG org.codehaus.griffon.runtime.core.controller.AbstractActionManager - Executing 1 interceptor for com.acme.ShiroController.permissions
[Test worker] TRACE org.codehaus.griffon.runtime.core.controller.AbstractActionManager - Calling org.codehaus.griffon.runtime.shiro.ShiroActionInterceptor@3984dca0.before() on com.acme.ShiroController.permissions
[Test worker] DEBUG org.codehaus.griffon.runtime.shiro.ShiroActionInterceptor - Evaluating security requirement RequirementConfiguration{requirement=PERMISSIONS, values=[user:write], logical=AND}
[Test worker] TRACE org.apache.shiro.subject.support.DelegatingSubject - attempting to get session; create = false; session is null = false; session has id = true
[Test worker] TRACE org.apache.shiro.session.mgt.AbstractValidatingSessionManager - Attempting to retrieve session with key org.apache.shiro.session.mgt.DefaultSessionKey@87355c8
[Test worker] TRACE org.apache.shiro.subject.support.DelegatingSubject - attempting to get session; create = false; session is null = false; session has id = true
[Test worker] TRACE org.apache.shiro.session.mgt.AbstractValidatingSessionManager - Attempting to retrieve session with key org.apache.shiro.session.mgt.DefaultSessionKey@87355c8
[Test worker] TRACE org.apache.shiro.realm.AuthorizingRealm - Retrieving AuthorizationInfo for principals [root]
[Test worker] TRACE org.codehaus.griffon.runtime.core.controller.AbstractActionManager - Status before execution of com.acme.ShiroController.permissions is OK
[Test worker] TRACE org.codehaus.griffon.runtime.core.controller.AbstractActionManager - Status after execution of com.acme.ShiroController.permissions is OK
[Test worker] TRACE org.codehaus.griffon.runtime.core.controller.AbstractActionManager - Calling org.codehaus.griffon.runtime.shiro.ShiroActionInterceptor@3984dca0.after() on com.acme.ShiroController.permissions
[Test worker] TRACE org.apache.shiro.subject.support.DelegatingSubject - attempting to get session; create = false; session is null = false; session has id = true
[Test worker] TRACE org.apache.shiro.session.mgt.AbstractValidatingSessionManager - Attempting to retrieve session with key org.apache.shiro.session.mgt.DefaultSessionKey@87355c8
[Test worker] TRACE org.apache.shiro.subject.support.DelegatingSubject - attempting to get session; create = false; session is null = false; session has id = true
[Test worker] TRACE org.apache.shiro.session.mgt.AbstractValidatingSessionManager - Attempting to retrieve session with key org.apache.shiro.session.mgt.DefaultSessionKey@87355c8
[Test worker] DEBUG org.apache.shiro.mgt.DefaultSecurityManager - Logging out subject with primary principal root
[Test worker] TRACE org.apache.shiro.realm.CachingRealm - Cleared cache entries for account with principals [root]
[Test worker] TRACE org.apache.shiro.subject.support.DelegatingSubject - attempting to get session; create = false; session is null = false; session has id = true
[Test worker] TRACE org.apache.shiro.session.mgt.AbstractValidatingSessionManager - Attempting to retrieve session with key org.apache.shiro.session.mgt.DefaultSessionKey@87355c8
[Test worker] TRACE org.apache.shiro.session.mgt.AbstractValidatingSessionManager - Attempting to retrieve session with key org.apache.shiro.session.mgt.DefaultSessionKey@87355c8
[Test worker] TRACE org.apache.shiro.subject.support.DelegatingSubject - attempting to get session; create = false; session is null = false; session has id = true
[Test worker] TRACE org.apache.shiro.session.mgt.AbstractValidatingSessionManager - Attempting to retrieve session with key org.apache.shiro.session.mgt.DefaultSessionKey@87355c8
[Test worker] DEBUG org.apache.shiro.session.mgt.AbstractSessionManager - Stopping session with id [82fdc6bf-e4b6-4484-9d1b-c09ebe64aabc]
[Test worker] DEBUG org.codehaus.griffon.runtime.core.event.AbstractEventRouter - Triggering event 'ShutdownRequested' synchronously
[Test worker] INFO org.codehaus.griffon.runtime.core.DefaultGriffonApplication - Shutdown is in process
[Test worker] DEBUG org.codehaus.griffon.runtime.core.DefaultGriffonApplication - Shutdown stage 1: notify all event listeners
[Test worker] DEBUG org.codehaus.griffon.runtime.core.event.AbstractEventRouter - Adding listener org.codehaus.griffon.runtime.core.AbstractGriffonApplication$1 on ShutdownStart
[Test worker] DEBUG org.codehaus.griffon.runtime.core.event.AbstractEventRouter - Triggering event 'ShutdownStart' synchronously
[Test worker] DEBUG org.codehaus.griffon.runtime.core.DefaultGriffonApplication - Shutdown stage 2: notify all shutdown handlers
[Test worker] DEBUG org.codehaus.griffon.runtime.core.DefaultGriffonApplication - Shutdown stage 3: destroy all MVC groups
[Test worker] DEBUG org.codehaus.griffon.runtime.core.DefaultGriffonApplication - Shutdown stage 4: execute Shutdown script
[Test worker] TRACE griffon.util.CompositeResourceBundle - Searching key=application.lifecycle.handler.disable
[Test worker] TRACE griffon.util.CompositeResourceBundle - Searching key=application
]]></system-err>
</testsuite>
