<?xml version="1.0" encoding="UTF-8"?>
<testsuite name="org.codehaus.griffon.runtime.shiro.ShiroSpec" tests="20" failures="0" errors="0" timestamp="2014-03-07T17:28:20" hostname="testing-worker-linux-5-1-19517-linux-8-20297994" time="6.097">
  <properties/>
  <testcase name="Guest with guest has outcome guest" classname="org.codehaus.griffon.runtime.shiro.ShiroSpec" time="2.507"/>
  <testcase name="Guest with user has outcome null" classname="org.codehaus.griffon.runtime.shiro.ShiroSpec" time="0.336"/>
  <testcase name="Guest with authenticated has outcome null" classname="org.codehaus.griffon.runtime.shiro.ShiroSpec" time="0.303"/>
  <testcase name="Guest with roles has outcome null" classname="org.codehaus.griffon.runtime.shiro.ShiroSpec" time="0.256"/>
  <testcase name="Guest with permissions has outcome null" classname="org.codehaus.griffon.runtime.shiro.ShiroSpec" time="0.236"/>
  <testcase name="User bob with guest has outcome null" classname="org.codehaus.griffon.runtime.shiro.ShiroSpec" time="0.256"/>
  <testcase name="User bob with user has outcome null" classname="org.codehaus.griffon.runtime.shiro.ShiroSpec" time="0.197"/>
  <testcase name="User bob with authenticated has outcome authenticated" classname="org.codehaus.griffon.runtime.shiro.ShiroSpec" time="0.228"/>
  <testcase name="User bob with roles has outcome roles" classname="org.codehaus.griffon.runtime.shiro.ShiroSpec" time="0.211"/>
  <testcase name="User bob with permissions has outcome permissions" classname="org.codehaus.griffon.runtime.shiro.ShiroSpec" time="0.174"/>
  <testcase name="User joe with guest has outcome null" classname="org.codehaus.griffon.runtime.shiro.ShiroSpec" time="0.135"/>
  <testcase name="User joe with user has outcome null" classname="org.codehaus.griffon.runtime.shiro.ShiroSpec" time="0.129"/>
  <testcase name="User joe with authenticated has outcome authenticated" classname="org.codehaus.griffon.runtime.shiro.ShiroSpec" time="0.124"/>
  <testcase name="User joe with roles has outcome null" classname="org.codehaus.griffon.runtime.shiro.ShiroSpec" time="0.139"/>
  <testcase name="User joe with permissions has outcome null" classname="org.codehaus.griffon.runtime.shiro.ShiroSpec" time="0.136"/>
  <testcase name="User root with guest has outcome null" classname="org.codehaus.griffon.runtime.shiro.ShiroSpec" time="0.155"/>
  <testcase name="User root with user has outcome null" classname="org.codehaus.griffon.runtime.shiro.ShiroSpec" time="0.129"/>
  <testcase name="User root with authenticated has outcome authenticated" classname="org.codehaus.griffon.runtime.shiro.ShiroSpec" time="0.126"/>
  <testcase name="User root with roles has outcome roles" classname="org.codehaus.griffon.runtime.shiro.ShiroSpec" time="0.135"/>
  <testcase name="User root with permissions has outcome permissions" classname="org.codehaus.griffon.runtime.shiro.ShiroSpec" time="0.13"/>
  <system-out><![CDATA[]]></system-out>
  <system-err><![CDATA[[Test worker] INFO org.codehaus.griffon.runtime.core.DefaultApplicationBootstrapper - Griffon 2.0.0.SNAPSHOT
[Test worker] INFO org.codehaus.griffon.runtime.core.DefaultApplicationBootstrapper - Build: 2014-03-07T17:17:07.720+0000
[Test worker] INFO org.codehaus.griffon.runtime.core.DefaultApplicationBootstrapper - JVM: 1.7.0_51 (Oracle Corporation 24.51-b03)
[Test worker] INFO org.codehaus.griffon.runtime.core.DefaultApplicationBootstrapper - OS: Linux 2.6.32-042stab084.25 amd64
[Test worker] DEBUG org.codehaus.griffon.runtime.core.DefaultApplicationBootstrapper - Creating module bindings
[Test worker] DEBUG griffon.util.AnnotationUtils - Current module order is [core, shiro, testApplicationBootstrapper$InnerClasses, testApplicationBootstrapper$Fields]
[Test worker] TRACE griffon.util.AnnotationUtils - Processing module 'core'
[Test worker] TRACE griffon.util.AnnotationUtils -   depends on '[]'
[Test worker] TRACE griffon.util.AnnotationUtils -   adding module 'core', since all dependencies have been added
[Test worker] TRACE griffon.util.AnnotationUtils - Processing module 'shiro'
[Test worker] TRACE griffon.util.AnnotationUtils -   depends on '[]'
[Test worker] TRACE griffon.util.AnnotationUtils -   adding module 'shiro', since all dependencies have been added
[Test worker] TRACE griffon.util.AnnotationUtils - Processing module 'testApplicationBootstrapper$InnerClasses'
[Test worker] TRACE griffon.util.AnnotationUtils -   depends on '[]'
[Test worker] TRACE griffon.util.AnnotationUtils -   adding module 'testApplicationBootstrapper$InnerClasses', since all dependencies have been added
[Test worker] TRACE griffon.util.AnnotationUtils - Processing module 'testApplicationBootstrapper$Fields'
[Test worker] TRACE griffon.util.AnnotationUtils -   depends on '[]'
[Test worker] TRACE griffon.util.AnnotationUtils -   adding module 'testApplicationBootstrapper$Fields', since all dependencies have been added
[Test worker] TRACE griffon.util.AnnotationUtils - module dependency ordering complete
[Test worker] DEBUG griffon.util.AnnotationUtils - computed module order is [core, shiro, testApplicationBootstrapper$InnerClasses, testApplicationBootstrapper$Fields]
[Test worker] DEBUG org.codehaus.griffon.runtime.core.DefaultApplicationBootstrapper - Loading module bindings from core:org.codehaus.griffon.runtime.core.DefaultApplicationModule@37dd016f
[Test worker] DEBUG org.codehaus.griffon.runtime.core.DefaultApplicationBootstrapper - Loading module bindings from shiro:org.codehaus.griffon.runtime.shiro.ShiroModule@e893b10
[Test worker] DEBUG org.codehaus.griffon.runtime.core.DefaultApplicationBootstrapper - Loading module bindings from testApplicationBootstrapper$InnerClasses:org.codehaus.griffon.runtime.core.TestApplicationBootstrapper$InnerClassesModule@53849ee4
[Test worker] DEBUG org.codehaus.griffon.runtime.core.DefaultApplicationBootstrapper - Loading module bindings from testApplicationBootstrapper$Fields:org.codehaus.griffon.runtime.core.TestApplicationBootstrapper$FieldsModule@27dbb592
[Test worker] TRACE org.codehaus.griffon.runtime.core.DefaultApplicationBootstrapper - InstanceBinding[source=griffon.core.GriffonApplication, instance=org.codehaus.griffon.runtime.core.DefaultGriffonApplication@76d2796e, singleton=true]
[Test worker] TRACE org.codehaus.griffon.runtime.core.DefaultApplicationBootstrapper - TargetBinding[source=griffon.core.ApplicationClassLoader, target=org.codehaus.griffon.runtime.core.DefaultApplicationClassLoader, singleton=true]
[Test worker] TRACE org.codehaus.griffon.runtime.core.DefaultApplicationBootstrapper - TargetBinding[source=griffon.core.ApplicationConfigurer, target=org.codehaus.griffon.runtime.core.DefaultApplicationConfigurer, singleton=true]
[Test worker] TRACE org.codehaus.griffon.runtime.core.DefaultApplicationBootstrapper - TargetBinding[source=griffon.core.resources.ResourceHandler, target=org.codehaus.griffon.runtime.core.resources.DefaultResourceHandler, singleton=true]
[Test worker] TRACE org.codehaus.griffon.runtime.core.DefaultApplicationBootstrapper - TargetBinding[source=griffon.util.CompositeResourceBundleBuilder, target=org.codehaus.griffon.runtime.util.DefaultCompositeResourceBundleBuilder, singleton=true]
[Test worker] TRACE org.codehaus.griffon.runtime.core.DefaultApplicationBootstrapper - ProviderBinding[source=java.util.ResourceBundle, classifier=@javax.inject.Named(value=applicationResourceBundle), provider=org.codehaus.griffon.runtime.util.ResourceBundleProvider@742261b3, singleton=true]
[Test worker] TRACE org.codehaus.griffon.runtime.core.DefaultApplicationBootstrapper - TargetBinding[source=griffon.core.Configuration, target=org.codehaus.griffon.runtime.core.DefaultConfiguration, singleton=true]
[Test worker] TRACE org.codehaus.griffon.runtime.core.DefaultApplicationBootstrapper - TargetBinding[source=griffon.core.ExecutorServiceManager, target=org.codehaus.griffon.runtime.core.DefaultExecutorServiceManager, singleton=true]
[Test worker] TRACE org.codehaus.griffon.runtime.core.DefaultApplicationBootstrapper - TargetBinding[source=griffon.core.event.EventRouter, classifier=@javax.inject.Named(value=applicationEventRouter), target=org.codehaus.griffon.runtime.core.event.DefaultEventRouter, singleton=true]
[Test worker] TRACE org.codehaus.griffon.runtime.core.DefaultApplicationBootstrapper - TargetBinding[source=griffon.core.event.EventRouter, target=org.codehaus.griffon.runtime.core.event.DefaultEventRouter, singleton=false]
[Test worker] TRACE org.codehaus.griffon.runtime.core.DefaultApplicationBootstrapper - ProviderBinding[source=griffon.core.resources.ResourceResolver, classifier=@javax.inject.Named(value=applicationResourceResolver), provider=org.codehaus.griffon.runtime.core.resources.ResourceResolverProvider@7d3c6a55, singleton=true]
[Test worker] TRACE org.codehaus.griffon.runtime.core.DefaultApplicationBootstrapper - ProviderBinding[source=griffon.core.i18n.MessageSource, classifier=@javax.inject.Named(value=applicationMessageSource), provider=org.codehaus.griffon.runtime.core.i18n.MessageSourceProvider@96932af, singleton=true]
[Test worker] TRACE org.codehaus.griffon.runtime.core.DefaultApplicationBootstrapper - TargetBinding[source=griffon.core.resources.ResourceInjector, classifier=@javax.inject.Named(value=applicationResourceInjector), target=org.codehaus.griffon.runtime.core.resources.DefaultApplicationResourceInjector, singleton=true]
[Test worker] TRACE org.codehaus.griffon.runtime.core.DefaultApplicationBootstrapper - TargetBinding[source=griffon.core.threading.UIThreadManager, target=org.codehaus.griffon.runtime.core.threading.DefaultUIThreadManager, singleton=true]
[Test worker] TRACE org.codehaus.griffon.runtime.core.DefaultApplicationBootstrapper - TargetBinding[source=griffon.core.mvc.MVCGroupManager, target=org.codehaus.griffon.runtime.core.mvc.DefaultMVCGroupManager, singleton=true]
[Test worker] TRACE org.codehaus.griffon.runtime.core.DefaultApplicationBootstrapper - ProviderBinding[source=griffon.core.LifecycleHandler, classifier=@javax.inject.Named(value=Initialize), provider=org.codehaus.griffon.runtime.core.LifecycleHandlerProvider@597e83fc, singleton=true]
[Test worker] TRACE org.codehaus.griffon.runtime.core.DefaultApplicationBootstrapper - ProviderBinding[source=griffon.core.LifecycleHandler, classifier=@javax.inject.Named(value=Startup), provider=org.codehaus.griffon.runtime.core.LifecycleHandlerProvider@10b434b, singleton=true]
[Test worker] TRACE org.codehaus.griffon.runtime.core.DefaultApplicationBootstrapper - ProviderBinding[source=griffon.core.LifecycleHandler, classifier=@javax.inject.Named(value=Ready), provider=org.codehaus.griffon.runtime.core.LifecycleHandlerProvider@a6ef176, singleton=true]
[Test worker] TRACE org.codehaus.griffon.runtime.core.DefaultApplicationBootstrapper - ProviderBinding[source=griffon.core.LifecycleHandler, classifier=@javax.inject.Named(value=Shutdown), provider=org.codehaus.griffon.runtime.core.LifecycleHandlerProvider@79ae7f53, singleton=true]
[Test worker] TRACE org.codehaus.griffon.runtime.core.DefaultApplicationBootstrapper - ProviderBinding[source=griffon.core.LifecycleHandler, classifier=@javax.inject.Named(value=Stop), provider=org.codehaus.griffon.runtime.core.LifecycleHandlerProvider@2f29608e, singleton=true]
[Test worker] TRACE org.codehaus.griffon.runtime.core.DefaultApplicationBootstrapper - TargetBinding[source=griffon.core.view.WindowManager, target=org.codehaus.griffon.runtime.core.view.NoopWindowManager, singleton=true]
[Test worker] TRACE org.codehaus.griffon.runtime.core.DefaultApplicationBootstrapper - TargetBinding[source=griffon.core.controller.ActionManager, target=org.codehaus.griffon.runtime.core.controller.DefaultActionManager, singleton=true]
[Test worker] TRACE org.codehaus.griffon.runtime.core.DefaultApplicationBootstrapper - TargetBinding[source=griffon.core.artifact.ArtifactManager, target=org.codehaus.griffon.runtime.core.artifact.DefaultArtifactManager, singleton=true]
[Test worker] TRACE org.codehaus.griffon.runtime.core.DefaultApplicationBootstrapper - TargetBinding[source=griffon.core.artifact.ArtifactHandler, classifier=@griffon.inject.Typed(value=interface griffon.core.artifact.GriffonModel), target=org.codehaus.griffon.runtime.core.artifact.ModelArtifactHandler, singleton=true]
[Test worker] TRACE org.codehaus.griffon.runtime.core.DefaultApplicationBootstrapper - TargetBinding[source=griffon.core.artifact.ArtifactHandler, classifier=@griffon.inject.Typed(value=interface griffon.core.artifact.GriffonView), target=org.codehaus.griffon.runtime.core.artifact.ViewArtifactHandler, singleton=true]
[Test worker] TRACE org.codehaus.griffon.runtime.core.DefaultApplicationBootstrapper - TargetBinding[source=griffon.core.artifact.ArtifactHandler, classifier=@griffon.inject.Typed(value=interface griffon.core.artifact.GriffonController), target=org.codehaus.griffon.runtime.core.artifact.ControllerArtifactHandler, singleton=true]
[Test worker] TRACE org.codehaus.griffon.runtime.core.DefaultApplicationBootstrapper - TargetBinding[source=griffon.core.artifact.ArtifactHandler, classifier=@griffon.inject.Typed(value=interface griffon.core.artifact.GriffonService), target=org.codehaus.griffon.runtime.core.artifact.ServiceArtifactHandler, singleton=true]
[Test worker] TRACE org.codehaus.griffon.runtime.core.DefaultApplicationBootstrapper - ProviderTypeBinding[source=griffon.core.PlatformHandler, providerType=class org.codehaus.griffon.runtime.core.PlatformHandlerProvider, singleton=true]
[Test worker] TRACE org.codehaus.griffon.runtime.core.DefaultApplicationBootstrapper - TargetBinding[source=griffon.core.addon.AddonManager, target=org.codehaus.griffon.runtime.core.addon.DefaultAddonManager, singleton=true]
[Test worker] TRACE org.codehaus.griffon.runtime.core.DefaultApplicationBootstrapper - TargetBinding[source=griffon.core.event.EventHandler, target=org.codehaus.griffon.runtime.core.event.DefaultEventHandler, singleton=true]
[Test worker] TRACE org.codehaus.griffon.runtime.core.DefaultApplicationBootstrapper - TargetBinding[source=griffon.core.GriffonExceptionHandler, target=griffon.core.GriffonExceptionHandler, singleton=true]
[Test worker] TRACE org.codehaus.griffon.runtime.core.DefaultApplicationBootstrapper - ProviderTypeBinding[source=org.apache.shiro.mgt.SecurityManager, providerType=class org.codehaus.griffon.runtime.shiro.SecurityManagerProvider, singleton=true]
[Test worker] TRACE org.codehaus.griffon.runtime.core.DefaultApplicationBootstrapper - ProviderTypeBinding[source=org.apache.shiro.subject.Subject, providerType=class org.codehaus.griffon.runtime.shiro.SubjectProvider, singleton=true]
[Test worker] TRACE org.codehaus.griffon.runtime.core.DefaultApplicationBootstrapper - TargetBinding[source=griffon.plugins.shiro.SecurityFailureHandler, target=org.codehaus.griffon.runtime.shiro.DefaultSecurityFailureHandler, singleton=true]
[Test worker] TRACE org.codehaus.griffon.runtime.core.DefaultApplicationBootstrapper - TargetBinding[source=griffon.core.controller.ActionInterceptor, target=org.codehaus.griffon.runtime.shiro.ShiroActionInterceptor, singleton=true]
[Test worker] DEBUG org.codehaus.griffon.runtime.core.DefaultApplicationBootstrapper - Creating application injector
[Test worker] DEBUG org.codehaus.griffon.runtime.core.DefaultApplicationBootstrapper - Injector will be created by org.codehaus.griffon.runtime.injection.GuiceInjectorFactory@5b7d6f73
[Test worker] DEBUG org.codehaus.griffon.runtime.core.event.AbstractEventRouter - Adding listener org.codehaus.griffon.runtime.core.MVCGroupExceptionHandler on UncaughtMVCGroupConfigurationException
[Test worker] DEBUG org.codehaus.griffon.runtime.core.event.AbstractEventRouter - Adding listener org.codehaus.griffon.runtime.core.MVCGroupExceptionHandler on UncaughtMVCGroupInstantiationException
[Test worker] DEBUG org.codehaus.griffon.runtime.core.event.AbstractEventRouter - Triggering event 'BootstrapStart' synchronously
[Test worker] DEBUG griffon.util.ServiceLoaderUtils - Reading java.beans.PropertyEditor definitions from jar:file:/home/travis/build/griffon/griffon/subprojects/griffon-core/build/libs/griffon-core-2.0.0.SNAPSHOT.jar!/META-INF/editors/java.beans.PropertyEditor
[Test worker] DEBUG org.codehaus.griffon.runtime.core.DefaultApplicationConfigurer - Registering griffon.core.editors.StringPropertyEditor as editor for java.lang.String
[Test worker] DEBUG org.codehaus.griffon.runtime.core.DefaultApplicationConfigurer - Registering griffon.core.editors.FilePropertyEditor as editor for java.io.File
[Test worker] DEBUG org.codehaus.griffon.runtime.core.DefaultApplicationConfigurer - Registering griffon.core.editors.URLPropertyEditor as editor for java.net.URL
[Test worker] DEBUG org.codehaus.griffon.runtime.core.DefaultApplicationConfigurer - Registering griffon.core.editors.URIPropertyEditor as editor for java.net.URI
[Test worker] DEBUG org.codehaus.griffon.runtime.core.DefaultApplicationConfigurer - Registering griffon.core.editors.BigDecimalPropertyEditor as editor for java.math.BigDecimal
[Test worker] DEBUG org.codehaus.griffon.runtime.core.DefaultApplicationConfigurer - Registering griffon.core.editors.BigIntegerPropertyEditor as editor for java.math.BigInteger
[Test worker] DEBUG org.codehaus.griffon.runtime.core.DefaultApplicationConfigurer - Registering griffon.core.editors.BooleanPropertyEditor as editor for java.lang.Boolean
[Test worker] DEBUG org.codehaus.griffon.runtime.core.DefaultApplicationConfigurer - Registering griffon.core.editors.BytePropertyEditor as editor for java.lang.Byte
[Test worker] DEBUG org.codehaus.griffon.runtime.core.DefaultApplicationConfigurer - Registering griffon.core.editors.ShortPropertyEditor as editor for java.lang.Short
[Test worker] DEBUG org.codehaus.griffon.runtime.core.DefaultApplicationConfigurer - Registering griffon.core.editors.IntegerPropertyEditor as editor for java.lang.Integer
[Test worker] DEBUG org.codehaus.griffon.runtime.core.DefaultApplicationConfigurer - Registering griffon.core.editors.LongPropertyEditor as editor for java.lang.Long
[Test worker] DEBUG org.codehaus.griffon.runtime.core.DefaultApplicationConfigurer - Registering griffon.core.editors.FloatPropertyEditor as editor for java.lang.Float
[Test worker] DEBUG org.codehaus.griffon.runtime.core.DefaultApplicationConfigurer - Registering griffon.core.editors.DoublePropertyEditor as editor for java.lang.Double
[Test worker] DEBUG org.codehaus.griffon.runtime.core.DefaultApplicationConfigurer - Registering griffon.core.editors.CalendarPropertyEditor as editor for java.util.Calendar
[Test worker] DEBUG org.codehaus.griffon.runtime.core.DefaultApplicationConfigurer - Registering griffon.core.editors.DatePropertyEditor as editor for java.util.Date
[Test worker] DEBUG org.codehaus.griffon.runtime.core.DefaultApplicationConfigurer - Registering griffon.core.editors.BooleanPropertyEditor as editor for boolean
[Test worker] DEBUG org.codehaus.griffon.runtime.core.DefaultApplicationConfigurer - Registering griffon.core.editors.BytePropertyEditor as editor for byte
[Test worker] DEBUG org.codehaus.griffon.runtime.core.DefaultApplicationConfigurer - Registering griffon.core.editors.ShortPropertyEditor as editor for short
[Test worker] DEBUG org.codehaus.griffon.runtime.core.DefaultApplicationConfigurer - Registering griffon.core.editors.IntegerPropertyEditor as editor for int
[Test worker] DEBUG org.codehaus.griffon.runtime.core.DefaultApplicationConfigurer - Registering griffon.core.editors.LongPropertyEditor as editor for long
[Test worker] DEBUG org.codehaus.griffon.runtime.core.DefaultApplicationConfigurer - Registering griffon.core.editors.FloatPropertyEditor as editor for float
[Test worker] DEBUG org.codehaus.griffon.runtime.core.DefaultApplicationConfigurer - Registering griffon.core.editors.DoublePropertyEditor as editor for double
[Test worker] DEBUG org.codehaus.griffon.runtime.core.event.AbstractEventRouter - Adding listener org.codehaus.griffon.runtime.core.DefaultApplicationConfigurer$2 on NewInstance
[Test worker] TRACE griffon.util.CompositeResourceBundle - Searching key=application.lifecycle.handler.disable
[Test worker] TRACE griffon.util.CompositeResourceBundle - Searching key=application
[Test worker] TRACE griffon.util.CompositeResourceBundle - Searching key=platform.handler.linux64
[Test worker] TRACE griffon.util.CompositeResourceBundle - Searching key=platform
[Test worker] DEBUG org.codehaus.griffon.runtime.core.PlatformHandlerProvider - Using org.codehaus.griffon.runtime.core.DefaultPlatformHandler as PlatformHandler
[Test worker] DEBUG org.codehaus.griffon.runtime.core.addon.AbstractAddonManager - Loading addons [START]
[Test worker] DEBUG griffon.util.AnnotationUtils - computed addon order is []
[Test worker] DEBUG org.codehaus.griffon.runtime.core.event.AbstractEventRouter - Triggering event 'LoadAddonsStart' synchronously
[Test worker] DEBUG org.codehaus.griffon.runtime.core.addon.AbstractAddonManager - Loading addons [END]
[Test worker] DEBUG org.codehaus.griffon.runtime.core.event.AbstractEventRouter - Triggering event 'LoadAddonsEnd' synchronously
[Test worker] TRACE griffon.util.CompositeResourceBundle - Searching key=mvcGroups
[Test worker] TRACE griffon.util.CompositeResourceBundle - Searching key=mvcGroups
[Test worker] DEBUG org.codehaus.griffon.runtime.core.event.AbstractEventRouter - Adding listener org.codehaus.griffon.runtime.core.DefaultApplicationConfigurer$3 on NewInstance
[Test worker] TRACE griffon.util.CompositeResourceBundle - Searching key=shiro.realm.resource.path
[Test worker] TRACE griffon.util.CompositeResourceBundle - Searching key=shiro
[Test worker] DEBUG org.apache.shiro.realm.text.PropertiesRealm - Loading user security information from file [classpath:shiro-users.properties]...
[Test worker] DEBUG org.apache.shiro.realm.text.PropertiesRealm - Opening input stream for path [classpath:shiro-users.properties]...
[Test worker] DEBUG org.apache.shiro.io.ResourceUtils - Opening resource from class path [shiro-users.properties]
[Test worker] DEBUG org.apache.shiro.realm.text.PropertiesRealm - Loading properties from path [classpath:shiro-users.properties]...
[Test worker] TRACE org.apache.shiro.realm.text.PropertiesRealm - Processing properties line - key: [user.joe], value: [joe,employee].
[Test worker] TRACE org.apache.shiro.realm.text.PropertiesRealm - Processing properties line - key: [user.bob], value: [bob,manager,employee].
[Test worker] TRACE org.apache.shiro.realm.text.PropertiesRealm - Processing properties line - key: [role.administrator], value: [*].
[Test worker] TRACE org.apache.shiro.realm.text.PropertiesRealm - Processing properties line - key: [role.manager], value: [user:write].
[Test worker] TRACE org.apache.shiro.realm.text.PropertiesRealm - Processing properties line - key: [user.root], value: [root,administrator,manager].
[Test worker] TRACE org.apache.shiro.realm.text.PropertiesRealm - Processing properties line - key: [role.employee], value: [user:read].
[Test worker] TRACE org.apache.shiro.util.ThreadContext - get() - in thread [Test worker]
[Test worker] TRACE org.apache.shiro.util.ThreadContext - get() - in thread [Test worker]
[Test worker] TRACE org.apache.shiro.mgt.DefaultSecurityManager - Context already contains a SecurityManager instance.  Returning.
[Test worker] TRACE org.apache.shiro.mgt.DefaultSecurityManager - No identity (PrincipalCollection) found in the context.  Looking for a remembered identity.
[Test worker] TRACE org.apache.shiro.mgt.DefaultSecurityManager - No remembered identity found.  Returning original context.
[Test worker] TRACE org.apache.shiro.subject.support.DelegatingSubject - attempting to get session; create = false; session is null = true; session has id = false
[Test worker] TRACE org.apache.shiro.subject.support.DelegatingSubject - attempting to get session; create = false; session is null = true; session has id = false
[Test worker] TRACE org.apache.shiro.subject.support.DelegatingSubject - attempting to get session; create = false; session is null = true; session has id = false
[Test worker] TRACE org.apache.shiro.subject.support.DelegatingSubject - attempting to get session; create = false; session is null = true; session has id = false
[Test worker] TRACE org.apache.shiro.subject.support.DelegatingSubject - attempting to get session; create = false; session is null = true; session has id = false
[Test worker] TRACE org.apache.shiro.util.ThreadContext - Bound value of type [org.apache.shiro.subject.support.DelegatingSubject] for key [org.apache.shiro.util.ThreadContext_SUBJECT_KEY] to thread [Test worker]
[Test worker] TRACE griffon.util.CompositeResourceBundle - Searching key=griffon.controller.action.interceptor.order
[Test worker] TRACE griffon.util.CompositeResourceBundle - Searching key=griffon
[Test worker] DEBUG griffon.util.AnnotationUtils - Current interceptor order is [shiro]
[Test worker] TRACE griffon.util.AnnotationUtils - Processing interceptor 'shiro'
[Test worker] TRACE griffon.util.AnnotationUtils -   depends on '[]'
[Test worker] TRACE griffon.util.AnnotationUtils -   adding interceptor 'shiro', since all dependencies have been added
[Test worker] TRACE griffon.util.AnnotationUtils - interceptor dependency ordering complete
[Test worker] DEBUG griffon.util.AnnotationUtils - computed interceptor order is [shiro]
[Test worker] DEBUG org.codehaus.griffon.runtime.core.artifact.AbstractArtifactManager - Registering artifact handler for type 'model': org.codehaus.griffon.runtime.core.artifact.ModelArtifactHandler@18e88380
[Test worker] DEBUG org.codehaus.griffon.runtime.core.artifact.AbstractArtifactManager - Registering artifact handler for type 'view': org.codehaus.griffon.runtime.core.artifact.ViewArtifactHandler@49115546
[Test worker] DEBUG org.codehaus.griffon.runtime.core.artifact.AbstractArtifactManager - Registering artifact handler for type 'controller': org.codehaus.griffon.runtime.core.artifact.ControllerArtifactHandler@10f58c24
[Test worker] DEBUG org.codehaus.griffon.runtime.core.artifact.AbstractArtifactManager - Registering artifact handler for type 'service': org.codehaus.griffon.runtime.core.artifact.ServiceArtifactHandler@68c3982e
[Test worker] DEBUG griffon.util.ServiceLoaderUtils - Reading griffon.core.artifact.GriffonController definitions from file:/home/travis/build/griffon/griffon/plugins/griffon-shiro-plugin/build/classes/test/META-INF/griffon/griffon.core.artifact.GriffonController
[Test worker] DEBUG griffon.util.ServiceLoaderUtils - Reading griffon.core.artifact.GriffonModel definitions from file:/home/travis/build/griffon/griffon/plugins/griffon-shiro-plugin/build/classes/test/META-INF/griffon/griffon.core.artifact.GriffonModel
[Test worker] DEBUG org.codehaus.griffon.runtime.core.artifact.DefaultArtifactManager - Artifacts of type 'controller' = 1
[Test worker] DEBUG org.codehaus.griffon.runtime.core.artifact.DefaultArtifactManager - Artifacts of type 'model' = 1
[Test worker] TRACE org.codehaus.griffon.runtime.core.artifact.AbstractArtifactManager - InstanceBinding[source=griffon.core.artifact.GriffonClass, classifier=@griffon.inject.Typed(value=class com.acme.ShiroController), instance=Artifact[controller] > Shiro, singleton=true]
[Test worker] TRACE org.codehaus.griffon.runtime.core.artifact.AbstractArtifactManager - TargetBinding[source=com.acme.ShiroController, target=com.acme.ShiroController, singleton=false]
[Test worker] TRACE org.codehaus.griffon.runtime.core.artifact.AbstractArtifactManager - InstanceBinding[source=griffon.core.artifact.GriffonClass, classifier=@griffon.inject.Typed(value=class com.acme.ShiroModel), instance=Artifact[model] > Shiro, singleton=true]
[Test worker] TRACE org.codehaus.griffon.runtime.core.artifact.AbstractArtifactManager - TargetBinding[source=com.acme.ShiroModel, target=com.acme.ShiroModel, singleton=false]
[Test worker] DEBUG org.codehaus.griffon.runtime.core.event.AbstractEventRouter - Triggering event 'BootstrapEnd' synchronously
[Test worker] DEBUG org.codehaus.griffon.runtime.core.artifact.AbstractArtifactManager - Searching for griffonClass of com.acme.ShiroController
[Test worker] DEBUG org.codehaus.griffon.runtime.core.event.AbstractEventRouter - Triggering event 'NewInstance' synchronously
[Test worker] DEBUG org.codehaus.griffon.runtime.core.artifact.AbstractArtifactManager - Searching for griffonClass of com.acme.ShiroController
[Test worker] TRACE griffon.util.CompositeResourceBundle - Searching key=com.acme.ShiroController.action.Authenticated.name
[Test worker] TRACE griffon.util.CompositeResourceBundle - Searching key=application.action.Authenticated.name
[Test worker] TRACE org.codehaus.griffon.runtime.core.controller.AbstractActionManager - com.acme.ShiroController.action.Authenticated.name = Authenticated
[Test worker] DEBUG org.codehaus.griffon.runtime.core.controller.AbstractActionManager - Configuring action com.acme.ShiroController.authenticated with org.codehaus.griffon.runtime.shiro.ShiroActionInterceptor@49ebe1bc
[Test worker] TRACE org.codehaus.griffon.runtime.core.controller.AbstractActionManager - Action for com.acme.ShiroController.authenticated stored as authenticated
[Test worker] TRACE griffon.util.CompositeResourceBundle - Searching key=com.acme.ShiroController.action.Guest.name
[Test worker] TRACE griffon.util.CompositeResourceBundle - Searching key=application.action.Guest.name
[Test worker] TRACE org.codehaus.griffon.runtime.core.controller.AbstractActionManager - com.acme.ShiroController.action.Guest.name = Guest
[Test worker] DEBUG org.codehaus.griffon.runtime.core.controller.AbstractActionManager - Configuring action com.acme.ShiroController.guest with org.codehaus.griffon.runtime.shiro.ShiroActionInterceptor@49ebe1bc
[Test worker] TRACE org.codehaus.griffon.runtime.core.controller.AbstractActionManager - Action for com.acme.ShiroController.guest stored as guest
[Test worker] TRACE griffon.util.CompositeResourceBundle - Searching key=com.acme.ShiroController.action.Permissions.name
[Test worker] TRACE griffon.util.CompositeResourceBundle - Searching key=application.action.Permissions.name
[Test worker] TRACE org.codehaus.griffon.runtime.core.controller.AbstractActionManager - com.acme.ShiroController.action.Permissions.name = Permissions
[Test worker] DEBUG org.codehaus.griffon.runtime.core.controller.AbstractActionManager - Configuring action com.acme.ShiroController.permissions with org.codehaus.griffon.runtime.shiro.ShiroActionInterceptor@49ebe1bc
[Test worker] TRACE org.codehaus.griffon.runtime.core.controller.AbstractActionManager - Action for com.acme.ShiroController.permissions stored as permissions
[Test worker] TRACE griffon.util.CompositeResourceBundle - Searching key=com.acme.ShiroController.action.Roles.name
[Test worker] TRACE griffon.util.CompositeResourceBundle - Searching key=application.action.Roles.name
[Test worker] TRACE org.codehaus.griffon.runtime.core.controller.AbstractActionManager - com.acme.ShiroController.action.Roles.name = Roles
[Test worker] DEBUG org.codehaus.griffon.runtime.core.controller.AbstractActionManager - Configuring action com.acme.ShiroController.roles with org.codehaus.griffon.runtime.shiro.ShiroActionInterceptor@49ebe1bc
[Test worker] TRACE org.codehaus.griffon.runtime.core.controller.AbstractActionManager - Action for com.acme.ShiroController.roles stored as roles
[Test worker] TRACE griffon.util.CompositeResourceBundle - Searching key=com.acme.ShiroController.action.User.name
[Test worker] TRACE griffon.util.CompositeResourceBundle - Searching key=application.action.User.name
[Test worker] TRACE org.codehaus.griffon.runtime.core.controller.AbstractActionManager - com.acme.ShiroController.action.User.name = User
[Test worker] DEBUG org.codehaus.griffon.runtime.core.controller.AbstractActionManager - Configuring action com.acme.ShiroController.user with org.codehaus.griffon.runtime.shiro.ShiroActionInterceptor@49ebe1bc
[Test worker] TRACE org.codehaus.griffon.runtime.core.controller.AbstractActionManager - Action for com.acme.ShiroController.user stored as user
[Test worker] DEBUG org.codehaus.griffon.runtime.core.artifact.AbstractArtifactManager - Searching for griffonClass of com.acme.ShiroModel
[Test worker] DEBUG org.codehaus.griffon.runtime.core.event.AbstractEventRouter - Triggering event 'NewInstance' synchronously
[Test worker] TRACE griffon.util.CompositeResourceBundle - Searching key=griffon.disable.threading.injection
[Test worker] TRACE griffon.util.CompositeResourceBundle - Searching key=griffon
[Test worker] DEBUG org.codehaus.griffon.runtime.core.controller.AbstractActionManager - Executing com.acme.ShiroController.guest with policy OUTSIDE_UITHREAD
[Test worker] DEBUG org.codehaus.griffon.runtime.core.controller.AbstractActionManager - Executing 1 interceptor for com.acme.ShiroController.guest
[Test worker] TRACE org.codehaus.griffon.runtime.core.controller.AbstractActionManager - Calling org.codehaus.griffon.runtime.shiro.ShiroActionInterceptor@49ebe1bc.before() on com.acme.ShiroController.guest
[Test worker] DEBUG org.codehaus.griffon.runtime.shiro.ShiroActionInterceptor - Evaluating security requirement RequirementConfiguration{requirement=GUEST, values=[], logical=AND}
[Test worker] TRACE org.apache.shiro.subject.support.DelegatingSubject - attempting to get session; create = false; session is null = true; session has id = false
[Test worker] TRACE org.codehaus.griffon.runtime.core.controller.AbstractActionManager - Status before execution of com.acme.ShiroController.guest is OK
[Test worker] TRACE org.codehaus.griffon.runtime.core.controller.AbstractActionManager - Status after execution of com.acme.ShiroController.guest is OK
[Test worker] TRACE org.codehaus.griffon.runtime.core.controller.AbstractActionManager - Calling org.codehaus.griffon.runtime.shiro.ShiroActionInterceptor@49ebe1bc.after() on com.acme.ShiroController.guest
[Test worker] DEBUG org.codehaus.griffon.runtime.core.event.AbstractEventRouter - Triggering event 'ShutdownRequested' synchronously
[Test worker] INFO org.codehaus.griffon.runtime.core.DefaultGriffonApplication - Shutdown is in process
[Test worker] DEBUG org.codehaus.griffon.runtime.core.DefaultGriffonApplication - Shutdown stage 1: notify all event listeners
[Test worker] DEBUG org.codehaus.griffon.runtime.core.event.AbstractEventRouter - Adding listener org.codehaus.griffon.runtime.core.AbstractGriffonApplication$1 on ShutdownStart
[Test worker] DEBUG org.codehaus.griffon.runtime.core.event.AbstractEventRouter - Triggering event 'ShutdownStart' synchronously
[Test worker] DEBUG org.codehaus.griffon.runtime.core.DefaultGriffonApplication - Shutdown stage 2: notify all shutdown handlers
[Test worker] DEBUG org.codehaus.griffon.runtime.core.DefaultGriffonApplication - Shutdown stage 3: destroy all MVC groups
[Test worker] DEBUG org.codehaus.griffon.runtime.core.DefaultGriffonApplication - Shutdown stage 4: execute Shutdown script
[Test worker] TRACE griffon.util.CompositeResourceBundle - Searching key=application.lifecycle.handler.disable
[Test worker] TRACE griffon.util.CompositeResourceBundle - Searching key=application
[Test worker] INFO org.codehaus.griffon.runtime.core.DefaultApplicationBootstrapper - Griffon 2.0.0.SNAPSHOT
[Test worker] INFO org.codehaus.griffon.runtime.core.DefaultApplicationBootstrapper - Build: 2014-03-07T17:17:07.720+0000
[Test worker] INFO org.codehaus.griffon.runtime.core.DefaultApplicationBootstrapper - JVM: 1.7.0_51 (Oracle Corporation 24.51-b03)
[Test worker] INFO org.codehaus.griffon.runtime.core.DefaultApplicationBootstrapper - OS: Linux 2.6.32-042stab084.25 amd64
[Test worker] DEBUG org.codehaus.griffon.runtime.core.DefaultApplicationBootstrapper - Creating module bindings
[Test worker] DEBUG griffon.util.AnnotationUtils - Current module order is [core, shiro, testApplicationBootstrapper$InnerClasses, testApplicationBootstrapper$Fields]
[Test worker] TRACE griffon.util.AnnotationUtils - Processing module 'core'
[Test worker] TRACE griffon.util.AnnotationUtils -   depends on '[]'
[Test worker] TRACE griffon.util.AnnotationUtils -   adding module 'core', since all dependencies have been added
[Test worker] TRACE griffon.util.AnnotationUtils - Processing module 'shiro'
[Test worker] TRACE griffon.util.AnnotationUtils -   depends on '[]'
[Test worker] TRACE griffon.util.AnnotationUtils -   adding module 'shiro', since all dependencies have been added
[Test worker] TRACE griffon.util.AnnotationUtils - Processing module 'testApplicationBootstrapper$InnerClasses'
[Test worker] TRACE griffon.util.AnnotationUtils -   depends on '[]'
[Test worker] TRACE griffon.util.AnnotationUtils -   adding module 'testApplicationBootstrapper$InnerClasses', since all dependencies have been added
[Test worker] TRACE griffon.util.AnnotationUtils - Processing module 'testApplicationBootstrapper$Fields'
[Test worker] TRACE griffon.util.AnnotationUtils -   depends on '[]'
[Test worker] TRACE griffon.util.AnnotationUtils -   adding module 'testApplicationBootstrapper$Fields', since all dependencies have been added
[Test worker] TRACE griffon.util.AnnotationUtils - module dependency ordering complete
[Test worker] DEBUG griffon.util.AnnotationUtils - computed module order is [core, shiro, testApplicationBootstrapper$InnerClasses, testApplicationBootstrapper$Fields]
[Test worker] DEBUG org.codehaus.griffon.runtime.core.DefaultApplicationBootstrapper - Loading module bindings from core:org.codehaus.griffon.runtime.core.DefaultApplicationModule@3c093aa3
[Test worker] DEBUG org.codehaus.griffon.runtime.core.DefaultApplicationBootstrapper - Loading module bindings from shiro:org.codehaus.griffon.runtime.shiro.ShiroModule@1e8c220
[Test worker] DEBUG org.codehaus.griffon.runtime.core.DefaultApplicationBootstrapper - Loading module bindings from testApplicationBootstrapper$InnerClasses:org.codehaus.griffon.runtime.core.TestApplicationBootstrapper$InnerClassesModule@5820c3da
[Test worker] DEBUG org.codehaus.griffon.runtime.core.DefaultApplicationBootstrapper - Loading module bindings from testApplicationBootstrapper$Fields:org.codehaus.griffon.runtime.core.TestApplicationBootstrapper$FieldsModule@4f1a4a69
[Test worker] TRACE org.codehaus.griffon.runtime.core.DefaultApplicationBootstrapper - InstanceBinding[source=griffon.core.GriffonApplication, instance=org.codehaus.griffon.runtime.core.DefaultGriffonApplication@4051eda3, singleton=true]
[Test worker] TRACE org.codehaus.griffon.runtime.core.DefaultApplicationBootstrapper - TargetBinding[source=griffon.core.ApplicationClassLoader, target=org.codehaus.griffon.runtime.core.DefaultApplicationClassLoader, singleton=true]
[Test worker] TRACE org.codehaus.griffon.runtime.core.DefaultApplicationBootstrapper - TargetBinding[source=griffon.core.ApplicationConfigurer, target=org.codehaus.griffon.runtime.core.DefaultApplicationConfigurer, singleton=true]
[Test worker] TRACE org.codehaus.griffon.runtime.core.DefaultApplicationBootstrapper - TargetBinding[source=griffon.core.resources.ResourceHandler, target=org.codehaus.griffon.runtime.core.resources.DefaultResourceHandler, singleton=true]
[Test worker] TRACE org.codehaus.griffon.runtime.core.DefaultApplicationBootstrapper - TargetBinding[source=griffon.util.CompositeResourceBundleBuilder, target=org.codehaus.griffon.runtime.util.DefaultCompositeResourceBundleBuilder, singleton=true]
[Test worker] TRACE org.codehaus.griffon.runtime.core.DefaultApplicationBootstrapper - ProviderBinding[source=java.util.ResourceBundle, classifier=@javax.inject.Named(value=applicationResourceBundle), provider=org.codehaus.griffon.runtime.util.ResourceBundleProvider@42c88952, singleton=true]
[Test worker] TRACE org.codehaus.griffon.runtime.core.DefaultApplicationBootstrapper - TargetBinding[source=griffon.core.Configuration, target=org.codehaus.griffon.runtime.core.DefaultConfiguration, singleton=true]
[Test worker] TRACE org.codehaus.griffon.runtime.core.DefaultApplicationBootstrapper - TargetBinding[source=griffon.core.ExecutorServiceManager, target=org.codehaus.griffon.runtime.core.DefaultExecutorServiceManager, singleton=true]
[Test worker] TRACE org.codehaus.griffon.runtime.core.DefaultApplicationBootstrapper - TargetBinding[source=griffon.core.event.EventRouter, classifier=@javax.inject.Named(value=applicationEventRouter), target=org.codehaus.griffon.runtime.core.event.DefaultEventRouter, singleton=true]
[Test worker] TRACE org.codehaus.griffon.runtime.core.DefaultApplicationBootstrapper - TargetBinding[source=griffon.core.event.EventRouter, target=org.codehaus.griffon.runtime.core.event.DefaultEventRouter, singleton=false]
[Test worker] TRACE org.codehaus.griffon.runtime.core.DefaultApplicationBootstrapper - ProviderBinding[source=griffon.core.resources.ResourceResolver, classifier=@javax.inject.Named(value=applicationResourceResolver), provider=org.codehaus.griffon.runtime.core.resources.ResourceResolverProvider@7baf88be, singleton=true]
[Test worker] TRACE org.codehaus.griffon.runtime.core.DefaultApplicationBootstrapper - ProviderBinding[source=griffon.core.i18n.MessageSource, classifier=@javax.inject.Named(value=applicationMessageSource), provider=org.codehaus.griffon.runtime.core.i18n.MessageSourceProvider@413ab162, singleton=true]
[Test worker] TRACE org.codehaus.griffon.runtime.core.DefaultApplicationBootstrapper - TargetBinding[source=griffon.core.resources.ResourceInjector, classifier=@javax.inject.Named(value=applicationResourceInjector), target=org.codehaus.griffon.runtime.core.resources.DefaultApplicationResourceInjector, singleton=true]
[Test worker] TRACE org.codehaus.griffon.runtime.core.DefaultApplicationBootstrapper - TargetBinding[source=griffon.core.threading.UIThreadManager, target=org.codehaus.griffon.runtime.core.threading.DefaultUIThreadManager, singleton=true]
[Test worker] TRACE org.codehaus.griffon.runtime.core.DefaultApplicationBootstrapper - TargetBinding[source=griffon.core.mvc.MVCGroupManager, target=org.codehaus.griffon.runtime.core.mvc.DefaultMVCGroupManager, singleton=true]
[Test worker] TRACE org.codehaus.griffon.runtime.core.DefaultApplicationBootstrapper - ProviderBinding[source=griffon.core.LifecycleHandler, classifier=@javax.inject.Named(value=Initialize), provider=org.codehaus.griffon.runtime.core.LifecycleHandlerProvider@7453ba62, singleton=true]
[Test worker] TRACE org.codehaus.griffon.runtime.core.DefaultApplicationBootstrapper - ProviderBinding[source=griffon.core.LifecycleHandler, classifier=@javax.inject.Named(value=Startup), provider=org.codehaus.griffon.runtime.core.LifecycleHandlerProvider@24f1b398, singleton=true]
[Test worker] TRACE org.codehaus.griffon.runtime.core.DefaultApplicationBootstrapper - ProviderBinding[source=griffon.core.LifecycleHandler, classifier=@javax.inject.Named(value=Ready), provider=org.codehaus.griffon.runtime.core.LifecycleHandlerProvider@7845d31a, singleton=true]
[Test worker] TRACE org.codehaus.griffon.runtime.core.DefaultApplicationBootstrapper - ProviderBinding[source=griffon.core.LifecycleHandler, classifier=@javax.inject.Named(value=Shutdown), provider=org.codehaus.griffon.runtime.core.LifecycleHandlerProvider@30268da6, singleton=true]
[Test worker] TRACE org.codehaus.griffon.runtime.core.DefaultApplicationBootstrapper - ProviderBinding[source=griffon.core.LifecycleHandler, classifier=@javax.inject.Named(value=Stop), provider=org.codehaus.griffon.runtime.core.LifecycleHandlerProvider@331da5fc, singleton=true]
[Test worker] TRACE org.codehaus.griffon.runtime.core.DefaultApplicationBootstrapper - TargetBinding[source=griffon.core.view.WindowManager, target=org.codehaus.griffon.runtime.core.view.NoopWindowManager, singleton=true]
[Test worker] TRACE org.codehaus.griffon.runtime.core.DefaultApplicationBootstrapper - TargetBinding[source=griffon.core.controller.ActionManager, target=org.codehaus.griffon.runtime.core.controller.DefaultActionManager, singleton=true]
[Test worker] TRACE org.codehaus.griffon.runtime.core.DefaultApplicationBootstrapper - TargetBinding[source=griffon.core.artifact.ArtifactManager, target=org.codehaus.griffon.runtime.core.artifact.DefaultArtifactManager, singleton=true]
[Test worker] TRACE org.codehaus.griffon.runtime.core.DefaultApplicationBootstrapper - TargetBinding[source=griffon.core.artifact.ArtifactHandler, classifier=@griffon.inject.Typed(value=interface griffon.core.artifact.GriffonModel), target=org.codehaus.griffon.runtime.core.artifact.ModelArtifactHandler, singleton=true]
[Test worker] TRACE org.codehaus.griffon.runtime.core.DefaultApplicationBootstrapper - TargetBinding[source=griffon.core.artifact.ArtifactHandler, classifier=@griffon.inject.Typed(value=interface griffon.core.artifact.GriffonView), target=org.codehaus.griffon.runtime.core.artifact.ViewArtifactHandler, singleton=true]
[Test worker] TRACE org.codehaus.griffon.runtime.core.DefaultApplicationBootstrapper - TargetBinding[source=griffon.core.artifact.ArtifactHandler, classifier=@griffon.inject.Typed(value=interface griffon.core.artifact.GriffonController), target=org.codehaus.griffon.runtime.core.artifact.ControllerArtifactHandler, singleton=true]
[Test worker] TRACE org.codehaus.griffon.runtime.core.DefaultApplicationBootstrapper - TargetBinding[source=griffon.core.artifact.ArtifactHandler, classifier=@griffon.inject.Typed(value=interface griffon.core.artifact.GriffonService), target=org.codehaus.griffon.runtime.core.artifact.ServiceArtifactHandler, singleton=true]
[Test worker] TRACE org.codehaus.griffon.runtime.core.DefaultApplicationBootstrapper - ProviderTypeBinding[source=griffon.core.PlatformHandler, providerType=class org.codehaus.griffon.runtime.core.PlatformHandlerProvider, singleton=true]
[Test worker] TRACE org.codehaus.griffon.runtime.core.DefaultApplicationBootstrapper - TargetBinding[source=griffon.core.addon.AddonManager, target=org.codehaus.griffon.runtime.core.addon.DefaultAddonManager, singleton=true]
[Test worker] TRACE org.codehaus.griffon.runtime.core.DefaultApplicationBootstrapper - TargetBinding[source=griffon.core.event.EventHandler, target=org.codehaus.griffon.runtime.core.event.DefaultEventHandler, singleton=true]
[Test worker] TRACE org.codehaus.griffon.runtime.core.DefaultApplicationBootstrapper - TargetBinding[source=griffon.core.GriffonExceptionHandler, target=griffon.core.GriffonExceptionHandler, singleton=true]
[Test worker] TRACE org.codehaus.griffon.runtime.core.DefaultApplicationBootstrapper - ProviderTypeBinding[source=org.apache.shiro.mgt.SecurityManager, providerType=class org.codehaus.griffon.runtime.shiro.SecurityManagerProvider, singleton=true]
[Test worker] TRACE org.codehaus.griffon.runtime.core.DefaultApplicationBootstrapper - ProviderTypeBinding[source=org.apache.shiro.subject.Subject, providerType=class org.codehaus.griffon.runtime.shiro.SubjectProvider, singleton=true]
[Test worker] TRACE org.codehaus.griffon.runtime.core.DefaultApplicationBootstrapper - TargetBinding[source=griffon.plugins.shiro.SecurityFailureHandler, target=org.codehaus.griffon.runtime.shiro.DefaultSecurityFailureHandler, singleton=true]
[Test worker] TRACE org.codehaus.griffon.runtime.core.DefaultApplicationBootstrapper - TargetBinding[source=griffon.core.controller.ActionInterceptor, target=org.codehaus.griffon.runtime.shiro.ShiroActionInterceptor, singleton=true]
[Test worker] DEBUG org.codehaus.griffon.runtime.core.DefaultApplicationBootstrapper - Creating application injector
[Test worker] DEBUG org.codehaus.griffon.runtime.core.DefaultApplicationBootstrapper - Injector will be created by org.codehaus.griffon.runtime.injection.GuiceInjectorFactory@d6a9883
[Test worker] DEBUG org.codehaus.griffon.runtime.core.event.AbstractEventRouter - Adding listener org.codehaus.griffon.runtime.core.MVCGroupExceptionHandler on UncaughtMVCGroupConfigurationException
[Test worker] DEBUG org.codehaus.griffon.runtime.core.event.AbstractEventRouter - Adding listener org.codehaus.griffon.runtime.core.MVCGroupExceptionHandler on UncaughtMVCGroupInstantiationException
[Test worker] DEBUG org.codehaus.griffon.runtime.core.event.AbstractEventRouter - Triggering event 'BootstrapStart' synchronously
[Test worker] DEBUG griffon.util.ServiceLoaderUtils - Reading java.beans.PropertyEditor definitions from jar:file:/home/travis/build/griffon/griffon/subprojects/griffon-core/build/libs/griffon-core-2.0.0.SNAPSHOT.jar!/META-INF/editors/java.beans.PropertyEditor
[Test worker] DEBUG org.codehaus.griffon.runtime.core.DefaultApplicationConfigurer - Registering griffon.core.editors.StringPropertyEditor as editor for java.lang.String
[Test worker] DEBUG org.codehaus.griffon.runtime.core.DefaultApplicationConfigurer - Registering griffon.core.editors.FilePropertyEditor as editor for java.io.File
[Test worker] DEBUG org.codehaus.griffon.runtime.core.DefaultApplicationConfigurer - Registering griffon.core.editors.URLPropertyEditor as editor for java.net.URL
[Test worker] DEBUG org.codehaus.griffon.runtime.core.DefaultApplicationConfigurer - Registering griffon.core.editors.URIPropertyEditor as editor for java.net.URI
[Test worker] DEBUG org.codehaus.griffon.runtime.core.DefaultApplicationConfigurer - Registering griffon.core.editors.BigDecimalPropertyEditor as editor for java.math.BigDecimal
[Test worker] DEBUG org.codehaus.griffon.runtime.core.DefaultApplicationConfigurer - Registering griffon.core.editors.BigIntegerPropertyEditor as editor for java.math.BigInteger
[Test worker] DEBUG org.codehaus.griffon.runtime.core.DefaultApplicationConfigurer - Registering griffon.core.editors.BooleanPropertyEditor as editor for java.lang.Boolean
[Test worker] DEBUG org.codehaus.griffon.runtime.core.DefaultApplicationConfigurer - Registering griffon.core.editors.BytePropertyEditor as editor for java.lang.Byte
[Test worker] DEBUG org.codehaus.griffon.runtime.core.DefaultApplicationConfigurer - Registering griffon.core.editors.ShortPropertyEditor as editor for java.lang.Short
[Test worker] DEBUG org.codehaus.griffon.runtime.core.DefaultApplicationConfigurer - Registering griffon.core.editors.IntegerPropertyEditor as editor for java.lang.Integer
[Test worker] DEBUG org.codehaus.griffon.runtime.core.DefaultApplicationConfigurer - Registering griffon.core.editors.LongPropertyEditor as editor for java.lang.Long
[Test worker] DEBUG org.codehaus.griffon.runtime.core.DefaultApplicationConfigurer - Registering griffon.core.editors.FloatPropertyEditor as editor for java.lang.Float
[Test worker] DEBUG org.codehaus.griffon.runtime.core.DefaultApplicationConfigurer - Registering griffon.core.editors.DoublePropertyEditor as editor for java.lang.Double
[Test worker] DEBUG org.codehaus.griffon.runtime.core.DefaultApplicationConfigurer - Registering griffon.core.editors.CalendarPropertyEditor as editor for java.util.Calendar
[Test worker] DEBUG org.codehaus.griffon.runtime.core.DefaultApplicationConfigurer - Registering griffon.core.editors.DatePropertyEditor as editor for java.util.Date
[Test worker] DEBUG org.codehaus.griffon.runtime.core.DefaultApplicationConfigurer - Registering griffon.core.editors.BooleanPropertyEditor as editor for boolean
[Test worker] DEBUG org.codehaus.griffon.runtime.core.DefaultApplicationConfigurer - Registering griffon.core.editors.BytePropertyEditor as editor for byte
[Test worker] DEBUG org.codehaus.griffon.runtime.core.DefaultApplicationConfigurer - Registering griffon.core.editors.ShortPropertyEditor as editor for short
[Test worker] DEBUG org.codehaus.griffon.runtime.core.DefaultApplicationConfigurer - Registering griffon.core.editors.IntegerPropertyEditor as editor for int
[Test worker] DEBUG org.codehaus.griffon.runtime.core.DefaultApplicationConfigurer - Registering griffon.core.editors.LongPropertyEditor as editor for long
[Test worker] DEBUG org.codehaus.griffon.runtime.core.DefaultApplicationConfigurer - Registering griffon.core.editors.FloatPropertyEditor as editor for float
[Test worker] DEBUG org.codehaus.griffon.runtime.core.DefaultApplicationConfigurer - Registering griffon.core.editors.DoublePropertyEditor as editor for double
[Test worker] DEBUG org.codehaus.griffon.runtime.core.event.AbstractEventRouter - Adding listener org.codehaus.griffon.runtime.core.DefaultApplicationConfigurer$2 on NewInstance
[Test worker] TRACE griffon.util.CompositeResourceBundle - Searching key=application.lifecycle.handler.disable
[Test worker] TRACE griffon.util.CompositeResourceBundle - Searching key=application
[Test worker] TRACE griffon.util.CompositeResourceBundle - Searching key=platform.handler.linux64
[Test worker] TRACE griffon.util.CompositeResourceBundle - Searching key=platform
[Test worker] DEBUG org.codehaus.griffon.runtime.core.PlatformHandlerProvider - Using org.codehaus.griffon.runtime.core.DefaultPlatformHandler as PlatformHandler
[Test worker] DEBUG org.codehaus.griffon.runtime.core.addon.AbstractAddonManager - Loading addons [START]
[Test worker] DEBUG griffon.util.AnnotationUtils - computed addon order is []
[Test worker] DEBUG org.codehaus.griffon.runtime.core.event.AbstractEventRouter - Triggering event 'LoadAddonsStart' synchronously
[Test worker] DEBUG org.codehaus.griffon.runtime.core.addon.AbstractAddonManager - Loading addons [END]
[Test worker] DEBUG org.codehaus.griffon.runtime.core.event.AbstractEventRouter - Triggering event 'LoadAddonsEnd' synchronously
[Test worker] TRACE griffon.util.CompositeResourceBundle - Searching key=mvcGroups
[Test worker] TRACE griffon.util.CompositeResourceBundle - Searching key=mvcGroups
[Test worker] DEBUG org.codehaus.griffon.runtime.core.event.AbstractEventRouter - Adding listener org.codehaus.griffon.runtime.core.DefaultApplicationConfigurer$3 on NewInstance
[Test worker] TRACE griffon.util.CompositeResourceBundle - Searching key=shiro.realm.resource.path
[Test worker] TRACE griffon.util.CompositeResourceBundle - Searching key=shiro
[Test worker] DEBUG org.apache.shiro.realm.text.PropertiesRealm - Loading user security information from file [classpath:shiro-users.properties]...
[Test worker] DEBUG org.apache.shiro.realm.text.PropertiesRealm - Opening input stream for path [classpath:shiro-users.properties]...
[Test worker] DEBUG org.apache.shiro.io.ResourceUtils - Opening resource from class path [shiro-users.properties]
[Test worker] DEBUG org.apache.shiro.realm.text.PropertiesRealm - Loading properties from path [classpath:shiro-users.properties]...
[Test worker] TRACE org.apache.shiro.realm.text.PropertiesRealm - Processing properties line - key: [user.joe], value: [joe,employee].
[Test worker] TRACE org.apache.shiro.realm.text.PropertiesRealm - Processing properties line - key: [user.bob], value: [bob,manager,employee].
[Test worker] TRACE org.apache.shiro.realm.text.PropertiesRealm - Processing properties line - key: [role.administrator], value: [*].
[Test worker] TRACE org.apache.shiro.realm.text.PropertiesRealm - Processing properties line - key: [role.manager], value: [user:write].
[Test worker] TRACE org.apache.shiro.realm.text.PropertiesRealm - Processing properties line - key: [user.root], value: [root,administrator,manager].
[Test worker] TRACE org.apache.shiro.realm.text.PropertiesRealm - Processing properties line - key: [role.employee], value: [user:read].
[Test worker] TRACE org.apache.shiro.util.ThreadContext - get() - in thread [Test worker]
[Test worker] TRACE org.apache.shiro.util.ThreadContext - Retrieved value of type [org.apache.shiro.subject.support.DelegatingSubject] for key [org.apache.shiro.util.ThreadContext_SUBJECT_KEY] bound to thread [Test worker]
[Test worker] TRACE griffon.util.CompositeResourceBundle - Searching key=griffon.controller.action.interceptor.order
[Test worker] TRACE griffon.util.CompositeResourceBundle - Searching key=griffon
[Test worker] DEBUG griffon.util.AnnotationUtils - Current interceptor order is [shiro]
[Test worker] TRACE griffon.util.AnnotationUtils - Processing interceptor 'shiro'
[Test worker] TRACE griffon.util.AnnotationUtils -   depends on '[]'
[Test worker] TRACE griffon.util.AnnotationUtils -   adding interceptor 'shiro', since all dependencies have been added
[Test worker] TRACE griffon.util.AnnotationUtils - interceptor dependency ordering complete
[Test worker] DEBUG griffon.util.AnnotationUtils - computed interceptor order is [shiro]
[Test worker] DEBUG org.codehaus.griffon.runtime.core.artifact.AbstractArtifactManager - Registering artifact handler for type 'model': org.codehaus.griffon.runtime.core.artifact.ModelArtifactHandler@7b79f4cf
[Test worker] DEBUG org.codehaus.griffon.runtime.core.artifact.AbstractArtifactManager - Registering artifact handler for type 'view': org.codehaus.griffon.runtime.core.artifact.ViewArtifactHandler@3b7815e
[Test worker] DEBUG org.codehaus.griffon.runtime.core.artifact.AbstractArtifactManager - Registering artifact handler for type 'controller': org.codehaus.griffon.runtime.core.artifact.ControllerArtifactHandler@48e443a
[Test worker] DEBUG org.codehaus.griffon.runtime.core.artifact.AbstractArtifactManager - Registering artifact handler for type 'service': org.codehaus.griffon.runtime.core.artifact.ServiceArtifactHandler@18213e2c
[Test worker] DEBUG griffon.util.ServiceLoaderUtils - Reading griffon.core.artifact.GriffonController definitions from file:/home/travis/build/griffon/griffon/plugins/griffon-shiro-plugin/build/classes/test/META-INF/griffon/griffon.core.artifact.GriffonController
[Test worker] DEBUG griffon.util.ServiceLoaderUtils - Reading griffon.core.artifact.GriffonModel definitions from file:/home/travis/build/griffon/griffon/plugins/griffon-shiro-plugin/build/classes/test/META-INF/griffon/griffon.core.artifact.GriffonModel
[Test worker] DEBUG org.codehaus.griffon.runtime.core.artifact.DefaultArtifactManager - Artifacts of type 'controller' = 1
[Test worker] DEBUG org.codehaus.griffon.runtime.core.artifact.DefaultArtifactManager - Artifacts of type 'model' = 1
[Test worker] TRACE org.codehaus.griffon.runtime.core.artifact.AbstractArtifactManager - InstanceBinding[source=griffon.core.artifact.GriffonClass, classifier=@griffon.inject.Typed(value=class com.acme.ShiroController), instance=Artifact[controller] > Shiro, singleton=true]
[Test worker] TRACE org.codehaus.griffon.runtime.core.artifact.AbstractArtifactManager - TargetBinding[source=com.acme.ShiroController, target=com.acme.ShiroController, singleton=false]
[Test worker] TRACE org.codehaus.griffon.runtime.core.artifact.AbstractArtifactManager - InstanceBinding[source=griffon.core.artifact.GriffonClass, classifier=@griffon.inject.Typed(value=class com.acme.ShiroModel), instance=Artifact[model] > Shiro, singleton=true]
[Test worker] TRACE org.codehaus.griffon.runtime.core.artifact.AbstractArtifactManager - TargetBinding[source=com.acme.ShiroModel, target=com.acme.ShiroModel, singleton=false]
[Test worker] DEBUG org.codehaus.griffon.runtime.core.event.AbstractEventRouter - Triggering event 'BootstrapEnd' synchronously
[Test worker] DEBUG org.codehaus.griffon.runtime.core.artifact.AbstractArtifactManager - Searching for griffonClass of com.acme.ShiroController
[Test worker] DEBUG org.codehaus.griffon.runtime.core.event.AbstractEventRouter - Triggering event 'NewInstance' synchronously
[Test worker] DEBUG org.codehaus.griffon.runtime.core.artifact.AbstractArtifactManager - Searching for griffonClass of com.acme.ShiroController
[Test worker] TRACE griffon.util.CompositeResourceBundle - Searching key=com.acme.ShiroController.action.Authenticated.name
[Test worker] TRACE griffon.util.CompositeResourceBundle - Searching key=application.action.Authenticated.name
[Test worker] TRACE org.codehaus.griffon.runtime.core.controller.AbstractActionManager - com.acme.ShiroController.action.Authenticated.name = Authenticated
[Test worker] DEBUG org.codehaus.griffon.runtime.core.controller.AbstractActionManager - Configuring action com.acme.ShiroController.authenticated with org.codehaus.griffon.runtime.shiro.ShiroActionInterceptor@11e8bec9
[Test worker] TRACE org.codehaus.griffon.runtime.core.controller.AbstractActionManager - Action for com.acme.ShiroController.authenticated stored as authenticated
[Test worker] TRACE griffon.util.CompositeResourceBundle - Searching key=com.acme.ShiroController.action.Guest.name
[Test worker] TRACE griffon.util.CompositeResourceBundle - Searching key=application.action.Guest.name
[Test worker] TRACE org.codehaus.griffon.runtime.core.controller.AbstractActionManager - com.acme.ShiroController.action.Guest.name = Guest
[Test worker] DEBUG org.codehaus.griffon.runtime.core.controller.AbstractActionManager - Configuring action com.acme.ShiroController.guest with org.codehaus.griffon.runtime.shiro.ShiroActionInterceptor@11e8bec9
[Test worker] TRACE org.codehaus.griffon.runtime.core.controller.AbstractActionManager - Action for com.acme.ShiroController.guest stored as guest
[Test worker] TRACE griffon.util.CompositeResourceBundle - Searching key=com.acme.ShiroController.action.Permissions.name
[Test worker] TRACE griffon.util.CompositeResourceBundle - Searching key=application.action.Permissions.name
[Test worker] TRACE org.codehaus.griffon.runtime.core.controller.AbstractActionManager - com.acme.ShiroController.action.Permissions.name = Permissions
[Test worker] DEBUG org.codehaus.griffon.runtime.core.controller.AbstractActionManager - Configuring action com.acme.ShiroController.permissions with org.codehaus.griffon.runtime.shiro.ShiroActionInterceptor@11e8bec9
[Test worker] TRACE org.codehaus.griffon.runtime.core.controller.AbstractActionManager - Action for com.acme.ShiroController.permissions stored as permissions
[Test worker] TRACE griffon.util.CompositeResourceBundle - Searching key=com.acme.ShiroController.action.Roles.name
[Test worker] TRACE griffon.util.CompositeResourceBundle - Searching key=application.action.Roles.name
[Test worker] TRACE org.codehaus.griffon.runtime.core.controller.AbstractActionManager - com.acme.ShiroController.action.Roles.name = Roles
[Test worker] DEBUG org.codehaus.griffon.runtime.core.controller.AbstractActionManager - Configuring action com.acme.ShiroController.roles with org.codehaus.griffon.runtime.shiro.ShiroActionInterceptor@11e8bec9
[Test worker] TRACE org.codehaus.griffon.runtime.core.controller.AbstractActionManager - Action for com.acme.ShiroController.roles stored as roles
[Test worker] TRACE griffon.util.CompositeResourceBundle - Searching key=com.acme.ShiroController.action.User.name
[Test worker] TRACE griffon.util.CompositeResourceBundle - Searching key=application.action.User.name
[Test worker] TRACE org.codehaus.griffon.runtime.core.controller.AbstractActionManager - com.acme.ShiroController.action.User.name = User
[Test worker] DEBUG org.codehaus.griffon.runtime.core.controller.AbstractActionManager - Configuring action com.acme.ShiroController.user with org.codehaus.griffon.runtime.shiro.ShiroActionInterceptor@11e8bec9
[Test worker] TRACE org.codehaus.griffon.runtime.core.controller.AbstractActionManager - Action for com.acme.ShiroController.user stored as user
[Test worker] DEBUG org.codehaus.griffon.runtime.core.artifact.AbstractArtifactManager - Searching for griffonClass of com.acme.ShiroModel
[Test worker] DEBUG org.codehaus.griffon.runtime.core.event.AbstractEventRouter - Triggering event 'NewInstance' synchronously
[Test worker] TRACE griffon.util.CompositeResourceBundle - Searching key=griffon.disable.threading.injection
[Test worker] TRACE griffon.util.CompositeResourceBundle - Searching key=griffon
[Test worker] DEBUG org.codehaus.griffon.runtime.core.controller.AbstractActionManager - Executing com.acme.ShiroController.user with policy OUTSIDE_UITHREAD
[Test worker] DEBUG org.codehaus.griffon.runtime.core.controller.AbstractActionManager - Executing 1 interceptor for com.acme.ShiroController.user
[Test worker] TRACE org.codehaus.griffon.runtime.core.controller.AbstractActionManager - Calling org.codehaus.griffon.runtime.shiro.ShiroActionInterceptor@11e8bec9.before() on com.acme.ShiroController.user
[Test worker] DEBUG org.codehaus.griffon.runtime.shiro.ShiroActionInterceptor - Evaluating security requirement RequirementConfiguration{requirement=USER, values=[], logical=AND}
[Test worker] TRACE org.apache.shiro.subject.support.DelegatingSubject - attempting to get session; create = false; session is null = true; session has id = false
[Test worker] DEBUG org.codehaus.griffon.runtime.shiro.ShiroActionInterceptor - Subject did not meet expected security requirements.
[Test worker] INFO org.codehaus.griffon.runtime.shiro.DefaultSecurityFailureHandler - Subject failed user challenge on com.acme.ShiroController.user
[Test worker] DEBUG org.codehaus.griffon.runtime.core.controller.AbstractActionManager - Execution of com.acme.ShiroController.user was aborted by org.codehaus.griffon.runtime.shiro.ShiroActionInterceptor@11e8bec9
[Test worker] TRACE org.codehaus.griffon.runtime.core.controller.AbstractActionManager - Status before execution of com.acme.ShiroController.user is ABORTED
[Test worker] TRACE org.codehaus.griffon.runtime.core.controller.AbstractActionManager - Calling org.codehaus.griffon.runtime.shiro.ShiroActionInterceptor@11e8bec9.after() on com.acme.ShiroController.user
[Test worker] DEBUG org.codehaus.griffon.runtime.core.event.AbstractEventRouter - Triggering event 'ShutdownRequested' synchronously
[Test worker] INFO org.codehaus.griffon.runtime.core.DefaultGriffonApplication - Shutdown is in process
[Test worker] DEBUG org.codehaus.griffon.runtime.core.DefaultGriffonApplication - Shutdown stage 1: notify all event listeners
[Test worker] DEBUG org.codehaus.griffon.runtime.core.event.AbstractEventRouter - Adding listener org.codehaus.griffon.runtime.core.AbstractGriffonApplication$1 on ShutdownStart
[Test worker] DEBUG org.codehaus.griffon.runtime.core.event.AbstractEventRouter - Triggering event 'ShutdownStart' synchronously
[Test worker] DEBUG org.codehaus.griffon.runtime.core.DefaultGriffonApplication - Shutdown stage 2: notify all shutdown handlers
[Test worker] DEBUG org.codehaus.griffon.runtime.core.DefaultGriffonApplication - Shutdown stage 3: destroy all MVC groups
[Test worker] DEBUG org.codehaus.griffon.runtime.core.DefaultGriffonApplication - Shutdown stage 4: execute Shutdown script
[Test worker] TRACE griffon.util.CompositeResourceBundle - Searching key=application.lifecycle.handler.disable
[Test worker] TRACE griffon.util.CompositeResourceBundle - Searching key=application
[Test worker] INFO org.codehaus.griffon.runtime.core.DefaultApplicationBootstrapper - Griffon 2.0.0.SNAPSHOT
[Test worker] INFO org.codehaus.griffon.runtime.core.DefaultApplicationBootstrapper - Build: 2014-03-07T17:17:07.720+0000
[Test worker] INFO org.codehaus.griffon.runtime.core.DefaultApplicationBootstrapper - JVM: 1.7.0_51 (Oracle Corporation 24.51-b03)
[Test worker] INFO org.codehaus.griffon.runtime.core.DefaultApplicationBootstrapper - OS: Linux 2.6.32-042stab084.25 amd64
[Test worker] DEBUG org.codehaus.griffon.runtime.core.DefaultApplicationBootstrapper - Creating module bindings
[Test worker] DEBUG griffon.util.AnnotationUtils - Current module order is [core, shiro, testApplicationBootstrapper$InnerClasses, testApplicationBootstrapper$Fields]
[Test worker] TRACE griffon.util.AnnotationUtils - Processing module 'core'
[Test worker] TRACE griffon.util.AnnotationUtils -   depends on '[]'
[Test worker] TRACE griffon.util.AnnotationUtils -   adding module 'core', since all dependencies have been added
[Test worker] TRACE griffon.util.AnnotationUtils - Processing module 'shiro'
[Test worker] TRACE griffon.util.AnnotationUtils -   depends on '[]'
[Test worker] TRACE griffon.util.AnnotationUtils -   adding module 'shiro', since all dependencies have been added
[Test worker] TRACE griffon.util.AnnotationUtils - Processing module 'testApplicationBootstrapper$InnerClasses'
[Test worker] TRACE griffon.util.AnnotationUtils -   depends on '[]'
[Test worker] TRACE griffon.util.AnnotationUtils -   adding module 'testApplicationBootstrapper$InnerClasses', since all dependencies have been added
[Test worker] TRACE griffon.util.AnnotationUtils - Processing module 'testApplicationBootstrapper$Fields'
[Test worker] TRACE griffon.util.AnnotationUtils -   depends on '[]'
[Test worker] TRACE griffon.util.AnnotationUtils -   adding module 'testApplicationBootstrapper$Fields', since all dependencies have been added
[Test worker] TRACE griffon.util.AnnotationUtils - module dependency ordering complete
[Test worker] DEBUG griffon.util.AnnotationUtils - computed module order is [core, shiro, testApplicationBootstrapper$InnerClasses, testApplicationBootstrapper$Fields]
[Test worker] DEBUG org.codehaus.griffon.runtime.core.DefaultApplicationBootstrapper - Loading module bindings from core:org.codehaus.griffon.runtime.core.DefaultApplicationModule@26f9279d
[Test worker] DEBUG org.codehaus.griffon.runtime.core.DefaultApplicationBootstrapper - Loading module bindings from shiro:org.codehaus.griffon.runtime.shiro.ShiroModule@2f97c868
[Test worker] DEBUG org.codehaus.griffon.runtime.core.DefaultApplicationBootstrapper - Loading module bindings from testApplicationBootstrapper$InnerClasses:org.codehaus.griffon.runtime.core.TestApplicationBootstrapper$InnerClassesModule@15e63c41
[Test worker] DEBUG org.codehaus.griffon.runtime.core.DefaultApplicationBootstrapper - Loading module bindings from testApplicationBootstrapper$Fields:org.codehaus.griffon.runtime.core.TestApplicationBootstrapper$FieldsModule@3e7ddaa2
[Test worker] TRACE org.codehaus.griffon.runtime.core.DefaultApplicationBootstrapper - InstanceBinding[source=griffon.core.GriffonApplication, instance=org.codehaus.griffon.runtime.core.DefaultGriffonApplication@43a7d906, singleton=true]
[Test worker] TRACE org.codehaus.griffon.runtime.core.DefaultApplicationBootstrapper - TargetBinding[source=griffon.core.ApplicationClassLoader, target=org.codehaus.griffon.runtime.core.DefaultApplicationClassLoader, singleton=true]
[Test worker] TRACE org.codehaus.griffon.runtime.core.DefaultApplicationBootstrapper - TargetBinding[source=griffon.core.ApplicationConfigurer, target=org.codehaus.griffon.runtime.core.DefaultApplicationConfigurer, singleton=true]
[Test worker] TRACE org.codehaus.griffon.runtime.core.DefaultApplicationBootstrapper - TargetBinding[source=griffon.core.resources.ResourceHandler, target=org.codehaus.griffon.runtime.core.resources.DefaultResourceHandler, singleton=true]
[Test worker] TRACE org.codehaus.griffon.runtime.core.DefaultApplicationBootstrapper - TargetBinding[source=griffon.util.CompositeResourceBundleBuilder, target=org.codehaus.griffon.runtime.util.DefaultCompositeResourceBundleBuilder, singleton=true]
[Test worker] TRACE org.codehaus.griffon.runtime.core.DefaultApplicationBootstrapper - ProviderBinding[source=java.util.ResourceBundle, classifier=@javax.inject.Named(value=applicationResourceBundle), provider=org.codehaus.griffon.runtime.util.ResourceBundleProvider@40993b9d, singleton=true]
[Test worker] TRACE org.codehaus.griffon.runtime.core.DefaultApplicationBootstrapper - TargetBinding[source=griffon.core.Configuration, target=org.codehaus.griffon.runtime.core.DefaultConfiguration, singleton=true]
[Test worker] TRACE org.codehaus.griffon.runtime.core.DefaultApplicationBootstrapper - TargetBinding[source=griffon.core.ExecutorServiceManager, target=org.codehaus.griffon.runtime.core.DefaultExecutorServiceManager, singleton=true]
[Test worker] TRACE org.codehaus.griffon.runtime.core.DefaultApplicationBootstrapper - TargetBinding[source=griffon.core.event.EventRouter, classifier=@javax.inject.Named(value=applicationEventRouter), target=org.codehaus.griffon.runtime.core.event.DefaultEventRouter, singleton=true]
[Test worker] TRACE org.codehaus.griffon.runtime.core.DefaultApplicationBootstrapper - TargetBinding[source=griffon.core.event.EventRouter, target=org.codehaus.griffon.runtime.core.event.DefaultEventRouter, singleton=false]
[Test worker] TRACE org.codehaus.griffon.runtime.core.DefaultApplicationBootstrapper - ProviderBinding[source=griffon.core.resources.ResourceResolver, classifier=@javax.inject.Named(value=applicationResourceResolver), provider=org.codehaus.griffon.runtime.core.resources.ResourceResolverProvider@c18e18d, singleton=true]
[Test worker] TRACE org.codehaus.griffon.runtime.core.DefaultApplicationBootstrapper - ProviderBinding[source=griffon.core.i18n.MessageSource, classifier=@javax.inject.Named(value=applicationMessageSource), provider=org.codehaus.griffon.runtime.core.i18n.MessageSourceProvider@357ff62f, singleton=true]
[Test worker] TRACE org.codehaus.griffon.runtime.core.DefaultApplicationBootstrapper - TargetBinding[source=griffon.core.resources.ResourceInjector, classifier=@javax.inject.Named(value=applicationResourceInjector), target=org.codehaus.griffon.runtime.core.resources.DefaultApplicationResourceInjector, singleton=true]
[Test worker] TRACE org.codehaus.griffon.runtime.core.DefaultApplicationBootstrapper - TargetBinding[source=griffon.core.threading.UIThreadManager, target=org.codehaus.griffon.runtime.core.threading.DefaultUIThreadManager, singleton=true]
[Test worker] TRACE org.codehaus.griffon.runtime.core.DefaultApplicationBootstrapper - TargetBinding[source=griffon.core.mvc.MVCGroupManager, target=org.codehaus.griffon.runtime.core.mvc.DefaultMVCGroupManager, singleton=true]
[Test worker] TRACE org.codehaus.griffon.runtime.core.DefaultApplicationBootstrapper - ProviderBinding[source=griffon.core.LifecycleHandler, classifier=@javax.inject.Named(value=Initialize), provider=org.codehaus.griffon.runtime.core.LifecycleHandlerProvider@63fba319, singleton=true]
[Test worker] TRACE org.codehaus.griffon.runtime.core.DefaultApplicationBootstrapper - ProviderBinding[source=griffon.core.LifecycleHandler, classifier=@javax.inject.Named(value=Startup), provider=org.codehaus.griffon.runtime.core.LifecycleHandlerProvider@1d90f197, singleton=true]
[Test worker] TRACE org.codehaus.griffon.runtime.core.DefaultApplicationBootstrapper - ProviderBinding[source=griffon.core.LifecycleHandler, classifier=@javax.inject.Named(value=Ready), provider=org.codehaus.griffon.runtime.core.LifecycleHandlerProvider@16e4ffab, singleton=true]
[Test worker] TRACE org.codehaus.griffon.runtime.core.DefaultApplicationBootstrapper - ProviderBinding[source=griffon.core.LifecycleHandler, classifier=@javax.inject.Named(value=Shutdown), provider=org.codehaus.griffon.runtime.core.LifecycleHandlerProvider@144d3f4b, singleton=true]
[Test worker] TRACE org.codehaus.griffon.runtime.core.DefaultApplicationBootstrapper - ProviderBinding[source=griffon.core.LifecycleHandler, classifier=@javax.inject.Named(value=Stop), provider=org.codehaus.griffon.runtime.core.LifecycleHandlerProvider@5b765f56, singleton=true]
[Test worker] TRACE org.codehaus.griffon.runtime.core.DefaultApplicationBootstrapper - TargetBinding[source=griffon.core.view.WindowManager, target=org.codehaus.griffon.runtime.core.view.NoopWindowManager, singleton=true]
[Test worker] TRACE org.codehaus.griffon.runtime.core.DefaultApplicationBootstrapper - TargetBinding[source=griffon.core.controller.ActionManager, target=org.codehaus.griffon.runtime.core.controller.DefaultActionManager, singleton=true]
[Test worker] TRACE org.codehaus.griffon.runtime.core.DefaultApplicationBootstrapper - TargetBinding[source=griffon.core.artifact.ArtifactManager, target=org.codehaus.griffon.runtime.core.artifact.DefaultArtifactManager, singleton=true]
[Test worker] TRACE org.codehaus.griffon.runtime.core.DefaultApplicationBootstrapper - TargetBinding[source=griffon.core.artifact.ArtifactHandler, classifier=@griffon.inject.Typed(value=interface griffon.core.artifact.GriffonModel), target=org.codehaus.griffon.runtime.core.artifact.ModelArtifactHandler, singleton=true]
[Test worker] TRACE org.codehaus.griffon.runtime.core.DefaultApplicationBootstrapper - TargetBinding[source=griffon.core.artifact.ArtifactHandler, classifier=@griffon.inject.Typed(value=interface griffon.core.artifact.GriffonView), target=org.codehaus.griffon.runtime.core.artifact.ViewArtifactHandler, singleton=true]
[Test worker] TRACE org.codehaus.griffon.runtime.core.DefaultApplicationBootstrapper - TargetBinding[source=griffon.core.artifact.ArtifactHandler, classifier=@griffon.inject.Typed(value=interface griffon.core.artifact.GriffonController), target=org.codehaus.griffon.runtime.core.artifact.ControllerArtifactHandler, singleton=true]
[Test worker] TRACE org.codehaus.griffon.runtime.core.DefaultApplicationBootstrapper - TargetBinding[source=griffon.core.artifact.ArtifactHandler, classifier=@griffon.inject.Typed(value=interface griffon.core.artifact.GriffonService), target=org.codehaus.griffon.runtime.core.artifact.ServiceArtifactHandler, singleton=true]
[Test worker] TRACE org.codehaus.griffon.runtime.core.DefaultApplicationBootstrapper - ProviderTypeBinding[source=griffon.core.PlatformHandler, providerType=class org.codehaus.griffon.runtime.core.PlatformHandlerProvider, singleton=true]
[Test worker] TRACE org.codehaus.griffon.runtime.core.DefaultApplicationBootstrapper - TargetBinding[source=griffon.core.addon.AddonManager, target=org.codehaus.griffon.runtime.core.addon.DefaultAddonManager, singleton=true]
[Test worker] TRACE org.codehaus.griffon.runtime.core.DefaultApplicationBootstrapper - TargetBinding[source=griffon.core.event.EventHandler, target=org.codehaus.griffon.runtime.core.event.DefaultEventHandler, singleton=true]
[Test worker] TRACE org.codehaus.griffon.runtime.core.DefaultApplicationBootstrapper - TargetBinding[source=griffon.core.GriffonExceptionHandler, target=griffon.core.GriffonExceptionHandler, singleton=true]
[Test worker] TRACE org.codehaus.griffon.runtime.core.DefaultApplicationBootstrapper - ProviderTypeBinding[source=org.apache.shiro.mgt.SecurityManager, providerType=class org.codehaus.griffon.runtime.shiro.SecurityManagerProvider, singleton=true]
[Test worker] TRACE org.codehaus.griffon.runtime.core.DefaultApplicationBootstrapper - ProviderTypeBinding[source=org.apache.shiro.subject.Subject, providerType=class org.codehaus.griffon.runtime.shiro.SubjectProvider, singleton=true]
[Test worker] TRACE org.codehaus.griffon.runtime.core.DefaultApplicationBootstrapper - TargetBinding[source=griffon.plugins.shiro.SecurityFailureHandler, target=org.codehaus.griffon.runtime.shiro.DefaultSecurityFailureHandler, singleton=true]
[Test worker] TRACE org.codehaus.griffon.runtime.core.DefaultApplicationBootstrapper - TargetBinding[source=griffon.core.controller.ActionInterceptor, target=org.codehaus.griffon.runtime.shiro.ShiroActionInterceptor, singleton=true]
[Test worker] DEBUG org.codehaus.griffon.runtime.core.DefaultApplicationBootstrapper - Creating application injector
[Test worker] DEBUG org.codehaus.griffon.runtime.core.DefaultApplicationBootstrapper - Injector will be created by org.codehaus.griffon.runtime.injection.GuiceInjectorFactory@3afa9e25
[Test worker] DEBUG org.codehaus.griffon.runtime.core.event.AbstractEventRouter - Adding listener org.codehaus.griffon.runtime.core.MVCGroupExceptionHandler on UncaughtMVCGroupConfigurationException
[Test worker] DEBUG org.codehaus.griffon.runtime.core.event.AbstractEventRouter - Adding listener org.codehaus.griffon.runtime.core.MVCGroupExceptionHandler on UncaughtMVCGroupInstantiationException
[Test worker] DEBUG org.codehaus.griffon.runtime.core.event.AbstractEventRouter - Triggering event 'BootstrapStart' synchronously
[Test worker] DEBUG griffon.util.ServiceLoaderUtils - Reading java.beans.PropertyEditor definitions from jar:file:/home/travis/build/griffon/griffon/subprojects/griffon-core/build/libs/griffon-core-2.0.0.SNAPSHOT.jar!/META-INF/editors/java.beans.PropertyEditor
[Test worker] DEBUG org.codehaus.griffon.runtime.core.DefaultApplicationConfigurer - Registering griffon.core.editors.StringPropertyEditor as editor for java.lang.String
[Test worker] DEBUG org.codehaus.griffon.runtime.core.DefaultApplicationConfigurer - Registering griffon.core.editors.FilePropertyEditor as editor for java.io.File
[Test worker] DEBUG org.codehaus.griffon.runtime.core.DefaultApplicationConfigurer - Registering griffon.core.editors.URLPropertyEditor as editor for java.net.URL
[Test worker] DEBUG org.codehaus.griffon.runtime.core.DefaultApplicationConfigurer - Registering griffon.core.editors.URIPropertyEditor as editor for java.net.URI
[Test worker] DEBUG org.codehaus.griffon.runtime.core.DefaultApplicationConfigurer - Registering griffon.core.editors.BigDecimalPropertyEditor as editor for java.math.BigDecimal
[Test worker] DEBUG org.codehaus.griffon.runtime.core.DefaultApplicationConfigurer - Registering griffon.core.editors.BigIntegerPropertyEditor as editor for java.math.BigInteger
[Test worker] DEBUG org.codehaus.griffon.runtime.core.DefaultApplicationConfigurer - Registering griffon.core.editors.BooleanPropertyEditor as editor for java.lang.Boolean
[Test worker] DEBUG org.codehaus.griffon.runtime.core.DefaultApplicationConfigurer - Registering griffon.core.editors.BytePropertyEditor as editor for java.lang.Byte
[Test worker] DEBUG org.codehaus.griffon.runtime.core.DefaultApplicationConfigurer - Registering griffon.core.editors.ShortPropertyEditor as editor for java.lang.Short
[Test worker] DEBUG org.codehaus.griffon.runtime.core.DefaultApplicationConfigurer - Registering griffon.core.editors.IntegerPropertyEditor as editor for java.lang.Integer
[Test worker] DEBUG org.codehaus.griffon.runtime.core.DefaultApplicationConfigurer - Registering griffon.core.editors.LongPropertyEditor as editor for java.lang.Long
[Test worker] DEBUG org.codehaus.griffon.runtime.core.DefaultApplicationConfigurer - Registering griffon.core.editors.FloatPropertyEditor as editor for java.lang.Float
[Test worker] DEBUG org.codehaus.griffon.runtime.core.DefaultApplicationConfigurer - Registering griffon.core.editors.DoublePropertyEditor as editor for java.lang.Double
[Test worker] DEBUG org.codehaus.griffon.runtime.core.DefaultApplicationConfigurer - Registering griffon.core.editors.CalendarPropertyEditor as editor for java.util.Calendar
[Test worker] DEBUG org.codehaus.griffon.runtime.core.DefaultApplicationConfigurer - Registering griffon.core.editors.DatePropertyEditor as editor for java.util.Date
[Test worker] DEBUG org.codehaus.griffon.runtime.core.DefaultApplicationConfigurer - Registering griffon.core.editors.BooleanPropertyEditor as editor for boolean
[Test worker] DEBUG org.codehaus.griffon.runtime.core.DefaultApplicationConfigurer - Registering griffon.core.editors.BytePropertyEditor as editor for byte
[Test worker] DEBUG org.codehaus.griffon.runtime.core.DefaultApplicationConfigurer - Registering griffon.core.editors.ShortPropertyEditor as editor for short
[Test worker] DEBUG org.codehaus.griffon.runtime.core.DefaultApplicationConfigurer - Registering griffon.core.editors.IntegerPropertyEditor as editor for int
[Test worker] DEBUG org.codehaus.griffon.runtime.core.DefaultApplicationConfigurer - Registering griffon.core.editors.LongPropertyEditor as editor for long
[Test worker] DEBUG org.codehaus.griffon.runtime.core.DefaultApplicationConfigurer - Registering griffon.core.editors.FloatPropertyEditor as editor for float
[Test worker] DEBUG org.codehaus.griffon.runtime.core.DefaultApplicationConfigurer - Registering griffon.core.editors.DoublePropertyEditor as editor for double
[Test worker] DEBUG org.codehaus.griffon.runtime.core.event.AbstractEventRouter - Adding listener org.codehaus.griffon.runtime.core.DefaultApplicationConfigurer$2 on NewInstance
[Test worker] TRACE griffon.util.CompositeResourceBundle - Searching key=application.lifecycle.handler.disable
[Test worker] TRACE griffon.util.CompositeResourceBundle - Searching key=application
[Test worker] TRACE griffon.util.CompositeResourceBundle - Searching key=platform.handler.linux64
[Test worker] TRACE griffon.util.CompositeResourceBundle - Searching key=platform
[Test worker] DEBUG org.codehaus.griffon.runtime.core.PlatformHandlerProvider - Using org.codehaus.griffon.runtime.core.DefaultPlatformHandler as PlatformHandler
[Test worker] DEBUG org.codehaus.griffon.runtime.core.addon.AbstractAddonManager - Loading addons [START]
[Test worker] DEBUG griffon.util.AnnotationUtils - computed addon order is []
[Test worker] DEBUG org.codehaus.griffon.runtime.core.event.AbstractEventRouter - Triggering event 'LoadAddonsStart' synchronously
[Test worker] DEBUG org.codehaus.griffon.runtime.core.addon.AbstractAddonManager - Loading addons [END]
[Test worker] DEBUG org.codehaus.griffon.runtime.core.event.AbstractEventRouter - Triggering event 'LoadAddonsEnd' synchronously
[Test worker] TRACE griffon.util.CompositeResourceBundle - Searching key=mvcGroups
[Test worker] TRACE griffon.util.CompositeResourceBundle - Searching key=mvcGroups
[Test worker] DEBUG org.codehaus.griffon.runtime.core.event.AbstractEventRouter - Adding listener org.codehaus.griffon.runtime.core.DefaultApplicationConfigurer$3 on NewInstance
[Test worker] TRACE griffon.util.CompositeResourceBundle - Searching key=shiro.realm.resource.path
[Test worker] TRACE griffon.util.CompositeResourceBundle - Searching key=shiro
[Test worker] DEBUG org.apache.shiro.realm.text.PropertiesRealm - Loading user security information from file [classpath:shiro-users.properties]...
[Test worker] DEBUG org.apache.shiro.realm.text.PropertiesRealm - Opening input stream for path [classpath:shiro-users.properties]...
[Test worker] DEBUG org.apache.shiro.io.ResourceUtils - Opening resource from class path [shiro-users.properties]
[Test worker] DEBUG org.apache.shiro.realm.text.PropertiesRealm - Loading properties from path [classpath:shiro-users.properties]...
[Test worker] TRACE org.apache.shiro.realm.text.PropertiesRealm - Processing properties line - key: [user.joe], value: [joe,employee].
[Test worker] TRACE org.apache.shiro.realm.text.PropertiesRealm - Processing properties line - key: [user.bob], value: [bob,manager,employee].
[Test worker] TRACE org.apache.shiro.realm.text.PropertiesRealm - Processing properties line - key: [role.administrator], value: [*].
[Test worker] TRACE org.apache.shiro.realm.text.PropertiesRealm - Processing properties line - key: [role.manager], value: [user:write].
[Test worker] TRACE org.apache.shiro.realm.text.PropertiesRealm - Processing properties line - key: [user.root], value: [root,administrator,manager].
[Test worker] TRACE org.apache.shiro.realm.text.PropertiesRealm - Processing properties line - key: [role.employee], value: [user:read].
[Test worker] TRACE org.apache.shiro.util.ThreadContext - get() - in thread [Test worker]
[Test worker] TRACE org.apache.shiro.util.ThreadContext - Retrieved value of type [org.apache.shiro.subject.support.DelegatingSubject] for key [org.apache.shiro.util.ThreadContext_SUBJECT_KEY] bound to thread [Test worker]
[Test worker] TRACE griffon.util.CompositeResourceBundle - Searching key=griffon.controller.action.interceptor.order
[Test worker] TRACE griffon.util.CompositeResourceBundle - Searching key=griffon
[Test worker] DEBUG griffon.util.AnnotationUtils - Current interceptor order is [shiro]
[Test worker] TRACE griffon.util.AnnotationUtils - Processing interceptor 'shiro'
[Test worker] TRACE griffon.util.AnnotationUtils -   depends on '[]'
[Test worker] TRACE griffon.util.AnnotationUtils -   adding interceptor 'shiro', since all dependencies have been added
[Test worker] TRACE griffon.util.AnnotationUtils - interceptor dependency ordering complete
[Test worker] DEBUG griffon.util.AnnotationUtils - computed interceptor order is [shiro]
[Test worker] DEBUG org.codehaus.griffon.runtime.core.artifact.AbstractArtifactManager - Registering artifact handler for type 'model': org.codehaus.griffon.runtime.core.artifact.ModelArtifactHandler@49f2bca4
[Test worker] DEBUG org.codehaus.griffon.runtime.core.artifact.AbstractArtifactManager - Registering artifact handler for type 'view': org.codehaus.griffon.runtime.core.artifact.ViewArtifactHandler@5f3ed8e9
[Test worker] DEBUG org.codehaus.griffon.runtime.core.artifact.AbstractArtifactManager - Registering artifact handler for type 'controller': org.codehaus.griffon.runtime.core.artifact.ControllerArtifactHandler@1712d9d9
[Test worker] DEBUG org.codehaus.griffon.runtime.core.artifact.AbstractArtifactManager - Registering artifact handler for type 'service': org.codehaus.griffon.runtime.core.artifact.ServiceArtifactHandler@569c4164
[Test worker] DEBUG griffon.util.ServiceLoaderUtils - Reading griffon.core.artifact.GriffonController definitions from file:/home/travis/build/griffon/griffon/plugins/griffon-shiro-plugin/build/classes/test/META-INF/griffon/griffon.core.artifact.GriffonController
[Test worker] DEBUG griffon.util.ServiceLoaderUtils - Reading griffon.core.artifact.GriffonModel definitions from file:/home/travis/build/griffon/griffon/plugins/griffon-shiro-plugin/build/classes/test/META-INF/griffon/griffon.core.artifact.GriffonModel
[Test worker] DEBUG org.codehaus.griffon.runtime.core.artifact.DefaultArtifactManager - Artifacts of type 'controller' = 1
[Test worker] DEBUG org.codehaus.griffon.runtime.core.artifact.DefaultArtifactManager - Artifacts of type 'model' = 1
[Test worker] TRACE org.codehaus.griffon.runtime.core.artifact.AbstractArtifactManager - InstanceBinding[source=griffon.core.artifact.GriffonClass, classifier=@griffon.inject.Typed(value=class com.acme.ShiroController), instance=Artifact[controller] > Shiro, singleton=true]
[Test worker] TRACE org.codehaus.griffon.runtime.core.artifact.AbstractArtifactManager - TargetBinding[source=com.acme.ShiroController, target=com.acme.ShiroController, singleton=false]
[Test worker] TRACE org.codehaus.griffon.runtime.core.artifact.AbstractArtifactManager - InstanceBinding[source=griffon.core.artifact.GriffonClass, classifier=@griffon.inject.Typed(value=class com.acme.ShiroModel), instance=Artifact[model] > Shiro, singleton=true]
[Test worker] TRACE org.codehaus.griffon.runtime.core.artifact.AbstractArtifactManager - TargetBinding[source=com.acme.ShiroModel, target=com.acme.ShiroModel, singleton=false]
[Test worker] DEBUG org.codehaus.griffon.runtime.core.event.AbstractEventRouter - Triggering event 'BootstrapEnd' synchronously
[Test worker] DEBUG org.codehaus.griffon.runtime.core.artifact.AbstractArtifactManager - Searching for griffonClass of com.acme.ShiroController
[Test worker] DEBUG org.codehaus.griffon.runtime.core.event.AbstractEventRouter - Triggering event 'NewInstance' synchronously
[Test worker] DEBUG org.codehaus.griffon.runtime.core.artifact.AbstractArtifactManager - Searching for griffonClass of com.acme.ShiroController
[Test worker] TRACE griffon.util.CompositeResourceBundle - Searching key=com.acme.ShiroController.action.Authenticated.name
[Test worker] TRACE griffon.util.CompositeResourceBundle - Searching key=application.action.Authenticated.name
[Test worker] TRACE org.codehaus.griffon.runtime.core.controller.AbstractActionManager - com.acme.ShiroController.action.Authenticated.name = Authenticated
[Test worker] DEBUG org.codehaus.griffon.runtime.core.controller.AbstractActionManager - Configuring action com.acme.ShiroController.authenticated with org.codehaus.griffon.runtime.shiro.ShiroActionInterceptor@6323ba32
[Test worker] TRACE org.codehaus.griffon.runtime.core.controller.AbstractActionManager - Action for com.acme.ShiroController.authenticated stored as authenticated
[Test worker] TRACE griffon.util.CompositeResourceBundle - Searching key=com.acme.ShiroController.action.Guest.name
[Test worker] TRACE griffon.util.CompositeResourceBundle - Searching key=application.action.Guest.name
[Test worker] TRACE org.codehaus.griffon.runtime.core.controller.AbstractActionManager - com.acme.ShiroController.action.Guest.name = Guest
[Test worker] DEBUG org.codehaus.griffon.runtime.core.controller.AbstractActionManager - Configuring action com.acme.ShiroController.guest with org.codehaus.griffon.runtime.shiro.ShiroActionInterceptor@6323ba32
[Test worker] TRACE org.codehaus.griffon.runtime.core.controller.AbstractActionManager - Action for com.acme.ShiroController.guest stored as guest
[Test worker] TRACE griffon.util.CompositeResourceBundle - Searching key=com.acme.ShiroController.action.Permissions.name
[Test worker] TRACE griffon.util.CompositeResourceBundle - Searching key=application.action.Permissions.name
[Test worker] TRACE org.codehaus.griffon.runtime.core.controller.AbstractActionManager - com.acme.ShiroController.action.Permissions.name = Permissions
[Test worker] DEBUG org.codehaus.griffon.runtime.core.controller.AbstractActionManager - Configuring action com.acme.ShiroController.permissions with org.codehaus.griffon.runtime.shiro.ShiroActionInterceptor@6323ba32
[Test worker] TRACE org.codehaus.griffon.runtime.core.controller.AbstractActionManager - Action for com.acme.ShiroController.permissions stored as permissions
[Test worker] TRACE griffon.util.CompositeResourceBundle - Searching key=com.acme.ShiroController.action.Roles.name
[Test worker] TRACE griffon.util.CompositeResourceBundle - Searching key=application.action.Roles.name
[Test worker] TRACE org.codehaus.griffon.runtime.core.controller.AbstractActionManager - com.acme.ShiroController.action.Roles.name = Roles
[Test worker] DEBUG org.codehaus.griffon.runtime.core.controller.AbstractActionManager - Configuring action com.acme.ShiroController.roles with org.codehaus.griffon.runtime.shiro.ShiroActionInterceptor@6323ba32
[Test worker] TRACE org.codehaus.griffon.runtime.core.controller.AbstractActionManager - Action for com.acme.ShiroController.roles stored as roles
[Test worker] TRACE griffon.util.CompositeResourceBundle - Searching key=com.acme.ShiroController.action.User.name
[Test worker] TRACE griffon.util.CompositeResourceBundle - Searching key=application.action.User.name
[Test worker] TRACE org.codehaus.griffon.runtime.core.controller.AbstractActionManager - com.acme.ShiroController.action.User.name = User
[Test worker] DEBUG org.codehaus.griffon.runtime.core.controller.AbstractActionManager - Configuring action com.acme.ShiroController.user with org.codehaus.griffon.runtime.shiro.ShiroActionInterceptor@6323ba32
[Test worker] TRACE org.codehaus.griffon.runtime.core.controller.AbstractActionManager - Action for com.acme.ShiroController.user stored as user
[Test worker] DEBUG org.codehaus.griffon.runtime.core.artifact.AbstractArtifactManager - Searching for griffonClass of com.acme.ShiroModel
[Test worker] DEBUG org.codehaus.griffon.runtime.core.event.AbstractEventRouter - Triggering event 'NewInstance' synchronously
[Test worker] TRACE griffon.util.CompositeResourceBundle - Searching key=griffon.disable.threading.injection
[Test worker] TRACE griffon.util.CompositeResourceBundle - Searching key=griffon
[Test worker] DEBUG org.codehaus.griffon.runtime.core.controller.AbstractActionManager - Executing com.acme.ShiroController.authenticated with policy OUTSIDE_UITHREAD
[Test worker] DEBUG org.codehaus.griffon.runtime.core.controller.AbstractActionManager - Executing 1 interceptor for com.acme.ShiroController.authenticated
[Test worker] TRACE org.codehaus.griffon.runtime.core.controller.AbstractActionManager - Calling org.codehaus.griffon.runtime.shiro.ShiroActionInterceptor@6323ba32.before() on com.acme.ShiroController.authenticated
[Test worker] DEBUG org.codehaus.griffon.runtime.shiro.ShiroActionInterceptor - Evaluating security requirement RequirementConfiguration{requirement=AUTHENTICATION, values=[], logical=AND}
[Test worker] DEBUG org.codehaus.griffon.runtime.shiro.ShiroActionInterceptor - Subject did not meet expected security requirements.
[Test worker] INFO org.codehaus.griffon.runtime.shiro.DefaultSecurityFailureHandler - Subject failed authentication challenge on com.acme.ShiroController.authenticated
[Test worker] DEBUG org.codehaus.griffon.runtime.core.controller.AbstractActionManager - Execution of com.acme.ShiroController.authenticated was aborted by org.codehaus.griffon.runtime.shiro.ShiroActionInterceptor@6323ba32
[Test worker] TRACE org.codehaus.griffon.runtime.core.controller.AbstractActionManager - Status before execution of com.acme.ShiroController.authenticated is ABORTED
[Test worker] TRACE org.codehaus.griffon.runtime.core.controller.AbstractActionManager - Calling org.codehaus.griffon.runtime.shiro.ShiroActionInterceptor@6323ba32.after() on com.acme.ShiroController.authenticated
[Test worker] DEBUG org.codehaus.griffon.runtime.core.event.AbstractEventRouter - Triggering event 'ShutdownRequested' synchronously
[Test worker] INFO org.codehaus.griffon.runtime.core.DefaultGriffonApplication - Shutdown is in process
[Test worker] DEBUG org.codehaus.griffon.runtime.core.DefaultGriffonApplication - Shutdown stage 1: notify all event listeners
[Test worker] DEBUG org.codehaus.griffon.runtime.core.event.AbstractEventRouter - Adding listener org.codehaus.griffon.runtime.core.AbstractGriffonApplication$1 on ShutdownStart
[Test worker] DEBUG org.codehaus.griffon.runtime.core.event.AbstractEventRouter - Triggering event 'ShutdownStart' synchronously
[Test worker] DEBUG org.codehaus.griffon.runtime.core.DefaultGriffonApplication - Shutdown stage 2: notify all shutdown handlers
[Test worker] DEBUG org.codehaus.griffon.runtime.core.DefaultGriffonApplication - Shutdown stage 3: destroy all MVC groups
[Test worker] DEBUG org.codehaus.griffon.runtime.core.DefaultGriffonApplication - Shutdown stage 4: execute Shutdown script
[Test worker] TRACE griffon.util.CompositeResourceBundle - Searching key=application.lifecycle.handler.disable
[Test worker] TRACE griffon.util.CompositeResourceBundle - Searching key=application
[Test worker] INFO org.codehaus.griffon.runtime.core.DefaultApplicationBootstrapper - Griffon 2.0.0.SNAPSHOT
[Test worker] INFO org.codehaus.griffon.runtime.core.DefaultApplicationBootstrapper - Build: 2014-03-07T17:17:07.720+0000
[Test worker] INFO org.codehaus.griffon.runtime.core.DefaultApplicationBootstrapper - JVM: 1.7.0_51 (Oracle Corporation 24.51-b03)
[Test worker] INFO org.codehaus.griffon.runtime.core.DefaultApplicationBootstrapper - OS: Linux 2.6.32-042stab084.25 amd64
[Test worker] DEBUG org.codehaus.griffon.runtime.core.DefaultApplicationBootstrapper - Creating module bindings
[Test worker] DEBUG griffon.util.AnnotationUtils - Current module order is [core, shiro, testApplicationBootstrapper$InnerClasses, testApplicationBootstrapper$Fields]
[Test worker] TRACE griffon.util.AnnotationUtils - Processing module 'core'
[Test worker] TRACE griffon.util.AnnotationUtils -   depends on '[]'
[Test worker] TRACE griffon.util.AnnotationUtils -   adding module 'core', since all dependencies have been added
[Test worker] TRACE griffon.util.AnnotationUtils - Processing module 'shiro'
[Test worker] TRACE griffon.util.AnnotationUtils -   depends on '[]'
[Test worker] TRACE griffon.util.AnnotationUtils -   adding module 'shiro', since all dependencies have been added
[Test worker] TRACE griffon.util.AnnotationUtils - Processing module 'testApplicationBootstrapper$InnerClasses'
[Test worker] TRACE griffon.util.AnnotationUtils -   depends on '[]'
[Test worker] TRACE griffon.util.AnnotationUtils -   adding module 'testApplicationBootstrapper$InnerClasses', since all dependencies have been added
[Test worker] TRACE griffon.util.AnnotationUtils - Processing module 'testApplicationBootstrapper$Fields'
[Test worker] TRACE griffon.util.AnnotationUtils -   depends on '[]'
[Test worker] TRACE griffon.util.AnnotationUtils -   adding module 'testApplicationBootstrapper$Fields', since all dependencies have been added
[Test worker] TRACE griffon.util.AnnotationUtils - module dependency ordering complete
[Test worker] DEBUG griffon.util.AnnotationUtils - computed module order is [core, shiro, testApplicationBootstrapper$InnerClasses, testApplicationBootstrapper$Fields]
[Test worker] DEBUG org.codehaus.griffon.runtime.core.DefaultApplicationBootstrapper - Loading module bindings from core:org.codehaus.griffon.runtime.core.DefaultApplicationModule@17694e84
[Test worker] DEBUG org.codehaus.griffon.runtime.core.DefaultApplicationBootstrapper - Loading module bindings from shiro:org.codehaus.griffon.runtime.shiro.ShiroModule@2a1c81e
[Test worker] DEBUG org.codehaus.griffon.runtime.core.DefaultApplicationBootstrapper - Loading module bindings from testApplicationBootstrapper$InnerClasses:org.codehaus.griffon.runtime.core.TestApplicationBootstrapper$InnerClassesModule@4b592aeb
[Test worker] DEBUG org.codehaus.griffon.runtime.core.DefaultApplicationBootstrapper - Loading module bindings from testApplicationBootstrapper$Fields:org.codehaus.griffon.runtime.core.TestApplicationBootstrapper$FieldsModule@4b10d0f2
[Test worker] TRACE org.codehaus.griffon.runtime.core.DefaultApplicationBootstrapper - InstanceBinding[source=griffon.core.GriffonApplication, instance=org.codehaus.griffon.runtime.core.DefaultGriffonApplication@4e57449e, singleton=true]
[Test worker] TRACE org.codehaus.griffon.runtime.core.DefaultApplicationBootstrapper - TargetBinding[source=griffon.core.ApplicationClassLoader, target=org.codehaus.griffon.runtime.core.DefaultApplicationClassLoader, singleton=true]
[Test worker] TRACE org.codehaus.griffon.runtime.core.DefaultApplicationBootstrapper - TargetBinding[source=griffon.core.ApplicationConfigurer, target=org.codehaus.griffon.runtime.core.DefaultApplicationConfigurer, singleton=true]
[Test worker] TRACE org.codehaus.griffon.runtime.core.DefaultApplicationBootstrapper - TargetBinding[source=griffon.core.resources.ResourceHandler, target=org.codehaus.griffon.runtime.core.resources.DefaultResourceHandler, singleton=true]
[Test worker] TRACE org.codehaus.griffon.runtime.core.DefaultApplicationBootstrapper - TargetBinding[source=griffon.util.CompositeResourceBundleBuilder, target=org.codehaus.griffon.runtime.util.DefaultCompositeResourceBundleBuilder, singleton=true]
[Test worker] TRACE org.codehaus.griffon.runtime.core.DefaultApplicationBootstrapper - ProviderBinding[source=java.util.ResourceBundle, classifier=@javax.inject.Named(value=applicationResourceBundle), provider=org.codehaus.griffon.runtime.util.ResourceBundleProvider@435a0940, singleton=true]
[Test worker] TRACE org.codehaus.griffon.runtime.core.DefaultApplicationBootstrapper - TargetBinding[source=griffon.core.Configuration, target=org.codehaus.griffon.runtime.core.DefaultConfiguration, singleton=true]
[Test worker] TRACE org.codehaus.griffon.runtime.core.DefaultApplicationBootstrapper - TargetBinding[source=griffon.core.ExecutorServiceManager, target=org.codehaus.griffon.runtime.core.DefaultExecutorServiceManager, singleton=true]
[Test worker] TRACE org.codehaus.griffon.runtime.core.DefaultApplicationBootstrapper - TargetBinding[source=griffon.core.event.EventRouter, classifier=@javax.inject.Named(value=applicationEventRouter), target=org.codehaus.griffon.runtime.core.event.DefaultEventRouter, singleton=true]
[Test worker] TRACE org.codehaus.griffon.runtime.core.DefaultApplicationBootstrapper - TargetBinding[source=griffon.core.event.EventRouter, target=org.codehaus.griffon.runtime.core.event.DefaultEventRouter, singleton=false]
[Test worker] TRACE org.codehaus.griffon.runtime.core.DefaultApplicationBootstrapper - ProviderBinding[source=griffon.core.resources.ResourceResolver, classifier=@javax.inject.Named(value=applicationResourceResolver), provider=org.codehaus.griffon.runtime.core.resources.ResourceResolverProvider@4c156b4b, singleton=true]
[Test worker] TRACE org.codehaus.griffon.runtime.core.DefaultApplicationBootstrapper - ProviderBinding[source=griffon.core.i18n.MessageSource, classifier=@javax.inject.Named(value=applicationMessageSource), provider=org.codehaus.griffon.runtime.core.i18n.MessageSourceProvider@12372ff3, singleton=true]
[Test worker] TRACE org.codehaus.griffon.runtime.core.DefaultApplicationBootstrapper - TargetBinding[source=griffon.core.resources.ResourceInjector, classifier=@javax.inject.Named(value=applicationResourceInjector), target=org.codehaus.griffon.runtime.core.resources.DefaultApplicationResourceInjector, singleton=true]
[Test worker] TRACE org.codehaus.griffon.runtime.core.DefaultApplicationBootstrapper - TargetBinding[source=griffon.core.threading.UIThreadManager, target=org.codehaus.griffon.runtime.core.threading.DefaultUIThreadManager, singleton=true]
[Test worker] TRACE org.codehaus.griffon.runtime.core.DefaultApplicationBootstrapper - TargetBinding[source=griffon.core.mvc.MVCGroupManager, target=org.codehaus.griffon.runtime.core.mvc.DefaultMVCGroupManager, singleton=true]
[Test worker] TRACE org.codehaus.griffon.runtime.core.DefaultApplicationBootstrapper - ProviderBinding[source=griffon.core.LifecycleHandler, classifier=@javax.inject.Named(value=Initialize), provider=org.codehaus.griffon.runtime.core.LifecycleHandlerProvider@652d03dc, singleton=true]
[Test worker] TRACE org.codehaus.griffon.runtime.core.DefaultApplicationBootstrapper - ProviderBinding[source=griffon.core.LifecycleHandler, classifier=@javax.inject.Named(value=Startup), provider=org.codehaus.griffon.runtime.core.LifecycleHandlerProvider@6e589468, singleton=true]
[Test worker] TRACE org.codehaus.griffon.runtime.core.DefaultApplicationBootstrapper - ProviderBinding[source=griffon.core.LifecycleHandler, classifier=@javax.inject.Named(value=Ready), provider=org.codehaus.griffon.runtime.core.LifecycleHandlerProvider@79777070, singleton=true]
[Test worker] TRACE org.codehaus.griffon.runtime.core.DefaultApplicationBootstrapper - ProviderBinding[source=griffon.core.LifecycleHandler, classifier=@javax.inject.Named(value=Shutdown), provider=org.codehaus.griffon.runtime.core.LifecycleHandlerProvider@1077075d, singleton=true]
[Test worker] TRACE org.codehaus.griffon.runtime.core.DefaultApplicationBootstrapper - ProviderBinding[source=griffon.core.LifecycleHandler, classifier=@javax.inject.Named(value=Stop), provider=org.codehaus.griffon.runtime.core.LifecycleHandlerProvider@7684731c, singleton=true]
[Test worker] TRACE org.codehaus.griffon.runtime.core.DefaultApplicationBootstrapper - TargetBinding[source=griffon.core.view.WindowManager, target=org.codehaus.griffon.runtime.core.view.NoopWindowManager, singleton=true]
[Test worker] TRACE org.codehaus.griffon.runtime.core.DefaultApplicationBootstrapper - TargetBinding[source=griffon.core.controller.ActionManager, target=org.codehaus.griffon.runtime.core.controller.DefaultActionManager, singleton=true]
[Test worker] TRACE org.codehaus.griffon.runtime.core.DefaultApplicationBootstrapper - TargetBinding[source=griffon.core.artifact.ArtifactManager, target=org.codehaus.griffon.runtime.core.artifact.DefaultArtifactManager, singleton=true]
[Test worker] TRACE org.codehaus.griffon.runtime.core.DefaultApplicationBootstrapper - TargetBinding[source=griffon.core.artifact.ArtifactHandler, classifier=@griffon.inject.Typed(value=interface griffon.core.artifact.GriffonModel), target=org.codehaus.griffon.runtime.core.artifact.ModelArtifactHandler, singleton=true]
[Test worker] TRACE org.codehaus.griffon.runtime.core.DefaultApplicationBootstrapper - TargetBinding[source=griffon.core.artifact.ArtifactHandler, classifier=@griffon.inject.Typed(value=interface griffon.core.artifact.GriffonView), target=org.codehaus.griffon.runtime.core.artifact.ViewArtifactHandler, singleton=true]
[Test worker] TRACE org.codehaus.griffon.runtime.core.DefaultApplicationBootstrapper - TargetBinding[source=griffon.core.artifact.ArtifactHandler, classifier=@griffon.inject.Typed(value=interface griffon.core.artifact.GriffonController), target=org.codehaus.griffon.runtime.core.artifact.ControllerArtifactHandler, singleton=true]
[Test worker] TRACE org.codehaus.griffon.runtime.core.DefaultApplicationBootstrapper - TargetBinding[source=griffon.core.artifact.ArtifactHandler, classifier=@griffon.inject.Typed(value=interface griffon.core.artifact.GriffonService), target=org.codehaus.griffon.runtime.core.artifact.ServiceArtifactHandler, singleton=true]
[Test worker] TRACE org.codehaus.griffon.runtime.core.DefaultApplicationBootstrapper - ProviderTypeBinding[source=griffon.core.PlatformHandler, providerType=class org.codehaus.griffon.runtime.core.PlatformHandlerProvider, singleton=true]
[Test worker] TRACE org.codehaus.griffon.runtime.core.DefaultApplicationBootstrapper - TargetBinding[source=griffon.core.addon.AddonManager, target=org.codehaus.griffon.runtime.core.addon.DefaultAddonManager, singleton=true]
[Test worker] TRACE org.codehaus.griffon.runtime.core.DefaultApplicationBootstrapper - TargetBinding[source=griffon.core.event.EventHandler, target=org.codehaus.griffon.runtime.core.event.DefaultEventHandler, singleton=true]
[Test worker] TRACE org.codehaus.griffon.runtime.core.DefaultApplicationBootstrapper - TargetBinding[source=griffon.core.GriffonExceptionHandler, target=griffon.core.GriffonExceptionHandler, singleton=true]
[Test worker] TRACE org.codehaus.griffon.runtime.core.DefaultApplicationBootstrapper - ProviderTypeBinding[source=org.apache.shiro.mgt.SecurityManager, providerType=class org.codehaus.griffon.runtime.shiro.SecurityManagerProvider, singleton=true]
[Test worker] TRACE org.codehaus.griffon.runtime.core.DefaultApplicationBootstrapper - ProviderTypeBinding[source=org.apache.shiro.subject.Subject, providerType=class org.codehaus.griffon.runtime.shiro.SubjectProvider, singleton=true]
[Test worker] TRACE org.codehaus.griffon.runtime.core.DefaultApplicationBootstrapper - TargetBinding[source=griffon.plugins.shiro.SecurityFailureHandler, target=org.codehaus.griffon.runtime.shiro.DefaultSecurityFailureHandler, singleton=true]
[Test worker] TRACE org.codehaus.griffon.runtime.core.DefaultApplicationBootstrapper - TargetBinding[source=griffon.core.controller.ActionInterceptor, target=org.codehaus.griffon.runtime.shiro.ShiroActionInterceptor, singleton=true]
[Test worker] DEBUG org.codehaus.griffon.runtime.core.DefaultApplicationBootstrapper - Creating application injector
[Test worker] DEBUG org.codehaus.griffon.runtime.core.DefaultApplicationBootstrapper - Injector will be created by org.codehaus.griffon.runtime.injection.GuiceInjectorFactory@162dca79
[Test worker] DEBUG org.codehaus.griffon.runtime.core.event.AbstractEventRouter - Adding listener org.codehaus.griffon.runtime.core.MVCGroupExceptionHandler on UncaughtMVCGroupConfigurationException
[Test worker] DEBUG org.codehaus.griffon.runtime.core.event.AbstractEventRouter - Adding listener org.codehaus.griffon.runtime.core.MVCGroupExceptionHandler on UncaughtMVCGroupInstantiationException
[Test worker] DEBUG org.codehaus.griffon.runtime.core.event.AbstractEventRouter - Triggering event 'BootstrapStart' synchronously
[Test worker] DEBUG griffon.util.ServiceLoaderUtils - Reading java.beans.PropertyEditor definitions from jar:file:/home/travis/build/griffon/griffon/subprojects/griffon-core/build/libs/griffon-core-2.0.0.SNAPSHOT.jar!/META-INF/editors/java.beans.PropertyEditor
[Test worker] DEBUG org.codehaus.griffon.runtime.core.DefaultApplicationConfigurer - Registering griffon.core.editors.StringPropertyEditor as editor for java.lang.String
[Test worker] DEBUG org.codehaus.griffon.runtime.core.DefaultApplicationConfigurer - Registering griffon.core.editors.FilePropertyEditor as editor for java.io.File
[Test worker] DEBUG org.codehaus.griffon.runtime.core.DefaultApplicationConfigurer - Registering griffon.core.editors.URLPropertyEditor as editor for java.net.URL
[Test worker] DEBUG org.codehaus.griffon.runtime.core.DefaultApplicationConfigurer - Registering griffon.core.editors.URIPropertyEditor as editor for java.net.URI
[Test worker] DEBUG org.codehaus.griffon.runtime.core.DefaultApplicationConfigurer - Registering griffon.core.editors.BigDecimalPropertyEditor as editor for java.math.BigDecimal
[Test worker] DEBUG org.codehaus.griffon.runtime.core.DefaultApplicationConfigurer - Registering griffon.core.editors.BigIntegerPropertyEditor as editor for java.math.BigInteger
[Test worker] DEBUG org.codehaus.griffon.runtime.core.DefaultApplicationConfigurer - Registering griffon.core.editors.BooleanPropertyEditor as editor for java.lang.Boolean
[Test worker] DEBUG org.codehaus.griffon.runtime.core.DefaultApplicationConfigurer - Registering griffon.core.editors.BytePropertyEditor as editor for java.lang.Byte
[Test worker] DEBUG org.codehaus.griffon.runtime.core.DefaultApplicationConfigurer - Registering griffon.core.editors.ShortPropertyEditor as editor for java.lang.Short
[Test worker] DEBUG org.codehaus.griffon.runtime.core.DefaultApplicationConfigurer - Registering griffon.core.editors.IntegerPropertyEditor as editor for java.lang.Integer
[Test worker] DEBUG org.codehaus.griffon.runtime.core.DefaultApplicationConfigurer - Registering griffon.core.editors.LongPropertyEditor as editor for java.lang.Long
[Test worker] DEBUG org.codehaus.griffon.runtime.core.DefaultApplicationConfigurer - Registering griffon.core.editors.FloatPropertyEditor as editor for java.lang.Float
[Test worker] DEBUG org.codehaus.griffon.runtime.core.DefaultApplicationConfigurer - Registering griffon.core.editors.DoublePropertyEditor as editor for java.lang.Double
[Test worker] DEBUG org.codehaus.griffon.runtime.core.DefaultApplicationConfigurer - Registering griffon.core.editors.CalendarPropertyEditor as editor for java.util.Calendar
[Test worker] DEBUG org.codehaus.griffon.runtime.core.DefaultApplicationConfigurer - Registering griffon.core.editors.DatePropertyEditor as editor for java.util.Date
[Test worker] DEBUG org.codehaus.griffon.runtime.core.DefaultApplicationConfigurer - Registering griffon.core.editors.BooleanPropertyEditor as editor for boolean
[Test worker] DEBUG org.codehaus.griffon.runtime.core.DefaultApplicationConfigurer - Registering griffon.core.editors.BytePropertyEditor as editor for byte
[Test worker] DEBUG org.codehaus.griffon.runtime.core.DefaultApplicationConfigurer - Registering griffon.core.editors.ShortPropertyEditor as editor for short
[Test worker] DEBUG org.codehaus.griffon.runtime.core.DefaultApplicationConfigurer - Registering griffon.core.editors.IntegerPropertyEditor as editor for int
[Test worker] DEBUG org.codehaus.griffon.runtime.core.DefaultApplicationConfigurer - Registering griffon.core.editors.LongPropertyEditor as editor for long
[Test worker] DEBUG org.codehaus.griffon.runtime.core.DefaultApplicationConfigurer - Registering griffon.core.editors.FloatPropertyEditor as editor for float
[Test worker] DEBUG org.codehaus.griffon.runtime.core.DefaultApplicationConfigurer - Registering griffon.core.editors.DoublePropertyEditor as editor for double
[Test worker] DEBUG org.codehaus.griffon.runtime.core.event.AbstractEventRouter - Adding listener org.codehaus.griffon.runtime.core.DefaultApplicationConfigurer$2 on NewInstance
[Test worker] TRACE griffon.util.CompositeResourceBundle - Searching key=application.lifecycle.handler.disable
[Test worker] TRACE griffon.util.CompositeResourceBundle - Searching key=application
[Test worker] TRACE griffon.util.CompositeResourceBundle - Searching key=platform.handler.linux64
[Test worker] TRACE griffon.util.CompositeResourceBundle - Searching key=platform
[Test worker] DEBUG org.codehaus.griffon.runtime.core.PlatformHandlerProvider - Using org.codehaus.griffon.runtime.core.DefaultPlatformHandler as PlatformHandler
[Test worker] DEBUG org.codehaus.griffon.runtime.core.addon.AbstractAddonManager - Loading addons [START]
[Test worker] DEBUG griffon.util.AnnotationUtils - computed addon order is []
[Test worker] DEBUG org.codehaus.griffon.runtime.core.event.AbstractEventRouter - Triggering event 'LoadAddonsStart' synchronously
[Test worker] DEBUG org.codehaus.griffon.runtime.core.addon.AbstractAddonManager - Loading addons [END]
[Test worker] DEBUG org.codehaus.griffon.runtime.core.event.AbstractEventRouter - Triggering event 'LoadAddonsEnd' synchronously
[Test worker] TRACE griffon.util.CompositeResourceBundle - Searching key=mvcGroups
[Test worker] TRACE griffon.util.CompositeResourceBundle - Searching key=mvcGroups
[Test worker] DEBUG org.codehaus.griffon.runtime.core.event.AbstractEventRouter - Adding listener org.codehaus.griffon.runtime.core.DefaultApplicationConfigurer$3 on NewInstance
[Test worker] TRACE griffon.util.CompositeResourceBundle - Searching key=shiro.realm.resource.path
[Test worker] TRACE griffon.util.CompositeResourceBundle - Searching key=shiro
[Test worker] DEBUG org.apache.shiro.realm.text.PropertiesRealm - Loading user security information from file [classpath:shiro-users.properties]...
[Test worker] DEBUG org.apache.shiro.realm.text.PropertiesRealm - Opening input stream for path [classpath:shiro-users.properties]...
[Test worker] DEBUG org.apache.shiro.io.ResourceUtils - Opening resource from class path [shiro-users.properties]
[Test worker] DEBUG org.apache.shiro.realm.text.PropertiesRealm - Loading properties from path [classpath:shiro-users.properties]...
[Test worker] TRACE org.apache.shiro.realm.text.PropertiesRealm - Processing properties line - key: [user.joe], value: [joe,employee].
[Test worker] TRACE org.apache.shiro.realm.text.PropertiesRealm - Processing properties line - key: [user.bob], value: [bob,manager,employee].
[Test worker] TRACE org.apache.shiro.realm.text.PropertiesRealm - Processing properties line - key: [role.administrator], value: [*].
[Test worker] TRACE org.apache.shiro.realm.text.PropertiesRealm - Processing properties line - key: [role.manager], value: [user:write].
[Test worker] TRACE org.apache.shiro.realm.text.PropertiesRealm - Processing properties line - key: [user.root], value: [root,administrator,manager].
[Test worker] TRACE org.apache.shiro.realm.text.PropertiesRealm - Processing properties line - key: [role.employee], value: [user:read].
[Test worker] TRACE org.apache.shiro.util.ThreadContext - get() - in thread [Test worker]
[Test worker] TRACE org.apache.shiro.util.ThreadContext - Retrieved value of type [org.apache.shiro.subject.support.DelegatingSubject] for key [org.apache.shiro.util.ThreadContext_SUBJECT_KEY] bound to thread [Test worker]
[Test worker] TRACE griffon.util.CompositeResourceBundle - Searching key=griffon.controller.action.interceptor.order
[Test worker] TRACE griffon.util.CompositeResourceBundle - Searching key=griffon
[Test worker] DEBUG griffon.util.AnnotationUtils - Current interceptor order is [shiro]
[Test worker] TRACE griffon.util.AnnotationUtils - Processing interceptor 'shiro'
[Test worker] TRACE griffon.util.AnnotationUtils -   depends on '[]'
[Test worker] TRACE griffon.util.AnnotationUtils -   adding interceptor 'shiro', since all dependencies have been added
[Test worker] TRACE griffon.util.AnnotationUtils - interceptor dependency ordering complete
[Test worker] DEBUG griffon.util.AnnotationUtils - computed interceptor order is [shiro]
[Test worker] DEBUG org.codehaus.griffon.runtime.core.artifact.AbstractArtifactManager - Registering artifact handler for type 'model': org.codehaus.griffon.runtime.core.artifact.ModelArtifactHandler@52efbabf
[Test worker] DEBUG org.codehaus.griffon.runtime.core.artifact.AbstractArtifactManager - Registering artifact handler for type 'view': org.codehaus.griffon.runtime.core.artifact.ViewArtifactHandler@78cd7c22
[Test worker] DEBUG org.codehaus.griffon.runtime.core.artifact.AbstractArtifactManager - Registering artifact handler for type 'controller': org.codehaus.griffon.runtime.core.artifact.ControllerArtifactHandler@7a90da23
[Test worker] DEBUG org.codehaus.griffon.runtime.core.artifact.AbstractArtifactManager - Registering artifact handler for type 'service': org.codehaus.griffon.runtime.core.artifact.ServiceArtifactHandler@3be16eb2
[Test worker] DEBUG griffon.util.ServiceLoaderUtils - Reading griffon.core.artifact.GriffonController definitions from file:/home/travis/build/griffon/griffon/plugins/griffon-shiro-plugin/build/classes/test/META-INF/griffon/griffon.core.artifact.GriffonController
[Test worker] DEBUG griffon.util.ServiceLoaderUtils - Reading griffon.core.artifact.GriffonModel definitions from file:/home/travis/build/griffon/griffon/plugins/griffon-shiro-plugin/build/classes/test/META-INF/griffon/griffon.core.artifact.GriffonModel
[Test worker] DEBUG org.codehaus.griffon.runtime.core.artifact.DefaultArtifactManager - Artifacts of type 'controller' = 1
[Test worker] DEBUG org.codehaus.griffon.runtime.core.artifact.DefaultArtifactManager - Artifacts of type 'model' = 1
[Test worker] TRACE org.codehaus.griffon.runtime.core.artifact.AbstractArtifactManager - InstanceBinding[source=griffon.core.artifact.GriffonClass, classifier=@griffon.inject.Typed(value=class com.acme.ShiroController), instance=Artifact[controller] > Shiro, singleton=true]
[Test worker] TRACE org.codehaus.griffon.runtime.core.artifact.AbstractArtifactManager - TargetBinding[source=com.acme.ShiroController, target=com.acme.ShiroController, singleton=false]
[Test worker] TRACE org.codehaus.griffon.runtime.core.artifact.AbstractArtifactManager - InstanceBinding[source=griffon.core.artifact.GriffonClass, classifier=@griffon.inject.Typed(value=class com.acme.ShiroModel), instance=Artifact[model] > Shiro, singleton=true]
[Test worker] TRACE org.codehaus.griffon.runtime.core.artifact.AbstractArtifactManager - TargetBinding[source=com.acme.ShiroModel, target=com.acme.ShiroModel, singleton=false]
[Test worker] DEBUG org.codehaus.griffon.runtime.core.event.AbstractEventRouter - Triggering event 'BootstrapEnd' synchronously
[Test worker] DEBUG org.codehaus.griffon.runtime.core.artifact.AbstractArtifactManager - Searching for griffonClass of com.acme.ShiroController
[Test worker] DEBUG org.codehaus.griffon.runtime.core.event.AbstractEventRouter - Triggering event 'NewInstance' synchronously
[Test worker] DEBUG org.codehaus.griffon.runtime.core.artifact.AbstractArtifactManager - Searching for griffonClass of com.acme.ShiroController
[Test worker] TRACE griffon.util.CompositeResourceBundle - Searching key=com.acme.ShiroController.action.Authenticated.name
[Test worker] TRACE griffon.util.CompositeResourceBundle - Searching key=application.action.Authenticated.name
[Test worker] TRACE org.codehaus.griffon.runtime.core.controller.AbstractActionManager - com.acme.ShiroController.action.Authenticated.name = Authenticated
[Test worker] DEBUG org.codehaus.griffon.runtime.core.controller.AbstractActionManager - Configuring action com.acme.ShiroController.authenticated with org.codehaus.griffon.runtime.shiro.ShiroActionInterceptor@13d64832
[Test worker] TRACE org.codehaus.griffon.runtime.core.controller.AbstractActionManager - Action for com.acme.ShiroController.authenticated stored as authenticated
[Test worker] TRACE griffon.util.CompositeResourceBundle - Searching key=com.acme.ShiroController.action.Guest.name
[Test worker] TRACE griffon.util.CompositeResourceBundle - Searching key=application.action.Guest.name
[Test worker] TRACE org.codehaus.griffon.runtime.core.controller.AbstractActionManager - com.acme.ShiroController.action.Guest.name = Guest
[Test worker] DEBUG org.codehaus.griffon.runtime.core.controller.AbstractActionManager - Configuring action com.acme.ShiroController.guest with org.codehaus.griffon.runtime.shiro.ShiroActionInterceptor@13d64832
[Test worker] TRACE org.codehaus.griffon.runtime.core.controller.AbstractActionManager - Action for com.acme.ShiroController.guest stored as guest
[Test worker] TRACE griffon.util.CompositeResourceBundle - Searching key=com.acme.ShiroController.action.Permissions.name
[Test worker] TRACE griffon.util.CompositeResourceBundle - Searching key=application.action.Permissions.name
[Test worker] TRACE org.codehaus.griffon.runtime.core.controller.AbstractActionManager - com.acme.ShiroController.action.Permissions.name = Permissions
[Test worker] DEBUG org.codehaus.griffon.runtime.core.controller.AbstractActionManager - Configuring action com.acme.ShiroController.permissions with org.codehaus.griffon.runtime.shiro.ShiroActionInterceptor@13d64832
[Test worker] TRACE org.codehaus.griffon.runtime.core.controller.AbstractActionManager - Action for com.acme.ShiroController.permissions stored as permissions
[Test worker] TRACE griffon.util.CompositeResourceBundle - Searching key=com.acme.ShiroController.action.Roles.name
[Test worker] TRACE griffon.util.CompositeResourceBundle - Searching key=application.action.Roles.name
[Test worker] TRACE org.codehaus.griffon.runtime.core.controller.AbstractActionManager - com.acme.ShiroController.action.Roles.name = Roles
[Test worker] DEBUG org.codehaus.griffon.runtime.core.controller.AbstractActionManager - Configuring action com.acme.ShiroController.roles with org.codehaus.griffon.runtime.shiro.ShiroActionInterceptor@13d64832
[Test worker] TRACE org.codehaus.griffon.runtime.core.controller.AbstractActionManager - Action for com.acme.ShiroController.roles stored as roles
[Test worker] TRACE griffon.util.CompositeResourceBundle - Searching key=com.acme.ShiroController.action.User.name
[Test worker] TRACE griffon.util.CompositeResourceBundle - Searching key=application.action.User.name
[Test worker] TRACE org.codehaus.griffon.runtime.core.controller.AbstractActionManager - com.acme.ShiroController.action.User.name = User
[Test worker] DEBUG org.codehaus.griffon.runtime.core.controller.AbstractActionManager - Configuring action com.acme.ShiroController.user with org.codehaus.griffon.runtime.shiro.ShiroActionInterceptor@13d64832
[Test worker] TRACE org.codehaus.griffon.runtime.core.controller.AbstractActionManager - Action for com.acme.ShiroController.user stored as user
[Test worker] DEBUG org.codehaus.griffon.runtime.core.artifact.AbstractArtifactManager - Searching for griffonClass of com.acme.ShiroModel
[Test worker] DEBUG org.codehaus.griffon.runtime.core.event.AbstractEventRouter - Triggering event 'NewInstance' synchronously
[Test worker] TRACE griffon.util.CompositeResourceBundle - Searching key=griffon.disable.threading.injection
[Test worker] TRACE griffon.util.CompositeResourceBundle - Searching key=griffon
[Test worker] DEBUG org.codehaus.griffon.runtime.core.controller.AbstractActionManager - Executing com.acme.ShiroController.roles with policy OUTSIDE_UITHREAD
[Test worker] DEBUG org.codehaus.griffon.runtime.core.controller.AbstractActionManager - Executing 1 interceptor for com.acme.ShiroController.roles
[Test worker] TRACE org.codehaus.griffon.runtime.core.controller.AbstractActionManager - Calling org.codehaus.griffon.runtime.shiro.ShiroActionInterceptor@13d64832.before() on com.acme.ShiroController.roles
[Test worker] DEBUG org.codehaus.griffon.runtime.shiro.ShiroActionInterceptor - Evaluating security requirement RequirementConfiguration{requirement=ROLES, values=[manager], logical=AND}
[Test worker] TRACE org.apache.shiro.subject.support.DelegatingSubject - attempting to get session; create = false; session is null = true; session has id = false
[Test worker] DEBUG org.codehaus.griffon.runtime.shiro.ShiroActionInterceptor - Subject did not meet expected security requirements.
[Test worker] INFO org.codehaus.griffon.runtime.shiro.DefaultSecurityFailureHandler - Subject was not granted access to com.acme.ShiroController.roles due to lack of roles
[Test worker] DEBUG org.codehaus.griffon.runtime.core.controller.AbstractActionManager - Execution of com.acme.ShiroController.roles was aborted by org.codehaus.griffon.runtime.shiro.ShiroActionInterceptor@13d64832
[Test worker] TRACE org.codehaus.griffon.runtime.core.controller.AbstractActionManager - Status before execution of com.acme.ShiroController.roles is ABORTED
[Test worker] TRACE org.codehaus.griffon.runtime.core.controller.AbstractActionManager - Calling org.codehaus.griffon.runtime.shiro.ShiroActionInterceptor@13d64832.after() on com.acme.ShiroController.roles
[Test worker] DEBUG org.codehaus.griffon.runtime.core.event.AbstractEventRouter - Triggering event 'ShutdownRequested' synchronously
[Test worker] INFO org.codehaus.griffon.runtime.core.DefaultGriffonApplication - Shutdown is in process
[Test worker] DEBUG org.codehaus.griffon.runtime.core.DefaultGriffonApplication - Shutdown stage 1: notify all event listeners
[Test worker] DEBUG org.codehaus.griffon.runtime.core.event.AbstractEventRouter - Adding listener org.codehaus.griffon.runtime.core.AbstractGriffonApplication$1 on ShutdownStart
[Test worker] DEBUG org.codehaus.griffon.runtime.core.event.AbstractEventRouter - Triggering event 'ShutdownStart' synchronously
[Test worker] DEBUG org.codehaus.griffon.runtime.core.DefaultGriffonApplication - Shutdown stage 2: notify all shutdown handlers
[Test worker] DEBUG org.codehaus.griffon.runtime.core.DefaultGriffonApplication - Shutdown stage 3: destroy all MVC groups
[Test worker] DEBUG org.codehaus.griffon.runtime.core.DefaultGriffonApplication - Shutdown stage 4: execute Shutdown script
[Test worker] TRACE griffon.util.CompositeResourceBundle - Searching key=application.lifecycle.handler.disable
[Test worker] TRACE griffon.util.CompositeResourceBundle - Searching key=application
[Test worker] INFO org.codehaus.griffon.runtime.core.DefaultApplicationBootstrapper - Griffon 2.0.0.SNAPSHOT
[Test worker] INFO org.codehaus.griffon.runtime.core.DefaultApplicationBootstrapper - Build: 2014-03-07T17:17:07.720+0000
[Test worker] INFO org.codehaus.griffon.runtime.core.DefaultApplicationBootstrapper - JVM: 1.7.0_51 (Oracle Corporation 24.51-b03)
[Test worker] INFO org.codehaus.griffon.runtime.core.DefaultApplicationBootstrapper - OS: Linux 2.6.32-042stab084.25 amd64
[Test worker] DEBUG org.codehaus.griffon.runtime.core.DefaultApplicationBootstrapper - Creating module bindings
[Test worker] DEBUG griffon.util.AnnotationUtils - Current module order is [core, shiro, testApplicationBootstrapper$InnerClasses, testApplicationBootstrapper$Fields]
[Test worker] TRACE griffon.util.AnnotationUtils - Processing module 'core'
[Test worker] TRACE griffon.util.AnnotationUtils -   depends on '[]'
[Test worker] TRACE griffon.util.AnnotationUtils -   adding module 'core', since all dependencies have been added
[Test worker] TRACE griffon.util.AnnotationUtils - Processing module 'shiro'
[Test worker] TRACE griffon.util.AnnotationUtils -   depends on '[]'
[Test worker] TRACE griffon.util.AnnotationUtils -   adding module 'shiro', since all dependencies have been added
[Test worker] TRACE griffon.util.AnnotationUtils - Processing module 'testApplicationBootstrapper$InnerClasses'
[Test worker] TRACE griffon.util.AnnotationUtils -   depends on '[]'
[Test worker] TRACE griffon.util.AnnotationUtils -   adding module 'testApplicationBootstrapper$InnerClasses', since all dependencies have been added
[Test worker] TRACE griffon.util.AnnotationUtils - Processing module 'testApplicationBootstrapper$Fields'
[Test worker] TRACE griffon.util.AnnotationUtils -   depends on '[]'
[Test worker] TRACE griffon.util.AnnotationUtils -   adding module 'testApplicationBootstrapper$Fields', since all dependencies have been added
[Test worker] TRACE griffon.util.AnnotationUtils - module dependency ordering complete
[Test worker] DEBUG griffon.util.AnnotationUtils - computed module order is [core, shiro, testApplicationBootstrapper$InnerClasses, testApplicationBootstrapper$Fields]
[Test worker] DEBUG org.codehaus.griffon.runtime.core.DefaultApplicationBootstrapper - Loading module bindings from core:org.codehaus.griffon.runtime.core.DefaultApplicationModule@2666eace
[Test worker] DEBUG org.codehaus.griffon.runtime.core.DefaultApplicationBootstrapper - Loading module bindings from shiro:org.codehaus.griffon.runtime.shiro.ShiroModule@2ec18e14
[Test worker] DEBUG org.codehaus.griffon.runtime.core.DefaultApplicationBootstrapper - Loading module bindings from testApplicationBootstrapper$InnerClasses:org.codehaus.griffon.runtime.core.TestApplicationBootstrapper$InnerClassesModule@2556db07
[Test worker] DEBUG org.codehaus.griffon.runtime.core.DefaultApplicationBootstrapper - Loading module bindings from testApplicationBootstrapper$Fields:org.codehaus.griffon.runtime.core.TestApplicationBootstrapper$FieldsModule@6945bbb7
[Test worker] TRACE org.codehaus.griffon.runtime.core.DefaultApplicationBootstrapper - InstanceBinding[source=griffon.core.GriffonApplication, instance=org.codehaus.griffon.runtime.core.DefaultGriffonApplication@500015cd, singleton=true]
[Test worker] TRACE org.codehaus.griffon.runtime.core.DefaultApplicationBootstrapper - TargetBinding[source=griffon.core.ApplicationClassLoader, target=org.codehaus.griffon.runtime.core.DefaultApplicationClassLoader, singleton=true]
[Test worker] TRACE org.codehaus.griffon.runtime.core.DefaultApplicationBootstrapper - TargetBinding[source=griffon.core.ApplicationConfigurer, target=org.codehaus.griffon.runtime.core.DefaultApplicationConfigurer, singleton=true]
[Test worker] TRACE org.codehaus.griffon.runtime.core.DefaultApplicationBootstrapper - TargetBinding[source=griffon.core.resources.ResourceHandler, target=org.codehaus.griffon.runtime.core.resources.DefaultResourceHandler, singleton=true]
[Test worker] TRACE org.codehaus.griffon.runtime.core.DefaultApplicationBootstrapper - TargetBinding[source=griffon.util.CompositeResourceBundleBuilder, target=org.codehaus.griffon.runtime.util.DefaultCompositeResourceBundleBuilder, singleton=true]
[Test worker] TRACE org.codehaus.griffon.runtime.core.DefaultApplicationBootstrapper - ProviderBinding[source=java.util.ResourceBundle, classifier=@javax.inject.Named(value=applicationResourceBundle), provider=org.codehaus.griffon.runtime.util.ResourceBundleProvider@35976ec3, singleton=true]
[Test worker] TRACE org.codehaus.griffon.runtime.core.DefaultApplicationBootstrapper - TargetBinding[source=griffon.core.Configuration, target=org.codehaus.griffon.runtime.core.DefaultConfiguration, singleton=true]
[Test worker] TRACE org.codehaus.griffon.runtime.core.DefaultApplicationBootstrapper - TargetBinding[source=griffon.core.ExecutorServiceManager, target=org.codehaus.griffon.runtime.core.DefaultExecutorServiceManager, singleton=true]
[Test worker] TRACE org.codehaus.griffon.runtime.core.DefaultApplicationBootstrapper - TargetBinding[source=griffon.core.event.EventRouter, classifier=@javax.inject.Named(value=applicationEventRouter), target=org.codehaus.griffon.runtime.core.event.DefaultEventRouter, singleton=true]
[Test worker] TRACE org.codehaus.griffon.runtime.core.DefaultApplicationBootstrapper - TargetBinding[source=griffon.core.event.EventRouter, target=org.codehaus.griffon.runtime.core.event.DefaultEventRouter, singleton=false]
[Test worker] TRACE org.codehaus.griffon.runtime.core.DefaultApplicationBootstrapper - ProviderBinding[source=griffon.core.resources.ResourceResolver, classifier=@javax.inject.Named(value=applicationResourceResolver), provider=org.codehaus.griffon.runtime.core.resources.ResourceResolverProvider@68e8dfb1, singleton=true]
[Test worker] TRACE org.codehaus.griffon.runtime.core.DefaultApplicationBootstrapper - ProviderBinding[source=griffon.core.i18n.MessageSource, classifier=@javax.inject.Named(value=applicationMessageSource), provider=org.codehaus.griffon.runtime.core.i18n.MessageSourceProvider@10b61346, singleton=true]
[Test worker] TRACE org.codehaus.griffon.runtime.core.DefaultApplicationBootstrapper - TargetBinding[source=griffon.core.resources.ResourceInjector, classifier=@javax.inject.Named(value=applicationResourceInjector), target=org.codehaus.griffon.runtime.core.resources.DefaultApplicationResourceInjector, singleton=true]
[Test worker] TRACE org.codehaus.griffon.runtime.core.DefaultApplicationBootstrapper - TargetBinding[source=griffon.core.threading.UIThreadManager, target=org.codehaus.griffon.runtime.core.threading.DefaultUIThreadManager, singleton=true]
[Test worker] TRACE org.codehaus.griffon.runtime.core.DefaultApplicationBootstrapper - TargetBinding[source=griffon.core.mvc.MVCGroupManager, target=org.codehaus.griffon.runtime.core.mvc.DefaultMVCGroupManager, singleton=true]
[Test worker] TRACE org.codehaus.griffon.runtime.core.DefaultApplicationBootstrapper - ProviderBinding[source=griffon.core.LifecycleHandler, classifier=@javax.inject.Named(value=Initialize), provider=org.codehaus.griffon.runtime.core.LifecycleHandlerProvider@21ab613c, singleton=true]
[Test worker] TRACE org.codehaus.griffon.runtime.core.DefaultApplicationBootstrapper - ProviderBinding[source=griffon.core.LifecycleHandler, classifier=@javax.inject.Named(value=Startup), provider=org.codehaus.griffon.runtime.core.LifecycleHandlerProvider@7a7cbb68, singleton=true]
[Test worker] TRACE org.codehaus.griffon.runtime.core.DefaultApplicationBootstrapper - ProviderBinding[source=griffon.core.LifecycleHandler, classifier=@javax.inject.Named(value=Ready), provider=org.codehaus.griffon.runtime.core.LifecycleHandlerProvider@12f3e7ab, singleton=true]
[Test worker] TRACE org.codehaus.griffon.runtime.core.DefaultApplicationBootstrapper - ProviderBinding[source=griffon.core.LifecycleHandler, classifier=@javax.inject.Named(value=Shutdown), provider=org.codehaus.griffon.runtime.core.LifecycleHandlerProvider@4aee9545, singleton=true]
[Test worker] TRACE org.codehaus.griffon.runtime.core.DefaultApplicationBootstrapper - ProviderBinding[source=griffon.core.LifecycleHandler, classifier=@javax.inject.Named(value=Stop), provider=org.codehaus.griffon.runtime.core.LifecycleHandlerProvider@758a0b71, singleton=true]
[Test worker] TRACE org.codehaus.griffon.runtime.core.DefaultApplicationBootstrapper - TargetBinding[source=griffon.core.view.WindowManager, target=org.codehaus.griffon.runtime.core.view.NoopWindowManager, singleton=true]
[Test worker] TRACE org.codehaus.griffon.runtime.core.DefaultApplicationBootstrapper - TargetBinding[source=griffon.core.controller.ActionManager, target=org.codehaus.griffon.runtime.core.controller.DefaultActionManager, singleton=true]
[Test worker] TRACE org.codehaus.griffon.runtime.core.DefaultApplicationBootstrapper - TargetBinding[source=griffon.core.artifact.ArtifactManager, target=org.codehaus.griffon.runtime.core.artifact.DefaultArtifactManager, singleton=true]
[Test worker] TRACE org.codehaus.griffon.runtime.core.DefaultApplicationBootstrapper - TargetBinding[source=griffon.core.artifact.ArtifactHandler, classifier=@griffon.inject.Typed(value=interface griffon.core.artifact.GriffonModel), target=org.codehaus.griffon.runtime.core.artifact.ModelArtifactHandler, singleton=true]
[Test worker] TRACE org.codehaus.griffon.runtime.core.DefaultApplicationBootstrapper - TargetBinding[source=griffon.core.artifact.ArtifactHandler, classifier=@griffon.inject.Typed(value=interface griffon.core.artifact.GriffonView), target=org.codehaus.griffon.runtime.core.artifact.ViewArtifactHandler, singleton=true]
[Test worker] TRACE org.codehaus.griffon.runtime.core.DefaultApplicationBootstrapper - TargetBinding[source=griffon.core.artifact.ArtifactHandler, classifier=@griffon.inject.Typed(value=interface griffon.core.artifact.GriffonController), target=org.codehaus.griffon.runtime.core.artifact.ControllerArtifactHandler, singleton=true]
[Test worker] TRACE org.codehaus.griffon.runtime.core.DefaultApplicationBootstrapper - TargetBinding[source=griffon.core.artifact.ArtifactHandler, classifier=@griffon.inject.Typed(value=interface griffon.core.artifact.GriffonService), target=org.codehaus.griffon.runtime.core.artifact.ServiceArtifactHandler, singleton=true]
[Test worker] TRACE org.codehaus.griffon.runtime.core.DefaultApplicationBootstrapper - ProviderTypeBinding[source=griffon.core.PlatformHandler, providerType=class org.codehaus.griffon.runtime.core.PlatformHandlerProvider, singleton=true]
[Test worker] TRACE org.codehaus.griffon.runtime.core.DefaultApplicationBootstrapper - TargetBinding[source=griffon.core.addon.AddonManager, target=org.codehaus.griffon.runtime.core.addon.DefaultAddonManager, singleton=true]
[Test worker] TRACE org.codehaus.griffon.runtime.core.DefaultApplicationBootstrapper - TargetBinding[source=griffon.core.event.EventHandler, target=org.codehaus.griffon.runtime.core.event.DefaultEventHandler, singleton=true]
[Test worker] TRACE org.codehaus.griffon.runtime.core.DefaultApplicationBootstrapper - TargetBinding[source=griffon.core.GriffonExceptionHandler, target=griffon.core.GriffonExceptionHandler, singleton=true]
[Test worker] TRACE org.codehaus.griffon.runtime.core.DefaultApplicationBootstrapper - ProviderTypeBinding[source=org.apache.shiro.mgt.SecurityManager, providerType=class org.codehaus.griffon.runtime.shiro.SecurityManagerProvider, singleton=true]
[Test worker] TRACE org.codehaus.griffon.runtime.core.DefaultApplicationBootstrapper - ProviderTypeBinding[source=org.apache.shiro.subject.Subject, providerType=class org.codehaus.griffon.runtime.shiro.SubjectProvider, singleton=true]
[Test worker] TRACE org.codehaus.griffon.runtime.core.DefaultApplicationBootstrapper - TargetBinding[source=griffon.plugins.shiro.SecurityFailureHandler, target=org.codehaus.griffon.runtime.shiro.DefaultSecurityFailureHandler, singleton=true]
[Test worker] TRACE org.codehaus.griffon.runtime.core.DefaultApplicationBootstrapper - TargetBinding[source=griffon.core.controller.ActionInterceptor, target=org.codehaus.griffon.runtime.shiro.ShiroActionInterceptor, singleton=true]
[Test worker] DEBUG org.codehaus.griffon.runtime.core.DefaultApplicationBootstrapper - Creating application injector
[Test worker] DEBUG org.codehaus.griffon.runtime.core.DefaultApplicationBootstrapper - Injector will be created by org.codehaus.griffon.runtime.injection.GuiceInjectorFactory@484ad173
[Test worker] DEBUG org.codehaus.griffon.runtime.core.event.AbstractEventRouter - Adding listener org.codehaus.griffon.runtime.core.MVCGroupExceptionHandler on UncaughtMVCGroupConfigurationException
[Test worker] DEBUG org.codehaus.griffon.runtime.core.event.AbstractEventRouter - Adding listener org.codehaus.griffon.runtime.core.MVCGroupExceptionHandler on UncaughtMVCGroupInstantiationException
[Test worker] DEBUG org.codehaus.griffon.runtime.core.event.AbstractEventRouter - Triggering event 'BootstrapStart' synchronously
[Test worker] DEBUG griffon.util.ServiceLoaderUtils - Reading java.beans.PropertyEditor definitions from jar:file:/home/travis/build/griffon/griffon/subprojects/griffon-core/build/libs/griffon-core-2.0.0.SNAPSHOT.jar!/META-INF/editors/java.beans.PropertyEditor
[Test worker] DEBUG org.codehaus.griffon.runtime.core.DefaultApplicationConfigurer - Registering griffon.core.editors.StringPropertyEditor as editor for java.lang.String
[Test worker] DEBUG org.codehaus.griffon.runtime.core.DefaultApplicationConfigurer - Registering griffon.core.editors.FilePropertyEditor as editor for java.io.File
[Test worker] DEBUG org.codehaus.griffon.runtime.core.DefaultApplicationConfigurer - Registering griffon.core.editors.URLPropertyEditor as editor for java.net.URL
[Test worker] DEBUG org.codehaus.griffon.runtime.core.DefaultApplicationConfigurer - Registering griffon.core.editors.URIPropertyEditor as editor for java.net.URI
[Test worker] DEBUG org.codehaus.griffon.runtime.core.DefaultApplicationConfigurer - Registering griffon.core.editors.BigDecimalPropertyEditor as editor for java.math.BigDecimal
[Test worker] DEBUG org.codehaus.griffon.runtime.core.DefaultApplicationConfigurer - Registering griffon.core.editors.BigIntegerPropertyEditor as editor for java.math.BigInteger
[Test worker] DEBUG org.codehaus.griffon.runtime.core.DefaultApplicationConfigurer - Registering griffon.core.editors.BooleanPropertyEditor as editor for java.lang.Boolean
[Test worker] DEBUG org.codehaus.griffon.runtime.core.DefaultApplicationConfigurer - Registering griffon.core.editors.BytePropertyEditor as editor for java.lang.Byte
[Test worker] DEBUG org.codehaus.griffon.runtime.core.DefaultApplicationConfigurer - Registering griffon.core.editors.ShortPropertyEditor as editor for java.lang.Short
[Test worker] DEBUG org.codehaus.griffon.runtime.core.DefaultApplicationConfigurer - Registering griffon.core.editors.IntegerPropertyEditor as editor for java.lang.Integer
[Test worker] DEBUG org.codehaus.griffon.runtime.core.DefaultApplicationConfigurer - Registering griffon.core.editors.LongPropertyEditor as editor for java.lang.Long
[Test worker] DEBUG org.codehaus.griffon.runtime.core.DefaultApplicationConfigurer - Registering griffon.core.editors.FloatPropertyEditor as editor for java.lang.Float
[Test worker] DEBUG org.codehaus.griffon.runtime.core.DefaultApplicationConfigurer - Registering griffon.core.editors.DoublePropertyEditor as editor for java.lang.Double
[Test worker] DEBUG org.codehaus.griffon.runtime.core.DefaultApplicationConfigurer - Registering griffon.core.editors.CalendarPropertyEditor as editor for java.util.Calendar
[Test worker] DEBUG org.codehaus.griffon.runtime.core.DefaultApplicationConfigurer - Registering griffon.core.editors.DatePropertyEditor as editor for java.util.Date
[Test worker] DEBUG org.codehaus.griffon.runtime.core.DefaultApplicationConfigurer - Registering griffon.core.editors.BooleanPropertyEditor as editor for boolean
[Test worker] DEBUG org.codehaus.griffon.runtime.core.DefaultApplicationConfigurer - Registering griffon.core.editors.BytePropertyEditor as editor for byte
[Test worker] DEBUG org.codehaus.griffon.runtime.core.DefaultApplicationConfigurer - Registering griffon.core.editors.ShortPropertyEditor as editor for short
[Test worker] DEBUG org.codehaus.griffon.runtime.core.DefaultApplicationConfigurer - Registering griffon.core.editors.IntegerPropertyEditor as editor for int
[Test worker] DEBUG org.codehaus.griffon.runtime.core.DefaultApplicationConfigurer - Registering griffon.core.editors.LongPropertyEditor as editor for long
[Test worker] DEBUG org.codehaus.griffon.runtime.core.DefaultApplicationConfigurer - Registering griffon.core.editors.FloatPropertyEditor as editor for float
[Test worker] DEBUG org.codehaus.griffon.runtime.core.DefaultApplicationConfigurer - Registering griffon.core.editors.DoublePropertyEditor as editor for double
[Test worker] DEBUG org.codehaus.griffon.runtime.core.event.AbstractEventRouter - Adding listener org.codehaus.griffon.runtime.core.DefaultApplicationConfigurer$2 on NewInstance
[Test worker] TRACE griffon.util.CompositeResourceBundle - Searching key=application.lifecycle.handler.disable
[Test worker] TRACE griffon.util.CompositeResourceBundle - Searching key=application
[Test worker] TRACE griffon.util.CompositeResourceBundle - Searching key=platform.handler.linux64
[Test worker] TRACE griffon.util.CompositeResourceBundle - Searching key=platform
[Test worker] DEBUG org.codehaus.griffon.runtime.core.PlatformHandlerProvider - Using org.codehaus.griffon.runtime.core.DefaultPlatformHandler as PlatformHandler
[Test worker] DEBUG org.codehaus.griffon.runtime.core.addon.AbstractAddonManager - Loading addons [START]
[Test worker] DEBUG griffon.util.AnnotationUtils - computed addon order is []
[Test worker] DEBUG org.codehaus.griffon.runtime.core.event.AbstractEventRouter - Triggering event 'LoadAddonsStart' synchronously
[Test worker] DEBUG org.codehaus.griffon.runtime.core.addon.AbstractAddonManager - Loading addons [END]
[Test worker] DEBUG org.codehaus.griffon.runtime.core.event.AbstractEventRouter - Triggering event 'LoadAddonsEnd' synchronously
[Test worker] TRACE griffon.util.CompositeResourceBundle - Searching key=mvcGroups
[Test worker] TRACE griffon.util.CompositeResourceBundle - Searching key=mvcGroups
[Test worker] DEBUG org.codehaus.griffon.runtime.core.event.AbstractEventRouter - Adding listener org.codehaus.griffon.runtime.core.DefaultApplicationConfigurer$3 on NewInstance
[Test worker] TRACE griffon.util.CompositeResourceBundle - Searching key=shiro.realm.resource.path
[Test worker] TRACE griffon.util.CompositeResourceBundle - Searching key=shiro
[Test worker] DEBUG org.apache.shiro.realm.text.PropertiesRealm - Loading user security information from file [classpath:shiro-users.properties]...
[Test worker] DEBUG org.apache.shiro.realm.text.PropertiesRealm - Opening input stream for path [classpath:shiro-users.properties]...
[Test worker] DEBUG org.apache.shiro.io.ResourceUtils - Opening resource from class path [shiro-users.properties]
[Test worker] DEBUG org.apache.shiro.realm.text.PropertiesRealm - Loading properties from path [classpath:shiro-users.properties]...
[Test worker] TRACE org.apache.shiro.realm.text.PropertiesRealm - Processing properties line - key: [user.joe], value: [joe,employee].
[Test worker] TRACE org.apache.shiro.realm.text.PropertiesRealm - Processing properties line - key: [user.bob], value: [bob,manager,employee].
[Test worker] TRACE org.apache.shiro.realm.text.PropertiesRealm - Processing properties line - key: [role.administrator], value: [*].
[Test worker] TRACE org.apache.shiro.realm.text.PropertiesRealm - Processing properties line - key: [role.manager], value: [user:write].
[Test worker] TRACE org.apache.shiro.realm.text.PropertiesRealm - Processing properties line - key: [user.root], value: [root,administrator,manager].
[Test worker] TRACE org.apache.shiro.realm.text.PropertiesRealm - Processing properties line - key: [role.employee], value: [user:read].
[Test worker] TRACE org.apache.shiro.util.ThreadContext - get() - in thread [Test worker]
[Test worker] TRACE org.apache.shiro.util.ThreadContext - Retrieved value of type [org.apache.shiro.subject.support.DelegatingSubject] for key [org.apache.shiro.util.ThreadContext_SUBJECT_KEY] bound to thread [Test worker]
[Test worker] TRACE griffon.util.CompositeResourceBundle - Searching key=griffon.controller.action.interceptor.order
[Test worker] TRACE griffon.util.CompositeResourceBundle - Searching key=griffon
[Test worker] DEBUG griffon.util.AnnotationUtils - Current interceptor order is [shiro]
[Test worker] TRACE griffon.util.AnnotationUtils - Processing interceptor 'shiro'
[Test worker] TRACE griffon.util.AnnotationUtils -   depends on '[]'
[Test worker] TRACE griffon.util.AnnotationUtils -   adding interceptor 'shiro', since all dependencies have been added
[Test worker] TRACE griffon.util.AnnotationUtils - interceptor dependency ordering complete
[Test worker] DEBUG griffon.util.AnnotationUtils - computed interceptor order is [shiro]
[Test worker] DEBUG org.codehaus.griffon.runtime.core.artifact.AbstractArtifactManager - Registering artifact handler for type 'model': org.codehaus.griffon.runtime.core.artifact.ModelArtifactHandler@36a469e9
[Test worker] DEBUG org.codehaus.griffon.runtime.core.artifact.AbstractArtifactManager - Registering artifact handler for type 'view': org.codehaus.griffon.runtime.core.artifact.ViewArtifactHandler@64255c05
[Test worker] DEBUG org.codehaus.griffon.runtime.core.artifact.AbstractArtifactManager - Registering artifact handler for type 'controller': org.codehaus.griffon.runtime.core.artifact.ControllerArtifactHandler@50bc7fa0
[Test worker] DEBUG org.codehaus.griffon.runtime.core.artifact.AbstractArtifactManager - Registering artifact handler for type 'service': org.codehaus.griffon.runtime.core.artifact.ServiceArtifactHandler@75f0ac9
[Test worker] DEBUG griffon.util.ServiceLoaderUtils - Reading griffon.core.artifact.GriffonController definitions from file:/home/travis/build/griffon/griffon/plugins/griffon-shiro-plugin/build/classes/test/META-INF/griffon/griffon.core.artifact.GriffonController
[Test worker] DEBUG griffon.util.ServiceLoaderUtils - Reading griffon.core.artifact.GriffonModel definitions from file:/home/travis/build/griffon/griffon/plugins/griffon-shiro-plugin/build/classes/test/META-INF/griffon/griffon.core.artifact.GriffonModel
[Test worker] DEBUG org.codehaus.griffon.runtime.core.artifact.DefaultArtifactManager - Artifacts of type 'controller' = 1
[Test worker] DEBUG org.codehaus.griffon.runtime.core.artifact.DefaultArtifactManager - Artifacts of type 'model' = 1
[Test worker] TRACE org.codehaus.griffon.runtime.core.artifact.AbstractArtifactManager - InstanceBinding[source=griffon.core.artifact.GriffonClass, classifier=@griffon.inject.Typed(value=class com.acme.ShiroController), instance=Artifact[controller] > Shiro, singleton=true]
[Test worker] TRACE org.codehaus.griffon.runtime.core.artifact.AbstractArtifactManager - TargetBinding[source=com.acme.ShiroController, target=com.acme.ShiroController, singleton=false]
[Test worker] TRACE org.codehaus.griffon.runtime.core.artifact.AbstractArtifactManager - InstanceBinding[source=griffon.core.artifact.GriffonClass, classifier=@griffon.inject.Typed(value=class com.acme.ShiroModel), instance=Artifact[model] > Shiro, singleton=true]
[Test worker] TRACE org.codehaus.griffon.runtime.core.artifact.AbstractArtifactManager - TargetBinding[source=com.acme.ShiroModel, target=com.acme.ShiroModel, singleton=false]
[Test worker] DEBUG org.codehaus.griffon.runtime.core.event.AbstractEventRouter - Triggering event 'BootstrapEnd' synchronously
[Test worker] DEBUG org.codehaus.griffon.runtime.core.artifact.AbstractArtifactManager - Searching for griffonClass of com.acme.ShiroController
[Test worker] DEBUG org.codehaus.griffon.runtime.core.event.AbstractEventRouter - Triggering event 'NewInstance' synchronously
[Test worker] DEBUG org.codehaus.griffon.runtime.core.artifact.AbstractArtifactManager - Searching for griffonClass of com.acme.ShiroController
[Test worker] TRACE griffon.util.CompositeResourceBundle - Searching key=com.acme.ShiroController.action.Authenticated.name
[Test worker] TRACE griffon.util.CompositeResourceBundle - Searching key=application.action.Authenticated.name
[Test worker] TRACE org.codehaus.griffon.runtime.core.controller.AbstractActionManager - com.acme.ShiroController.action.Authenticated.name = Authenticated
[Test worker] DEBUG org.codehaus.griffon.runtime.core.controller.AbstractActionManager - Configuring action com.acme.ShiroController.authenticated with org.codehaus.griffon.runtime.shiro.ShiroActionInterceptor@5c725e09
[Test worker] TRACE org.codehaus.griffon.runtime.core.controller.AbstractActionManager - Action for com.acme.ShiroController.authenticated stored as authenticated
[Test worker] TRACE griffon.util.CompositeResourceBundle - Searching key=com.acme.ShiroController.action.Guest.name
[Test worker] TRACE griffon.util.CompositeResourceBundle - Searching key=application.action.Guest.name
[Test worker] TRACE org.codehaus.griffon.runtime.core.controller.AbstractActionManager - com.acme.ShiroController.action.Guest.name = Guest
[Test worker] DEBUG org.codehaus.griffon.runtime.core.controller.AbstractActionManager - Configuring action com.acme.ShiroController.guest with org.codehaus.griffon.runtime.shiro.ShiroActionInterceptor@5c725e09
[Test worker] TRACE org.codehaus.griffon.runtime.core.controller.AbstractActionManager - Action for com.acme.ShiroController.guest stored as guest
[Test worker] TRACE griffon.util.CompositeResourceBundle - Searching key=com.acme.ShiroController.action.Permissions.name
[Test worker] TRACE griffon.util.CompositeResourceBundle - Searching key=application.action.Permissions.name
[Test worker] TRACE org.codehaus.griffon.runtime.core.controller.AbstractActionManager - com.acme.ShiroController.action.Permissions.name = Permissions
[Test worker] DEBUG org.codehaus.griffon.runtime.core.controller.AbstractActionManager - Configuring action com.acme.ShiroController.permissions with org.codehaus.griffon.runtime.shiro.ShiroActionInterceptor@5c725e09
[Test worker] TRACE org.codehaus.griffon.runtime.core.controller.AbstractActionManager - Action for com.acme.ShiroController.permissions stored as permissions
[Test worker] TRACE griffon.util.CompositeResourceBundle - Searching key=com.acme.ShiroController.action.Roles.name
[Test worker] TRACE griffon.util.CompositeResourceBundle - Searching key=application.action.Roles.name
[Test worker] TRACE org.codehaus.griffon.runtime.core.controller.AbstractActionManager - com.acme.ShiroController.action.Roles.name = Roles
[Test worker] DEBUG org.codehaus.griffon.runtime.core.controller.AbstractActionManager - Configuring action com.acme.ShiroController.roles with org.codehaus.griffon.runtime.shiro.ShiroActionInterceptor@5c725e09
[Test worker] TRACE org.codehaus.griffon.runtime.core.controller.AbstractActionManager - Action for com.acme.ShiroController.roles stored as roles
[Test worker] TRACE griffon.util.CompositeResourceBundle - Searching key=com.acme.ShiroController.action.User.name
[Test worker] TRACE griffon.util.CompositeResourceBundle - Searching key=application.action.User.name
[Test worker] TRACE org.codehaus.griffon.runtime.core.controller.AbstractActionManager - com.acme.ShiroController.action.User.name = User
[Test worker] DEBUG org.codehaus.griffon.runtime.core.controller.AbstractActionManager - Configuring action com.acme.ShiroController.user with org.codehaus.griffon.runtime.shiro.ShiroActionInterceptor@5c725e09
[Test worker] TRACE org.codehaus.griffon.runtime.core.controller.AbstractActionManager - Action for com.acme.ShiroController.user stored as user
[Test worker] DEBUG org.codehaus.griffon.runtime.core.artifact.AbstractArtifactManager - Searching for griffonClass of com.acme.ShiroModel
[Test worker] DEBUG org.codehaus.griffon.runtime.core.event.AbstractEventRouter - Triggering event 'NewInstance' synchronously
[Test worker] TRACE griffon.util.CompositeResourceBundle - Searching key=griffon.disable.threading.injection
[Test worker] TRACE griffon.util.CompositeResourceBundle - Searching key=griffon
[Test worker] DEBUG org.codehaus.griffon.runtime.core.controller.AbstractActionManager - Executing com.acme.ShiroController.permissions with policy OUTSIDE_UITHREAD
[Test worker] DEBUG org.codehaus.griffon.runtime.core.controller.AbstractActionManager - Executing 1 interceptor for com.acme.ShiroController.permissions
[Test worker] TRACE org.codehaus.griffon.runtime.core.controller.AbstractActionManager - Calling org.codehaus.griffon.runtime.shiro.ShiroActionInterceptor@5c725e09.before() on com.acme.ShiroController.permissions
[Test worker] DEBUG org.codehaus.griffon.runtime.shiro.ShiroActionInterceptor - Evaluating security requirement RequirementConfiguration{requirement=PERMISSIONS, values=[user:write], logical=AND}
[Test worker] TRACE org.apache.shiro.subject.support.DelegatingSubject - attempting to get session; create = false; session is null = true; session has id = false
[Test worker] DEBUG org.codehaus.griffon.runtime.shiro.ShiroActionInterceptor - Subject did not meet expected security requirements.
[Test worker] INFO org.codehaus.griffon.runtime.shiro.DefaultSecurityFailureHandler - Subject was not granted access to com.acme.ShiroController.permissions due to lack of permissions
[Test worker] DEBUG org.codehaus.griffon.runtime.core.controller.AbstractActionManager - Execution of com.acme.ShiroController.permissions was aborted by org.codehaus.griffon.runtime.shiro.ShiroActionInterceptor@5c725e09
[Test worker] TRACE org.codehaus.griffon.runtime.core.controller.AbstractActionManager - Status before execution of com.acme.ShiroController.permissions is ABORTED
[Test worker] TRACE org.codehaus.griffon.runtime.core.controller.AbstractActionManager - Calling org.codehaus.griffon.runtime.shiro.ShiroActionInterceptor@5c725e09.after() on com.acme.ShiroController.permissions
[Test worker] DEBUG org.codehaus.griffon.runtime.core.event.AbstractEventRouter - Triggering event 'ShutdownRequested' synchronously
[Test worker] INFO org.codehaus.griffon.runtime.core.DefaultGriffonApplication - Shutdown is in process
[Test worker] DEBUG org.codehaus.griffon.runtime.core.DefaultGriffonApplication - Shutdown stage 1: notify all event listeners
[Test worker] DEBUG org.codehaus.griffon.runtime.core.event.AbstractEventRouter - Adding listener org.codehaus.griffon.runtime.core.AbstractGriffonApplication$1 on ShutdownStart
[Test worker] DEBUG org.codehaus.griffon.runtime.core.event.AbstractEventRouter - Triggering event 'ShutdownStart' synchronously
[Test worker] DEBUG org.codehaus.griffon.runtime.core.DefaultGriffonApplication - Shutdown stage 2: notify all shutdown handlers
[Test worker] DEBUG org.codehaus.griffon.runtime.core.DefaultGriffonApplication - Shutdown stage 3: destroy all MVC groups
[Test worker] DEBUG org.codehaus.griffon.runtime.core.DefaultGriffonApplication - Shutdown stage 4: execute Shutdown script
[Test worker] TRACE griffon.util.CompositeResourceBundle - Searching key=application.lifecycle.handler.disable
[Test worker] TRACE griffon.util.CompositeResourceBundle - Searching key=application
[Test worker] INFO org.codehaus.griffon.runtime.core.DefaultApplicationBootstrapper - Griffon 2.0.0.SNAPSHOT
[Test worker] INFO org.codehaus.griffon.runtime.core.DefaultApplicationBootstrapper - Build: 2014-03-07T17:17:07.720+0000
[Test worker] INFO org.codehaus.griffon.runtime.core.DefaultApplicationBootstrapper - JVM: 1.7.0_51 (Oracle Corporation 24.51-b03)
[Test worker] INFO org.codehaus.griffon.runtime.core.DefaultApplicationBootstrapper - OS: Linux 2.6.32-042stab084.25 amd64
[Test worker] DEBUG org.codehaus.griffon.runtime.core.DefaultApplicationBootstrapper - Creating module bindings
[Test worker] DEBUG griffon.util.AnnotationUtils - Current module order is [core, shiro, testApplicationBootstrapper$InnerClasses, testApplicationBootstrapper$Fields]
[Test worker] TRACE griffon.util.AnnotationUtils - Processing module 'core'
[Test worker] TRACE griffon.util.AnnotationUtils -   depends on '[]'
[Test worker] TRACE griffon.util.AnnotationUtils -   adding module 'core', since all dependencies have been added
[Test worker] TRACE griffon.util.AnnotationUtils - Processing module 'shiro'
[Test worker] TRACE griffon.util.AnnotationUtils -   depends on '[]'
[Test worker] TRACE griffon.util.AnnotationUtils -   adding module 'shiro', since all dependencies have been added
[Test worker] TRACE griffon.util.AnnotationUtils - Processing module 'testApplicationBootstrapper$InnerClasses'
[Test worker] TRACE griffon.util.AnnotationUtils -   depends on '[]'
[Test worker] TRACE griffon.util.AnnotationUtils -   adding module 'testApplicationBootstrapper$InnerClasses', since all dependencies have been added
[Test worker] TRACE griffon.util.AnnotationUtils - Processing module 'testApplicationBootstrapper$Fields'
[Test worker] TRACE griffon.util.AnnotationUtils -   depends on '[]'
[Test worker] TRACE griffon.util.AnnotationUtils -   adding module 'testApplicationBootstrapper$Fields', since all dependencies have been added
[Test worker] TRACE griffon.util.AnnotationUtils - module dependency ordering complete
[Test worker] DEBUG griffon.util.AnnotationUtils - computed module order is [core, shiro, testApplicationBootstrapper$InnerClasses, testApplicationBootstrapper$Fields]
[Test worker] DEBUG org.codehaus.griffon.runtime.core.DefaultApplicationBootstrapper - Loading module bindings from core:org.codehaus.griffon.runtime.core.DefaultApplicationModule@3d26c673
[Test worker] DEBUG org.codehaus.griffon.runtime.core.DefaultApplicationBootstrapper - Loading module bindings from shiro:org.codehaus.griffon.runtime.shiro.ShiroModule@3caec762
[Test worker] DEBUG org.codehaus.griffon.runtime.core.DefaultApplicationBootstrapper - Loading module bindings from testApplicationBootstrapper$InnerClasses:org.codehaus.griffon.runtime.core.TestApplicationBootstrapper$InnerClassesModule@76a4120d
[Test worker] DEBUG org.codehaus.griffon.runtime.core.DefaultApplicationBootstrapper - Loading module bindings from testApplicationBootstrapper$Fields:org.codehaus.griffon.runtime.core.TestApplicationBootstrapper$FieldsModule@d9d5055
[Test worker] TRACE org.codehaus.griffon.runtime.core.DefaultApplicationBootstrapper - InstanceBinding[source=griffon.core.GriffonApplication, instance=org.codehaus.griffon.runtime.core.DefaultGriffonApplication@6e245556, singleton=true]
[Test worker] TRACE org.codehaus.griffon.runtime.core.DefaultApplicationBootstrapper - TargetBinding[source=griffon.core.ApplicationClassLoader, target=org.codehaus.griffon.runtime.core.DefaultApplicationClassLoader, singleton=true]
[Test worker] TRACE org.codehaus.griffon.runtime.core.DefaultApplicationBootstrapper - TargetBinding[source=griffon.core.ApplicationConfigurer, target=org.codehaus.griffon.runtime.core.DefaultApplicationConfigurer, singleton=true]
[Test worker] TRACE org.codehaus.griffon.runtime.core.DefaultApplicationBootstrapper - TargetBinding[source=griffon.core.resources.ResourceHandler, target=org.codehaus.griffon.runtime.core.resources.DefaultResourceHandler, singleton=true]
[Test worker] TRACE org.codehaus.griffon.runtime.core.DefaultApplicationBootstrapper - TargetBinding[source=griffon.util.CompositeResourceBundleBuilder, target=org.codehaus.griffon.runtime.util.DefaultCompositeResourceBundleBuilder, singleton=true]
[Test worker] TRACE org.codehaus.griffon.runtime.core.DefaultApplicationBootstrapper - ProviderBinding[source=java.util.ResourceBundle, classifier=@javax.inject.Named(value=applicationResourceBundle), provider=org.codehaus.griffon.runtime.util.ResourceBundleProvider@135eb998, singleton=true]
[Test worker] TRACE org.codehaus.griffon.runtime.core.DefaultApplicationBootstrapper - TargetBinding[source=griffon.core.Configuration, target=org.codehaus.griffon.runtime.core.DefaultConfiguration, singleton=true]
[Test worker] TRACE org.codehaus.griffon.runtime.core.DefaultApplicationBootstrapper - TargetBinding[source=griffon.core.ExecutorServiceManager, target=org.codehaus.griffon.runtime.core.DefaultExecutorServiceManager, singleton=true]
[Test worker] TRACE org.codehaus.griffon.runtime.core.DefaultApplicationBootstrapper - TargetBinding[source=griffon.core.event.EventRouter, classifier=@javax.inject.Named(value=applicationEventRouter), target=org.codehaus.griffon.runtime.core.event.DefaultEventRouter, singleton=true]
[Test worker] TRACE org.codehaus.griffon.runtime.core.DefaultApplicationBootstrapper - TargetBinding[source=griffon.core.event.EventRouter, target=org.codehaus.griffon.runtime.core.event.DefaultEventRouter, singleton=false]
[Test worker] TRACE org.codehaus.griffon.runtime.core.DefaultApplicationBootstrapper - ProviderBinding[source=griffon.core.resources.ResourceResolver, classifier=@javax.inject.Named(value=applicationResourceResolver), provider=org.codehaus.griffon.runtime.core.resources.ResourceResolverProvider@2feab417, singleton=true]
[Test worker] TRACE org.codehaus.griffon.runtime.core.DefaultApplicationBootstrapper - ProviderBinding[source=griffon.core.i18n.MessageSource, classifier=@javax.inject.Named(value=applicationMessageSource), provider=org.codehaus.griffon.runtime.core.i18n.MessageSourceProvider@59d56a94, singleton=true]
[Test worker] TRACE org.codehaus.griffon.runtime.core.DefaultApplicationBootstrapper - TargetBinding[source=griffon.core.resources.ResourceInjector, classifier=@javax.inject.Named(value=applicationResourceInjector), target=org.codehaus.griffon.runtime.core.resources.DefaultApplicationResourceInjector, singleton=true]
[Test worker] TRACE org.codehaus.griffon.runtime.core.DefaultApplicationBootstrapper - TargetBinding[source=griffon.core.threading.UIThreadManager, target=org.codehaus.griffon.runtime.core.threading.DefaultUIThreadManager, singleton=true]
[Test worker] TRACE org.codehaus.griffon.runtime.core.DefaultApplicationBootstrapper - TargetBinding[source=griffon.core.mvc.MVCGroupManager, target=org.codehaus.griffon.runtime.core.mvc.DefaultMVCGroupManager, singleton=true]
[Test worker] TRACE org.codehaus.griffon.runtime.core.DefaultApplicationBootstrapper - ProviderBinding[source=griffon.core.LifecycleHandler, classifier=@javax.inject.Named(value=Initialize), provider=org.codehaus.griffon.runtime.core.LifecycleHandlerProvider@4a48489f, singleton=true]
[Test worker] TRACE org.codehaus.griffon.runtime.core.DefaultApplicationBootstrapper - ProviderBinding[source=griffon.core.LifecycleHandler, classifier=@javax.inject.Named(value=Startup), provider=org.codehaus.griffon.runtime.core.LifecycleHandlerProvider@4f97e4d2, singleton=true]
[Test worker] TRACE org.codehaus.griffon.runtime.core.DefaultApplicationBootstrapper - ProviderBinding[source=griffon.core.LifecycleHandler, classifier=@javax.inject.Named(value=Ready), provider=org.codehaus.griffon.runtime.core.LifecycleHandlerProvider@7d2fbfd0, singleton=true]
[Test worker] TRACE org.codehaus.griffon.runtime.core.DefaultApplicationBootstrapper - ProviderBinding[source=griffon.core.LifecycleHandler, classifier=@javax.inject.Named(value=Shutdown), provider=org.codehaus.griffon.runtime.core.LifecycleHandlerProvider@49da30e5, singleton=true]
[Test worker] TRACE org.codehaus.griffon.runtime.core.DefaultApplicationBootstrapper - ProviderBinding[source=griffon.core.LifecycleHandler, classifier=@javax.inject.Named(value=Stop), provider=org.codehaus.griffon.runtime.core.LifecycleHandlerProvider@13c03044, singleton=true]
[Test worker] TRACE org.codehaus.griffon.runtime.core.DefaultApplicationBootstrapper - TargetBinding[source=griffon.core.view.WindowManager, target=org.codehaus.griffon.runtime.core.view.NoopWindowManager, singleton=true]
[Test worker] TRACE org.codehaus.griffon.runtime.core.DefaultApplicationBootstrapper - TargetBinding[source=griffon.core.controller.ActionManager, target=org.codehaus.griffon.runtime.core.controller.DefaultActionManager, singleton=true]
[Test worker] TRACE org.codehaus.griffon.runtime.core.DefaultApplicationBootstrapper - TargetBinding[source=griffon.core.artifact.ArtifactManager, target=org.codehaus.griffon.runtime.core.artifact.DefaultArtifactManager, singleton=true]
[Test worker] TRACE org.codehaus.griffon.runtime.core.DefaultApplicationBootstrapper - TargetBinding[source=griffon.core.artifact.ArtifactHandler, classifier=@griffon.inject.Typed(value=interface griffon.core.artifact.GriffonModel), target=org.codehaus.griffon.runtime.core.artifact.ModelArtifactHandler, singleton=true]
[Test worker] TRACE org.codehaus.griffon.runtime.core.DefaultApplicationBootstrapper - TargetBinding[source=griffon.core.artifact.ArtifactHandler, classifier=@griffon.inject.Typed(value=interface griffon.core.artifact.GriffonView), target=org.codehaus.griffon.runtime.core.artifact.ViewArtifactHandler, singleton=true]
[Test worker] TRACE org.codehaus.griffon.runtime.core.DefaultApplicationBootstrapper - TargetBinding[source=griffon.core.artifact.ArtifactHandler, classifier=@griffon.inject.Typed(value=interface griffon.core.artifact.GriffonController), target=org.codehaus.griffon.runtime.core.artifact.ControllerArtifactHandler, singleton=true]
[Test worker] TRACE org.codehaus.griffon.runtime.core.DefaultApplicationBootstrapper - TargetBinding[source=griffon.core.artifact.ArtifactHandler, classifier=@griffon.inject.Typed(value=interface griffon.core.artifact.GriffonService), target=org.codehaus.griffon.runtime.core.artifact.ServiceArtifactHandler, singleton=true]
[Test worker] TRACE org.codehaus.griffon.runtime.core.DefaultApplicationBootstrapper - ProviderTypeBinding[source=griffon.core.PlatformHandler, providerType=class org.codehaus.griffon.runtime.core.PlatformHandlerProvider, singleton=true]
[Test worker] TRACE org.codehaus.griffon.runtime.core.DefaultApplicationBootstrapper - TargetBinding[source=griffon.core.addon.AddonManager, target=org.codehaus.griffon.runtime.core.addon.DefaultAddonManager, singleton=true]
[Test worker] TRACE org.codehaus.griffon.runtime.core.DefaultApplicationBootstrapper - TargetBinding[source=griffon.core.event.EventHandler, target=org.codehaus.griffon.runtime.core.event.DefaultEventHandler, singleton=true]
[Test worker] TRACE org.codehaus.griffon.runtime.core.DefaultApplicationBootstrapper - TargetBinding[source=griffon.core.GriffonExceptionHandler, target=griffon.core.GriffonExceptionHandler, singleton=true]
[Test worker] TRACE org.codehaus.griffon.runtime.core.DefaultApplicationBootstrapper - ProviderTypeBinding[source=org.apache.shiro.mgt.SecurityManager, providerType=class org.codehaus.griffon.runtime.shiro.SecurityManagerProvider, singleton=true]
[Test worker] TRACE org.codehaus.griffon.runtime.core.DefaultApplicationBootstrapper - ProviderTypeBinding[source=org.apache.shiro.subject.Subject, providerType=class org.codehaus.griffon.runtime.shiro.SubjectProvider, singleton=true]
[Test worker] TRACE org.codehaus.griffon.runtime.core.DefaultApplicationBootstrapper - TargetBinding[source=griffon.plugins.shiro.SecurityFailureHandler, target=org.codehaus.griffon.runtime.shiro.DefaultSecurityFailureHandler, singleton=true]
[Test worker] TRACE org.codehaus.griffon.runtime.core.DefaultApplicationBootstrapper - TargetBinding[source=griffon.core.controller.ActionInterceptor, target=org.codehaus.griffon.runtime.shiro.ShiroActionInterceptor, singleton=true]
[Test worker] DEBUG org.codehaus.griffon.runtime.core.DefaultApplicationBootstrapper - Creating application injector
[Test worker] DEBUG org.codehaus.griffon.runtime.core.DefaultApplicationBootstrapper - Injector will be created by org.codehaus.griffon.runtime.injection.GuiceInjectorFactory@6ddf1547
[Test worker] DEBUG org.codehaus.griffon.runtime.core.event.AbstractEventRouter - Adding listener org.codehaus.griffon.runtime.core.MVCGroupExceptionHandler on UncaughtMVCGroupConfigurationException
[Test worker] DEBUG org.codehaus.griffon.runtime.core.event.AbstractEventRouter - Adding listener org.codehaus.griffon.runtime.core.MVCGroupExceptionHandler on UncaughtMVCGroupInstantiationException
[Test worker] DEBUG org.codehaus.griffon.runtime.core.event.AbstractEventRouter - Triggering event 'BootstrapStart' synchronously
[Test worker] DEBUG griffon.util.ServiceLoaderUtils - Reading java.beans.PropertyEditor definitions from jar:file:/home/travis/build/griffon/griffon/subprojects/griffon-core/build/libs/griffon-core-2.0.0.SNAPSHOT.jar!/META-INF/editors/java.beans.PropertyEditor
[Test worker] DEBUG org.codehaus.griffon.runtime.core.DefaultApplicationConfigurer - Registering griffon.core.editors.StringPropertyEditor as editor for java.lang.String
[Test worker] DEBUG org.codehaus.griffon.runtime.core.DefaultApplicationConfigurer - Registering griffon.core.editors.FilePropertyEditor as editor for java.io.File
[Test worker] DEBUG org.codehaus.griffon.runtime.core.DefaultApplicationConfigurer - Registering griffon.core.editors.URLPropertyEditor as editor for java.net.URL
[Test worker] DEBUG org.codehaus.griffon.runtime.core.DefaultApplicationConfigurer - Registering griffon.core.editors.URIPropertyEditor as editor for java.net.URI
[Test worker] DEBUG org.codehaus.griffon.runtime.core.DefaultApplicationConfigurer - Registering griffon.core.editors.BigDecimalPropertyEditor as editor for java.math.BigDecimal
[Test worker] DEBUG org.codehaus.griffon.runtime.core.DefaultApplicationConfigurer - Registering griffon.core.editors.BigIntegerPropertyEditor as editor for java.math.BigInteger
[Test worker] DEBUG org.codehaus.griffon.runtime.core.DefaultApplicationConfigurer - Registering griffon.core.editors.BooleanPropertyEditor as editor for java.lang.Boolean
[Test worker] DEBUG org.codehaus.griffon.runtime.core.DefaultApplicationConfigurer - Registering griffon.core.editors.BytePropertyEditor as editor for java.lang.Byte
[Test worker] DEBUG org.codehaus.griffon.runtime.core.DefaultApplicationConfigurer - Registering griffon.core.editors.ShortPropertyEditor as editor for java.lang.Short
[Test worker] DEBUG org.codehaus.griffon.runtime.core.DefaultApplicationConfigurer - Registering griffon.core.editors.IntegerPropertyEditor as editor for java.lang.Integer
[Test worker] DEBUG org.codehaus.griffon.runtime.core.DefaultApplicationConfigurer - Registering griffon.core.editors.LongPropertyEditor as editor for java.lang.Long
[Test worker] DEBUG org.codehaus.griffon.runtime.core.DefaultApplicationConfigurer - Registering griffon.core.editors.FloatPropertyEditor as editor for java.lang.Float
[Test worker] DEBUG org.codehaus.griffon.runtime.core.DefaultApplicationConfigurer - Registering griffon.core.editors.DoublePropertyEditor as editor for java.lang.Double
[Test worker] DEBUG org.codehaus.griffon.runtime.core.DefaultApplicationConfigurer - Registering griffon.core.editors.CalendarPropertyEditor as editor for java.util.Calendar
[Test worker] DEBUG org.codehaus.griffon.runtime.core.DefaultApplicationConfigurer - Registering griffon.core.editors.DatePropertyEditor as editor for java.util.Date
[Test worker] DEBUG org.codehaus.griffon.runtime.core.DefaultApplicationConfigurer - Registering griffon.core.editors.BooleanPropertyEditor as editor for boolean
[Test worker] DEBUG org.codehaus.griffon.runtime.core.DefaultApplicationConfigurer - Registering griffon.core.editors.BytePropertyEditor as editor for byte
[Test worker] DEBUG org.codehaus.griffon.runtime.core.DefaultApplicationConfigurer - Registering griffon.core.editors.ShortPropertyEditor as editor for short
[Test worker] DEBUG org.codehaus.griffon.runtime.core.DefaultApplicationConfigurer - Registering griffon.core.editors.IntegerPropertyEditor as editor for int
[Test worker] DEBUG org.codehaus.griffon.runtime.core.DefaultApplicationConfigurer - Registering griffon.core.editors.LongPropertyEditor as editor for long
[Test worker] DEBUG org.codehaus.griffon.runtime.core.DefaultApplicationConfigurer - Registering griffon.core.editors.FloatPropertyEditor as editor for float
[Test worker] DEBUG org.codehaus.griffon.runtime.core.DefaultApplicationConfigurer - Registering griffon.core.editors.DoublePropertyEditor as editor for double
[Test worker] DEBUG org.codehaus.griffon.runtime.core.event.AbstractEventRouter - Adding listener org.codehaus.griffon.runtime.core.DefaultApplicationConfigurer$2 on NewInstance
[Test worker] TRACE griffon.util.CompositeResourceBundle - Searching key=application.lifecycle.handler.disable
[Test worker] TRACE griffon.util.CompositeResourceBundle - Searching key=application
[Test worker] TRACE griffon.util.CompositeResourceBundle - Searching key=platform.handler.linux64
[Test worker] TRACE griffon.util.CompositeResourceBundle - Searching key=platform
[Test worker] DEBUG org.codehaus.griffon.runtime.core.PlatformHandlerProvider - Using org.codehaus.griffon.runtime.core.DefaultPlatformHandler as PlatformHandler
[Test worker] DEBUG org.codehaus.griffon.runtime.core.addon.AbstractAddonManager - Loading addons [START]
[Test worker] DEBUG griffon.util.AnnotationUtils - computed addon order is []
[Test worker] DEBUG org.codehaus.griffon.runtime.core.event.AbstractEventRouter - Triggering event 'LoadAddonsStart' synchronously
[Test worker] DEBUG org.codehaus.griffon.runtime.core.addon.AbstractAddonManager - Loading addons [END]
[Test worker] DEBUG org.codehaus.griffon.runtime.core.event.AbstractEventRouter - Triggering event 'LoadAddonsEnd' synchronously
[Test worker] TRACE griffon.util.CompositeResourceBundle - Searching key=mvcGroups
[Test worker] TRACE griffon.util.CompositeResourceBundle - Searching key=mvcGroups
[Test worker] DEBUG org.codehaus.griffon.runtime.core.event.AbstractEventRouter - Adding listener org.codehaus.griffon.runtime.core.DefaultApplicationConfigurer$3 on NewInstance
[Test worker] TRACE griffon.util.CompositeResourceBundle - Searching key=shiro.realm.resource.path
[Test worker] TRACE griffon.util.CompositeResourceBundle - Searching key=shiro
[Test worker] DEBUG org.apache.shiro.realm.text.PropertiesRealm - Loading user security information from file [classpath:shiro-users.properties]...
[Test worker] DEBUG org.apache.shiro.realm.text.PropertiesRealm - Opening input stream for path [classpath:shiro-users.properties]...
[Test worker] DEBUG org.apache.shiro.io.ResourceUtils - Opening resource from class path [shiro-users.properties]
[Test worker] DEBUG org.apache.shiro.realm.text.PropertiesRealm - Loading properties from path [classpath:shiro-users.properties]...
[Test worker] TRACE org.apache.shiro.realm.text.PropertiesRealm - Processing properties line - key: [user.joe], value: [joe,employee].
[Test worker] TRACE org.apache.shiro.realm.text.PropertiesRealm - Processing properties line - key: [user.bob], value: [bob,manager,employee].
[Test worker] TRACE org.apache.shiro.realm.text.PropertiesRealm - Processing properties line - key: [role.administrator], value: [*].
[Test worker] TRACE org.apache.shiro.realm.text.PropertiesRealm - Processing properties line - key: [role.manager], value: [user:write].
[Test worker] TRACE org.apache.shiro.realm.text.PropertiesRealm - Processing properties line - key: [user.root], value: [root,administrator,manager].
[Test worker] TRACE org.apache.shiro.realm.text.PropertiesRealm - Processing properties line - key: [role.employee], value: [user:read].
[Test worker] TRACE org.apache.shiro.util.ThreadContext - get() - in thread [Test worker]
[Test worker] TRACE org.apache.shiro.util.ThreadContext - Retrieved value of type [org.apache.shiro.subject.support.DelegatingSubject] for key [org.apache.shiro.util.ThreadContext_SUBJECT_KEY] bound to thread [Test worker]
[Test worker] TRACE griffon.util.CompositeResourceBundle - Searching key=griffon.controller.action.interceptor.order
[Test worker] TRACE griffon.util.CompositeResourceBundle - Searching key=griffon
[Test worker] DEBUG griffon.util.AnnotationUtils - Current interceptor order is [shiro]
[Test worker] TRACE griffon.util.AnnotationUtils - Processing interceptor 'shiro'
[Test worker] TRACE griffon.util.AnnotationUtils -   depends on '[]'
[Test worker] TRACE griffon.util.AnnotationUtils -   adding interceptor 'shiro', since all dependencies have been added
[Test worker] TRACE griffon.util.AnnotationUtils - interceptor dependency ordering complete
[Test worker] DEBUG griffon.util.AnnotationUtils - computed interceptor order is [shiro]
[Test worker] DEBUG org.codehaus.griffon.runtime.core.artifact.AbstractArtifactManager - Registering artifact handler for type 'model': org.codehaus.griffon.runtime.core.artifact.ModelArtifactHandler@4ada213a
[Test worker] DEBUG org.codehaus.griffon.runtime.core.artifact.AbstractArtifactManager - Registering artifact handler for type 'view': org.codehaus.griffon.runtime.core.artifact.ViewArtifactHandler@36bb8d3a
[Test worker] DEBUG org.codehaus.griffon.runtime.core.artifact.AbstractArtifactManager - Registering artifact handler for type 'controller': org.codehaus.griffon.runtime.core.artifact.ControllerArtifactHandler@5334f6e8
[Test worker] DEBUG org.codehaus.griffon.runtime.core.artifact.AbstractArtifactManager - Registering artifact handler for type 'service': org.codehaus.griffon.runtime.core.artifact.ServiceArtifactHandler@3a3e2405
[Test worker] DEBUG griffon.util.ServiceLoaderUtils - Reading griffon.core.artifact.GriffonController definitions from file:/home/travis/build/griffon/griffon/plugins/griffon-shiro-plugin/build/classes/test/META-INF/griffon/griffon.core.artifact.GriffonController
[Test worker] DEBUG griffon.util.ServiceLoaderUtils - Reading griffon.core.artifact.GriffonModel definitions from file:/home/travis/build/griffon/griffon/plugins/griffon-shiro-plugin/build/classes/test/META-INF/griffon/griffon.core.artifact.GriffonModel
[Test worker] DEBUG org.codehaus.griffon.runtime.core.artifact.DefaultArtifactManager - Artifacts of type 'controller' = 1
[Test worker] DEBUG org.codehaus.griffon.runtime.core.artifact.DefaultArtifactManager - Artifacts of type 'model' = 1
[Test worker] TRACE org.codehaus.griffon.runtime.core.artifact.AbstractArtifactManager - InstanceBinding[source=griffon.core.artifact.GriffonClass, classifier=@griffon.inject.Typed(value=class com.acme.ShiroController), instance=Artifact[controller] > Shiro, singleton=true]
[Test worker] TRACE org.codehaus.griffon.runtime.core.artifact.AbstractArtifactManager - TargetBinding[source=com.acme.ShiroController, target=com.acme.ShiroController, singleton=false]
[Test worker] TRACE org.codehaus.griffon.runtime.core.artifact.AbstractArtifactManager - InstanceBinding[source=griffon.core.artifact.GriffonClass, classifier=@griffon.inject.Typed(value=class com.acme.ShiroModel), instance=Artifact[model] > Shiro, singleton=true]
[Test worker] TRACE org.codehaus.griffon.runtime.core.artifact.AbstractArtifactManager - TargetBinding[source=com.acme.ShiroModel, target=com.acme.ShiroModel, singleton=false]
[Test worker] DEBUG org.codehaus.griffon.runtime.core.event.AbstractEventRouter - Triggering event 'BootstrapEnd' synchronously
[Test worker] DEBUG org.codehaus.griffon.runtime.core.artifact.AbstractArtifactManager - Searching for griffonClass of com.acme.ShiroController
[Test worker] DEBUG org.codehaus.griffon.runtime.core.event.AbstractEventRouter - Triggering event 'NewInstance' synchronously
[Test worker] DEBUG org.codehaus.griffon.runtime.core.artifact.AbstractArtifactManager - Searching for griffonClass of com.acme.ShiroController
[Test worker] TRACE griffon.util.CompositeResourceBundle - Searching key=com.acme.ShiroController.action.Authenticated.name
[Test worker] TRACE griffon.util.CompositeResourceBundle - Searching key=application.action.Authenticated.name
[Test worker] TRACE org.codehaus.griffon.runtime.core.controller.AbstractActionManager - com.acme.ShiroController.action.Authenticated.name = Authenticated
[Test worker] DEBUG org.codehaus.griffon.runtime.core.controller.AbstractActionManager - Configuring action com.acme.ShiroController.authenticated with org.codehaus.griffon.runtime.shiro.ShiroActionInterceptor@713f9b54
[Test worker] TRACE org.codehaus.griffon.runtime.core.controller.AbstractActionManager - Action for com.acme.ShiroController.authenticated stored as authenticated
[Test worker] TRACE griffon.util.CompositeResourceBundle - Searching key=com.acme.ShiroController.action.Guest.name
[Test worker] TRACE griffon.util.CompositeResourceBundle - Searching key=application.action.Guest.name
[Test worker] TRACE org.codehaus.griffon.runtime.core.controller.AbstractActionManager - com.acme.ShiroController.action.Guest.name = Guest
[Test worker] DEBUG org.codehaus.griffon.runtime.core.controller.AbstractActionManager - Configuring action com.acme.ShiroController.guest with org.codehaus.griffon.runtime.shiro.ShiroActionInterceptor@713f9b54
[Test worker] TRACE org.codehaus.griffon.runtime.core.controller.AbstractActionManager - Action for com.acme.ShiroController.guest stored as guest
[Test worker] TRACE griffon.util.CompositeResourceBundle - Searching key=com.acme.ShiroController.action.Permissions.name
[Test worker] TRACE griffon.util.CompositeResourceBundle - Searching key=application.action.Permissions.name
[Test worker] TRACE org.codehaus.griffon.runtime.core.controller.AbstractActionManager - com.acme.ShiroController.action.Permissions.name = Permissions
[Test worker] DEBUG org.codehaus.griffon.runtime.core.controller.AbstractActionManager - Configuring action com.acme.ShiroController.permissions with org.codehaus.griffon.runtime.shiro.ShiroActionInterceptor@713f9b54
[Test worker] TRACE org.codehaus.griffon.runtime.core.controller.AbstractActionManager - Action for com.acme.ShiroController.permissions stored as permissions
[Test worker] TRACE griffon.util.CompositeResourceBundle - Searching key=com.acme.ShiroController.action.Roles.name
[Test worker] TRACE griffon.util.CompositeResourceBundle - Searching key=application.action.Roles.name
[Test worker] TRACE org.codehaus.griffon.runtime.core.controller.AbstractActionManager - com.acme.ShiroController.action.Roles.name = Roles
[Test worker] DEBUG org.codehaus.griffon.runtime.core.controller.AbstractActionManager - Configuring action com.acme.ShiroController.roles with org.codehaus.griffon.runtime.shiro.ShiroActionInterceptor@713f9b54
[Test worker] TRACE org.codehaus.griffon.runtime.core.controller.AbstractActionManager - Action for com.acme.ShiroController.roles stored as roles
[Test worker] TRACE griffon.util.CompositeResourceBundle - Searching key=com.acme.ShiroController.action.User.name
[Test worker] TRACE griffon.util.CompositeResourceBundle - Searching key=application.action.User.name
[Test worker] TRACE org.codehaus.griffon.runtime.core.controller.AbstractActionManager - com.acme.ShiroController.action.User.name = User
[Test worker] DEBUG org.codehaus.griffon.runtime.core.controller.AbstractActionManager - Configuring action com.acme.ShiroController.user with org.codehaus.griffon.runtime.shiro.ShiroActionInterceptor@713f9b54
[Test worker] TRACE org.codehaus.griffon.runtime.core.controller.AbstractActionManager - Action for com.acme.ShiroController.user stored as user
[Test worker] DEBUG org.codehaus.griffon.runtime.core.artifact.AbstractArtifactManager - Searching for griffonClass of com.acme.ShiroModel
[Test worker] DEBUG org.codehaus.griffon.runtime.core.event.AbstractEventRouter - Triggering event 'NewInstance' synchronously
[Test worker] TRACE org.apache.shiro.subject.support.DelegatingSubject - attempting to get session; create = false; session is null = true; session has id = false
[Test worker] TRACE org.apache.shiro.authc.AbstractAuthenticator - Authentication attempt received for token [org.apache.shiro.authc.UsernamePasswordToken - bob, rememberMe=false]
[Test worker] DEBUG org.apache.shiro.realm.AuthenticatingRealm - Looked up AuthenticationInfo [bob] from doGetAuthenticationInfo
[Test worker] DEBUG org.apache.shiro.realm.AuthenticatingRealm - AuthenticationInfo caching is disabled for info [bob].  Submitted token: [org.apache.shiro.authc.UsernamePasswordToken - bob, rememberMe=false].
[Test worker] DEBUG org.apache.shiro.authc.credential.SimpleCredentialsMatcher - Performing credentials equality check for tokenCredentials of type [[C and accountCredentials of type [java.lang.String]
[Test worker] DEBUG org.apache.shiro.authc.credential.SimpleCredentialsMatcher - Both credentials arguments can be easily converted to byte arrays.  Performing array equals comparison
[Test worker] DEBUG org.apache.shiro.authc.AbstractAuthenticator - Authentication successful for token [org.apache.shiro.authc.UsernamePasswordToken - bob, rememberMe=false].  Returned account [bob]
[Test worker] DEBUG org.apache.shiro.subject.support.DefaultSubjectContext - No SecurityManager available in subject context map.  Falling back to SecurityUtils.getSecurityManager() lookup.
[Test worker] TRACE org.apache.shiro.util.ThreadContext - get() - in thread [Test worker]
[Test worker] TRACE org.apache.shiro.mgt.DefaultSecurityManager - Context already contains a SecurityManager instance.  Returning.
[Test worker] TRACE org.apache.shiro.subject.support.DelegatingSubject - attempting to get session; create = false; session is null = true; session has id = false
[Test worker] DEBUG org.apache.shiro.subject.support.DefaultSubjectContext - No SecurityManager available in subject context map.  Falling back to SecurityUtils.getSecurityManager() lookup.
[Test worker] TRACE org.apache.shiro.util.ThreadContext - get() - in thread [Test worker]
[Test worker] TRACE org.apache.shiro.subject.support.DelegatingSubject - attempting to get session; create = false; session is null = true; session has id = false
[Test worker] TRACE org.apache.shiro.subject.support.DelegatingSubject - attempting to get session; create = false; session is null = true; session has id = false
[Test worker] TRACE org.apache.shiro.subject.support.DelegatingSubject - attempting to get session; create = false; session is null = true; session has id = false
[Test worker] TRACE org.apache.shiro.subject.support.DelegatingSubject - attempting to get session; create = false; session is null = true; session has id = false
[Test worker] TRACE org.apache.shiro.subject.support.DelegatingSubject - attempting to get session; create = false; session is null = true; session has id = false
[Test worker] TRACE org.apache.shiro.subject.support.DelegatingSubject - attempting to get session; create = false; session is null = true; session has id = false
[Test worker] TRACE org.apache.shiro.subject.support.DelegatingSubject - attempting to get session; create = true; session is null = true; session has id = false
[Test worker] TRACE org.apache.shiro.subject.support.DelegatingSubject - Starting session for host null
[Test worker] DEBUG org.apache.shiro.session.mgt.AbstractValidatingSessionManager - No sessionValidationScheduler set.  Attempting to create default instance.
[Test worker] TRACE org.apache.shiro.session.mgt.AbstractValidatingSessionManager - Created default SessionValidationScheduler instance of type [org.apache.shiro.session.mgt.ExecutorServiceSessionValidationScheduler].
[Test worker] INFO org.apache.shiro.session.mgt.AbstractValidatingSessionManager - Enabling session validation scheduler...
[Test worker] TRACE org.apache.shiro.session.mgt.DefaultSessionManager - Creating session for host null
[Test worker] DEBUG org.apache.shiro.session.mgt.DefaultSessionManager - Creating new EIS record for new session instance [org.apache.shiro.session.mgt.SimpleSession,id=null]
[Test worker] TRACE org.apache.shiro.session.mgt.AbstractValidatingSessionManager - Attempting to retrieve session with key org.apache.shiro.session.mgt.DefaultSessionKey@3c2beb47
[Test worker] TRACE org.apache.shiro.subject.support.DelegatingSubject - attempting to get session; create = false; session is null = false; session has id = true
[Test worker] TRACE org.apache.shiro.session.mgt.AbstractValidatingSessionManager - Attempting to retrieve session with key org.apache.shiro.session.mgt.DefaultSessionKey@3c2beb47
[Test worker] TRACE org.apache.shiro.session.mgt.AbstractValidatingSessionManager - Attempting to retrieve session with key org.apache.shiro.session.mgt.DefaultSessionKey@3c2beb47
[Test worker] TRACE org.apache.shiro.mgt.DefaultSecurityManager - This org.apache.shiro.mgt.DefaultSecurityManager instance does not have a [org.apache.shiro.mgt.RememberMeManager] instance configured.  RememberMe services will not be performed for account [bob].
[Test worker] TRACE org.apache.shiro.subject.support.DelegatingSubject - attempting to get session; create = false; session is null = false; session has id = true
[Test worker] TRACE griffon.util.CompositeResourceBundle - Searching key=griffon.disable.threading.injection
[Test worker] TRACE griffon.util.CompositeResourceBundle - Searching key=griffon
[Test worker] DEBUG org.codehaus.griffon.runtime.core.controller.AbstractActionManager - Executing com.acme.ShiroController.guest with policy OUTSIDE_UITHREAD
[Test worker] DEBUG org.codehaus.griffon.runtime.core.controller.AbstractActionManager - Executing 1 interceptor for com.acme.ShiroController.guest
[Test worker] TRACE org.codehaus.griffon.runtime.core.controller.AbstractActionManager - Calling org.codehaus.griffon.runtime.shiro.ShiroActionInterceptor@713f9b54.before() on com.acme.ShiroController.guest
[Test worker] DEBUG org.codehaus.griffon.runtime.shiro.ShiroActionInterceptor - Evaluating security requirement RequirementConfiguration{requirement=GUEST, values=[], logical=AND}
[Test worker] TRACE org.apache.shiro.subject.support.DelegatingSubject - attempting to get session; create = false; session is null = false; session has id = true
[Test worker] TRACE org.apache.shiro.session.mgt.AbstractValidatingSessionManager - Attempting to retrieve session with key org.apache.shiro.session.mgt.DefaultSessionKey@3c2beb47
[Test worker] DEBUG org.codehaus.griffon.runtime.shiro.ShiroActionInterceptor - Subject did not meet expected security requirements.
[Test worker] INFO org.codehaus.griffon.runtime.shiro.DefaultSecurityFailureHandler - Subject failed guest challenge on com.acme.ShiroController.guest
[Test worker] DEBUG org.codehaus.griffon.runtime.core.controller.AbstractActionManager - Execution of com.acme.ShiroController.guest was aborted by org.codehaus.griffon.runtime.shiro.ShiroActionInterceptor@713f9b54
[Test worker] TRACE org.codehaus.griffon.runtime.core.controller.AbstractActionManager - Status before execution of com.acme.ShiroController.guest is ABORTED
[Test worker] TRACE org.codehaus.griffon.runtime.core.controller.AbstractActionManager - Calling org.codehaus.griffon.runtime.shiro.ShiroActionInterceptor@713f9b54.after() on com.acme.ShiroController.guest
[Test worker] TRACE org.apache.shiro.subject.support.DelegatingSubject - attempting to get session; create = false; session is null = false; session has id = true
[Test worker] TRACE org.apache.shiro.session.mgt.AbstractValidatingSessionManager - Attempting to retrieve session with key org.apache.shiro.session.mgt.DefaultSessionKey@3c2beb47
[Test worker] TRACE org.apache.shiro.subject.support.DelegatingSubject - attempting to get session; create = false; session is null = false; session has id = true
[Test worker] TRACE org.apache.shiro.session.mgt.AbstractValidatingSessionManager - Attempting to retrieve session with key org.apache.shiro.session.mgt.DefaultSessionKey@3c2beb47
[Test worker] DEBUG org.apache.shiro.mgt.DefaultSecurityManager - Logging out subject with primary principal bob
[Test worker] TRACE org.apache.shiro.realm.CachingRealm - Cleared cache entries for account with principals [bob]
[Test worker] TRACE org.apache.shiro.subject.support.DelegatingSubject - attempting to get session; create = false; session is null = false; session has id = true
[Test worker] TRACE org.apache.shiro.session.mgt.AbstractValidatingSessionManager - Attempting to retrieve session with key org.apache.shiro.session.mgt.DefaultSessionKey@3c2beb47
[Test worker] TRACE org.apache.shiro.session.mgt.AbstractValidatingSessionManager - Attempting to retrieve session with key org.apache.shiro.session.mgt.DefaultSessionKey@3c2beb47
[Test worker] TRACE org.apache.shiro.subject.support.DelegatingSubject - attempting to get session; create = false; session is null = false; session has id = true
[Test worker] TRACE org.apache.shiro.session.mgt.AbstractValidatingSessionManager - Attempting to retrieve session with key org.apache.shiro.session.mgt.DefaultSessionKey@3c2beb47
[Test worker] DEBUG org.apache.shiro.session.mgt.AbstractSessionManager - Stopping session with id [8f7e90cc-811d-41dc-914d-5803dd841974]
[Test worker] DEBUG org.codehaus.griffon.runtime.core.event.AbstractEventRouter - Triggering event 'ShutdownRequested' synchronously
[Test worker] INFO org.codehaus.griffon.runtime.core.DefaultGriffonApplication - Shutdown is in process
[Test worker] DEBUG org.codehaus.griffon.runtime.core.DefaultGriffonApplication - Shutdown stage 1: notify all event listeners
[Test worker] DEBUG org.codehaus.griffon.runtime.core.event.AbstractEventRouter - Adding listener org.codehaus.griffon.runtime.core.AbstractGriffonApplication$1 on ShutdownStart
[Test worker] DEBUG org.codehaus.griffon.runtime.core.event.AbstractEventRouter - Triggering event 'ShutdownStart' synchronously
[Test worker] DEBUG org.codehaus.griffon.runtime.core.DefaultGriffonApplication - Shutdown stage 2: notify all shutdown handlers
[Test worker] DEBUG org.codehaus.griffon.runtime.core.DefaultGriffonApplication - Shutdown stage 3: destroy all MVC groups
[Test worker] DEBUG org.codehaus.griffon.runtime.core.DefaultGriffonApplication - Shutdown stage 4: execute Shutdown script
[Test worker] TRACE griffon.util.CompositeResourceBundle - Searching key=application.lifecycle.handler.disable
[Test worker] TRACE griffon.util.CompositeResourceBundle - Searching key=application
[Test worker] INFO org.codehaus.griffon.runtime.core.DefaultApplicationBootstrapper - Griffon 2.0.0.SNAPSHOT
[Test worker] INFO org.codehaus.griffon.runtime.core.DefaultApplicationBootstrapper - Build: 2014-03-07T17:17:07.720+0000
[Test worker] INFO org.codehaus.griffon.runtime.core.DefaultApplicationBootstrapper - JVM: 1.7.0_51 (Oracle Corporation 24.51-b03)
[Test worker] INFO org.codehaus.griffon.runtime.core.DefaultApplicationBootstrapper - OS: Linux 2.6.32-042stab084.25 amd64
[Test worker] DEBUG org.codehaus.griffon.runtime.core.DefaultApplicationBootstrapper - Creating module bindings
[Test worker] DEBUG griffon.util.AnnotationUtils - Current module order is [core, shiro, testApplicationBootstrapper$InnerClasses, testApplicationBootstrapper$Fields]
[Test worker] TRACE griffon.util.AnnotationUtils - Processing module 'core'
[Test worker] TRACE griffon.util.AnnotationUtils -   depends on '[]'
[Test worker] TRACE griffon.util.AnnotationUtils -   adding module 'core', since all dependencies have been added
[Test worker] TRACE griffon.util.AnnotationUtils - Processing module 'shiro'
[Test worker] TRACE griffon.util.AnnotationUtils -   depends on '[]'
[Test worker] TRACE griffon.util.AnnotationUtils -   adding module 'shiro', since all dependencies have been added
[Test worker] TRACE griffon.util.AnnotationUtils - Processing module 'testApplicationBootstrapper$InnerClasses'
[Test worker] TRACE griffon.util.AnnotationUtils -   depends on '[]'
[Test worker] TRACE griffon.util.AnnotationUtils -   adding module 'testApplicationBootstrapper$InnerClasses', since all dependencies have been added
[Test worker] TRACE griffon.util.AnnotationUtils - Processing module 'testApplicationBootstrapper$Fields'
[Test worker] TRACE griffon.util.AnnotationUtils -   depends on '[]'
[Test worker] TRACE griffon.util.AnnotationUtils -   adding module 'testApplicationBootstrapper$Fields', since all dependencies have been added
[Test worker] TRACE griffon.util.AnnotationUtils - module dependency ordering complete
[Test worker] DEBUG griffon.util.AnnotationUtils - computed module order is [core, shiro, testApplicationBootstrapper$InnerClasses, testApplicationBootstrapper$Fields]
[Test worker] DEBUG org.codehaus.griffon.runtime.core.DefaultApplicationBootstrapper - Loading module bindings from core:org.codehaus.griffon.runtime.core.DefaultApplicationModule@3b9ccf62
[Test worker] DEBUG org.codehaus.griffon.runtime.core.DefaultApplicationBootstrapper - Loading module bindings from shiro:org.codehaus.griffon.runtime.shiro.ShiroModule@33f34981
[Test worker] DEBUG org.codehaus.griffon.runtime.core.DefaultApplicationBootstrapper - Loading module bindings from testApplicationBootstrapper$InnerClasses:org.codehaus.griffon.runtime.core.TestApplicationBootstrapper$InnerClassesModule@295ececc
[Test worker] DEBUG org.codehaus.griffon.runtime.core.DefaultApplicationBootstrapper - Loading module bindings from testApplicationBootstrapper$Fields:org.codehaus.griffon.runtime.core.TestApplicationBootstrapper$FieldsModule@f5ac84c
[Test worker] TRACE org.codehaus.griffon.runtime.core.DefaultApplicationBootstrapper - InstanceBinding[source=griffon.core.GriffonApplication, instance=org.codehaus.griffon.runtime.core.DefaultGriffonApplication@3764d36e, singleton=true]
[Test worker] TRACE org.codehaus.griffon.runtime.core.DefaultApplicationBootstrapper - TargetBinding[source=griffon.core.ApplicationClassLoader, target=org.codehaus.griffon.runtime.core.DefaultApplicationClassLoader, singleton=true]
[Test worker] TRACE org.codehaus.griffon.runtime.core.DefaultApplicationBootstrapper - TargetBinding[source=griffon.core.ApplicationConfigurer, target=org.codehaus.griffon.runtime.core.DefaultApplicationConfigurer, singleton=true]
[Test worker] TRACE org.codehaus.griffon.runtime.core.DefaultApplicationBootstrapper - TargetBinding[source=griffon.core.resources.ResourceHandler, target=org.codehaus.griffon.runtime.core.resources.DefaultResourceHandler, singleton=true]
[Test worker] TRACE org.codehaus.griffon.runtime.core.DefaultApplicationBootstrapper - TargetBinding[source=griffon.util.CompositeResourceBundleBuilder, target=org.codehaus.griffon.runtime.util.DefaultCompositeResourceBundleBuilder, singleton=true]
[Test worker] TRACE org.codehaus.griffon.runtime.core.DefaultApplicationBootstrapper - ProviderBinding[source=java.util.ResourceBundle, classifier=@javax.inject.Named(value=applicationResourceBundle), provider=org.codehaus.griffon.runtime.util.ResourceBundleProvider@3c74f72b, singleton=true]
[Test worker] TRACE org.codehaus.griffon.runtime.core.DefaultApplicationBootstrapper - TargetBinding[source=griffon.core.Configuration, target=org.codehaus.griffon.runtime.core.DefaultConfiguration, singleton=true]
[Test worker] TRACE org.codehaus.griffon.runtime.core.DefaultApplicationBootstrapper - TargetBinding[source=griffon.core.ExecutorServiceManager, target=org.codehaus.griffon.runtime.core.DefaultExecutorServiceManager, singleton=true]
[Test worker] TRACE org.codehaus.griffon.runtime.core.DefaultApplicationBootstrapper - TargetBinding[source=griffon.core.event.EventRouter, classifier=@javax.inject.Named(value=applicationEventRouter), target=org.codehaus.griffon.runtime.core.event.DefaultEventRouter, singleton=true]
[Test worker] TRACE org.codehaus.griffon.runtime.core.DefaultApplicationBootstrapper - TargetBinding[source=griffon.core.event.EventRouter, target=org.codehaus.griffon.runtime.core.event.DefaultEventRouter, singleton=false]
[Test worker] TRACE org.codehaus.griffon.runtime.core.DefaultApplicationBootstrapper - ProviderBinding[source=griffon.core.resources.ResourceResolver, classifier=@javax.inject.Named(value=applicationResourceResolver), provider=org.codehaus.griffon.runtime.core.resources.ResourceResolverProvider@230f470f, singleton=true]
[Test worker] TRACE org.codehaus.griffon.runtime.core.DefaultApplicationBootstrapper - ProviderBinding[source=griffon.core.i18n.MessageSource, classifier=@javax.inject.Named(value=applicationMessageSource), provider=org.codehaus.griffon.runtime.core.i18n.MessageSourceProvider@40023bc4, singleton=true]
[Test worker] TRACE org.codehaus.griffon.runtime.core.DefaultApplicationBootstrapper - TargetBinding[source=griffon.core.resources.ResourceInjector, classifier=@javax.inject.Named(value=applicationResourceInjector), target=org.codehaus.griffon.runtime.core.resources.DefaultApplicationResourceInjector, singleton=true]
[Test worker] TRACE org.codehaus.griffon.runtime.core.DefaultApplicationBootstrapper - TargetBinding[source=griffon.core.threading.UIThreadManager, target=org.codehaus.griffon.runtime.core.threading.DefaultUIThreadManager, singleton=true]
[Test worker] TRACE org.codehaus.griffon.runtime.core.DefaultApplicationBootstrapper - TargetBinding[source=griffon.core.mvc.MVCGroupManager, target=org.codehaus.griffon.runtime.core.mvc.DefaultMVCGroupManager, singleton=true]
[Test worker] TRACE org.codehaus.griffon.runtime.core.DefaultApplicationBootstrapper - ProviderBinding[source=griffon.core.LifecycleHandler, classifier=@javax.inject.Named(value=Initialize), provider=org.codehaus.griffon.runtime.core.LifecycleHandlerProvider@52a1e1b0, singleton=true]
[Test worker] TRACE org.codehaus.griffon.runtime.core.DefaultApplicationBootstrapper - ProviderBinding[source=griffon.core.LifecycleHandler, classifier=@javax.inject.Named(value=Startup), provider=org.codehaus.griffon.runtime.core.LifecycleHandlerProvider@1e81432, singleton=true]
[Test worker] TRACE org.codehaus.griffon.runtime.core.DefaultApplicationBootstrapper - ProviderBinding[source=griffon.core.LifecycleHandler, classifier=@javax.inject.Named(value=Ready), provider=org.codehaus.griffon.runtime.core.LifecycleHandlerProvider@2b85df98, singleton=true]
[Test worker] TRACE org.codehaus.griffon.runtime.core.DefaultApplicationBootstrapper - ProviderBinding[source=griffon.core.LifecycleHandler, classifier=@javax.inject.Named(value=Shutdown), provider=org.codehaus.griffon.runtime.core.LifecycleHandlerProvider@621a8a7a, singleton=true]
[Test worker] TRACE org.codehaus.griffon.runtime.core.DefaultApplicationBootstrapper - ProviderBinding[source=griffon.core.LifecycleHandler, classifier=@javax.inject.Named(value=Stop), provider=org.codehaus.griffon.runtime.core.LifecycleHandlerProvider@3c7981e7, singleton=true]
[Test worker] TRACE org.codehaus.griffon.runtime.core.DefaultApplicationBootstrapper - TargetBinding[source=griffon.core.view.WindowManager, target=org.codehaus.griffon.runtime.core.view.NoopWindowManager, singleton=true]
[Test worker] TRACE org.codehaus.griffon.runtime.core.DefaultApplicationBootstrapper - TargetBinding[source=griffon.core.controller.ActionManager, target=org.codehaus.griffon.runtime.core.controller.DefaultActionManager, singleton=true]
[Test worker] TRACE org.codehaus.griffon.runtime.core.DefaultApplicationBootstrapper - TargetBinding[source=griffon.core.artifact.ArtifactManager, target=org.codehaus.griffon.runtime.core.artifact.DefaultArtifactManager, singleton=true]
[Test worker] TRACE org.codehaus.griffon.runtime.core.DefaultApplicationBootstrapper - TargetBinding[source=griffon.core.artifact.ArtifactHandler, classifier=@griffon.inject.Typed(value=interface griffon.core.artifact.GriffonModel), target=org.codehaus.griffon.runtime.core.artifact.ModelArtifactHandler, singleton=true]
[Test worker] TRACE org.codehaus.griffon.runtime.core.DefaultApplicationBootstrapper - TargetBinding[source=griffon.core.artifact.ArtifactHandler, classifier=@griffon.inject.Typed(value=interface griffon.core.artifact.GriffonView), target=org.codehaus.griffon.runtime.core.artifact.ViewArtifactHandler, singleton=true]
[Test worker] TRACE org.codehaus.griffon.runtime.core.DefaultApplicationBootstrapper - TargetBinding[source=griffon.core.artifact.ArtifactHandler, classifier=@griffon.inject.Typed(value=interface griffon.core.artifact.GriffonController), target=org.codehaus.griffon.runtime.core.artifact.ControllerArtifactHandler, singleton=true]
[Test worker] TRACE org.codehaus.griffon.runtime.core.DefaultApplicationBootstrapper - TargetBinding[source=griffon.core.artifact.ArtifactHandler, classifier=@griffon.inject.Typed(value=interface griffon.core.artifact.GriffonService), target=org.codehaus.griffon.runtime.core.artifact.ServiceArtifactHandler, singleton=true]
[Test worker] TRACE org.codehaus.griffon.runtime.core.DefaultApplicationBootstrapper - ProviderTypeBinding[source=griffon.core.PlatformHandler, providerType=class org.codehaus.griffon.runtime.core.PlatformHandlerProvider, singleton=true]
[Test worker] TRACE org.codehaus.griffon.runtime.core.DefaultApplicationBootstrapper - TargetBinding[source=griffon.core.addon.AddonManager, target=org.codehaus.griffon.runtime.core.addon.DefaultAddonManager, singleton=true]
[Test worker] TRACE org.codehaus.griffon.runtime.core.DefaultApplicationBootstrapper - TargetBinding[source=griffon.core.event.EventHandler, target=org.codehaus.griffon.runtime.core.event.DefaultEventHandler, singleton=true]
[Test worker] TRACE org.codehaus.griffon.runtime.core.DefaultApplicationBootstrapper - TargetBinding[source=griffon.core.GriffonExceptionHandler, target=griffon.core.GriffonExceptionHandler, singleton=true]
[Test worker] TRACE org.codehaus.griffon.runtime.core.DefaultApplicationBootstrapper - ProviderTypeBinding[source=org.apache.shiro.mgt.SecurityManager, providerType=class org.codehaus.griffon.runtime.shiro.SecurityManagerProvider, singleton=true]
[Test worker] TRACE org.codehaus.griffon.runtime.core.DefaultApplicationBootstrapper - ProviderTypeBinding[source=org.apache.shiro.subject.Subject, providerType=class org.codehaus.griffon.runtime.shiro.SubjectProvider, singleton=true]
[Test worker] TRACE org.codehaus.griffon.runtime.core.DefaultApplicationBootstrapper - TargetBinding[source=griffon.plugins.shiro.SecurityFailureHandler, target=org.codehaus.griffon.runtime.shiro.DefaultSecurityFailureHandler, singleton=true]
[Test worker] TRACE org.codehaus.griffon.runtime.core.DefaultApplicationBootstrapper - TargetBinding[source=griffon.core.controller.ActionInterceptor, target=org.codehaus.griffon.runtime.shiro.ShiroActionInterceptor, singleton=true]
[Test worker] DEBUG org.codehaus.griffon.runtime.core.DefaultApplicationBootstrapper - Creating application injector
[Test worker] DEBUG org.codehaus.griffon.runtime.core.DefaultApplicationBootstrapper - Injector will be created by org.codehaus.griffon.runtime.injection.GuiceInjectorFactory@1019399e
[Test worker] DEBUG org.codehaus.griffon.runtime.core.event.AbstractEventRouter - Adding listener org.codehaus.griffon.runtime.core.MVCGroupExceptionHandler on UncaughtMVCGroupConfigurationException
[Test worker] DEBUG org.codehaus.griffon.runtime.core.event.AbstractEventRouter - Adding listener org.codehaus.griffon.runtime.core.MVCGroupExceptionHandler on UncaughtMVCGroupInstantiationException
[Test worker] DEBUG org.codehaus.griffon.runtime.core.event.AbstractEventRouter - Triggering event 'BootstrapStart' synchronously
[Test worker] DEBUG griffon.util.ServiceLoaderUtils - Reading java.beans.PropertyEditor definitions from jar:file:/home/travis/build/griffon/griffon/subprojects/griffon-core/build/libs/griffon-core-2.0.0.SNAPSHOT.jar!/META-INF/editors/java.beans.PropertyEditor
[Test worker] DEBUG org.codehaus.griffon.runtime.core.DefaultApplicationConfigurer - Registering griffon.core.editors.StringPropertyEditor as editor for java.lang.String
[Test worker] DEBUG org.codehaus.griffon.runtime.core.DefaultApplicationConfigurer - Registering griffon.core.editors.FilePropertyEditor as editor for java.io.File
[Test worker] DEBUG org.codehaus.griffon.runtime.core.DefaultApplicationConfigurer - Registering griffon.core.editors.URLPropertyEditor as editor for java.net.URL
[Test worker] DEBUG org.codehaus.griffon.runtime.core.DefaultApplicationConfigurer - Registering griffon.core.editors.URIPropertyEditor as editor for java.net.URI
[Test worker] DEBUG org.codehaus.griffon.runtime.core.DefaultApplicationConfigurer - Registering griffon.core.editors.BigDecimalPropertyEditor as editor for java.math.BigDecimal
[Test worker] DEBUG org.codehaus.griffon.runtime.core.DefaultApplicationConfigurer - Registering griffon.core.editors.BigIntegerPropertyEditor as editor for java.math.BigInteger
[Test worker] DEBUG org.codehaus.griffon.runtime.core.DefaultApplicationConfigurer - Registering griffon.core.editors.BooleanPropertyEditor as editor for java.lang.Boolean
[Test worker] DEBUG org.codehaus.griffon.runtime.core.DefaultApplicationConfigurer - Registering griffon.core.editors.BytePropertyEditor as editor for java.lang.Byte
[Test worker] DEBUG org.codehaus.griffon.runtime.core.DefaultApplicationConfigurer - Registering griffon.core.editors.ShortPropertyEditor as editor for java.lang.Short
[Test worker] DEBUG org.codehaus.griffon.runtime.core.DefaultApplicationConfigurer - Registering griffon.core.editors.IntegerPropertyEditor as editor for java.lang.Integer
[Test worker] DEBUG org.codehaus.griffon.runtime.core.DefaultApplicationConfigurer - Registering griffon.core.editors.LongPropertyEditor as editor for java.lang.Long
[Test worker] DEBUG org.codehaus.griffon.runtime.core.DefaultApplicationConfigurer - Registering griffon.core.editors.FloatPropertyEditor as editor for java.lang.Float
[Test worker] DEBUG org.codehaus.griffon.runtime.core.DefaultApplicationConfigurer - Registering griffon.core.editors.DoublePropertyEditor as editor for java.lang.Double
[Test worker] DEBUG org.codehaus.griffon.runtime.core.DefaultApplicationConfigurer - Registering griffon.core.editors.CalendarPropertyEditor as editor for java.util.Calendar
[Test worker] DEBUG org.codehaus.griffon.runtime.core.DefaultApplicationConfigurer - Registering griffon.core.editors.DatePropertyEditor as editor for java.util.Date
[Test worker] DEBUG org.codehaus.griffon.runtime.core.DefaultApplicationConfigurer - Registering griffon.core.editors.BooleanPropertyEditor as editor for boolean
[Test worker] DEBUG org.codehaus.griffon.runtime.core.DefaultApplicationConfigurer - Registering griffon.core.editors.BytePropertyEditor as editor for byte
[Test worker] DEBUG org.codehaus.griffon.runtime.core.DefaultApplicationConfigurer - Registering griffon.core.editors.ShortPropertyEditor as editor for short
[Test worker] DEBUG org.codehaus.griffon.runtime.core.DefaultApplicationConfigurer - Registering griffon.core.editors.IntegerPropertyEditor as editor for int
[Test worker] DEBUG org.codehaus.griffon.runtime.core.DefaultApplicationConfigurer - Registering griffon.core.editors.LongPropertyEditor as editor for long
[Test worker] DEBUG org.codehaus.griffon.runtime.core.DefaultApplicationConfigurer - Registering griffon.core.editors.FloatPropertyEditor as editor for float
[Test worker] DEBUG org.codehaus.griffon.runtime.core.DefaultApplicationConfigurer - Registering griffon.core.editors.DoublePropertyEditor as editor for double
[Test worker] DEBUG org.codehaus.griffon.runtime.core.event.AbstractEventRouter - Adding listener org.codehaus.griffon.runtime.core.DefaultApplicationConfigurer$2 on NewInstance
[Test worker] TRACE griffon.util.CompositeResourceBundle - Searching key=application.lifecycle.handler.disable
[Test worker] TRACE griffon.util.CompositeResourceBundle - Searching key=application
[Test worker] TRACE griffon.util.CompositeResourceBundle - Searching key=platform.handler.linux64
[Test worker] TRACE griffon.util.CompositeResourceBundle - Searching key=platform
[Test worker] DEBUG org.codehaus.griffon.runtime.core.PlatformHandlerProvider - Using org.codehaus.griffon.runtime.core.DefaultPlatformHandler as PlatformHandler
[Test worker] DEBUG org.codehaus.griffon.runtime.core.addon.AbstractAddonManager - Loading addons [START]
[Test worker] DEBUG griffon.util.AnnotationUtils - computed addon order is []
[Test worker] DEBUG org.codehaus.griffon.runtime.core.event.AbstractEventRouter - Triggering event 'LoadAddonsStart' synchronously
[Test worker] DEBUG org.codehaus.griffon.runtime.core.addon.AbstractAddonManager - Loading addons [END]
[Test worker] DEBUG org.codehaus.griffon.runtime.core.event.AbstractEventRouter - Triggering event 'LoadAddonsEnd' synchronously
[Test worker] TRACE griffon.util.CompositeResourceBundle - Searching key=mvcGroups
[Test worker] TRACE griffon.util.CompositeResourceBundle - Searching key=mvcGroups
[Test worker] DEBUG org.codehaus.griffon.runtime.core.event.AbstractEventRouter - Adding listener org.codehaus.griffon.runtime.core.DefaultApplicationConfigurer$3 on NewInstance
[Test worker] TRACE griffon.util.CompositeResourceBundle - Searching key=shiro.realm.resource.path
[Test worker] TRACE griffon.util.CompositeResourceBundle - Searching key=shiro
[Test worker] DEBUG org.apache.shiro.realm.text.PropertiesRealm - Loading user security information from file [classpath:shiro-users.properties]...
[Test worker] DEBUG org.apache.shiro.realm.text.PropertiesRealm - Opening input stream for path [classpath:shiro-users.properties]...
[Test worker] DEBUG org.apache.shiro.io.ResourceUtils - Opening resource from class path [shiro-users.properties]
[Test worker] DEBUG org.apache.shiro.realm.text.PropertiesRealm - Loading properties from path [classpath:shiro-users.properties]...
[Test worker] TRACE org.apache.shiro.realm.text.PropertiesRealm - Processing properties line - key: [user.joe], value: [joe,employee].
[Test worker] TRACE org.apache.shiro.realm.text.PropertiesRealm - Processing properties line - key: [user.bob], value: [bob,manager,employee].
[Test worker] TRACE org.apache.shiro.realm.text.PropertiesRealm - Processing properties line - key: [role.administrator], value: [*].
[Test worker] TRACE org.apache.shiro.realm.text.PropertiesRealm - Processing properties line - key: [role.manager], value: [user:write].
[Test worker] TRACE org.apache.shiro.realm.text.PropertiesRealm - Processing properties line - key: [user.root], value: [root,administrator,manager].
[Test worker] TRACE org.apache.shiro.realm.text.PropertiesRealm - Processing properties line - key: [role.employee], value: [user:read].
[Test worker] TRACE org.apache.shiro.util.ThreadContext - get() - in thread [Test worker]
[Test worker] TRACE org.apache.shiro.util.ThreadContext - Retrieved value of type [org.apache.shiro.subject.support.DelegatingSubject] for key [org.apache.shiro.util.ThreadContext_SUBJECT_KEY] bound to thread [Test worker]
[Test worker] TRACE griffon.util.CompositeResourceBundle - Searching key=griffon.controller.action.interceptor.order
[Test worker] TRACE griffon.util.CompositeResourceBundle - Searching key=griffon
[Test worker] DEBUG griffon.util.AnnotationUtils - Current interceptor order is [shiro]
[Test worker] TRACE griffon.util.AnnotationUtils - Processing interceptor 'shiro'
[Test worker] TRACE griffon.util.AnnotationUtils -   depends on '[]'
[Test worker] TRACE griffon.util.AnnotationUtils -   adding interceptor 'shiro', since all dependencies have been added
[Test worker] TRACE griffon.util.AnnotationUtils - interceptor dependency ordering complete
[Test worker] DEBUG griffon.util.AnnotationUtils - computed interceptor order is [shiro]
[Test worker] DEBUG org.codehaus.griffon.runtime.core.artifact.AbstractArtifactManager - Registering artifact handler for type 'model': org.codehaus.griffon.runtime.core.artifact.ModelArtifactHandler@2579972b
[Test worker] DEBUG org.codehaus.griffon.runtime.core.artifact.AbstractArtifactManager - Registering artifact handler for type 'view': org.codehaus.griffon.runtime.core.artifact.ViewArtifactHandler@51b39b45
[Test worker] DEBUG org.codehaus.griffon.runtime.core.artifact.AbstractArtifactManager - Registering artifact handler for type 'controller': org.codehaus.griffon.runtime.core.artifact.ControllerArtifactHandler@6696f8ea
[Test worker] DEBUG org.codehaus.griffon.runtime.core.artifact.AbstractArtifactManager - Registering artifact handler for type 'service': org.codehaus.griffon.runtime.core.artifact.ServiceArtifactHandler@41afff44
[Test worker] DEBUG griffon.util.ServiceLoaderUtils - Reading griffon.core.artifact.GriffonController definitions from file:/home/travis/build/griffon/griffon/plugins/griffon-shiro-plugin/build/classes/test/META-INF/griffon/griffon.core.artifact.GriffonController
[Test worker] DEBUG griffon.util.ServiceLoaderUtils - Reading griffon.core.artifact.GriffonModel definitions from file:/home/travis/build/griffon/griffon/plugins/griffon-shiro-plugin/build/classes/test/META-INF/griffon/griffon.core.artifact.GriffonModel
[Test worker] DEBUG org.codehaus.griffon.runtime.core.artifact.DefaultArtifactManager - Artifacts of type 'controller' = 1
[Test worker] DEBUG org.codehaus.griffon.runtime.core.artifact.DefaultArtifactManager - Artifacts of type 'model' = 1
[Test worker] TRACE org.codehaus.griffon.runtime.core.artifact.AbstractArtifactManager - InstanceBinding[source=griffon.core.artifact.GriffonClass, classifier=@griffon.inject.Typed(value=class com.acme.ShiroController), instance=Artifact[controller] > Shiro, singleton=true]
[Test worker] TRACE org.codehaus.griffon.runtime.core.artifact.AbstractArtifactManager - TargetBinding[source=com.acme.ShiroController, target=com.acme.ShiroController, singleton=false]
[Test worker] TRACE org.codehaus.griffon.runtime.core.artifact.AbstractArtifactManager - InstanceBinding[source=griffon.core.artifact.GriffonClass, classifier=@griffon.inject.Typed(value=class com.acme.ShiroModel), instance=Artifact[model] > Shiro, singleton=true]
[Test worker] TRACE org.codehaus.griffon.runtime.core.artifact.AbstractArtifactManager - TargetBinding[source=com.acme.ShiroModel, target=com.acme.ShiroModel, singleton=false]
[Test worker] DEBUG org.codehaus.griffon.runtime.core.event.AbstractEventRouter - Triggering event 'BootstrapEnd' synchronously
[Test worker] DEBUG org.codehaus.griffon.runtime.core.artifact.AbstractArtifactManager - Searching for griffonClass of com.acme.ShiroController
[Test worker] DEBUG org.codehaus.griffon.runtime.core.event.AbstractEventRouter - Triggering event 'NewInstance' synchronously
[Test worker] DEBUG org.codehaus.griffon.runtime.core.artifact.AbstractArtifactManager - Searching for griffonClass of com.acme.ShiroController
[Test worker] TRACE griffon.util.CompositeResourceBundle - Searching key=com.acme.ShiroController.action.Authenticated.name
[Test worker] TRACE griffon.util.CompositeResourceBundle - Searching key=application.action.Authenticated.name
[Test worker] TRACE org.codehaus.griffon.runtime.core.controller.AbstractActionManager - com.acme.ShiroController.action.Authenticated.name = Authenticated
[Test worker] DEBUG org.codehaus.griffon.runtime.core.controller.AbstractActionManager - Configuring action com.acme.ShiroController.authenticated with org.codehaus.griffon.runtime.shiro.ShiroActionInterceptor@23823385
[Test worker] TRACE org.codehaus.griffon.runtime.core.controller.AbstractActionManager - Action for com.acme.ShiroController.authenticated stored as authenticated
[Test worker] TRACE griffon.util.CompositeResourceBundle - Searching key=com.acme.ShiroController.action.Guest.name
[Test worker] TRACE griffon.util.CompositeResourceBundle - Searching key=application.action.Guest.name
[Test worker] TRACE org.codehaus.griffon.runtime.core.controller.AbstractActionManager - com.acme.ShiroController.action.Guest.name = Guest
[Test worker] DEBUG org.codehaus.griffon.runtime.core.controller.AbstractActionManager - Configuring action com.acme.ShiroController.guest with org.codehaus.griffon.runtime.shiro.ShiroActionInterceptor@23823385
[Test worker] TRACE org.codehaus.griffon.runtime.core.controller.AbstractActionManager - Action for com.acme.ShiroController.guest stored as guest
[Test worker] TRACE griffon.util.CompositeResourceBundle - Searching key=com.acme.ShiroController.action.Permissions.name
[Test worker] TRACE griffon.util.CompositeResourceBundle - Searching key=application.action.Permissions.name
[Test worker] TRACE org.codehaus.griffon.runtime.core.controller.AbstractActionManager - com.acme.ShiroController.action.Permissions.name = Permissions
[Test worker] DEBUG org.codehaus.griffon.runtime.core.controller.AbstractActionManager - Configuring action com.acme.ShiroController.permissions with org.codehaus.griffon.runtime.shiro.ShiroActionInterceptor@23823385
[Test worker] TRACE org.codehaus.griffon.runtime.core.controller.AbstractActionManager - Action for com.acme.ShiroController.permissions stored as permissions
[Test worker] TRACE griffon.util.CompositeResourceBundle - Searching key=com.acme.ShiroController.action.Roles.name
[Test worker] TRACE griffon.util.CompositeResourceBundle - Searching key=application.action.Roles.name
[Test worker] TRACE org.codehaus.griffon.runtime.core.controller.AbstractActionManager - com.acme.ShiroController.action.Roles.name = Roles
[Test worker] DEBUG org.codehaus.griffon.runtime.core.controller.AbstractActionManager - Configuring action com.acme.ShiroController.roles with org.codehaus.griffon.runtime.shiro.ShiroActionInterceptor@23823385
[Test worker] TRACE org.codehaus.griffon.runtime.core.controller.AbstractActionManager - Action for com.acme.ShiroController.roles stored as roles
[Test worker] TRACE griffon.util.CompositeResourceBundle - Searching key=com.acme.ShiroController.action.User.name
[Test worker] TRACE griffon.util.CompositeResourceBundle - Searching key=application.action.User.name
[Test worker] TRACE org.codehaus.griffon.runtime.core.controller.AbstractActionManager - com.acme.ShiroController.action.User.name = User
[Test worker] DEBUG org.codehaus.griffon.runtime.core.controller.AbstractActionManager - Configuring action com.acme.ShiroController.user with org.codehaus.griffon.runtime.shiro.ShiroActionInterceptor@23823385
[Test worker] TRACE org.codehaus.griffon.runtime.core.controller.AbstractActionManager - Action for com.acme.ShiroController.user stored as user
[Test worker] DEBUG org.codehaus.griffon.runtime.core.artifact.AbstractArtifactManager - Searching for griffonClass of com.acme.ShiroModel
[Test worker] DEBUG org.codehaus.griffon.runtime.core.event.AbstractEventRouter - Triggering event 'NewInstance' synchronously
[Test worker] TRACE org.apache.shiro.subject.support.DelegatingSubject - attempting to get session; create = false; session is null = true; session has id = false
[Test worker] TRACE org.apache.shiro.authc.AbstractAuthenticator - Authentication attempt received for token [org.apache.shiro.authc.UsernamePasswordToken - bob, rememberMe=false]
[Test worker] DEBUG org.apache.shiro.realm.AuthenticatingRealm - Looked up AuthenticationInfo [bob] from doGetAuthenticationInfo
[Test worker] DEBUG org.apache.shiro.realm.AuthenticatingRealm - AuthenticationInfo caching is disabled for info [bob].  Submitted token: [org.apache.shiro.authc.UsernamePasswordToken - bob, rememberMe=false].
[Test worker] DEBUG org.apache.shiro.authc.credential.SimpleCredentialsMatcher - Performing credentials equality check for tokenCredentials of type [[C and accountCredentials of type [java.lang.String]
[Test worker] DEBUG org.apache.shiro.authc.credential.SimpleCredentialsMatcher - Both credentials arguments can be easily converted to byte arrays.  Performing array equals comparison
[Test worker] DEBUG org.apache.shiro.authc.AbstractAuthenticator - Authentication successful for token [org.apache.shiro.authc.UsernamePasswordToken - bob, rememberMe=false].  Returned account [bob]
[Test worker] DEBUG org.apache.shiro.subject.support.DefaultSubjectContext - No SecurityManager available in subject context map.  Falling back to SecurityUtils.getSecurityManager() lookup.
[Test worker] TRACE org.apache.shiro.util.ThreadContext - get() - in thread [Test worker]
[Test worker] TRACE org.apache.shiro.mgt.DefaultSecurityManager - Context already contains a SecurityManager instance.  Returning.
[Test worker] TRACE org.apache.shiro.subject.support.DelegatingSubject - attempting to get session; create = false; session is null = true; session has id = false
[Test worker] DEBUG org.apache.shiro.subject.support.DefaultSubjectContext - No SecurityManager available in subject context map.  Falling back to SecurityUtils.getSecurityManager() lookup.
[Test worker] TRACE org.apache.shiro.util.ThreadContext - get() - in thread [Test worker]
[Test worker] TRACE org.apache.shiro.subject.support.DelegatingSubject - attempting to get session; create = false; session is null = true; session has id = false
[Test worker] TRACE org.apache.shiro.subject.support.DelegatingSubject - attempting to get session; create = false; session is null = true; session has id = false
[Test worker] TRACE org.apache.shiro.subject.support.DelegatingSubject - attempting to get session; create = false; session is null = true; session has id = false
[Test worker] TRACE org.apache.shiro.subject.support.DelegatingSubject - attempting to get session; create = false; session is null = true; session has id = false
[Test worker] TRACE org.apache.shiro.subject.support.DelegatingSubject - attempting to get session; create = false; session is null = true; session has id = false
[Test worker] TRACE org.apache.shiro.subject.support.DelegatingSubject - attempting to get session; create = false; session is null = true; session has id = false
[Test worker] TRACE org.apache.shiro.subject.support.DelegatingSubject - attempting to get session; create = true; session is null = true; session has id = false
[Test worker] TRACE org.apache.shiro.subject.support.DelegatingSubject - Starting session for host null
[Test worker] DEBUG org.apache.shiro.session.mgt.AbstractValidatingSessionManager - No sessionValidationScheduler set.  Attempting to create default instance.
[Test worker] TRACE org.apache.shiro.session.mgt.AbstractValidatingSessionManager - Created default SessionValidationScheduler instance of type [org.apache.shiro.session.mgt.ExecutorServiceSessionValidationScheduler].
[Test worker] INFO org.apache.shiro.session.mgt.AbstractValidatingSessionManager - Enabling session validation scheduler...
[Test worker] TRACE org.apache.shiro.session.mgt.DefaultSessionManager - Creating session for host null
[Test worker] DEBUG org.apache.shiro.session.mgt.DefaultSessionManager - Creating new EIS record for new session instance [org.apache.shiro.session.mgt.SimpleSession,id=null]
[Test worker] TRACE org.apache.shiro.session.mgt.AbstractValidatingSessionManager - Attempting to retrieve session with key org.apache.shiro.session.mgt.DefaultSessionKey@5e5232a8
[Test worker] TRACE org.apache.shiro.subject.support.DelegatingSubject - attempting to get session; create = false; session is null = false; session has id = true
[Test worker] TRACE org.apache.shiro.session.mgt.AbstractValidatingSessionManager - Attempting to retrieve session with key org.apache.shiro.session.mgt.DefaultSessionKey@5e5232a8
[Test worker] TRACE org.apache.shiro.session.mgt.AbstractValidatingSessionManager - Attempting to retrieve session with key org.apache.shiro.session.mgt.DefaultSessionKey@5e5232a8
[Test worker] TRACE org.apache.shiro.mgt.DefaultSecurityManager - This org.apache.shiro.mgt.DefaultSecurityManager instance does not have a [org.apache.shiro.mgt.RememberMeManager] instance configured.  RememberMe services will not be performed for account [bob].
[Test worker] TRACE org.apache.shiro.subject.support.DelegatingSubject - attempting to get session; create = false; session is null = false; session has id = true
[Test worker] TRACE griffon.util.CompositeResourceBundle - Searching key=griffon.disable.threading.injection
[Test worker] TRACE griffon.util.CompositeResourceBundle - Searching key=griffon
[Test worker] DEBUG org.codehaus.griffon.runtime.core.controller.AbstractActionManager - Executing com.acme.ShiroController.user with policy OUTSIDE_UITHREAD
[Test worker] DEBUG org.codehaus.griffon.runtime.core.controller.AbstractActionManager - Executing 1 interceptor for com.acme.ShiroController.user
[Test worker] TRACE org.codehaus.griffon.runtime.core.controller.AbstractActionManager - Calling org.codehaus.griffon.runtime.shiro.ShiroActionInterceptor@23823385.before() on com.acme.ShiroController.user
[Test worker] DEBUG org.codehaus.griffon.runtime.shiro.ShiroActionInterceptor - Evaluating security requirement RequirementConfiguration{requirement=USER, values=[], logical=AND}
[Test worker] TRACE org.apache.shiro.subject.support.DelegatingSubject - attempting to get session; create = false; session is null = false; session has id = true
[Test worker] TRACE org.apache.shiro.session.mgt.AbstractValidatingSessionManager - Attempting to retrieve session with key org.apache.shiro.session.mgt.DefaultSessionKey@5e5232a8
[Test worker] DEBUG org.codehaus.griffon.runtime.shiro.ShiroActionInterceptor - Subject did not meet expected security requirements.
[Test worker] INFO org.codehaus.griffon.runtime.shiro.DefaultSecurityFailureHandler - Subject failed user challenge on com.acme.ShiroController.user
[Test worker] DEBUG org.codehaus.griffon.runtime.core.controller.AbstractActionManager - Execution of com.acme.ShiroController.user was aborted by org.codehaus.griffon.runtime.shiro.ShiroActionInterceptor@23823385
[Test worker] TRACE org.codehaus.griffon.runtime.core.controller.AbstractActionManager - Status before execution of com.acme.ShiroController.user is ABORTED
[Test worker] TRACE org.codehaus.griffon.runtime.core.controller.AbstractActionManager - Calling org.codehaus.griffon.runtime.shiro.ShiroActionInterceptor@23823385.after() on com.acme.ShiroController.user
[Test worker] TRACE org.apache.shiro.subject.support.DelegatingSubject - attempting to get session; create = false; session is null = false; session has id = true
[Test worker] TRACE org.apache.shiro.session.mgt.AbstractValidatingSessionManager - Attempting to retrieve session with key org.apache.shiro.session.mgt.DefaultSessionKey@5e5232a8
[Test worker] TRACE org.apache.shiro.subject.support.DelegatingSubject - attempting to get session; create = false; session is null = false; session has id = true
[Test worker] TRACE org.apache.shiro.session.mgt.AbstractValidatingSessionManager - Attempting to retrieve session with key org.apache.shiro.session.mgt.DefaultSessionKey@5e5232a8
[Test worker] DEBUG org.apache.shiro.mgt.DefaultSecurityManager - Logging out subject with primary principal bob
[Test worker] TRACE org.apache.shiro.realm.CachingRealm - Cleared cache entries for account with principals [bob]
[Test worker] TRACE org.apache.shiro.subject.support.DelegatingSubject - attempting to get session; create = false; session is null = false; session has id = true
[Test worker] TRACE org.apache.shiro.session.mgt.AbstractValidatingSessionManager - Attempting to retrieve session with key org.apache.shiro.session.mgt.DefaultSessionKey@5e5232a8
[Test worker] TRACE org.apache.shiro.session.mgt.AbstractValidatingSessionManager - Attempting to retrieve session with key org.apache.shiro.session.mgt.DefaultSessionKey@5e5232a8
[Test worker] TRACE org.apache.shiro.subject.support.DelegatingSubject - attempting to get session; create = false; session is null = false; session has id = true
[Test worker] TRACE org.apache.shiro.session.mgt.AbstractValidatingSessionManager - Attempting to retrieve session with key org.apache.shiro.session.mgt.DefaultSessionKey@5e5232a8
[Test worker] DEBUG org.apache.shiro.session.mgt.AbstractSessionManager - Stopping session with id [db9b7d7d-da90-4aef-8896-e0fe14f85bdd]
[Test worker] DEBUG org.codehaus.griffon.runtime.core.event.AbstractEventRouter - Triggering event 'ShutdownRequested' synchronously
[Test worker] INFO org.codehaus.griffon.runtime.core.DefaultGriffonApplication - Shutdown is in process
[Test worker] DEBUG org.codehaus.griffon.runtime.core.DefaultGriffonApplication - Shutdown stage 1: notify all event listeners
[Test worker] DEBUG org.codehaus.griffon.runtime.core.event.AbstractEventRouter - Adding listener org.codehaus.griffon.runtime.core.AbstractGriffonApplication$1 on ShutdownStart
[Test worker] DEBUG org.codehaus.griffon.runtime.core.event.AbstractEventRouter - Triggering event 'ShutdownStart' synchronously
[Test worker] DEBUG org.codehaus.griffon.runtime.core.DefaultGriffonApplication - Shutdown stage 2: notify all shutdown handlers
[Test worker] DEBUG org.codehaus.griffon.runtime.core.DefaultGriffonApplication - Shutdown stage 3: destroy all MVC groups
[Test worker] DEBUG org.codehaus.griffon.runtime.core.DefaultGriffonApplication - Shutdown stage 4: execute Shutdown script
[Test worker] TRACE griffon.util.CompositeResourceBundle - Searching key=application.lifecycle.handler.disable
[Test worker] TRACE griffon.util.CompositeResourceBundle - Searching key=application
[Test worker] INFO org.codehaus.griffon.runtime.core.DefaultApplicationBootstrapper - Griffon 2.0.0.SNAPSHOT
[Test worker] INFO org.codehaus.griffon.runtime.core.DefaultApplicationBootstrapper - Build: 2014-03-07T17:17:07.720+0000
[Test worker] INFO org.codehaus.griffon.runtime.core.DefaultApplicationBootstrapper - JVM: 1.7.0_51 (Oracle Corporation 24.51-b03)
[Test worker] INFO org.codehaus.griffon.runtime.core.DefaultApplicationBootstrapper - OS: Linux 2.6.32-042stab084.25 amd64
[Test worker] DEBUG org.codehaus.griffon.runtime.core.DefaultApplicationBootstrapper - Creating module bindings
[Test worker] DEBUG griffon.util.AnnotationUtils - Current module order is [core, shiro, testApplicationBootstrapper$InnerClasses, testApplicationBootstrapper$Fields]
[Test worker] TRACE griffon.util.AnnotationUtils - Processing module 'core'
[Test worker] TRACE griffon.util.AnnotationUtils -   depends on '[]'
[Test worker] TRACE griffon.util.AnnotationUtils -   adding module 'core', since all dependencies have been added
[Test worker] TRACE griffon.util.AnnotationUtils - Processing module 'shiro'
[Test worker] TRACE griffon.util.AnnotationUtils -   depends on '[]'
[Test worker] TRACE griffon.util.AnnotationUtils -   adding module 'shiro', since all dependencies have been added
[Test worker] TRACE griffon.util.AnnotationUtils - Processing module 'testApplicationBootstrapper$InnerClasses'
[Test worker] TRACE griffon.util.AnnotationUtils -   depends on '[]'
[Test worker] TRACE griffon.util.AnnotationUtils -   adding module 'testApplicationBootstrapper$InnerClasses', since all dependencies have been added
[Test worker] TRACE griffon.util.AnnotationUtils - Processing module 'testApplicationBootstrapper$Fields'
[Test worker] TRACE griffon.util.AnnotationUtils -   depends on '[]'
[Test worker] TRACE griffon.util.AnnotationUtils -   adding module 'testApplicationBootstrapper$Fields', since all dependencies have been added
[Test worker] TRACE griffon.util.AnnotationUtils - module dependency ordering complete
[Test worker] DEBUG griffon.util.AnnotationUtils - computed module order is [core, shiro, testApplicationBootstrapper$InnerClasses, testApplicationBootstrapper$Fields]
[Test worker] DEBUG org.codehaus.griffon.runtime.core.DefaultApplicationBootstrapper - Loading module bindings from core:org.codehaus.griffon.runtime.core.DefaultApplicationModule@4fb3e358
[Test worker] DEBUG org.codehaus.griffon.runtime.core.DefaultApplicationBootstrapper - Loading module bindings from shiro:org.codehaus.griffon.runtime.shiro.ShiroModule@2b12cf49
[Test worker] DEBUG org.codehaus.griffon.runtime.core.DefaultApplicationBootstrapper - Loading module bindings from testApplicationBootstrapper$InnerClasses:org.codehaus.griffon.runtime.core.TestApplicationBootstrapper$InnerClassesModule@5fe6d7b6
[Test worker] DEBUG org.codehaus.griffon.runtime.core.DefaultApplicationBootstrapper - Loading module bindings from testApplicationBootstrapper$Fields:org.codehaus.griffon.runtime.core.TestApplicationBootstrapper$FieldsModule@2c5c1eea
[Test worker] TRACE org.codehaus.griffon.runtime.core.DefaultApplicationBootstrapper - InstanceBinding[source=griffon.core.GriffonApplication, instance=org.codehaus.griffon.runtime.core.DefaultGriffonApplication@c5a86e1, singleton=true]
[Test worker] TRACE org.codehaus.griffon.runtime.core.DefaultApplicationBootstrapper - TargetBinding[source=griffon.core.ApplicationClassLoader, target=org.codehaus.griffon.runtime.core.DefaultApplicationClassLoader, singleton=true]
[Test worker] TRACE org.codehaus.griffon.runtime.core.DefaultApplicationBootstrapper - TargetBinding[source=griffon.core.ApplicationConfigurer, target=org.codehaus.griffon.runtime.core.DefaultApplicationConfigurer, singleton=true]
[Test worker] TRACE org.codehaus.griffon.runtime.core.DefaultApplicationBootstrapper - TargetBinding[source=griffon.core.resources.ResourceHandler, target=org.codehaus.griffon.runtime.core.resources.DefaultResourceHandler, singleton=true]
[Test worker] TRACE org.codehaus.griffon.runtime.core.DefaultApplicationBootstrapper - TargetBinding[source=griffon.util.CompositeResourceBundleBuilder, target=org.codehaus.griffon.runtime.util.DefaultCompositeResourceBundleBuilder, singleton=true]
[Test worker] TRACE org.codehaus.griffon.runtime.core.DefaultApplicationBootstrapper - ProviderBinding[source=java.util.ResourceBundle, classifier=@javax.inject.Named(value=applicationResourceBundle), provider=org.codehaus.griffon.runtime.util.ResourceBundleProvider@b4d241d, singleton=true]
[Test worker] TRACE org.codehaus.griffon.runtime.core.DefaultApplicationBootstrapper - TargetBinding[source=griffon.core.Configuration, target=org.codehaus.griffon.runtime.core.DefaultConfiguration, singleton=true]
[Test worker] TRACE org.codehaus.griffon.runtime.core.DefaultApplicationBootstrapper - TargetBinding[source=griffon.core.ExecutorServiceManager, target=org.codehaus.griffon.runtime.core.DefaultExecutorServiceManager, singleton=true]
[Test worker] TRACE org.codehaus.griffon.runtime.core.DefaultApplicationBootstrapper - TargetBinding[source=griffon.core.event.EventRouter, classifier=@javax.inject.Named(value=applicationEventRouter), target=org.codehaus.griffon.runtime.core.event.DefaultEventRouter, singleton=true]
[Test worker] TRACE org.codehaus.griffon.runtime.core.DefaultApplicationBootstrapper - TargetBinding[source=griffon.core.event.EventRouter, target=org.codehaus.griffon.runtime.core.event.DefaultEventRouter, singleton=false]
[Test worker] TRACE org.codehaus.griffon.runtime.core.DefaultApplicationBootstrapper - ProviderBinding[source=griffon.core.resources.ResourceResolver, classifier=@javax.inject.Named(value=applicationResourceResolver), provider=org.codehaus.griffon.runtime.core.resources.ResourceResolverProvider@757df1b6, singleton=true]
[Test worker] TRACE org.codehaus.griffon.runtime.core.DefaultApplicationBootstrapper - ProviderBinding[source=griffon.core.i18n.MessageSource, classifier=@javax.inject.Named(value=applicationMessageSource), provider=org.codehaus.griffon.runtime.core.i18n.MessageSourceProvider@1f881ffd, singleton=true]
[Test worker] TRACE org.codehaus.griffon.runtime.core.DefaultApplicationBootstrapper - TargetBinding[source=griffon.core.resources.ResourceInjector, classifier=@javax.inject.Named(value=applicationResourceInjector), target=org.codehaus.griffon.runtime.core.resources.DefaultApplicationResourceInjector, singleton=true]
[Test worker] TRACE org.codehaus.griffon.runtime.core.DefaultApplicationBootstrapper - TargetBinding[source=griffon.core.threading.UIThreadManager, target=org.codehaus.griffon.runtime.core.threading.DefaultUIThreadManager, singleton=true]
[Test worker] TRACE org.codehaus.griffon.runtime.core.DefaultApplicationBootstrapper - TargetBinding[source=griffon.core.mvc.MVCGroupManager, target=org.codehaus.griffon.runtime.core.mvc.DefaultMVCGroupManager, singleton=true]
[Test worker] TRACE org.codehaus.griffon.runtime.core.DefaultApplicationBootstrapper - ProviderBinding[source=griffon.core.LifecycleHandler, classifier=@javax.inject.Named(value=Initialize), provider=org.codehaus.griffon.runtime.core.LifecycleHandlerProvider@21ec2b37, singleton=true]
[Test worker] TRACE org.codehaus.griffon.runtime.core.DefaultApplicationBootstrapper - ProviderBinding[source=griffon.core.LifecycleHandler, classifier=@javax.inject.Named(value=Startup), provider=org.codehaus.griffon.runtime.core.LifecycleHandlerProvider@18093947, singleton=true]
[Test worker] TRACE org.codehaus.griffon.runtime.core.DefaultApplicationBootstrapper - ProviderBinding[source=griffon.core.LifecycleHandler, classifier=@javax.inject.Named(value=Ready), provider=org.codehaus.griffon.runtime.core.LifecycleHandlerProvider@58f70a5, singleton=true]
[Test worker] TRACE org.codehaus.griffon.runtime.core.DefaultApplicationBootstrapper - ProviderBinding[source=griffon.core.LifecycleHandler, classifier=@javax.inject.Named(value=Shutdown), provider=org.codehaus.griffon.runtime.core.LifecycleHandlerProvider@c2c637d, singleton=true]
[Test worker] TRACE org.codehaus.griffon.runtime.core.DefaultApplicationBootstrapper - ProviderBinding[source=griffon.core.LifecycleHandler, classifier=@javax.inject.Named(value=Stop), provider=org.codehaus.griffon.runtime.core.LifecycleHandlerProvider@3637a9c9, singleton=true]
[Test worker] TRACE org.codehaus.griffon.runtime.core.DefaultApplicationBootstrapper - TargetBinding[source=griffon.core.view.WindowManager, target=org.codehaus.griffon.runtime.core.view.NoopWindowManager, singleton=true]
[Test worker] TRACE org.codehaus.griffon.runtime.core.DefaultApplicationBootstrapper - TargetBinding[source=griffon.core.controller.ActionManager, target=org.codehaus.griffon.runtime.core.controller.DefaultActionManager, singleton=true]
[Test worker] TRACE org.codehaus.griffon.runtime.core.DefaultApplicationBootstrapper - TargetBinding[source=griffon.core.artifact.ArtifactManager, target=org.codehaus.griffon.runtime.core.artifact.DefaultArtifactManager, singleton=true]
[Test worker] TRACE org.codehaus.griffon.runtime.core.DefaultApplicationBootstrapper - TargetBinding[source=griffon.core.artifact.ArtifactHandler, classifier=@griffon.inject.Typed(value=interface griffon.core.artifact.GriffonModel), target=org.codehaus.griffon.runtime.core.artifact.ModelArtifactHandler, singleton=true]
[Test worker] TRACE org.codehaus.griffon.runtime.core.DefaultApplicationBootstrapper - TargetBinding[source=griffon.core.artifact.ArtifactHandler, classifier=@griffon.inject.Typed(value=interface griffon.core.artifact.GriffonView), target=org.codehaus.griffon.runtime.core.artifact.ViewArtifactHandler, singleton=true]
[Test worker] TRACE org.codehaus.griffon.runtime.core.DefaultApplicationBootstrapper - TargetBinding[source=griffon.core.artifact.ArtifactHandler, classifier=@griffon.inject.Typed(value=interface griffon.core.artifact.GriffonController), target=org.codehaus.griffon.runtime.core.artifact.ControllerArtifactHandler, singleton=true]
[Test worker] TRACE org.codehaus.griffon.runtime.core.DefaultApplicationBootstrapper - TargetBinding[source=griffon.core.artifact.ArtifactHandler, classifier=@griffon.inject.Typed(value=interface griffon.core.artifact.GriffonService), target=org.codehaus.griffon.runtime.core.artifact.ServiceArtifactHandler, singleton=true]
[Test worker] TRACE org.codehaus.griffon.runtime.core.DefaultApplicationBootstrapper - ProviderTypeBinding[source=griffon.core.PlatformHandler, providerType=class org.codehaus.griffon.runtime.core.PlatformHandlerProvider, singleton=true]
[Test worker] TRACE org.codehaus.griffon.runtime.core.DefaultApplicationBootstrapper - TargetBinding[source=griffon.core.addon.AddonManager, target=org.codehaus.griffon.runtime.core.addon.DefaultAddonManager, singleton=true]
[Test worker] TRACE org.codehaus.griffon.runtime.core.DefaultApplicationBootstrapper - TargetBinding[source=griffon.core.event.EventHandler, target=org.codehaus.griffon.runtime.core.event.DefaultEventHandler, singleton=true]
[Test worker] TRACE org.codehaus.griffon.runtime.core.DefaultApplicationBootstrapper - TargetBinding[source=griffon.core.GriffonExceptionHandler, target=griffon.core.GriffonExceptionHandler, singleton=true]
[Test worker] TRACE org.codehaus.griffon.runtime.core.DefaultApplicationBootstrapper - ProviderTypeBinding[source=org.apache.shiro.mgt.SecurityManager, providerType=class org.codehaus.griffon.runtime.shiro.SecurityManagerProvider, singleton=true]
[Test worker] TRACE org.codehaus.griffon.runtime.core.DefaultApplicationBootstrapper - ProviderTypeBinding[source=org.apache.shiro.subject.Subject, providerType=class org.codehaus.griffon.runtime.shiro.SubjectProvider, singleton=true]
[Test worker] TRACE org.codehaus.griffon.runtime.core.DefaultApplicationBootstrapper - TargetBinding[source=griffon.plugins.shiro.SecurityFailureHandler, target=org.codehaus.griffon.runtime.shiro.DefaultSecurityFailureHandler, singleton=true]
[Test worker] TRACE org.codehaus.griffon.runtime.core.DefaultApplicationBootstrapper - TargetBinding[source=griffon.core.controller.ActionInterceptor, target=org.codehaus.griffon.runtime.shiro.ShiroActionInterceptor, singleton=true]
[Test worker] DEBUG org.codehaus.griffon.runtime.core.DefaultApplicationBootstrapper - Creating application injector
[Test worker] DEBUG org.codehaus.griffon.runtime.core.DefaultApplicationBootstrapper - Injector will be created by org.codehaus.griffon.runtime.injection.GuiceInjectorFactory@42e88383
[Test worker] DEBUG org.codehaus.griffon.runtime.core.event.AbstractEventRouter - Adding listener org.codehaus.griffon.runtime.core.MVCGroupExceptionHandler on UncaughtMVCGroupConfigurationException
[Test worker] DEBUG org.codehaus.griffon.runtime.core.event.AbstractEventRouter - Adding listener org.codehaus.griffon.runtime.core.MVCGroupExceptionHandler on UncaughtMVCGroupInstantiationException
[Test worker] DEBUG org.codehaus.griffon.runtime.core.event.AbstractEventRouter - Triggering event 'BootstrapStart' synchronously
[Test worker] DEBUG griffon.util.ServiceLoaderUtils - Reading java.beans.PropertyEditor definitions from jar:file:/home/travis/build/griffon/griffon/subprojects/griffon-core/build/libs/griffon-core-2.0.0.SNAPSHOT.jar!/META-INF/editors/java.beans.PropertyEditor
[Test worker] DEBUG org.codehaus.griffon.runtime.core.DefaultApplicationConfigurer - Registering griffon.core.editors.StringPropertyEditor as editor for java.lang.String
[Test worker] DEBUG org.codehaus.griffon.runtime.core.DefaultApplicationConfigurer - Registering griffon.core.editors.FilePropertyEditor as editor for java.io.File
[Test worker] DEBUG org.codehaus.griffon.runtime.core.DefaultApplicationConfigurer - Registering griffon.core.editors.URLPropertyEditor as editor for java.net.URL
[Test worker] DEBUG org.codehaus.griffon.runtime.core.DefaultApplicationConfigurer - Registering griffon.core.editors.URIPropertyEditor as editor for java.net.URI
[Test worker] DEBUG org.codehaus.griffon.runtime.core.DefaultApplicationConfigurer - Registering griffon.core.editors.BigDecimalPropertyEditor as editor for java.math.BigDecimal
[Test worker] DEBUG org.codehaus.griffon.runtime.core.DefaultApplicationConfigurer - Registering griffon.core.editors.BigIntegerPropertyEditor as editor for java.math.BigInteger
[Test worker] DEBUG org.codehaus.griffon.runtime.core.DefaultApplicationConfigurer - Registering griffon.core.editors.BooleanPropertyEditor as editor for java.lang.Boolean
[Test worker] DEBUG org.codehaus.griffon.runtime.core.DefaultApplicationConfigurer - Registering griffon.core.editors.BytePropertyEditor as editor for java.lang.Byte
[Test worker] DEBUG org.codehaus.griffon.runtime.core.DefaultApplicationConfigurer - Registering griffon.core.editors.ShortPropertyEditor as editor for java.lang.Short
[Test worker] DEBUG org.codehaus.griffon.runtime.core.DefaultApplicationConfigurer - Registering griffon.core.editors.IntegerPropertyEditor as editor for java.lang.Integer
[Test worker] DEBUG org.codehaus.griffon.runtime.core.DefaultApplicationConfigurer - Registering griffon.core.editors.LongPropertyEditor as editor for java.lang.Long
[Test worker] DEBUG org.codehaus.griffon.runtime.core.DefaultApplicationConfigurer - Registering griffon.core.editors.FloatPropertyEditor as editor for java.lang.Float
[Test worker] DEBUG org.codehaus.griffon.runtime.core.DefaultApplicationConfigurer - Registering griffon.core.editors.DoublePropertyEditor as editor for java.lang.Double
[Test worker] DEBUG org.codehaus.griffon.runtime.core.DefaultApplicationConfigurer - Registering griffon.core.editors.CalendarPropertyEditor as editor for java.util.Calendar
[Test worker] DEBUG org.codehaus.griffon.runtime.core.DefaultApplicationConfigurer - Registering griffon.core.editors.DatePropertyEditor as editor for java.util.Date
[Test worker] DEBUG org.codehaus.griffon.runtime.core.DefaultApplicationConfigurer - Registering griffon.core.editors.BooleanPropertyEditor as editor for boolean
[Test worker] DEBUG org.codehaus.griffon.runtime.core.DefaultApplicationConfigurer - Registering griffon.core.editors.BytePropertyEditor as editor for byte
[Test worker] DEBUG org.codehaus.griffon.runtime.core.DefaultApplicationConfigurer - Registering griffon.core.editors.ShortPropertyEditor as editor for short
[Test worker] DEBUG org.codehaus.griffon.runtime.core.DefaultApplicationConfigurer - Registering griffon.core.editors.IntegerPropertyEditor as editor for int
[Test worker] DEBUG org.codehaus.griffon.runtime.core.DefaultApplicationConfigurer - Registering griffon.core.editors.LongPropertyEditor as editor for long
[Test worker] DEBUG org.codehaus.griffon.runtime.core.DefaultApplicationConfigurer - Registering griffon.core.editors.FloatPropertyEditor as editor for float
[Test worker] DEBUG org.codehaus.griffon.runtime.core.DefaultApplicationConfigurer - Registering griffon.core.editors.DoublePropertyEditor as editor for double
[Test worker] DEBUG org.codehaus.griffon.runtime.core.event.AbstractEventRouter - Adding listener org.codehaus.griffon.runtime.core.DefaultApplicationConfigurer$2 on NewInstance
[Test worker] TRACE griffon.util.CompositeResourceBundle - Searching key=application.lifecycle.handler.disable
[Test worker] TRACE griffon.util.CompositeResourceBundle - Searching key=application
[Test worker] TRACE griffon.util.CompositeResourceBundle - Searching key=platform.handler.linux64
[Test worker] TRACE griffon.util.CompositeResourceBundle - Searching key=platform
[Test worker] DEBUG org.codehaus.griffon.runtime.core.PlatformHandlerProvider - Using org.codehaus.griffon.runtime.core.DefaultPlatformHandler as PlatformHandler
[Test worker] DEBUG org.codehaus.griffon.runtime.core.addon.AbstractAddonManager - Loading addons [START]
[Test worker] DEBUG griffon.util.AnnotationUtils - computed addon order is []
[Test worker] DEBUG org.codehaus.griffon.runtime.core.event.AbstractEventRouter - Triggering event 'LoadAddonsStart' synchronously
[Test worker] DEBUG org.codehaus.griffon.runtime.core.addon.AbstractAddonManager - Loading addons [END]
[Test worker] DEBUG org.codehaus.griffon.runtime.core.event.AbstractEventRouter - Triggering event 'LoadAddonsEnd' synchronously
[Test worker] TRACE griffon.util.CompositeResourceBundle - Searching key=mvcGroups
[Test worker] TRACE griffon.util.CompositeResourceBundle - Searching key=mvcGroups
[Test worker] DEBUG org.codehaus.griffon.runtime.core.event.AbstractEventRouter - Adding listener org.codehaus.griffon.runtime.core.DefaultApplicationConfigurer$3 on NewInstance
[Test worker] TRACE griffon.util.CompositeResourceBundle - Searching key=shiro.realm.resource.path
[Test worker] TRACE griffon.util.CompositeResourceBundle - Searching key=shiro
[Test worker] DEBUG org.apache.shiro.realm.text.PropertiesRealm - Loading user security information from file [classpath:shiro-users.properties]...
[Test worker] DEBUG org.apache.shiro.realm.text.PropertiesRealm - Opening input stream for path [classpath:shiro-users.properties]...
[Test worker] DEBUG org.apache.shiro.io.ResourceUtils - Opening resource from class path [shiro-users.properties]
[Test worker] DEBUG org.apache.shiro.realm.text.PropertiesRealm - Loading properties from path [classpath:shiro-users.properties]...
[Test worker] TRACE org.apache.shiro.realm.text.PropertiesRealm - Processing properties line - key: [user.joe], value: [joe,employee].
[Test worker] TRACE org.apache.shiro.realm.text.PropertiesRealm - Processing properties line - key: [user.bob], value: [bob,manager,employee].
[Test worker] TRACE org.apache.shiro.realm.text.PropertiesRealm - Processing properties line - key: [role.administrator], value: [*].
[Test worker] TRACE org.apache.shiro.realm.text.PropertiesRealm - Processing properties line - key: [role.manager], value: [user:write].
[Test worker] TRACE org.apache.shiro.realm.text.PropertiesRealm - Processing properties line - key: [user.root], value: [root,administrator,manager].
[Test worker] TRACE org.apache.shiro.realm.text.PropertiesRealm - Processing properties line - key: [role.employee], value: [user:read].
[Test worker] TRACE org.apache.shiro.util.ThreadContext - get() - in thread [Test worker]
[Test worker] TRACE org.apache.shiro.util.ThreadContext - Retrieved value of type [org.apache.shiro.subject.support.DelegatingSubject] for key [org.apache.shiro.util.ThreadContext_SUBJECT_KEY] bound to thread [Test worker]
[Test worker] TRACE griffon.util.CompositeResourceBundle - Searching key=griffon.controller.action.interceptor.order
[Test worker] TRACE griffon.util.CompositeResourceBundle - Searching key=griffon
[Test worker] DEBUG griffon.util.AnnotationUtils - Current interceptor order is [shiro]
[Test worker] TRACE griffon.util.AnnotationUtils - Processing interceptor 'shiro'
[Test worker] TRACE griffon.util.AnnotationUtils -   depends on '[]'
[Test worker] TRACE griffon.util.AnnotationUtils -   adding interceptor 'shiro', since all dependencies have been added
[Test worker] TRACE griffon.util.AnnotationUtils - interceptor dependency ordering complete
[Test worker] DEBUG griffon.util.AnnotationUtils - computed interceptor order is [shiro]
[Test worker] DEBUG org.codehaus.griffon.runtime.core.artifact.AbstractArtifactManager - Registering artifact handler for type 'model': org.codehaus.griffon.runtime.core.artifact.ModelArtifactHandler@41db0032
[Test worker] DEBUG org.codehaus.griffon.runtime.core.artifact.AbstractArtifactManager - Registering artifact handler for type 'view': org.codehaus.griffon.runtime.core.artifact.ViewArtifactHandler@10e9f465
[Test worker] DEBUG org.codehaus.griffon.runtime.core.artifact.AbstractArtifactManager - Registering artifact handler for type 'controller': org.codehaus.griffon.runtime.core.artifact.ControllerArtifactHandler@6fac1b8f
[Test worker] DEBUG org.codehaus.griffon.runtime.core.artifact.AbstractArtifactManager - Registering artifact handler for type 'service': org.codehaus.griffon.runtime.core.artifact.ServiceArtifactHandler@c458290
[Test worker] DEBUG griffon.util.ServiceLoaderUtils - Reading griffon.core.artifact.GriffonController definitions from file:/home/travis/build/griffon/griffon/plugins/griffon-shiro-plugin/build/classes/test/META-INF/griffon/griffon.core.artifact.GriffonController
[Test worker] DEBUG griffon.util.ServiceLoaderUtils - Reading griffon.core.artifact.GriffonModel definitions from file:/home/travis/build/griffon/griffon/plugins/griffon-shiro-plugin/build/classes/test/META-INF/griffon/griffon.core.artifact.GriffonModel
[Test worker] DEBUG org.codehaus.griffon.runtime.core.artifact.DefaultArtifactManager - Artifacts of type 'controller' = 1
[Test worker] DEBUG org.codehaus.griffon.runtime.core.artifact.DefaultArtifactManager - Artifacts of type 'model' = 1
[Test worker] TRACE org.codehaus.griffon.runtime.core.artifact.AbstractArtifactManager - InstanceBinding[source=griffon.core.artifact.GriffonClass, classifier=@griffon.inject.Typed(value=class com.acme.ShiroController), instance=Artifact[controller] > Shiro, singleton=true]
[Test worker] TRACE org.codehaus.griffon.runtime.core.artifact.AbstractArtifactManager - TargetBinding[source=com.acme.ShiroController, target=com.acme.ShiroController, singleton=false]
[Test worker] TRACE org.codehaus.griffon.runtime.core.artifact.AbstractArtifactManager - InstanceBinding[source=griffon.core.artifact.GriffonClass, classifier=@griffon.inject.Typed(value=class com.acme.ShiroModel), instance=Artifact[model] > Shiro, singleton=true]
[Test worker] TRACE org.codehaus.griffon.runtime.core.artifact.AbstractArtifactManager - TargetBinding[source=com.acme.ShiroModel, target=com.acme.ShiroModel, singleton=false]
[Test worker] DEBUG org.codehaus.griffon.runtime.core.event.AbstractEventRouter - Triggering event 'BootstrapEnd' synchronously
[Test worker] DEBUG org.codehaus.griffon.runtime.core.artifact.AbstractArtifactManager - Searching for griffonClass of com.acme.ShiroController
[Test worker] DEBUG org.codehaus.griffon.runtime.core.event.AbstractEventRouter - Triggering event 'NewInstance' synchronously
[Test worker] DEBUG org.codehaus.griffon.runtime.core.artifact.AbstractArtifactManager - Searching for griffonClass of com.acme.ShiroController
[Test worker] TRACE griffon.util.CompositeResourceBundle - Searching key=com.acme.ShiroController.action.Authenticated.name
[Test worker] TRACE griffon.util.CompositeResourceBundle - Searching key=application.action.Authenticated.name
[Test worker] TRACE org.codehaus.griffon.runtime.core.controller.AbstractActionManager - com.acme.ShiroController.action.Authenticated.name = Authenticated
[Test worker] DEBUG org.codehaus.griffon.runtime.core.controller.AbstractActionManager - Configuring action com.acme.ShiroController.authenticated with org.codehaus.griffon.runtime.shiro.ShiroActionInterceptor@5675d407
[Test worker] TRACE org.codehaus.griffon.runtime.core.controller.AbstractActionManager - Action for com.acme.ShiroController.authenticated stored as authenticated
[Test worker] TRACE griffon.util.CompositeResourceBundle - Searching key=com.acme.ShiroController.action.Guest.name
[Test worker] TRACE griffon.util.CompositeResourceBundle - Searching key=application.action.Guest.name
[Test worker] TRACE org.codehaus.griffon.runtime.core.controller.AbstractActionManager - com.acme.ShiroController.action.Guest.name = Guest
[Test worker] DEBUG org.codehaus.griffon.runtime.core.controller.AbstractActionManager - Configuring action com.acme.ShiroController.guest with org.codehaus.griffon.runtime.shiro.ShiroActionInterceptor@5675d407
[Test worker] TRACE org.codehaus.griffon.runtime.core.controller.AbstractActionManager - Action for com.acme.ShiroController.guest stored as guest
[Test worker] TRACE griffon.util.CompositeResourceBundle - Searching key=com.acme.ShiroController.action.Permissions.name
[Test worker] TRACE griffon.util.CompositeResourceBundle - Searching key=application.action.Permissions.name
[Test worker] TRACE org.codehaus.griffon.runtime.core.controller.AbstractActionManager - com.acme.ShiroController.action.Permissions.name = Permissions
[Test worker] DEBUG org.codehaus.griffon.runtime.core.controller.AbstractActionManager - Configuring action com.acme.ShiroController.permissions with org.codehaus.griffon.runtime.shiro.ShiroActionInterceptor@5675d407
[Test worker] TRACE org.codehaus.griffon.runtime.core.controller.AbstractActionManager - Action for com.acme.ShiroController.permissions stored as permissions
[Test worker] TRACE griffon.util.CompositeResourceBundle - Searching key=com.acme.ShiroController.action.Roles.name
[Test worker] TRACE griffon.util.CompositeResourceBundle - Searching key=application.action.Roles.name
[Test worker] TRACE org.codehaus.griffon.runtime.core.controller.AbstractActionManager - com.acme.ShiroController.action.Roles.name = Roles
[Test worker] DEBUG org.codehaus.griffon.runtime.core.controller.AbstractActionManager - Configuring action com.acme.ShiroController.roles with org.codehaus.griffon.runtime.shiro.ShiroActionInterceptor@5675d407
[Test worker] TRACE org.codehaus.griffon.runtime.core.controller.AbstractActionManager - Action for com.acme.ShiroController.roles stored as roles
[Test worker] TRACE griffon.util.CompositeResourceBundle - Searching key=com.acme.ShiroController.action.User.name
[Test worker] TRACE griffon.util.CompositeResourceBundle - Searching key=application.action.User.name
[Test worker] TRACE org.codehaus.griffon.runtime.core.controller.AbstractActionManager - com.acme.ShiroController.action.User.name = User
[Test worker] DEBUG org.codehaus.griffon.runtime.core.controller.AbstractActionManager - Configuring action com.acme.ShiroController.user with org.codehaus.griffon.runtime.shiro.ShiroActionInterceptor@5675d407
[Test worker] TRACE org.codehaus.griffon.runtime.core.controller.AbstractActionManager - Action for com.acme.ShiroController.user stored as user
[Test worker] DEBUG org.codehaus.griffon.runtime.core.artifact.AbstractArtifactManager - Searching for griffonClass of com.acme.ShiroModel
[Test worker] DEBUG org.codehaus.griffon.runtime.core.event.AbstractEventRouter - Triggering event 'NewInstance' synchronously
[Test worker] TRACE org.apache.shiro.subject.support.DelegatingSubject - attempting to get session; create = false; session is null = true; session has id = false
[Test worker] TRACE org.apache.shiro.authc.AbstractAuthenticator - Authentication attempt received for token [org.apache.shiro.authc.UsernamePasswordToken - bob, rememberMe=false]
[Test worker] DEBUG org.apache.shiro.realm.AuthenticatingRealm - Looked up AuthenticationInfo [bob] from doGetAuthenticationInfo
[Test worker] DEBUG org.apache.shiro.realm.AuthenticatingRealm - AuthenticationInfo caching is disabled for info [bob].  Submitted token: [org.apache.shiro.authc.UsernamePasswordToken - bob, rememberMe=false].
[Test worker] DEBUG org.apache.shiro.authc.credential.SimpleCredentialsMatcher - Performing credentials equality check for tokenCredentials of type [[C and accountCredentials of type [java.lang.String]
[Test worker] DEBUG org.apache.shiro.authc.credential.SimpleCredentialsMatcher - Both credentials arguments can be easily converted to byte arrays.  Performing array equals comparison
[Test worker] DEBUG org.apache.shiro.authc.AbstractAuthenticator - Authentication successful for token [org.apache.shiro.authc.UsernamePasswordToken - bob, rememberMe=false].  Returned account [bob]
[Test worker] DEBUG org.apache.shiro.subject.support.DefaultSubjectContext - No SecurityManager available in subject context map.  Falling back to SecurityUtils.getSecurityManager() lookup.
[Test worker] TRACE org.apache.shiro.util.ThreadContext - get() - in thread [Test worker]
[Test worker] TRACE org.apache.shiro.mgt.DefaultSecurityManager - Context already contains a SecurityManager instance.  Returning.
[Test worker] TRACE org.apache.shiro.subject.support.DelegatingSubject - attempting to get session; create = false; session is null = true; session has id = false
[Test worker] DEBUG org.apache.shiro.subject.support.DefaultSubjectContext - No SecurityManager available in subject context map.  Falling back to SecurityUtils.getSecurityManager() lookup.
[Test worker] TRACE org.apache.shiro.util.ThreadContext - get() - in thread [Test worker]
[Test worker] TRACE org.apache.shiro.subject.support.DelegatingSubject - attempting to get session; create = false; session is null = true; session has id = false
[Test worker] TRACE org.apache.shiro.subject.support.DelegatingSubject - attempting to get session; create = false; session is null = true; session has id = false
[Test worker] TRACE org.apache.shiro.subject.support.DelegatingSubject - attempting to get session; create = false; session is null = true; session has id = false
[Test worker] TRACE org.apache.shiro.subject.support.DelegatingSubject - attempting to get session; create = false; session is null = true; session has id = false
[Test worker] TRACE org.apache.shiro.subject.support.DelegatingSubject - attempting to get session; create = false; session is null = true; session has id = false
[Test worker] TRACE org.apache.shiro.subject.support.DelegatingSubject - attempting to get session; create = false; session is null = true; session has id = false
[Test worker] TRACE org.apache.shiro.subject.support.DelegatingSubject - attempting to get session; create = true; session is null = true; session has id = false
[Test worker] TRACE org.apache.shiro.subject.support.DelegatingSubject - Starting session for host null
[Test worker] DEBUG org.apache.shiro.session.mgt.AbstractValidatingSessionManager - No sessionValidationScheduler set.  Attempting to create default instance.
[Test worker] TRACE org.apache.shiro.session.mgt.AbstractValidatingSessionManager - Created default SessionValidationScheduler instance of type [org.apache.shiro.session.mgt.ExecutorServiceSessionValidationScheduler].
[Test worker] INFO org.apache.shiro.session.mgt.AbstractValidatingSessionManager - Enabling session validation scheduler...
[Test worker] TRACE org.apache.shiro.session.mgt.DefaultSessionManager - Creating session for host null
[Test worker] DEBUG org.apache.shiro.session.mgt.DefaultSessionManager - Creating new EIS record for new session instance [org.apache.shiro.session.mgt.SimpleSession,id=null]
[Test worker] TRACE org.apache.shiro.session.mgt.AbstractValidatingSessionManager - Attempting to retrieve session with key org.apache.shiro.session.mgt.DefaultSessionKey@41cdda41
[Test worker] TRACE org.apache.shiro.subject.support.DelegatingSubject - attempting to get session; create = false; session is null = false; session has id = true
[Test worker] TRACE org.apache.shiro.session.mgt.AbstractValidatingSessionManager - Attempting to retrieve session with key org.apache.shiro.session.mgt.DefaultSessionKey@41cdda41
[Test worker] TRACE org.apache.shiro.session.mgt.AbstractValidatingSessionManager - Attempting to retrieve session with key org.apache.shiro.session.mgt.DefaultSessionKey@41cdda41
[Test worker] TRACE org.apache.shiro.mgt.DefaultSecurityManager - This org.apache.shiro.mgt.DefaultSecurityManager instance does not have a [org.apache.shiro.mgt.RememberMeManager] instance configured.  RememberMe services will not be performed for account [bob].
[Test worker] TRACE org.apache.shiro.subject.support.DelegatingSubject - attempting to get session; create = false; session is null = false; session has id = true
[Test worker] TRACE griffon.util.CompositeResourceBundle - Searching key=griffon.disable.threading.injection
[Test worker] TRACE griffon.util.CompositeResourceBundle - Searching key=griffon
[Test worker] DEBUG org.codehaus.griffon.runtime.core.controller.AbstractActionManager - Executing com.acme.ShiroController.authenticated with policy OUTSIDE_UITHREAD
[Test worker] DEBUG org.codehaus.griffon.runtime.core.controller.AbstractActionManager - Executing 1 interceptor for com.acme.ShiroController.authenticated
[Test worker] TRACE org.codehaus.griffon.runtime.core.controller.AbstractActionManager - Calling org.codehaus.griffon.runtime.shiro.ShiroActionInterceptor@5675d407.before() on com.acme.ShiroController.authenticated
[Test worker] DEBUG org.codehaus.griffon.runtime.shiro.ShiroActionInterceptor - Evaluating security requirement RequirementConfiguration{requirement=AUTHENTICATION, values=[], logical=AND}
[Test worker] TRACE org.codehaus.griffon.runtime.core.controller.AbstractActionManager - Status before execution of com.acme.ShiroController.authenticated is OK
[Test worker] TRACE org.codehaus.griffon.runtime.core.controller.AbstractActionManager - Status after execution of com.acme.ShiroController.authenticated is OK
[Test worker] TRACE org.codehaus.griffon.runtime.core.controller.AbstractActionManager - Calling org.codehaus.griffon.runtime.shiro.ShiroActionInterceptor@5675d407.after() on com.acme.ShiroController.authenticated
[Test worker] TRACE org.apache.shiro.subject.support.DelegatingSubject - attempting to get session; create = false; session is null = false; session has id = true
[Test worker] TRACE org.apache.shiro.session.mgt.AbstractValidatingSessionManager - Attempting to retrieve session with key org.apache.shiro.session.mgt.DefaultSessionKey@41cdda41
[Test worker] TRACE org.apache.shiro.subject.support.DelegatingSubject - attempting to get session; create = false; session is null = false; session has id = true
[Test worker] TRACE org.apache.shiro.session.mgt.AbstractValidatingSessionManager - Attempting to retrieve session with key org.apache.shiro.session.mgt.DefaultSessionKey@41cdda41
[Test worker] DEBUG org.apache.shiro.mgt.DefaultSecurityManager - Logging out subject with primary principal bob
[Test worker] TRACE org.apache.shiro.realm.CachingRealm - Cleared cache entries for account with principals [bob]
[Test worker] TRACE org.apache.shiro.subject.support.DelegatingSubject - attempting to get session; create = false; session is null = false; session has id = true
[Test worker] TRACE org.apache.shiro.session.mgt.AbstractValidatingSessionManager - Attempting to retrieve session with key org.apache.shiro.session.mgt.DefaultSessionKey@41cdda41
[Test worker] TRACE org.apache.shiro.session.mgt.AbstractValidatingSessionManager - Attempting to retrieve session with key org.apache.shiro.session.mgt.DefaultSessionKey@41cdda41
[Test worker] TRACE org.apache.shiro.subject.support.DelegatingSubject - attempting to get session; create = false; session is null = false; session has id = true
[Test worker] TRACE org.apache.shiro.session.mgt.AbstractValidatingSessionManager - Attempting to retrieve session with key org.apache.shiro.session.mgt.DefaultSessionKey@41cdda41
[Test worker] DEBUG org.apache.shiro.session.mgt.AbstractSessionManager - Stopping session with id [62c8ef94-9229-4b99-8848-cf08d732822b]
[Test worker] DEBUG org.codehaus.griffon.runtime.core.event.AbstractEventRouter - Triggering event 'ShutdownRequested' synchronously
[Test worker] INFO org.codehaus.griffon.runtime.core.DefaultGriffonApplication - Shutdown is in process
[Test worker] DEBUG org.codehaus.griffon.runtime.core.DefaultGriffonApplication - Shutdown stage 1: notify all event listeners
[Test worker] DEBUG org.codehaus.griffon.runtime.core.event.AbstractEventRouter - Adding listener org.codehaus.griffon.runtime.core.AbstractGriffonApplication$1 on ShutdownStart
[Test worker] DEBUG org.codehaus.griffon.runtime.core.event.AbstractEventRouter - Triggering event 'ShutdownStart' synchronously
[Test worker] DEBUG org.codehaus.griffon.runtime.core.DefaultGriffonApplication - Shutdown stage 2: notify all shutdown handlers
[Test worker] DEBUG org.codehaus.griffon.runtime.core.DefaultGriffonApplication - Shutdown stage 3: destroy all MVC groups
[Test worker] DEBUG org.codehaus.griffon.runtime.core.DefaultGriffonApplication - Shutdown stage 4: execute Shutdown script
[Test worker] TRACE griffon.util.CompositeResourceBundle - Searching key=application.lifecycle.handler.disable
[Test worker] TRACE griffon.util.CompositeResourceBundle - Searching key=application
[Test worker] INFO org.codehaus.griffon.runtime.core.DefaultApplicationBootstrapper - Griffon 2.0.0.SNAPSHOT
[Test worker] INFO org.codehaus.griffon.runtime.core.DefaultApplicationBootstrapper - Build: 2014-03-07T17:17:07.720+0000
[Test worker] INFO org.codehaus.griffon.runtime.core.DefaultApplicationBootstrapper - JVM: 1.7.0_51 (Oracle Corporation 24.51-b03)
[Test worker] INFO org.codehaus.griffon.runtime.core.DefaultApplicationBootstrapper - OS: Linux 2.6.32-042stab084.25 amd64
[Test worker] DEBUG org.codehaus.griffon.runtime.core.DefaultApplicationBootstrapper - Creating module bindings
[Test worker] DEBUG griffon.util.AnnotationUtils - Current module order is [core, shiro, testApplicationBootstrapper$InnerClasses, testApplicationBootstrapper$Fields]
[Test worker] TRACE griffon.util.AnnotationUtils - Processing module 'core'
[Test worker] TRACE griffon.util.AnnotationUtils -   depends on '[]'
[Test worker] TRACE griffon.util.AnnotationUtils -   adding module 'core', since all dependencies have been added
[Test worker] TRACE griffon.util.AnnotationUtils - Processing module 'shiro'
[Test worker] TRACE griffon.util.AnnotationUtils -   depends on '[]'
[Test worker] TRACE griffon.util.AnnotationUtils -   adding module 'shiro', since all dependencies have been added
[Test worker] TRACE griffon.util.AnnotationUtils - Processing module 'testApplicationBootstrapper$InnerClasses'
[Test worker] TRACE griffon.util.AnnotationUtils -   depends on '[]'
[Test worker] TRACE griffon.util.AnnotationUtils -   adding module 'testApplicationBootstrapper$InnerClasses', since all dependencies have been added
[Test worker] TRACE griffon.util.AnnotationUtils - Processing module 'testApplicationBootstrapper$Fields'
[Test worker] TRACE griffon.util.AnnotationUtils -   depends on '[]'
[Test worker] TRACE griffon.util.AnnotationUtils -   adding module 'testApplicationBootstrapper$Fields', since all dependencies have been added
[Test worker] TRACE griffon.util.AnnotationUtils - module dependency ordering complete
[Test worker] DEBUG griffon.util.AnnotationUtils - computed module order is [core, shiro, testApplicationBootstrapper$InnerClasses, testApplicationBootstrapper$Fields]
[Test worker] DEBUG org.codehaus.griffon.runtime.core.DefaultApplicationBootstrapper - Loading module bindings from core:org.codehaus.griffon.runtime.core.DefaultApplicationModule@7189b40f
[Test worker] DEBUG org.codehaus.griffon.runtime.core.DefaultApplicationBootstrapper - Loading module bindings from shiro:org.codehaus.griffon.runtime.shiro.ShiroModule@78c7f05
[Test worker] DEBUG org.codehaus.griffon.runtime.core.DefaultApplicationBootstrapper - Loading module bindings from testApplicationBootstrapper$InnerClasses:org.codehaus.griffon.runtime.core.TestApplicationBootstrapper$InnerClassesModule@18e72522
[Test worker] DEBUG org.codehaus.griffon.runtime.core.DefaultApplicationBootstrapper - Loading module bindings from testApplicationBootstrapper$Fields:org.codehaus.griffon.runtime.core.TestApplicationBootstrapper$FieldsModule@6f36e7f3
[Test worker] TRACE org.codehaus.griffon.runtime.core.DefaultApplicationBootstrapper - InstanceBinding[source=griffon.core.GriffonApplication, instance=org.codehaus.griffon.runtime.core.DefaultGriffonApplication@470069c3, singleton=true]
[Test worker] TRACE org.codehaus.griffon.runtime.core.DefaultApplicationBootstrapper - TargetBinding[source=griffon.core.ApplicationClassLoader, target=org.codehaus.griffon.runtime.core.DefaultApplicationClassLoader, singleton=true]
[Test worker] TRACE org.codehaus.griffon.runtime.core.DefaultApplicationBootstrapper - TargetBinding[source=griffon.core.ApplicationConfigurer, target=org.codehaus.griffon.runtime.core.DefaultApplicationConfigurer, singleton=true]
[Test worker] TRACE org.codehaus.griffon.runtime.core.DefaultApplicationBootstrapper - TargetBinding[source=griffon.core.resources.ResourceHandler, target=org.codehaus.griffon.runtime.core.resources.DefaultResourceHandler, singleton=true]
[Test worker] TRACE org.codehaus.griffon.runtime.core.DefaultApplicationBootstrapper - TargetBinding[source=griffon.util.CompositeResourceBundleBuilder, target=org.codehaus.griffon.runtime.util.DefaultCompositeResourceBundleBuilder, singleton=true]
[Test worker] TRACE org.codehaus.griffon.runtime.core.DefaultApplicationBootstrapper - ProviderBinding[source=java.util.ResourceBundle, classifier=@javax.inject.Named(value=applicationResourceBundle), provider=org.codehaus.griffon.runtime.util.ResourceBundleProvider@6c1fa59f, singleton=true]
[Test worker] TRACE org.codehaus.griffon.runtime.core.DefaultApplicationBootstrapper - TargetBinding[source=griffon.core.Configuration, target=org.codehaus.griffon.runtime.core.DefaultConfiguration, singleton=true]
[Test worker] TRACE org.codehaus.griffon.runtime.core.DefaultApplicationBootstrapper - TargetBinding[source=griffon.core.ExecutorServiceManager, target=org.codehaus.griffon.runtime.core.DefaultExecutorServiceManager, singleton=true]
[Test worker] TRACE org.codehaus.griffon.runtime.core.DefaultApplicationBootstrapper - TargetBinding[source=griffon.core.event.EventRouter, classifier=@javax.inject.Named(value=applicationEventRouter), target=org.codehaus.griffon.runtime.core.event.DefaultEventRouter, singleton=true]
[Test worker] TRACE org.codehaus.griffon.runtime.core.DefaultApplicationBootstrapper - TargetBinding[source=griffon.core.event.EventRouter, target=org.codehaus.griffon.runtime.core.event.DefaultEventRouter, singleton=false]
[Test worker] TRACE org.codehaus.griffon.runtime.core.DefaultApplicationBootstrapper - ProviderBinding[source=griffon.core.resources.ResourceResolver, classifier=@javax.inject.Named(value=applicationResourceResolver), provider=org.codehaus.griffon.runtime.core.resources.ResourceResolverProvider@11b2a12e, singleton=true]
[Test worker] TRACE org.codehaus.griffon.runtime.core.DefaultApplicationBootstrapper - ProviderBinding[source=griffon.core.i18n.MessageSource, classifier=@javax.inject.Named(value=applicationMessageSource), provider=org.codehaus.griffon.runtime.core.i18n.MessageSourceProvider@6673dc15, singleton=true]
[Test worker] TRACE org.codehaus.griffon.runtime.core.DefaultApplicationBootstrapper - TargetBinding[source=griffon.core.resources.ResourceInjector, classifier=@javax.inject.Named(value=applicationResourceInjector), target=org.codehaus.griffon.runtime.core.resources.DefaultApplicationResourceInjector, singleton=true]
[Test worker] TRACE org.codehaus.griffon.runtime.core.DefaultApplicationBootstrapper - TargetBinding[source=griffon.core.threading.UIThreadManager, target=org.codehaus.griffon.runtime.core.threading.DefaultUIThreadManager, singleton=true]
[Test worker] TRACE org.codehaus.griffon.runtime.core.DefaultApplicationBootstrapper - TargetBinding[source=griffon.core.mvc.MVCGroupManager, target=org.codehaus.griffon.runtime.core.mvc.DefaultMVCGroupManager, singleton=true]
[Test worker] TRACE org.codehaus.griffon.runtime.core.DefaultApplicationBootstrapper - ProviderBinding[source=griffon.core.LifecycleHandler, classifier=@javax.inject.Named(value=Initialize), provider=org.codehaus.griffon.runtime.core.LifecycleHandlerProvider@40761b3f, singleton=true]
[Test worker] TRACE org.codehaus.griffon.runtime.core.DefaultApplicationBootstrapper - ProviderBinding[source=griffon.core.LifecycleHandler, classifier=@javax.inject.Named(value=Startup), provider=org.codehaus.griffon.runtime.core.LifecycleHandlerProvider@9f6e629, singleton=true]
[Test worker] TRACE org.codehaus.griffon.runtime.core.DefaultApplicationBootstrapper - ProviderBinding[source=griffon.core.LifecycleHandler, classifier=@javax.inject.Named(value=Ready), provider=org.codehaus.griffon.runtime.core.LifecycleHandlerProvider@308092db, singleton=true]
[Test worker] TRACE org.codehaus.griffon.runtime.core.DefaultApplicationBootstrapper - ProviderBinding[source=griffon.core.LifecycleHandler, classifier=@javax.inject.Named(value=Shutdown), provider=org.codehaus.griffon.runtime.core.LifecycleHandlerProvider@492980bd, singleton=true]
[Test worker] TRACE org.codehaus.griffon.runtime.core.DefaultApplicationBootstrapper - ProviderBinding[source=griffon.core.LifecycleHandler, classifier=@javax.inject.Named(value=Stop), provider=org.codehaus.griffon.runtime.core.LifecycleHandlerProvider@43c31dd1, singleton=true]
[Test worker] TRACE org.codehaus.griffon.runtime.core.DefaultApplicationBootstrapper - TargetBinding[source=griffon.core.view.WindowManager, target=org.codehaus.griffon.runtime.core.view.NoopWindowManager, singleton=true]
[Test worker] TRACE org.codehaus.griffon.runtime.core.DefaultApplicationBootstrapper - TargetBinding[source=griffon.core.controller.ActionManager, target=org.codehaus.griffon.runtime.core.controller.DefaultActionManager, singleton=true]
[Test worker] TRACE org.codehaus.griffon.runtime.core.DefaultApplicationBootstrapper - TargetBinding[source=griffon.core.artifact.ArtifactManager, target=org.codehaus.griffon.runtime.core.artifact.DefaultArtifactManager, singleton=true]
[Test worker] TRACE org.codehaus.griffon.runtime.core.DefaultApplicationBootstrapper - TargetBinding[source=griffon.core.artifact.ArtifactHandler, classifier=@griffon.inject.Typed(value=interface griffon.core.artifact.GriffonModel), target=org.codehaus.griffon.runtime.core.artifact.ModelArtifactHandler, singleton=true]
[Test worker] TRACE org.codehaus.griffon.runtime.core.DefaultApplicationBootstrapper - TargetBinding[source=griffon.core.artifact.ArtifactHandler, classifier=@griffon.inject.Typed(value=interface griffon.core.artifact.GriffonView), target=org.codehaus.griffon.runtime.core.artifact.ViewArtifactHandler, singleton=true]
[Test worker] TRACE org.codehaus.griffon.runtime.core.DefaultApplicationBootstrapper - TargetBinding[source=griffon.core.artifact.ArtifactHandler, classifier=@griffon.inject.Typed(value=interface griffon.core.artifact.GriffonController), target=org.codehaus.griffon.runtime.core.artifact.ControllerArtifactHandler, singleton=true]
[Test worker] TRACE org.codehaus.griffon.runtime.core.DefaultApplicationBootstrapper - TargetBinding[source=griffon.core.artifact.ArtifactHandler, classifier=@griffon.inject.Typed(value=interface griffon.core.artifact.GriffonService), target=org.codehaus.griffon.runtime.core.artifact.ServiceArtifactHandler, singleton=true]
[Test worker] TRACE org.codehaus.griffon.runtime.core.DefaultApplicationBootstrapper - ProviderTypeBinding[source=griffon.core.PlatformHandler, providerType=class org.codehaus.griffon.runtime.core.PlatformHandlerProvider, singleton=true]
[Test worker] TRACE org.codehaus.griffon.runtime.core.DefaultApplicationBootstrapper - TargetBinding[source=griffon.core.addon.AddonManager, target=org.codehaus.griffon.runtime.core.addon.DefaultAddonManager, singleton=true]
[Test worker] TRACE org.codehaus.griffon.runtime.core.DefaultApplicationBootstrapper - TargetBinding[source=griffon.core.event.EventHandler, target=org.codehaus.griffon.runtime.core.event.DefaultEventHandler, singleton=true]
[Test worker] TRACE org.codehaus.griffon.runtime.core.DefaultApplicationBootstrapper - TargetBinding[source=griffon.core.GriffonExceptionHandler, target=griffon.core.GriffonExceptionHandler, singleton=true]
[Test worker] TRACE org.codehaus.griffon.runtime.core.DefaultApplicationBootstrapper - ProviderTypeBinding[source=org.apache.shiro.mgt.SecurityManager, providerType=class org.codehaus.griffon.runtime.shiro.SecurityManagerProvider, singleton=true]
[Test worker] TRACE org.codehaus.griffon.runtime.core.DefaultApplicationBootstrapper - ProviderTypeBinding[source=org.apache.shiro.subject.Subject, providerType=class org.codehaus.griffon.runtime.shiro.SubjectProvider, singleton=true]
[Test worker] TRACE org.codehaus.griffon.runtime.core.DefaultApplicationBootstrapper - TargetBinding[source=griffon.plugins.shiro.SecurityFailureHandler, target=org.codehaus.griffon.runtime.shiro.DefaultSecurityFailureHandler, singleton=true]
[Test worker] TRACE org.codehaus.griffon.runtime.core.DefaultApplicationBootstrapper - TargetBinding[source=griffon.core.controller.ActionInterceptor, target=org.codehaus.griffon.runtime.shiro.ShiroActionInterceptor, singleton=true]
[Test worker] DEBUG org.codehaus.griffon.runtime.core.DefaultApplicationBootstrapper - Creating application injector
[Test worker] DEBUG org.codehaus.griffon.runtime.core.DefaultApplicationBootstrapper - Injector will be created by org.codehaus.griffon.runtime.injection.GuiceInjectorFactory@6c0744fb
[Test worker] DEBUG org.codehaus.griffon.runtime.core.event.AbstractEventRouter - Adding listener org.codehaus.griffon.runtime.core.MVCGroupExceptionHandler on UncaughtMVCGroupConfigurationException
[Test worker] DEBUG org.codehaus.griffon.runtime.core.event.AbstractEventRouter - Adding listener org.codehaus.griffon.runtime.core.MVCGroupExceptionHandler on UncaughtMVCGroupInstantiationException
[Test worker] DEBUG org.codehaus.griffon.runtime.core.event.AbstractEventRouter - Triggering event 'BootstrapStart' synchronously
[Test worker] DEBUG griffon.util.ServiceLoaderUtils - Reading java.beans.PropertyEditor definitions from jar:file:/home/travis/build/griffon/griffon/subprojects/griffon-core/build/libs/griffon-core-2.0.0.SNAPSHOT.jar!/META-INF/editors/java.beans.PropertyEditor
[Test worker] DEBUG org.codehaus.griffon.runtime.core.DefaultApplicationConfigurer - Registering griffon.core.editors.StringPropertyEditor as editor for java.lang.String
[Test worker] DEBUG org.codehaus.griffon.runtime.core.DefaultApplicationConfigurer - Registering griffon.core.editors.FilePropertyEditor as editor for java.io.File
[Test worker] DEBUG org.codehaus.griffon.runtime.core.DefaultApplicationConfigurer - Registering griffon.core.editors.URLPropertyEditor as editor for java.net.URL
[Test worker] DEBUG org.codehaus.griffon.runtime.core.DefaultApplicationConfigurer - Registering griffon.core.editors.URIPropertyEditor as editor for java.net.URI
[Test worker] DEBUG org.codehaus.griffon.runtime.core.DefaultApplicationConfigurer - Registering griffon.core.editors.BigDecimalPropertyEditor as editor for java.math.BigDecimal
[Test worker] DEBUG org.codehaus.griffon.runtime.core.DefaultApplicationConfigurer - Registering griffon.core.editors.BigIntegerPropertyEditor as editor for java.math.BigInteger
[Test worker] DEBUG org.codehaus.griffon.runtime.core.DefaultApplicationConfigurer - Registering griffon.core.editors.BooleanPropertyEditor as editor for java.lang.Boolean
[Test worker] DEBUG org.codehaus.griffon.runtime.core.DefaultApplicationConfigurer - Registering griffon.core.editors.BytePropertyEditor as editor for java.lang.Byte
[Test worker] DEBUG org.codehaus.griffon.runtime.core.DefaultApplicationConfigurer - Registering griffon.core.editors.ShortPropertyEditor as editor for java.lang.Short
[Test worker] DEBUG org.codehaus.griffon.runtime.core.DefaultApplicationConfigurer - Registering griffon.core.editors.IntegerPropertyEditor as editor for java.lang.Integer
[Test worker] DEBUG org.codehaus.griffon.runtime.core.DefaultApplicationConfigurer - Registering griffon.core.editors.LongPropertyEditor as editor for java.lang.Long
[Test worker] DEBUG org.codehaus.griffon.runtime.core.DefaultApplicationConfigurer - Registering griffon.core.editors.FloatPropertyEditor as editor for java.lang.Float
[Test worker] DEBUG org.codehaus.griffon.runtime.core.DefaultApplicationConfigurer - Registering griffon.core.editors.DoublePropertyEditor as editor for java.lang.Double
[Test worker] DEBUG org.codehaus.griffon.runtime.core.DefaultApplicationConfigurer - Registering griffon.core.editors.CalendarPropertyEditor as editor for java.util.Calendar
[Test worker] DEBUG org.codehaus.griffon.runtime.core.DefaultApplicationConfigurer - Registering griffon.core.editors.DatePropertyEditor as editor for java.util.Date
[Test worker] DEBUG org.codehaus.griffon.runtime.core.DefaultApplicationConfigurer - Registering griffon.core.editors.BooleanPropertyEditor as editor for boolean
[Test worker] DEBUG org.codehaus.griffon.runtime.core.DefaultApplicationConfigurer - Registering griffon.core.editors.BytePropertyEditor as editor for byte
[Test worker] DEBUG org.codehaus.griffon.runtime.core.DefaultApplicationConfigurer - Registering griffon.core.editors.ShortPropertyEditor as editor for short
[Test worker] DEBUG org.codehaus.griffon.runtime.core.DefaultApplicationConfigurer - Registering griffon.core.editors.IntegerPropertyEditor as editor for int
[Test worker] DEBUG org.codehaus.griffon.runtime.core.DefaultApplicationConfigurer - Registering griffon.core.editors.LongPropertyEditor as editor for long
[Test worker] DEBUG org.codehaus.griffon.runtime.core.DefaultApplicationConfigurer - Registering griffon.core.editors.FloatPropertyEditor as editor for float
[Test worker] DEBUG org.codehaus.griffon.runtime.core.DefaultApplicationConfigurer - Registering griffon.core.editors.DoublePropertyEditor as editor for double
[Test worker] DEBUG org.codehaus.griffon.runtime.core.event.AbstractEventRouter - Adding listener org.codehaus.griffon.runtime.core.DefaultApplicationConfigurer$2 on NewInstance
[Test worker] TRACE griffon.util.CompositeResourceBundle - Searching key=application.lifecycle.handler.disable
[Test worker] TRACE griffon.util.CompositeResourceBundle - Searching key=application
[Test worker] TRACE griffon.util.CompositeResourceBundle - Searching key=platform.handler.linux64
[Test worker] TRACE griffon.util.CompositeResourceBundle - Searching key=platform
[Test worker] DEBUG org.codehaus.griffon.runtime.core.PlatformHandlerProvider - Using org.codehaus.griffon.runtime.core.DefaultPlatformHandler as PlatformHandler
[Test worker] DEBUG org.codehaus.griffon.runtime.core.addon.AbstractAddonManager - Loading addons [START]
[Test worker] DEBUG griffon.util.AnnotationUtils - computed addon order is []
[Test worker] DEBUG org.codehaus.griffon.runtime.core.event.AbstractEventRouter - Triggering event 'LoadAddonsStart' synchronously
[Test worker] DEBUG org.codehaus.griffon.runtime.core.addon.AbstractAddonManager - Loading addons [END]
[Test worker] DEBUG org.codehaus.griffon.runtime.core.event.AbstractEventRouter - Triggering event 'LoadAddonsEnd' synchronously
[Test worker] TRACE griffon.util.CompositeResourceBundle - Searching key=mvcGroups
[Test worker] TRACE griffon.util.CompositeResourceBundle - Searching key=mvcGroups
[Test worker] DEBUG org.codehaus.griffon.runtime.core.event.AbstractEventRouter - Adding listener org.codehaus.griffon.runtime.core.DefaultApplicationConfigurer$3 on NewInstance
[Test worker] TRACE griffon.util.CompositeResourceBundle - Searching key=shiro.realm.resource.path
[Test worker] TRACE griffon.util.CompositeResourceBundle - Searching key=shiro
[Test worker] DEBUG org.apache.shiro.realm.text.PropertiesRealm - Loading user security information from file [classpath:shiro-users.properties]...
[Test worker] DEBUG org.apache.shiro.realm.text.PropertiesRealm - Opening input stream for path [classpath:shiro-users.properties]...
[Test worker] DEBUG org.apache.shiro.io.ResourceUtils - Opening resource from class path [shiro-users.properties]
[Test worker] DEBUG org.apache.shiro.realm.text.PropertiesRealm - Loading properties from path [classpath:shiro-users.properties]...
[Test worker] TRACE org.apache.shiro.realm.text.PropertiesRealm - Processing properties line - key: [user.joe], value: [joe,employee].
[Test worker] TRACE org.apache.shiro.realm.text.PropertiesRealm - Processing properties line - key: [user.bob], value: [bob,manager,employee].
[Test worker] TRACE org.apache.shiro.realm.text.PropertiesRealm - Processing properties line - key: [role.administrator], value: [*].
[Test worker] TRACE org.apache.shiro.realm.text.PropertiesRealm - Processing properties line - key: [role.manager], value: [user:write].
[Test worker] TRACE org.apache.shiro.realm.text.PropertiesRealm - Processing properties line - key: [user.root], value: [root,administrator,manager].
[Test worker] TRACE org.apache.shiro.realm.text.PropertiesRealm - Processing properties line - key: [role.employee], value: [user:read].
[Test worker] TRACE org.apache.shiro.util.ThreadContext - get() - in thread [Test worker]
[Test worker] TRACE org.apache.shiro.util.ThreadContext - Retrieved value of type [org.apache.shiro.subject.support.DelegatingSubject] for key [org.apache.shiro.util.ThreadContext_SUBJECT_KEY] bound to thread [Test worker]
[Test worker] TRACE griffon.util.CompositeResourceBundle - Searching key=griffon.controller.action.interceptor.order
[Test worker] TRACE griffon.util.CompositeResourceBundle - Searching key=griffon
[Test worker] DEBUG griffon.util.AnnotationUtils - Current interceptor order is [shiro]
[Test worker] TRACE griffon.util.AnnotationUtils - Processing interceptor 'shiro'
[Test worker] TRACE griffon.util.AnnotationUtils -   depends on '[]'
[Test worker] TRACE griffon.util.AnnotationUtils -   adding interceptor 'shiro', since all dependencies have been added
[Test worker] TRACE griffon.util.AnnotationUtils - interceptor dependency ordering complete
[Test worker] DEBUG griffon.util.AnnotationUtils - computed interceptor order is [shiro]
[Test worker] DEBUG org.codehaus.griffon.runtime.core.artifact.AbstractArtifactManager - Registering artifact handler for type 'model': org.codehaus.griffon.runtime.core.artifact.ModelArtifactHandler@bf59773
[Test worker] DEBUG org.codehaus.griffon.runtime.core.artifact.AbstractArtifactManager - Registering artifact handler for type 'view': org.codehaus.griffon.runtime.core.artifact.ViewArtifactHandler@28aa0527
[Test worker] DEBUG org.codehaus.griffon.runtime.core.artifact.AbstractArtifactManager - Registering artifact handler for type 'controller': org.codehaus.griffon.runtime.core.artifact.ControllerArtifactHandler@3238584c
[Test worker] DEBUG org.codehaus.griffon.runtime.core.artifact.AbstractArtifactManager - Registering artifact handler for type 'service': org.codehaus.griffon.runtime.core.artifact.ServiceArtifactHandler@112cff56
[Test worker] DEBUG griffon.util.ServiceLoaderUtils - Reading griffon.core.artifact.GriffonController definitions from file:/home/travis/build/griffon/griffon/plugins/griffon-shiro-plugin/build/classes/test/META-INF/griffon/griffon.core.artifact.GriffonController
[Test worker] DEBUG griffon.util.ServiceLoaderUtils - Reading griffon.core.artifact.GriffonModel definitions from file:/home/travis/build/griffon/griffon/plugins/griffon-shiro-plugin/build/classes/test/META-INF/griffon/griffon.core.artifact.GriffonModel
[Test worker] DEBUG org.codehaus.griffon.runtime.core.artifact.DefaultArtifactManager - Artifacts of type 'controller' = 1
[Test worker] DEBUG org.codehaus.griffon.runtime.core.artifact.DefaultArtifactManager - Artifacts of type 'model' = 1
[Test worker] TRACE org.codehaus.griffon.runtime.core.artifact.AbstractArtifactManager - InstanceBinding[source=griffon.core.artifact.GriffonClass, classifier=@griffon.inject.Typed(value=class com.acme.ShiroController), instance=Artifact[controller] > Shiro, singleton=true]
[Test worker] TRACE org.codehaus.griffon.runtime.core.artifact.AbstractArtifactManager - TargetBinding[source=com.acme.ShiroController, target=com.acme.ShiroController, singleton=false]
[Test worker] TRACE org.codehaus.griffon.runtime.core.artifact.AbstractArtifactManager - InstanceBinding[source=griffon.core.artifact.GriffonClass, classifier=@griffon.inject.Typed(value=class com.acme.ShiroModel), instance=Artifact[model] > Shiro, singleton=true]
[Test worker] TRACE org.codehaus.griffon.runtime.core.artifact.AbstractArtifactManager - TargetBinding[source=com.acme.ShiroModel, target=com.acme.ShiroModel, singleton=false]
[Test worker] DEBUG org.codehaus.griffon.runtime.core.event.AbstractEventRouter - Triggering event 'BootstrapEnd' synchronously
[Test worker] DEBUG org.codehaus.griffon.runtime.core.artifact.AbstractArtifactManager - Searching for griffonClass of com.acme.ShiroController
[Test worker] DEBUG org.codehaus.griffon.runtime.core.event.AbstractEventRouter - Triggering event 'NewInstance' synchronously
[Test worker] DEBUG org.codehaus.griffon.runtime.core.artifact.AbstractArtifactManager - Searching for griffonClass of com.acme.ShiroController
[Test worker] TRACE griffon.util.CompositeResourceBundle - Searching key=com.acme.ShiroController.action.Authenticated.name
[Test worker] TRACE griffon.util.CompositeResourceBundle - Searching key=application.action.Authenticated.name
[Test worker] TRACE org.codehaus.griffon.runtime.core.controller.AbstractActionManager - com.acme.ShiroController.action.Authenticated.name = Authenticated
[Test worker] DEBUG org.codehaus.griffon.runtime.core.controller.AbstractActionManager - Configuring action com.acme.ShiroController.authenticated with org.codehaus.griffon.runtime.shiro.ShiroActionInterceptor@7515ff74
[Test worker] TRACE org.codehaus.griffon.runtime.core.controller.AbstractActionManager - Action for com.acme.ShiroController.authenticated stored as authenticated
[Test worker] TRACE griffon.util.CompositeResourceBundle - Searching key=com.acme.ShiroController.action.Guest.name
[Test worker] TRACE griffon.util.CompositeResourceBundle - Searching key=application.action.Guest.name
[Test worker] TRACE org.codehaus.griffon.runtime.core.controller.AbstractActionManager - com.acme.ShiroController.action.Guest.name = Guest
[Test worker] DEBUG org.codehaus.griffon.runtime.core.controller.AbstractActionManager - Configuring action com.acme.ShiroController.guest with org.codehaus.griffon.runtime.shiro.ShiroActionInterceptor@7515ff74
[Test worker] TRACE org.codehaus.griffon.runtime.core.controller.AbstractActionManager - Action for com.acme.ShiroController.guest stored as guest
[Test worker] TRACE griffon.util.CompositeResourceBundle - Searching key=com.acme.ShiroController.action.Permissions.name
[Test worker] TRACE griffon.util.CompositeResourceBundle - Searching key=application.action.Permissions.name
[Test worker] TRACE org.codehaus.griffon.runtime.core.controller.AbstractActionManager - com.acme.ShiroController.action.Permissions.name = Permissions
[Test worker] DEBUG org.codehaus.griffon.runtime.core.controller.AbstractActionManager - Configuring action com.acme.ShiroController.permissions with org.codehaus.griffon.runtime.shiro.ShiroActionInterceptor@7515ff74
[Test worker] TRACE org.codehaus.griffon.runtime.core.controller.AbstractActionManager - Action for com.acme.ShiroController.permissions stored as permissions
[Test worker] TRACE griffon.util.CompositeResourceBundle - Searching key=com.acme.ShiroController.action.Roles.name
[Test worker] TRACE griffon.util.CompositeResourceBundle - Searching key=application.action.Roles.name
[Test worker] TRACE org.codehaus.griffon.runtime.core.controller.AbstractActionManager - com.acme.ShiroController.action.Roles.name = Roles
[Test worker] DEBUG org.codehaus.griffon.runtime.core.controller.AbstractActionManager - Configuring action com.acme.ShiroController.roles with org.codehaus.griffon.runtime.shiro.ShiroActionInterceptor@7515ff74
[Test worker] TRACE org.codehaus.griffon.runtime.core.controller.AbstractActionManager - Action for com.acme.ShiroController.roles stored as roles
[Test worker] TRACE griffon.util.CompositeResourceBundle - Searching key=com.acme.ShiroController.action.User.name
[Test worker] TRACE griffon.util.CompositeResourceBundle - Searching key=application.action.User.name
[Test worker] TRACE org.codehaus.griffon.runtime.core.controller.AbstractActionManager - com.acme.ShiroController.action.User.name = User
[Test worker] DEBUG org.codehaus.griffon.runtime.core.controller.AbstractActionManager - Configuring action com.acme.ShiroController.user with org.codehaus.griffon.runtime.shiro.ShiroActionInterceptor@7515ff74
[Test worker] TRACE org.codehaus.griffon.runtime.core.controller.AbstractActionManager - Action for com.acme.ShiroController.user stored as user
[Test worker] DEBUG org.codehaus.griffon.runtime.core.artifact.AbstractArtifactManager - Searching for griffonClass of com.acme.ShiroModel
[Test worker] DEBUG org.codehaus.griffon.runtime.core.event.AbstractEventRouter - Triggering event 'NewInstance' synchronously
[Test worker] TRACE org.apache.shiro.subject.support.DelegatingSubject - attempting to get session; create = false; session is null = true; session has id = false
[Test worker] TRACE org.apache.shiro.authc.AbstractAuthenticator - Authentication attempt received for token [org.apache.shiro.authc.UsernamePasswordToken - bob, rememberMe=false]
[Test worker] DEBUG org.apache.shiro.realm.AuthenticatingRealm - Looked up AuthenticationInfo [bob] from doGetAuthenticationInfo
[Test worker] DEBUG org.apache.shiro.realm.AuthenticatingRealm - AuthenticationInfo caching is disabled for info [bob].  Submitted token: [org.apache.shiro.authc.UsernamePasswordToken - bob, rememberMe=false].
[Test worker] DEBUG org.apache.shiro.authc.credential.SimpleCredentialsMatcher - Performing credentials equality check for tokenCredentials of type [[C and accountCredentials of type [java.lang.String]
[Test worker] DEBUG org.apache.shiro.authc.credential.SimpleCredentialsMatcher - Both credentials arguments can be easily converted to byte arrays.  Performing array equals comparison
[Test worker] DEBUG org.apache.shiro.authc.AbstractAuthenticator - Authentication successful for token [org.apache.shiro.authc.UsernamePasswordToken - bob, rememberMe=false].  Returned account [bob]
[Test worker] DEBUG org.apache.shiro.subject.support.DefaultSubjectContext - No SecurityManager available in subject context map.  Falling back to SecurityUtils.getSecurityManager() lookup.
[Test worker] TRACE org.apache.shiro.util.ThreadContext - get() - in thread [Test worker]
[Test worker] TRACE org.apache.shiro.mgt.DefaultSecurityManager - Context already contains a SecurityManager instance.  Returning.
[Test worker] TRACE org.apache.shiro.subject.support.DelegatingSubject - attempting to get session; create = false; session is null = true; session has id = false
[Test worker] DEBUG org.apache.shiro.subject.support.DefaultSubjectContext - No SecurityManager available in subject context map.  Falling back to SecurityUtils.getSecurityManager() lookup.
[Test worker] TRACE org.apache.shiro.util.ThreadContext - get() - in thread [Test worker]
[Test worker] TRACE org.apache.shiro.subject.support.DelegatingSubject - attempting to get session; create = false; session is null = true; session has id = false
[Test worker] TRACE org.apache.shiro.subject.support.DelegatingSubject - attempting to get session; create = false; session is null = true; session has id = false
[Test worker] TRACE org.apache.shiro.subject.support.DelegatingSubject - attempting to get session; create = false; session is null = true; session has id = false
[Test worker] TRACE org.apache.shiro.subject.support.DelegatingSubject - attempting to get session; create = false; session is null = true; session has id = false
[Test worker] TRACE org.apache.shiro.subject.support.DelegatingSubject - attempting to get session; create = false; session is null = true; session has id = false
[Test worker] TRACE org.apache.shiro.subject.support.DelegatingSubject - attempting to get session; create = false; session is null = true; session has id = false
[Test worker] TRACE org.apache.shiro.subject.support.DelegatingSubject - attempting to get session; create = true; session is null = true; session has id = false
[Test worker] TRACE org.apache.shiro.subject.support.DelegatingSubject - Starting session for host null
[Test worker] DEBUG org.apache.shiro.session.mgt.AbstractValidatingSessionManager - No sessionValidationScheduler set.  Attempting to create default instance.
[Test worker] TRACE org.apache.shiro.session.mgt.AbstractValidatingSessionManager - Created default SessionValidationScheduler instance of type [org.apache.shiro.session.mgt.ExecutorServiceSessionValidationScheduler].
[Test worker] INFO org.apache.shiro.session.mgt.AbstractValidatingSessionManager - Enabling session validation scheduler...
[Test worker] TRACE org.apache.shiro.session.mgt.DefaultSessionManager - Creating session for host null
[Test worker] DEBUG org.apache.shiro.session.mgt.DefaultSessionManager - Creating new EIS record for new session instance [org.apache.shiro.session.mgt.SimpleSession,id=null]
[Test worker] TRACE org.apache.shiro.session.mgt.AbstractValidatingSessionManager - Attempting to retrieve session with key org.apache.shiro.session.mgt.DefaultSessionKey@225ccee6
[Test worker] TRACE org.apache.shiro.subject.support.DelegatingSubject - attempting to get session; create = false; session is null = false; session has id = true
[Test worker] TRACE org.apache.shiro.session.mgt.AbstractValidatingSessionManager - Attempting to retrieve session with key org.apache.shiro.session.mgt.DefaultSessionKey@225ccee6
[Test worker] TRACE org.apache.shiro.session.mgt.AbstractValidatingSessionManager - Attempting to retrieve session with key org.apache.shiro.session.mgt.DefaultSessionKey@225ccee6
[Test worker] TRACE org.apache.shiro.mgt.DefaultSecurityManager - This org.apache.shiro.mgt.DefaultSecurityManager instance does not have a [org.apache.shiro.mgt.RememberMeManager] instance configured.  RememberMe services will not be performed for account [bob].
[Test worker] TRACE org.apache.shiro.subject.support.DelegatingSubject - attempting to get session; create = false; session is null = false; session has id = true
[Test worker] TRACE griffon.util.CompositeResourceBundle - Searching key=griffon.disable.threading.injection
[Test worker] TRACE griffon.util.CompositeResourceBundle - Searching key=griffon
[Test worker] DEBUG org.codehaus.griffon.runtime.core.controller.AbstractActionManager - Executing com.acme.ShiroController.roles with policy OUTSIDE_UITHREAD
[Test worker] DEBUG org.codehaus.griffon.runtime.core.controller.AbstractActionManager - Executing 1 interceptor for com.acme.ShiroController.roles
[Test worker] TRACE org.codehaus.griffon.runtime.core.controller.AbstractActionManager - Calling org.codehaus.griffon.runtime.shiro.ShiroActionInterceptor@7515ff74.before() on com.acme.ShiroController.roles
[Test worker] DEBUG org.codehaus.griffon.runtime.shiro.ShiroActionInterceptor - Evaluating security requirement RequirementConfiguration{requirement=ROLES, values=[manager], logical=AND}
[Test worker] TRACE org.apache.shiro.subject.support.DelegatingSubject - attempting to get session; create = false; session is null = false; session has id = true
[Test worker] TRACE org.apache.shiro.session.mgt.AbstractValidatingSessionManager - Attempting to retrieve session with key org.apache.shiro.session.mgt.DefaultSessionKey@225ccee6
[Test worker] TRACE org.apache.shiro.subject.support.DelegatingSubject - attempting to get session; create = false; session is null = false; session has id = true
[Test worker] TRACE org.apache.shiro.session.mgt.AbstractValidatingSessionManager - Attempting to retrieve session with key org.apache.shiro.session.mgt.DefaultSessionKey@225ccee6
[Test worker] TRACE org.apache.shiro.realm.AuthorizingRealm - Retrieving AuthorizationInfo for principals [bob]
[Test worker] TRACE org.codehaus.griffon.runtime.core.controller.AbstractActionManager - Status before execution of com.acme.ShiroController.roles is OK
[Test worker] TRACE org.codehaus.griffon.runtime.core.controller.AbstractActionManager - Status after execution of com.acme.ShiroController.roles is OK
[Test worker] TRACE org.codehaus.griffon.runtime.core.controller.AbstractActionManager - Calling org.codehaus.griffon.runtime.shiro.ShiroActionInterceptor@7515ff74.after() on com.acme.ShiroController.roles
[Test worker] TRACE org.apache.shiro.subject.support.DelegatingSubject - attempting to get session; create = false; session is null = false; session has id = true
[Test worker] TRACE org.apache.shiro.session.mgt.AbstractValidatingSessionManager - Attempting to retrieve session with key org.apache.shiro.session.mgt.DefaultSessionKey@225ccee6
[Test worker] TRACE org.apache.shiro.subject.support.DelegatingSubject - attempting to get session; create = false; session is null = false; session has id = true
[Test worker] TRACE org.apache.shiro.session.mgt.AbstractValidatingSessionManager - Attempting to retrieve session with key org.apache.shiro.session.mgt.DefaultSessionKey@225ccee6
[Test worker] DEBUG org.apache.shiro.mgt.DefaultSecurityManager - Logging out subject with primary principal bob
[Test worker] TRACE org.apache.shiro.realm.CachingRealm - Cleared cache entries for account with principals [bob]
[Test worker] TRACE org.apache.shiro.subject.support.DelegatingSubject - attempting to get session; create = false; session is null = false; session has id = true
[Test worker] TRACE org.apache.shiro.session.mgt.AbstractValidatingSessionManager - Attempting to retrieve session with key org.apache.shiro.session.mgt.DefaultSessionKey@225ccee6
[Test worker] TRACE org.apache.shiro.session.mgt.AbstractValidatingSessionManager - Attempting to retrieve session with key org.apache.shiro.session.mgt.DefaultSessionKey@225ccee6
[Test worker] TRACE org.apache.shiro.subject.support.DelegatingSubject - attempting to get session; create = false; session is null = false; session has id = true
[Test worker] TRACE org.apache.shiro.session.mgt.AbstractValidatingSessionManager - Attempting to retrieve session with key org.apache.shiro.session.mgt.DefaultSessionKey@225ccee6
[Test worker] DEBUG org.apache.shiro.session.mgt.AbstractSessionManager - Stopping session with id [87bccc33-e614-4fb0-8925-7fc14d3fa6b9]
[Test worker] DEBUG org.codehaus.griffon.runtime.core.event.AbstractEventRouter - Triggering event 'ShutdownRequested' synchronously
[Test worker] INFO org.codehaus.griffon.runtime.core.DefaultGriffonApplication - Shutdown is in process
[Test worker] DEBUG org.codehaus.griffon.runtime.core.DefaultGriffonApplication - Shutdown stage 1: notify all event listeners
[Test worker] DEBUG org.codehaus.griffon.runtime.core.event.AbstractEventRouter - Adding listener org.codehaus.griffon.runtime.core.AbstractGriffonApplication$1 on ShutdownStart
[Test worker] DEBUG org.codehaus.griffon.runtime.core.event.AbstractEventRouter - Triggering event 'ShutdownStart' synchronously
[Test worker] DEBUG org.codehaus.griffon.runtime.core.DefaultGriffonApplication - Shutdown stage 2: notify all shutdown handlers
[Test worker] DEBUG org.codehaus.griffon.runtime.core.DefaultGriffonApplication - Shutdown stage 3: destroy all MVC groups
[Test worker] DEBUG org.codehaus.griffon.runtime.core.DefaultGriffonApplication - Shutdown stage 4: execute Shutdown script
[Test worker] TRACE griffon.util.CompositeResourceBundle - Searching key=application.lifecycle.handler.disable
[Test worker] TRACE griffon.util.CompositeResourceBundle - Searching key=application
[Test worker] INFO org.codehaus.griffon.runtime.core.DefaultApplicationBootstrapper - Griffon 2.0.0.SNAPSHOT
[Test worker] INFO org.codehaus.griffon.runtime.core.DefaultApplicationBootstrapper - Build: 2014-03-07T17:17:07.720+0000
[Test worker] INFO org.codehaus.griffon.runtime.core.DefaultApplicationBootstrapper - JVM: 1.7.0_51 (Oracle Corporation 24.51-b03)
[Test worker] INFO org.codehaus.griffon.runtime.core.DefaultApplicationBootstrapper - OS: Linux 2.6.32-042stab084.25 amd64
[Test worker] DEBUG org.codehaus.griffon.runtime.core.DefaultApplicationBootstrapper - Creating module bindings
[Test worker] DEBUG griffon.util.AnnotationUtils - Current module order is [core, shiro, testApplicationBootstrapper$InnerClasses, testApplicationBootstrapper$Fields]
[Test worker] TRACE griffon.util.AnnotationUtils - Processing module 'core'
[Test worker] TRACE griffon.util.AnnotationUtils -   depends on '[]'
[Test worker] TRACE griffon.util.AnnotationUtils -   adding module 'core', since all dependencies have been added
[Test worker] TRACE griffon.util.AnnotationUtils - Processing module 'shiro'
[Test worker] TRACE griffon.util.AnnotationUtils -   depends on '[]'
[Test worker] TRACE griffon.util.AnnotationUtils -   adding module 'shiro', since all dependencies have been added
[Test worker] TRACE griffon.util.AnnotationUtils - Processing module 'testApplicationBootstrapper$InnerClasses'
[Test worker] TRACE griffon.util.AnnotationUtils -   depends on '[]'
[Test worker] TRACE griffon.util.AnnotationUtils -   adding module 'testApplicationBootstrapper$InnerClasses', since all dependencies have been added
[Test worker] TRACE griffon.util.AnnotationUtils - Processing module 'testApplicationBootstrapper$Fields'
[Test worker] TRACE griffon.util.AnnotationUtils -   depends on '[]'
[Test worker] TRACE griffon.util.AnnotationUtils -   adding module 'testApplicationBootstrapper$Fields', since all dependencies have been added
[Test worker] TRACE griffon.util.AnnotationUtils - module dependency ordering complete
[Test worker] DEBUG griffon.util.AnnotationUtils - computed module order is [core, shiro, testApplicationBootstrapper$InnerClasses, testApplicationBootstrapper$Fields]
[Test worker] DEBUG org.codehaus.griffon.runtime.core.DefaultApplicationBootstrapper - Loading module bindings from core:org.codehaus.griffon.runtime.core.DefaultApplicationModule@3907ff5f
[Test worker] DEBUG org.codehaus.griffon.runtime.core.DefaultApplicationBootstrapper - Loading module bindings from shiro:org.codehaus.griffon.runtime.shiro.ShiroModule@3c0ed339
[Test worker] DEBUG org.codehaus.griffon.runtime.core.DefaultApplicationBootstrapper - Loading module bindings from testApplicationBootstrapper$InnerClasses:org.codehaus.griffon.runtime.core.TestApplicationBootstrapper$InnerClassesModule@714d61fc
[Test worker] DEBUG org.codehaus.griffon.runtime.core.DefaultApplicationBootstrapper - Loading module bindings from testApplicationBootstrapper$Fields:org.codehaus.griffon.runtime.core.TestApplicationBootstrapper$FieldsModule@f5c2181
[Test worker] TRACE org.codehaus.griffon.runtime.core.DefaultApplicationBootstrapper - InstanceBinding[source=griffon.core.GriffonApplication, instance=org.codehaus.griffon.runtime.core.DefaultGriffonApplication@692dfdbb, singleton=true]
[Test worker] TRACE org.codehaus.griffon.runtime.core.DefaultApplicationBootstrapper - TargetBinding[source=griffon.core.ApplicationClassLoader, target=org.codehaus.griffon.runtime.core.DefaultApplicationClassLoader, singleton=true]
[Test worker] TRACE org.codehaus.griffon.runtime.core.DefaultApplicationBootstrapper - TargetBinding[source=griffon.core.ApplicationConfigurer, target=org.codehaus.griffon.runtime.core.DefaultApplicationConfigurer, singleton=true]
[Test worker] TRACE org.codehaus.griffon.runtime.core.DefaultApplicationBootstrapper - TargetBinding[source=griffon.core.resources.ResourceHandler, target=org.codehaus.griffon.runtime.core.resources.DefaultResourceHandler, singleton=true]
[Test worker] TRACE org.codehaus.griffon.runtime.core.DefaultApplicationBootstrapper - TargetBinding[source=griffon.util.CompositeResourceBundleBuilder, target=org.codehaus.griffon.runtime.util.DefaultCompositeResourceBundleBuilder, singleton=true]
[Test worker] TRACE org.codehaus.griffon.runtime.core.DefaultApplicationBootstrapper - ProviderBinding[source=java.util.ResourceBundle, classifier=@javax.inject.Named(value=applicationResourceBundle), provider=org.codehaus.griffon.runtime.util.ResourceBundleProvider@4a6d35ef, singleton=true]
[Test worker] TRACE org.codehaus.griffon.runtime.core.DefaultApplicationBootstrapper - TargetBinding[source=griffon.core.Configuration, target=org.codehaus.griffon.runtime.core.DefaultConfiguration, singleton=true]
[Test worker] TRACE org.codehaus.griffon.runtime.core.DefaultApplicationBootstrapper - TargetBinding[source=griffon.core.ExecutorServiceManager, target=org.codehaus.griffon.runtime.core.DefaultExecutorServiceManager, singleton=true]
[Test worker] TRACE org.codehaus.griffon.runtime.core.DefaultApplicationBootstrapper - TargetBinding[source=griffon.core.event.EventRouter, classifier=@javax.inject.Named(value=applicationEventRouter), target=org.codehaus.griffon.runtime.core.event.DefaultEventRouter, singleton=true]
[Test worker] TRACE org.codehaus.griffon.runtime.core.DefaultApplicationBootstrapper - TargetBinding[source=griffon.core.event.EventRouter, target=org.codehaus.griffon.runtime.core.event.DefaultEventRouter, singleton=false]
[Test worker] TRACE org.codehaus.griffon.runtime.core.DefaultApplicationBootstrapper - ProviderBinding[source=griffon.core.resources.ResourceResolver, classifier=@javax.inject.Named(value=applicationResourceResolver), provider=org.codehaus.griffon.runtime.core.resources.ResourceResolverProvider@47f00415, singleton=true]
[Test worker] TRACE org.codehaus.griffon.runtime.core.DefaultApplicationBootstrapper - ProviderBinding[source=griffon.core.i18n.MessageSource, classifier=@javax.inject.Named(value=applicationMessageSource), provider=org.codehaus.griffon.runtime.core.i18n.MessageSourceProvider@5e9c2398, singleton=true]
[Test worker] TRACE org.codehaus.griffon.runtime.core.DefaultApplicationBootstrapper - TargetBinding[source=griffon.core.resources.ResourceInjector, classifier=@javax.inject.Named(value=applicationResourceInjector), target=org.codehaus.griffon.runtime.core.resources.DefaultApplicationResourceInjector, singleton=true]
[Test worker] TRACE org.codehaus.griffon.runtime.core.DefaultApplicationBootstrapper - TargetBinding[source=griffon.core.threading.UIThreadManager, target=org.codehaus.griffon.runtime.core.threading.DefaultUIThreadManager, singleton=true]
[Test worker] TRACE org.codehaus.griffon.runtime.core.DefaultApplicationBootstrapper - TargetBinding[source=griffon.core.mvc.MVCGroupManager, target=org.codehaus.griffon.runtime.core.mvc.DefaultMVCGroupManager, singleton=true]
[Test worker] TRACE org.codehaus.griffon.runtime.core.DefaultApplicationBootstrapper - ProviderBinding[source=griffon.core.LifecycleHandler, classifier=@javax.inject.Named(value=Initialize), provider=org.codehaus.griffon.runtime.core.LifecycleHandlerProvider@5ce500ae, singleton=true]
[Test worker] TRACE org.codehaus.griffon.runtime.core.DefaultApplicationBootstrapper - ProviderBinding[source=griffon.core.LifecycleHandler, classifier=@javax.inject.Named(value=Startup), provider=org.codehaus.griffon.runtime.core.LifecycleHandlerProvider@3e8fcf27, singleton=true]
[Test worker] TRACE org.codehaus.griffon.runtime.core.DefaultApplicationBootstrapper - ProviderBinding[source=griffon.core.LifecycleHandler, classifier=@javax.inject.Named(value=Ready), provider=org.codehaus.griffon.runtime.core.LifecycleHandlerProvider@53692987, singleton=true]
[Test worker] TRACE org.codehaus.griffon.runtime.core.DefaultApplicationBootstrapper - ProviderBinding[source=griffon.core.LifecycleHandler, classifier=@javax.inject.Named(value=Shutdown), provider=org.codehaus.griffon.runtime.core.LifecycleHandlerProvider@1d2588d9, singleton=true]
[Test worker] TRACE org.codehaus.griffon.runtime.core.DefaultApplicationBootstrapper - ProviderBinding[source=griffon.core.LifecycleHandler, classifier=@javax.inject.Named(value=Stop), provider=org.codehaus.griffon.runtime.core.LifecycleHandlerProvider@b3b6d82, singleton=true]
[Test worker] TRACE org.codehaus.griffon.runtime.core.DefaultApplicationBootstrapper - TargetBinding[source=griffon.core.view.WindowManager, target=org.codehaus.griffon.runtime.core.view.NoopWindowManager, singleton=true]
[Test worker] TRACE org.codehaus.griffon.runtime.core.DefaultApplicationBootstrapper - TargetBinding[source=griffon.core.controller.ActionManager, target=org.codehaus.griffon.runtime.core.controller.DefaultActionManager, singleton=true]
[Test worker] TRACE org.codehaus.griffon.runtime.core.DefaultApplicationBootstrapper - TargetBinding[source=griffon.core.artifact.ArtifactManager, target=org.codehaus.griffon.runtime.core.artifact.DefaultArtifactManager, singleton=true]
[Test worker] TRACE org.codehaus.griffon.runtime.core.DefaultApplicationBootstrapper - TargetBinding[source=griffon.core.artifact.ArtifactHandler, classifier=@griffon.inject.Typed(value=interface griffon.core.artifact.GriffonModel), target=org.codehaus.griffon.runtime.core.artifact.ModelArtifactHandler, singleton=true]
[Test worker] TRACE org.codehaus.griffon.runtime.core.DefaultApplicationBootstrapper - TargetBinding[source=griffon.core.artifact.ArtifactHandler, classifier=@griffon.inject.Typed(value=interface griffon.core.artifact.GriffonView), target=org.codehaus.griffon.runtime.core.artifact.ViewArtifactHandler, singleton=true]
[Test worker] TRACE org.codehaus.griffon.runtime.core.DefaultApplicationBootstrapper - TargetBinding[source=griffon.core.artifact.ArtifactHandler, classifier=@griffon.inject.Typed(value=interface griffon.core.artifact.GriffonController), target=org.codehaus.griffon.runtime.core.artifact.ControllerArtifactHandler, singleton=true]
[Test worker] TRACE org.codehaus.griffon.runtime.core.DefaultApplicationBootstrapper - TargetBinding[source=griffon.core.artifact.ArtifactHandler, classifier=@griffon.inject.Typed(value=interface griffon.core.artifact.GriffonService), target=org.codehaus.griffon.runtime.core.artifact.ServiceArtifactHandler, singleton=true]
[Test worker] TRACE org.codehaus.griffon.runtime.core.DefaultApplicationBootstrapper - ProviderTypeBinding[source=griffon.core.PlatformHandler, providerType=class org.codehaus.griffon.runtime.core.PlatformHandlerProvider, singleton=true]
[Test worker] TRACE org.codehaus.griffon.runtime.core.DefaultApplicationBootstrapper - TargetBinding[source=griffon.core.addon.AddonManager, target=org.codehaus.griffon.runtime.core.addon.DefaultAddonManager, singleton=true]
[Test worker] TRACE org.codehaus.griffon.runtime.core.DefaultApplicationBootstrapper - TargetBinding[source=griffon.core.event.EventHandler, target=org.codehaus.griffon.runtime.core.event.DefaultEventHandler, singleton=true]
[Test worker] TRACE org.codehaus.griffon.runtime.core.DefaultApplicationBootstrapper - TargetBinding[source=griffon.core.GriffonExceptionHandler, target=griffon.core.GriffonExceptionHandler, singleton=true]
[Test worker] TRACE org.codehaus.griffon.runtime.core.DefaultApplicationBootstrapper - ProviderTypeBinding[source=org.apache.shiro.mgt.SecurityManager, providerType=class org.codehaus.griffon.runtime.shiro.SecurityManagerProvider, singleton=true]
[Test worker] TRACE org.codehaus.griffon.runtime.core.DefaultApplicationBootstrapper - ProviderTypeBinding[source=org.apache.shiro.subject.Subject, providerType=class org.codehaus.griffon.runtime.shiro.SubjectProvider, singleton=true]
[Test worker] TRACE org.codehaus.griffon.runtime.core.DefaultApplicationBootstrapper - TargetBinding[source=griffon.plugins.shiro.SecurityFailureHandler, target=org.codehaus.griffon.runtime.shiro.DefaultSecurityFailureHandler, singleton=true]
[Test worker] TRACE org.codehaus.griffon.runtime.core.DefaultApplicationBootstrapper - TargetBinding[source=griffon.core.controller.ActionInterceptor, target=org.codehaus.griffon.runtime.shiro.ShiroActionInterceptor, singleton=true]
[Test worker] DEBUG org.codehaus.griffon.runtime.core.DefaultApplicationBootstrapper - Creating application injector
[Test worker] DEBUG org.codehaus.griffon.runtime.core.DefaultApplicationBootstrapper - Injector will be created by org.codehaus.griffon.runtime.injection.GuiceInjectorFactory@35ddb75
[Test worker] DEBUG org.codehaus.griffon.runtime.core.event.AbstractEventRouter - Adding listener org.codehaus.griffon.runtime.core.MVCGroupExceptionHandler on UncaughtMVCGroupConfigurationException
[Test worker] DEBUG org.codehaus.griffon.runtime.core.event.AbstractEventRouter - Adding listener org.codehaus.griffon.runtime.core.MVCGroupExceptionHandler on UncaughtMVCGroupInstantiationException
[Test worker] DEBUG org.codehaus.griffon.runtime.core.event.AbstractEventRouter - Triggering event 'BootstrapStart' synchronously
[Test worker] DEBUG griffon.util.ServiceLoaderUtils - Reading java.beans.PropertyEditor definitions from jar:file:/home/travis/build/griffon/griffon/subprojects/griffon-core/build/libs/griffon-core-2.0.0.SNAPSHOT.jar!/META-INF/editors/java.beans.PropertyEditor
[Test worker] DEBUG org.codehaus.griffon.runtime.core.DefaultApplicationConfigurer - Registering griffon.core.editors.StringPropertyEditor as editor for java.lang.String
[Test worker] DEBUG org.codehaus.griffon.runtime.core.DefaultApplicationConfigurer - Registering griffon.core.editors.FilePropertyEditor as editor for java.io.File
[Test worker] DEBUG org.codehaus.griffon.runtime.core.DefaultApplicationConfigurer - Registering griffon.core.editors.URLPropertyEditor as editor for java.net.URL
[Test worker] DEBUG org.codehaus.griffon.runtime.core.DefaultApplicationConfigurer - Registering griffon.core.editors.URIPropertyEditor as editor for java.net.URI
[Test worker] DEBUG org.codehaus.griffon.runtime.core.DefaultApplicationConfigurer - Registering griffon.core.editors.BigDecimalPropertyEditor as editor for java.math.BigDecimal
[Test worker] DEBUG org.codehaus.griffon.runtime.core.DefaultApplicationConfigurer - Registering griffon.core.editors.BigIntegerPropertyEditor as editor for java.math.BigInteger
[Test worker] DEBUG org.codehaus.griffon.runtime.core.DefaultApplicationConfigurer - Registering griffon.core.editors.BooleanPropertyEditor as editor for java.lang.Boolean
[Test worker] DEBUG org.codehaus.griffon.runtime.core.DefaultApplicationConfigurer - Registering griffon.core.editors.BytePropertyEditor as editor for java.lang.Byte
[Test worker] DEBUG org.codehaus.griffon.runtime.core.DefaultApplicationConfigurer - Registering griffon.core.editors.ShortPropertyEditor as editor for java.lang.Short
[Test worker] DEBUG org.codehaus.griffon.runtime.core.DefaultApplicationConfigurer - Registering griffon.core.editors.IntegerPropertyEditor as editor for java.lang.Integer
[Test worker] DEBUG org.codehaus.griffon.runtime.core.DefaultApplicationConfigurer - Registering griffon.core.editors.LongPropertyEditor as editor for java.lang.Long
[Test worker] DEBUG org.codehaus.griffon.runtime.core.DefaultApplicationConfigurer - Registering griffon.core.editors.FloatPropertyEditor as editor for java.lang.Float
[Test worker] DEBUG org.codehaus.griffon.runtime.core.DefaultApplicationConfigurer - Registering griffon.core.editors.DoublePropertyEditor as editor for java.lang.Double
[Test worker] DEBUG org.codehaus.griffon.runtime.core.DefaultApplicationConfigurer - Registering griffon.core.editors.CalendarPropertyEditor as editor for java.util.Calendar
[Test worker] DEBUG org.codehaus.griffon.runtime.core.DefaultApplicationConfigurer - Registering griffon.core.editors.DatePropertyEditor as editor for java.util.Date
[Test worker] DEBUG org.codehaus.griffon.runtime.core.DefaultApplicationConfigurer - Registering griffon.core.editors.BooleanPropertyEditor as editor for boolean
[Test worker] DEBUG org.codehaus.griffon.runtime.core.DefaultApplicationConfigurer - Registering griffon.core.editors.BytePropertyEditor as editor for byte
[Test worker] DEBUG org.codehaus.griffon.runtime.core.DefaultApplicationConfigurer - Registering griffon.core.editors.ShortPropertyEditor as editor for short
[Test worker] DEBUG org.codehaus.griffon.runtime.core.DefaultApplicationConfigurer - Registering griffon.core.editors.IntegerPropertyEditor as editor for int
[Test worker] DEBUG org.codehaus.griffon.runtime.core.DefaultApplicationConfigurer - Registering griffon.core.editors.LongPropertyEditor as editor for long
[Test worker] DEBUG org.codehaus.griffon.runtime.core.DefaultApplicationConfigurer - Registering griffon.core.editors.FloatPropertyEditor as editor for float
[Test worker] DEBUG org.codehaus.griffon.runtime.core.DefaultApplicationConfigurer - Registering griffon.core.editors.DoublePropertyEditor as editor for double
[Test worker] DEBUG org.codehaus.griffon.runtime.core.event.AbstractEventRouter - Adding listener org.codehaus.griffon.runtime.core.DefaultApplicationConfigurer$2 on NewInstance
[Test worker] TRACE griffon.util.CompositeResourceBundle - Searching key=application.lifecycle.handler.disable
[Test worker] TRACE griffon.util.CompositeResourceBundle - Searching key=application
[Test worker] TRACE griffon.util.CompositeResourceBundle - Searching key=platform.handler.linux64
[Test worker] TRACE griffon.util.CompositeResourceBundle - Searching key=platform
[Test worker] DEBUG org.codehaus.griffon.runtime.core.PlatformHandlerProvider - Using org.codehaus.griffon.runtime.core.DefaultPlatformHandler as PlatformHandler
[Test worker] DEBUG org.codehaus.griffon.runtime.core.addon.AbstractAddonManager - Loading addons [START]
[Test worker] DEBUG griffon.util.AnnotationUtils - computed addon order is []
[Test worker] DEBUG org.codehaus.griffon.runtime.core.event.AbstractEventRouter - Triggering event 'LoadAddonsStart' synchronously
[Test worker] DEBUG org.codehaus.griffon.runtime.core.addon.AbstractAddonManager - Loading addons [END]
[Test worker] DEBUG org.codehaus.griffon.runtime.core.event.AbstractEventRouter - Triggering event 'LoadAddonsEnd' synchronously
[Test worker] TRACE griffon.util.CompositeResourceBundle - Searching key=mvcGroups
[Test worker] TRACE griffon.util.CompositeResourceBundle - Searching key=mvcGroups
[Test worker] DEBUG org.codehaus.griffon.runtime.core.event.AbstractEventRouter - Adding listener org.codehaus.griffon.runtime.core.DefaultApplicationConfigurer$3 on NewInstance
[Test worker] TRACE griffon.util.CompositeResourceBundle - Searching key=shiro.realm.resource.path
[Test worker] TRACE griffon.util.CompositeResourceBundle - Searching key=shiro
[Test worker] DEBUG org.apache.shiro.realm.text.PropertiesRealm - Loading user security information from file [classpath:shiro-users.properties]...
[Test worker] DEBUG org.apache.shiro.realm.text.PropertiesRealm - Opening input stream for path [classpath:shiro-users.properties]...
[Test worker] DEBUG org.apache.shiro.io.ResourceUtils - Opening resource from class path [shiro-users.properties]
[Test worker] DEBUG org.apache.shiro.realm.text.PropertiesRealm - Loading properties from path [classpath:shiro-users.properties]...
[Test worker] TRACE org.apache.shiro.realm.text.PropertiesRealm - Processing properties line - key: [user.joe], value: [joe,employee].
[Test worker] TRACE org.apache.shiro.realm.text.PropertiesRealm - Processing properties line - key: [user.bob], value: [bob,manager,employee].
[Test worker] TRACE org.apache.shiro.realm.text.PropertiesRealm - Processing properties line - key: [role.administrator], value: [*].
[Test worker] TRACE org.apache.shiro.realm.text.PropertiesRealm - Processing properties line - key: [role.manager], value: [user:write].
[Test worker] TRACE org.apache.shiro.realm.text.PropertiesRealm - Processing properties line - key: [user.root], value: [root,administrator,manager].
[Test worker] TRACE org.apache.shiro.realm.text.PropertiesRealm - Processing properties line - key: [role.employee], value: [user:read].
[Test worker] TRACE org.apache.shiro.util.ThreadContext - get() - in thread [Test worker]
[Test worker] TRACE org.apache.shiro.util.ThreadContext - Retrieved value of type [org.apache.shiro.subject.support.DelegatingSubject] for key [org.apache.shiro.util.ThreadContext_SUBJECT_KEY] bound to thread [Test worker]
[Test worker] TRACE griffon.util.CompositeResourceBundle - Searching key=griffon.controller.action.interceptor.order
[Test worker] TRACE griffon.util.CompositeResourceBundle - Searching key=griffon
[Test worker] DEBUG griffon.util.AnnotationUtils - Current interceptor order is [shiro]
[Test worker] TRACE griffon.util.AnnotationUtils - Processing interceptor 'shiro'
[Test worker] TRACE griffon.util.AnnotationUtils -   depends on '[]'
[Test worker] TRACE griffon.util.AnnotationUtils -   adding interceptor 'shiro', since all dependencies have been added
[Test worker] TRACE griffon.util.AnnotationUtils - interceptor dependency ordering complete
[Test worker] DEBUG griffon.util.AnnotationUtils - computed interceptor order is [shiro]
[Test worker] DEBUG org.codehaus.griffon.runtime.core.artifact.AbstractArtifactManager - Registering artifact handler for type 'model': org.codehaus.griffon.runtime.core.artifact.ModelArtifactHandler@39eb305e
[Test worker] DEBUG org.codehaus.griffon.runtime.core.artifact.AbstractArtifactManager - Registering artifact handler for type 'view': org.codehaus.griffon.runtime.core.artifact.ViewArtifactHandler@7fb48906
[Test worker] DEBUG org.codehaus.griffon.runtime.core.artifact.AbstractArtifactManager - Registering artifact handler for type 'controller': org.codehaus.griffon.runtime.core.artifact.ControllerArtifactHandler@25902a6a
[Test worker] DEBUG org.codehaus.griffon.runtime.core.artifact.AbstractArtifactManager - Registering artifact handler for type 'service': org.codehaus.griffon.runtime.core.artifact.ServiceArtifactHandler@1bd0a86a
[Test worker] DEBUG griffon.util.ServiceLoaderUtils - Reading griffon.core.artifact.GriffonController definitions from file:/home/travis/build/griffon/griffon/plugins/griffon-shiro-plugin/build/classes/test/META-INF/griffon/griffon.core.artifact.GriffonController
[Test worker] DEBUG griffon.util.ServiceLoaderUtils - Reading griffon.core.artifact.GriffonModel definitions from file:/home/travis/build/griffon/griffon/plugins/griffon-shiro-plugin/build/classes/test/META-INF/griffon/griffon.core.artifact.GriffonModel
[Test worker] DEBUG org.codehaus.griffon.runtime.core.artifact.DefaultArtifactManager - Artifacts of type 'controller' = 1
[Test worker] DEBUG org.codehaus.griffon.runtime.core.artifact.DefaultArtifactManager - Artifacts of type 'model' = 1
[Test worker] TRACE org.codehaus.griffon.runtime.core.artifact.AbstractArtifactManager - InstanceBinding[source=griffon.core.artifact.GriffonClass, classifier=@griffon.inject.Typed(value=class com.acme.ShiroController), instance=Artifact[controller] > Shiro, singleton=true]
[Test worker] TRACE org.codehaus.griffon.runtime.core.artifact.AbstractArtifactManager - TargetBinding[source=com.acme.ShiroController, target=com.acme.ShiroController, singleton=false]
[Test worker] TRACE org.codehaus.griffon.runtime.core.artifact.AbstractArtifactManager - InstanceBinding[source=griffon.core.artifact.GriffonClass, classifier=@griffon.inject.Typed(value=class com.acme.ShiroModel), instance=Artifact[model] > Shiro, singleton=true]
[Test worker] TRACE org.codehaus.griffon.runtime.core.artifact.AbstractArtifactManager - TargetBinding[source=com.acme.ShiroModel, target=com.acme.ShiroModel, singleton=false]
[Test worker] DEBUG org.codehaus.griffon.runtime.core.event.AbstractEventRouter - Triggering event 'BootstrapEnd' synchronously
[Test worker] DEBUG org.codehaus.griffon.runtime.core.artifact.AbstractArtifactManager - Searching for griffonClass of com.acme.ShiroController
[Test worker] DEBUG org.codehaus.griffon.runtime.core.event.AbstractEventRouter - Triggering event 'NewInstance' synchronously
[Test worker] DEBUG org.codehaus.griffon.runtime.core.artifact.AbstractArtifactManager - Searching for griffonClass of com.acme.ShiroController
[Test worker] TRACE griffon.util.CompositeResourceBundle - Searching key=com.acme.ShiroController.action.Authenticated.name
[Test worker] TRACE griffon.util.CompositeResourceBundle - Searching key=application.action.Authenticated.name
[Test worker] TRACE org.codehaus.griffon.runtime.core.controller.AbstractActionManager - com.acme.ShiroController.action.Authenticated.name = Authenticated
[Test worker] DEBUG org.codehaus.griffon.runtime.core.controller.AbstractActionManager - Configuring action com.acme.ShiroController.authenticated with org.codehaus.griffon.runtime.shiro.ShiroActionInterceptor@7cd9e285
[Test worker] TRACE org.codehaus.griffon.runtime.core.controller.AbstractActionManager - Action for com.acme.ShiroController.authenticated stored as authenticated
[Test worker] TRACE griffon.util.CompositeResourceBundle - Searching key=com.acme.ShiroController.action.Guest.name
[Test worker] TRACE griffon.util.CompositeResourceBundle - Searching key=application.action.Guest.name
[Test worker] TRACE org.codehaus.griffon.runtime.core.controller.AbstractActionManager - com.acme.ShiroController.action.Guest.name = Guest
[Test worker] DEBUG org.codehaus.griffon.runtime.core.controller.AbstractActionManager - Configuring action com.acme.ShiroController.guest with org.codehaus.griffon.runtime.shiro.ShiroActionInterceptor@7cd9e285
[Test worker] TRACE org.codehaus.griffon.runtime.core.controller.AbstractActionManager - Action for com.acme.ShiroController.guest stored as guest
[Test worker] TRACE griffon.util.CompositeResourceBundle - Searching key=com.acme.ShiroController.action.Permissions.name
[Test worker] TRACE griffon.util.CompositeResourceBundle - Searching key=application.action.Permissions.name
[Test worker] TRACE org.codehaus.griffon.runtime.core.controller.AbstractActionManager - com.acme.ShiroController.action.Permissions.name = Permissions
[Test worker] DEBUG org.codehaus.griffon.runtime.core.controller.AbstractActionManager - Configuring action com.acme.ShiroController.permissions with org.codehaus.griffon.runtime.shiro.ShiroActionInterceptor@7cd9e285
[Test worker] TRACE org.codehaus.griffon.runtime.core.controller.AbstractActionManager - Action for com.acme.ShiroController.permissions stored as permissions
[Test worker] TRACE griffon.util.CompositeResourceBundle - Searching key=com.acme.ShiroController.action.Roles.name
[Test worker] TRACE griffon.util.CompositeResourceBundle - Searching key=application.action.Roles.name
[Test worker] TRACE org.codehaus.griffon.runtime.core.controller.AbstractActionManager - com.acme.ShiroController.action.Roles.name = Roles
[Test worker] DEBUG org.codehaus.griffon.runtime.core.controller.AbstractActionManager - Configuring action com.acme.ShiroController.roles with org.codehaus.griffon.runtime.shiro.ShiroActionInterceptor@7cd9e285
[Test worker] TRACE org.codehaus.griffon.runtime.core.controller.AbstractActionManager - Action for com.acme.ShiroController.roles stored as roles
[Test worker] TRACE griffon.util.CompositeResourceBundle - Searching key=com.acme.ShiroController.action.User.name
[Test worker] TRACE griffon.util.CompositeResourceBundle - Searching key=application.action.User.name
[Test worker] TRACE org.codehaus.griffon.runtime.core.controller.AbstractActionManager - com.acme.ShiroController.action.User.name = User
[Test worker] DEBUG org.codehaus.griffon.runtime.core.controller.AbstractActionManager - Configuring action com.acme.ShiroController.user with org.codehaus.griffon.runtime.shiro.ShiroActionInterceptor@7cd9e285
[Test worker] TRACE org.codehaus.griffon.runtime.core.controller.AbstractActionManager - Action for com.acme.ShiroController.user stored as user
[Test worker] DEBUG org.codehaus.griffon.runtime.core.artifact.AbstractArtifactManager - Searching for griffonClass of com.acme.ShiroModel
[Test worker] DEBUG org.codehaus.griffon.runtime.core.event.AbstractEventRouter - Triggering event 'NewInstance' synchronously
[Test worker] TRACE org.apache.shiro.subject.support.DelegatingSubject - attempting to get session; create = false; session is null = true; session has id = false
[Test worker] TRACE org.apache.shiro.authc.AbstractAuthenticator - Authentication attempt received for token [org.apache.shiro.authc.UsernamePasswordToken - bob, rememberMe=false]
[Test worker] DEBUG org.apache.shiro.realm.AuthenticatingRealm - Looked up AuthenticationInfo [bob] from doGetAuthenticationInfo
[Test worker] DEBUG org.apache.shiro.realm.AuthenticatingRealm - AuthenticationInfo caching is disabled for info [bob].  Submitted token: [org.apache.shiro.authc.UsernamePasswordToken - bob, rememberMe=false].
[Test worker] DEBUG org.apache.shiro.authc.credential.SimpleCredentialsMatcher - Performing credentials equality check for tokenCredentials of type [[C and accountCredentials of type [java.lang.String]
[Test worker] DEBUG org.apache.shiro.authc.credential.SimpleCredentialsMatcher - Both credentials arguments can be easily converted to byte arrays.  Performing array equals comparison
[Test worker] DEBUG org.apache.shiro.authc.AbstractAuthenticator - Authentication successful for token [org.apache.shiro.authc.UsernamePasswordToken - bob, rememberMe=false].  Returned account [bob]
[Test worker] DEBUG org.apache.shiro.subject.support.DefaultSubjectContext - No SecurityManager available in subject context map.  Falling back to SecurityUtils.getSecurityManager() lookup.
[Test worker] TRACE org.apache.shiro.util.ThreadContext - get() - in thread [Test worker]
[Test worker] TRACE org.apache.shiro.mgt.DefaultSecurityManager - Context already contains a SecurityManager instance.  Returning.
[Test worker] TRACE org.apache.shiro.subject.support.DelegatingSubject - attempting to get session; create = false; session is null = true; session has id = false
[Test worker] DEBUG org.apache.shiro.subject.support.DefaultSubjectContext - No SecurityManager available in subject context map.  Falling back to SecurityUtils.getSecurityManager() lookup.
[Test worker] TRACE org.apache.shiro.util.ThreadContext - get() - in thread [Test worker]
[Test worker] TRACE org.apache.shiro.subject.support.DelegatingSubject - attempting to get session; create = false; session is null = true; session has id = false
[Test worker] TRACE org.apache.shiro.subject.support.DelegatingSubject - attempting to get session; create = false; session is null = true; session has id = false
[Test worker] TRACE org.apache.shiro.subject.support.DelegatingSubject - attempting to get session; create = false; session is null = true; session has id = false
[Test worker] TRACE org.apache.shiro.subject.support.DelegatingSubject - attempting to get session; create = false; session is null = true; session has id = false
[Test worker] TRACE org.apache.shiro.subject.support.DelegatingSubject - attempting to get session; create = false; session is null = true; session has id = false
[Test worker] TRACE org.apache.shiro.subject.support.DelegatingSubject - attempting to get session; create = false; session is null = true; session has id = false
[Test worker] TRACE org.apache.shiro.subject.support.DelegatingSubject - attempting to get session; create = true; session is null = true; session has id = false
[Test worker] TRACE org.apache.shiro.subject.support.DelegatingSubject - Starting session for host null
[Test worker] DEBUG org.apache.shiro.session.mgt.AbstractValidatingSessionManager - No sessionValidationScheduler set.  Attempting to create default instance.
[Test worker] TRACE org.apache.shiro.session.mgt.AbstractValidatingSessionManager - Created default SessionValidationScheduler instance of type [org.apache.shiro.session.mgt.ExecutorServiceSessionValidationScheduler].
[Test worker] INFO org.apache.shiro.session.mgt.AbstractValidatingSessionManager - Enabling session validation scheduler...
[Test worker] TRACE org.apache.shiro.session.mgt.DefaultSessionManager - Creating session for host null
[Test worker] DEBUG org.apache.shiro.session.mgt.DefaultSessionManager - Creating new EIS record for new session instance [org.apache.shiro.session.mgt.SimpleSession,id=null]
[Test worker] TRACE org.apache.shiro.session.mgt.AbstractValidatingSessionManager - Attempting to retrieve session with key org.apache.shiro.session.mgt.DefaultSessionKey@198b5948
[Test worker] TRACE org.apache.shiro.subject.support.DelegatingSubject - attempting to get session; create = false; session is null = false; session has id = true
[Test worker] TRACE org.apache.shiro.session.mgt.AbstractValidatingSessionManager - Attempting to retrieve session with key org.apache.shiro.session.mgt.DefaultSessionKey@198b5948
[Test worker] TRACE org.apache.shiro.session.mgt.AbstractValidatingSessionManager - Attempting to retrieve session with key org.apache.shiro.session.mgt.DefaultSessionKey@198b5948
[Test worker] TRACE org.apache.shiro.mgt.DefaultSecurityManager - This org.apache.shiro.mgt.DefaultSecurityManager instance does not have a [org.apache.shiro.mgt.RememberMeManager] instance configured.  RememberMe services will not be performed for account [bob].
[Test worker] TRACE org.apache.shiro.subject.support.DelegatingSubject - attempting to get session; create = false; session is null = false; session has id = true
[Test worker] TRACE griffon.util.CompositeResourceBundle - Searching key=griffon.disable.threading.injection
[Test worker] TRACE griffon.util.CompositeResourceBundle - Searching key=griffon
[Test worker] DEBUG org.codehaus.griffon.runtime.core.controller.AbstractActionManager - Executing com.acme.ShiroController.permissions with policy OUTSIDE_UITHREAD
[Test worker] DEBUG org.codehaus.griffon.runtime.core.controller.AbstractActionManager - Executing 1 interceptor for com.acme.ShiroController.permissions
[Test worker] TRACE org.codehaus.griffon.runtime.core.controller.AbstractActionManager - Calling org.codehaus.griffon.runtime.shiro.ShiroActionInterceptor@7cd9e285.before() on com.acme.ShiroController.permissions
[Test worker] DEBUG org.codehaus.griffon.runtime.shiro.ShiroActionInterceptor - Evaluating security requirement RequirementConfiguration{requirement=PERMISSIONS, values=[user:write], logical=AND}
[Test worker] TRACE org.apache.shiro.subject.support.DelegatingSubject - attempting to get session; create = false; session is null = false; session has id = true
[Test worker] TRACE org.apache.shiro.session.mgt.AbstractValidatingSessionManager - Attempting to retrieve session with key org.apache.shiro.session.mgt.DefaultSessionKey@198b5948
[Test worker] TRACE org.apache.shiro.subject.support.DelegatingSubject - attempting to get session; create = false; session is null = false; session has id = true
[Test worker] TRACE org.apache.shiro.session.mgt.AbstractValidatingSessionManager - Attempting to retrieve session with key org.apache.shiro.session.mgt.DefaultSessionKey@198b5948
[Test worker] TRACE org.apache.shiro.realm.AuthorizingRealm - Retrieving AuthorizationInfo for principals [bob]
[Test worker] TRACE org.codehaus.griffon.runtime.core.controller.AbstractActionManager - Status before execution of com.acme.ShiroController.permissions is OK
[Test worker] TRACE org.codehaus.griffon.runtime.core.controller.AbstractActionManager - Status after execution of com.acme.ShiroController.permissions is OK
[Test worker] TRACE org.codehaus.griffon.runtime.core.controller.AbstractActionManager - Calling org.codehaus.griffon.runtime.shiro.ShiroActionInterceptor@7cd9e285.after() on com.acme.ShiroController.permissions
[Test worker] TRACE org.apache.shiro.subject.support.DelegatingSubject - attempting to get session; create = false; session is null = false; session has id = true
[Test worker] TRACE org.apache.shiro.session.mgt.AbstractValidatingSessionManager - Attempting to retrieve session with key org.apache.shiro.session.mgt.DefaultSessionKey@198b5948
[Test worker] TRACE org.apache.shiro.subject.support.DelegatingSubject - attempting to get session; create = false; session is null = false; session has id = true
[Test worker] TRACE org.apache.shiro.session.mgt.AbstractValidatingSessionManager - Attempting to retrieve session with key org.apache.shiro.session.mgt.DefaultSessionKey@198b5948
[Test worker] DEBUG org.apache.shiro.mgt.DefaultSecurityManager - Logging out subject with primary principal bob
[Test worker] TRACE org.apache.shiro.realm.CachingRealm - Cleared cache entries for account with principals [bob]
[Test worker] TRACE org.apache.shiro.subject.support.DelegatingSubject - attempting to get session; create = false; session is null = false; session has id = true
[Test worker] TRACE org.apache.shiro.session.mgt.AbstractValidatingSessionManager - Attempting to retrieve session with key org.apache.shiro.session.mgt.DefaultSessionKey@198b5948
[Test worker] TRACE org.apache.shiro.session.mgt.AbstractValidatingSessionManager - Attempting to retrieve session with key org.apache.shiro.session.mgt.DefaultSessionKey@198b5948
[Test worker] TRACE org.apache.shiro.subject.support.DelegatingSubject - attempting to get session; create = false; session is null = false; session has id = true
[Test worker] TRACE org.apache.shiro.session.mgt.AbstractValidatingSessionManager - Attempting to retrieve session with key org.apache.shiro.session.mgt.DefaultSessionKey@198b5948
[Test worker] DEBUG org.apache.shiro.session.mgt.AbstractSessionManager - Stopping session with id [8f6401d4-d5e5-4628-adcb-ecc1a936fe87]
[Test worker] DEBUG org.codehaus.griffon.runtime.core.event.AbstractEventRouter - Triggering event 'ShutdownRequested' synchronously
[Test worker] INFO org.codehaus.griffon.runtime.core.DefaultGriffonApplication - Shutdown is in process
[Test worker] DEBUG org.codehaus.griffon.runtime.core.DefaultGriffonApplication - Shutdown stage 1: notify all event listeners
[Test worker] DEBUG org.codehaus.griffon.runtime.core.event.AbstractEventRouter - Adding listener org.codehaus.griffon.runtime.core.AbstractGriffonApplication$1 on ShutdownStart
[Test worker] DEBUG org.codehaus.griffon.runtime.core.event.AbstractEventRouter - Triggering event 'ShutdownStart' synchronously
[Test worker] DEBUG org.codehaus.griffon.runtime.core.DefaultGriffonApplication - Shutdown stage 2: notify all shutdown handlers
[Test worker] DEBUG org.codehaus.griffon.runtime.core.DefaultGriffonApplication - Shutdown stage 3: destroy all MVC groups
[Test worker] DEBUG org.codehaus.griffon.runtime.core.DefaultGriffonApplication - Shutdown stage 4: execute Shutdown script
[Test worker] TRACE griffon.util.CompositeResourceBundle - Searching key=application.lifecycle.handler.disable
[Test worker] TRACE griffon.util.CompositeResourceBundle - Searching key=application
[Test worker] INFO org.codehaus.griffon.runtime.core.DefaultApplicationBootstrapper - Griffon 2.0.0.SNAPSHOT
[Test worker] INFO org.codehaus.griffon.runtime.core.DefaultApplicationBootstrapper - Build: 2014-03-07T17:17:07.720+0000
[Test worker] INFO org.codehaus.griffon.runtime.core.DefaultApplicationBootstrapper - JVM: 1.7.0_51 (Oracle Corporation 24.51-b03)
[Test worker] INFO org.codehaus.griffon.runtime.core.DefaultApplicationBootstrapper - OS: Linux 2.6.32-042stab084.25 amd64
[Test worker] DEBUG org.codehaus.griffon.runtime.core.DefaultApplicationBootstrapper - Creating module bindings
[Test worker] DEBUG griffon.util.AnnotationUtils - Current module order is [core, shiro, testApplicationBootstrapper$InnerClasses, testApplicationBootstrapper$Fields]
[Test worker] TRACE griffon.util.AnnotationUtils - Processing module 'core'
[Test worker] TRACE griffon.util.AnnotationUtils -   depends on '[]'
[Test worker] TRACE griffon.util.AnnotationUtils -   adding module 'core', since all dependencies have been added
[Test worker] TRACE griffon.util.AnnotationUtils - Processing module 'shiro'
[Test worker] TRACE griffon.util.AnnotationUtils -   depends on '[]'
[Test worker] TRACE griffon.util.AnnotationUtils -   adding module 'shiro', since all dependencies have been added
[Test worker] TRACE griffon.util.AnnotationUtils - Processing module 'testApplicationBootstrapper$InnerClasses'
[Test worker] TRACE griffon.util.AnnotationUtils -   depends on '[]'
[Test worker] TRACE griffon.util.AnnotationUtils -   adding module 'testApplicationBootstrapper$InnerClasses', since all dependencies have been added
[Test worker] TRACE griffon.util.AnnotationUtils - Processing module 'testApplicationBootstrapper$Fields'
[Test worker] TRACE griffon.util.AnnotationUtils -   depends on '[]'
[Test worker] TRACE griffon.util.AnnotationUtils -   adding module 'testApplicationBootstrapper$Fields', since all dependencies have been added
[Test worker] TRACE griffon.util.AnnotationUtils - module dependency ordering complete
[Test worker] DEBUG griffon.util.AnnotationUtils - computed module order is [core, shiro, testApplicationBootstrapper$InnerClasses, testApplicationBootstrapper$Fields]
[Test worker] DEBUG org.codehaus.griffon.runtime.core.DefaultApplicationBootstrapper - Loading module bindings from core:org.codehaus.griffon.runtime.core.DefaultApplicationModule@43f588ad
[Test worker] DEBUG org.codehaus.griffon.runtime.core.DefaultApplicationBootstrapper - Loading module bindings from shiro:org.codehaus.griffon.runtime.shiro.ShiroModule@2ce038b6
[Test worker] DEBUG org.codehaus.griffon.runtime.core.DefaultApplicationBootstrapper - Loading module bindings from testApplicationBootstrapper$InnerClasses:org.codehaus.griffon.runtime.core.TestApplicationBootstrapper$InnerClassesModule@34ab4bbe
[Test worker] DEBUG org.codehaus.griffon.runtime.core.DefaultApplicationBootstrapper - Loading module bindings from testApplicationBootstrapper$Fields:org.codehaus.griffon.runtime.core.TestApplicationBootstrapper$FieldsModule@59f9c1f5
[Test worker] TRACE org.codehaus.griffon.runtime.core.DefaultApplicationBootstrapper - InstanceBinding[source=griffon.core.GriffonApplication, instance=org.codehaus.griffon.runtime.core.DefaultGriffonApplication@48b4e8e2, singleton=true]
[Test worker] TRACE org.codehaus.griffon.runtime.core.DefaultApplicationBootstrapper - TargetBinding[source=griffon.core.ApplicationClassLoader, target=org.codehaus.griffon.runtime.core.DefaultApplicationClassLoader, singleton=true]
[Test worker] TRACE org.codehaus.griffon.runtime.core.DefaultApplicationBootstrapper - TargetBinding[source=griffon.core.ApplicationConfigurer, target=org.codehaus.griffon.runtime.core.DefaultApplicationConfigurer, singleton=true]
[Test worker] TRACE org.codehaus.griffon.runtime.core.DefaultApplicationBootstrapper - TargetBinding[source=griffon.core.resources.ResourceHandler, target=org.codehaus.griffon.runtime.core.resources.DefaultResourceHandler, singleton=true]
[Test worker] TRACE org.codehaus.griffon.runtime.core.DefaultApplicationBootstrapper - TargetBinding[source=griffon.util.CompositeResourceBundleBuilder, target=org.codehaus.griffon.runtime.util.DefaultCompositeResourceBundleBuilder, singleton=true]
[Test worker] TRACE org.codehaus.griffon.runtime.core.DefaultApplicationBootstrapper - ProviderBinding[source=java.util.ResourceBundle, classifier=@javax.inject.Named(value=applicationResourceBundle), provider=org.codehaus.griffon.runtime.util.ResourceBundleProvider@5d2572b8, singleton=true]
[Test worker] TRACE org.codehaus.griffon.runtime.core.DefaultApplicationBootstrapper - TargetBinding[source=griffon.core.Configuration, target=org.codehaus.griffon.runtime.core.DefaultConfiguration, singleton=true]
[Test worker] TRACE org.codehaus.griffon.runtime.core.DefaultApplicationBootstrapper - TargetBinding[source=griffon.core.ExecutorServiceManager, target=org.codehaus.griffon.runtime.core.DefaultExecutorServiceManager, singleton=true]
[Test worker] TRACE org.codehaus.griffon.runtime.core.DefaultApplicationBootstrapper - TargetBinding[source=griffon.core.event.EventRouter, classifier=@javax.inject.Named(value=applicationEventRouter), target=org.codehaus.griffon.runtime.core.event.DefaultEventRouter, singleton=true]
[Test worker] TRACE org.codehaus.griffon.runtime.core.DefaultApplicationBootstrapper - TargetBinding[source=griffon.core.event.EventRouter, target=org.codehaus.griffon.runtime.core.event.DefaultEventRouter, singleton=false]
[Test worker] TRACE org.codehaus.griffon.runtime.core.DefaultApplicationBootstrapper - ProviderBinding[source=griffon.core.resources.ResourceResolver, classifier=@javax.inject.Named(value=applicationResourceResolver), provider=org.codehaus.griffon.runtime.core.resources.ResourceResolverProvider@458ebdce, singleton=true]
[Test worker] TRACE org.codehaus.griffon.runtime.core.DefaultApplicationBootstrapper - ProviderBinding[source=griffon.core.i18n.MessageSource, classifier=@javax.inject.Named(value=applicationMessageSource), provider=org.codehaus.griffon.runtime.core.i18n.MessageSourceProvider@1e4f430f, singleton=true]
[Test worker] TRACE org.codehaus.griffon.runtime.core.DefaultApplicationBootstrapper - TargetBinding[source=griffon.core.resources.ResourceInjector, classifier=@javax.inject.Named(value=applicationResourceInjector), target=org.codehaus.griffon.runtime.core.resources.DefaultApplicationResourceInjector, singleton=true]
[Test worker] TRACE org.codehaus.griffon.runtime.core.DefaultApplicationBootstrapper - TargetBinding[source=griffon.core.threading.UIThreadManager, target=org.codehaus.griffon.runtime.core.threading.DefaultUIThreadManager, singleton=true]
[Test worker] TRACE org.codehaus.griffon.runtime.core.DefaultApplicationBootstrapper - TargetBinding[source=griffon.core.mvc.MVCGroupManager, target=org.codehaus.griffon.runtime.core.mvc.DefaultMVCGroupManager, singleton=true]
[Test worker] TRACE org.codehaus.griffon.runtime.core.DefaultApplicationBootstrapper - ProviderBinding[source=griffon.core.LifecycleHandler, classifier=@javax.inject.Named(value=Initialize), provider=org.codehaus.griffon.runtime.core.LifecycleHandlerProvider@65bb9d54, singleton=true]
[Test worker] TRACE org.codehaus.griffon.runtime.core.DefaultApplicationBootstrapper - ProviderBinding[source=griffon.core.LifecycleHandler, classifier=@javax.inject.Named(value=Startup), provider=org.codehaus.griffon.runtime.core.LifecycleHandlerProvider@5629fa, singleton=true]
[Test worker] TRACE org.codehaus.griffon.runtime.core.DefaultApplicationBootstrapper - ProviderBinding[source=griffon.core.LifecycleHandler, classifier=@javax.inject.Named(value=Ready), provider=org.codehaus.griffon.runtime.core.LifecycleHandlerProvider@18dddc42, singleton=true]
[Test worker] TRACE org.codehaus.griffon.runtime.core.DefaultApplicationBootstrapper - ProviderBinding[source=griffon.core.LifecycleHandler, classifier=@javax.inject.Named(value=Shutdown), provider=org.codehaus.griffon.runtime.core.LifecycleHandlerProvider@da77dcf, singleton=true]
[Test worker] TRACE org.codehaus.griffon.runtime.core.DefaultApplicationBootstrapper - ProviderBinding[source=griffon.core.LifecycleHandler, classifier=@javax.inject.Named(value=Stop), provider=org.codehaus.griffon.runtime.core.LifecycleHandlerProvider@6f34a809, singleton=true]
[Test worker] TRACE org.codehaus.griffon.runtime.core.DefaultApplicationBootstrapper - TargetBinding[source=griffon.core.view.WindowManager, target=org.codehaus.griffon.runtime.core.view.NoopWindowManager, singleton=true]
[Test worker] TRACE org.codehaus.griffon.runtime.core.DefaultApplicationBootstrapper - TargetBinding[source=griffon.core.controller.ActionManager, target=org.codehaus.griffon.runtime.core.controller.DefaultActionManager, singleton=true]
[Test worker] TRACE org.codehaus.griffon.runtime.core.DefaultApplicationBootstrapper - TargetBinding[source=griffon.core.artifact.ArtifactManager, target=org.codehaus.griffon.runtime.core.artifact.DefaultArtifactManager, singleton=true]
[Test worker] TRACE org.codehaus.griffon.runtime.core.DefaultApplicationBootstrapper - TargetBinding[source=griffon.core.artifact.ArtifactHandler, classifier=@griffon.inject.Typed(value=interface griffon.core.artifact.GriffonModel), target=org.codehaus.griffon.runtime.core.artifact.ModelArtifactHandler, singleton=true]
[Test worker] TRACE org.codehaus.griffon.runtime.core.DefaultApplicationBootstrapper - TargetBinding[source=griffon.core.artifact.ArtifactHandler, classifier=@griffon.inject.Typed(value=interface griffon.core.artifact.GriffonView), target=org.codehaus.griffon.runtime.core.artifact.ViewArtifactHandler, singleton=true]
[Test worker] TRACE org.codehaus.griffon.runtime.core.DefaultApplicationBootstrapper - TargetBinding[source=griffon.core.artifact.ArtifactHandler, classifier=@griffon.inject.Typed(value=interface griffon.core.artifact.GriffonController), target=org.codehaus.griffon.runtime.core.artifact.ControllerArtifactHandler, singleton=true]
[Test worker] TRACE org.codehaus.griffon.runtime.core.DefaultApplicationBootstrapper - TargetBinding[source=griffon.core.artifact.ArtifactHandler, classifier=@griffon.inject.Typed(value=interface griffon.core.artifact.GriffonService), target=org.codehaus.griffon.runtime.core.artifact.ServiceArtifactHandler, singleton=true]
[Test worker] TRACE org.codehaus.griffon.runtime.core.DefaultApplicationBootstrapper - ProviderTypeBinding[source=griffon.core.PlatformHandler, providerType=class org.codehaus.griffon.runtime.core.PlatformHandlerProvider, singleton=true]
[Test worker] TRACE org.codehaus.griffon.runtime.core.DefaultApplicationBootstrapper - TargetBinding[source=griffon.core.addon.AddonManager, target=org.codehaus.griffon.runtime.core.addon.DefaultAddonManager, singleton=true]
[Test worker] TRACE org.codehaus.griffon.runtime.core.DefaultApplicationBootstrapper - TargetBinding[source=griffon.core.event.EventHandler, target=org.codehaus.griffon.runtime.core.event.DefaultEventHandler, singleton=true]
[Test worker] TRACE org.codehaus.griffon.runtime.core.DefaultApplicationBootstrapper - TargetBinding[source=griffon.core.GriffonExceptionHandler, target=griffon.core.GriffonExceptionHandler, singleton=true]
[Test worker] TRACE org.codehaus.griffon.runtime.core.DefaultApplicationBootstrapper - ProviderTypeBinding[source=org.apache.shiro.mgt.SecurityManager, providerType=class org.codehaus.griffon.runtime.shiro.SecurityManagerProvider, singleton=true]
[Test worker] TRACE org.codehaus.griffon.runtime.core.DefaultApplicationBootstrapper - ProviderTypeBinding[source=org.apache.shiro.subject.Subject, providerType=class org.codehaus.griffon.runtime.shiro.SubjectProvider, singleton=true]
[Test worker] TRACE org.codehaus.griffon.runtime.core.DefaultApplicationBootstrapper - TargetBinding[source=griffon.plugins.shiro.SecurityFailureHandler, target=org.codehaus.griffon.runtime.shiro.DefaultSecurityFailureHandler, singleton=true]
[Test worker] TRACE org.codehaus.griffon.runtime.core.DefaultApplicationBootstrapper - TargetBinding[source=griffon.core.controller.ActionInterceptor, target=org.codehaus.griffon.runtime.shiro.ShiroActionInterceptor, singleton=true]
[Test worker] DEBUG org.codehaus.griffon.runtime.core.DefaultApplicationBootstrapper - Creating application injector
[Test worker] DEBUG org.codehaus.griffon.runtime.core.DefaultApplicationBootstrapper - Injector will be created by org.codehaus.griffon.runtime.injection.GuiceInjectorFactory@76fe8d1b
[Test worker] DEBUG org.codehaus.griffon.runtime.core.event.AbstractEventRouter - Adding listener org.codehaus.griffon.runtime.core.MVCGroupExceptionHandler on UncaughtMVCGroupConfigurationException
[Test worker] DEBUG org.codehaus.griffon.runtime.core.event.AbstractEventRouter - Adding listener org.codehaus.griffon.runtime.core.MVCGroupExceptionHandler on UncaughtMVCGroupInstantiationException
[Test worker] DEBUG org.codehaus.griffon.runtime.core.event.AbstractEventRouter - Triggering event 'BootstrapStart' synchronously
[Test worker] DEBUG griffon.util.ServiceLoaderUtils - Reading java.beans.PropertyEditor definitions from jar:file:/home/travis/build/griffon/griffon/subprojects/griffon-core/build/libs/griffon-core-2.0.0.SNAPSHOT.jar!/META-INF/editors/java.beans.PropertyEditor
[Test worker] DEBUG org.codehaus.griffon.runtime.core.DefaultApplicationConfigurer - Registering griffon.core.editors.StringPropertyEditor as editor for java.lang.String
[Test worker] DEBUG org.codehaus.griffon.runtime.core.DefaultApplicationConfigurer - Registering griffon.core.editors.FilePropertyEditor as editor for java.io.File
[Test worker] DEBUG org.codehaus.griffon.runtime.core.DefaultApplicationConfigurer - Registering griffon.core.editors.URLPropertyEditor as editor for java.net.URL
[Test worker] DEBUG org.codehaus.griffon.runtime.core.DefaultApplicationConfigurer - Registering griffon.core.editors.URIPropertyEditor as editor for java.net.URI
[Test worker] DEBUG org.codehaus.griffon.runtime.core.DefaultApplicationConfigurer - Registering griffon.core.editors.BigDecimalPropertyEditor as editor for java.math.BigDecimal
[Test worker] DEBUG org.codehaus.griffon.runtime.core.DefaultApplicationConfigurer - Registering griffon.core.editors.BigIntegerPropertyEditor as editor for java.math.BigInteger
[Test worker] DEBUG org.codehaus.griffon.runtime.core.DefaultApplicationConfigurer - Registering griffon.core.editors.BooleanPropertyEditor as editor for java.lang.Boolean
[Test worker] DEBUG org.codehaus.griffon.runtime.core.DefaultApplicationConfigurer - Registering griffon.core.editors.BytePropertyEditor as editor for java.lang.Byte
[Test worker] DEBUG org.codehaus.griffon.runtime.core.DefaultApplicationConfigurer - Registering griffon.core.editors.ShortPropertyEditor as editor for java.lang.Short
[Test worker] DEBUG org.codehaus.griffon.runtime.core.DefaultApplicationConfigurer - Registering griffon.core.editors.IntegerPropertyEditor as editor for java.lang.Integer
[Test worker] DEBUG org.codehaus.griffon.runtime.core.DefaultApplicationConfigurer - Registering griffon.core.editors.LongPropertyEditor as editor for java.lang.Long
[Test worker] DEBUG org.codehaus.griffon.runtime.core.DefaultApplicationConfigurer - Registering griffon.core.editors.FloatPropertyEditor as editor for java.lang.Float
[Test worker] DEBUG org.codehaus.griffon.runtime.core.DefaultApplicationConfigurer - Registering griffon.core.editors.DoublePropertyEditor as editor for java.lang.Double
[Test worker] DEBUG org.codehaus.griffon.runtime.core.DefaultApplicationConfigurer - Registering griffon.core.editors.CalendarPropertyEditor as editor for java.util.Calendar
[Test worker] DEBUG org.codehaus.griffon.runtime.core.DefaultApplicationConfigurer - Registering griffon.core.editors.DatePropertyEditor as editor for java.util.Date
[Test worker] DEBUG org.codehaus.griffon.runtime.core.DefaultApplicationConfigurer - Registering griffon.core.editors.BooleanPropertyEditor as editor for boolean
[Test worker] DEBUG org.codehaus.griffon.runtime.core.DefaultApplicationConfigurer - Registering griffon.core.editors.BytePropertyEditor as editor for byte
[Test worker] DEBUG org.codehaus.griffon.runtime.core.DefaultApplicationConfigurer - Registering griffon.core.editors.ShortPropertyEditor as editor for short
[Test worker] DEBUG org.codehaus.griffon.runtime.core.DefaultApplicationConfigurer - Registering griffon.core.editors.IntegerPropertyEditor as editor for int
[Test worker] DEBUG org.codehaus.griffon.runtime.core.DefaultApplicationConfigurer - Registering griffon.core.editors.LongPropertyEditor as editor for long
[Test worker] DEBUG org.codehaus.griffon.runtime.core.DefaultApplicationConfigurer - Registering griffon.core.editors.FloatPropertyEditor as editor for float
[Test worker] DEBUG org.codehaus.griffon.runtime.core.DefaultApplicationConfigurer - Registering griffon.core.editors.DoublePropertyEditor as editor for double
[Test worker] DEBUG org.codehaus.griffon.runtime.core.event.AbstractEventRouter - Adding listener org.codehaus.griffon.runtime.core.DefaultApplicationConfigurer$2 on NewInstance
[Test worker] TRACE griffon.util.CompositeResourceBundle - Searching key=application.lifecycle.handler.disable
[Test worker] TRACE griffon.util.CompositeResourceBundle - Searching key=application
[Test worker] TRACE griffon.util.CompositeResourceBundle - Searching key=platform.handler.linux64
[Test worker] TRACE griffon.util.CompositeResourceBundle - Searching key=platform
[Test worker] DEBUG org.codehaus.griffon.runtime.core.PlatformHandlerProvider - Using org.codehaus.griffon.runtime.core.DefaultPlatformHandler as PlatformHandler
[Test worker] DEBUG org.codehaus.griffon.runtime.core.addon.AbstractAddonManager - Loading addons [START]
[Test worker] DEBUG griffon.util.AnnotationUtils - computed addon order is []
[Test worker] DEBUG org.codehaus.griffon.runtime.core.event.AbstractEventRouter - Triggering event 'LoadAddonsStart' synchronously
[Test worker] DEBUG org.codehaus.griffon.runtime.core.addon.AbstractAddonManager - Loading addons [END]
[Test worker] DEBUG org.codehaus.griffon.runtime.core.event.AbstractEventRouter - Triggering event 'LoadAddonsEnd' synchronously
[Test worker] TRACE griffon.util.CompositeResourceBundle - Searching key=mvcGroups
[Test worker] TRACE griffon.util.CompositeResourceBundle - Searching key=mvcGroups
[Test worker] DEBUG org.codehaus.griffon.runtime.core.event.AbstractEventRouter - Adding listener org.codehaus.griffon.runtime.core.DefaultApplicationConfigurer$3 on NewInstance
[Test worker] TRACE griffon.util.CompositeResourceBundle - Searching key=shiro.realm.resource.path
[Test worker] TRACE griffon.util.CompositeResourceBundle - Searching key=shiro
[Test worker] DEBUG org.apache.shiro.realm.text.PropertiesRealm - Loading user security information from file [classpath:shiro-users.properties]...
[Test worker] DEBUG org.apache.shiro.realm.text.PropertiesRealm - Opening input stream for path [classpath:shiro-users.properties]...
[Test worker] DEBUG org.apache.shiro.io.ResourceUtils - Opening resource from class path [shiro-users.properties]
[Test worker] DEBUG org.apache.shiro.realm.text.PropertiesRealm - Loading properties from path [classpath:shiro-users.properties]...
[Test worker] TRACE org.apache.shiro.realm.text.PropertiesRealm - Processing properties line - key: [user.joe], value: [joe,employee].
[Test worker] TRACE org.apache.shiro.realm.text.PropertiesRealm - Processing properties line - key: [user.bob], value: [bob,manager,employee].
[Test worker] TRACE org.apache.shiro.realm.text.PropertiesRealm - Processing properties line - key: [role.administrator], value: [*].
[Test worker] TRACE org.apache.shiro.realm.text.PropertiesRealm - Processing properties line - key: [role.manager], value: [user:write].
[Test worker] TRACE org.apache.shiro.realm.text.PropertiesRealm - Processing properties line - key: [user.root], value: [root,administrator,manager].
[Test worker] TRACE org.apache.shiro.realm.text.PropertiesRealm - Processing properties line - key: [role.employee], value: [user:read].
[Test worker] TRACE org.apache.shiro.util.ThreadContext - get() - in thread [Test worker]
[Test worker] TRACE org.apache.shiro.util.ThreadContext - Retrieved value of type [org.apache.shiro.subject.support.DelegatingSubject] for key [org.apache.shiro.util.ThreadContext_SUBJECT_KEY] bound to thread [Test worker]
[Test worker] TRACE griffon.util.CompositeResourceBundle - Searching key=griffon.controller.action.interceptor.order
[Test worker] TRACE griffon.util.CompositeResourceBundle - Searching key=griffon
[Test worker] DEBUG griffon.util.AnnotationUtils - Current interceptor order is [shiro]
[Test worker] TRACE griffon.util.AnnotationUtils - Processing interceptor 'shiro'
[Test worker] TRACE griffon.util.AnnotationUtils -   depends on '[]'
[Test worker] TRACE griffon.util.AnnotationUtils -   adding interceptor 'shiro', since all dependencies have been added
[Test worker] TRACE griffon.util.AnnotationUtils - interceptor dependency ordering complete
[Test worker] DEBUG griffon.util.AnnotationUtils - computed interceptor order is [shiro]
[Test worker] DEBUG org.codehaus.griffon.runtime.core.artifact.AbstractArtifactManager - Registering artifact handler for type 'model': org.codehaus.griffon.runtime.core.artifact.ModelArtifactHandler@2f880917
[Test worker] DEBUG org.codehaus.griffon.runtime.core.artifact.AbstractArtifactManager - Registering artifact handler for type 'view': org.codehaus.griffon.runtime.core.artifact.ViewArtifactHandler@c0cdd62
[Test worker] DEBUG org.codehaus.griffon.runtime.core.artifact.AbstractArtifactManager - Registering artifact handler for type 'controller': org.codehaus.griffon.runtime.core.artifact.ControllerArtifactHandler@209a531c
[Test worker] DEBUG org.codehaus.griffon.runtime.core.artifact.AbstractArtifactManager - Registering artifact handler for type 'service': org.codehaus.griffon.runtime.core.artifact.ServiceArtifactHandler@73c663fc
[Test worker] DEBUG griffon.util.ServiceLoaderUtils - Reading griffon.core.artifact.GriffonController definitions from file:/home/travis/build/griffon/griffon/plugins/griffon-shiro-plugin/build/classes/test/META-INF/griffon/griffon.core.artifact.GriffonController
[Test worker] DEBUG griffon.util.ServiceLoaderUtils - Reading griffon.core.artifact.GriffonModel definitions from file:/home/travis/build/griffon/griffon/plugins/griffon-shiro-plugin/build/classes/test/META-INF/griffon/griffon.core.artifact.GriffonModel
[Test worker] DEBUG org.codehaus.griffon.runtime.core.artifact.DefaultArtifactManager - Artifacts of type 'controller' = 1
[Test worker] DEBUG org.codehaus.griffon.runtime.core.artifact.DefaultArtifactManager - Artifacts of type 'model' = 1
[Test worker] TRACE org.codehaus.griffon.runtime.core.artifact.AbstractArtifactManager - InstanceBinding[source=griffon.core.artifact.GriffonClass, classifier=@griffon.inject.Typed(value=class com.acme.ShiroController), instance=Artifact[controller] > Shiro, singleton=true]
[Test worker] TRACE org.codehaus.griffon.runtime.core.artifact.AbstractArtifactManager - TargetBinding[source=com.acme.ShiroController, target=com.acme.ShiroController, singleton=false]
[Test worker] TRACE org.codehaus.griffon.runtime.core.artifact.AbstractArtifactManager - InstanceBinding[source=griffon.core.artifact.GriffonClass, classifier=@griffon.inject.Typed(value=class com.acme.ShiroModel), instance=Artifact[model] > Shiro, singleton=true]
[Test worker] TRACE org.codehaus.griffon.runtime.core.artifact.AbstractArtifactManager - TargetBinding[source=com.acme.ShiroModel, target=com.acme.ShiroModel, singleton=false]
[Test worker] DEBUG org.codehaus.griffon.runtime.core.event.AbstractEventRouter - Triggering event 'BootstrapEnd' synchronously
[Test worker] DEBUG org.codehaus.griffon.runtime.core.artifact.AbstractArtifactManager - Searching for griffonClass of com.acme.ShiroController
[Test worker] DEBUG org.codehaus.griffon.runtime.core.event.AbstractEventRouter - Triggering event 'NewInstance' synchronously
[Test worker] DEBUG org.codehaus.griffon.runtime.core.artifact.AbstractArtifactManager - Searching for griffonClass of com.acme.ShiroController
[Test worker] TRACE griffon.util.CompositeResourceBundle - Searching key=com.acme.ShiroController.action.Authenticated.name
[Test worker] TRACE griffon.util.CompositeResourceBundle - Searching key=application.action.Authenticated.name
[Test worker] TRACE org.codehaus.griffon.runtime.core.controller.AbstractActionManager - com.acme.ShiroController.action.Authenticated.name = Authenticated
[Test worker] DEBUG org.codehaus.griffon.runtime.core.controller.AbstractActionManager - Configuring action com.acme.ShiroController.authenticated with org.codehaus.griffon.runtime.shiro.ShiroActionInterceptor@1c387843
[Test worker] TRACE org.codehaus.griffon.runtime.core.controller.AbstractActionManager - Action for com.acme.ShiroController.authenticated stored as authenticated
[Test worker] TRACE griffon.util.CompositeResourceBundle - Searching key=com.acme.ShiroController.action.Guest.name
[Test worker] TRACE griffon.util.CompositeResourceBundle - Searching key=application.action.Guest.name
[Test worker] TRACE org.codehaus.griffon.runtime.core.controller.AbstractActionManager - com.acme.ShiroController.action.Guest.name = Guest
[Test worker] DEBUG org.codehaus.griffon.runtime.core.controller.AbstractActionManager - Configuring action com.acme.ShiroController.guest with org.codehaus.griffon.runtime.shiro.ShiroActionInterceptor@1c387843
[Test worker] TRACE org.codehaus.griffon.runtime.core.controller.AbstractActionManager - Action for com.acme.ShiroController.guest stored as guest
[Test worker] TRACE griffon.util.CompositeResourceBundle - Searching key=com.acme.ShiroController.action.Permissions.name
[Test worker] TRACE griffon.util.CompositeResourceBundle - Searching key=application.action.Permissions.name
[Test worker] TRACE org.codehaus.griffon.runtime.core.controller.AbstractActionManager - com.acme.ShiroController.action.Permissions.name = Permissions
[Test worker] DEBUG org.codehaus.griffon.runtime.core.controller.AbstractActionManager - Configuring action com.acme.ShiroController.permissions with org.codehaus.griffon.runtime.shiro.ShiroActionInterceptor@1c387843
[Test worker] TRACE org.codehaus.griffon.runtime.core.controller.AbstractActionManager - Action for com.acme.ShiroController.permissions stored as permissions
[Test worker] TRACE griffon.util.CompositeResourceBundle - Searching key=com.acme.ShiroController.action.Roles.name
[Test worker] TRACE griffon.util.CompositeResourceBundle - Searching key=application.action.Roles.name
[Test worker] TRACE org.codehaus.griffon.runtime.core.controller.AbstractActionManager - com.acme.ShiroController.action.Roles.name = Roles
[Test worker] DEBUG org.codehaus.griffon.runtime.core.controller.AbstractActionManager - Configuring action com.acme.ShiroController.roles with org.codehaus.griffon.runtime.shiro.ShiroActionInterceptor@1c387843
[Test worker] TRACE org.codehaus.griffon.runtime.core.controller.AbstractActionManager - Action for com.acme.ShiroController.roles stored as roles
[Test worker] TRACE griffon.util.CompositeResourceBundle - Searching key=com.acme.ShiroController.action.User.name
[Test worker] TRACE griffon.util.CompositeResourceBundle - Searching key=application.action.User.name
[Test worker] TRACE org.codehaus.griffon.runtime.core.controller.AbstractActionManager - com.acme.ShiroController.action.User.name = User
[Test worker] DEBUG org.codehaus.griffon.runtime.core.controller.AbstractActionManager - Configuring action com.acme.ShiroController.user with org.codehaus.griffon.runtime.shiro.ShiroActionInterceptor@1c387843
[Test worker] TRACE org.codehaus.griffon.runtime.core.controller.AbstractActionManager - Action for com.acme.ShiroController.user stored as user
[Test worker] DEBUG org.codehaus.griffon.runtime.core.artifact.AbstractArtifactManager - Searching for griffonClass of com.acme.ShiroModel
[Test worker] DEBUG org.codehaus.griffon.runtime.core.event.AbstractEventRouter - Triggering event 'NewInstance' synchronously
[Test worker] TRACE org.apache.shiro.subject.support.DelegatingSubject - attempting to get session; create = false; session is null = true; session has id = false
[Test worker] TRACE org.apache.shiro.authc.AbstractAuthenticator - Authentication attempt received for token [org.apache.shiro.authc.UsernamePasswordToken - joe, rememberMe=false]
[Test worker] DEBUG org.apache.shiro.realm.AuthenticatingRealm - Looked up AuthenticationInfo [joe] from doGetAuthenticationInfo
[Test worker] DEBUG org.apache.shiro.realm.AuthenticatingRealm - AuthenticationInfo caching is disabled for info [joe].  Submitted token: [org.apache.shiro.authc.UsernamePasswordToken - joe, rememberMe=false].
[Test worker] DEBUG org.apache.shiro.authc.credential.SimpleCredentialsMatcher - Performing credentials equality check for tokenCredentials of type [[C and accountCredentials of type [java.lang.String]
[Test worker] DEBUG org.apache.shiro.authc.credential.SimpleCredentialsMatcher - Both credentials arguments can be easily converted to byte arrays.  Performing array equals comparison
[Test worker] DEBUG org.apache.shiro.authc.AbstractAuthenticator - Authentication successful for token [org.apache.shiro.authc.UsernamePasswordToken - joe, rememberMe=false].  Returned account [joe]
[Test worker] DEBUG org.apache.shiro.subject.support.DefaultSubjectContext - No SecurityManager available in subject context map.  Falling back to SecurityUtils.getSecurityManager() lookup.
[Test worker] TRACE org.apache.shiro.util.ThreadContext - get() - in thread [Test worker]
[Test worker] TRACE org.apache.shiro.mgt.DefaultSecurityManager - Context already contains a SecurityManager instance.  Returning.
[Test worker] TRACE org.apache.shiro.subject.support.DelegatingSubject - attempting to get session; create = false; session is null = true; session has id = false
[Test worker] DEBUG org.apache.shiro.subject.support.DefaultSubjectContext - No SecurityManager available in subject context map.  Falling back to SecurityUtils.getSecurityManager() lookup.
[Test worker] TRACE org.apache.shiro.util.ThreadContext - get() - in thread [Test worker]
[Test worker] TRACE org.apache.shiro.subject.support.DelegatingSubject - attempting to get session; create = false; session is null = true; session has id = false
[Test worker] TRACE org.apache.shiro.subject.support.DelegatingSubject - attempting to get session; create = false; session is null = true; session has id = false
[Test worker] TRACE org.apache.shiro.subject.support.DelegatingSubject - attempting to get session; create = false; session is null = true; session has id = false
[Test worker] TRACE org.apache.shiro.subject.support.DelegatingSubject - attempting to get session; create = false; session is null = true; session has id = false
[Test worker] TRACE org.apache.shiro.subject.support.DelegatingSubject - attempting to get session; create = false; session is null = true; session has id = false
[Test worker] TRACE org.apache.shiro.subject.support.DelegatingSubject - attempting to get session; create = false; session is null = true; session has id = false
[Test worker] TRACE org.apache.shiro.subject.support.DelegatingSubject - attempting to get session; create = true; session is null = true; session has id = false
[Test worker] TRACE org.apache.shiro.subject.support.DelegatingSubject - Starting session for host null
[Test worker] DEBUG org.apache.shiro.session.mgt.AbstractValidatingSessionManager - No sessionValidationScheduler set.  Attempting to create default instance.
[Test worker] TRACE org.apache.shiro.session.mgt.AbstractValidatingSessionManager - Created default SessionValidationScheduler instance of type [org.apache.shiro.session.mgt.ExecutorServiceSessionValidationScheduler].
[Test worker] INFO org.apache.shiro.session.mgt.AbstractValidatingSessionManager - Enabling session validation scheduler...
[Test worker] TRACE org.apache.shiro.session.mgt.DefaultSessionManager - Creating session for host null
[Test worker] DEBUG org.apache.shiro.session.mgt.DefaultSessionManager - Creating new EIS record for new session instance [org.apache.shiro.session.mgt.SimpleSession,id=null]
[Test worker] TRACE org.apache.shiro.session.mgt.AbstractValidatingSessionManager - Attempting to retrieve session with key org.apache.shiro.session.mgt.DefaultSessionKey@1280ecfd
[Test worker] TRACE org.apache.shiro.subject.support.DelegatingSubject - attempting to get session; create = false; session is null = false; session has id = true
[Test worker] TRACE org.apache.shiro.session.mgt.AbstractValidatingSessionManager - Attempting to retrieve session with key org.apache.shiro.session.mgt.DefaultSessionKey@1280ecfd
[Test worker] TRACE org.apache.shiro.session.mgt.AbstractValidatingSessionManager - Attempting to retrieve session with key org.apache.shiro.session.mgt.DefaultSessionKey@1280ecfd
[Test worker] TRACE org.apache.shiro.mgt.DefaultSecurityManager - This org.apache.shiro.mgt.DefaultSecurityManager instance does not have a [org.apache.shiro.mgt.RememberMeManager] instance configured.  RememberMe services will not be performed for account [joe].
[Test worker] TRACE org.apache.shiro.subject.support.DelegatingSubject - attempting to get session; create = false; session is null = false; session has id = true
[Test worker] TRACE griffon.util.CompositeResourceBundle - Searching key=griffon.disable.threading.injection
[Test worker] TRACE griffon.util.CompositeResourceBundle - Searching key=griffon
[Test worker] DEBUG org.codehaus.griffon.runtime.core.controller.AbstractActionManager - Executing com.acme.ShiroController.guest with policy OUTSIDE_UITHREAD
[Test worker] DEBUG org.codehaus.griffon.runtime.core.controller.AbstractActionManager - Executing 1 interceptor for com.acme.ShiroController.guest
[Test worker] TRACE org.codehaus.griffon.runtime.core.controller.AbstractActionManager - Calling org.codehaus.griffon.runtime.shiro.ShiroActionInterceptor@1c387843.before() on com.acme.ShiroController.guest
[Test worker] DEBUG org.codehaus.griffon.runtime.shiro.ShiroActionInterceptor - Evaluating security requirement RequirementConfiguration{requirement=GUEST, values=[], logical=AND}
[Test worker] TRACE org.apache.shiro.subject.support.DelegatingSubject - attempting to get session; create = false; session is null = false; session has id = true
[Test worker] TRACE org.apache.shiro.session.mgt.AbstractValidatingSessionManager - Attempting to retrieve session with key org.apache.shiro.session.mgt.DefaultSessionKey@1280ecfd
[Test worker] DEBUG org.codehaus.griffon.runtime.shiro.ShiroActionInterceptor - Subject did not meet expected security requirements.
[Test worker] INFO org.codehaus.griffon.runtime.shiro.DefaultSecurityFailureHandler - Subject failed guest challenge on com.acme.ShiroController.guest
[Test worker] DEBUG org.codehaus.griffon.runtime.core.controller.AbstractActionManager - Execution of com.acme.ShiroController.guest was aborted by org.codehaus.griffon.runtime.shiro.ShiroActionInterceptor@1c387843
[Test worker] TRACE org.codehaus.griffon.runtime.core.controller.AbstractActionManager - Status before execution of com.acme.ShiroController.guest is ABORTED
[Test worker] TRACE org.codehaus.griffon.runtime.core.controller.AbstractActionManager - Calling org.codehaus.griffon.runtime.shiro.ShiroActionInterceptor@1c387843.after() on com.acme.ShiroController.guest
[Test worker] TRACE org.apache.shiro.subject.support.DelegatingSubject - attempting to get session; create = false; session is null = false; session has id = true
[Test worker] TRACE org.apache.shiro.session.mgt.AbstractValidatingSessionManager - Attempting to retrieve session with key org.apache.shiro.session.mgt.DefaultSessionKey@1280ecfd
[Test worker] TRACE org.apache.shiro.subject.support.DelegatingSubject - attempting to get session; create = false; session is null = false; session has id = true
[Test worker] TRACE org.apache.shiro.session.mgt.AbstractValidatingSessionManager - Attempting to retrieve session with key org.apache.shiro.session.mgt.DefaultSessionKey@1280ecfd
[Test worker] DEBUG org.apache.shiro.mgt.DefaultSecurityManager - Logging out subject with primary principal joe
[Test worker] TRACE org.apache.shiro.realm.CachingRealm - Cleared cache entries for account with principals [joe]
[Test worker] TRACE org.apache.shiro.subject.support.DelegatingSubject - attempting to get session; create = false; session is null = false; session has id = true
[Test worker] TRACE org.apache.shiro.session.mgt.AbstractValidatingSessionManager - Attempting to retrieve session with key org.apache.shiro.session.mgt.DefaultSessionKey@1280ecfd
[Test worker] TRACE org.apache.shiro.session.mgt.AbstractValidatingSessionManager - Attempting to retrieve session with key org.apache.shiro.session.mgt.DefaultSessionKey@1280ecfd
[Test worker] TRACE org.apache.shiro.subject.support.DelegatingSubject - attempting to get session; create = false; session is null = false; session has id = true
[Test worker] TRACE org.apache.shiro.session.mgt.AbstractValidatingSessionManager - Attempting to retrieve session with key org.apache.shiro.session.mgt.DefaultSessionKey@1280ecfd
[Test worker] DEBUG org.apache.shiro.session.mgt.AbstractSessionManager - Stopping session with id [9977d146-31c2-433b-a684-08de0ec82dd4]
[Test worker] DEBUG org.codehaus.griffon.runtime.core.event.AbstractEventRouter - Triggering event 'ShutdownRequested' synchronously
[Test worker] INFO org.codehaus.griffon.runtime.core.DefaultGriffonApplication - Shutdown is in process
[Test worker] DEBUG org.codehaus.griffon.runtime.core.DefaultGriffonApplication - Shutdown stage 1: notify all event listeners
[Test worker] DEBUG org.codehaus.griffon.runtime.core.event.AbstractEventRouter - Adding listener org.codehaus.griffon.runtime.core.AbstractGriffonApplication$1 on ShutdownStart
[Test worker] DEBUG org.codehaus.griffon.runtime.core.event.AbstractEventRouter - Triggering event 'ShutdownStart' synchronously
[Test worker] DEBUG org.codehaus.griffon.runtime.core.DefaultGriffonApplication - Shutdown stage 2: notify all shutdown handlers
[Test worker] DEBUG org.codehaus.griffon.runtime.core.DefaultGriffonApplication - Shutdown stage 3: destroy all MVC groups
[Test worker] DEBUG org.codehaus.griffon.runtime.core.DefaultGriffonApplication - Shutdown stage 4: execute Shutdown script
[Test worker] TRACE griffon.util.CompositeResourceBundle - Searching key=application.lifecycle.handler.disable
[Test worker] TRACE griffon.util.CompositeResourceBundle - Searching key=application
[Test worker] INFO org.codehaus.griffon.runtime.core.DefaultApplicationBootstrapper - Griffon 2.0.0.SNAPSHOT
[Test worker] INFO org.codehaus.griffon.runtime.core.DefaultApplicationBootstrapper - Build: 2014-03-07T17:17:07.720+0000
[Test worker] INFO org.codehaus.griffon.runtime.core.DefaultApplicationBootstrapper - JVM: 1.7.0_51 (Oracle Corporation 24.51-b03)
[Test worker] INFO org.codehaus.griffon.runtime.core.DefaultApplicationBootstrapper - OS: Linux 2.6.32-042stab084.25 amd64
[Test worker] DEBUG org.codehaus.griffon.runtime.core.DefaultApplicationBootstrapper - Creating module bindings
[Test worker] DEBUG griffon.util.AnnotationUtils - Current module order is [core, shiro, testApplicationBootstrapper$InnerClasses, testApplicationBootstrapper$Fields]
[Test worker] TRACE griffon.util.AnnotationUtils - Processing module 'core'
[Test worker] TRACE griffon.util.AnnotationUtils -   depends on '[]'
[Test worker] TRACE griffon.util.AnnotationUtils -   adding module 'core', since all dependencies have been added
[Test worker] TRACE griffon.util.AnnotationUtils - Processing module 'shiro'
[Test worker] TRACE griffon.util.AnnotationUtils -   depends on '[]'
[Test worker] TRACE griffon.util.AnnotationUtils -   adding module 'shiro', since all dependencies have been added
[Test worker] TRACE griffon.util.AnnotationUtils - Processing module 'testApplicationBootstrapper$InnerClasses'
[Test worker] TRACE griffon.util.AnnotationUtils -   depends on '[]'
[Test worker] TRACE griffon.util.AnnotationUtils -   adding module 'testApplicationBootstrapper$InnerClasses', since all dependencies have been added
[Test worker] TRACE griffon.util.AnnotationUtils - Processing module 'testApplicationBootstrapper$Fields'
[Test worker] TRACE griffon.util.AnnotationUtils -   depends on '[]'
[Test worker] TRACE griffon.util.AnnotationUtils -   adding module 'testApplicationBootstrapper$Fields', since all dependencies have been added
[Test worker] TRACE griffon.util.AnnotationUtils - module dependency ordering complete
[Test worker] DEBUG griffon.util.AnnotationUtils - computed module order is [core, shiro, testApplicationBootstrapper$InnerClasses, testApplicationBootstrapper$Fields]
[Test worker] DEBUG org.codehaus.griffon.runtime.core.DefaultApplicationBootstrapper - Loading module bindings from core:org.codehaus.griffon.runtime.core.DefaultApplicationModule@efd81de
[Test worker] DEBUG org.codehaus.griffon.runtime.core.DefaultApplicationBootstrapper - Loading module bindings from shiro:org.codehaus.griffon.runtime.shiro.ShiroModule@25591d82
[Test worker] DEBUG org.codehaus.griffon.runtime.core.DefaultApplicationBootstrapper - Loading module bindings from testApplicationBootstrapper$InnerClasses:org.codehaus.griffon.runtime.core.TestApplicationBootstrapper$InnerClassesModule@7da054f5
[Test worker] DEBUG org.codehaus.griffon.runtime.core.DefaultApplicationBootstrapper - Loading module bindings from testApplicationBootstrapper$Fields:org.codehaus.griffon.runtime.core.TestApplicationBootstrapper$FieldsModule@2929e142
[Test worker] TRACE org.codehaus.griffon.runtime.core.DefaultApplicationBootstrapper - InstanceBinding[source=griffon.core.GriffonApplication, instance=org.codehaus.griffon.runtime.core.DefaultGriffonApplication@300c2443, singleton=true]
[Test worker] TRACE org.codehaus.griffon.runtime.core.DefaultApplicationBootstrapper - TargetBinding[source=griffon.core.ApplicationClassLoader, target=org.codehaus.griffon.runtime.core.DefaultApplicationClassLoader, singleton=true]
[Test worker] TRACE org.codehaus.griffon.runtime.core.DefaultApplicationBootstrapper - TargetBinding[source=griffon.core.ApplicationConfigurer, target=org.codehaus.griffon.runtime.core.DefaultApplicationConfigurer, singleton=true]
[Test worker] TRACE org.codehaus.griffon.runtime.core.DefaultApplicationBootstrapper - TargetBinding[source=griffon.core.resources.ResourceHandler, target=org.codehaus.griffon.runtime.core.resources.DefaultResourceHandler, singleton=true]
[Test worker] TRACE org.codehaus.griffon.runtime.core.DefaultApplicationBootstrapper - TargetBinding[source=griffon.util.CompositeResourceBundleBuilder, target=org.codehaus.griffon.runtime.util.DefaultCompositeResourceBundleBuilder, singleton=true]
[Test worker] TRACE org.codehaus.griffon.runtime.core.DefaultApplicationBootstrapper - ProviderBinding[source=java.util.ResourceBundle, classifier=@javax.inject.Named(value=applicationResourceBundle), provider=org.codehaus.griffon.runtime.util.ResourceBundleProvider@6d20c359, singleton=true]
[Test worker] TRACE org.codehaus.griffon.runtime.core.DefaultApplicationBootstrapper - TargetBinding[source=griffon.core.Configuration, target=org.codehaus.griffon.runtime.core.DefaultConfiguration, singleton=true]
[Test worker] TRACE org.codehaus.griffon.runtime.core.DefaultApplicationBootstrapper - TargetBinding[source=griffon.core.ExecutorServiceManager, target=org.codehaus.griffon.runtime.core.DefaultExecutorServiceManager, singleton=true]
[Test worker] TRACE org.codehaus.griffon.runtime.core.DefaultApplicationBootstrapper - TargetBinding[source=griffon.core.event.EventRouter, classifier=@javax.inject.Named(value=applicationEventRouter), target=org.codehaus.griffon.runtime.core.event.DefaultEventRouter, singleton=true]
[Test worker] TRACE org.codehaus.griffon.runtime.core.DefaultApplicationBootstrapper - TargetBinding[source=griffon.core.event.EventRouter, target=org.codehaus.griffon.runtime.core.event.DefaultEventRouter, singleton=false]
[Test worker] TRACE org.codehaus.griffon.runtime.core.DefaultApplicationBootstrapper - ProviderBinding[source=griffon.core.resources.ResourceResolver, classifier=@javax.inject.Named(value=applicationResourceResolver), provider=org.codehaus.griffon.runtime.core.resources.ResourceResolverProvider@1f94008, singleton=true]
[Test worker] TRACE org.codehaus.griffon.runtime.core.DefaultApplicationBootstrapper - ProviderBinding[source=griffon.core.i18n.MessageSource, classifier=@javax.inject.Named(value=applicationMessageSource), provider=org.codehaus.griffon.runtime.core.i18n.MessageSourceProvider@12dace3b, singleton=true]
[Test worker] TRACE org.codehaus.griffon.runtime.core.DefaultApplicationBootstrapper - TargetBinding[source=griffon.core.resources.ResourceInjector, classifier=@javax.inject.Named(value=applicationResourceInjector), target=org.codehaus.griffon.runtime.core.resources.DefaultApplicationResourceInjector, singleton=true]
[Test worker] TRACE org.codehaus.griffon.runtime.core.DefaultApplicationBootstrapper - TargetBinding[source=griffon.core.threading.UIThreadManager, target=org.codehaus.griffon.runtime.core.threading.DefaultUIThreadManager, singleton=true]
[Test worker] TRACE org.codehaus.griffon.runtime.core.DefaultApplicationBootstrapper - TargetBinding[source=griffon.core.mvc.MVCGroupManager, target=org.codehaus.griffon.runtime.core.mvc.DefaultMVCGroupManager, singleton=true]
[Test worker] TRACE org.codehaus.griffon.runtime.core.DefaultApplicationBootstrapper - ProviderBinding[source=griffon.core.LifecycleHandler, classifier=@javax.inject.Named(value=Initialize), provider=org.codehaus.griffon.runtime.core.LifecycleHandlerProvider@5b198d28, singleton=true]
[Test worker] TRACE org.codehaus.griffon.runtime.core.DefaultApplicationBootstrapper - ProviderBinding[source=griffon.core.LifecycleHandler, classifier=@javax.inject.Named(value=Startup), provider=org.codehaus.griffon.runtime.core.LifecycleHandlerProvider@6a826bd1, singleton=true]
[Test worker] TRACE org.codehaus.griffon.runtime.core.DefaultApplicationBootstrapper - ProviderBinding[source=griffon.core.LifecycleHandler, classifier=@javax.inject.Named(value=Ready), provider=org.codehaus.griffon.runtime.core.LifecycleHandlerProvider@18749cf8, singleton=true]
[Test worker] TRACE org.codehaus.griffon.runtime.core.DefaultApplicationBootstrapper - ProviderBinding[source=griffon.core.LifecycleHandler, classifier=@javax.inject.Named(value=Shutdown), provider=org.codehaus.griffon.runtime.core.LifecycleHandlerProvider@fed6a53, singleton=true]
[Test worker] TRACE org.codehaus.griffon.runtime.core.DefaultApplicationBootstrapper - ProviderBinding[source=griffon.core.LifecycleHandler, classifier=@javax.inject.Named(value=Stop), provider=org.codehaus.griffon.runtime.core.LifecycleHandlerProvider@2bdf7750, singleton=true]
[Test worker] TRACE org.codehaus.griffon.runtime.core.DefaultApplicationBootstrapper - TargetBinding[source=griffon.core.view.WindowManager, target=org.codehaus.griffon.runtime.core.view.NoopWindowManager, singleton=true]
[Test worker] TRACE org.codehaus.griffon.runtime.core.DefaultApplicationBootstrapper - TargetBinding[source=griffon.core.controller.ActionManager, target=org.codehaus.griffon.runtime.core.controller.DefaultActionManager, singleton=true]
[Test worker] TRACE org.codehaus.griffon.runtime.core.DefaultApplicationBootstrapper - TargetBinding[source=griffon.core.artifact.ArtifactManager, target=org.codehaus.griffon.runtime.core.artifact.DefaultArtifactManager, singleton=true]
[Test worker] TRACE org.codehaus.griffon.runtime.core.DefaultApplicationBootstrapper - TargetBinding[source=griffon.core.artifact.ArtifactHandler, classifier=@griffon.inject.Typed(value=interface griffon.core.artifact.GriffonModel), target=org.codehaus.griffon.runtime.core.artifact.ModelArtifactHandler, singleton=true]
[Test worker] TRACE org.codehaus.griffon.runtime.core.DefaultApplicationBootstrapper - TargetBinding[source=griffon.core.artifact.ArtifactHandler, classifier=@griffon.inject.Typed(value=interface griffon.core.artifact.GriffonView), target=org.codehaus.griffon.runtime.core.artifact.ViewArtifactHandler, singleton=true]
[Test worker] TRACE org.codehaus.griffon.runtime.core.DefaultApplicationBootstrapper - TargetBinding[source=griffon.core.artifact.ArtifactHandler, classifier=@griffon.inject.Typed(value=interface griffon.core.artifact.GriffonController), target=org.codehaus.griffon.runtime.core.artifact.ControllerArtifactHandler, singleton=true]
[Test worker] TRACE org.codehaus.griffon.runtime.core.DefaultApplicationBootstrapper - TargetBinding[source=griffon.core.artifact.ArtifactHandler, classifier=@griffon.inject.Typed(value=interface griffon.core.artifact.GriffonService), target=org.codehaus.griffon.runtime.core.artifact.ServiceArtifactHandler, singleton=true]
[Test worker] TRACE org.codehaus.griffon.runtime.core.DefaultApplicationBootstrapper - ProviderTypeBinding[source=griffon.core.PlatformHandler, providerType=class org.codehaus.griffon.runtime.core.PlatformHandlerProvider, singleton=true]
[Test worker] TRACE org.codehaus.griffon.runtime.core.DefaultApplicationBootstrapper - TargetBinding[source=griffon.core.addon.AddonManager, target=org.codehaus.griffon.runtime.core.addon.DefaultAddonManager, singleton=true]
[Test worker] TRACE org.codehaus.griffon.runtime.core.DefaultApplicationBootstrapper - TargetBinding[source=griffon.core.event.EventHandler, target=org.codehaus.griffon.runtime.core.event.DefaultEventHandler, singleton=true]
[Test worker] TRACE org.codehaus.griffon.runtime.core.DefaultApplicationBootstrapper - TargetBinding[source=griffon.core.GriffonExceptionHandler, target=griffon.core.GriffonExceptionHandler, singleton=true]
[Test worker] TRACE org.codehaus.griffon.runtime.core.DefaultApplicationBootstrapper - ProviderTypeBinding[source=org.apache.shiro.mgt.SecurityManager, providerType=class org.codehaus.griffon.runtime.shiro.SecurityManagerProvider, singleton=true]
[Test worker] TRACE org.codehaus.griffon.runtime.core.DefaultApplicationBootstrapper - ProviderTypeBinding[source=org.apache.shiro.subject.Subject, providerType=class org.codehaus.griffon.runtime.shiro.SubjectProvider, singleton=true]
[Test worker] TRACE org.codehaus.griffon.runtime.core.DefaultApplicationBootstrapper - TargetBinding[source=griffon.plugins.shiro.SecurityFailureHandler, target=org.codehaus.griffon.runtime.shiro.DefaultSecurityFailureHandler, singleton=true]
[Test worker] TRACE org.codehaus.griffon.runtime.core.DefaultApplicationBootstrapper - TargetBinding[source=griffon.core.controller.ActionInterceptor, target=org.codehaus.griffon.runtime.shiro.ShiroActionInterceptor, singleton=true]
[Test worker] DEBUG org.codehaus.griffon.runtime.core.DefaultApplicationBootstrapper - Creating application injector
[Test worker] DEBUG org.codehaus.griffon.runtime.core.DefaultApplicationBootstrapper - Injector will be created by org.codehaus.griffon.runtime.injection.GuiceInjectorFactory@3fec7107
[Test worker] DEBUG org.codehaus.griffon.runtime.core.event.AbstractEventRouter - Adding listener org.codehaus.griffon.runtime.core.MVCGroupExceptionHandler on UncaughtMVCGroupConfigurationException
[Test worker] DEBUG org.codehaus.griffon.runtime.core.event.AbstractEventRouter - Adding listener org.codehaus.griffon.runtime.core.MVCGroupExceptionHandler on UncaughtMVCGroupInstantiationException
[Test worker] DEBUG org.codehaus.griffon.runtime.core.event.AbstractEventRouter - Triggering event 'BootstrapStart' synchronously
[Test worker] DEBUG griffon.util.ServiceLoaderUtils - Reading java.beans.PropertyEditor definitions from jar:file:/home/travis/build/griffon/griffon/subprojects/griffon-core/build/libs/griffon-core-2.0.0.SNAPSHOT.jar!/META-INF/editors/java.beans.PropertyEditor
[Test worker] DEBUG org.codehaus.griffon.runtime.core.DefaultApplicationConfigurer - Registering griffon.core.editors.StringPropertyEditor as editor for java.lang.String
[Test worker] DEBUG org.codehaus.griffon.runtime.core.DefaultApplicationConfigurer - Registering griffon.core.editors.FilePropertyEditor as editor for java.io.File
[Test worker] DEBUG org.codehaus.griffon.runtime.core.DefaultApplicationConfigurer - Registering griffon.core.editors.URLPropertyEditor as editor for java.net.URL
[Test worker] DEBUG org.codehaus.griffon.runtime.core.DefaultApplicationConfigurer - Registering griffon.core.editors.URIPropertyEditor as editor for java.net.URI
[Test worker] DEBUG org.codehaus.griffon.runtime.core.DefaultApplicationConfigurer - Registering griffon.core.editors.BigDecimalPropertyEditor as editor for java.math.BigDecimal
[Test worker] DEBUG org.codehaus.griffon.runtime.core.DefaultApplicationConfigurer - Registering griffon.core.editors.BigIntegerPropertyEditor as editor for java.math.BigInteger
[Test worker] DEBUG org.codehaus.griffon.runtime.core.DefaultApplicationConfigurer - Registering griffon.core.editors.BooleanPropertyEditor as editor for java.lang.Boolean
[Test worker] DEBUG org.codehaus.griffon.runtime.core.DefaultApplicationConfigurer - Registering griffon.core.editors.BytePropertyEditor as editor for java.lang.Byte
[Test worker] DEBUG org.codehaus.griffon.runtime.core.DefaultApplicationConfigurer - Registering griffon.core.editors.ShortPropertyEditor as editor for java.lang.Short
[Test worker] DEBUG org.codehaus.griffon.runtime.core.DefaultApplicationConfigurer - Registering griffon.core.editors.IntegerPropertyEditor as editor for java.lang.Integer
[Test worker] DEBUG org.codehaus.griffon.runtime.core.DefaultApplicationConfigurer - Registering griffon.core.editors.LongPropertyEditor as editor for java.lang.Long
[Test worker] DEBUG org.codehaus.griffon.runtime.core.DefaultApplicationConfigurer - Registering griffon.core.editors.FloatPropertyEditor as editor for java.lang.Float
[Test worker] DEBUG org.codehaus.griffon.runtime.core.DefaultApplicationConfigurer - Registering griffon.core.editors.DoublePropertyEditor as editor for java.lang.Double
[Test worker] DEBUG org.codehaus.griffon.runtime.core.DefaultApplicationConfigurer - Registering griffon.core.editors.CalendarPropertyEditor as editor for java.util.Calendar
[Test worker] DEBUG org.codehaus.griffon.runtime.core.DefaultApplicationConfigurer - Registering griffon.core.editors.DatePropertyEditor as editor for java.util.Date
[Test worker] DEBUG org.codehaus.griffon.runtime.core.DefaultApplicationConfigurer - Registering griffon.core.editors.BooleanPropertyEditor as editor for boolean
[Test worker] DEBUG org.codehaus.griffon.runtime.core.DefaultApplicationConfigurer - Registering griffon.core.editors.BytePropertyEditor as editor for byte
[Test worker] DEBUG org.codehaus.griffon.runtime.core.DefaultApplicationConfigurer - Registering griffon.core.editors.ShortPropertyEditor as editor for short
[Test worker] DEBUG org.codehaus.griffon.runtime.core.DefaultApplicationConfigurer - Registering griffon.core.editors.IntegerPropertyEditor as editor for int
[Test worker] DEBUG org.codehaus.griffon.runtime.core.DefaultApplicationConfigurer - Registering griffon.core.editors.LongPropertyEditor as editor for long
[Test worker] DEBUG org.codehaus.griffon.runtime.core.DefaultApplicationConfigurer - Registering griffon.core.editors.FloatPropertyEditor as editor for float
[Test worker] DEBUG org.codehaus.griffon.runtime.core.DefaultApplicationConfigurer - Registering griffon.core.editors.DoublePropertyEditor as editor for double
[Test worker] DEBUG org.codehaus.griffon.runtime.core.event.AbstractEventRouter - Adding listener org.codehaus.griffon.runtime.core.DefaultApplicationConfigurer$2 on NewInstance
[Test worker] TRACE griffon.util.CompositeResourceBundle - Searching key=application.lifecycle.handler.disable
[Test worker] TRACE griffon.util.CompositeResourceBundle - Searching key=application
[Test worker] TRACE griffon.util.CompositeResourceBundle - Searching key=platform.handler.linux64
[Test worker] TRACE griffon.util.CompositeResourceBundle - Searching key=platform
[Test worker] DEBUG org.codehaus.griffon.runtime.core.PlatformHandlerProvider - Using org.codehaus.griffon.runtime.core.DefaultPlatformHandler as PlatformHandler
[Test worker] DEBUG org.codehaus.griffon.runtime.core.addon.AbstractAddonManager - Loading addons [START]
[Test worker] DEBUG griffon.util.AnnotationUtils - computed addon order is []
[Test worker] DEBUG org.codehaus.griffon.runtime.core.event.AbstractEventRouter - Triggering event 'LoadAddonsStart' synchronously
[Test worker] DEBUG org.codehaus.griffon.runtime.core.addon.AbstractAddonManager - Loading addons [END]
[Test worker] DEBUG org.codehaus.griffon.runtime.core.event.AbstractEventRouter - Triggering event 'LoadAddonsEnd' synchronously
[Test worker] TRACE griffon.util.CompositeResourceBundle - Searching key=mvcGroups
[Test worker] TRACE griffon.util.CompositeResourceBundle - Searching key=mvcGroups
[Test worker] DEBUG org.codehaus.griffon.runtime.core.event.AbstractEventRouter - Adding listener org.codehaus.griffon.runtime.core.DefaultApplicationConfigurer$3 on NewInstance
[Test worker] TRACE griffon.util.CompositeResourceBundle - Searching key=shiro.realm.resource.path
[Test worker] TRACE griffon.util.CompositeResourceBundle - Searching key=shiro
[Test worker] DEBUG org.apache.shiro.realm.text.PropertiesRealm - Loading user security information from file [classpath:shiro-users.properties]...
[Test worker] DEBUG org.apache.shiro.realm.text.PropertiesRealm - Opening input stream for path [classpath:shiro-users.properties]...
[Test worker] DEBUG org.apache.shiro.io.ResourceUtils - Opening resource from class path [shiro-users.properties]
[Test worker] DEBUG org.apache.shiro.realm.text.PropertiesRealm - Loading properties from path [classpath:shiro-users.properties]...
[Test worker] TRACE org.apache.shiro.realm.text.PropertiesRealm - Processing properties line - key: [user.joe], value: [joe,employee].
[Test worker] TRACE org.apache.shiro.realm.text.PropertiesRealm - Processing properties line - key: [user.bob], value: [bob,manager,employee].
[Test worker] TRACE org.apache.shiro.realm.text.PropertiesRealm - Processing properties line - key: [role.administrator], value: [*].
[Test worker] TRACE org.apache.shiro.realm.text.PropertiesRealm - Processing properties line - key: [role.manager], value: [user:write].
[Test worker] TRACE org.apache.shiro.realm.text.PropertiesRealm - Processing properties line - key: [user.root], value: [root,administrator,manager].
[Test worker] TRACE org.apache.shiro.realm.text.PropertiesRealm - Processing properties line - key: [role.employee], value: [user:read].
[Test worker] TRACE org.apache.shiro.util.ThreadContext - get() - in thread [Test worker]
[Test worker] TRACE org.apache.shiro.util.ThreadContext - Retrieved value of type [org.apache.shiro.subject.support.DelegatingSubject] for key [org.apache.shiro.util.ThreadContext_SUBJECT_KEY] bound to thread [Test worker]
[Test worker] TRACE griffon.util.CompositeResourceBundle - Searching key=griffon.controller.action.interceptor.order
[Test worker] TRACE griffon.util.CompositeResourceBundle - Searching key=griffon
[Test worker] DEBUG griffon.util.AnnotationUtils - Current interceptor order is [shiro]
[Test worker] TRACE griffon.util.AnnotationUtils - Processing interceptor 'shiro'
[Test worker] TRACE griffon.util.AnnotationUtils -   depends on '[]'
[Test worker] TRACE griffon.util.AnnotationUtils -   adding interceptor 'shiro', since all dependencies have been added
[Test worker] TRACE griffon.util.AnnotationUtils - interceptor dependency ordering complete
[Test worker] DEBUG griffon.util.AnnotationUtils - computed interceptor order is [shiro]
[Test worker] DEBUG org.codehaus.griffon.runtime.core.artifact.AbstractArtifactManager - Registering artifact handler for type 'model': org.codehaus.griffon.runtime.core.artifact.ModelArtifactHandler@22e6874e
[Test worker] DEBUG org.codehaus.griffon.runtime.core.artifact.AbstractArtifactManager - Registering artifact handler for type 'view': org.codehaus.griffon.runtime.core.artifact.ViewArtifactHandler@4cbd23c8
[Test worker] DEBUG org.codehaus.griffon.runtime.core.artifact.AbstractArtifactManager - Registering artifact handler for type 'controller': org.codehaus.griffon.runtime.core.artifact.ControllerArtifactHandler@157846d4
[Test worker] DEBUG org.codehaus.griffon.runtime.core.artifact.AbstractArtifactManager - Registering artifact handler for type 'service': org.codehaus.griffon.runtime.core.artifact.ServiceArtifactHandler@b72134f
[Test worker] DEBUG griffon.util.ServiceLoaderUtils - Reading griffon.core.artifact.GriffonController definitions from file:/home/travis/build/griffon/griffon/plugins/griffon-shiro-plugin/build/classes/test/META-INF/griffon/griffon.core.artifact.GriffonController
[Test worker] DEBUG griffon.util.ServiceLoaderUtils - Reading griffon.core.artifact.GriffonModel definitions from file:/home/travis/build/griffon/griffon/plugins/griffon-shiro-plugin/build/classes/test/META-INF/griffon/griffon.core.artifact.GriffonModel
[Test worker] DEBUG org.codehaus.griffon.runtime.core.artifact.DefaultArtifactManager - Artifacts of type 'controller' = 1
[Test worker] DEBUG org.codehaus.griffon.runtime.core.artifact.DefaultArtifactManager - Artifacts of type 'model' = 1
[Test worker] TRACE org.codehaus.griffon.runtime.core.artifact.AbstractArtifactManager - InstanceBinding[source=griffon.core.artifact.GriffonClass, classifier=@griffon.inject.Typed(value=class com.acme.ShiroController), instance=Artifact[controller] > Shiro, singleton=true]
[Test worker] TRACE org.codehaus.griffon.runtime.core.artifact.AbstractArtifactManager - TargetBinding[source=com.acme.ShiroController, target=com.acme.ShiroController, singleton=false]
[Test worker] TRACE org.codehaus.griffon.runtime.core.artifact.AbstractArtifactManager - InstanceBinding[source=griffon.core.artifact.GriffonClass, classifier=@griffon.inject.Typed(value=class com.acme.ShiroModel), instance=Artifact[model] > Shiro, singleton=true]
[Test worker] TRACE org.codehaus.griffon.runtime.core.artifact.AbstractArtifactManager - TargetBinding[source=com.acme.ShiroModel, target=com.acme.ShiroModel, singleton=false]
[Test worker] DEBUG org.codehaus.griffon.runtime.core.event.AbstractEventRouter - Triggering event 'BootstrapEnd' synchronously
[Test worker] DEBUG org.codehaus.griffon.runtime.core.artifact.AbstractArtifactManager - Searching for griffonClass of com.acme.ShiroController
[Test worker] DEBUG org.codehaus.griffon.runtime.core.event.AbstractEventRouter - Triggering event 'NewInstance' synchronously
[Test worker] DEBUG org.codehaus.griffon.runtime.core.artifact.AbstractArtifactManager - Searching for griffonClass of com.acme.ShiroController
[Test worker] TRACE griffon.util.CompositeResourceBundle - Searching key=com.acme.ShiroController.action.Authenticated.name
[Test worker] TRACE griffon.util.CompositeResourceBundle - Searching key=application.action.Authenticated.name
[Test worker] TRACE org.codehaus.griffon.runtime.core.controller.AbstractActionManager - com.acme.ShiroController.action.Authenticated.name = Authenticated
[Test worker] DEBUG org.codehaus.griffon.runtime.core.controller.AbstractActionManager - Configuring action com.acme.ShiroController.authenticated with org.codehaus.griffon.runtime.shiro.ShiroActionInterceptor@2a0af4ca
[Test worker] TRACE org.codehaus.griffon.runtime.core.controller.AbstractActionManager - Action for com.acme.ShiroController.authenticated stored as authenticated
[Test worker] TRACE griffon.util.CompositeResourceBundle - Searching key=com.acme.ShiroController.action.Guest.name
[Test worker] TRACE griffon.util.CompositeResourceBundle - Searching key=application.action.Guest.name
[Test worker] TRACE org.codehaus.griffon.runtime.core.controller.AbstractActionManager - com.acme.ShiroController.action.Guest.name = Guest
[Test worker] DEBUG org.codehaus.griffon.runtime.core.controller.AbstractActionManager - Configuring action com.acme.ShiroController.guest with org.codehaus.griffon.runtime.shiro.ShiroActionInterceptor@2a0af4ca
[Test worker] TRACE org.codehaus.griffon.runtime.core.controller.AbstractActionManager - Action for com.acme.ShiroController.guest stored as guest
[Test worker] TRACE griffon.util.CompositeResourceBundle - Searching key=com.acme.ShiroController.action.Permissions.name
[Test worker] TRACE griffon.util.CompositeResourceBundle - Searching key=application.action.Permissions.name
[Test worker] TRACE org.codehaus.griffon.runtime.core.controller.AbstractActionManager - com.acme.ShiroController.action.Permissions.name = Permissions
[Test worker] DEBUG org.codehaus.griffon.runtime.core.controller.AbstractActionManager - Configuring action com.acme.ShiroController.permissions with org.codehaus.griffon.runtime.shiro.ShiroActionInterceptor@2a0af4ca
[Test worker] TRACE org.codehaus.griffon.runtime.core.controller.AbstractActionManager - Action for com.acme.ShiroController.permissions stored as permissions
[Test worker] TRACE griffon.util.CompositeResourceBundle - Searching key=com.acme.ShiroController.action.Roles.name
[Test worker] TRACE griffon.util.CompositeResourceBundle - Searching key=application.action.Roles.name
[Test worker] TRACE org.codehaus.griffon.runtime.core.controller.AbstractActionManager - com.acme.ShiroController.action.Roles.name = Roles
[Test worker] DEBUG org.codehaus.griffon.runtime.core.controller.AbstractActionManager - Configuring action com.acme.ShiroController.roles with org.codehaus.griffon.runtime.shiro.ShiroActionInterceptor@2a0af4ca
[Test worker] TRACE org.codehaus.griffon.runtime.core.controller.AbstractActionManager - Action for com.acme.ShiroController.roles stored as roles
[Test worker] TRACE griffon.util.CompositeResourceBundle - Searching key=com.acme.ShiroController.action.User.name
[Test worker] TRACE griffon.util.CompositeResourceBundle - Searching key=application.action.User.name
[Test worker] TRACE org.codehaus.griffon.runtime.core.controller.AbstractActionManager - com.acme.ShiroController.action.User.name = User
[Test worker] DEBUG org.codehaus.griffon.runtime.core.controller.AbstractActionManager - Configuring action com.acme.ShiroController.user with org.codehaus.griffon.runtime.shiro.ShiroActionInterceptor@2a0af4ca
[Test worker] TRACE org.codehaus.griffon.runtime.core.controller.AbstractActionManager - Action for com.acme.ShiroController.user stored as user
[Test worker] DEBUG org.codehaus.griffon.runtime.core.artifact.AbstractArtifactManager - Searching for griffonClass of com.acme.ShiroModel
[Test worker] DEBUG org.codehaus.griffon.runtime.core.event.AbstractEventRouter - Triggering event 'NewInstance' synchronously
[Test worker] TRACE org.apache.shiro.subject.support.DelegatingSubject - attempting to get session; create = false; session is null = true; session has id = false
[Test worker] TRACE org.apache.shiro.authc.AbstractAuthenticator - Authentication attempt received for token [org.apache.shiro.authc.UsernamePasswordToken - joe, rememberMe=false]
[Test worker] DEBUG org.apache.shiro.realm.AuthenticatingRealm - Looked up AuthenticationInfo [joe] from doGetAuthenticationInfo
[Test worker] DEBUG org.apache.shiro.realm.AuthenticatingRealm - AuthenticationInfo caching is disabled for info [joe].  Submitted token: [org.apache.shiro.authc.UsernamePasswordToken - joe, rememberMe=false].
[Test worker] DEBUG org.apache.shiro.authc.credential.SimpleCredentialsMatcher - Performing credentials equality check for tokenCredentials of type [[C and accountCredentials of type [java.lang.String]
[Test worker] DEBUG org.apache.shiro.authc.credential.SimpleCredentialsMatcher - Both credentials arguments can be easily converted to byte arrays.  Performing array equals comparison
[Test worker] DEBUG org.apache.shiro.authc.AbstractAuthenticator - Authentication successful for token [org.apache.shiro.authc.UsernamePasswordToken - joe, rememberMe=false].  Returned account [joe]
[Test worker] DEBUG org.apache.shiro.subject.support.DefaultSubjectContext - No SecurityManager available in subject context map.  Falling back to SecurityUtils.getSecurityManager() lookup.
[Test worker] TRACE org.apache.shiro.util.ThreadContext - get() - in thread [Test worker]
[Test worker] TRACE org.apache.shiro.mgt.DefaultSecurityManager - Context already contains a SecurityManager instance.  Returning.
[Test worker] TRACE org.apache.shiro.subject.support.DelegatingSubject - attempting to get session; create = false; session is null = true; session has id = false
[Test worker] DEBUG org.apache.shiro.subject.support.DefaultSubjectContext - No SecurityManager available in subject context map.  Falling back to SecurityUtils.getSecurityManager() lookup.
[Test worker] TRACE org.apache.shiro.util.ThreadContext - get() - in thread [Test worker]
[Test worker] TRACE org.apache.shiro.subject.support.DelegatingSubject - attempting to get session; create = false; session is null = true; session has id = false
[Test worker] TRACE org.apache.shiro.subject.support.DelegatingSubject - attempting to get session; create = false; session is null = true; session has id = false
[Test worker] TRACE org.apache.shiro.subject.support.DelegatingSubject - attempting to get session; create = false; session is null = true; session has id = false
[Test worker] TRACE org.apache.shiro.subject.support.DelegatingSubject - attempting to get session; create = false; session is null = true; session has id = false
[Test worker] TRACE org.apache.shiro.subject.support.DelegatingSubject - attempting to get session; create = false; session is null = true; session has id = false
[Test worker] TRACE org.apache.shiro.subject.support.DelegatingSubject - attempting to get session; create = false; session is null = true; session has id = false
[Test worker] TRACE org.apache.shiro.subject.support.DelegatingSubject - attempting to get session; create = true; session is null = true; session has id = false
[Test worker] TRACE org.apache.shiro.subject.support.DelegatingSubject - Starting session for host null
[Test worker] DEBUG org.apache.shiro.session.mgt.AbstractValidatingSessionManager - No sessionValidationScheduler set.  Attempting to create default instance.
[Test worker] TRACE org.apache.shiro.session.mgt.AbstractValidatingSessionManager - Created default SessionValidationScheduler instance of type [org.apache.shiro.session.mgt.ExecutorServiceSessionValidationScheduler].
[Test worker] INFO org.apache.shiro.session.mgt.AbstractValidatingSessionManager - Enabling session validation scheduler...
[Test worker] TRACE org.apache.shiro.session.mgt.DefaultSessionManager - Creating session for host null
[Test worker] DEBUG org.apache.shiro.session.mgt.DefaultSessionManager - Creating new EIS record for new session instance [org.apache.shiro.session.mgt.SimpleSession,id=null]
[Test worker] TRACE org.apache.shiro.session.mgt.AbstractValidatingSessionManager - Attempting to retrieve session with key org.apache.shiro.session.mgt.DefaultSessionKey@479cdb17
[Test worker] TRACE org.apache.shiro.subject.support.DelegatingSubject - attempting to get session; create = false; session is null = false; session has id = true
[Test worker] TRACE org.apache.shiro.session.mgt.AbstractValidatingSessionManager - Attempting to retrieve session with key org.apache.shiro.session.mgt.DefaultSessionKey@479cdb17
[Test worker] TRACE org.apache.shiro.session.mgt.AbstractValidatingSessionManager - Attempting to retrieve session with key org.apache.shiro.session.mgt.DefaultSessionKey@479cdb17
[Test worker] TRACE org.apache.shiro.mgt.DefaultSecurityManager - This org.apache.shiro.mgt.DefaultSecurityManager instance does not have a [org.apache.shiro.mgt.RememberMeManager] instance configured.  RememberMe services will not be performed for account [joe].
[Test worker] TRACE org.apache.shiro.subject.support.DelegatingSubject - attempting to get session; create = false; session is null = false; session has id = true
[Test worker] TRACE griffon.util.CompositeResourceBundle - Searching key=griffon.disable.threading.injection
[Test worker] TRACE griffon.util.CompositeResourceBundle - Searching key=griffon
[Test worker] DEBUG org.codehaus.griffon.runtime.core.controller.AbstractActionManager - Executing com.acme.ShiroController.user with policy OUTSIDE_UITHREAD
[Test worker] DEBUG org.codehaus.griffon.runtime.core.controller.AbstractActionManager - Executing 1 interceptor for com.acme.ShiroController.user
[Test worker] TRACE org.codehaus.griffon.runtime.core.controller.AbstractActionManager - Calling org.codehaus.griffon.runtime.shiro.ShiroActionInterceptor@2a0af4ca.before() on com.acme.ShiroController.user
[Test worker] DEBUG org.codehaus.griffon.runtime.shiro.ShiroActionInterceptor - Evaluating security requirement RequirementConfiguration{requirement=USER, values=[], logical=AND}
[Test worker] TRACE org.apache.shiro.subject.support.DelegatingSubject - attempting to get session; create = false; session is null = false; session has id = true
[Test worker] TRACE org.apache.shiro.session.mgt.AbstractValidatingSessionManager - Attempting to retrieve session with key org.apache.shiro.session.mgt.DefaultSessionKey@479cdb17
[Test worker] DEBUG org.codehaus.griffon.runtime.shiro.ShiroActionInterceptor - Subject did not meet expected security requirements.
[Test worker] INFO org.codehaus.griffon.runtime.shiro.DefaultSecurityFailureHandler - Subject failed user challenge on com.acme.ShiroController.user
[Test worker] DEBUG org.codehaus.griffon.runtime.core.controller.AbstractActionManager - Execution of com.acme.ShiroController.user was aborted by org.codehaus.griffon.runtime.shiro.ShiroActionInterceptor@2a0af4ca
[Test worker] TRACE org.codehaus.griffon.runtime.core.controller.AbstractActionManager - Status before execution of com.acme.ShiroController.user is ABORTED
[Test worker] TRACE org.codehaus.griffon.runtime.core.controller.AbstractActionManager - Calling org.codehaus.griffon.runtime.shiro.ShiroActionInterceptor@2a0af4ca.after() on com.acme.ShiroController.user
[Test worker] TRACE org.apache.shiro.subject.support.DelegatingSubject - attempting to get session; create = false; session is null = false; session has id = true
[Test worker] TRACE org.apache.shiro.session.mgt.AbstractValidatingSessionManager - Attempting to retrieve session with key org.apache.shiro.session.mgt.DefaultSessionKey@479cdb17
[Test worker] TRACE org.apache.shiro.subject.support.DelegatingSubject - attempting to get session; create = false; session is null = false; session has id = true
[Test worker] TRACE org.apache.shiro.session.mgt.AbstractValidatingSessionManager - Attempting to retrieve session with key org.apache.shiro.session.mgt.DefaultSessionKey@479cdb17
[Test worker] DEBUG org.apache.shiro.mgt.DefaultSecurityManager - Logging out subject with primary principal joe
[Test worker] TRACE org.apache.shiro.realm.CachingRealm - Cleared cache entries for account with principals [joe]
[Test worker] TRACE org.apache.shiro.subject.support.DelegatingSubject - attempting to get session; create = false; session is null = false; session has id = true
[Test worker] TRACE org.apache.shiro.session.mgt.AbstractValidatingSessionManager - Attempting to retrieve session with key org.apache.shiro.session.mgt.DefaultSessionKey@479cdb17
[Test worker] TRACE org.apache.shiro.session.mgt.AbstractValidatingSessionManager - Attempting to retrieve session with key org.apache.shiro.session.mgt.DefaultSessionKey@479cdb17
[Test worker] TRACE org.apache.shiro.subject.support.DelegatingSubject - attempting to get session; create = false; session is null = false; session has id = true
[Test worker] TRACE org.apache.shiro.session.mgt.AbstractValidatingSessionManager - Attempting to retrieve session with key org.apache.shiro.session.mgt.DefaultSessionKey@479cdb17
[Test worker] DEBUG org.apache.shiro.session.mgt.AbstractSessionManager - Stopping session with id [e7caca2b-5eba-4d9e-9f16-7cbad8ea99ef]
[Test worker] DEBUG org.codehaus.griffon.runtime.core.event.AbstractEventRouter - Triggering event 'ShutdownRequested' synchronously
[Test worker] INFO org.codehaus.griffon.runtime.core.DefaultGriffonApplication - Shutdown is in process
[Test worker] DEBUG org.codehaus.griffon.runtime.core.DefaultGriffonApplication - Shutdown stage 1: notify all event listeners
[Test worker] DEBUG org.codehaus.griffon.runtime.core.event.AbstractEventRouter - Adding listener org.codehaus.griffon.runtime.core.AbstractGriffonApplication$1 on ShutdownStart
[Test worker] DEBUG org.codehaus.griffon.runtime.core.event.AbstractEventRouter - Triggering event 'ShutdownStart' synchronously
[Test worker] DEBUG org.codehaus.griffon.runtime.core.DefaultGriffonApplication - Shutdown stage 2: notify all shutdown handlers
[Test worker] DEBUG org.codehaus.griffon.runtime.core.DefaultGriffonApplication - Shutdown stage 3: destroy all MVC groups
[Test worker] DEBUG org.codehaus.griffon.runtime.core.DefaultGriffonApplication - Shutdown stage 4: execute Shutdown script
[Test worker] TRACE griffon.util.CompositeResourceBundle - Searching key=application.lifecycle.handler.disable
[Test worker] TRACE griffon.util.CompositeResourceBundle - Searching key=application
[Test worker] INFO org.codehaus.griffon.runtime.core.DefaultApplicationBootstrapper - Griffon 2.0.0.SNAPSHOT
[Test worker] INFO org.codehaus.griffon.runtime.core.DefaultApplicationBootstrapper - Build: 2014-03-07T17:17:07.720+0000
[Test worker] INFO org.codehaus.griffon.runtime.core.DefaultApplicationBootstrapper - JVM: 1.7.0_51 (Oracle Corporation 24.51-b03)
[Test worker] INFO org.codehaus.griffon.runtime.core.DefaultApplicationBootstrapper - OS: Linux 2.6.32-042stab084.25 amd64
[Test worker] DEBUG org.codehaus.griffon.runtime.core.DefaultApplicationBootstrapper - Creating module bindings
[Test worker] DEBUG griffon.util.AnnotationUtils - Current module order is [core, shiro, testApplicationBootstrapper$InnerClasses, testApplicationBootstrapper$Fields]
[Test worker] TRACE griffon.util.AnnotationUtils - Processing module 'core'
[Test worker] TRACE griffon.util.AnnotationUtils -   depends on '[]'
[Test worker] TRACE griffon.util.AnnotationUtils -   adding module 'core', since all dependencies have been added
[Test worker] TRACE griffon.util.AnnotationUtils - Processing module 'shiro'
[Test worker] TRACE griffon.util.AnnotationUtils -   depends on '[]'
[Test worker] TRACE griffon.util.AnnotationUtils -   adding module 'shiro', since all dependencies have been added
[Test worker] TRACE griffon.util.AnnotationUtils - Processing module 'testApplicationBootstrapper$InnerClasses'
[Test worker] TRACE griffon.util.AnnotationUtils -   depends on '[]'
[Test worker] TRACE griffon.util.AnnotationUtils -   adding module 'testApplicationBootstrapper$InnerClasses', since all dependencies have been added
[Test worker] TRACE griffon.util.AnnotationUtils - Processing module 'testApplicationBootstrapper$Fields'
[Test worker] TRACE griffon.util.AnnotationUtils -   depends on '[]'
[Test worker] TRACE griffon.util.AnnotationUtils -   adding module 'testApplicationBootstrapper$Fields', since all dependencies have been added
[Test worker] TRACE griffon.util.AnnotationUtils - module dependency ordering complete
[Test worker] DEBUG griffon.util.AnnotationUtils - computed module order is [core, shiro, testApplicationBootstrapper$InnerClasses, testApplicationBootstrapper$Fields]
[Test worker] DEBUG org.codehaus.griffon.runtime.core.DefaultApplicationBootstrapper - Loading module bindings from core:org.codehaus.griffon.runtime.core.DefaultApplicationModule@12f2ed42
[Test worker] DEBUG org.codehaus.griffon.runtime.core.DefaultApplicationBootstrapper - Loading module bindings from shiro:org.codehaus.griffon.runtime.shiro.ShiroModule@ab691c6
[Test worker] DEBUG org.codehaus.griffon.runtime.core.DefaultApplicationBootstrapper - Loading module bindings from testApplicationBootstrapper$InnerClasses:org.codehaus.griffon.runtime.core.TestApplicationBootstrapper$InnerClassesModule@581c63a8
[Test worker] DEBUG org.codehaus.griffon.runtime.core.DefaultApplicationBootstrapper - Loading module bindings from testApplicationBootstrapper$Fields:org.codehaus.griffon.runtime.core.TestApplicationBootstrapper$FieldsModule@2fd2d7c9
[Test worker] TRACE org.codehaus.griffon.runtime.core.DefaultApplicationBootstrapper - InstanceBinding[source=griffon.core.GriffonApplication, instance=org.codehaus.griffon.runtime.core.DefaultGriffonApplication@42b113b8, singleton=true]
[Test worker] TRACE org.codehaus.griffon.runtime.core.DefaultApplicationBootstrapper - TargetBinding[source=griffon.core.ApplicationClassLoader, target=org.codehaus.griffon.runtime.core.DefaultApplicationClassLoader, singleton=true]
[Test worker] TRACE org.codehaus.griffon.runtime.core.DefaultApplicationBootstrapper - TargetBinding[source=griffon.core.ApplicationConfigurer, target=org.codehaus.griffon.runtime.core.DefaultApplicationConfigurer, singleton=true]
[Test worker] TRACE org.codehaus.griffon.runtime.core.DefaultApplicationBootstrapper - TargetBinding[source=griffon.core.resources.ResourceHandler, target=org.codehaus.griffon.runtime.core.resources.DefaultResourceHandler, singleton=true]
[Test worker] TRACE org.codehaus.griffon.runtime.core.DefaultApplicationBootstrapper - TargetBinding[source=griffon.util.CompositeResourceBundleBuilder, target=org.codehaus.griffon.runtime.util.DefaultCompositeResourceBundleBuilder, singleton=true]
[Test worker] TRACE org.codehaus.griffon.runtime.core.DefaultApplicationBootstrapper - ProviderBinding[source=java.util.ResourceBundle, classifier=@javax.inject.Named(value=applicationResourceBundle), provider=org.codehaus.griffon.runtime.util.ResourceBundleProvider@7785b73c, singleton=true]
[Test worker] TRACE org.codehaus.griffon.runtime.core.DefaultApplicationBootstrapper - TargetBinding[source=griffon.core.Configuration, target=org.codehaus.griffon.runtime.core.DefaultConfiguration, singleton=true]
[Test worker] TRACE org.codehaus.griffon.runtime.core.DefaultApplicationBootstrapper - TargetBinding[source=griffon.core.ExecutorServiceManager, target=org.codehaus.griffon.runtime.core.DefaultExecutorServiceManager, singleton=true]
[Test worker] TRACE org.codehaus.griffon.runtime.core.DefaultApplicationBootstrapper - TargetBinding[source=griffon.core.event.EventRouter, classifier=@javax.inject.Named(value=applicationEventRouter), target=org.codehaus.griffon.runtime.core.event.DefaultEventRouter, singleton=true]
[Test worker] TRACE org.codehaus.griffon.runtime.core.DefaultApplicationBootstrapper - TargetBinding[source=griffon.core.event.EventRouter, target=org.codehaus.griffon.runtime.core.event.DefaultEventRouter, singleton=false]
[Test worker] TRACE org.codehaus.griffon.runtime.core.DefaultApplicationBootstrapper - ProviderBinding[source=griffon.core.resources.ResourceResolver, classifier=@javax.inject.Named(value=applicationResourceResolver), provider=org.codehaus.griffon.runtime.core.resources.ResourceResolverProvider@6bc10171, singleton=true]
[Test worker] TRACE org.codehaus.griffon.runtime.core.DefaultApplicationBootstrapper - ProviderBinding[source=griffon.core.i18n.MessageSource, classifier=@javax.inject.Named(value=applicationMessageSource), provider=org.codehaus.griffon.runtime.core.i18n.MessageSourceProvider@4c45d8fb, singleton=true]
[Test worker] TRACE org.codehaus.griffon.runtime.core.DefaultApplicationBootstrapper - TargetBinding[source=griffon.core.resources.ResourceInjector, classifier=@javax.inject.Named(value=applicationResourceInjector), target=org.codehaus.griffon.runtime.core.resources.DefaultApplicationResourceInjector, singleton=true]
[Test worker] TRACE org.codehaus.griffon.runtime.core.DefaultApplicationBootstrapper - TargetBinding[source=griffon.core.threading.UIThreadManager, target=org.codehaus.griffon.runtime.core.threading.DefaultUIThreadManager, singleton=true]
[Test worker] TRACE org.codehaus.griffon.runtime.core.DefaultApplicationBootstrapper - TargetBinding[source=griffon.core.mvc.MVCGroupManager, target=org.codehaus.griffon.runtime.core.mvc.DefaultMVCGroupManager, singleton=true]
[Test worker] TRACE org.codehaus.griffon.runtime.core.DefaultApplicationBootstrapper - ProviderBinding[source=griffon.core.LifecycleHandler, classifier=@javax.inject.Named(value=Initialize), provider=org.codehaus.griffon.runtime.core.LifecycleHandlerProvider@7da86ddb, singleton=true]
[Test worker] TRACE org.codehaus.griffon.runtime.core.DefaultApplicationBootstrapper - ProviderBinding[source=griffon.core.LifecycleHandler, classifier=@javax.inject.Named(value=Startup), provider=org.codehaus.griffon.runtime.core.LifecycleHandlerProvider@3cc48550, singleton=true]
[Test worker] TRACE org.codehaus.griffon.runtime.core.DefaultApplicationBootstrapper - ProviderBinding[source=griffon.core.LifecycleHandler, classifier=@javax.inject.Named(value=Ready), provider=org.codehaus.griffon.runtime.core.LifecycleHandlerProvider@a0c665b, singleton=true]
[Test worker] TRACE org.codehaus.griffon.runtime.core.DefaultApplicationBootstrapper - ProviderBinding[source=griffon.core.LifecycleHandler, classifier=@javax.inject.Named(value=Shutdown), provider=org.codehaus.griffon.runtime.core.LifecycleHandlerProvider@3413e584, singleton=true]
[Test worker] TRACE org.codehaus.griffon.runtime.core.DefaultApplicationBootstrapper - ProviderBinding[source=griffon.core.LifecycleHandler, classifier=@javax.inject.Named(value=Stop), provider=org.codehaus.griffon.runtime.core.LifecycleHandlerProvider@64157d2, singleton=true]
[Test worker] TRACE org.codehaus.griffon.runtime.core.DefaultApplicationBootstrapper - TargetBinding[source=griffon.core.view.WindowManager, target=org.codehaus.griffon.runtime.core.view.NoopWindowManager, singleton=true]
[Test worker] TRACE org.codehaus.griffon.runtime.core.DefaultApplicationBootstrapper - TargetBinding[source=griffon.core.controller.ActionManager, target=org.codehaus.griffon.runtime.core.controller.DefaultActionManager, singleton=true]
[Test worker] TRACE org.codehaus.griffon.runtime.core.DefaultApplicationBootstrapper - TargetBinding[source=griffon.core.artifact.ArtifactManager, target=org.codehaus.griffon.runtime.core.artifact.DefaultArtifactManager, singleton=true]
[Test worker] TRACE org.codehaus.griffon.runtime.core.DefaultApplicationBootstrapper - TargetBinding[source=griffon.core.artifact.ArtifactHandler, classifier=@griffon.inject.Typed(value=interface griffon.core.artifact.GriffonModel), target=org.codehaus.griffon.runtime.core.artifact.ModelArtifactHandler, singleton=true]
[Test worker] TRACE org.codehaus.griffon.runtime.core.DefaultApplicationBootstrapper - TargetBinding[source=griffon.core.artifact.ArtifactHandler, classifier=@griffon.inject.Typed(value=interface griffon.core.artifact.GriffonView), target=org.codehaus.griffon.runtime.core.artifact.ViewArtifactHandler, singleton=true]
[Test worker] TRACE org.codehaus.griffon.runtime.core.DefaultApplicationBootstrapper - TargetBinding[source=griffon.core.artifact.ArtifactHandler, classifier=@griffon.inject.Typed(value=interface griffon.core.artifact.GriffonController), target=org.codehaus.griffon.runtime.core.artifact.ControllerArtifactHandler, singleton=true]
[Test worker] TRACE org.codehaus.griffon.runtime.core.DefaultApplicationBootstrapper - TargetBinding[source=griffon.core.artifact.ArtifactHandler, classifier=@griffon.inject.Typed(value=interface griffon.core.artifact.GriffonService), target=org.codehaus.griffon.runtime.core.artifact.ServiceArtifactHandler, singleton=true]
[Test worker] TRACE org.codehaus.griffon.runtime.core.DefaultApplicationBootstrapper - ProviderTypeBinding[source=griffon.core.PlatformHandler, providerType=class org.codehaus.griffon.runtime.core.PlatformHandlerProvider, singleton=true]
[Test worker] TRACE org.codehaus.griffon.runtime.core.DefaultApplicationBootstrapper - TargetBinding[source=griffon.core.addon.AddonManager, target=org.codehaus.griffon.runtime.core.addon.DefaultAddonManager, singleton=true]
[Test worker] TRACE org.codehaus.griffon.runtime.core.DefaultApplicationBootstrapper - TargetBinding[source=griffon.core.event.EventHandler, target=org.codehaus.griffon.runtime.core.event.DefaultEventHandler, singleton=true]
[Test worker] TRACE org.codehaus.griffon.runtime.core.DefaultApplicationBootstrapper - TargetBinding[source=griffon.core.GriffonExceptionHandler, target=griffon.core.GriffonExceptionHandler, singleton=true]
[Test worker] TRACE org.codehaus.griffon.runtime.core.DefaultApplicationBootstrapper - ProviderTypeBinding[source=org.apache.shiro.mgt.SecurityManager, providerType=class org.codehaus.griffon.runtime.shiro.SecurityManagerProvider, singleton=true]
[Test worker] TRACE org.codehaus.griffon.runtime.core.DefaultApplicationBootstrapper - ProviderTypeBinding[source=org.apache.shiro.subject.Subject, providerType=class org.codehaus.griffon.runtime.shiro.SubjectProvider, singleton=true]
[Test worker] TRACE org.codehaus.griffon.runtime.core.DefaultApplicationBootstrapper - TargetBinding[source=griffon.plugins.shiro.SecurityFailureHandler, target=org.codehaus.griffon.runtime.shiro.DefaultSecurityFailureHandler, singleton=true]
[Test worker] TRACE org.codehaus.griffon.runtime.core.DefaultApplicationBootstrapper - TargetBinding[source=griffon.core.controller.ActionInterceptor, target=org.codehaus.griffon.runtime.shiro.ShiroActionInterceptor, singleton=true]
[Test worker] DEBUG org.codehaus.griffon.runtime.core.DefaultApplicationBootstrapper - Creating application injector
[Test worker] DEBUG org.codehaus.griffon.runtime.core.DefaultApplicationBootstrapper - Injector will be created by org.codehaus.griffon.runtime.injection.GuiceInjectorFactory@403c84bd
[Test worker] DEBUG org.codehaus.griffon.runtime.core.event.AbstractEventRouter - Adding listener org.codehaus.griffon.runtime.core.MVCGroupExceptionHandler on UncaughtMVCGroupConfigurationException
[Test worker] DEBUG org.codehaus.griffon.runtime.core.event.AbstractEventRouter - Adding listener org.codehaus.griffon.runtime.core.MVCGroupExceptionHandler on UncaughtMVCGroupInstantiationException
[Test worker] DEBUG org.codehaus.griffon.runtime.core.event.AbstractEventRouter - Triggering event 'BootstrapStart' synchronously
[Test worker] DEBUG griffon.util.ServiceLoaderUtils - Reading java.beans.PropertyEditor definitions from jar:file:/home/travis/build/griffon/griffon/subprojects/griffon-core/build/libs/griffon-core-2.0.0.SNAPSHOT.jar!/META-INF/editors/java.beans.PropertyEditor
[Test worker] DEBUG org.codehaus.griffon.runtime.core.DefaultApplicationConfigurer - Registering griffon.core.editors.StringPropertyEditor as editor for java.lang.String
[Test worker] DEBUG org.codehaus.griffon.runtime.core.DefaultApplicationConfigurer - Registering griffon.core.editors.FilePropertyEditor as editor for java.io.File
[Test worker] DEBUG org.codehaus.griffon.runtime.core.DefaultApplicationConfigurer - Registering griffon.core.editors.URLPropertyEditor as editor for java.net.URL
[Test worker] DEBUG org.codehaus.griffon.runtime.core.DefaultApplicationConfigurer - Registering griffon.core.editors.URIPropertyEditor as editor for java.net.URI
[Test worker] DEBUG org.codehaus.griffon.runtime.core.DefaultApplicationConfigurer - Registering griffon.core.editors.BigDecimalPropertyEditor as editor for java.math.BigDecimal
[Test worker] DEBUG org.codehaus.griffon.runtime.core.DefaultApplicationConfigurer - Registering griffon.core.editors.BigIntegerPropertyEditor as editor for java.math.BigInteger
[Test worker] DEBUG org.codehaus.griffon.runtime.core.DefaultApplicationConfigurer - Registering griffon.core.editors.BooleanPropertyEditor as editor for java.lang.Boolean
[Test worker] DEBUG org.codehaus.griffon.runtime.core.DefaultApplicationConfigurer - Registering griffon.core.editors.BytePropertyEditor as editor for java.lang.Byte
[Test worker] DEBUG org.codehaus.griffon.runtime.core.DefaultApplicationConfigurer - Registering griffon.core.editors.ShortPropertyEditor as editor for java.lang.Short
[Test worker] DEBUG org.codehaus.griffon.runtime.core.DefaultApplicationConfigurer - Registering griffon.core.editors.IntegerPropertyEditor as editor for java.lang.Integer
[Test worker] DEBUG org.codehaus.griffon.runtime.core.DefaultApplicationConfigurer - Registering griffon.core.editors.LongPropertyEditor as editor for java.lang.Long
[Test worker] DEBUG org.codehaus.griffon.runtime.core.DefaultApplicationConfigurer - Registering griffon.core.editors.FloatPropertyEditor as editor for java.lang.Float
[Test worker] DEBUG org.codehaus.griffon.runtime.core.DefaultApplicationConfigurer - Registering griffon.core.editors.DoublePropertyEditor as editor for java.lang.Double
[Test worker] DEBUG org.codehaus.griffon.runtime.core.DefaultApplicationConfigurer - Registering griffon.core.editors.CalendarPropertyEditor as editor for java.util.Calendar
[Test worker] DEBUG org.codehaus.griffon.runtime.core.DefaultApplicationConfigurer - Registering griffon.core.editors.DatePropertyEditor as editor for java.util.Date
[Test worker] DEBUG org.codehaus.griffon.runtime.core.DefaultApplicationConfigurer - Registering griffon.core.editors.BooleanPropertyEditor as editor for boolean
[Test worker] DEBUG org.codehaus.griffon.runtime.core.DefaultApplicationConfigurer - Registering griffon.core.editors.BytePropertyEditor as editor for byte
[Test worker] DEBUG org.codehaus.griffon.runtime.core.DefaultApplicationConfigurer - Registering griffon.core.editors.ShortPropertyEditor as editor for short
[Test worker] DEBUG org.codehaus.griffon.runtime.core.DefaultApplicationConfigurer - Registering griffon.core.editors.IntegerPropertyEditor as editor for int
[Test worker] DEBUG org.codehaus.griffon.runtime.core.DefaultApplicationConfigurer - Registering griffon.core.editors.LongPropertyEditor as editor for long
[Test worker] DEBUG org.codehaus.griffon.runtime.core.DefaultApplicationConfigurer - Registering griffon.core.editors.FloatPropertyEditor as editor for float
[Test worker] DEBUG org.codehaus.griffon.runtime.core.DefaultApplicationConfigurer - Registering griffon.core.editors.DoublePropertyEditor as editor for double
[Test worker] DEBUG org.codehaus.griffon.runtime.core.event.AbstractEventRouter - Adding listener org.codehaus.griffon.runtime.core.DefaultApplicationConfigurer$2 on NewInstance
[Test worker] TRACE griffon.util.CompositeResourceBundle - Searching key=application.lifecycle.handler.disable
[Test worker] TRACE griffon.util.CompositeResourceBundle - Searching key=application
[Test worker] TRACE griffon.util.CompositeResourceBundle - Searching key=platform.handler.linux64
[Test worker] TRACE griffon.util.CompositeResourceBundle - Searching key=platform
[Test worker] DEBUG org.codehaus.griffon.runtime.core.PlatformHandlerProvider - Using org.codehaus.griffon.runtime.core.DefaultPlatformHandler as PlatformHandler
[Test worker] DEBUG org.codehaus.griffon.runtime.core.addon.AbstractAddonManager - Loading addons [START]
[Test worker] DEBUG griffon.util.AnnotationUtils - computed addon order is []
[Test worker] DEBUG org.codehaus.griffon.runtime.core.event.AbstractEventRouter - Triggering event 'LoadAddonsStart' synchronously
[Test worker] DEBUG org.codehaus.griffon.runtime.core.addon.AbstractAddonManager - Loading addons [END]
[Test worker] DEBUG org.codehaus.griffon.runtime.core.event.AbstractEventRouter - Triggering event 'LoadAddonsEnd' synchronously
[Test worker] TRACE griffon.util.CompositeResourceBundle - Searching key=mvcGroups
[Test worker] TRACE griffon.util.CompositeResourceBundle - Searching key=mvcGroups
[Test worker] DEBUG org.codehaus.griffon.runtime.core.event.AbstractEventRouter - Adding listener org.codehaus.griffon.runtime.core.DefaultApplicationConfigurer$3 on NewInstance
[Test worker] TRACE griffon.util.CompositeResourceBundle - Searching key=shiro.realm.resource.path
[Test worker] TRACE griffon.util.CompositeResourceBundle - Searching key=shiro
[Test worker] DEBUG org.apache.shiro.realm.text.PropertiesRealm - Loading user security information from file [classpath:shiro-users.properties]...
[Test worker] DEBUG org.apache.shiro.realm.text.PropertiesRealm - Opening input stream for path [classpath:shiro-users.properties]...
[Test worker] DEBUG org.apache.shiro.io.ResourceUtils - Opening resource from class path [shiro-users.properties]
[Test worker] DEBUG org.apache.shiro.realm.text.PropertiesRealm - Loading properties from path [classpath:shiro-users.properties]...
[Test worker] TRACE org.apache.shiro.realm.text.PropertiesRealm - Processing properties line - key: [user.joe], value: [joe,employee].
[Test worker] TRACE org.apache.shiro.realm.text.PropertiesRealm - Processing properties line - key: [user.bob], value: [bob,manager,employee].
[Test worker] TRACE org.apache.shiro.realm.text.PropertiesRealm - Processing properties line - key: [role.administrator], value: [*].
[Test worker] TRACE org.apache.shiro.realm.text.PropertiesRealm - Processing properties line - key: [role.manager], value: [user:write].
[Test worker] TRACE org.apache.shiro.realm.text.PropertiesRealm - Processing properties line - key: [user.root], value: [root,administrator,manager].
[Test worker] TRACE org.apache.shiro.realm.text.PropertiesRealm - Processing properties line - key: [role.employee], value: [user:read].
[Test worker] TRACE org.apache.shiro.util.ThreadContext - get() - in thread [Test worker]
[Test worker] TRACE org.apache.shiro.util.ThreadContext - Retrieved value of type [org.apache.shiro.subject.support.DelegatingSubject] for key [org.apache.shiro.util.ThreadContext_SUBJECT_KEY] bound to thread [Test worker]
[Test worker] TRACE griffon.util.CompositeResourceBundle - Searching key=griffon.controller.action.interceptor.order
[Test worker] TRACE griffon.util.CompositeResourceBundle - Searching key=griffon
[Test worker] DEBUG griffon.util.AnnotationUtils - Current interceptor order is [shiro]
[Test worker] TRACE griffon.util.AnnotationUtils - Processing interceptor 'shiro'
[Test worker] TRACE griffon.util.AnnotationUtils -   depends on '[]'
[Test worker] TRACE griffon.util.AnnotationUtils -   adding interceptor 'shiro', since all dependencies have been added
[Test worker] TRACE griffon.util.AnnotationUtils - interceptor dependency ordering complete
[Test worker] DEBUG griffon.util.AnnotationUtils - computed interceptor order is [shiro]
[Test worker] DEBUG org.codehaus.griffon.runtime.core.artifact.AbstractArtifactManager - Registering artifact handler for type 'model': org.codehaus.griffon.runtime.core.artifact.ModelArtifactHandler@3ba5956d
[Test worker] DEBUG org.codehaus.griffon.runtime.core.artifact.AbstractArtifactManager - Registering artifact handler for type 'view': org.codehaus.griffon.runtime.core.artifact.ViewArtifactHandler@73f545b2
[Test worker] DEBUG org.codehaus.griffon.runtime.core.artifact.AbstractArtifactManager - Registering artifact handler for type 'controller': org.codehaus.griffon.runtime.core.artifact.ControllerArtifactHandler@6bb2e497
[Test worker] DEBUG org.codehaus.griffon.runtime.core.artifact.AbstractArtifactManager - Registering artifact handler for type 'service': org.codehaus.griffon.runtime.core.artifact.ServiceArtifactHandler@2dbdacbe
[Test worker] DEBUG griffon.util.ServiceLoaderUtils - Reading griffon.core.artifact.GriffonController definitions from file:/home/travis/build/griffon/griffon/plugins/griffon-shiro-plugin/build/classes/test/META-INF/griffon/griffon.core.artifact.GriffonController
[Test worker] DEBUG griffon.util.ServiceLoaderUtils - Reading griffon.core.artifact.GriffonModel definitions from file:/home/travis/build/griffon/griffon/plugins/griffon-shiro-plugin/build/classes/test/META-INF/griffon/griffon.core.artifact.GriffonModel
[Test worker] DEBUG org.codehaus.griffon.runtime.core.artifact.DefaultArtifactManager - Artifacts of type 'controller' = 1
[Test worker] DEBUG org.codehaus.griffon.runtime.core.artifact.DefaultArtifactManager - Artifacts of type 'model' = 1
[Test worker] TRACE org.codehaus.griffon.runtime.core.artifact.AbstractArtifactManager - InstanceBinding[source=griffon.core.artifact.GriffonClass, classifier=@griffon.inject.Typed(value=class com.acme.ShiroController), instance=Artifact[controller] > Shiro, singleton=true]
[Test worker] TRACE org.codehaus.griffon.runtime.core.artifact.AbstractArtifactManager - TargetBinding[source=com.acme.ShiroController, target=com.acme.ShiroController, singleton=false]
[Test worker] TRACE org.codehaus.griffon.runtime.core.artifact.AbstractArtifactManager - InstanceBinding[source=griffon.core.artifact.GriffonClass, classifier=@griffon.inject.Typed(value=class com.acme.ShiroModel), instance=Artifact[model] > Shiro, singleton=true]
[Test worker] TRACE org.codehaus.griffon.runtime.core.artifact.AbstractArtifactManager - TargetBinding[source=com.acme.ShiroModel, target=com.acme.ShiroModel, singleton=false]
[Test worker] DEBUG org.codehaus.griffon.runtime.core.event.AbstractEventRouter - Triggering event 'BootstrapEnd' synchronously
[Test worker] DEBUG org.codehaus.griffon.runtime.core.artifact.AbstractArtifactManager - Searching for griffonClass of com.acme.ShiroController
[Test worker] DEBUG org.codehaus.griffon.runtime.core.event.AbstractEventRouter - Triggering event 'NewInstance' synchronously
[Test worker] DEBUG org.codehaus.griffon.runtime.core.artifact.AbstractArtifactManager - Searching for griffonClass of com.acme.ShiroController
[Test worker] TRACE griffon.util.CompositeResourceBundle - Searching key=com.acme.ShiroController.action.Authenticated.name
[Test worker] TRACE griffon.util.CompositeResourceBundle - Searching key=application.action.Authenticated.name
[Test worker] TRACE org.codehaus.griffon.runtime.core.controller.AbstractActionManager - com.acme.ShiroController.action.Authenticated.name = Authenticated
[Test worker] DEBUG org.codehaus.griffon.runtime.core.controller.AbstractActionManager - Configuring action com.acme.ShiroController.authenticated with org.codehaus.griffon.runtime.shiro.ShiroActionInterceptor@23b804dd
[Test worker] TRACE org.codehaus.griffon.runtime.core.controller.AbstractActionManager - Action for com.acme.ShiroController.authenticated stored as authenticated
[Test worker] TRACE griffon.util.CompositeResourceBundle - Searching key=com.acme.ShiroController.action.Guest.name
[Test worker] TRACE griffon.util.CompositeResourceBundle - Searching key=application.action.Guest.name
[Test worker] TRACE org.codehaus.griffon.runtime.core.controller.AbstractActionManager - com.acme.ShiroController.action.Guest.name = Guest
[Test worker] DEBUG org.codehaus.griffon.runtime.core.controller.AbstractActionManager - Configuring action com.acme.ShiroController.guest with org.codehaus.griffon.runtime.shiro.ShiroActionInterceptor@23b804dd
[Test worker] TRACE org.codehaus.griffon.runtime.core.controller.AbstractActionManager - Action for com.acme.ShiroController.guest stored as guest
[Test worker] TRACE griffon.util.CompositeResourceBundle - Searching key=com.acme.ShiroController.action.Permissions.name
[Test worker] TRACE griffon.util.CompositeResourceBundle - Searching key=application.action.Permissions.name
[Test worker] TRACE org.codehaus.griffon.runtime.core.controller.AbstractActionManager - com.acme.ShiroController.action.Permissions.name = Permissions
[Test worker] DEBUG org.codehaus.griffon.runtime.core.controller.AbstractActionManager - Configuring action com.acme.ShiroController.permissions with org.codehaus.griffon.runtime.shiro.ShiroActionInterceptor@23b804dd
[Test worker] TRACE org.codehaus.griffon.runtime.core.controller.AbstractActionManager - Action for com.acme.ShiroController.permissions stored as permissions
[Test worker] TRACE griffon.util.CompositeResourceBundle - Searching key=com.acme.ShiroController.action.Roles.name
[Test worker] TRACE griffon.util.CompositeResourceBundle - Searching key=application.action.Roles.name
[Test worker] TRACE org.codehaus.griffon.runtime.core.controller.AbstractActionManager - com.acme.ShiroController.action.Roles.name = Roles
[Test worker] DEBUG org.codehaus.griffon.runtime.core.controller.AbstractActionManager - Configuring action com.acme.ShiroController.roles with org.codehaus.griffon.runtime.shiro.ShiroActionInterceptor@23b804dd
[Test worker] TRACE org.codehaus.griffon.runtime.core.controller.AbstractActionManager - Action for com.acme.ShiroController.roles stored as roles
[Test worker] TRACE griffon.util.CompositeResourceBundle - Searching key=com.acme.ShiroController.action.User.name
[Test worker] TRACE griffon.util.CompositeResourceBundle - Searching key=application.action.User.name
[Test worker] TRACE org.codehaus.griffon.runtime.core.controller.AbstractActionManager - com.acme.ShiroController.action.User.name = User
[Test worker] DEBUG org.codehaus.griffon.runtime.core.controller.AbstractActionManager - Configuring action com.acme.ShiroController.user with org.codehaus.griffon.runtime.shiro.ShiroActionInterceptor@23b804dd
[Test worker] TRACE org.codehaus.griffon.runtime.core.controller.AbstractActionManager - Action for com.acme.ShiroController.user stored as user
[Test worker] DEBUG org.codehaus.griffon.runtime.core.artifact.AbstractArtifactManager - Searching for griffonClass of com.acme.ShiroModel
[Test worker] DEBUG org.codehaus.griffon.runtime.core.event.AbstractEventRouter - Triggering event 'NewInstance' synchronously
[Test worker] TRACE org.apache.shiro.subject.support.DelegatingSubject - attempting to get session; create = false; session is null = true; session has id = false
[Test worker] TRACE org.apache.shiro.authc.AbstractAuthenticator - Authentication attempt received for token [org.apache.shiro.authc.UsernamePasswordToken - joe, rememberMe=false]
[Test worker] DEBUG org.apache.shiro.realm.AuthenticatingRealm - Looked up AuthenticationInfo [joe] from doGetAuthenticationInfo
[Test worker] DEBUG org.apache.shiro.realm.AuthenticatingRealm - AuthenticationInfo caching is disabled for info [joe].  Submitted token: [org.apache.shiro.authc.UsernamePasswordToken - joe, rememberMe=false].
[Test worker] DEBUG org.apache.shiro.authc.credential.SimpleCredentialsMatcher - Performing credentials equality check for tokenCredentials of type [[C and accountCredentials of type [java.lang.String]
[Test worker] DEBUG org.apache.shiro.authc.credential.SimpleCredentialsMatcher - Both credentials arguments can be easily converted to byte arrays.  Performing array equals comparison
[Test worker] DEBUG org.apache.shiro.authc.AbstractAuthenticator - Authentication successful for token [org.apache.shiro.authc.UsernamePasswordToken - joe, rememberMe=false].  Returned account [joe]
[Test worker] DEBUG org.apache.shiro.subject.support.DefaultSubjectContext - No SecurityManager available in subject context map.  Falling back to SecurityUtils.getSecurityManager() lookup.
[Test worker] TRACE org.apache.shiro.util.ThreadContext - get() - in thread [Test worker]
[Test worker] TRACE org.apache.shiro.mgt.DefaultSecurityManager - Context already contains a SecurityManager instance.  Returning.
[Test worker] TRACE org.apache.shiro.subject.support.DelegatingSubject - attempting to get session; create = false; session is null = true; session has id = false
[Test worker] DEBUG org.apache.shiro.subject.support.DefaultSubjectContext - No SecurityManager available in subject context map.  Falling back to SecurityUtils.getSecurityManager() lookup.
[Test worker] TRACE org.apache.shiro.util.ThreadContext - get() - in thread [Test worker]
[Test worker] TRACE org.apache.shiro.subject.support.DelegatingSubject - attempting to get session; create = false; session is null = true; session has id = false
[Test worker] TRACE org.apache.shiro.subject.support.DelegatingSubject - attempting to get session; create = false; session is null = true; session has id = false
[Test worker] TRACE org.apache.shiro.subject.support.DelegatingSubject - attempting to get session; create = false; session is null = true; session has id = false
[Test worker] TRACE org.apache.shiro.subject.support.DelegatingSubject - attempting to get session; create = false; session is null = true; session has id = false
[Test worker] TRACE org.apache.shiro.subject.support.DelegatingSubject - attempting to get session; create = false; session is null = true; session has id = false
[Test worker] TRACE org.apache.shiro.subject.support.DelegatingSubject - attempting to get session; create = false; session is null = true; session has id = false
[Test worker] TRACE org.apache.shiro.subject.support.DelegatingSubject - attempting to get session; create = true; session is null = true; session has id = false
[Test worker] TRACE org.apache.shiro.subject.support.DelegatingSubject - Starting session for host null
[Test worker] DEBUG org.apache.shiro.session.mgt.AbstractValidatingSessionManager - No sessionValidationScheduler set.  Attempting to create default instance.
[Test worker] TRACE org.apache.shiro.session.mgt.AbstractValidatingSessionManager - Created default SessionValidationScheduler instance of type [org.apache.shiro.session.mgt.ExecutorServiceSessionValidationScheduler].
[Test worker] INFO org.apache.shiro.session.mgt.AbstractValidatingSessionManager - Enabling session validation scheduler...
[Test worker] TRACE org.apache.shiro.session.mgt.DefaultSessionManager - Creating session for host null
[Test worker] DEBUG org.apache.shiro.session.mgt.DefaultSessionManager - Creating new EIS record for new session instance [org.apache.shiro.session.mgt.SimpleSession,id=null]
[Test worker] TRACE org.apache.shiro.session.mgt.AbstractValidatingSessionManager - Attempting to retrieve session with key org.apache.shiro.session.mgt.DefaultSessionKey@64411576
[Test worker] TRACE org.apache.shiro.subject.support.DelegatingSubject - attempting to get session; create = false; session is null = false; session has id = true
[Test worker] TRACE org.apache.shiro.session.mgt.AbstractValidatingSessionManager - Attempting to retrieve session with key org.apache.shiro.session.mgt.DefaultSessionKey@64411576
[Test worker] TRACE org.apache.shiro.session.mgt.AbstractValidatingSessionManager - Attempting to retrieve session with key org.apache.shiro.session.mgt.DefaultSessionKey@64411576
[Test worker] TRACE org.apache.shiro.mgt.DefaultSecurityManager - This org.apache.shiro.mgt.DefaultSecurityManager instance does not have a [org.apache.shiro.mgt.RememberMeManager] instance configured.  RememberMe services will not be performed for account [joe].
[Test worker] TRACE org.apache.shiro.subject.support.DelegatingSubject - attempting to get session; create = false; session is null = false; session has id = true
[Test worker] TRACE griffon.util.CompositeResourceBundle - Searching key=griffon.disable.threading.injection
[Test worker] TRACE griffon.util.CompositeResourceBundle - Searching key=griffon
[Test worker] DEBUG org.codehaus.griffon.runtime.core.controller.AbstractActionManager - Executing com.acme.ShiroController.authenticated with policy OUTSIDE_UITHREAD
[Test worker] DEBUG org.codehaus.griffon.runtime.core.controller.AbstractActionManager - Executing 1 interceptor for com.acme.ShiroController.authenticated
[Test worker] TRACE org.codehaus.griffon.runtime.core.controller.AbstractActionManager - Calling org.codehaus.griffon.runtime.shiro.ShiroActionInterceptor@23b804dd.before() on com.acme.ShiroController.authenticated
[Test worker] DEBUG org.codehaus.griffon.runtime.shiro.ShiroActionInterceptor - Evaluating security requirement RequirementConfiguration{requirement=AUTHENTICATION, values=[], logical=AND}
[Test worker] TRACE org.codehaus.griffon.runtime.core.controller.AbstractActionManager - Status before execution of com.acme.ShiroController.authenticated is OK
[Test worker] TRACE org.codehaus.griffon.runtime.core.controller.AbstractActionManager - Status after execution of com.acme.ShiroController.authenticated is OK
[Test worker] TRACE org.codehaus.griffon.runtime.core.controller.AbstractActionManager - Calling org.codehaus.griffon.runtime.shiro.ShiroActionInterceptor@23b804dd.after() on com.acme.ShiroController.authenticated
[Test worker] TRACE org.apache.shiro.subject.support.DelegatingSubject - attempting to get session; create = false; session is null = false; session has id = true
[Test worker] TRACE org.apache.shiro.session.mgt.AbstractValidatingSessionManager - Attempting to retrieve session with key org.apache.shiro.session.mgt.DefaultSessionKey@64411576
[Test worker] TRACE org.apache.shiro.subject.support.DelegatingSubject - attempting to get session; create = false; session is null = false; session has id = true
[Test worker] TRACE org.apache.shiro.session.mgt.AbstractValidatingSessionManager - Attempting to retrieve session with key org.apache.shiro.session.mgt.DefaultSessionKey@64411576
[Test worker] DEBUG org.apache.shiro.mgt.DefaultSecurityManager - Logging out subject with primary principal joe
[Test worker] TRACE org.apache.shiro.realm.CachingRealm - Cleared cache entries for account with principals [joe]
[Test worker] TRACE org.apache.shiro.subject.support.DelegatingSubject - attempting to get session; create = false; session is null = false; session has id = true
[Test worker] TRACE org.apache.shiro.session.mgt.AbstractValidatingSessionManager - Attempting to retrieve session with key org.apache.shiro.session.mgt.DefaultSessionKey@64411576
[Test worker] TRACE org.apache.shiro.session.mgt.AbstractValidatingSessionManager - Attempting to retrieve session with key org.apache.shiro.session.mgt.DefaultSessionKey@64411576
[Test worker] TRACE org.apache.shiro.subject.support.DelegatingSubject - attempting to get session; create = false; session is null = false; session has id = true
[Test worker] TRACE org.apache.shiro.session.mgt.AbstractValidatingSessionManager - Attempting to retrieve session with key org.apache.shiro.session.mgt.DefaultSessionKey@64411576
[Test worker] DEBUG org.apache.shiro.session.mgt.AbstractSessionManager - Stopping session with id [45304408-7c7e-484c-a906-9961e1efc516]
[Test worker] DEBUG org.codehaus.griffon.runtime.core.event.AbstractEventRouter - Triggering event 'ShutdownRequested' synchronously
[Test worker] INFO org.codehaus.griffon.runtime.core.DefaultGriffonApplication - Shutdown is in process
[Test worker] DEBUG org.codehaus.griffon.runtime.core.DefaultGriffonApplication - Shutdown stage 1: notify all event listeners
[Test worker] DEBUG org.codehaus.griffon.runtime.core.event.AbstractEventRouter - Adding listener org.codehaus.griffon.runtime.core.AbstractGriffonApplication$1 on ShutdownStart
[Test worker] DEBUG org.codehaus.griffon.runtime.core.event.AbstractEventRouter - Triggering event 'ShutdownStart' synchronously
[Test worker] DEBUG org.codehaus.griffon.runtime.core.DefaultGriffonApplication - Shutdown stage 2: notify all shutdown handlers
[Test worker] DEBUG org.codehaus.griffon.runtime.core.DefaultGriffonApplication - Shutdown stage 3: destroy all MVC groups
[Test worker] DEBUG org.codehaus.griffon.runtime.core.DefaultGriffonApplication - Shutdown stage 4: execute Shutdown script
[Test worker] TRACE griffon.util.CompositeResourceBundle - Searching key=application.lifecycle.handler.disable
[Test worker] TRACE griffon.util.CompositeResourceBundle - Searching key=application
[Test worker] INFO org.codehaus.griffon.runtime.core.DefaultApplicationBootstrapper - Griffon 2.0.0.SNAPSHOT
[Test worker] INFO org.codehaus.griffon.runtime.core.DefaultApplicationBootstrapper - Build: 2014-03-07T17:17:07.720+0000
[Test worker] INFO org.codehaus.griffon.runtime.core.DefaultApplicationBootstrapper - JVM: 1.7.0_51 (Oracle Corporation 24.51-b03)
[Test worker] INFO org.codehaus.griffon.runtime.core.DefaultApplicationBootstrapper - OS: Linux 2.6.32-042stab084.25 amd64
[Test worker] DEBUG org.codehaus.griffon.runtime.core.DefaultApplicationBootstrapper - Creating module bindings
[Test worker] DEBUG griffon.util.AnnotationUtils - Current module order is [core, shiro, testApplicationBootstrapper$InnerClasses, testApplicationBootstrapper$Fields]
[Test worker] TRACE griffon.util.AnnotationUtils - Processing module 'core'
[Test worker] TRACE griffon.util.AnnotationUtils -   depends on '[]'
[Test worker] TRACE griffon.util.AnnotationUtils -   adding module 'core', since all dependencies have been added
[Test worker] TRACE griffon.util.AnnotationUtils - Processing module 'shiro'
[Test worker] TRACE griffon.util.AnnotationUtils -   depends on '[]'
[Test worker] TRACE griffon.util.AnnotationUtils -   adding module 'shiro', since all dependencies have been added
[Test worker] TRACE griffon.util.AnnotationUtils - Processing module 'testApplicationBootstrapper$InnerClasses'
[Test worker] TRACE griffon.util.AnnotationUtils -   depends on '[]'
[Test worker] TRACE griffon.util.AnnotationUtils -   adding module 'testApplicationBootstrapper$InnerClasses', since all dependencies have been added
[Test worker] TRACE griffon.util.AnnotationUtils - Processing module 'testApplicationBootstrapper$Fields'
[Test worker] TRACE griffon.util.AnnotationUtils -   depends on '[]'
[Test worker] TRACE griffon.util.AnnotationUtils -   adding module 'testApplicationBootstrapper$Fields', since all dependencies have been added
[Test worker] TRACE griffon.util.AnnotationUtils - module dependency ordering complete
[Test worker] DEBUG griffon.util.AnnotationUtils - computed module order is [core, shiro, testApplicationBootstrapper$InnerClasses, testApplicationBootstrapper$Fields]
[Test worker] DEBUG org.codehaus.griffon.runtime.core.DefaultApplicationBootstrapper - Loading module bindings from core:org.codehaus.griffon.runtime.core.DefaultApplicationModule@7df5ddbe
[Test worker] DEBUG org.codehaus.griffon.runtime.core.DefaultApplicationBootstrapper - Loading module bindings from shiro:org.codehaus.griffon.runtime.shiro.ShiroModule@18b1258d
[Test worker] DEBUG org.codehaus.griffon.runtime.core.DefaultApplicationBootstrapper - Loading module bindings from testApplicationBootstrapper$InnerClasses:org.codehaus.griffon.runtime.core.TestApplicationBootstrapper$InnerClassesModule@161858a5
[Test worker] DEBUG org.codehaus.griffon.runtime.core.DefaultApplicationBootstrapper - Loading module bindings from testApplicationBootstrapper$Fields:org.codehaus.griffon.runtime.core.TestApplicationBootstrapper$FieldsModule@1863c3f8
[Test worker] TRACE org.codehaus.griffon.runtime.core.DefaultApplicationBootstrapper - InstanceBinding[source=griffon.core.GriffonApplication, instance=org.codehaus.griffon.runtime.core.DefaultGriffonApplication@64d6f6fd, singleton=true]
[Test worker] TRACE org.codehaus.griffon.runtime.core.DefaultApplicationBootstrapper - TargetBinding[source=griffon.core.ApplicationClassLoader, target=org.codehaus.griffon.runtime.core.DefaultApplicationClassLoader, singleton=true]
[Test worker] TRACE org.codehaus.griffon.runtime.core.DefaultApplicationBootstrapper - TargetBinding[source=griffon.core.ApplicationConfigurer, target=org.codehaus.griffon.runtime.core.DefaultApplicationConfigurer, singleton=true]
[Test worker] TRACE org.codehaus.griffon.runtime.core.DefaultApplicationBootstrapper - TargetBinding[source=griffon.core.resources.ResourceHandler, target=org.codehaus.griffon.runtime.core.resources.DefaultResourceHandler, singleton=true]
[Test worker] TRACE org.codehaus.griffon.runtime.core.DefaultApplicationBootstrapper - TargetBinding[source=griffon.util.CompositeResourceBundleBuilder, target=org.codehaus.griffon.runtime.util.DefaultCompositeResourceBundleBuilder, singleton=true]
[Test worker] TRACE org.codehaus.griffon.runtime.core.DefaultApplicationBootstrapper - ProviderBinding[source=java.util.ResourceBundle, classifier=@javax.inject.Named(value=applicationResourceBundle), provider=org.codehaus.griffon.runtime.util.ResourceBundleProvider@5cf18fc3, singleton=true]
[Test worker] TRACE org.codehaus.griffon.runtime.core.DefaultApplicationBootstrapper - TargetBinding[source=griffon.core.Configuration, target=org.codehaus.griffon.runtime.core.DefaultConfiguration, singleton=true]
[Test worker] TRACE org.codehaus.griffon.runtime.core.DefaultApplicationBootstrapper - TargetBinding[source=griffon.core.ExecutorServiceManager, target=org.codehaus.griffon.runtime.core.DefaultExecutorServiceManager, singleton=true]
[Test worker] TRACE org.codehaus.griffon.runtime.core.DefaultApplicationBootstrapper - TargetBinding[source=griffon.core.event.EventRouter, classifier=@javax.inject.Named(value=applicationEventRouter), target=org.codehaus.griffon.runtime.core.event.DefaultEventRouter, singleton=true]
[Test worker] TRACE org.codehaus.griffon.runtime.core.DefaultApplicationBootstrapper - TargetBinding[source=griffon.core.event.EventRouter, target=org.codehaus.griffon.runtime.core.event.DefaultEventRouter, singleton=false]
[Test worker] TRACE org.codehaus.griffon.runtime.core.DefaultApplicationBootstrapper - ProviderBinding[source=griffon.core.resources.ResourceResolver, classifier=@javax.inject.Named(value=applicationResourceResolver), provider=org.codehaus.griffon.runtime.core.resources.ResourceResolverProvider@77157ae0, singleton=true]
[Test worker] TRACE org.codehaus.griffon.runtime.core.DefaultApplicationBootstrapper - ProviderBinding[source=griffon.core.i18n.MessageSource, classifier=@javax.inject.Named(value=applicationMessageSource), provider=org.codehaus.griffon.runtime.core.i18n.MessageSourceProvider@23364534, singleton=true]
[Test worker] TRACE org.codehaus.griffon.runtime.core.DefaultApplicationBootstrapper - TargetBinding[source=griffon.core.resources.ResourceInjector, classifier=@javax.inject.Named(value=applicationResourceInjector), target=org.codehaus.griffon.runtime.core.resources.DefaultApplicationResourceInjector, singleton=true]
[Test worker] TRACE org.codehaus.griffon.runtime.core.DefaultApplicationBootstrapper - TargetBinding[source=griffon.core.threading.UIThreadManager, target=org.codehaus.griffon.runtime.core.threading.DefaultUIThreadManager, singleton=true]
[Test worker] TRACE org.codehaus.griffon.runtime.core.DefaultApplicationBootstrapper - TargetBinding[source=griffon.core.mvc.MVCGroupManager, target=org.codehaus.griffon.runtime.core.mvc.DefaultMVCGroupManager, singleton=true]
[Test worker] TRACE org.codehaus.griffon.runtime.core.DefaultApplicationBootstrapper - ProviderBinding[source=griffon.core.LifecycleHandler, classifier=@javax.inject.Named(value=Initialize), provider=org.codehaus.griffon.runtime.core.LifecycleHandlerProvider@3ff96afb, singleton=true]
[Test worker] TRACE org.codehaus.griffon.runtime.core.DefaultApplicationBootstrapper - ProviderBinding[source=griffon.core.LifecycleHandler, classifier=@javax.inject.Named(value=Startup), provider=org.codehaus.griffon.runtime.core.LifecycleHandlerProvider@fdea58d, singleton=true]
[Test worker] TRACE org.codehaus.griffon.runtime.core.DefaultApplicationBootstrapper - ProviderBinding[source=griffon.core.LifecycleHandler, classifier=@javax.inject.Named(value=Ready), provider=org.codehaus.griffon.runtime.core.LifecycleHandlerProvider@6246d41e, singleton=true]
[Test worker] TRACE org.codehaus.griffon.runtime.core.DefaultApplicationBootstrapper - ProviderBinding[source=griffon.core.LifecycleHandler, classifier=@javax.inject.Named(value=Shutdown), provider=org.codehaus.griffon.runtime.core.LifecycleHandlerProvider@18102ffa, singleton=true]
[Test worker] TRACE org.codehaus.griffon.runtime.core.DefaultApplicationBootstrapper - ProviderBinding[source=griffon.core.LifecycleHandler, classifier=@javax.inject.Named(value=Stop), provider=org.codehaus.griffon.runtime.core.LifecycleHandlerProvider@4ebdd26d, singleton=true]
[Test worker] TRACE org.codehaus.griffon.runtime.core.DefaultApplicationBootstrapper - TargetBinding[source=griffon.core.view.WindowManager, target=org.codehaus.griffon.runtime.core.view.NoopWindowManager, singleton=true]
[Test worker] TRACE org.codehaus.griffon.runtime.core.DefaultApplicationBootstrapper - TargetBinding[source=griffon.core.controller.ActionManager, target=org.codehaus.griffon.runtime.core.controller.DefaultActionManager, singleton=true]
[Test worker] TRACE org.codehaus.griffon.runtime.core.DefaultApplicationBootstrapper - TargetBinding[source=griffon.core.artifact.ArtifactManager, target=org.codehaus.griffon.runtime.core.artifact.DefaultArtifactManager, singleton=true]
[Test worker] TRACE org.codehaus.griffon.runtime.core.DefaultApplicationBootstrapper - TargetBinding[source=griffon.core.artifact.ArtifactHandler, classifier=@griffon.inject.Typed(value=interface griffon.core.artifact.GriffonModel), target=org.codehaus.griffon.runtime.core.artifact.ModelArtifactHandler, singleton=true]
[Test worker] TRACE org.codehaus.griffon.runtime.core.DefaultApplicationBootstrapper - TargetBinding[source=griffon.core.artifact.ArtifactHandler, classifier=@griffon.inject.Typed(value=interface griffon.core.artifact.GriffonView), target=org.codehaus.griffon.runtime.core.artifact.ViewArtifactHandler, singleton=true]
[Test worker] TRACE org.codehaus.griffon.runtime.core.DefaultApplicationBootstrapper - TargetBinding[source=griffon.core.artifact.ArtifactHandler, classifier=@griffon.inject.Typed(value=interface griffon.core.artifact.GriffonController), target=org.codehaus.griffon.runtime.core.artifact.ControllerArtifactHandler, singleton=true]
[Test worker] TRACE org.codehaus.griffon.runtime.core.DefaultApplicationBootstrapper - TargetBinding[source=griffon.core.artifact.ArtifactHandler, classifier=@griffon.inject.Typed(value=interface griffon.core.artifact.GriffonService), target=org.codehaus.griffon.runtime.core.artifact.ServiceArtifactHandler, singleton=true]
[Test worker] TRACE org.codehaus.griffon.runtime.core.DefaultApplicationBootstrapper - ProviderTypeBinding[source=griffon.core.PlatformHandler, providerType=class org.codehaus.griffon.runtime.core.PlatformHandlerProvider, singleton=true]
[Test worker] TRACE org.codehaus.griffon.runtime.core.DefaultApplicationBootstrapper - TargetBinding[source=griffon.core.addon.AddonManager, target=org.codehaus.griffon.runtime.core.addon.DefaultAddonManager, singleton=true]
[Test worker] TRACE org.codehaus.griffon.runtime.core.DefaultApplicationBootstrapper - TargetBinding[source=griffon.core.event.EventHandler, target=org.codehaus.griffon.runtime.core.event.DefaultEventHandler, singleton=true]
[Test worker] TRACE org.codehaus.griffon.runtime.core.DefaultApplicationBootstrapper - TargetBinding[source=griffon.core.GriffonExceptionHandler, target=griffon.core.GriffonExceptionHandler, singleton=true]
[Test worker] TRACE org.codehaus.griffon.runtime.core.DefaultApplicationBootstrapper - ProviderTypeBinding[source=org.apache.shiro.mgt.SecurityManager, providerType=class org.codehaus.griffon.runtime.shiro.SecurityManagerProvider, singleton=true]
[Test worker] TRACE org.codehaus.griffon.runtime.core.DefaultApplicationBootstrapper - ProviderTypeBinding[source=org.apache.shiro.subject.Subject, providerType=class org.codehaus.griffon.runtime.shiro.SubjectProvider, singleton=true]
[Test worker] TRACE org.codehaus.griffon.runtime.core.DefaultApplicationBootstrapper - TargetBinding[source=griffon.plugins.shiro.SecurityFailureHandler, target=org.codehaus.griffon.runtime.shiro.DefaultSecurityFailureHandler, singleton=true]
[Test worker] TRACE org.codehaus.griffon.runtime.core.DefaultApplicationBootstrapper - TargetBinding[source=griffon.core.controller.ActionInterceptor, target=org.codehaus.griffon.runtime.shiro.ShiroActionInterceptor, singleton=true]
[Test worker] DEBUG org.codehaus.griffon.runtime.core.DefaultApplicationBootstrapper - Creating application injector
[Test worker] DEBUG org.codehaus.griffon.runtime.core.DefaultApplicationBootstrapper - Injector will be created by org.codehaus.griffon.runtime.injection.GuiceInjectorFactory@4fb2f5ee
[Test worker] DEBUG org.codehaus.griffon.runtime.core.event.AbstractEventRouter - Adding listener org.codehaus.griffon.runtime.core.MVCGroupExceptionHandler on UncaughtMVCGroupConfigurationException
[Test worker] DEBUG org.codehaus.griffon.runtime.core.event.AbstractEventRouter - Adding listener org.codehaus.griffon.runtime.core.MVCGroupExceptionHandler on UncaughtMVCGroupInstantiationException
[Test worker] DEBUG org.codehaus.griffon.runtime.core.event.AbstractEventRouter - Triggering event 'BootstrapStart' synchronously
[Test worker] DEBUG griffon.util.ServiceLoaderUtils - Reading java.beans.PropertyEditor definitions from jar:file:/home/travis/build/griffon/griffon/subprojects/griffon-core/build/libs/griffon-core-2.0.0.SNAPSHOT.jar!/META-INF/editors/java.beans.PropertyEditor
[Test worker] DEBUG org.codehaus.griffon.runtime.core.DefaultApplicationConfigurer - Registering griffon.core.editors.StringPropertyEditor as editor for java.lang.String
[Test worker] DEBUG org.codehaus.griffon.runtime.core.DefaultApplicationConfigurer - Registering griffon.core.editors.FilePropertyEditor as editor for java.io.File
[Test worker] DEBUG org.codehaus.griffon.runtime.core.DefaultApplicationConfigurer - Registering griffon.core.editors.URLPropertyEditor as editor for java.net.URL
[Test worker] DEBUG org.codehaus.griffon.runtime.core.DefaultApplicationConfigurer - Registering griffon.core.editors.URIPropertyEditor as editor for java.net.URI
[Test worker] DEBUG org.codehaus.griffon.runtime.core.DefaultApplicationConfigurer - Registering griffon.core.editors.BigDecimalPropertyEditor as editor for java.math.BigDecimal
[Test worker] DEBUG org.codehaus.griffon.runtime.core.DefaultApplicationConfigurer - Registering griffon.core.editors.BigIntegerPropertyEditor as editor for java.math.BigInteger
[Test worker] DEBUG org.codehaus.griffon.runtime.core.DefaultApplicationConfigurer - Registering griffon.core.editors.BooleanPropertyEditor as editor for java.lang.Boolean
[Test worker] DEBUG org.codehaus.griffon.runtime.core.DefaultApplicationConfigurer - Registering griffon.core.editors.BytePropertyEditor as editor for java.lang.Byte
[Test worker] DEBUG org.codehaus.griffon.runtime.core.DefaultApplicationConfigurer - Registering griffon.core.editors.ShortPropertyEditor as editor for java.lang.Short
[Test worker] DEBUG org.codehaus.griffon.runtime.core.DefaultApplicationConfigurer - Registering griffon.core.editors.IntegerPropertyEditor as editor for java.lang.Integer
[Test worker] DEBUG org.codehaus.griffon.runtime.core.DefaultApplicationConfigurer - Registering griffon.core.editors.LongPropertyEditor as editor for java.lang.Long
[Test worker] DEBUG org.codehaus.griffon.runtime.core.DefaultApplicationConfigurer - Registering griffon.core.editors.FloatPropertyEditor as editor for java.lang.Float
[Test worker] DEBUG org.codehaus.griffon.runtime.core.DefaultApplicationConfigurer - Registering griffon.core.editors.DoublePropertyEditor as editor for java.lang.Double
[Test worker] DEBUG org.codehaus.griffon.runtime.core.DefaultApplicationConfigurer - Registering griffon.core.editors.CalendarPropertyEditor as editor for java.util.Calendar
[Test worker] DEBUG org.codehaus.griffon.runtime.core.DefaultApplicationConfigurer - Registering griffon.core.editors.DatePropertyEditor as editor for java.util.Date
[Test worker] DEBUG org.codehaus.griffon.runtime.core.DefaultApplicationConfigurer - Registering griffon.core.editors.BooleanPropertyEditor as editor for boolean
[Test worker] DEBUG org.codehaus.griffon.runtime.core.DefaultApplicationConfigurer - Registering griffon.core.editors.BytePropertyEditor as editor for byte
[Test worker] DEBUG org.codehaus.griffon.runtime.core.DefaultApplicationConfigurer - Registering griffon.core.editors.ShortPropertyEditor as editor for short
[Test worker] DEBUG org.codehaus.griffon.runtime.core.DefaultApplicationConfigurer - Registering griffon.core.editors.IntegerPropertyEditor as editor for int
[Test worker] DEBUG org.codehaus.griffon.runtime.core.DefaultApplicationConfigurer - Registering griffon.core.editors.LongPropertyEditor as editor for long
[Test worker] DEBUG org.codehaus.griffon.runtime.core.DefaultApplicationConfigurer - Registering griffon.core.editors.FloatPropertyEditor as editor for float
[Test worker] DEBUG org.codehaus.griffon.runtime.core.DefaultApplicationConfigurer - Registering griffon.core.editors.DoublePropertyEditor as editor for double
[Test worker] DEBUG org.codehaus.griffon.runtime.core.event.AbstractEventRouter - Adding listener org.codehaus.griffon.runtime.core.DefaultApplicationConfigurer$2 on NewInstance
[Test worker] TRACE griffon.util.CompositeResourceBundle - Searching key=application.lifecycle.handler.disable
[Test worker] TRACE griffon.util.CompositeResourceBundle - Searching key=application
[Test worker] TRACE griffon.util.CompositeResourceBundle - Searching key=platform.handler.linux64
[Test worker] TRACE griffon.util.CompositeResourceBundle - Searching key=platform
[Test worker] DEBUG org.codehaus.griffon.runtime.core.PlatformHandlerProvider - Using org.codehaus.griffon.runtime.core.DefaultPlatformHandler as PlatformHandler
[Test worker] DEBUG org.codehaus.griffon.runtime.core.addon.AbstractAddonManager - Loading addons [START]
[Test worker] DEBUG griffon.util.AnnotationUtils - computed addon order is []
[Test worker] DEBUG org.codehaus.griffon.runtime.core.event.AbstractEventRouter - Triggering event 'LoadAddonsStart' synchronously
[Test worker] DEBUG org.codehaus.griffon.runtime.core.addon.AbstractAddonManager - Loading addons [END]
[Test worker] DEBUG org.codehaus.griffon.runtime.core.event.AbstractEventRouter - Triggering event 'LoadAddonsEnd' synchronously
[Test worker] TRACE griffon.util.CompositeResourceBundle - Searching key=mvcGroups
[Test worker] TRACE griffon.util.CompositeResourceBundle - Searching key=mvcGroups
[Test worker] DEBUG org.codehaus.griffon.runtime.core.event.AbstractEventRouter - Adding listener org.codehaus.griffon.runtime.core.DefaultApplicationConfigurer$3 on NewInstance
[Test worker] TRACE griffon.util.CompositeResourceBundle - Searching key=shiro.realm.resource.path
[Test worker] TRACE griffon.util.CompositeResourceBundle - Searching key=shiro
[Test worker] DEBUG org.apache.shiro.realm.text.PropertiesRealm - Loading user security information from file [classpath:shiro-users.properties]...
[Test worker] DEBUG org.apache.shiro.realm.text.PropertiesRealm - Opening input stream for path [classpath:shiro-users.properties]...
[Test worker] DEBUG org.apache.shiro.io.ResourceUtils - Opening resource from class path [shiro-users.properties]
[Test worker] DEBUG org.apache.shiro.realm.text.PropertiesRealm - Loading properties from path [classpath:shiro-users.properties]...
[Test worker] TRACE org.apache.shiro.realm.text.PropertiesRealm - Processing properties line - key: [user.joe], value: [joe,employee].
[Test worker] TRACE org.apache.shiro.realm.text.PropertiesRealm - Processing properties line - key: [user.bob], value: [bob,manager,employee].
[Test worker] TRACE org.apache.shiro.realm.text.PropertiesRealm - Processing properties line - key: [role.administrator], value: [*].
[Test worker] TRACE org.apache.shiro.realm.text.PropertiesRealm - Processing properties line - key: [role.manager], value: [user:write].
[Test worker] TRACE org.apache.shiro.realm.text.PropertiesRealm - Processing properties line - key: [user.root], value: [root,administrator,manager].
[Test worker] TRACE org.apache.shiro.realm.text.PropertiesRealm - Processing properties line - key: [role.employee], value: [user:read].
[Test worker] TRACE org.apache.shiro.util.ThreadContext - get() - in thread [Test worker]
[Test worker] TRACE org.apache.shiro.util.ThreadContext - Retrieved value of type [org.apache.shiro.subject.support.DelegatingSubject] for key [org.apache.shiro.util.ThreadContext_SUBJECT_KEY] bound to thread [Test worker]
[Test worker] TRACE griffon.util.CompositeResourceBundle - Searching key=griffon.controller.action.interceptor.order
[Test worker] TRACE griffon.util.CompositeResourceBundle - Searching key=griffon
[Test worker] DEBUG griffon.util.AnnotationUtils - Current interceptor order is [shiro]
[Test worker] TRACE griffon.util.AnnotationUtils - Processing interceptor 'shiro'
[Test worker] TRACE griffon.util.AnnotationUtils -   depends on '[]'
[Test worker] TRACE griffon.util.AnnotationUtils -   adding interceptor 'shiro', since all dependencies have been added
[Test worker] TRACE griffon.util.AnnotationUtils - interceptor dependency ordering complete
[Test worker] DEBUG griffon.util.AnnotationUtils - computed interceptor order is [shiro]
[Test worker] DEBUG org.codehaus.griffon.runtime.core.artifact.AbstractArtifactManager - Registering artifact handler for type 'model': org.codehaus.griffon.runtime.core.artifact.ModelArtifactHandler@4cff51f1
[Test worker] DEBUG org.codehaus.griffon.runtime.core.artifact.AbstractArtifactManager - Registering artifact handler for type 'view': org.codehaus.griffon.runtime.core.artifact.ViewArtifactHandler@e5cccb5
[Test worker] DEBUG org.codehaus.griffon.runtime.core.artifact.AbstractArtifactManager - Registering artifact handler for type 'controller': org.codehaus.griffon.runtime.core.artifact.ControllerArtifactHandler@6e838670
[Test worker] DEBUG org.codehaus.griffon.runtime.core.artifact.AbstractArtifactManager - Registering artifact handler for type 'service': org.codehaus.griffon.runtime.core.artifact.ServiceArtifactHandler@7cef5bbe
[Test worker] DEBUG griffon.util.ServiceLoaderUtils - Reading griffon.core.artifact.GriffonController definitions from file:/home/travis/build/griffon/griffon/plugins/griffon-shiro-plugin/build/classes/test/META-INF/griffon/griffon.core.artifact.GriffonController
[Test worker] DEBUG griffon.util.ServiceLoaderUtils - Reading griffon.core.artifact.GriffonModel definitions from file:/home/travis/build/griffon/griffon/plugins/griffon-shiro-plugin/build/classes/test/META-INF/griffon/griffon.core.artifact.GriffonModel
[Test worker] DEBUG org.codehaus.griffon.runtime.core.artifact.DefaultArtifactManager - Artifacts of type 'controller' = 1
[Test worker] DEBUG org.codehaus.griffon.runtime.core.artifact.DefaultArtifactManager - Artifacts of type 'model' = 1
[Test worker] TRACE org.codehaus.griffon.runtime.core.artifact.AbstractArtifactManager - InstanceBinding[source=griffon.core.artifact.GriffonClass, classifier=@griffon.inject.Typed(value=class com.acme.ShiroController), instance=Artifact[controller] > Shiro, singleton=true]
[Test worker] TRACE org.codehaus.griffon.runtime.core.artifact.AbstractArtifactManager - TargetBinding[source=com.acme.ShiroController, target=com.acme.ShiroController, singleton=false]
[Test worker] TRACE org.codehaus.griffon.runtime.core.artifact.AbstractArtifactManager - InstanceBinding[source=griffon.core.artifact.GriffonClass, classifier=@griffon.inject.Typed(value=class com.acme.ShiroModel), instance=Artifact[model] > Shiro, singleton=true]
[Test worker] TRACE org.codehaus.griffon.runtime.core.artifact.AbstractArtifactManager - TargetBinding[source=com.acme.ShiroModel, target=com.acme.ShiroModel, singleton=false]
[Test worker] DEBUG org.codehaus.griffon.runtime.core.event.AbstractEventRouter - Triggering event 'BootstrapEnd' synchronously
[Test worker] DEBUG org.codehaus.griffon.runtime.core.artifact.AbstractArtifactManager - Searching for griffonClass of com.acme.ShiroController
[Test worker] DEBUG org.codehaus.griffon.runtime.core.event.AbstractEventRouter - Triggering event 'NewInstance' synchronously
[Test worker] DEBUG org.codehaus.griffon.runtime.core.artifact.AbstractArtifactManager - Searching for griffonClass of com.acme.ShiroController
[Test worker] TRACE griffon.util.CompositeResourceBundle - Searching key=com.acme.ShiroController.action.Authenticated.name
[Test worker] TRACE griffon.util.CompositeResourceBundle - Searching key=application.action.Authenticated.name
[Test worker] TRACE org.codehaus.griffon.runtime.core.controller.AbstractActionManager - com.acme.ShiroController.action.Authenticated.name = Authenticated
[Test worker] DEBUG org.codehaus.griffon.runtime.core.controller.AbstractActionManager - Configuring action com.acme.ShiroController.authenticated with org.codehaus.griffon.runtime.shiro.ShiroActionInterceptor@736f7162
[Test worker] TRACE org.codehaus.griffon.runtime.core.controller.AbstractActionManager - Action for com.acme.ShiroController.authenticated stored as authenticated
[Test worker] TRACE griffon.util.CompositeResourceBundle - Searching key=com.acme.ShiroController.action.Guest.name
[Test worker] TRACE griffon.util.CompositeResourceBundle - Searching key=application.action.Guest.name
[Test worker] TRACE org.codehaus.griffon.runtime.core.controller.AbstractActionManager - com.acme.ShiroController.action.Guest.name = Guest
[Test worker] DEBUG org.codehaus.griffon.runtime.core.controller.AbstractActionManager - Configuring action com.acme.ShiroController.guest with org.codehaus.griffon.runtime.shiro.ShiroActionInterceptor@736f7162
[Test worker] TRACE org.codehaus.griffon.runtime.core.controller.AbstractActionManager - Action for com.acme.ShiroController.guest stored as guest
[Test worker] TRACE griffon.util.CompositeResourceBundle - Searching key=com.acme.ShiroController.action.Permissions.name
[Test worker] TRACE griffon.util.CompositeResourceBundle - Searching key=application.action.Permissions.name
[Test worker] TRACE org.codehaus.griffon.runtime.core.controller.AbstractActionManager - com.acme.ShiroController.action.Permissions.name = Permissions
[Test worker] DEBUG org.codehaus.griffon.runtime.core.controller.AbstractActionManager - Configuring action com.acme.ShiroController.permissions with org.codehaus.griffon.runtime.shiro.ShiroActionInterceptor@736f7162
[Test worker] TRACE org.codehaus.griffon.runtime.core.controller.AbstractActionManager - Action for com.acme.ShiroController.permissions stored as permissions
[Test worker] TRACE griffon.util.CompositeResourceBundle - Searching key=com.acme.ShiroController.action.Roles.name
[Test worker] TRACE griffon.util.CompositeResourceBundle - Searching key=application.action.Roles.name
[Test worker] TRACE org.codehaus.griffon.runtime.core.controller.AbstractActionManager - com.acme.ShiroController.action.Roles.name = Roles
[Test worker] DEBUG org.codehaus.griffon.runtime.core.controller.AbstractActionManager - Configuring action com.acme.ShiroController.roles with org.codehaus.griffon.runtime.shiro.ShiroActionInterceptor@736f7162
[Test worker] TRACE org.codehaus.griffon.runtime.core.controller.AbstractActionManager - Action for com.acme.ShiroController.roles stored as roles
[Test worker] TRACE griffon.util.CompositeResourceBundle - Searching key=com.acme.ShiroController.action.User.name
[Test worker] TRACE griffon.util.CompositeResourceBundle - Searching key=application.action.User.name
[Test worker] TRACE org.codehaus.griffon.runtime.core.controller.AbstractActionManager - com.acme.ShiroController.action.User.name = User
[Test worker] DEBUG org.codehaus.griffon.runtime.core.controller.AbstractActionManager - Configuring action com.acme.ShiroController.user with org.codehaus.griffon.runtime.shiro.ShiroActionInterceptor@736f7162
[Test worker] TRACE org.codehaus.griffon.runtime.core.controller.AbstractActionManager - Action for com.acme.ShiroController.user stored as user
[Test worker] DEBUG org.codehaus.griffon.runtime.core.artifact.AbstractArtifactManager - Searching for griffonClass of com.acme.ShiroModel
[Test worker] DEBUG org.codehaus.griffon.runtime.core.event.AbstractEventRouter - Triggering event 'NewInstance' synchronously
[Test worker] TRACE org.apache.shiro.subject.support.DelegatingSubject - attempting to get session; create = false; session is null = true; session has id = false
[Test worker] TRACE org.apache.shiro.authc.AbstractAuthenticator - Authentication attempt received for token [org.apache.shiro.authc.UsernamePasswordToken - joe, rememberMe=false]
[Test worker] DEBUG org.apache.shiro.realm.AuthenticatingRealm - Looked up AuthenticationInfo [joe] from doGetAuthenticationInfo
[Test worker] DEBUG org.apache.shiro.realm.AuthenticatingRealm - AuthenticationInfo caching is disabled for info [joe].  Submitted token: [org.apache.shiro.authc.UsernamePasswordToken - joe, rememberMe=false].
[Test worker] DEBUG org.apache.shiro.authc.credential.SimpleCredentialsMatcher - Performing credentials equality check for tokenCredentials of type [[C and accountCredentials of type [java.lang.String]
[Test worker] DEBUG org.apache.shiro.authc.credential.SimpleCredentialsMatcher - Both credentials arguments can be easily converted to byte arrays.  Performing array equals comparison
[Test worker] DEBUG org.apache.shiro.authc.AbstractAuthenticator - Authentication successful for token [org.apache.shiro.authc.UsernamePasswordToken - joe, rememberMe=false].  Returned account [joe]
[Test worker] DEBUG org.apache.shiro.subject.support.DefaultSubjectContext - No SecurityManager available in subject context map.  Falling back to SecurityUtils.getSecurityManager() lookup.
[Test worker] TRACE org.apache.shiro.util.ThreadContext - get() - in thread [Test worker]
[Test worker] TRACE org.apache.shiro.mgt.DefaultSecurityManager - Context already contains a SecurityManager instance.  Returning.
[Test worker] TRACE org.apache.shiro.subject.support.DelegatingSubject - attempting to get session; create = false; session is null = true; session has id = false
[Test worker] DEBUG org.apache.shiro.subject.support.DefaultSubjectContext - No SecurityManager available in subject context map.  Falling back to SecurityUtils.getSecurityManager() lookup.
[Test worker] TRACE org.apache.shiro.util.ThreadContext - get() - in thread [Test worker]
[Test worker] TRACE org.apache.shiro.subject.support.DelegatingSubject - attempting to get session; create = false; session is null = true; session has id = false
[Test worker] TRACE org.apache.shiro.subject.support.DelegatingSubject - attempting to get session; create = false; session is null = true; session has id = false
[Test worker] TRACE org.apache.shiro.subject.support.DelegatingSubject - attempting to get session; create = false; session is null = true; session has id = false
[Test worker] TRACE org.apache.shiro.subject.support.DelegatingSubject - attempting to get session; create = false; session is null = true; session has id = false
[Test worker] TRACE org.apache.shiro.subject.support.DelegatingSubject - attempting to get session; create = false; session is null = true; session has id = false
[Test worker] TRACE org.apache.shiro.subject.support.DelegatingSubject - attempting to get session; create = false; session is null = true; session has id = false
[Test worker] TRACE org.apache.shiro.subject.support.DelegatingSubject - attempting to get session; create = true; session is null = true; session has id = false
[Test worker] TRACE org.apache.shiro.subject.support.DelegatingSubject - Starting session for host null
[Test worker] DEBUG org.apache.shiro.session.mgt.AbstractValidatingSessionManager - No sessionValidationScheduler set.  Attempting to create default instance.
[Test worker] TRACE org.apache.shiro.session.mgt.AbstractValidatingSessionManager - Created default SessionValidationScheduler instance of type [org.apache.shiro.session.mgt.ExecutorServiceSessionValidationScheduler].
[Test worker] INFO org.apache.shiro.session.mgt.AbstractValidatingSessionManager - Enabling session validation scheduler...
[Test worker] TRACE org.apache.shiro.session.mgt.DefaultSessionManager - Creating session for host null
[Test worker] DEBUG org.apache.shiro.session.mgt.DefaultSessionManager - Creating new EIS record for new session instance [org.apache.shiro.session.mgt.SimpleSession,id=null]
[Test worker] TRACE org.apache.shiro.session.mgt.AbstractValidatingSessionManager - Attempting to retrieve session with key org.apache.shiro.session.mgt.DefaultSessionKey@41e6ac28
[Test worker] TRACE org.apache.shiro.subject.support.DelegatingSubject - attempting to get session; create = false; session is null = false; session has id = true
[Test worker] TRACE org.apache.shiro.session.mgt.AbstractValidatingSessionManager - Attempting to retrieve session with key org.apache.shiro.session.mgt.DefaultSessionKey@41e6ac28
[Test worker] TRACE org.apache.shiro.session.mgt.AbstractValidatingSessionManager - Attempting to retrieve session with key org.apache.shiro.session.mgt.DefaultSessionKey@41e6ac28
[Test worker] TRACE org.apache.shiro.mgt.DefaultSecurityManager - This org.apache.shiro.mgt.DefaultSecurityManager instance does not have a [org.apache.shiro.mgt.RememberMeManager] instance configured.  RememberMe services will not be performed for account [joe].
[Test worker] TRACE org.apache.shiro.subject.support.DelegatingSubject - attempting to get session; create = false; session is null = false; session has id = true
[Test worker] TRACE griffon.util.CompositeResourceBundle - Searching key=griffon.disable.threading.injection
[Test worker] TRACE griffon.util.CompositeResourceBundle - Searching key=griffon
[Test worker] DEBUG org.codehaus.griffon.runtime.core.controller.AbstractActionManager - Executing com.acme.ShiroController.roles with policy OUTSIDE_UITHREAD
[Test worker] DEBUG org.codehaus.griffon.runtime.core.controller.AbstractActionManager - Executing 1 interceptor for com.acme.ShiroController.roles
[Test worker] TRACE org.codehaus.griffon.runtime.core.controller.AbstractActionManager - Calling org.codehaus.griffon.runtime.shiro.ShiroActionInterceptor@736f7162.before() on com.acme.ShiroController.roles
[Test worker] DEBUG org.codehaus.griffon.runtime.shiro.ShiroActionInterceptor - Evaluating security requirement RequirementConfiguration{requirement=ROLES, values=[manager], logical=AND}
[Test worker] TRACE org.apache.shiro.subject.support.DelegatingSubject - attempting to get session; create = false; session is null = false; session has id = true
[Test worker] TRACE org.apache.shiro.session.mgt.AbstractValidatingSessionManager - Attempting to retrieve session with key org.apache.shiro.session.mgt.DefaultSessionKey@41e6ac28
[Test worker] TRACE org.apache.shiro.subject.support.DelegatingSubject - attempting to get session; create = false; session is null = false; session has id = true
[Test worker] TRACE org.apache.shiro.session.mgt.AbstractValidatingSessionManager - Attempting to retrieve session with key org.apache.shiro.session.mgt.DefaultSessionKey@41e6ac28
[Test worker] TRACE org.apache.shiro.realm.AuthorizingRealm - Retrieving AuthorizationInfo for principals [joe]
[Test worker] DEBUG org.codehaus.griffon.runtime.shiro.ShiroActionInterceptor - Subject did not meet expected security requirements.
[Test worker] INFO org.codehaus.griffon.runtime.shiro.DefaultSecurityFailureHandler - Subject was not granted access to com.acme.ShiroController.roles due to lack of roles
[Test worker] DEBUG org.codehaus.griffon.runtime.core.controller.AbstractActionManager - Execution of com.acme.ShiroController.roles was aborted by org.codehaus.griffon.runtime.shiro.ShiroActionInterceptor@736f7162
[Test worker] TRACE org.codehaus.griffon.runtime.core.controller.AbstractActionManager - Status before execution of com.acme.ShiroController.roles is ABORTED
[Test worker] TRACE org.codehaus.griffon.runtime.core.controller.AbstractActionManager - Calling org.codehaus.griffon.runtime.shiro.ShiroActionInterceptor@736f7162.after() on com.acme.ShiroController.roles
[Test worker] TRACE org.apache.shiro.subject.support.DelegatingSubject - attempting to get session; create = false; session is null = false; session has id = true
[Test worker] TRACE org.apache.shiro.session.mgt.AbstractValidatingSessionManager - Attempting to retrieve session with key org.apache.shiro.session.mgt.DefaultSessionKey@41e6ac28
[Test worker] TRACE org.apache.shiro.subject.support.DelegatingSubject - attempting to get session; create = false; session is null = false; session has id = true
[Test worker] TRACE org.apache.shiro.session.mgt.AbstractValidatingSessionManager - Attempting to retrieve session with key org.apache.shiro.session.mgt.DefaultSessionKey@41e6ac28
[Test worker] DEBUG org.apache.shiro.mgt.DefaultSecurityManager - Logging out subject with primary principal joe
[Test worker] TRACE org.apache.shiro.realm.CachingRealm - Cleared cache entries for account with principals [joe]
[Test worker] TRACE org.apache.shiro.subject.support.DelegatingSubject - attempting to get session; create = false; session is null = false; session has id = true
[Test worker] TRACE org.apache.shiro.session.mgt.AbstractValidatingSessionManager - Attempting to retrieve session with key org.apache.shiro.session.mgt.DefaultSessionKey@41e6ac28
[Test worker] TRACE org.apache.shiro.session.mgt.AbstractValidatingSessionManager - Attempting to retrieve session with key org.apache.shiro.session.mgt.DefaultSessionKey@41e6ac28
[Test worker] TRACE org.apache.shiro.subject.support.DelegatingSubject - attempting to get session; create = false; session is null = false; session has id = true
[Test worker] TRACE org.apache.shiro.session.mgt.AbstractValidatingSessionManager - Attempting to retrieve session with key org.apache.shiro.session.mgt.DefaultSessionKey@41e6ac28
[Test worker] DEBUG org.apache.shiro.session.mgt.AbstractSessionManager - Stopping session with id [2e1adb6b-701e-494d-8b1a-ce00d6858218]
[Test worker] DEBUG org.codehaus.griffon.runtime.core.event.AbstractEventRouter - Triggering event 'ShutdownRequested' synchronously
[Test worker] INFO org.codehaus.griffon.runtime.core.DefaultGriffonApplication - Shutdown is in process
[Test worker] DEBUG org.codehaus.griffon.runtime.core.DefaultGriffonApplication - Shutdown stage 1: notify all event listeners
[Test worker] DEBUG org.codehaus.griffon.runtime.core.event.AbstractEventRouter - Adding listener org.codehaus.griffon.runtime.core.AbstractGriffonApplication$1 on ShutdownStart
[Test worker] DEBUG org.codehaus.griffon.runtime.core.event.AbstractEventRouter - Triggering event 'ShutdownStart' synchronously
[Test worker] DEBUG org.codehaus.griffon.runtime.core.DefaultGriffonApplication - Shutdown stage 2: notify all shutdown handlers
[Test worker] DEBUG org.codehaus.griffon.runtime.core.DefaultGriffonApplication - Shutdown stage 3: destroy all MVC groups
[Test worker] DEBUG org.codehaus.griffon.runtime.core.DefaultGriffonApplication - Shutdown stage 4: execute Shutdown script
[Test worker] TRACE griffon.util.CompositeResourceBundle - Searching key=application.lifecycle.handler.disable
[Test worker] TRACE griffon.util.CompositeResourceBundle - Searching key=application
[Test worker] INFO org.codehaus.griffon.runtime.core.DefaultApplicationBootstrapper - Griffon 2.0.0.SNAPSHOT
[Test worker] INFO org.codehaus.griffon.runtime.core.DefaultApplicationBootstrapper - Build: 2014-03-07T17:17:07.720+0000
[Test worker] INFO org.codehaus.griffon.runtime.core.DefaultApplicationBootstrapper - JVM: 1.7.0_51 (Oracle Corporation 24.51-b03)
[Test worker] INFO org.codehaus.griffon.runtime.core.DefaultApplicationBootstrapper - OS: Linux 2.6.32-042stab084.25 amd64
[Test worker] DEBUG org.codehaus.griffon.runtime.core.DefaultApplicationBootstrapper - Creating module bindings
[Test worker] DEBUG griffon.util.AnnotationUtils - Current module order is [core, shiro, testApplicationBootstrapper$InnerClasses, testApplicationBootstrapper$Fields]
[Test worker] TRACE griffon.util.AnnotationUtils - Processing module 'core'
[Test worker] TRACE griffon.util.AnnotationUtils -   depends on '[]'
[Test worker] TRACE griffon.util.AnnotationUtils -   adding module 'core', since all dependencies have been added
[Test worker] TRACE griffon.util.AnnotationUtils - Processing module 'shiro'
[Test worker] TRACE griffon.util.AnnotationUtils -   depends on '[]'
[Test worker] TRACE griffon.util.AnnotationUtils -   adding module 'shiro', since all dependencies have been added
[Test worker] TRACE griffon.util.AnnotationUtils - Processing module 'testApplicationBootstrapper$InnerClasses'
[Test worker] TRACE griffon.util.AnnotationUtils -   depends on '[]'
[Test worker] TRACE griffon.util.AnnotationUtils -   adding module 'testApplicationBootstrapper$InnerClasses', since all dependencies have been added
[Test worker] TRACE griffon.util.AnnotationUtils - Processing module 'testApplicationBootstrapper$Fields'
[Test worker] TRACE griffon.util.AnnotationUtils -   depends on '[]'
[Test worker] TRACE griffon.util.AnnotationUtils -   adding module 'testApplicationBootstrapper$Fields', since all dependencies have been added
[Test worker] TRACE griffon.util.AnnotationUtils - module dependency ordering complete
[Test worker] DEBUG griffon.util.AnnotationUtils - computed module order is [core, shiro, testApplicationBootstrapper$InnerClasses, testApplicationBootstrapper$Fields]
[Test worker] DEBUG org.codehaus.griffon.runtime.core.DefaultApplicationBootstrapper - Loading module bindings from core:org.codehaus.griffon.runtime.core.DefaultApplicationModule@66bdb05
[Test worker] DEBUG org.codehaus.griffon.runtime.core.DefaultApplicationBootstrapper - Loading module bindings from shiro:org.codehaus.griffon.runtime.shiro.ShiroModule@12f8288e
[Test worker] DEBUG org.codehaus.griffon.runtime.core.DefaultApplicationBootstrapper - Loading module bindings from testApplicationBootstrapper$InnerClasses:org.codehaus.griffon.runtime.core.TestApplicationBootstrapper$InnerClassesModule@622e8c5c
[Test worker] DEBUG org.codehaus.griffon.runtime.core.DefaultApplicationBootstrapper - Loading module bindings from testApplicationBootstrapper$Fields:org.codehaus.griffon.runtime.core.TestApplicationBootstrapper$FieldsModule@5e011e5f
[Test worker] TRACE org.codehaus.griffon.runtime.core.DefaultApplicationBootstrapper - InstanceBinding[source=griffon.core.GriffonApplication, instance=org.codehaus.griffon.runtime.core.DefaultGriffonApplication@1fb69663, singleton=true]
[Test worker] TRACE org.codehaus.griffon.runtime.core.DefaultApplicationBootstrapper - TargetBinding[source=griffon.core.ApplicationClassLoader, target=org.codehaus.griffon.runtime.core.DefaultApplicationClassLoader, singleton=true]
[Test worker] TRACE org.codehaus.griffon.runtime.core.DefaultApplicationBootstrapper - TargetBinding[source=griffon.core.ApplicationConfigurer, target=org.codehaus.griffon.runtime.core.DefaultApplicationConfigurer, singleton=true]
[Test worker] TRACE org.codehaus.griffon.runtime.core.DefaultApplicationBootstrapper - TargetBinding[source=griffon.core.resources.ResourceHandler, target=org.codehaus.griffon.runtime.core.resources.DefaultResourceHandler, singleton=true]
[Test worker] TRACE org.codehaus.griffon.runtime.core.DefaultApplicationBootstrapper - TargetBinding[source=griffon.util.CompositeResourceBundleBuilder, target=org.codehaus.griffon.runtime.util.DefaultCompositeResourceBundleBuilder, singleton=true]
[Test worker] TRACE org.codehaus.griffon.runtime.core.DefaultApplicationBootstrapper - ProviderBinding[source=java.util.ResourceBundle, classifier=@javax.inject.Named(value=applicationResourceBundle), provider=org.codehaus.griffon.runtime.util.ResourceBundleProvider@c4b4dd9, singleton=true]
[Test worker] TRACE org.codehaus.griffon.runtime.core.DefaultApplicationBootstrapper - TargetBinding[source=griffon.core.Configuration, target=org.codehaus.griffon.runtime.core.DefaultConfiguration, singleton=true]
[Test worker] TRACE org.codehaus.griffon.runtime.core.DefaultApplicationBootstrapper - TargetBinding[source=griffon.core.ExecutorServiceManager, target=org.codehaus.griffon.runtime.core.DefaultExecutorServiceManager, singleton=true]
[Test worker] TRACE org.codehaus.griffon.runtime.core.DefaultApplicationBootstrapper - TargetBinding[source=griffon.core.event.EventRouter, classifier=@javax.inject.Named(value=applicationEventRouter), target=org.codehaus.griffon.runtime.core.event.DefaultEventRouter, singleton=true]
[Test worker] TRACE org.codehaus.griffon.runtime.core.DefaultApplicationBootstrapper - TargetBinding[source=griffon.core.event.EventRouter, target=org.codehaus.griffon.runtime.core.event.DefaultEventRouter, singleton=false]
[Test worker] TRACE org.codehaus.griffon.runtime.core.DefaultApplicationBootstrapper - ProviderBinding[source=griffon.core.resources.ResourceResolver, classifier=@javax.inject.Named(value=applicationResourceResolver), provider=org.codehaus.griffon.runtime.core.resources.ResourceResolverProvider@23e3e7dd, singleton=true]
[Test worker] TRACE org.codehaus.griffon.runtime.core.DefaultApplicationBootstrapper - ProviderBinding[source=griffon.core.i18n.MessageSource, classifier=@javax.inject.Named(value=applicationMessageSource), provider=org.codehaus.griffon.runtime.core.i18n.MessageSourceProvider@478b7093, singleton=true]
[Test worker] TRACE org.codehaus.griffon.runtime.core.DefaultApplicationBootstrapper - TargetBinding[source=griffon.core.resources.ResourceInjector, classifier=@javax.inject.Named(value=applicationResourceInjector), target=org.codehaus.griffon.runtime.core.resources.DefaultApplicationResourceInjector, singleton=true]
[Test worker] TRACE org.codehaus.griffon.runtime.core.DefaultApplicationBootstrapper - TargetBinding[source=griffon.core.threading.UIThreadManager, target=org.codehaus.griffon.runtime.core.threading.DefaultUIThreadManager, singleton=true]
[Test worker] TRACE org.codehaus.griffon.runtime.core.DefaultApplicationBootstrapper - TargetBinding[source=griffon.core.mvc.MVCGroupManager, target=org.codehaus.griffon.runtime.core.mvc.DefaultMVCGroupManager, singleton=true]
[Test worker] TRACE org.codehaus.griffon.runtime.core.DefaultApplicationBootstrapper - ProviderBinding[source=griffon.core.LifecycleHandler, classifier=@javax.inject.Named(value=Initialize), provider=org.codehaus.griffon.runtime.core.LifecycleHandlerProvider@138be797, singleton=true]
[Test worker] TRACE org.codehaus.griffon.runtime.core.DefaultApplicationBootstrapper - ProviderBinding[source=griffon.core.LifecycleHandler, classifier=@javax.inject.Named(value=Startup), provider=org.codehaus.griffon.runtime.core.LifecycleHandlerProvider@46117487, singleton=true]
[Test worker] TRACE org.codehaus.griffon.runtime.core.DefaultApplicationBootstrapper - ProviderBinding[source=griffon.core.LifecycleHandler, classifier=@javax.inject.Named(value=Ready), provider=org.codehaus.griffon.runtime.core.LifecycleHandlerProvider@23f96f01, singleton=true]
[Test worker] TRACE org.codehaus.griffon.runtime.core.DefaultApplicationBootstrapper - ProviderBinding[source=griffon.core.LifecycleHandler, classifier=@javax.inject.Named(value=Shutdown), provider=org.codehaus.griffon.runtime.core.LifecycleHandlerProvider@4ce6bd1a, singleton=true]
[Test worker] TRACE org.codehaus.griffon.runtime.core.DefaultApplicationBootstrapper - ProviderBinding[source=griffon.core.LifecycleHandler, classifier=@javax.inject.Named(value=Stop), provider=org.codehaus.griffon.runtime.core.LifecycleHandlerProvider@40891d67, singleton=true]
[Test worker] TRACE org.codehaus.griffon.runtime.core.DefaultApplicationBootstrapper - TargetBinding[source=griffon.core.view.WindowManager, target=org.codehaus.griffon.runtime.core.view.NoopWindowManager, singleton=true]
[Test worker] TRACE org.codehaus.griffon.runtime.core.DefaultApplicationBootstrapper - TargetBinding[source=griffon.core.controller.ActionManager, target=org.codehaus.griffon.runtime.core.controller.DefaultActionManager, singleton=true]
[Test worker] TRACE org.codehaus.griffon.runtime.core.DefaultApplicationBootstrapper - TargetBinding[source=griffon.core.artifact.ArtifactManager, target=org.codehaus.griffon.runtime.core.artifact.DefaultArtifactManager, singleton=true]
[Test worker] TRACE org.codehaus.griffon.runtime.core.DefaultApplicationBootstrapper - TargetBinding[source=griffon.core.artifact.ArtifactHandler, classifier=@griffon.inject.Typed(value=interface griffon.core.artifact.GriffonModel), target=org.codehaus.griffon.runtime.core.artifact.ModelArtifactHandler, singleton=true]
[Test worker] TRACE org.codehaus.griffon.runtime.core.DefaultApplicationBootstrapper - TargetBinding[source=griffon.core.artifact.ArtifactHandler, classifier=@griffon.inject.Typed(value=interface griffon.core.artifact.GriffonView), target=org.codehaus.griffon.runtime.core.artifact.ViewArtifactHandler, singleton=true]
[Test worker] TRACE org.codehaus.griffon.runtime.core.DefaultApplicationBootstrapper - TargetBinding[source=griffon.core.artifact.ArtifactHandler, classifier=@griffon.inject.Typed(value=interface griffon.core.artifact.GriffonController), target=org.codehaus.griffon.runtime.core.artifact.ControllerArtifactHandler, singleton=true]
[Test worker] TRACE org.codehaus.griffon.runtime.core.DefaultApplicationBootstrapper - TargetBinding[source=griffon.core.artifact.ArtifactHandler, classifier=@griffon.inject.Typed(value=interface griffon.core.artifact.GriffonService), target=org.codehaus.griffon.runtime.core.artifact.ServiceArtifactHandler, singleton=true]
[Test worker] TRACE org.codehaus.griffon.runtime.core.DefaultApplicationBootstrapper - ProviderTypeBinding[source=griffon.core.PlatformHandler, providerType=class org.codehaus.griffon.runtime.core.PlatformHandlerProvider, singleton=true]
[Test worker] TRACE org.codehaus.griffon.runtime.core.DefaultApplicationBootstrapper - TargetBinding[source=griffon.core.addon.AddonManager, target=org.codehaus.griffon.runtime.core.addon.DefaultAddonManager, singleton=true]
[Test worker] TRACE org.codehaus.griffon.runtime.core.DefaultApplicationBootstrapper - TargetBinding[source=griffon.core.event.EventHandler, target=org.codehaus.griffon.runtime.core.event.DefaultEventHandler, singleton=true]
[Test worker] TRACE org.codehaus.griffon.runtime.core.DefaultApplicationBootstrapper - TargetBinding[source=griffon.core.GriffonExceptionHandler, target=griffon.core.GriffonExceptionHandler, singleton=true]
[Test worker] TRACE org.codehaus.griffon.runtime.core.DefaultApplicationBootstrapper - ProviderTypeBinding[source=org.apache.shiro.mgt.SecurityManager, providerType=class org.codehaus.griffon.runtime.shiro.SecurityManagerProvider, singleton=true]
[Test worker] TRACE org.codehaus.griffon.runtime.core.DefaultApplicationBootstrapper - ProviderTypeBinding[source=org.apache.shiro.subject.Subject, providerType=class org.codehaus.griffon.runtime.shiro.SubjectProvider, singleton=true]
[Test worker] TRACE org.codehaus.griffon.runtime.core.DefaultApplicationBootstrapper - TargetBinding[source=griffon.plugins.shiro.SecurityFailureHandler, target=org.codehaus.griffon.runtime.shiro.DefaultSecurityFailureHandler, singleton=true]
[Test worker] TRACE org.codehaus.griffon.runtime.core.DefaultApplicationBootstrapper - TargetBinding[source=griffon.core.controller.ActionInterceptor, target=org.codehaus.griffon.runtime.shiro.ShiroActionInterceptor, singleton=true]
[Test worker] DEBUG org.codehaus.griffon.runtime.core.DefaultApplicationBootstrapper - Creating application injector
[Test worker] DEBUG org.codehaus.griffon.runtime.core.DefaultApplicationBootstrapper - Injector will be created by org.codehaus.griffon.runtime.injection.GuiceInjectorFactory@295f918a
[Test worker] DEBUG org.codehaus.griffon.runtime.core.event.AbstractEventRouter - Adding listener org.codehaus.griffon.runtime.core.MVCGroupExceptionHandler on UncaughtMVCGroupConfigurationException
[Test worker] DEBUG org.codehaus.griffon.runtime.core.event.AbstractEventRouter - Adding listener org.codehaus.griffon.runtime.core.MVCGroupExceptionHandler on UncaughtMVCGroupInstantiationException
[Test worker] DEBUG org.codehaus.griffon.runtime.core.event.AbstractEventRouter - Triggering event 'BootstrapStart' synchronously
[Test worker] DEBUG griffon.util.ServiceLoaderUtils - Reading java.beans.PropertyEditor definitions from jar:file:/home/travis/build/griffon/griffon/subprojects/griffon-core/build/libs/griffon-core-2.0.0.SNAPSHOT.jar!/META-INF/editors/java.beans.PropertyEditor
[Test worker] DEBUG org.codehaus.griffon.runtime.core.DefaultApplicationConfigurer - Registering griffon.core.editors.StringPropertyEditor as editor for java.lang.String
[Test worker] DEBUG org.codehaus.griffon.runtime.core.DefaultApplicationConfigurer - Registering griffon.core.editors.FilePropertyEditor as editor for java.io.File
[Test worker] DEBUG org.codehaus.griffon.runtime.core.DefaultApplicationConfigurer - Registering griffon.core.editors.URLPropertyEditor as editor for java.net.URL
[Test worker] DEBUG org.codehaus.griffon.runtime.core.DefaultApplicationConfigurer - Registering griffon.core.editors.URIPropertyEditor as editor for java.net.URI
[Test worker] DEBUG org.codehaus.griffon.runtime.core.DefaultApplicationConfigurer - Registering griffon.core.editors.BigDecimalPropertyEditor as editor for java.math.BigDecimal
[Test worker] DEBUG org.codehaus.griffon.runtime.core.DefaultApplicationConfigurer - Registering griffon.core.editors.BigIntegerPropertyEditor as editor for java.math.BigInteger
[Test worker] DEBUG org.codehaus.griffon.runtime.core.DefaultApplicationConfigurer - Registering griffon.core.editors.BooleanPropertyEditor as editor for java.lang.Boolean
[Test worker] DEBUG org.codehaus.griffon.runtime.core.DefaultApplicationConfigurer - Registering griffon.core.editors.BytePropertyEditor as editor for java.lang.Byte
[Test worker] DEBUG org.codehaus.griffon.runtime.core.DefaultApplicationConfigurer - Registering griffon.core.editors.ShortPropertyEditor as editor for java.lang.Short
[Test worker] DEBUG org.codehaus.griffon.runtime.core.DefaultApplicationConfigurer - Registering griffon.core.editors.IntegerPropertyEditor as editor for java.lang.Integer
[Test worker] DEBUG org.codehaus.griffon.runtime.core.DefaultApplicationConfigurer - Registering griffon.core.editors.LongPropertyEditor as editor for java.lang.Long
[Test worker] DEBUG org.codehaus.griffon.runtime.core.DefaultApplicationConfigurer - Registering griffon.core.editors.FloatPropertyEditor as editor for java.lang.Float
[Test worker] DEBUG org.codehaus.griffon.runtime.core.DefaultApplicationConfigurer - Registering griffon.core.editors.DoublePropertyEditor as editor for java.lang.Double
[Test worker] DEBUG org.codehaus.griffon.runtime.core.DefaultApplicationConfigurer - Registering griffon.core.editors.CalendarPropertyEditor as editor for java.util.Calendar
[Test worker] DEBUG org.codehaus.griffon.runtime.core.DefaultApplicationConfigurer - Registering griffon.core.editors.DatePropertyEditor as editor for java.util.Date
[Test worker] DEBUG org.codehaus.griffon.runtime.core.DefaultApplicationConfigurer - Registering griffon.core.editors.BooleanPropertyEditor as editor for boolean
[Test worker] DEBUG org.codehaus.griffon.runtime.core.DefaultApplicationConfigurer - Registering griffon.core.editors.BytePropertyEditor as editor for byte
[Test worker] DEBUG org.codehaus.griffon.runtime.core.DefaultApplicationConfigurer - Registering griffon.core.editors.ShortPropertyEditor as editor for short
[Test worker] DEBUG org.codehaus.griffon.runtime.core.DefaultApplicationConfigurer - Registering griffon.core.editors.IntegerPropertyEditor as editor for int
[Test worker] DEBUG org.codehaus.griffon.runtime.core.DefaultApplicationConfigurer - Registering griffon.core.editors.LongPropertyEditor as editor for long
[Test worker] DEBUG org.codehaus.griffon.runtime.core.DefaultApplicationConfigurer - Registering griffon.core.editors.FloatPropertyEditor as editor for float
[Test worker] DEBUG org.codehaus.griffon.runtime.core.DefaultApplicationConfigurer - Registering griffon.core.editors.DoublePropertyEditor as editor for double
[Test worker] DEBUG org.codehaus.griffon.runtime.core.event.AbstractEventRouter - Adding listener org.codehaus.griffon.runtime.core.DefaultApplicationConfigurer$2 on NewInstance
[Test worker] TRACE griffon.util.CompositeResourceBundle - Searching key=application.lifecycle.handler.disable
[Test worker] TRACE griffon.util.CompositeResourceBundle - Searching key=application
[Test worker] TRACE griffon.util.CompositeResourceBundle - Searching key=platform.handler.linux64
[Test worker] TRACE griffon.util.CompositeResourceBundle - Searching key=platform
[Test worker] DEBUG org.codehaus.griffon.runtime.core.PlatformHandlerProvider - Using org.codehaus.griffon.runtime.core.DefaultPlatformHandler as PlatformHandler
[Test worker] DEBUG org.codehaus.griffon.runtime.core.addon.AbstractAddonManager - Loading addons [START]
[Test worker] DEBUG griffon.util.AnnotationUtils - computed addon order is []
[Test worker] DEBUG org.codehaus.griffon.runtime.core.event.AbstractEventRouter - Triggering event 'LoadAddonsStart' synchronously
[Test worker] DEBUG org.codehaus.griffon.runtime.core.addon.AbstractAddonManager - Loading addons [END]
[Test worker] DEBUG org.codehaus.griffon.runtime.core.event.AbstractEventRouter - Triggering event 'LoadAddonsEnd' synchronously
[Test worker] TRACE griffon.util.CompositeResourceBundle - Searching key=mvcGroups
[Test worker] TRACE griffon.util.CompositeResourceBundle - Searching key=mvcGroups
[Test worker] DEBUG org.codehaus.griffon.runtime.core.event.AbstractEventRouter - Adding listener org.codehaus.griffon.runtime.core.DefaultApplicationConfigurer$3 on NewInstance
[Test worker] TRACE griffon.util.CompositeResourceBundle - Searching key=shiro.realm.resource.path
[Test worker] TRACE griffon.util.CompositeResourceBundle - Searching key=shiro
[Test worker] DEBUG org.apache.shiro.realm.text.PropertiesRealm - Loading user security information from file [classpath:shiro-users.properties]...
[Test worker] DEBUG org.apache.shiro.realm.text.PropertiesRealm - Opening input stream for path [classpath:shiro-users.properties]...
[Test worker] DEBUG org.apache.shiro.io.ResourceUtils - Opening resource from class path [shiro-users.properties]
[Test worker] DEBUG org.apache.shiro.realm.text.PropertiesRealm - Loading properties from path [classpath:shiro-users.properties]...
[Test worker] TRACE org.apache.shiro.realm.text.PropertiesRealm - Processing properties line - key: [user.joe], value: [joe,employee].
[Test worker] TRACE org.apache.shiro.realm.text.PropertiesRealm - Processing properties line - key: [user.bob], value: [bob,manager,employee].
[Test worker] TRACE org.apache.shiro.realm.text.PropertiesRealm - Processing properties line - key: [role.administrator], value: [*].
[Test worker] TRACE org.apache.shiro.realm.text.PropertiesRealm - Processing properties line - key: [role.manager], value: [user:write].
[Test worker] TRACE org.apache.shiro.realm.text.PropertiesRealm - Processing properties line - key: [user.root], value: [root,administrator,manager].
[Test worker] TRACE org.apache.shiro.realm.text.PropertiesRealm - Processing properties line - key: [role.employee], value: [user:read].
[Test worker] TRACE org.apache.shiro.util.ThreadContext - get() - in thread [Test worker]
[Test worker] TRACE org.apache.shiro.util.ThreadContext - Retrieved value of type [org.apache.shiro.subject.support.DelegatingSubject] for key [org.apache.shiro.util.ThreadContext_SUBJECT_KEY] bound to thread [Test worker]
[Test worker] TRACE griffon.util.CompositeResourceBundle - Searching key=griffon.controller.action.interceptor.order
[Test worker] TRACE griffon.util.CompositeResourceBundle - Searching key=griffon
[Test worker] DEBUG griffon.util.AnnotationUtils - Current interceptor order is [shiro]
[Test worker] TRACE griffon.util.AnnotationUtils - Processing interceptor 'shiro'
[Test worker] TRACE griffon.util.AnnotationUtils -   depends on '[]'
[Test worker] TRACE griffon.util.AnnotationUtils -   adding interceptor 'shiro', since all dependencies have been added
[Test worker] TRACE griffon.util.AnnotationUtils - interceptor dependency ordering complete
[Test worker] DEBUG griffon.util.AnnotationUtils - computed interceptor order is [shiro]
[Test worker] DEBUG org.codehaus.griffon.runtime.core.artifact.AbstractArtifactManager - Registering artifact handler for type 'model': org.codehaus.griffon.runtime.core.artifact.ModelArtifactHandler@73404117
[Test worker] DEBUG org.codehaus.griffon.runtime.core.artifact.AbstractArtifactManager - Registering artifact handler for type 'view': org.codehaus.griffon.runtime.core.artifact.ViewArtifactHandler@7f71881d
[Test worker] DEBUG org.codehaus.griffon.runtime.core.artifact.AbstractArtifactManager - Registering artifact handler for type 'controller': org.codehaus.griffon.runtime.core.artifact.ControllerArtifactHandler@769f6948
[Test worker] DEBUG org.codehaus.griffon.runtime.core.artifact.AbstractArtifactManager - Registering artifact handler for type 'service': org.codehaus.griffon.runtime.core.artifact.ServiceArtifactHandler@5bb932cf
[Test worker] DEBUG griffon.util.ServiceLoaderUtils - Reading griffon.core.artifact.GriffonController definitions from file:/home/travis/build/griffon/griffon/plugins/griffon-shiro-plugin/build/classes/test/META-INF/griffon/griffon.core.artifact.GriffonController
[Test worker] DEBUG griffon.util.ServiceLoaderUtils - Reading griffon.core.artifact.GriffonModel definitions from file:/home/travis/build/griffon/griffon/plugins/griffon-shiro-plugin/build/classes/test/META-INF/griffon/griffon.core.artifact.GriffonModel
[Test worker] DEBUG org.codehaus.griffon.runtime.core.artifact.DefaultArtifactManager - Artifacts of type 'controller' = 1
[Test worker] DEBUG org.codehaus.griffon.runtime.core.artifact.DefaultArtifactManager - Artifacts of type 'model' = 1
[Test worker] TRACE org.codehaus.griffon.runtime.core.artifact.AbstractArtifactManager - InstanceBinding[source=griffon.core.artifact.GriffonClass, classifier=@griffon.inject.Typed(value=class com.acme.ShiroController), instance=Artifact[controller] > Shiro, singleton=true]
[Test worker] TRACE org.codehaus.griffon.runtime.core.artifact.AbstractArtifactManager - TargetBinding[source=com.acme.ShiroController, target=com.acme.ShiroController, singleton=false]
[Test worker] TRACE org.codehaus.griffon.runtime.core.artifact.AbstractArtifactManager - InstanceBinding[source=griffon.core.artifact.GriffonClass, classifier=@griffon.inject.Typed(value=class com.acme.ShiroModel), instance=Artifact[model] > Shiro, singleton=true]
[Test worker] TRACE org.codehaus.griffon.runtime.core.artifact.AbstractArtifactManager - TargetBinding[source=com.acme.ShiroModel, target=com.acme.ShiroModel, singleton=false]
[Test worker] DEBUG org.codehaus.griffon.runtime.core.event.AbstractEventRouter - Triggering event 'BootstrapEnd' synchronously
[Test worker] DEBUG org.codehaus.griffon.runtime.core.artifact.AbstractArtifactManager - Searching for griffonClass of com.acme.ShiroController
[Test worker] DEBUG org.codehaus.griffon.runtime.core.event.AbstractEventRouter - Triggering event 'NewInstance' synchronously
[Test worker] DEBUG org.codehaus.griffon.runtime.core.artifact.AbstractArtifactManager - Searching for griffonClass of com.acme.ShiroController
[Test worker] TRACE griffon.util.CompositeResourceBundle - Searching key=com.acme.ShiroController.action.Authenticated.name
[Test worker] TRACE griffon.util.CompositeResourceBundle - Searching key=application.action.Authenticated.name
[Test worker] TRACE org.codehaus.griffon.runtime.core.controller.AbstractActionManager - com.acme.ShiroController.action.Authenticated.name = Authenticated
[Test worker] DEBUG org.codehaus.griffon.runtime.core.controller.AbstractActionManager - Configuring action com.acme.ShiroController.authenticated with org.codehaus.griffon.runtime.shiro.ShiroActionInterceptor@7acd5aa1
[Test worker] TRACE org.codehaus.griffon.runtime.core.controller.AbstractActionManager - Action for com.acme.ShiroController.authenticated stored as authenticated
[Test worker] TRACE griffon.util.CompositeResourceBundle - Searching key=com.acme.ShiroController.action.Guest.name
[Test worker] TRACE griffon.util.CompositeResourceBundle - Searching key=application.action.Guest.name
[Test worker] TRACE org.codehaus.griffon.runtime.core.controller.AbstractActionManager - com.acme.ShiroController.action.Guest.name = Guest
[Test worker] DEBUG org.codehaus.griffon.runtime.core.controller.AbstractActionManager - Configuring action com.acme.ShiroController.guest with org.codehaus.griffon.runtime.shiro.ShiroActionInterceptor@7acd5aa1
[Test worker] TRACE org.codehaus.griffon.runtime.core.controller.AbstractActionManager - Action for com.acme.ShiroController.guest stored as guest
[Test worker] TRACE griffon.util.CompositeResourceBundle - Searching key=com.acme.ShiroController.action.Permissions.name
[Test worker] TRACE griffon.util.CompositeResourceBundle - Searching key=application.action.Permissions.name
[Test worker] TRACE org.codehaus.griffon.runtime.core.controller.AbstractActionManager - com.acme.ShiroController.action.Permissions.name = Permissions
[Test worker] DEBUG org.codehaus.griffon.runtime.core.controller.AbstractActionManager - Configuring action com.acme.ShiroController.permissions with org.codehaus.griffon.runtime.shiro.ShiroActionInterceptor@7acd5aa1
[Test worker] TRACE org.codehaus.griffon.runtime.core.controller.AbstractActionManager - Action for com.acme.ShiroController.permissions stored as permissions
[Test worker] TRACE griffon.util.CompositeResourceBundle - Searching key=com.acme.ShiroController.action.Roles.name
[Test worker] TRACE griffon.util.CompositeResourceBundle - Searching key=application.action.Roles.name
[Test worker] TRACE org.codehaus.griffon.runtime.core.controller.AbstractActionManager - com.acme.ShiroController.action.Roles.name = Roles
[Test worker] DEBUG org.codehaus.griffon.runtime.core.controller.AbstractActionManager - Configuring action com.acme.ShiroController.roles with org.codehaus.griffon.runtime.shiro.ShiroActionInterceptor@7acd5aa1
[Test worker] TRACE org.codehaus.griffon.runtime.core.controller.AbstractActionManager - Action for com.acme.ShiroController.roles stored as roles
[Test worker] TRACE griffon.util.CompositeResourceBundle - Searching key=com.acme.ShiroController.action.User.name
[Test worker] TRACE griffon.util.CompositeResourceBundle - Searching key=application.action.User.name
[Test worker] TRACE org.codehaus.griffon.runtime.core.controller.AbstractActionManager - com.acme.ShiroController.action.User.name = User
[Test worker] DEBUG org.codehaus.griffon.runtime.core.controller.AbstractActionManager - Configuring action com.acme.ShiroController.user with org.codehaus.griffon.runtime.shiro.ShiroActionInterceptor@7acd5aa1
[Test worker] TRACE org.codehaus.griffon.runtime.core.controller.AbstractActionManager - Action for com.acme.ShiroController.user stored as user
[Test worker] DEBUG org.codehaus.griffon.runtime.core.artifact.AbstractArtifactManager - Searching for griffonClass of com.acme.ShiroModel
[Test worker] DEBUG org.codehaus.griffon.runtime.core.event.AbstractEventRouter - Triggering event 'NewInstance' synchronously
[Test worker] TRACE org.apache.shiro.subject.support.DelegatingSubject - attempting to get session; create = false; session is null = true; session has id = false
[Test worker] TRACE org.apache.shiro.authc.AbstractAuthenticator - Authentication attempt received for token [org.apache.shiro.authc.UsernamePasswordToken - joe, rememberMe=false]
[Test worker] DEBUG org.apache.shiro.realm.AuthenticatingRealm - Looked up AuthenticationInfo [joe] from doGetAuthenticationInfo
[Test worker] DEBUG org.apache.shiro.realm.AuthenticatingRealm - AuthenticationInfo caching is disabled for info [joe].  Submitted token: [org.apache.shiro.authc.UsernamePasswordToken - joe, rememberMe=false].
[Test worker] DEBUG org.apache.shiro.authc.credential.SimpleCredentialsMatcher - Performing credentials equality check for tokenCredentials of type [[C and accountCredentials of type [java.lang.String]
[Test worker] DEBUG org.apache.shiro.authc.credential.SimpleCredentialsMatcher - Both credentials arguments can be easily converted to byte arrays.  Performing array equals comparison
[Test worker] DEBUG org.apache.shiro.authc.AbstractAuthenticator - Authentication successful for token [org.apache.shiro.authc.UsernamePasswordToken - joe, rememberMe=false].  Returned account [joe]
[Test worker] DEBUG org.apache.shiro.subject.support.DefaultSubjectContext - No SecurityManager available in subject context map.  Falling back to SecurityUtils.getSecurityManager() lookup.
[Test worker] TRACE org.apache.shiro.util.ThreadContext - get() - in thread [Test worker]
[Test worker] TRACE org.apache.shiro.mgt.DefaultSecurityManager - Context already contains a SecurityManager instance.  Returning.
[Test worker] TRACE org.apache.shiro.subject.support.DelegatingSubject - attempting to get session; create = false; session is null = true; session has id = false
[Test worker] DEBUG org.apache.shiro.subject.support.DefaultSubjectContext - No SecurityManager available in subject context map.  Falling back to SecurityUtils.getSecurityManager() lookup.
[Test worker] TRACE org.apache.shiro.util.ThreadContext - get() - in thread [Test worker]
[Test worker] TRACE org.apache.shiro.subject.support.DelegatingSubject - attempting to get session; create = false; session is null = true; session has id = false
[Test worker] TRACE org.apache.shiro.subject.support.DelegatingSubject - attempting to get session; create = false; session is null = true; session has id = false
[Test worker] TRACE org.apache.shiro.subject.support.DelegatingSubject - attempting to get session; create = false; session is null = true; session has id = false
[Test worker] TRACE org.apache.shiro.subject.support.DelegatingSubject - attempting to get session; create = false; session is null = true; session has id = false
[Test worker] TRACE org.apache.shiro.subject.support.DelegatingSubject - attempting to get session; create = false; session is null = true; session has id = false
[Test worker] TRACE org.apache.shiro.subject.support.DelegatingSubject - attempting to get session; create = false; session is null = true; session has id = false
[Test worker] TRACE org.apache.shiro.subject.support.DelegatingSubject - attempting to get session; create = true; session is null = true; session has id = false
[Test worker] TRACE org.apache.shiro.subject.support.DelegatingSubject - Starting session for host null
[Test worker] DEBUG org.apache.shiro.session.mgt.AbstractValidatingSessionManager - No sessionValidationScheduler set.  Attempting to create default instance.
[Test worker] TRACE org.apache.shiro.session.mgt.AbstractValidatingSessionManager - Created default SessionValidationScheduler instance of type [org.apache.shiro.session.mgt.ExecutorServiceSessionValidationScheduler].
[Test worker] INFO org.apache.shiro.session.mgt.AbstractValidatingSessionManager - Enabling session validation scheduler...
[Test worker] TRACE org.apache.shiro.session.mgt.DefaultSessionManager - Creating session for host null
[Test worker] DEBUG org.apache.shiro.session.mgt.DefaultSessionManager - Creating new EIS record for new session instance [org.apache.shiro.session.mgt.SimpleSession,id=null]
[Test worker] TRACE org.apache.shiro.session.mgt.AbstractValidatingSessionManager - Attempting to retrieve session with key org.apache.shiro.session.mgt.DefaultSessionKey@64ee793
[Test worker] TRACE org.apache.shiro.subject.support.DelegatingSubject - attempting to get session; create = false; session is null = false; session has id = true
[Test worker] TRACE org.apache.shiro.session.mgt.AbstractValidatingSessionManager - Attempting to retrieve session with key org.apache.shiro.session.mgt.DefaultSessionKey@64ee793
[Test worker] TRACE org.apache.shiro.session.mgt.AbstractValidatingSessionManager - Attempting to retrieve session with key org.apache.shiro.session.mgt.DefaultSessionKey@64ee793
[Test worker] TRACE org.apache.shiro.mgt.DefaultSecurityManager - This org.apache.shiro.mgt.DefaultSecurityManager instance does not have a [org.apache.shiro.mgt.RememberMeManager] instance configured.  RememberMe services will not be performed for account [joe].
[Test worker] TRACE org.apache.shiro.subject.support.DelegatingSubject - attempting to get session; create = false; session is null = false; session has id = true
[Test worker] TRACE griffon.util.CompositeResourceBundle - Searching key=griffon.disable.threading.injection
[Test worker] TRACE griffon.util.CompositeResourceBundle - Searching key=griffon
[Test worker] DEBUG org.codehaus.griffon.runtime.core.controller.AbstractActionManager - Executing com.acme.ShiroController.permissions with policy OUTSIDE_UITHREAD
[Test worker] DEBUG org.codehaus.griffon.runtime.core.controller.AbstractActionManager - Executing 1 interceptor for com.acme.ShiroController.permissions
[Test worker] TRACE org.codehaus.griffon.runtime.core.controller.AbstractActionManager - Calling org.codehaus.griffon.runtime.shiro.ShiroActionInterceptor@7acd5aa1.before() on com.acme.ShiroController.permissions
[Test worker] DEBUG org.codehaus.griffon.runtime.shiro.ShiroActionInterceptor - Evaluating security requirement RequirementConfiguration{requirement=PERMISSIONS, values=[user:write], logical=AND}
[Test worker] TRACE org.apache.shiro.subject.support.DelegatingSubject - attempting to get session; create = false; session is null = false; session has id = true
[Test worker] TRACE org.apache.shiro.session.mgt.AbstractValidatingSessionManager - Attempting to retrieve session with key org.apache.shiro.session.mgt.DefaultSessionKey@64ee793
[Test worker] TRACE org.apache.shiro.subject.support.DelegatingSubject - attempting to get session; create = false; session is null = false; session has id = true
[Test worker] TRACE org.apache.shiro.session.mgt.AbstractValidatingSessionManager - Attempting to retrieve session with key org.apache.shiro.session.mgt.DefaultSessionKey@64ee793
[Test worker] TRACE org.apache.shiro.realm.AuthorizingRealm - Retrieving AuthorizationInfo for principals [joe]
[Test worker] DEBUG org.codehaus.griffon.runtime.shiro.ShiroActionInterceptor - Subject did not meet expected security requirements.
[Test worker] INFO org.codehaus.griffon.runtime.shiro.DefaultSecurityFailureHandler - Subject was not granted access to com.acme.ShiroController.permissions due to lack of permissions
[Test worker] DEBUG org.codehaus.griffon.runtime.core.controller.AbstractActionManager - Execution of com.acme.ShiroController.permissions was aborted by org.codehaus.griffon.runtime.shiro.ShiroActionInterceptor@7acd5aa1
[Test worker] TRACE org.codehaus.griffon.runtime.core.controller.AbstractActionManager - Status before execution of com.acme.ShiroController.permissions is ABORTED
[Test worker] TRACE org.codehaus.griffon.runtime.core.controller.AbstractActionManager - Calling org.codehaus.griffon.runtime.shiro.ShiroActionInterceptor@7acd5aa1.after() on com.acme.ShiroController.permissions
[Test worker] TRACE org.apache.shiro.subject.support.DelegatingSubject - attempting to get session; create = false; session is null = false; session has id = true
[Test worker] TRACE org.apache.shiro.session.mgt.AbstractValidatingSessionManager - Attempting to retrieve session with key org.apache.shiro.session.mgt.DefaultSessionKey@64ee793
[Test worker] TRACE org.apache.shiro.subject.support.DelegatingSubject - attempting to get session; create = false; session is null = false; session has id = true
[Test worker] TRACE org.apache.shiro.session.mgt.AbstractValidatingSessionManager - Attempting to retrieve session with key org.apache.shiro.session.mgt.DefaultSessionKey@64ee793
[Test worker] DEBUG org.apache.shiro.mgt.DefaultSecurityManager - Logging out subject with primary principal joe
[Test worker] TRACE org.apache.shiro.realm.CachingRealm - Cleared cache entries for account with principals [joe]
[Test worker] TRACE org.apache.shiro.subject.support.DelegatingSubject - attempting to get session; create = false; session is null = false; session has id = true
[Test worker] TRACE org.apache.shiro.session.mgt.AbstractValidatingSessionManager - Attempting to retrieve session with key org.apache.shiro.session.mgt.DefaultSessionKey@64ee793
[Test worker] TRACE org.apache.shiro.session.mgt.AbstractValidatingSessionManager - Attempting to retrieve session with key org.apache.shiro.session.mgt.DefaultSessionKey@64ee793
[Test worker] TRACE org.apache.shiro.subject.support.DelegatingSubject - attempting to get session; create = false; session is null = false; session has id = true
[Test worker] TRACE org.apache.shiro.session.mgt.AbstractValidatingSessionManager - Attempting to retrieve session with key org.apache.shiro.session.mgt.DefaultSessionKey@64ee793
[Test worker] DEBUG org.apache.shiro.session.mgt.AbstractSessionManager - Stopping session with id [346b72eb-e201-4b6a-8b5b-c2c54291a48a]
[Test worker] DEBUG org.codehaus.griffon.runtime.core.event.AbstractEventRouter - Triggering event 'ShutdownRequested' synchronously
[Test worker] INFO org.codehaus.griffon.runtime.core.DefaultGriffonApplication - Shutdown is in process
[Test worker] DEBUG org.codehaus.griffon.runtime.core.DefaultGriffonApplication - Shutdown stage 1: notify all event listeners
[Test worker] DEBUG org.codehaus.griffon.runtime.core.event.AbstractEventRouter - Adding listener org.codehaus.griffon.runtime.core.AbstractGriffonApplication$1 on ShutdownStart
[Test worker] DEBUG org.codehaus.griffon.runtime.core.event.AbstractEventRouter - Triggering event 'ShutdownStart' synchronously
[Test worker] DEBUG org.codehaus.griffon.runtime.core.DefaultGriffonApplication - Shutdown stage 2: notify all shutdown handlers
[Test worker] DEBUG org.codehaus.griffon.runtime.core.DefaultGriffonApplication - Shutdown stage 3: destroy all MVC groups
[Test worker] DEBUG org.codehaus.griffon.runtime.core.DefaultGriffonApplication - Shutdown stage 4: execute Shutdown script
[Test worker] TRACE griffon.util.CompositeResourceBundle - Searching key=application.lifecycle.handler.disable
[Test worker] TRACE griffon.util.CompositeResourceBundle - Searching key=application
[Test worker] INFO org.codehaus.griffon.runtime.core.DefaultApplicationBootstrapper - Griffon 2.0.0.SNAPSHOT
[Test worker] INFO org.codehaus.griffon.runtime.core.DefaultApplicationBootstrapper - Build: 2014-03-07T17:17:07.720+0000
[Test worker] INFO org.codehaus.griffon.runtime.core.DefaultApplicationBootstrapper - JVM: 1.7.0_51 (Oracle Corporation 24.51-b03)
[Test worker] INFO org.codehaus.griffon.runtime.core.DefaultApplicationBootstrapper - OS: Linux 2.6.32-042stab084.25 amd64
[Test worker] DEBUG org.codehaus.griffon.runtime.core.DefaultApplicationBootstrapper - Creating module bindings
[Test worker] DEBUG griffon.util.AnnotationUtils - Current module order is [core, shiro, testApplicationBootstrapper$InnerClasses, testApplicationBootstrapper$Fields]
[Test worker] TRACE griffon.util.AnnotationUtils - Processing module 'core'
[Test worker] TRACE griffon.util.AnnotationUtils -   depends on '[]'
[Test worker] TRACE griffon.util.AnnotationUtils -   adding module 'core', since all dependencies have been added
[Test worker] TRACE griffon.util.AnnotationUtils - Processing module 'shiro'
[Test worker] TRACE griffon.util.AnnotationUtils -   depends on '[]'
[Test worker] TRACE griffon.util.AnnotationUtils -   adding module 'shiro', since all dependencies have been added
[Test worker] TRACE griffon.util.AnnotationUtils - Processing module 'testApplicationBootstrapper$InnerClasses'
[Test worker] TRACE griffon.util.AnnotationUtils -   depends on '[]'
[Test worker] TRACE griffon.util.AnnotationUtils -   adding module 'testApplicationBootstrapper$InnerClasses', since all dependencies have been added
[Test worker] TRACE griffon.util.AnnotationUtils - Processing module 'testApplicationBootstrapper$Fields'
[Test worker] TRACE griffon.util.AnnotationUtils -   depends on '[]'
[Test worker] TRACE griffon.util.AnnotationUtils -   adding module 'testApplicationBootstrapper$Fields', since all dependencies have been added
[Test worker] TRACE griffon.util.AnnotationUtils - module dependency ordering complete
[Test worker] DEBUG griffon.util.AnnotationUtils - computed module order is [core, shiro, testApplicationBootstrapper$InnerClasses, testApplicationBootstrapper$Fields]
[Test worker] DEBUG org.codehaus.griffon.runtime.core.DefaultApplicationBootstrapper - Loading module bindings from core:org.codehaus.griffon.runtime.core.DefaultApplicationModule@68ca224f
[Test worker] DEBUG org.codehaus.griffon.runtime.core.DefaultApplicationBootstrapper - Loading module bindings from shiro:org.codehaus.griffon.runtime.shiro.ShiroModule@2e92a648
[Test worker] DEBUG org.codehaus.griffon.runtime.core.DefaultApplicationBootstrapper - Loading module bindings from testApplicationBootstrapper$InnerClasses:org.codehaus.griffon.runtime.core.TestApplicationBootstrapper$InnerClassesModule@1de2d8db
[Test worker] DEBUG org.codehaus.griffon.runtime.core.DefaultApplicationBootstrapper - Loading module bindings from testApplicationBootstrapper$Fields:org.codehaus.griffon.runtime.core.TestApplicationBootstrapper$FieldsModule@180b2131
[Test worker] TRACE org.codehaus.griffon.runtime.core.DefaultApplicationBootstrapper - InstanceBinding[source=griffon.core.GriffonApplication, instance=org.codehaus.griffon.runtime.core.DefaultGriffonApplication@7a1efaf4, singleton=true]
[Test worker] TRACE org.codehaus.griffon.runtime.core.DefaultApplicationBootstrapper - TargetBinding[source=griffon.core.ApplicationClassLoader, target=org.codehaus.griffon.runtime.core.DefaultApplicationClassLoader, singleton=true]
[Test worker] TRACE org.codehaus.griffon.runtime.core.DefaultApplicationBootstrapper - TargetBinding[source=griffon.core.ApplicationConfigurer, target=org.codehaus.griffon.runtime.core.DefaultApplicationConfigurer, singleton=true]
[Test worker] TRACE org.codehaus.griffon.runtime.core.DefaultApplicationBootstrapper - TargetBinding[source=griffon.core.resources.ResourceHandler, target=org.codehaus.griffon.runtime.core.resources.DefaultResourceHandler, singleton=true]
[Test worker] TRACE org.codehaus.griffon.runtime.core.DefaultApplicationBootstrapper - TargetBinding[source=griffon.util.CompositeResourceBundleBuilder, target=org.codehaus.griffon.runtime.util.DefaultCompositeResourceBundleBuilder, singleton=true]
[Test worker] TRACE org.codehaus.griffon.runtime.core.DefaultApplicationBootstrapper - ProviderBinding[source=java.util.ResourceBundle, classifier=@javax.inject.Named(value=applicationResourceBundle), provider=org.codehaus.griffon.runtime.util.ResourceBundleProvider@7ede7cf, singleton=true]
[Test worker] TRACE org.codehaus.griffon.runtime.core.DefaultApplicationBootstrapper - TargetBinding[source=griffon.core.Configuration, target=org.codehaus.griffon.runtime.core.DefaultConfiguration, singleton=true]
[Test worker] TRACE org.codehaus.griffon.runtime.core.DefaultApplicationBootstrapper - TargetBinding[source=griffon.core.ExecutorServiceManager, target=org.codehaus.griffon.runtime.core.DefaultExecutorServiceManager, singleton=true]
[Test worker] TRACE org.codehaus.griffon.runtime.core.DefaultApplicationBootstrapper - TargetBinding[source=griffon.core.event.EventRouter, classifier=@javax.inject.Named(value=applicationEventRouter), target=org.codehaus.griffon.runtime.core.event.DefaultEventRouter, singleton=true]
[Test worker] TRACE org.codehaus.griffon.runtime.core.DefaultApplicationBootstrapper - TargetBinding[source=griffon.core.event.EventRouter, target=org.codehaus.griffon.runtime.core.event.DefaultEventRouter, singleton=false]
[Test worker] TRACE org.codehaus.griffon.runtime.core.DefaultApplicationBootstrapper - ProviderBinding[source=griffon.core.resources.ResourceResolver, classifier=@javax.inject.Named(value=applicationResourceResolver), provider=org.codehaus.griffon.runtime.core.resources.ResourceResolverProvider@140dcb1a, singleton=true]
[Test worker] TRACE org.codehaus.griffon.runtime.core.DefaultApplicationBootstrapper - ProviderBinding[source=griffon.core.i18n.MessageSource, classifier=@javax.inject.Named(value=applicationMessageSource), provider=org.codehaus.griffon.runtime.core.i18n.MessageSourceProvider@1591223f, singleton=true]
[Test worker] TRACE org.codehaus.griffon.runtime.core.DefaultApplicationBootstrapper - TargetBinding[source=griffon.core.resources.ResourceInjector, classifier=@javax.inject.Named(value=applicationResourceInjector), target=org.codehaus.griffon.runtime.core.resources.DefaultApplicationResourceInjector, singleton=true]
[Test worker] TRACE org.codehaus.griffon.runtime.core.DefaultApplicationBootstrapper - TargetBinding[source=griffon.core.threading.UIThreadManager, target=org.codehaus.griffon.runtime.core.threading.DefaultUIThreadManager, singleton=true]
[Test worker] TRACE org.codehaus.griffon.runtime.core.DefaultApplicationBootstrapper - TargetBinding[source=griffon.core.mvc.MVCGroupManager, target=org.codehaus.griffon.runtime.core.mvc.DefaultMVCGroupManager, singleton=true]
[Test worker] TRACE org.codehaus.griffon.runtime.core.DefaultApplicationBootstrapper - ProviderBinding[source=griffon.core.LifecycleHandler, classifier=@javax.inject.Named(value=Initialize), provider=org.codehaus.griffon.runtime.core.LifecycleHandlerProvider@6b5f6128, singleton=true]
[Test worker] TRACE org.codehaus.griffon.runtime.core.DefaultApplicationBootstrapper - ProviderBinding[source=griffon.core.LifecycleHandler, classifier=@javax.inject.Named(value=Startup), provider=org.codehaus.griffon.runtime.core.LifecycleHandlerProvider@42e3c02a, singleton=true]
[Test worker] TRACE org.codehaus.griffon.runtime.core.DefaultApplicationBootstrapper - ProviderBinding[source=griffon.core.LifecycleHandler, classifier=@javax.inject.Named(value=Ready), provider=org.codehaus.griffon.runtime.core.LifecycleHandlerProvider@765d27b4, singleton=true]
[Test worker] TRACE org.codehaus.griffon.runtime.core.DefaultApplicationBootstrapper - ProviderBinding[source=griffon.core.LifecycleHandler, classifier=@javax.inject.Named(value=Shutdown), provider=org.codehaus.griffon.runtime.core.LifecycleHandlerProvider@5dd9d721, singleton=true]
[Test worker] TRACE org.codehaus.griffon.runtime.core.DefaultApplicationBootstrapper - ProviderBinding[source=griffon.core.LifecycleHandler, classifier=@javax.inject.Named(value=Stop), provider=org.codehaus.griffon.runtime.core.LifecycleHandlerProvider@8bae7aa, singleton=true]
[Test worker] TRACE org.codehaus.griffon.runtime.core.DefaultApplicationBootstrapper - TargetBinding[source=griffon.core.view.WindowManager, target=org.codehaus.griffon.runtime.core.view.NoopWindowManager, singleton=true]
[Test worker] TRACE org.codehaus.griffon.runtime.core.DefaultApplicationBootstrapper - TargetBinding[source=griffon.core.controller.ActionManager, target=org.codehaus.griffon.runtime.core.controller.DefaultActionManager, singleton=true]
[Test worker] TRACE org.codehaus.griffon.runtime.core.DefaultApplicationBootstrapper - TargetBinding[source=griffon.core.artifact.ArtifactManager, target=org.codehaus.griffon.runtime.core.artifact.DefaultArtifactManager, singleton=true]
[Test worker] TRACE org.codehaus.griffon.runtime.core.DefaultApplicationBootstrapper - TargetBinding[source=griffon.core.artifact.ArtifactHandler, classifier=@griffon.inject.Typed(value=interface griffon.core.artifact.GriffonModel), target=org.codehaus.griffon.runtime.core.artifact.ModelArtifactHandler, singleton=true]
[Test worker] TRACE org.codehaus.griffon.runtime.core.DefaultApplicationBootstrapper - TargetBinding[source=griffon.core.artifact.ArtifactHandler, classifier=@griffon.inject.Typed(value=interface griffon.core.artifact.GriffonView), target=org.codehaus.griffon.runtime.core.artifact.ViewArtifactHandler, singleton=true]
[Test worker] TRACE org.codehaus.griffon.runtime.core.DefaultApplicationBootstrapper - TargetBinding[source=griffon.core.artifact.ArtifactHandler, classifier=@griffon.inject.Typed(value=interface griffon.core.artifact.GriffonController), target=org.codehaus.griffon.runtime.core.artifact.ControllerArtifactHandler, singleton=true]
[Test worker] TRACE org.codehaus.griffon.runtime.core.DefaultApplicationBootstrapper - TargetBinding[source=griffon.core.artifact.ArtifactHandler, classifier=@griffon.inject.Typed(value=interface griffon.core.artifact.GriffonService), target=org.codehaus.griffon.runtime.core.artifact.ServiceArtifactHandler, singleton=true]
[Test worker] TRACE org.codehaus.griffon.runtime.core.DefaultApplicationBootstrapper - ProviderTypeBinding[source=griffon.core.PlatformHandler, providerType=class org.codehaus.griffon.runtime.core.PlatformHandlerProvider, singleton=true]
[Test worker] TRACE org.codehaus.griffon.runtime.core.DefaultApplicationBootstrapper - TargetBinding[source=griffon.core.addon.AddonManager, target=org.codehaus.griffon.runtime.core.addon.DefaultAddonManager, singleton=true]
[Test worker] TRACE org.codehaus.griffon.runtime.core.DefaultApplicationBootstrapper - TargetBinding[source=griffon.core.event.EventHandler, target=org.codehaus.griffon.runtime.core.event.DefaultEventHandler, singleton=true]
[Test worker] TRACE org.codehaus.griffon.runtime.core.DefaultApplicationBootstrapper - TargetBinding[source=griffon.core.GriffonExceptionHandler, target=griffon.core.GriffonExceptionHandler, singleton=true]
[Test worker] TRACE org.codehaus.griffon.runtime.core.DefaultApplicationBootstrapper - ProviderTypeBinding[source=org.apache.shiro.mgt.SecurityManager, providerType=class org.codehaus.griffon.runtime.shiro.SecurityManagerProvider, singleton=true]
[Test worker] TRACE org.codehaus.griffon.runtime.core.DefaultApplicationBootstrapper - ProviderTypeBinding[source=org.apache.shiro.subject.Subject, providerType=class org.codehaus.griffon.runtime.shiro.SubjectProvider, singleton=true]
[Test worker] TRACE org.codehaus.griffon.runtime.core.DefaultApplicationBootstrapper - TargetBinding[source=griffon.plugins.shiro.SecurityFailureHandler, target=org.codehaus.griffon.runtime.shiro.DefaultSecurityFailureHandler, singleton=true]
[Test worker] TRACE org.codehaus.griffon.runtime.core.DefaultApplicationBootstrapper - TargetBinding[source=griffon.core.controller.ActionInterceptor, target=org.codehaus.griffon.runtime.shiro.ShiroActionInterceptor, singleton=true]
[Test worker] DEBUG org.codehaus.griffon.runtime.core.DefaultApplicationBootstrapper - Creating application injector
[Test worker] DEBUG org.codehaus.griffon.runtime.core.DefaultApplicationBootstrapper - Injector will be created by org.codehaus.griffon.runtime.injection.GuiceInjectorFactory@eb4d977
[Test worker] DEBUG org.codehaus.griffon.runtime.core.event.AbstractEventRouter - Adding listener org.codehaus.griffon.runtime.core.MVCGroupExceptionHandler on UncaughtMVCGroupConfigurationException
[Test worker] DEBUG org.codehaus.griffon.runtime.core.event.AbstractEventRouter - Adding listener org.codehaus.griffon.runtime.core.MVCGroupExceptionHandler on UncaughtMVCGroupInstantiationException
[Test worker] DEBUG org.codehaus.griffon.runtime.core.event.AbstractEventRouter - Triggering event 'BootstrapStart' synchronously
[Test worker] DEBUG griffon.util.ServiceLoaderUtils - Reading java.beans.PropertyEditor definitions from jar:file:/home/travis/build/griffon/griffon/subprojects/griffon-core/build/libs/griffon-core-2.0.0.SNAPSHOT.jar!/META-INF/editors/java.beans.PropertyEditor
[Test worker] DEBUG org.codehaus.griffon.runtime.core.DefaultApplicationConfigurer - Registering griffon.core.editors.StringPropertyEditor as editor for java.lang.String
[Test worker] DEBUG org.codehaus.griffon.runtime.core.DefaultApplicationConfigurer - Registering griffon.core.editors.FilePropertyEditor as editor for java.io.File
[Test worker] DEBUG org.codehaus.griffon.runtime.core.DefaultApplicationConfigurer - Registering griffon.core.editors.URLPropertyEditor as editor for java.net.URL
[Test worker] DEBUG org.codehaus.griffon.runtime.core.DefaultApplicationConfigurer - Registering griffon.core.editors.URIPropertyEditor as editor for java.net.URI
[Test worker] DEBUG org.codehaus.griffon.runtime.core.DefaultApplicationConfigurer - Registering griffon.core.editors.BigDecimalPropertyEditor as editor for java.math.BigDecimal
[Test worker] DEBUG org.codehaus.griffon.runtime.core.DefaultApplicationConfigurer - Registering griffon.core.editors.BigIntegerPropertyEditor as editor for java.math.BigInteger
[Test worker] DEBUG org.codehaus.griffon.runtime.core.DefaultApplicationConfigurer - Registering griffon.core.editors.BooleanPropertyEditor as editor for java.lang.Boolean
[Test worker] DEBUG org.codehaus.griffon.runtime.core.DefaultApplicationConfigurer - Registering griffon.core.editors.BytePropertyEditor as editor for java.lang.Byte
[Test worker] DEBUG org.codehaus.griffon.runtime.core.DefaultApplicationConfigurer - Registering griffon.core.editors.ShortPropertyEditor as editor for java.lang.Short
[Test worker] DEBUG org.codehaus.griffon.runtime.core.DefaultApplicationConfigurer - Registering griffon.core.editors.IntegerPropertyEditor as editor for java.lang.Integer
[Test worker] DEBUG org.codehaus.griffon.runtime.core.DefaultApplicationConfigurer - Registering griffon.core.editors.LongPropertyEditor as editor for java.lang.Long
[Test worker] DEBUG org.codehaus.griffon.runtime.core.DefaultApplicationConfigurer - Registering griffon.core.editors.FloatPropertyEditor as editor for java.lang.Float
[Test worker] DEBUG org.codehaus.griffon.runtime.core.DefaultApplicationConfigurer - Registering griffon.core.editors.DoublePropertyEditor as editor for java.lang.Double
[Test worker] DEBUG org.codehaus.griffon.runtime.core.DefaultApplicationConfigurer - Registering griffon.core.editors.CalendarPropertyEditor as editor for java.util.Calendar
[Test worker] DEBUG org.codehaus.griffon.runtime.core.DefaultApplicationConfigurer - Registering griffon.core.editors.DatePropertyEditor as editor for java.util.Date
[Test worker] DEBUG org.codehaus.griffon.runtime.core.DefaultApplicationConfigurer - Registering griffon.core.editors.BooleanPropertyEditor as editor for boolean
[Test worker] DEBUG org.codehaus.griffon.runtime.core.DefaultApplicationConfigurer - Registering griffon.core.editors.BytePropertyEditor as editor for byte
[Test worker] DEBUG org.codehaus.griffon.runtime.core.DefaultApplicationConfigurer - Registering griffon.core.editors.ShortPropertyEditor as editor for short
[Test worker] DEBUG org.codehaus.griffon.runtime.core.DefaultApplicationConfigurer - Registering griffon.core.editors.IntegerPropertyEditor as editor for int
[Test worker] DEBUG org.codehaus.griffon.runtime.core.DefaultApplicationConfigurer - Registering griffon.core.editors.LongPropertyEditor as editor for long
[Test worker] DEBUG org.codehaus.griffon.runtime.core.DefaultApplicationConfigurer - Registering griffon.core.editors.FloatPropertyEditor as editor for float
[Test worker] DEBUG org.codehaus.griffon.runtime.core.DefaultApplicationConfigurer - Registering griffon.core.editors.DoublePropertyEditor as editor for double
[Test worker] DEBUG org.codehaus.griffon.runtime.core.event.AbstractEventRouter - Adding listener org.codehaus.griffon.runtime.core.DefaultApplicationConfigurer$2 on NewInstance
[Test worker] TRACE griffon.util.CompositeResourceBundle - Searching key=application.lifecycle.handler.disable
[Test worker] TRACE griffon.util.CompositeResourceBundle - Searching key=application
[Test worker] TRACE griffon.util.CompositeResourceBundle - Searching key=platform.handler.linux64
[Test worker] TRACE griffon.util.CompositeResourceBundle - Searching key=platform
[Test worker] DEBUG org.codehaus.griffon.runtime.core.PlatformHandlerProvider - Using org.codehaus.griffon.runtime.core.DefaultPlatformHandler as PlatformHandler
[Test worker] DEBUG org.codehaus.griffon.runtime.core.addon.AbstractAddonManager - Loading addons [START]
[Test worker] DEBUG griffon.util.AnnotationUtils - computed addon order is []
[Test worker] DEBUG org.codehaus.griffon.runtime.core.event.AbstractEventRouter - Triggering event 'LoadAddonsStart' synchronously
[Test worker] DEBUG org.codehaus.griffon.runtime.core.addon.AbstractAddonManager - Loading addons [END]
[Test worker] DEBUG org.codehaus.griffon.runtime.core.event.AbstractEventRouter - Triggering event 'LoadAddonsEnd' synchronously
[Test worker] TRACE griffon.util.CompositeResourceBundle - Searching key=mvcGroups
[Test worker] TRACE griffon.util.CompositeResourceBundle - Searching key=mvcGroups
[Test worker] DEBUG org.codehaus.griffon.runtime.core.event.AbstractEventRouter - Adding listener org.codehaus.griffon.runtime.core.DefaultApplicationConfigurer$3 on NewInstance
[Test worker] TRACE griffon.util.CompositeResourceBundle - Searching key=shiro.realm.resource.path
[Test worker] TRACE griffon.util.CompositeResourceBundle - Searching key=shiro
[Test worker] DEBUG org.apache.shiro.realm.text.PropertiesRealm - Loading user security information from file [classpath:shiro-users.properties]...
[Test worker] DEBUG org.apache.shiro.realm.text.PropertiesRealm - Opening input stream for path [classpath:shiro-users.properties]...
[Test worker] DEBUG org.apache.shiro.io.ResourceUtils - Opening resource from class path [shiro-users.properties]
[Test worker] DEBUG org.apache.shiro.realm.text.PropertiesRealm - Loading properties from path [classpath:shiro-users.properties]...
[Test worker] TRACE org.apache.shiro.realm.text.PropertiesRealm - Processing properties line - key: [user.joe], value: [joe,employee].
[Test worker] TRACE org.apache.shiro.realm.text.PropertiesRealm - Processing properties line - key: [user.bob], value: [bob,manager,employee].
[Test worker] TRACE org.apache.shiro.realm.text.PropertiesRealm - Processing properties line - key: [role.administrator], value: [*].
[Test worker] TRACE org.apache.shiro.realm.text.PropertiesRealm - Processing properties line - key: [role.manager], value: [user:write].
[Test worker] TRACE org.apache.shiro.realm.text.PropertiesRealm - Processing properties line - key: [user.root], value: [root,administrator,manager].
[Test worker] TRACE org.apache.shiro.realm.text.PropertiesRealm - Processing properties line - key: [role.employee], value: [user:read].
[Test worker] TRACE org.apache.shiro.util.ThreadContext - get() - in thread [Test worker]
[Test worker] TRACE org.apache.shiro.util.ThreadContext - Retrieved value of type [org.apache.shiro.subject.support.DelegatingSubject] for key [org.apache.shiro.util.ThreadContext_SUBJECT_KEY] bound to thread [Test worker]
[Test worker] TRACE griffon.util.CompositeResourceBundle - Searching key=griffon.controller.action.interceptor.order
[Test worker] TRACE griffon.util.CompositeResourceBundle - Searching key=griffon
[Test worker] DEBUG griffon.util.AnnotationUtils - Current interceptor order is [shiro]
[Test worker] TRACE griffon.util.AnnotationUtils - Processing interceptor 'shiro'
[Test worker] TRACE griffon.util.AnnotationUtils -   depends on '[]'
[Test worker] TRACE griffon.util.AnnotationUtils -   adding interceptor 'shiro', since all dependencies have been added
[Test worker] TRACE griffon.util.AnnotationUtils - interceptor dependency ordering complete
[Test worker] DEBUG griffon.util.AnnotationUtils - computed interceptor order is [shiro]
[Test worker] DEBUG org.codehaus.griffon.runtime.core.artifact.AbstractArtifactManager - Registering artifact handler for type 'model': org.codehaus.griffon.runtime.core.artifact.ModelArtifactHandler@36ea5b70
[Test worker] DEBUG org.codehaus.griffon.runtime.core.artifact.AbstractArtifactManager - Registering artifact handler for type 'view': org.codehaus.griffon.runtime.core.artifact.ViewArtifactHandler@5419323a
[Test worker] DEBUG org.codehaus.griffon.runtime.core.artifact.AbstractArtifactManager - Registering artifact handler for type 'controller': org.codehaus.griffon.runtime.core.artifact.ControllerArtifactHandler@4230a8f8
[Test worker] DEBUG org.codehaus.griffon.runtime.core.artifact.AbstractArtifactManager - Registering artifact handler for type 'service': org.codehaus.griffon.runtime.core.artifact.ServiceArtifactHandler@8a553bb
[Test worker] DEBUG griffon.util.ServiceLoaderUtils - Reading griffon.core.artifact.GriffonController definitions from file:/home/travis/build/griffon/griffon/plugins/griffon-shiro-plugin/build/classes/test/META-INF/griffon/griffon.core.artifact.GriffonController
[Test worker] DEBUG griffon.util.ServiceLoaderUtils - Reading griffon.core.artifact.GriffonModel definitions from file:/home/travis/build/griffon/griffon/plugins/griffon-shiro-plugin/build/classes/test/META-INF/griffon/griffon.core.artifact.GriffonModel
[Test worker] DEBUG org.codehaus.griffon.runtime.core.artifact.DefaultArtifactManager - Artifacts of type 'controller' = 1
[Test worker] DEBUG org.codehaus.griffon.runtime.core.artifact.DefaultArtifactManager - Artifacts of type 'model' = 1
[Test worker] TRACE org.codehaus.griffon.runtime.core.artifact.AbstractArtifactManager - InstanceBinding[source=griffon.core.artifact.GriffonClass, classifier=@griffon.inject.Typed(value=class com.acme.ShiroController), instance=Artifact[controller] > Shiro, singleton=true]
[Test worker] TRACE org.codehaus.griffon.runtime.core.artifact.AbstractArtifactManager - TargetBinding[source=com.acme.ShiroController, target=com.acme.ShiroController, singleton=false]
[Test worker] TRACE org.codehaus.griffon.runtime.core.artifact.AbstractArtifactManager - InstanceBinding[source=griffon.core.artifact.GriffonClass, classifier=@griffon.inject.Typed(value=class com.acme.ShiroModel), instance=Artifact[model] > Shiro, singleton=true]
[Test worker] TRACE org.codehaus.griffon.runtime.core.artifact.AbstractArtifactManager - TargetBinding[source=com.acme.ShiroModel, target=com.acme.ShiroModel, singleton=false]
[Test worker] DEBUG org.codehaus.griffon.runtime.core.event.AbstractEventRouter - Triggering event 'BootstrapEnd' synchronously
[Test worker] DEBUG org.codehaus.griffon.runtime.core.artifact.AbstractArtifactManager - Searching for griffonClass of com.acme.ShiroController
[Test worker] DEBUG org.codehaus.griffon.runtime.core.event.AbstractEventRouter - Triggering event 'NewInstance' synchronously
[Test worker] DEBUG org.codehaus.griffon.runtime.core.artifact.AbstractArtifactManager - Searching for griffonClass of com.acme.ShiroController
[Test worker] TRACE griffon.util.CompositeResourceBundle - Searching key=com.acme.ShiroController.action.Authenticated.name
[Test worker] TRACE griffon.util.CompositeResourceBundle - Searching key=application.action.Authenticated.name
[Test worker] TRACE org.codehaus.griffon.runtime.core.controller.AbstractActionManager - com.acme.ShiroController.action.Authenticated.name = Authenticated
[Test worker] DEBUG org.codehaus.griffon.runtime.core.controller.AbstractActionManager - Configuring action com.acme.ShiroController.authenticated with org.codehaus.griffon.runtime.shiro.ShiroActionInterceptor@4c438fce
[Test worker] TRACE org.codehaus.griffon.runtime.core.controller.AbstractActionManager - Action for com.acme.ShiroController.authenticated stored as authenticated
[Test worker] TRACE griffon.util.CompositeResourceBundle - Searching key=com.acme.ShiroController.action.Guest.name
[Test worker] TRACE griffon.util.CompositeResourceBundle - Searching key=application.action.Guest.name
[Test worker] TRACE org.codehaus.griffon.runtime.core.controller.AbstractActionManager - com.acme.ShiroController.action.Guest.name = Guest
[Test worker] DEBUG org.codehaus.griffon.runtime.core.controller.AbstractActionManager - Configuring action com.acme.ShiroController.guest with org.codehaus.griffon.runtime.shiro.ShiroActionInterceptor@4c438fce
[Test worker] TRACE org.codehaus.griffon.runtime.core.controller.AbstractActionManager - Action for com.acme.ShiroController.guest stored as guest
[Test worker] TRACE griffon.util.CompositeResourceBundle - Searching key=com.acme.ShiroController.action.Permissions.name
[Test worker] TRACE griffon.util.CompositeResourceBundle - Searching key=application.action.Permissions.name
[Test worker] TRACE org.codehaus.griffon.runtime.core.controller.AbstractActionManager - com.acme.ShiroController.action.Permissions.name = Permissions
[Test worker] DEBUG org.codehaus.griffon.runtime.core.controller.AbstractActionManager - Configuring action com.acme.ShiroController.permissions with org.codehaus.griffon.runtime.shiro.ShiroActionInterceptor@4c438fce
[Test worker] TRACE org.codehaus.griffon.runtime.core.controller.AbstractActionManager - Action for com.acme.ShiroController.permissions stored as permissions
[Test worker] TRACE griffon.util.CompositeResourceBundle - Searching key=com.acme.ShiroController.action.Roles.name
[Test worker] TRACE griffon.util.CompositeResourceBundle - Searching key=application.action.Roles.name
[Test worker] TRACE org.codehaus.griffon.runtime.core.controller.AbstractActionManager - com.acme.ShiroController.action.Roles.name = Roles
[Test worker] DEBUG org.codehaus.griffon.runtime.core.controller.AbstractActionManager - Configuring action com.acme.ShiroController.roles with org.codehaus.griffon.runtime.shiro.ShiroActionInterceptor@4c438fce
[Test worker] TRACE org.codehaus.griffon.runtime.core.controller.AbstractActionManager - Action for com.acme.ShiroController.roles stored as roles
[Test worker] TRACE griffon.util.CompositeResourceBundle - Searching key=com.acme.ShiroController.action.User.name
[Test worker] TRACE griffon.util.CompositeResourceBundle - Searching key=application.action.User.name
[Test worker] TRACE org.codehaus.griffon.runtime.core.controller.AbstractActionManager - com.acme.ShiroController.action.User.name = User
[Test worker] DEBUG org.codehaus.griffon.runtime.core.controller.AbstractActionManager - Configuring action com.acme.ShiroController.user with org.codehaus.griffon.runtime.shiro.ShiroActionInterceptor@4c438fce
[Test worker] TRACE org.codehaus.griffon.runtime.core.controller.AbstractActionManager - Action for com.acme.ShiroController.user stored as user
[Test worker] DEBUG org.codehaus.griffon.runtime.core.artifact.AbstractArtifactManager - Searching for griffonClass of com.acme.ShiroModel
[Test worker] DEBUG org.codehaus.griffon.runtime.core.event.AbstractEventRouter - Triggering event 'NewInstance' synchronously
[Test worker] TRACE org.apache.shiro.subject.support.DelegatingSubject - attempting to get session; create = false; session is null = true; session has id = false
[Test worker] TRACE org.apache.shiro.authc.AbstractAuthenticator - Authentication attempt received for token [org.apache.shiro.authc.UsernamePasswordToken - root, rememberMe=false]
[Test worker] DEBUG org.apache.shiro.realm.AuthenticatingRealm - Looked up AuthenticationInfo [root] from doGetAuthenticationInfo
[Test worker] DEBUG org.apache.shiro.realm.AuthenticatingRealm - AuthenticationInfo caching is disabled for info [root].  Submitted token: [org.apache.shiro.authc.UsernamePasswordToken - root, rememberMe=false].
[Test worker] DEBUG org.apache.shiro.authc.credential.SimpleCredentialsMatcher - Performing credentials equality check for tokenCredentials of type [[C and accountCredentials of type [java.lang.String]
[Test worker] DEBUG org.apache.shiro.authc.credential.SimpleCredentialsMatcher - Both credentials arguments can be easily converted to byte arrays.  Performing array equals comparison
[Test worker] DEBUG org.apache.shiro.authc.AbstractAuthenticator - Authentication successful for token [org.apache.shiro.authc.UsernamePasswordToken - root, rememberMe=false].  Returned account [root]
[Test worker] DEBUG org.apache.shiro.subject.support.DefaultSubjectContext - No SecurityManager available in subject context map.  Falling back to SecurityUtils.getSecurityManager() lookup.
[Test worker] TRACE org.apache.shiro.util.ThreadContext - get() - in thread [Test worker]
[Test worker] TRACE org.apache.shiro.mgt.DefaultSecurityManager - Context already contains a SecurityManager instance.  Returning.
[Test worker] TRACE org.apache.shiro.subject.support.DelegatingSubject - attempting to get session; create = false; session is null = true; session has id = false
[Test worker] DEBUG org.apache.shiro.subject.support.DefaultSubjectContext - No SecurityManager available in subject context map.  Falling back to SecurityUtils.getSecurityManager() lookup.
[Test worker] TRACE org.apache.shiro.util.ThreadContext - get() - in thread [Test worker]
[Test worker] TRACE org.apache.shiro.subject.support.DelegatingSubject - attempting to get session; create = false; session is null = true; session has id = false
[Test worker] TRACE org.apache.shiro.subject.support.DelegatingSubject - attempting to get session; create = false; session is null = true; session has id = false
[Test worker] TRACE org.apache.shiro.subject.support.DelegatingSubject - attempting to get session; create = false; session is null = true; session has id = false
[Test worker] TRACE org.apache.shiro.subject.support.DelegatingSubject - attempting to get session; create = false; session is null = true; session has id = false
[Test worker] TRACE org.apache.shiro.subject.support.DelegatingSubject - attempting to get session; create = false; session is null = true; session has id = false
[Test worker] TRACE org.apache.shiro.subject.support.DelegatingSubject - attempting to get session; create = false; session is null = true; session has id = false
[Test worker] TRACE org.apache.shiro.subject.support.DelegatingSubject - attempting to get session; create = true; session is null = true; session has id = false
[Test worker] TRACE org.apache.shiro.subject.support.DelegatingSubject - Starting session for host null
[Test worker] DEBUG org.apache.shiro.session.mgt.AbstractValidatingSessionManager - No sessionValidationScheduler set.  Attempting to create default instance.
[Test worker] TRACE org.apache.shiro.session.mgt.AbstractValidatingSessionManager - Created default SessionValidationScheduler instance of type [org.apache.shiro.session.mgt.ExecutorServiceSessionValidationScheduler].
[Test worker] INFO org.apache.shiro.session.mgt.AbstractValidatingSessionManager - Enabling session validation scheduler...
[Test worker] TRACE org.apache.shiro.session.mgt.DefaultSessionManager - Creating session for host null
[Test worker] DEBUG org.apache.shiro.session.mgt.DefaultSessionManager - Creating new EIS record for new session instance [org.apache.shiro.session.mgt.SimpleSession,id=null]
[Test worker] TRACE org.apache.shiro.session.mgt.AbstractValidatingSessionManager - Attempting to retrieve session with key org.apache.shiro.session.mgt.DefaultSessionKey@456dbdf4
[Test worker] TRACE org.apache.shiro.subject.support.DelegatingSubject - attempting to get session; create = false; session is null = false; session has id = true
[Test worker] TRACE org.apache.shiro.session.mgt.AbstractValidatingSessionManager - Attempting to retrieve session with key org.apache.shiro.session.mgt.DefaultSessionKey@456dbdf4
[Test worker] TRACE org.apache.shiro.session.mgt.AbstractValidatingSessionManager - Attempting to retrieve session with key org.apache.shiro.session.mgt.DefaultSessionKey@456dbdf4
[Test worker] TRACE org.apache.shiro.mgt.DefaultSecurityManager - This org.apache.shiro.mgt.DefaultSecurityManager instance does not have a [org.apache.shiro.mgt.RememberMeManager] instance configured.  RememberMe services will not be performed for account [root].
[Test worker] TRACE org.apache.shiro.subject.support.DelegatingSubject - attempting to get session; create = false; session is null = false; session has id = true
[Test worker] TRACE griffon.util.CompositeResourceBundle - Searching key=griffon.disable.threading.injection
[Test worker] TRACE griffon.util.CompositeResourceBundle - Searching key=griffon
[Test worker] DEBUG org.codehaus.griffon.runtime.core.controller.AbstractActionManager - Executing com.acme.ShiroController.guest with policy OUTSIDE_UITHREAD
[Test worker] DEBUG org.codehaus.griffon.runtime.core.controller.AbstractActionManager - Executing 1 interceptor for com.acme.ShiroController.guest
[Test worker] TRACE org.codehaus.griffon.runtime.core.controller.AbstractActionManager - Calling org.codehaus.griffon.runtime.shiro.ShiroActionInterceptor@4c438fce.before() on com.acme.ShiroController.guest
[Test worker] DEBUG org.codehaus.griffon.runtime.shiro.ShiroActionInterceptor - Evaluating security requirement RequirementConfiguration{requirement=GUEST, values=[], logical=AND}
[Test worker] TRACE org.apache.shiro.subject.support.DelegatingSubject - attempting to get session; create = false; session is null = false; session has id = true
[Test worker] TRACE org.apache.shiro.session.mgt.AbstractValidatingSessionManager - Attempting to retrieve session with key org.apache.shiro.session.mgt.DefaultSessionKey@456dbdf4
[Test worker] DEBUG org.codehaus.griffon.runtime.shiro.ShiroActionInterceptor - Subject did not meet expected security requirements.
[Test worker] INFO org.codehaus.griffon.runtime.shiro.DefaultSecurityFailureHandler - Subject failed guest challenge on com.acme.ShiroController.guest
[Test worker] DEBUG org.codehaus.griffon.runtime.core.controller.AbstractActionManager - Execution of com.acme.ShiroController.guest was aborted by org.codehaus.griffon.runtime.shiro.ShiroActionInterceptor@4c438fce
[Test worker] TRACE org.codehaus.griffon.runtime.core.controller.AbstractActionManager - Status before execution of com.acme.ShiroController.guest is ABORTED
[Test worker] TRACE org.codehaus.griffon.runtime.core.controller.AbstractActionManager - Calling org.codehaus.griffon.runtime.shiro.ShiroActionInterceptor@4c438fce.after() on com.acme.ShiroController.guest
[Test worker] TRACE org.apache.shiro.subject.support.DelegatingSubject - attempting to get session; create = false; session is null = false; session has id = true
[Test worker] TRACE org.apache.shiro.session.mgt.AbstractValidatingSessionManager - Attempting to retrieve session with key org.apache.shiro.session.mgt.DefaultSessionKey@456dbdf4
[Test worker] TRACE org.apache.shiro.subject.support.DelegatingSubject - attempting to get session; create = false; session is null = false; session has id = true
[Test worker] TRACE org.apache.shiro.session.mgt.AbstractValidatingSessionManager - Attempting to retrieve session with key org.apache.shiro.session.mgt.DefaultSessionKey@456dbdf4
[Test worker] DEBUG org.apache.shiro.mgt.DefaultSecurityManager - Logging out subject with primary principal root
[Test worker] TRACE org.apache.shiro.realm.CachingRealm - Cleared cache entries for account with principals [root]
[Test worker] TRACE org.apache.shiro.subject.support.DelegatingSubject - attempting to get session; create = false; session is null = false; session has id = true
[Test worker] TRACE org.apache.shiro.session.mgt.AbstractValidatingSessionManager - Attempting to retrieve session with key org.apache.shiro.session.mgt.DefaultSessionKey@456dbdf4
[Test worker] TRACE org.apache.shiro.session.mgt.AbstractValidatingSessionManager - Attempting to retrieve session with key org.apache.shiro.session.mgt.DefaultSessionKey@456dbdf4
[Test worker] TRACE org.apache.shiro.subject.support.DelegatingSubject - attempting to get session; create = false; session is null = false; session has id = true
[Test worker] TRACE org.apache.shiro.session.mgt.AbstractValidatingSessionManager - Attempting to retrieve session with key org.apache.shiro.session.mgt.DefaultSessionKey@456dbdf4
[Test worker] DEBUG org.apache.shiro.session.mgt.AbstractSessionManager - Stopping session with id [907b2eab-7584-4e1a-b6c0-e0447b42af48]
[Test worker] DEBUG org.codehaus.griffon.runtime.core.event.AbstractEventRouter - Triggering event 'ShutdownRequested' synchronously
[Test worker] INFO org.codehaus.griffon.runtime.core.DefaultGriffonApplication - Shutdown is in process
[Test worker] DEBUG org.codehaus.griffon.runtime.core.DefaultGriffonApplication - Shutdown stage 1: notify all event listeners
[Test worker] DEBUG org.codehaus.griffon.runtime.core.event.AbstractEventRouter - Adding listener org.codehaus.griffon.runtime.core.AbstractGriffonApplication$1 on ShutdownStart
[Test worker] DEBUG org.codehaus.griffon.runtime.core.event.AbstractEventRouter - Triggering event 'ShutdownStart' synchronously
[Test worker] DEBUG org.codehaus.griffon.runtime.core.DefaultGriffonApplication - Shutdown stage 2: notify all shutdown handlers
[Test worker] DEBUG org.codehaus.griffon.runtime.core.DefaultGriffonApplication - Shutdown stage 3: destroy all MVC groups
[Test worker] DEBUG org.codehaus.griffon.runtime.core.DefaultGriffonApplication - Shutdown stage 4: execute Shutdown script
[Test worker] TRACE griffon.util.CompositeResourceBundle - Searching key=application.lifecycle.handler.disable
[Test worker] TRACE griffon.util.CompositeResourceBundle - Searching key=application
[Test worker] INFO org.codehaus.griffon.runtime.core.DefaultApplicationBootstrapper - Griffon 2.0.0.SNAPSHOT
[Test worker] INFO org.codehaus.griffon.runtime.core.DefaultApplicationBootstrapper - Build: 2014-03-07T17:17:07.720+0000
[Test worker] INFO org.codehaus.griffon.runtime.core.DefaultApplicationBootstrapper - JVM: 1.7.0_51 (Oracle Corporation 24.51-b03)
[Test worker] INFO org.codehaus.griffon.runtime.core.DefaultApplicationBootstrapper - OS: Linux 2.6.32-042stab084.25 amd64
[Test worker] DEBUG org.codehaus.griffon.runtime.core.DefaultApplicationBootstrapper - Creating module bindings
[Test worker] DEBUG griffon.util.AnnotationUtils - Current module order is [core, shiro, testApplicationBootstrapper$InnerClasses, testApplicationBootstrapper$Fields]
[Test worker] TRACE griffon.util.AnnotationUtils - Processing module 'core'
[Test worker] TRACE griffon.util.AnnotationUtils -   depends on '[]'
[Test worker] TRACE griffon.util.AnnotationUtils -   adding module 'core', since all dependencies have been added
[Test worker] TRACE griffon.util.AnnotationUtils - Processing module 'shiro'
[Test worker] TRACE griffon.util.AnnotationUtils -   depends on '[]'
[Test worker] TRACE griffon.util.AnnotationUtils -   adding module 'shiro', since all dependencies have been added
[Test worker] TRACE griffon.util.AnnotationUtils - Processing module 'testApplicationBootstrapper$InnerClasses'
[Test worker] TRACE griffon.util.AnnotationUtils -   depends on '[]'
[Test worker] TRACE griffon.util.AnnotationUtils -   adding module 'testApplicationBootstrapper$InnerClasses', since all dependencies have been added
[Test worker] TRACE griffon.util.AnnotationUtils - Processing module 'testApplicationBootstrapper$Fields'
[Test worker] TRACE griffon.util.AnnotationUtils -   depends on '[]'
[Test worker] TRACE griffon.util.AnnotationUtils -   adding module 'testApplicationBootstrapper$Fields', since all dependencies have been added
[Test worker] TRACE griffon.util.AnnotationUtils - module dependency ordering complete
[Test worker] DEBUG griffon.util.AnnotationUtils - computed module order is [core, shiro, testApplicationBootstrapper$InnerClasses, testApplicationBootstrapper$Fields]
[Test worker] DEBUG org.codehaus.griffon.runtime.core.DefaultApplicationBootstrapper - Loading module bindings from core:org.codehaus.griffon.runtime.core.DefaultApplicationModule@762eefed
[Test worker] DEBUG org.codehaus.griffon.runtime.core.DefaultApplicationBootstrapper - Loading module bindings from shiro:org.codehaus.griffon.runtime.shiro.ShiroModule@389ed39
[Test worker] DEBUG org.codehaus.griffon.runtime.core.DefaultApplicationBootstrapper - Loading module bindings from testApplicationBootstrapper$InnerClasses:org.codehaus.griffon.runtime.core.TestApplicationBootstrapper$InnerClassesModule@54353aff
[Test worker] DEBUG org.codehaus.griffon.runtime.core.DefaultApplicationBootstrapper - Loading module bindings from testApplicationBootstrapper$Fields:org.codehaus.griffon.runtime.core.TestApplicationBootstrapper$FieldsModule@72b46689
[Test worker] TRACE org.codehaus.griffon.runtime.core.DefaultApplicationBootstrapper - InstanceBinding[source=griffon.core.GriffonApplication, instance=org.codehaus.griffon.runtime.core.DefaultGriffonApplication@30ac1837, singleton=true]
[Test worker] TRACE org.codehaus.griffon.runtime.core.DefaultApplicationBootstrapper - TargetBinding[source=griffon.core.ApplicationClassLoader, target=org.codehaus.griffon.runtime.core.DefaultApplicationClassLoader, singleton=true]
[Test worker] TRACE org.codehaus.griffon.runtime.core.DefaultApplicationBootstrapper - TargetBinding[source=griffon.core.ApplicationConfigurer, target=org.codehaus.griffon.runtime.core.DefaultApplicationConfigurer, singleton=true]
[Test worker] TRACE org.codehaus.griffon.runtime.core.DefaultApplicationBootstrapper - TargetBinding[source=griffon.core.resources.ResourceHandler, target=org.codehaus.griffon.runtime.core.resources.DefaultResourceHandler, singleton=true]
[Test worker] TRACE org.codehaus.griffon.runtime.core.DefaultApplicationBootstrapper - TargetBinding[source=griffon.util.CompositeResourceBundleBuilder, target=org.codehaus.griffon.runtime.util.DefaultCompositeResourceBundleBuilder, singleton=true]
[Test worker] TRACE org.codehaus.griffon.runtime.core.DefaultApplicationBootstrapper - ProviderBinding[source=java.util.ResourceBundle, classifier=@javax.inject.Named(value=applicationResourceBundle), provider=org.codehaus.griffon.runtime.util.ResourceBundleProvider@7269dbd7, singleton=true]
[Test worker] TRACE org.codehaus.griffon.runtime.core.DefaultApplicationBootstrapper - TargetBinding[source=griffon.core.Configuration, target=org.codehaus.griffon.runtime.core.DefaultConfiguration, singleton=true]
[Test worker] TRACE org.codehaus.griffon.runtime.core.DefaultApplicationBootstrapper - TargetBinding[source=griffon.core.ExecutorServiceManager, target=org.codehaus.griffon.runtime.core.DefaultExecutorServiceManager, singleton=true]
[Test worker] TRACE org.codehaus.griffon.runtime.core.DefaultApplicationBootstrapper - TargetBinding[source=griffon.core.event.EventRouter, classifier=@javax.inject.Named(value=applicationEventRouter), target=org.codehaus.griffon.runtime.core.event.DefaultEventRouter, singleton=true]
[Test worker] TRACE org.codehaus.griffon.runtime.core.DefaultApplicationBootstrapper - TargetBinding[source=griffon.core.event.EventRouter, target=org.codehaus.griffon.runtime.core.event.DefaultEventRouter, singleton=false]
[Test worker] TRACE org.codehaus.griffon.runtime.core.DefaultApplicationBootstrapper - ProviderBinding[source=griffon.core.resources.ResourceResolver, classifier=@javax.inject.Named(value=applicationResourceResolver), provider=org.codehaus.griffon.runtime.core.resources.ResourceResolverProvider@3e03af0, singleton=true]
[Test worker] TRACE org.codehaus.griffon.runtime.core.DefaultApplicationBootstrapper - ProviderBinding[source=griffon.core.i18n.MessageSource, classifier=@javax.inject.Named(value=applicationMessageSource), provider=org.codehaus.griffon.runtime.core.i18n.MessageSourceProvider@763d648c, singleton=true]
[Test worker] TRACE org.codehaus.griffon.runtime.core.DefaultApplicationBootstrapper - TargetBinding[source=griffon.core.resources.ResourceInjector, classifier=@javax.inject.Named(value=applicationResourceInjector), target=org.codehaus.griffon.runtime.core.resources.DefaultApplicationResourceInjector, singleton=true]
[Test worker] TRACE org.codehaus.griffon.runtime.core.DefaultApplicationBootstrapper - TargetBinding[source=griffon.core.threading.UIThreadManager, target=org.codehaus.griffon.runtime.core.threading.DefaultUIThreadManager, singleton=true]
[Test worker] TRACE org.codehaus.griffon.runtime.core.DefaultApplicationBootstrapper - TargetBinding[source=griffon.core.mvc.MVCGroupManager, target=org.codehaus.griffon.runtime.core.mvc.DefaultMVCGroupManager, singleton=true]
[Test worker] TRACE org.codehaus.griffon.runtime.core.DefaultApplicationBootstrapper - ProviderBinding[source=griffon.core.LifecycleHandler, classifier=@javax.inject.Named(value=Initialize), provider=org.codehaus.griffon.runtime.core.LifecycleHandlerProvider@38945ff9, singleton=true]
[Test worker] TRACE org.codehaus.griffon.runtime.core.DefaultApplicationBootstrapper - ProviderBinding[source=griffon.core.LifecycleHandler, classifier=@javax.inject.Named(value=Startup), provider=org.codehaus.griffon.runtime.core.LifecycleHandlerProvider@1528f174, singleton=true]
[Test worker] TRACE org.codehaus.griffon.runtime.core.DefaultApplicationBootstrapper - ProviderBinding[source=griffon.core.LifecycleHandler, classifier=@javax.inject.Named(value=Ready), provider=org.codehaus.griffon.runtime.core.LifecycleHandlerProvider@33040186, singleton=true]
[Test worker] TRACE org.codehaus.griffon.runtime.core.DefaultApplicationBootstrapper - ProviderBinding[source=griffon.core.LifecycleHandler, classifier=@javax.inject.Named(value=Shutdown), provider=org.codehaus.griffon.runtime.core.LifecycleHandlerProvider@4c001e94, singleton=true]
[Test worker] TRACE org.codehaus.griffon.runtime.core.DefaultApplicationBootstrapper - ProviderBinding[source=griffon.core.LifecycleHandler, classifier=@javax.inject.Named(value=Stop), provider=org.codehaus.griffon.runtime.core.LifecycleHandlerProvider@1bd7ad87, singleton=true]
[Test worker] TRACE org.codehaus.griffon.runtime.core.DefaultApplicationBootstrapper - TargetBinding[source=griffon.core.view.WindowManager, target=org.codehaus.griffon.runtime.core.view.NoopWindowManager, singleton=true]
[Test worker] TRACE org.codehaus.griffon.runtime.core.DefaultApplicationBootstrapper - TargetBinding[source=griffon.core.controller.ActionManager, target=org.codehaus.griffon.runtime.core.controller.DefaultActionManager, singleton=true]
[Test worker] TRACE org.codehaus.griffon.runtime.core.DefaultApplicationBootstrapper - TargetBinding[source=griffon.core.artifact.ArtifactManager, target=org.codehaus.griffon.runtime.core.artifact.DefaultArtifactManager, singleton=true]
[Test worker] TRACE org.codehaus.griffon.runtime.core.DefaultApplicationBootstrapper - TargetBinding[source=griffon.core.artifact.ArtifactHandler, classifier=@griffon.inject.Typed(value=interface griffon.core.artifact.GriffonModel), target=org.codehaus.griffon.runtime.core.artifact.ModelArtifactHandler, singleton=true]
[Test worker] TRACE org.codehaus.griffon.runtime.core.DefaultApplicationBootstrapper - TargetBinding[source=griffon.core.artifact.ArtifactHandler, classifier=@griffon.inject.Typed(value=interface griffon.core.artifact.GriffonView), target=org.codehaus.griffon.runtime.core.artifact.ViewArtifactHandler, singleton=true]
[Test worker] TRACE org.codehaus.griffon.runtime.core.DefaultApplicationBootstrapper - TargetBinding[source=griffon.core.artifact.ArtifactHandler, classifier=@griffon.inject.Typed(value=interface griffon.core.artifact.GriffonController), target=org.codehaus.griffon.runtime.core.artifact.ControllerArtifactHandler, singleton=true]
[Test worker] TRACE org.codehaus.griffon.runtime.core.DefaultApplicationBootstrapper - TargetBinding[source=griffon.core.artifact.ArtifactHandler, classifier=@griffon.inject.Typed(value=interface griffon.core.artifact.GriffonService), target=org.codehaus.griffon.runtime.core.artifact.ServiceArtifactHandler, singleton=true]
[Test worker] TRACE org.codehaus.griffon.runtime.core.DefaultApplicationBootstrapper - ProviderTypeBinding[source=griffon.core.PlatformHandler, providerType=class org.codehaus.griffon.runtime.core.PlatformHandlerProvider, singleton=true]
[Test worker] TRACE org.codehaus.griffon.runtime.core.DefaultApplicationBootstrapper - TargetBinding[source=griffon.core.addon.AddonManager, target=org.codehaus.griffon.runtime.core.addon.DefaultAddonManager, singleton=true]
[Test worker] TRACE org.codehaus.griffon.runtime.core.DefaultApplicationBootstrapper - TargetBinding[source=griffon.core.event.EventHandler, target=org.codehaus.griffon.runtime.core.event.DefaultEventHandler, singleton=true]
[Test worker] TRACE org.codehaus.griffon.runtime.core.DefaultApplicationBootstrapper - TargetBinding[source=griffon.core.GriffonExceptionHandler, target=griffon.core.GriffonExceptionHandler, singleton=true]
[Test worker] TRACE org.codehaus.griffon.runtime.core.DefaultApplicationBootstrapper - ProviderTypeBinding[source=org.apache.shiro.mgt.SecurityManager, providerType=class org.codehaus.griffon.runtime.shiro.SecurityManagerProvider, singleton=true]
[Test worker] TRACE org.codehaus.griffon.runtime.core.DefaultApplicationBootstrapper - ProviderTypeBinding[source=org.apache.shiro.subject.Subject, providerType=class org.codehaus.griffon.runtime.shiro.SubjectProvider, singleton=true]
[Test worker] TRACE org.codehaus.griffon.runtime.core.DefaultApplicationBootstrapper - TargetBinding[source=griffon.plugins.shiro.SecurityFailureHandler, target=org.codehaus.griffon.runtime.shiro.DefaultSecurityFailureHandler, singleton=true]
[Test worker] TRACE org.codehaus.griffon.runtime.core.DefaultApplicationBootstrapper - TargetBinding[source=griffon.core.controller.ActionInterceptor, target=org.codehaus.griffon.runtime.shiro.ShiroActionInterceptor, singleton=true]
[Test worker] DEBUG org.codehaus.griffon.runtime.core.DefaultApplicationBootstrapper - Creating application injector
[Test worker] DEBUG org.codehaus.griffon.runtime.core.DefaultApplicationBootstrapper - Injector will be created by org.codehaus.griffon.runtime.injection.GuiceInjectorFactory@42f38187
[Test worker] DEBUG org.codehaus.griffon.runtime.core.event.AbstractEventRouter - Adding listener org.codehaus.griffon.runtime.core.MVCGroupExceptionHandler on UncaughtMVCGroupConfigurationException
[Test worker] DEBUG org.codehaus.griffon.runtime.core.event.AbstractEventRouter - Adding listener org.codehaus.griffon.runtime.core.MVCGroupExceptionHandler on UncaughtMVCGroupInstantiationException
[Test worker] DEBUG org.codehaus.griffon.runtime.core.event.AbstractEventRouter - Triggering event 'BootstrapStart' synchronously
[Test worker] DEBUG griffon.util.ServiceLoaderUtils - Reading java.beans.PropertyEditor definitions from jar:file:/home/travis/build/griffon/griffon/subprojects/griffon-core/build/libs/griffon-core-2.0.0.SNAPSHOT.jar!/META-INF/editors/java.beans.PropertyEditor
[Test worker] DEBUG org.codehaus.griffon.runtime.core.DefaultApplicationConfigurer - Registering griffon.core.editors.StringPropertyEditor as editor for java.lang.String
[Test worker] DEBUG org.codehaus.griffon.runtime.core.DefaultApplicationConfigurer - Registering griffon.core.editors.FilePropertyEditor as editor for java.io.File
[Test worker] DEBUG org.codehaus.griffon.runtime.core.DefaultApplicationConfigurer - Registering griffon.core.editors.URLPropertyEditor as editor for java.net.URL
[Test worker] DEBUG org.codehaus.griffon.runtime.core.DefaultApplicationConfigurer - Registering griffon.core.editors.URIPropertyEditor as editor for java.net.URI
[Test worker] DEBUG org.codehaus.griffon.runtime.core.DefaultApplicationConfigurer - Registering griffon.core.editors.BigDecimalPropertyEditor as editor for java.math.BigDecimal
[Test worker] DEBUG org.codehaus.griffon.runtime.core.DefaultApplicationConfigurer - Registering griffon.core.editors.BigIntegerPropertyEditor as editor for java.math.BigInteger
[Test worker] DEBUG org.codehaus.griffon.runtime.core.DefaultApplicationConfigurer - Registering griffon.core.editors.BooleanPropertyEditor as editor for java.lang.Boolean
[Test worker] DEBUG org.codehaus.griffon.runtime.core.DefaultApplicationConfigurer - Registering griffon.core.editors.BytePropertyEditor as editor for java.lang.Byte
[Test worker] DEBUG org.codehaus.griffon.runtime.core.DefaultApplicationConfigurer - Registering griffon.core.editors.ShortPropertyEditor as editor for java.lang.Short
[Test worker] DEBUG org.codehaus.griffon.runtime.core.DefaultApplicationConfigurer - Registering griffon.core.editors.IntegerPropertyEditor as editor for java.lang.Integer
[Test worker] DEBUG org.codehaus.griffon.runtime.core.DefaultApplicationConfigurer - Registering griffon.core.editors.LongPropertyEditor as editor for java.lang.Long
[Test worker] DEBUG org.codehaus.griffon.runtime.core.DefaultApplicationConfigurer - Registering griffon.core.editors.FloatPropertyEditor as editor for java.lang.Float
[Test worker] DEBUG org.codehaus.griffon.runtime.core.DefaultApplicationConfigurer - Registering griffon.core.editors.DoublePropertyEditor as editor for java.lang.Double
[Test worker] DEBUG org.codehaus.griffon.runtime.core.DefaultApplicationConfigurer - Registering griffon.core.editors.CalendarPropertyEditor as editor for java.util.Calendar
[Test worker] DEBUG org.codehaus.griffon.runtime.core.DefaultApplicationConfigurer - Registering griffon.core.editors.DatePropertyEditor as editor for java.util.Date
[Test worker] DEBUG org.codehaus.griffon.runtime.core.DefaultApplicationConfigurer - Registering griffon.core.editors.BooleanPropertyEditor as editor for boolean
[Test worker] DEBUG org.codehaus.griffon.runtime.core.DefaultApplicationConfigurer - Registering griffon.core.editors.BytePropertyEditor as editor for byte
[Test worker] DEBUG org.codehaus.griffon.runtime.core.DefaultApplicationConfigurer - Registering griffon.core.editors.ShortPropertyEditor as editor for short
[Test worker] DEBUG org.codehaus.griffon.runtime.core.DefaultApplicationConfigurer - Registering griffon.core.editors.IntegerPropertyEditor as editor for int
[Test worker] DEBUG org.codehaus.griffon.runtime.core.DefaultApplicationConfigurer - Registering griffon.core.editors.LongPropertyEditor as editor for long
[Test worker] DEBUG org.codehaus.griffon.runtime.core.DefaultApplicationConfigurer - Registering griffon.core.editors.FloatPropertyEditor as editor for float
[Test worker] DEBUG org.codehaus.griffon.runtime.core.DefaultApplicationConfigurer - Registering griffon.core.editors.DoublePropertyEditor as editor for double
[Test worker] DEBUG org.codehaus.griffon.runtime.core.event.AbstractEventRouter - Adding listener org.codehaus.griffon.runtime.core.DefaultApplicationConfigurer$2 on NewInstance
[Test worker] TRACE griffon.util.CompositeResourceBundle - Searching key=application.lifecycle.handler.disable
[Test worker] TRACE griffon.util.CompositeResourceBundle - Searching key=application
[Test worker] TRACE griffon.util.CompositeResourceBundle - Searching key=platform.handler.linux64
[Test worker] TRACE griffon.util.CompositeResourceBundle - Searching key=platform
[Test worker] DEBUG org.codehaus.griffon.runtime.core.PlatformHandlerProvider - Using org.codehaus.griffon.runtime.core.DefaultPlatformHandler as PlatformHandler
[Test worker] DEBUG org.codehaus.griffon.runtime.core.addon.AbstractAddonManager - Loading addons [START]
[Test worker] DEBUG griffon.util.AnnotationUtils - computed addon order is []
[Test worker] DEBUG org.codehaus.griffon.runtime.core.event.AbstractEventRouter - Triggering event 'LoadAddonsStart' synchronously
[Test worker] DEBUG org.codehaus.griffon.runtime.core.addon.AbstractAddonManager - Loading addons [END]
[Test worker] DEBUG org.codehaus.griffon.runtime.core.event.AbstractEventRouter - Triggering event 'LoadAddonsEnd' synchronously
[Test worker] TRACE griffon.util.CompositeResourceBundle - Searching key=mvcGroups
[Test worker] TRACE griffon.util.CompositeResourceBundle - Searching key=mvcGroups
[Test worker] DEBUG org.codehaus.griffon.runtime.core.event.AbstractEventRouter - Adding listener org.codehaus.griffon.runtime.core.DefaultApplicationConfigurer$3 on NewInstance
[Test worker] TRACE griffon.util.CompositeResourceBundle - Searching key=shiro.realm.resource.path
[Test worker] TRACE griffon.util.CompositeResourceBundle - Searching key=shiro
[Test worker] DEBUG org.apache.shiro.realm.text.PropertiesRealm - Loading user security information from file [classpath:shiro-users.properties]...
[Test worker] DEBUG org.apache.shiro.realm.text.PropertiesRealm - Opening input stream for path [classpath:shiro-users.properties]...
[Test worker] DEBUG org.apache.shiro.io.ResourceUtils - Opening resource from class path [shiro-users.properties]
[Test worker] DEBUG org.apache.shiro.realm.text.PropertiesRealm - Loading properties from path [classpath:shiro-users.properties]...
[Test worker] TRACE org.apache.shiro.realm.text.PropertiesRealm - Processing properties line - key: [user.joe], value: [joe,employee].
[Test worker] TRACE org.apache.shiro.realm.text.PropertiesRealm - Processing properties line - key: [user.bob], value: [bob,manager,employee].
[Test worker] TRACE org.apache.shiro.realm.text.PropertiesRealm - Processing properties line - key: [role.administrator], value: [*].
[Test worker] TRACE org.apache.shiro.realm.text.PropertiesRealm - Processing properties line - key: [role.manager], value: [user:write].
[Test worker] TRACE org.apache.shiro.realm.text.PropertiesRealm - Processing properties line - key: [user.root], value: [root,administrator,manager].
[Test worker] TRACE org.apache.shiro.realm.text.PropertiesRealm - Processing properties line - key: [role.employee], value: [user:read].
[Test worker] TRACE org.apache.shiro.util.ThreadContext - get() - in thread [Test worker]
[Test worker] TRACE org.apache.shiro.util.ThreadContext - Retrieved value of type [org.apache.shiro.subject.support.DelegatingSubject] for key [org.apache.shiro.util.ThreadContext_SUBJECT_KEY] bound to thread [Test worker]
[Test worker] TRACE griffon.util.CompositeResourceBundle - Searching key=griffon.controller.action.interceptor.order
[Test worker] TRACE griffon.util.CompositeResourceBundle - Searching key=griffon
[Test worker] DEBUG griffon.util.AnnotationUtils - Current interceptor order is [shiro]
[Test worker] TRACE griffon.util.AnnotationUtils - Processing interceptor 'shiro'
[Test worker] TRACE griffon.util.AnnotationUtils -   depends on '[]'
[Test worker] TRACE griffon.util.AnnotationUtils -   adding interceptor 'shiro', since all dependencies have been added
[Test worker] TRACE griffon.util.AnnotationUtils - interceptor dependency ordering complete
[Test worker] DEBUG griffon.util.AnnotationUtils - computed interceptor order is [shiro]
[Test worker] DEBUG org.codehaus.griffon.runtime.core.artifact.AbstractArtifactManager - Registering artifact handler for type 'model': org.codehaus.griffon.runtime.core.artifact.ModelArtifactHandler@4f9da97e
[Test worker] DEBUG org.codehaus.griffon.runtime.core.artifact.AbstractArtifactManager - Registering artifact handler for type 'view': org.codehaus.griffon.runtime.core.artifact.ViewArtifactHandler@77e2b807
[Test worker] DEBUG org.codehaus.griffon.runtime.core.artifact.AbstractArtifactManager - Registering artifact handler for type 'controller': org.codehaus.griffon.runtime.core.artifact.ControllerArtifactHandler@45a0110e
[Test worker] DEBUG org.codehaus.griffon.runtime.core.artifact.AbstractArtifactManager - Registering artifact handler for type 'service': org.codehaus.griffon.runtime.core.artifact.ServiceArtifactHandler@fbfd1d8
[Test worker] DEBUG griffon.util.ServiceLoaderUtils - Reading griffon.core.artifact.GriffonController definitions from file:/home/travis/build/griffon/griffon/plugins/griffon-shiro-plugin/build/classes/test/META-INF/griffon/griffon.core.artifact.GriffonController
[Test worker] DEBUG griffon.util.ServiceLoaderUtils - Reading griffon.core.artifact.GriffonModel definitions from file:/home/travis/build/griffon/griffon/plugins/griffon-shiro-plugin/build/classes/test/META-INF/griffon/griffon.core.artifact.GriffonModel
[Test worker] DEBUG org.codehaus.griffon.runtime.core.artifact.DefaultArtifactManager - Artifacts of type 'controller' = 1
[Test worker] DEBUG org.codehaus.griffon.runtime.core.artifact.DefaultArtifactManager - Artifacts of type 'model' = 1
[Test worker] TRACE org.codehaus.griffon.runtime.core.artifact.AbstractArtifactManager - InstanceBinding[source=griffon.core.artifact.GriffonClass, classifier=@griffon.inject.Typed(value=class com.acme.ShiroController), instance=Artifact[controller] > Shiro, singleton=true]
[Test worker] TRACE org.codehaus.griffon.runtime.core.artifact.AbstractArtifactManager - TargetBinding[source=com.acme.ShiroController, target=com.acme.ShiroController, singleton=false]
[Test worker] TRACE org.codehaus.griffon.runtime.core.artifact.AbstractArtifactManager - InstanceBinding[source=griffon.core.artifact.GriffonClass, classifier=@griffon.inject.Typed(value=class com.acme.ShiroModel), instance=Artifact[model] > Shiro, singleton=true]
[Test worker] TRACE org.codehaus.griffon.runtime.core.artifact.AbstractArtifactManager - TargetBinding[source=com.acme.ShiroModel, target=com.acme.ShiroModel, singleton=false]
[Test worker] DEBUG org.codehaus.griffon.runtime.core.event.AbstractEventRouter - Triggering event 'BootstrapEnd' synchronously
[Test worker] DEBUG org.codehaus.griffon.runtime.core.artifact.AbstractArtifactManager - Searching for griffonClass of com.acme.ShiroController
[Test worker] DEBUG org.codehaus.griffon.runtime.core.event.AbstractEventRouter - Triggering event 'NewInstance' synchronously
[Test worker] DEBUG org.codehaus.griffon.runtime.core.artifact.AbstractArtifactManager - Searching for griffonClass of com.acme.ShiroController
[Test worker] TRACE griffon.util.CompositeResourceBundle - Searching key=com.acme.ShiroController.action.Authenticated.name
[Test worker] TRACE griffon.util.CompositeResourceBundle - Searching key=application.action.Authenticated.name
[Test worker] TRACE org.codehaus.griffon.runtime.core.controller.AbstractActionManager - com.acme.ShiroController.action.Authenticated.name = Authenticated
[Test worker] DEBUG org.codehaus.griffon.runtime.core.controller.AbstractActionManager - Configuring action com.acme.ShiroController.authenticated with org.codehaus.griffon.runtime.shiro.ShiroActionInterceptor@5a348b27
[Test worker] TRACE org.codehaus.griffon.runtime.core.controller.AbstractActionManager - Action for com.acme.ShiroController.authenticated stored as authenticated
[Test worker] TRACE griffon.util.CompositeResourceBundle - Searching key=com.acme.ShiroController.action.Guest.name
[Test worker] TRACE griffon.util.CompositeResourceBundle - Searching key=application.action.Guest.name
[Test worker] TRACE org.codehaus.griffon.runtime.core.controller.AbstractActionManager - com.acme.ShiroController.action.Guest.name = Guest
[Test worker] DEBUG org.codehaus.griffon.runtime.core.controller.AbstractActionManager - Configuring action com.acme.ShiroController.guest with org.codehaus.griffon.runtime.shiro.ShiroActionInterceptor@5a348b27
[Test worker] TRACE org.codehaus.griffon.runtime.core.controller.AbstractActionManager - Action for com.acme.ShiroController.guest stored as guest
[Test worker] TRACE griffon.util.CompositeResourceBundle - Searching key=com.acme.ShiroController.action.Permissions.name
[Test worker] TRACE griffon.util.CompositeResourceBundle - Searching key=application.action.Permissions.name
[Test worker] TRACE org.codehaus.griffon.runtime.core.controller.AbstractActionManager - com.acme.ShiroController.action.Permissions.name = Permissions
[Test worker] DEBUG org.codehaus.griffon.runtime.core.controller.AbstractActionManager - Configuring action com.acme.ShiroController.permissions with org.codehaus.griffon.runtime.shiro.ShiroActionInterceptor@5a348b27
[Test worker] TRACE org.codehaus.griffon.runtime.core.controller.AbstractActionManager - Action for com.acme.ShiroController.permissions stored as permissions
[Test worker] TRACE griffon.util.CompositeResourceBundle - Searching key=com.acme.ShiroController.action.Roles.name
[Test worker] TRACE griffon.util.CompositeResourceBundle - Searching key=application.action.Roles.name
[Test worker] TRACE org.codehaus.griffon.runtime.core.controller.AbstractActionManager - com.acme.ShiroController.action.Roles.name = Roles
[Test worker] DEBUG org.codehaus.griffon.runtime.core.controller.AbstractActionManager - Configuring action com.acme.ShiroController.roles with org.codehaus.griffon.runtime.shiro.ShiroActionInterceptor@5a348b27
[Test worker] TRACE org.codehaus.griffon.runtime.core.controller.AbstractActionManager - Action for com.acme.ShiroController.roles stored as roles
[Test worker] TRACE griffon.util.CompositeResourceBundle - Searching key=com.acme.ShiroController.action.User.name
[Test worker] TRACE griffon.util.CompositeResourceBundle - Searching key=application.action.User.name
[Test worker] TRACE org.codehaus.griffon.runtime.core.controller.AbstractActionManager - com.acme.ShiroController.action.User.name = User
[Test worker] DEBUG org.codehaus.griffon.runtime.core.controller.AbstractActionManager - Configuring action com.acme.ShiroController.user with org.codehaus.griffon.runtime.shiro.ShiroActionInterceptor@5a348b27
[Test worker] TRACE org.codehaus.griffon.runtime.core.controller.AbstractActionManager - Action for com.acme.ShiroController.user stored as user
[Test worker] DEBUG org.codehaus.griffon.runtime.core.artifact.AbstractArtifactManager - Searching for griffonClass of com.acme.ShiroModel
[Test worker] DEBUG org.codehaus.griffon.runtime.core.event.AbstractEventRouter - Triggering event 'NewInstance' synchronously
[Test worker] TRACE org.apache.shiro.subject.support.DelegatingSubject - attempting to get session; create = false; session is null = true; session has id = false
[Test worker] TRACE org.apache.shiro.authc.AbstractAuthenticator - Authentication attempt received for token [org.apache.shiro.authc.UsernamePasswordToken - root, rememberMe=false]
[Test worker] DEBUG org.apache.shiro.realm.AuthenticatingRealm - Looked up AuthenticationInfo [root] from doGetAuthenticationInfo
[Test worker] DEBUG org.apache.shiro.realm.AuthenticatingRealm - AuthenticationInfo caching is disabled for info [root].  Submitted token: [org.apache.shiro.authc.UsernamePasswordToken - root, rememberMe=false].
[Test worker] DEBUG org.apache.shiro.authc.credential.SimpleCredentialsMatcher - Performing credentials equality check for tokenCredentials of type [[C and accountCredentials of type [java.lang.String]
[Test worker] DEBUG org.apache.shiro.authc.credential.SimpleCredentialsMatcher - Both credentials arguments can be easily converted to byte arrays.  Performing array equals comparison
[Test worker] DEBUG org.apache.shiro.authc.AbstractAuthenticator - Authentication successful for token [org.apache.shiro.authc.UsernamePasswordToken - root, rememberMe=false].  Returned account [root]
[Test worker] DEBUG org.apache.shiro.subject.support.DefaultSubjectContext - No SecurityManager available in subject context map.  Falling back to SecurityUtils.getSecurityManager() lookup.
[Test worker] TRACE org.apache.shiro.util.ThreadContext - get() - in thread [Test worker]
[Test worker] TRACE org.apache.shiro.mgt.DefaultSecurityManager - Context already contains a SecurityManager instance.  Returning.
[Test worker] TRACE org.apache.shiro.subject.support.DelegatingSubject - attempting to get session; create = false; session is null = true; session has id = false
[Test worker] DEBUG org.apache.shiro.subject.support.DefaultSubjectContext - No SecurityManager available in subject context map.  Falling back to SecurityUtils.getSecurityManager() lookup.
[Test worker] TRACE org.apache.shiro.util.ThreadContext - get() - in thread [Test worker]
[Test worker] TRACE org.apache.shiro.subject.support.DelegatingSubject - attempting to get session; create = false; session is null = true; session has id = false
[Test worker] TRACE org.apache.shiro.subject.support.DelegatingSubject - attempting to get session; create = false; session is null = true; session has id = false
[Test worker] TRACE org.apache.shiro.subject.support.DelegatingSubject - attempting to get session; create = false; session is null = true; session has id = false
[Test worker] TRACE org.apache.shiro.subject.support.DelegatingSubject - attempting to get session; create = false; session is null = true; session has id = false
[Test worker] TRACE org.apache.shiro.subject.support.DelegatingSubject - attempting to get session; create = false; session is null = true; session has id = false
[Test worker] TRACE org.apache.shiro.subject.support.DelegatingSubject - attempting to get session; create = false; session is null = true; session has id = false
[Test worker] TRACE org.apache.shiro.subject.support.DelegatingSubject - attempting to get session; create = true; session is null = true; session has id = false
[Test worker] TRACE org.apache.shiro.subject.support.DelegatingSubject - Starting session for host null
[Test worker] DEBUG org.apache.shiro.session.mgt.AbstractValidatingSessionManager - No sessionValidationScheduler set.  Attempting to create default instance.
[Test worker] TRACE org.apache.shiro.session.mgt.AbstractValidatingSessionManager - Created default SessionValidationScheduler instance of type [org.apache.shiro.session.mgt.ExecutorServiceSessionValidationScheduler].
[Test worker] INFO org.apache.shiro.session.mgt.AbstractValidatingSessionManager - Enabling session validation scheduler...
[Test worker] TRACE org.apache.shiro.session.mgt.DefaultSessionManager - Creating session for host null
[Test worker] DEBUG org.apache.shiro.session.mgt.DefaultSessionManager - Creating new EIS record for new session instance [org.apache.shiro.session.mgt.SimpleSession,id=null]
[Test worker] TRACE org.apache.shiro.session.mgt.AbstractValidatingSessionManager - Attempting to retrieve session with key org.apache.shiro.session.mgt.DefaultSessionKey@cad7e2b
[Test worker] TRACE org.apache.shiro.subject.support.DelegatingSubject - attempting to get session; create = false; session is null = false; session has id = true
[Test worker] TRACE org.apache.shiro.session.mgt.AbstractValidatingSessionManager - Attempting to retrieve session with key org.apache.shiro.session.mgt.DefaultSessionKey@cad7e2b
[Test worker] TRACE org.apache.shiro.session.mgt.AbstractValidatingSessionManager - Attempting to retrieve session with key org.apache.shiro.session.mgt.DefaultSessionKey@cad7e2b
[Test worker] TRACE org.apache.shiro.mgt.DefaultSecurityManager - This org.apache.shiro.mgt.DefaultSecurityManager instance does not have a [org.apache.shiro.mgt.RememberMeManager] instance configured.  RememberMe services will not be performed for account [root].
[Test worker] TRACE org.apache.shiro.subject.support.DelegatingSubject - attempting to get session; create = false; session is null = false; session has id = true
[Test worker] TRACE griffon.util.CompositeResourceBundle - Searching key=griffon.disable.threading.injection
[Test worker] TRACE griffon.util.CompositeResourceBundle - Searching key=griffon
[Test worker] DEBUG org.codehaus.griffon.runtime.core.controller.AbstractActionManager - Executing com.acme.ShiroController.user with policy OUTSIDE_UITHREAD
[Test worker] DEBUG org.codehaus.griffon.runtime.core.controller.AbstractActionManager - Executing 1 interceptor for com.acme.ShiroController.user
[Test worker] TRACE org.codehaus.griffon.runtime.core.controller.AbstractActionManager - Calling org.codehaus.griffon.runtime.shiro.ShiroActionInterceptor@5a348b27.before() on com.acme.ShiroController.user
[Test worker] DEBUG org.codehaus.griffon.runtime.shiro.ShiroActionInterceptor - Evaluating security requirement RequirementConfiguration{requirement=USER, values=[], logical=AND}
[Test worker] TRACE org.apache.shiro.subject.support.DelegatingSubject - attempting to get session; create = false; session is null = false; session has id = true
[Test worker] TRACE org.apache.shiro.session.mgt.AbstractValidatingSessionManager - Attempting to retrieve session with key org.apache.shiro.session.mgt.DefaultSessionKey@cad7e2b
[Test worker] DEBUG org.codehaus.griffon.runtime.shiro.ShiroActionInterceptor - Subject did not meet expected security requirements.
[Test worker] INFO org.codehaus.griffon.runtime.shiro.DefaultSecurityFailureHandler - Subject failed user challenge on com.acme.ShiroController.user
[Test worker] DEBUG org.codehaus.griffon.runtime.core.controller.AbstractActionManager - Execution of com.acme.ShiroController.user was aborted by org.codehaus.griffon.runtime.shiro.ShiroActionInterceptor@5a348b27
[Test worker] TRACE org.codehaus.griffon.runtime.core.controller.AbstractActionManager - Status before execution of com.acme.ShiroController.user is ABORTED
[Test worker] TRACE org.codehaus.griffon.runtime.core.controller.AbstractActionManager - Calling org.codehaus.griffon.runtime.shiro.ShiroActionInterceptor@5a348b27.after() on com.acme.ShiroController.user
[Test worker] TRACE org.apache.shiro.subject.support.DelegatingSubject - attempting to get session; create = false; session is null = false; session has id = true
[Test worker] TRACE org.apache.shiro.session.mgt.AbstractValidatingSessionManager - Attempting to retrieve session with key org.apache.shiro.session.mgt.DefaultSessionKey@cad7e2b
[Test worker] TRACE org.apache.shiro.subject.support.DelegatingSubject - attempting to get session; create = false; session is null = false; session has id = true
[Test worker] TRACE org.apache.shiro.session.mgt.AbstractValidatingSessionManager - Attempting to retrieve session with key org.apache.shiro.session.mgt.DefaultSessionKey@cad7e2b
[Test worker] DEBUG org.apache.shiro.mgt.DefaultSecurityManager - Logging out subject with primary principal root
[Test worker] TRACE org.apache.shiro.realm.CachingRealm - Cleared cache entries for account with principals [root]
[Test worker] TRACE org.apache.shiro.subject.support.DelegatingSubject - attempting to get session; create = false; session is null = false; session has id = true
[Test worker] TRACE org.apache.shiro.session.mgt.AbstractValidatingSessionManager - Attempting to retrieve session with key org.apache.shiro.session.mgt.DefaultSessionKey@cad7e2b
[Test worker] TRACE org.apache.shiro.session.mgt.AbstractValidatingSessionManager - Attempting to retrieve session with key org.apache.shiro.session.mgt.DefaultSessionKey@cad7e2b
[Test worker] TRACE org.apache.shiro.subject.support.DelegatingSubject - attempting to get session; create = false; session is null = false; session has id = true
[Test worker] TRACE org.apache.shiro.session.mgt.AbstractValidatingSessionManager - Attempting to retrieve session with key org.apache.shiro.session.mgt.DefaultSessionKey@cad7e2b
[Test worker] DEBUG org.apache.shiro.session.mgt.AbstractSessionManager - Stopping session with id [a4ba3bbf-90ef-472e-b3dc-ce74a6e643ec]
[Test worker] DEBUG org.codehaus.griffon.runtime.core.event.AbstractEventRouter - Triggering event 'ShutdownRequested' synchronously
[Test worker] INFO org.codehaus.griffon.runtime.core.DefaultGriffonApplication - Shutdown is in process
[Test worker] DEBUG org.codehaus.griffon.runtime.core.DefaultGriffonApplication - Shutdown stage 1: notify all event listeners
[Test worker] DEBUG org.codehaus.griffon.runtime.core.event.AbstractEventRouter - Adding listener org.codehaus.griffon.runtime.core.AbstractGriffonApplication$1 on ShutdownStart
[Test worker] DEBUG org.codehaus.griffon.runtime.core.event.AbstractEventRouter - Triggering event 'ShutdownStart' synchronously
[Test worker] DEBUG org.codehaus.griffon.runtime.core.DefaultGriffonApplication - Shutdown stage 2: notify all shutdown handlers
[Test worker] DEBUG org.codehaus.griffon.runtime.core.DefaultGriffonApplication - Shutdown stage 3: destroy all MVC groups
[Test worker] DEBUG org.codehaus.griffon.runtime.core.DefaultGriffonApplication - Shutdown stage 4: execute Shutdown script
[Test worker] TRACE griffon.util.CompositeResourceBundle - Searching key=application.lifecycle.handler.disable
[Test worker] TRACE griffon.util.CompositeResourceBundle - Searching key=application
[Test worker] INFO org.codehaus.griffon.runtime.core.DefaultApplicationBootstrapper - Griffon 2.0.0.SNAPSHOT
[Test worker] INFO org.codehaus.griffon.runtime.core.DefaultApplicationBootstrapper - Build: 2014-03-07T17:17:07.720+0000
[Test worker] INFO org.codehaus.griffon.runtime.core.DefaultApplicationBootstrapper - JVM: 1.7.0_51 (Oracle Corporation 24.51-b03)
[Test worker] INFO org.codehaus.griffon.runtime.core.DefaultApplicationBootstrapper - OS: Linux 2.6.32-042stab084.25 amd64
[Test worker] DEBUG org.codehaus.griffon.runtime.core.DefaultApplicationBootstrapper - Creating module bindings
[Test worker] DEBUG griffon.util.AnnotationUtils - Current module order is [core, shiro, testApplicationBootstrapper$InnerClasses, testApplicationBootstrapper$Fields]
[Test worker] TRACE griffon.util.AnnotationUtils - Processing module 'core'
[Test worker] TRACE griffon.util.AnnotationUtils -   depends on '[]'
[Test worker] TRACE griffon.util.AnnotationUtils -   adding module 'core', since all dependencies have been added
[Test worker] TRACE griffon.util.AnnotationUtils - Processing module 'shiro'
[Test worker] TRACE griffon.util.AnnotationUtils -   depends on '[]'
[Test worker] TRACE griffon.util.AnnotationUtils -   adding module 'shiro', since all dependencies have been added
[Test worker] TRACE griffon.util.AnnotationUtils - Processing module 'testApplicationBootstrapper$InnerClasses'
[Test worker] TRACE griffon.util.AnnotationUtils -   depends on '[]'
[Test worker] TRACE griffon.util.AnnotationUtils -   adding module 'testApplicationBootstrapper$InnerClasses', since all dependencies have been added
[Test worker] TRACE griffon.util.AnnotationUtils - Processing module 'testApplicationBootstrapper$Fields'
[Test worker] TRACE griffon.util.AnnotationUtils -   depends on '[]'
[Test worker] TRACE griffon.util.AnnotationUtils -   adding module 'testApplicationBootstrapper$Fields', since all dependencies have been added
[Test worker] TRACE griffon.util.AnnotationUtils - module dependency ordering complete
[Test worker] DEBUG griffon.util.AnnotationUtils - computed module order is [core, shiro, testApplicationBootstrapper$InnerClasses, testApplicationBootstrapper$Fields]
[Test worker] DEBUG org.codehaus.griffon.runtime.core.DefaultApplicationBootstrapper - Loading module bindings from core:org.codehaus.griffon.runtime.core.DefaultApplicationModule@67866c25
[Test worker] DEBUG org.codehaus.griffon.runtime.core.DefaultApplicationBootstrapper - Loading module bindings from shiro:org.codehaus.griffon.runtime.shiro.ShiroModule@2a26263c
[Test worker] DEBUG org.codehaus.griffon.runtime.core.DefaultApplicationBootstrapper - Loading module bindings from testApplicationBootstrapper$InnerClasses:org.codehaus.griffon.runtime.core.TestApplicationBootstrapper$InnerClassesModule@2e9842c2
[Test worker] DEBUG org.codehaus.griffon.runtime.core.DefaultApplicationBootstrapper - Loading module bindings from testApplicationBootstrapper$Fields:org.codehaus.griffon.runtime.core.TestApplicationBootstrapper$FieldsModule@e46e674
[Test worker] TRACE org.codehaus.griffon.runtime.core.DefaultApplicationBootstrapper - InstanceBinding[source=griffon.core.GriffonApplication, instance=org.codehaus.griffon.runtime.core.DefaultGriffonApplication@67cdfd1e, singleton=true]
[Test worker] TRACE org.codehaus.griffon.runtime.core.DefaultApplicationBootstrapper - TargetBinding[source=griffon.core.ApplicationClassLoader, target=org.codehaus.griffon.runtime.core.DefaultApplicationClassLoader, singleton=true]
[Test worker] TRACE org.codehaus.griffon.runtime.core.DefaultApplicationBootstrapper - TargetBinding[source=griffon.core.ApplicationConfigurer, target=org.codehaus.griffon.runtime.core.DefaultApplicationConfigurer, singleton=true]
[Test worker] TRACE org.codehaus.griffon.runtime.core.DefaultApplicationBootstrapper - TargetBinding[source=griffon.core.resources.ResourceHandler, target=org.codehaus.griffon.runtime.core.resources.DefaultResourceHandler, singleton=true]
[Test worker] TRACE org.codehaus.griffon.runtime.core.DefaultApplicationBootstrapper - TargetBinding[source=griffon.util.CompositeResourceBundleBuilder, target=org.codehaus.griffon.runtime.util.DefaultCompositeResourceBundleBuilder, singleton=true]
[Test worker] TRACE org.codehaus.griffon.runtime.core.DefaultApplicationBootstrapper - ProviderBinding[source=java.util.ResourceBundle, classifier=@javax.inject.Named(value=applicationResourceBundle), provider=org.codehaus.griffon.runtime.util.ResourceBundleProvider@4a4f1d0, singleton=true]
[Test worker] TRACE org.codehaus.griffon.runtime.core.DefaultApplicationBootstrapper - TargetBinding[source=griffon.core.Configuration, target=org.codehaus.griffon.runtime.core.DefaultConfiguration, singleton=true]
[Test worker] TRACE org.codehaus.griffon.runtime.core.DefaultApplicationBootstrapper - TargetBinding[source=griffon.core.ExecutorServiceManager, target=org.codehaus.griffon.runtime.core.DefaultExecutorServiceManager, singleton=true]
[Test worker] TRACE org.codehaus.griffon.runtime.core.DefaultApplicationBootstrapper - TargetBinding[source=griffon.core.event.EventRouter, classifier=@javax.inject.Named(value=applicationEventRouter), target=org.codehaus.griffon.runtime.core.event.DefaultEventRouter, singleton=true]
[Test worker] TRACE org.codehaus.griffon.runtime.core.DefaultApplicationBootstrapper - TargetBinding[source=griffon.core.event.EventRouter, target=org.codehaus.griffon.runtime.core.event.DefaultEventRouter, singleton=false]
[Test worker] TRACE org.codehaus.griffon.runtime.core.DefaultApplicationBootstrapper - ProviderBinding[source=griffon.core.resources.ResourceResolver, classifier=@javax.inject.Named(value=applicationResourceResolver), provider=org.codehaus.griffon.runtime.core.resources.ResourceResolverProvider@68ff9111, singleton=true]
[Test worker] TRACE org.codehaus.griffon.runtime.core.DefaultApplicationBootstrapper - ProviderBinding[source=griffon.core.i18n.MessageSource, classifier=@javax.inject.Named(value=applicationMessageSource), provider=org.codehaus.griffon.runtime.core.i18n.MessageSourceProvider@628d28f1, singleton=true]
[Test worker] TRACE org.codehaus.griffon.runtime.core.DefaultApplicationBootstrapper - TargetBinding[source=griffon.core.resources.ResourceInjector, classifier=@javax.inject.Named(value=applicationResourceInjector), target=org.codehaus.griffon.runtime.core.resources.DefaultApplicationResourceInjector, singleton=true]
[Test worker] TRACE org.codehaus.griffon.runtime.core.DefaultApplicationBootstrapper - TargetBinding[source=griffon.core.threading.UIThreadManager, target=org.codehaus.griffon.runtime.core.threading.DefaultUIThreadManager, singleton=true]
[Test worker] TRACE org.codehaus.griffon.runtime.core.DefaultApplicationBootstrapper - TargetBinding[source=griffon.core.mvc.MVCGroupManager, target=org.codehaus.griffon.runtime.core.mvc.DefaultMVCGroupManager, singleton=true]
[Test worker] TRACE org.codehaus.griffon.runtime.core.DefaultApplicationBootstrapper - ProviderBinding[source=griffon.core.LifecycleHandler, classifier=@javax.inject.Named(value=Initialize), provider=org.codehaus.griffon.runtime.core.LifecycleHandlerProvider@217b18c3, singleton=true]
[Test worker] TRACE org.codehaus.griffon.runtime.core.DefaultApplicationBootstrapper - ProviderBinding[source=griffon.core.LifecycleHandler, classifier=@javax.inject.Named(value=Startup), provider=org.codehaus.griffon.runtime.core.LifecycleHandlerProvider@1896bb61, singleton=true]
[Test worker] TRACE org.codehaus.griffon.runtime.core.DefaultApplicationBootstrapper - ProviderBinding[source=griffon.core.LifecycleHandler, classifier=@javax.inject.Named(value=Ready), provider=org.codehaus.griffon.runtime.core.LifecycleHandlerProvider@4fe7e9e3, singleton=true]
[Test worker] TRACE org.codehaus.griffon.runtime.core.DefaultApplicationBootstrapper - ProviderBinding[source=griffon.core.LifecycleHandler, classifier=@javax.inject.Named(value=Shutdown), provider=org.codehaus.griffon.runtime.core.LifecycleHandlerProvider@2ac5f11, singleton=true]
[Test worker] TRACE org.codehaus.griffon.runtime.core.DefaultApplicationBootstrapper - ProviderBinding[source=griffon.core.LifecycleHandler, classifier=@javax.inject.Named(value=Stop), provider=org.codehaus.griffon.runtime.core.LifecycleHandlerProvider@2955676, singleton=true]
[Test worker] TRACE org.codehaus.griffon.runtime.core.DefaultApplicationBootstrapper - TargetBinding[source=griffon.core.view.WindowManager, target=org.codehaus.griffon.runtime.core.view.NoopWindowManager, singleton=true]
[Test worker] TRACE org.codehaus.griffon.runtime.core.DefaultApplicationBootstrapper - TargetBinding[source=griffon.core.controller.ActionManager, target=org.codehaus.griffon.runtime.core.controller.DefaultActionManager, singleton=true]
[Test worker] TRACE org.codehaus.griffon.runtime.core.DefaultApplicationBootstrapper - TargetBinding[source=griffon.core.artifact.ArtifactManager, target=org.codehaus.griffon.runtime.core.artifact.DefaultArtifactManager, singleton=true]
[Test worker] TRACE org.codehaus.griffon.runtime.core.DefaultApplicationBootstrapper - TargetBinding[source=griffon.core.artifact.ArtifactHandler, classifier=@griffon.inject.Typed(value=interface griffon.core.artifact.GriffonModel), target=org.codehaus.griffon.runtime.core.artifact.ModelArtifactHandler, singleton=true]
[Test worker] TRACE org.codehaus.griffon.runtime.core.DefaultApplicationBootstrapper - TargetBinding[source=griffon.core.artifact.ArtifactHandler, classifier=@griffon.inject.Typed(value=interface griffon.core.artifact.GriffonView), target=org.codehaus.griffon.runtime.core.artifact.ViewArtifactHandler, singleton=true]
[Test worker] TRACE org.codehaus.griffon.runtime.core.DefaultApplicationBootstrapper - TargetBinding[source=griffon.core.artifact.ArtifactHandler, classifier=@griffon.inject.Typed(value=interface griffon.core.artifact.GriffonController), target=org.codehaus.griffon.runtime.core.artifact.ControllerArtifactHandler, singleton=true]
[Test worker] TRACE org.codehaus.griffon.runtime.core.DefaultApplicationBootstrapper - TargetBinding[source=griffon.core.artifact.ArtifactHandler, classifier=@griffon.inject.Typed(value=interface griffon.core.artifact.GriffonService), target=org.codehaus.griffon.runtime.core.artifact.ServiceArtifactHandler, singleton=true]
[Test worker] TRACE org.codehaus.griffon.runtime.core.DefaultApplicationBootstrapper - ProviderTypeBinding[source=griffon.core.PlatformHandler, providerType=class org.codehaus.griffon.runtime.core.PlatformHandlerProvider, singleton=true]
[Test worker] TRACE org.codehaus.griffon.runtime.core.DefaultApplicationBootstrapper - TargetBinding[source=griffon.core.addon.AddonManager, target=org.codehaus.griffon.runtime.core.addon.DefaultAddonManager, singleton=true]
[Test worker] TRACE org.codehaus.griffon.runtime.core.DefaultApplicationBootstrapper - TargetBinding[source=griffon.core.event.EventHandler, target=org.codehaus.griffon.runtime.core.event.DefaultEventHandler, singleton=true]
[Test worker] TRACE org.codehaus.griffon.runtime.core.DefaultApplicationBootstrapper - TargetBinding[source=griffon.core.GriffonExceptionHandler, target=griffon.core.GriffonExceptionHandler, singleton=true]
[Test worker] TRACE org.codehaus.griffon.runtime.core.DefaultApplicationBootstrapper - ProviderTypeBinding[source=org.apache.shiro.mgt.SecurityManager, providerType=class org.codehaus.griffon.runtime.shiro.SecurityManagerProvider, singleton=true]
[Test worker] TRACE org.codehaus.griffon.runtime.core.DefaultApplicationBootstrapper - ProviderTypeBinding[source=org.apache.shiro.subject.Subject, providerType=class org.codehaus.griffon.runtime.shiro.SubjectProvider, singleton=true]
[Test worker] TRACE org.codehaus.griffon.runtime.core.DefaultApplicationBootstrapper - TargetBinding[source=griffon.plugins.shiro.SecurityFailureHandler, target=org.codehaus.griffon.runtime.shiro.DefaultSecurityFailureHandler, singleton=true]
[Test worker] TRACE org.codehaus.griffon.runtime.core.DefaultApplicationBootstrapper - TargetBinding[source=griffon.core.controller.ActionInterceptor, target=org.codehaus.griffon.runtime.shiro.ShiroActionInterceptor, singleton=true]
[Test worker] DEBUG org.codehaus.griffon.runtime.core.DefaultApplicationBootstrapper - Creating application injector
[Test worker] DEBUG org.codehaus.griffon.runtime.core.DefaultApplicationBootstrapper - Injector will be created by org.codehaus.griffon.runtime.injection.GuiceInjectorFactory@16fb47dd
[Test worker] DEBUG org.codehaus.griffon.runtime.core.event.AbstractEventRouter - Adding listener org.codehaus.griffon.runtime.core.MVCGroupExceptionHandler on UncaughtMVCGroupConfigurationException
[Test worker] DEBUG org.codehaus.griffon.runtime.core.event.AbstractEventRouter - Adding listener org.codehaus.griffon.runtime.core.MVCGroupExceptionHandler on UncaughtMVCGroupInstantiationException
[Test worker] DEBUG org.codehaus.griffon.runtime.core.event.AbstractEventRouter - Triggering event 'BootstrapStart' synchronously
[Test worker] DEBUG griffon.util.ServiceLoaderUtils - Reading java.beans.PropertyEditor definitions from jar:file:/home/travis/build/griffon/griffon/subprojects/griffon-core/build/libs/griffon-core-2.0.0.SNAPSHOT.jar!/META-INF/editors/java.beans.PropertyEditor
[Test worker] DEBUG org.codehaus.griffon.runtime.core.DefaultApplicationConfigurer - Registering griffon.core.editors.StringPropertyEditor as editor for java.lang.String
[Test worker] DEBUG org.codehaus.griffon.runtime.core.DefaultApplicationConfigurer - Registering griffon.core.editors.FilePropertyEditor as editor for java.io.File
[Test worker] DEBUG org.codehaus.griffon.runtime.core.DefaultApplicationConfigurer - Registering griffon.core.editors.URLPropertyEditor as editor for java.net.URL
[Test worker] DEBUG org.codehaus.griffon.runtime.core.DefaultApplicationConfigurer - Registering griffon.core.editors.URIPropertyEditor as editor for java.net.URI
[Test worker] DEBUG org.codehaus.griffon.runtime.core.DefaultApplicationConfigurer - Registering griffon.core.editors.BigDecimalPropertyEditor as editor for java.math.BigDecimal
[Test worker] DEBUG org.codehaus.griffon.runtime.core.DefaultApplicationConfigurer - Registering griffon.core.editors.BigIntegerPropertyEditor as editor for java.math.BigInteger
[Test worker] DEBUG org.codehaus.griffon.runtime.core.DefaultApplicationConfigurer - Registering griffon.core.editors.BooleanPropertyEditor as editor for java.lang.Boolean
[Test worker] DEBUG org.codehaus.griffon.runtime.core.DefaultApplicationConfigurer - Registering griffon.core.editors.BytePropertyEditor as editor for java.lang.Byte
[Test worker] DEBUG org.codehaus.griffon.runtime.core.DefaultApplicationConfigurer - Registering griffon.core.editors.ShortPropertyEditor as editor for java.lang.Short
[Test worker] DEBUG org.codehaus.griffon.runtime.core.DefaultApplicationConfigurer - Registering griffon.core.editors.IntegerPropertyEditor as editor for java.lang.Integer
[Test worker] DEBUG org.codehaus.griffon.runtime.core.DefaultApplicationConfigurer - Registering griffon.core.editors.LongPropertyEditor as editor for java.lang.Long
[Test worker] DEBUG org.codehaus.griffon.runtime.core.DefaultApplicationConfigurer - Registering griffon.core.editors.FloatPropertyEditor as editor for java.lang.Float
[Test worker] DEBUG org.codehaus.griffon.runtime.core.DefaultApplicationConfigurer - Registering griffon.core.editors.DoublePropertyEditor as editor for java.lang.Double
[Test worker] DEBUG org.codehaus.griffon.runtime.core.DefaultApplicationConfigurer - Registering griffon.core.editors.CalendarPropertyEditor as editor for java.util.Calendar
[Test worker] DEBUG org.codehaus.griffon.runtime.core.DefaultApplicationConfigurer - Registering griffon.core.editors.DatePropertyEditor as editor for java.util.Date
[Test worker] DEBUG org.codehaus.griffon.runtime.core.DefaultApplicationConfigurer - Registering griffon.core.editors.BooleanPropertyEditor as editor for boolean
[Test worker] DEBUG org.codehaus.griffon.runtime.core.DefaultApplicationConfigurer - Registering griffon.core.editors.BytePropertyEditor as editor for byte
[Test worker] DEBUG org.codehaus.griffon.runtime.core.DefaultApplicationConfigurer - Registering griffon.core.editors.ShortPropertyEditor as editor for short
[Test worker] DEBUG org.codehaus.griffon.runtime.core.DefaultApplicationConfigurer - Registering griffon.core.editors.IntegerPropertyEditor as editor for int
[Test worker] DEBUG org.codehaus.griffon.runtime.core.DefaultApplicationConfigurer - Registering griffon.core.editors.LongPropertyEditor as editor for long
[Test worker] DEBUG org.codehaus.griffon.runtime.core.DefaultApplicationConfigurer - Registering griffon.core.editors.FloatPropertyEditor as editor for float
[Test worker] DEBUG org.codehaus.griffon.runtime.core.DefaultApplicationConfigurer - Registering griffon.core.editors.DoublePropertyEditor as editor for double
[Test worker] DEBUG org.codehaus.griffon.runtime.core.event.AbstractEventRouter - Adding listener org.codehaus.griffon.runtime.core.DefaultApplicationConfigurer$2 on NewInstance
[Test worker] TRACE griffon.util.CompositeResourceBundle - Searching key=application.lifecycle.handler.disable
[Test worker] TRACE griffon.util.CompositeResourceBundle - Searching key=application
[Test worker] TRACE griffon.util.CompositeResourceBundle - Searching key=platform.handler.linux64
[Test worker] TRACE griffon.util.CompositeResourceBundle - Searching key=platform
[Test worker] DEBUG org.codehaus.griffon.runtime.core.PlatformHandlerProvider - Using org.codehaus.griffon.runtime.core.DefaultPlatformHandler as PlatformHandler
[Test worker] DEBUG org.codehaus.griffon.runtime.core.addon.AbstractAddonManager - Loading addons [START]
[Test worker] DEBUG griffon.util.AnnotationUtils - computed addon order is []
[Test worker] DEBUG org.codehaus.griffon.runtime.core.event.AbstractEventRouter - Triggering event 'LoadAddonsStart' synchronously
[Test worker] DEBUG org.codehaus.griffon.runtime.core.addon.AbstractAddonManager - Loading addons [END]
[Test worker] DEBUG org.codehaus.griffon.runtime.core.event.AbstractEventRouter - Triggering event 'LoadAddonsEnd' synchronously
[Test worker] TRACE griffon.util.CompositeResourceBundle - Searching key=mvcGroups
[Test worker] TRACE griffon.util.CompositeResourceBundle - Searching key=mvcGroups
[Test worker] DEBUG org.codehaus.griffon.runtime.core.event.AbstractEventRouter - Adding listener org.codehaus.griffon.runtime.core.DefaultApplicationConfigurer$3 on NewInstance
[Test worker] TRACE griffon.util.CompositeResourceBundle - Searching key=shiro.realm.resource.path
[Test worker] TRACE griffon.util.CompositeResourceBundle - Searching key=shiro
[Test worker] DEBUG org.apache.shiro.realm.text.PropertiesRealm - Loading user security information from file [classpath:shiro-users.properties]...
[Test worker] DEBUG org.apache.shiro.realm.text.PropertiesRealm - Opening input stream for path [classpath:shiro-users.properties]...
[Test worker] DEBUG org.apache.shiro.io.ResourceUtils - Opening resource from class path [shiro-users.properties]
[Test worker] DEBUG org.apache.shiro.realm.text.PropertiesRealm - Loading properties from path [classpath:shiro-users.properties]...
[Test worker] TRACE org.apache.shiro.realm.text.PropertiesRealm - Processing properties line - key: [user.joe], value: [joe,employee].
[Test worker] TRACE org.apache.shiro.realm.text.PropertiesRealm - Processing properties line - key: [user.bob], value: [bob,manager,employee].
[Test worker] TRACE org.apache.shiro.realm.text.PropertiesRealm - Processing properties line - key: [role.administrator], value: [*].
[Test worker] TRACE org.apache.shiro.realm.text.PropertiesRealm - Processing properties line - key: [role.manager], value: [user:write].
[Test worker] TRACE org.apache.shiro.realm.text.PropertiesRealm - Processing properties line - key: [user.root], value: [root,administrator,manager].
[Test worker] TRACE org.apache.shiro.realm.text.PropertiesRealm - Processing properties line - key: [role.employee], value: [user:read].
[Test worker] TRACE org.apache.shiro.util.ThreadContext - get() - in thread [Test worker]
[Test worker] TRACE org.apache.shiro.util.ThreadContext - Retrieved value of type [org.apache.shiro.subject.support.DelegatingSubject] for key [org.apache.shiro.util.ThreadContext_SUBJECT_KEY] bound to thread [Test worker]
[Test worker] TRACE griffon.util.CompositeResourceBundle - Searching key=griffon.controller.action.interceptor.order
[Test worker] TRACE griffon.util.CompositeResourceBundle - Searching key=griffon
[Test worker] DEBUG griffon.util.AnnotationUtils - Current interceptor order is [shiro]
[Test worker] TRACE griffon.util.AnnotationUtils - Processing interceptor 'shiro'
[Test worker] TRACE griffon.util.AnnotationUtils -   depends on '[]'
[Test worker] TRACE griffon.util.AnnotationUtils -   adding interceptor 'shiro', since all dependencies have been added
[Test worker] TRACE griffon.util.AnnotationUtils - interceptor dependency ordering complete
[Test worker] DEBUG griffon.util.AnnotationUtils - computed interceptor order is [shiro]
[Test worker] DEBUG org.codehaus.griffon.runtime.core.artifact.AbstractArtifactManager - Registering artifact handler for type 'model': org.codehaus.griffon.runtime.core.artifact.ModelArtifactHandler@59c6d8f0
[Test worker] DEBUG org.codehaus.griffon.runtime.core.artifact.AbstractArtifactManager - Registering artifact handler for type 'view': org.codehaus.griffon.runtime.core.artifact.ViewArtifactHandler@dcca29c
[Test worker] DEBUG org.codehaus.griffon.runtime.core.artifact.AbstractArtifactManager - Registering artifact handler for type 'controller': org.codehaus.griffon.runtime.core.artifact.ControllerArtifactHandler@75c7b6d7
[Test worker] DEBUG org.codehaus.griffon.runtime.core.artifact.AbstractArtifactManager - Registering artifact handler for type 'service': org.codehaus.griffon.runtime.core.artifact.ServiceArtifactHandler@ab519aa
[Test worker] DEBUG griffon.util.ServiceLoaderUtils - Reading griffon.core.artifact.GriffonController definitions from file:/home/travis/build/griffon/griffon/plugins/griffon-shiro-plugin/build/classes/test/META-INF/griffon/griffon.core.artifact.GriffonController
[Test worker] DEBUG griffon.util.ServiceLoaderUtils - Reading griffon.core.artifact.GriffonModel definitions from file:/home/travis/build/griffon/griffon/plugins/griffon-shiro-plugin/build/classes/test/META-INF/griffon/griffon.core.artifact.GriffonModel
[Test worker] DEBUG org.codehaus.griffon.runtime.core.artifact.DefaultArtifactManager - Artifacts of type 'controller' = 1
[Test worker] DEBUG org.codehaus.griffon.runtime.core.artifact.DefaultArtifactManager - Artifacts of type 'model' = 1
[Test worker] TRACE org.codehaus.griffon.runtime.core.artifact.AbstractArtifactManager - InstanceBinding[source=griffon.core.artifact.GriffonClass, classifier=@griffon.inject.Typed(value=class com.acme.ShiroController), instance=Artifact[controller] > Shiro, singleton=true]
[Test worker] TRACE org.codehaus.griffon.runtime.core.artifact.AbstractArtifactManager - TargetBinding[source=com.acme.ShiroController, target=com.acme.ShiroController, singleton=false]
[Test worker] TRACE org.codehaus.griffon.runtime.core.artifact.AbstractArtifactManager - InstanceBinding[source=griffon.core.artifact.GriffonClass, classifier=@griffon.inject.Typed(value=class com.acme.ShiroModel), instance=Artifact[model] > Shiro, singleton=true]
[Test worker] TRACE org.codehaus.griffon.runtime.core.artifact.AbstractArtifactManager - TargetBinding[source=com.acme.ShiroModel, target=com.acme.ShiroModel, singleton=false]
[Test worker] DEBUG org.codehaus.griffon.runtime.core.event.AbstractEventRouter - Triggering event 'BootstrapEnd' synchronously
[Test worker] DEBUG org.codehaus.griffon.runtime.core.artifact.AbstractArtifactManager - Searching for griffonClass of com.acme.ShiroController
[Test worker] DEBUG org.codehaus.griffon.runtime.core.event.AbstractEventRouter - Triggering event 'NewInstance' synchronously
[Test worker] DEBUG org.codehaus.griffon.runtime.core.artifact.AbstractArtifactManager - Searching for griffonClass of com.acme.ShiroController
[Test worker] TRACE griffon.util.CompositeResourceBundle - Searching key=com.acme.ShiroController.action.Authenticated.name
[Test worker] TRACE griffon.util.CompositeResourceBundle - Searching key=application.action.Authenticated.name
[Test worker] TRACE org.codehaus.griffon.runtime.core.controller.AbstractActionManager - com.acme.ShiroController.action.Authenticated.name = Authenticated
[Test worker] DEBUG org.codehaus.griffon.runtime.core.controller.AbstractActionManager - Configuring action com.acme.ShiroController.authenticated with org.codehaus.griffon.runtime.shiro.ShiroActionInterceptor@79dce7a9
[Test worker] TRACE org.codehaus.griffon.runtime.core.controller.AbstractActionManager - Action for com.acme.ShiroController.authenticated stored as authenticated
[Test worker] TRACE griffon.util.CompositeResourceBundle - Searching key=com.acme.ShiroController.action.Guest.name
[Test worker] TRACE griffon.util.CompositeResourceBundle - Searching key=application.action.Guest.name
[Test worker] TRACE org.codehaus.griffon.runtime.core.controller.AbstractActionManager - com.acme.ShiroController.action.Guest.name = Guest
[Test worker] DEBUG org.codehaus.griffon.runtime.core.controller.AbstractActionManager - Configuring action com.acme.ShiroController.guest with org.codehaus.griffon.runtime.shiro.ShiroActionInterceptor@79dce7a9
[Test worker] TRACE org.codehaus.griffon.runtime.core.controller.AbstractActionManager - Action for com.acme.ShiroController.guest stored as guest
[Test worker] TRACE griffon.util.CompositeResourceBundle - Searching key=com.acme.ShiroController.action.Permissions.name
[Test worker] TRACE griffon.util.CompositeResourceBundle - Searching key=application.action.Permissions.name
[Test worker] TRACE org.codehaus.griffon.runtime.core.controller.AbstractActionManager - com.acme.ShiroController.action.Permissions.name = Permissions
[Test worker] DEBUG org.codehaus.griffon.runtime.core.controller.AbstractActionManager - Configuring action com.acme.ShiroController.permissions with org.codehaus.griffon.runtime.shiro.ShiroActionInterceptor@79dce7a9
[Test worker] TRACE org.codehaus.griffon.runtime.core.controller.AbstractActionManager - Action for com.acme.ShiroController.permissions stored as permissions
[Test worker] TRACE griffon.util.CompositeResourceBundle - Searching key=com.acme.ShiroController.action.Roles.name
[Test worker] TRACE griffon.util.CompositeResourceBundle - Searching key=application.action.Roles.name
[Test worker] TRACE org.codehaus.griffon.runtime.core.controller.AbstractActionManager - com.acme.ShiroController.action.Roles.name = Roles
[Test worker] DEBUG org.codehaus.griffon.runtime.core.controller.AbstractActionManager - Configuring action com.acme.ShiroController.roles with org.codehaus.griffon.runtime.shiro.ShiroActionInterceptor@79dce7a9
[Test worker] TRACE org.codehaus.griffon.runtime.core.controller.AbstractActionManager - Action for com.acme.ShiroController.roles stored as roles
[Test worker] TRACE griffon.util.CompositeResourceBundle - Searching key=com.acme.ShiroController.action.User.name
[Test worker] TRACE griffon.util.CompositeResourceBundle - Searching key=application.action.User.name
[Test worker] TRACE org.codehaus.griffon.runtime.core.controller.AbstractActionManager - com.acme.ShiroController.action.User.name = User
[Test worker] DEBUG org.codehaus.griffon.runtime.core.controller.AbstractActionManager - Configuring action com.acme.ShiroController.user with org.codehaus.griffon.runtime.shiro.ShiroActionInterceptor@79dce7a9
[Test worker] TRACE org.codehaus.griffon.runtime.core.controller.AbstractActionManager - Action for com.acme.ShiroController.user stored as user
[Test worker] DEBUG org.codehaus.griffon.runtime.core.artifact.AbstractArtifactManager - Searching for griffonClass of com.acme.ShiroModel
[Test worker] DEBUG org.codehaus.griffon.runtime.core.event.AbstractEventRouter - Triggering event 'NewInstance' synchronously
[Test worker] TRACE org.apache.shiro.subject.support.DelegatingSubject - attempting to get session; create = false; session is null = true; session has id = false
[Test worker] TRACE org.apache.shiro.authc.AbstractAuthenticator - Authentication attempt received for token [org.apache.shiro.authc.UsernamePasswordToken - root, rememberMe=false]
[Test worker] DEBUG org.apache.shiro.realm.AuthenticatingRealm - Looked up AuthenticationInfo [root] from doGetAuthenticationInfo
[Test worker] DEBUG org.apache.shiro.realm.AuthenticatingRealm - AuthenticationInfo caching is disabled for info [root].  Submitted token: [org.apache.shiro.authc.UsernamePasswordToken - root, rememberMe=false].
[Test worker] DEBUG org.apache.shiro.authc.credential.SimpleCredentialsMatcher - Performing credentials equality check for tokenCredentials of type [[C and accountCredentials of type [java.lang.String]
[Test worker] DEBUG org.apache.shiro.authc.credential.SimpleCredentialsMatcher - Both credentials arguments can be easily converted to byte arrays.  Performing array equals comparison
[Test worker] DEBUG org.apache.shiro.authc.AbstractAuthenticator - Authentication successful for token [org.apache.shiro.authc.UsernamePasswordToken - root, rememberMe=false].  Returned account [root]
[Test worker] DEBUG org.apache.shiro.subject.support.DefaultSubjectContext - No SecurityManager available in subject context map.  Falling back to SecurityUtils.getSecurityManager() lookup.
[Test worker] TRACE org.apache.shiro.util.ThreadContext - get() - in thread [Test worker]
[Test worker] TRACE org.apache.shiro.mgt.DefaultSecurityManager - Context already contains a SecurityManager instance.  Returning.
[Test worker] TRACE org.apache.shiro.subject.support.DelegatingSubject - attempting to get session; create = false; session is null = true; session has id = false
[Test worker] DEBUG org.apache.shiro.subject.support.DefaultSubjectContext - No SecurityManager available in subject context map.  Falling back to SecurityUtils.getSecurityManager() lookup.
[Test worker] TRACE org.apache.shiro.util.ThreadContext - get() - in thread [Test worker]
[Test worker] TRACE org.apache.shiro.subject.support.DelegatingSubject - attempting to get session; create = false; session is null = true; session has id = false
[Test worker] TRACE org.apache.shiro.subject.support.DelegatingSubject - attempting to get session; create = false; session is null = true; session has id = false
[Test worker] TRACE org.apache.shiro.subject.support.DelegatingSubject - attempting to get session; create = false; session is null = true; session has id = false
[Test worker] TRACE org.apache.shiro.subject.support.DelegatingSubject - attempting to get session; create = false; session is null = true; session has id = false
[Test worker] TRACE org.apache.shiro.subject.support.DelegatingSubject - attempting to get session; create = false; session is null = true; session has id = false
[Test worker] TRACE org.apache.shiro.subject.support.DelegatingSubject - attempting to get session; create = false; session is null = true; session has id = false
[Test worker] TRACE org.apache.shiro.subject.support.DelegatingSubject - attempting to get session; create = true; session is null = true; session has id = false
[Test worker] TRACE org.apache.shiro.subject.support.DelegatingSubject - Starting session for host null
[Test worker] DEBUG org.apache.shiro.session.mgt.AbstractValidatingSessionManager - No sessionValidationScheduler set.  Attempting to create default instance.
[Test worker] TRACE org.apache.shiro.session.mgt.AbstractValidatingSessionManager - Created default SessionValidationScheduler instance of type [org.apache.shiro.session.mgt.ExecutorServiceSessionValidationScheduler].
[Test worker] INFO org.apache.shiro.session.mgt.AbstractValidatingSessionManager - Enabling session validation scheduler...
[Test worker] TRACE org.apache.shiro.session.mgt.DefaultSessionManager - Creating session for host null
[Test worker] DEBUG org.apache.shiro.session.mgt.DefaultSessionManager - Creating new EIS record for new session instance [org.apache.shiro.session.mgt.SimpleSession,id=null]
[Test worker] TRACE org.apache.shiro.session.mgt.AbstractValidatingSessionManager - Attempting to retrieve session with key org.apache.shiro.session.mgt.DefaultSessionKey@480d232a
[Test worker] TRACE org.apache.shiro.subject.support.DelegatingSubject - attempting to get session; create = false; session is null = false; session has id = true
[Test worker] TRACE org.apache.shiro.session.mgt.AbstractValidatingSessionManager - Attempting to retrieve session with key org.apache.shiro.session.mgt.DefaultSessionKey@480d232a
[Test worker] TRACE org.apache.shiro.session.mgt.AbstractValidatingSessionManager - Attempting to retrieve session with key org.apache.shiro.session.mgt.DefaultSessionKey@480d232a
[Test worker] TRACE org.apache.shiro.mgt.DefaultSecurityManager - This org.apache.shiro.mgt.DefaultSecurityManager instance does not have a [org.apache.shiro.mgt.RememberMeManager] instance configured.  RememberMe services will not be performed for account [root].
[Test worker] TRACE org.apache.shiro.subject.support.DelegatingSubject - attempting to get session; create = false; session is null = false; session has id = true
[Test worker] TRACE griffon.util.CompositeResourceBundle - Searching key=griffon.disable.threading.injection
[Test worker] TRACE griffon.util.CompositeResourceBundle - Searching key=griffon
[Test worker] DEBUG org.codehaus.griffon.runtime.core.controller.AbstractActionManager - Executing com.acme.ShiroController.authenticated with policy OUTSIDE_UITHREAD
[Test worker] DEBUG org.codehaus.griffon.runtime.core.controller.AbstractActionManager - Executing 1 interceptor for com.acme.ShiroController.authenticated
[Test worker] TRACE org.codehaus.griffon.runtime.core.controller.AbstractActionManager - Calling org.codehaus.griffon.runtime.shiro.ShiroActionInterceptor@79dce7a9.before() on com.acme.ShiroController.authenticated
[Test worker] DEBUG org.codehaus.griffon.runtime.shiro.ShiroActionInterceptor - Evaluating security requirement RequirementConfiguration{requirement=AUTHENTICATION, values=[], logical=AND}
[Test worker] TRACE org.codehaus.griffon.runtime.core.controller.AbstractActionManager - Status before execution of com.acme.ShiroController.authenticated is OK
[Test worker] TRACE org.codehaus.griffon.runtime.core.controller.AbstractActionManager - Status after execution of com.acme.ShiroController.authenticated is OK
[Test worker] TRACE org.codehaus.griffon.runtime.core.controller.AbstractActionManager - Calling org.codehaus.griffon.runtime.shiro.ShiroActionInterceptor@79dce7a9.after() on com.acme.ShiroController.authenticated
[Test worker] TRACE org.apache.shiro.subject.support.DelegatingSubject - attempting to get session; create = false; session is null = false; session has id = true
[Test worker] TRACE org.apache.shiro.session.mgt.AbstractValidatingSessionManager - Attempting to retrieve session with key org.apache.shiro.session.mgt.DefaultSessionKey@480d232a
[Test worker] TRACE org.apache.shiro.subject.support.DelegatingSubject - attempting to get session; create = false; session is null = false; session has id = true
[Test worker] TRACE org.apache.shiro.session.mgt.AbstractValidatingSessionManager - Attempting to retrieve session with key org.apache.shiro.session.mgt.DefaultSessionKey@480d232a
[Test worker] DEBUG org.apache.shiro.mgt.DefaultSecurityManager - Logging out subject with primary principal root
[Test worker] TRACE org.apache.shiro.realm.CachingRealm - Cleared cache entries for account with principals [root]
[Test worker] TRACE org.apache.shiro.subject.support.DelegatingSubject - attempting to get session; create = false; session is null = false; session has id = true
[Test worker] TRACE org.apache.shiro.session.mgt.AbstractValidatingSessionManager - Attempting to retrieve session with key org.apache.shiro.session.mgt.DefaultSessionKey@480d232a
[Test worker] TRACE org.apache.shiro.session.mgt.AbstractValidatingSessionManager - Attempting to retrieve session with key org.apache.shiro.session.mgt.DefaultSessionKey@480d232a
[Test worker] TRACE org.apache.shiro.subject.support.DelegatingSubject - attempting to get session; create = false; session is null = false; session has id = true
[Test worker] TRACE org.apache.shiro.session.mgt.AbstractValidatingSessionManager - Attempting to retrieve session with key org.apache.shiro.session.mgt.DefaultSessionKey@480d232a
[Test worker] DEBUG org.apache.shiro.session.mgt.AbstractSessionManager - Stopping session with id [0d3557f9-c176-4437-9e2f-c6a42aca7a16]
[Test worker] DEBUG org.codehaus.griffon.runtime.core.event.AbstractEventRouter - Triggering event 'ShutdownRequested' synchronously
[Test worker] INFO org.codehaus.griffon.runtime.core.DefaultGriffonApplication - Shutdown is in process
[Test worker] DEBUG org.codehaus.griffon.runtime.core.DefaultGriffonApplication - Shutdown stage 1: notify all event listeners
[Test worker] DEBUG org.codehaus.griffon.runtime.core.event.AbstractEventRouter - Adding listener org.codehaus.griffon.runtime.core.AbstractGriffonApplication$1 on ShutdownStart
[Test worker] DEBUG org.codehaus.griffon.runtime.core.event.AbstractEventRouter - Triggering event 'ShutdownStart' synchronously
[Test worker] DEBUG org.codehaus.griffon.runtime.core.DefaultGriffonApplication - Shutdown stage 2: notify all shutdown handlers
[Test worker] DEBUG org.codehaus.griffon.runtime.core.DefaultGriffonApplication - Shutdown stage 3: destroy all MVC groups
[Test worker] DEBUG org.codehaus.griffon.runtime.core.DefaultGriffonApplication - Shutdown stage 4: execute Shutdown script
[Test worker] TRACE griffon.util.CompositeResourceBundle - Searching key=application.lifecycle.handler.disable
[Test worker] TRACE griffon.util.CompositeResourceBundle - Searching key=application
[Test worker] INFO org.codehaus.griffon.runtime.core.DefaultApplicationBootstrapper - Griffon 2.0.0.SNAPSHOT
[Test worker] INFO org.codehaus.griffon.runtime.core.DefaultApplicationBootstrapper - Build: 2014-03-07T17:17:07.720+0000
[Test worker] INFO org.codehaus.griffon.runtime.core.DefaultApplicationBootstrapper - JVM: 1.7.0_51 (Oracle Corporation 24.51-b03)
[Test worker] INFO org.codehaus.griffon.runtime.core.DefaultApplicationBootstrapper - OS: Linux 2.6.32-042stab084.25 amd64
[Test worker] DEBUG org.codehaus.griffon.runtime.core.DefaultApplicationBootstrapper - Creating module bindings
[Test worker] DEBUG griffon.util.AnnotationUtils - Current module order is [core, shiro, testApplicationBootstrapper$InnerClasses, testApplicationBootstrapper$Fields]
[Test worker] TRACE griffon.util.AnnotationUtils - Processing module 'core'
[Test worker] TRACE griffon.util.AnnotationUtils -   depends on '[]'
[Test worker] TRACE griffon.util.AnnotationUtils -   adding module 'core', since all dependencies have been added
[Test worker] TRACE griffon.util.AnnotationUtils - Processing module 'shiro'
[Test worker] TRACE griffon.util.AnnotationUtils -   depends on '[]'
[Test worker] TRACE griffon.util.AnnotationUtils -   adding module 'shiro', since all dependencies have been added
[Test worker] TRACE griffon.util.AnnotationUtils - Processing module 'testApplicationBootstrapper$InnerClasses'
[Test worker] TRACE griffon.util.AnnotationUtils -   depends on '[]'
[Test worker] TRACE griffon.util.AnnotationUtils -   adding module 'testApplicationBootstrapper$InnerClasses', since all dependencies have been added
[Test worker] TRACE griffon.util.AnnotationUtils - Processing module 'testApplicationBootstrapper$Fields'
[Test worker] TRACE griffon.util.AnnotationUtils -   depends on '[]'
[Test worker] TRACE griffon.util.AnnotationUtils -   adding module 'testApplicationBootstrapper$Fields', since all dependencies have been added
[Test worker] TRACE griffon.util.AnnotationUtils - module dependency ordering complete
[Test worker] DEBUG griffon.util.AnnotationUtils - computed module order is [core, shiro, testApplicationBootstrapper$InnerClasses, testApplicationBootstrapper$Fields]
[Test worker] DEBUG org.codehaus.griffon.runtime.core.DefaultApplicationBootstrapper - Loading module bindings from core:org.codehaus.griffon.runtime.core.DefaultApplicationModule@5cebda13
[Test worker] DEBUG org.codehaus.griffon.runtime.core.DefaultApplicationBootstrapper - Loading module bindings from shiro:org.codehaus.griffon.runtime.shiro.ShiroModule@3a450e
[Test worker] DEBUG org.codehaus.griffon.runtime.core.DefaultApplicationBootstrapper - Loading module bindings from testApplicationBootstrapper$InnerClasses:org.codehaus.griffon.runtime.core.TestApplicationBootstrapper$InnerClassesModule@718b9a3f
[Test worker] DEBUG org.codehaus.griffon.runtime.core.DefaultApplicationBootstrapper - Loading module bindings from testApplicationBootstrapper$Fields:org.codehaus.griffon.runtime.core.TestApplicationBootstrapper$FieldsModule@43bd856
[Test worker] TRACE org.codehaus.griffon.runtime.core.DefaultApplicationBootstrapper - InstanceBinding[source=griffon.core.GriffonApplication, instance=org.codehaus.griffon.runtime.core.DefaultGriffonApplication@43ccb601, singleton=true]
[Test worker] TRACE org.codehaus.griffon.runtime.core.DefaultApplicationBootstrapper - TargetBinding[source=griffon.core.ApplicationClassLoader, target=org.codehaus.griffon.runtime.core.DefaultApplicationClassLoader, singleton=true]
[Test worker] TRACE org.codehaus.griffon.runtime.core.DefaultApplicationBootstrapper - TargetBinding[source=griffon.core.ApplicationConfigurer, target=org.codehaus.griffon.runtime.core.DefaultApplicationConfigurer, singleton=true]
[Test worker] TRACE org.codehaus.griffon.runtime.core.DefaultApplicationBootstrapper - TargetBinding[source=griffon.core.resources.ResourceHandler, target=org.codehaus.griffon.runtime.core.resources.DefaultResourceHandler, singleton=true]
[Test worker] TRACE org.codehaus.griffon.runtime.core.DefaultApplicationBootstrapper - TargetBinding[source=griffon.util.CompositeResourceBundleBuilder, target=org.codehaus.griffon.runtime.util.DefaultCompositeResourceBundleBuilder, singleton=true]
[Test worker] TRACE org.codehaus.griffon.runtime.core.DefaultApplicationBootstrapper - ProviderBinding[source=java.util.ResourceBundle, classifier=@javax.inject.Named(value=applicationResourceBundle), provider=org.codehaus.griffon.runtime.util.ResourceBundleProvider@34c11e6d, singleton=true]
[Test worker] TRACE org.codehaus.griffon.runtime.core.DefaultApplicationBootstrapper - TargetBinding[source=griffon.core.Configuration, target=org.codehaus.griffon.runtime.core.DefaultConfiguration, singleton=true]
[Test worker] TRACE org.codehaus.griffon.runtime.core.DefaultApplicationBootstrapper - TargetBinding[source=griffon.core.ExecutorServiceManager, target=org.codehaus.griffon.runtime.core.DefaultExecutorServiceManager, singleton=true]
[Test worker] TRACE org.codehaus.griffon.runtime.core.DefaultApplicationBootstrapper - TargetBinding[source=griffon.core.event.EventRouter, classifier=@javax.inject.Named(value=applicationEventRouter), target=org.codehaus.griffon.runtime.core.event.DefaultEventRouter, singleton=true]
[Test worker] TRACE org.codehaus.griffon.runtime.core.DefaultApplicationBootstrapper - TargetBinding[source=griffon.core.event.EventRouter, target=org.codehaus.griffon.runtime.core.event.DefaultEventRouter, singleton=false]
[Test worker] TRACE org.codehaus.griffon.runtime.core.DefaultApplicationBootstrapper - ProviderBinding[source=griffon.core.resources.ResourceResolver, classifier=@javax.inject.Named(value=applicationResourceResolver), provider=org.codehaus.griffon.runtime.core.resources.ResourceResolverProvider@72b4a129, singleton=true]
[Test worker] TRACE org.codehaus.griffon.runtime.core.DefaultApplicationBootstrapper - ProviderBinding[source=griffon.core.i18n.MessageSource, classifier=@javax.inject.Named(value=applicationMessageSource), provider=org.codehaus.griffon.runtime.core.i18n.MessageSourceProvider@30c0c594, singleton=true]
[Test worker] TRACE org.codehaus.griffon.runtime.core.DefaultApplicationBootstrapper - TargetBinding[source=griffon.core.resources.ResourceInjector, classifier=@javax.inject.Named(value=applicationResourceInjector), target=org.codehaus.griffon.runtime.core.resources.DefaultApplicationResourceInjector, singleton=true]
[Test worker] TRACE org.codehaus.griffon.runtime.core.DefaultApplicationBootstrapper - TargetBinding[source=griffon.core.threading.UIThreadManager, target=org.codehaus.griffon.runtime.core.threading.DefaultUIThreadManager, singleton=true]
[Test worker] TRACE org.codehaus.griffon.runtime.core.DefaultApplicationBootstrapper - TargetBinding[source=griffon.core.mvc.MVCGroupManager, target=org.codehaus.griffon.runtime.core.mvc.DefaultMVCGroupManager, singleton=true]
[Test worker] TRACE org.codehaus.griffon.runtime.core.DefaultApplicationBootstrapper - ProviderBinding[source=griffon.core.LifecycleHandler, classifier=@javax.inject.Named(value=Initialize), provider=org.codehaus.griffon.runtime.core.LifecycleHandlerProvider@3feb908d, singleton=true]
[Test worker] TRACE org.codehaus.griffon.runtime.core.DefaultApplicationBootstrapper - ProviderBinding[source=griffon.core.LifecycleHandler, classifier=@javax.inject.Named(value=Startup), provider=org.codehaus.griffon.runtime.core.LifecycleHandlerProvider@25f39c4, singleton=true]
[Test worker] TRACE org.codehaus.griffon.runtime.core.DefaultApplicationBootstrapper - ProviderBinding[source=griffon.core.LifecycleHandler, classifier=@javax.inject.Named(value=Ready), provider=org.codehaus.griffon.runtime.core.LifecycleHandlerProvider@39c97413, singleton=true]
[Test worker] TRACE org.codehaus.griffon.runtime.core.DefaultApplicationBootstrapper - ProviderBinding[source=griffon.core.LifecycleHandler, classifier=@javax.inject.Named(value=Shutdown), provider=org.codehaus.griffon.runtime.core.LifecycleHandlerProvider@58e3a908, singleton=true]
[Test worker] TRACE org.codehaus.griffon.runtime.core.DefaultApplicationBootstrapper - ProviderBinding[source=griffon.core.LifecycleHandler, classifier=@javax.inject.Named(value=Stop), provider=org.codehaus.griffon.runtime.core.LifecycleHandlerProvider@4a6e79cf, singleton=true]
[Test worker] TRACE org.codehaus.griffon.runtime.core.DefaultApplicationBootstrapper - TargetBinding[source=griffon.core.view.WindowManager, target=org.codehaus.griffon.runtime.core.view.NoopWindowManager, singleton=true]
[Test worker] TRACE org.codehaus.griffon.runtime.core.DefaultApplicationBootstrapper - TargetBinding[source=griffon.core.controller.ActionManager, target=org.codehaus.griffon.runtime.core.controller.DefaultActionManager, singleton=true]
[Test worker] TRACE org.codehaus.griffon.runtime.core.DefaultApplicationBootstrapper - TargetBinding[source=griffon.core.artifact.ArtifactManager, target=org.codehaus.griffon.runtime.core.artifact.DefaultArtifactManager, singleton=true]
[Test worker] TRACE org.codehaus.griffon.runtime.core.DefaultApplicationBootstrapper - TargetBinding[source=griffon.core.artifact.ArtifactHandler, classifier=@griffon.inject.Typed(value=interface griffon.core.artifact.GriffonModel), target=org.codehaus.griffon.runtime.core.artifact.ModelArtifactHandler, singleton=true]
[Test worker] TRACE org.codehaus.griffon.runtime.core.DefaultApplicationBootstrapper - TargetBinding[source=griffon.core.artifact.ArtifactHandler, classifier=@griffon.inject.Typed(value=interface griffon.core.artifact.GriffonView), target=org.codehaus.griffon.runtime.core.artifact.ViewArtifactHandler, singleton=true]
[Test worker] TRACE org.codehaus.griffon.runtime.core.DefaultApplicationBootstrapper - TargetBinding[source=griffon.core.artifact.ArtifactHandler, classifier=@griffon.inject.Typed(value=interface griffon.core.artifact.GriffonController), target=org.codehaus.griffon.runtime.core.artifact.ControllerArtifactHandler, singleton=true]
[Test worker] TRACE org.codehaus.griffon.runtime.core.DefaultApplicationBootstrapper - TargetBinding[source=griffon.core.artifact.ArtifactHandler, classifier=@griffon.inject.Typed(value=interface griffon.core.artifact.GriffonService), target=org.codehaus.griffon.runtime.core.artifact.ServiceArtifactHandler, singleton=true]
[Test worker] TRACE org.codehaus.griffon.runtime.core.DefaultApplicationBootstrapper - ProviderTypeBinding[source=griffon.core.PlatformHandler, providerType=class org.codehaus.griffon.runtime.core.PlatformHandlerProvider, singleton=true]
[Test worker] TRACE org.codehaus.griffon.runtime.core.DefaultApplicationBootstrapper - TargetBinding[source=griffon.core.addon.AddonManager, target=org.codehaus.griffon.runtime.core.addon.DefaultAddonManager, singleton=true]
[Test worker] TRACE org.codehaus.griffon.runtime.core.DefaultApplicationBootstrapper - TargetBinding[source=griffon.core.event.EventHandler, target=org.codehaus.griffon.runtime.core.event.DefaultEventHandler, singleton=true]
[Test worker] TRACE org.codehaus.griffon.runtime.core.DefaultApplicationBootstrapper - TargetBinding[source=griffon.core.GriffonExceptionHandler, target=griffon.core.GriffonExceptionHandler, singleton=true]
[Test worker] TRACE org.codehaus.griffon.runtime.core.DefaultApplicationBootstrapper - ProviderTypeBinding[source=org.apache.shiro.mgt.SecurityManager, providerType=class org.codehaus.griffon.runtime.shiro.SecurityManagerProvider, singleton=true]
[Test worker] TRACE org.codehaus.griffon.runtime.core.DefaultApplicationBootstrapper - ProviderTypeBinding[source=org.apache.shiro.subject.Subject, providerType=class org.codehaus.griffon.runtime.shiro.SubjectProvider, singleton=true]
[Test worker] TRACE org.codehaus.griffon.runtime.core.DefaultApplicationBootstrapper - TargetBinding[source=griffon.plugins.shiro.SecurityFailureHandler, target=org.codehaus.griffon.runtime.shiro.DefaultSecurityFailureHandler, singleton=true]
[Test worker] TRACE org.codehaus.griffon.runtime.core.DefaultApplicationBootstrapper - TargetBinding[source=griffon.core.controller.ActionInterceptor, target=org.codehaus.griffon.runtime.shiro.ShiroActionInterceptor, singleton=true]
[Test worker] DEBUG org.codehaus.griffon.runtime.core.DefaultApplicationBootstrapper - Creating application injector
[Test worker] DEBUG org.codehaus.griffon.runtime.core.DefaultApplicationBootstrapper - Injector will be created by org.codehaus.griffon.runtime.injection.GuiceInjectorFactory@3cb2fe47
[Test worker] DEBUG org.codehaus.griffon.runtime.core.event.AbstractEventRouter - Adding listener org.codehaus.griffon.runtime.core.MVCGroupExceptionHandler on UncaughtMVCGroupConfigurationException
[Test worker] DEBUG org.codehaus.griffon.runtime.core.event.AbstractEventRouter - Adding listener org.codehaus.griffon.runtime.core.MVCGroupExceptionHandler on UncaughtMVCGroupInstantiationException
[Test worker] DEBUG org.codehaus.griffon.runtime.core.event.AbstractEventRouter - Triggering event 'BootstrapStart' synchronously
[Test worker] DEBUG griffon.util.ServiceLoaderUtils - Reading java.beans.PropertyEditor definitions from jar:file:/home/travis/build/griffon/griffon/subprojects/griffon-core/build/libs/griffon-core-2.0.0.SNAPSHOT.jar!/META-INF/editors/java.beans.PropertyEditor
[Test worker] DEBUG org.codehaus.griffon.runtime.core.DefaultApplicationConfigurer - Registering griffon.core.editors.StringPropertyEditor as editor for java.lang.String
[Test worker] DEBUG org.codehaus.griffon.runtime.core.DefaultApplicationConfigurer - Registering griffon.core.editors.FilePropertyEditor as editor for java.io.File
[Test worker] DEBUG org.codehaus.griffon.runtime.core.DefaultApplicationConfigurer - Registering griffon.core.editors.URLPropertyEditor as editor for java.net.URL
[Test worker] DEBUG org.codehaus.griffon.runtime.core.DefaultApplicationConfigurer - Registering griffon.core.editors.URIPropertyEditor as editor for java.net.URI
[Test worker] DEBUG org.codehaus.griffon.runtime.core.DefaultApplicationConfigurer - Registering griffon.core.editors.BigDecimalPropertyEditor as editor for java.math.BigDecimal
[Test worker] DEBUG org.codehaus.griffon.runtime.core.DefaultApplicationConfigurer - Registering griffon.core.editors.BigIntegerPropertyEditor as editor for java.math.BigInteger
[Test worker] DEBUG org.codehaus.griffon.runtime.core.DefaultApplicationConfigurer - Registering griffon.core.editors.BooleanPropertyEditor as editor for java.lang.Boolean
[Test worker] DEBUG org.codehaus.griffon.runtime.core.DefaultApplicationConfigurer - Registering griffon.core.editors.BytePropertyEditor as editor for java.lang.Byte
[Test worker] DEBUG org.codehaus.griffon.runtime.core.DefaultApplicationConfigurer - Registering griffon.core.editors.ShortPropertyEditor as editor for java.lang.Short
[Test worker] DEBUG org.codehaus.griffon.runtime.core.DefaultApplicationConfigurer - Registering griffon.core.editors.IntegerPropertyEditor as editor for java.lang.Integer
[Test worker] DEBUG org.codehaus.griffon.runtime.core.DefaultApplicationConfigurer - Registering griffon.core.editors.LongPropertyEditor as editor for java.lang.Long
[Test worker] DEBUG org.codehaus.griffon.runtime.core.DefaultApplicationConfigurer - Registering griffon.core.editors.FloatPropertyEditor as editor for java.lang.Float
[Test worker] DEBUG org.codehaus.griffon.runtime.core.DefaultApplicationConfigurer - Registering griffon.core.editors.DoublePropertyEditor as editor for java.lang.Double
[Test worker] DEBUG org.codehaus.griffon.runtime.core.DefaultApplicationConfigurer - Registering griffon.core.editors.CalendarPropertyEditor as editor for java.util.Calendar
[Test worker] DEBUG org.codehaus.griffon.runtime.core.DefaultApplicationConfigurer - Registering griffon.core.editors.DatePropertyEditor as editor for java.util.Date
[Test worker] DEBUG org.codehaus.griffon.runtime.core.DefaultApplicationConfigurer - Registering griffon.core.editors.BooleanPropertyEditor as editor for boolean
[Test worker] DEBUG org.codehaus.griffon.runtime.core.DefaultApplicationConfigurer - Registering griffon.core.editors.BytePropertyEditor as editor for byte
[Test worker] DEBUG org.codehaus.griffon.runtime.core.DefaultApplicationConfigurer - Registering griffon.core.editors.ShortPropertyEditor as editor for short
[Test worker] DEBUG org.codehaus.griffon.runtime.core.DefaultApplicationConfigurer - Registering griffon.core.editors.IntegerPropertyEditor as editor for int
[Test worker] DEBUG org.codehaus.griffon.runtime.core.DefaultApplicationConfigurer - Registering griffon.core.editors.LongPropertyEditor as editor for long
[Test worker] DEBUG org.codehaus.griffon.runtime.core.DefaultApplicationConfigurer - Registering griffon.core.editors.FloatPropertyEditor as editor for float
[Test worker] DEBUG org.codehaus.griffon.runtime.core.DefaultApplicationConfigurer - Registering griffon.core.editors.DoublePropertyEditor as editor for double
[Test worker] DEBUG org.codehaus.griffon.runtime.core.event.AbstractEventRouter - Adding listener org.codehaus.griffon.runtime.core.DefaultApplicationConfigurer$2 on NewInstance
[Test worker] TRACE griffon.util.CompositeResourceBundle - Searching key=application.lifecycle.handler.disable
[Test worker] TRACE griffon.util.CompositeResourceBundle - Searching key=application
[Test worker] TRACE griffon.util.CompositeResourceBundle - Searching key=platform.handler.linux64
[Test worker] TRACE griffon.util.CompositeResourceBundle - Searching key=platform
[Test worker] DEBUG org.codehaus.griffon.runtime.core.PlatformHandlerProvider - Using org.codehaus.griffon.runtime.core.DefaultPlatformHandler as PlatformHandler
[Test worker] DEBUG org.codehaus.griffon.runtime.core.addon.AbstractAddonManager - Loading addons [START]
[Test worker] DEBUG griffon.util.AnnotationUtils - computed addon order is []
[Test worker] DEBUG org.codehaus.griffon.runtime.core.event.AbstractEventRouter - Triggering event 'LoadAddonsStart' synchronously
[Test worker] DEBUG org.codehaus.griffon.runtime.core.addon.AbstractAddonManager - Loading addons [END]
[Test worker] DEBUG org.codehaus.griffon.runtime.core.event.AbstractEventRouter - Triggering event 'LoadAddonsEnd' synchronously
[Test worker] TRACE griffon.util.CompositeResourceBundle - Searching key=mvcGroups
[Test worker] TRACE griffon.util.CompositeResourceBundle - Searching key=mvcGroups
[Test worker] DEBUG org.codehaus.griffon.runtime.core.event.AbstractEventRouter - Adding listener org.codehaus.griffon.runtime.core.DefaultApplicationConfigurer$3 on NewInstance
[Test worker] TRACE griffon.util.CompositeResourceBundle - Searching key=shiro.realm.resource.path
[Test worker] TRACE griffon.util.CompositeResourceBundle - Searching key=shiro
[Test worker] DEBUG org.apache.shiro.realm.text.PropertiesRealm - Loading user security information from file [classpath:shiro-users.properties]...
[Test worker] DEBUG org.apache.shiro.realm.text.PropertiesRealm - Opening input stream for path [classpath:shiro-users.properties]...
[Test worker] DEBUG org.apache.shiro.io.ResourceUtils - Opening resource from class path [shiro-users.properties]
[Test worker] DEBUG org.apache.shiro.realm.text.PropertiesRealm - Loading properties from path [classpath:shiro-users.properties]...
[Test worker] TRACE org.apache.shiro.realm.text.PropertiesRealm - Processing properties line - key: [user.joe], value: [joe,employee].
[Test worker] TRACE org.apache.shiro.realm.text.PropertiesRealm - Processing properties line - key: [user.bob], value: [bob,manager,employee].
[Test worker] TRACE org.apache.shiro.realm.text.PropertiesRealm - Processing properties line - key: [role.administrator], value: [*].
[Test worker] TRACE org.apache.shiro.realm.text.PropertiesRealm - Processing properties line - key: [role.manager], value: [user:write].
[Test worker] TRACE org.apache.shiro.realm.text.PropertiesRealm - Processing properties line - key: [user.root], value: [root,administrator,manager].
[Test worker] TRACE org.apache.shiro.realm.text.PropertiesRealm - Processing properties line - key: [role.employee], value: [user:read].
[Test worker] TRACE org.apache.shiro.util.ThreadContext - get() - in thread [Test worker]
[Test worker] TRACE org.apache.shiro.util.ThreadContext - Retrieved value of type [org.apache.shiro.subject.support.DelegatingSubject] for key [org.apache.shiro.util.ThreadContext_SUBJECT_KEY] bound to thread [Test worker]
[Test worker] TRACE griffon.util.CompositeResourceBundle - Searching key=griffon.controller.action.interceptor.order
[Test worker] TRACE griffon.util.CompositeResourceBundle - Searching key=griffon
[Test worker] DEBUG griffon.util.AnnotationUtils - Current interceptor order is [shiro]
[Test worker] TRACE griffon.util.AnnotationUtils - Processing interceptor 'shiro'
[Test worker] TRACE griffon.util.AnnotationUtils -   depends on '[]'
[Test worker] TRACE griffon.util.AnnotationUtils -   adding interceptor 'shiro', since all dependencies have been added
[Test worker] TRACE griffon.util.AnnotationUtils - interceptor dependency ordering complete
[Test worker] DEBUG griffon.util.AnnotationUtils - computed interceptor order is [shiro]
[Test worker] DEBUG org.codehaus.griffon.runtime.core.artifact.AbstractArtifactManager - Registering artifact handler for type 'model': org.codehaus.griffon.runtime.core.artifact.ModelArtifactHandler@53437f0
[Test worker] DEBUG org.codehaus.griffon.runtime.core.artifact.AbstractArtifactManager - Registering artifact handler for type 'view': org.codehaus.griffon.runtime.core.artifact.ViewArtifactHandler@2744703b
[Test worker] DEBUG org.codehaus.griffon.runtime.core.artifact.AbstractArtifactManager - Registering artifact handler for type 'controller': org.codehaus.griffon.runtime.core.artifact.ControllerArtifactHandler@7e2445a0
[Test worker] DEBUG org.codehaus.griffon.runtime.core.artifact.AbstractArtifactManager - Registering artifact handler for type 'service': org.codehaus.griffon.runtime.core.artifact.ServiceArtifactHandler@7f574c12
[Test worker] DEBUG griffon.util.ServiceLoaderUtils - Reading griffon.core.artifact.GriffonController definitions from file:/home/travis/build/griffon/griffon/plugins/griffon-shiro-plugin/build/classes/test/META-INF/griffon/griffon.core.artifact.GriffonController
[Test worker] DEBUG griffon.util.ServiceLoaderUtils - Reading griffon.core.artifact.GriffonModel definitions from file:/home/travis/build/griffon/griffon/plugins/griffon-shiro-plugin/build/classes/test/META-INF/griffon/griffon.core.artifact.GriffonModel
[Test worker] DEBUG org.codehaus.griffon.runtime.core.artifact.DefaultArtifactManager - Artifacts of type 'controller' = 1
[Test worker] DEBUG org.codehaus.griffon.runtime.core.artifact.DefaultArtifactManager - Artifacts of type 'model' = 1
[Test worker] TRACE org.codehaus.griffon.runtime.core.artifact.AbstractArtifactManager - InstanceBinding[source=griffon.core.artifact.GriffonClass, classifier=@griffon.inject.Typed(value=class com.acme.ShiroController), instance=Artifact[controller] > Shiro, singleton=true]
[Test worker] TRACE org.codehaus.griffon.runtime.core.artifact.AbstractArtifactManager - TargetBinding[source=com.acme.ShiroController, target=com.acme.ShiroController, singleton=false]
[Test worker] TRACE org.codehaus.griffon.runtime.core.artifact.AbstractArtifactManager - InstanceBinding[source=griffon.core.artifact.GriffonClass, classifier=@griffon.inject.Typed(value=class com.acme.ShiroModel), instance=Artifact[model] > Shiro, singleton=true]
[Test worker] TRACE org.codehaus.griffon.runtime.core.artifact.AbstractArtifactManager - TargetBinding[source=com.acme.ShiroModel, target=com.acme.ShiroModel, singleton=false]
[Test worker] DEBUG org.codehaus.griffon.runtime.core.event.AbstractEventRouter - Triggering event 'BootstrapEnd' synchronously
[Test worker] DEBUG org.codehaus.griffon.runtime.core.artifact.AbstractArtifactManager - Searching for griffonClass of com.acme.ShiroController
[Test worker] DEBUG org.codehaus.griffon.runtime.core.event.AbstractEventRouter - Triggering event 'NewInstance' synchronously
[Test worker] DEBUG org.codehaus.griffon.runtime.core.artifact.AbstractArtifactManager - Searching for griffonClass of com.acme.ShiroController
[Test worker] TRACE griffon.util.CompositeResourceBundle - Searching key=com.acme.ShiroController.action.Authenticated.name
[Test worker] TRACE griffon.util.CompositeResourceBundle - Searching key=application.action.Authenticated.name
[Test worker] TRACE org.codehaus.griffon.runtime.core.controller.AbstractActionManager - com.acme.ShiroController.action.Authenticated.name = Authenticated
[Test worker] DEBUG org.codehaus.griffon.runtime.core.controller.AbstractActionManager - Configuring action com.acme.ShiroController.authenticated with org.codehaus.griffon.runtime.shiro.ShiroActionInterceptor@4c31ca45
[Test worker] TRACE org.codehaus.griffon.runtime.core.controller.AbstractActionManager - Action for com.acme.ShiroController.authenticated stored as authenticated
[Test worker] TRACE griffon.util.CompositeResourceBundle - Searching key=com.acme.ShiroController.action.Guest.name
[Test worker] TRACE griffon.util.CompositeResourceBundle - Searching key=application.action.Guest.name
[Test worker] TRACE org.codehaus.griffon.runtime.core.controller.AbstractActionManager - com.acme.ShiroController.action.Guest.name = Guest
[Test worker] DEBUG org.codehaus.griffon.runtime.core.controller.AbstractActionManager - Configuring action com.acme.ShiroController.guest with org.codehaus.griffon.runtime.shiro.ShiroActionInterceptor@4c31ca45
[Test worker] TRACE org.codehaus.griffon.runtime.core.controller.AbstractActionManager - Action for com.acme.ShiroController.guest stored as guest
[Test worker] TRACE griffon.util.CompositeResourceBundle - Searching key=com.acme.ShiroController.action.Permissions.name
[Test worker] TRACE griffon.util.CompositeResourceBundle - Searching key=application.action.Permissions.name
[Test worker] TRACE org.codehaus.griffon.runtime.core.controller.AbstractActionManager - com.acme.ShiroController.action.Permissions.name = Permissions
[Test worker] DEBUG org.codehaus.griffon.runtime.core.controller.AbstractActionManager - Configuring action com.acme.ShiroController.permissions with org.codehaus.griffon.runtime.shiro.ShiroActionInterceptor@4c31ca45
[Test worker] TRACE org.codehaus.griffon.runtime.core.controller.AbstractActionManager - Action for com.acme.ShiroController.permissions stored as permissions
[Test worker] TRACE griffon.util.CompositeResourceBundle - Searching key=com.acme.ShiroController.action.Roles.name
[Test worker] TRACE griffon.util.CompositeResourceBundle - Searching key=application.action.Roles.name
[Test worker] TRACE org.codehaus.griffon.runtime.core.controller.AbstractActionManager - com.acme.ShiroController.action.Roles.name = Roles
[Test worker] DEBUG org.codehaus.griffon.runtime.core.controller.AbstractActionManager - Configuring action com.acme.ShiroController.roles with org.codehaus.griffon.runtime.shiro.ShiroActionInterceptor@4c31ca45
[Test worker] TRACE org.codehaus.griffon.runtime.core.controller.AbstractActionManager - Action for com.acme.ShiroController.roles stored as roles
[Test worker] TRACE griffon.util.CompositeResourceBundle - Searching key=com.acme.ShiroController.action.User.name
[Test worker] TRACE griffon.util.CompositeResourceBundle - Searching key=application.action.User.name
[Test worker] TRACE org.codehaus.griffon.runtime.core.controller.AbstractActionManager - com.acme.ShiroController.action.User.name = User
[Test worker] DEBUG org.codehaus.griffon.runtime.core.controller.AbstractActionManager - Configuring action com.acme.ShiroController.user with org.codehaus.griffon.runtime.shiro.ShiroActionInterceptor@4c31ca45
[Test worker] TRACE org.codehaus.griffon.runtime.core.controller.AbstractActionManager - Action for com.acme.ShiroController.user stored as user
[Test worker] DEBUG org.codehaus.griffon.runtime.core.artifact.AbstractArtifactManager - Searching for griffonClass of com.acme.ShiroModel
[Test worker] DEBUG org.codehaus.griffon.runtime.core.event.AbstractEventRouter - Triggering event 'NewInstance' synchronously
[Test worker] TRACE org.apache.shiro.subject.support.DelegatingSubject - attempting to get session; create = false; session is null = true; session has id = false
[Test worker] TRACE org.apache.shiro.authc.AbstractAuthenticator - Authentication attempt received for token [org.apache.shiro.authc.UsernamePasswordToken - root, rememberMe=false]
[Test worker] DEBUG org.apache.shiro.realm.AuthenticatingRealm - Looked up AuthenticationInfo [root] from doGetAuthenticationInfo
[Test worker] DEBUG org.apache.shiro.realm.AuthenticatingRealm - AuthenticationInfo caching is disabled for info [root].  Submitted token: [org.apache.shiro.authc.UsernamePasswordToken - root, rememberMe=false].
[Test worker] DEBUG org.apache.shiro.authc.credential.SimpleCredentialsMatcher - Performing credentials equality check for tokenCredentials of type [[C and accountCredentials of type [java.lang.String]
[Test worker] DEBUG org.apache.shiro.authc.credential.SimpleCredentialsMatcher - Both credentials arguments can be easily converted to byte arrays.  Performing array equals comparison
[Test worker] DEBUG org.apache.shiro.authc.AbstractAuthenticator - Authentication successful for token [org.apache.shiro.authc.UsernamePasswordToken - root, rememberMe=false].  Returned account [root]
[Test worker] DEBUG org.apache.shiro.subject.support.DefaultSubjectContext - No SecurityManager available in subject context map.  Falling back to SecurityUtils.getSecurityManager() lookup.
[Test worker] TRACE org.apache.shiro.util.ThreadContext - get() - in thread [Test worker]
[Test worker] TRACE org.apache.shiro.mgt.DefaultSecurityManager - Context already contains a SecurityManager instance.  Returning.
[Test worker] TRACE org.apache.shiro.subject.support.DelegatingSubject - attempting to get session; create = false; session is null = true; session has id = false
[Test worker] DEBUG org.apache.shiro.subject.support.DefaultSubjectContext - No SecurityManager available in subject context map.  Falling back to SecurityUtils.getSecurityManager() lookup.
[Test worker] TRACE org.apache.shiro.util.ThreadContext - get() - in thread [Test worker]
[Test worker] TRACE org.apache.shiro.subject.support.DelegatingSubject - attempting to get session; create = false; session is null = true; session has id = false
[Test worker] TRACE org.apache.shiro.subject.support.DelegatingSubject - attempting to get session; create = false; session is null = true; session has id = false
[Test worker] TRACE org.apache.shiro.subject.support.DelegatingSubject - attempting to get session; create = false; session is null = true; session has id = false
[Test worker] TRACE org.apache.shiro.subject.support.DelegatingSubject - attempting to get session; create = false; session is null = true; session has id = false
[Test worker] TRACE org.apache.shiro.subject.support.DelegatingSubject - attempting to get session; create = false; session is null = true; session has id = false
[Test worker] TRACE org.apache.shiro.subject.support.DelegatingSubject - attempting to get session; create = false; session is null = true; session has id = false
[Test worker] TRACE org.apache.shiro.subject.support.DelegatingSubject - attempting to get session; create = true; session is null = true; session has id = false
[Test worker] TRACE org.apache.shiro.subject.support.DelegatingSubject - Starting session for host null
[Test worker] DEBUG org.apache.shiro.session.mgt.AbstractValidatingSessionManager - No sessionValidationScheduler set.  Attempting to create default instance.
[Test worker] TRACE org.apache.shiro.session.mgt.AbstractValidatingSessionManager - Created default SessionValidationScheduler instance of type [org.apache.shiro.session.mgt.ExecutorServiceSessionValidationScheduler].
[Test worker] INFO org.apache.shiro.session.mgt.AbstractValidatingSessionManager - Enabling session validation scheduler...
[Test worker] TRACE org.apache.shiro.session.mgt.DefaultSessionManager - Creating session for host null
[Test worker] DEBUG org.apache.shiro.session.mgt.DefaultSessionManager - Creating new EIS record for new session instance [org.apache.shiro.session.mgt.SimpleSession,id=null]
[Test worker] TRACE org.apache.shiro.session.mgt.AbstractValidatingSessionManager - Attempting to retrieve session with key org.apache.shiro.session.mgt.DefaultSessionKey@7cad15ca
[Test worker] TRACE org.apache.shiro.subject.support.DelegatingSubject - attempting to get session; create = false; session is null = false; session has id = true
[Test worker] TRACE org.apache.shiro.session.mgt.AbstractValidatingSessionManager - Attempting to retrieve session with key org.apache.shiro.session.mgt.DefaultSessionKey@7cad15ca
[Test worker] TRACE org.apache.shiro.session.mgt.AbstractValidatingSessionManager - Attempting to retrieve session with key org.apache.shiro.session.mgt.DefaultSessionKey@7cad15ca
[Test worker] TRACE org.apache.shiro.mgt.DefaultSecurityManager - This org.apache.shiro.mgt.DefaultSecurityManager instance does not have a [org.apache.shiro.mgt.RememberMeManager] instance configured.  RememberMe services will not be performed for account [root].
[Test worker] TRACE org.apache.shiro.subject.support.DelegatingSubject - attempting to get session; create = false; session is null = false; session has id = true
[Test worker] TRACE griffon.util.CompositeResourceBundle - Searching key=griffon.disable.threading.injection
[Test worker] TRACE griffon.util.CompositeResourceBundle - Searching key=griffon
[Test worker] DEBUG org.codehaus.griffon.runtime.core.controller.AbstractActionManager - Executing com.acme.ShiroController.roles with policy OUTSIDE_UITHREAD
[Test worker] DEBUG org.codehaus.griffon.runtime.core.controller.AbstractActionManager - Executing 1 interceptor for com.acme.ShiroController.roles
[Test worker] TRACE org.codehaus.griffon.runtime.core.controller.AbstractActionManager - Calling org.codehaus.griffon.runtime.shiro.ShiroActionInterceptor@4c31ca45.before() on com.acme.ShiroController.roles
[Test worker] DEBUG org.codehaus.griffon.runtime.shiro.ShiroActionInterceptor - Evaluating security requirement RequirementConfiguration{requirement=ROLES, values=[manager], logical=AND}
[Test worker] TRACE org.apache.shiro.subject.support.DelegatingSubject - attempting to get session; create = false; session is null = false; session has id = true
[Test worker] TRACE org.apache.shiro.session.mgt.AbstractValidatingSessionManager - Attempting to retrieve session with key org.apache.shiro.session.mgt.DefaultSessionKey@7cad15ca
[Test worker] TRACE org.apache.shiro.subject.support.DelegatingSubject - attempting to get session; create = false; session is null = false; session has id = true
[Test worker] TRACE org.apache.shiro.session.mgt.AbstractValidatingSessionManager - Attempting to retrieve session with key org.apache.shiro.session.mgt.DefaultSessionKey@7cad15ca
[Test worker] TRACE org.apache.shiro.realm.AuthorizingRealm - Retrieving AuthorizationInfo for principals [root]
[Test worker] TRACE org.codehaus.griffon.runtime.core.controller.AbstractActionManager - Status before execution of com.acme.ShiroController.roles is OK
[Test worker] TRACE org.codehaus.griffon.runtime.core.controller.AbstractActionManager - Status after execution of com.acme.ShiroController.roles is OK
[Test worker] TRACE org.codehaus.griffon.runtime.core.controller.AbstractActionManager - Calling org.codehaus.griffon.runtime.shiro.ShiroActionInterceptor@4c31ca45.after() on com.acme.ShiroController.roles
[Test worker] TRACE org.apache.shiro.subject.support.DelegatingSubject - attempting to get session; create = false; session is null = false; session has id = true
[Test worker] TRACE org.apache.shiro.session.mgt.AbstractValidatingSessionManager - Attempting to retrieve session with key org.apache.shiro.session.mgt.DefaultSessionKey@7cad15ca
[Test worker] TRACE org.apache.shiro.subject.support.DelegatingSubject - attempting to get session; create = false; session is null = false; session has id = true
[Test worker] TRACE org.apache.shiro.session.mgt.AbstractValidatingSessionManager - Attempting to retrieve session with key org.apache.shiro.session.mgt.DefaultSessionKey@7cad15ca
[Test worker] DEBUG org.apache.shiro.mgt.DefaultSecurityManager - Logging out subject with primary principal root
[Test worker] TRACE org.apache.shiro.realm.CachingRealm - Cleared cache entries for account with principals [root]
[Test worker] TRACE org.apache.shiro.subject.support.DelegatingSubject - attempting to get session; create = false; session is null = false; session has id = true
[Test worker] TRACE org.apache.shiro.session.mgt.AbstractValidatingSessionManager - Attempting to retrieve session with key org.apache.shiro.session.mgt.DefaultSessionKey@7cad15ca
[Test worker] TRACE org.apache.shiro.session.mgt.AbstractValidatingSessionManager - Attempting to retrieve session with key org.apache.shiro.session.mgt.DefaultSessionKey@7cad15ca
[Test worker] TRACE org.apache.shiro.subject.support.DelegatingSubject - attempting to get session; create = false; session is null = false; session has id = true
[Test worker] TRACE org.apache.shiro.session.mgt.AbstractValidatingSessionManager - Attempting to retrieve session with key org.apache.shiro.session.mgt.DefaultSessionKey@7cad15ca
[Test worker] DEBUG org.apache.shiro.session.mgt.AbstractSessionManager - Stopping session with id [84af090d-a5ac-40aa-a0c9-2471deaadf3e]
[Test worker] DEBUG org.codehaus.griffon.runtime.core.event.AbstractEventRouter - Triggering event 'ShutdownRequested' synchronously
[Test worker] INFO org.codehaus.griffon.runtime.core.DefaultGriffonApplication - Shutdown is in process
[Test worker] DEBUG org.codehaus.griffon.runtime.core.DefaultGriffonApplication - Shutdown stage 1: notify all event listeners
[Test worker] DEBUG org.codehaus.griffon.runtime.core.event.AbstractEventRouter - Adding listener org.codehaus.griffon.runtime.core.AbstractGriffonApplication$1 on ShutdownStart
[Test worker] DEBUG org.codehaus.griffon.runtime.core.event.AbstractEventRouter - Triggering event 'ShutdownStart' synchronously
[Test worker] DEBUG org.codehaus.griffon.runtime.core.DefaultGriffonApplication - Shutdown stage 2: notify all shutdown handlers
[Test worker] DEBUG org.codehaus.griffon.runtime.core.DefaultGriffonApplication - Shutdown stage 3: destroy all MVC groups
[Test worker] DEBUG org.codehaus.griffon.runtime.core.DefaultGriffonApplication - Shutdown stage 4: execute Shutdown script
[Test worker] TRACE griffon.util.CompositeResourceBundle - Searching key=application.lifecycle.handler.disable
[Test worker] TRACE griffon.util.CompositeResourceBundle - Searching key=application
[Test worker] INFO org.codehaus.griffon.runtime.core.DefaultApplicationBootstrapper - Griffon 2.0.0.SNAPSHOT
[Test worker] INFO org.codehaus.griffon.runtime.core.DefaultApplicationBootstrapper - Build: 2014-03-07T17:17:07.720+0000
[Test worker] INFO org.codehaus.griffon.runtime.core.DefaultApplicationBootstrapper - JVM: 1.7.0_51 (Oracle Corporation 24.51-b03)
[Test worker] INFO org.codehaus.griffon.runtime.core.DefaultApplicationBootstrapper - OS: Linux 2.6.32-042stab084.25 amd64
[Test worker] DEBUG org.codehaus.griffon.runtime.core.DefaultApplicationBootstrapper - Creating module bindings
[Test worker] DEBUG griffon.util.AnnotationUtils - Current module order is [core, shiro, testApplicationBootstrapper$InnerClasses, testApplicationBootstrapper$Fields]
[Test worker] TRACE griffon.util.AnnotationUtils - Processing module 'core'
[Test worker] TRACE griffon.util.AnnotationUtils -   depends on '[]'
[Test worker] TRACE griffon.util.AnnotationUtils -   adding module 'core', since all dependencies have been added
[Test worker] TRACE griffon.util.AnnotationUtils - Processing module 'shiro'
[Test worker] TRACE griffon.util.AnnotationUtils -   depends on '[]'
[Test worker] TRACE griffon.util.AnnotationUtils -   adding module 'shiro', since all dependencies have been added
[Test worker] TRACE griffon.util.AnnotationUtils - Processing module 'testApplicationBootstrapper$InnerClasses'
[Test worker] TRACE griffon.util.AnnotationUtils -   depends on '[]'
[Test worker] TRACE griffon.util.AnnotationUtils -   adding module 'testApplicationBootstrapper$InnerClasses', since all dependencies have been added
[Test worker] TRACE griffon.util.AnnotationUtils - Processing module 'testApplicationBootstrapper$Fields'
[Test worker] TRACE griffon.util.AnnotationUtils -   depends on '[]'
[Test worker] TRACE griffon.util.AnnotationUtils -   adding module 'testApplicationBootstrapper$Fields', since all dependencies have been added
[Test worker] TRACE griffon.util.AnnotationUtils - module dependency ordering complete
[Test worker] DEBUG griffon.util.AnnotationUtils - computed module order is [core, shiro, testApplicationBootstrapper$InnerClasses, testApplicationBootstrapper$Fields]
[Test worker] DEBUG org.codehaus.griffon.runtime.core.DefaultApplicationBootstrapper - Loading module bindings from core:org.codehaus.griffon.runtime.core.DefaultApplicationModule@7d2394ac
[Test worker] DEBUG org.codehaus.griffon.runtime.core.DefaultApplicationBootstrapper - Loading module bindings from shiro:org.codehaus.griffon.runtime.shiro.ShiroModule@2af5e863
[Test worker] DEBUG org.codehaus.griffon.runtime.core.DefaultApplicationBootstrapper - Loading module bindings from testApplicationBootstrapper$InnerClasses:org.codehaus.griffon.runtime.core.TestApplicationBootstrapper$InnerClassesModule@766bd19d
[Test worker] DEBUG org.codehaus.griffon.runtime.core.DefaultApplicationBootstrapper - Loading module bindings from testApplicationBootstrapper$Fields:org.codehaus.griffon.runtime.core.TestApplicationBootstrapper$FieldsModule@208ed728
[Test worker] TRACE org.codehaus.griffon.runtime.core.DefaultApplicationBootstrapper - InstanceBinding[source=griffon.core.GriffonApplication, instance=org.codehaus.griffon.runtime.core.DefaultGriffonApplication@62eff55a, singleton=true]
[Test worker] TRACE org.codehaus.griffon.runtime.core.DefaultApplicationBootstrapper - TargetBinding[source=griffon.core.ApplicationClassLoader, target=org.codehaus.griffon.runtime.core.DefaultApplicationClassLoader, singleton=true]
[Test worker] TRACE org.codehaus.griffon.runtime.core.DefaultApplicationBootstrapper - TargetBinding[source=griffon.core.ApplicationConfigurer, target=org.codehaus.griffon.runtime.core.DefaultApplicationConfigurer, singleton=true]
[Test worker] TRACE org.codehaus.griffon.runtime.core.DefaultApplicationBootstrapper - TargetBinding[source=griffon.core.resources.ResourceHandler, target=org.codehaus.griffon.runtime.core.resources.DefaultResourceHandler, singleton=true]
[Test worker] TRACE org.codehaus.griffon.runtime.core.DefaultApplicationBootstrapper - TargetBinding[source=griffon.util.CompositeResourceBundleBuilder, target=org.codehaus.griffon.runtime.util.DefaultCompositeResourceBundleBuilder, singleton=true]
[Test worker] TRACE org.codehaus.griffon.runtime.core.DefaultApplicationBootstrapper - ProviderBinding[source=java.util.ResourceBundle, classifier=@javax.inject.Named(value=applicationResourceBundle), provider=org.codehaus.griffon.runtime.util.ResourceBundleProvider@77d51a74, singleton=true]
[Test worker] TRACE org.codehaus.griffon.runtime.core.DefaultApplicationBootstrapper - TargetBinding[source=griffon.core.Configuration, target=org.codehaus.griffon.runtime.core.DefaultConfiguration, singleton=true]
[Test worker] TRACE org.codehaus.griffon.runtime.core.DefaultApplicationBootstrapper - TargetBinding[source=griffon.core.ExecutorServiceManager, target=org.codehaus.griffon.runtime.core.DefaultExecutorServiceManager, singleton=true]
[Test worker] TRACE org.codehaus.griffon.runtime.core.DefaultApplicationBootstrapper - TargetBinding[source=griffon.core.event.EventRouter, classifier=@javax.inject.Named(value=applicationEventRouter), target=org.codehaus.griffon.runtime.core.event.DefaultEventRouter, singleton=true]
[Test worker] TRACE org.codehaus.griffon.runtime.core.DefaultApplicationBootstrapper - TargetBinding[source=griffon.core.event.EventRouter, target=org.codehaus.griffon.runtime.core.event.DefaultEventRouter, singleton=false]
[Test worker] TRACE org.codehaus.griffon.runtime.core.DefaultApplicationBootstrapper - ProviderBinding[source=griffon.core.resources.ResourceResolver, classifier=@javax.inject.Named(value=applicationResourceResolver), provider=org.codehaus.griffon.runtime.core.resources.ResourceResolverProvider@47bbf322, singleton=true]
[Test worker] TRACE org.codehaus.griffon.runtime.core.DefaultApplicationBootstrapper - ProviderBinding[source=griffon.core.i18n.MessageSource, classifier=@javax.inject.Named(value=applicationMessageSource), provider=org.codehaus.griffon.runtime.core.i18n.MessageSourceProvider@45761f9, singleton=true]
[Test worker] TRACE org.codehaus.griffon.runtime.core.DefaultApplicationBootstrapper - TargetBinding[source=griffon.core.resources.ResourceInjector, classifier=@javax.inject.Named(value=applicationResourceInjector), target=org.codehaus.griffon.runtime.core.resources.DefaultApplicationResourceInjector, singleton=true]
[Test worker] TRACE org.codehaus.griffon.runtime.core.DefaultApplicationBootstrapper - TargetBinding[source=griffon.core.threading.UIThreadManager, target=org.codehaus.griffon.runtime.core.threading.DefaultUIThreadManager, singleton=true]
[Test worker] TRACE org.codehaus.griffon.runtime.core.DefaultApplicationBootstrapper - TargetBinding[source=griffon.core.mvc.MVCGroupManager, target=org.codehaus.griffon.runtime.core.mvc.DefaultMVCGroupManager, singleton=true]
[Test worker] TRACE org.codehaus.griffon.runtime.core.DefaultApplicationBootstrapper - ProviderBinding[source=griffon.core.LifecycleHandler, classifier=@javax.inject.Named(value=Initialize), provider=org.codehaus.griffon.runtime.core.LifecycleHandlerProvider@4e124a9, singleton=true]
[Test worker] TRACE org.codehaus.griffon.runtime.core.DefaultApplicationBootstrapper - ProviderBinding[source=griffon.core.LifecycleHandler, classifier=@javax.inject.Named(value=Startup), provider=org.codehaus.griffon.runtime.core.LifecycleHandlerProvider@592dd5bf, singleton=true]
[Test worker] TRACE org.codehaus.griffon.runtime.core.DefaultApplicationBootstrapper - ProviderBinding[source=griffon.core.LifecycleHandler, classifier=@javax.inject.Named(value=Ready), provider=org.codehaus.griffon.runtime.core.LifecycleHandlerProvider@502c1c56, singleton=true]
[Test worker] TRACE org.codehaus.griffon.runtime.core.DefaultApplicationBootstrapper - ProviderBinding[source=griffon.core.LifecycleHandler, classifier=@javax.inject.Named(value=Shutdown), provider=org.codehaus.griffon.runtime.core.LifecycleHandlerProvider@7ff87b38, singleton=true]
[Test worker] TRACE org.codehaus.griffon.runtime.core.DefaultApplicationBootstrapper - ProviderBinding[source=griffon.core.LifecycleHandler, classifier=@javax.inject.Named(value=Stop), provider=org.codehaus.griffon.runtime.core.LifecycleHandlerProvider@1261db2b, singleton=true]
[Test worker] TRACE org.codehaus.griffon.runtime.core.DefaultApplicationBootstrapper - TargetBinding[source=griffon.core.view.WindowManager, target=org.codehaus.griffon.runtime.core.view.NoopWindowManager, singleton=true]
[Test worker] TRACE org.codehaus.griffon.runtime.core.DefaultApplicationBootstrapper - TargetBinding[source=griffon.core.controller.ActionManager, target=org.codehaus.griffon.runtime.core.controller.DefaultActionManager, singleton=true]
[Test worker] TRACE org.codehaus.griffon.runtime.core.DefaultApplicationBootstrapper - TargetBinding[source=griffon.core.artifact.ArtifactManager, target=org.codehaus.griffon.runtime.core.artifact.DefaultArtifactManager, singleton=true]
[Test worker] TRACE org.codehaus.griffon.runtime.core.DefaultApplicationBootstrapper - TargetBinding[source=griffon.core.artifact.ArtifactHandler, classifier=@griffon.inject.Typed(value=interface griffon.core.artifact.GriffonModel), target=org.codehaus.griffon.runtime.core.artifact.ModelArtifactHandler, singleton=true]
[Test worker] TRACE org.codehaus.griffon.runtime.core.DefaultApplicationBootstrapper - TargetBinding[source=griffon.core.artifact.ArtifactHandler, classifier=@griffon.inject.Typed(value=interface griffon.core.artifact.GriffonView), target=org.codehaus.griffon.runtime.core.artifact.ViewArtifactHandler, singleton=true]
[Test worker] TRACE org.codehaus.griffon.runtime.core.DefaultApplicationBootstrapper - TargetBinding[source=griffon.core.artifact.ArtifactHandler, classifier=@griffon.inject.Typed(value=interface griffon.core.artifact.GriffonController), target=org.codehaus.griffon.runtime.core.artifact.ControllerArtifactHandler, singleton=true]
[Test worker] TRACE org.codehaus.griffon.runtime.core.DefaultApplicationBootstrapper - TargetBinding[source=griffon.core.artifact.ArtifactHandler, classifier=@griffon.inject.Typed(value=interface griffon.core.artifact.GriffonService), target=org.codehaus.griffon.runtime.core.artifact.ServiceArtifactHandler, singleton=true]
[Test worker] TRACE org.codehaus.griffon.runtime.core.DefaultApplicationBootstrapper - ProviderTypeBinding[source=griffon.core.PlatformHandler, providerType=class org.codehaus.griffon.runtime.core.PlatformHandlerProvider, singleton=true]
[Test worker] TRACE org.codehaus.griffon.runtime.core.DefaultApplicationBootstrapper - TargetBinding[source=griffon.core.addon.AddonManager, target=org.codehaus.griffon.runtime.core.addon.DefaultAddonManager, singleton=true]
[Test worker] TRACE org.codehaus.griffon.runtime.core.DefaultApplicationBootstrapper - TargetBinding[source=griffon.core.event.EventHandler, target=org.codehaus.griffon.runtime.core.event.DefaultEventHandler, singleton=true]
[Test worker] TRACE org.codehaus.griffon.runtime.core.DefaultApplicationBootstrapper - TargetBinding[source=griffon.core.GriffonExceptionHandler, target=griffon.core.GriffonExceptionHandler, singleton=true]
[Test worker] TRACE org.codehaus.griffon.runtime.core.DefaultApplicationBootstrapper - ProviderTypeBinding[source=org.apache.shiro.mgt.SecurityManager, providerType=class org.codehaus.griffon.runtime.shiro.SecurityManagerProvider, singleton=true]
[Test worker] TRACE org.codehaus.griffon.runtime.core.DefaultApplicationBootstrapper - ProviderTypeBinding[source=org.apache.shiro.subject.Subject, providerType=class org.codehaus.griffon.runtime.shiro.SubjectProvider, singleton=true]
[Test worker] TRACE org.codehaus.griffon.runtime.core.DefaultApplicationBootstrapper - TargetBinding[source=griffon.plugins.shiro.SecurityFailureHandler, target=org.codehaus.griffon.runtime.shiro.DefaultSecurityFailureHandler, singleton=true]
[Test worker] TRACE org.codehaus.griffon.runtime.core.DefaultApplicationBootstrapper - TargetBinding[source=griffon.core.controller.ActionInterceptor, target=org.codehaus.griffon.runtime.shiro.ShiroActionInterceptor, singleton=true]
[Test worker] DEBUG org.codehaus.griffon.runtime.core.DefaultApplicationBootstrapper - Creating application injector
[Test worker] DEBUG org.codehaus.griffon.runtime.core.DefaultApplicationBootstrapper - Injector will be created by org.codehaus.griffon.runtime.injection.GuiceInjectorFactory@2dd4708d
[Test worker] DEBUG org.codehaus.griffon.runtime.core.event.AbstractEventRouter - Adding listener org.codehaus.griffon.runtime.core.MVCGroupExceptionHandler on UncaughtMVCGroupConfigurationException
[Test worker] DEBUG org.codehaus.griffon.runtime.core.event.AbstractEventRouter - Adding listener org.codehaus.griffon.runtime.core.MVCGroupExceptionHandler on UncaughtMVCGroupInstantiationException
[Test worker] DEBUG org.codehaus.griffon.runtime.core.event.AbstractEventRouter - Triggering event 'BootstrapStart' synchronously
[Test worker] DEBUG griffon.util.ServiceLoaderUtils - Reading java.beans.PropertyEditor definitions from jar:file:/home/travis/build/griffon/griffon/subprojects/griffon-core/build/libs/griffon-core-2.0.0.SNAPSHOT.jar!/META-INF/editors/java.beans.PropertyEditor
[Test worker] DEBUG org.codehaus.griffon.runtime.core.DefaultApplicationConfigurer - Registering griffon.core.editors.StringPropertyEditor as editor for java.lang.String
[Test worker] DEBUG org.codehaus.griffon.runtime.core.DefaultApplicationConfigurer - Registering griffon.core.editors.FilePropertyEditor as editor for java.io.File
[Test worker] DEBUG org.codehaus.griffon.runtime.core.DefaultApplicationConfigurer - Registering griffon.core.editors.URLPropertyEditor as editor for java.net.URL
[Test worker] DEBUG org.codehaus.griffon.runtime.core.DefaultApplicationConfigurer - Registering griffon.core.editors.URIPropertyEditor as editor for java.net.URI
[Test worker] DEBUG org.codehaus.griffon.runtime.core.DefaultApplicationConfigurer - Registering griffon.core.editors.BigDecimalPropertyEditor as editor for java.math.BigDecimal
[Test worker] DEBUG org.codehaus.griffon.runtime.core.DefaultApplicationConfigurer - Registering griffon.core.editors.BigIntegerPropertyEditor as editor for java.math.BigInteger
[Test worker] DEBUG org.codehaus.griffon.runtime.core.DefaultApplicationConfigurer - Registering griffon.core.editors.BooleanPropertyEditor as editor for java.lang.Boolean
[Test worker] DEBUG org.codehaus.griffon.runtime.core.DefaultApplicationConfigurer - Registering griffon.core.editors.BytePropertyEditor as editor for java.lang.Byte
[Test worker] DEBUG org.codehaus.griffon.runtime.core.DefaultApplicationConfigurer - Registering griffon.core.editors.ShortPropertyEditor as editor for java.lang.Short
[Test worker] DEBUG org.codehaus.griffon.runtime.core.DefaultApplicationConfigurer - Registering griffon.core.editors.IntegerPropertyEditor as editor for java.lang.Integer
[Test worker] DEBUG org.codehaus.griffon.runtime.core.DefaultApplicationConfigurer - Registering griffon.core.editors.LongPropertyEditor as editor for java.lang.Long
[Test worker] DEBUG org.codehaus.griffon.runtime.core.DefaultApplicationConfigurer - Registering griffon.core.editors.FloatPropertyEditor as editor for java.lang.Float
[Test worker] DEBUG org.codehaus.griffon.runtime.core.DefaultApplicationConfigurer - Registering griffon.core.editors.DoublePropertyEditor as editor for java.lang.Double
[Test worker] DEBUG org.codehaus.griffon.runtime.core.DefaultApplicationConfigurer - Registering griffon.core.editors.CalendarPropertyEditor as editor for java.util.Calendar
[Test worker] DEBUG org.codehaus.griffon.runtime.core.DefaultApplicationConfigurer - Registering griffon.core.editors.DatePropertyEditor as editor for java.util.Date
[Test worker] DEBUG org.codehaus.griffon.runtime.core.DefaultApplicationConfigurer - Registering griffon.core.editors.BooleanPropertyEditor as editor for boolean
[Test worker] DEBUG org.codehaus.griffon.runtime.core.DefaultApplicationConfigurer - Registering griffon.core.editors.BytePropertyEditor as editor for byte
[Test worker] DEBUG org.codehaus.griffon.runtime.core.DefaultApplicationConfigurer - Registering griffon.core.editors.ShortPropertyEditor as editor for short
[Test worker] DEBUG org.codehaus.griffon.runtime.core.DefaultApplicationConfigurer - Registering griffon.core.editors.IntegerPropertyEditor as editor for int
[Test worker] DEBUG org.codehaus.griffon.runtime.core.DefaultApplicationConfigurer - Registering griffon.core.editors.LongPropertyEditor as editor for long
[Test worker] DEBUG org.codehaus.griffon.runtime.core.DefaultApplicationConfigurer - Registering griffon.core.editors.FloatPropertyEditor as editor for float
[Test worker] DEBUG org.codehaus.griffon.runtime.core.DefaultApplicationConfigurer - Registering griffon.core.editors.DoublePropertyEditor as editor for double
[Test worker] DEBUG org.codehaus.griffon.runtime.core.event.AbstractEventRouter - Adding listener org.codehaus.griffon.runtime.core.DefaultApplicationConfigurer$2 on NewInstance
[Test worker] TRACE griffon.util.CompositeResourceBundle - Searching key=application.lifecycle.handler.disable
[Test worker] TRACE griffon.util.CompositeResourceBundle - Searching key=application
[Test worker] TRACE griffon.util.CompositeResourceBundle - Searching key=platform.handler.linux64
[Test worker] TRACE griffon.util.CompositeResourceBundle - Searching key=platform
[Test worker] DEBUG org.codehaus.griffon.runtime.core.PlatformHandlerProvider - Using org.codehaus.griffon.runtime.core.DefaultPlatformHandler as PlatformHandler
[Test worker] DEBUG org.codehaus.griffon.runtime.core.addon.AbstractAddonManager - Loading addons [START]
[Test worker] DEBUG griffon.util.AnnotationUtils - computed addon order is []
[Test worker] DEBUG org.codehaus.griffon.runtime.core.event.AbstractEventRouter - Triggering event 'LoadAddonsStart' synchronously
[Test worker] DEBUG org.codehaus.griffon.runtime.core.addon.AbstractAddonManager - Loading addons [END]
[Test worker] DEBUG org.codehaus.griffon.runtime.core.event.AbstractEventRouter - Triggering event 'LoadAddonsEnd' synchronously
[Test worker] TRACE griffon.util.CompositeResourceBundle - Searching key=mvcGroups
[Test worker] TRACE griffon.util.CompositeResourceBundle - Searching key=mvcGroups
[Test worker] DEBUG org.codehaus.griffon.runtime.core.event.AbstractEventRouter - Adding listener org.codehaus.griffon.runtime.core.DefaultApplicationConfigurer$3 on NewInstance
[Test worker] TRACE griffon.util.CompositeResourceBundle - Searching key=shiro.realm.resource.path
[Test worker] TRACE griffon.util.CompositeResourceBundle - Searching key=shiro
[Test worker] DEBUG org.apache.shiro.realm.text.PropertiesRealm - Loading user security information from file [classpath:shiro-users.properties]...
[Test worker] DEBUG org.apache.shiro.realm.text.PropertiesRealm - Opening input stream for path [classpath:shiro-users.properties]...
[Test worker] DEBUG org.apache.shiro.io.ResourceUtils - Opening resource from class path [shiro-users.properties]
[Test worker] DEBUG org.apache.shiro.realm.text.PropertiesRealm - Loading properties from path [classpath:shiro-users.properties]...
[Test worker] TRACE org.apache.shiro.realm.text.PropertiesRealm - Processing properties line - key: [user.joe], value: [joe,employee].
[Test worker] TRACE org.apache.shiro.realm.text.PropertiesRealm - Processing properties line - key: [user.bob], value: [bob,manager,employee].
[Test worker] TRACE org.apache.shiro.realm.text.PropertiesRealm - Processing properties line - key: [role.administrator], value: [*].
[Test worker] TRACE org.apache.shiro.realm.text.PropertiesRealm - Processing properties line - key: [role.manager], value: [user:write].
[Test worker] TRACE org.apache.shiro.realm.text.PropertiesRealm - Processing properties line - key: [user.root], value: [root,administrator,manager].
[Test worker] TRACE org.apache.shiro.realm.text.PropertiesRealm - Processing properties line - key: [role.employee], value: [user:read].
[Test worker] TRACE org.apache.shiro.util.ThreadContext - get() - in thread [Test worker]
[Test worker] TRACE org.apache.shiro.util.ThreadContext - Retrieved value of type [org.apache.shiro.subject.support.DelegatingSubject] for key [org.apache.shiro.util.ThreadContext_SUBJECT_KEY] bound to thread [Test worker]
[Test worker] TRACE griffon.util.CompositeResourceBundle - Searching key=griffon.controller.action.interceptor.order
[Test worker] TRACE griffon.util.CompositeResourceBundle - Searching key=griffon
[Test worker] DEBUG griffon.util.AnnotationUtils - Current interceptor order is [shiro]
[Test worker] TRACE griffon.util.AnnotationUtils - Processing interceptor 'shiro'
[Test worker] TRACE griffon.util.AnnotationUtils -   depends on '[]'
[Test worker] TRACE griffon.util.AnnotationUtils -   adding interceptor 'shiro', since all dependencies have been added
[Test worker] TRACE griffon.util.AnnotationUtils - interceptor dependency ordering complete
[Test worker] DEBUG griffon.util.AnnotationUtils - computed interceptor order is [shiro]
[Test worker] DEBUG org.codehaus.griffon.runtime.core.artifact.AbstractArtifactManager - Registering artifact handler for type 'model': org.codehaus.griffon.runtime.core.artifact.ModelArtifactHandler@451e01b1
[Test worker] DEBUG org.codehaus.griffon.runtime.core.artifact.AbstractArtifactManager - Registering artifact handler for type 'view': org.codehaus.griffon.runtime.core.artifact.ViewArtifactHandler@35012eea
[Test worker] DEBUG org.codehaus.griffon.runtime.core.artifact.AbstractArtifactManager - Registering artifact handler for type 'controller': org.codehaus.griffon.runtime.core.artifact.ControllerArtifactHandler@60af1fd5
[Test worker] DEBUG org.codehaus.griffon.runtime.core.artifact.AbstractArtifactManager - Registering artifact handler for type 'service': org.codehaus.griffon.runtime.core.artifact.ServiceArtifactHandler@9530a8a
[Test worker] DEBUG griffon.util.ServiceLoaderUtils - Reading griffon.core.artifact.GriffonController definitions from file:/home/travis/build/griffon/griffon/plugins/griffon-shiro-plugin/build/classes/test/META-INF/griffon/griffon.core.artifact.GriffonController
[Test worker] DEBUG griffon.util.ServiceLoaderUtils - Reading griffon.core.artifact.GriffonModel definitions from file:/home/travis/build/griffon/griffon/plugins/griffon-shiro-plugin/build/classes/test/META-INF/griffon/griffon.core.artifact.GriffonModel
[Test worker] DEBUG org.codehaus.griffon.runtime.core.artifact.DefaultArtifactManager - Artifacts of type 'controller' = 1
[Test worker] DEBUG org.codehaus.griffon.runtime.core.artifact.DefaultArtifactManager - Artifacts of type 'model' = 1
[Test worker] TRACE org.codehaus.griffon.runtime.core.artifact.AbstractArtifactManager - InstanceBinding[source=griffon.core.artifact.GriffonClass, classifier=@griffon.inject.Typed(value=class com.acme.ShiroController), instance=Artifact[controller] > Shiro, singleton=true]
[Test worker] TRACE org.codehaus.griffon.runtime.core.artifact.AbstractArtifactManager - TargetBinding[source=com.acme.ShiroController, target=com.acme.ShiroController, singleton=false]
[Test worker] TRACE org.codehaus.griffon.runtime.core.artifact.AbstractArtifactManager - InstanceBinding[source=griffon.core.artifact.GriffonClass, classifier=@griffon.inject.Typed(value=class com.acme.ShiroModel), instance=Artifact[model] > Shiro, singleton=true]
[Test worker] TRACE org.codehaus.griffon.runtime.core.artifact.AbstractArtifactManager - TargetBinding[source=com.acme.ShiroModel, target=com.acme.ShiroModel, singleton=false]
[Test worker] DEBUG org.codehaus.griffon.runtime.core.event.AbstractEventRouter - Triggering event 'BootstrapEnd' synchronously
[Test worker] DEBUG org.codehaus.griffon.runtime.core.artifact.AbstractArtifactManager - Searching for griffonClass of com.acme.ShiroController
[Test worker] DEBUG org.codehaus.griffon.runtime.core.event.AbstractEventRouter - Triggering event 'NewInstance' synchronously
[Test worker] DEBUG org.codehaus.griffon.runtime.core.artifact.AbstractArtifactManager - Searching for griffonClass of com.acme.ShiroController
[Test worker] TRACE griffon.util.CompositeResourceBundle - Searching key=com.acme.ShiroController.action.Authenticated.name
[Test worker] TRACE griffon.util.CompositeResourceBundle - Searching key=application.action.Authenticated.name
[Test worker] TRACE org.codehaus.griffon.runtime.core.controller.AbstractActionManager - com.acme.ShiroController.action.Authenticated.name = Authenticated
[Test worker] DEBUG org.codehaus.griffon.runtime.core.controller.AbstractActionManager - Configuring action com.acme.ShiroController.authenticated with org.codehaus.griffon.runtime.shiro.ShiroActionInterceptor@5f0bbc94
[Test worker] TRACE org.codehaus.griffon.runtime.core.controller.AbstractActionManager - Action for com.acme.ShiroController.authenticated stored as authenticated
[Test worker] TRACE griffon.util.CompositeResourceBundle - Searching key=com.acme.ShiroController.action.Guest.name
[Test worker] TRACE griffon.util.CompositeResourceBundle - Searching key=application.action.Guest.name
[Test worker] TRACE org.codehaus.griffon.runtime.core.controller.AbstractActionManager - com.acme.ShiroController.action.Guest.name = Guest
[Test worker] DEBUG org.codehaus.griffon.runtime.core.controller.AbstractActionManager - Configuring action com.acme.ShiroController.guest with org.codehaus.griffon.runtime.shiro.ShiroActionInterceptor@5f0bbc94
[Test worker] TRACE org.codehaus.griffon.runtime.core.controller.AbstractActionManager - Action for com.acme.ShiroController.guest stored as guest
[Test worker] TRACE griffon.util.CompositeResourceBundle - Searching key=com.acme.ShiroController.action.Permissions.name
[Test worker] TRACE griffon.util.CompositeResourceBundle - Searching key=application.action.Permissions.name
[Test worker] TRACE org.codehaus.griffon.runtime.core.controller.AbstractActionManager - com.acme.ShiroController.action.Permissions.name = Permissions
[Test worker] DEBUG org.codehaus.griffon.runtime.core.controller.AbstractActionManager - Configuring action com.acme.ShiroController.permissions with org.codehaus.griffon.runtime.shiro.ShiroActionInterceptor@5f0bbc94
[Test worker] TRACE org.codehaus.griffon.runtime.core.controller.AbstractActionManager - Action for com.acme.ShiroController.permissions stored as permissions
[Test worker] TRACE griffon.util.CompositeResourceBundle - Searching key=com.acme.ShiroController.action.Roles.name
[Test worker] TRACE griffon.util.CompositeResourceBundle - Searching key=application.action.Roles.name
[Test worker] TRACE org.codehaus.griffon.runtime.core.controller.AbstractActionManager - com.acme.ShiroController.action.Roles.name = Roles
[Test worker] DEBUG org.codehaus.griffon.runtime.core.controller.AbstractActionManager - Configuring action com.acme.ShiroController.roles with org.codehaus.griffon.runtime.shiro.ShiroActionInterceptor@5f0bbc94
[Test worker] TRACE org.codehaus.griffon.runtime.core.controller.AbstractActionManager - Action for com.acme.ShiroController.roles stored as roles
[Test worker] TRACE griffon.util.CompositeResourceBundle - Searching key=com.acme.ShiroController.action.User.name
[Test worker] TRACE griffon.util.CompositeResourceBundle - Searching key=application.action.User.name
[Test worker] TRACE org.codehaus.griffon.runtime.core.controller.AbstractActionManager - com.acme.ShiroController.action.User.name = User
[Test worker] DEBUG org.codehaus.griffon.runtime.core.controller.AbstractActionManager - Configuring action com.acme.ShiroController.user with org.codehaus.griffon.runtime.shiro.ShiroActionInterceptor@5f0bbc94
[Test worker] TRACE org.codehaus.griffon.runtime.core.controller.AbstractActionManager - Action for com.acme.ShiroController.user stored as user
[Test worker] DEBUG org.codehaus.griffon.runtime.core.artifact.AbstractArtifactManager - Searching for griffonClass of com.acme.ShiroModel
[Test worker] DEBUG org.codehaus.griffon.runtime.core.event.AbstractEventRouter - Triggering event 'NewInstance' synchronously
[Test worker] TRACE org.apache.shiro.subject.support.DelegatingSubject - attempting to get session; create = false; session is null = true; session has id = false
[Test worker] TRACE org.apache.shiro.authc.AbstractAuthenticator - Authentication attempt received for token [org.apache.shiro.authc.UsernamePasswordToken - root, rememberMe=false]
[Test worker] DEBUG org.apache.shiro.realm.AuthenticatingRealm - Looked up AuthenticationInfo [root] from doGetAuthenticationInfo
[Test worker] DEBUG org.apache.shiro.realm.AuthenticatingRealm - AuthenticationInfo caching is disabled for info [root].  Submitted token: [org.apache.shiro.authc.UsernamePasswordToken - root, rememberMe=false].
[Test worker] DEBUG org.apache.shiro.authc.credential.SimpleCredentialsMatcher - Performing credentials equality check for tokenCredentials of type [[C and accountCredentials of type [java.lang.String]
[Test worker] DEBUG org.apache.shiro.authc.credential.SimpleCredentialsMatcher - Both credentials arguments can be easily converted to byte arrays.  Performing array equals comparison
[Test worker] DEBUG org.apache.shiro.authc.AbstractAuthenticator - Authentication successful for token [org.apache.shiro.authc.UsernamePasswordToken - root, rememberMe=false].  Returned account [root]
[Test worker] DEBUG org.apache.shiro.subject.support.DefaultSubjectContext - No SecurityManager available in subject context map.  Falling back to SecurityUtils.getSecurityManager() lookup.
[Test worker] TRACE org.apache.shiro.util.ThreadContext - get() - in thread [Test worker]
[Test worker] TRACE org.apache.shiro.mgt.DefaultSecurityManager - Context already contains a SecurityManager instance.  Returning.
[Test worker] TRACE org.apache.shiro.subject.support.DelegatingSubject - attempting to get session; create = false; session is null = true; session has id = false
[Test worker] DEBUG org.apache.shiro.subject.support.DefaultSubjectContext - No SecurityManager available in subject context map.  Falling back to SecurityUtils.getSecurityManager() lookup.
[Test worker] TRACE org.apache.shiro.util.ThreadContext - get() - in thread [Test worker]
[Test worker] TRACE org.apache.shiro.subject.support.DelegatingSubject - attempting to get session; create = false; session is null = true; session has id = false
[Test worker] TRACE org.apache.shiro.subject.support.DelegatingSubject - attempting to get session; create = false; session is null = true; session has id = false
[Test worker] TRACE org.apache.shiro.subject.support.DelegatingSubject - attempting to get session; create = false; session is null = true; session has id = false
[Test worker] TRACE org.apache.shiro.subject.support.DelegatingSubject - attempting to get session; create = false; session is null = true; session has id = false
[Test worker] TRACE org.apache.shiro.subject.support.DelegatingSubject - attempting to get session; create = false; session is null = true; session has id = false
[Test worker] TRACE org.apache.shiro.subject.support.DelegatingSubject - attempting to get session; create = false; session is null = true; session has id = false
[Test worker] TRACE org.apache.shiro.subject.support.DelegatingSubject - attempting to get session; create = true; session is null = true; session has id = false
[Test worker] TRACE org.apache.shiro.subject.support.DelegatingSubject - Starting session for host null
[Test worker] DEBUG org.apache.shiro.session.mgt.AbstractValidatingSessionManager - No sessionValidationScheduler set.  Attempting to create default instance.
[Test worker] TRACE org.apache.shiro.session.mgt.AbstractValidatingSessionManager - Created default SessionValidationScheduler instance of type [org.apache.shiro.session.mgt.ExecutorServiceSessionValidationScheduler].
[Test worker] INFO org.apache.shiro.session.mgt.AbstractValidatingSessionManager - Enabling session validation scheduler...
[Test worker] TRACE org.apache.shiro.session.mgt.DefaultSessionManager - Creating session for host null
[Test worker] DEBUG org.apache.shiro.session.mgt.DefaultSessionManager - Creating new EIS record for new session instance [org.apache.shiro.session.mgt.SimpleSession,id=null]
[Test worker] TRACE org.apache.shiro.session.mgt.AbstractValidatingSessionManager - Attempting to retrieve session with key org.apache.shiro.session.mgt.DefaultSessionKey@42bab618
[Test worker] TRACE org.apache.shiro.subject.support.DelegatingSubject - attempting to get session; create = false; session is null = false; session has id = true
[Test worker] TRACE org.apache.shiro.session.mgt.AbstractValidatingSessionManager - Attempting to retrieve session with key org.apache.shiro.session.mgt.DefaultSessionKey@42bab618
[Test worker] TRACE org.apache.shiro.session.mgt.AbstractValidatingSessionManager - Attempting to retrieve session with key org.apache.shiro.session.mgt.DefaultSessionKey@42bab618
[Test worker] TRACE org.apache.shiro.mgt.DefaultSecurityManager - This org.apache.shiro.mgt.DefaultSecurityManager instance does not have a [org.apache.shiro.mgt.RememberMeManager] instance configured.  RememberMe services will not be performed for account [root].
[Test worker] TRACE org.apache.shiro.subject.support.DelegatingSubject - attempting to get session; create = false; session is null = false; session has id = true
[Test worker] TRACE griffon.util.CompositeResourceBundle - Searching key=griffon.disable.threading.injection
[Test worker] TRACE griffon.util.CompositeResourceBundle - Searching key=griffon
[Test worker] DEBUG org.codehaus.griffon.runtime.core.controller.AbstractActionManager - Executing com.acme.ShiroController.permissions with policy OUTSIDE_UITHREAD
[Test worker] DEBUG org.codehaus.griffon.runtime.core.controller.AbstractActionManager - Executing 1 interceptor for com.acme.ShiroController.permissions
[Test worker] TRACE org.codehaus.griffon.runtime.core.controller.AbstractActionManager - Calling org.codehaus.griffon.runtime.shiro.ShiroActionInterceptor@5f0bbc94.before() on com.acme.ShiroController.permissions
[Test worker] DEBUG org.codehaus.griffon.runtime.shiro.ShiroActionInterceptor - Evaluating security requirement RequirementConfiguration{requirement=PERMISSIONS, values=[user:write], logical=AND}
[Test worker] TRACE org.apache.shiro.subject.support.DelegatingSubject - attempting to get session; create = false; session is null = false; session has id = true
[Test worker] TRACE org.apache.shiro.session.mgt.AbstractValidatingSessionManager - Attempting to retrieve session with key org.apache.shiro.session.mgt.DefaultSessionKey@42bab618
[Test worker] TRACE org.apache.shiro.subject.support.DelegatingSubject - attempting to get session; create = false; session is null = false; session has id = true
[Test worker] TRACE org.apache.shiro.session.mgt.AbstractValidatingSessionManager - Attempting to retrieve session with key org.apache.shiro.session.mgt.DefaultSessionKey@42bab618
[Test worker] TRACE org.apache.shiro.realm.AuthorizingRealm - Retrieving AuthorizationInfo for principals [root]
[Test worker] TRACE org.codehaus.griffon.runtime.core.controller.AbstractActionManager - Status before execution of com.acme.ShiroController.permissions is OK
[Test worker] TRACE org.codehaus.griffon.runtime.core.controller.AbstractActionManager - Status after execution of com.acme.ShiroController.permissions is OK
[Test worker] TRACE org.codehaus.griffon.runtime.core.controller.AbstractActionManager - Calling org.codehaus.griffon.runtime.shiro.ShiroActionInterceptor@5f0bbc94.after() on com.acme.ShiroController.permissions
[Test worker] TRACE org.apache.shiro.subject.support.DelegatingSubject - attempting to get session; create = false; session is null = false; session has id = true
[Test worker] TRACE org.apache.shiro.session.mgt.AbstractValidatingSessionManager - Attempting to retrieve session with key org.apache.shiro.session.mgt.DefaultSessionKey@42bab618
[Test worker] TRACE org.apache.shiro.subject.support.DelegatingSubject - attempting to get session; create = false; session is null = false; session has id = true
[Test worker] TRACE org.apache.shiro.session.mgt.AbstractValidatingSessionManager - Attempting to retrieve session with key org.apache.shiro.session.mgt.DefaultSessionKey@42bab618
[Test worker] DEBUG org.apache.shiro.mgt.DefaultSecurityManager - Logging out subject with primary principal root
[Test worker] TRACE org.apache.shiro.realm.CachingRealm - Cleared cache entries for account with principals [root]
[Test worker] TRACE org.apache.shiro.subject.support.DelegatingSubject - attempting to get session; create = false; session is null = false; session has id = true
[Test worker] TRACE org.apache.shiro.session.mgt.AbstractValidatingSessionManager - Attempting to retrieve session with key org.apache.shiro.session.mgt.DefaultSessionKey@42bab618
[Test worker] TRACE org.apache.shiro.session.mgt.AbstractValidatingSessionManager - Attempting to retrieve session with key org.apache.shiro.session.mgt.DefaultSessionKey@42bab618
[Test worker] TRACE org.apache.shiro.subject.support.DelegatingSubject - attempting to get session; create = false; session is null = false; session has id = true
[Test worker] TRACE org.apache.shiro.session.mgt.AbstractValidatingSessionManager - Attempting to retrieve session with key org.apache.shiro.session.mgt.DefaultSessionKey@42bab618
[Test worker] DEBUG org.apache.shiro.session.mgt.AbstractSessionManager - Stopping session with id [24c6ca52-1085-4578-838f-49c6af3077f3]
[Test worker] DEBUG org.codehaus.griffon.runtime.core.event.AbstractEventRouter - Triggering event 'ShutdownRequested' synchronously
[Test worker] INFO org.codehaus.griffon.runtime.core.DefaultGriffonApplication - Shutdown is in process
[Test worker] DEBUG org.codehaus.griffon.runtime.core.DefaultGriffonApplication - Shutdown stage 1: notify all event listeners
[Test worker] DEBUG org.codehaus.griffon.runtime.core.event.AbstractEventRouter - Adding listener org.codehaus.griffon.runtime.core.AbstractGriffonApplication$1 on ShutdownStart
[Test worker] DEBUG org.codehaus.griffon.runtime.core.event.AbstractEventRouter - Triggering event 'ShutdownStart' synchronously
[Test worker] DEBUG org.codehaus.griffon.runtime.core.DefaultGriffonApplication - Shutdown stage 2: notify all shutdown handlers
[Test worker] DEBUG org.codehaus.griffon.runtime.core.DefaultGriffonApplication - Shutdown stage 3: destroy all MVC groups
[Test worker] DEBUG org.codehaus.griffon.runtime.core.DefaultGriffonApplication - Shutdown stage 4: execute Shutdown script
[Test worker] TRACE griffon.util.CompositeResourceBundle - Searching key=application.lifecycle.handler.disable
[Test worker] TRACE griffon.util.CompositeResourceBundle - Searching key=application
]]></system-err>
</testsuite>
