<?xml version="1.0" encoding="UTF-8"?>
<testsuite name="org.codehaus.griffon.gradle.shadow.transformers.GriffonFileTransformerSpec" tests="2" skipped="0" failures="0" errors="0" timestamp="2014-07-16T15:02:04" hostname="testing-worker-linux-3-2-10231-linux-19-30078296" time="0.024">
  <properties/>
  <testcase name="Path META-INF/griffon can be transformed" classname="org.codehaus.griffon.gradle.shadow.transformers.GriffonFileTransformerSpec" time="0.02"/>
  <testcase name="Path META-INF/services can not be transformed" classname="org.codehaus.griffon.gradle.shadow.transformers.GriffonFileTransformerSpec" time="0.0"/>
  <system-out><![CDATA[]]></system-out>
  <system-err><![CDATA[]]></system-err>
</testsuite>
