<?xml version="1.0" encoding="UTF-8"?>
<testsuite name="org.codehaus.griffon.gradle.GriffonPluginWithAppliedEclipsePluginSpecification" tests="2" skipped="0" failures="0" errors="0" timestamp="2015-01-07T08:41:39" hostname="testing-worker-linux-7-1-28356-linux-11-46168204" time="0.016">
  <properties/>
  <testcase name="eclipse classpath plusConfigurations contains configuration ':compileOnly'" classname="org.codehaus.griffon.gradle.GriffonPluginWithAppliedEclipsePluginSpecification" time="0.015"/>
  <testcase name="eclipse classpath plusConfigurations contains configuration ':testCompileOnly'" classname="org.codehaus.griffon.gradle.GriffonPluginWithAppliedEclipsePluginSpecification" time="0.001"/>
  <system-out><![CDATA[08:41:38.416 [Test worker] DEBUG o.g.a.i.a.m.DefaultLocalMavenRepositoryLocator - No local repository in Settings file defined. Using default path: /home/travis/.m2/repository
]]></system-out>
  <system-err><![CDATA[SLF4J: Class path contains multiple SLF4J bindings.
SLF4J: Found binding in [jar:file:/home/travis/.gradle/wrapper/dists/gradle-2.1-bin/2pk0g2l49n2sbne636fhtlet6a/gradle-2.1/lib/logback-classic-1.0.13.jar!/org/slf4j/impl/StaticLoggerBinder.class]
SLF4J: Found binding in [jar:file:/home/travis/.gradle/caches/modules-2/files-2.1/org.slf4j/slf4j-simple/1.7.9/f918aa891c5402deb6b4dc82862699bb82602a2e/slf4j-simple-1.7.9.jar!/org/slf4j/impl/StaticLoggerBinder.class]
SLF4J: See http://www.slf4j.org/codes.html#multiple_bindings for an explanation.
SLF4J: Actual binding is of type [ch.qos.logback.classic.util.ContextSelectorStaticBinder]
]]></system-err>
</testsuite>
