<?xml version="1.0" encoding="UTF-8"?>
<testsuite name="org.codehaus.griffon.gradle.shadow.transformers.GriffonFileTransformerSpec" tests="2" skipped="0" failures="0" errors="0" timestamp="2014-07-19T11:08:13" hostname="testing-worker-linux-6-2-3820-linux-19-30337690" time="0.028">
  <properties/>
  <testcase name="Path META-INF/griffon can be transformed" classname="org.codehaus.griffon.gradle.shadow.transformers.GriffonFileTransformerSpec" time="0.026"/>
  <testcase name="Path META-INF/services can not be transformed" classname="org.codehaus.griffon.gradle.shadow.transformers.GriffonFileTransformerSpec" time="0.0"/>
  <system-out><![CDATA[]]></system-out>
  <system-err><![CDATA[]]></system-err>
</testsuite>
