<?xml version="1.0" encoding="UTF-8"?>
<testsuite name="org.codehaus.griffon.gradle.shadow.transformers.PropertiesFileTransformerSpec" tests="17" skipped="0" failures="0" errors="0" timestamp="2014-07-16T15:38:28" hostname="testing-worker-linux-4-2-3212-linux-7-30081874" time="0.303">
  <properties/>
  <testcase name="Path foo.properties can be transformed" classname="org.codehaus.griffon.gradle.shadow.transformers.PropertiesFileTransformerSpec" time="0.029"/>
  <testcase name="Path foo/bar.properties can be transformed" classname="org.codehaus.griffon.gradle.shadow.transformers.PropertiesFileTransformerSpec" time="0.002"/>
  <testcase name="Path foo.props can not be transformed" classname="org.codehaus.griffon.gradle.shadow.transformers.PropertiesFileTransformerSpec" time="0.003"/>
  <testcase name="excerciseAllTransformConfigurations[0]" classname="org.codehaus.griffon.gradle.shadow.transformers.PropertiesFileTransformerSpec" time="0.08"/>
  <testcase name="excerciseAllTransformConfigurations[1]" classname="org.codehaus.griffon.gradle.shadow.transformers.PropertiesFileTransformerSpec" time="0.004"/>
  <testcase name="excerciseAllTransformConfigurations[2]" classname="org.codehaus.griffon.gradle.shadow.transformers.PropertiesFileTransformerSpec" time="0.005"/>
  <testcase name="excerciseAllTransformConfigurations[3]" classname="org.codehaus.griffon.gradle.shadow.transformers.PropertiesFileTransformerSpec" time="0.004"/>
  <testcase name="excerciseAllTransformConfigurationsWithPaths[0]" classname="org.codehaus.griffon.gradle.shadow.transformers.PropertiesFileTransformerSpec" time="0.004"/>
  <testcase name="excerciseAllTransformConfigurationsWithPaths[1]" classname="org.codehaus.griffon.gradle.shadow.transformers.PropertiesFileTransformerSpec" time="0.045"/>
  <testcase name="excerciseAllTransformConfigurationsWithPaths[2]" classname="org.codehaus.griffon.gradle.shadow.transformers.PropertiesFileTransformerSpec" time="0.014"/>
  <testcase name="excerciseAllTransformConfigurationsWithPaths[3]" classname="org.codehaus.griffon.gradle.shadow.transformers.PropertiesFileTransformerSpec" time="0.003"/>
  <testcase name="excerciseAllTransformConfigurationsWithMappings[0]" classname="org.codehaus.griffon.gradle.shadow.transformers.PropertiesFileTransformerSpec" time="0.013"/>
  <testcase name="excerciseAllTransformConfigurationsWithMappings[1]" classname="org.codehaus.griffon.gradle.shadow.transformers.PropertiesFileTransformerSpec" time="0.003"/>
  <testcase name="excerciseAllTransformConfigurationsWithMappings[2]" classname="org.codehaus.griffon.gradle.shadow.transformers.PropertiesFileTransformerSpec" time="0.003"/>
  <testcase name="excerciseAllTransformConfigurationsWithMappings[3]" classname="org.codehaus.griffon.gradle.shadow.transformers.PropertiesFileTransformerSpec" time="0.003"/>
  <testcase name="excerciseAllTransformConfigurationsWithMappings[4]" classname="org.codehaus.griffon.gradle.shadow.transformers.PropertiesFileTransformerSpec" time="0.005"/>
  <testcase name="excerciseAllTransformConfigurationsWithMappings[5]" classname="org.codehaus.griffon.gradle.shadow.transformers.PropertiesFileTransformerSpec" time="0.002"/>
  <system-out><![CDATA[]]></system-out>
  <system-err><![CDATA[]]></system-err>
</testsuite>
