<?xml version="1.0" encoding="UTF-8"?>
<testsuite name="org.codehaus.griffon.gradle.shadow.transformers.PropertiesFileTransformerSpec" tests="17" skipped="0" failures="0" errors="0" timestamp="2014-07-16T20:35:21" hostname="testing-worker-linux-11-1-4315-linux-12-30108257" time="0.228">
  <properties/>
  <testcase name="Path foo.properties can be transformed" classname="org.codehaus.griffon.gradle.shadow.transformers.PropertiesFileTransformerSpec" time="0.034"/>
  <testcase name="Path foo/bar.properties can be transformed" classname="org.codehaus.griffon.gradle.shadow.transformers.PropertiesFileTransformerSpec" time="0.0"/>
  <testcase name="Path foo.props can not be transformed" classname="org.codehaus.griffon.gradle.shadow.transformers.PropertiesFileTransformerSpec" time="0.0"/>
  <testcase name="exerciseAllTransformConfigurations[0]" classname="org.codehaus.griffon.gradle.shadow.transformers.PropertiesFileTransformerSpec" time="0.071"/>
  <testcase name="exerciseAllTransformConfigurations[1]" classname="org.codehaus.griffon.gradle.shadow.transformers.PropertiesFileTransformerSpec" time="0.002"/>
  <testcase name="exerciseAllTransformConfigurations[2]" classname="org.codehaus.griffon.gradle.shadow.transformers.PropertiesFileTransformerSpec" time="0.004"/>
  <testcase name="exerciseAllTransformConfigurations[3]" classname="org.codehaus.griffon.gradle.shadow.transformers.PropertiesFileTransformerSpec" time="0.004"/>
  <testcase name="exerciseAllTransformConfigurationsWithPaths[0]" classname="org.codehaus.griffon.gradle.shadow.transformers.PropertiesFileTransformerSpec" time="0.003"/>
  <testcase name="exerciseAllTransformConfigurationsWithPaths[1]" classname="org.codehaus.griffon.gradle.shadow.transformers.PropertiesFileTransformerSpec" time="0.041"/>
  <testcase name="exerciseAllTransformConfigurationsWithPaths[2]" classname="org.codehaus.griffon.gradle.shadow.transformers.PropertiesFileTransformerSpec" time="0.014"/>
  <testcase name="exerciseAllTransformConfigurationsWithPaths[3]" classname="org.codehaus.griffon.gradle.shadow.transformers.PropertiesFileTransformerSpec" time="0.003"/>
  <testcase name="exerciseAllTransformConfigurationsWithMappings[0]" classname="org.codehaus.griffon.gradle.shadow.transformers.PropertiesFileTransformerSpec" time="0.011"/>
  <testcase name="exerciseAllTransformConfigurationsWithMappings[1]" classname="org.codehaus.griffon.gradle.shadow.transformers.PropertiesFileTransformerSpec" time="0.003"/>
  <testcase name="exerciseAllTransformConfigurationsWithMappings[2]" classname="org.codehaus.griffon.gradle.shadow.transformers.PropertiesFileTransformerSpec" time="0.002"/>
  <testcase name="exerciseAllTransformConfigurationsWithMappings[3]" classname="org.codehaus.griffon.gradle.shadow.transformers.PropertiesFileTransformerSpec" time="0.002"/>
  <testcase name="exerciseAllTransformConfigurationsWithMappings[4]" classname="org.codehaus.griffon.gradle.shadow.transformers.PropertiesFileTransformerSpec" time="0.004"/>
  <testcase name="exerciseAllTransformConfigurationsWithMappings[5]" classname="org.codehaus.griffon.gradle.shadow.transformers.PropertiesFileTransformerSpec" time="0.001"/>
  <system-out><![CDATA[]]></system-out>
  <system-err><![CDATA[]]></system-err>
</testsuite>
