<?xml version="1.0" encoding="UTF-8"?>
<testsuite name="org.codehaus.griffon.gradle.shadow.transformers.GriffonFileTransformerSpec" tests="2" skipped="0" failures="0" errors="0" timestamp="2014-07-22T09:38:59" hostname="testing-worker-linux-7-1-27312-linux-1-30535620" time="0.029">
  <properties/>
  <testcase name="Path META-INF/griffon can be transformed" classname="org.codehaus.griffon.gradle.shadow.transformers.GriffonFileTransformerSpec" time="0.026"/>
  <testcase name="Path META-INF/services can not be transformed" classname="org.codehaus.griffon.gradle.shadow.transformers.GriffonFileTransformerSpec" time="0.001"/>
  <system-out><![CDATA[]]></system-out>
  <system-err><![CDATA[]]></system-err>
</testsuite>
