<?xml version="1.0" encoding="UTF-8"?>
<testsuite name="org.codehaus.griffon.gradle.GriffonPluginWithAppliedEclipsePluginSpecification" tests="2" skipped="0" failures="0" errors="0" timestamp="2015-12-01T07:55:17" hostname="testing-worker-linux-77796cae-2-18880-linux-8-94110724" time="0.016">
  <properties/>
  <testcase name="eclipse classpath plusConfigurations contains configuration ':compileOnly'" classname="org.codehaus.griffon.gradle.GriffonPluginWithAppliedEclipsePluginSpecification" time="0.015"/>
  <testcase name="eclipse classpath plusConfigurations contains configuration ':testCompileOnly'" classname="org.codehaus.griffon.gradle.GriffonPluginWithAppliedEclipsePluginSpecification" time="0.001"/>
  <system-out><![CDATA[The plus(Iterable<FileCollection>) method and using the '+' operator in conjunction with an Iterable<FileCollection> object have been deprecated and are scheduled to be removed in 3.0.  Please use the plus(FileCollection) method or the '+' operator with a FileCollection object instead.
]]></system-out>
  <system-err><![CDATA[SLF4J: Class path contains multiple SLF4J bindings.
SLF4J: Found binding in [jar:file:/home/travis/.gradle/wrapper/dists/gradle-2.9-bin/ebaspjjvvkuki3ldbldx7hexd/gradle-2.9/lib/gradle-core-2.9.jar!/org/slf4j/impl/StaticLoggerBinder.class]
SLF4J: Found binding in [jar:file:/home/travis/.gradle/caches/modules-2/files-2.1/org.slf4j/slf4j-simple/1.7.13/8f0d8b5bf0ff295162360a0a5ebb9c945bd2b685/slf4j-simple-1.7.13.jar!/org/slf4j/impl/StaticLoggerBinder.class]
SLF4J: See http://www.slf4j.org/codes.html#multiple_bindings for an explanation.
SLF4J: Actual binding is of type [org.gradle.logging.internal.slf4j.OutputEventListenerBackedLoggerContext]
]]></system-err>
</testsuite>
