<?xml version="1.0" encoding="UTF-8"?>
<testsuite name="org.codehaus.griffon.gradle.GriffonPluginWithAppliedEclipsePluginSpecification" tests="2" skipped="0" failures="0" errors="0" timestamp="2014-10-29T09:41:42" hostname="testing-worker-linux-8-2-30776-linux-16-39361435" time="0.019">
  <properties/>
  <testcase name="eclipse classpath plusConfigurations contains configuration ':compileOnly'" classname="org.codehaus.griffon.gradle.GriffonPluginWithAppliedEclipsePluginSpecification" time="0.018"/>
  <testcase name="eclipse classpath plusConfigurations contains configuration ':testCompileOnly'" classname="org.codehaus.griffon.gradle.GriffonPluginWithAppliedEclipsePluginSpecification" time="0.0"/>
  <system-out><![CDATA[09:41:40.131 [Test worker] DEBUG o.g.a.i.a.m.DefaultLocalMavenRepositoryLocator - No local repository in Settings file defined. Using default path: /home/travis/.m2/repository
]]></system-out>
  <system-err><![CDATA[SLF4J: Class path contains multiple SLF4J bindings.
SLF4J: Found binding in [jar:file:/home/travis/.gradle/wrapper/dists/gradle-2.1-bin/2pk0g2l49n2sbne636fhtlet6a/gradle-2.1/lib/logback-classic-1.0.13.jar!/org/slf4j/impl/StaticLoggerBinder.class]
SLF4J: Found binding in [jar:file:/home/travis/.gradle/caches/modules-2/files-2.1/org.slf4j/slf4j-simple/1.7.7/8095d0b9f7e0a9cd79a663c740e0f8fb31d0e2c8/slf4j-simple-1.7.7.jar!/org/slf4j/impl/StaticLoggerBinder.class]
SLF4J: See http://www.slf4j.org/codes.html#multiple_bindings for an explanation.
SLF4J: Actual binding is of type [ch.qos.logback.classic.util.ContextSelectorStaticBinder]
]]></system-err>
</testsuite>
