<?xml version="1.0" encoding="UTF-8"?>
<testsuite name="org.codehaus.griffon.gradle.GriffonPluginWithAppliedEclipsePluginSpecification" tests="2" skipped="0" failures="0" errors="0" timestamp="2016-04-01T21:04:31" hostname="testing-gce-2dbbea57-b88c-42fc-8a03-fa9bb6f58189.c.travis-ci-prod-4.internal" time="0.015">
  <properties/>
  <testcase name="eclipse classpath plusConfigurations contains configuration ':compileOnly'" classname="org.codehaus.griffon.gradle.GriffonPluginWithAppliedEclipsePluginSpecification" time="0.014"/>
  <testcase name="eclipse classpath plusConfigurations contains configuration ':testCompileOnly'" classname="org.codehaus.griffon.gradle.GriffonPluginWithAppliedEclipsePluginSpecification" time="0.001"/>
  <system-out><![CDATA[The plus(Iterable<FileCollection>) method and using the '+' operator in conjunction with an Iterable<FileCollection> object have been deprecated and are scheduled to be removed in 3.0.  Please use the plus(FileCollection) method or the '+' operator with a FileCollection object instead.
]]></system-out>
  <system-err><![CDATA[SLF4J: Class path contains multiple SLF4J bindings.
SLF4J: Found binding in [jar:file:/home/travis/.gradle/wrapper/dists/gradle-2.12-bin/avhnk0p45wmm16bas931at19r/gradle-2.12/lib/gradle-core-2.12.jar!/org/slf4j/impl/StaticLoggerBinder.class]
SLF4J: Found binding in [jar:file:/home/travis/.gradle/caches/modules-2/files-2.1/org.slf4j/slf4j-simple/1.7.18/77fb286f849047a3edbb6e8f579736ef852a966d/slf4j-simple-1.7.18.jar!/org/slf4j/impl/StaticLoggerBinder.class]
SLF4J: See http://www.slf4j.org/codes.html#multiple_bindings for an explanation.
SLF4J: Actual binding is of type [org.gradle.logging.internal.slf4j.OutputEventListenerBackedLoggerContext]
]]></system-err>
</testsuite>
