<?xml version="1.0" encoding="UTF-8"?>
<testsuite name="org.codehaus.griffon.gradle.shadow.transformers.PropertiesFileTransformerSpec" tests="17" skipped="0" failures="0" errors="0" timestamp="2014-07-21T19:15:17" hostname="testing-worker-linux-10-1-30308-linux-13-30487792" time="0.309">
  <properties/>
  <testcase name="Path foo.properties can be transformed" classname="org.codehaus.griffon.gradle.shadow.transformers.PropertiesFileTransformerSpec" time="0.053"/>
  <testcase name="Path foo/bar.properties can be transformed" classname="org.codehaus.griffon.gradle.shadow.transformers.PropertiesFileTransformerSpec" time="0.0"/>
  <testcase name="Path foo.props can not be transformed" classname="org.codehaus.griffon.gradle.shadow.transformers.PropertiesFileTransformerSpec" time="0.0"/>
  <testcase name="exerciseAllTransformConfigurations[0]" classname="org.codehaus.griffon.gradle.shadow.transformers.PropertiesFileTransformerSpec" time="0.085"/>
  <testcase name="exerciseAllTransformConfigurations[1]" classname="org.codehaus.griffon.gradle.shadow.transformers.PropertiesFileTransformerSpec" time="0.003"/>
  <testcase name="exerciseAllTransformConfigurations[2]" classname="org.codehaus.griffon.gradle.shadow.transformers.PropertiesFileTransformerSpec" time="0.006"/>
  <testcase name="exerciseAllTransformConfigurations[3]" classname="org.codehaus.griffon.gradle.shadow.transformers.PropertiesFileTransformerSpec" time="0.004"/>
  <testcase name="exerciseAllTransformConfigurationsWithPaths[0]" classname="org.codehaus.griffon.gradle.shadow.transformers.PropertiesFileTransformerSpec" time="0.004"/>
  <testcase name="exerciseAllTransformConfigurationsWithPaths[1]" classname="org.codehaus.griffon.gradle.shadow.transformers.PropertiesFileTransformerSpec" time="0.055"/>
  <testcase name="exerciseAllTransformConfigurationsWithPaths[2]" classname="org.codehaus.griffon.gradle.shadow.transformers.PropertiesFileTransformerSpec" time="0.018"/>
  <testcase name="exerciseAllTransformConfigurationsWithPaths[3]" classname="org.codehaus.griffon.gradle.shadow.transformers.PropertiesFileTransformerSpec" time="0.005"/>
  <testcase name="exerciseAllTransformConfigurationsWithMappings[0]" classname="org.codehaus.griffon.gradle.shadow.transformers.PropertiesFileTransformerSpec" time="0.013"/>
  <testcase name="exerciseAllTransformConfigurationsWithMappings[1]" classname="org.codehaus.griffon.gradle.shadow.transformers.PropertiesFileTransformerSpec" time="0.003"/>
  <testcase name="exerciseAllTransformConfigurationsWithMappings[2]" classname="org.codehaus.griffon.gradle.shadow.transformers.PropertiesFileTransformerSpec" time="0.007"/>
  <testcase name="exerciseAllTransformConfigurationsWithMappings[3]" classname="org.codehaus.griffon.gradle.shadow.transformers.PropertiesFileTransformerSpec" time="0.004"/>
  <testcase name="exerciseAllTransformConfigurationsWithMappings[4]" classname="org.codehaus.griffon.gradle.shadow.transformers.PropertiesFileTransformerSpec" time="0.004"/>
  <testcase name="exerciseAllTransformConfigurationsWithMappings[5]" classname="org.codehaus.griffon.gradle.shadow.transformers.PropertiesFileTransformerSpec" time="0.003"/>
  <system-out><![CDATA[]]></system-out>
  <system-err><![CDATA[]]></system-err>
</testsuite>
