<?xml version="1.0" encoding="UTF-8"?>
<testsuite name="org.codehaus.griffon.gradle.GriffonPluginWithAppliedEclipsePluginSpecification" tests="2" skipped="0" failures="0" errors="0" timestamp="2015-10-25T18:17:59" hostname="testing-worker-linux-a01deac5-2-20554-linux-13-87338532" time="0.016">
  <properties/>
  <testcase name="eclipse classpath plusConfigurations contains configuration ':compileOnly'" classname="org.codehaus.griffon.gradle.GriffonPluginWithAppliedEclipsePluginSpecification" time="0.015"/>
  <testcase name="eclipse classpath plusConfigurations contains configuration ':testCompileOnly'" classname="org.codehaus.griffon.gradle.GriffonPluginWithAppliedEclipsePluginSpecification" time="0.0"/>
  <system-out><![CDATA[]]></system-out>
  <system-err><![CDATA[SLF4J: Class path contains multiple SLF4J bindings.
SLF4J: Found binding in [jar:file:/home/travis/.gradle/wrapper/dists/gradle-2.7-bin/4s0fcuuppw3tjb1sxpzh16mne/gradle-2.7/lib/gradle-core-2.7.jar!/org/slf4j/impl/StaticLoggerBinder.class]
SLF4J: Found binding in [jar:file:/home/travis/.gradle/caches/modules-2/files-2.1/org.slf4j/slf4j-simple/1.7.12/42db62298b899818ff17352cbc00050e940bbfb0/slf4j-simple-1.7.12.jar!/org/slf4j/impl/StaticLoggerBinder.class]
SLF4J: See http://www.slf4j.org/codes.html#multiple_bindings for an explanation.
SLF4J: Actual binding is of type [org.gradle.logging.internal.slf4j.OutputEventListenerBackedLoggerContext]
]]></system-err>
</testsuite>
