<?xml version="1.0" encoding="UTF-8"?>
<testsuite name="org.codehaus.griffon.gradle.GriffonPluginWithAppliedGroovyPluginSpecification" tests="6" skipped="0" failures="0" errors="0" timestamp="2016-07-18T19:03:07" hostname="testing-gce-55d92ea4-f937-416d-a5a7-5c1e7d15f34d.c.travis-ci-prod-5.internal" time="0.033">
  <properties/>
  <testcase name="sourceSets.main.groovy contains griffon-app/models" classname="org.codehaus.griffon.gradle.GriffonPluginWithAppliedGroovyPluginSpecification" time="0.02"/>
  <testcase name="sourceSets.main.groovy contains griffon-app/views" classname="org.codehaus.griffon.gradle.GriffonPluginWithAppliedGroovyPluginSpecification" time="0.001"/>
  <testcase name="sourceSets.main.groovy contains griffon-app/controllers" classname="org.codehaus.griffon.gradle.GriffonPluginWithAppliedGroovyPluginSpecification" time="0.004"/>
  <testcase name="sourceSets.main.groovy contains griffon-app/services" classname="org.codehaus.griffon.gradle.GriffonPluginWithAppliedGroovyPluginSpecification" time="0.002"/>
  <testcase name="sourceSets.main.groovy contains griffon-app/conf" classname="org.codehaus.griffon.gradle.GriffonPluginWithAppliedGroovyPluginSpecification" time="0.002"/>
  <testcase name="sourceSets.main.groovy contains griffon-app/lifecycle" classname="org.codehaus.griffon.gradle.GriffonPluginWithAppliedGroovyPluginSpecification" time="0.002"/>
  <system-out><![CDATA[]]></system-out>
  <system-err><![CDATA[SLF4J: Class path contains multiple SLF4J bindings.
SLF4J: Found binding in [jar:file:/home/travis/.gradle/caches/2.14/generated-gradle-jars/gradle-api-2.14.jar!/org/slf4j/impl/StaticLoggerBinder.class]
SLF4J: Found binding in [jar:file:/home/travis/.gradle/caches/modules-2/files-2.1/org.slf4j/slf4j-simple/1.7.21/be4b3c560a37e69b6c58278116740db28832232c/slf4j-simple-1.7.21.jar!/org/slf4j/impl/StaticLoggerBinder.class]
SLF4J: See http://www.slf4j.org/codes.html#multiple_bindings for an explanation.
SLF4J: Actual binding is of type [org.gradle.internal.logging.slf4j.OutputEventListenerBackedLoggerContext]
]]></system-err>
</testsuite>
