<?xml version="1.0" encoding="UTF-8"?>
<testsuite name="griffon.javafx.editors.Dimension2DPropertyEditorSpec" tests="31" skipped="0" failures="0" errors="0" timestamp="2016-09-26T20:28:20" hostname="testing-gce-e0d916ad-9926-4311-ac91-422ab9e2ca96" time="0.034">
  <properties/>
  <testcase name="Dimension2D format 'null' should be equal to #Error:dimension" classname="griffon.javafx.editors.Dimension2DPropertyEditorSpec" time="0.003"/>
  <testcase name="Dimension2D format '' should be equal to #Error:dimension" classname="griffon.javafx.editors.Dimension2DPropertyEditorSpec" time="0.0"/>
  <testcase name="Dimension2D format ' ' should be equal to #Error:dimension" classname="griffon.javafx.editors.Dimension2DPropertyEditorSpec" time="0.0"/>
  <testcase name="Dimension2D format '[]' should be equal to #Error:dimension" classname="griffon.javafx.editors.Dimension2DPropertyEditorSpec" time="0.0"/>
  <testcase name="Dimension2D format '[:]' should be equal to #Error:dimension" classname="griffon.javafx.editors.Dimension2DPropertyEditorSpec" time="0.0"/>
  <testcase name="Dimension2D format '10,20' should be equal to #Error:dimension" classname="griffon.javafx.editors.Dimension2DPropertyEditorSpec" time="0.0"/>
  <testcase name="Dimension2D format '10, 20' should be equal to #Error:dimension" classname="griffon.javafx.editors.Dimension2DPropertyEditorSpec" time="0.0"/>
  <testcase name="Dimension2D format ' 10, 20' should be equal to #Error:dimension" classname="griffon.javafx.editors.Dimension2DPropertyEditorSpec" time="0.0"/>
  <testcase name="Dimension2D format ' 10, 20 ' should be equal to #Error:dimension" classname="griffon.javafx.editors.Dimension2DPropertyEditorSpec" time="0.0"/>
  <testcase name="Dimension2D format '[10, 20]' should be equal to #Error:dimension" classname="griffon.javafx.editors.Dimension2DPropertyEditorSpec" time="0.001"/>
  <testcase name="Dimension2D format '[10, 20]' should be equal to #Error:dimension" classname="griffon.javafx.editors.Dimension2DPropertyEditorSpec" time="0.0"/>
  <testcase name="Dimension2D format '10' should be equal to #Error:dimension" classname="griffon.javafx.editors.Dimension2DPropertyEditorSpec" time="0.0"/>
  <testcase name="Dimension2D format '10' should be equal to #Error:dimension" classname="griffon.javafx.editors.Dimension2DPropertyEditorSpec" time="0.0"/>
  <testcase name="Dimension2D format '[10]' should be equal to #Error:dimension" classname="griffon.javafx.editors.Dimension2DPropertyEditorSpec" time="0.0"/>
  <testcase name="Dimension2D format '[10]' should be equal to #Error:dimension" classname="griffon.javafx.editors.Dimension2DPropertyEditorSpec" time="0.0"/>
  <testcase name="Dimension2D format '[width:10, height:20]' should be equal to #Error:dimension" classname="griffon.javafx.editors.Dimension2DPropertyEditorSpec" time="0.0"/>
  <testcase name="Dimension2D format '[width:10, height:20]' should be equal to #Error:dimension" classname="griffon.javafx.editors.Dimension2DPropertyEditorSpec" time="0.0"/>
  <testcase name="Dimension2D format '[w:10, h:20]' should be equal to #Error:dimension" classname="griffon.javafx.editors.Dimension2DPropertyEditorSpec" time="0.014"/>
  <testcase name="Dimension2D format '[w:10, h:20]' should be equal to #Error:dimension" classname="griffon.javafx.editors.Dimension2DPropertyEditorSpec" time="0.001"/>
  <testcase name="Dimension2D format 'Dimension2D [width = 10.0, height = 20.0]' should be equal to #Error:dimension" classname="griffon.javafx.editors.Dimension2DPropertyEditorSpec" time="0.0"/>
  <testcase name="Dimension2D format '[foo:10, bar:20]' should be equal to #Error:dimension" classname="griffon.javafx.editors.Dimension2DPropertyEditorSpec" time="0.0"/>
  <testcase name="Invalid dimension format 'garbage'" classname="griffon.javafx.editors.Dimension2DPropertyEditorSpec" time="0.0"/>
  <testcase name="Invalid dimension format '1, 2, 3'" classname="griffon.javafx.editors.Dimension2DPropertyEditorSpec" time="0.0"/>
  <testcase name="Invalid dimension format '[1, 2, 3]'" classname="griffon.javafx.editors.Dimension2DPropertyEditorSpec" time="0.0"/>
  <testcase name="Invalid dimension format '[width:a]'" classname="griffon.javafx.editors.Dimension2DPropertyEditorSpec" time="0.0"/>
  <testcase name="Invalid dimension format '[w:b]'" classname="griffon.javafx.editors.Dimension2DPropertyEditorSpec" time="0.0"/>
  <testcase name="Invalid dimension format '[java.lang.Object@5e0111e2]'" classname="griffon.javafx.editors.Dimension2DPropertyEditorSpec" time="0.0"/>
  <testcase name="Invalid dimension format '[w:java.lang.Object@68cfc1b3]'" classname="griffon.javafx.editors.Dimension2DPropertyEditorSpec" time="0.0"/>
  <testcase name="Invalid dimension format 'java.lang.Object@62913fda'" classname="griffon.javafx.editors.Dimension2DPropertyEditorSpec" time="0.0"/>
  <testcase name="Formatted dimension 'null'" classname="griffon.javafx.editors.Dimension2DPropertyEditorSpec" time="0.0"/>
  <testcase name="Formatted dimension '10.0, 20.0'" classname="griffon.javafx.editors.Dimension2DPropertyEditorSpec" time="0.0"/>
  <system-out><![CDATA[]]></system-out>
  <system-err><![CDATA[]]></system-err>
</testsuite>
