<?xml version="1.0" encoding="UTF-8"?>
<testsuite name="griffon.javafx.support.JavaFXUtilsSpec" tests="29" skipped="0" failures="0" errors="0" timestamp="2016-10-06T17:41:37" hostname="testing-gce-81ce1eba-0923-4d63-a3c5-2ab3ce7e6c4c" time="2.104">
  <properties/>
  <testcase name="Trigger list events inside UI thread (source) " classname="griffon.javafx.support.JavaFXUtilsSpec" time="0.711"/>
  <testcase name="Trigger list events inside UI thread (target) " classname="griffon.javafx.support.JavaFXUtilsSpec" time="0.11"/>
  <testcase name="Find the button on class javafx.scene.layout.BorderPane using findNode method" classname="griffon.javafx.support.JavaFXUtilsSpec" time="0.007"/>
  <testcase name="Find the button on class javafx.scene.control.TabPane using findNode method" classname="griffon.javafx.support.JavaFXUtilsSpec" time="0.0"/>
  <testcase name="Find the button on class javafx.scene.control.TitledPane using findNode method" classname="griffon.javafx.support.JavaFXUtilsSpec" time="0.0"/>
  <testcase name="Find the button on class javafx.scene.control.SplitPane using findNode method" classname="griffon.javafx.support.JavaFXUtilsSpec" time="0.0"/>
  <testcase name="Find the button on class javafx.scene.control.Accordion using findNode method" classname="griffon.javafx.support.JavaFXUtilsSpec" time="0.0"/>
  <testcase name="Find the button on class javafx.scene.control.ScrollPane using findNode method" classname="griffon.javafx.support.JavaFXUtilsSpec" time="0.0"/>
  <testcase name="Find the button on class javafx.scene.control.ToolBar using findNode method" classname="griffon.javafx.support.JavaFXUtilsSpec" time="0.0"/>
  <testcase name="Find the button on class javafx.scene.layout.BorderPane using findElement method" classname="griffon.javafx.support.JavaFXUtilsSpec" time="0.036"/>
  <testcase name="Find the button on class javafx.scene.control.TabPane using findElement method" classname="griffon.javafx.support.JavaFXUtilsSpec" time="0.001"/>
  <testcase name="Find the button on class javafx.scene.control.TitledPane using findElement method" classname="griffon.javafx.support.JavaFXUtilsSpec" time="0.0"/>
  <testcase name="Find the button on class javafx.scene.control.SplitPane using findElement method" classname="griffon.javafx.support.JavaFXUtilsSpec" time="0.002"/>
  <testcase name="Find the button on class javafx.scene.control.Accordion using findElement method" classname="griffon.javafx.support.JavaFXUtilsSpec" time="0.002"/>
  <testcase name="Find the button on class javafx.scene.control.ScrollPane using findElement method" classname="griffon.javafx.support.JavaFXUtilsSpec" time="0.001"/>
  <testcase name="Find the button on class javafx.scene.control.ToolBar using findElement method" classname="griffon.javafx.support.JavaFXUtilsSpec" time="0.002"/>
  <testcase name="Find the button on class javafx.scene.control.ContextMenu using findElement method" classname="griffon.javafx.support.JavaFXUtilsSpec" time="0.001"/>
  <testcase name="Find the button on class javafx.scene.control.MenuBar using findElement method" classname="griffon.javafx.support.JavaFXUtilsSpec" time="0.001"/>
  <testcase name="Find the button on class javafx.scene.control.ButtonBar using findElement method" classname="griffon.javafx.support.JavaFXUtilsSpec" time="0.001"/>
  <testcase name="Find the buttons on class javafx.scene.layout.BorderPane using findElements method" classname="griffon.javafx.support.JavaFXUtilsSpec" time="0.015"/>
  <testcase name="Find the buttons on class javafx.scene.control.TabPane using findElements method" classname="griffon.javafx.support.JavaFXUtilsSpec" time="0.001"/>
  <testcase name="Find the buttons on class javafx.scene.control.TitledPane using findElements method" classname="griffon.javafx.support.JavaFXUtilsSpec" time="0.001"/>
  <testcase name="Find the buttons on class javafx.scene.control.SplitPane using findElements method" classname="griffon.javafx.support.JavaFXUtilsSpec" time="0.001"/>
  <testcase name="Find the buttons on class javafx.scene.control.Accordion using findElements method" classname="griffon.javafx.support.JavaFXUtilsSpec" time="0.001"/>
  <testcase name="Find the buttons on class javafx.scene.control.ScrollPane using findElements method" classname="griffon.javafx.support.JavaFXUtilsSpec" time="0.0"/>
  <testcase name="Find the buttons on class javafx.scene.control.ToolBar using findElements method" classname="griffon.javafx.support.JavaFXUtilsSpec" time="0.0"/>
  <testcase name="Find the buttons on class javafx.scene.control.ContextMenu using findElements method" classname="griffon.javafx.support.JavaFXUtilsSpec" time="0.001"/>
  <testcase name="Find the buttons on class javafx.scene.control.MenuBar using findElements method" classname="griffon.javafx.support.JavaFXUtilsSpec" time="0.001"/>
  <testcase name="Find the buttons on class javafx.scene.control.ButtonBar using findElements method" classname="griffon.javafx.support.JavaFXUtilsSpec" time="0.001"/>
  <system-out><![CDATA[]]></system-out>
  <system-err><![CDATA[]]></system-err>
</testsuite>
