<?xml version="1.0" encoding="UTF-8"?>
<testsuite name="griffon.javafx.editors.LinearGradientPropertyEditorSpec" tests="21" skipped="0" failures="0" errors="0" timestamp="2016-09-19T16:10:13" hostname="testing-gce-35a66135-6c2a-47ae-8ae7-79d60611b2ca" time="0.059">
  <properties/>
  <testcase name="LinearGradient format 'null' is supported" classname="griffon.javafx.editors.LinearGradientPropertyEditorSpec" time="0.004"/>
  <testcase name="LinearGradient format '' is supported" classname="griffon.javafx.editors.LinearGradientPropertyEditorSpec" time="0.002"/>
  <testcase name="LinearGradient format ' ' is supported" classname="griffon.javafx.editors.LinearGradientPropertyEditorSpec" time="0.007"/>
  <testcase name="LinearGradient format '[]' is supported" classname="griffon.javafx.editors.LinearGradientPropertyEditorSpec" time="0.001"/>
  <testcase name="LinearGradient format '[:]' is supported" classname="griffon.javafx.editors.LinearGradientPropertyEditorSpec" time="0.0"/>
  <testcase name="LinearGradient format '[1, 2, 3, 4, false, [0x000000ff 0.0%, 0xffffffff 100.0%]]' is supported" classname="griffon.javafx.editors.LinearGradientPropertyEditorSpec" time="0.002"/>
  <testcase name="LinearGradient format '[1, 2, 3, 4, false, [0x000000ff 0.0%, 0xffffffff 100.0%], REPEAT]' is supported" classname="griffon.javafx.editors.LinearGradientPropertyEditorSpec" time="0.002"/>
  <testcase name="LinearGradient format '[1, 2, 3, 4, false, [0x000000ff 0.0%, 0xffffffff 100.0%], REPEAT]' is supported" classname="griffon.javafx.editors.LinearGradientPropertyEditorSpec" time="0.002"/>
  <testcase name="LinearGradient format '[sx:1, sy:2, ex:3, ey:4, stops:[0x000000ff 0.0%, 0xffffffff 100.0%]]' is supported" classname="griffon.javafx.editors.LinearGradientPropertyEditorSpec" time="0.001"/>
  <testcase name="LinearGradient format '[sx:1, sy:2, ex:3, ey:4, stops:[0x000000ff 0.0%, 0xffffffff 100.0%], cycle:REPEAT]' is supported" classname="griffon.javafx.editors.LinearGradientPropertyEditorSpec" time="0.002"/>
  <testcase name="LinearGradient format '[sx:1, sy:2, ex:3, ey:4, stops:[0x000000ff 0.0%, 0xffffffff 100.0%], cycle:REPEAT]' is supported" classname="griffon.javafx.editors.LinearGradientPropertyEditorSpec" time="0.002"/>
  <testcase name="LinearGradient format 'linear-gradient(from 1.0px 2.0px to 3.0px 4.0px, 0x000000ff 0.0%, 0xffffffff 100.0%)' is supported" classname="griffon.javafx.editors.LinearGradientPropertyEditorSpec" time="0.005"/>
  <testcase name="Invalid gradient format 'garbage'" classname="griffon.javafx.editors.LinearGradientPropertyEditorSpec" time="0.001"/>
  <testcase name="Invalid gradient format '1, 2, 3'" classname="griffon.javafx.editors.LinearGradientPropertyEditorSpec" time="0.004"/>
  <testcase name="Invalid gradient format '1, 2, 3, 4, 5'" classname="griffon.javafx.editors.LinearGradientPropertyEditorSpec" time="0.001"/>
  <testcase name="Invalid gradient format '[1, 2, 3]'" classname="griffon.javafx.editors.LinearGradientPropertyEditorSpec" time="0.001"/>
  <testcase name="Invalid gradient format '[1, 2, 3, 4, 5]'" classname="griffon.javafx.editors.LinearGradientPropertyEditorSpec" time="0.001"/>
  <testcase name="Invalid gradient format '[sx:a]'" classname="griffon.javafx.editors.LinearGradientPropertyEditorSpec" time="0.001"/>
  <testcase name="Invalid gradient format '[java.lang.Object@73c23819]'" classname="griffon.javafx.editors.LinearGradientPropertyEditorSpec" time="0.001"/>
  <testcase name="Invalid gradient format '[sx:java.lang.Object@360e1ee2]'" classname="griffon.javafx.editors.LinearGradientPropertyEditorSpec" time="0.001"/>
  <testcase name="Invalid gradient format 'java.lang.Object@16f79390'" classname="griffon.javafx.editors.LinearGradientPropertyEditorSpec" time="0.0"/>
  <system-out><![CDATA[]]></system-out>
  <system-err><![CDATA[]]></system-err>
</testsuite>
