<?xml version="1.0" encoding="UTF-8"?>
<testsuite name="griffon.javafx.editors.ImagePropertyEditorSpec" tests="19" skipped="0" failures="0" errors="0" timestamp="2016-09-26T20:28:20" hostname="testing-gce-e0d916ad-9926-4311-ac91-422ab9e2ca96" time="0.042">
  <properties/>
  <testcase name="Image format 'null' should be equal to null" classname="griffon.javafx.editors.ImagePropertyEditorSpec" time="0.003"/>
  <testcase name="Image format '' should be equal to null" classname="griffon.javafx.editors.ImagePropertyEditorSpec" time="0.0"/>
  <testcase name="Image format ' ' should be equal to null" classname="griffon.javafx.editors.ImagePropertyEditorSpec" time="0.0"/>
  <testcase name="Image format 'javafx.scene.image.Image@4b822da6' should be equal to javafx.scene.image.Image@4b822da6" classname="griffon.javafx.editors.ImagePropertyEditorSpec" time="0.0"/>
  <testcase name="Valid image format 'build/resources/test/griffon-icon-16x16.png'" classname="griffon.javafx.editors.ImagePropertyEditorSpec" time="0.002"/>
  <testcase name="Valid image format 'file:/home/travis/build/griffon/griffon/subprojects/griffon-javafx/build/resources/test/griffon-icon-16x16.png'" classname="griffon.javafx.editors.ImagePropertyEditorSpec" time="0.0"/>
  <testcase name="Valid image format 'file:/home/travis/build/griffon/griffon/subprojects/griffon-javafx/build/resources/test/griffon-icon-16x16.png'" classname="griffon.javafx.editors.ImagePropertyEditorSpec" time="0.0"/>
  <testcase name="Valid image format 'java.io.FileInputStream@2d881bec'" classname="griffon.javafx.editors.ImagePropertyEditorSpec" time="0.001"/>
  <testcase name="Invalid image format 'garbage'" classname="griffon.javafx.editors.ImagePropertyEditorSpec" time="0.001"/>
  <testcase name="Invalid image format '[]'" classname="griffon.javafx.editors.ImagePropertyEditorSpec" time="0.0"/>
  <testcase name="Invalid image format '[1]'" classname="griffon.javafx.editors.ImagePropertyEditorSpec" time="0.0"/>
  <testcase name="Invalid image format '[1, 2]'" classname="griffon.javafx.editors.ImagePropertyEditorSpec" time="0.0"/>
  <testcase name="Invalid image format '[1, 2, 3, 4, 5]'" classname="griffon.javafx.editors.ImagePropertyEditorSpec" time="0.0"/>
  <testcase name="Invalid image format 'F00'" classname="griffon.javafx.editors.ImagePropertyEditorSpec" time="0.007"/>
  <testcase name="Invalid image format '#F0'" classname="griffon.javafx.editors.ImagePropertyEditorSpec" time="0.001"/>
  <testcase name="Invalid image format '#FF0000FF00'" classname="griffon.javafx.editors.ImagePropertyEditorSpec" time="0.0"/>
  <testcase name="Invalid image format '[HH, FF, 00]'" classname="griffon.javafx.editors.ImagePropertyEditorSpec" time="0.008"/>
  <testcase name="Invalid image format 'java.lang.Object@79ec4ae'" classname="griffon.javafx.editors.ImagePropertyEditorSpec" time="0.0"/>
  <testcase name="Invalid image format '[java.lang.Object@5d575bc7]'" classname="griffon.javafx.editors.ImagePropertyEditorSpec" time="0.0"/>
  <system-out><![CDATA[]]></system-out>
  <system-err><![CDATA[]]></system-err>
</testsuite>
