<?xml version="1.0" encoding="UTF-8"?>
<testsuite name="griffon.pivot.support.adapters.ComponentKeyAdapterTest" tests="3" skipped="0" failures="0" errors="0" timestamp="2015-11-13T01:36:14" hostname="testing-worker-linux-c55820f2-1-499-linux-13-90862008" time="0.003">
  <properties/>
  <testcase name="testKeyPressed" classname="griffon.pivot.support.adapters.ComponentKeyAdapterTest" time="0.001"/>
  <testcase name="testKeyTyped" classname="griffon.pivot.support.adapters.ComponentKeyAdapterTest" time="0.001"/>
  <testcase name="testKeyReleased" classname="griffon.pivot.support.adapters.ComponentKeyAdapterTest" time="0.001"/>
  <system-out><![CDATA[]]></system-out>
  <system-err><![CDATA[]]></system-err>
</testsuite>
