<?xml version="1.0" encoding="UTF-8"?>
<testsuite name="griffon.pivot.support.adapters.ComponentDataAdapterTest" tests="3" skipped="0" failures="0" errors="0" timestamp="2015-10-06T14:23:01" hostname="testing-worker-linux-226df11e-1-499-linux-11-83900341" time="0.001">
  <properties/>
  <testcase name="testValueRemoved" classname="griffon.pivot.support.adapters.ComponentDataAdapterTest" time="0.0"/>
  <testcase name="testValueAdded" classname="griffon.pivot.support.adapters.ComponentDataAdapterTest" time="0.001"/>
  <testcase name="testValueUpdated" classname="griffon.pivot.support.adapters.ComponentDataAdapterTest" time="0.0"/>
  <system-out><![CDATA[]]></system-out>
  <system-err><![CDATA[]]></system-err>
</testsuite>
