<?xml version="1.0" encoding="UTF-8"?>
<testsuite name="griffon.pivot.support.adapters.MenuBarAdapterTest" tests="3" skipped="0" failures="0" errors="0" timestamp="2014-07-20T13:43:27" hostname="testing-worker-linux-2-1-10856-linux-2-30392804" time="0.003">
  <properties/>
  <testcase name="testItemInserted" classname="griffon.pivot.support.adapters.MenuBarAdapterTest" time="0.001"/>
  <testcase name="testItemsRemoved" classname="griffon.pivot.support.adapters.MenuBarAdapterTest" time="0.001"/>
  <testcase name="testActiveItemChanged" classname="griffon.pivot.support.adapters.MenuBarAdapterTest" time="0.001"/>
  <system-out><![CDATA[]]></system-out>
  <system-err><![CDATA[]]></system-err>
</testsuite>
