<?xml version="1.0" encoding="UTF-8"?>
<testsuite name="griffon.pivot.support.adapters.ImageNodeAdapterTest" tests="1" failures="0" errors="0" timestamp="2014-02-16T12:06:50" hostname="testing-worker-linux-8-1-2081-linux-16-18974705" time="0.001">
  <properties/>
  <testcase name="testImageChanged" classname="griffon.pivot.support.adapters.ImageNodeAdapterTest" time="0.001"/>
  <system-out><![CDATA[]]></system-out>
  <system-err><![CDATA[]]></system-err>
</testsuite>
