<?xml version="1.0" encoding="UTF-8"?>
<testsuite name="griffon.pivot.support.adapters.CalendarSelectionAdapterTest" tests="1" skipped="0" failures="0" errors="0" timestamp="2014-07-22T11:05:49" hostname="testing-worker-linux-10-2-19308-linux-15-30540398" time="0.001">
  <properties/>
  <testcase name="testSelectedDateChanged" classname="griffon.pivot.support.adapters.CalendarSelectionAdapterTest" time="0.001"/>
  <system-out><![CDATA[]]></system-out>
  <system-err><![CDATA[]]></system-err>
</testsuite>
