<?xml version="1.0" encoding="UTF-8"?>
<testsuite name="griffon.pivot.support.adapters.ActionClassAdapterTest" tests="3" skipped="0" failures="0" errors="0" timestamp="2015-06-18T20:41:30" hostname="testing-worker-linux-44a99d76-2-4160-linux-10-67425901" time="0.007">
  <properties/>
  <testcase name="testActionUpdated" classname="griffon.pivot.support.adapters.ActionClassAdapterTest" time="0.004"/>
  <testcase name="testActionRemoved" classname="griffon.pivot.support.adapters.ActionClassAdapterTest" time="0.001"/>
  <testcase name="testActionAdded" classname="griffon.pivot.support.adapters.ActionClassAdapterTest" time="0.001"/>
  <system-out><![CDATA[]]></system-out>
  <system-err><![CDATA[]]></system-err>
</testsuite>
