<?xml version="1.0" encoding="UTF-8"?>
<testsuite name="griffon.pivot.support.adapters.ImageAdapterTest" tests="3" skipped="0" failures="0" errors="0" timestamp="2014-06-29T10:43:09" hostname="testing-worker-linux-4-2-469-linux-7-28703280" time="0.004">
  <properties/>
  <testcase name="testRegionUpdated" classname="griffon.pivot.support.adapters.ImageAdapterTest" time="0.001"/>
  <testcase name="testSizeChanged" classname="griffon.pivot.support.adapters.ImageAdapterTest" time="0.0"/>
  <testcase name="testBaselineChanged" classname="griffon.pivot.support.adapters.ImageAdapterTest" time="0.001"/>
  <system-out><![CDATA[]]></system-out>
  <system-err><![CDATA[]]></system-err>
</testsuite>
