<?xml version="1.0" encoding="UTF-8"?>
<testsuite name="griffon.pivot.support.adapters.PromptAdapterTest" tests="6" skipped="0" failures="0" errors="0" timestamp="2015-06-09T08:05:32" hostname="testing-worker-linux-e7a62211-1-24794-linux-2-66008713" time="0.004">
  <properties/>
  <testcase name="testSelectedOptionChanged" classname="griffon.pivot.support.adapters.PromptAdapterTest" time="0.001"/>
  <testcase name="testMessageChanged" classname="griffon.pivot.support.adapters.PromptAdapterTest" time="0.0"/>
  <testcase name="testMessageTypeChanged" classname="griffon.pivot.support.adapters.PromptAdapterTest" time="0.0"/>
  <testcase name="testOptionInserted" classname="griffon.pivot.support.adapters.PromptAdapterTest" time="0.001"/>
  <testcase name="testBodyChanged" classname="griffon.pivot.support.adapters.PromptAdapterTest" time="0.001"/>
  <testcase name="testOptionsRemoved" classname="griffon.pivot.support.adapters.PromptAdapterTest" time="0.0"/>
  <system-out><![CDATA[]]></system-out>
  <system-err><![CDATA[]]></system-err>
</testsuite>
