<?xml version="1.0" encoding="UTF-8"?>
<testsuite name="griffon.pivot.support.adapters.CalendarButtonAdapterTest" tests="4" skipped="0" failures="0" errors="0" timestamp="2014-08-11T14:10:17" hostname="testing-worker-linux-5-2-1709-linux-20-32231091" time="0.007">
  <properties/>
  <testcase name="testYearChanged" classname="griffon.pivot.support.adapters.CalendarButtonAdapterTest" time="0.001"/>
  <testcase name="testLocaleChanged" classname="griffon.pivot.support.adapters.CalendarButtonAdapterTest" time="0.001"/>
  <testcase name="testMonthChanged" classname="griffon.pivot.support.adapters.CalendarButtonAdapterTest" time="0.001"/>
  <testcase name="testDisabledDateFilterChanged" classname="griffon.pivot.support.adapters.CalendarButtonAdapterTest" time="0.001"/>
  <system-out><![CDATA[]]></system-out>
  <system-err><![CDATA[]]></system-err>
</testsuite>
