<?xml version="1.0" encoding="UTF-8"?>
<testsuite name="griffon.pivot.support.adapters.CardPaneAdapterTest" tests="3" skipped="0" failures="0" errors="0" timestamp="2016-01-12T08:46:39" hostname="testing-gce-e29844ac-379f-498f-89f0-5934b84e2413.c.eco-emissary-99515.internal" time="0.006">
  <properties/>
  <testcase name="testPreviewSelectedIndexChange" classname="griffon.pivot.support.adapters.CardPaneAdapterTest" time="0.002"/>
  <testcase name="testSelectedIndexChangeVetoed" classname="griffon.pivot.support.adapters.CardPaneAdapterTest" time="0.001"/>
  <testcase name="testSelectedIndexChanged" classname="griffon.pivot.support.adapters.CardPaneAdapterTest" time="0.002"/>
  <system-out><![CDATA[]]></system-out>
  <system-err><![CDATA[]]></system-err>
</testsuite>
