<?xml version="1.0" encoding="UTF-8"?>
<testsuite name="griffon.pivot.support.adapters.BoxPaneAdapterTest" tests="1" skipped="0" failures="0" errors="0" timestamp="2014-11-01T10:00:44" hostname="testing-worker-linux-2-2-4532-linux-2-39675581" time="0.0">
  <properties/>
  <testcase name="testOrientationChanged" classname="griffon.pivot.support.adapters.BoxPaneAdapterTest" time="0.0"/>
  <system-out><![CDATA[]]></system-out>
  <system-err><![CDATA[]]></system-err>
</testsuite>
