<?xml version="1.0" encoding="UTF-8"?>
<testsuite name="griffon.pivot.support.adapters.BorderAdapterTest" tests="2" skipped="0" failures="0" errors="0" timestamp="2014-06-28T19:46:45" hostname="testing-worker-linux-11-1-462-linux-10-28676845" time="0.002">
  <properties/>
  <testcase name="testTitleChanged" classname="griffon.pivot.support.adapters.BorderAdapterTest" time="0.001"/>
  <testcase name="testContentChanged" classname="griffon.pivot.support.adapters.BorderAdapterTest" time="0.0"/>
  <system-out><![CDATA[]]></system-out>
  <system-err><![CDATA[]]></system-err>
</testsuite>
