<?xml version="1.0" encoding="UTF-8"?>
<testsuite name="griffon.pivot.support.adapters.MenuAdapterTest" tests="3" skipped="0" failures="0" errors="0" timestamp="2015-09-14T08:24:37" hostname="testing-worker-linux-a1362517-2-8611-linux-7-80196216" time="0.002">
  <properties/>
  <testcase name="testSectionInserted" classname="griffon.pivot.support.adapters.MenuAdapterTest" time="0.0"/>
  <testcase name="testActiveItemChanged" classname="griffon.pivot.support.adapters.MenuAdapterTest" time="0.001"/>
  <testcase name="testSectionsRemoved" classname="griffon.pivot.support.adapters.MenuAdapterTest" time="0.001"/>
  <system-out><![CDATA[]]></system-out>
  <system-err><![CDATA[]]></system-err>
</testsuite>
