<?xml version="1.0" encoding="UTF-8"?>
<testsuite name="griffon.pivot.support.adapters.ElementAdapterTest" tests="7" skipped="0" failures="0" errors="0" timestamp="2015-11-29T13:29:10" hostname="testing-worker-linux-3da96de7-2-501-linux-7-93770621" time="0.004">
  <properties/>
  <testcase name="testStrikethroughChanged" classname="griffon.pivot.support.adapters.ElementAdapterTest" time="0.0"/>
  <testcase name="testBackgroundColorChanged" classname="griffon.pivot.support.adapters.ElementAdapterTest" time="0.0"/>
  <testcase name="testNodeInserted" classname="griffon.pivot.support.adapters.ElementAdapterTest" time="0.001"/>
  <testcase name="testForegroundColorChanged" classname="griffon.pivot.support.adapters.ElementAdapterTest" time="0.0"/>
  <testcase name="testNodesRemoved" classname="griffon.pivot.support.adapters.ElementAdapterTest" time="0.001"/>
  <testcase name="testFontChanged" classname="griffon.pivot.support.adapters.ElementAdapterTest" time="0.0"/>
  <testcase name="testUnderlineChanged" classname="griffon.pivot.support.adapters.ElementAdapterTest" time="0.001"/>
  <system-out><![CDATA[]]></system-out>
  <system-err><![CDATA[]]></system-err>
</testsuite>
