<?xml version="1.0" encoding="UTF-8"?>
<testsuite name="griffon.pivot.support.adapters.SliderValueAdapterTest" tests="1" skipped="0" failures="0" errors="0" timestamp="2016-06-01T20:25:10" hostname="testing-gce-716e27fd-8310-42a9-b9b3-12ca5dd2eee8.c.eco-emissary-99515.internal" time="0.001">
  <properties/>
  <testcase name="testValueChanged" classname="griffon.pivot.support.adapters.SliderValueAdapterTest" time="0.001"/>
  <system-out><![CDATA[]]></system-out>
  <system-err><![CDATA[]]></system-err>
</testsuite>
