<?xml version="1.0" encoding="UTF-8"?>
<testsuite name="griffon.pivot.support.adapters.DialogAdapterTest" tests="1" skipped="0" failures="0" errors="0" timestamp="2014-07-01T15:11:01" hostname="testing-worker-linux-2-2-475-linux-17-28877697" time="0.001">
  <properties/>
  <testcase name="testModalChanged" classname="griffon.pivot.support.adapters.DialogAdapterTest" time="0.001"/>
  <system-out><![CDATA[]]></system-out>
  <system-err><![CDATA[]]></system-err>
</testsuite>
