<?xml version="1.0" encoding="UTF-8"?>
<testsuite name="griffon.pivot.support.adapters.ActionClassAdapterTest" tests="3" skipped="0" failures="0" errors="0" timestamp="2014-08-26T19:11:29" hostname="testing-worker-linux-10-2-14444-linux-20-33621965" time="0.004">
  <properties/>
  <testcase name="testActionUpdated" classname="griffon.pivot.support.adapters.ActionClassAdapterTest" time="0.001"/>
  <testcase name="testActionRemoved" classname="griffon.pivot.support.adapters.ActionClassAdapterTest" time="0.001"/>
  <testcase name="testActionAdded" classname="griffon.pivot.support.adapters.ActionClassAdapterTest" time="0.001"/>
  <system-out><![CDATA[]]></system-out>
  <system-err><![CDATA[]]></system-err>
</testsuite>
