<?xml version="1.0" encoding="UTF-8"?>
<testsuite name="griffon.pivot.support.adapters.SuggestionPopupSelectionAdapterTest" tests="2" skipped="0" failures="0" errors="0" timestamp="2014-11-27T16:15:47" hostname="testing-worker-linux-10-1-2535-linux-4-42321493" time="0.001">
  <properties/>
  <testcase name="testSelectedSuggestionChanged" classname="griffon.pivot.support.adapters.SuggestionPopupSelectionAdapterTest" time="0.0"/>
  <testcase name="testSelectedIndexChanged" classname="griffon.pivot.support.adapters.SuggestionPopupSelectionAdapterTest" time="0.0"/>
  <system-out><![CDATA[]]></system-out>
  <system-err><![CDATA[]]></system-err>
</testsuite>
