<?xml version="1.0" encoding="UTF-8"?>
<testsuite name="griffon.pivot.support.adapters.FrameAdapterTest" tests="1" skipped="0" failures="0" errors="0" timestamp="2014-06-26T09:07:41" hostname="testing-worker-linux-6-1-3457-linux-10-28481468" time="0.001">
  <properties/>
  <testcase name="testMenuBarChanged" classname="griffon.pivot.support.adapters.FrameAdapterTest" time="0.001"/>
  <system-out><![CDATA[]]></system-out>
  <system-err><![CDATA[]]></system-err>
</testsuite>
