<?xml version="1.0" encoding="UTF-8"?>
<testsuite name="griffon.pivot.support.adapters.SheetCloseAdapterTest" tests="1" skipped="0" failures="0" errors="0" timestamp="2015-05-11T09:50:15" hostname="testing-worker-linux-968a87ce-2-11731-linux-3-62052635" time="0.001">
  <properties/>
  <testcase name="testSheetClosed" classname="griffon.pivot.support.adapters.SheetCloseAdapterTest" time="0.001"/>
  <system-out><![CDATA[]]></system-out>
  <system-err><![CDATA[]]></system-err>
</testsuite>
