<?xml version="1.0" encoding="UTF-8"?>
<testsuite name="griffon.pivot.support.adapters.ScrollBarValueAdapterTest" tests="1" skipped="0" failures="0" errors="0" timestamp="2016-01-06T14:23:50" hostname="testing-gce-f8b59b2d-3ffd-422c-a787-3d151207d7ea.c.eco-emissary-99515.internal" time="0.0">
  <properties/>
  <testcase name="testValueChanged" classname="griffon.pivot.support.adapters.ScrollBarValueAdapterTest" time="0.0"/>
  <system-out><![CDATA[]]></system-out>
  <system-err><![CDATA[]]></system-err>
</testsuite>
