<?xml version="1.0" encoding="UTF-8"?>
<testsuite name="griffon.pivot.support.adapters.ButtonPressAdapterTest" tests="1" skipped="0" failures="0" errors="0" timestamp="2016-06-19T19:01:07" hostname="testing-gce-814b41ba-3617-4ba2-ae78-37127f499c6e.c.travis-ci-prod-5.internal" time="0.001">
  <properties/>
  <testcase name="testButtonPressed" classname="griffon.pivot.support.adapters.ButtonPressAdapterTest" time="0.001"/>
  <system-out><![CDATA[]]></system-out>
  <system-err><![CDATA[]]></system-err>
</testsuite>
