<?xml version="1.0" encoding="UTF-8"?>
<testsuite name="griffon.pivot.support.adapters.TreeViewSelectionAdapterTest" tests="4" skipped="0" failures="0" errors="0" timestamp="2014-08-13T17:21:53" hostname="testing-worker-linux-11-1-1899-linux-9-32449583" time="0.005">
  <properties/>
  <testcase name="testSelectedNodeChanged" classname="griffon.pivot.support.adapters.TreeViewSelectionAdapterTest" time="0.001"/>
  <testcase name="testSelectedPathsChanged" classname="griffon.pivot.support.adapters.TreeViewSelectionAdapterTest" time="0.001"/>
  <testcase name="testSelectedPathRemoved" classname="griffon.pivot.support.adapters.TreeViewSelectionAdapterTest" time="0.0"/>
  <testcase name="testSelectedPathAdded" classname="griffon.pivot.support.adapters.TreeViewSelectionAdapterTest" time="0.001"/>
  <system-out><![CDATA[]]></system-out>
  <system-err><![CDATA[]]></system-err>
</testsuite>
