<?xml version="1.0" encoding="UTF-8"?>
<testsuite name="griffon.pivot.support.adapters.ActivityIndicatorAdapterTest" tests="1" skipped="0" failures="0" errors="0" timestamp="2014-07-19T11:13:52" hostname="testing-worker-linux-6-2-3820-linux-19-30337690" time="0.001">
  <properties/>
  <testcase name="testActiveChanged" classname="griffon.pivot.support.adapters.ActivityIndicatorAdapterTest" time="0.001"/>
  <system-out><![CDATA[]]></system-out>
  <system-err><![CDATA[]]></system-err>
</testsuite>
