<?xml version="1.0" encoding="UTF-8"?>
<testsuite name="griffon.pivot.support.adapters.WindowClassAdapterTest" tests="1" skipped="0" failures="0" errors="0" timestamp="2016-07-18T12:36:03" hostname="testing-gce-e4ebc60e-d5e8-4acc-8a9c-2e2d219ba958.c.travis-ci-prod-2.internal" time="0.001">
  <properties/>
  <testcase name="testActiveWindowChanged" classname="griffon.pivot.support.adapters.WindowClassAdapterTest" time="0.001"/>
  <system-out><![CDATA[]]></system-out>
  <system-err><![CDATA[]]></system-err>
</testsuite>
