<?xml version="1.0" encoding="UTF-8"?>
<testsuite name="griffon.pivot.support.adapters.ListButtonAdapterTest" tests="5" skipped="0" failures="0" errors="0" timestamp="2014-08-04T16:34:25" hostname="testing-worker-linux-5-1-1654-linux-12-31629973" time="0.01">
  <properties/>
  <testcase name="testDisabledItemFilterChanged" classname="griffon.pivot.support.adapters.ListButtonAdapterTest" time="0.003"/>
  <testcase name="testRepeatableChanged" classname="griffon.pivot.support.adapters.ListButtonAdapterTest" time="0.001"/>
  <testcase name="testListSizeChanged" classname="griffon.pivot.support.adapters.ListButtonAdapterTest" time="0.001"/>
  <testcase name="testItemRendererChanged" classname="griffon.pivot.support.adapters.ListButtonAdapterTest" time="0.001"/>
  <testcase name="testListDataChanged" classname="griffon.pivot.support.adapters.ListButtonAdapterTest" time="0.001"/>
  <system-out><![CDATA[]]></system-out>
  <system-err><![CDATA[]]></system-err>
</testsuite>
