<?xml version="1.0" encoding="UTF-8"?>
<testsuite name="griffon.pivot.support.adapters.MenuItemSelectionAdapterTest" tests="1" skipped="0" failures="0" errors="0" timestamp="2014-07-01T20:19:11" hostname="testing-worker-linux-6-1-3457-linux-9-28904313" time="0.002">
  <properties/>
  <testcase name="testItemSelected" classname="griffon.pivot.support.adapters.MenuItemSelectionAdapterTest" time="0.002"/>
  <system-out><![CDATA[]]></system-out>
  <system-err><![CDATA[]]></system-err>
</testsuite>
