<?xml version="1.0" encoding="UTF-8"?>
<testsuite name="griffon.pivot.support.adapters.TextPaneAdapterTest" tests="2" skipped="0" failures="0" errors="0" timestamp="2015-06-03T17:35:59" hostname="testing-worker-linux-027f0490-1-17458-linux-7-65277958" time="0.001">
  <properties/>
  <testcase name="testDocumentChanged" classname="griffon.pivot.support.adapters.TextPaneAdapterTest" time="0.0"/>
  <testcase name="testEditableChanged" classname="griffon.pivot.support.adapters.TextPaneAdapterTest" time="0.001"/>
  <system-out><![CDATA[]]></system-out>
  <system-err><![CDATA[]]></system-err>
</testsuite>
