<?xml version="1.0" encoding="UTF-8"?>
<testsuite name="griffon.pivot.support.adapters.TextInputBindingAdapterTest" tests="3" skipped="0" failures="0" errors="0" timestamp="2014-06-23T22:00:13" hostname="testing-worker-linux-11-1-26838-linux-8-28263170" time="0.004">
  <properties/>
  <testcase name="testTextBindMappingChanged" classname="griffon.pivot.support.adapters.TextInputBindingAdapterTest" time="0.001"/>
  <testcase name="testTextKeyChanged" classname="griffon.pivot.support.adapters.TextInputBindingAdapterTest" time="0.001"/>
  <testcase name="testTextBindTypeChanged" classname="griffon.pivot.support.adapters.TextInputBindingAdapterTest" time="0.001"/>
  <system-out><![CDATA[]]></system-out>
  <system-err><![CDATA[]]></system-err>
</testsuite>
