<?xml version="1.0" encoding="UTF-8"?>
<testsuite name="griffon.pivot.support.adapters.ActionAdapterTest" tests="1" skipped="0" failures="0" errors="0" timestamp="2014-12-18T03:28:22" hostname="testing-worker-linux-9-1-24821-linux-12-44411655" time="0.0">
  <properties/>
  <testcase name="testEnabledChanged" classname="griffon.pivot.support.adapters.ActionAdapterTest" time="0.0"/>
  <system-out><![CDATA[]]></system-out>
  <system-err><![CDATA[]]></system-err>
</testsuite>
