<?xml version="1.0" encoding="UTF-8"?>
<testsuite name="griffon.pivot.support.adapters.CalendarButtonAdapterTest" tests="4" skipped="0" failures="0" errors="0" timestamp="2015-06-03T17:22:14" hostname="testing-worker-linux-f25aadab-2-32112-linux-13-65277949" time="0.004">
  <properties/>
  <testcase name="testYearChanged" classname="griffon.pivot.support.adapters.CalendarButtonAdapterTest" time="0.001"/>
  <testcase name="testLocaleChanged" classname="griffon.pivot.support.adapters.CalendarButtonAdapterTest" time="0.001"/>
  <testcase name="testMonthChanged" classname="griffon.pivot.support.adapters.CalendarButtonAdapterTest" time="0.001"/>
  <testcase name="testDisabledDateFilterChanged" classname="griffon.pivot.support.adapters.CalendarButtonAdapterTest" time="0.0"/>
  <system-out><![CDATA[]]></system-out>
  <system-err><![CDATA[]]></system-err>
</testsuite>
