<?xml version="1.0" encoding="UTF-8"?>
<testsuite name="griffon.pivot.support.adapters.ImageNodeAdapterTest" tests="1" skipped="0" failures="0" errors="0" timestamp="2014-06-18T19:31:04" hostname="testing-worker-linux-9-2-10887-linux-18-27893600" time="0.001">
  <properties/>
  <testcase name="testImageChanged" classname="griffon.pivot.support.adapters.ImageNodeAdapterTest" time="0.001"/>
  <system-out><![CDATA[]]></system-out>
  <system-err><![CDATA[]]></system-err>
</testsuite>
