<?xml version="1.0" encoding="UTF-8"?>
<testsuite name="griffon.pivot.support.adapters.SpinnerBindingAdapterTest" tests="6" skipped="0" failures="0" errors="0" timestamp="2014-07-01T15:11:02" hostname="testing-worker-linux-2-2-475-linux-17-28877697" time="0.01">
  <properties/>
  <testcase name="testSpinnerDataBindTypeChanged" classname="griffon.pivot.support.adapters.SpinnerBindingAdapterTest" time="0.001"/>
  <testcase name="testSpinnerDataKeyChanged" classname="griffon.pivot.support.adapters.SpinnerBindingAdapterTest" time="0.001"/>
  <testcase name="testSelectedItemKeyChanged" classname="griffon.pivot.support.adapters.SpinnerBindingAdapterTest" time="0.001"/>
  <testcase name="testSelectedItemBindMappingChanged" classname="griffon.pivot.support.adapters.SpinnerBindingAdapterTest" time="0.001"/>
  <testcase name="testSelectedItemBindTypeChanged" classname="griffon.pivot.support.adapters.SpinnerBindingAdapterTest" time="0.002"/>
  <testcase name="testSpinnerDataBindMappingChanged" classname="griffon.pivot.support.adapters.SpinnerBindingAdapterTest" time="0.001"/>
  <system-out><![CDATA[]]></system-out>
  <system-err><![CDATA[]]></system-err>
</testsuite>
