<?xml version="1.0" encoding="UTF-8"?>
<testsuite name="griffon.pivot.support.adapters.ColorChooserSelectionAdapterTest" tests="1" skipped="0" failures="0" errors="0" timestamp="2015-08-24T08:16:57" hostname="testing-worker-linux-44a99d76-1-8259-linux-3-76941221" time="0.0">
  <properties/>
  <testcase name="testSelectedColorChanged" classname="griffon.pivot.support.adapters.ColorChooserSelectionAdapterTest" time="0.0"/>
  <system-out><![CDATA[]]></system-out>
  <system-err><![CDATA[]]></system-err>
</testsuite>
