<?xml version="1.0" encoding="UTF-8"?>
<testsuite name="griffon.pivot.support.adapters.BoxPaneAdapterTest" tests="1" skipped="0" failures="0" errors="0" timestamp="2015-09-09T16:28:00" hostname="testing-worker-linux-a1362517-2-8611-linux-1-79504407" time="0.001">
  <properties/>
  <testcase name="testOrientationChanged" classname="griffon.pivot.support.adapters.BoxPaneAdapterTest" time="0.001"/>
  <system-out><![CDATA[]]></system-out>
  <system-err><![CDATA[]]></system-err>
</testsuite>
