<?xml version="1.0" encoding="UTF-8"?>
<testsuite name="griffon.pivot.support.adapters.TableViewHeaderPressAdapterTest" tests="1" skipped="0" failures="0" errors="0" timestamp="2014-12-12T11:14:53" hostname="testing-worker-linux-10-2-13412-linux-6-43821289" time="0.003">
  <properties/>
  <testcase name="testHeaderPressed" classname="griffon.pivot.support.adapters.TableViewHeaderPressAdapterTest" time="0.003"/>
  <system-out><![CDATA[]]></system-out>
  <system-err><![CDATA[]]></system-err>
</testsuite>
