<?xml version="1.0" encoding="UTF-8"?>
<testsuite name="griffon.pivot.support.adapters.SuggestionPopupItemAdapterTest" tests="5" skipped="0" failures="0" errors="0" timestamp="2014-06-29T12:22:39" hostname="testing-worker-linux-10-1-463-linux-17-28706940" time="0.009">
  <properties/>
  <testcase name="testItemInserted" classname="griffon.pivot.support.adapters.SuggestionPopupItemAdapterTest" time="0.001"/>
  <testcase name="testItemsCleared" classname="griffon.pivot.support.adapters.SuggestionPopupItemAdapterTest" time="0.001"/>
  <testcase name="testItemUpdated" classname="griffon.pivot.support.adapters.SuggestionPopupItemAdapterTest" time="0.001"/>
  <testcase name="testItemsSorted" classname="griffon.pivot.support.adapters.SuggestionPopupItemAdapterTest" time="0.0"/>
  <testcase name="testItemsRemoved" classname="griffon.pivot.support.adapters.SuggestionPopupItemAdapterTest" time="0.002"/>
  <system-out><![CDATA[]]></system-out>
  <system-err><![CDATA[]]></system-err>
</testsuite>
