<?xml version="1.0" encoding="UTF-8"?>
<testsuite name="griffon.pivot.support.adapters.ButtonPressAdapterTest" tests="1" skipped="0" failures="0" errors="0" timestamp="2015-05-13T15:05:18" hostname="testing-worker-linux-027f0490-1-17787-linux-19-62411506" time="0.0">
  <properties/>
  <testcase name="testButtonPressed" classname="griffon.pivot.support.adapters.ButtonPressAdapterTest" time="0.0"/>
  <system-out><![CDATA[]]></system-out>
  <system-err><![CDATA[]]></system-err>
</testsuite>
