<?xml version="1.0" encoding="UTF-8"?>
<testsuite name="griffon.pivot.support.adapters.ListViewItemStateAdapterTest" tests="1" failures="0" errors="0" timestamp="2014-02-13T06:47:12" hostname="testing-worker-linux-5-2-31907-linux-18-18785418" time="0.001">
  <properties/>
  <testcase name="testItemCheckedChanged" classname="griffon.pivot.support.adapters.ListViewItemStateAdapterTest" time="0.001"/>
  <system-out><![CDATA[]]></system-out>
  <system-err><![CDATA[]]></system-err>
</testsuite>
