<?xml version="1.0" encoding="UTF-8"?>
<testsuite name="griffon.pivot.support.adapters.SliderValueAdapterTest" tests="1" skipped="0" failures="0" errors="0" timestamp="2015-02-14T23:58:47" hostname="testing-worker-linux-027f0490-2-7771-linux-10-50792734" time="0.0">
  <properties/>
  <testcase name="testValueChanged" classname="griffon.pivot.support.adapters.SliderValueAdapterTest" time="0.0"/>
  <system-out><![CDATA[]]></system-out>
  <system-err><![CDATA[]]></system-err>
</testsuite>
