<?xml version="1.0" encoding="UTF-8"?>
<testsuite name="griffon.pivot.editors.BoundsPropertyEditorSpec" tests="30" skipped="0" failures="0" errors="0" timestamp="2015-02-06T21:11:46" hostname="testing-worker-linux-e7a62211-2-21338-linux-19-49793560" time="0.022">
  <properties/>
  <testcase name="Bounds format 'null' should be equal to #Error:bounds" classname="griffon.pivot.editors.BoundsPropertyEditorSpec" time="0.005"/>
  <testcase name="Bounds format '' should be equal to #Error:bounds" classname="griffon.pivot.editors.BoundsPropertyEditorSpec" time="0.0"/>
  <testcase name="Bounds format ' ' should be equal to #Error:bounds" classname="griffon.pivot.editors.BoundsPropertyEditorSpec" time="0.0"/>
  <testcase name="Bounds format '[]' should be equal to #Error:bounds" classname="griffon.pivot.editors.BoundsPropertyEditorSpec" time="0.0"/>
  <testcase name="Bounds format '[:]' should be equal to #Error:bounds" classname="griffon.pivot.editors.BoundsPropertyEditorSpec" time="0.0"/>
  <testcase name="Bounds format '10,20,30,40' should be equal to #Error:bounds" classname="griffon.pivot.editors.BoundsPropertyEditorSpec" time="0.001"/>
  <testcase name="Bounds format '10, 20, 30, 40' should be equal to #Error:bounds" classname="griffon.pivot.editors.BoundsPropertyEditorSpec" time="0.0"/>
  <testcase name="Bounds format ' 10, 20, 30, 40' should be equal to #Error:bounds" classname="griffon.pivot.editors.BoundsPropertyEditorSpec" time="0.001"/>
  <testcase name="Bounds format ' 10, 20, 30, 40 ' should be equal to #Error:bounds" classname="griffon.pivot.editors.BoundsPropertyEditorSpec" time="0.0"/>
  <testcase name="Bounds format '[10, 20, 30, 40]' should be equal to #Error:bounds" classname="griffon.pivot.editors.BoundsPropertyEditorSpec" time="0.001"/>
  <testcase name="Bounds format '[10, 20, 30, 40]' should be equal to #Error:bounds" classname="griffon.pivot.editors.BoundsPropertyEditorSpec" time="0.0"/>
  <testcase name="Bounds format '[x:10, y:20, width:30, height:40]' should be equal to #Error:bounds" classname="griffon.pivot.editors.BoundsPropertyEditorSpec" time="0.001"/>
  <testcase name="Bounds format '[x:10, y:20, width:30, height:40]' should be equal to #Error:bounds" classname="griffon.pivot.editors.BoundsPropertyEditorSpec" time="0.0"/>
  <testcase name="Bounds format '[x:10, y:20, w:30, h:40]' should be equal to #Error:bounds" classname="griffon.pivot.editors.BoundsPropertyEditorSpec" time="0.001"/>
  <testcase name="Bounds format '[x:10, y:20, w:30, h:40]' should be equal to #Error:bounds" classname="griffon.pivot.editors.BoundsPropertyEditorSpec" time="0.0"/>
  <testcase name="Bounds format 'org.apache.pivot.wtk.Bounds [10,20;30x40]' should be equal to #Error:bounds" classname="griffon.pivot.editors.BoundsPropertyEditorSpec" time="0.001"/>
  <testcase name="Bounds format '[foo:10, bar:20]' should be equal to #Error:bounds" classname="griffon.pivot.editors.BoundsPropertyEditorSpec" time="0.001"/>
  <testcase name="Invalid bounds format 'garbage'" classname="griffon.pivot.editors.BoundsPropertyEditorSpec" time="0.001"/>
  <testcase name="Invalid bounds format '1, 2, 3'" classname="griffon.pivot.editors.BoundsPropertyEditorSpec" time="0.0"/>
  <testcase name="Invalid bounds format '1, 2, 3, 4, 5'" classname="griffon.pivot.editors.BoundsPropertyEditorSpec" time="0.0"/>
  <testcase name="Invalid bounds format '[1, 2, 3]'" classname="griffon.pivot.editors.BoundsPropertyEditorSpec" time="0.0"/>
  <testcase name="Invalid bounds format '[1, 2, 3, java.lang.Object@6d7b7be0]'" classname="griffon.pivot.editors.BoundsPropertyEditorSpec" time="0.001"/>
  <testcase name="Invalid bounds format '[1, 2, 3, 4, 5]'" classname="griffon.pivot.editors.BoundsPropertyEditorSpec" time="0.0"/>
  <testcase name="Invalid bounds format '[java.lang.Object@c1e1db7]'" classname="griffon.pivot.editors.BoundsPropertyEditorSpec" time="0.0"/>
  <testcase name="Invalid bounds format '[x:java.lang.Object@758fa236]'" classname="griffon.pivot.editors.BoundsPropertyEditorSpec" time="0.0"/>
  <testcase name="Invalid bounds format '[x:a]'" classname="griffon.pivot.editors.BoundsPropertyEditorSpec" time="0.0"/>
  <testcase name="Invalid bounds format '[y:b]'" classname="griffon.pivot.editors.BoundsPropertyEditorSpec" time="0.001"/>
  <testcase name="Invalid bounds format 'java.lang.Object@f8198f4'" classname="griffon.pivot.editors.BoundsPropertyEditorSpec" time="0.0"/>
  <testcase name="Formatted bounds 'null'" classname="griffon.pivot.editors.BoundsPropertyEditorSpec" time="0.0"/>
  <testcase name="Formatted bounds '10, 20, 30, 40'" classname="griffon.pivot.editors.BoundsPropertyEditorSpec" time="0.0"/>
  <system-out><![CDATA[]]></system-out>
  <system-err><![CDATA[]]></system-err>
</testsuite>
