<?xml version="1.0" encoding="UTF-8"?>
<testsuite name="griffon.pivot.support.adapters.BulletedListAdapterTest" tests="1" skipped="0" failures="0" errors="0" timestamp="2014-06-18T08:51:08" hostname="testing-worker-linux-3-2-7466-linux-6-27844511" time="0.001">
  <properties/>
  <testcase name="testStyleChanged" classname="griffon.pivot.support.adapters.BulletedListAdapterTest" time="0.001"/>
  <system-out><![CDATA[]]></system-out>
  <system-err><![CDATA[]]></system-err>
</testsuite>
