<?xml version="1.0" encoding="UTF-8"?>
<testsuite name="griffon.pivot.support.adapters.SliderValueAdapterTest" tests="1" skipped="0" failures="0" errors="0" timestamp="2015-08-30T19:42:33" hostname="testing-worker-linux-f25aadab-1-2244-linux-4-77948585" time="0.001">
  <properties/>
  <testcase name="testValueChanged" classname="griffon.pivot.support.adapters.SliderValueAdapterTest" time="0.001"/>
  <system-out><![CDATA[]]></system-out>
  <system-err><![CDATA[]]></system-err>
</testsuite>
