<?xml version="1.0" encoding="UTF-8"?>
<testsuite name="griffon.pivot.support.adapters.TextNodeAdapterTest" tests="2" skipped="0" failures="0" errors="0" timestamp="2014-12-24T21:58:45" hostname="testing-worker-linux-5-2-1931-linux-8-45058621" time="0.001">
  <properties/>
  <testcase name="testCharactersInserted" classname="griffon.pivot.support.adapters.TextNodeAdapterTest" time="0.001"/>
  <testcase name="testCharactersRemoved" classname="griffon.pivot.support.adapters.TextNodeAdapterTest" time="0.0"/>
  <system-out><![CDATA[]]></system-out>
  <system-err><![CDATA[]]></system-err>
</testsuite>
