<?xml version="1.0" encoding="UTF-8"?>
<testsuite name="griffon.pivot.support.adapters.LabelAdapterTest" tests="1" failures="0" errors="0" timestamp="2014-02-13T21:05:04" hostname="testing-worker-linux-7-1-10748-linux-17-18834379" time="0.003">
  <properties/>
  <testcase name="testTextChanged" classname="griffon.pivot.support.adapters.LabelAdapterTest" time="0.003"/>
  <system-out><![CDATA[]]></system-out>
  <system-err><![CDATA[]]></system-err>
</testsuite>
