<?xml version="1.0" encoding="UTF-8"?>
<testsuite name="griffon.pivot.support.adapters.WindowAdapterTest" tests="7" skipped="0" failures="0" errors="0" timestamp="2016-06-25T19:02:07" hostname="testing-gce-5591e47c-7f32-483f-97e0-e3daf6a65c7e.c.travis-ci-prod-4.internal" time="0.005">
  <properties/>
  <testcase name="testTitleChanged" classname="griffon.pivot.support.adapters.WindowAdapterTest" time="0.001"/>
  <testcase name="testIconInserted" classname="griffon.pivot.support.adapters.WindowAdapterTest" time="0.001"/>
  <testcase name="testIconAdded" classname="griffon.pivot.support.adapters.WindowAdapterTest" time="0.0"/>
  <testcase name="testIconsRemoved" classname="griffon.pivot.support.adapters.WindowAdapterTest" time="0.001"/>
  <testcase name="testMaximizedChanged" classname="griffon.pivot.support.adapters.WindowAdapterTest" time="0.0"/>
  <testcase name="testContentChanged" classname="griffon.pivot.support.adapters.WindowAdapterTest" time="0.001"/>
  <testcase name="testActiveChanged" classname="griffon.pivot.support.adapters.WindowAdapterTest" time="0.0"/>
  <system-out><![CDATA[]]></system-out>
  <system-err><![CDATA[]]></system-err>
</testsuite>
