<?xml version="1.0" encoding="UTF-8"?>
<testsuite name="griffon.pivot.support.adapters.BlockAdapterTest" tests="1" skipped="0" failures="0" errors="0" timestamp="2015-08-13T15:12:34" hostname="testing-worker-linux-226df11e-1-27879-linux-14-75450798" time="0.001">
  <properties/>
  <testcase name="testHorizontalAlignmentChanged" classname="griffon.pivot.support.adapters.BlockAdapterTest" time="0.001"/>
  <system-out><![CDATA[]]></system-out>
  <system-err><![CDATA[]]></system-err>
</testsuite>
