<?xml version="1.0" encoding="UTF-8"?>
<testsuite name="griffon.pivot.support.adapters.SuggestionPopupStateAdapterTest" tests="3" skipped="0" failures="0" errors="0" timestamp="2015-06-03T17:35:58" hostname="testing-worker-linux-027f0490-1-17458-linux-7-65277958" time="0.003">
  <properties/>
  <testcase name="testSuggestionPopupClosed" classname="griffon.pivot.support.adapters.SuggestionPopupStateAdapterTest" time="0.001"/>
  <testcase name="testSuggestionPopupCloseVetoed" classname="griffon.pivot.support.adapters.SuggestionPopupStateAdapterTest" time="0.001"/>
  <testcase name="testPreviewSuggestionPopupClose" classname="griffon.pivot.support.adapters.SuggestionPopupStateAdapterTest" time="0.001"/>
  <system-out><![CDATA[]]></system-out>
  <system-err><![CDATA[]]></system-err>
</testsuite>
