<?xml version="1.0" encoding="UTF-8"?>
<testsuite name="griffon.pivot.support.adapters.GridPaneAdapterTest" tests="6" skipped="0" failures="0" errors="0" timestamp="2015-02-13T18:10:07" hostname="testing-worker-linux-e7a62211-1-21232-linux-17-50666713" time="0.005">
  <properties/>
  <testcase name="testCellUpdated" classname="griffon.pivot.support.adapters.GridPaneAdapterTest" time="0.001"/>
  <testcase name="testCellInserted" classname="griffon.pivot.support.adapters.GridPaneAdapterTest" time="0.0"/>
  <testcase name="testCellsRemoved" classname="griffon.pivot.support.adapters.GridPaneAdapterTest" time="0.0"/>
  <testcase name="testColumnCountChanged" classname="griffon.pivot.support.adapters.GridPaneAdapterTest" time="0.001"/>
  <testcase name="testRowInserted" classname="griffon.pivot.support.adapters.GridPaneAdapterTest" time="0.001"/>
  <testcase name="testRowsRemoved" classname="griffon.pivot.support.adapters.GridPaneAdapterTest" time="0.001"/>
  <system-out><![CDATA[]]></system-out>
  <system-err><![CDATA[]]></system-err>
</testsuite>
