<?xml version="1.0" encoding="UTF-8"?>
<testsuite name="griffon.pivot.support.adapters.RollupAdapterTest" tests="3" failures="0" errors="0" timestamp="2014-03-05T20:13:53" hostname="testing-worker-linux-8-1-23366-linux-6-20159515" time="0.004">
  <properties/>
  <testcase name="testCollapsibleChanged" classname="griffon.pivot.support.adapters.RollupAdapterTest" time="0.001"/>
  <testcase name="testHeadingChanged" classname="griffon.pivot.support.adapters.RollupAdapterTest" time="0.0"/>
  <testcase name="testContentChanged" classname="griffon.pivot.support.adapters.RollupAdapterTest" time="0.001"/>
  <system-out><![CDATA[]]></system-out>
  <system-err><![CDATA[]]></system-err>
</testsuite>
