<?xml version="1.0" encoding="UTF-8"?>
<testsuite name="griffon.pivot.support.adapters.TabPaneAttributeAdapterTest" tests="2" skipped="0" failures="0" errors="0" timestamp="2014-07-18T12:00:03" hostname="testing-worker-linux-2-2-8861-linux-5-30259710" time="0.003">
  <properties/>
  <testcase name="testTabDataChanged" classname="griffon.pivot.support.adapters.TabPaneAttributeAdapterTest" time="0.001"/>
  <testcase name="testTooltipTextChanged" classname="griffon.pivot.support.adapters.TabPaneAttributeAdapterTest" time="0.001"/>
  <system-out><![CDATA[]]></system-out>
  <system-err><![CDATA[]]></system-err>
</testsuite>
