<?xml version="1.0" encoding="UTF-8"?>
<testsuite name="griffon.pivot.support.adapters.MovieViewAdapterTest" tests="1" skipped="0" failures="0" errors="0" timestamp="2015-03-01T13:44:07" hostname="testing-worker-linux-c55820f2-1-30301-linux-15-52623818" time="0.0">
  <properties/>
  <testcase name="testMovieChanged" classname="griffon.pivot.support.adapters.MovieViewAdapterTest" time="0.0"/>
  <system-out><![CDATA[]]></system-out>
  <system-err><![CDATA[]]></system-err>
</testsuite>
