<?xml version="1.0" encoding="UTF-8"?>
<testsuite name="griffon.pivot.support.adapters.MenuBarAdapterTest" tests="3" skipped="0" failures="0" errors="0" timestamp="2014-06-27T14:23:12" hostname="testing-worker-linux-2-1-477-linux-15-28593831" time="0.007">
  <properties/>
  <testcase name="testItemInserted" classname="griffon.pivot.support.adapters.MenuBarAdapterTest" time="0.002"/>
  <testcase name="testItemsRemoved" classname="griffon.pivot.support.adapters.MenuBarAdapterTest" time="0.002"/>
  <testcase name="testActiveItemChanged" classname="griffon.pivot.support.adapters.MenuBarAdapterTest" time="0.001"/>
  <system-out><![CDATA[]]></system-out>
  <system-err><![CDATA[]]></system-err>
</testsuite>
