<?xml version="1.0" encoding="UTF-8"?>
<testsuite name="griffon.pivot.support.adapters.ColorChooserBindingAdapterTest" tests="3" skipped="0" failures="0" errors="0" timestamp="2014-06-27T11:30:58" hostname="testing-worker-linux-12-1-31924-linux-10-28581665" time="0.004">
  <properties/>
  <testcase name="testSelectedColorBindTypeChanged" classname="griffon.pivot.support.adapters.ColorChooserBindingAdapterTest" time="0.001"/>
  <testcase name="testSelectedColorBindMappingChanged" classname="griffon.pivot.support.adapters.ColorChooserBindingAdapterTest" time="0.001"/>
  <testcase name="testSelectedColorKeyChanged" classname="griffon.pivot.support.adapters.ColorChooserBindingAdapterTest" time="0.001"/>
  <system-out><![CDATA[]]></system-out>
  <system-err><![CDATA[]]></system-err>
</testsuite>
