<?xml version="1.0" encoding="UTF-8"?>
<testsuite name="griffon.pivot.support.adapters.SliderValueAdapterTest" tests="1" failures="0" errors="0" timestamp="2014-05-13T19:46:23" hostname="testing-worker-linux-6-1-30204-linux-9-25098060" time="0.001">
  <properties/>
  <testcase name="testValueChanged" classname="griffon.pivot.support.adapters.SliderValueAdapterTest" time="0.001"/>
  <system-out><![CDATA[]]></system-out>
  <system-err><![CDATA[]]></system-err>
</testsuite>
