<?xml version="1.0" encoding="UTF-8"?>
<testsuite name="griffon.pivot.support.adapters.BulletedListAdapterTest" tests="1" skipped="0" failures="0" errors="0" timestamp="2014-06-23T22:00:19" hostname="testing-worker-linux-12-1-31924-linux-13-28263267" time="0.001">
  <properties/>
  <testcase name="testStyleChanged" classname="griffon.pivot.support.adapters.BulletedListAdapterTest" time="0.001"/>
  <system-out><![CDATA[]]></system-out>
  <system-err><![CDATA[]]></system-err>
</testsuite>
