<?xml version="1.0" encoding="UTF-8"?>
<testsuite name="griffon.pivot.support.adapters.FrameAdapterTest" tests="1" skipped="0" failures="0" errors="0" timestamp="2014-08-13T12:09:58" hostname="testing-worker-linux-9-1-2157-linux-5-32426300" time="0.001">
  <properties/>
  <testcase name="testMenuBarChanged" classname="griffon.pivot.support.adapters.FrameAdapterTest" time="0.001"/>
  <system-out><![CDATA[]]></system-out>
  <system-err><![CDATA[]]></system-err>
</testsuite>
