<?xml version="1.0" encoding="UTF-8"?>
<testsuite name="griffon.pivot.support.adapters.NumberedListAdapterTest" tests="1" skipped="0" failures="0" errors="0" timestamp="2015-10-25T18:31:37" hostname="testing-worker-linux-968a87ce-2-528-linux-6-87339777" time="0.0">
  <properties/>
  <testcase name="testStyleChanged" classname="griffon.pivot.support.adapters.NumberedListAdapterTest" time="0.0"/>
  <system-out><![CDATA[]]></system-out>
  <system-err><![CDATA[]]></system-err>
</testsuite>
