<?xml version="1.0" encoding="UTF-8"?>
<testsuite name="griffon.pivot.support.adapters.CalendarAdapterTest" tests="4" skipped="0" failures="0" errors="0" timestamp="2014-08-11T08:00:38" hostname="testing-worker-linux-5-1-1654-linux-11-32204052" time="0.005">
  <properties/>
  <testcase name="testYearChanged" classname="griffon.pivot.support.adapters.CalendarAdapterTest" time="0.001"/>
  <testcase name="testLocaleChanged" classname="griffon.pivot.support.adapters.CalendarAdapterTest" time="0.001"/>
  <testcase name="testMonthChanged" classname="griffon.pivot.support.adapters.CalendarAdapterTest" time="0.001"/>
  <testcase name="testDisabledDateFilterChanged" classname="griffon.pivot.support.adapters.CalendarAdapterTest" time="0.001"/>
  <system-out><![CDATA[]]></system-out>
  <system-err><![CDATA[]]></system-err>
</testsuite>
