<?xml version="1.0" encoding="UTF-8"?>
<testsuite name="griffon.pivot.support.adapters.MenuPopupAdapterTest" tests="1" skipped="0" failures="0" errors="0" timestamp="2014-12-08T16:14:31" hostname="testing-worker-linux-9-1-4037-linux-2-43361416" time="0.0">
  <properties/>
  <testcase name="testMenuChanged" classname="griffon.pivot.support.adapters.MenuPopupAdapterTest" time="0.0"/>
  <system-out><![CDATA[]]></system-out>
  <system-err><![CDATA[]]></system-err>
</testsuite>
