<?xml version="1.0" encoding="UTF-8"?>
<testsuite name="griffon.pivot.support.adapters.TextNodeAdapterTest" tests="2" skipped="0" failures="0" errors="0" timestamp="2015-09-03T15:06:26" hostname="testing-worker-linux-77796cae-2-11556-linux-3-78593077" time="0.002">
  <properties/>
  <testcase name="testCharactersInserted" classname="griffon.pivot.support.adapters.TextNodeAdapterTest" time="0.001"/>
  <testcase name="testCharactersRemoved" classname="griffon.pivot.support.adapters.TextNodeAdapterTest" time="0.001"/>
  <system-out><![CDATA[]]></system-out>
  <system-err><![CDATA[]]></system-err>
</testsuite>
