<?xml version="1.0" encoding="UTF-8"?>
<testsuite name="griffon.pivot.support.adapters.TableViewHeaderPressAdapterTest" tests="1" skipped="0" failures="0" errors="0" timestamp="2016-03-11T20:22:26" hostname="testing-gce-a0bd4f75-8b43-42ca-898e-f23a3c9fe85c.c.travis-ci-prod-5.internal" time="0.001">
  <properties/>
  <testcase name="testHeaderPressed" classname="griffon.pivot.support.adapters.TableViewHeaderPressAdapterTest" time="0.001"/>
  <system-out><![CDATA[]]></system-out>
  <system-err><![CDATA[]]></system-err>
</testsuite>
