<?xml version="1.0" encoding="UTF-8"?>
<testsuite name="griffon.pivot.support.adapters.CalendarButtonAdapterTest" tests="4" skipped="0" failures="0" errors="0" timestamp="2016-06-20T09:12:49" hostname="testing-gce-fa7432c6-488b-4312-8b01-055d4da44f35.c.travis-ci-prod-5.internal" time="0.002">
  <properties/>
  <testcase name="testYearChanged" classname="griffon.pivot.support.adapters.CalendarButtonAdapterTest" time="0.0"/>
  <testcase name="testLocaleChanged" classname="griffon.pivot.support.adapters.CalendarButtonAdapterTest" time="0.001"/>
  <testcase name="testMonthChanged" classname="griffon.pivot.support.adapters.CalendarButtonAdapterTest" time="0.0"/>
  <testcase name="testDisabledDateFilterChanged" classname="griffon.pivot.support.adapters.CalendarButtonAdapterTest" time="0.001"/>
  <system-out><![CDATA[]]></system-out>
  <system-err><![CDATA[]]></system-err>
</testsuite>
