<?xml version="1.0" encoding="UTF-8"?>
<testsuite name="griffon.pivot.editors.InsetsPropertyEditorSpec" tests="34" skipped="0" failures="0" errors="0" timestamp="2016-06-10T16:48:28" hostname="testing-gce-d09c9de5-605c-47f8-adcf-d1c05a498ba4.c.travis-ci-prod-2.internal" time="0.088">
  <properties/>
  <testcase name="Insets format 'null' should be equal to null" classname="griffon.pivot.editors.InsetsPropertyEditorSpec" time="0.042"/>
  <testcase name="Insets format '' should be equal to null" classname="griffon.pivot.editors.InsetsPropertyEditorSpec" time="0.003"/>
  <testcase name="Insets format ' ' should be equal to null" classname="griffon.pivot.editors.InsetsPropertyEditorSpec" time="0.0"/>
  <testcase name="Insets format '[]' should be equal to null" classname="griffon.pivot.editors.InsetsPropertyEditorSpec" time="0.0"/>
  <testcase name="Insets format '[:]' should be equal to null" classname="griffon.pivot.editors.InsetsPropertyEditorSpec" time="0.0"/>
  <testcase name="Insets format '1' should be equal to org.apache.pivot.wtk.Insets [1, 0, 0, 0]" classname="griffon.pivot.editors.InsetsPropertyEditorSpec" time="0.0"/>
  <testcase name="Insets format '1,2' should be equal to org.apache.pivot.wtk.Insets [1, 2, 0, 0]" classname="griffon.pivot.editors.InsetsPropertyEditorSpec" time="0.001"/>
  <testcase name="Insets format '1,2,3' should be equal to org.apache.pivot.wtk.Insets [1, 2, 3, 0]" classname="griffon.pivot.editors.InsetsPropertyEditorSpec" time="0.0"/>
  <testcase name="Insets format '1,2,3,4' should be equal to org.apache.pivot.wtk.Insets [1, 2, 3, 4]" classname="griffon.pivot.editors.InsetsPropertyEditorSpec" time="0.001"/>
  <testcase name="Insets format '1, 2, 3, 4' should be equal to org.apache.pivot.wtk.Insets [1, 2, 3, 4]" classname="griffon.pivot.editors.InsetsPropertyEditorSpec" time="0.0"/>
  <testcase name="Insets format ' 1, 2, 3, 4' should be equal to org.apache.pivot.wtk.Insets [1, 2, 3, 4]" classname="griffon.pivot.editors.InsetsPropertyEditorSpec" time="0.0"/>
  <testcase name="Insets format ' 1, 2,3 , 4 ' should be equal to org.apache.pivot.wtk.Insets [1, 2, 3, 4]" classname="griffon.pivot.editors.InsetsPropertyEditorSpec" time="0.001"/>
  <testcase name="Insets format '[1, 2, 3, 4]' should be equal to org.apache.pivot.wtk.Insets [1, 2, 3, 4]" classname="griffon.pivot.editors.InsetsPropertyEditorSpec" time="0.0"/>
  <testcase name="Insets format '[1, 2, 3, 4]' should be equal to org.apache.pivot.wtk.Insets [1, 2, 3, 4]" classname="griffon.pivot.editors.InsetsPropertyEditorSpec" time="0.001"/>
  <testcase name="Insets format '1' should be equal to org.apache.pivot.wtk.Insets [1, 1, 1, 1]" classname="griffon.pivot.editors.InsetsPropertyEditorSpec" time="0.001"/>
  <testcase name="Insets format '[1]' should be equal to org.apache.pivot.wtk.Insets [1, 0, 0, 0]" classname="griffon.pivot.editors.InsetsPropertyEditorSpec" time="0.004"/>
  <testcase name="Insets format '[1]' should be equal to org.apache.pivot.wtk.Insets [1, 0, 0, 0]" classname="griffon.pivot.editors.InsetsPropertyEditorSpec" time="0.001"/>
  <testcase name="Insets format '[top:1, left:2, right:3, bottom:4]' should be equal to org.apache.pivot.wtk.Insets [1, 2, 3, 4]" classname="griffon.pivot.editors.InsetsPropertyEditorSpec" time="0.0"/>
  <testcase name="Insets format '[top:1, left:2, right:3, bottom:4]' should be equal to org.apache.pivot.wtk.Insets [1, 2, 3, 4]" classname="griffon.pivot.editors.InsetsPropertyEditorSpec" time="0.001"/>
  <testcase name="Insets format '[t:1, l:2, r:3, b:4]' should be equal to org.apache.pivot.wtk.Insets [1, 2, 3, 4]" classname="griffon.pivot.editors.InsetsPropertyEditorSpec" time="0.0"/>
  <testcase name="Insets format '[t:1, l:2, r:3, b:4]' should be equal to org.apache.pivot.wtk.Insets [1, 2, 3, 4]" classname="griffon.pivot.editors.InsetsPropertyEditorSpec" time="0.003"/>
  <testcase name="Insets format 'org.apache.pivot.wtk.Insets [1, 2, 3, 4]' should be equal to org.apache.pivot.wtk.Insets [1, 2, 3, 4]" classname="griffon.pivot.editors.InsetsPropertyEditorSpec" time="0.0"/>
  <testcase name="Insets format '[foo:1, bar:2]' should be equal to org.apache.pivot.wtk.Insets [0, 0, 0, 0]" classname="griffon.pivot.editors.InsetsPropertyEditorSpec" time="0.0"/>
  <testcase name="Invalid insets format 'garbage'" classname="griffon.pivot.editors.InsetsPropertyEditorSpec" time="0.01"/>
  <testcase name="Invalid insets format '1, 2, 3,4 ,5'" classname="griffon.pivot.editors.InsetsPropertyEditorSpec" time="0.0"/>
  <testcase name="Invalid insets format '1, a'" classname="griffon.pivot.editors.InsetsPropertyEditorSpec" time="0.0"/>
  <testcase name="Invalid insets format '[1, 2, 3, 4, 5]'" classname="griffon.pivot.editors.InsetsPropertyEditorSpec" time="0.001"/>
  <testcase name="Invalid insets format '[java.lang.Object@4ad76679]'" classname="griffon.pivot.editors.InsetsPropertyEditorSpec" time="0.0"/>
  <testcase name="Invalid insets format '[top:java.lang.Object@4e7472ea]'" classname="griffon.pivot.editors.InsetsPropertyEditorSpec" time="0.001"/>
  <testcase name="Invalid insets format '[top:a]'" classname="griffon.pivot.editors.InsetsPropertyEditorSpec" time="0.001"/>
  <testcase name="Invalid insets format '[t:b]'" classname="griffon.pivot.editors.InsetsPropertyEditorSpec" time="0.001"/>
  <testcase name="Invalid insets format 'java.lang.Object@151dd041'" classname="griffon.pivot.editors.InsetsPropertyEditorSpec" time="0.0"/>
  <testcase name="Formatted insets 'null'" classname="griffon.pivot.editors.InsetsPropertyEditorSpec" time="0.001"/>
  <testcase name="Formatted insets '1, 2, 3, 4'" classname="griffon.pivot.editors.InsetsPropertyEditorSpec" time="0.001"/>
  <system-out><![CDATA[]]></system-out>
  <system-err><![CDATA[]]></system-err>
</testsuite>
