<?xml version="1.0" encoding="UTF-8"?>
<testsuite name="griffon.pivot.support.adapters.DialogStateAdapterTest" tests="3" skipped="0" failures="0" errors="0" timestamp="2016-01-23T17:17:42" hostname="testing-gce-0a5371d2-3ae4-42a6-8bc9-7c8b4636aace.c.eco-emissary-99515.internal" time="0.013">
  <properties/>
  <testcase name="testPreviewDialogClose" classname="griffon.pivot.support.adapters.DialogStateAdapterTest" time="0.001"/>
  <testcase name="testDialogCloseVetoed" classname="griffon.pivot.support.adapters.DialogStateAdapterTest" time="0.011"/>
  <testcase name="testDialogClosed" classname="griffon.pivot.support.adapters.DialogStateAdapterTest" time="0.001"/>
  <system-out><![CDATA[]]></system-out>
  <system-err><![CDATA[]]></system-err>
</testsuite>
