<?xml version="1.0" encoding="UTF-8"?>
<testsuite name="griffon.pivot.support.adapters.TextPaneSelectionAdapterTest" tests="1" skipped="0" failures="0" errors="0" timestamp="2015-08-07T18:33:35" hostname="testing-worker-linux-027f0490-1-16455-linux-3-74613050" time="0.0">
  <properties/>
  <testcase name="testSelectionChanged" classname="griffon.pivot.support.adapters.TextPaneSelectionAdapterTest" time="0.0"/>
  <system-out><![CDATA[]]></system-out>
  <system-err><![CDATA[]]></system-err>
</testsuite>
