<?xml version="1.0" encoding="UTF-8"?>
<testsuite name="griffon.pivot.support.adapters.TextInputSelectionAdapterTest" tests="1" skipped="0" failures="0" errors="0" timestamp="2016-04-15T16:09:30" hostname="testing-gce-32024fc1-a1a1-4fb5-ad10-6c88253e2502.c.eco-emissary-99515.internal" time="0.0">
  <properties/>
  <testcase name="testSelectionChanged" classname="griffon.pivot.support.adapters.TextInputSelectionAdapterTest" time="0.0"/>
  <system-out><![CDATA[]]></system-out>
  <system-err><![CDATA[]]></system-err>
</testsuite>
