<?xml version="1.0" encoding="UTF-8"?>
<testsuite name="griffon.pivot.support.adapters.SuggestionPopupStateAdapterTest" tests="3" skipped="0" failures="0" errors="0" timestamp="2014-11-27T10:33:28" hostname="testing-worker-linux-3-2-26680-linux-18-42290416" time="0.006">
  <properties/>
  <testcase name="testSuggestionPopupClosed" classname="griffon.pivot.support.adapters.SuggestionPopupStateAdapterTest" time="0.004"/>
  <testcase name="testSuggestionPopupCloseVetoed" classname="griffon.pivot.support.adapters.SuggestionPopupStateAdapterTest" time="0.001"/>
  <testcase name="testPreviewSuggestionPopupClose" classname="griffon.pivot.support.adapters.SuggestionPopupStateAdapterTest" time="0.0"/>
  <system-out><![CDATA[]]></system-out>
  <system-err><![CDATA[]]></system-err>
</testsuite>
