<?xml version="1.0" encoding="UTF-8"?>
<testsuite name="griffon.pivot.support.adapters.MeterAdapterTest" tests="3" skipped="0" failures="0" errors="0" timestamp="2014-08-04T16:34:24" hostname="testing-worker-linux-5-1-1654-linux-12-31629973" time="0.006">
  <properties/>
  <testcase name="testPercentageChanged" classname="griffon.pivot.support.adapters.MeterAdapterTest" time="0.002"/>
  <testcase name="testTextChanged" classname="griffon.pivot.support.adapters.MeterAdapterTest" time="0.001"/>
  <testcase name="testOrientationChanged" classname="griffon.pivot.support.adapters.MeterAdapterTest" time="0.001"/>
  <system-out><![CDATA[]]></system-out>
  <system-err><![CDATA[]]></system-err>
</testsuite>
