<?xml version="1.0" encoding="UTF-8"?>
<testsuite name="griffon.pivot.support.adapters.ScrollPaneAdapterTest" tests="5" skipped="0" failures="0" errors="0" timestamp="2014-11-25T10:58:09" hostname="testing-worker-linux-8-2-19826-linux-1-42063237" time="0.003">
  <properties/>
  <testcase name="testCornerChanged" classname="griffon.pivot.support.adapters.ScrollPaneAdapterTest" time="0.0"/>
  <testcase name="testVerticalScrollBarPolicyChanged" classname="griffon.pivot.support.adapters.ScrollPaneAdapterTest" time="0.0"/>
  <testcase name="testHorizontalScrollBarPolicyChanged" classname="griffon.pivot.support.adapters.ScrollPaneAdapterTest" time="0.001"/>
  <testcase name="testColumnHeaderChanged" classname="griffon.pivot.support.adapters.ScrollPaneAdapterTest" time="0.0"/>
  <testcase name="testRowHeaderChanged" classname="griffon.pivot.support.adapters.ScrollPaneAdapterTest" time="0.001"/>
  <system-out><![CDATA[]]></system-out>
  <system-err><![CDATA[]]></system-err>
</testsuite>
