<?xml version="1.0" encoding="UTF-8"?>
<testsuite name="griffon.pivot.support.adapters.DialogCloseAdapterTest" tests="1" skipped="0" failures="0" errors="0" timestamp="2016-02-04T12:33:29" hostname="testing-gce-221bbe49-cfe9-48ee-927a-c65a81d07a9c.c.eco-emissary-99515.internal" time="0.0">
  <properties/>
  <testcase name="testDialogClosed" classname="griffon.pivot.support.adapters.DialogCloseAdapterTest" time="0.0"/>
  <system-out><![CDATA[]]></system-out>
  <system-err><![CDATA[]]></system-err>
</testsuite>
