<?xml version="1.0" encoding="UTF-8"?>
<testsuite name="griffon.pivot.support.adapters.DialogAdapterTest" tests="1" skipped="0" failures="0" errors="0" timestamp="2014-06-19T17:36:21" hostname="testing-worker-linux-6-1-3457-linux-2-27974779" time="0.002">
  <properties/>
  <testcase name="testModalChanged" classname="griffon.pivot.support.adapters.DialogAdapterTest" time="0.002"/>
  <system-out><![CDATA[]]></system-out>
  <system-err><![CDATA[]]></system-err>
</testsuite>
