<?xml version="1.0" encoding="UTF-8"?>
<testsuite name="griffon.pivot.support.adapters.SuggestionPopupStateAdapterTest" tests="3" skipped="0" failures="0" errors="0" timestamp="2016-05-15T10:23:31" hostname="testing-gce-849f456b-13c5-48dd-b5c2-cae76ce5c94c.c.travis-ci-prod-5.internal" time="0.004">
  <properties/>
  <testcase name="testSuggestionPopupClosed" classname="griffon.pivot.support.adapters.SuggestionPopupStateAdapterTest" time="0.001"/>
  <testcase name="testSuggestionPopupCloseVetoed" classname="griffon.pivot.support.adapters.SuggestionPopupStateAdapterTest" time="0.002"/>
  <testcase name="testPreviewSuggestionPopupClose" classname="griffon.pivot.support.adapters.SuggestionPopupStateAdapterTest" time="0.001"/>
  <system-out><![CDATA[]]></system-out>
  <system-err><![CDATA[]]></system-err>
</testsuite>
