<?xml version="1.0" encoding="UTF-8"?>
<testsuite name="griffon.pivot.support.adapters.MeterAdapterTest" tests="3" skipped="0" failures="0" errors="0" timestamp="2014-12-19T03:46:33" hostname="testing-worker-linux-8-1-9724-linux-13-44539270" time="0.002">
  <properties/>
  <testcase name="testPercentageChanged" classname="griffon.pivot.support.adapters.MeterAdapterTest" time="0.0"/>
  <testcase name="testTextChanged" classname="griffon.pivot.support.adapters.MeterAdapterTest" time="0.001"/>
  <testcase name="testOrientationChanged" classname="griffon.pivot.support.adapters.MeterAdapterTest" time="0.001"/>
  <system-out><![CDATA[]]></system-out>
  <system-err><![CDATA[]]></system-err>
</testsuite>
