<?xml version="1.0" encoding="UTF-8"?>
<testsuite name="griffon.pivot.support.adapters.TableViewSortAdapterTest" tests="4" skipped="0" failures="0" errors="0" timestamp="2014-12-18T03:28:23" hostname="testing-worker-linux-9-1-24821-linux-12-44411655" time="0.003">
  <properties/>
  <testcase name="testSortUpdated" classname="griffon.pivot.support.adapters.TableViewSortAdapterTest" time="0.0"/>
  <testcase name="testSortAdded" classname="griffon.pivot.support.adapters.TableViewSortAdapterTest" time="0.0"/>
  <testcase name="testSortChanged" classname="griffon.pivot.support.adapters.TableViewSortAdapterTest" time="0.001"/>
  <testcase name="testSortRemoved" classname="griffon.pivot.support.adapters.TableViewSortAdapterTest" time="0.001"/>
  <system-out><![CDATA[]]></system-out>
  <system-err><![CDATA[]]></system-err>
</testsuite>
