<?xml version="1.0" encoding="UTF-8"?>
<testsuite name="griffon.pivot.support.adapters.ButtonGroupAdapterTest" tests="3" skipped="0" failures="0" errors="0" timestamp="2014-08-12T15:32:02" hostname="testing-worker-linux-2-1-13765-linux-8-32343516" time="0.005">
  <properties/>
  <testcase name="testButtonRemoved" classname="griffon.pivot.support.adapters.ButtonGroupAdapterTest" time="0.001"/>
  <testcase name="testSelectionChanged" classname="griffon.pivot.support.adapters.ButtonGroupAdapterTest" time="0.001"/>
  <testcase name="testButtonAdded" classname="griffon.pivot.support.adapters.ButtonGroupAdapterTest" time="0.001"/>
  <system-out><![CDATA[]]></system-out>
  <system-err><![CDATA[]]></system-err>
</testsuite>
