<?xml version="1.0" encoding="UTF-8"?>
<testsuite name="griffon.pivot.support.adapters.ComponentDecoratorAdapterTest" tests="3" skipped="0" failures="0" errors="0" timestamp="2016-06-11T20:37:44" hostname="testing-gce-f379037a-31b9-42f4-8fcf-f05ffe7ddf9e.c.eco-emissary-99515.internal" time="0.002">
  <properties/>
  <testcase name="testDecoratorUpdated" classname="griffon.pivot.support.adapters.ComponentDecoratorAdapterTest" time="0.001"/>
  <testcase name="testDecoratorsRemoved" classname="griffon.pivot.support.adapters.ComponentDecoratorAdapterTest" time="0.0"/>
  <testcase name="testDecoratorInserted" classname="griffon.pivot.support.adapters.ComponentDecoratorAdapterTest" time="0.0"/>
  <system-out><![CDATA[]]></system-out>
  <system-err><![CDATA[]]></system-err>
</testsuite>
