<?xml version="1.0" encoding="UTF-8"?>
<testsuite name="griffon.pivot.support.adapters.MenuBarAdapterTest" tests="3" skipped="0" failures="0" errors="0" timestamp="2016-06-27T14:58:52" hostname="testing-gce-760f23d3-72d5-4494-9435-3a673eeae758.c.travis-ci-prod-5.internal" time="0.003">
  <properties/>
  <testcase name="testItemInserted" classname="griffon.pivot.support.adapters.MenuBarAdapterTest" time="0.0"/>
  <testcase name="testItemsRemoved" classname="griffon.pivot.support.adapters.MenuBarAdapterTest" time="0.0"/>
  <testcase name="testActiveItemChanged" classname="griffon.pivot.support.adapters.MenuBarAdapterTest" time="0.001"/>
  <system-out><![CDATA[]]></system-out>
  <system-err><![CDATA[]]></system-err>
</testsuite>
