<?xml version="1.0" encoding="UTF-8"?>
<testsuite name="griffon.pivot.support.adapters.SpinnerBindingAdapterTest" tests="6" skipped="0" failures="0" errors="0" timestamp="2015-03-15T13:47:26" hostname="testing-worker-linux-e7a62211-1-523-linux-4-54449099" time="0.005">
  <properties/>
  <testcase name="testSpinnerDataBindTypeChanged" classname="griffon.pivot.support.adapters.SpinnerBindingAdapterTest" time="0.001"/>
  <testcase name="testSpinnerDataKeyChanged" classname="griffon.pivot.support.adapters.SpinnerBindingAdapterTest" time="0.0"/>
  <testcase name="testSelectedItemKeyChanged" classname="griffon.pivot.support.adapters.SpinnerBindingAdapterTest" time="0.001"/>
  <testcase name="testSelectedItemBindMappingChanged" classname="griffon.pivot.support.adapters.SpinnerBindingAdapterTest" time="0.001"/>
  <testcase name="testSelectedItemBindTypeChanged" classname="griffon.pivot.support.adapters.SpinnerBindingAdapterTest" time="0.0"/>
  <testcase name="testSpinnerDataBindMappingChanged" classname="griffon.pivot.support.adapters.SpinnerBindingAdapterTest" time="0.0"/>
  <system-out><![CDATA[]]></system-out>
  <system-err><![CDATA[]]></system-err>
</testsuite>
