<?xml version="1.0" encoding="UTF-8"?>
<testsuite name="griffon.pivot.support.adapters.TableViewAdapterTest" tests="5" failures="0" errors="0" timestamp="2014-06-08T12:23:58" hostname="testing-worker-linux-6-1-3457-linux-4-27062687" time="0.008">
  <properties/>
  <testcase name="testSelectModeChanged" classname="griffon.pivot.support.adapters.TableViewAdapterTest" time="0.001"/>
  <testcase name="testDisabledRowFilterChanged" classname="griffon.pivot.support.adapters.TableViewAdapterTest" time="0.001"/>
  <testcase name="testColumnSourceChanged" classname="griffon.pivot.support.adapters.TableViewAdapterTest" time="0.001"/>
  <testcase name="testRowEditorChanged" classname="griffon.pivot.support.adapters.TableViewAdapterTest" time="0.001"/>
  <testcase name="testTableDataChanged" classname="griffon.pivot.support.adapters.TableViewAdapterTest" time="0.001"/>
  <system-out><![CDATA[]]></system-out>
  <system-err><![CDATA[]]></system-err>
</testsuite>
