<?xml version="1.0" encoding="UTF-8"?>
<testsuite name="griffon.pivot.support.adapters.ClipboardContentAdapterTest" tests="1" skipped="0" failures="0" errors="0" timestamp="2014-07-22T17:08:22" hostname="testing-worker-linux-11-2-4369-linux-10-30571771" time="0.001">
  <properties/>
  <testcase name="testContentChanged" classname="griffon.pivot.support.adapters.ClipboardContentAdapterTest" time="0.001"/>
  <system-out><![CDATA[]]></system-out>
  <system-err><![CDATA[]]></system-err>
</testsuite>
