<?xml version="1.0" encoding="UTF-8"?>
<testsuite name="griffon.pivot.support.adapters.TextPaneCharacterAdapterTest" tests="2" skipped="0" failures="0" errors="0" timestamp="2014-06-29T12:22:39" hostname="testing-worker-linux-10-1-463-linux-17-28706940" time="0.003">
  <properties/>
  <testcase name="testCharactersInserted" classname="griffon.pivot.support.adapters.TextPaneCharacterAdapterTest" time="0.001"/>
  <testcase name="testCharactersRemoved" classname="griffon.pivot.support.adapters.TextPaneCharacterAdapterTest" time="0.001"/>
  <system-out><![CDATA[]]></system-out>
  <system-err><![CDATA[]]></system-err>
</testsuite>
