<?xml version="1.0" encoding="UTF-8"?>
<testsuite name="griffon.pivot.support.adapters.ScrollBarValueAdapterTest" tests="1" skipped="0" failures="0" errors="0" timestamp="2014-11-29T16:40:42" hostname="testing-worker-linux-2-2-10303-linux-4-42484125" time="0.0">
  <properties/>
  <testcase name="testValueChanged" classname="griffon.pivot.support.adapters.ScrollBarValueAdapterTest" time="0.0"/>
  <system-out><![CDATA[]]></system-out>
  <system-err><![CDATA[]]></system-err>
</testsuite>
