<?xml version="1.0" encoding="UTF-8"?>
<testsuite name="griffon.pivot.support.adapters.DialogStateAdapterTest" tests="3" skipped="0" failures="0" errors="0" timestamp="2015-03-01T13:44:06" hostname="testing-worker-linux-c55820f2-1-30301-linux-15-52623818" time="0.002">
  <properties/>
  <testcase name="testPreviewDialogClose" classname="griffon.pivot.support.adapters.DialogStateAdapterTest" time="0.001"/>
  <testcase name="testDialogCloseVetoed" classname="griffon.pivot.support.adapters.DialogStateAdapterTest" time="0.0"/>
  <testcase name="testDialogClosed" classname="griffon.pivot.support.adapters.DialogStateAdapterTest" time="0.0"/>
  <system-out><![CDATA[]]></system-out>
  <system-err><![CDATA[]]></system-err>
</testsuite>
