<?xml version="1.0" encoding="UTF-8"?>
<testsuite name="griffon.pivot.support.adapters.MenuItemSelectionAdapterTest" tests="1" skipped="0" failures="0" errors="0" timestamp="2014-07-10T13:15:00" hostname="testing-worker-linux-8-2-20601-linux-12-29597711" time="0.001">
  <properties/>
  <testcase name="testItemSelected" classname="griffon.pivot.support.adapters.MenuItemSelectionAdapterTest" time="0.001"/>
  <system-out><![CDATA[]]></system-out>
  <system-err><![CDATA[]]></system-err>
</testsuite>
