<?xml version="1.0" encoding="UTF-8"?>
<testsuite name="griffon.pivot.support.adapters.SuggestionPopupSelectionAdapterTest" tests="2" skipped="0" failures="0" errors="0" timestamp="2014-07-22T17:08:22" hostname="testing-worker-linux-11-2-4369-linux-10-30571771" time="0.004">
  <properties/>
  <testcase name="testSelectedSuggestionChanged" classname="griffon.pivot.support.adapters.SuggestionPopupSelectionAdapterTest" time="0.002"/>
  <testcase name="testSelectedIndexChanged" classname="griffon.pivot.support.adapters.SuggestionPopupSelectionAdapterTest" time="0.002"/>
  <system-out><![CDATA[]]></system-out>
  <system-err><![CDATA[]]></system-err>
</testsuite>
