<?xml version="1.0" encoding="UTF-8"?>
<testsuite name="griffon.pivot.support.adapters.AccordionAdapterTest" tests="3" skipped="0" failures="0" errors="0" timestamp="2015-03-15T13:41:21" hostname="testing-worker-linux-bb3654bb-1-522-linux-19-54448783" time="0.003">
  <properties/>
  <testcase name="testPanelInserted" classname="griffon.pivot.support.adapters.AccordionAdapterTest" time="0.001"/>
  <testcase name="testPanelsRemoved" classname="griffon.pivot.support.adapters.AccordionAdapterTest" time="0.0"/>
  <testcase name="testHeaderDataRendererChanged" classname="griffon.pivot.support.adapters.AccordionAdapterTest" time="0.001"/>
  <system-out><![CDATA[]]></system-out>
  <system-err><![CDATA[]]></system-err>
</testsuite>
