<?xml version="1.0" encoding="UTF-8"?>
<testsuite name="griffon.pivot.support.adapters.MovieAdapterTest" tests="7" skipped="0" failures="0" errors="0" timestamp="2014-12-18T03:28:23" hostname="testing-worker-linux-9-1-24821-linux-12-44411655" time="0.006">
  <properties/>
  <testcase name="testCurrentFrameChanged" classname="griffon.pivot.support.adapters.MovieAdapterTest" time="0.001"/>
  <testcase name="testRegionUpdated" classname="griffon.pivot.support.adapters.MovieAdapterTest" time="0.001"/>
  <testcase name="testSizeChanged" classname="griffon.pivot.support.adapters.MovieAdapterTest" time="0.001"/>
  <testcase name="testLoopingChanged" classname="griffon.pivot.support.adapters.MovieAdapterTest" time="0.001"/>
  <testcase name="testBaselineChanged" classname="griffon.pivot.support.adapters.MovieAdapterTest" time="0.0"/>
  <testcase name="testMovieStarted" classname="griffon.pivot.support.adapters.MovieAdapterTest" time="0.0"/>
  <testcase name="testMovieStopped" classname="griffon.pivot.support.adapters.MovieAdapterTest" time="0.001"/>
  <system-out><![CDATA[]]></system-out>
  <system-err><![CDATA[]]></system-err>
</testsuite>
