<?xml version="1.0" encoding="UTF-8"?>
<testsuite name="griffon.pivot.support.adapters.AccordionSelectionAdapterTest" tests="3" skipped="0" failures="0" errors="0" timestamp="2015-09-24T07:26:01" hostname="testing-worker-linux-968a87ce-2-16078-linux-10-81916283" time="0.003">
  <properties/>
  <testcase name="testPreviewSelectedIndexChange" classname="griffon.pivot.support.adapters.AccordionSelectionAdapterTest" time="0.001"/>
  <testcase name="testSelectedIndexChangeVetoed" classname="griffon.pivot.support.adapters.AccordionSelectionAdapterTest" time="0.0"/>
  <testcase name="testSelectedIndexChanged" classname="griffon.pivot.support.adapters.AccordionSelectionAdapterTest" time="0.001"/>
  <system-out><![CDATA[]]></system-out>
  <system-err><![CDATA[]]></system-err>
</testsuite>
