<?xml version="1.0" encoding="UTF-8"?>
<testsuite name="griffon.pivot.support.adapters.ActionClassAdapterTest" tests="3" failures="0" errors="0" timestamp="2014-02-13T21:05:06" hostname="testing-worker-linux-7-1-10748-linux-17-18834379" time="0.006">
  <properties/>
  <testcase name="testActionUpdated" classname="griffon.pivot.support.adapters.ActionClassAdapterTest" time="0.001"/>
  <testcase name="testActionRemoved" classname="griffon.pivot.support.adapters.ActionClassAdapterTest" time="0.001"/>
  <testcase name="testActionAdded" classname="griffon.pivot.support.adapters.ActionClassAdapterTest" time="0.002"/>
  <system-out><![CDATA[]]></system-out>
  <system-err><![CDATA[]]></system-err>
</testsuite>
