<?xml version="1.0" encoding="UTF-8"?>
<testsuite name="griffon.pivot.support.adapters.DialogStateAdapterTest" tests="3" skipped="0" failures="0" errors="0" timestamp="2015-09-01T03:10:34" hostname="testing-worker-linux-bb3654bb-2-17586-linux-4-78157600" time="0.001">
  <properties/>
  <testcase name="testPreviewDialogClose" classname="griffon.pivot.support.adapters.DialogStateAdapterTest" time="0.0"/>
  <testcase name="testDialogCloseVetoed" classname="griffon.pivot.support.adapters.DialogStateAdapterTest" time="0.001"/>
  <testcase name="testDialogClosed" classname="griffon.pivot.support.adapters.DialogStateAdapterTest" time="0.0"/>
  <system-out><![CDATA[]]></system-out>
  <system-err><![CDATA[]]></system-err>
</testsuite>
