<?xml version="1.0" encoding="UTF-8"?>
<testsuite name="griffon.pivot.support.adapters.TableViewColumnAdapterTest" tests="9" skipped="0" failures="0" errors="0" timestamp="2015-06-09T08:05:32" hostname="testing-worker-linux-e7a62211-1-24794-linux-2-66008713" time="0.005">
  <properties/>
  <testcase name="testColumnWidthChanged" classname="griffon.pivot.support.adapters.TableViewColumnAdapterTest" time="0.0"/>
  <testcase name="testColumnWidthLimitsChanged" classname="griffon.pivot.support.adapters.TableViewColumnAdapterTest" time="0.001"/>
  <testcase name="testColumnInserted" classname="griffon.pivot.support.adapters.TableViewColumnAdapterTest" time="0.001"/>
  <testcase name="testColumnCellRendererChanged" classname="griffon.pivot.support.adapters.TableViewColumnAdapterTest" time="0.0"/>
  <testcase name="testColumnsRemoved" classname="griffon.pivot.support.adapters.TableViewColumnAdapterTest" time="0.001"/>
  <testcase name="testColumnHeaderDataChanged" classname="griffon.pivot.support.adapters.TableViewColumnAdapterTest" time="0.0"/>
  <testcase name="testColumnFilterChanged" classname="griffon.pivot.support.adapters.TableViewColumnAdapterTest" time="0.001"/>
  <testcase name="testColumnNameChanged" classname="griffon.pivot.support.adapters.TableViewColumnAdapterTest" time="0.0"/>
  <testcase name="testColumnHeaderDataRendererChanged" classname="griffon.pivot.support.adapters.TableViewColumnAdapterTest" time="0.001"/>
  <system-out><![CDATA[]]></system-out>
  <system-err><![CDATA[]]></system-err>
</testsuite>
