<?xml version="1.0" encoding="UTF-8"?>
<testsuite name="griffon.pivot.support.adapters.TreeViewNodeAdapterTest" tests="5" skipped="0" failures="0" errors="0" timestamp="2016-02-29T12:12:22" hostname="testing-gce-4eb76982-1731-4597-b9de-8ca85393fd0e.c.eco-emissary-99515.internal" time="0.008">
  <properties/>
  <testcase name="testNodeUpdated" classname="griffon.pivot.support.adapters.TreeViewNodeAdapterTest" time="0.001"/>
  <testcase name="testNodesSorted" classname="griffon.pivot.support.adapters.TreeViewNodeAdapterTest" time="0.001"/>
  <testcase name="testNodeInserted" classname="griffon.pivot.support.adapters.TreeViewNodeAdapterTest" time="0.002"/>
  <testcase name="testNodesCleared" classname="griffon.pivot.support.adapters.TreeViewNodeAdapterTest" time="0.0"/>
  <testcase name="testNodesRemoved" classname="griffon.pivot.support.adapters.TreeViewNodeAdapterTest" time="0.002"/>
  <system-out><![CDATA[]]></system-out>
  <system-err><![CDATA[]]></system-err>
</testsuite>
