<?xml version="1.0" encoding="UTF-8"?>
<testsuite name="griffon.pivot.support.adapters.SliderValueAdapterTest" tests="1" failures="0" errors="0" timestamp="2014-02-14T18:16:35" hostname="testing-worker-linux-9-2-26990-linux-7-18895936" time="0.001">
  <properties/>
  <testcase name="testValueChanged" classname="griffon.pivot.support.adapters.SliderValueAdapterTest" time="0.001"/>
  <system-out><![CDATA[]]></system-out>
  <system-err><![CDATA[]]></system-err>
</testsuite>
