<?xml version="1.0" encoding="UTF-8"?>
<testsuite name="griffon.pivot.support.adapters.LabelAdapterTest" tests="1" skipped="0" failures="0" errors="0" timestamp="2015-08-24T10:32:39" hostname="testing-worker-linux-77796cae-2-11556-linux-9-76957188" time="0.001">
  <properties/>
  <testcase name="testTextChanged" classname="griffon.pivot.support.adapters.LabelAdapterTest" time="0.001"/>
  <system-out><![CDATA[]]></system-out>
  <system-err><![CDATA[]]></system-err>
</testsuite>
