<?xml version="1.0" encoding="UTF-8"?>
<testsuite name="griffon.pivot.support.adapters.TreeViewNodeAdapterTest" tests="5" skipped="0" failures="0" errors="0" timestamp="2016-01-16T22:32:14" hostname="testing-gce-ee261661-8564-4f51-964c-05a550a052f1.c.eco-emissary-99515.internal" time="0.005">
  <properties/>
  <testcase name="testNodeUpdated" classname="griffon.pivot.support.adapters.TreeViewNodeAdapterTest" time="0.001"/>
  <testcase name="testNodesSorted" classname="griffon.pivot.support.adapters.TreeViewNodeAdapterTest" time="0.001"/>
  <testcase name="testNodeInserted" classname="griffon.pivot.support.adapters.TreeViewNodeAdapterTest" time="0.0"/>
  <testcase name="testNodesCleared" classname="griffon.pivot.support.adapters.TreeViewNodeAdapterTest" time="0.001"/>
  <testcase name="testNodesRemoved" classname="griffon.pivot.support.adapters.TreeViewNodeAdapterTest" time="0.001"/>
  <system-out><![CDATA[]]></system-out>
  <system-err><![CDATA[]]></system-err>
</testsuite>
