<?xml version="1.0" encoding="UTF-8"?>
<testsuite name="griffon.pivot.support.adapters.NumberedListAdapterTest" tests="1" skipped="0" failures="0" errors="0" timestamp="2015-02-19T15:58:56" hostname="testing-worker-linux-bb3654bb-2-23066-linux-19-51390683" time="0.001">
  <properties/>
  <testcase name="testStyleChanged" classname="griffon.pivot.support.adapters.NumberedListAdapterTest" time="0.001"/>
  <system-out><![CDATA[]]></system-out>
  <system-err><![CDATA[]]></system-err>
</testsuite>
