<?xml version="1.0" encoding="UTF-8"?>
<testsuite name="griffon.pivot.support.adapters.GridPaneAdapterTest" tests="6" skipped="0" failures="0" errors="0" timestamp="2014-08-26T19:11:28" hostname="testing-worker-linux-10-2-14444-linux-20-33621965" time="0.009">
  <properties/>
  <testcase name="testCellUpdated" classname="griffon.pivot.support.adapters.GridPaneAdapterTest" time="0.001"/>
  <testcase name="testCellInserted" classname="griffon.pivot.support.adapters.GridPaneAdapterTest" time="0.001"/>
  <testcase name="testCellsRemoved" classname="griffon.pivot.support.adapters.GridPaneAdapterTest" time="0.001"/>
  <testcase name="testColumnCountChanged" classname="griffon.pivot.support.adapters.GridPaneAdapterTest" time="0.001"/>
  <testcase name="testRowInserted" classname="griffon.pivot.support.adapters.GridPaneAdapterTest" time="0.001"/>
  <testcase name="testRowsRemoved" classname="griffon.pivot.support.adapters.GridPaneAdapterTest" time="0.001"/>
  <system-out><![CDATA[]]></system-out>
  <system-err><![CDATA[]]></system-err>
</testsuite>
