<?xml version="1.0" encoding="UTF-8"?>
<testsuite name="griffon.pivot.support.adapters.PromptAdapterTest" tests="6" skipped="0" failures="0" errors="0" timestamp="2016-02-27T20:30:40" hostname="testing-gce-c8a428f8-8d5f-4680-90bd-d14fbaf74e35.c.eco-emissary-99515.internal" time="0.008">
  <properties/>
  <testcase name="testSelectedOptionChanged" classname="griffon.pivot.support.adapters.PromptAdapterTest" time="0.005"/>
  <testcase name="testMessageChanged" classname="griffon.pivot.support.adapters.PromptAdapterTest" time="0.001"/>
  <testcase name="testMessageTypeChanged" classname="griffon.pivot.support.adapters.PromptAdapterTest" time="0.0"/>
  <testcase name="testOptionInserted" classname="griffon.pivot.support.adapters.PromptAdapterTest" time="0.001"/>
  <testcase name="testBodyChanged" classname="griffon.pivot.support.adapters.PromptAdapterTest" time="0.0"/>
  <testcase name="testOptionsRemoved" classname="griffon.pivot.support.adapters.PromptAdapterTest" time="0.0"/>
  <system-out><![CDATA[]]></system-out>
  <system-err><![CDATA[]]></system-err>
</testsuite>
