<?xml version="1.0" encoding="UTF-8"?>
<testsuite name="griffon.pivot.support.adapters.TreeViewSelectionAdapterTest" tests="4" failures="0" errors="0" timestamp="2014-02-13T06:47:12" hostname="testing-worker-linux-5-2-31907-linux-18-18785418" time="0.007">
  <properties/>
  <testcase name="testSelectedNodeChanged" classname="griffon.pivot.support.adapters.TreeViewSelectionAdapterTest" time="0.001"/>
  <testcase name="testSelectedPathsChanged" classname="griffon.pivot.support.adapters.TreeViewSelectionAdapterTest" time="0.001"/>
  <testcase name="testSelectedPathRemoved" classname="griffon.pivot.support.adapters.TreeViewSelectionAdapterTest" time="0.001"/>
  <testcase name="testSelectedPathAdded" classname="griffon.pivot.support.adapters.TreeViewSelectionAdapterTest" time="0.001"/>
  <system-out><![CDATA[]]></system-out>
  <system-err><![CDATA[]]></system-err>
</testsuite>
