<?xml version="1.0" encoding="UTF-8"?>
<testsuite name="griffon.pivot.support.adapters.TableViewRowAdapterTest" tests="5" skipped="0" failures="0" errors="0" timestamp="2016-02-29T12:12:22" hostname="testing-gce-4eb76982-1731-4597-b9de-8ca85393fd0e.c.eco-emissary-99515.internal" time="0.006">
  <properties/>
  <testcase name="testRowUpdated" classname="griffon.pivot.support.adapters.TableViewRowAdapterTest" time="0.002"/>
  <testcase name="testRowsSorted" classname="griffon.pivot.support.adapters.TableViewRowAdapterTest" time="0.001"/>
  <testcase name="testRowInserted" classname="griffon.pivot.support.adapters.TableViewRowAdapterTest" time="0.001"/>
  <testcase name="testRowsCleared" classname="griffon.pivot.support.adapters.TableViewRowAdapterTest" time="0.0"/>
  <testcase name="testRowsRemoved" classname="griffon.pivot.support.adapters.TableViewRowAdapterTest" time="0.0"/>
  <system-out><![CDATA[]]></system-out>
  <system-err><![CDATA[]]></system-err>
</testsuite>
