<?xml version="1.0" encoding="UTF-8"?>
<testsuite name="griffon.pivot.support.adapters.TableViewSortAdapterTest" tests="4" skipped="0" failures="0" errors="0" timestamp="2015-08-04T13:35:43" hostname="testing-worker-linux-027f0490-1-16455-linux-15-74062201" time="0.003">
  <properties/>
  <testcase name="testSortUpdated" classname="griffon.pivot.support.adapters.TableViewSortAdapterTest" time="0.001"/>
  <testcase name="testSortAdded" classname="griffon.pivot.support.adapters.TableViewSortAdapterTest" time="0.001"/>
  <testcase name="testSortChanged" classname="griffon.pivot.support.adapters.TableViewSortAdapterTest" time="0.0"/>
  <testcase name="testSortRemoved" classname="griffon.pivot.support.adapters.TableViewSortAdapterTest" time="0.0"/>
  <system-out><![CDATA[]]></system-out>
  <system-err><![CDATA[]]></system-err>
</testsuite>
