<?xml version="1.0" encoding="UTF-8"?>
<testsuite name="griffon.pivot.support.adapters.ActionAdapterTest" tests="1" skipped="0" failures="0" errors="0" timestamp="2014-08-13T08:10:47" hostname="testing-worker-linux-5-2-1709-linux-16-32410101" time="0.001">
  <properties/>
  <testcase name="testEnabledChanged" classname="griffon.pivot.support.adapters.ActionAdapterTest" time="0.001"/>
  <system-out><![CDATA[]]></system-out>
  <system-err><![CDATA[]]></system-err>
</testsuite>
