<?xml version="1.0" encoding="UTF-8"?>
<testsuite name="griffon.pivot.support.adapters.TableViewHeaderPressAdapterTest" tests="1" skipped="0" failures="0" errors="0" timestamp="2015-08-28T15:21:09" hostname="testing-worker-linux-5590757e-1-7011-linux-7-77698798" time="0.0">
  <properties/>
  <testcase name="testHeaderPressed" classname="griffon.pivot.support.adapters.TableViewHeaderPressAdapterTest" time="0.0"/>
  <system-out><![CDATA[]]></system-out>
  <system-err><![CDATA[]]></system-err>
</testsuite>
