<?xml version="1.0" encoding="UTF-8"?>
<testsuite name="griffon.pivot.support.adapters.TableViewColumnAdapterTest" tests="9" skipped="0" failures="0" errors="0" timestamp="2016-02-29T09:59:33" hostname="testing-gce-aabc1c4a-147b-4134-958a-1e1fc10157af.c.eco-emissary-99515.internal" time="0.006">
  <properties/>
  <testcase name="testColumnWidthChanged" classname="griffon.pivot.support.adapters.TableViewColumnAdapterTest" time="0.001"/>
  <testcase name="testColumnWidthLimitsChanged" classname="griffon.pivot.support.adapters.TableViewColumnAdapterTest" time="0.0"/>
  <testcase name="testColumnInserted" classname="griffon.pivot.support.adapters.TableViewColumnAdapterTest" time="0.001"/>
  <testcase name="testColumnCellRendererChanged" classname="griffon.pivot.support.adapters.TableViewColumnAdapterTest" time="0.001"/>
  <testcase name="testColumnsRemoved" classname="griffon.pivot.support.adapters.TableViewColumnAdapterTest" time="0.0"/>
  <testcase name="testColumnHeaderDataChanged" classname="griffon.pivot.support.adapters.TableViewColumnAdapterTest" time="0.0"/>
  <testcase name="testColumnFilterChanged" classname="griffon.pivot.support.adapters.TableViewColumnAdapterTest" time="0.001"/>
  <testcase name="testColumnNameChanged" classname="griffon.pivot.support.adapters.TableViewColumnAdapterTest" time="0.001"/>
  <testcase name="testColumnHeaderDataRendererChanged" classname="griffon.pivot.support.adapters.TableViewColumnAdapterTest" time="0.0"/>
  <system-out><![CDATA[]]></system-out>
  <system-err><![CDATA[]]></system-err>
</testsuite>
