<?xml version="1.0" encoding="UTF-8"?>
<testsuite name="griffon.pivot.support.adapters.CalendarButtonSelectionAdapterTest" tests="1" failures="0" errors="0" timestamp="2014-02-17T20:58:02" hostname="testing-worker-linux-2-2-30281-linux-3-19064236" time="0.001">
  <properties/>
  <testcase name="testSelectedDateChanged" classname="griffon.pivot.support.adapters.CalendarButtonSelectionAdapterTest" time="0.001"/>
  <system-out><![CDATA[]]></system-out>
  <system-err><![CDATA[]]></system-err>
</testsuite>
