<?xml version="1.0" encoding="UTF-8"?>
<testsuite name="griffon.pivot.support.adapters.ContainerMouseAdapterTest" tests="4" skipped="0" failures="0" errors="0" timestamp="2015-01-14T13:54:07" hostname="testing-worker-linux-9-1-24821-linux-3-46984794" time="0.006">
  <properties/>
  <testcase name="testMouseWheel" classname="griffon.pivot.support.adapters.ContainerMouseAdapterTest" time="0.001"/>
  <testcase name="testMouseUp" classname="griffon.pivot.support.adapters.ContainerMouseAdapterTest" time="0.002"/>
  <testcase name="testMouseDown" classname="griffon.pivot.support.adapters.ContainerMouseAdapterTest" time="0.001"/>
  <testcase name="testMouseMove" classname="griffon.pivot.support.adapters.ContainerMouseAdapterTest" time="0.001"/>
  <system-out><![CDATA[]]></system-out>
  <system-err><![CDATA[]]></system-err>
</testsuite>
