<?xml version="1.0" encoding="UTF-8"?>
<testsuite name="griffon.pivot.support.adapters.MenuButtonAdapterTest" tests="1" skipped="0" failures="0" errors="0" timestamp="2014-06-27T20:24:55" hostname="testing-worker-linux-6-2-3512-linux-7-28622284" time="0.0">
  <properties/>
  <testcase name="testMenuChanged" classname="griffon.pivot.support.adapters.MenuButtonAdapterTest" time="0.0"/>
  <system-out><![CDATA[]]></system-out>
  <system-err><![CDATA[]]></system-err>
</testsuite>
