<?xml version="1.0" encoding="UTF-8"?>
<testsuite name="griffon.pivot.support.adapters.ColorChooserButtonSelectionAdapterTest" tests="1" skipped="0" failures="0" errors="0" timestamp="2015-12-31T16:32:03" hostname="testing-gce-96b61102-cde3-48c3-a690-d8ea36f44c80.c.eco-emissary-99515.internal" time="0.002">
  <properties/>
  <testcase name="testSelectedColorChanged" classname="griffon.pivot.support.adapters.ColorChooserButtonSelectionAdapterTest" time="0.002"/>
  <system-out><![CDATA[]]></system-out>
  <system-err><![CDATA[]]></system-err>
</testsuite>
