<?xml version="1.0" encoding="UTF-8"?>
<testsuite name="griffon.pivot.support.adapters.TextInputSelectionAdapterTest" tests="1" failures="0" errors="0" timestamp="2014-06-02T12:30:54" hostname="testing-worker-linux-4-2-30364-linux-20-26568044" time="0.001">
  <properties/>
  <testcase name="testSelectionChanged" classname="griffon.pivot.support.adapters.TextInputSelectionAdapterTest" time="0.001"/>
  <system-out><![CDATA[]]></system-out>
  <system-err><![CDATA[]]></system-err>
</testsuite>
