<?xml version="1.0" encoding="UTF-8"?>
<testsuite name="griffon.pivot.support.adapters.TextPaneSelectionAdapterTest" tests="1" failures="0" errors="0" timestamp="2014-06-08T12:23:59" hostname="testing-worker-linux-6-1-3457-linux-4-27062687" time="0.001">
  <properties/>
  <testcase name="testSelectionChanged" classname="griffon.pivot.support.adapters.TextPaneSelectionAdapterTest" time="0.001"/>
  <system-out><![CDATA[]]></system-out>
  <system-err><![CDATA[]]></system-err>
</testsuite>
