<?xml version="1.0" encoding="UTF-8"?>
<testsuite name="griffon.pivot.support.adapters.TableViewHeaderPressAdapterTest" tests="1" skipped="0" failures="0" errors="0" timestamp="2014-06-18T09:23:27" hostname="testing-worker-linux-6-1-3457-linux-19-27846330" time="0.0">
  <properties/>
  <testcase name="testHeaderPressed" classname="griffon.pivot.support.adapters.TableViewHeaderPressAdapterTest" time="0.0"/>
  <system-out><![CDATA[]]></system-out>
  <system-err><![CDATA[]]></system-err>
</testsuite>
