<?xml version="1.0" encoding="UTF-8"?>
<testsuite name="griffon.pivot.support.adapters.FrameAdapterTest" tests="1" skipped="0" failures="0" errors="0" timestamp="2014-08-13T11:51:45" hostname="testing-worker-linux-11-1-1899-linux-20-32425294" time="0.0">
  <properties/>
  <testcase name="testMenuBarChanged" classname="griffon.pivot.support.adapters.FrameAdapterTest" time="0.0"/>
  <system-out><![CDATA[]]></system-out>
  <system-err><![CDATA[]]></system-err>
</testsuite>
