<?xml version="1.0" encoding="UTF-8"?>
<testsuite name="griffon.pivot.support.adapters.SpinnerSelectionAdapterTest" tests="2" skipped="0" failures="0" errors="0" timestamp="2014-06-18T19:31:04" hostname="testing-worker-linux-9-2-10887-linux-18-27893600" time="0.003">
  <properties/>
  <testcase name="testSelectedIndexChanged" classname="griffon.pivot.support.adapters.SpinnerSelectionAdapterTest" time="0.001"/>
  <testcase name="testSelectedItemChanged" classname="griffon.pivot.support.adapters.SpinnerSelectionAdapterTest" time="0.001"/>
  <system-out><![CDATA[]]></system-out>
  <system-err><![CDATA[]]></system-err>
</testsuite>
