<?xml version="1.0" encoding="UTF-8"?>
<testsuite name="griffon.pivot.support.adapters.ViewportAdapterTest" tests="3" skipped="0" failures="0" errors="0" timestamp="2014-11-27T09:43:31" hostname="testing-worker-linux-9-1-5974-linux-6-42286565" time="0.003">
  <properties/>
  <testcase name="testViewChanged" classname="griffon.pivot.support.adapters.ViewportAdapterTest" time="0.001"/>
  <testcase name="testScrollLeftChanged" classname="griffon.pivot.support.adapters.ViewportAdapterTest" time="0.001"/>
  <testcase name="testScrollTopChanged" classname="griffon.pivot.support.adapters.ViewportAdapterTest" time="0.001"/>
  <system-out><![CDATA[]]></system-out>
  <system-err><![CDATA[]]></system-err>
</testsuite>
