<?xml version="1.0" encoding="UTF-8"?>
<testsuite name="griffon.pivot.support.adapters.TreeViewSelectionAdapterTest" tests="4" skipped="0" failures="0" errors="0" timestamp="2016-02-27T19:52:29" hostname="testing-gce-4eb26dea-0641-45c6-9733-a8138013a5b2.c.eco-emissary-99515.internal" time="0.007">
  <properties/>
  <testcase name="testSelectedNodeChanged" classname="griffon.pivot.support.adapters.TreeViewSelectionAdapterTest" time="0.0"/>
  <testcase name="testSelectedPathsChanged" classname="griffon.pivot.support.adapters.TreeViewSelectionAdapterTest" time="0.0"/>
  <testcase name="testSelectedPathRemoved" classname="griffon.pivot.support.adapters.TreeViewSelectionAdapterTest" time="0.004"/>
  <testcase name="testSelectedPathAdded" classname="griffon.pivot.support.adapters.TreeViewSelectionAdapterTest" time="0.001"/>
  <system-out><![CDATA[]]></system-out>
  <system-err><![CDATA[]]></system-err>
</testsuite>
