<?xml version="1.0" encoding="UTF-8"?>
<testsuite name="griffon.pivot.support.adapters.ColorChooserSelectionAdapterTest" tests="1" skipped="0" failures="0" errors="0" timestamp="2015-01-22T11:54:22" hostname="testing-worker-linux-68eca1f8-1-8428-linux-4-47905474" time="0.001">
  <properties/>
  <testcase name="testSelectedColorChanged" classname="griffon.pivot.support.adapters.ColorChooserSelectionAdapterTest" time="0.001"/>
  <system-out><![CDATA[]]></system-out>
  <system-err><![CDATA[]]></system-err>
</testsuite>
