<?xml version="1.0" encoding="UTF-8"?>
<testsuite name="griffon.pivot.support.adapters.TreeViewNodeStateAdapterTest" tests="1" skipped="0" failures="0" errors="0" timestamp="2015-01-29T11:42:14" hostname="testing-worker-linux-85ee80ed-2-8570-linux-3-48747716" time="0.0">
  <properties/>
  <testcase name="testNodeCheckStateChanged" classname="griffon.pivot.support.adapters.TreeViewNodeStateAdapterTest" time="0.0"/>
  <system-out><![CDATA[]]></system-out>
  <system-err><![CDATA[]]></system-err>
</testsuite>
