<?xml version="1.0" encoding="UTF-8"?>
<testsuite name="griffon.pivot.support.adapters.TreeViewNodeStateAdapterTest" tests="1" skipped="0" failures="0" errors="0" timestamp="2015-08-19T16:56:10" hostname="testing-worker-linux-968a87ce-2-2279-linux-12-76305112" time="0.0">
  <properties/>
  <testcase name="testNodeCheckStateChanged" classname="griffon.pivot.support.adapters.TreeViewNodeStateAdapterTest" time="0.0"/>
  <system-out><![CDATA[]]></system-out>
  <system-err><![CDATA[]]></system-err>
</testsuite>
