<?xml version="1.0" encoding="UTF-8"?>
<testsuite name="griffon.pivot.support.adapters.TextNodeAdapterTest" tests="2" failures="0" errors="0" timestamp="2014-02-16T12:06:50" hostname="testing-worker-linux-8-1-2081-linux-16-18974705" time="0.003">
  <properties/>
  <testcase name="testCharactersInserted" classname="griffon.pivot.support.adapters.TextNodeAdapterTest" time="0.001"/>
  <testcase name="testCharactersRemoved" classname="griffon.pivot.support.adapters.TextNodeAdapterTest" time="0.001"/>
  <system-out><![CDATA[]]></system-out>
  <system-err><![CDATA[]]></system-err>
</testsuite>
