<?xml version="1.0" encoding="UTF-8"?>
<testsuite name="griffon.pivot.support.adapters.MovieAdapterTest" tests="7" skipped="0" failures="0" errors="0" timestamp="2016-07-07T07:47:13" hostname="testing-gce-c7eac84c-aeaf-4ced-9ed0-1c037e7a2b16.c.travis-ci-prod-3.internal" time="0.007">
  <properties/>
  <testcase name="testCurrentFrameChanged" classname="griffon.pivot.support.adapters.MovieAdapterTest" time="0.0"/>
  <testcase name="testRegionUpdated" classname="griffon.pivot.support.adapters.MovieAdapterTest" time="0.001"/>
  <testcase name="testSizeChanged" classname="griffon.pivot.support.adapters.MovieAdapterTest" time="0.0"/>
  <testcase name="testLoopingChanged" classname="griffon.pivot.support.adapters.MovieAdapterTest" time="0.0"/>
  <testcase name="testBaselineChanged" classname="griffon.pivot.support.adapters.MovieAdapterTest" time="0.0"/>
  <testcase name="testMovieStarted" classname="griffon.pivot.support.adapters.MovieAdapterTest" time="0.0"/>
  <testcase name="testMovieStopped" classname="griffon.pivot.support.adapters.MovieAdapterTest" time="0.004"/>
  <system-out><![CDATA[]]></system-out>
  <system-err><![CDATA[]]></system-err>
</testsuite>
