<?xml version="1.0" encoding="UTF-8"?>
<testsuite name="griffon.pivot.support.adapters.BorderAdapterTest" tests="2" skipped="0" failures="0" errors="0" timestamp="2014-11-26T21:16:29" hostname="testing-worker-linux-11-1-31431-linux-5-42240409" time="0.001">
  <properties/>
  <testcase name="testTitleChanged" classname="griffon.pivot.support.adapters.BorderAdapterTest" time="0.0"/>
  <testcase name="testContentChanged" classname="griffon.pivot.support.adapters.BorderAdapterTest" time="0.0"/>
  <system-out><![CDATA[]]></system-out>
  <system-err><![CDATA[]]></system-err>
</testsuite>
