<?xml version="1.0" encoding="UTF-8"?>
<testsuite name="griffon.pivot.support.adapters.ComponentDecoratorAdapterTest" tests="3" skipped="0" failures="0" errors="0" timestamp="2016-06-15T12:07:14" hostname="testing-gce-92bc9de2-5bad-4310-af48-15e4e974841d.c.travis-ci-prod-2.internal" time="0.002">
  <properties/>
  <testcase name="testDecoratorUpdated" classname="griffon.pivot.support.adapters.ComponentDecoratorAdapterTest" time="0.0"/>
  <testcase name="testDecoratorsRemoved" classname="griffon.pivot.support.adapters.ComponentDecoratorAdapterTest" time="0.0"/>
  <testcase name="testDecoratorInserted" classname="griffon.pivot.support.adapters.ComponentDecoratorAdapterTest" time="0.001"/>
  <system-out><![CDATA[]]></system-out>
  <system-err><![CDATA[]]></system-err>
</testsuite>
