<?xml version="1.0" encoding="UTF-8"?>
<testsuite name="griffon.pivot.support.adapters.ComponentMouseAdapterTest" tests="3" failures="0" errors="0" timestamp="2014-02-16T12:06:51" hostname="testing-worker-linux-8-1-2081-linux-16-18974705" time="0.004">
  <properties/>
  <testcase name="testMouseOut" classname="griffon.pivot.support.adapters.ComponentMouseAdapterTest" time="0.001"/>
  <testcase name="testMouseMove" classname="griffon.pivot.support.adapters.ComponentMouseAdapterTest" time="0.002"/>
  <testcase name="testMouseOver" classname="griffon.pivot.support.adapters.ComponentMouseAdapterTest" time="0.001"/>
  <system-out><![CDATA[]]></system-out>
  <system-err><![CDATA[]]></system-err>
</testsuite>
