<?xml version="1.0" encoding="UTF-8"?>
<testsuite name="griffon.pivot.support.adapters.CardPaneAdapterTest" tests="3" skipped="0" failures="0" errors="0" timestamp="2015-10-09T20:02:15" hostname="testing-worker-linux-a01deac5-2-20554-linux-3-84574064" time="0.001">
  <properties/>
  <testcase name="testPreviewSelectedIndexChange" classname="griffon.pivot.support.adapters.CardPaneAdapterTest" time="0.0"/>
  <testcase name="testSelectedIndexChangeVetoed" classname="griffon.pivot.support.adapters.CardPaneAdapterTest" time="0.001"/>
  <testcase name="testSelectedIndexChanged" classname="griffon.pivot.support.adapters.CardPaneAdapterTest" time="0.0"/>
  <system-out><![CDATA[]]></system-out>
  <system-err><![CDATA[]]></system-err>
</testsuite>
