<?xml version="1.0" encoding="UTF-8"?>
<testsuite name="griffon.pivot.support.adapters.ColorChooserButtonSelectionAdapterTest" tests="1" skipped="0" failures="0" errors="0" timestamp="2016-06-19T18:21:58" hostname="testing-gce-17ba713e-84b3-4de2-947d-b7661b55458b.c.travis-ci-prod-4.internal" time="0.003">
  <properties/>
  <testcase name="testSelectedColorChanged" classname="griffon.pivot.support.adapters.ColorChooserButtonSelectionAdapterTest" time="0.003"/>
  <system-out><![CDATA[]]></system-out>
  <system-err><![CDATA[]]></system-err>
</testsuite>
