<?xml version="1.0" encoding="UTF-8"?>
<testsuite name="griffon.pivot.support.adapters.BorderAdapterTest" tests="2" skipped="0" failures="0" errors="0" timestamp="2014-10-20T09:48:40" hostname="testing-worker-linux-2-1-31095-linux-13-38478323" time="0.002">
  <properties/>
  <testcase name="testTitleChanged" classname="griffon.pivot.support.adapters.BorderAdapterTest" time="0.001"/>
  <testcase name="testContentChanged" classname="griffon.pivot.support.adapters.BorderAdapterTest" time="0.001"/>
  <system-out><![CDATA[]]></system-out>
  <system-err><![CDATA[]]></system-err>
</testsuite>
