<?xml version="1.0" encoding="UTF-8"?>
<testsuite name="griffon.pivot.support.adapters.ListButtonAdapterTest" tests="5" skipped="0" failures="0" errors="0" timestamp="2015-06-03T17:22:15" hostname="testing-worker-linux-f25aadab-2-32112-linux-13-65277949" time="0.005">
  <properties/>
  <testcase name="testDisabledItemFilterChanged" classname="griffon.pivot.support.adapters.ListButtonAdapterTest" time="0.001"/>
  <testcase name="testRepeatableChanged" classname="griffon.pivot.support.adapters.ListButtonAdapterTest" time="0.001"/>
  <testcase name="testListSizeChanged" classname="griffon.pivot.support.adapters.ListButtonAdapterTest" time="0.0"/>
  <testcase name="testItemRendererChanged" classname="griffon.pivot.support.adapters.ListButtonAdapterTest" time="0.001"/>
  <testcase name="testListDataChanged" classname="griffon.pivot.support.adapters.ListButtonAdapterTest" time="0.001"/>
  <system-out><![CDATA[]]></system-out>
  <system-err><![CDATA[]]></system-err>
</testsuite>
