<?xml version="1.0" encoding="UTF-8"?>
<testsuite name="griffon.pivot.support.adapters.ComponentStyleAdapterTest" tests="1" skipped="0" failures="0" errors="0" timestamp="2015-09-16T14:51:11" hostname="testing-worker-linux-027f0490-1-17064-linux-7-80650281" time="0.001">
  <properties/>
  <testcase name="testStyleUpdated" classname="griffon.pivot.support.adapters.ComponentStyleAdapterTest" time="0.001"/>
  <system-out><![CDATA[]]></system-out>
  <system-err><![CDATA[]]></system-err>
</testsuite>
