<?xml version="1.0" encoding="UTF-8"?>
<testsuite name="griffon.pivot.support.adapters.MeterAdapterTest" tests="3" skipped="0" failures="0" errors="0" timestamp="2015-06-08T20:32:04" hostname="testing-worker-linux-77796cae-1-8158-linux-12-65949627" time="0.001">
  <properties/>
  <testcase name="testPercentageChanged" classname="griffon.pivot.support.adapters.MeterAdapterTest" time="0.0"/>
  <testcase name="testTextChanged" classname="griffon.pivot.support.adapters.MeterAdapterTest" time="0.001"/>
  <testcase name="testOrientationChanged" classname="griffon.pivot.support.adapters.MeterAdapterTest" time="0.0"/>
  <system-out><![CDATA[]]></system-out>
  <system-err><![CDATA[]]></system-err>
</testsuite>
