<?xml version="1.0" encoding="UTF-8"?>
<testsuite name="griffon.pivot.support.adapters.ActionClassAdapterTest" tests="3" skipped="0" failures="0" errors="0" timestamp="2015-02-06T21:11:45" hostname="testing-worker-linux-e7a62211-2-21338-linux-19-49793560" time="0.003">
  <properties/>
  <testcase name="testActionUpdated" classname="griffon.pivot.support.adapters.ActionClassAdapterTest" time="0.001"/>
  <testcase name="testActionRemoved" classname="griffon.pivot.support.adapters.ActionClassAdapterTest" time="0.0"/>
  <testcase name="testActionAdded" classname="griffon.pivot.support.adapters.ActionClassAdapterTest" time="0.0"/>
  <system-out><![CDATA[]]></system-out>
  <system-err><![CDATA[]]></system-err>
</testsuite>
