<?xml version="1.0" encoding="UTF-8"?>
<testsuite name="griffon.pivot.support.adapters.SuggestionPopupSelectionAdapterTest" tests="2" skipped="0" failures="0" errors="0" timestamp="2014-12-18T03:28:23" hostname="testing-worker-linux-9-1-24821-linux-12-44411655" time="0.001">
  <properties/>
  <testcase name="testSelectedSuggestionChanged" classname="griffon.pivot.support.adapters.SuggestionPopupSelectionAdapterTest" time="0.001"/>
  <testcase name="testSelectedIndexChanged" classname="griffon.pivot.support.adapters.SuggestionPopupSelectionAdapterTest" time="0.0"/>
  <system-out><![CDATA[]]></system-out>
  <system-err><![CDATA[]]></system-err>
</testsuite>
