<?xml version="1.0" encoding="UTF-8"?>
<testsuite name="griffon.pivot.support.adapters.ComponentMouseAdapterTest" tests="3" skipped="0" failures="0" errors="0" timestamp="2014-06-19T17:36:21" hostname="testing-worker-linux-6-1-3457-linux-2-27974779" time="0.005">
  <properties/>
  <testcase name="testMouseOut" classname="griffon.pivot.support.adapters.ComponentMouseAdapterTest" time="0.001"/>
  <testcase name="testMouseMove" classname="griffon.pivot.support.adapters.ComponentMouseAdapterTest" time="0.002"/>
  <testcase name="testMouseOver" classname="griffon.pivot.support.adapters.ComponentMouseAdapterTest" time="0.001"/>
  <system-out><![CDATA[]]></system-out>
  <system-err><![CDATA[]]></system-err>
</testsuite>
