<?xml version="1.0" encoding="UTF-8"?>
<testsuite name="griffon.pivot.support.adapters.ButtonStateAdapterTest" tests="1" failures="0" errors="0" timestamp="2014-03-16T18:30:32" hostname="testing-worker-linux-7-1-9759-linux-1-20889326" time="0.0">
  <properties/>
  <testcase name="testStateChanged" classname="griffon.pivot.support.adapters.ButtonStateAdapterTest" time="0.0"/>
  <system-out><![CDATA[]]></system-out>
  <system-err><![CDATA[]]></system-err>
</testsuite>
