<?xml version="1.0" encoding="UTF-8"?>
<testsuite name="griffon.pivot.support.adapters.ViewportAdapterTest" tests="3" skipped="0" failures="0" errors="0" timestamp="2014-07-22T09:44:40" hostname="testing-worker-linux-7-1-27312-linux-1-30535620" time="0.002">
  <properties/>
  <testcase name="testViewChanged" classname="griffon.pivot.support.adapters.ViewportAdapterTest" time="0.0"/>
  <testcase name="testScrollLeftChanged" classname="griffon.pivot.support.adapters.ViewportAdapterTest" time="0.0"/>
  <testcase name="testScrollTopChanged" classname="griffon.pivot.support.adapters.ViewportAdapterTest" time="0.0"/>
  <system-out><![CDATA[]]></system-out>
  <system-err><![CDATA[]]></system-err>
</testsuite>
