<?xml version="1.0" encoding="UTF-8"?>
<testsuite name="griffon.pivot.support.adapters.ButtonGroupAdapterTest" tests="3" skipped="0" failures="0" errors="0" timestamp="2016-02-03T23:37:01" hostname="testing-gce-658173bf-dd00-4fdd-b080-ce5d2d34a14f.c.eco-emissary-99515.internal" time="0.001">
  <properties/>
  <testcase name="testButtonRemoved" classname="griffon.pivot.support.adapters.ButtonGroupAdapterTest" time="0.0"/>
  <testcase name="testSelectionChanged" classname="griffon.pivot.support.adapters.ButtonGroupAdapterTest" time="0.001"/>
  <testcase name="testButtonAdded" classname="griffon.pivot.support.adapters.ButtonGroupAdapterTest" time="0.0"/>
  <system-out><![CDATA[]]></system-out>
  <system-err><![CDATA[]]></system-err>
</testsuite>
