<?xml version="1.0" encoding="UTF-8"?>
<testsuite name="griffon.pivot.support.adapters.ComponentDecoratorAdapterTest" tests="3" skipped="0" failures="0" errors="0" timestamp="2014-08-26T19:55:35" hostname="testing-worker-linux-10-2-14444-linux-13-33626012" time="0.007">
  <properties/>
  <testcase name="testDecoratorUpdated" classname="griffon.pivot.support.adapters.ComponentDecoratorAdapterTest" time="0.003"/>
  <testcase name="testDecoratorsRemoved" classname="griffon.pivot.support.adapters.ComponentDecoratorAdapterTest" time="0.001"/>
  <testcase name="testDecoratorInserted" classname="griffon.pivot.support.adapters.ComponentDecoratorAdapterTest" time="0.001"/>
  <system-out><![CDATA[]]></system-out>
  <system-err><![CDATA[]]></system-err>
</testsuite>
