<?xml version="1.0" encoding="UTF-8"?>
<testsuite name="griffon.pivot.support.adapters.LabelBindingAdapterTest" tests="3" skipped="0" failures="0" errors="0" timestamp="2015-09-23T19:21:10" hostname="testing-worker-linux-027f0490-2-21320-linux-1-81837196" time="0.002">
  <properties/>
  <testcase name="testTextBindMappingChanged" classname="griffon.pivot.support.adapters.LabelBindingAdapterTest" time="0.0"/>
  <testcase name="testTextKeyChanged" classname="griffon.pivot.support.adapters.LabelBindingAdapterTest" time="0.002"/>
  <testcase name="testTextBindTypeChanged" classname="griffon.pivot.support.adapters.LabelBindingAdapterTest" time="0.0"/>
  <system-out><![CDATA[]]></system-out>
  <system-err><![CDATA[]]></system-err>
</testsuite>
