<?xml version="1.0" encoding="UTF-8"?>
<testsuite name="griffon.pivot.support.adapters.ColorChooserBindingAdapterTest" tests="3" skipped="0" failures="0" errors="0" timestamp="2015-11-30T21:48:09" hostname="testing-worker-linux-f25aadab-2-524-linux-12-94036009" time="0.002">
  <properties/>
  <testcase name="testSelectedColorBindTypeChanged" classname="griffon.pivot.support.adapters.ColorChooserBindingAdapterTest" time="0.001"/>
  <testcase name="testSelectedColorBindMappingChanged" classname="griffon.pivot.support.adapters.ColorChooserBindingAdapterTest" time="0.0"/>
  <testcase name="testSelectedColorKeyChanged" classname="griffon.pivot.support.adapters.ColorChooserBindingAdapterTest" time="0.001"/>
  <system-out><![CDATA[]]></system-out>
  <system-err><![CDATA[]]></system-err>
</testsuite>
