<?xml version="1.0" encoding="UTF-8"?>
<testsuite name="griffon.pivot.support.adapters.TextPaneCharacterAdapterTest" tests="2" skipped="0" failures="0" errors="0" timestamp="2015-06-09T08:05:31" hostname="testing-worker-linux-e7a62211-1-24794-linux-2-66008713" time="0.001">
  <properties/>
  <testcase name="testCharactersInserted" classname="griffon.pivot.support.adapters.TextPaneCharacterAdapterTest" time="0.001"/>
  <testcase name="testCharactersRemoved" classname="griffon.pivot.support.adapters.TextPaneCharacterAdapterTest" time="0.0"/>
  <system-out><![CDATA[]]></system-out>
  <system-err><![CDATA[]]></system-err>
</testsuite>
