<?xml version="1.0" encoding="UTF-8"?>
<testsuite name="griffon.pivot.support.adapters.MovieAdapterTest" tests="7" skipped="0" failures="0" errors="0" timestamp="2015-06-04T11:32:06" hostname="testing-worker-linux-85ee80ed-1-1752-linux-5-65389897" time="0.004">
  <properties/>
  <testcase name="testCurrentFrameChanged" classname="griffon.pivot.support.adapters.MovieAdapterTest" time="0.0"/>
  <testcase name="testRegionUpdated" classname="griffon.pivot.support.adapters.MovieAdapterTest" time="0.0"/>
  <testcase name="testSizeChanged" classname="griffon.pivot.support.adapters.MovieAdapterTest" time="0.001"/>
  <testcase name="testLoopingChanged" classname="griffon.pivot.support.adapters.MovieAdapterTest" time="0.0"/>
  <testcase name="testBaselineChanged" classname="griffon.pivot.support.adapters.MovieAdapterTest" time="0.001"/>
  <testcase name="testMovieStarted" classname="griffon.pivot.support.adapters.MovieAdapterTest" time="0.0"/>
  <testcase name="testMovieStopped" classname="griffon.pivot.support.adapters.MovieAdapterTest" time="0.0"/>
  <system-out><![CDATA[]]></system-out>
  <system-err><![CDATA[]]></system-err>
</testsuite>
