<?xml version="1.0" encoding="UTF-8"?>
<testsuite name="griffon.pivot.support.adapters.SpinnerSelectionAdapterTest" tests="2" skipped="0" failures="0" errors="0" timestamp="2016-06-15T12:02:01" hostname="testing-gce-371861a3-a5d1-4e59-a343-a675089416a3.c.travis-ci-prod-2.internal" time="0.002">
  <properties/>
  <testcase name="testSelectedIndexChanged" classname="griffon.pivot.support.adapters.SpinnerSelectionAdapterTest" time="0.001"/>
  <testcase name="testSelectedItemChanged" classname="griffon.pivot.support.adapters.SpinnerSelectionAdapterTest" time="0.001"/>
  <system-out><![CDATA[]]></system-out>
  <system-err><![CDATA[]]></system-err>
</testsuite>
