<?xml version="1.0" encoding="UTF-8"?>
<testsuite name="griffon.pivot.support.adapters.BulletedListAdapterTest" tests="1" skipped="0" failures="0" errors="0" timestamp="2015-09-21T18:39:00" hostname="testing-worker-linux-c55820f2-2-17258-linux-9-81442495" time="0.001">
  <properties/>
  <testcase name="testStyleChanged" classname="griffon.pivot.support.adapters.BulletedListAdapterTest" time="0.001"/>
  <system-out><![CDATA[]]></system-out>
  <system-err><![CDATA[]]></system-err>
</testsuite>
