<?xml version="1.0" encoding="UTF-8"?>
<testsuite name="griffon.pivot.support.adapters.GridPaneAdapterTest" tests="6" skipped="0" failures="0" errors="0" timestamp="2014-07-08T21:49:13" hostname="testing-worker-linux-3-2-25854-linux-14-29454447" time="0.011">
  <properties/>
  <testcase name="testCellUpdated" classname="griffon.pivot.support.adapters.GridPaneAdapterTest" time="0.001"/>
  <testcase name="testCellInserted" classname="griffon.pivot.support.adapters.GridPaneAdapterTest" time="0.001"/>
  <testcase name="testCellsRemoved" classname="griffon.pivot.support.adapters.GridPaneAdapterTest" time="0.001"/>
  <testcase name="testColumnCountChanged" classname="griffon.pivot.support.adapters.GridPaneAdapterTest" time="0.001"/>
  <testcase name="testRowInserted" classname="griffon.pivot.support.adapters.GridPaneAdapterTest" time="0.001"/>
  <testcase name="testRowsRemoved" classname="griffon.pivot.support.adapters.GridPaneAdapterTest" time="0.001"/>
  <system-out><![CDATA[]]></system-out>
  <system-err><![CDATA[]]></system-err>
</testsuite>
