<?xml version="1.0" encoding="UTF-8"?>
<testsuite name="griffon.pivot.support.adapters.ContainerMouseAdapterTest" tests="4" skipped="0" failures="0" errors="0" timestamp="2014-09-22T07:59:22" hostname="testing-worker-linux-11-2-1953-linux-7-35912653" time="0.005">
  <properties/>
  <testcase name="testMouseWheel" classname="griffon.pivot.support.adapters.ContainerMouseAdapterTest" time="0.001"/>
  <testcase name="testMouseUp" classname="griffon.pivot.support.adapters.ContainerMouseAdapterTest" time="0.001"/>
  <testcase name="testMouseDown" classname="griffon.pivot.support.adapters.ContainerMouseAdapterTest" time="0.0"/>
  <testcase name="testMouseMove" classname="griffon.pivot.support.adapters.ContainerMouseAdapterTest" time="0.001"/>
  <system-out><![CDATA[]]></system-out>
  <system-err><![CDATA[]]></system-err>
</testsuite>
