<?xml version="1.0" encoding="UTF-8"?>
<testsuite name="griffon.pivot.support.adapters.CalendarAdapterTest" tests="4" skipped="0" failures="0" errors="0" timestamp="2014-07-29T23:14:34" hostname="testing-worker-linux-11-1-2087-linux-8-31189023" time="0.005">
  <properties/>
  <testcase name="testYearChanged" classname="griffon.pivot.support.adapters.CalendarAdapterTest" time="0.001"/>
  <testcase name="testLocaleChanged" classname="griffon.pivot.support.adapters.CalendarAdapterTest" time="0.001"/>
  <testcase name="testMonthChanged" classname="griffon.pivot.support.adapters.CalendarAdapterTest" time="0.001"/>
  <testcase name="testDisabledDateFilterChanged" classname="griffon.pivot.support.adapters.CalendarAdapterTest" time="0.001"/>
  <system-out><![CDATA[]]></system-out>
  <system-err><![CDATA[]]></system-err>
</testsuite>
