<?xml version="1.0" encoding="UTF-8"?>
<testsuite name="griffon.pivot.support.adapters.TableViewRowAdapterTest" tests="5" skipped="0" failures="0" errors="0" timestamp="2016-04-15T16:09:30" hostname="testing-gce-32024fc1-a1a1-4fb5-ad10-6c88253e2502.c.eco-emissary-99515.internal" time="0.004">
  <properties/>
  <testcase name="testRowUpdated" classname="griffon.pivot.support.adapters.TableViewRowAdapterTest" time="0.001"/>
  <testcase name="testRowsSorted" classname="griffon.pivot.support.adapters.TableViewRowAdapterTest" time="0.001"/>
  <testcase name="testRowInserted" classname="griffon.pivot.support.adapters.TableViewRowAdapterTest" time="0.0"/>
  <testcase name="testRowsCleared" classname="griffon.pivot.support.adapters.TableViewRowAdapterTest" time="0.0"/>
  <testcase name="testRowsRemoved" classname="griffon.pivot.support.adapters.TableViewRowAdapterTest" time="0.0"/>
  <system-out><![CDATA[]]></system-out>
  <system-err><![CDATA[]]></system-err>
</testsuite>
