<?xml version="1.0" encoding="UTF-8"?>
<testsuite name="griffon.pivot.support.adapters.ComponentKeyAdapterTest" tests="3" skipped="0" failures="0" errors="0" timestamp="2014-07-01T15:11:01" hostname="testing-worker-linux-2-2-475-linux-17-28877697" time="0.008">
  <properties/>
  <testcase name="testKeyPressed" classname="griffon.pivot.support.adapters.ComponentKeyAdapterTest" time="0.002"/>
  <testcase name="testKeyTyped" classname="griffon.pivot.support.adapters.ComponentKeyAdapterTest" time="0.002"/>
  <testcase name="testKeyReleased" classname="griffon.pivot.support.adapters.ComponentKeyAdapterTest" time="0.002"/>
  <system-out><![CDATA[]]></system-out>
  <system-err><![CDATA[]]></system-err>
</testsuite>
