<?xml version="1.0" encoding="UTF-8"?>
<testsuite name="griffon.pivot.support.adapters.ContainerMouseAdapterTest" tests="4" skipped="0" failures="0" errors="0" timestamp="2016-06-14T08:59:49" hostname="testing-gce-d572e016-62ab-45fa-b08b-1396daf2bc6b.c.travis-ci-prod-4.internal" time="0.005">
  <properties/>
  <testcase name="testMouseWheel" classname="griffon.pivot.support.adapters.ContainerMouseAdapterTest" time="0.001"/>
  <testcase name="testMouseUp" classname="griffon.pivot.support.adapters.ContainerMouseAdapterTest" time="0.001"/>
  <testcase name="testMouseDown" classname="griffon.pivot.support.adapters.ContainerMouseAdapterTest" time="0.001"/>
  <testcase name="testMouseMove" classname="griffon.pivot.support.adapters.ContainerMouseAdapterTest" time="0.001"/>
  <system-out><![CDATA[]]></system-out>
  <system-err><![CDATA[]]></system-err>
</testsuite>
