<?xml version="1.0" encoding="UTF-8"?>
<testsuite name="griffon.pivot.support.adapters.ColorChooserBindingAdapterTest" tests="3" skipped="0" failures="0" errors="0" timestamp="2016-06-20T06:43:05" hostname="testing-gce-dfc024f2-265a-4356-bfc2-a5a02638c044.c.travis-ci-prod-4.internal" time="0.003">
  <properties/>
  <testcase name="testSelectedColorBindTypeChanged" classname="griffon.pivot.support.adapters.ColorChooserBindingAdapterTest" time="0.001"/>
  <testcase name="testSelectedColorBindMappingChanged" classname="griffon.pivot.support.adapters.ColorChooserBindingAdapterTest" time="0.001"/>
  <testcase name="testSelectedColorKeyChanged" classname="griffon.pivot.support.adapters.ColorChooserBindingAdapterTest" time="0.001"/>
  <system-out><![CDATA[]]></system-out>
  <system-err><![CDATA[]]></system-err>
</testsuite>
