<?xml version="1.0" encoding="UTF-8"?>
<testsuite name="griffon.pivot.support.adapters.NumberedListAdapterTest" tests="1" skipped="0" failures="0" errors="0" timestamp="2015-10-18T15:46:29" hostname="testing-worker-linux-44a99d76-2-535-linux-14-86043416" time="0.0">
  <properties/>
  <testcase name="testStyleChanged" classname="griffon.pivot.support.adapters.NumberedListAdapterTest" time="0.0"/>
  <system-out><![CDATA[]]></system-out>
  <system-err><![CDATA[]]></system-err>
</testsuite>
