<?xml version="1.0" encoding="UTF-8"?>
<testsuite name="griffon.pivot.support.adapters.ViewportAdapterTest" tests="3" skipped="0" failures="0" errors="0" timestamp="2014-12-19T03:46:34" hostname="testing-worker-linux-8-1-9724-linux-13-44539270" time="0.001">
  <properties/>
  <testcase name="testViewChanged" classname="griffon.pivot.support.adapters.ViewportAdapterTest" time="0.001"/>
  <testcase name="testScrollLeftChanged" classname="griffon.pivot.support.adapters.ViewportAdapterTest" time="0.0"/>
  <testcase name="testScrollTopChanged" classname="griffon.pivot.support.adapters.ViewportAdapterTest" time="0.0"/>
  <system-out><![CDATA[]]></system-out>
  <system-err><![CDATA[]]></system-err>
</testsuite>
