<?xml version="1.0" encoding="UTF-8"?>
<testsuite name="griffon.pivot.support.adapters.ComponentStyleAdapterTest" tests="1" skipped="0" failures="0" errors="0" timestamp="2014-08-04T16:34:25" hostname="testing-worker-linux-5-1-1654-linux-12-31629973" time="0.001">
  <properties/>
  <testcase name="testStyleUpdated" classname="griffon.pivot.support.adapters.ComponentStyleAdapterTest" time="0.001"/>
  <system-out><![CDATA[]]></system-out>
  <system-err><![CDATA[]]></system-err>
</testsuite>
