<?xml version="1.0" encoding="UTF-8"?>
<testsuite name="griffon.pivot.support.adapters.ColorChooserSelectionAdapterTest" tests="1" skipped="0" failures="0" errors="0" timestamp="2014-06-23T22:45:06" hostname="testing-worker-linux-5-1-31997-linux-7-28266549" time="0.001">
  <properties/>
  <testcase name="testSelectedColorChanged" classname="griffon.pivot.support.adapters.ColorChooserSelectionAdapterTest" time="0.001"/>
  <system-out><![CDATA[]]></system-out>
  <system-err><![CDATA[]]></system-err>
</testsuite>
