<?xml version="1.0" encoding="UTF-8"?>
<testsuite name="griffon.pivot.support.adapters.MovieViewAdapterTest" tests="1" skipped="0" failures="0" errors="0" timestamp="2014-06-20T22:03:19" hostname="testing-worker-linux-3-2-7466-linux-7-28080196" time="0.001">
  <properties/>
  <testcase name="testMovieChanged" classname="griffon.pivot.support.adapters.MovieViewAdapterTest" time="0.001"/>
  <system-out><![CDATA[]]></system-out>
  <system-err><![CDATA[]]></system-err>
</testsuite>
