<?xml version="1.0" encoding="UTF-8"?>
<testsuite name="griffon.pivot.support.adapters.AccordionSelectionAdapterTest" tests="3" skipped="0" failures="0" errors="0" timestamp="2015-08-24T10:41:03" hostname="testing-worker-linux-a01deac5-2-15736-linux-2-76958255" time="0.002">
  <properties/>
  <testcase name="testPreviewSelectedIndexChange" classname="griffon.pivot.support.adapters.AccordionSelectionAdapterTest" time="0.001"/>
  <testcase name="testSelectedIndexChangeVetoed" classname="griffon.pivot.support.adapters.AccordionSelectionAdapterTest" time="0.0"/>
  <testcase name="testSelectedIndexChanged" classname="griffon.pivot.support.adapters.AccordionSelectionAdapterTest" time="0.0"/>
  <system-out><![CDATA[]]></system-out>
  <system-err><![CDATA[]]></system-err>
</testsuite>
