<?xml version="1.0" encoding="UTF-8"?>
<testsuite name="griffon.pivot.support.adapters.MenuBarAdapterTest" tests="3" skipped="0" failures="0" errors="0" timestamp="2014-07-22T09:44:39" hostname="testing-worker-linux-7-1-27312-linux-1-30535620" time="0.004">
  <properties/>
  <testcase name="testItemInserted" classname="griffon.pivot.support.adapters.MenuBarAdapterTest" time="0.001"/>
  <testcase name="testItemsRemoved" classname="griffon.pivot.support.adapters.MenuBarAdapterTest" time="0.001"/>
  <testcase name="testActiveItemChanged" classname="griffon.pivot.support.adapters.MenuBarAdapterTest" time="0.001"/>
  <system-out><![CDATA[]]></system-out>
  <system-err><![CDATA[]]></system-err>
</testsuite>
