<?xml version="1.0" encoding="UTF-8"?>
<testsuite name="griffon.pivot.support.adapters.TableViewRowAdapterTest" tests="5" skipped="0" failures="0" errors="0" timestamp="2014-07-16T15:46:05" hostname="testing-worker-linux-4-2-3212-linux-7-30081874" time="0.011">
  <properties/>
  <testcase name="testRowUpdated" classname="griffon.pivot.support.adapters.TableViewRowAdapterTest" time="0.002"/>
  <testcase name="testRowsSorted" classname="griffon.pivot.support.adapters.TableViewRowAdapterTest" time="0.001"/>
  <testcase name="testRowInserted" classname="griffon.pivot.support.adapters.TableViewRowAdapterTest" time="0.002"/>
  <testcase name="testRowsCleared" classname="griffon.pivot.support.adapters.TableViewRowAdapterTest" time="0.002"/>
  <testcase name="testRowsRemoved" classname="griffon.pivot.support.adapters.TableViewRowAdapterTest" time="0.001"/>
  <system-out><![CDATA[]]></system-out>
  <system-err><![CDATA[]]></system-err>
</testsuite>
