<?xml version="1.0" encoding="UTF-8"?>
<testsuite name="griffon.pivot.support.adapters.ImageNodeAdapterTest" tests="1" skipped="0" failures="0" errors="0" timestamp="2015-12-01T07:22:39" hostname="testing-worker-linux-226df11e-2-498-linux-11-94107523" time="0.001">
  <properties/>
  <testcase name="testImageChanged" classname="griffon.pivot.support.adapters.ImageNodeAdapterTest" time="0.001"/>
  <system-out><![CDATA[]]></system-out>
  <system-err><![CDATA[]]></system-err>
</testsuite>
