<?xml version="1.0" encoding="UTF-8"?>
<testsuite name="griffon.pivot.support.adapters.CalendarButtonSelectionAdapterTest" tests="1" skipped="0" failures="0" errors="0" timestamp="2014-06-27T14:12:24" hostname="testing-worker-linux-5-1-466-linux-1-28592872" time="0.001">
  <properties/>
  <testcase name="testSelectedDateChanged" classname="griffon.pivot.support.adapters.CalendarButtonSelectionAdapterTest" time="0.001"/>
  <system-out><![CDATA[]]></system-out>
  <system-err><![CDATA[]]></system-err>
</testsuite>
