<?xml version="1.0" encoding="UTF-8"?>
<testsuite name="griffon.pivot.support.adapters.LabelBindingAdapterTest" tests="3" skipped="0" failures="0" errors="0" timestamp="2015-09-22T19:25:42" hostname="testing-worker-linux-da6418d7-1-5175-linux-12-81649721" time="0.002">
  <properties/>
  <testcase name="testTextBindMappingChanged" classname="griffon.pivot.support.adapters.LabelBindingAdapterTest" time="0.0"/>
  <testcase name="testTextKeyChanged" classname="griffon.pivot.support.adapters.LabelBindingAdapterTest" time="0.001"/>
  <testcase name="testTextBindTypeChanged" classname="griffon.pivot.support.adapters.LabelBindingAdapterTest" time="0.001"/>
  <system-out><![CDATA[]]></system-out>
  <system-err><![CDATA[]]></system-err>
</testsuite>
