<?xml version="1.0" encoding="UTF-8"?>
<testsuite name="griffon.pivot.support.adapters.ScrollPaneAdapterTest" tests="5" skipped="0" failures="0" errors="0" timestamp="2015-02-15T19:32:53" hostname="testing-worker-linux-c55820f2-2-18643-linux-17-50860526" time="0.004">
  <properties/>
  <testcase name="testCornerChanged" classname="griffon.pivot.support.adapters.ScrollPaneAdapterTest" time="0.001"/>
  <testcase name="testVerticalScrollBarPolicyChanged" classname="griffon.pivot.support.adapters.ScrollPaneAdapterTest" time="0.001"/>
  <testcase name="testHorizontalScrollBarPolicyChanged" classname="griffon.pivot.support.adapters.ScrollPaneAdapterTest" time="0.001"/>
  <testcase name="testColumnHeaderChanged" classname="griffon.pivot.support.adapters.ScrollPaneAdapterTest" time="0.0"/>
  <testcase name="testRowHeaderChanged" classname="griffon.pivot.support.adapters.ScrollPaneAdapterTest" time="0.001"/>
  <system-out><![CDATA[]]></system-out>
  <system-err><![CDATA[]]></system-err>
</testsuite>
