<?xml version="1.0" encoding="UTF-8"?>
<testsuite name="griffon.pivot.support.adapters.TreeViewNodeStateAdapterTest" tests="1" skipped="0" failures="0" errors="0" timestamp="2014-11-25T10:52:23" hostname="testing-worker-linux-5-1-26543-linux-13-42062651" time="0.002">
  <properties/>
  <testcase name="testNodeCheckStateChanged" classname="griffon.pivot.support.adapters.TreeViewNodeStateAdapterTest" time="0.002"/>
  <system-out><![CDATA[]]></system-out>
  <system-err><![CDATA[]]></system-err>
</testsuite>
