<?xml version="1.0" encoding="UTF-8"?>
<testsuite name="griffon.pivot.support.adapters.MenuItemSelectionAdapterTest" tests="1" skipped="0" failures="0" errors="0" timestamp="2016-06-20T06:43:04" hostname="testing-gce-dfc024f2-265a-4356-bfc2-a5a02638c044.c.travis-ci-prod-4.internal" time="0.001">
  <properties/>
  <testcase name="testItemSelected" classname="griffon.pivot.support.adapters.MenuItemSelectionAdapterTest" time="0.001"/>
  <system-out><![CDATA[]]></system-out>
  <system-err><![CDATA[]]></system-err>
</testsuite>
