<?xml version="1.0" encoding="UTF-8"?>
<testsuite name="griffon.pivot.support.adapters.PromptAdapterTest" tests="6" skipped="0" failures="0" errors="0" timestamp="2016-06-11T20:37:43" hostname="testing-gce-f379037a-31b9-42f4-8fcf-f05ffe7ddf9e.c.eco-emissary-99515.internal" time="0.01">
  <properties/>
  <testcase name="testSelectedOptionChanged" classname="griffon.pivot.support.adapters.PromptAdapterTest" time="0.001"/>
  <testcase name="testMessageChanged" classname="griffon.pivot.support.adapters.PromptAdapterTest" time="0.001"/>
  <testcase name="testMessageTypeChanged" classname="griffon.pivot.support.adapters.PromptAdapterTest" time="0.002"/>
  <testcase name="testOptionInserted" classname="griffon.pivot.support.adapters.PromptAdapterTest" time="0.0"/>
  <testcase name="testBodyChanged" classname="griffon.pivot.support.adapters.PromptAdapterTest" time="0.0"/>
  <testcase name="testOptionsRemoved" classname="griffon.pivot.support.adapters.PromptAdapterTest" time="0.001"/>
  <system-out><![CDATA[]]></system-out>
  <system-err><![CDATA[]]></system-err>
</testsuite>
