<?xml version="1.0" encoding="UTF-8"?>
<testsuite name="griffon.pivot.support.adapters.CalendarAdapterTest" tests="4" skipped="0" failures="0" errors="0" timestamp="2016-02-06T20:45:39" hostname="testing-gce-6edcd058-9d3e-4c49-be2b-fceaf19622e7.c.eco-emissary-99515.internal" time="0.005">
  <properties/>
  <testcase name="testYearChanged" classname="griffon.pivot.support.adapters.CalendarAdapterTest" time="0.002"/>
  <testcase name="testLocaleChanged" classname="griffon.pivot.support.adapters.CalendarAdapterTest" time="0.001"/>
  <testcase name="testMonthChanged" classname="griffon.pivot.support.adapters.CalendarAdapterTest" time="0.001"/>
  <testcase name="testDisabledDateFilterChanged" classname="griffon.pivot.support.adapters.CalendarAdapterTest" time="0.001"/>
  <system-out><![CDATA[]]></system-out>
  <system-err><![CDATA[]]></system-err>
</testsuite>
