<?xml version="1.0" encoding="UTF-8"?>
<testsuite name="griffon.pivot.support.adapters.LabelAdapterTest" tests="1" skipped="0" failures="0" errors="0" timestamp="2015-09-03T15:05:00" hostname="testing-worker-linux-a01deac5-2-15736-linux-3-78592566" time="0.0">
  <properties/>
  <testcase name="testTextChanged" classname="griffon.pivot.support.adapters.LabelAdapterTest" time="0.0"/>
  <system-out><![CDATA[]]></system-out>
  <system-err><![CDATA[]]></system-err>
</testsuite>
