<?xml version="1.0" encoding="UTF-8"?>
<testsuite name="griffon.pivot.support.adapters.ColorChooserBindingAdapterTest" tests="3" skipped="0" failures="0" errors="0" timestamp="2014-06-21T19:59:28" hostname="testing-worker-linux-3-2-7466-linux-6-28125341" time="0.004">
  <properties/>
  <testcase name="testSelectedColorBindTypeChanged" classname="griffon.pivot.support.adapters.ColorChooserBindingAdapterTest" time="0.001"/>
  <testcase name="testSelectedColorBindMappingChanged" classname="griffon.pivot.support.adapters.ColorChooserBindingAdapterTest" time="0.0"/>
  <testcase name="testSelectedColorKeyChanged" classname="griffon.pivot.support.adapters.ColorChooserBindingAdapterTest" time="0.001"/>
  <system-out><![CDATA[]]></system-out>
  <system-err><![CDATA[]]></system-err>
</testsuite>
