<?xml version="1.0" encoding="UTF-8"?>
<testsuite name="griffon.pivot.support.adapters.TextInputSelectionAdapterTest" tests="1" failures="0" errors="0" timestamp="2014-06-20T11:14:10" hostname="testing-worker-linux-5-2-32051-linux-10-28033040" time="0.001">
  <properties/>
  <testcase name="testSelectionChanged" classname="griffon.pivot.support.adapters.TextInputSelectionAdapterTest" time="0.001"/>
  <system-out><![CDATA[]]></system-out>
  <system-err><![CDATA[]]></system-err>
</testsuite>
