<?xml version="1.0" encoding="UTF-8"?>
<testsuite name="griffon.pivot.editors.BoundsPropertyEditorSpec" tests="30" skipped="0" failures="0" errors="0" timestamp="2016-03-08T09:57:23" hostname="testing-gce-ef3e751c-5dcf-46a3-acf0-ae41c9be934e.c.eco-emissary-99515.internal" time="0.022">
  <properties/>
  <testcase name="Bounds format 'null' should be equal to #Error:bounds" classname="griffon.pivot.editors.BoundsPropertyEditorSpec" time="0.005"/>
  <testcase name="Bounds format '' should be equal to #Error:bounds" classname="griffon.pivot.editors.BoundsPropertyEditorSpec" time="0.0"/>
  <testcase name="Bounds format ' ' should be equal to #Error:bounds" classname="griffon.pivot.editors.BoundsPropertyEditorSpec" time="0.0"/>
  <testcase name="Bounds format '[]' should be equal to #Error:bounds" classname="griffon.pivot.editors.BoundsPropertyEditorSpec" time="0.001"/>
  <testcase name="Bounds format '[:]' should be equal to #Error:bounds" classname="griffon.pivot.editors.BoundsPropertyEditorSpec" time="0.0"/>
  <testcase name="Bounds format '10,20,30,40' should be equal to #Error:bounds" classname="griffon.pivot.editors.BoundsPropertyEditorSpec" time="0.0"/>
  <testcase name="Bounds format '10, 20, 30, 40' should be equal to #Error:bounds" classname="griffon.pivot.editors.BoundsPropertyEditorSpec" time="0.0"/>
  <testcase name="Bounds format ' 10, 20, 30, 40' should be equal to #Error:bounds" classname="griffon.pivot.editors.BoundsPropertyEditorSpec" time="0.001"/>
  <testcase name="Bounds format ' 10, 20, 30, 40 ' should be equal to #Error:bounds" classname="griffon.pivot.editors.BoundsPropertyEditorSpec" time="0.0"/>
  <testcase name="Bounds format '[10, 20, 30, 40]' should be equal to #Error:bounds" classname="griffon.pivot.editors.BoundsPropertyEditorSpec" time="0.0"/>
  <testcase name="Bounds format '[10, 20, 30, 40]' should be equal to #Error:bounds" classname="griffon.pivot.editors.BoundsPropertyEditorSpec" time="0.0"/>
  <testcase name="Bounds format '[x:10, y:20, width:30, height:40]' should be equal to #Error:bounds" classname="griffon.pivot.editors.BoundsPropertyEditorSpec" time="0.0"/>
  <testcase name="Bounds format '[x:10, y:20, width:30, height:40]' should be equal to #Error:bounds" classname="griffon.pivot.editors.BoundsPropertyEditorSpec" time="0.0"/>
  <testcase name="Bounds format '[x:10, y:20, w:30, h:40]' should be equal to #Error:bounds" classname="griffon.pivot.editors.BoundsPropertyEditorSpec" time="0.001"/>
  <testcase name="Bounds format '[x:10, y:20, w:30, h:40]' should be equal to #Error:bounds" classname="griffon.pivot.editors.BoundsPropertyEditorSpec" time="0.0"/>
  <testcase name="Bounds format 'org.apache.pivot.wtk.Bounds [10,20;30x40]' should be equal to #Error:bounds" classname="griffon.pivot.editors.BoundsPropertyEditorSpec" time="0.001"/>
  <testcase name="Bounds format '[foo:10, bar:20]' should be equal to #Error:bounds" classname="griffon.pivot.editors.BoundsPropertyEditorSpec" time="0.0"/>
  <testcase name="Invalid bounds format 'garbage'" classname="griffon.pivot.editors.BoundsPropertyEditorSpec" time="0.001"/>
  <testcase name="Invalid bounds format '1, 2, 3'" classname="griffon.pivot.editors.BoundsPropertyEditorSpec" time="0.0"/>
  <testcase name="Invalid bounds format '1, 2, 3, 4, 5'" classname="griffon.pivot.editors.BoundsPropertyEditorSpec" time="0.0"/>
  <testcase name="Invalid bounds format '[1, 2, 3]'" classname="griffon.pivot.editors.BoundsPropertyEditorSpec" time="0.0"/>
  <testcase name="Invalid bounds format '[1, 2, 3, java.lang.Object@242bc5a0]'" classname="griffon.pivot.editors.BoundsPropertyEditorSpec" time="0.0"/>
  <testcase name="Invalid bounds format '[1, 2, 3, 4, 5]'" classname="griffon.pivot.editors.BoundsPropertyEditorSpec" time="0.0"/>
  <testcase name="Invalid bounds format '[java.lang.Object@1a6cb367]'" classname="griffon.pivot.editors.BoundsPropertyEditorSpec" time="0.0"/>
  <testcase name="Invalid bounds format '[x:java.lang.Object@792aaaf2]'" classname="griffon.pivot.editors.BoundsPropertyEditorSpec" time="0.0"/>
  <testcase name="Invalid bounds format '[x:a]'" classname="griffon.pivot.editors.BoundsPropertyEditorSpec" time="0.0"/>
  <testcase name="Invalid bounds format '[y:b]'" classname="griffon.pivot.editors.BoundsPropertyEditorSpec" time="0.001"/>
  <testcase name="Invalid bounds format 'java.lang.Object@24224be6'" classname="griffon.pivot.editors.BoundsPropertyEditorSpec" time="0.0"/>
  <testcase name="Formatted bounds 'null'" classname="griffon.pivot.editors.BoundsPropertyEditorSpec" time="0.001"/>
  <testcase name="Formatted bounds '10, 20, 30, 40'" classname="griffon.pivot.editors.BoundsPropertyEditorSpec" time="0.0"/>
  <system-out><![CDATA[]]></system-out>
  <system-err><![CDATA[]]></system-err>
</testsuite>
