<?xml version="1.0" encoding="UTF-8"?>
<testsuite name="griffon.pivot.support.adapters.TreeViewNodeAdapterTest" tests="5" failures="0" errors="0" timestamp="2014-06-07T09:10:32" hostname="testing-worker-linux-4-2-30364-linux-9-27005275" time="0.006">
  <properties/>
  <testcase name="testNodeUpdated" classname="griffon.pivot.support.adapters.TreeViewNodeAdapterTest" time="0.001"/>
  <testcase name="testNodesSorted" classname="griffon.pivot.support.adapters.TreeViewNodeAdapterTest" time="0.001"/>
  <testcase name="testNodeInserted" classname="griffon.pivot.support.adapters.TreeViewNodeAdapterTest" time="0.001"/>
  <testcase name="testNodesCleared" classname="griffon.pivot.support.adapters.TreeViewNodeAdapterTest" time="0.001"/>
  <testcase name="testNodesRemoved" classname="griffon.pivot.support.adapters.TreeViewNodeAdapterTest" time="0.0"/>
  <system-out><![CDATA[]]></system-out>
  <system-err><![CDATA[]]></system-err>
</testsuite>
