<?xml version="1.0" encoding="UTF-8"?>
<testsuite name="griffon.pivot.support.adapters.GridPaneAdapterTest" tests="6" skipped="0" failures="0" errors="0" timestamp="2014-07-16T15:46:04" hostname="testing-worker-linux-4-2-3212-linux-7-30081874" time="0.015">
  <properties/>
  <testcase name="testCellUpdated" classname="griffon.pivot.support.adapters.GridPaneAdapterTest" time="0.001"/>
  <testcase name="testCellInserted" classname="griffon.pivot.support.adapters.GridPaneAdapterTest" time="0.001"/>
  <testcase name="testCellsRemoved" classname="griffon.pivot.support.adapters.GridPaneAdapterTest" time="0.001"/>
  <testcase name="testColumnCountChanged" classname="griffon.pivot.support.adapters.GridPaneAdapterTest" time="0.002"/>
  <testcase name="testRowInserted" classname="griffon.pivot.support.adapters.GridPaneAdapterTest" time="0.002"/>
  <testcase name="testRowsRemoved" classname="griffon.pivot.support.adapters.GridPaneAdapterTest" time="0.002"/>
  <system-out><![CDATA[]]></system-out>
  <system-err><![CDATA[]]></system-err>
</testsuite>
