<?xml version="1.0" encoding="UTF-8"?>
<testsuite name="griffon.pivot.support.adapters.CardPaneAdapterTest" tests="3" skipped="0" failures="0" errors="0" timestamp="2014-06-20T11:12:09" hostname="testing-worker-linux-6-1-3457-linux-4-28033038" time="0.004">
  <properties/>
  <testcase name="testPreviewSelectedIndexChange" classname="griffon.pivot.support.adapters.CardPaneAdapterTest" time="0.001"/>
  <testcase name="testSelectedIndexChangeVetoed" classname="griffon.pivot.support.adapters.CardPaneAdapterTest" time="0.001"/>
  <testcase name="testSelectedIndexChanged" classname="griffon.pivot.support.adapters.CardPaneAdapterTest" time="0.001"/>
  <system-out><![CDATA[]]></system-out>
  <system-err><![CDATA[]]></system-err>
</testsuite>
