<?xml version="1.0" encoding="UTF-8"?>
<testsuite name="griffon.pivot.support.adapters.ContainerMouseAdapterTest" tests="4" skipped="0" failures="0" errors="0" timestamp="2015-06-08T20:35:54" hostname="testing-worker-linux-77796cae-2-8724-linux-7-65950558" time="0.004">
  <properties/>
  <testcase name="testMouseWheel" classname="griffon.pivot.support.adapters.ContainerMouseAdapterTest" time="0.001"/>
  <testcase name="testMouseUp" classname="griffon.pivot.support.adapters.ContainerMouseAdapterTest" time="0.001"/>
  <testcase name="testMouseDown" classname="griffon.pivot.support.adapters.ContainerMouseAdapterTest" time="0.001"/>
  <testcase name="testMouseMove" classname="griffon.pivot.support.adapters.ContainerMouseAdapterTest" time="0.001"/>
  <system-out><![CDATA[]]></system-out>
  <system-err><![CDATA[]]></system-err>
</testsuite>
