<?xml version="1.0" encoding="UTF-8"?>
<testsuite name="griffon.pivot.support.adapters.ActivityIndicatorAdapterTest" tests="1" skipped="0" failures="0" errors="0" timestamp="2014-11-20T16:08:34" hostname="testing-worker-linux-4-2-26826-linux-12-41614511" time="0.001">
  <properties/>
  <testcase name="testActiveChanged" classname="griffon.pivot.support.adapters.ActivityIndicatorAdapterTest" time="0.001"/>
  <system-out><![CDATA[]]></system-out>
  <system-err><![CDATA[]]></system-err>
</testsuite>
