<?xml version="1.0" encoding="UTF-8"?>
<testsuite name="griffon.pivot.support.adapters.DialogCloseAdapterTest" tests="1" skipped="0" failures="0" errors="0" timestamp="2016-01-12T12:15:33" hostname="testing-gce-725d25de-440c-4078-bd31-01e7b5681414.c.eco-emissary-99515.internal" time="0.001">
  <properties/>
  <testcase name="testDialogClosed" classname="griffon.pivot.support.adapters.DialogCloseAdapterTest" time="0.001"/>
  <system-out><![CDATA[]]></system-out>
  <system-err><![CDATA[]]></system-err>
</testsuite>
