<?xml version="1.0" encoding="UTF-8"?>
<testsuite name="griffon.pivot.support.adapters.TextInputBindingAdapterTest" tests="3" skipped="0" failures="0" errors="0" timestamp="2015-06-08T20:53:43" hostname="testing-worker-linux-e7a62211-1-24794-linux-4-65953549" time="0.002">
  <properties/>
  <testcase name="testTextBindMappingChanged" classname="griffon.pivot.support.adapters.TextInputBindingAdapterTest" time="0.001"/>
  <testcase name="testTextKeyChanged" classname="griffon.pivot.support.adapters.TextInputBindingAdapterTest" time="0.001"/>
  <testcase name="testTextBindTypeChanged" classname="griffon.pivot.support.adapters.TextInputBindingAdapterTest" time="0.0"/>
  <system-out><![CDATA[]]></system-out>
  <system-err><![CDATA[]]></system-err>
</testsuite>
