<?xml version="1.0" encoding="UTF-8"?>
<testsuite name="griffon.pivot.support.adapters.ButtonStateAdapterTest" tests="1" skipped="0" failures="0" errors="0" timestamp="2015-09-14T15:19:42" hostname="testing-worker-linux-3da96de7-1-26610-linux-6-80258772" time="0.001">
  <properties/>
  <testcase name="testStateChanged" classname="griffon.pivot.support.adapters.ButtonStateAdapterTest" time="0.001"/>
  <system-out><![CDATA[]]></system-out>
  <system-err><![CDATA[]]></system-err>
</testsuite>
