<?xml version="1.0" encoding="UTF-8"?>
<testsuite name="griffon.pivot.support.adapters.TextPaneAdapterTest" tests="2" skipped="0" failures="0" errors="0" timestamp="2015-09-03T11:34:42" hostname="testing-worker-linux-f25aadab-1-2244-linux-11-78558266" time="0.001">
  <properties/>
  <testcase name="testDocumentChanged" classname="griffon.pivot.support.adapters.TextPaneAdapterTest" time="0.0"/>
  <testcase name="testEditableChanged" classname="griffon.pivot.support.adapters.TextPaneAdapterTest" time="0.001"/>
  <system-out><![CDATA[]]></system-out>
  <system-err><![CDATA[]]></system-err>
</testsuite>
