<?xml version="1.0" encoding="UTF-8"?>
<testsuite name="griffon.pivot.support.adapters.CalendarButtonSelectionAdapterTest" tests="1" skipped="0" failures="0" errors="0" timestamp="2015-08-09T16:01:28" hostname="testing-worker-linux-a01deac5-1-15681-linux-14-74805918" time="0.001">
  <properties/>
  <testcase name="testSelectedDateChanged" classname="griffon.pivot.support.adapters.CalendarButtonSelectionAdapterTest" time="0.001"/>
  <system-out><![CDATA[]]></system-out>
  <system-err><![CDATA[]]></system-err>
</testsuite>
