<?xml version="1.0" encoding="UTF-8"?>
<testsuite name="griffon.pivot.support.adapters.AccordionAdapterTest" tests="3" skipped="0" failures="0" errors="0" timestamp="2015-05-09T11:32:38" hostname="testing-worker-linux-bb3654bb-2-27488-linux-11-61873267" time="0.003">
  <properties/>
  <testcase name="testPanelInserted" classname="griffon.pivot.support.adapters.AccordionAdapterTest" time="0.002"/>
  <testcase name="testPanelsRemoved" classname="griffon.pivot.support.adapters.AccordionAdapterTest" time="0.0"/>
  <testcase name="testHeaderDataRendererChanged" classname="griffon.pivot.support.adapters.AccordionAdapterTest" time="0.0"/>
  <system-out><![CDATA[]]></system-out>
  <system-err><![CDATA[]]></system-err>
</testsuite>
