<?xml version="1.0" encoding="UTF-8"?>
<testsuite name="griffon.pivot.support.adapters.BorderAdapterTest" tests="2" failures="0" errors="0" timestamp="2014-02-17T20:58:04" hostname="testing-worker-linux-2-2-30281-linux-3-19064236" time="0.006">
  <properties/>
  <testcase name="testTitleChanged" classname="griffon.pivot.support.adapters.BorderAdapterTest" time="0.002"/>
  <testcase name="testContentChanged" classname="griffon.pivot.support.adapters.BorderAdapterTest" time="0.002"/>
  <system-out><![CDATA[]]></system-out>
  <system-err><![CDATA[]]></system-err>
</testsuite>
