<?xml version="1.0" encoding="UTF-8"?>
<testsuite name="griffon.pivot.support.adapters.TableViewRowAdapterTest" tests="5" skipped="0" failures="0" errors="0" timestamp="2015-06-08T20:35:54" hostname="testing-worker-linux-77796cae-2-8724-linux-7-65950558" time="0.003">
  <properties/>
  <testcase name="testRowUpdated" classname="griffon.pivot.support.adapters.TableViewRowAdapterTest" time="0.001"/>
  <testcase name="testRowsSorted" classname="griffon.pivot.support.adapters.TableViewRowAdapterTest" time="0.0"/>
  <testcase name="testRowInserted" classname="griffon.pivot.support.adapters.TableViewRowAdapterTest" time="0.001"/>
  <testcase name="testRowsCleared" classname="griffon.pivot.support.adapters.TableViewRowAdapterTest" time="0.001"/>
  <testcase name="testRowsRemoved" classname="griffon.pivot.support.adapters.TableViewRowAdapterTest" time="0.0"/>
  <system-out><![CDATA[]]></system-out>
  <system-err><![CDATA[]]></system-err>
</testsuite>
