<?xml version="1.0" encoding="UTF-8"?>
<testsuite name="griffon.pivot.support.adapters.TextAreaSelectionAdapterTest" tests="1" skipped="0" failures="0" errors="0" timestamp="2016-04-06T14:01:29" hostname="testing-gce-931b8241-4eca-4983-8baf-9111a39a7c9a.c.travis-ci-prod-5.internal" time="0.013">
  <properties/>
  <testcase name="testSelectionChanged" classname="griffon.pivot.support.adapters.TextAreaSelectionAdapterTest" time="0.013"/>
  <system-out><![CDATA[]]></system-out>
  <system-err><![CDATA[]]></system-err>
</testsuite>
