<?xml version="1.0" encoding="UTF-8"?>
<testsuite name="griffon.pivot.support.adapters.TextInputSelectionAdapterTest" tests="1" skipped="0" failures="0" errors="0" timestamp="2014-11-21T11:09:38" hostname="testing-worker-linux-8-2-4535-linux-1-41701978" time="0.001">
  <properties/>
  <testcase name="testSelectionChanged" classname="griffon.pivot.support.adapters.TextInputSelectionAdapterTest" time="0.001"/>
  <system-out><![CDATA[]]></system-out>
  <system-err><![CDATA[]]></system-err>
</testsuite>
