<?xml version="1.0" encoding="UTF-8"?>
<testsuite name="griffon.pivot.support.adapters.BoxPaneAdapterTest" tests="1" skipped="0" failures="0" errors="0" timestamp="2016-06-20T09:12:49" hostname="testing-gce-fa7432c6-488b-4312-8b01-055d4da44f35.c.travis-ci-prod-5.internal" time="0.001">
  <properties/>
  <testcase name="testOrientationChanged" classname="griffon.pivot.support.adapters.BoxPaneAdapterTest" time="0.001"/>
  <system-out><![CDATA[]]></system-out>
  <system-err><![CDATA[]]></system-err>
</testsuite>
