<?xml version="1.0" encoding="UTF-8"?>
<testsuite name="griffon.pivot.support.adapters.TablePaneAdapterTest" tests="11" skipped="0" failures="0" errors="0" timestamp="2014-06-28T19:46:46" hostname="testing-worker-linux-11-1-462-linux-10-28676845" time="0.014">
  <properties/>
  <testcase name="testCellUpdated" classname="griffon.pivot.support.adapters.TablePaneAdapterTest" time="0.001"/>
  <testcase name="testColumnWidthChanged" classname="griffon.pivot.support.adapters.TablePaneAdapterTest" time="0.0"/>
  <testcase name="testColumnInserted" classname="griffon.pivot.support.adapters.TablePaneAdapterTest" time="0.001"/>
  <testcase name="testCellInserted" classname="griffon.pivot.support.adapters.TablePaneAdapterTest" time="0.001"/>
  <testcase name="testColumnHighlightedChanged" classname="griffon.pivot.support.adapters.TablePaneAdapterTest" time="0.001"/>
  <testcase name="testColumnsRemoved" classname="griffon.pivot.support.adapters.TablePaneAdapterTest" time="0.0"/>
  <testcase name="testCellsRemoved" classname="griffon.pivot.support.adapters.TablePaneAdapterTest" time="0.001"/>
  <testcase name="testRowInserted" classname="griffon.pivot.support.adapters.TablePaneAdapterTest" time="0.001"/>
  <testcase name="testRowsRemoved" classname="griffon.pivot.support.adapters.TablePaneAdapterTest" time="0.001"/>
  <testcase name="testRowHighlightedChanged" classname="griffon.pivot.support.adapters.TablePaneAdapterTest" time="0.0"/>
  <testcase name="testRowHeightChanged" classname="griffon.pivot.support.adapters.TablePaneAdapterTest" time="0.001"/>
  <system-out><![CDATA[]]></system-out>
  <system-err><![CDATA[]]></system-err>
</testsuite>
