<?xml version="1.0" encoding="UTF-8"?>
<testsuite name="griffon.pivot.support.adapters.CalendarButtonSelectionAdapterTest" tests="1" failures="0" errors="0" timestamp="2014-02-26T09:23:19" hostname="testing-worker-linux-5-1-21897-linux-6-19637608" time="0.002">
  <properties/>
  <testcase name="testSelectedDateChanged" classname="griffon.pivot.support.adapters.CalendarButtonSelectionAdapterTest" time="0.002"/>
  <system-out><![CDATA[]]></system-out>
  <system-err><![CDATA[]]></system-err>
</testsuite>
