<?xml version="1.0" encoding="UTF-8"?>
<testsuite name="griffon.pivot.support.adapters.ComponentKeyAdapterTest" tests="3" skipped="0" failures="0" errors="0" timestamp="2014-08-11T14:10:18" hostname="testing-worker-linux-5-2-1709-linux-20-32231091" time="0.007">
  <properties/>
  <testcase name="testKeyPressed" classname="griffon.pivot.support.adapters.ComponentKeyAdapterTest" time="0.002"/>
  <testcase name="testKeyTyped" classname="griffon.pivot.support.adapters.ComponentKeyAdapterTest" time="0.001"/>
  <testcase name="testKeyReleased" classname="griffon.pivot.support.adapters.ComponentKeyAdapterTest" time="0.002"/>
  <system-out><![CDATA[]]></system-out>
  <system-err><![CDATA[]]></system-err>
</testsuite>
