<?xml version="1.0" encoding="UTF-8"?>
<testsuite name="griffon.pivot.support.adapters.DialogCloseAdapterTest" tests="1" skipped="0" failures="0" errors="0" timestamp="2016-02-08T10:02:08" hostname="testing-gce-39c296ee-0f4f-4b35-b57d-dfe16bcbaf83.c.eco-emissary-99515.internal" time="0.0">
  <properties/>
  <testcase name="testDialogClosed" classname="griffon.pivot.support.adapters.DialogCloseAdapterTest" time="0.0"/>
  <system-out><![CDATA[]]></system-out>
  <system-err><![CDATA[]]></system-err>
</testsuite>
