<?xml version="1.0" encoding="UTF-8"?>
<testsuite name="griffon.pivot.support.adapters.CalendarSelectionAdapterTest" tests="1" skipped="0" failures="0" errors="0" timestamp="2014-11-26T21:16:29" hostname="testing-worker-linux-11-1-31431-linux-5-42240409" time="0.0">
  <properties/>
  <testcase name="testSelectedDateChanged" classname="griffon.pivot.support.adapters.CalendarSelectionAdapterTest" time="0.0"/>
  <system-out><![CDATA[]]></system-out>
  <system-err><![CDATA[]]></system-err>
</testsuite>
