<?xml version="1.0" encoding="UTF-8"?>
<testsuite name="griffon.pivot.support.adapters.ComponentKeyAdapterTest" tests="3" skipped="0" failures="0" errors="0" timestamp="2014-07-03T12:31:25" hostname="testing-worker-linux-9-1-461-linux-4-29051388" time="0.009">
  <properties/>
  <testcase name="testKeyPressed" classname="griffon.pivot.support.adapters.ComponentKeyAdapterTest" time="0.003"/>
  <testcase name="testKeyTyped" classname="griffon.pivot.support.adapters.ComponentKeyAdapterTest" time="0.002"/>
  <testcase name="testKeyReleased" classname="griffon.pivot.support.adapters.ComponentKeyAdapterTest" time="0.003"/>
  <system-out><![CDATA[]]></system-out>
  <system-err><![CDATA[]]></system-err>
</testsuite>
