<?xml version="1.0" encoding="UTF-8"?>
<testsuite name="griffon.pivot.support.adapters.TablePaneAttributeAdapterTest" tests="2" skipped="0" failures="0" errors="0" timestamp="2015-09-24T08:43:48" hostname="testing-worker-linux-968a87ce-2-16078-linux-4-81925709" time="0.002">
  <properties/>
  <testcase name="testRowSpanChanged" classname="griffon.pivot.support.adapters.TablePaneAttributeAdapterTest" time="0.001"/>
  <testcase name="testColumnSpanChanged" classname="griffon.pivot.support.adapters.TablePaneAttributeAdapterTest" time="0.001"/>
  <system-out><![CDATA[]]></system-out>
  <system-err><![CDATA[]]></system-err>
</testsuite>
