<?xml version="1.0" encoding="UTF-8"?>
<testsuite name="griffon.pivot.support.adapters.ComponentTooltipAdapterTest" tests="1" skipped="0" failures="0" errors="0" timestamp="2015-03-01T11:43:56" hostname="testing-worker-linux-027f0490-1-13474-linux-5-52615665" time="0.0">
  <properties/>
  <testcase name="testTooltipTriggered" classname="griffon.pivot.support.adapters.ComponentTooltipAdapterTest" time="0.0"/>
  <system-out><![CDATA[]]></system-out>
  <system-err><![CDATA[]]></system-err>
</testsuite>
