<?xml version="1.0" encoding="UTF-8"?>
<testsuite name="griffon.pivot.support.adapters.SuggestionPopupStateAdapterTest" tests="3" skipped="0" failures="0" errors="0" timestamp="2015-03-01T11:48:36" hostname="testing-worker-linux-85ee80ed-2-28556-linux-17-52616015" time="0.002">
  <properties/>
  <testcase name="testSuggestionPopupClosed" classname="griffon.pivot.support.adapters.SuggestionPopupStateAdapterTest" time="0.001"/>
  <testcase name="testSuggestionPopupCloseVetoed" classname="griffon.pivot.support.adapters.SuggestionPopupStateAdapterTest" time="0.001"/>
  <testcase name="testPreviewSuggestionPopupClose" classname="griffon.pivot.support.adapters.SuggestionPopupStateAdapterTest" time="0.0"/>
  <system-out><![CDATA[]]></system-out>
  <system-err><![CDATA[]]></system-err>
</testsuite>
