<?xml version="1.0" encoding="UTF-8"?>
<testsuite name="griffon.pivot.support.adapters.TextNodeAdapterTest" tests="2" skipped="0" failures="0" errors="0" timestamp="2014-07-23T15:01:29" hostname="testing-worker-linux-4-1-28288-linux-17-30657408" time="0.005">
  <properties/>
  <testcase name="testCharactersInserted" classname="griffon.pivot.support.adapters.TextNodeAdapterTest" time="0.002"/>
  <testcase name="testCharactersRemoved" classname="griffon.pivot.support.adapters.TextNodeAdapterTest" time="0.002"/>
  <system-out><![CDATA[]]></system-out>
  <system-err><![CDATA[]]></system-err>
</testsuite>
