<?xml version="1.0" encoding="UTF-8"?>
<testsuite name="griffon.pivot.support.adapters.CalendarButtonAdapterTest" tests="4" skipped="0" failures="0" errors="0" timestamp="2016-06-19T18:01:45" hostname="testing-gce-6519d79d-d2ce-40db-831a-35042869d67c.c.eco-emissary-99515.internal" time="0.003">
  <properties/>
  <testcase name="testYearChanged" classname="griffon.pivot.support.adapters.CalendarButtonAdapterTest" time="0.001"/>
  <testcase name="testLocaleChanged" classname="griffon.pivot.support.adapters.CalendarButtonAdapterTest" time="0.001"/>
  <testcase name="testMonthChanged" classname="griffon.pivot.support.adapters.CalendarButtonAdapterTest" time="0.0"/>
  <testcase name="testDisabledDateFilterChanged" classname="griffon.pivot.support.adapters.CalendarButtonAdapterTest" time="0.001"/>
  <system-out><![CDATA[]]></system-out>
  <system-err><![CDATA[]]></system-err>
</testsuite>
