<?xml version="1.0" encoding="UTF-8"?>
<testsuite name="griffon.pivot.support.adapters.ComponentNodeAdapterTest" tests="1" failures="0" errors="0" timestamp="2014-06-20T11:14:09" hostname="testing-worker-linux-5-2-32051-linux-10-28033040" time="0.002">
  <properties/>
  <testcase name="testComponentChanged" classname="griffon.pivot.support.adapters.ComponentNodeAdapterTest" time="0.002"/>
  <system-out><![CDATA[]]></system-out>
  <system-err><![CDATA[]]></system-err>
</testsuite>
