<?xml version="1.0" encoding="UTF-8"?>
<testsuite name="griffon.pivot.support.adapters.DialogCloseAdapterTest" tests="1" failures="0" errors="0" timestamp="2014-03-05T20:13:51" hostname="testing-worker-linux-8-1-23366-linux-6-20159515" time="0.001">
  <properties/>
  <testcase name="testDialogClosed" classname="griffon.pivot.support.adapters.DialogCloseAdapterTest" time="0.001"/>
  <system-out><![CDATA[]]></system-out>
  <system-err><![CDATA[]]></system-err>
</testsuite>
