<?xml version="1.0" encoding="UTF-8"?>
<testsuite name="griffon.pivot.support.adapters.CalendarButtonBindingAdapterTest" tests="3" skipped="0" failures="0" errors="0" timestamp="2015-02-06T21:11:45" hostname="testing-worker-linux-e7a62211-2-21338-linux-19-49793560" time="0.003">
  <properties/>
  <testcase name="testSelectedDateBindTypeChanged" classname="griffon.pivot.support.adapters.CalendarButtonBindingAdapterTest" time="0.001"/>
  <testcase name="testSelectedDateBindMappingChanged" classname="griffon.pivot.support.adapters.CalendarButtonBindingAdapterTest" time="0.001"/>
  <testcase name="testSelectedDateKeyChanged" classname="griffon.pivot.support.adapters.CalendarButtonBindingAdapterTest" time="0.001"/>
  <system-out><![CDATA[]]></system-out>
  <system-err><![CDATA[]]></system-err>
</testsuite>
