<?xml version="1.0" encoding="UTF-8"?>
<testsuite name="griffon.pivot.support.adapters.ButtonGroupAdapterTest" tests="3" skipped="0" failures="0" errors="0" timestamp="2015-01-13T16:17:46" hostname="testing-worker-linux-10-1-12814-linux-20-46867171" time="0.002">
  <properties/>
  <testcase name="testButtonRemoved" classname="griffon.pivot.support.adapters.ButtonGroupAdapterTest" time="0.0"/>
  <testcase name="testSelectionChanged" classname="griffon.pivot.support.adapters.ButtonGroupAdapterTest" time="0.001"/>
  <testcase name="testButtonAdded" classname="griffon.pivot.support.adapters.ButtonGroupAdapterTest" time="0.001"/>
  <system-out><![CDATA[]]></system-out>
  <system-err><![CDATA[]]></system-err>
</testsuite>
