<?xml version="1.0" encoding="UTF-8"?>
<testsuite name="griffon.pivot.support.adapters.ColorChooserBindingAdapterTest" tests="3" skipped="0" failures="0" errors="0" timestamp="2015-08-19T12:54:25" hostname="testing-worker-linux-5590757e-2-7069-linux-7-76276480" time="0.002">
  <properties/>
  <testcase name="testSelectedColorBindTypeChanged" classname="griffon.pivot.support.adapters.ColorChooserBindingAdapterTest" time="0.001"/>
  <testcase name="testSelectedColorBindMappingChanged" classname="griffon.pivot.support.adapters.ColorChooserBindingAdapterTest" time="0.001"/>
  <testcase name="testSelectedColorKeyChanged" classname="griffon.pivot.support.adapters.ColorChooserBindingAdapterTest" time="0.0"/>
  <system-out><![CDATA[]]></system-out>
  <system-err><![CDATA[]]></system-err>
</testsuite>
