<?xml version="1.0" encoding="UTF-8"?>
<testsuite name="griffon.pivot.support.adapters.MenuPopupAdapterTest" tests="1" skipped="0" failures="0" errors="0" timestamp="2015-01-15T15:36:22" hostname="testing-worker-linux-5-2-1931-linux-4-47128543" time="0.002">
  <properties/>
  <testcase name="testMenuChanged" classname="griffon.pivot.support.adapters.MenuPopupAdapterTest" time="0.002"/>
  <system-out><![CDATA[]]></system-out>
  <system-err><![CDATA[]]></system-err>
</testsuite>
