<?xml version="1.0" encoding="UTF-8"?>
<testsuite name="griffon.pivot.support.adapters.ComponentTooltipAdapterTest" tests="1" skipped="0" failures="0" errors="0" timestamp="2015-08-04T13:35:43" hostname="testing-worker-linux-027f0490-1-16455-linux-15-74062201" time="0.0">
  <properties/>
  <testcase name="testTooltipTriggered" classname="griffon.pivot.support.adapters.ComponentTooltipAdapterTest" time="0.0"/>
  <system-out><![CDATA[]]></system-out>
  <system-err><![CDATA[]]></system-err>
</testsuite>
