<?xml version="1.0" encoding="UTF-8"?>
<testsuite name="griffon.pivot.support.adapters.ComponentMouseAdapterTest" tests="3" skipped="0" failures="0" errors="0" timestamp="2015-06-08T21:31:59" hostname="testing-worker-linux-5590757e-2-1021-linux-9-65958131" time="0.003">
  <properties/>
  <testcase name="testMouseOut" classname="griffon.pivot.support.adapters.ComponentMouseAdapterTest" time="0.001"/>
  <testcase name="testMouseMove" classname="griffon.pivot.support.adapters.ComponentMouseAdapterTest" time="0.001"/>
  <testcase name="testMouseOver" classname="griffon.pivot.support.adapters.ComponentMouseAdapterTest" time="0.001"/>
  <system-out><![CDATA[]]></system-out>
  <system-err><![CDATA[]]></system-err>
</testsuite>
