<?xml version="1.0" encoding="UTF-8"?>
<testsuite name="griffon.pivot.support.adapters.CalendarButtonAdapterTest" tests="4" skipped="0" failures="0" errors="0" timestamp="2015-09-14T15:19:42" hostname="testing-worker-linux-3da96de7-1-26610-linux-6-80258772" time="0.002">
  <properties/>
  <testcase name="testYearChanged" classname="griffon.pivot.support.adapters.CalendarButtonAdapterTest" time="0.0"/>
  <testcase name="testLocaleChanged" classname="griffon.pivot.support.adapters.CalendarButtonAdapterTest" time="0.0"/>
  <testcase name="testMonthChanged" classname="griffon.pivot.support.adapters.CalendarButtonAdapterTest" time="0.001"/>
  <testcase name="testDisabledDateFilterChanged" classname="griffon.pivot.support.adapters.CalendarButtonAdapterTest" time="0.0"/>
  <system-out><![CDATA[]]></system-out>
  <system-err><![CDATA[]]></system-err>
</testsuite>
