<?xml version="1.0" encoding="UTF-8"?>
<testsuite name="griffon.pivot.support.adapters.CalendarSelectionAdapterTest" tests="1" skipped="0" failures="0" errors="0" timestamp="2015-11-29T13:29:10" hostname="testing-worker-linux-3da96de7-2-501-linux-7-93770621" time="0.0">
  <properties/>
  <testcase name="testSelectedDateChanged" classname="griffon.pivot.support.adapters.CalendarSelectionAdapterTest" time="0.0"/>
  <system-out><![CDATA[]]></system-out>
  <system-err><![CDATA[]]></system-err>
</testsuite>
