<?xml version="1.0" encoding="UTF-8"?>
<testsuite name="griffon.pivot.support.adapters.ComponentDataAdapterTest" tests="3" skipped="0" failures="0" errors="0" timestamp="2014-07-29T17:12:21" hostname="testing-worker-linux-5-2-10853-linux-10-31157923" time="0.004">
  <properties/>
  <testcase name="testValueRemoved" classname="griffon.pivot.support.adapters.ComponentDataAdapterTest" time="0.001"/>
  <testcase name="testValueAdded" classname="griffon.pivot.support.adapters.ComponentDataAdapterTest" time="0.0"/>
  <testcase name="testValueUpdated" classname="griffon.pivot.support.adapters.ComponentDataAdapterTest" time="0.001"/>
  <system-out><![CDATA[]]></system-out>
  <system-err><![CDATA[]]></system-err>
</testsuite>
