<?xml version="1.0" encoding="UTF-8"?>
<testsuite name="griffon.pivot.support.adapters.TextPaneSelectionAdapterTest" tests="1" failures="0" errors="0" timestamp="2014-02-17T20:58:04" hostname="testing-worker-linux-2-2-30281-linux-3-19064236" time="0.002">
  <properties/>
  <testcase name="testSelectionChanged" classname="griffon.pivot.support.adapters.TextPaneSelectionAdapterTest" time="0.002"/>
  <system-out><![CDATA[]]></system-out>
  <system-err><![CDATA[]]></system-err>
</testsuite>
