<?xml version="1.0" encoding="UTF-8"?>
<testsuite name="griffon.pivot.support.adapters.AccordionAdapterTest" tests="3" failures="0" errors="0" timestamp="2014-02-26T09:23:18" hostname="testing-worker-linux-5-1-21897-linux-6-19637608" time="0.007">
  <properties/>
  <testcase name="testPanelInserted" classname="griffon.pivot.support.adapters.AccordionAdapterTest" time="0.001"/>
  <testcase name="testPanelsRemoved" classname="griffon.pivot.support.adapters.AccordionAdapterTest" time="0.002"/>
  <testcase name="testHeaderDataRendererChanged" classname="griffon.pivot.support.adapters.AccordionAdapterTest" time="0.002"/>
  <system-out><![CDATA[]]></system-out>
  <system-err><![CDATA[]]></system-err>
</testsuite>
