<?xml version="1.0" encoding="UTF-8"?>
<testsuite name="griffon.pivot.support.adapters.BoxPaneAdapterTest" tests="1" skipped="0" failures="0" errors="0" timestamp="2014-06-20T12:13:13" hostname="testing-worker-linux-5-1-31997-linux-12-28036849" time="0.001">
  <properties/>
  <testcase name="testOrientationChanged" classname="griffon.pivot.support.adapters.BoxPaneAdapterTest" time="0.001"/>
  <system-out><![CDATA[]]></system-out>
  <system-err><![CDATA[]]></system-err>
</testsuite>
