<?xml version="1.0" encoding="UTF-8"?>
<testsuite name="griffon.pivot.support.adapters.TextPaneAdapterTest" tests="2" skipped="0" failures="0" errors="0" timestamp="2014-06-27T14:12:22" hostname="testing-worker-linux-5-1-466-linux-1-28592872" time="0.004">
  <properties/>
  <testcase name="testDocumentChanged" classname="griffon.pivot.support.adapters.TextPaneAdapterTest" time="0.002"/>
  <testcase name="testEditableChanged" classname="griffon.pivot.support.adapters.TextPaneAdapterTest" time="0.001"/>
  <system-out><![CDATA[]]></system-out>
  <system-err><![CDATA[]]></system-err>
</testsuite>
