<?xml version="1.0" encoding="UTF-8"?>
<testsuite name="griffon.pivot.support.adapters.TableViewColumnAdapterTest" tests="9" skipped="0" failures="0" errors="0" timestamp="2014-07-01T21:01:10" hostname="testing-worker-linux-10-2-466-linux-15-28907347" time="0.026">
  <properties/>
  <testcase name="testColumnWidthChanged" classname="griffon.pivot.support.adapters.TableViewColumnAdapterTest" time="0.003"/>
  <testcase name="testColumnWidthLimitsChanged" classname="griffon.pivot.support.adapters.TableViewColumnAdapterTest" time="0.001"/>
  <testcase name="testColumnInserted" classname="griffon.pivot.support.adapters.TableViewColumnAdapterTest" time="0.002"/>
  <testcase name="testColumnCellRendererChanged" classname="griffon.pivot.support.adapters.TableViewColumnAdapterTest" time="0.002"/>
  <testcase name="testColumnsRemoved" classname="griffon.pivot.support.adapters.TableViewColumnAdapterTest" time="0.002"/>
  <testcase name="testColumnHeaderDataChanged" classname="griffon.pivot.support.adapters.TableViewColumnAdapterTest" time="0.001"/>
  <testcase name="testColumnFilterChanged" classname="griffon.pivot.support.adapters.TableViewColumnAdapterTest" time="0.002"/>
  <testcase name="testColumnNameChanged" classname="griffon.pivot.support.adapters.TableViewColumnAdapterTest" time="0.002"/>
  <testcase name="testColumnHeaderDataRendererChanged" classname="griffon.pivot.support.adapters.TableViewColumnAdapterTest" time="0.002"/>
  <system-out><![CDATA[]]></system-out>
  <system-err><![CDATA[]]></system-err>
</testsuite>
