<?xml version="1.0" encoding="UTF-8"?>
<testsuite name="griffon.pivot.support.adapters.RollupAdapterTest" tests="3" skipped="0" failures="0" errors="0" timestamp="2015-02-19T15:58:57" hostname="testing-worker-linux-bb3654bb-2-23066-linux-19-51390683" time="0.003">
  <properties/>
  <testcase name="testCollapsibleChanged" classname="griffon.pivot.support.adapters.RollupAdapterTest" time="0.001"/>
  <testcase name="testHeadingChanged" classname="griffon.pivot.support.adapters.RollupAdapterTest" time="0.001"/>
  <testcase name="testContentChanged" classname="griffon.pivot.support.adapters.RollupAdapterTest" time="0.001"/>
  <system-out><![CDATA[]]></system-out>
  <system-err><![CDATA[]]></system-err>
</testsuite>
