<?xml version="1.0" encoding="UTF-8"?>
<testsuite name="griffon.pivot.editors.BoundsPropertyEditorSpec" tests="30" skipped="0" failures="0" errors="0" timestamp="2014-12-18T03:28:22" hostname="testing-worker-linux-9-1-24821-linux-12-44411655" time="0.126">
  <properties/>
  <testcase name="Bounds format 'null' should be equal to #Error:bounds" classname="griffon.pivot.editors.BoundsPropertyEditorSpec" time="0.069"/>
  <testcase name="Bounds format '' should be equal to #Error:bounds" classname="griffon.pivot.editors.BoundsPropertyEditorSpec" time="0.005"/>
  <testcase name="Bounds format ' ' should be equal to #Error:bounds" classname="griffon.pivot.editors.BoundsPropertyEditorSpec" time="0.001"/>
  <testcase name="Bounds format '[]' should be equal to #Error:bounds" classname="griffon.pivot.editors.BoundsPropertyEditorSpec" time="0.0"/>
  <testcase name="Bounds format '[:]' should be equal to #Error:bounds" classname="griffon.pivot.editors.BoundsPropertyEditorSpec" time="0.0"/>
  <testcase name="Bounds format '10,20,30,40' should be equal to #Error:bounds" classname="griffon.pivot.editors.BoundsPropertyEditorSpec" time="0.0"/>
  <testcase name="Bounds format '10, 20, 30, 40' should be equal to #Error:bounds" classname="griffon.pivot.editors.BoundsPropertyEditorSpec" time="0.001"/>
  <testcase name="Bounds format ' 10, 20, 30, 40' should be equal to #Error:bounds" classname="griffon.pivot.editors.BoundsPropertyEditorSpec" time="0.001"/>
  <testcase name="Bounds format ' 10, 20, 30, 40 ' should be equal to #Error:bounds" classname="griffon.pivot.editors.BoundsPropertyEditorSpec" time="0.0"/>
  <testcase name="Bounds format '[10, 20, 30, 40]' should be equal to #Error:bounds" classname="griffon.pivot.editors.BoundsPropertyEditorSpec" time="0.0"/>
  <testcase name="Bounds format '[10, 20, 30, 40]' should be equal to #Error:bounds" classname="griffon.pivot.editors.BoundsPropertyEditorSpec" time="0.0"/>
  <testcase name="Bounds format '[x:10, y:20, width:30, height:40]' should be equal to #Error:bounds" classname="griffon.pivot.editors.BoundsPropertyEditorSpec" time="0.001"/>
  <testcase name="Bounds format '[x:10, y:20, width:30, height:40]' should be equal to #Error:bounds" classname="griffon.pivot.editors.BoundsPropertyEditorSpec" time="0.001"/>
  <testcase name="Bounds format '[x:10, y:20, w:30, h:40]' should be equal to #Error:bounds" classname="griffon.pivot.editors.BoundsPropertyEditorSpec" time="0.0"/>
  <testcase name="Bounds format '[x:10, y:20, w:30, h:40]' should be equal to #Error:bounds" classname="griffon.pivot.editors.BoundsPropertyEditorSpec" time="0.0"/>
  <testcase name="Bounds format 'org.apache.pivot.wtk.Bounds [10,20;30x40]' should be equal to #Error:bounds" classname="griffon.pivot.editors.BoundsPropertyEditorSpec" time="0.004"/>
  <testcase name="Bounds format '[foo:10, bar:20]' should be equal to #Error:bounds" classname="griffon.pivot.editors.BoundsPropertyEditorSpec" time="0.001"/>
  <testcase name="Invalid bounds format 'garbage'" classname="griffon.pivot.editors.BoundsPropertyEditorSpec" time="0.009"/>
  <testcase name="Invalid bounds format '1, 2, 3'" classname="griffon.pivot.editors.BoundsPropertyEditorSpec" time="0.0"/>
  <testcase name="Invalid bounds format '1, 2, 3, 4, 5'" classname="griffon.pivot.editors.BoundsPropertyEditorSpec" time="0.0"/>
  <testcase name="Invalid bounds format '[1, 2, 3]'" classname="griffon.pivot.editors.BoundsPropertyEditorSpec" time="0.0"/>
  <testcase name="Invalid bounds format '[1, 2, 3, java.lang.Object@7920bce6]'" classname="griffon.pivot.editors.BoundsPropertyEditorSpec" time="0.0"/>
  <testcase name="Invalid bounds format '[1, 2, 3, 4, 5]'" classname="griffon.pivot.editors.BoundsPropertyEditorSpec" time="0.0"/>
  <testcase name="Invalid bounds format '[java.lang.Object@787dc8d6]'" classname="griffon.pivot.editors.BoundsPropertyEditorSpec" time="0.0"/>
  <testcase name="Invalid bounds format '[x:java.lang.Object@71ed94df]'" classname="griffon.pivot.editors.BoundsPropertyEditorSpec" time="0.0"/>
  <testcase name="Invalid bounds format '[x:a]'" classname="griffon.pivot.editors.BoundsPropertyEditorSpec" time="0.001"/>
  <testcase name="Invalid bounds format '[y:b]'" classname="griffon.pivot.editors.BoundsPropertyEditorSpec" time="0.001"/>
  <testcase name="Invalid bounds format 'java.lang.Object@7ac17a0a'" classname="griffon.pivot.editors.BoundsPropertyEditorSpec" time="0.0"/>
  <testcase name="Formatted bounds 'null'" classname="griffon.pivot.editors.BoundsPropertyEditorSpec" time="0.002"/>
  <testcase name="Formatted bounds '10, 20, 30, 40'" classname="griffon.pivot.editors.BoundsPropertyEditorSpec" time="0.001"/>
  <system-out><![CDATA[]]></system-out>
  <system-err><![CDATA[]]></system-err>
</testsuite>
