<?xml version="1.0" encoding="UTF-8"?>
<testsuite name="griffon.pivot.support.adapters.ComponentTooltipAdapterTest" tests="1" skipped="0" failures="0" errors="0" timestamp="2014-06-20T22:03:17" hostname="testing-worker-linux-3-2-7466-linux-7-28080196" time="0.003">
  <properties/>
  <testcase name="testTooltipTriggered" classname="griffon.pivot.support.adapters.ComponentTooltipAdapterTest" time="0.003"/>
  <system-out><![CDATA[]]></system-out>
  <system-err><![CDATA[]]></system-err>
</testsuite>
