<?xml version="1.0" encoding="UTF-8"?>
<testsuite name="griffon.pivot.support.adapters.TableViewHeaderPressAdapterTest" tests="1" skipped="0" failures="0" errors="0" timestamp="2014-07-29T12:06:48" hostname="testing-worker-linux-7-1-12636-linux-19-31131677" time="0.001">
  <properties/>
  <testcase name="testHeaderPressed" classname="griffon.pivot.support.adapters.TableViewHeaderPressAdapterTest" time="0.001"/>
  <system-out><![CDATA[]]></system-out>
  <system-err><![CDATA[]]></system-err>
</testsuite>
