<?xml version="1.0" encoding="UTF-8"?>
<testsuite name="griffon.pivot.support.adapters.MenuBarAdapterTest" tests="3" skipped="0" failures="0" errors="0" timestamp="2014-07-19T11:13:52" hostname="testing-worker-linux-6-2-3820-linux-19-30337690" time="0.003">
  <properties/>
  <testcase name="testItemInserted" classname="griffon.pivot.support.adapters.MenuBarAdapterTest" time="0.001"/>
  <testcase name="testItemsRemoved" classname="griffon.pivot.support.adapters.MenuBarAdapterTest" time="0.0"/>
  <testcase name="testActiveItemChanged" classname="griffon.pivot.support.adapters.MenuBarAdapterTest" time="0.0"/>
  <system-out><![CDATA[]]></system-out>
  <system-err><![CDATA[]]></system-err>
</testsuite>
