<?xml version="1.0" encoding="UTF-8"?>
<testsuite name="griffon.pivot.support.adapters.ElementAdapterTest" tests="7" skipped="0" failures="0" errors="0" timestamp="2015-08-30T14:33:21" hostname="testing-worker-linux-89e97461-1-14451-linux-9-77921114" time="0.004">
  <properties/>
  <testcase name="testStrikethroughChanged" classname="griffon.pivot.support.adapters.ElementAdapterTest" time="0.001"/>
  <testcase name="testBackgroundColorChanged" classname="griffon.pivot.support.adapters.ElementAdapterTest" time="0.001"/>
  <testcase name="testNodeInserted" classname="griffon.pivot.support.adapters.ElementAdapterTest" time="0.0"/>
  <testcase name="testForegroundColorChanged" classname="griffon.pivot.support.adapters.ElementAdapterTest" time="0.001"/>
  <testcase name="testNodesRemoved" classname="griffon.pivot.support.adapters.ElementAdapterTest" time="0.0"/>
  <testcase name="testFontChanged" classname="griffon.pivot.support.adapters.ElementAdapterTest" time="0.001"/>
  <testcase name="testUnderlineChanged" classname="griffon.pivot.support.adapters.ElementAdapterTest" time="0.0"/>
  <system-out><![CDATA[]]></system-out>
  <system-err><![CDATA[]]></system-err>
</testsuite>
