<?xml version="1.0" encoding="UTF-8"?>
<testsuite name="griffon.pivot.support.adapters.MenuPopupAdapterTest" tests="1" skipped="0" failures="0" errors="0" timestamp="2016-06-01T20:39:09" hostname="testing-gce-02346492-7fe8-4844-953c-74fc61fd1164.c.travis-ci-prod-5.internal" time="0.0">
  <properties/>
  <testcase name="testMenuChanged" classname="griffon.pivot.support.adapters.MenuPopupAdapterTest" time="0.0"/>
  <system-out><![CDATA[]]></system-out>
  <system-err><![CDATA[]]></system-err>
</testsuite>
