<?xml version="1.0" encoding="UTF-8"?>
<testsuite name="griffon.pivot.support.adapters.TreeViewSelectionAdapterTest" tests="4" skipped="0" failures="0" errors="0" timestamp="2015-12-21T22:17:27" hostname="testing-gce-01da6abe-182b-4b40-96a4-6657a622c3d6.c.eco-emissary-99515.internal" time="0.006">
  <properties/>
  <testcase name="testSelectedNodeChanged" classname="griffon.pivot.support.adapters.TreeViewSelectionAdapterTest" time="0.0"/>
  <testcase name="testSelectedPathsChanged" classname="griffon.pivot.support.adapters.TreeViewSelectionAdapterTest" time="0.001"/>
  <testcase name="testSelectedPathRemoved" classname="griffon.pivot.support.adapters.TreeViewSelectionAdapterTest" time="0.001"/>
  <testcase name="testSelectedPathAdded" classname="griffon.pivot.support.adapters.TreeViewSelectionAdapterTest" time="0.0"/>
  <system-out><![CDATA[]]></system-out>
  <system-err><![CDATA[]]></system-err>
</testsuite>
