<?xml version="1.0" encoding="UTF-8"?>
<testsuite name="griffon.pivot.support.adapters.MenuAdapterTest" tests="3" failures="0" errors="0" timestamp="2014-02-26T09:23:19" hostname="testing-worker-linux-5-1-21897-linux-6-19637608" time="0.004">
  <properties/>
  <testcase name="testSectionInserted" classname="griffon.pivot.support.adapters.MenuAdapterTest" time="0.001"/>
  <testcase name="testActiveItemChanged" classname="griffon.pivot.support.adapters.MenuAdapterTest" time="0.001"/>
  <testcase name="testSectionsRemoved" classname="griffon.pivot.support.adapters.MenuAdapterTest" time="0.001"/>
  <system-out><![CDATA[]]></system-out>
  <system-err><![CDATA[]]></system-err>
</testsuite>
