<?xml version="1.0" encoding="UTF-8"?>
<testsuite name="griffon.pivot.support.adapters.CalendarSelectionAdapterTest" tests="1" skipped="0" failures="0" errors="0" timestamp="2015-08-11T07:56:24" hostname="testing-worker-linux-da6418d7-2-20031-linux-2-75048457" time="0.0">
  <properties/>
  <testcase name="testSelectedDateChanged" classname="griffon.pivot.support.adapters.CalendarSelectionAdapterTest" time="0.0"/>
  <system-out><![CDATA[]]></system-out>
  <system-err><![CDATA[]]></system-err>
</testsuite>
