<?xml version="1.0" encoding="UTF-8"?>
<testsuite name="griffon.pivot.support.adapters.TableViewSortAdapterTest" tests="4" skipped="0" failures="0" errors="0" timestamp="2015-01-07T08:44:19" hostname="testing-worker-linux-7-1-28356-linux-11-46168204" time="0.002">
  <properties/>
  <testcase name="testSortUpdated" classname="griffon.pivot.support.adapters.TableViewSortAdapterTest" time="0.0"/>
  <testcase name="testSortAdded" classname="griffon.pivot.support.adapters.TableViewSortAdapterTest" time="0.0"/>
  <testcase name="testSortChanged" classname="griffon.pivot.support.adapters.TableViewSortAdapterTest" time="0.0"/>
  <testcase name="testSortRemoved" classname="griffon.pivot.support.adapters.TableViewSortAdapterTest" time="0.001"/>
  <system-out><![CDATA[]]></system-out>
  <system-err><![CDATA[]]></system-err>
</testsuite>
