<?xml version="1.0" encoding="UTF-8"?>
<testsuite name="griffon.pivot.support.adapters.ColorChooserButtonSelectionAdapterTest" tests="1" skipped="0" failures="0" errors="0" timestamp="2014-06-20T11:12:09" hostname="testing-worker-linux-6-1-3457-linux-4-28033038" time="0.0">
  <properties/>
  <testcase name="testSelectedColorChanged" classname="griffon.pivot.support.adapters.ColorChooserButtonSelectionAdapterTest" time="0.0"/>
  <system-out><![CDATA[]]></system-out>
  <system-err><![CDATA[]]></system-err>
</testsuite>
