<?xml version="1.0" encoding="UTF-8"?>
<testsuite name="griffon.pivot.support.adapters.DialogStateAdapterTest" tests="3" skipped="0" failures="0" errors="0" timestamp="2014-06-23T22:45:06" hostname="testing-worker-linux-5-1-31997-linux-7-28266549" time="0.006">
  <properties/>
  <testcase name="testPreviewDialogClose" classname="griffon.pivot.support.adapters.DialogStateAdapterTest" time="0.002"/>
  <testcase name="testDialogCloseVetoed" classname="griffon.pivot.support.adapters.DialogStateAdapterTest" time="0.002"/>
  <testcase name="testDialogClosed" classname="griffon.pivot.support.adapters.DialogStateAdapterTest" time="0.002"/>
  <system-out><![CDATA[]]></system-out>
  <system-err><![CDATA[]]></system-err>
</testsuite>
