<?xml version="1.0" encoding="UTF-8"?>
<testsuite name="griffon.pivot.support.adapters.ActionClassAdapterTest" tests="3" skipped="0" failures="0" errors="0" timestamp="2014-06-18T09:23:29" hostname="testing-worker-linux-6-1-3457-linux-19-27846330" time="0.003">
  <properties/>
  <testcase name="testActionUpdated" classname="griffon.pivot.support.adapters.ActionClassAdapterTest" time="0.001"/>
  <testcase name="testActionRemoved" classname="griffon.pivot.support.adapters.ActionClassAdapterTest" time="0.0"/>
  <testcase name="testActionAdded" classname="griffon.pivot.support.adapters.ActionClassAdapterTest" time="0.0"/>
  <system-out><![CDATA[]]></system-out>
  <system-err><![CDATA[]]></system-err>
</testsuite>
