<?xml version="1.0" encoding="UTF-8"?>
<testsuite name="griffon.pivot.support.adapters.ActionAdapterTest" tests="1" skipped="0" failures="0" errors="0" timestamp="2016-06-25T21:35:41" hostname="testing-gce-ad60b4e0-567f-4a47-892f-1eda72092bc5.c.travis-ci-prod-5.internal" time="0.0">
  <properties/>
  <testcase name="testEnabledChanged" classname="griffon.pivot.support.adapters.ActionAdapterTest" time="0.0"/>
  <system-out><![CDATA[]]></system-out>
  <system-err><![CDATA[]]></system-err>
</testsuite>
