<?xml version="1.0" encoding="UTF-8"?>
<testsuite name="griffon.pivot.support.adapters.ImageAdapterTest" tests="3" skipped="0" failures="0" errors="0" timestamp="2014-06-20T14:00:13" hostname="testing-worker-linux-9-1-10833-linux-3-28043752" time="0.004">
  <properties/>
  <testcase name="testRegionUpdated" classname="griffon.pivot.support.adapters.ImageAdapterTest" time="0.001"/>
  <testcase name="testSizeChanged" classname="griffon.pivot.support.adapters.ImageAdapterTest" time="0.001"/>
  <testcase name="testBaselineChanged" classname="griffon.pivot.support.adapters.ImageAdapterTest" time="0.001"/>
  <system-out><![CDATA[]]></system-out>
  <system-err><![CDATA[]]></system-err>
</testsuite>
