<?xml version="1.0" encoding="UTF-8"?>
<testsuite name="griffon.pivot.support.adapters.BorderAdapterTest" tests="2" skipped="0" failures="0" errors="0" timestamp="2016-02-29T12:12:22" hostname="testing-gce-4eb76982-1731-4597-b9de-8ca85393fd0e.c.eco-emissary-99515.internal" time="0.002">
  <properties/>
  <testcase name="testTitleChanged" classname="griffon.pivot.support.adapters.BorderAdapterTest" time="0.001"/>
  <testcase name="testContentChanged" classname="griffon.pivot.support.adapters.BorderAdapterTest" time="0.001"/>
  <system-out><![CDATA[]]></system-out>
  <system-err><![CDATA[]]></system-err>
</testsuite>
