<?xml version="1.0" encoding="UTF-8"?>
<testsuite name="griffon.pivot.support.adapters.DialogCloseAdapterTest" tests="1" skipped="0" failures="0" errors="0" timestamp="2016-06-17T08:24:54" hostname="testing-gce-4d83558d-2899-4dfd-8d4c-fb48b67c1461.c.travis-ci-prod-5.internal" time="0.001">
  <properties/>
  <testcase name="testDialogClosed" classname="griffon.pivot.support.adapters.DialogCloseAdapterTest" time="0.001"/>
  <system-out><![CDATA[]]></system-out>
  <system-err><![CDATA[]]></system-err>
</testsuite>
