<?xml version="1.0" encoding="UTF-8"?>
<testsuite name="griffon.pivot.support.adapters.DialogStateAdapterTest" tests="3" skipped="0" failures="0" errors="0" timestamp="2016-01-08T11:53:00" hostname="testing-gce-8b62cc30-0b9e-487e-a8ce-180914d6c47a.c.eco-emissary-99515.internal" time="0.003">
  <properties/>
  <testcase name="testPreviewDialogClose" classname="griffon.pivot.support.adapters.DialogStateAdapterTest" time="0.001"/>
  <testcase name="testDialogCloseVetoed" classname="griffon.pivot.support.adapters.DialogStateAdapterTest" time="0.001"/>
  <testcase name="testDialogClosed" classname="griffon.pivot.support.adapters.DialogStateAdapterTest" time="0.001"/>
  <system-out><![CDATA[]]></system-out>
  <system-err><![CDATA[]]></system-err>
</testsuite>
