<?xml version="1.0" encoding="UTF-8"?>
<testsuite name="griffon.pivot.support.adapters.ComponentMouseWheelAdapterTest" tests="1" skipped="0" failures="0" errors="0" timestamp="2015-08-19T16:56:09" hostname="testing-worker-linux-968a87ce-2-2279-linux-12-76305112" time="0.001">
  <properties/>
  <testcase name="testMouseWheel" classname="griffon.pivot.support.adapters.ComponentMouseWheelAdapterTest" time="0.001"/>
  <system-out><![CDATA[]]></system-out>
  <system-err><![CDATA[]]></system-err>
</testsuite>
