<?xml version="1.0" encoding="UTF-8"?>
<testsuite name="griffon.pivot.support.adapters.ListViewItemStateAdapterTest" tests="1" skipped="0" failures="0" errors="0" timestamp="2015-05-14T16:27:01" hostname="testing-worker-linux-226df11e-2-8634-linux-16-62571808" time="0.0">
  <properties/>
  <testcase name="testItemCheckedChanged" classname="griffon.pivot.support.adapters.ListViewItemStateAdapterTest" time="0.0"/>
  <system-out><![CDATA[]]></system-out>
  <system-err><![CDATA[]]></system-err>
</testsuite>
