<?xml version="1.0" encoding="UTF-8"?>
<testsuite name="griffon.pivot.support.adapters.AccordionAdapterTest" tests="3" skipped="0" failures="0" errors="0" timestamp="2014-11-21T11:09:37" hostname="testing-worker-linux-8-2-4535-linux-1-41701978" time="0.002">
  <properties/>
  <testcase name="testPanelInserted" classname="griffon.pivot.support.adapters.AccordionAdapterTest" time="0.001"/>
  <testcase name="testPanelsRemoved" classname="griffon.pivot.support.adapters.AccordionAdapterTest" time="0.0"/>
  <testcase name="testHeaderDataRendererChanged" classname="griffon.pivot.support.adapters.AccordionAdapterTest" time="0.0"/>
  <system-out><![CDATA[]]></system-out>
  <system-err><![CDATA[]]></system-err>
</testsuite>
