<?xml version="1.0" encoding="UTF-8"?>
<testsuite name="griffon.pivot.support.adapters.SpinnerItemAdapterTest" tests="5" skipped="0" failures="0" errors="0" timestamp="2015-01-27T14:57:25" hostname="testing-worker-linux-de84ae74-2-8732-linux-17-48491521" time="0.002">
  <properties/>
  <testcase name="testItemInserted" classname="griffon.pivot.support.adapters.SpinnerItemAdapterTest" time="0.0"/>
  <testcase name="testItemsCleared" classname="griffon.pivot.support.adapters.SpinnerItemAdapterTest" time="0.001"/>
  <testcase name="testItemUpdated" classname="griffon.pivot.support.adapters.SpinnerItemAdapterTest" time="0.0"/>
  <testcase name="testItemsSorted" classname="griffon.pivot.support.adapters.SpinnerItemAdapterTest" time="0.001"/>
  <testcase name="testItemsRemoved" classname="griffon.pivot.support.adapters.SpinnerItemAdapterTest" time="0.0"/>
  <system-out><![CDATA[]]></system-out>
  <system-err><![CDATA[]]></system-err>
</testsuite>
