<?xml version="1.0" encoding="UTF-8"?>
<testsuite name="griffon.pivot.support.adapters.RollupAdapterTest" tests="3" skipped="0" failures="0" errors="0" timestamp="2014-06-27T20:24:56" hostname="testing-worker-linux-6-2-3512-linux-7-28622284" time="0.004">
  <properties/>
  <testcase name="testCollapsibleChanged" classname="griffon.pivot.support.adapters.RollupAdapterTest" time="0.001"/>
  <testcase name="testHeadingChanged" classname="griffon.pivot.support.adapters.RollupAdapterTest" time="0.001"/>
  <testcase name="testContentChanged" classname="griffon.pivot.support.adapters.RollupAdapterTest" time="0.001"/>
  <system-out><![CDATA[]]></system-out>
  <system-err><![CDATA[]]></system-err>
</testsuite>
