<?xml version="1.0" encoding="UTF-8"?>
<testsuite name="griffon.pivot.support.adapters.TextPaneAdapterTest" tests="2" skipped="0" failures="0" errors="0" timestamp="2014-07-29T12:06:48" hostname="testing-worker-linux-7-1-12636-linux-19-31131677" time="0.003">
  <properties/>
  <testcase name="testDocumentChanged" classname="griffon.pivot.support.adapters.TextPaneAdapterTest" time="0.001"/>
  <testcase name="testEditableChanged" classname="griffon.pivot.support.adapters.TextPaneAdapterTest" time="0.001"/>
  <system-out><![CDATA[]]></system-out>
  <system-err><![CDATA[]]></system-err>
</testsuite>
