<?xml version="1.0" encoding="UTF-8"?>
<testsuite name="griffon.pivot.support.adapters.WindowAdapterTest" tests="7" skipped="0" failures="0" errors="0" timestamp="2014-12-08T22:26:55" hostname="testing-worker-linux-10-2-13412-linux-21-43400609" time="0.004">
  <properties/>
  <testcase name="testTitleChanged" classname="griffon.pivot.support.adapters.WindowAdapterTest" time="0.001"/>
  <testcase name="testIconInserted" classname="griffon.pivot.support.adapters.WindowAdapterTest" time="0.0"/>
  <testcase name="testIconAdded" classname="griffon.pivot.support.adapters.WindowAdapterTest" time="0.001"/>
  <testcase name="testIconsRemoved" classname="griffon.pivot.support.adapters.WindowAdapterTest" time="0.0"/>
  <testcase name="testMaximizedChanged" classname="griffon.pivot.support.adapters.WindowAdapterTest" time="0.001"/>
  <testcase name="testContentChanged" classname="griffon.pivot.support.adapters.WindowAdapterTest" time="0.001"/>
  <testcase name="testActiveChanged" classname="griffon.pivot.support.adapters.WindowAdapterTest" time="0.0"/>
  <system-out><![CDATA[]]></system-out>
  <system-err><![CDATA[]]></system-err>
</testsuite>
