<?xml version="1.0" encoding="UTF-8"?>
<testsuite name="griffon.pivot.support.adapters.SpinnerSelectionAdapterTest" tests="2" skipped="0" failures="0" errors="0" timestamp="2015-08-29T11:12:39" hostname="testing-worker-linux-bb3654bb-2-17586-linux-2-77806272" time="0.001">
  <properties/>
  <testcase name="testSelectedIndexChanged" classname="griffon.pivot.support.adapters.SpinnerSelectionAdapterTest" time="0.001"/>
  <testcase name="testSelectedItemChanged" classname="griffon.pivot.support.adapters.SpinnerSelectionAdapterTest" time="0.0"/>
  <system-out><![CDATA[]]></system-out>
  <system-err><![CDATA[]]></system-err>
</testsuite>
