<?xml version="1.0" encoding="UTF-8"?>
<testsuite name="griffon.pivot.support.adapters.ViewportAdapterTest" tests="3" failures="0" errors="0" timestamp="2014-03-07T17:26:34" hostname="testing-worker-linux-5-1-19517-linux-8-20297994" time="0.003">
  <properties/>
  <testcase name="testViewChanged" classname="griffon.pivot.support.adapters.ViewportAdapterTest" time="0.001"/>
  <testcase name="testScrollLeftChanged" classname="griffon.pivot.support.adapters.ViewportAdapterTest" time="0.001"/>
  <testcase name="testScrollTopChanged" classname="griffon.pivot.support.adapters.ViewportAdapterTest" time="0.001"/>
  <system-out><![CDATA[]]></system-out>
  <system-err><![CDATA[]]></system-err>
</testsuite>
