<?xml version="1.0" encoding="UTF-8"?>
<testsuite name="griffon.pivot.support.adapters.MenuItemSelectionAdapterTest" tests="1" skipped="0" failures="0" errors="0" timestamp="2016-06-10T18:45:42" hostname="testing-gce-a0d79f46-84c0-4aba-beac-09dda7d5a87b.c.travis-ci-prod-2.internal" time="0.003">
  <properties/>
  <testcase name="testItemSelected" classname="griffon.pivot.support.adapters.MenuItemSelectionAdapterTest" time="0.003"/>
  <system-out><![CDATA[]]></system-out>
  <system-err><![CDATA[]]></system-err>
</testsuite>
