<?xml version="1.0" encoding="UTF-8"?>
<testsuite name="griffon.pivot.support.adapters.ButtonStateAdapterTest" tests="1" skipped="0" failures="0" errors="0" timestamp="2016-06-16T07:58:28" hostname="testing-gce-7424ba10-1242-40d5-9572-e7653f8a3e42.c.eco-emissary-99515.internal" time="0.0">
  <properties/>
  <testcase name="testStateChanged" classname="griffon.pivot.support.adapters.ButtonStateAdapterTest" time="0.0"/>
  <system-out><![CDATA[]]></system-out>
  <system-err><![CDATA[]]></system-err>
</testsuite>
