<?xml version="1.0" encoding="UTF-8"?>
<testsuite name="griffon.pivot.support.adapters.ImageNodeAdapterTest" tests="1" skipped="0" failures="0" errors="0" timestamp="2014-12-19T03:46:34" hostname="testing-worker-linux-8-1-9724-linux-13-44539270" time="0.001">
  <properties/>
  <testcase name="testImageChanged" classname="griffon.pivot.support.adapters.ImageNodeAdapterTest" time="0.001"/>
  <system-out><![CDATA[]]></system-out>
  <system-err><![CDATA[]]></system-err>
</testsuite>
