<?xml version="1.0" encoding="UTF-8"?>
<testsuite name="griffon.pivot.support.adapters.BulletedListAdapterTest" tests="1" skipped="0" failures="0" errors="0" timestamp="2014-11-25T10:58:09" hostname="testing-worker-linux-8-2-19826-linux-1-42063237" time="0.0">
  <properties/>
  <testcase name="testStyleChanged" classname="griffon.pivot.support.adapters.BulletedListAdapterTest" time="0.0"/>
  <system-out><![CDATA[]]></system-out>
  <system-err><![CDATA[]]></system-err>
</testsuite>
