<?xml version="1.0" encoding="UTF-8"?>
<testsuite name="griffon.pivot.support.adapters.ScrollBarValueAdapterTest" tests="1" skipped="0" failures="0" errors="0" timestamp="2015-06-08T20:35:54" hostname="testing-worker-linux-77796cae-2-8724-linux-7-65950558" time="0.0">
  <properties/>
  <testcase name="testValueChanged" classname="griffon.pivot.support.adapters.ScrollBarValueAdapterTest" time="0.0"/>
  <system-out><![CDATA[]]></system-out>
  <system-err><![CDATA[]]></system-err>
</testsuite>
