<?xml version="1.0" encoding="UTF-8"?>
<testsuite name="griffon.pivot.support.adapters.FrameAdapterTest" tests="1" failures="0" errors="0" timestamp="2014-06-07T09:10:32" hostname="testing-worker-linux-4-2-30364-linux-9-27005275" time="0.001">
  <properties/>
  <testcase name="testMenuBarChanged" classname="griffon.pivot.support.adapters.FrameAdapterTest" time="0.001"/>
  <system-out><![CDATA[]]></system-out>
  <system-err><![CDATA[]]></system-err>
</testsuite>
