<?xml version="1.0" encoding="UTF-8"?>
<testsuite name="griffon.pivot.support.adapters.PromptAdapterTest" tests="6" skipped="0" failures="0" errors="0" timestamp="2015-09-03T14:59:41" hostname="testing-worker-linux-380b67c9-2-20004-linux-1-78590592" time="0.003">
  <properties/>
  <testcase name="testSelectedOptionChanged" classname="griffon.pivot.support.adapters.PromptAdapterTest" time="0.0"/>
  <testcase name="testMessageChanged" classname="griffon.pivot.support.adapters.PromptAdapterTest" time="0.001"/>
  <testcase name="testMessageTypeChanged" classname="griffon.pivot.support.adapters.PromptAdapterTest" time="0.0"/>
  <testcase name="testOptionInserted" classname="griffon.pivot.support.adapters.PromptAdapterTest" time="0.001"/>
  <testcase name="testBodyChanged" classname="griffon.pivot.support.adapters.PromptAdapterTest" time="0.0"/>
  <testcase name="testOptionsRemoved" classname="griffon.pivot.support.adapters.PromptAdapterTest" time="0.001"/>
  <system-out><![CDATA[]]></system-out>
  <system-err><![CDATA[]]></system-err>
</testsuite>
