<?xml version="1.0" encoding="UTF-8"?>
<testsuite name="griffon.pivot.support.adapters.SeparatorAdapterTest" tests="1" skipped="0" failures="0" errors="0" timestamp="2015-08-03T13:02:55" hostname="testing-worker-linux-bb3654bb-1-17532-linux-11-73886118" time="0.001">
  <properties/>
  <testcase name="testHeadingChanged" classname="griffon.pivot.support.adapters.SeparatorAdapterTest" time="0.001"/>
  <system-out><![CDATA[]]></system-out>
  <system-err><![CDATA[]]></system-err>
</testsuite>
