<?xml version="1.0" encoding="UTF-8"?>
<testsuite name="griffon.pivot.support.adapters.TablePaneAttributeAdapterTest" tests="2" skipped="0" failures="0" errors="0" timestamp="2014-08-13T12:09:59" hostname="testing-worker-linux-9-1-2157-linux-5-32426300" time="0.003">
  <properties/>
  <testcase name="testRowSpanChanged" classname="griffon.pivot.support.adapters.TablePaneAttributeAdapterTest" time="0.001"/>
  <testcase name="testColumnSpanChanged" classname="griffon.pivot.support.adapters.TablePaneAttributeAdapterTest" time="0.001"/>
  <system-out><![CDATA[]]></system-out>
  <system-err><![CDATA[]]></system-err>
</testsuite>
