<?xml version="1.0" encoding="UTF-8"?>
<testsuite name="griffon.pivot.editors.DimensionsPropertyEditorSpec" tests="31" skipped="0" failures="0" errors="0" timestamp="2016-06-15T12:07:16" hostname="testing-gce-92bc9de2-5bad-4310-af48-15e4e974841d.c.travis-ci-prod-2.internal" time="0.045">
  <properties/>
  <testcase name="Dimensions format 'null' should be equal to #Error:dimensions" classname="griffon.pivot.editors.DimensionsPropertyEditorSpec" time="0.006"/>
  <testcase name="Dimensions format '' should be equal to #Error:dimensions" classname="griffon.pivot.editors.DimensionsPropertyEditorSpec" time="0.002"/>
  <testcase name="Dimensions format ' ' should be equal to #Error:dimensions" classname="griffon.pivot.editors.DimensionsPropertyEditorSpec" time="0.001"/>
  <testcase name="Dimensions format '[]' should be equal to #Error:dimensions" classname="griffon.pivot.editors.DimensionsPropertyEditorSpec" time="0.001"/>
  <testcase name="Dimensions format '[:]' should be equal to #Error:dimensions" classname="griffon.pivot.editors.DimensionsPropertyEditorSpec" time="0.002"/>
  <testcase name="Dimensions format '10,20' should be equal to #Error:dimensions" classname="griffon.pivot.editors.DimensionsPropertyEditorSpec" time="0.001"/>
  <testcase name="Dimensions format '10, 20' should be equal to #Error:dimensions" classname="griffon.pivot.editors.DimensionsPropertyEditorSpec" time="0.001"/>
  <testcase name="Dimensions format ' 10, 20' should be equal to #Error:dimensions" classname="griffon.pivot.editors.DimensionsPropertyEditorSpec" time="0.001"/>
  <testcase name="Dimensions format ' 10, 20 ' should be equal to #Error:dimensions" classname="griffon.pivot.editors.DimensionsPropertyEditorSpec" time="0.001"/>
  <testcase name="Dimensions format '[10, 20]' should be equal to #Error:dimensions" classname="griffon.pivot.editors.DimensionsPropertyEditorSpec" time="0.0"/>
  <testcase name="Dimensions format '[10, 20]' should be equal to #Error:dimensions" classname="griffon.pivot.editors.DimensionsPropertyEditorSpec" time="0.0"/>
  <testcase name="Dimensions format '10' should be equal to #Error:dimensions" classname="griffon.pivot.editors.DimensionsPropertyEditorSpec" time="0.0"/>
  <testcase name="Dimensions format '10' should be equal to #Error:dimensions" classname="griffon.pivot.editors.DimensionsPropertyEditorSpec" time="0.0"/>
  <testcase name="Dimensions format '[10]' should be equal to #Error:dimensions" classname="griffon.pivot.editors.DimensionsPropertyEditorSpec" time="0.0"/>
  <testcase name="Dimensions format '[10]' should be equal to #Error:dimensions" classname="griffon.pivot.editors.DimensionsPropertyEditorSpec" time="0.0"/>
  <testcase name="Dimensions format '[width:10, height:20]' should be equal to #Error:dimensions" classname="griffon.pivot.editors.DimensionsPropertyEditorSpec" time="0.001"/>
  <testcase name="Dimensions format '[width:10, height:20]' should be equal to #Error:dimensions" classname="griffon.pivot.editors.DimensionsPropertyEditorSpec" time="0.001"/>
  <testcase name="Dimensions format '[w:10, h:20]' should be equal to #Error:dimensions" classname="griffon.pivot.editors.DimensionsPropertyEditorSpec" time="0.001"/>
  <testcase name="Dimensions format '[w:10, h:20]' should be equal to #Error:dimensions" classname="griffon.pivot.editors.DimensionsPropertyEditorSpec" time="0.001"/>
  <testcase name="Dimensions format 'org.apache.pivot.wtk.Dimensions [10x20]' should be equal to #Error:dimensions" classname="griffon.pivot.editors.DimensionsPropertyEditorSpec" time="0.0"/>
  <testcase name="Dimensions format '[foo:10, bar:20]' should be equal to #Error:dimensions" classname="griffon.pivot.editors.DimensionsPropertyEditorSpec" time="0.001"/>
  <testcase name="Invalid dimensions format 'garbage'" classname="griffon.pivot.editors.DimensionsPropertyEditorSpec" time="0.001"/>
  <testcase name="Invalid dimensions format '1, 2, 3'" classname="griffon.pivot.editors.DimensionsPropertyEditorSpec" time="0.002"/>
  <testcase name="Invalid dimensions format '[1, 2, 3]'" classname="griffon.pivot.editors.DimensionsPropertyEditorSpec" time="0.0"/>
  <testcase name="Invalid dimensions format '[java.lang.Object@7a9dc1f2]'" classname="griffon.pivot.editors.DimensionsPropertyEditorSpec" time="0.0"/>
  <testcase name="Invalid dimensions format '[w:java.lang.Object@49314068]'" classname="griffon.pivot.editors.DimensionsPropertyEditorSpec" time="0.001"/>
  <testcase name="Invalid dimensions format '[width:a]'" classname="griffon.pivot.editors.DimensionsPropertyEditorSpec" time="0.001"/>
  <testcase name="Invalid dimensions format '[w:b]'" classname="griffon.pivot.editors.DimensionsPropertyEditorSpec" time="0.001"/>
  <testcase name="Invalid dimensions format 'java.lang.Object@2ac6b79c'" classname="griffon.pivot.editors.DimensionsPropertyEditorSpec" time="0.0"/>
  <testcase name="Formatted dimensions 'null'" classname="griffon.pivot.editors.DimensionsPropertyEditorSpec" time="0.001"/>
  <testcase name="Formatted dimensions '10, 20'" classname="griffon.pivot.editors.DimensionsPropertyEditorSpec" time="0.001"/>
  <system-out><![CDATA[]]></system-out>
  <system-err><![CDATA[]]></system-err>
</testsuite>
