<?xml version="1.0" encoding="UTF-8"?>
<testsuite name="griffon.pivot.support.adapters.MenuAdapterTest" tests="3" skipped="0" failures="0" errors="0" timestamp="2015-01-15T15:36:22" hostname="testing-worker-linux-5-2-1931-linux-4-47128543" time="0.004">
  <properties/>
  <testcase name="testSectionInserted" classname="griffon.pivot.support.adapters.MenuAdapterTest" time="0.002"/>
  <testcase name="testActiveItemChanged" classname="griffon.pivot.support.adapters.MenuAdapterTest" time="0.001"/>
  <testcase name="testSectionsRemoved" classname="griffon.pivot.support.adapters.MenuAdapterTest" time="0.001"/>
  <system-out><![CDATA[]]></system-out>
  <system-err><![CDATA[]]></system-err>
</testsuite>
