<?xml version="1.0" encoding="UTF-8"?>
<testsuite name="griffon.pivot.support.adapters.PromptAdapterTest" tests="6" skipped="0" failures="0" errors="0" timestamp="2014-11-20T16:08:34" hostname="testing-worker-linux-4-2-26826-linux-12-41614511" time="0.004">
  <properties/>
  <testcase name="testSelectedOptionChanged" classname="griffon.pivot.support.adapters.PromptAdapterTest" time="0.0"/>
  <testcase name="testMessageChanged" classname="griffon.pivot.support.adapters.PromptAdapterTest" time="0.001"/>
  <testcase name="testMessageTypeChanged" classname="griffon.pivot.support.adapters.PromptAdapterTest" time="0.001"/>
  <testcase name="testOptionInserted" classname="griffon.pivot.support.adapters.PromptAdapterTest" time="0.0"/>
  <testcase name="testBodyChanged" classname="griffon.pivot.support.adapters.PromptAdapterTest" time="0.0"/>
  <testcase name="testOptionsRemoved" classname="griffon.pivot.support.adapters.PromptAdapterTest" time="0.001"/>
  <system-out><![CDATA[]]></system-out>
  <system-err><![CDATA[]]></system-err>
</testsuite>
