<?xml version="1.0" encoding="UTF-8"?>
<testsuite name="griffon.pivot.support.adapters.SpinnerBindingAdapterTest" tests="6" skipped="0" failures="0" errors="0" timestamp="2015-05-26T22:57:00" hostname="testing-worker-linux-85ee80ed-1-1752-linux-12-64173398" time="0.004">
  <properties/>
  <testcase name="testSpinnerDataBindTypeChanged" classname="griffon.pivot.support.adapters.SpinnerBindingAdapterTest" time="0.0"/>
  <testcase name="testSpinnerDataKeyChanged" classname="griffon.pivot.support.adapters.SpinnerBindingAdapterTest" time="0.0"/>
  <testcase name="testSelectedItemKeyChanged" classname="griffon.pivot.support.adapters.SpinnerBindingAdapterTest" time="0.001"/>
  <testcase name="testSelectedItemBindMappingChanged" classname="griffon.pivot.support.adapters.SpinnerBindingAdapterTest" time="0.0"/>
  <testcase name="testSelectedItemBindTypeChanged" classname="griffon.pivot.support.adapters.SpinnerBindingAdapterTest" time="0.0"/>
  <testcase name="testSpinnerDataBindMappingChanged" classname="griffon.pivot.support.adapters.SpinnerBindingAdapterTest" time="0.001"/>
  <system-out><![CDATA[]]></system-out>
  <system-err><![CDATA[]]></system-err>
</testsuite>
