<?xml version="1.0" encoding="UTF-8"?>
<testsuite name="griffon.pivot.support.adapters.ButtonAdapterTest" tests="6" skipped="0" failures="0" errors="0" timestamp="2016-03-04T08:27:05" hostname="testing-gce-85a8da22-6754-4231-b8a0-76873356ba49.c.eco-emissary-99515.internal" time="0.005">
  <properties/>
  <testcase name="testDataRendererChanged" classname="griffon.pivot.support.adapters.ButtonAdapterTest" time="0.001"/>
  <testcase name="testToggleButtonChanged" classname="griffon.pivot.support.adapters.ButtonAdapterTest" time="0.0"/>
  <testcase name="testActionChanged" classname="griffon.pivot.support.adapters.ButtonAdapterTest" time="0.0"/>
  <testcase name="testButtonGroupChanged" classname="griffon.pivot.support.adapters.ButtonAdapterTest" time="0.001"/>
  <testcase name="testTriStateChanged" classname="griffon.pivot.support.adapters.ButtonAdapterTest" time="0.001"/>
  <testcase name="testButtonDataChanged" classname="griffon.pivot.support.adapters.ButtonAdapterTest" time="0.001"/>
  <system-out><![CDATA[]]></system-out>
  <system-err><![CDATA[]]></system-err>
</testsuite>
