<?xml version="1.0" encoding="UTF-8"?>
<testsuite name="griffon.pivot.support.adapters.ClipboardContentAdapterTest" tests="1" skipped="0" failures="0" errors="0" timestamp="2014-08-26T19:22:26" hostname="testing-worker-linux-5-1-1654-linux-1-33622858" time="0.001">
  <properties/>
  <testcase name="testContentChanged" classname="griffon.pivot.support.adapters.ClipboardContentAdapterTest" time="0.001"/>
  <system-out><![CDATA[]]></system-out>
  <system-err><![CDATA[]]></system-err>
</testsuite>
