<?xml version="1.0" encoding="UTF-8"?>
<testsuite name="console.ConsoleControllerTest" tests="1" failures="0" errors="0" timestamp="2014-02-16T11:58:17" hostname="testing-worker-linux-8-1-2081-linux-16-18974705" time="4.544">
  <properties/>
  <testcase name="testExecuteScriptAction" classname="console.ConsoleControllerTest" time="4.544"/>
  <system-out><![CDATA[[2014-02-16 11:58:17,481] [Test worker] INFO  org.codehaus.griffon.runtime.core.DefaultApplicationBootstrapper - Griffon 2.0.0-SNAPSHOT
[2014-02-16 11:58:17,517] [Test worker] INFO  org.codehaus.griffon.runtime.core.DefaultApplicationBootstrapper - Build: 2014-02-16T11:57:36.377+0000
[2014-02-16 11:58:17,518] [Test worker] INFO  org.codehaus.griffon.runtime.core.DefaultApplicationBootstrapper - JVM: 1.7.0_51 (Oracle Corporation 24.51-b03)
[2014-02-16 11:58:17,518] [Test worker] INFO  org.codehaus.griffon.runtime.core.DefaultApplicationBootstrapper - OS: Linux 2.6.32-042stab079.5 amd64
]]></system-out>
  <system-err><![CDATA[]]></system-err>
</testsuite>
