<?xml version="1.0" encoding="UTF-8"?>
<testsuite name="console.ConsoleControllerTest" tests="1" failures="0" errors="0" timestamp="2014-02-13T20:56:01" hostname="testing-worker-linux-7-1-10748-linux-17-18834379" time="4.284">
  <properties/>
  <testcase name="testExecuteScriptAction" classname="console.ConsoleControllerTest" time="4.284"/>
  <system-out><![CDATA[[2014-02-13 20:56:01,633] [Test worker] INFO  org.codehaus.griffon.runtime.core.DefaultApplicationBootstrapper - Griffon 2.0.0-SNAPSHOT
[2014-02-13 20:56:01,662] [Test worker] INFO  org.codehaus.griffon.runtime.core.DefaultApplicationBootstrapper - Build: 2014-02-13T20:55:18.386+0000
[2014-02-13 20:56:01,662] [Test worker] INFO  org.codehaus.griffon.runtime.core.DefaultApplicationBootstrapper - JVM: 1.7.0_51 (Oracle Corporation 24.51-b03)
[2014-02-13 20:56:01,663] [Test worker] INFO  org.codehaus.griffon.runtime.core.DefaultApplicationBootstrapper - OS: Linux 2.6.32-042stab079.5 amd64
]]></system-out>
  <system-err><![CDATA[]]></system-err>
</testsuite>
