<?xml version="1.0" encoding="UTF-8"?>
<testsuite name="console.ConsoleControllerTest" tests="1" skipped="0" failures="0" errors="0" timestamp="2014-10-29T09:19:05" hostname="testing-worker-linux-7-1-30564-linux-17-39359986" time="3.469">
  <properties/>
  <testcase name="testExecuteScriptAction" classname="console.ConsoleControllerTest" time="3.469"/>
  <system-out><![CDATA[[2014-10-29 09:19:05,454] [Test worker] INFO  org.codehaus.griffon.runtime.core.DefaultApplicationBootstrapper - Griffon 2.1.0-SNAPSHOT
[2014-10-29 09:19:05,455] [Test worker] INFO  org.codehaus.griffon.runtime.core.DefaultApplicationBootstrapper - Build: 2014-10-29T09:16:31.327+0000
[2014-10-29 09:19:05,455] [Test worker] INFO  org.codehaus.griffon.runtime.core.DefaultApplicationBootstrapper - JVM: 1.8.0_25 (Oracle Corporation 25.25-b02)
[2014-10-29 09:19:05,455] [Test worker] INFO  org.codehaus.griffon.runtime.core.DefaultApplicationBootstrapper - OS: Linux 2.6.32-042stab090.5 amd64
]]></system-out>
  <system-err><![CDATA[SLF4J: Class path contains multiple SLF4J bindings.
SLF4J: Found binding in [jar:file:/home/travis/.gradle/caches/modules-2/files-2.1/org.slf4j/slf4j-log4j12/1.7.7/58f588119ffd1702c77ccab6acb54bfb41bed8bd/slf4j-log4j12-1.7.7.jar!/org/slf4j/impl/StaticLoggerBinder.class]
SLF4J: Found binding in [jar:file:/home/travis/.gradle/caches/modules-2/files-2.1/org.slf4j/slf4j-simple/1.7.7/8095d0b9f7e0a9cd79a663c740e0f8fb31d0e2c8/slf4j-simple-1.7.7.jar!/org/slf4j/impl/StaticLoggerBinder.class]
SLF4J: See http://www.slf4j.org/codes.html#multiple_bindings for an explanation.
SLF4J: Actual binding is of type [org.slf4j.impl.Log4jLoggerFactory]
]]></system-err>
</testsuite>
