<?xml version="1.0" encoding="UTF-8"?>
<testsuite name="console.ConsoleControllerTest" tests="1" failures="0" errors="0" timestamp="2014-02-14T18:06:32" hostname="testing-worker-linux-9-2-26990-linux-7-18895936" time="7.154">
  <properties/>
  <testcase name="testExecuteScriptAction" classname="console.ConsoleControllerTest" time="7.154"/>
  <system-out><![CDATA[[2014-02-14 18:06:32,916] [Test worker] INFO  org.codehaus.griffon.runtime.core.DefaultApplicationBootstrapper - Griffon 2.0.0-SNAPSHOT
[2014-02-14 18:06:32,952] [Test worker] INFO  org.codehaus.griffon.runtime.core.DefaultApplicationBootstrapper - Build: 2014-02-14T18:05:37.926+0000
[2014-02-14 18:06:32,953] [Test worker] INFO  org.codehaus.griffon.runtime.core.DefaultApplicationBootstrapper - JVM: 1.7.0_51 (Oracle Corporation 24.51-b03)
[2014-02-14 18:06:32,953] [Test worker] INFO  org.codehaus.griffon.runtime.core.DefaultApplicationBootstrapper - OS: Linux 2.6.32-042stab079.5 amd64
]]></system-out>
  <system-err><![CDATA[]]></system-err>
</testsuite>
