<?xml version="1.0" encoding="UTF-8"?>
<testsuite name="console.ConsoleControllerTest" tests="1" failures="0" errors="0" timestamp="2014-02-17T20:47:01" hostname="testing-worker-linux-2-2-30281-linux-3-19064236" time="6.518">
  <properties/>
  <testcase name="testExecuteScriptAction" classname="console.ConsoleControllerTest" time="6.518"/>
  <system-out><![CDATA[[2014-02-17 20:47:01,542] [Test worker] INFO  org.codehaus.griffon.runtime.core.DefaultApplicationBootstrapper - Griffon 2.0.0-SNAPSHOT
[2014-02-17 20:47:01,579] [Test worker] INFO  org.codehaus.griffon.runtime.core.DefaultApplicationBootstrapper - Build: 2014-02-17T20:46:00.385+0000
[2014-02-17 20:47:01,580] [Test worker] INFO  org.codehaus.griffon.runtime.core.DefaultApplicationBootstrapper - JVM: 1.7.0_51 (Oracle Corporation 24.51-b03)
[2014-02-17 20:47:01,580] [Test worker] INFO  org.codehaus.griffon.runtime.core.DefaultApplicationBootstrapper - OS: Linux 2.6.32-042stab079.5 amd64
]]></system-out>
  <system-err><![CDATA[]]></system-err>
</testsuite>
