<?xml version="1.0" encoding="UTF-8"?>
<testsuite name="org.codehaus.griffon.runtime.core.TestApplicationBootstrapperTest" tests="13" skipped="0" failures="0" errors="0" timestamp="2014-12-08T16:12:39" hostname="testing-worker-linux-9-1-4037-linux-2-43361416" time="1.031">
  <properties/>
  <testcase name="targetsInnerClassModule" classname="org.codehaus.griffon.runtime.core.TestApplicationBootstrapperTest" time="0.199"/>
  <testcase name="singletonTargetsInnerClassModule" classname="org.codehaus.griffon.runtime.core.TestApplicationBootstrapperTest" time="0.011"/>
  <testcase name="instancesFieldsModule" classname="org.codehaus.griffon.runtime.core.TestApplicationBootstrapperTest" time="0.006"/>
  <testcase name="singletonTargetsFieldsModule" classname="org.codehaus.griffon.runtime.core.TestApplicationBootstrapperTest" time="0.004"/>
  <testcase name="providersFieldsModule" classname="org.codehaus.griffon.runtime.core.TestApplicationBootstrapperTest" time="0.006"/>
  <testcase name="modulesMethodSuppliesAllBindings" classname="org.codehaus.griffon.runtime.core.TestApplicationBootstrapperTest" time="0.774"/>
  <testcase name="providerTypesInnerClassModule" classname="org.codehaus.griffon.runtime.core.TestApplicationBootstrapperTest" time="0.006"/>
  <testcase name="singletonProviderTypesFieldsModule" classname="org.codehaus.griffon.runtime.core.TestApplicationBootstrapperTest" time="0.005"/>
  <testcase name="singletonProvidersFieldsModule" classname="org.codehaus.griffon.runtime.core.TestApplicationBootstrapperTest" time="0.003"/>
  <testcase name="moduleOverridesMethodConfiguresCustomApplicationClassLoader" classname="org.codehaus.griffon.runtime.core.TestApplicationBootstrapperTest" time="0.002"/>
  <testcase name="providerTypesFieldsModule" classname="org.codehaus.griffon.runtime.core.TestApplicationBootstrapperTest" time="0.002"/>
  <testcase name="targetsFieldsModule" classname="org.codehaus.griffon.runtime.core.TestApplicationBootstrapperTest" time="0.002"/>
  <testcase name="singletonProviderTypesInnerClassModule" classname="org.codehaus.griffon.runtime.core.TestApplicationBootstrapperTest" time="0.003"/>
  <system-out><![CDATA[]]></system-out>
  <system-err><![CDATA[]]></system-err>
</testsuite>
