<?xml version="1.0" encoding="UTF-8"?>
<testsuite name="org.codehaus.griffon.runtime.core.TestApplicationBootstrapperTest" tests="13" skipped="0" failures="0" errors="0" timestamp="2015-08-28T15:20:50" hostname="testing-worker-linux-380b67c9-1-19948-linux-9-77698816" time="0.791">
  <properties/>
  <testcase name="targetsInnerClassModule" classname="org.codehaus.griffon.runtime.core.TestApplicationBootstrapperTest" time="0.14"/>
  <testcase name="singletonTargetsInnerClassModule" classname="org.codehaus.griffon.runtime.core.TestApplicationBootstrapperTest" time="0.008"/>
  <testcase name="instancesFieldsModule" classname="org.codehaus.griffon.runtime.core.TestApplicationBootstrapperTest" time="0.005"/>
  <testcase name="singletonTargetsFieldsModule" classname="org.codehaus.griffon.runtime.core.TestApplicationBootstrapperTest" time="0.003"/>
  <testcase name="providersFieldsModule" classname="org.codehaus.griffon.runtime.core.TestApplicationBootstrapperTest" time="0.005"/>
  <testcase name="modulesMethodSuppliesAllBindings" classname="org.codehaus.griffon.runtime.core.TestApplicationBootstrapperTest" time="0.605"/>
  <testcase name="providerTypesInnerClassModule" classname="org.codehaus.griffon.runtime.core.TestApplicationBootstrapperTest" time="0.005"/>
  <testcase name="singletonProviderTypesFieldsModule" classname="org.codehaus.griffon.runtime.core.TestApplicationBootstrapperTest" time="0.003"/>
  <testcase name="singletonProvidersFieldsModule" classname="org.codehaus.griffon.runtime.core.TestApplicationBootstrapperTest" time="0.002"/>
  <testcase name="moduleOverridesMethodConfiguresCustomApplicationClassLoader" classname="org.codehaus.griffon.runtime.core.TestApplicationBootstrapperTest" time="0.001"/>
  <testcase name="providerTypesFieldsModule" classname="org.codehaus.griffon.runtime.core.TestApplicationBootstrapperTest" time="0.001"/>
  <testcase name="targetsFieldsModule" classname="org.codehaus.griffon.runtime.core.TestApplicationBootstrapperTest" time="0.002"/>
  <testcase name="singletonProviderTypesInnerClassModule" classname="org.codehaus.griffon.runtime.core.TestApplicationBootstrapperTest" time="0.003"/>
  <system-out><![CDATA[]]></system-out>
  <system-err><![CDATA[]]></system-err>
</testsuite>
