<?xml version="1.0" encoding="UTF-8"?>
<testsuite name="org.codehaus.griffon.runtime.core.TestApplicationBootstrapperTest" tests="19" skipped="0" failures="0" errors="0" timestamp="2016-04-01T21:05:24" hostname="testing-gce-2dbbea57-b88c-42fc-8a03-fa9bb6f58189.c.travis-ci-prod-4.internal" time="0.672">
  <properties/>
  <testcase name="targetsInnerClassModule" classname="org.codehaus.griffon.runtime.core.TestApplicationBootstrapperTest" time="0.101"/>
  <testcase name="singletonTargetsInnerClassModule" classname="org.codehaus.griffon.runtime.core.TestApplicationBootstrapperTest" time="0.005"/>
  <testcase name="instancesFieldsModule" classname="org.codehaus.griffon.runtime.core.TestApplicationBootstrapperTest" time="0.006"/>
  <testcase name="moduleOverridesMethodConfiguresCustomApplicationClassLoader_subclass" classname="org.codehaus.griffon.runtime.core.TestApplicationBootstrapperTest" time="0.519"/>
  <testcase name="annotatedModuleOverridesMethodConfiguresCustomApplicationClassLoader" classname="org.codehaus.griffon.runtime.core.TestApplicationBootstrapperTest" time="0.004"/>
  <testcase name="annotatedModuleOverridesMethodConfiguresCustomApplicationClassLoader_subclass" classname="org.codehaus.griffon.runtime.core.TestApplicationBootstrapperTest" time="0.002"/>
  <testcase name="singletonTargetsFieldsModule" classname="org.codehaus.griffon.runtime.core.TestApplicationBootstrapperTest" time="0.003"/>
  <testcase name="providersFieldsModule" classname="org.codehaus.griffon.runtime.core.TestApplicationBootstrapperTest" time="0.004"/>
  <testcase name="modulesMethodSuppliesAllBindings" classname="org.codehaus.griffon.runtime.core.TestApplicationBootstrapperTest" time="0.001"/>
  <testcase name="annotatedModulesMethodSuppliesAllBindings_subclass" classname="org.codehaus.griffon.runtime.core.TestApplicationBootstrapperTest" time="0.003"/>
  <testcase name="providerTypesInnerClassModule" classname="org.codehaus.griffon.runtime.core.TestApplicationBootstrapperTest" time="0.004"/>
  <testcase name="annotatedModulesMethodSuppliesAllBindings" classname="org.codehaus.griffon.runtime.core.TestApplicationBootstrapperTest" time="0.001"/>
  <testcase name="singletonProviderTypesFieldsModule" classname="org.codehaus.griffon.runtime.core.TestApplicationBootstrapperTest" time="0.003"/>
  <testcase name="modulesMethodSuppliesAllBindings_subclass" classname="org.codehaus.griffon.runtime.core.TestApplicationBootstrapperTest" time="0.001"/>
  <testcase name="singletonProvidersFieldsModule" classname="org.codehaus.griffon.runtime.core.TestApplicationBootstrapperTest" time="0.002"/>
  <testcase name="moduleOverridesMethodConfiguresCustomApplicationClassLoader" classname="org.codehaus.griffon.runtime.core.TestApplicationBootstrapperTest" time="0.002"/>
  <testcase name="providerTypesFieldsModule" classname="org.codehaus.griffon.runtime.core.TestApplicationBootstrapperTest" time="0.002"/>
  <testcase name="targetsFieldsModule" classname="org.codehaus.griffon.runtime.core.TestApplicationBootstrapperTest" time="0.001"/>
  <testcase name="singletonProviderTypesInnerClassModule" classname="org.codehaus.griffon.runtime.core.TestApplicationBootstrapperTest" time="0.002"/>
  <system-out><![CDATA[]]></system-out>
  <system-err><![CDATA[Usage of method named 'org.codehaus.griffon.runtime.core.ModuleOverridesMethodTestcase.moduleOverrides()' is discouraged. Rename the method and annotate it with @TestModuleOverrides
Usage of method named 'org.codehaus.griffon.runtime.core.ModulesMethodTestcase.modules()' is discouraged. Rename the method and annotate it with @TestModules
Usage of method named 'org.codehaus.griffon.runtime.core.ModulesMethodTestcase.modules()' is discouraged. Rename the method and annotate it with @TestModules
Usage of method named 'org.codehaus.griffon.runtime.core.ModuleOverridesMethodTestcase.moduleOverrides()' is discouraged. Rename the method and annotate it with @TestModuleOverrides
]]></system-err>
</testsuite>
