<?xml version="1.0" encoding="UTF-8"?>
<testsuite name="org.codehaus.griffon.runtime.core.TestApplicationBootstrapperTest" tests="13" skipped="0" failures="0" errors="0" timestamp="2014-07-29T12:01:30" hostname="testing-worker-linux-7-1-12636-linux-19-31131677" time="1.684">
  <properties/>
  <testcase name="targetsInnerClassModule" classname="org.codehaus.griffon.runtime.core.TestApplicationBootstrapperTest" time="0.413"/>
  <testcase name="singletonTargetsInnerClassModule" classname="org.codehaus.griffon.runtime.core.TestApplicationBootstrapperTest" time="0.019"/>
  <testcase name="instancesFieldsModule" classname="org.codehaus.griffon.runtime.core.TestApplicationBootstrapperTest" time="0.008"/>
  <testcase name="singletonTargetsFieldsModule" classname="org.codehaus.griffon.runtime.core.TestApplicationBootstrapperTest" time="0.006"/>
  <testcase name="providersFieldsModule" classname="org.codehaus.griffon.runtime.core.TestApplicationBootstrapperTest" time="0.01"/>
  <testcase name="modulesMethodSuppliesAllBindings" classname="org.codehaus.griffon.runtime.core.TestApplicationBootstrapperTest" time="1.18"/>
  <testcase name="providerTypesInnerClassModule" classname="org.codehaus.griffon.runtime.core.TestApplicationBootstrapperTest" time="0.008"/>
  <testcase name="singletonProviderTypesFieldsModule" classname="org.codehaus.griffon.runtime.core.TestApplicationBootstrapperTest" time="0.006"/>
  <testcase name="singletonProvidersFieldsModule" classname="org.codehaus.griffon.runtime.core.TestApplicationBootstrapperTest" time="0.004"/>
  <testcase name="moduleOverridesMethodConfiguresCustomApplicationClassLoader" classname="org.codehaus.griffon.runtime.core.TestApplicationBootstrapperTest" time="0.002"/>
  <testcase name="providerTypesFieldsModule" classname="org.codehaus.griffon.runtime.core.TestApplicationBootstrapperTest" time="0.003"/>
  <testcase name="targetsFieldsModule" classname="org.codehaus.griffon.runtime.core.TestApplicationBootstrapperTest" time="0.003"/>
  <testcase name="singletonProviderTypesInnerClassModule" classname="org.codehaus.griffon.runtime.core.TestApplicationBootstrapperTest" time="0.005"/>
  <system-out><![CDATA[]]></system-out>
  <system-err><![CDATA[]]></system-err>
</testsuite>
