<?xml version="1.0" encoding="UTF-8"?>
<testsuite name="org.codehaus.griffon.runtime.core.TestApplicationBootstrapperTest" tests="13" skipped="0" failures="0" errors="0" timestamp="2014-07-09T19:18:54" hostname="testing-worker-linux-2-1-22377-linux-7-29534160" time="1.914">
  <properties/>
  <testcase name="targetsInnerClassModule" classname="org.codehaus.griffon.runtime.core.TestApplicationBootstrapperTest" time="0.479"/>
  <testcase name="singletonTargetsInnerClassModule" classname="org.codehaus.griffon.runtime.core.TestApplicationBootstrapperTest" time="0.022"/>
  <testcase name="instancesFieldsModule" classname="org.codehaus.griffon.runtime.core.TestApplicationBootstrapperTest" time="0.009"/>
  <testcase name="singletonTargetsFieldsModule" classname="org.codehaus.griffon.runtime.core.TestApplicationBootstrapperTest" time="0.007"/>
  <testcase name="providersFieldsModule" classname="org.codehaus.griffon.runtime.core.TestApplicationBootstrapperTest" time="0.031"/>
  <testcase name="modulesMethodSuppliesAllBindings" classname="org.codehaus.griffon.runtime.core.TestApplicationBootstrapperTest" time="1.314"/>
  <testcase name="providerTypesInnerClassModule" classname="org.codehaus.griffon.runtime.core.TestApplicationBootstrapperTest" time="0.007"/>
  <testcase name="singletonProviderTypesFieldsModule" classname="org.codehaus.griffon.runtime.core.TestApplicationBootstrapperTest" time="0.007"/>
  <testcase name="singletonProvidersFieldsModule" classname="org.codehaus.griffon.runtime.core.TestApplicationBootstrapperTest" time="0.005"/>
  <testcase name="moduleOverridesMethodConfiguresCustomApplicationClassLoader" classname="org.codehaus.griffon.runtime.core.TestApplicationBootstrapperTest" time="0.003"/>
  <testcase name="providerTypesFieldsModule" classname="org.codehaus.griffon.runtime.core.TestApplicationBootstrapperTest" time="0.003"/>
  <testcase name="targetsFieldsModule" classname="org.codehaus.griffon.runtime.core.TestApplicationBootstrapperTest" time="0.003"/>
  <testcase name="singletonProviderTypesInnerClassModule" classname="org.codehaus.griffon.runtime.core.TestApplicationBootstrapperTest" time="0.006"/>
  <system-out><![CDATA[]]></system-out>
  <system-err><![CDATA[]]></system-err>
</testsuite>
