<?xml version="1.0" encoding="UTF-8"?>
<testsuite name="griffon.transform.EventPublisherSpec" tests="1" skipped="0" failures="0" errors="0" timestamp="2015-06-22T20:33:31" hostname="testing-worker-linux-08b40318-1-11393-linux-14-67899977" time="0.168">
  <properties/>
  <testcase name="EventPublisherASTTransformation is applied to a bean via @EventPublisher" classname="griffon.transform.EventPublisherSpec" time="0.168"/>
  <system-out><![CDATA[]]></system-out>
  <system-err><![CDATA[]]></system-err>
</testsuite>
