<?xml version="1.0" encoding="UTF-8"?>
<testsuite name="griffon.transform.ObservableSpec" tests="1" skipped="0" failures="0" errors="0" timestamp="2015-10-12T18:26:42" hostname="testing-worker-linux-f25aadab-1-11794-linux-13-84971409" time="0.028">
  <properties/>
  <testcase name="ObservableASTTransformation is applied to a bean via @Observable" classname="griffon.transform.ObservableSpec" time="0.028"/>
  <system-out><![CDATA[]]></system-out>
  <system-err><![CDATA[]]></system-err>
</testsuite>
