<?xml version="1.0" encoding="UTF-8"?>
<testsuite name="griffon.transform.FXObservableSpec" tests="3" skipped="0" failures="0" errors="0" timestamp="2015-09-03T15:05:44" hostname="testing-worker-linux-77796cae-2-11556-linux-3-78593077" time="0.582">
  <properties/>
  <testcase name="Observable primitive properties" classname="griffon.transform.FXObservableSpec" time="0.277"/>
  <testcase name="Observable wrapper properties" classname="griffon.transform.FXObservableSpec" time="0.098"/>
  <testcase name="Observable collection properties" classname="griffon.transform.FXObservableSpec" time="0.207"/>
  <system-out><![CDATA[]]></system-out>
  <system-err><![CDATA[]]></system-err>
</testsuite>
