<?xml version="1.0" encoding="UTF-8"?>
<testsuite name="griffon.transform.FXObservableSpec" tests="3" skipped="0" failures="0" errors="0" timestamp="2015-11-18T12:06:06" hostname="testing-worker-linux-ac725767-2-27568-linux-5-91801796" time="0.464">
  <properties/>
  <testcase name="Observable primitive properties" classname="griffon.transform.FXObservableSpec" time="0.182"/>
  <testcase name="Observable wrapper properties" classname="griffon.transform.FXObservableSpec" time="0.089"/>
  <testcase name="Observable collection properties" classname="griffon.transform.FXObservableSpec" time="0.193"/>
  <system-out><![CDATA[]]></system-out>
  <system-err><![CDATA[]]></system-err>
</testsuite>
