<?xml version="1.0" encoding="UTF-8"?>
<testsuite name="griffon.transform.FXObservableSpec" tests="3" skipped="0" failures="0" errors="0" timestamp="2015-06-03T17:21:10" hostname="testing-worker-linux-5590757e-1-8013-linux-6-65277944" time="1.26">
  <properties/>
  <testcase name="Observable primitive properties" classname="griffon.transform.FXObservableSpec" time="0.659"/>
  <testcase name="Observable wrapper properties" classname="griffon.transform.FXObservableSpec" time="0.161"/>
  <testcase name="Observable collection properties" classname="griffon.transform.FXObservableSpec" time="0.44"/>
  <system-out><![CDATA[]]></system-out>
  <system-err><![CDATA[]]></system-err>
</testsuite>
