<?xml version="1.0" encoding="UTF-8"?>
<testsuite name="griffon.transform.InvalidationListenerSpec" tests="3" skipped="0" failures="0" errors="0" timestamp="2015-07-29T19:53:35" hostname="testing-worker-linux-a01deac5-2-15736-linux-11-73255943" time="0.078">
  <properties/>
  <testcase name="InvalidationListener AST transformation attaches a closure reference as listener" classname="griffon.transform.InvalidationListenerSpec" time="0.029"/>
  <testcase name="InvalidationListener AST transformation attaches a closure as listener" classname="griffon.transform.InvalidationListenerSpec" time="0.024"/>
  <testcase name="InvalidationListener AST transformation attaches a closure reference literal as listener" classname="griffon.transform.InvalidationListenerSpec" time="0.025"/>
  <system-out><![CDATA[]]></system-out>
  <system-err><![CDATA[]]></system-err>
</testsuite>
