<?xml version="1.0" encoding="UTF-8"?>
<testsuite name="griffon.transform.InvalidationListenerSpec" tests="6" skipped="0" failures="0" errors="0" timestamp="2016-01-16T22:31:30" hostname="testing-gce-ee261661-8564-4f51-964c-05a550a052f1.c.eco-emissary-99515.internal" time="0.165">
  <properties/>
  <testcase name="InvalidationListener AST transformation attaches a closure reference as listener (weak=false)" classname="griffon.transform.InvalidationListenerSpec" time="0.04"/>
  <testcase name="InvalidationListener AST transformation attaches a closure reference as listener (weak=true)" classname="griffon.transform.InvalidationListenerSpec" time="0.032"/>
  <testcase name="InvalidationListener AST transformation attaches a closure as listener (weak=false)" classname="griffon.transform.InvalidationListenerSpec" time="0.022"/>
  <testcase name="InvalidationListener AST transformation attaches a closure as listener (weak=true)" classname="griffon.transform.InvalidationListenerSpec" time="0.019"/>
  <testcase name="InvalidationListener AST transformation attaches a closure reference literal as listener (weak=false)" classname="griffon.transform.InvalidationListenerSpec" time="0.022"/>
  <testcase name="InvalidationListener AST transformation attaches a closure reference literal as listener (weak=true)" classname="griffon.transform.InvalidationListenerSpec" time="0.027"/>
  <system-out><![CDATA[]]></system-out>
  <system-err><![CDATA[]]></system-err>
</testsuite>
