<?xml version="1.0" encoding="UTF-8"?>
<testsuite name="griffon.transform.FXObservableSpec" tests="3" skipped="0" failures="0" errors="0" timestamp="2015-08-07T22:01:53" hostname="testing-worker-linux-f25aadab-2-2298-linux-13-74640083" time="0.701">
  <properties/>
  <testcase name="Observable primitive properties" classname="griffon.transform.FXObservableSpec" time="0.251"/>
  <testcase name="Observable wrapper properties" classname="griffon.transform.FXObservableSpec" time="0.188"/>
  <testcase name="Observable collection properties" classname="griffon.transform.FXObservableSpec" time="0.261"/>
  <system-out><![CDATA[]]></system-out>
  <system-err><![CDATA[]]></system-err>
</testsuite>
