<?xml version="1.0" encoding="UTF-8"?>
<testsuite name="griffon.transform.FXObservableSpec" tests="3" skipped="0" failures="0" errors="0" timestamp="2015-08-03T13:02:11" hostname="testing-worker-linux-bb3654bb-1-17532-linux-11-73886118" time="0.602">
  <properties/>
  <testcase name="Observable primitive properties" classname="griffon.transform.FXObservableSpec" time="0.212"/>
  <testcase name="Observable wrapper properties" classname="griffon.transform.FXObservableSpec" time="0.17"/>
  <testcase name="Observable collection properties" classname="griffon.transform.FXObservableSpec" time="0.22"/>
  <system-out><![CDATA[]]></system-out>
  <system-err><![CDATA[]]></system-err>
</testsuite>
