<?xml version="1.0" encoding="UTF-8"?>
<testsuite name="griffon.transform.InvalidationListenerSpec" tests="3" skipped="0" failures="0" errors="0" timestamp="2015-08-10T12:02:54" hostname="testing-worker-linux-44a99d76-1-8259-linux-12-74902174" time="0.157">
  <properties/>
  <testcase name="InvalidationListener AST transformation attaches a closure reference as listener" classname="griffon.transform.InvalidationListenerSpec" time="0.077"/>
  <testcase name="InvalidationListener AST transformation attaches a closure as listener" classname="griffon.transform.InvalidationListenerSpec" time="0.038"/>
  <testcase name="InvalidationListener AST transformation attaches a closure reference literal as listener" classname="griffon.transform.InvalidationListenerSpec" time="0.041"/>
  <system-out><![CDATA[]]></system-out>
  <system-err><![CDATA[]]></system-err>
</testsuite>
