<?xml version="1.0" encoding="UTF-8"?>
<testsuite name="griffon.transform.FXObservableSpec" tests="3" skipped="0" failures="0" errors="0" timestamp="2015-09-09T16:27:19" hostname="testing-worker-linux-a1362517-2-8611-linux-1-79504407" time="0.495">
  <properties/>
  <testcase name="Observable primitive properties" classname="griffon.transform.FXObservableSpec" time="0.192"/>
  <testcase name="Observable wrapper properties" classname="griffon.transform.FXObservableSpec" time="0.093"/>
  <testcase name="Observable collection properties" classname="griffon.transform.FXObservableSpec" time="0.21"/>
  <system-out><![CDATA[]]></system-out>
  <system-err><![CDATA[]]></system-err>
</testsuite>
