<?xml version="1.0" encoding="UTF-8"?>
<testsuite name="griffon.transform.ResourcesAwareSpec" tests="1" skipped="0" failures="0" errors="0" timestamp="2015-08-19T15:12:44" hostname="testing-worker-linux-44a99d76-2-8313-linux-6-76298893" time="0.049">
  <properties/>
  <testcase name="ResourcesAwareASTTransformation is applied to a bean via @ResourcesAware" classname="griffon.transform.ResourcesAwareSpec" time="0.049"/>
  <system-out><![CDATA[]]></system-out>
  <system-err><![CDATA[]]></system-err>
</testsuite>
