<?xml version="1.0" encoding="UTF-8"?>
<testsuite name="griffon.transform.FXObservableSpec" tests="3" skipped="0" failures="0" errors="0" timestamp="2015-07-31T08:53:26" hostname="testing-worker-linux-c55820f2-2-8268-linux-8-73519116" time="0.669">
  <properties/>
  <testcase name="Observable primitive properties" classname="griffon.transform.FXObservableSpec" time="0.362"/>
  <testcase name="Observable wrapper properties" classname="griffon.transform.FXObservableSpec" time="0.098"/>
  <testcase name="Observable collection properties" classname="griffon.transform.FXObservableSpec" time="0.209"/>
  <system-out><![CDATA[]]></system-out>
  <system-err><![CDATA[]]></system-err>
</testsuite>
