<?xml version="1.0" encoding="UTF-8"?>
<testsuite name="griffon.transform.ChangeListenerSpec" tests="3" skipped="0" failures="0" errors="0" timestamp="2015-08-07T22:01:52" hostname="testing-worker-linux-f25aadab-2-2298-linux-13-74640083" time="1.367">
  <properties/>
  <testcase name="ChangeListener AST transformation attaches a closure reference as listener" classname="griffon.transform.ChangeListenerSpec" time="1.252"/>
  <testcase name="ChangeListener AST transformation attaches a closure as listener" classname="griffon.transform.ChangeListenerSpec" time="0.06"/>
  <testcase name="ChangeListener AST transformation attaches a closure reference literal as listener" classname="griffon.transform.ChangeListenerSpec" time="0.054"/>
  <system-out><![CDATA[]]></system-out>
  <system-err><![CDATA[]]></system-err>
</testsuite>
