<?xml version="1.0" encoding="UTF-8"?>
<testsuite name="griffon.transform.ChangeListenerSpec" tests="3" skipped="0" failures="0" errors="0" timestamp="2015-07-10T09:08:33" hostname="testing-worker-linux-f25aadab-2-12270-linux-2-70351444" time="1.255">
  <properties/>
  <testcase name="ChangeListener AST transformation attaches a closure reference as listener" classname="griffon.transform.ChangeListenerSpec" time="1.144"/>
  <testcase name="ChangeListener AST transformation attaches a closure as listener" classname="griffon.transform.ChangeListenerSpec" time="0.058"/>
  <testcase name="ChangeListener AST transformation attaches a closure reference literal as listener" classname="griffon.transform.ChangeListenerSpec" time="0.051"/>
  <system-out><![CDATA[]]></system-out>
  <system-err><![CDATA[]]></system-err>
</testsuite>
