<?xml version="1.0" encoding="UTF-8"?>
<testsuite name="griffon.transform.FXObservableSpec" tests="3" skipped="0" failures="0" errors="0" timestamp="2015-09-25T07:15:27" hostname="testing-worker-linux-968a87ce-1-16023-linux-2-82100849" time="0.608">
  <properties/>
  <testcase name="Observable primitive properties" classname="griffon.transform.FXObservableSpec" time="0.222"/>
  <testcase name="Observable wrapper properties" classname="griffon.transform.FXObservableSpec" time="0.12"/>
  <testcase name="Observable collection properties" classname="griffon.transform.FXObservableSpec" time="0.266"/>
  <system-out><![CDATA[]]></system-out>
  <system-err><![CDATA[]]></system-err>
</testsuite>
