<?xml version="1.0" encoding="UTF-8"?>
<testsuite name="griffon.transform.FXObservableSpec" tests="3" skipped="0" failures="0" errors="0" timestamp="2015-11-13T01:00:50" hostname="testing-worker-linux-89e97461-2-525-linux-8-90857738" time="0.297">
  <properties/>
  <testcase name="Observable primitive properties" classname="griffon.transform.FXObservableSpec" time="0.155"/>
  <testcase name="Observable wrapper properties" classname="griffon.transform.FXObservableSpec" time="0.063"/>
  <testcase name="Observable collection properties" classname="griffon.transform.FXObservableSpec" time="0.079"/>
  <system-out><![CDATA[]]></system-out>
  <system-err><![CDATA[]]></system-err>
</testsuite>
