<?xml version="1.0" encoding="UTF-8"?>
<testsuite name="griffon.transform.FXObservableSpec" tests="3" skipped="0" failures="0" errors="0" timestamp="2015-08-11T07:55:47" hostname="testing-worker-linux-da6418d7-2-20031-linux-2-75048457" time="0.687">
  <properties/>
  <testcase name="Observable primitive properties" classname="griffon.transform.FXObservableSpec" time="0.389"/>
  <testcase name="Observable wrapper properties" classname="griffon.transform.FXObservableSpec" time="0.097"/>
  <testcase name="Observable collection properties" classname="griffon.transform.FXObservableSpec" time="0.201"/>
  <system-out><![CDATA[]]></system-out>
  <system-err><![CDATA[]]></system-err>
</testsuite>
