<?xml version="1.0" encoding="UTF-8"?>
<testsuite name="griffon.transform.EventPublisherSpec" tests="1" skipped="0" failures="0" errors="0" timestamp="2015-05-26T22:55:55" hostname="testing-worker-linux-85ee80ed-1-1752-linux-12-64173398" time="0.059">
  <properties/>
  <testcase name="EventPublisherASTTransformation is applied to a bean via @EventPublisher" classname="griffon.transform.EventPublisherSpec" time="0.059"/>
  <system-out><![CDATA[]]></system-out>
  <system-err><![CDATA[]]></system-err>
</testsuite>
