<?xml version="1.0" encoding="UTF-8"?>
<testsuite name="griffon.transform.MessageSourceAwareSpec" tests="1" skipped="0" failures="0" errors="0" timestamp="2015-06-08T21:59:09" hostname="testing-worker-linux-c55820f2-2-32762-linux-4-65962893" time="0.097">
  <properties/>
  <testcase name="MessageSourceASTTransformation is applied to a bean via @MessageSourceAware" classname="griffon.transform.MessageSourceAwareSpec" time="0.097"/>
  <system-out><![CDATA[]]></system-out>
  <system-err><![CDATA[]]></system-err>
</testsuite>
