<?xml version="1.0" encoding="UTF-8"?>
<testsuite name="griffon.transform.ObservableSpec" tests="1" skipped="0" failures="0" errors="0" timestamp="2015-08-21T09:44:35" hostname="testing-worker-linux-77796cae-1-11501-linux-5-76600445" time="0.055">
  <properties/>
  <testcase name="ObservableASTTransformation is applied to a bean via @Observable" classname="griffon.transform.ObservableSpec" time="0.055"/>
  <system-out><![CDATA[]]></system-out>
  <system-err><![CDATA[]]></system-err>
</testsuite>
