<?xml version="1.0" encoding="UTF-8"?>
<testsuite name="griffon.transform.FXObservableSpec" tests="3" skipped="0" failures="0" errors="0" timestamp="2015-09-03T12:15:45" hostname="testing-worker-linux-380b67c9-1-19948-linux-1-78563527" time="0.475">
  <properties/>
  <testcase name="Observable primitive properties" classname="griffon.transform.FXObservableSpec" time="0.18"/>
  <testcase name="Observable wrapper properties" classname="griffon.transform.FXObservableSpec" time="0.088"/>
  <testcase name="Observable collection properties" classname="griffon.transform.FXObservableSpec" time="0.207"/>
  <system-out><![CDATA[]]></system-out>
  <system-err><![CDATA[]]></system-err>
</testsuite>
