<?xml version="1.0" encoding="UTF-8"?>
<testsuite name="griffon.transform.ListChangeListenerSpec" tests="6" skipped="0" failures="0" errors="0" timestamp="2015-09-03T14:59:04" hostname="testing-worker-linux-380b67c9-2-20004-linux-1-78590592" time="0.235">
  <properties/>
  <testcase name="ListChangeListener AST transformation attaches a closure reference as listener (weak=false)" classname="griffon.transform.ListChangeListenerSpec" time="0.069"/>
  <testcase name="ListChangeListener AST transformation attaches a closure reference as listener (weak=true)" classname="griffon.transform.ListChangeListenerSpec" time="0.04"/>
  <testcase name="ListChangeListener AST transformation attaches a closure as listener (weak=false)" classname="griffon.transform.ListChangeListenerSpec" time="0.033"/>
  <testcase name="ListChangeListener AST transformation attaches a closure as listener (weak=true)" classname="griffon.transform.ListChangeListenerSpec" time="0.034"/>
  <testcase name="ListChangeListener AST transformation attaches a closure reference literal as listener (weak=false)" classname="griffon.transform.ListChangeListenerSpec" time="0.029"/>
  <testcase name="ListChangeListener AST transformation attaches a closure reference literal as listener (weak=true)" classname="griffon.transform.ListChangeListenerSpec" time="0.028"/>
  <system-out><![CDATA[]]></system-out>
  <system-err><![CDATA[]]></system-err>
</testsuite>
