<?xml version="1.0" encoding="UTF-8"?>
<testsuite name="griffon.transform.FXObservableSpec" tests="3" skipped="0" failures="0" errors="0" timestamp="2015-08-13T15:11:38" hostname="testing-worker-linux-226df11e-1-27879-linux-14-75450798" time="0.717">
  <properties/>
  <testcase name="Observable primitive properties" classname="griffon.transform.FXObservableSpec" time="0.351"/>
  <testcase name="Observable wrapper properties" classname="griffon.transform.FXObservableSpec" time="0.104"/>
  <testcase name="Observable collection properties" classname="griffon.transform.FXObservableSpec" time="0.261"/>
  <system-out><![CDATA[]]></system-out>
  <system-err><![CDATA[]]></system-err>
</testsuite>
