<?xml version="1.0" encoding="UTF-8"?>
<testsuite name="griffon.transform.FXObservableSpec" tests="3" skipped="0" failures="0" errors="0" timestamp="2015-06-08T20:52:55" hostname="testing-worker-linux-e7a62211-1-24794-linux-4-65953549" time="0.615">
  <properties/>
  <testcase name="Observable primitive properties" classname="griffon.transform.FXObservableSpec" time="0.287"/>
  <testcase name="Observable wrapper properties" classname="griffon.transform.FXObservableSpec" time="0.096"/>
  <testcase name="Observable collection properties" classname="griffon.transform.FXObservableSpec" time="0.23"/>
  <system-out><![CDATA[]]></system-out>
  <system-err><![CDATA[]]></system-err>
</testsuite>
