<?xml version="1.0" encoding="UTF-8"?>
<testsuite name="griffon.transform.FXObservableSpec" tests="3" skipped="0" failures="0" errors="0" timestamp="2015-09-24T09:34:35" hostname="testing-worker-linux-9eb6c2a4-1-5663-linux-7-81932763" time="0.727">
  <properties/>
  <testcase name="Observable primitive properties" classname="griffon.transform.FXObservableSpec" time="0.432"/>
  <testcase name="Observable wrapper properties" classname="griffon.transform.FXObservableSpec" time="0.094"/>
  <testcase name="Observable collection properties" classname="griffon.transform.FXObservableSpec" time="0.2"/>
  <system-out><![CDATA[]]></system-out>
  <system-err><![CDATA[]]></system-err>
</testsuite>
