<?xml version="1.0" encoding="UTF-8"?>
<testsuite name="griffon.transform.FXObservableSpec" tests="3" skipped="0" failures="0" errors="0" timestamp="2015-05-16T14:23:17" hostname="testing-worker-linux-968a87ce-2-11731-linux-1-62822886" time="0.619">
  <properties/>
  <testcase name="Observable primitive properties" classname="griffon.transform.FXObservableSpec" time="0.304"/>
  <testcase name="Observable wrapper properties" classname="griffon.transform.FXObservableSpec" time="0.089"/>
  <testcase name="Observable collection properties" classname="griffon.transform.FXObservableSpec" time="0.226"/>
  <system-out><![CDATA[]]></system-out>
  <system-err><![CDATA[]]></system-err>
</testsuite>
