<?xml version="1.0" encoding="UTF-8"?>
<testsuite name="griffon.transform.FXObservableSpec" tests="3" skipped="0" failures="0" errors="0" timestamp="2015-06-19T10:50:20" hostname="testing-worker-linux-f25aadab-1-20030-linux-11-67504051" time="0.721">
  <properties/>
  <testcase name="Observable primitive properties" classname="griffon.transform.FXObservableSpec" time="0.338"/>
  <testcase name="Observable wrapper properties" classname="griffon.transform.FXObservableSpec" time="0.113"/>
  <testcase name="Observable collection properties" classname="griffon.transform.FXObservableSpec" time="0.268"/>
  <system-out><![CDATA[]]></system-out>
  <system-err><![CDATA[]]></system-err>
</testsuite>
