<?xml version="1.0" encoding="UTF-8"?>
<testsuite name="griffon.transform.FXObservableSpec" tests="3" skipped="0" failures="0" errors="0" timestamp="2015-07-08T20:39:32" hostname="testing-worker-linux-bb3654bb-1-31000-linux-2-70123395" time="1.336">
  <properties/>
  <testcase name="Observable primitive properties" classname="griffon.transform.FXObservableSpec" time="0.495"/>
  <testcase name="Observable wrapper properties" classname="griffon.transform.FXObservableSpec" time="0.228"/>
  <testcase name="Observable collection properties" classname="griffon.transform.FXObservableSpec" time="0.607"/>
  <system-out><![CDATA[]]></system-out>
  <system-err><![CDATA[]]></system-err>
</testsuite>
