<?xml version="1.0" encoding="UTF-8"?>
<testsuite name="griffon.transform.MessageSourceAwareSpec" tests="1" skipped="0" failures="0" errors="0" timestamp="2016-06-10T21:06:29" hostname="testing-gce-7899adce-448f-4244-8dbc-d188c9f810c5.c.travis-ci-prod-5.internal" time="0.043">
  <properties/>
  <testcase name="MessageSourceASTTransformation is applied to a bean via @MessageSourceAware" classname="griffon.transform.MessageSourceAwareSpec" time="0.043"/>
  <system-out><![CDATA[]]></system-out>
  <system-err><![CDATA[]]></system-err>
</testsuite>
