<?xml version="1.0" encoding="UTF-8"?>
<testsuite name="griffon.transform.FXObservableSpec" tests="3" skipped="0" failures="0" errors="0" timestamp="2015-10-12T18:26:41" hostname="testing-worker-linux-f25aadab-1-11794-linux-13-84971409" time="0.345">
  <properties/>
  <testcase name="Observable primitive properties" classname="griffon.transform.FXObservableSpec" time="0.209"/>
  <testcase name="Observable wrapper properties" classname="griffon.transform.FXObservableSpec" time="0.071"/>
  <testcase name="Observable collection properties" classname="griffon.transform.FXObservableSpec" time="0.065"/>
  <system-out><![CDATA[]]></system-out>
  <system-err><![CDATA[]]></system-err>
</testsuite>
