<?xml version="1.0" encoding="UTF-8"?>
<testsuite name="griffon.transform.FXObservableSpec" tests="3" skipped="0" failures="0" errors="0" timestamp="2015-09-21T18:38:18" hostname="testing-worker-linux-c55820f2-2-17258-linux-9-81442495" time="0.608">
  <properties/>
  <testcase name="Observable primitive properties" classname="griffon.transform.FXObservableSpec" time="0.283"/>
  <testcase name="Observable wrapper properties" classname="griffon.transform.FXObservableSpec" time="0.096"/>
  <testcase name="Observable collection properties" classname="griffon.transform.FXObservableSpec" time="0.228"/>
  <system-out><![CDATA[]]></system-out>
  <system-err><![CDATA[]]></system-err>
</testsuite>
