<?xml version="1.0" encoding="UTF-8"?>
<testsuite name="griffon.transform.FXObservableSpec" tests="3" skipped="0" failures="0" errors="0" timestamp="2015-09-14T07:51:12" hostname="testing-worker-linux-a01deac5-1-519-linux-13-80191794" time="0.549">
  <properties/>
  <testcase name="Observable primitive properties" classname="griffon.transform.FXObservableSpec" time="0.191"/>
  <testcase name="Observable wrapper properties" classname="griffon.transform.FXObservableSpec" time="0.111"/>
  <testcase name="Observable collection properties" classname="griffon.transform.FXObservableSpec" time="0.247"/>
  <system-out><![CDATA[]]></system-out>
  <system-err><![CDATA[]]></system-err>
</testsuite>
