<?xml version="1.0" encoding="UTF-8"?>
<testsuite name="griffon.transform.FXObservableSpec" tests="3" skipped="0" failures="0" errors="0" timestamp="2015-10-11T15:50:30" hostname="testing-worker-linux-a1362517-1-526-linux-13-84774092" time="0.55">
  <properties/>
  <testcase name="Observable primitive properties" classname="griffon.transform.FXObservableSpec" time="0.256"/>
  <testcase name="Observable wrapper properties" classname="griffon.transform.FXObservableSpec" time="0.093"/>
  <testcase name="Observable collection properties" classname="griffon.transform.FXObservableSpec" time="0.2"/>
  <system-out><![CDATA[]]></system-out>
  <system-err><![CDATA[]]></system-err>
</testsuite>
