<?xml version="1.0" encoding="UTF-8"?>
<testsuite name="griffon.transform.ResourceResolverAwareSpec" tests="1" skipped="0" failures="0" errors="0" timestamp="2015-07-14T19:44:44" hostname="testing-worker-linux-08b40318-1-25147-linux-1-70962556" time="0.056">
  <properties/>
  <testcase name="ResourceResolverASTTransformation is applied to a bean via @ResourceResolverAware" classname="griffon.transform.ResourceResolverAwareSpec" time="0.056"/>
  <system-out><![CDATA[]]></system-out>
  <system-err><![CDATA[]]></system-err>
</testsuite>
