<?xml version="1.0" encoding="UTF-8"?>
<testsuite name="griffon.transform.GriffonViewSpec" tests="2" skipped="0" failures="0" errors="0" timestamp="2015-10-12T18:26:42" hostname="testing-worker-linux-f25aadab-1-11794-linux-13-84971409" time="0.064">
  <properties/>
  <testcase name="GriffonViewASTTransformation is applied to a view class" classname="griffon.transform.GriffonViewSpec" time="0.016"/>
  <testcase name="GriffonViewASTTransformation is applied to a view class with a custom superclass" classname="griffon.transform.GriffonViewSpec" time="0.048"/>
  <system-out><![CDATA[]]></system-out>
  <system-err><![CDATA[]]></system-err>
</testsuite>
