<?xml version="1.0" encoding="UTF-8"?>
<testsuite name="griffon.transform.ListChangeListenerSpec" tests="3" skipped="0" failures="0" errors="0" timestamp="2015-08-10T12:02:52" hostname="testing-worker-linux-44a99d76-1-8259-linux-12-74902174" time="1.506">
  <properties/>
  <testcase name="ListChangeListener AST transformation attaches a closure reference as listener" classname="griffon.transform.ListChangeListenerSpec" time="1.317"/>
  <testcase name="ListChangeListener AST transformation attaches a closure as listener" classname="griffon.transform.ListChangeListenerSpec" time="0.066"/>
  <testcase name="ListChangeListener AST transformation attaches a closure reference literal as listener" classname="griffon.transform.ListChangeListenerSpec" time="0.122"/>
  <system-out><![CDATA[]]></system-out>
  <system-err><![CDATA[]]></system-err>
</testsuite>
