<?xml version="1.0" encoding="UTF-8"?>
<testsuite name="griffon.transform.ResourcesAwareSpec" tests="1" skipped="0" failures="0" errors="0" timestamp="2015-07-14T19:44:44" hostname="testing-worker-linux-08b40318-1-25147-linux-1-70962556" time="0.035">
  <properties/>
  <testcase name="ResourcesAwareASTTransformation is applied to a bean via @ResourcesAware" classname="griffon.transform.ResourcesAwareSpec" time="0.035"/>
  <system-out><![CDATA[]]></system-out>
  <system-err><![CDATA[]]></system-err>
</testsuite>
