<?xml version="1.0" encoding="UTF-8"?>
<testsuite name="griffon.transform.InvalidationListenerSpec" tests="3" skipped="0" failures="0" errors="0" timestamp="2015-05-26T22:55:52" hostname="testing-worker-linux-85ee80ed-1-1752-linux-12-64173398" time="1.006">
  <properties/>
  <testcase name="InvalidationListener AST transformation attaches a closure reference as listener" classname="griffon.transform.InvalidationListenerSpec" time="0.735"/>
  <testcase name="InvalidationListener AST transformation attaches a closure as listener" classname="griffon.transform.InvalidationListenerSpec" time="0.121"/>
  <testcase name="InvalidationListener AST transformation attaches a closure reference literal as listener" classname="griffon.transform.InvalidationListenerSpec" time="0.135"/>
  <system-out><![CDATA[]]></system-out>
  <system-err><![CDATA[]]></system-err>
</testsuite>
