<?xml version="1.0" encoding="UTF-8"?>
<testsuite name="griffon.transform.FXObservableSpec" tests="3" skipped="0" failures="0" errors="0" timestamp="2015-06-09T08:04:42" hostname="testing-worker-linux-e7a62211-1-24794-linux-2-66008713" time="0.566">
  <properties/>
  <testcase name="Observable primitive properties" classname="griffon.transform.FXObservableSpec" time="0.235"/>
  <testcase name="Observable wrapper properties" classname="griffon.transform.FXObservableSpec" time="0.074"/>
  <testcase name="Observable collection properties" classname="griffon.transform.FXObservableSpec" time="0.257"/>
  <system-out><![CDATA[]]></system-out>
  <system-err><![CDATA[]]></system-err>
</testsuite>
