<?xml version="1.0" encoding="UTF-8"?>
<testsuite name="griffon.transform.ListChangeListenerSpec" tests="6" skipped="0" failures="0" errors="0" timestamp="2016-06-10T16:47:30" hostname="testing-gce-d09c9de5-605c-47f8-adcf-d1c05a498ba4.c.travis-ci-prod-2.internal" time="2.136">
  <properties/>
  <testcase name="ListChangeListener AST transformation attaches a closure reference as listener (weak=false)" classname="griffon.transform.ListChangeListenerSpec" time="1.641"/>
  <testcase name="ListChangeListener AST transformation attaches a closure reference as listener (weak=true)" classname="griffon.transform.ListChangeListenerSpec" time="0.069"/>
  <testcase name="ListChangeListener AST transformation attaches a closure as listener (weak=false)" classname="griffon.transform.ListChangeListenerSpec" time="0.044"/>
  <testcase name="ListChangeListener AST transformation attaches a closure as listener (weak=true)" classname="griffon.transform.ListChangeListenerSpec" time="0.041"/>
  <testcase name="ListChangeListener AST transformation attaches a closure reference literal as listener (weak=false)" classname="griffon.transform.ListChangeListenerSpec" time="0.101"/>
  <testcase name="ListChangeListener AST transformation attaches a closure reference literal as listener (weak=true)" classname="griffon.transform.ListChangeListenerSpec" time="0.234"/>
  <system-out><![CDATA[]]></system-out>
  <system-err><![CDATA[]]></system-err>
</testsuite>
