<?xml version="1.0" encoding="UTF-8"?>
<testsuite name="griffon.transform.ResourcesAwareSpec" tests="1" skipped="0" failures="0" errors="0" timestamp="2015-06-22T20:33:33" hostname="testing-worker-linux-08b40318-1-11393-linux-14-67899977" time="0.039">
  <properties/>
  <testcase name="ResourcesAwareASTTransformation is applied to a bean via @ResourcesAware" classname="griffon.transform.ResourcesAwareSpec" time="0.039"/>
  <system-out><![CDATA[]]></system-out>
  <system-err><![CDATA[]]></system-err>
</testsuite>
