<?xml version="1.0" encoding="UTF-8"?>
<testsuite name="griffon.transform.FXObservableSpec" tests="3" skipped="0" failures="0" errors="0" timestamp="2015-06-08T21:30:37" hostname="testing-worker-linux-5590757e-2-1021-linux-9-65958131" time="1.202">
  <properties/>
  <testcase name="Observable primitive properties" classname="griffon.transform.FXObservableSpec" time="0.725"/>
  <testcase name="Observable wrapper properties" classname="griffon.transform.FXObservableSpec" time="0.182"/>
  <testcase name="Observable collection properties" classname="griffon.transform.FXObservableSpec" time="0.292"/>
  <system-out><![CDATA[]]></system-out>
  <system-err><![CDATA[]]></system-err>
</testsuite>
