<?xml version="1.0" encoding="UTF-8"?>
<testsuite name="griffon.transform.FXObservableSpec" tests="3" skipped="0" failures="0" errors="0" timestamp="2015-11-29T13:28:32" hostname="testing-worker-linux-3da96de7-2-501-linux-7-93770621" time="0.495">
  <properties/>
  <testcase name="Observable primitive properties" classname="griffon.transform.FXObservableSpec" time="0.194"/>
  <testcase name="Observable wrapper properties" classname="griffon.transform.FXObservableSpec" time="0.091"/>
  <testcase name="Observable collection properties" classname="griffon.transform.FXObservableSpec" time="0.209"/>
  <system-out><![CDATA[]]></system-out>
  <system-err><![CDATA[]]></system-err>
</testsuite>
