<?xml version="1.0" encoding="UTF-8"?>
<testsuite name="griffon.transform.ResourceResolverAwareSpec" tests="1" skipped="0" failures="0" errors="0" timestamp="2016-06-14T08:28:22" hostname="testing-gce-6f13e417-279e-490e-afe4-04e3c9d2e05f.c.travis-ci-prod-5.internal" time="0.129">
  <properties/>
  <testcase name="ResourceResolverASTTransformation is applied to a bean via @ResourceResolverAware" classname="griffon.transform.ResourceResolverAwareSpec" time="0.129"/>
  <system-out><![CDATA[]]></system-out>
  <system-err><![CDATA[]]></system-err>
</testsuite>
