<?xml version="1.0" encoding="UTF-8"?>
<testsuite name="griffon.transform.FXObservableSpec" tests="3" skipped="0" failures="0" errors="0" timestamp="2015-08-24T08:16:19" hostname="testing-worker-linux-44a99d76-1-8259-linux-3-76941221" time="0.287">
  <properties/>
  <testcase name="Observable primitive properties" classname="griffon.transform.FXObservableSpec" time="0.145"/>
  <testcase name="Observable wrapper properties" classname="griffon.transform.FXObservableSpec" time="0.058"/>
  <testcase name="Observable collection properties" classname="griffon.transform.FXObservableSpec" time="0.084"/>
  <system-out><![CDATA[]]></system-out>
  <system-err><![CDATA[]]></system-err>
</testsuite>
