<?xml version="1.0" encoding="UTF-8"?>
<testsuite name="griffon.transform.FXObservableSpec" tests="3" skipped="0" failures="0" errors="0" timestamp="2015-06-18T20:22:37" hostname="testing-worker-linux-77796cae-2-8724-linux-2-67425996" time="1.183">
  <properties/>
  <testcase name="Observable primitive properties" classname="griffon.transform.FXObservableSpec" time="0.584"/>
  <testcase name="Observable wrapper properties" classname="griffon.transform.FXObservableSpec" time="0.169"/>
  <testcase name="Observable collection properties" classname="griffon.transform.FXObservableSpec" time="0.428"/>
  <system-out><![CDATA[]]></system-out>
  <system-err><![CDATA[]]></system-err>
</testsuite>
