<?xml version="1.0" encoding="UTF-8"?>
<testsuite name="griffon.transform.FXObservableSpec" tests="3" skipped="0" failures="0" errors="0" timestamp="2015-09-03T14:59:03" hostname="testing-worker-linux-380b67c9-2-20004-linux-1-78590592" time="0.473">
  <properties/>
  <testcase name="Observable primitive properties" classname="griffon.transform.FXObservableSpec" time="0.181"/>
  <testcase name="Observable wrapper properties" classname="griffon.transform.FXObservableSpec" time="0.09"/>
  <testcase name="Observable collection properties" classname="griffon.transform.FXObservableSpec" time="0.202"/>
  <system-out><![CDATA[]]></system-out>
  <system-err><![CDATA[]]></system-err>
</testsuite>
