<?xml version="1.0" encoding="UTF-8"?>
<testsuite name="griffon.transform.MapChangeListenerSpec" tests="3" skipped="0" failures="0" errors="0" timestamp="2015-08-04T13:34:54" hostname="testing-worker-linux-027f0490-1-16455-linux-15-74062201" time="0.133">
  <properties/>
  <testcase name="MapChangeListener AST transformation attaches a closure reference as listener" classname="griffon.transform.MapChangeListenerSpec" time="0.06"/>
  <testcase name="MapChangeListener AST transformation attaches a closure as listener" classname="griffon.transform.MapChangeListenerSpec" time="0.034"/>
  <testcase name="MapChangeListener AST transformation attaches a closure reference literal as listener" classname="griffon.transform.MapChangeListenerSpec" time="0.038"/>
  <system-out><![CDATA[]]></system-out>
  <system-err><![CDATA[]]></system-err>
</testsuite>
