<?xml version="1.0" encoding="UTF-8"?>
<testsuite name="griffon.transform.EventPublisherSpec" tests="1" skipped="0" failures="0" errors="0" timestamp="2015-02-14T23:57:31" hostname="testing-worker-linux-027f0490-2-7771-linux-10-50792734" time="0.083">
  <properties/>
  <testcase name="EventPublisherASTTransformation is applied to a bean via @EventPublisher" classname="griffon.transform.EventPublisherSpec" time="0.083"/>
  <system-out><![CDATA[]]></system-out>
  <system-err><![CDATA[]]></system-err>
</testsuite>
