<?xml version="1.0" encoding="UTF-8"?>
<testsuite name="griffon.transform.FXObservableSpec" tests="3" skipped="0" failures="0" errors="0" timestamp="2016-06-17T08:24:07" hostname="testing-gce-4d83558d-2899-4dfd-8d4c-fb48b67c1461.c.travis-ci-prod-5.internal" time="0.577">
  <properties/>
  <testcase name="Observable primitive properties" classname="griffon.transform.FXObservableSpec" time="0.265"/>
  <testcase name="Observable wrapper properties" classname="griffon.transform.FXObservableSpec" time="0.151"/>
  <testcase name="Observable collection properties" classname="griffon.transform.FXObservableSpec" time="0.16"/>
  <system-out><![CDATA[]]></system-out>
  <system-err><![CDATA[]]></system-err>
</testsuite>
