<?xml version="1.0" encoding="UTF-8"?>
<testsuite name="griffon.transform.ObservableSpec" tests="1" skipped="0" failures="0" errors="0" timestamp="2015-02-13T18:09:05" hostname="testing-worker-linux-e7a62211-1-21232-linux-17-50666713" time="0.056">
  <properties/>
  <testcase name="ObservableASTTransformation is applied to a bean via @Observable" classname="griffon.transform.ObservableSpec" time="0.056"/>
  <system-out><![CDATA[]]></system-out>
  <system-err><![CDATA[]]></system-err>
</testsuite>
