<?xml version="1.0" encoding="UTF-8"?>
<testsuite name="griffon.transform.FXObservableSpec" tests="3" skipped="0" failures="0" errors="0" timestamp="2015-10-06T14:22:19" hostname="testing-worker-linux-226df11e-1-499-linux-11-83900341" time="0.472">
  <properties/>
  <testcase name="Observable primitive properties" classname="griffon.transform.FXObservableSpec" time="0.184"/>
  <testcase name="Observable wrapper properties" classname="griffon.transform.FXObservableSpec" time="0.09"/>
  <testcase name="Observable collection properties" classname="griffon.transform.FXObservableSpec" time="0.198"/>
  <system-out><![CDATA[]]></system-out>
  <system-err><![CDATA[]]></system-err>
</testsuite>
