<?xml version="1.0" encoding="UTF-8"?>
<testsuite name="griffon.transform.ResourcesAwareSpec" tests="1" skipped="0" failures="0" errors="0" timestamp="2016-05-15T10:41:45" hostname="testing-gce-ad892f28-e390-4205-bb65-89cd9ef0369e.c.travis-ci-prod-4.internal" time="0.064">
  <properties/>
  <testcase name="ResourcesAwareASTTransformation is applied to a bean via @ResourcesAware" classname="griffon.transform.ResourcesAwareSpec" time="0.064"/>
  <system-out><![CDATA[]]></system-out>
  <system-err><![CDATA[]]></system-err>
</testsuite>
