<?xml version="1.0" encoding="UTF-8"?>
<testsuite name="griffon.transform.FXObservableSpec" tests="3" skipped="0" failures="0" errors="0" timestamp="2015-08-10T14:15:42" hostname="testing-worker-linux-08b40318-2-25201-linux-14-74920689" time="0.762">
  <properties/>
  <testcase name="Observable primitive properties" classname="griffon.transform.FXObservableSpec" time="0.229"/>
  <testcase name="Observable wrapper properties" classname="griffon.transform.FXObservableSpec" time="0.258"/>
  <testcase name="Observable collection properties" classname="griffon.transform.FXObservableSpec" time="0.275"/>
  <system-out><![CDATA[]]></system-out>
  <system-err><![CDATA[]]></system-err>
</testsuite>
