<?xml version="1.0" encoding="UTF-8"?>
<testsuite name="griffon.transform.FXObservableSpec" tests="3" skipped="0" failures="0" errors="0" timestamp="2015-09-24T07:25:17" hostname="testing-worker-linux-968a87ce-2-16078-linux-10-81916283" time="0.625">
  <properties/>
  <testcase name="Observable primitive properties" classname="griffon.transform.FXObservableSpec" time="0.251"/>
  <testcase name="Observable wrapper properties" classname="griffon.transform.FXObservableSpec" time="0.121"/>
  <testcase name="Observable collection properties" classname="griffon.transform.FXObservableSpec" time="0.253"/>
  <system-out><![CDATA[]]></system-out>
  <system-err><![CDATA[]]></system-err>
</testsuite>
