<?xml version="1.0" encoding="UTF-8"?>
<testsuite name="griffon.transform.InvalidationListenerSpec" tests="6" skipped="0" failures="0" errors="0" timestamp="2016-03-11T19:50:53" hostname="testing-gce-45abd5dc-8f47-4abf-8f08-1ed7d76fbd60.c.travis-ci-prod-5.internal" time="0.171">
  <properties/>
  <testcase name="InvalidationListener AST transformation attaches a closure reference as listener (weak=false)" classname="griffon.transform.InvalidationListenerSpec" time="0.038"/>
  <testcase name="InvalidationListener AST transformation attaches a closure reference as listener (weak=true)" classname="griffon.transform.InvalidationListenerSpec" time="0.036"/>
  <testcase name="InvalidationListener AST transformation attaches a closure as listener (weak=false)" classname="griffon.transform.InvalidationListenerSpec" time="0.022"/>
  <testcase name="InvalidationListener AST transformation attaches a closure as listener (weak=true)" classname="griffon.transform.InvalidationListenerSpec" time="0.019"/>
  <testcase name="InvalidationListener AST transformation attaches a closure reference literal as listener (weak=false)" classname="griffon.transform.InvalidationListenerSpec" time="0.022"/>
  <testcase name="InvalidationListener AST transformation attaches a closure reference literal as listener (weak=true)" classname="griffon.transform.InvalidationListenerSpec" time="0.032"/>
  <system-out><![CDATA[]]></system-out>
  <system-err><![CDATA[]]></system-err>
</testsuite>
