<?xml version="1.0" encoding="UTF-8"?>
<testsuite name="griffon.transform.FXObservableSpec" tests="3" skipped="0" failures="0" errors="0" timestamp="2015-09-02T13:56:44" hostname="testing-worker-linux-f25aadab-1-2244-linux-13-78399089" time="0.566">
  <properties/>
  <testcase name="Observable primitive properties" classname="griffon.transform.FXObservableSpec" time="0.207"/>
  <testcase name="Observable wrapper properties" classname="griffon.transform.FXObservableSpec" time="0.104"/>
  <testcase name="Observable collection properties" classname="griffon.transform.FXObservableSpec" time="0.254"/>
  <system-out><![CDATA[]]></system-out>
  <system-err><![CDATA[]]></system-err>
</testsuite>
