<?xml version="1.0" encoding="UTF-8"?>
<testsuite name="griffon.transform.FXObservableSpec" tests="3" skipped="0" failures="0" errors="0" timestamp="2015-06-08T21:59:07" hostname="testing-worker-linux-c55820f2-2-32762-linux-4-65962893" time="1.237">
  <properties/>
  <testcase name="Observable primitive properties" classname="griffon.transform.FXObservableSpec" time="0.575"/>
  <testcase name="Observable wrapper properties" classname="griffon.transform.FXObservableSpec" time="0.116"/>
  <testcase name="Observable collection properties" classname="griffon.transform.FXObservableSpec" time="0.545"/>
  <system-out><![CDATA[]]></system-out>
  <system-err><![CDATA[]]></system-err>
</testsuite>
