<?xml version="1.0" encoding="UTF-8"?>
<testsuite name="griffon.transform.FXObservableSpec" tests="3" skipped="0" failures="0" errors="0" timestamp="2015-11-13T01:35:40" hostname="testing-worker-linux-c55820f2-1-499-linux-13-90862008" time="0.253">
  <properties/>
  <testcase name="Observable primitive properties" classname="griffon.transform.FXObservableSpec" time="0.151"/>
  <testcase name="Observable wrapper properties" classname="griffon.transform.FXObservableSpec" time="0.052"/>
  <testcase name="Observable collection properties" classname="griffon.transform.FXObservableSpec" time="0.05"/>
  <system-out><![CDATA[]]></system-out>
  <system-err><![CDATA[]]></system-err>
</testsuite>
