<?xml version="1.0" encoding="UTF-8"?>
<testsuite name="griffon.transform.ListChangeListenerSpec" tests="6" skipped="0" failures="0" errors="0" timestamp="2016-03-04T07:25:00" hostname="testing-gce-f87ad77f-aa67-4170-be46-78b076d1c53f.c.eco-emissary-99515.internal" time="1.584">
  <properties/>
  <testcase name="ListChangeListener AST transformation attaches a closure reference as listener (weak=false)" classname="griffon.transform.ListChangeListenerSpec" time="1.178"/>
  <testcase name="ListChangeListener AST transformation attaches a closure reference as listener (weak=true)" classname="griffon.transform.ListChangeListenerSpec" time="0.084"/>
  <testcase name="ListChangeListener AST transformation attaches a closure as listener (weak=false)" classname="griffon.transform.ListChangeListenerSpec" time="0.129"/>
  <testcase name="ListChangeListener AST transformation attaches a closure as listener (weak=true)" classname="griffon.transform.ListChangeListenerSpec" time="0.07"/>
  <testcase name="ListChangeListener AST transformation attaches a closure reference literal as listener (weak=false)" classname="griffon.transform.ListChangeListenerSpec" time="0.049"/>
  <testcase name="ListChangeListener AST transformation attaches a closure reference literal as listener (weak=true)" classname="griffon.transform.ListChangeListenerSpec" time="0.065"/>
  <system-out><![CDATA[]]></system-out>
  <system-err><![CDATA[]]></system-err>
</testsuite>
