<?xml version="1.0" encoding="UTF-8"?>
<testsuite name="griffon.transform.FXObservableSpec" tests="3" skipped="0" failures="0" errors="0" timestamp="2015-09-16T14:50:25" hostname="testing-worker-linux-027f0490-1-17064-linux-7-80650281" time="0.873">
  <properties/>
  <testcase name="Observable primitive properties" classname="griffon.transform.FXObservableSpec" time="0.517"/>
  <testcase name="Observable wrapper properties" classname="griffon.transform.FXObservableSpec" time="0.113"/>
  <testcase name="Observable collection properties" classname="griffon.transform.FXObservableSpec" time="0.243"/>
  <system-out><![CDATA[]]></system-out>
  <system-err><![CDATA[]]></system-err>
</testsuite>
