<?xml version="1.0" encoding="UTF-8"?>
<testsuite name="griffon.transform.FXObservableSpec" tests="3" skipped="0" failures="0" errors="0" timestamp="2015-11-17T16:26:30" hostname="testing-worker-linux-3da96de7-1-498-linux-14-91627567" time="0.403">
  <properties/>
  <testcase name="Observable primitive properties" classname="griffon.transform.FXObservableSpec" time="0.195"/>
  <testcase name="Observable wrapper properties" classname="griffon.transform.FXObservableSpec" time="0.11"/>
  <testcase name="Observable collection properties" classname="griffon.transform.FXObservableSpec" time="0.098"/>
  <system-out><![CDATA[]]></system-out>
  <system-err><![CDATA[]]></system-err>
</testsuite>
