<?xml version="1.0" encoding="UTF-8"?>
<testsuite name="griffon.transform.ListChangeListenerSpec" tests="6" skipped="0" failures="0" errors="0" timestamp="2015-10-12T18:26:39" hostname="testing-worker-linux-f25aadab-1-11794-linux-13-84971409" time="0.716">
  <properties/>
  <testcase name="ListChangeListener AST transformation attaches a closure reference as listener (weak=false)" classname="griffon.transform.ListChangeListenerSpec" time="0.45"/>
  <testcase name="ListChangeListener AST transformation attaches a closure reference as listener (weak=true)" classname="griffon.transform.ListChangeListenerSpec" time="0.06"/>
  <testcase name="ListChangeListener AST transformation attaches a closure as listener (weak=false)" classname="griffon.transform.ListChangeListenerSpec" time="0.057"/>
  <testcase name="ListChangeListener AST transformation attaches a closure as listener (weak=true)" classname="griffon.transform.ListChangeListenerSpec" time="0.058"/>
  <testcase name="ListChangeListener AST transformation attaches a closure reference literal as listener (weak=false)" classname="griffon.transform.ListChangeListenerSpec" time="0.044"/>
  <testcase name="ListChangeListener AST transformation attaches a closure reference literal as listener (weak=true)" classname="griffon.transform.ListChangeListenerSpec" time="0.044"/>
  <system-out><![CDATA[]]></system-out>
  <system-err><![CDATA[]]></system-err>
</testsuite>
