<?xml version="1.0" encoding="UTF-8"?>
<testsuite name="griffon.transform.FXObservableSpec" tests="3" skipped="0" failures="0" errors="0" timestamp="2015-09-24T08:42:53" hostname="testing-worker-linux-968a87ce-2-16078-linux-4-81925709" time="0.553">
  <properties/>
  <testcase name="Observable primitive properties" classname="griffon.transform.FXObservableSpec" time="0.225"/>
  <testcase name="Observable wrapper properties" classname="griffon.transform.FXObservableSpec" time="0.102"/>
  <testcase name="Observable collection properties" classname="griffon.transform.FXObservableSpec" time="0.226"/>
  <system-out><![CDATA[]]></system-out>
  <system-err><![CDATA[]]></system-err>
</testsuite>
