<?xml version="1.0" encoding="UTF-8"?>
<testsuite name="griffon.transform.ResourcesAwareSpec" tests="1" skipped="0" failures="0" errors="0" timestamp="2015-12-21T22:16:48" hostname="testing-gce-01da6abe-182b-4b40-96a4-6657a622c3d6.c.eco-emissary-99515.internal" time="0.027">
  <properties/>
  <testcase name="ResourcesAwareASTTransformation is applied to a bean via @ResourcesAware" classname="griffon.transform.ResourcesAwareSpec" time="0.027"/>
  <system-out><![CDATA[]]></system-out>
  <system-err><![CDATA[]]></system-err>
</testsuite>
