<?xml version="1.0" encoding="UTF-8"?>
<testsuite name="griffon.transform.ObservableSpec" tests="1" skipped="0" failures="0" errors="0" timestamp="2015-06-03T17:21:13" hostname="testing-worker-linux-5590757e-1-8013-linux-6-65277944" time="0.063">
  <properties/>
  <testcase name="ObservableASTTransformation is applied to a bean via @Observable" classname="griffon.transform.ObservableSpec" time="0.063"/>
  <system-out><![CDATA[]]></system-out>
  <system-err><![CDATA[]]></system-err>
</testsuite>
