<?xml version="1.0" encoding="UTF-8"?>
<testsuite name="griffon.transform.FXObservableSpec" tests="3" skipped="0" failures="0" errors="0" timestamp="2015-08-26T12:36:14" hostname="testing-worker-linux-c55820f2-2-8268-linux-2-77315487" time="0.496">
  <properties/>
  <testcase name="Observable primitive properties" classname="griffon.transform.FXObservableSpec" time="0.185"/>
  <testcase name="Observable wrapper properties" classname="griffon.transform.FXObservableSpec" time="0.089"/>
  <testcase name="Observable collection properties" classname="griffon.transform.FXObservableSpec" time="0.222"/>
  <system-out><![CDATA[]]></system-out>
  <system-err><![CDATA[]]></system-err>
</testsuite>
