<?xml version="1.0" encoding="UTF-8"?>
<testsuite name="griffon.transform.FXObservableSpec" tests="3" skipped="0" failures="0" errors="0" timestamp="2015-09-24T16:00:57" hostname="testing-worker-linux-da6418d7-1-5175-linux-11-81992842" time="0.399">
  <properties/>
  <testcase name="Observable primitive properties" classname="griffon.transform.FXObservableSpec" time="0.192"/>
  <testcase name="Observable wrapper properties" classname="griffon.transform.FXObservableSpec" time="0.107"/>
  <testcase name="Observable collection properties" classname="griffon.transform.FXObservableSpec" time="0.1"/>
  <system-out><![CDATA[]]></system-out>
  <system-err><![CDATA[]]></system-err>
</testsuite>
