<?xml version="1.0" encoding="UTF-8"?>
<testsuite name="griffon.transform.FXObservableSpec" tests="3" skipped="0" failures="0" errors="0" timestamp="2015-06-18T20:40:25" hostname="testing-worker-linux-44a99d76-2-4160-linux-10-67425901" time="1.025">
  <properties/>
  <testcase name="Observable primitive properties" classname="griffon.transform.FXObservableSpec" time="0.458"/>
  <testcase name="Observable wrapper properties" classname="griffon.transform.FXObservableSpec" time="0.151"/>
  <testcase name="Observable collection properties" classname="griffon.transform.FXObservableSpec" time="0.416"/>
  <system-out><![CDATA[]]></system-out>
  <system-err><![CDATA[]]></system-err>
</testsuite>
