<?xml version="1.0" encoding="UTF-8"?>
<testsuite name="griffon.transform.FXObservableSpec" tests="3" skipped="0" failures="0" errors="0" timestamp="2015-07-31T09:01:47" hostname="testing-worker-linux-a01deac5-1-15681-linux-13-73520200" time="0.639">
  <properties/>
  <testcase name="Observable primitive properties" classname="griffon.transform.FXObservableSpec" time="0.217"/>
  <testcase name="Observable wrapper properties" classname="griffon.transform.FXObservableSpec" time="0.2"/>
  <testcase name="Observable collection properties" classname="griffon.transform.FXObservableSpec" time="0.222"/>
  <system-out><![CDATA[]]></system-out>
  <system-err><![CDATA[]]></system-err>
</testsuite>
