<?xml version="1.0" encoding="UTF-8"?>
<testsuite name="griffon.transform.FXObservableSpec" tests="3" skipped="0" failures="0" errors="0" timestamp="2015-06-03T17:21:04" hostname="testing-worker-linux-f25aadab-2-32112-linux-13-65277949" time="1.021">
  <properties/>
  <testcase name="Observable primitive properties" classname="griffon.transform.FXObservableSpec" time="0.493"/>
  <testcase name="Observable wrapper properties" classname="griffon.transform.FXObservableSpec" time="0.156"/>
  <testcase name="Observable collection properties" classname="griffon.transform.FXObservableSpec" time="0.37"/>
  <system-out><![CDATA[]]></system-out>
  <system-err><![CDATA[]]></system-err>
</testsuite>
