<?xml version="1.0" encoding="UTF-8"?>
<testsuite name="griffon.transform.ListChangeListenerSpec" tests="3" skipped="0" failures="0" errors="0" timestamp="2015-08-10T14:15:44" hostname="testing-worker-linux-08b40318-2-25201-linux-14-74920689" time="0.134">
  <properties/>
  <testcase name="ListChangeListener AST transformation attaches a closure reference as listener" classname="griffon.transform.ListChangeListenerSpec" time="0.072"/>
  <testcase name="ListChangeListener AST transformation attaches a closure as listener" classname="griffon.transform.ListChangeListenerSpec" time="0.03"/>
  <testcase name="ListChangeListener AST transformation attaches a closure reference literal as listener" classname="griffon.transform.ListChangeListenerSpec" time="0.031"/>
  <system-out><![CDATA[]]></system-out>
  <system-err><![CDATA[]]></system-err>
</testsuite>
