<?xml version="1.0" encoding="UTF-8"?>
<testsuite name="griffon.transform.FXObservableSpec" tests="3" skipped="0" failures="0" errors="0" timestamp="2015-09-03T15:04:12" hostname="testing-worker-linux-a01deac5-2-15736-linux-3-78592566" time="0.605">
  <properties/>
  <testcase name="Observable primitive properties" classname="griffon.transform.FXObservableSpec" time="0.218"/>
  <testcase name="Observable wrapper properties" classname="griffon.transform.FXObservableSpec" time="0.108"/>
  <testcase name="Observable collection properties" classname="griffon.transform.FXObservableSpec" time="0.278"/>
  <system-out><![CDATA[]]></system-out>
  <system-err><![CDATA[]]></system-err>
</testsuite>
