<?xml version="1.0" encoding="UTF-8"?>
<testsuite name="griffon.transform.GriffonViewSpec" tests="2" skipped="0" failures="0" errors="0" timestamp="2016-06-29T15:56:08" hostname="testing-gce-ab651ba3-5449-48e3-9114-bb6ab63d016c.c.travis-ci-prod-3.internal" time="0.397">
  <properties/>
  <testcase name="GriffonViewASTTransformation is applied to a view class" classname="griffon.transform.GriffonViewSpec" time="0.127"/>
  <testcase name="GriffonViewASTTransformation is applied to a view class with a custom superclass" classname="griffon.transform.GriffonViewSpec" time="0.27"/>
  <system-out><![CDATA[]]></system-out>
  <system-err><![CDATA[]]></system-err>
</testsuite>
