<?xml version="1.0" encoding="UTF-8"?>
<testsuite name="griffon.transform.FXObservableSpec" tests="3" skipped="0" failures="0" errors="0" timestamp="2015-06-08T20:35:06" hostname="testing-worker-linux-77796cae-2-8724-linux-7-65950558" time="0.833">
  <properties/>
  <testcase name="Observable primitive properties" classname="griffon.transform.FXObservableSpec" time="0.406"/>
  <testcase name="Observable wrapper properties" classname="griffon.transform.FXObservableSpec" time="0.14"/>
  <testcase name="Observable collection properties" classname="griffon.transform.FXObservableSpec" time="0.286"/>
  <system-out><![CDATA[]]></system-out>
  <system-err><![CDATA[]]></system-err>
</testsuite>
