<?xml version="1.0" encoding="UTF-8"?>
<testsuite name="griffon.transform.FXObservableSpec" tests="3" skipped="0" failures="0" errors="0" timestamp="2015-09-03T11:27:34" hostname="testing-worker-linux-44a99d76-2-8313-linux-7-78557557" time="0.657">
  <properties/>
  <testcase name="Observable primitive properties" classname="griffon.transform.FXObservableSpec" time="0.251"/>
  <testcase name="Observable wrapper properties" classname="griffon.transform.FXObservableSpec" time="0.124"/>
  <testcase name="Observable collection properties" classname="griffon.transform.FXObservableSpec" time="0.281"/>
  <system-out><![CDATA[]]></system-out>
  <system-err><![CDATA[]]></system-err>
</testsuite>
