<?xml version="1.0" encoding="UTF-8"?>
<testsuite name="griffon.transform.FXObservableSpec" tests="3" skipped="0" failures="0" errors="0" timestamp="2015-09-01T07:22:55" hostname="testing-worker-linux-89e97461-2-14506-linux-2-78177042" time="0.587">
  <properties/>
  <testcase name="Observable primitive properties" classname="griffon.transform.FXObservableSpec" time="0.226"/>
  <testcase name="Observable wrapper properties" classname="griffon.transform.FXObservableSpec" time="0.104"/>
  <testcase name="Observable collection properties" classname="griffon.transform.FXObservableSpec" time="0.257"/>
  <system-out><![CDATA[]]></system-out>
  <system-err><![CDATA[]]></system-err>
</testsuite>
