<?xml version="1.0" encoding="UTF-8"?>
<testsuite name="griffon.transform.FXObservableSpec" tests="3" skipped="0" failures="0" errors="0" timestamp="2015-08-24T21:35:34" hostname="testing-worker-linux-c55820f2-2-8268-linux-14-77061815" time="0.698">
  <properties/>
  <testcase name="Observable primitive properties" classname="griffon.transform.FXObservableSpec" time="0.353"/>
  <testcase name="Observable wrapper properties" classname="griffon.transform.FXObservableSpec" time="0.103"/>
  <testcase name="Observable collection properties" classname="griffon.transform.FXObservableSpec" time="0.241"/>
  <system-out><![CDATA[]]></system-out>
  <system-err><![CDATA[]]></system-err>
</testsuite>
