<?xml version="1.0" encoding="UTF-8"?>
<testsuite name="griffon.transform.MessageSourceAwareSpec" tests="1" skipped="0" failures="0" errors="0" timestamp="2015-06-21T19:55:14" hostname="testing-worker-linux-f25aadab-2-32112-linux-8-67757232" time="0.065">
  <properties/>
  <testcase name="MessageSourceASTTransformation is applied to a bean via @MessageSourceAware" classname="griffon.transform.MessageSourceAwareSpec" time="0.065"/>
  <system-out><![CDATA[]]></system-out>
  <system-err><![CDATA[]]></system-err>
</testsuite>
