<?xml version="1.0" encoding="UTF-8"?>
<testsuite name="griffon.transform.FXObservableSpec" tests="3" skipped="0" failures="0" errors="0" timestamp="2015-10-09T20:01:34" hostname="testing-worker-linux-a01deac5-2-20554-linux-3-84574064" time="0.361">
  <properties/>
  <testcase name="Observable primitive properties" classname="griffon.transform.FXObservableSpec" time="0.18"/>
  <testcase name="Observable wrapper properties" classname="griffon.transform.FXObservableSpec" time="0.095"/>
  <testcase name="Observable collection properties" classname="griffon.transform.FXObservableSpec" time="0.086"/>
  <system-out><![CDATA[]]></system-out>
  <system-err><![CDATA[]]></system-err>
</testsuite>
