<?xml version="1.0" encoding="UTF-8"?>
<testsuite name="griffon.transform.InvalidationListenerSpec" tests="6" skipped="0" failures="0" errors="0" timestamp="2016-02-27T10:59:24" hostname="testing-gce-a793adc9-3b45-4923-b062-f640e742d9c9.c.eco-emissary-99515.internal" time="0.135">
  <properties/>
  <testcase name="InvalidationListener AST transformation attaches a closure reference as listener (weak=false)" classname="griffon.transform.InvalidationListenerSpec" time="0.04"/>
  <testcase name="InvalidationListener AST transformation attaches a closure reference as listener (weak=true)" classname="griffon.transform.InvalidationListenerSpec" time="0.019"/>
  <testcase name="InvalidationListener AST transformation attaches a closure as listener (weak=false)" classname="griffon.transform.InvalidationListenerSpec" time="0.016"/>
  <testcase name="InvalidationListener AST transformation attaches a closure as listener (weak=true)" classname="griffon.transform.InvalidationListenerSpec" time="0.015"/>
  <testcase name="InvalidationListener AST transformation attaches a closure reference literal as listener (weak=false)" classname="griffon.transform.InvalidationListenerSpec" time="0.016"/>
  <testcase name="InvalidationListener AST transformation attaches a closure reference literal as listener (weak=true)" classname="griffon.transform.InvalidationListenerSpec" time="0.027"/>
  <system-out><![CDATA[]]></system-out>
  <system-err><![CDATA[]]></system-err>
</testsuite>
