<?xml version="1.0" encoding="UTF-8"?>
<testsuite name="griffon.transform.InvalidationListenerSpec" tests="6" skipped="0" failures="0" errors="0" timestamp="2016-02-20T17:00:14" hostname="testing-gce-73474144-e0a6-409c-856a-e133ca21783e.c.eco-emissary-99515.internal" time="0.112">
  <properties/>
  <testcase name="InvalidationListener AST transformation attaches a closure reference as listener (weak=false)" classname="griffon.transform.InvalidationListenerSpec" time="0.023"/>
  <testcase name="InvalidationListener AST transformation attaches a closure reference as listener (weak=true)" classname="griffon.transform.InvalidationListenerSpec" time="0.02"/>
  <testcase name="InvalidationListener AST transformation attaches a closure as listener (weak=false)" classname="griffon.transform.InvalidationListenerSpec" time="0.017"/>
  <testcase name="InvalidationListener AST transformation attaches a closure as listener (weak=true)" classname="griffon.transform.InvalidationListenerSpec" time="0.017"/>
  <testcase name="InvalidationListener AST transformation attaches a closure reference literal as listener (weak=false)" classname="griffon.transform.InvalidationListenerSpec" time="0.015"/>
  <testcase name="InvalidationListener AST transformation attaches a closure reference literal as listener (weak=true)" classname="griffon.transform.InvalidationListenerSpec" time="0.018"/>
  <system-out><![CDATA[]]></system-out>
  <system-err><![CDATA[]]></system-err>
</testsuite>
