<?xml version="1.0" encoding="UTF-8"?>
<testsuite name="griffon.transform.PropertyListenerSpec" tests="1" skipped="0" failures="0" errors="0" timestamp="2014-09-22T07:57:17" hostname="testing-worker-linux-11-2-1953-linux-7-35912653" time="1.036">
  <properties/>
  <testcase name="PropertyListener AST transformation attaches a listener" classname="griffon.transform.PropertyListenerSpec" time="1.036"/>
  <system-out><![CDATA[]]></system-out>
  <system-err><![CDATA[]]></system-err>
</testsuite>
