<?xml version="1.0" encoding="UTF-8"?>
<testsuite name="griffon.transform.FXObservableSpec" tests="3" skipped="0" failures="0" errors="0" timestamp="2015-09-01T03:09:58" hostname="testing-worker-linux-bb3654bb-2-17586-linux-4-78157600" time="0.45">
  <properties/>
  <testcase name="Observable primitive properties" classname="griffon.transform.FXObservableSpec" time="0.175"/>
  <testcase name="Observable wrapper properties" classname="griffon.transform.FXObservableSpec" time="0.089"/>
  <testcase name="Observable collection properties" classname="griffon.transform.FXObservableSpec" time="0.186"/>
  <system-out><![CDATA[]]></system-out>
  <system-err><![CDATA[]]></system-err>
</testsuite>
