<?xml version="1.0" encoding="UTF-8"?>
<testsuite name="griffon.transform.FXObservableSpec" tests="3" skipped="0" failures="0" errors="0" timestamp="2015-06-09T11:34:48" hostname="testing-worker-linux-da6418d7-1-25571-linux-12-66033561" time="0.825">
  <properties/>
  <testcase name="Observable primitive properties" classname="griffon.transform.FXObservableSpec" time="0.404"/>
  <testcase name="Observable wrapper properties" classname="griffon.transform.FXObservableSpec" time="0.153"/>
  <testcase name="Observable collection properties" classname="griffon.transform.FXObservableSpec" time="0.266"/>
  <system-out><![CDATA[]]></system-out>
  <system-err><![CDATA[]]></system-err>
</testsuite>
