<?xml version="1.0" encoding="UTF-8"?>
<testsuite name="griffon.transform.ResourceResolverAwareSpec" tests="1" skipped="0" failures="0" errors="0" timestamp="2016-06-20T07:44:03" hostname="testing-gce-a4e37928-7309-4094-879f-ef33aa891ec0.c.travis-ci-prod-5.internal" time="0.087">
  <properties/>
  <testcase name="ResourceResolverASTTransformation is applied to a bean via @ResourceResolverAware" classname="griffon.transform.ResourceResolverAwareSpec" time="0.087"/>
  <system-out><![CDATA[]]></system-out>
  <system-err><![CDATA[]]></system-err>
</testsuite>
