<?xml version="1.0" encoding="UTF-8"?>
<testsuite name="griffon.transform.FXObservableSpec" tests="3" skipped="0" failures="0" errors="0" timestamp="2015-07-08T20:33:18" hostname="testing-worker-linux-226df11e-2-9336-linux-10-70123401" time="0.985">
  <properties/>
  <testcase name="Observable primitive properties" classname="griffon.transform.FXObservableSpec" time="0.495"/>
  <testcase name="Observable wrapper properties" classname="griffon.transform.FXObservableSpec" time="0.155"/>
  <testcase name="Observable collection properties" classname="griffon.transform.FXObservableSpec" time="0.335"/>
  <system-out><![CDATA[]]></system-out>
  <system-err><![CDATA[]]></system-err>
</testsuite>
