<?xml version="1.0" encoding="UTF-8"?>
<testsuite name="griffon.transform.InvalidationListenerSpec" tests="6" skipped="0" failures="0" errors="0" timestamp="2016-05-15T10:41:47" hostname="testing-gce-ad892f28-e390-4205-bb65-89cd9ef0369e.c.travis-ci-prod-4.internal" time="0.165">
  <properties/>
  <testcase name="InvalidationListener AST transformation attaches a closure reference as listener (weak=false)" classname="griffon.transform.InvalidationListenerSpec" time="0.035"/>
  <testcase name="InvalidationListener AST transformation attaches a closure reference as listener (weak=true)" classname="griffon.transform.InvalidationListenerSpec" time="0.029"/>
  <testcase name="InvalidationListener AST transformation attaches a closure as listener (weak=false)" classname="griffon.transform.InvalidationListenerSpec" time="0.024"/>
  <testcase name="InvalidationListener AST transformation attaches a closure as listener (weak=true)" classname="griffon.transform.InvalidationListenerSpec" time="0.027"/>
  <testcase name="InvalidationListener AST transformation attaches a closure reference literal as listener (weak=false)" classname="griffon.transform.InvalidationListenerSpec" time="0.024"/>
  <testcase name="InvalidationListener AST transformation attaches a closure reference literal as listener (weak=true)" classname="griffon.transform.InvalidationListenerSpec" time="0.023"/>
  <system-out><![CDATA[]]></system-out>
  <system-err><![CDATA[]]></system-err>
</testsuite>
