<?xml version="1.0" encoding="UTF-8"?>
<testsuite name="griffon.transform.GriffonViewSpec" tests="2" skipped="0" failures="0" errors="0" timestamp="2015-06-03T17:35:04" hostname="testing-worker-linux-027f0490-1-17458-linux-7-65277958" time="0.107">
  <properties/>
  <testcase name="GriffonViewASTTransformation is applied to a view class" classname="griffon.transform.GriffonViewSpec" time="0.021"/>
  <testcase name="GriffonViewASTTransformation is applied to a view class with a custom superclass" classname="griffon.transform.GriffonViewSpec" time="0.085"/>
  <system-out><![CDATA[]]></system-out>
  <system-err><![CDATA[]]></system-err>
</testsuite>
