<?xml version="1.0" encoding="UTF-8"?>
<testsuite name="griffon.transform.FXObservableSpec" tests="3" skipped="0" failures="0" errors="0" timestamp="2015-08-24T20:22:36" hostname="testing-worker-linux-968a87ce-2-2279-linux-1-77048280" time="0.562">
  <properties/>
  <testcase name="Observable primitive properties" classname="griffon.transform.FXObservableSpec" time="0.234"/>
  <testcase name="Observable wrapper properties" classname="griffon.transform.FXObservableSpec" time="0.099"/>
  <testcase name="Observable collection properties" classname="griffon.transform.FXObservableSpec" time="0.228"/>
  <system-out><![CDATA[]]></system-out>
  <system-err><![CDATA[]]></system-err>
</testsuite>
