<?xml version="1.0" encoding="UTF-8"?>
<testsuite name="griffon.transform.PropertyListenerSpec" tests="1" skipped="0" failures="0" errors="0" timestamp="2014-12-08T16:12:36" hostname="testing-worker-linux-2-1-15228-linux-2-43361418" time="1.061">
  <properties/>
  <testcase name="PropertyListener AST transformation attaches a listener" classname="griffon.transform.PropertyListenerSpec" time="1.061"/>
  <system-out><![CDATA[]]></system-out>
  <system-err><![CDATA[]]></system-err>
</testsuite>
