<?xml version="1.0" encoding="UTF-8"?>
<testsuite name="griffon.transform.MVCAwareSpec" tests="1" skipped="0" failures="0" errors="0" timestamp="2015-07-10T09:08:35" hostname="testing-worker-linux-f25aadab-2-12270-linux-2-70351444" time="0.038">
  <properties/>
  <testcase name="MVCAwareASTTransformation is applied to a bean via @MVCAware" classname="griffon.transform.MVCAwareSpec" time="0.038"/>
  <system-out><![CDATA[]]></system-out>
  <system-err><![CDATA[]]></system-err>
</testsuite>
