<?xml version="1.0" encoding="UTF-8"?>
<testsuite name="griffon.transform.ListChangeListenerSpec" tests="3" skipped="0" failures="0" errors="0" timestamp="2015-08-10T22:38:35" hostname="testing-worker-linux-3da96de7-1-3821-linux-4-75000137" time="0.173">
  <properties/>
  <testcase name="ListChangeListener AST transformation attaches a closure reference as listener" classname="griffon.transform.ListChangeListenerSpec" time="0.095"/>
  <testcase name="ListChangeListener AST transformation attaches a closure as listener" classname="griffon.transform.ListChangeListenerSpec" time="0.039"/>
  <testcase name="ListChangeListener AST transformation attaches a closure reference literal as listener" classname="griffon.transform.ListChangeListenerSpec" time="0.039"/>
  <system-out><![CDATA[]]></system-out>
  <system-err><![CDATA[]]></system-err>
</testsuite>
