<?xml version="1.0" encoding="UTF-8"?>
<testsuite name="griffon.transform.InvalidationListenerSpec" tests="3" skipped="0" failures="0" errors="0" timestamp="2015-06-19T18:22:07" hostname="testing-worker-linux-85ee80ed-1-1752-linux-7-67564451" time="0.107">
  <properties/>
  <testcase name="InvalidationListener AST transformation attaches a closure reference as listener" classname="griffon.transform.InvalidationListenerSpec" time="0.042"/>
  <testcase name="InvalidationListener AST transformation attaches a closure as listener" classname="griffon.transform.InvalidationListenerSpec" time="0.029"/>
  <testcase name="InvalidationListener AST transformation attaches a closure reference literal as listener" classname="griffon.transform.InvalidationListenerSpec" time="0.034"/>
  <system-out><![CDATA[]]></system-out>
  <system-err><![CDATA[]]></system-err>
</testsuite>
