<?xml version="1.0" encoding="UTF-8"?>
<testsuite name="griffon.transform.FXObservableSpec" tests="3" skipped="0" failures="0" errors="0" timestamp="2015-08-31T18:16:58" hostname="testing-worker-linux-89e97461-2-14506-linux-8-78091150" time="0.292">
  <properties/>
  <testcase name="Observable primitive properties" classname="griffon.transform.FXObservableSpec" time="0.155"/>
  <testcase name="Observable wrapper properties" classname="griffon.transform.FXObservableSpec" time="0.084"/>
  <testcase name="Observable collection properties" classname="griffon.transform.FXObservableSpec" time="0.053"/>
  <system-out><![CDATA[]]></system-out>
  <system-err><![CDATA[]]></system-err>
</testsuite>
