<?xml version="1.0" encoding="UTF-8"?>
<testsuite name="griffon.transform.MVCAwareSpec" tests="1" skipped="0" failures="0" errors="0" timestamp="2015-06-08T21:59:09" hostname="testing-worker-linux-c55820f2-2-32762-linux-4-65962893" time="0.047">
  <properties/>
  <testcase name="MVCAwareASTTransformation is applied to a bean via @MVCAware" classname="griffon.transform.MVCAwareSpec" time="0.047"/>
  <system-out><![CDATA[]]></system-out>
  <system-err><![CDATA[]]></system-err>
</testsuite>
