<?xml version="1.0" encoding="UTF-8"?>
<testsuite name="griffon.transform.FXObservableSpec" tests="3" skipped="0" failures="0" errors="0" timestamp="2015-06-21T19:55:12" hostname="testing-worker-linux-f25aadab-2-32112-linux-8-67757232" time="0.794">
  <properties/>
  <testcase name="Observable primitive properties" classname="griffon.transform.FXObservableSpec" time="0.331"/>
  <testcase name="Observable wrapper properties" classname="griffon.transform.FXObservableSpec" time="0.115"/>
  <testcase name="Observable collection properties" classname="griffon.transform.FXObservableSpec" time="0.347"/>
  <system-out><![CDATA[]]></system-out>
  <system-err><![CDATA[]]></system-err>
</testsuite>
