<?xml version="1.0" encoding="UTF-8"?>
<testsuite name="griffon.transform.FXObservableSpec" tests="3" skipped="0" failures="0" errors="0" timestamp="2015-09-25T11:56:41" hostname="testing-worker-linux-9eb6c2a4-1-5663-linux-2-82134139" time="0.708">
  <properties/>
  <testcase name="Observable primitive properties" classname="griffon.transform.FXObservableSpec" time="0.275"/>
  <testcase name="Observable wrapper properties" classname="griffon.transform.FXObservableSpec" time="0.204"/>
  <testcase name="Observable collection properties" classname="griffon.transform.FXObservableSpec" time="0.227"/>
  <system-out><![CDATA[]]></system-out>
  <system-err><![CDATA[]]></system-err>
</testsuite>
