<?xml version="1.0" encoding="UTF-8"?>
<testsuite name="griffon.transform.FXObservableSpec" tests="3" skipped="0" failures="0" errors="0" timestamp="2015-09-15T15:14:57" hostname="testing-worker-linux-968a87ce-1-18796-linux-4-80451863" time="0.49">
  <properties/>
  <testcase name="Observable primitive properties" classname="griffon.transform.FXObservableSpec" time="0.182"/>
  <testcase name="Observable wrapper properties" classname="griffon.transform.FXObservableSpec" time="0.095"/>
  <testcase name="Observable collection properties" classname="griffon.transform.FXObservableSpec" time="0.213"/>
  <system-out><![CDATA[]]></system-out>
  <system-err><![CDATA[]]></system-err>
</testsuite>
