<?xml version="1.0" encoding="UTF-8"?>
<testsuite name="griffon.transform.ListChangeListenerSpec" tests="3" skipped="0" failures="0" errors="0" timestamp="2015-08-19T15:12:43" hostname="testing-worker-linux-44a99d76-2-8313-linux-6-76298893" time="0.14">
  <properties/>
  <testcase name="ListChangeListener AST transformation attaches a closure reference as listener" classname="griffon.transform.ListChangeListenerSpec" time="0.073"/>
  <testcase name="ListChangeListener AST transformation attaches a closure as listener" classname="griffon.transform.ListChangeListenerSpec" time="0.033"/>
  <testcase name="ListChangeListener AST transformation attaches a closure reference literal as listener" classname="griffon.transform.ListChangeListenerSpec" time="0.034"/>
  <system-out><![CDATA[]]></system-out>
  <system-err><![CDATA[]]></system-err>
</testsuite>
