<?xml version="1.0" encoding="UTF-8"?>
<testsuite name="griffon.transform.InvalidationListenerSpec" tests="3" skipped="0" failures="0" errors="0" timestamp="2015-06-19T10:50:22" hostname="testing-worker-linux-f25aadab-1-20030-linux-11-67504051" time="0.102">
  <properties/>
  <testcase name="InvalidationListener AST transformation attaches a closure reference as listener" classname="griffon.transform.InvalidationListenerSpec" time="0.044"/>
  <testcase name="InvalidationListener AST transformation attaches a closure as listener" classname="griffon.transform.InvalidationListenerSpec" time="0.03"/>
  <testcase name="InvalidationListener AST transformation attaches a closure reference literal as listener" classname="griffon.transform.InvalidationListenerSpec" time="0.027"/>
  <system-out><![CDATA[]]></system-out>
  <system-err><![CDATA[]]></system-err>
</testsuite>
