<?xml version="1.0" encoding="UTF-8"?>
<testsuite name="griffon.transform.ChangeListenerSpec" tests="3" skipped="0" failures="0" errors="0" timestamp="2015-08-20T13:26:02" hostname="testing-worker-linux-89e97461-1-14451-linux-10-76458187" time="1.095">
  <properties/>
  <testcase name="ChangeListener AST transformation attaches a closure reference as listener" classname="griffon.transform.ChangeListenerSpec" time="0.993"/>
  <testcase name="ChangeListener AST transformation attaches a closure as listener" classname="griffon.transform.ChangeListenerSpec" time="0.053"/>
  <testcase name="ChangeListener AST transformation attaches a closure reference literal as listener" classname="griffon.transform.ChangeListenerSpec" time="0.049"/>
  <system-out><![CDATA[]]></system-out>
  <system-err><![CDATA[]]></system-err>
</testsuite>
