<?xml version="1.0" encoding="UTF-8"?>
<testsuite name="griffon.transform.PropertyListenerSpec" tests="1" skipped="0" failures="0" errors="0" timestamp="2014-10-20T09:47:19" hostname="testing-worker-linux-2-1-31095-linux-13-38478323" time="1.184">
  <properties/>
  <testcase name="PropertyListener AST transformation attaches a listener" classname="griffon.transform.PropertyListenerSpec" time="1.184"/>
  <system-out><![CDATA[]]></system-out>
  <system-err><![CDATA[]]></system-err>
</testsuite>
