<?xml version="1.0" encoding="UTF-8"?>
<testsuite name="griffon.transform.FXObservableSpec" tests="3" skipped="0" failures="0" errors="0" timestamp="2015-07-14T19:44:41" hostname="testing-worker-linux-08b40318-1-25147-linux-1-70962556" time="0.778">
  <properties/>
  <testcase name="Observable primitive properties" classname="griffon.transform.FXObservableSpec" time="0.254"/>
  <testcase name="Observable wrapper properties" classname="griffon.transform.FXObservableSpec" time="0.252"/>
  <testcase name="Observable collection properties" classname="griffon.transform.FXObservableSpec" time="0.271"/>
  <system-out><![CDATA[]]></system-out>
  <system-err><![CDATA[]]></system-err>
</testsuite>
