<?xml version="1.0" encoding="UTF-8"?>
<testsuite name="griffon.transform.FXObservableSpec" tests="3" skipped="0" failures="0" errors="0" timestamp="2015-08-07T18:32:48" hostname="testing-worker-linux-027f0490-1-16455-linux-3-74613050" time="0.678">
  <properties/>
  <testcase name="Observable primitive properties" classname="griffon.transform.FXObservableSpec" time="0.24"/>
  <testcase name="Observable wrapper properties" classname="griffon.transform.FXObservableSpec" time="0.21"/>
  <testcase name="Observable collection properties" classname="griffon.transform.FXObservableSpec" time="0.226"/>
  <system-out><![CDATA[]]></system-out>
  <system-err><![CDATA[]]></system-err>
</testsuite>
