<?xml version="1.0" encoding="UTF-8"?>
<testsuite name="griffon.transform.MessageSourceAwareSpec" tests="1" skipped="0" failures="0" errors="0" timestamp="2015-09-24T16:00:58" hostname="testing-worker-linux-da6418d7-1-5175-linux-11-81992842" time="0.048">
  <properties/>
  <testcase name="MessageSourceASTTransformation is applied to a bean via @MessageSourceAware" classname="griffon.transform.MessageSourceAwareSpec" time="0.048"/>
  <system-out><![CDATA[]]></system-out>
  <system-err><![CDATA[]]></system-err>
</testsuite>
