<?xml version="1.0" encoding="UTF-8"?>
<testsuite name="griffon.transform.ListChangeListenerSpec" tests="6" skipped="0" failures="0" errors="0" timestamp="2016-01-25T20:37:11" hostname="testing-gce-1fbd39a0-b580-4618-997f-6fb81698b6d7.c.eco-emissary-99515.internal" time="1.781">
  <properties/>
  <testcase name="ListChangeListener AST transformation attaches a closure reference as listener (weak=false)" classname="griffon.transform.ListChangeListenerSpec" time="1.339"/>
  <testcase name="ListChangeListener AST transformation attaches a closure reference as listener (weak=true)" classname="griffon.transform.ListChangeListenerSpec" time="0.074"/>
  <testcase name="ListChangeListener AST transformation attaches a closure as listener (weak=false)" classname="griffon.transform.ListChangeListenerSpec" time="0.178"/>
  <testcase name="ListChangeListener AST transformation attaches a closure as listener (weak=true)" classname="griffon.transform.ListChangeListenerSpec" time="0.051"/>
  <testcase name="ListChangeListener AST transformation attaches a closure reference literal as listener (weak=false)" classname="griffon.transform.ListChangeListenerSpec" time="0.062"/>
  <testcase name="ListChangeListener AST transformation attaches a closure reference literal as listener (weak=true)" classname="griffon.transform.ListChangeListenerSpec" time="0.069"/>
  <system-out><![CDATA[]]></system-out>
  <system-err><![CDATA[]]></system-err>
</testsuite>
