<?xml version="1.0" encoding="UTF-8"?>
<testsuite name="griffon.transform.MessageSourceAwareSpec" tests="1" skipped="0" failures="0" errors="0" timestamp="2015-03-01T11:47:37" hostname="testing-worker-linux-85ee80ed-2-28556-linux-17-52616015" time="0.061">
  <properties/>
  <testcase name="MessageSourceASTTransformation is applied to a bean via @MessageSourceAware" classname="griffon.transform.MessageSourceAwareSpec" time="0.061"/>
  <system-out><![CDATA[]]></system-out>
  <system-err><![CDATA[]]></system-err>
</testsuite>
