<?xml version="1.0" encoding="UTF-8"?>
<testsuite name="griffon.transform.FXObservableSpec" tests="3" skipped="0" failures="0" errors="0" timestamp="2015-08-20T13:26:04" hostname="testing-worker-linux-89e97461-1-14451-linux-10-76458187" time="0.59">
  <properties/>
  <testcase name="Observable primitive properties" classname="griffon.transform.FXObservableSpec" time="0.205"/>
  <testcase name="Observable wrapper properties" classname="griffon.transform.FXObservableSpec" time="0.171"/>
  <testcase name="Observable collection properties" classname="griffon.transform.FXObservableSpec" time="0.214"/>
  <system-out><![CDATA[]]></system-out>
  <system-err><![CDATA[]]></system-err>
</testsuite>
