<?xml version="1.0" encoding="UTF-8"?>
<testsuite name="griffon.transform.FXObservableSpec" tests="3" skipped="0" failures="0" errors="0" timestamp="2015-07-10T09:08:34" hostname="testing-worker-linux-f25aadab-2-12270-linux-2-70351444" time="0.62">
  <properties/>
  <testcase name="Observable primitive properties" classname="griffon.transform.FXObservableSpec" time="0.207"/>
  <testcase name="Observable wrapper properties" classname="griffon.transform.FXObservableSpec" time="0.199"/>
  <testcase name="Observable collection properties" classname="griffon.transform.FXObservableSpec" time="0.212"/>
  <system-out><![CDATA[]]></system-out>
  <system-err><![CDATA[]]></system-err>
</testsuite>
