<?xml version="1.0" encoding="UTF-8"?>
<testsuite name="griffon.transform.FXObservableSpec" tests="3" skipped="0" failures="0" errors="0" timestamp="2015-09-14T08:23:53" hostname="testing-worker-linux-a1362517-2-8611-linux-7-80196216" time="0.356">
  <properties/>
  <testcase name="Observable primitive properties" classname="griffon.transform.FXObservableSpec" time="0.2"/>
  <testcase name="Observable wrapper properties" classname="griffon.transform.FXObservableSpec" time="0.072"/>
  <testcase name="Observable collection properties" classname="griffon.transform.FXObservableSpec" time="0.084"/>
  <system-out><![CDATA[]]></system-out>
  <system-err><![CDATA[]]></system-err>
</testsuite>
