<?xml version="1.0" encoding="UTF-8"?>
<testsuite name="griffon.transform.FXObservableSpec" tests="3" skipped="0" failures="0" errors="0" timestamp="2015-08-24T10:31:44" hostname="testing-worker-linux-77796cae-2-11556-linux-9-76957188" time="0.419">
  <properties/>
  <testcase name="Observable primitive properties" classname="griffon.transform.FXObservableSpec" time="0.218"/>
  <testcase name="Observable wrapper properties" classname="griffon.transform.FXObservableSpec" time="0.081"/>
  <testcase name="Observable collection properties" classname="griffon.transform.FXObservableSpec" time="0.12"/>
  <system-out><![CDATA[]]></system-out>
  <system-err><![CDATA[]]></system-err>
</testsuite>
