<?xml version="1.0" encoding="UTF-8"?>
<testsuite name="griffon.transform.FXObservableSpec" tests="3" skipped="0" failures="0" errors="0" timestamp="2015-06-19T18:22:06" hostname="testing-worker-linux-85ee80ed-1-1752-linux-7-67564451" time="0.735">
  <properties/>
  <testcase name="Observable primitive properties" classname="griffon.transform.FXObservableSpec" time="0.349"/>
  <testcase name="Observable wrapper properties" classname="griffon.transform.FXObservableSpec" time="0.119"/>
  <testcase name="Observable collection properties" classname="griffon.transform.FXObservableSpec" time="0.265"/>
  <system-out><![CDATA[]]></system-out>
  <system-err><![CDATA[]]></system-err>
</testsuite>
