<?xml version="1.0" encoding="UTF-8"?>
<testsuite name="griffon.transform.FXObservableSpec" tests="3" skipped="0" failures="0" errors="0" timestamp="2015-07-07T17:46:01" hostname="testing-worker-linux-e7a62211-2-2600-linux-5-69931754" time="1.204">
  <properties/>
  <testcase name="Observable primitive properties" classname="griffon.transform.FXObservableSpec" time="0.626"/>
  <testcase name="Observable wrapper properties" classname="griffon.transform.FXObservableSpec" time="0.193"/>
  <testcase name="Observable collection properties" classname="griffon.transform.FXObservableSpec" time="0.385"/>
  <system-out><![CDATA[]]></system-out>
  <system-err><![CDATA[]]></system-err>
</testsuite>
