<?xml version="1.0" encoding="UTF-8"?>
<testsuite name="griffon.transform.GriffonViewSpec" tests="2" skipped="0" failures="0" errors="0" timestamp="2016-06-11T20:29:47" hostname="testing-gce-261ea5f1-ebcf-4dc0-8bcb-c63aabfabef2.c.travis-ci-prod-4.internal" time="0.255">
  <properties/>
  <testcase name="GriffonViewASTTransformation is applied to a view class" classname="griffon.transform.GriffonViewSpec" time="0.08"/>
  <testcase name="GriffonViewASTTransformation is applied to a view class with a custom superclass" classname="griffon.transform.GriffonViewSpec" time="0.174"/>
  <system-out><![CDATA[]]></system-out>
  <system-err><![CDATA[]]></system-err>
</testsuite>
