<?xml version="1.0" encoding="UTF-8"?>
<testsuite name="griffon.transform.FXObservableSpec" tests="3" skipped="0" failures="0" errors="0" timestamp="2015-09-09T12:37:20" hostname="testing-worker-linux-77796cae-2-516-linux-13-79462312" time="0.567">
  <properties/>
  <testcase name="Observable primitive properties" classname="griffon.transform.FXObservableSpec" time="0.228"/>
  <testcase name="Observable wrapper properties" classname="griffon.transform.FXObservableSpec" time="0.106"/>
  <testcase name="Observable collection properties" classname="griffon.transform.FXObservableSpec" time="0.232"/>
  <system-out><![CDATA[]]></system-out>
  <system-err><![CDATA[]]></system-err>
</testsuite>
