<?xml version="1.0" encoding="UTF-8"?>
<testsuite name="griffon.transform.MapChangeListenerSpec" tests="3" skipped="0" failures="0" errors="0" timestamp="2015-07-14T19:44:43" hostname="testing-worker-linux-08b40318-1-25147-linux-1-70962556" time="0.135">
  <properties/>
  <testcase name="MapChangeListener AST transformation attaches a closure reference as listener" classname="griffon.transform.MapChangeListenerSpec" time="0.062"/>
  <testcase name="MapChangeListener AST transformation attaches a closure as listener" classname="griffon.transform.MapChangeListenerSpec" time="0.036"/>
  <testcase name="MapChangeListener AST transformation attaches a closure reference literal as listener" classname="griffon.transform.MapChangeListenerSpec" time="0.036"/>
  <system-out><![CDATA[]]></system-out>
  <system-err><![CDATA[]]></system-err>
</testsuite>
