<?xml version="1.0" encoding="UTF-8"?>
<testsuite name="griffon.transform.ListChangeListenerSpec" tests="3" skipped="0" failures="0" errors="0" timestamp="2015-08-07T18:32:49" hostname="testing-worker-linux-027f0490-1-16455-linux-3-74613050" time="0.142">
  <properties/>
  <testcase name="ListChangeListener AST transformation attaches a closure reference as listener" classname="griffon.transform.ListChangeListenerSpec" time="0.072"/>
  <testcase name="ListChangeListener AST transformation attaches a closure as listener" classname="griffon.transform.ListChangeListenerSpec" time="0.035"/>
  <testcase name="ListChangeListener AST transformation attaches a closure reference literal as listener" classname="griffon.transform.ListChangeListenerSpec" time="0.034"/>
  <system-out><![CDATA[]]></system-out>
  <system-err><![CDATA[]]></system-err>
</testsuite>
