<?xml version="1.0" encoding="UTF-8"?>
<testsuite name="griffon.transform.FXObservableSpec" tests="3" skipped="0" failures="0" errors="0" timestamp="2015-06-04T11:31:19" hostname="testing-worker-linux-85ee80ed-1-1752-linux-5-65389897" time="0.631">
  <properties/>
  <testcase name="Observable primitive properties" classname="griffon.transform.FXObservableSpec" time="0.241"/>
  <testcase name="Observable wrapper properties" classname="griffon.transform.FXObservableSpec" time="0.11"/>
  <testcase name="Observable collection properties" classname="griffon.transform.FXObservableSpec" time="0.279"/>
  <system-out><![CDATA[]]></system-out>
  <system-err><![CDATA[]]></system-err>
</testsuite>
