<?xml version="1.0" encoding="UTF-8"?>
<testsuite name="griffon.transform.FXObservableSpec" tests="3" skipped="0" failures="0" errors="0" timestamp="2015-08-19T12:53:47" hostname="testing-worker-linux-5590757e-2-7069-linux-7-76276480" time="0.58">
  <properties/>
  <testcase name="Observable primitive properties" classname="griffon.transform.FXObservableSpec" time="0.205"/>
  <testcase name="Observable wrapper properties" classname="griffon.transform.FXObservableSpec" time="0.165"/>
  <testcase name="Observable collection properties" classname="griffon.transform.FXObservableSpec" time="0.209"/>
  <system-out><![CDATA[]]></system-out>
  <system-err><![CDATA[]]></system-err>
</testsuite>
