<?xml version="1.0" encoding="UTF-8"?>
<testsuite name="griffon.transform.FXObservableSpec" tests="3" skipped="0" failures="0" errors="0" timestamp="2015-08-27T14:34:56" hostname="testing-worker-linux-77796cae-1-11501-linux-14-77511369" time="0.835">
  <properties/>
  <testcase name="Observable primitive properties" classname="griffon.transform.FXObservableSpec" time="0.398"/>
  <testcase name="Observable wrapper properties" classname="griffon.transform.FXObservableSpec" time="0.13"/>
  <testcase name="Observable collection properties" classname="griffon.transform.FXObservableSpec" time="0.306"/>
  <system-out><![CDATA[]]></system-out>
  <system-err><![CDATA[]]></system-err>
</testsuite>
