<?xml version="1.0" encoding="UTF-8"?>
<testsuite name="griffon.transform.MapChangeListenerSpec" tests="3" skipped="0" failures="0" errors="0" timestamp="2015-07-31T09:01:48" hostname="testing-worker-linux-a01deac5-1-15681-linux-13-73520200" time="0.11">
  <properties/>
  <testcase name="MapChangeListener AST transformation attaches a closure reference as listener" classname="griffon.transform.MapChangeListenerSpec" time="0.052"/>
  <testcase name="MapChangeListener AST transformation attaches a closure as listener" classname="griffon.transform.MapChangeListenerSpec" time="0.028"/>
  <testcase name="MapChangeListener AST transformation attaches a closure reference literal as listener" classname="griffon.transform.MapChangeListenerSpec" time="0.03"/>
  <system-out><![CDATA[]]></system-out>
  <system-err><![CDATA[]]></system-err>
</testsuite>
