<?xml version="1.0" encoding="UTF-8"?>
<testsuite name="griffon.transform.FXObservableSpec" tests="3" skipped="0" failures="0" errors="0" timestamp="2015-09-23T19:20:16" hostname="testing-worker-linux-027f0490-2-21320-linux-1-81837196" time="0.604">
  <properties/>
  <testcase name="Observable primitive properties" classname="griffon.transform.FXObservableSpec" time="0.251"/>
  <testcase name="Observable wrapper properties" classname="griffon.transform.FXObservableSpec" time="0.11"/>
  <testcase name="Observable collection properties" classname="griffon.transform.FXObservableSpec" time="0.241"/>
  <system-out><![CDATA[]]></system-out>
  <system-err><![CDATA[]]></system-err>
</testsuite>
