<?xml version="1.0" encoding="UTF-8"?>
<testsuite name="griffon.transform.EventPublisherSpec" tests="1" skipped="0" failures="0" errors="0" timestamp="2016-07-18T19:04:27" hostname="testing-gce-55d92ea4-f937-416d-a5a7-5c1e7d15f34d.c.travis-ci-prod-5.internal" time="0.063">
  <properties/>
  <testcase name="EventPublisherASTTransformation is applied to a bean via @EventPublisher" classname="griffon.transform.EventPublisherSpec" time="0.063"/>
  <system-out><![CDATA[]]></system-out>
  <system-err><![CDATA[]]></system-err>
</testsuite>
