<?xml version="1.0" encoding="UTF-8"?>
<testsuite name="griffon.transform.FXObservableSpec" tests="3" skipped="0" failures="0" errors="0" timestamp="2015-08-26T10:25:39" hostname="testing-worker-linux-3da96de7-1-3821-linux-1-77299450" time="0.69">
  <properties/>
  <testcase name="Observable primitive properties" classname="griffon.transform.FXObservableSpec" time="0.337"/>
  <testcase name="Observable wrapper properties" classname="griffon.transform.FXObservableSpec" time="0.107"/>
  <testcase name="Observable collection properties" classname="griffon.transform.FXObservableSpec" time="0.246"/>
  <system-out><![CDATA[]]></system-out>
  <system-err><![CDATA[]]></system-err>
</testsuite>
