<?xml version="1.0" encoding="UTF-8"?>
<testsuite name="griffon.transform.FXObservableSpec" tests="3" skipped="0" failures="0" errors="0" timestamp="2015-06-03T17:35:03" hostname="testing-worker-linux-027f0490-1-17458-linux-7-65277958" time="0.922">
  <properties/>
  <testcase name="Observable primitive properties" classname="griffon.transform.FXObservableSpec" time="0.533"/>
  <testcase name="Observable wrapper properties" classname="griffon.transform.FXObservableSpec" time="0.126"/>
  <testcase name="Observable collection properties" classname="griffon.transform.FXObservableSpec" time="0.263"/>
  <system-out><![CDATA[]]></system-out>
  <system-err><![CDATA[]]></system-err>
</testsuite>
