<?xml version="1.0" encoding="UTF-8"?>
<testsuite name="griffon.transform.FXObservableSpec" tests="3" skipped="0" failures="0" errors="0" timestamp="2015-08-19T16:55:30" hostname="testing-worker-linux-968a87ce-2-2279-linux-12-76305112" time="0.711">
  <properties/>
  <testcase name="Observable primitive properties" classname="griffon.transform.FXObservableSpec" time="0.22"/>
  <testcase name="Observable wrapper properties" classname="griffon.transform.FXObservableSpec" time="0.269"/>
  <testcase name="Observable collection properties" classname="griffon.transform.FXObservableSpec" time="0.222"/>
  <system-out><![CDATA[]]></system-out>
  <system-err><![CDATA[]]></system-err>
</testsuite>
