<?xml version="1.0" encoding="UTF-8"?>
<testsuite name="griffon.transform.FXObservableSpec" tests="3" skipped="0" failures="0" errors="0" timestamp="2015-08-30T14:32:41" hostname="testing-worker-linux-89e97461-1-14451-linux-9-77921114" time="0.684">
  <properties/>
  <testcase name="Observable primitive properties" classname="griffon.transform.FXObservableSpec" time="0.365"/>
  <testcase name="Observable wrapper properties" classname="griffon.transform.FXObservableSpec" time="0.104"/>
  <testcase name="Observable collection properties" classname="griffon.transform.FXObservableSpec" time="0.214"/>
  <system-out><![CDATA[]]></system-out>
  <system-err><![CDATA[]]></system-err>
</testsuite>
