<?xml version="1.0" encoding="UTF-8"?>
<testsuite name="griffon.transform.FXObservableSpec" tests="3" skipped="0" failures="0" errors="0" timestamp="2015-05-16T15:30:23" hostname="testing-worker-linux-bb3654bb-1-13722-linux-14-62827389" time="0.572">
  <properties/>
  <testcase name="Observable primitive properties" classname="griffon.transform.FXObservableSpec" time="0.217"/>
  <testcase name="Observable wrapper properties" classname="griffon.transform.FXObservableSpec" time="0.088"/>
  <testcase name="Observable collection properties" classname="griffon.transform.FXObservableSpec" time="0.266"/>
  <system-out><![CDATA[]]></system-out>
  <system-err><![CDATA[]]></system-err>
</testsuite>
