<?xml version="1.0" encoding="UTF-8"?>
<testsuite name="griffon.transform.FXObservableSpec" tests="3" skipped="0" failures="0" errors="0" timestamp="2015-10-25T18:19:06" hostname="testing-worker-linux-a01deac5-2-20554-linux-13-87338532" time="1.608">
  <properties/>
  <testcase name="Observable primitive properties" classname="griffon.transform.FXObservableSpec" time="1.161"/>
  <testcase name="Observable wrapper properties" classname="griffon.transform.FXObservableSpec" time="0.138"/>
  <testcase name="Observable collection properties" classname="griffon.transform.FXObservableSpec" time="0.308"/>
  <system-out><![CDATA[]]></system-out>
  <system-err><![CDATA[]]></system-err>
</testsuite>
