<?xml version="1.0" encoding="UTF-8"?>
<testsuite name="griffon.transform.FXObservableSpec" tests="3" skipped="0" failures="0" errors="0" timestamp="2015-07-02T19:39:26" hostname="testing-worker-linux-c55820f2-1-27944-linux-1-69341592" time="1.154">
  <properties/>
  <testcase name="Observable primitive properties" classname="griffon.transform.FXObservableSpec" time="0.465"/>
  <testcase name="Observable wrapper properties" classname="griffon.transform.FXObservableSpec" time="0.325"/>
  <testcase name="Observable collection properties" classname="griffon.transform.FXObservableSpec" time="0.363"/>
  <system-out><![CDATA[]]></system-out>
  <system-err><![CDATA[]]></system-err>
</testsuite>
