<?xml version="1.0" encoding="UTF-8"?>
<testsuite name="griffon.transform.FXObservableSpec" tests="3" skipped="0" failures="0" errors="0" timestamp="2015-08-30T19:41:47" hostname="testing-worker-linux-f25aadab-1-2244-linux-4-77948585" time="0.43">
  <properties/>
  <testcase name="Observable primitive properties" classname="griffon.transform.FXObservableSpec" time="0.235"/>
  <testcase name="Observable wrapper properties" classname="griffon.transform.FXObservableSpec" time="0.084"/>
  <testcase name="Observable collection properties" classname="griffon.transform.FXObservableSpec" time="0.111"/>
  <system-out><![CDATA[]]></system-out>
  <system-err><![CDATA[]]></system-err>
</testsuite>
