<?xml version="1.0" encoding="UTF-8"?>
<testsuite name="griffon.transform.FXObservableSpec" tests="3" skipped="0" failures="0" errors="0" timestamp="2015-09-03T12:02:44" hostname="testing-worker-linux-c55820f2-2-8268-linux-1-78561858" time="0.481">
  <properties/>
  <testcase name="Observable primitive properties" classname="griffon.transform.FXObservableSpec" time="0.186"/>
  <testcase name="Observable wrapper properties" classname="griffon.transform.FXObservableSpec" time="0.091"/>
  <testcase name="Observable collection properties" classname="griffon.transform.FXObservableSpec" time="0.203"/>
  <system-out><![CDATA[]]></system-out>
  <system-err><![CDATA[]]></system-err>
</testsuite>
