<?xml version="1.0" encoding="UTF-8"?>
<testsuite name="griffon.transform.FXObservableSpec" tests="3" skipped="0" failures="0" errors="0" timestamp="2015-08-07T18:35:53" hostname="testing-worker-linux-44a99d76-2-8313-linux-14-74613499" time="0.524">
  <properties/>
  <testcase name="Observable primitive properties" classname="griffon.transform.FXObservableSpec" time="0.212"/>
  <testcase name="Observable wrapper properties" classname="griffon.transform.FXObservableSpec" time="0.079"/>
  <testcase name="Observable collection properties" classname="griffon.transform.FXObservableSpec" time="0.231"/>
  <system-out><![CDATA[]]></system-out>
  <system-err><![CDATA[]]></system-err>
</testsuite>
