<?xml version="1.0" encoding="UTF-8"?>
<testsuite name="griffon.transform.FXObservableSpec" tests="3" skipped="0" failures="0" errors="0" timestamp="2015-08-07T19:05:16" hostname="testing-worker-linux-968a87ce-1-2223-linux-7-74617357" time="0.585">
  <properties/>
  <testcase name="Observable primitive properties" classname="griffon.transform.FXObservableSpec" time="0.206"/>
  <testcase name="Observable wrapper properties" classname="griffon.transform.FXObservableSpec" time="0.161"/>
  <testcase name="Observable collection properties" classname="griffon.transform.FXObservableSpec" time="0.218"/>
  <system-out><![CDATA[]]></system-out>
  <system-err><![CDATA[]]></system-err>
</testsuite>
