<?xml version="1.0" encoding="UTF-8"?>
<testsuite name="griffon.transform.PropertyListenerSpec" tests="1" skipped="0" failures="0" errors="0" timestamp="2015-01-07T08:43:11" hostname="testing-worker-linux-7-1-28356-linux-11-46168204" time="0.069">
  <properties/>
  <testcase name="PropertyListener AST transformation attaches a listener" classname="griffon.transform.PropertyListenerSpec" time="0.069"/>
  <system-out><![CDATA[]]></system-out>
  <system-err><![CDATA[]]></system-err>
</testsuite>
