<?xml version="1.0" encoding="UTF-8"?>
<testsuite name="griffon.transform.ResourceResolverAwareSpec" tests="1" skipped="0" failures="0" errors="0" timestamp="2016-02-01T20:36:54" hostname="testing-gce-7049d589-216e-44ee-a5c5-42ec7966b92c.c.eco-emissary-99515.internal" time="0.112">
  <properties/>
  <testcase name="ResourceResolverASTTransformation is applied to a bean via @ResourceResolverAware" classname="griffon.transform.ResourceResolverAwareSpec" time="0.112"/>
  <system-out><![CDATA[]]></system-out>
  <system-err><![CDATA[]]></system-err>
</testsuite>
