<?xml version="1.0" encoding="UTF-8"?>
<testsuite name="griffon.transform.FXObservableSpec" tests="3" skipped="0" failures="0" errors="0" timestamp="2015-12-01T07:54:51" hostname="testing-worker-linux-ac725767-1-27515-linux-12-94110673" time="0.468">
  <properties/>
  <testcase name="Observable primitive properties" classname="griffon.transform.FXObservableSpec" time="0.178"/>
  <testcase name="Observable wrapper properties" classname="griffon.transform.FXObservableSpec" time="0.087"/>
  <testcase name="Observable collection properties" classname="griffon.transform.FXObservableSpec" time="0.203"/>
  <system-out><![CDATA[]]></system-out>
  <system-err><![CDATA[]]></system-err>
</testsuite>
