<?xml version="1.0" encoding="UTF-8"?>
<testsuite name="griffon.transform.FXObservableSpec" tests="3" skipped="0" failures="0" errors="0" timestamp="2015-10-18T15:45:51" hostname="testing-worker-linux-44a99d76-2-535-linux-14-86043416" time="0.29">
  <properties/>
  <testcase name="Observable primitive properties" classname="griffon.transform.FXObservableSpec" time="0.147"/>
  <testcase name="Observable wrapper properties" classname="griffon.transform.FXObservableSpec" time="0.063"/>
  <testcase name="Observable collection properties" classname="griffon.transform.FXObservableSpec" time="0.08"/>
  <system-out><![CDATA[]]></system-out>
  <system-err><![CDATA[]]></system-err>
</testsuite>
