<?xml version="1.0" encoding="UTF-8"?>
<testsuite name="griffon.transform.FXObservableSpec" tests="3" skipped="0" failures="0" errors="0" timestamp="2015-08-21T09:44:32" hostname="testing-worker-linux-77796cae-1-11501-linux-5-76600445" time="1.054">
  <properties/>
  <testcase name="Observable primitive properties" classname="griffon.transform.FXObservableSpec" time="0.588"/>
  <testcase name="Observable wrapper properties" classname="griffon.transform.FXObservableSpec" time="0.156"/>
  <testcase name="Observable collection properties" classname="griffon.transform.FXObservableSpec" time="0.309"/>
  <system-out><![CDATA[]]></system-out>
  <system-err><![CDATA[]]></system-err>
</testsuite>
