<?xml version="1.0" encoding="UTF-8"?>
<testsuite name="griffon.transform.FXObservableSpec" tests="3" skipped="0" failures="0" errors="0" timestamp="2015-12-01T07:56:28" hostname="testing-worker-linux-77796cae-2-18880-linux-8-94110724" time="0.304">
  <properties/>
  <testcase name="Observable primitive properties" classname="griffon.transform.FXObservableSpec" time="0.152"/>
  <testcase name="Observable wrapper properties" classname="griffon.transform.FXObservableSpec" time="0.056"/>
  <testcase name="Observable collection properties" classname="griffon.transform.FXObservableSpec" time="0.095"/>
  <system-out><![CDATA[]]></system-out>
  <system-err><![CDATA[]]></system-err>
</testsuite>
