<?xml version="1.0" encoding="UTF-8"?>
<testsuite name="griffon.transform.MapChangeListenerSpec" tests="3" skipped="0" failures="0" errors="0" timestamp="2015-08-07T18:35:53" hostname="testing-worker-linux-44a99d76-2-8313-linux-14-74613499" time="0.136">
  <properties/>
  <testcase name="MapChangeListener AST transformation attaches a closure reference as listener" classname="griffon.transform.MapChangeListenerSpec" time="0.065"/>
  <testcase name="MapChangeListener AST transformation attaches a closure as listener" classname="griffon.transform.MapChangeListenerSpec" time="0.036"/>
  <testcase name="MapChangeListener AST transformation attaches a closure reference literal as listener" classname="griffon.transform.MapChangeListenerSpec" time="0.033"/>
  <system-out><![CDATA[]]></system-out>
  <system-err><![CDATA[]]></system-err>
</testsuite>
