<?xml version="1.0" encoding="UTF-8"?>
<testsuite name="griffon.transform.FXObservableSpec" tests="3" skipped="0" failures="0" errors="0" timestamp="2015-12-01T07:21:53" hostname="testing-worker-linux-226df11e-2-498-linux-11-94107523" time="0.596">
  <properties/>
  <testcase name="Observable primitive properties" classname="griffon.transform.FXObservableSpec" time="0.236"/>
  <testcase name="Observable wrapper properties" classname="griffon.transform.FXObservableSpec" time="0.107"/>
  <testcase name="Observable collection properties" classname="griffon.transform.FXObservableSpec" time="0.253"/>
  <system-out><![CDATA[]]></system-out>
  <system-err><![CDATA[]]></system-err>
</testsuite>
