<?xml version="1.0" encoding="UTF-8"?>
<testsuite name="griffon.transform.FXObservableSpec" tests="3" skipped="0" failures="0" errors="0" timestamp="2015-08-12T12:16:46" hostname="testing-worker-linux-9eb6c2a4-2-28141-linux-12-75237457" time="0.614">
  <properties/>
  <testcase name="Observable primitive properties" classname="griffon.transform.FXObservableSpec" time="0.219"/>
  <testcase name="Observable wrapper properties" classname="griffon.transform.FXObservableSpec" time="0.167"/>
  <testcase name="Observable collection properties" classname="griffon.transform.FXObservableSpec" time="0.228"/>
  <system-out><![CDATA[]]></system-out>
  <system-err><![CDATA[]]></system-err>
</testsuite>
