<?xml version="1.0" encoding="UTF-8"?>
<testsuite name="griffon.transform.MVCAwareSpec" tests="1" skipped="0" failures="0" errors="0" timestamp="2015-10-25T18:30:53" hostname="testing-worker-linux-968a87ce-2-528-linux-6-87339777" time="0.041">
  <properties/>
  <testcase name="MVCAwareASTTransformation is applied to a bean via @MVCAware" classname="griffon.transform.MVCAwareSpec" time="0.041"/>
  <system-out><![CDATA[]]></system-out>
  <system-err><![CDATA[]]></system-err>
</testsuite>
