<?xml version="1.0" encoding="UTF-8"?>
<testsuite name="griffon.transform.FXObservableSpec" tests="3" skipped="0" failures="0" errors="0" timestamp="2015-08-29T11:11:57" hostname="testing-worker-linux-bb3654bb-2-17586-linux-2-77806272" time="0.571">
  <properties/>
  <testcase name="Observable primitive properties" classname="griffon.transform.FXObservableSpec" time="0.235"/>
  <testcase name="Observable wrapper properties" classname="griffon.transform.FXObservableSpec" time="0.103"/>
  <testcase name="Observable collection properties" classname="griffon.transform.FXObservableSpec" time="0.231"/>
  <system-out><![CDATA[]]></system-out>
  <system-err><![CDATA[]]></system-err>
</testsuite>
