<?xml version="1.0" encoding="UTF-8"?>
<testsuite name="griffon.transform.ChangeListenerSpec" tests="3" skipped="0" failures="0" errors="0" timestamp="2015-05-26T22:55:55" hostname="testing-worker-linux-85ee80ed-1-1752-linux-12-64173398" time="0.112">
  <properties/>
  <testcase name="ChangeListener AST transformation attaches a closure reference as listener" classname="griffon.transform.ChangeListenerSpec" time="0.037"/>
  <testcase name="ChangeListener AST transformation attaches a closure as listener" classname="griffon.transform.ChangeListenerSpec" time="0.036"/>
  <testcase name="ChangeListener AST transformation attaches a closure reference literal as listener" classname="griffon.transform.ChangeListenerSpec" time="0.038"/>
  <system-out><![CDATA[]]></system-out>
  <system-err><![CDATA[]]></system-err>
</testsuite>
