<?xml version="1.0" encoding="UTF-8"?>
<testsuite name="griffon.transform.FXObservableSpec" tests="3" skipped="0" failures="0" errors="0" timestamp="2015-08-28T15:21:15" hostname="testing-worker-linux-380b67c9-1-19948-linux-9-77698816" time="0.576">
  <properties/>
  <testcase name="Observable primitive properties" classname="griffon.transform.FXObservableSpec" time="0.225"/>
  <testcase name="Observable wrapper properties" classname="griffon.transform.FXObservableSpec" time="0.109"/>
  <testcase name="Observable collection properties" classname="griffon.transform.FXObservableSpec" time="0.242"/>
  <system-out><![CDATA[]]></system-out>
  <system-err><![CDATA[]]></system-err>
</testsuite>
