<?xml version="1.0" encoding="UTF-8"?>
<testsuite name="griffon.transform.ObservableSpec" tests="1" skipped="0" failures="0" errors="0" timestamp="2015-08-26T13:46:53" hostname="testing-worker-linux-027f0490-1-16455-linux-12-77326051" time="0.078">
  <properties/>
  <testcase name="ObservableASTTransformation is applied to a bean via @Observable" classname="griffon.transform.ObservableSpec" time="0.078"/>
  <system-out><![CDATA[]]></system-out>
  <system-err><![CDATA[]]></system-err>
</testsuite>
