<?xml version="1.0" encoding="UTF-8"?>
<testsuite name="griffon.transform.MVCAwareSpec" tests="1" skipped="0" failures="0" errors="0" timestamp="2015-04-02T11:30:47" hostname="testing-worker-linux-027f0490-2-22300-linux-8-56867044" time="0.052">
  <properties/>
  <testcase name="MVCAwareASTTransformation is applied to a bean via @MVCAware" classname="griffon.transform.MVCAwareSpec" time="0.052"/>
  <system-out><![CDATA[]]></system-out>
  <system-err><![CDATA[]]></system-err>
</testsuite>
