<?xml version="1.0" encoding="UTF-8"?>
<testsuite name="griffon.transform.PropertyListenerSpec" tests="1" skipped="0" failures="0" errors="0" timestamp="2014-12-08T17:24:09" hostname="testing-worker-linux-5-1-19651-linux-16-43369093" time="2.108">
  <properties/>
  <testcase name="PropertyListener AST transformation attaches a listener" classname="griffon.transform.PropertyListenerSpec" time="2.108"/>
  <system-out><![CDATA[]]></system-out>
  <system-err><![CDATA[]]></system-err>
</testsuite>
