<?xml version="1.0" encoding="UTF-8"?>
<testsuite name="griffon.transform.FXObservableSpec" tests="3" skipped="0" failures="0" errors="0" timestamp="2015-09-14T15:18:52" hostname="testing-worker-linux-3da96de7-1-26610-linux-6-80258772" time="0.552">
  <properties/>
  <testcase name="Observable primitive properties" classname="griffon.transform.FXObservableSpec" time="0.252"/>
  <testcase name="Observable wrapper properties" classname="griffon.transform.FXObservableSpec" time="0.172"/>
  <testcase name="Observable collection properties" classname="griffon.transform.FXObservableSpec" time="0.127"/>
  <system-out><![CDATA[]]></system-out>
  <system-err><![CDATA[]]></system-err>
</testsuite>
