<?xml version="1.0" encoding="UTF-8"?>
<testsuite name="griffon.transform.FXObservableSpec" tests="3" skipped="0" failures="0" errors="0" timestamp="2015-09-01T03:16:16" hostname="testing-worker-linux-a01deac5-1-15681-linux-14-78158336" time="0.614">
  <properties/>
  <testcase name="Observable primitive properties" classname="griffon.transform.FXObservableSpec" time="0.257"/>
  <testcase name="Observable wrapper properties" classname="griffon.transform.FXObservableSpec" time="0.109"/>
  <testcase name="Observable collection properties" classname="griffon.transform.FXObservableSpec" time="0.247"/>
  <system-out><![CDATA[]]></system-out>
  <system-err><![CDATA[]]></system-err>
</testsuite>
