<?xml version="1.0" encoding="UTF-8"?>
<testsuite name="griffon.transform.EventPublisherSpec" tests="1" skipped="0" failures="0" errors="0" timestamp="2016-02-28T19:18:15" hostname="testing-gce-a656eb57-9f6a-4b12-9001-88250ddef53b.c.eco-emissary-99515.internal" time="0.05">
  <properties/>
  <testcase name="EventPublisherASTTransformation is applied to a bean via @EventPublisher" classname="griffon.transform.EventPublisherSpec" time="0.05"/>
  <system-out><![CDATA[]]></system-out>
  <system-err><![CDATA[]]></system-err>
</testsuite>
