<?xml version="1.0" encoding="UTF-8"?>
<testsuite name="griffon.transform.FXObservableSpec" tests="3" skipped="0" failures="0" errors="0" timestamp="2015-06-08T20:30:40" hostname="testing-worker-linux-77796cae-1-8158-linux-12-65949627" time="0.924">
  <properties/>
  <testcase name="Observable primitive properties" classname="griffon.transform.FXObservableSpec" time="0.479"/>
  <testcase name="Observable wrapper properties" classname="griffon.transform.FXObservableSpec" time="0.144"/>
  <testcase name="Observable collection properties" classname="griffon.transform.FXObservableSpec" time="0.299"/>
  <system-out><![CDATA[]]></system-out>
  <system-err><![CDATA[]]></system-err>
</testsuite>
