<?xml version="1.0" encoding="UTF-8"?>
<testsuite name="griffon.transform.GriffonViewSpec" tests="2" skipped="0" failures="0" errors="0" timestamp="2015-08-29T12:21:35" hostname="testing-worker-linux-da6418d7-2-20031-linux-8-77810029" time="0.059">
  <properties/>
  <testcase name="GriffonViewASTTransformation is applied to a view class" classname="griffon.transform.GriffonViewSpec" time="0.012"/>
  <testcase name="GriffonViewASTTransformation is applied to a view class with a custom superclass" classname="griffon.transform.GriffonViewSpec" time="0.046"/>
  <system-out><![CDATA[]]></system-out>
  <system-err><![CDATA[]]></system-err>
</testsuite>
