<?xml version="1.0" encoding="UTF-8"?>
<testsuite name="griffon.transform.FXObservableSpec" tests="3" skipped="0" failures="0" errors="0" timestamp="2015-08-24T10:40:29" hostname="testing-worker-linux-a01deac5-2-15736-linux-2-76958255" time="0.256">
  <properties/>
  <testcase name="Observable primitive properties" classname="griffon.transform.FXObservableSpec" time="0.149"/>
  <testcase name="Observable wrapper properties" classname="griffon.transform.FXObservableSpec" time="0.054"/>
  <testcase name="Observable collection properties" classname="griffon.transform.FXObservableSpec" time="0.052"/>
  <system-out><![CDATA[]]></system-out>
  <system-err><![CDATA[]]></system-err>
</testsuite>
