<?xml version="1.0" encoding="UTF-8"?>
<testsuite name="griffon.transform.FXObservableSpec" tests="3" skipped="0" failures="0" errors="0" timestamp="2015-08-29T12:21:34" hostname="testing-worker-linux-da6418d7-2-20031-linux-8-77810029" time="0.407">
  <properties/>
  <testcase name="Observable primitive properties" classname="griffon.transform.FXObservableSpec" time="0.153"/>
  <testcase name="Observable wrapper properties" classname="griffon.transform.FXObservableSpec" time="0.078"/>
  <testcase name="Observable collection properties" classname="griffon.transform.FXObservableSpec" time="0.176"/>
  <system-out><![CDATA[]]></system-out>
  <system-err><![CDATA[]]></system-err>
</testsuite>
