<?xml version="1.0" encoding="UTF-8"?>
<testsuite name="griffon.transform.FXObservableSpec" tests="3" skipped="0" failures="0" errors="0" timestamp="2015-10-18T16:23:37" hostname="testing-worker-linux-da6418d7-1-5175-linux-11-86047440" time="0.467">
  <properties/>
  <testcase name="Observable primitive properties" classname="griffon.transform.FXObservableSpec" time="0.176"/>
  <testcase name="Observable wrapper properties" classname="griffon.transform.FXObservableSpec" time="0.087"/>
  <testcase name="Observable collection properties" classname="griffon.transform.FXObservableSpec" time="0.202"/>
  <system-out><![CDATA[]]></system-out>
  <system-err><![CDATA[]]></system-err>
</testsuite>
