<?xml version="1.0" encoding="UTF-8"?>
<testsuite name="griffon.transform.FXObservableSpec" tests="3" skipped="0" failures="0" errors="0" timestamp="2015-05-26T22:55:54" hostname="testing-worker-linux-85ee80ed-1-1752-linux-12-64173398" time="0.688">
  <properties/>
  <testcase name="Observable primitive properties" classname="griffon.transform.FXObservableSpec" time="0.271"/>
  <testcase name="Observable wrapper properties" classname="griffon.transform.FXObservableSpec" time="0.136"/>
  <testcase name="Observable collection properties" classname="griffon.transform.FXObservableSpec" time="0.28"/>
  <system-out><![CDATA[]]></system-out>
  <system-err><![CDATA[]]></system-err>
</testsuite>
