<?xml version="1.0" encoding="UTF-8"?>
<testsuite name="griffon.transform.FXObservableSpec" tests="3" skipped="0" failures="0" errors="0" timestamp="2015-08-04T13:34:53" hostname="testing-worker-linux-027f0490-1-16455-linux-15-74062201" time="0.808">
  <properties/>
  <testcase name="Observable primitive properties" classname="griffon.transform.FXObservableSpec" time="0.315"/>
  <testcase name="Observable wrapper properties" classname="griffon.transform.FXObservableSpec" time="0.21"/>
  <testcase name="Observable collection properties" classname="griffon.transform.FXObservableSpec" time="0.283"/>
  <system-out><![CDATA[]]></system-out>
  <system-err><![CDATA[]]></system-err>
</testsuite>
