<?xml version="1.0" encoding="UTF-8"?>
<testsuite name="DummySpec" tests="1" skipped="0" failures="0" errors="0" timestamp="2015-08-24T20:23:06" hostname="testing-worker-linux-968a87ce-2-2279-linux-1-77048280" time="0.147">
  <properties/>
  <testcase name="Dummy spec" classname="DummySpec" time="0.147"/>
  <system-out><![CDATA[]]></system-out>
  <system-err><![CDATA[]]></system-err>
</testsuite>
