<?xml version="1.0" encoding="UTF-8"?>
<testsuite name="DummySpec" tests="1" skipped="0" failures="0" errors="0" timestamp="2015-09-03T14:59:28" hostname="testing-worker-linux-380b67c9-2-20004-linux-1-78590592" time="0.125">
  <properties/>
  <testcase name="Dummy spec" classname="DummySpec" time="0.125"/>
  <system-out><![CDATA[]]></system-out>
  <system-err><![CDATA[]]></system-err>
</testsuite>
