<?xml version="1.0" encoding="UTF-8"?>
<testsuite name="DummySpec" tests="1" skipped="0" failures="0" errors="0" timestamp="2015-11-13T01:36:02" hostname="testing-worker-linux-c55820f2-1-499-linux-13-90862008" time="0.099">
  <properties/>
  <testcase name="Dummy spec" classname="DummySpec" time="0.099"/>
  <system-out><![CDATA[]]></system-out>
  <system-err><![CDATA[]]></system-err>
</testsuite>
