<?xml version="1.0" encoding="UTF-8"?>
<testsuite name="DummySpec" tests="1" skipped="0" failures="0" errors="0" timestamp="2015-06-18T20:41:07" hostname="testing-worker-linux-44a99d76-2-4160-linux-10-67425901" time="0.174">
  <properties/>
  <testcase name="Dummy spec" classname="DummySpec" time="0.174"/>
  <system-out><![CDATA[]]></system-out>
  <system-err><![CDATA[]]></system-err>
</testsuite>
