<?xml version="1.0" encoding="UTF-8"?>
<testsuite name="DummySpec" tests="1" skipped="0" failures="0" errors="0" timestamp="2015-05-16T14:23:45" hostname="testing-worker-linux-968a87ce-2-11731-linux-1-62822886" time="0.15">
  <properties/>
  <testcase name="Dummy spec" classname="DummySpec" time="0.15"/>
  <system-out><![CDATA[]]></system-out>
  <system-err><![CDATA[]]></system-err>
</testsuite>
