<?xml version="1.0" encoding="UTF-8"?>
<testsuite name="DummySpec" tests="1" skipped="0" failures="0" errors="0" timestamp="2015-09-14T08:24:21" hostname="testing-worker-linux-a1362517-2-8611-linux-7-80196216" time="0.145">
  <properties/>
  <testcase name="Dummy spec" classname="DummySpec" time="0.145"/>
  <system-out><![CDATA[]]></system-out>
  <system-err><![CDATA[]]></system-err>
</testsuite>
