<?xml version="1.0" encoding="UTF-8"?>
<testsuite name="DummySpec" tests="1" skipped="0" failures="0" errors="0" timestamp="2015-08-19T15:13:08" hostname="testing-worker-linux-44a99d76-2-8313-linux-6-76298893" time="0.111">
  <properties/>
  <testcase name="Dummy spec" classname="DummySpec" time="0.111"/>
  <system-out><![CDATA[]]></system-out>
  <system-err><![CDATA[]]></system-err>
</testsuite>
