<?xml version="1.0" encoding="UTF-8"?>
<testsuite name="DummySpec" tests="1" skipped="0" failures="0" errors="0" timestamp="2015-06-08T20:31:22" hostname="testing-worker-linux-77796cae-1-8158-linux-12-65949627" time="0.14">
  <properties/>
  <testcase name="Dummy spec" classname="DummySpec" time="0.14"/>
  <system-out><![CDATA[]]></system-out>
  <system-err><![CDATA[]]></system-err>
</testsuite>
