<?xml version="1.0" encoding="UTF-8"?>
<testsuite name="DummySpec" tests="1" skipped="0" failures="0" errors="0" timestamp="2015-09-16T14:50:55" hostname="testing-worker-linux-027f0490-1-17064-linux-7-80650281" time="0.114">
  <properties/>
  <testcase name="Dummy spec" classname="DummySpec" time="0.114"/>
  <system-out><![CDATA[]]></system-out>
  <system-err><![CDATA[]]></system-err>
</testsuite>
