<?xml version="1.0" encoding="UTF-8"?>
<testsuite name="DummySpec" tests="1" skipped="0" failures="0" errors="0" timestamp="2015-08-26T13:47:18" hostname="testing-worker-linux-027f0490-1-16455-linux-12-77326051" time="0.102">
  <properties/>
  <testcase name="Dummy spec" classname="DummySpec" time="0.102"/>
  <system-out><![CDATA[]]></system-out>
  <system-err><![CDATA[]]></system-err>
</testsuite>
