<?xml version="1.0" encoding="UTF-8"?>
<testsuite name="DummySpec" tests="1" skipped="0" failures="0" errors="0" timestamp="2015-06-04T11:31:49" hostname="testing-worker-linux-85ee80ed-1-1752-linux-5-65389897" time="0.149">
  <properties/>
  <testcase name="Dummy spec" classname="DummySpec" time="0.149"/>
  <system-out><![CDATA[]]></system-out>
  <system-err><![CDATA[]]></system-err>
</testsuite>
