<?xml version="1.0" encoding="UTF-8"?>
<testsuite name="DummySpec" tests="1" skipped="0" failures="0" errors="0" timestamp="2015-06-08T20:53:26" hostname="testing-worker-linux-e7a62211-1-24794-linux-4-65953549" time="0.113">
  <properties/>
  <testcase name="Dummy spec" classname="DummySpec" time="0.113"/>
  <system-out><![CDATA[]]></system-out>
  <system-err><![CDATA[]]></system-err>
</testsuite>
