<?xml version="1.0" encoding="UTF-8"?>
<testsuite name="DummySpec" tests="1" skipped="0" failures="0" errors="0" timestamp="2015-08-10T22:39:03" hostname="testing-worker-linux-3da96de7-1-3821-linux-4-75000137" time="0.157">
  <properties/>
  <testcase name="Dummy spec" classname="DummySpec" time="0.157"/>
  <system-out><![CDATA[]]></system-out>
  <system-err><![CDATA[]]></system-err>
</testsuite>
