<?xml version="1.0" encoding="UTF-8"?>
<testsuite name="DummySpec" tests="1" skipped="0" failures="0" errors="0" timestamp="2015-10-11T15:50:55" hostname="testing-worker-linux-a1362517-1-526-linux-13-84774092" time="0.103">
  <properties/>
  <testcase name="Dummy spec" classname="DummySpec" time="0.103"/>
  <system-out><![CDATA[]]></system-out>
  <system-err><![CDATA[]]></system-err>
</testsuite>
