<?xml version="1.0" encoding="UTF-8"?>
<testsuite name="DummySpec" tests="1" skipped="0" failures="0" errors="0" timestamp="2015-09-09T16:27:46" hostname="testing-worker-linux-a1362517-2-8611-linux-1-79504407" time="0.11">
  <properties/>
  <testcase name="Dummy spec" classname="DummySpec" time="0.11"/>
  <system-out><![CDATA[]]></system-out>
  <system-err><![CDATA[]]></system-err>
</testsuite>
