<?xml version="1.0" encoding="UTF-8"?>
<testsuite name="DummySpec" tests="1" skipped="0" failures="0" errors="0" timestamp="2015-09-24T16:01:24" hostname="testing-worker-linux-da6418d7-1-5175-linux-11-81992842" time="0.14">
  <properties/>
  <testcase name="Dummy spec" classname="DummySpec" time="0.14"/>
  <system-out><![CDATA[]]></system-out>
  <system-err><![CDATA[]]></system-err>
</testsuite>
