<?xml version="1.0" encoding="UTF-8"?>
<testsuite name="DummySpec" tests="1" skipped="0" failures="0" errors="0" timestamp="2015-05-16T15:30:57" hostname="testing-worker-linux-bb3654bb-1-13722-linux-14-62827389" time="0.154">
  <properties/>
  <testcase name="Dummy spec" classname="DummySpec" time="0.154"/>
  <system-out><![CDATA[]]></system-out>
  <system-err><![CDATA[]]></system-err>
</testsuite>
