<?xml version="1.0" encoding="UTF-8"?>
<testsuite name="DummySpec" tests="1" skipped="0" failures="0" errors="0" timestamp="2015-08-24T08:16:43" hostname="testing-worker-linux-44a99d76-1-8259-linux-3-76941221" time="0.102">
  <properties/>
  <testcase name="Dummy spec" classname="DummySpec" time="0.102"/>
  <system-out><![CDATA[]]></system-out>
  <system-err><![CDATA[]]></system-err>
</testsuite>
