<?xml version="1.0" encoding="UTF-8"?>
<testsuite name="DummySpec" tests="1" skipped="0" failures="0" errors="0" timestamp="2016-08-18T09:58:59" hostname="testing-gce-ebffe6ab-47c6-4829-a506-dd5f4e144ef6" time="0.229">
  <properties/>
  <testcase name="Dummy spec" classname="DummySpec" time="0.229"/>
  <system-out><![CDATA[]]></system-out>
  <system-err><![CDATA[]]></system-err>
</testsuite>
