<?xml version="1.0" encoding="UTF-8"?>
<testsuite name="DummySpec" tests="1" skipped="0" failures="0" errors="0" timestamp="2016-09-19T16:10:28" hostname="testing-gce-35a66135-6c2a-47ae-8ae7-79d60611b2ca" time="0.131">
  <properties/>
  <testcase name="Dummy spec" classname="DummySpec" time="0.131"/>
  <system-out><![CDATA[]]></system-out>
  <system-err><![CDATA[]]></system-err>
</testsuite>
