<?xml version="1.0" encoding="UTF-8"?>
<testsuite name="DummySpec" tests="1" skipped="0" failures="0" errors="0" timestamp="2016-09-26T20:28:34" hostname="testing-gce-e0d916ad-9926-4311-ac91-422ab9e2ca96" time="0.135">
  <properties/>
  <testcase name="Dummy spec" classname="DummySpec" time="0.135"/>
  <system-out><![CDATA[]]></system-out>
  <system-err><![CDATA[]]></system-err>
</testsuite>
