<?xml version="1.0" encoding="UTF-8"?>
<testsuite name="DummySpec" tests="1" skipped="0" failures="0" errors="0" timestamp="2016-08-30T16:10:44" hostname="testing-gce-62a17e65-7581-40e5-afe6-413ca14aa51c" time="0.147">
  <properties/>
  <testcase name="Dummy spec" classname="DummySpec" time="0.147"/>
  <system-out><![CDATA[]]></system-out>
  <system-err><![CDATA[]]></system-err>
</testsuite>
