<?xml version="1.0" encoding="UTF-8"?>
<testsuite name="DummySpec" tests="1" skipped="0" failures="0" errors="0" timestamp="2016-10-14T12:22:55" hostname="testing-gce-9e2f48a6-40b1-46ad-83d7-b62c9819dd28" time="0.122">
  <properties/>
  <testcase name="Dummy spec" classname="DummySpec" time="0.122"/>
  <system-out><![CDATA[]]></system-out>
  <system-err><![CDATA[]]></system-err>
</testsuite>
