<?xml version="1.0" encoding="UTF-8"?>
<testsuite name="griffon.core.formatters.LocalTimeFormatterSpec" tests="5" skipped="0" failures="0" errors="0" timestamp="2016-10-06T17:40:57" hostname="testing-gce-81ce1eba-0923-4d63-a3c5-2ab3ce7e6c4c" time="0.028">
  <properties/>
  <testcase name="LocalTime '01:02:03.101' produces literal '01:02:03.101'" classname="griffon.core.formatters.LocalTimeFormatterSpec" time="0.007"/>
  <testcase name="LocalTime 'null' with pattern 'HH mm ss.SSS' produces literal 'null'" classname="griffon.core.formatters.LocalTimeFormatterSpec" time="0.0"/>
  <testcase name="LocalTime '01:02:03.400' with pattern 'HH mm ss.SSS' produces literal '01 02 03.400'" classname="griffon.core.formatters.LocalTimeFormatterSpec" time="0.001"/>
  <testcase name="Parse error for pattern 'HH::mm:SS' with literal 'abc'" classname="griffon.core.formatters.LocalTimeFormatterSpec" time="0.002"/>
  <testcase name="Illegal pattern ';garbage*@%&amp;'" classname="griffon.core.formatters.LocalTimeFormatterSpec" time="0.002"/>
  <system-out><![CDATA[]]></system-out>
  <system-err><![CDATA[]]></system-err>
</testsuite>
