<?xml version="1.0" encoding="UTF-8"?>
<testsuite name="griffon.core.editors.LongPropertyEditorSpec" tests="13" skipped="0" failures="0" errors="0" timestamp="2016-09-26T20:27:26" hostname="testing-gce-e0d916ad-9926-4311-ac91-422ab9e2ca96" time="0.015">
  <properties/>
  <testcase name="Long literal 'null' with format 'null' should be equal to null" classname="griffon.core.editors.LongPropertyEditorSpec" time="0.009"/>
  <testcase name="Long literal '' with format 'null' should be equal to null" classname="griffon.core.editors.LongPropertyEditorSpec" time="0.0"/>
  <testcase name="Long literal '1' with format 'null' should be equal to 1" classname="griffon.core.editors.LongPropertyEditorSpec" time="0.0"/>
  <testcase name="Long literal '100%' with format 'percent' should be equal to 1" classname="griffon.core.editors.LongPropertyEditorSpec" time="0.002"/>
  <testcase name="Long literal '$1.00' with format 'currency' should be equal to 1" classname="griffon.core.editors.LongPropertyEditorSpec" time="0.0"/>
  <testcase name="Long literal '1' with format 'null' should be equal to 1" classname="griffon.core.editors.LongPropertyEditorSpec" time="0.0"/>
  <testcase name="Invalid long literal 'garbage'" classname="griffon.core.editors.LongPropertyEditorSpec" time="0.0"/>
  <testcase name="Invalid long literal '1, 2, 3'" classname="griffon.core.editors.LongPropertyEditorSpec" time="0.001"/>
  <testcase name="Invalid long literal '[]'" classname="griffon.core.editors.LongPropertyEditorSpec" time="0.0"/>
  <testcase name="Invalid long literal '[1, 2, 3]'" classname="griffon.core.editors.LongPropertyEditorSpec" time="0.001"/>
  <testcase name="Invalid long literal '[:]'" classname="griffon.core.editors.LongPropertyEditorSpec" time="0.0"/>
  <testcase name="Invalid long literal '[key:value]'" classname="griffon.core.editors.LongPropertyEditorSpec" time="0.0"/>
  <testcase name="Invalid long literal 'java.lang.Object@185edaa5'" classname="griffon.core.editors.LongPropertyEditorSpec" time="0.001"/>
  <system-out><![CDATA[]]></system-out>
  <system-err><![CDATA[]]></system-err>
</testsuite>
