<?xml version="1.0" encoding="UTF-8"?>
<testsuite name="griffon.core.formatters.LocaleFormatterSpec" tests="3" skipped="0" failures="0" errors="0" timestamp="2016-10-14T12:22:37" hostname="testing-gce-9e2f48a6-40b1-46ad-83d7-b62c9819dd28" time="0.005">
  <properties/>
  <testcase name="Locale 'en_US' produces literal 'en_US'" classname="griffon.core.formatters.LocaleFormatterSpec" time="0.004"/>
  <testcase name="Locale 'en_GB' produces literal 'en_GB'" classname="griffon.core.formatters.LocaleFormatterSpec" time="0.0"/>
  <testcase name="Locale 'de_CH_Basel' produces literal 'de_CH_Basel'" classname="griffon.core.formatters.LocaleFormatterSpec" time="0.001"/>
  <system-out><![CDATA[]]></system-out>
  <system-err><![CDATA[]]></system-err>
</testsuite>
