<?xml version="1.0" encoding="UTF-8"?>
<testsuite name="org.codehaus.griffon.runtime.core.AbstractLifecycleHandlerSpec" tests="7" skipped="0" failures="0" errors="0" timestamp="2016-10-14T12:22:27" hostname="testing-gce-9e2f48a6-40b1-46ad-83d7-b62c9819dd28" time="0.295">
  <properties/>
  <testcase name="Query if UI thread" classname="org.codehaus.griffon.runtime.core.AbstractLifecycleHandlerSpec" time="0.239"/>
  <testcase name="Execute callable inside UI sync" classname="org.codehaus.griffon.runtime.core.AbstractLifecycleHandlerSpec" time="0.022"/>
  <testcase name="Execute runnable inside UI sync" classname="org.codehaus.griffon.runtime.core.AbstractLifecycleHandlerSpec" time="0.009"/>
  <testcase name="Execute runnable inside UI async" classname="org.codehaus.griffon.runtime.core.AbstractLifecycleHandlerSpec" time="0.006"/>
  <testcase name="Execute runnable outside UI" classname="org.codehaus.griffon.runtime.core.AbstractLifecycleHandlerSpec" time="0.004"/>
  <testcase name="Execute future" classname="org.codehaus.griffon.runtime.core.AbstractLifecycleHandlerSpec" time="0.009"/>
  <testcase name="Execute future with ExecutorService" classname="org.codehaus.griffon.runtime.core.AbstractLifecycleHandlerSpec" time="0.004"/>
  <system-out><![CDATA[]]></system-out>
  <system-err><![CDATA[]]></system-err>
</testsuite>
