<?xml version="1.0" encoding="UTF-8"?>
<testsuite name="griffon.core.i18n.NoSuchMessageExceptionSpec" tests="2" skipped="0" failures="0" errors="0" timestamp="2016-09-26T20:27:26" hostname="testing-gce-e0d916ad-9926-4311-ac91-422ab9e2ca96" time="0.003">
  <properties/>
  <testcase name="Exercise constructor with errors" classname="griffon.core.i18n.NoSuchMessageExceptionSpec" time="0.003"/>
  <testcase name="Successfully create exception" classname="griffon.core.i18n.NoSuchMessageExceptionSpec" time="0.0"/>
  <system-out><![CDATA[]]></system-out>
  <system-err><![CDATA[]]></system-err>
</testsuite>
