<?xml version="1.0" encoding="UTF-8"?>
<testsuite name="org.codehaus.griffon.runtime.core.AbstractLifecycleHandlerSpec" tests="7" skipped="0" failures="0" errors="0" timestamp="2016-10-30T17:42:20" hostname="testing-gce-1932865a-09b2-44a6-b949-d5585b0b0bad" time="0.311">
  <properties/>
  <testcase name="Query if UI thread" classname="org.codehaus.griffon.runtime.core.AbstractLifecycleHandlerSpec" time="0.248"/>
  <testcase name="Execute callable inside UI sync" classname="org.codehaus.griffon.runtime.core.AbstractLifecycleHandlerSpec" time="0.024"/>
  <testcase name="Execute runnable inside UI sync" classname="org.codehaus.griffon.runtime.core.AbstractLifecycleHandlerSpec" time="0.01"/>
  <testcase name="Execute runnable inside UI async" classname="org.codehaus.griffon.runtime.core.AbstractLifecycleHandlerSpec" time="0.004"/>
  <testcase name="Execute runnable outside UI" classname="org.codehaus.griffon.runtime.core.AbstractLifecycleHandlerSpec" time="0.005"/>
  <testcase name="Execute future" classname="org.codehaus.griffon.runtime.core.AbstractLifecycleHandlerSpec" time="0.012"/>
  <testcase name="Execute future with ExecutorService" classname="org.codehaus.griffon.runtime.core.AbstractLifecycleHandlerSpec" time="0.006"/>
  <system-out><![CDATA[]]></system-out>
  <system-err><![CDATA[]]></system-err>
</testsuite>
