<?xml version="1.0" encoding="UTF-8"?>
<testsuite name="integration.MVCGroupSpec" tests="12" skipped="0" failures="0" errors="0" timestamp="2016-09-29T21:51:53" hostname="testing-gce-cf203e64-cd6f-4108-8a0d-d9cf63c5c1c7" time="0.28">
  <properties/>
  <testcase name="Bootstrap application" classname="integration.MVCGroupSpec" time="0.063"/>
  <testcase name="Creating an MVCGroup through the MVCGroupManager does not set implicit parent group" classname="integration.MVCGroupSpec" time="0.016"/>
  <testcase name="Creating an MVCGroup through a group does set implicit parent group" classname="integration.MVCGroupSpec" time="0.015"/>
  <testcase name="Creating an MVCGroup through an artifact does set implicit parent group" classname="integration.MVCGroupSpec" time="0.015"/>
  <testcase name="Validate MVCGroup relationships after creation and destruction (createMVCGroup)" classname="integration.MVCGroupSpec" time="0.03"/>
  <testcase name="Validate MVCGroup relationships after creation and destruction (createMVC)" classname="integration.MVCGroupSpec" time="0.024"/>
  <testcase name="Validate MVCGroup relationships after creation and destruction (withMVCGroup)" classname="integration.MVCGroupSpec" time="0.039"/>
  <testcase name="Validate MVCGroup relationships after creation and destruction (withMVC)" classname="integration.MVCGroupSpec" time="0.037"/>
  <testcase name="Validate contextual injections" classname="integration.MVCGroupSpec" time="0.013"/>
  <testcase name="Validate argument injection (all args are available)" classname="integration.MVCGroupSpec" time="0.011"/>
  <testcase name="Validate argument injection (missing field argument)" classname="integration.MVCGroupSpec" time="0.005"/>
  <testcase name="Validate argument injection (missing method argument)" classname="integration.MVCGroupSpec" time="0.004"/>
  <system-out><![CDATA[]]></system-out>
  <system-err><![CDATA[[Test worker] INFO org.codehaus.griffon.runtime.core.DefaultApplicationBootstrapper - Griffon 2.9.0-SNAPSHOT
[Test worker] INFO org.codehaus.griffon.runtime.core.DefaultApplicationBootstrapper - Build: 2016-09-29T21:49:42.297+0000
[Test worker] INFO org.codehaus.griffon.runtime.core.DefaultApplicationBootstrapper - Revision: 6ef17e3ff8fec1bc8656a8dd54e8e1d2ce653c35
[Test worker] INFO org.codehaus.griffon.runtime.core.DefaultApplicationBootstrapper - JVM: 1.8.0_101 (Oracle Corporation 25.101-b13)
[Test worker] INFO org.codehaus.griffon.runtime.core.DefaultApplicationBootstrapper - OS: Linux 3.13.0-92-generic amd64
[Test worker] INFO integration.TestGriffonApplication - Initializing all startup groups: [integration]
[Test worker] INFO integration.TestGriffonApplication - Initializing all integration startup groups: [sample]
[Test worker] INFO integration.TestGriffonApplication - Shutdown is in process
]]></system-err>
</testsuite>
