<?xml version="1.0" encoding="UTF-8"?>
<testsuite name="griffon.exceptions.TypeConversionExceptionSpec" tests="2" skipped="0" failures="0" errors="0" timestamp="2016-09-19T16:09:20" hostname="testing-gce-35a66135-6c2a-47ae-8ae7-79d60611b2ca" time="0.002">
  <properties/>
  <testcase name="Exception should have proper formatted message[0]" classname="griffon.exceptions.TypeConversionExceptionSpec" time="0.002"/>
  <testcase name="Exception should have proper formatted message[1]" classname="griffon.exceptions.TypeConversionExceptionSpec" time="0.0"/>
  <system-out><![CDATA[]]></system-out>
  <system-err><![CDATA[]]></system-err>
</testsuite>
