<?xml version="1.0" encoding="UTF-8"?>
<testsuite name="org.codehaus.griffon.runtime.core.AbstractVetoableTest" tests="1" skipped="0" failures="0" errors="0" timestamp="2016-10-14T12:22:30" hostname="testing-gce-9e2f48a6-40b1-46ad-83d7-b62c9819dd28" time="0.01">
  <properties/>
  <testcase name="vetoableSetup" classname="org.codehaus.griffon.runtime.core.AbstractVetoableTest" time="0.01"/>
  <system-out><![CDATA[]]></system-out>
  <system-err><![CDATA[]]></system-err>
</testsuite>
