<?xml version="1.0" encoding="UTF-8"?>
<testsuite name="integration.MVCGroupSpec" tests="12" skipped="0" failures="0" errors="0" timestamp="2016-10-14T12:22:35" hostname="testing-gce-9e2f48a6-40b1-46ad-83d7-b62c9819dd28" time="0.323">
  <properties/>
  <testcase name="Bootstrap application" classname="integration.MVCGroupSpec" time="0.078"/>
  <testcase name="Creating an MVCGroup through the MVCGroupManager does not set implicit parent group" classname="integration.MVCGroupSpec" time="0.019"/>
  <testcase name="Creating an MVCGroup through a group does set implicit parent group" classname="integration.MVCGroupSpec" time="0.017"/>
  <testcase name="Creating an MVCGroup through an artifact does set implicit parent group" classname="integration.MVCGroupSpec" time="0.018"/>
  <testcase name="Validate MVCGroup relationships after creation and destruction (createMVCGroup)" classname="integration.MVCGroupSpec" time="0.033"/>
  <testcase name="Validate MVCGroup relationships after creation and destruction (createMVC)" classname="integration.MVCGroupSpec" time="0.025"/>
  <testcase name="Validate MVCGroup relationships after creation and destruction (withMVCGroup)" classname="integration.MVCGroupSpec" time="0.053"/>
  <testcase name="Validate MVCGroup relationships after creation and destruction (withMVC)" classname="integration.MVCGroupSpec" time="0.036"/>
  <testcase name="Validate contextual injections" classname="integration.MVCGroupSpec" time="0.014"/>
  <testcase name="Validate argument injection (all args are available)" classname="integration.MVCGroupSpec" time="0.01"/>
  <testcase name="Validate argument injection (missing field argument)" classname="integration.MVCGroupSpec" time="0.004"/>
  <testcase name="Validate argument injection (missing method argument)" classname="integration.MVCGroupSpec" time="0.004"/>
  <system-out><![CDATA[]]></system-out>
  <system-err><![CDATA[[Test worker] INFO org.codehaus.griffon.runtime.core.DefaultApplicationBootstrapper - Griffon 2.9.0-SNAPSHOT
[Test worker] INFO org.codehaus.griffon.runtime.core.DefaultApplicationBootstrapper - Build: 2016-10-14T12:20:34.224+0000
[Test worker] INFO org.codehaus.griffon.runtime.core.DefaultApplicationBootstrapper - Revision: d56a7d0d98c5a435e6a4d86ca726e276f49e913b
[Test worker] INFO org.codehaus.griffon.runtime.core.DefaultApplicationBootstrapper - JVM: 1.8.0_101 (Oracle Corporation 25.101-b13)
[Test worker] INFO org.codehaus.griffon.runtime.core.DefaultApplicationBootstrapper - OS: Linux 3.13.0-92-generic amd64
[Test worker] INFO integration.TestGriffonApplication - Initializing all startup groups: [integration]
[Test worker] INFO integration.TestGriffonApplication - Initializing all integration startup groups: [sample]
[Test worker] INFO integration.TestGriffonApplication - Shutdown is in process
]]></system-err>
</testsuite>
