<?xml version="1.0" encoding="UTF-8"?>
<testsuite name="griffon.util.ServiceLoaderUtilsSpec" tests="3" skipped="0" failures="0" errors="0" timestamp="2016-09-29T21:51:55" hostname="testing-gce-cf203e64-cd6f-4108-8a0d-d9cf63c5c1c7" time="0.01">
  <properties/>
  <testcase name="Read service entries from META-INF/entry/" classname="griffon.util.ServiceLoaderUtilsSpec" time="0.007"/>
  <testcase name="Read service entries from META-INF/entry" classname="griffon.util.ServiceLoaderUtilsSpec" time="0.001"/>
  <testcase name="Read service entries from META-INF/bogus" classname="griffon.util.ServiceLoaderUtilsSpec" time="0.001"/>
  <system-out><![CDATA[]]></system-out>
  <system-err><![CDATA[]]></system-err>
</testsuite>
