<?xml version="1.0" encoding="UTF-8"?>
<testsuite name="org.codehaus.griffon.runtime.core.i18n.DefaultMessageSourceTests" tests="8" skipped="0" failures="0" errors="0" timestamp="2016-10-14T12:22:28" hostname="testing-gce-9e2f48a6-40b1-46ad-83d7-b62c9819dd28" time="0.15">
  <properties/>
  <testcase name="exerciseAllExceptionThrowingMethods" classname="org.codehaus.griffon.runtime.core.i18n.DefaultMessageSourceTests" time="0.068"/>
  <testcase name="resolveMessageValueWithReferencedKey" classname="org.codehaus.griffon.runtime.core.i18n.DefaultMessageSourceTests" time="0.003"/>
  <testcase name="invalidKeysInResourceBundle" classname="org.codehaus.griffon.runtime.core.i18n.DefaultMessageSourceTests" time="0.001"/>
  <testcase name="getMessageFromCustomMessageSource" classname="org.codehaus.griffon.runtime.core.i18n.DefaultMessageSourceTests" time="0.017"/>
  <testcase name="exerciseAllMethodsWithDefaultMessage" classname="org.codehaus.griffon.runtime.core.i18n.DefaultMessageSourceTests" time="0.027"/>
  <testcase name="getAllMessagesFromResourceBundle" classname="org.codehaus.griffon.runtime.core.i18n.DefaultMessageSourceTests" time="0.006"/>
  <testcase name="exerciseFormatMessage" classname="org.codehaus.griffon.runtime.core.i18n.DefaultMessageSourceTests" time="0.009"/>
  <testcase name="testGetAllMessagesByProperties" classname="org.codehaus.griffon.runtime.core.i18n.DefaultMessageSourceTests" time="0.003"/>
  <system-out><![CDATA[]]></system-out>
  <system-err><![CDATA[]]></system-err>
</testsuite>
