<?xml version="1.0" encoding="UTF-8"?>
<testsuite name="griffon.core.formatters.LocaleFormatterSpec" tests="3" skipped="0" failures="0" errors="0" timestamp="2016-09-26T20:13:12" hostname="testing-gce-303f44f5-ed88-4ffd-abbc-8239ce873565" time="0.004">
  <properties/>
  <testcase name="Locale 'en_US' produces literal 'en_US'" classname="griffon.core.formatters.LocaleFormatterSpec" time="0.003"/>
  <testcase name="Locale 'en_GB' produces literal 'en_GB'" classname="griffon.core.formatters.LocaleFormatterSpec" time="0.0"/>
  <testcase name="Locale 'de_CH_Basel' produces literal 'de_CH_Basel'" classname="griffon.core.formatters.LocaleFormatterSpec" time="0.0"/>
  <system-out><![CDATA[]]></system-out>
  <system-err><![CDATA[]]></system-err>
</testsuite>
