<?xml version="1.0" encoding="UTF-8"?>
<testsuite name="griffon.core.ObservableContextSpec" tests="3" skipped="0" failures="0" errors="0" timestamp="2016-09-26T20:27:27" hostname="testing-gce-e0d916ad-9926-4311-ac91-422ab9e2ca96" time="0.014">
  <properties/>
  <testcase name="Exercise listener methods" classname="griffon.core.ObservableContextSpec" time="0.006"/>
  <testcase name="Listen to context events" classname="griffon.core.ObservableContextSpec" time="0.008"/>
  <testcase name="listen to lateral context events" classname="griffon.core.ObservableContextSpec" time="0.0"/>
  <system-out><![CDATA[]]></system-out>
  <system-err><![CDATA[]]></system-err>
</testsuite>
