<?xml version="1.0" encoding="UTF-8"?>
<testsuite name="griffon.core.ObservableContextSpec" tests="3" skipped="0" failures="0" errors="0" timestamp="2016-10-14T12:22:37" hostname="testing-gce-9e2f48a6-40b1-46ad-83d7-b62c9819dd28" time="0.014">
  <properties/>
  <testcase name="Exercise listener methods" classname="griffon.core.ObservableContextSpec" time="0.006"/>
  <testcase name="Listen to context events" classname="griffon.core.ObservableContextSpec" time="0.007"/>
  <testcase name="listen to lateral context events" classname="griffon.core.ObservableContextSpec" time="0.001"/>
  <system-out><![CDATA[]]></system-out>
  <system-err><![CDATA[]]></system-err>
</testsuite>
