<?xml version="1.0" encoding="UTF-8"?>
<testsuite name="org.codehaus.griffon.runtime.core.AbstractLifecycleHandlerSpec" tests="7" skipped="0" failures="0" errors="0" timestamp="2016-09-29T21:33:37" hostname="testing-gce-37e58376-e068-4a33-9b50-d5b7108a1844" time="0.258">
  <properties/>
  <testcase name="Query if UI thread" classname="org.codehaus.griffon.runtime.core.AbstractLifecycleHandlerSpec" time="0.193"/>
  <testcase name="Execute callable inside UI sync" classname="org.codehaus.griffon.runtime.core.AbstractLifecycleHandlerSpec" time="0.025"/>
  <testcase name="Execute runnable inside UI sync" classname="org.codehaus.griffon.runtime.core.AbstractLifecycleHandlerSpec" time="0.01"/>
  <testcase name="Execute runnable inside UI async" classname="org.codehaus.griffon.runtime.core.AbstractLifecycleHandlerSpec" time="0.007"/>
  <testcase name="Execute runnable outside UI" classname="org.codehaus.griffon.runtime.core.AbstractLifecycleHandlerSpec" time="0.005"/>
  <testcase name="Execute future" classname="org.codehaus.griffon.runtime.core.AbstractLifecycleHandlerSpec" time="0.009"/>
  <testcase name="Execute future with ExecutorService" classname="org.codehaus.griffon.runtime.core.AbstractLifecycleHandlerSpec" time="0.009"/>
  <system-out><![CDATA[]]></system-out>
  <system-err><![CDATA[]]></system-err>
</testsuite>
