<?xml version="1.0" encoding="UTF-8"?>
<testsuite name="org.codehaus.griffon.runtime.core.AbstractVetoableTest" tests="1" skipped="0" failures="0" errors="0" timestamp="2016-10-30T17:42:22" hostname="testing-gce-1932865a-09b2-44a6-b949-d5585b0b0bad" time="0.011">
  <properties/>
  <testcase name="vetoableSetup" classname="org.codehaus.griffon.runtime.core.AbstractVetoableTest" time="0.011"/>
  <system-out><![CDATA[]]></system-out>
  <system-err><![CDATA[]]></system-err>
</testsuite>
