<?xml version="1.0" encoding="UTF-8"?>
<testsuite name="griffon.core.i18n.NoSuchMessageExceptionSpec" tests="2" skipped="0" failures="0" errors="0" timestamp="2016-09-29T21:51:55" hostname="testing-gce-cf203e64-cd6f-4108-8a0d-d9cf63c5c1c7" time="0.004">
  <properties/>
  <testcase name="Exercise constructor with errors" classname="griffon.core.i18n.NoSuchMessageExceptionSpec" time="0.003"/>
  <testcase name="Successfully create exception" classname="griffon.core.i18n.NoSuchMessageExceptionSpec" time="0.001"/>
  <system-out><![CDATA[]]></system-out>
  <system-err><![CDATA[]]></system-err>
</testsuite>
