<?xml version="1.0" encoding="UTF-8"?>
<testsuite name="griffon.core.i18n.NoSuchMessageExceptionSpec" tests="2" skipped="0" failures="0" errors="0" timestamp="2016-10-06T17:40:45" hostname="testing-gce-81ce1eba-0923-4d63-a3c5-2ab3ce7e6c4c" time="0.003">
  <properties/>
  <testcase name="Exercise constructor with errors" classname="griffon.core.i18n.NoSuchMessageExceptionSpec" time="0.002"/>
  <testcase name="Successfully create exception" classname="griffon.core.i18n.NoSuchMessageExceptionSpec" time="0.0"/>
  <system-out><![CDATA[]]></system-out>
  <system-err><![CDATA[]]></system-err>
</testsuite>
