<?xml version="1.0" encoding="UTF-8"?>
<testsuite name="griffon.exceptions.TypeConversionExceptionSpec" tests="2" skipped="0" failures="0" errors="0" timestamp="2016-09-26T20:27:27" hostname="testing-gce-e0d916ad-9926-4311-ac91-422ab9e2ca96" time="0.002">
  <properties/>
  <testcase name="Exception should have proper formatted message[0]" classname="griffon.exceptions.TypeConversionExceptionSpec" time="0.001"/>
  <testcase name="Exception should have proper formatted message[1]" classname="griffon.exceptions.TypeConversionExceptionSpec" time="0.001"/>
  <system-out><![CDATA[]]></system-out>
  <system-err><![CDATA[]]></system-err>
</testsuite>
