<?xml version="1.0" encoding="UTF-8"?>
<testsuite name="griffon.core.i18n.NoSuchMessageExceptionSpec" tests="2" skipped="0" failures="0" errors="0" timestamp="2016-10-30T17:42:28" hostname="testing-gce-1932865a-09b2-44a6-b949-d5585b0b0bad" time="0.005">
  <properties/>
  <testcase name="Exercise constructor with errors" classname="griffon.core.i18n.NoSuchMessageExceptionSpec" time="0.004"/>
  <testcase name="Successfully create exception" classname="griffon.core.i18n.NoSuchMessageExceptionSpec" time="0.001"/>
  <system-out><![CDATA[]]></system-out>
  <system-err><![CDATA[]]></system-err>
</testsuite>
