<?xml version="1.0" encoding="UTF-8"?>
<testsuite name="griffon.exceptions.TypeConversionExceptionSpec" tests="2" skipped="0" failures="0" errors="0" timestamp="2016-10-30T17:42:29" hostname="testing-gce-1932865a-09b2-44a6-b949-d5585b0b0bad" time="0.004">
  <properties/>
  <testcase name="Exception should have proper formatted message[0]" classname="griffon.exceptions.TypeConversionExceptionSpec" time="0.003"/>
  <testcase name="Exception should have proper formatted message[1]" classname="griffon.exceptions.TypeConversionExceptionSpec" time="0.001"/>
  <system-out><![CDATA[]]></system-out>
  <system-err><![CDATA[]]></system-err>
</testsuite>
