<?xml version="1.0" encoding="UTF-8"?>
<testsuite name="griffon.util.MapResourceBundleSpec" tests="1" skipped="0" failures="0" errors="0" timestamp="2016-09-19T16:09:19" hostname="testing-gce-35a66135-6c2a-47ae-8ae7-79d60611b2ca" time="0.0">
  <properties/>
  <testcase name="Calling bundle.getObject(key.string, #Error:defaultValue) gives string as result" classname="griffon.util.MapResourceBundleSpec" time="0.0"/>
  <system-out><![CDATA[]]></system-out>
  <system-err><![CDATA[]]></system-err>
</testsuite>
