<?xml version="1.0" encoding="UTF-8"?>
<testsuite name="griffon.util.ServiceLoaderUtilsSpec" tests="3" skipped="0" failures="0" errors="0" timestamp="2016-10-09T11:55:56" hostname="testing-gce-50bd9316-102c-4ee8-992b-2b2af257f0cc" time="0.011">
  <properties/>
  <testcase name="Read service entries from META-INF/entry/" classname="griffon.util.ServiceLoaderUtilsSpec" time="0.008"/>
  <testcase name="Read service entries from META-INF/entry" classname="griffon.util.ServiceLoaderUtilsSpec" time="0.001"/>
  <testcase name="Read service entries from META-INF/bogus" classname="griffon.util.ServiceLoaderUtilsSpec" time="0.001"/>
  <system-out><![CDATA[]]></system-out>
  <system-err><![CDATA[]]></system-err>
</testsuite>
