<?xml version="1.0" encoding="UTF-8"?>
<testsuite name="griffon.core.ObservableContextSpec" tests="3" skipped="0" failures="0" errors="0" timestamp="2016-09-26T20:13:12" hostname="testing-gce-303f44f5-ed88-4ffd-abbc-8239ce873565" time="0.016">
  <properties/>
  <testcase name="Exercise listener methods" classname="griffon.core.ObservableContextSpec" time="0.008"/>
  <testcase name="Listen to context events" classname="griffon.core.ObservableContextSpec" time="0.007"/>
  <testcase name="listen to lateral context events" classname="griffon.core.ObservableContextSpec" time="0.001"/>
  <system-out><![CDATA[]]></system-out>
  <system-err><![CDATA[]]></system-err>
</testsuite>
