<?xml version="1.0" encoding="UTF-8"?>
<testsuite name="org.codehaus.griffon.runtime.core.controller.NoopActionManagerSpec" tests="1" skipped="0" failures="0" errors="0" timestamp="2016-09-26T20:13:09" hostname="testing-gce-303f44f5-ed88-4ffd-abbc-8239ce873565" time="0.025">
  <properties/>
  <testcase name="Verify NoopActionManager" classname="org.codehaus.griffon.runtime.core.controller.NoopActionManagerSpec" time="0.025"/>
  <system-out><![CDATA[]]></system-out>
  <system-err><![CDATA[]]></system-err>
</testsuite>
