<?xml version="1.0" encoding="UTF-8"?>
<testsuite name="griffon.core.formatters.FloatFormatterSpec" tests="11" skipped="0" failures="0" errors="0" timestamp="2016-10-06T17:40:46" hostname="testing-gce-81ce1eba-0923-4d63-a3c5-2ab3ce7e6c4c" time="0.021">
  <properties/>
  <testcase name="Float '100.0' produces literal '100.0'" classname="griffon.core.formatters.FloatFormatterSpec" time="0.01"/>
  <testcase name="Float 'null' with pattern 'currency' produces literal 'null'" classname="griffon.core.formatters.FloatFormatterSpec" time="0.0"/>
  <testcase name="Float 'null' with pattern 'percent' produces literal 'null'" classname="griffon.core.formatters.FloatFormatterSpec" time="0.0"/>
  <testcase name="Float '100.0' with pattern 'currency' produces literal '$100.00'" classname="griffon.core.formatters.FloatFormatterSpec" time="0.001"/>
  <testcase name="Float '1.0' with pattern 'percent' produces literal '100%'" classname="griffon.core.formatters.FloatFormatterSpec" time="0.0"/>
  <testcase name="Float '100.0' with pattern 'null' produces literal '100.0'" classname="griffon.core.formatters.FloatFormatterSpec" time="0.0"/>
  <testcase name="Float '100.0' with pattern '' produces literal '100.0'" classname="griffon.core.formatters.FloatFormatterSpec" time="0.001"/>
  <testcase name="Float '20.0' with pattern '##.0' produces literal '20.0'" classname="griffon.core.formatters.FloatFormatterSpec" time="0.0"/>
  <testcase name="Parse error for pattern 'currency' with literal 'abc'" classname="griffon.core.formatters.FloatFormatterSpec" time="0.001"/>
  <testcase name="Parse error for pattern 'percent' with literal 'abc'" classname="griffon.core.formatters.FloatFormatterSpec" time="0.002"/>
  <testcase name="Illegal pattern ';garbage*@%&amp;'" classname="griffon.core.formatters.FloatFormatterSpec" time="0.0"/>
  <system-out><![CDATA[]]></system-out>
  <system-err><![CDATA[]]></system-err>
</testsuite>
