<?xml version="1.0" encoding="UTF-8"?>
<testsuite name="griffon.core.editors.FloatPropertyEditorSpec" tests="13" skipped="0" failures="0" errors="0" timestamp="2016-09-26T20:13:11" hostname="testing-gce-303f44f5-ed88-4ffd-abbc-8239ce873565" time="0.022">
  <properties/>
  <testcase name="Float literal 'null' with format 'null' should be equal to null" classname="griffon.core.editors.FloatPropertyEditorSpec" time="0.003"/>
  <testcase name="Float literal '' with format 'null' should be equal to null" classname="griffon.core.editors.FloatPropertyEditorSpec" time="0.0"/>
  <testcase name="Float literal '0.1' with format 'null' should be equal to 0.1" classname="griffon.core.editors.FloatPropertyEditorSpec" time="0.0"/>
  <testcase name="Float literal '10%' with format 'percent' should be equal to 0.1" classname="griffon.core.editors.FloatPropertyEditorSpec" time="0.004"/>
  <testcase name="Float literal '$0.10' with format 'currency' should be equal to 0.1" classname="griffon.core.editors.FloatPropertyEditorSpec" time="0.001"/>
  <testcase name="Float literal '0.1' with format 'null' should be equal to 0.1" classname="griffon.core.editors.FloatPropertyEditorSpec" time="0.001"/>
  <testcase name="Invalid float literal 'garbage'" classname="griffon.core.editors.FloatPropertyEditorSpec" time="0.001"/>
  <testcase name="Invalid float literal '1, 2, 3'" classname="griffon.core.editors.FloatPropertyEditorSpec" time="0.001"/>
  <testcase name="Invalid float literal '[]'" classname="griffon.core.editors.FloatPropertyEditorSpec" time="0.0"/>
  <testcase name="Invalid float literal '[1, 2, 3]'" classname="griffon.core.editors.FloatPropertyEditorSpec" time="0.001"/>
  <testcase name="Invalid float literal '[:]'" classname="griffon.core.editors.FloatPropertyEditorSpec" time="0.001"/>
  <testcase name="Invalid float literal '[key:value]'" classname="griffon.core.editors.FloatPropertyEditorSpec" time="0.001"/>
  <testcase name="Invalid float literal 'java.lang.Object@289f6c4c'" classname="griffon.core.editors.FloatPropertyEditorSpec" time="0.0"/>
  <system-out><![CDATA[]]></system-out>
  <system-err><![CDATA[]]></system-err>
</testsuite>
