<?xml version="1.0" encoding="UTF-8"?>
<testsuite name="griffon.core.ObservableContextSpec" tests="3" skipped="0" failures="0" errors="0" timestamp="2016-08-30T16:10:26" hostname="testing-gce-62a17e65-7581-40e5-afe6-413ca14aa51c" time="0.013">
  <properties/>
  <testcase name="Exercise listener methods" classname="griffon.core.ObservableContextSpec" time="0.006"/>
  <testcase name="Listen to context events" classname="griffon.core.ObservableContextSpec" time="0.006"/>
  <testcase name="listen to lateral context events" classname="griffon.core.ObservableContextSpec" time="0.001"/>
  <system-out><![CDATA[]]></system-out>
  <system-err><![CDATA[]]></system-err>
</testsuite>
