<?xml version="1.0" encoding="UTF-8"?>
<testsuite name="griffon.core.formatters.FloatFormatterSpec" tests="11" skipped="0" failures="0" errors="0" timestamp="2016-10-30T17:42:29" hostname="testing-gce-1932865a-09b2-44a6-b949-d5585b0b0bad" time="0.014">
  <properties/>
  <testcase name="Float '100.0' produces literal '100.0'" classname="griffon.core.formatters.FloatFormatterSpec" time="0.003"/>
  <testcase name="Float 'null' with pattern 'currency' produces literal 'null'" classname="griffon.core.formatters.FloatFormatterSpec" time="0.001"/>
  <testcase name="Float 'null' with pattern 'percent' produces literal 'null'" classname="griffon.core.formatters.FloatFormatterSpec" time="0.0"/>
  <testcase name="Float '100.0' with pattern 'currency' produces literal '$100.00'" classname="griffon.core.formatters.FloatFormatterSpec" time="0.001"/>
  <testcase name="Float '1.0' with pattern 'percent' produces literal '100%'" classname="griffon.core.formatters.FloatFormatterSpec" time="0.0"/>
  <testcase name="Float '100.0' with pattern 'null' produces literal '100.0'" classname="griffon.core.formatters.FloatFormatterSpec" time="0.001"/>
  <testcase name="Float '100.0' with pattern '' produces literal '100.0'" classname="griffon.core.formatters.FloatFormatterSpec" time="0.0"/>
  <testcase name="Float '20.0' with pattern '##.0' produces literal '20.0'" classname="griffon.core.formatters.FloatFormatterSpec" time="0.001"/>
  <testcase name="Parse error for pattern 'currency' with literal 'abc'" classname="griffon.core.formatters.FloatFormatterSpec" time="0.001"/>
  <testcase name="Parse error for pattern 'percent' with literal 'abc'" classname="griffon.core.formatters.FloatFormatterSpec" time="0.0"/>
  <testcase name="Illegal pattern ';garbage*@%&amp;'" classname="griffon.core.formatters.FloatFormatterSpec" time="0.001"/>
  <system-out><![CDATA[]]></system-out>
  <system-err><![CDATA[]]></system-err>
</testsuite>
