<?xml version="1.0" encoding="UTF-8"?>
<testsuite name="griffon.util.ServiceLoaderUtilsSpec" tests="3" skipped="0" failures="0" errors="0" timestamp="2016-09-26T20:13:11" hostname="testing-gce-303f44f5-ed88-4ffd-abbc-8239ce873565" time="0.01">
  <properties/>
  <testcase name="Read service entries from META-INF/entry/" classname="griffon.util.ServiceLoaderUtilsSpec" time="0.008"/>
  <testcase name="Read service entries from META-INF/entry" classname="griffon.util.ServiceLoaderUtilsSpec" time="0.0"/>
  <testcase name="Read service entries from META-INF/bogus" classname="griffon.util.ServiceLoaderUtilsSpec" time="0.0"/>
  <system-out><![CDATA[]]></system-out>
  <system-err><![CDATA[]]></system-err>
</testsuite>
