<?xml version="1.0" encoding="UTF-8"?>
<testsuite name="integration.MVCGroupSpec" tests="12" skipped="0" failures="0" errors="0" timestamp="2016-10-09T11:55:54" hostname="testing-gce-50bd9316-102c-4ee8-992b-2b2af257f0cc" time="0.365">
  <properties/>
  <testcase name="Bootstrap application" classname="integration.MVCGroupSpec" time="0.104"/>
  <testcase name="Creating an MVCGroup through the MVCGroupManager does not set implicit parent group" classname="integration.MVCGroupSpec" time="0.024"/>
  <testcase name="Creating an MVCGroup through a group does set implicit parent group" classname="integration.MVCGroupSpec" time="0.018"/>
  <testcase name="Creating an MVCGroup through an artifact does set implicit parent group" classname="integration.MVCGroupSpec" time="0.024"/>
  <testcase name="Validate MVCGroup relationships after creation and destruction (createMVCGroup)" classname="integration.MVCGroupSpec" time="0.038"/>
  <testcase name="Validate MVCGroup relationships after creation and destruction (createMVC)" classname="integration.MVCGroupSpec" time="0.035"/>
  <testcase name="Validate MVCGroup relationships after creation and destruction (withMVCGroup)" classname="integration.MVCGroupSpec" time="0.045"/>
  <testcase name="Validate MVCGroup relationships after creation and destruction (withMVC)" classname="integration.MVCGroupSpec" time="0.035"/>
  <testcase name="Validate contextual injections" classname="integration.MVCGroupSpec" time="0.014"/>
  <testcase name="Validate argument injection (all args are available)" classname="integration.MVCGroupSpec" time="0.011"/>
  <testcase name="Validate argument injection (missing field argument)" classname="integration.MVCGroupSpec" time="0.006"/>
  <testcase name="Validate argument injection (missing method argument)" classname="integration.MVCGroupSpec" time="0.005"/>
  <system-out><![CDATA[]]></system-out>
  <system-err><![CDATA[[Test worker] INFO org.codehaus.griffon.runtime.core.DefaultApplicationBootstrapper - Griffon 2.9.0-SNAPSHOT
[Test worker] INFO org.codehaus.griffon.runtime.core.DefaultApplicationBootstrapper - Build: 2016-10-09T11:54:07.782+0000
[Test worker] INFO org.codehaus.griffon.runtime.core.DefaultApplicationBootstrapper - Revision: 7a8d8c25f3eaefe4da455fdb1dcf5679ac27ad56
[Test worker] INFO org.codehaus.griffon.runtime.core.DefaultApplicationBootstrapper - JVM: 1.8.0_101 (Oracle Corporation 25.101-b13)
[Test worker] INFO org.codehaus.griffon.runtime.core.DefaultApplicationBootstrapper - OS: Linux 3.13.0-92-generic amd64
[Test worker] INFO integration.TestGriffonApplication - Initializing all startup groups: [integration]
[Test worker] INFO integration.TestGriffonApplication - Initializing all integration startup groups: [sample]
[Test worker] INFO integration.TestGriffonApplication - Shutdown is in process
]]></system-err>
</testsuite>
