<?xml version="1.0" encoding="UTF-8"?>
<testsuite name="griffon.util.MapResourceBundleSpec" tests="1" skipped="0" failures="0" errors="0" timestamp="2016-08-18T09:57:50" hostname="testing-gce-ebffe6ab-47c6-4829-a506-dd5f4e144ef6" time="0.0">
  <properties/>
  <testcase name="Calling bundle.getObject(key.string, #Error:defaultValue) gives string as result" classname="griffon.util.MapResourceBundleSpec" time="0.0"/>
  <system-out><![CDATA[]]></system-out>
  <system-err><![CDATA[]]></system-err>
</testsuite>
