<?xml version="1.0" encoding="UTF-8"?>
<testsuite name="griffon.core.editors.EnumPropertyEditorSpec" tests="11" skipped="0" failures="0" errors="0" timestamp="2016-09-29T21:51:55" hostname="testing-gce-cf203e64-cd6f-4108-8a0d-d9cf63c5c1c7" time="0.006">
  <properties/>
  <testcase name="Enum literal 'null' should be equal to null" classname="griffon.core.editors.EnumPropertyEditorSpec" time="0.0"/>
  <testcase name="Enum literal '' should be equal to null" classname="griffon.core.editors.EnumPropertyEditorSpec" time="0.0"/>
  <testcase name="Enum literal ' ' should be equal to null" classname="griffon.core.editors.EnumPropertyEditorSpec" time="0.001"/>
  <testcase name="Enum literal 'ZERO' should be equal to ZERO" classname="griffon.core.editors.EnumPropertyEditorSpec" time="0.0"/>
  <testcase name="Enum literal 'ONE' should be equal to ONE" classname="griffon.core.editors.EnumPropertyEditorSpec" time="0.001"/>
  <testcase name="Invalid enum literal 'garbage'" classname="griffon.core.editors.EnumPropertyEditorSpec" time="0.0"/>
  <testcase name="Invalid enum literal '[]'" classname="griffon.core.editors.EnumPropertyEditorSpec" time="0.0"/>
  <testcase name="Invalid enum literal '[1, 2, 3]'" classname="griffon.core.editors.EnumPropertyEditorSpec" time="0.0"/>
  <testcase name="Invalid enum literal '[:]'" classname="griffon.core.editors.EnumPropertyEditorSpec" time="0.0"/>
  <testcase name="Invalid enum literal '[key:value]'" classname="griffon.core.editors.EnumPropertyEditorSpec" time="0.0"/>
  <testcase name="Invalid enum literal 'java.lang.Object@6a84132e'" classname="griffon.core.editors.EnumPropertyEditorSpec" time="0.0"/>
  <system-out><![CDATA[]]></system-out>
  <system-err><![CDATA[]]></system-err>
</testsuite>
