<?xml version="1.0" encoding="UTF-8"?>
<testsuite name="griffon.util.AnnotationUtilsSpec" tests="16" skipped="0" failures="0" errors="0" timestamp="2016-10-06T17:40:45" hostname="testing-gce-81ce1eba-0923-4d63-a3c5-2ab3ce7e6c4c" time="0.043">
  <properties/>
  <testcase name="Test setup of interface javax.inject.Named annotation" classname="griffon.util.AnnotationUtilsSpec" time="0.002"/>
  <testcase name="Test setup of interface griffon.inject.Typed annotation" classname="griffon.util.AnnotationUtilsSpec" time="0.003"/>
  <testcase name="Test setup of interface griffon.inject.BindTo annotation" classname="griffon.util.AnnotationUtilsSpec" time="0.003"/>
  <testcase name="Find out if class java.lang.Object is annotated wit @javax.inject.Named" classname="griffon.util.AnnotationUtilsSpec" time="0.0"/>
  <testcase name="Find out if java.lang.Object@cbae615 is annotated wit @javax.inject.Named" classname="griffon.util.AnnotationUtilsSpec" time="0.0"/>
  <testcase name="Find out if class griffon.util.AnnotationUtilsSpec$Bean is annotated wit @javax.inject.Named" classname="griffon.util.AnnotationUtilsSpec" time="0.0"/>
  <testcase name="Find out if griffon.util.AnnotationUtilsSpec$Bean@15b3debc is annotated wit @javax.inject.Named" classname="griffon.util.AnnotationUtilsSpec" time="0.0"/>
  <testcase name="Find out if class griffon.util.AnnotationUtilsSpec$Bean is annotated wit @griffon.inject.Typed" classname="griffon.util.AnnotationUtilsSpec" time="0.0"/>
  <testcase name="Find out if griffon.util.AnnotationUtilsSpec$Bean@6acfd386 is annotated wit @griffon.inject.Typed" classname="griffon.util.AnnotationUtilsSpec" time="0.001"/>
  <testcase name="Enforce that class java.lang.Object is annotated with @javax.inject.Named" classname="griffon.util.AnnotationUtilsSpec" time="0.001"/>
  <testcase name="Enforce that java.lang.Object@2a9cd615 is annotated with @javax.inject.Named" classname="griffon.util.AnnotationUtilsSpec" time="0.001"/>
  <testcase name="Enforce that class griffon.util.AnnotationUtilsSpec$Bean is annotated with @griffon.inject.Typed" classname="griffon.util.AnnotationUtilsSpec" time="0.0"/>
  <testcase name="Enforce that griffon.util.AnnotationUtilsSpec$Bean@5f795504 is annotated with @griffon.inject.Typed" classname="griffon.util.AnnotationUtilsSpec" time="0.0"/>
  <testcase name="Instances are mapped by their names" classname="griffon.util.AnnotationUtilsSpec" time="0.017"/>
  <testcase name="Instances are sorted by their dependencies" classname="griffon.util.AnnotationUtilsSpec" time="0.002"/>
  <testcase name="Cyclic dependencies yield empty result" classname="griffon.util.AnnotationUtilsSpec" time="0.006"/>
  <system-out><![CDATA[]]></system-out>
  <system-err><![CDATA[[Test worker] WARN griffon.util.AnnotationUtils -   unresolved bean dependencies detected
[Test worker] WARN griffon.util.AnnotationUtils -   continuing with original bean order
[Test worker] WARN griffon.util.AnnotationUtils -   bean cycle2 
[Test worker] WARN griffon.util.AnnotationUtils -     depends on cycle1
[Test worker] WARN griffon.util.AnnotationUtils -   bean cycle1 
[Test worker] WARN griffon.util.AnnotationUtils -     depends on cycle2
]]></system-err>
</testsuite>
