<?xml version="1.0" encoding="UTF-8"?>
<testsuite name="integration.MVCGroupSpec" tests="12" skipped="0" failures="0" errors="0" timestamp="2016-10-30T17:42:27" hostname="testing-gce-1932865a-09b2-44a6-b949-d5585b0b0bad" time="0.381">
  <properties/>
  <testcase name="Bootstrap application" classname="integration.MVCGroupSpec" time="0.11"/>
  <testcase name="Creating an MVCGroup through the MVCGroupManager does not set implicit parent group" classname="integration.MVCGroupSpec" time="0.025"/>
  <testcase name="Creating an MVCGroup through a group does set implicit parent group" classname="integration.MVCGroupSpec" time="0.02"/>
  <testcase name="Creating an MVCGroup through an artifact does set implicit parent group" classname="integration.MVCGroupSpec" time="0.025"/>
  <testcase name="Validate MVCGroup relationships after creation and destruction (createMVCGroup)" classname="integration.MVCGroupSpec" time="0.039"/>
  <testcase name="Validate MVCGroup relationships after creation and destruction (createMVC)" classname="integration.MVCGroupSpec" time="0.035"/>
  <testcase name="Validate MVCGroup relationships after creation and destruction (withMVCGroup)" classname="integration.MVCGroupSpec" time="0.048"/>
  <testcase name="Validate MVCGroup relationships after creation and destruction (withMVC)" classname="integration.MVCGroupSpec" time="0.04"/>
  <testcase name="Validate contextual injections" classname="integration.MVCGroupSpec" time="0.014"/>
  <testcase name="Validate argument injection (all args are available)" classname="integration.MVCGroupSpec" time="0.014"/>
  <testcase name="Validate argument injection (missing field argument)" classname="integration.MVCGroupSpec" time="0.006"/>
  <testcase name="Validate argument injection (missing method argument)" classname="integration.MVCGroupSpec" time="0.005"/>
  <system-out><![CDATA[]]></system-out>
  <system-err><![CDATA[[Test worker] INFO org.codehaus.griffon.runtime.core.DefaultApplicationBootstrapper - Griffon 2.9.0-SNAPSHOT
[Test worker] INFO org.codehaus.griffon.runtime.core.DefaultApplicationBootstrapper - Build: 2016-10-30T17:40:24.793+0000
[Test worker] INFO org.codehaus.griffon.runtime.core.DefaultApplicationBootstrapper - Revision: e7c94205ee7962314fce9c13029b57e7ef72551f
[Test worker] INFO org.codehaus.griffon.runtime.core.DefaultApplicationBootstrapper - JVM: 1.8.0_111 (Oracle Corporation 25.111-b14)
[Test worker] INFO org.codehaus.griffon.runtime.core.DefaultApplicationBootstrapper - OS: Linux 3.13.0-92-generic amd64
[Test worker] INFO integration.TestGriffonApplication - Initializing all startup groups: [integration]
[Test worker] INFO integration.TestGriffonApplication - Initializing all integration startup groups: [sample]
[Test worker] INFO integration.TestGriffonApplication - Shutdown is in process
]]></system-err>
</testsuite>
