<?xml version="1.0" encoding="UTF-8"?>
<testsuite name="org.codehaus.griffon.runtime.core.AbstractLifecycleHandlerSpec" tests="7" skipped="0" failures="0" errors="0" timestamp="2016-09-26T20:27:17" hostname="testing-gce-e0d916ad-9926-4311-ac91-422ab9e2ca96" time="0.305">
  <properties/>
  <testcase name="Query if UI thread" classname="org.codehaus.griffon.runtime.core.AbstractLifecycleHandlerSpec" time="0.236"/>
  <testcase name="Execute callable inside UI sync" classname="org.codehaus.griffon.runtime.core.AbstractLifecycleHandlerSpec" time="0.023"/>
  <testcase name="Execute runnable inside UI sync" classname="org.codehaus.griffon.runtime.core.AbstractLifecycleHandlerSpec" time="0.011"/>
  <testcase name="Execute runnable inside UI async" classname="org.codehaus.griffon.runtime.core.AbstractLifecycleHandlerSpec" time="0.007"/>
  <testcase name="Execute runnable outside UI" classname="org.codehaus.griffon.runtime.core.AbstractLifecycleHandlerSpec" time="0.006"/>
  <testcase name="Execute future" classname="org.codehaus.griffon.runtime.core.AbstractLifecycleHandlerSpec" time="0.009"/>
  <testcase name="Execute future with ExecutorService" classname="org.codehaus.griffon.runtime.core.AbstractLifecycleHandlerSpec" time="0.008"/>
  <system-out><![CDATA[]]></system-out>
  <system-err><![CDATA[]]></system-err>
</testsuite>
