<?xml version="1.0" encoding="UTF-8"?>
<testsuite name="griffon.exceptions.StaticMethodInvocationExceptionSpec" tests="2" skipped="0" failures="0" errors="0" timestamp="2016-10-14T12:22:37" hostname="testing-gce-9e2f48a6-40b1-46ad-83d7-b62c9819dd28" time="0.002">
  <properties/>
  <testcase name="Exception should have proper formatted message[0]" classname="griffon.exceptions.StaticMethodInvocationExceptionSpec" time="0.002"/>
  <testcase name="Exception should have proper formatted message[1]" classname="griffon.exceptions.StaticMethodInvocationExceptionSpec" time="0.0"/>
  <system-out><![CDATA[]]></system-out>
  <system-err><![CDATA[]]></system-err>
</testsuite>
