<?xml version="1.0" encoding="UTF-8"?>
<testsuite name="griffon.exceptions.StaticMethodInvocationExceptionSpec" tests="2" skipped="0" failures="0" errors="0" timestamp="2016-10-09T11:55:57" hostname="testing-gce-50bd9316-102c-4ee8-992b-2b2af257f0cc" time="0.002">
  <properties/>
  <testcase name="Exception should have proper formatted message[0]" classname="griffon.exceptions.StaticMethodInvocationExceptionSpec" time="0.002"/>
  <testcase name="Exception should have proper formatted message[1]" classname="griffon.exceptions.StaticMethodInvocationExceptionSpec" time="0.0"/>
  <system-out><![CDATA[]]></system-out>
  <system-err><![CDATA[]]></system-err>
</testsuite>
