<?xml version="1.0" encoding="UTF-8"?>
<testsuite name="griffon.core.formatters.LocaleFormatterSpec" tests="3" skipped="0" failures="0" errors="0" timestamp="2016-09-29T21:33:47" hostname="testing-gce-37e58376-e068-4a33-9b50-d5b7108a1844" time="0.006">
  <properties/>
  <testcase name="Locale 'en_US' produces literal 'en_US'" classname="griffon.core.formatters.LocaleFormatterSpec" time="0.004"/>
  <testcase name="Locale 'en_GB' produces literal 'en_GB'" classname="griffon.core.formatters.LocaleFormatterSpec" time="0.0"/>
  <testcase name="Locale 'de_CH_Basel' produces literal 'de_CH_Basel'" classname="griffon.core.formatters.LocaleFormatterSpec" time="0.001"/>
  <system-out><![CDATA[]]></system-out>
  <system-err><![CDATA[]]></system-err>
</testsuite>
