<?xml version="1.0" encoding="UTF-8"?>
<testsuite name="org.codehaus.griffon.runtime.core.i18n.DefaultMessageSourceTests" tests="8" skipped="0" failures="0" errors="0" timestamp="2016-10-30T17:42:21" hostname="testing-gce-1932865a-09b2-44a6-b949-d5585b0b0bad" time="0.133">
  <properties/>
  <testcase name="exerciseAllExceptionThrowingMethods" classname="org.codehaus.griffon.runtime.core.i18n.DefaultMessageSourceTests" time="0.074"/>
  <testcase name="resolveMessageValueWithReferencedKey" classname="org.codehaus.griffon.runtime.core.i18n.DefaultMessageSourceTests" time="0.002"/>
  <testcase name="invalidKeysInResourceBundle" classname="org.codehaus.griffon.runtime.core.i18n.DefaultMessageSourceTests" time="0.001"/>
  <testcase name="getMessageFromCustomMessageSource" classname="org.codehaus.griffon.runtime.core.i18n.DefaultMessageSourceTests" time="0.019"/>
  <testcase name="exerciseAllMethodsWithDefaultMessage" classname="org.codehaus.griffon.runtime.core.i18n.DefaultMessageSourceTests" time="0.014"/>
  <testcase name="getAllMessagesFromResourceBundle" classname="org.codehaus.griffon.runtime.core.i18n.DefaultMessageSourceTests" time="0.008"/>
  <testcase name="exerciseFormatMessage" classname="org.codehaus.griffon.runtime.core.i18n.DefaultMessageSourceTests" time="0.01"/>
  <testcase name="testGetAllMessagesByProperties" classname="org.codehaus.griffon.runtime.core.i18n.DefaultMessageSourceTests" time="0.002"/>
  <system-out><![CDATA[]]></system-out>
  <system-err><![CDATA[]]></system-err>
</testsuite>
