<?xml version="1.0" encoding="UTF-8"?>
<testsuite name="griffon.core.i18n.NoSuchMessageExceptionSpec" tests="2" skipped="0" failures="0" errors="0" timestamp="2016-08-18T09:57:51" hostname="testing-gce-ebffe6ab-47c6-4829-a506-dd5f4e144ef6" time="0.004">
  <properties/>
  <testcase name="Exercise constructor with errors" classname="griffon.core.i18n.NoSuchMessageExceptionSpec" time="0.003"/>
  <testcase name="Successfully create exception" classname="griffon.core.i18n.NoSuchMessageExceptionSpec" time="0.001"/>
  <system-out><![CDATA[]]></system-out>
  <system-err><![CDATA[]]></system-err>
</testsuite>
