<?xml version="1.0" encoding="UTF-8"?>
<testsuite name="integration.MVCGroupSpec" tests="12" skipped="0" failures="0" errors="0" timestamp="2016-08-30T16:10:24" hostname="testing-gce-62a17e65-7581-40e5-afe6-413ca14aa51c" time="0.35">
  <properties/>
  <testcase name="Bootstrap application" classname="integration.MVCGroupSpec" time="0.1"/>
  <testcase name="Creating an MVCGroup through the MVCGroupManager does not set implicit parent group" classname="integration.MVCGroupSpec" time="0.022"/>
  <testcase name="Creating an MVCGroup through a group does set implicit parent group" classname="integration.MVCGroupSpec" time="0.017"/>
  <testcase name="Creating an MVCGroup through an artifact does set implicit parent group" classname="integration.MVCGroupSpec" time="0.026"/>
  <testcase name="Validate MVCGroup relationships after creation and destruction (createMVCGroup)" classname="integration.MVCGroupSpec" time="0.04"/>
  <testcase name="Validate MVCGroup relationships after creation and destruction (createMVC)" classname="integration.MVCGroupSpec" time="0.033"/>
  <testcase name="Validate MVCGroup relationships after creation and destruction (withMVCGroup)" classname="integration.MVCGroupSpec" time="0.044"/>
  <testcase name="Validate MVCGroup relationships after creation and destruction (withMVC)" classname="integration.MVCGroupSpec" time="0.036"/>
  <testcase name="Validate contextual injections" classname="integration.MVCGroupSpec" time="0.012"/>
  <testcase name="Validate argument injection (all args are available)" classname="integration.MVCGroupSpec" time="0.01"/>
  <testcase name="Validate argument injection (missing field argument)" classname="integration.MVCGroupSpec" time="0.005"/>
  <testcase name="Validate argument injection (missing method argument)" classname="integration.MVCGroupSpec" time="0.004"/>
  <system-out><![CDATA[]]></system-out>
  <system-err><![CDATA[[Test worker] INFO org.codehaus.griffon.runtime.core.DefaultApplicationBootstrapper - Griffon 2.8.0-SNAPSHOT
[Test worker] INFO org.codehaus.griffon.runtime.core.DefaultApplicationBootstrapper - Build: 2016-08-30T16:07:32.275+0000
[Test worker] INFO org.codehaus.griffon.runtime.core.DefaultApplicationBootstrapper - Revision: 147b2daa94ec5991f75611faeb0ecad5c0343728
[Test worker] INFO org.codehaus.griffon.runtime.core.DefaultApplicationBootstrapper - JVM: 1.8.0_101 (Oracle Corporation 25.101-b13)
[Test worker] INFO org.codehaus.griffon.runtime.core.DefaultApplicationBootstrapper - OS: Linux 3.13.0-92-generic amd64
[Test worker] INFO integration.TestGriffonApplication - Initializing all startup groups: [integration]
[Test worker] INFO integration.TestGriffonApplication - Initializing all integration startup groups: [sample]
[Test worker] INFO integration.TestGriffonApplication - Shutdown is in process
]]></system-err>
</testsuite>
