<?xml version="1.0" encoding="UTF-8"?>
<testsuite name="griffon.core.editors.DoublePropertyEditorSpec" tests="13" skipped="0" failures="0" errors="0" timestamp="2016-10-06T17:40:45" hostname="testing-gce-81ce1eba-0923-4d63-a3c5-2ab3ce7e6c4c" time="0.011">
  <properties/>
  <testcase name="Double literal 'null' with format 'null' should be equal to null" classname="griffon.core.editors.DoublePropertyEditorSpec" time="0.002"/>
  <testcase name="Double literal '' with format 'null' should be equal to null" classname="griffon.core.editors.DoublePropertyEditorSpec" time="0.0"/>
  <testcase name="Double literal '0.1' with format 'null' should be equal to 0.1" classname="griffon.core.editors.DoublePropertyEditorSpec" time="0.001"/>
  <testcase name="Double literal '10%' with format 'percent' should be equal to 0.1" classname="griffon.core.editors.DoublePropertyEditorSpec" time="0.001"/>
  <testcase name="Double literal '$0.10' with format 'currency' should be equal to 0.1" classname="griffon.core.editors.DoublePropertyEditorSpec" time="0.001"/>
  <testcase name="Double literal '0.1' with format 'null' should be equal to 0.1" classname="griffon.core.editors.DoublePropertyEditorSpec" time="0.0"/>
  <testcase name="Invalid double literal 'garbage'" classname="griffon.core.editors.DoublePropertyEditorSpec" time="0.0"/>
  <testcase name="Invalid double literal '1, 2, 3'" classname="griffon.core.editors.DoublePropertyEditorSpec" time="0.0"/>
  <testcase name="Invalid double literal '[]'" classname="griffon.core.editors.DoublePropertyEditorSpec" time="0.0"/>
  <testcase name="Invalid double literal '[1, 2, 3]'" classname="griffon.core.editors.DoublePropertyEditorSpec" time="0.0"/>
  <testcase name="Invalid double literal '[:]'" classname="griffon.core.editors.DoublePropertyEditorSpec" time="0.0"/>
  <testcase name="Invalid double literal '[key:value]'" classname="griffon.core.editors.DoublePropertyEditorSpec" time="0.0"/>
  <testcase name="Invalid double literal 'java.lang.Object@5fa4034b'" classname="griffon.core.editors.DoublePropertyEditorSpec" time="0.0"/>
  <system-out><![CDATA[]]></system-out>
  <system-err><![CDATA[]]></system-err>
</testsuite>
