<?xml version="1.0" encoding="UTF-8"?>
<testsuite name="griffon.builder.lanterna.factory.ActionListBoxFactorySpec" tests="1" skipped="0" failures="0" errors="0" timestamp="2016-09-29T21:35:04" hostname="testing-gce-37e58376-e068-4a33-9b50-d5b7108a1844" time="0.037">
  <properties/>
  <testcase name="Can create an ActionListBox" classname="griffon.builder.lanterna.factory.ActionListBoxFactorySpec" time="0.037"/>
  <system-out><![CDATA[]]></system-out>
  <system-err><![CDATA[]]></system-err>
</testsuite>
