<?xml version="1.0" encoding="UTF-8"?>
<testsuite name="griffon.builder.lanterna.factory.ApplicationFactorySpec" tests="1" skipped="0" failures="0" errors="0" timestamp="2016-08-18T09:59:08" hostname="testing-gce-ebffe6ab-47c6-4829-a506-dd5f4e144ef6" time="0.022">
  <properties/>
  <testcase name="Can create an Application" classname="griffon.builder.lanterna.factory.ApplicationFactorySpec" time="0.022"/>
  <system-out><![CDATA[]]></system-out>
  <system-err><![CDATA[]]></system-err>
</testsuite>
