<?xml version="1.0" encoding="UTF-8"?>
<testsuite name="griffon.builder.lanterna.factory.ActionListBoxFactorySpec" tests="1" skipped="0" failures="0" errors="0" timestamp="2016-09-19T16:10:36" hostname="testing-gce-35a66135-6c2a-47ae-8ae7-79d60611b2ca" time="0.033">
  <properties/>
  <testcase name="Can create an ActionListBox" classname="griffon.builder.lanterna.factory.ActionListBoxFactorySpec" time="0.033"/>
  <system-out><![CDATA[]]></system-out>
  <system-err><![CDATA[]]></system-err>
</testsuite>
