<?xml version="1.0" encoding="UTF-8"?>
<testsuite name="griffon.builder.lanterna.factory.ActionListBoxFactorySpec" tests="1" skipped="0" failures="0" errors="0" timestamp="2016-10-06T17:42:04" hostname="testing-gce-81ce1eba-0923-4d63-a3c5-2ab3ce7e6c4c" time="0.021">
  <properties/>
  <testcase name="Can create an ActionListBox" classname="griffon.builder.lanterna.factory.ActionListBoxFactorySpec" time="0.021"/>
  <system-out><![CDATA[]]></system-out>
  <system-err><![CDATA[]]></system-err>
</testsuite>
