<?xml version="1.0" encoding="UTF-8"?>
<testsuite name="griffon.builder.lanterna.factory.ApplicationFactorySpec" tests="1" skipped="0" failures="0" errors="0" timestamp="2016-09-26T20:28:43" hostname="testing-gce-e0d916ad-9926-4311-ac91-422ab9e2ca96" time="0.026">
  <properties/>
  <testcase name="Can create an Application" classname="griffon.builder.lanterna.factory.ApplicationFactorySpec" time="0.026"/>
  <system-out><![CDATA[]]></system-out>
  <system-err><![CDATA[]]></system-err>
</testsuite>
