<?xml version="1.0" encoding="UTF-8"?>
<testsuite name="griffon.exceptions.NewInstanceExceptionSpec" tests="2" skipped="0" failures="0" errors="0" timestamp="2016-06-14T08:27:40" hostname="testing-gce-6f13e417-279e-490e-afe4-04e3c9d2e05f.c.travis-ci-prod-5.internal" time="0.002">
  <properties/>
  <testcase name="Exception should have proper formatted message[0]" classname="griffon.exceptions.NewInstanceExceptionSpec" time="0.001"/>
  <testcase name="Exception should have proper formatted message[1]" classname="griffon.exceptions.NewInstanceExceptionSpec" time="0.001"/>
  <system-out><![CDATA[]]></system-out>
  <system-err><![CDATA[]]></system-err>
</testsuite>
