<?xml version="1.0" encoding="UTF-8"?>
<testsuite name="griffon.core.formatters.DateFormatterSpec" tests="5" skipped="0" failures="0" errors="0" timestamp="2014-12-19T03:44:04" hostname="testing-worker-linux-8-1-9724-linux-13-44539270" time="0.011">
  <properties/>
  <testcase name="Date 'Thu Jan 01 00:00:00 GMT 1970' produces literal '1/1/70 12:00 AM'" classname="griffon.core.formatters.DateFormatterSpec" time="0.006"/>
  <testcase name="Date 'null' with pattern 'yyyy-MM-dd' produces literal 'null'" classname="griffon.core.formatters.DateFormatterSpec" time="0.001"/>
  <testcase name="Date 'Thu Jan 01 00:00:00 GMT 1970' with pattern 'yyyy-MM-dd' produces literal '1970-01-01'" classname="griffon.core.formatters.DateFormatterSpec" time="0.001"/>
  <testcase name="Parse error for pattern 'yyyy-MM-dd' with literal 'abc'" classname="griffon.core.formatters.DateFormatterSpec" time="0.0"/>
  <testcase name="Illegal pattern ';garbage*@%&amp;'" classname="griffon.core.formatters.DateFormatterSpec" time="0.0"/>
  <system-out><![CDATA[]]></system-out>
  <system-err><![CDATA[]]></system-err>
</testsuite>
