<?xml version="1.0" encoding="UTF-8"?>
<testsuite name="griffon.core.ObservableContextSpec" tests="2" skipped="0" failures="0" errors="0" timestamp="2016-01-12T08:59:26" hostname="testing-gce-d452550a-0aef-4627-a782-01a25b5cb66b.c.eco-emissary-99515.internal" time="0.014">
  <properties/>
  <testcase name="Exercise listener methods" classname="griffon.core.ObservableContextSpec" time="0.007"/>
  <testcase name="Listen to context events" classname="griffon.core.ObservableContextSpec" time="0.006"/>
  <system-out><![CDATA[]]></system-out>
  <system-err><![CDATA[[Test worker] TRACE griffon.core.editors.PropertyEditorResolver - Searching PropertyEditor for java.lang.Integer
[Test worker] TRACE griffon.core.editors.PropertyEditorResolver - PropertyEditor for java.lang.Integer is griffon.core.editors.IntegerPropertyEditor
]]></system-err>
</testsuite>
