<?xml version="1.0" encoding="UTF-8"?>
<testsuite name="griffon.core.editors.ShortPropertyEditorSpec" tests="13" skipped="0" failures="0" errors="0" timestamp="2016-06-25T19:00:35" hostname="testing-gce-5591e47c-7f32-483f-97e0-e3daf6a65c7e.c.travis-ci-prod-4.internal" time="0.009">
  <properties/>
  <testcase name="Short literal 'null' with format 'null' should be equal to null" classname="griffon.core.editors.ShortPropertyEditorSpec" time="0.002"/>
  <testcase name="Short literal '' with format 'null' should be equal to null" classname="griffon.core.editors.ShortPropertyEditorSpec" time="0.0"/>
  <testcase name="Short literal '1' with format 'null' should be equal to 1" classname="griffon.core.editors.ShortPropertyEditorSpec" time="0.001"/>
  <testcase name="Short literal '100%' with format 'percent' should be equal to 1" classname="griffon.core.editors.ShortPropertyEditorSpec" time="0.001"/>
  <testcase name="Short literal '$1.00' with format 'currency' should be equal to 1" classname="griffon.core.editors.ShortPropertyEditorSpec" time="0.001"/>
  <testcase name="Short literal '1' with format 'null' should be equal to 1" classname="griffon.core.editors.ShortPropertyEditorSpec" time="0.0"/>
  <testcase name="Invalid short literal 'garbage'" classname="griffon.core.editors.ShortPropertyEditorSpec" time="0.0"/>
  <testcase name="Invalid short literal '1, 2, 3'" classname="griffon.core.editors.ShortPropertyEditorSpec" time="0.0"/>
  <testcase name="Invalid short literal '[]'" classname="griffon.core.editors.ShortPropertyEditorSpec" time="0.0"/>
  <testcase name="Invalid short literal '[1, 2, 3]'" classname="griffon.core.editors.ShortPropertyEditorSpec" time="0.0"/>
  <testcase name="Invalid short literal '[:]'" classname="griffon.core.editors.ShortPropertyEditorSpec" time="0.0"/>
  <testcase name="Invalid short literal '[key:value]'" classname="griffon.core.editors.ShortPropertyEditorSpec" time="0.001"/>
  <testcase name="Invalid short literal 'java.lang.Object@5f1b982c'" classname="griffon.core.editors.ShortPropertyEditorSpec" time="0.0"/>
  <system-out><![CDATA[]]></system-out>
  <system-err><![CDATA[]]></system-err>
</testsuite>
