<?xml version="1.0" encoding="UTF-8"?>
<testsuite name="org.codehaus.griffon.runtime.core.ConfigurationSpec" tests="12" skipped="0" failures="0" errors="0" timestamp="2015-08-30T19:41:00" hostname="testing-worker-linux-f25aadab-1-2244-linux-4-77948585" time="0.034">
  <properties/>
  <testcase name="Calling configuration.get(key.string, null) returns string" classname="org.codehaus.griffon.runtime.core.ConfigurationSpec" time="0.023"/>
  <testcase name="Calling configuration.get(key.string, foo) returns string" classname="org.codehaus.griffon.runtime.core.ConfigurationSpec" time="0.001"/>
  <testcase name="Calling configuration.get(key.int.type, null) returns 42" classname="org.codehaus.griffon.runtime.core.ConfigurationSpec" time="0.001"/>
  <testcase name="Calling configuration.get(key.int.type, foo) returns 42" classname="org.codehaus.griffon.runtime.core.ConfigurationSpec" time="0.001"/>
  <testcase name="Calling configuration.get(key.foo, null) returns null" classname="org.codehaus.griffon.runtime.core.ConfigurationSpec" time="0.001"/>
  <testcase name="Calling configuration.get(key.foo, foo) returns foo" classname="org.codehaus.griffon.runtime.core.ConfigurationSpec" time="0.0"/>
  <testcase name="Calling configuration.getAsString(key.string, null) returns string" classname="org.codehaus.griffon.runtime.core.ConfigurationSpec" time="0.001"/>
  <testcase name="Calling configuration.getAsString(key.string, foo) returns string" classname="org.codehaus.griffon.runtime.core.ConfigurationSpec" time="0.001"/>
  <testcase name="Calling configuration.getAsString(key.int.type, null) returns 42" classname="org.codehaus.griffon.runtime.core.ConfigurationSpec" time="0.001"/>
  <testcase name="Calling configuration.getAsString(key.int.type, foo) returns 42" classname="org.codehaus.griffon.runtime.core.ConfigurationSpec" time="0.001"/>
  <testcase name="Calling configuration.getAsString(key.foo, null) returns null" classname="org.codehaus.griffon.runtime.core.ConfigurationSpec" time="0.001"/>
  <testcase name="Calling configuration.getAsString(key.foo, foo) returns foo" classname="org.codehaus.griffon.runtime.core.ConfigurationSpec" time="0.0"/>
  <system-out><![CDATA[]]></system-out>
  <system-err><![CDATA[]]></system-err>
</testsuite>
