<?xml version="1.0" encoding="UTF-8"?>
<testsuite name="griffon.core.editors.LongPropertyEditorSpec" tests="13" failures="0" errors="0" timestamp="2014-06-02T12:25:51" hostname="testing-worker-linux-4-2-30364-linux-20-26568044" time="0.033">
  <properties/>
  <testcase name="Long literal 'null' with format 'null' should be equal to null" classname="griffon.core.editors.LongPropertyEditorSpec" time="0.008"/>
  <testcase name="Long literal '' with format 'null' should be equal to null" classname="griffon.core.editors.LongPropertyEditorSpec" time="0.001"/>
  <testcase name="Long literal '1' with format 'null' should be equal to 1" classname="griffon.core.editors.LongPropertyEditorSpec" time="0.001"/>
  <testcase name="Long literal '100%' with format 'percent' should be equal to 1" classname="griffon.core.editors.LongPropertyEditorSpec" time="0.002"/>
  <testcase name="Long literal '$1.00' with format 'currency' should be equal to 1" classname="griffon.core.editors.LongPropertyEditorSpec" time="0.001"/>
  <testcase name="Long literal '1' with format 'null' should be equal to 1" classname="griffon.core.editors.LongPropertyEditorSpec" time="0.001"/>
  <testcase name="Invalid long literal 'garbage'" classname="griffon.core.editors.LongPropertyEditorSpec" time="0.001"/>
  <testcase name="Invalid long literal '1, 2, 3'" classname="griffon.core.editors.LongPropertyEditorSpec" time="0.0"/>
  <testcase name="Invalid long literal '[]'" classname="griffon.core.editors.LongPropertyEditorSpec" time="0.0"/>
  <testcase name="Invalid long literal '[1, 2, 3]'" classname="griffon.core.editors.LongPropertyEditorSpec" time="0.0"/>
  <testcase name="Invalid long literal '[:]'" classname="griffon.core.editors.LongPropertyEditorSpec" time="0.001"/>
  <testcase name="Invalid long literal '[key:value]'" classname="griffon.core.editors.LongPropertyEditorSpec" time="0.001"/>
  <testcase name="Invalid long literal 'java.lang.Object@4748aec5'" classname="griffon.core.editors.LongPropertyEditorSpec" time="0.0"/>
  <system-out><![CDATA[]]></system-out>
  <system-err><![CDATA[]]></system-err>
</testsuite>
