<?xml version="1.0" encoding="UTF-8"?>
<testsuite name="griffon.core.ObservableContextSpec" tests="2" skipped="0" failures="0" errors="0" timestamp="2015-09-16T14:49:42" hostname="testing-worker-linux-027f0490-1-17064-linux-7-80650281" time="0.184">
  <properties/>
  <testcase name="Exercise listener methods" classname="griffon.core.ObservableContextSpec" time="0.161"/>
  <testcase name="Listen to context events" classname="griffon.core.ObservableContextSpec" time="0.023"/>
  <system-out><![CDATA[]]></system-out>
  <system-err><![CDATA[]]></system-err>
</testsuite>
