<?xml version="1.0" encoding="UTF-8"?>
<testsuite name="griffon.core.editors.URLPropertyEditorSpec" tests="12" skipped="0" failures="0" errors="0" timestamp="2016-06-19T18:20:28" hostname="testing-gce-17ba713e-84b3-4de2-947d-b7661b55458b.c.travis-ci-prod-4.internal" time="0.015">
  <properties/>
  <testcase name="URL literal 'null' should be equal to null" classname="griffon.core.editors.URLPropertyEditorSpec" time="0.007"/>
  <testcase name="URL literal '' should be equal to null" classname="griffon.core.editors.URLPropertyEditorSpec" time="0.001"/>
  <testcase name="URL literal ' ' should be equal to null" classname="griffon.core.editors.URLPropertyEditorSpec" time="0.0"/>
  <testcase name="URL literal 'http://localhost' should be equal to http://localhost" classname="griffon.core.editors.URLPropertyEditorSpec" time="0.003"/>
  <testcase name="URL literal '/' should be equal to file:/" classname="griffon.core.editors.URLPropertyEditorSpec" time="0.0"/>
  <testcase name="URL literal 'http://localhost' should be equal to http://localhost" classname="griffon.core.editors.URLPropertyEditorSpec" time="0.0"/>
  <testcase name="Invalid url literal 'garbage'" classname="griffon.core.editors.URLPropertyEditorSpec" time="0.0"/>
  <testcase name="Invalid url literal '[]'" classname="griffon.core.editors.URLPropertyEditorSpec" time="0.0"/>
  <testcase name="Invalid url literal '[1, 2, 3]'" classname="griffon.core.editors.URLPropertyEditorSpec" time="0.001"/>
  <testcase name="Invalid url literal '[:]'" classname="griffon.core.editors.URLPropertyEditorSpec" time="0.0"/>
  <testcase name="Invalid url literal '[key:value]'" classname="griffon.core.editors.URLPropertyEditorSpec" time="0.0"/>
  <testcase name="Invalid url literal 'java.lang.Object@3958a15d'" classname="griffon.core.editors.URLPropertyEditorSpec" time="0.001"/>
  <system-out><![CDATA[]]></system-out>
  <system-err><![CDATA[]]></system-err>
</testsuite>
