<?xml version="1.0" encoding="UTF-8"?>
<testsuite name="org.codehaus.griffon.runtime.core.AbstractObservableTest" tests="1" skipped="0" failures="0" errors="0" timestamp="2016-06-01T20:37:46" hostname="testing-gce-02346492-7fe8-4844-953c-74fc61fd1164.c.travis-ci-prod-5.internal" time="0.016">
  <properties/>
  <testcase name="observableSetup" classname="org.codehaus.griffon.runtime.core.AbstractObservableTest" time="0.016"/>
  <system-out><![CDATA[]]></system-out>
  <system-err><![CDATA[]]></system-err>
</testsuite>
