<?xml version="1.0" encoding="UTF-8"?>
<testsuite name="griffon.core.env.RunModeTests" tests="3" skipped="0" failures="0" errors="0" timestamp="2015-08-21T09:43:33" hostname="testing-worker-linux-77796cae-1-11501-linux-5-76600445" time="0.033">
  <properties/>
  <testcase name="testGetCurrent" classname="griffon.core.env.RunModeTests" time="0.015"/>
  <testcase name="testIsSystemSet" classname="griffon.core.env.RunModeTests" time="0.013"/>
  <testcase name="testGetRunMode" classname="griffon.core.env.RunModeTests" time="0.005"/>
  <system-out><![CDATA[]]></system-out>
  <system-err><![CDATA[]]></system-err>
</testsuite>
