<?xml version="1.0" encoding="UTF-8"?>
<testsuite name="griffon.core.env.RunModeTests" tests="3" skipped="0" failures="0" errors="0" timestamp="2015-09-23T19:19:21" hostname="testing-worker-linux-027f0490-2-21320-linux-1-81837196" time="0.038">
  <properties/>
  <testcase name="testGetCurrent" classname="griffon.core.env.RunModeTests" time="0.03"/>
  <testcase name="testIsSystemSet" classname="griffon.core.env.RunModeTests" time="0.006"/>
  <testcase name="testGetRunMode" classname="griffon.core.env.RunModeTests" time="0.002"/>
  <system-out><![CDATA[]]></system-out>
  <system-err><![CDATA[]]></system-err>
</testsuite>
