<?xml version="1.0" encoding="UTF-8"?>
<testsuite name="org.codehaus.griffon.runtime.core.i18n.CustomMessageSourceTests" tests="6" skipped="0" failures="0" errors="0" timestamp="2015-09-03T15:05:10" hostname="testing-worker-linux-77796cae-2-11556-linux-3-78593077" time="0.05">
  <properties/>
  <testcase name="exerciseAllExceptionThrowingMethods" classname="org.codehaus.griffon.runtime.core.i18n.CustomMessageSourceTests" time="0.036"/>
  <testcase name="resolveMessageValueWithReferencedKey" classname="org.codehaus.griffon.runtime.core.i18n.CustomMessageSourceTests" time="0.001"/>
  <testcase name="invalidKeysInResourceBundle" classname="org.codehaus.griffon.runtime.core.i18n.CustomMessageSourceTests" time="0.002"/>
  <testcase name="exerciseAllMethodsWithDefaultMessage" classname="org.codehaus.griffon.runtime.core.i18n.CustomMessageSourceTests" time="0.006"/>
  <testcase name="getAllDefinedMessages" classname="org.codehaus.griffon.runtime.core.i18n.CustomMessageSourceTests" time="0.001"/>
  <testcase name="exerciseFormatMessage" classname="org.codehaus.griffon.runtime.core.i18n.CustomMessageSourceTests" time="0.003"/>
  <system-out><![CDATA[]]></system-out>
  <system-err><![CDATA[]]></system-err>
</testsuite>
