<?xml version="1.0" encoding="UTF-8"?>
<testsuite name="griffon.util.GriffonNameUtilsTest" tests="19" skipped="0" failures="0" errors="0" timestamp="2015-05-09T11:31:20" hostname="testing-worker-linux-bb3654bb-2-27488-linux-11-61873267" time="0.072">
  <properties/>
  <testcase name="testGetClassNameRepresentation" classname="griffon.util.GriffonNameUtilsTest" time="0.005"/>
  <testcase name="testGetLogicalName" classname="griffon.util.GriffonNameUtilsTest" time="0.005"/>
  <testcase name="testQuote" classname="griffon.util.GriffonNameUtilsTest" time="0.001"/>
  <testcase name="testGetShortName" classname="griffon.util.GriffonNameUtilsTest" time="0.005"/>
  <testcase name="testUnquote" classname="griffon.util.GriffonNameUtilsTest" time="0.001"/>
  <testcase name="testGetHyphenatedName" classname="griffon.util.GriffonNameUtilsTest" time="0.01"/>
  <testcase name="testGetGetterName" classname="griffon.util.GriffonNameUtilsTest" time="0.001"/>
  <testcase name="testGetNaturalName" classname="griffon.util.GriffonNameUtilsTest" time="0.001"/>
  <testcase name="testGetLogicalPropertyName" classname="griffon.util.GriffonNameUtilsTest" time="0.006"/>
  <testcase name="testGetPropertyName" classname="griffon.util.GriffonNameUtilsTest" time="0.001"/>
  <testcase name="testGetLogicalPropertyNameForArtefactWithSingleCharacterName" classname="griffon.util.GriffonNameUtilsTest" time="0.0"/>
  <testcase name="testGetClassName" classname="griffon.util.GriffonNameUtilsTest" time="0.023"/>
  <testcase name="testUncapitalize" classname="griffon.util.GriffonNameUtilsTest" time="0.007"/>
  <testcase name="testGetSetterName" classname="griffon.util.GriffonNameUtilsTest" time="0.001"/>
  <testcase name="testIsBlank" classname="griffon.util.GriffonNameUtilsTest" time="0.001"/>
  <testcase name="testCapitalize" classname="griffon.util.GriffonNameUtilsTest" time="0.001"/>
  <testcase name="testGetLogicalPropertyNameForArtefactWithAllUpperCaseName" classname="griffon.util.GriffonNameUtilsTest" time="0.0"/>
  <testcase name="testGetClassNameForLowerCaseHyphenSeparatedName" classname="griffon.util.GriffonNameUtilsTest" time="0.001"/>
  <testcase name="testGetPropertyNameRepresentation" classname="griffon.util.GriffonNameUtilsTest" time="0.001"/>
  <system-out><![CDATA[]]></system-out>
  <system-err><![CDATA[]]></system-err>
</testsuite>
