<?xml version="1.0" encoding="UTF-8"?>
<testsuite name="griffon.util.GriffonNameUtilsTests" tests="8" failures="0" errors="0" timestamp="2014-02-13T06:40:39" hostname="testing-worker-linux-5-2-31907-linux-18-18785418" time="0.041">
  <properties/>
  <testcase name="testGetShortName" classname="griffon.util.GriffonNameUtilsTests" time="0.01"/>
  <testcase name="testGetGetterName" classname="griffon.util.GriffonNameUtilsTests" time="0.002"/>
  <testcase name="testGetPropertyName" classname="griffon.util.GriffonNameUtilsTests" time="0.002"/>
  <testcase name="testGetClassName" classname="griffon.util.GriffonNameUtilsTests" time="0.011"/>
  <testcase name="testUncapitalize" classname="griffon.util.GriffonNameUtilsTests" time="0.002"/>
  <testcase name="testGetSetterName" classname="griffon.util.GriffonNameUtilsTests" time="0.002"/>
  <testcase name="testCapitalize" classname="griffon.util.GriffonNameUtilsTests" time="0.002"/>
  <testcase name="testGetPropertyNameRepresentation" classname="griffon.util.GriffonNameUtilsTests" time="0.003"/>
  <system-out><![CDATA[]]></system-out>
  <system-err><![CDATA[]]></system-err>
</testsuite>
