<?xml version="1.0" encoding="UTF-8"?>
<testsuite name="org.codehaus.griffon.runtime.core.AbstractUIThreadHandlerSpec" tests="7" skipped="0" failures="0" errors="0" timestamp="2016-02-20T16:59:40" hostname="testing-gce-73474144-e0a6-409c-856a-e133ca21783e.c.eco-emissary-99515.internal" time="0.029">
  <properties/>
  <testcase name="Query if UI thread" classname="org.codehaus.griffon.runtime.core.AbstractUIThreadHandlerSpec" time="0.019"/>
  <testcase name="Execute callable inside UI sync" classname="org.codehaus.griffon.runtime.core.AbstractUIThreadHandlerSpec" time="0.002"/>
  <testcase name="Execute runnable inside UI sync" classname="org.codehaus.griffon.runtime.core.AbstractUIThreadHandlerSpec" time="0.001"/>
  <testcase name="Execute runnable inside UI async" classname="org.codehaus.griffon.runtime.core.AbstractUIThreadHandlerSpec" time="0.001"/>
  <testcase name="Execute runnable outside UI" classname="org.codehaus.griffon.runtime.core.AbstractUIThreadHandlerSpec" time="0.001"/>
  <testcase name="Execute future" classname="org.codehaus.griffon.runtime.core.AbstractUIThreadHandlerSpec" time="0.002"/>
  <testcase name="Execute future with ExecutorService" classname="org.codehaus.griffon.runtime.core.AbstractUIThreadHandlerSpec" time="0.001"/>
  <system-out><![CDATA[]]></system-out>
  <system-err><![CDATA[]]></system-err>
</testsuite>
