<?xml version="1.0" encoding="UTF-8"?>
<testsuite name="griffon.util.ServiceLoaderUtilsSpec" tests="3" skipped="0" failures="0" errors="0" timestamp="2016-02-27T21:21:36" hostname="testing-gce-1851b2cd-78ae-40af-bbe9-e999639da49f.c.eco-emissary-99515.internal" time="0.009">
  <properties/>
  <testcase name="Read service entries from META-INF/entry/" classname="griffon.util.ServiceLoaderUtilsSpec" time="0.007"/>
  <testcase name="Read service entries from META-INF/entry" classname="griffon.util.ServiceLoaderUtilsSpec" time="0.001"/>
  <testcase name="Read service entries from META-INF/bogus" classname="griffon.util.ServiceLoaderUtilsSpec" time="0.001"/>
  <system-out><![CDATA[]]></system-out>
  <system-err><![CDATA[[Test worker] DEBUG griffon.util.ServiceLoaderUtils - Reading java.lang.String definitions from file:/home/travis/build/griffon/griffon/subprojects/griffon-core/build/resources/test/META-INF/entry/java.lang.String
[Test worker] DEBUG griffon.util.ServiceLoaderUtils - Reading java.lang.String definitions from file:/home/travis/build/griffon/griffon/subprojects/griffon-core/build/resources/test/META-INF/entry/java.lang.String
]]></system-err>
</testsuite>
