<?xml version="1.0" encoding="UTF-8"?>
<testsuite name="org.codehaus.griffon.runtime.core.i18n.CustomMessageSourceTests" tests="6" skipped="0" failures="0" errors="0" timestamp="2016-02-28T19:17:36" hostname="testing-gce-a656eb57-9f6a-4b12-9001-88250ddef53b.c.eco-emissary-99515.internal" time="0.043">
  <properties/>
  <testcase name="exerciseAllExceptionThrowingMethods" classname="org.codehaus.griffon.runtime.core.i18n.CustomMessageSourceTests" time="0.029"/>
  <testcase name="resolveMessageValueWithReferencedKey" classname="org.codehaus.griffon.runtime.core.i18n.CustomMessageSourceTests" time="0.001"/>
  <testcase name="invalidKeysInResourceBundle" classname="org.codehaus.griffon.runtime.core.i18n.CustomMessageSourceTests" time="0.001"/>
  <testcase name="exerciseAllMethodsWithDefaultMessage" classname="org.codehaus.griffon.runtime.core.i18n.CustomMessageSourceTests" time="0.007"/>
  <testcase name="getAllDefinedMessages" classname="org.codehaus.griffon.runtime.core.i18n.CustomMessageSourceTests" time="0.002"/>
  <testcase name="exerciseFormatMessage" classname="org.codehaus.griffon.runtime.core.i18n.CustomMessageSourceTests" time="0.002"/>
  <system-out><![CDATA[]]></system-out>
  <system-err><![CDATA[]]></system-err>
</testsuite>
