<?xml version="1.0" encoding="UTF-8"?>
<testsuite name="griffon.core.env.RunModeTests" tests="3" skipped="0" failures="0" errors="0" timestamp="2015-08-24T10:39:51" hostname="testing-worker-linux-a01deac5-2-15736-linux-2-76958255" time="0.014">
  <properties/>
  <testcase name="testGetCurrent" classname="griffon.core.env.RunModeTests" time="0.011"/>
  <testcase name="testIsSystemSet" classname="griffon.core.env.RunModeTests" time="0.002"/>
  <testcase name="testGetRunMode" classname="griffon.core.env.RunModeTests" time="0.001"/>
  <system-out><![CDATA[]]></system-out>
  <system-err><![CDATA[]]></system-err>
</testsuite>
