<?xml version="1.0" encoding="UTF-8"?>
<testsuite name="griffon.core.env.EnvironmentTests" tests="3" skipped="0" failures="0" errors="0" timestamp="2015-08-09T16:00:06" hostname="testing-worker-linux-a01deac5-1-15681-linux-14-74805918" time="0.023">
  <properties/>
  <testcase name="testGetEnvironment" classname="griffon.core.env.EnvironmentTests" time="0.006"/>
  <testcase name="testSystemPropertyOverridesMetadata" classname="griffon.core.env.EnvironmentTests" time="0.016"/>
  <testcase name="testGetCurrent" classname="griffon.core.env.EnvironmentTests" time="0.001"/>
  <system-out><![CDATA[]]></system-out>
  <system-err><![CDATA[]]></system-err>
</testsuite>
