<?xml version="1.0" encoding="UTF-8"?>
<testsuite name="griffon.core.editors.LocalePropertyEditorSpec" tests="10" skipped="0" failures="0" errors="0" timestamp="2016-06-29T15:55:19" hostname="testing-gce-ab651ba3-5449-48e3-9114-bb6ab63d016c.c.travis-ci-prod-3.internal" time="0.007">
  <properties/>
  <testcase name="Locale literal 'null' should be equal to null" classname="griffon.core.editors.LocalePropertyEditorSpec" time="0.002"/>
  <testcase name="Locale literal '' should be equal to en_US" classname="griffon.core.editors.LocalePropertyEditorSpec" time="0.001"/>
  <testcase name="Locale literal 'de' should be equal to de" classname="griffon.core.editors.LocalePropertyEditorSpec" time="0.0"/>
  <testcase name="Locale literal 'de_CH' should be equal to de_CH" classname="griffon.core.editors.LocalePropertyEditorSpec" time="0.0"/>
  <testcase name="Locale literal 'de_CH_Basel' should be equal to de_CH_Basel" classname="griffon.core.editors.LocalePropertyEditorSpec" time="0.001"/>
  <testcase name="Locale literal 'en_US' should be equal to en_US" classname="griffon.core.editors.LocalePropertyEditorSpec" time="0.0"/>
  <testcase name="Invalid biginteger literal '1'" classname="griffon.core.editors.LocalePropertyEditorSpec" time="0.001"/>
  <testcase name="Invalid biginteger literal '[]'" classname="griffon.core.editors.LocalePropertyEditorSpec" time="0.0"/>
  <testcase name="Invalid biginteger literal '[:]'" classname="griffon.core.editors.LocalePropertyEditorSpec" time="0.001"/>
  <testcase name="Invalid biginteger literal 'java.lang.Object@47646bf4'" classname="griffon.core.editors.LocalePropertyEditorSpec" time="0.0"/>
  <system-out><![CDATA[]]></system-out>
  <system-err><![CDATA[]]></system-err>
</testsuite>
