<?xml version="1.0" encoding="UTF-8"?>
<testsuite name="griffon.core.env.RunModeTests" tests="3" failures="0" errors="0" timestamp="2014-03-05T20:05:56" hostname="testing-worker-linux-8-1-23366-linux-6-20159515" time="0.066">
  <properties/>
  <testcase name="testGetCurrent" classname="griffon.core.env.RunModeTests" time="0.041"/>
  <testcase name="testIsSystemSet" classname="griffon.core.env.RunModeTests" time="0.013"/>
  <testcase name="testGetRunMode" classname="griffon.core.env.RunModeTests" time="0.01"/>
  <system-out><![CDATA[]]></system-out>
  <system-err><![CDATA[]]></system-err>
</testsuite>
