<?xml version="1.0" encoding="UTF-8"?>
<testsuite name="griffon.exceptions.InstanceMethodInvocationExceptionSpec" tests="1" skipped="0" failures="0" errors="0" timestamp="2015-07-31T08:52:51" hostname="testing-worker-linux-c55820f2-2-8268-linux-8-73519116" time="0.105">
  <properties/>
  <testcase name="Exception should have proper formatted message" classname="griffon.exceptions.InstanceMethodInvocationExceptionSpec" time="0.105"/>
  <system-out><![CDATA[]]></system-out>
  <system-err><![CDATA[]]></system-err>
</testsuite>
