<?xml version="1.0" encoding="UTF-8"?>
<testsuite name="griffon.core.ObservableContextSpec" tests="2" skipped="0" failures="0" errors="0" timestamp="2015-09-03T12:15:09" hostname="testing-worker-linux-380b67c9-1-19948-linux-1-78563527" time="0.09">
  <properties/>
  <testcase name="Exercise listener methods" classname="griffon.core.ObservableContextSpec" time="0.076"/>
  <testcase name="Listen to context events" classname="griffon.core.ObservableContextSpec" time="0.014"/>
  <system-out><![CDATA[]]></system-out>
  <system-err><![CDATA[]]></system-err>
</testsuite>
