<?xml version="1.0" encoding="UTF-8"?>
<testsuite name="griffon.core.formatters.DoubleFormatterSpec" tests="11" skipped="0" failures="0" errors="0" timestamp="2015-09-09T16:26:40" hostname="testing-worker-linux-a1362517-2-8611-linux-1-79504407" time="0.022">
  <properties/>
  <testcase name="Double '100.0' produces literal '100.0'" classname="griffon.core.formatters.DoubleFormatterSpec" time="0.006"/>
  <testcase name="Double 'null' with pattern 'currency' produces literal 'null'" classname="griffon.core.formatters.DoubleFormatterSpec" time="0.001"/>
  <testcase name="Double 'null' with pattern 'percent' produces literal 'null'" classname="griffon.core.formatters.DoubleFormatterSpec" time="0.001"/>
  <testcase name="Double '100.0' with pattern 'currency' produces literal '$100.00'" classname="griffon.core.formatters.DoubleFormatterSpec" time="0.001"/>
  <testcase name="Double '1.0' with pattern 'percent' produces literal '100%'" classname="griffon.core.formatters.DoubleFormatterSpec" time="0.0"/>
  <testcase name="Double '100.0' with pattern 'null' produces literal '100.0'" classname="griffon.core.formatters.DoubleFormatterSpec" time="0.0"/>
  <testcase name="Double '100.0' with pattern '' produces literal '100.0'" classname="griffon.core.formatters.DoubleFormatterSpec" time="0.001"/>
  <testcase name="Double '20.0' with pattern '##.0' produces literal '20.0'" classname="griffon.core.formatters.DoubleFormatterSpec" time="0.0"/>
  <testcase name="Parse error for pattern 'currency' with literal 'abc'" classname="griffon.core.formatters.DoubleFormatterSpec" time="0.007"/>
  <testcase name="Parse error for pattern 'percent' with literal 'abc'" classname="griffon.core.formatters.DoubleFormatterSpec" time="0.001"/>
  <testcase name="Illegal pattern ';garbage*@%&amp;'" classname="griffon.core.formatters.DoubleFormatterSpec" time="0.001"/>
  <system-out><![CDATA[]]></system-out>
  <system-err><![CDATA[]]></system-err>
</testsuite>
