<?xml version="1.0" encoding="UTF-8"?>
<testsuite name="integration.MVCGroupSpec" tests="4" skipped="0" failures="0" errors="0" timestamp="2014-11-20T16:06:01" hostname="testing-worker-linux-4-2-26826-linux-12-41614511" time="0.156">
  <properties/>
  <testcase name="Bootstrap application" classname="integration.MVCGroupSpec" time="0.093"/>
  <testcase name="Creating an MVCGroup through the MVCGroupManager does not set implicit parent group" classname="integration.MVCGroupSpec" time="0.022"/>
  <testcase name="Creating an MVCGroup through a group does set implicit parent group" classname="integration.MVCGroupSpec" time="0.02"/>
  <testcase name="Creating an MVCGroup through an artifact does set implicit parent group" classname="integration.MVCGroupSpec" time="0.021"/>
  <system-out><![CDATA[{application=integration.TestGriffonApplication@4a851ae1, mvcType=sample, mvcId=sample, configuration=MVCGroupConfiguration{mvcType='sample', members={model=integration.SimpleModel, view=integration.SimpleView, controller=integration.SimpleController}, config={}}, model=integration.SimpleModel@2406952f, view=integration.SimpleView@3745f5dc, controller=integration.SimpleController@322aa36b, mvcGroup=org.codehaus.griffon.runtime.core.mvc.DefaultMVCGroup@692daf16[sample:sample]}
{application=integration.TestGriffonApplication@4a851ae1, mvcType=simple, mvcId=simple, configuration=MVCGroupConfiguration{mvcType='simple', members={model=integration.SimpleModel, view=integration.SimpleView, controller=integration.SimpleController}, config={}}, model=integration.SimpleModel@19d2def, view=integration.SimpleView@1a0a8aeb, controller=integration.SimpleController@7224de47, mvcGroup=org.codehaus.griffon.runtime.core.mvc.DefaultMVCGroup@3ebb89a2[simple:simple]}
{application=integration.TestGriffonApplication@4a851ae1, mvcType=simple, mvcId=parent1, configuration=MVCGroupConfiguration{mvcType='simple', members={model=integration.SimpleModel, view=integration.SimpleView, controller=integration.SimpleController}, config={}}, model=integration.SimpleModel@71945272, view=integration.SimpleView@7ccaa3ce, controller=integration.SimpleController@344ed7f5, mvcGroup=org.codehaus.griffon.runtime.core.mvc.DefaultMVCGroup@3daa957d[simple:parent1]}
{application=integration.TestGriffonApplication@4a851ae1, mvcType=simple, mvcId=simple, configuration=MVCGroupConfiguration{mvcType='simple', members={model=integration.SimpleModel, view=integration.SimpleView, controller=integration.SimpleController}, config={}}, parentGroup=org.codehaus.griffon.runtime.core.mvc.DefaultMVCGroup@3daa957d[simple:parent1], parentModel=integration.SimpleModel@71945272, parentView=integration.SimpleView@7ccaa3ce, parentController=integration.SimpleController@344ed7f5, model=integration.SimpleModel@7001f812, view=integration.SimpleView@2d3205a5, controller=integration.SimpleController@2edf2588, mvcGroup=org.codehaus.griffon.runtime.core.mvc.DefaultMVCGroup@79554a2[simple:simple]}
{application=integration.TestGriffonApplication@4a851ae1, mvcType=simple, mvcId=parent2, configuration=MVCGroupConfiguration{mvcType='simple', members={model=integration.SimpleModel, view=integration.SimpleView, controller=integration.SimpleController}, config={}}, model=integration.SimpleModel@18d5c039, view=integration.SimpleView@1352277c, controller=integration.SimpleController@6b7069eb, mvcGroup=org.codehaus.griffon.runtime.core.mvc.DefaultMVCGroup@553ceeb5[simple:parent2]}
{application=integration.TestGriffonApplication@4a851ae1, mvcType=simple, mvcId=simple, configuration=MVCGroupConfiguration{mvcType='simple', members={model=integration.SimpleModel, view=integration.SimpleView, controller=integration.SimpleController}, config={}}, parentGroup=org.codehaus.griffon.runtime.core.mvc.DefaultMVCGroup@553ceeb5[simple:parent2], parentModel=integration.SimpleModel@18d5c039, parentView=integration.SimpleView@1352277c, parentController=integration.SimpleController@6b7069eb, model=integration.SimpleModel@29143eb0, view=integration.SimpleView@643b4bf3, controller=integration.SimpleController@7984050b, mvcGroup=org.codehaus.griffon.runtime.core.mvc.DefaultMVCGroup@e5cb3ed[simple:simple]}
]]></system-out>
  <system-err><![CDATA[[Test worker] INFO org.codehaus.griffon.runtime.core.DefaultApplicationBootstrapper - Griffon 2.1.0-SNAPSHOT
[Test worker] INFO org.codehaus.griffon.runtime.core.DefaultApplicationBootstrapper - Build: 2014-11-20T16:01:19.642+0000
[Test worker] INFO org.codehaus.griffon.runtime.core.DefaultApplicationBootstrapper - JVM: 1.8.0_25 (Oracle Corporation 25.25-b02)
[Test worker] INFO org.codehaus.griffon.runtime.core.DefaultApplicationBootstrapper - OS: Linux 2.6.32-042stab090.5 amd64
[Test worker] INFO integration.TestGriffonApplication - Initializing all startup groups: [integration]
[Test worker] INFO integration.TestGriffonApplication - Initializing all integrationÂ startup groups: [sample]
[Test worker] INFO integration.TestGriffonApplication - Shutdown is in process
]]></system-err>
</testsuite>
