<?xml version="1.0" encoding="UTF-8"?>
<testsuite name="integration.MVCGroupSpec" tests="4" skipped="0" failures="0" errors="0" timestamp="2014-11-01T09:58:28" hostname="testing-worker-linux-2-2-4532-linux-2-39675581" time="0.189">
  <properties/>
  <testcase name="Bootstrap application" classname="integration.MVCGroupSpec" time="0.12"/>
  <testcase name="Creating an MVCGroup through the MVCGroupManager does not set implicit parent group" classname="integration.MVCGroupSpec" time="0.022"/>
  <testcase name="Creating an MVCGroup through a group does set implicit parent group" classname="integration.MVCGroupSpec" time="0.021"/>
  <testcase name="Creating an MVCGroup through an artifact does set implicit parent group" classname="integration.MVCGroupSpec" time="0.026"/>
  <system-out><![CDATA[{application=integration.TestGriffonApplication@7a8e9947, mvcType=sample, mvcId=sample, configuration=MVCGroupConfiguration{mvcType='sample', members={model=integration.SimpleModel, view=integration.SimpleView, controller=integration.SimpleController}, config={}}, model=integration.SimpleModel@16dd9535, view=integration.SimpleView@6db54474, controller=integration.SimpleController@5a00a7ea, mvcGroup=org.codehaus.griffon.runtime.core.mvc.DefaultMVCGroup@5a4ecf3c[sample:sample]}
{application=integration.TestGriffonApplication@7a8e9947, mvcType=simple, mvcId=simple, configuration=MVCGroupConfiguration{mvcType='simple', members={model=integration.SimpleModel, view=integration.SimpleView, controller=integration.SimpleController}, config={}}, model=integration.SimpleModel@42762ad6, view=integration.SimpleView@740925a6, controller=integration.SimpleController@f786189, mvcGroup=org.codehaus.griffon.runtime.core.mvc.DefaultMVCGroup@160a5f74[simple:simple]}
{application=integration.TestGriffonApplication@7a8e9947, mvcType=simple, mvcId=parent1, configuration=MVCGroupConfiguration{mvcType='simple', members={model=integration.SimpleModel, view=integration.SimpleView, controller=integration.SimpleController}, config={}}, model=integration.SimpleModel@7a015382, view=integration.SimpleView@244809f1, controller=integration.SimpleController@7482c3e5, mvcGroup=org.codehaus.griffon.runtime.core.mvc.DefaultMVCGroup@4871ea50[simple:parent1]}
{application=integration.TestGriffonApplication@7a8e9947, mvcType=simple, mvcId=simple, configuration=MVCGroupConfiguration{mvcType='simple', members={model=integration.SimpleModel, view=integration.SimpleView, controller=integration.SimpleController}, config={}}, parentGroup=org.codehaus.griffon.runtime.core.mvc.DefaultMVCGroup@4871ea50[simple:parent1], parentModel=integration.SimpleModel@7a015382, parentView=integration.SimpleView@244809f1, parentController=integration.SimpleController@7482c3e5, model=integration.SimpleModel@204da5f1, view=integration.SimpleView@17465d8, controller=integration.SimpleController@3947d732, mvcGroup=org.codehaus.griffon.runtime.core.mvc.DefaultMVCGroup@64026fba[simple:simple]}
{application=integration.TestGriffonApplication@7a8e9947, mvcType=simple, mvcId=parent2, configuration=MVCGroupConfiguration{mvcType='simple', members={model=integration.SimpleModel, view=integration.SimpleView, controller=integration.SimpleController}, config={}}, model=integration.SimpleModel@3bae76bf, view=integration.SimpleView@1e6b37d2, controller=integration.SimpleController@71dd9bd8, mvcGroup=org.codehaus.griffon.runtime.core.mvc.DefaultMVCGroup@2f5e7ff5[simple:parent2]}
{application=integration.TestGriffonApplication@7a8e9947, mvcType=simple, mvcId=simple, configuration=MVCGroupConfiguration{mvcType='simple', members={model=integration.SimpleModel, view=integration.SimpleView, controller=integration.SimpleController}, config={}}, parentGroup=org.codehaus.griffon.runtime.core.mvc.DefaultMVCGroup@2f5e7ff5[simple:parent2], parentModel=integration.SimpleModel@3bae76bf, parentView=integration.SimpleView@1e6b37d2, parentController=integration.SimpleController@71dd9bd8, model=integration.SimpleModel@6900432e, view=integration.SimpleView@35ce157c, controller=integration.SimpleController@695feeb, mvcGroup=org.codehaus.griffon.runtime.core.mvc.DefaultMVCGroup@2880374[simple:simple]}
]]></system-out>
  <system-err><![CDATA[[Test worker] INFO org.codehaus.griffon.runtime.core.DefaultApplicationBootstrapper - Griffon 2.1.0-SNAPSHOT
[Test worker] INFO org.codehaus.griffon.runtime.core.DefaultApplicationBootstrapper - Build: 2014-11-01T09:54:10.525+0000
[Test worker] INFO org.codehaus.griffon.runtime.core.DefaultApplicationBootstrapper - JVM: 1.8.0_25 (Oracle Corporation 25.25-b02)
[Test worker] INFO org.codehaus.griffon.runtime.core.DefaultApplicationBootstrapper - OS: Linux 2.6.32-042stab090.5 amd64
[Test worker] INFO integration.TestGriffonApplication - Initializing all startup groups: [integration]
[Test worker] INFO integration.TestGriffonApplication - Initializing all integrationÂ startup groups: [sample]
[Test worker] INFO integration.TestGriffonApplication - Shutdown is in process
]]></system-err>
</testsuite>
