<?xml version="1.0" encoding="UTF-8"?>
<testsuite name="griffon.exceptions.TypeNotFoundExceptionSpec" tests="3" skipped="0" failures="0" errors="0" timestamp="2016-04-25T07:28:49" hostname="testing-gce-ab2571da-5ef7-4f87-8f15-15f31fc64fba.c.travis-ci-prod-4.internal" time="0.005">
  <properties/>
  <testcase name="Exception should have proper formatted message[0]" classname="griffon.exceptions.TypeNotFoundExceptionSpec" time="0.004"/>
  <testcase name="Exception should have proper formatted message[1]" classname="griffon.exceptions.TypeNotFoundExceptionSpec" time="0.0"/>
  <testcase name="Exception should have proper formatted message[2]" classname="griffon.exceptions.TypeNotFoundExceptionSpec" time="0.0"/>
  <system-out><![CDATA[]]></system-out>
  <system-err><![CDATA[]]></system-err>
</testsuite>
