<?xml version="1.0" encoding="UTF-8"?>
<testsuite name="griffon.core.env.RunModeTests" tests="3" skipped="0" failures="0" errors="0" timestamp="2014-07-03T12:25:57" hostname="testing-worker-linux-8-2-12586-linux-6-29051384" time="0.018">
  <properties/>
  <testcase name="testGetCurrent" classname="griffon.core.env.RunModeTests" time="0.011"/>
  <testcase name="testIsSystemSet" classname="griffon.core.env.RunModeTests" time="0.002"/>
  <testcase name="testGetRunMode" classname="griffon.core.env.RunModeTests" time="0.003"/>
  <system-out><![CDATA[]]></system-out>
  <system-err><![CDATA[]]></system-err>
</testsuite>
