<?xml version="1.0" encoding="UTF-8"?>
<testsuite name="griffon.util.GriffonNameUtilsTest" tests="19" skipped="0" failures="0" errors="0" timestamp="2016-03-04T07:24:21" hostname="testing-gce-f87ad77f-aa67-4170-be46-78b076d1c53f.c.eco-emissary-99515.internal" time="0.076">
  <properties/>
  <testcase name="testGetClassNameRepresentation" classname="griffon.util.GriffonNameUtilsTest" time="0.016"/>
  <testcase name="testGetLogicalName" classname="griffon.util.GriffonNameUtilsTest" time="0.001"/>
  <testcase name="testQuote" classname="griffon.util.GriffonNameUtilsTest" time="0.002"/>
  <testcase name="testGetShortName" classname="griffon.util.GriffonNameUtilsTest" time="0.004"/>
  <testcase name="testUnquote" classname="griffon.util.GriffonNameUtilsTest" time="0.001"/>
  <testcase name="testGetHyphenatedName" classname="griffon.util.GriffonNameUtilsTest" time="0.017"/>
  <testcase name="testGetGetterName" classname="griffon.util.GriffonNameUtilsTest" time="0.002"/>
  <testcase name="testGetNaturalName" classname="griffon.util.GriffonNameUtilsTest" time="0.002"/>
  <testcase name="testGetLogicalPropertyName" classname="griffon.util.GriffonNameUtilsTest" time="0.002"/>
  <testcase name="testGetPropertyName" classname="griffon.util.GriffonNameUtilsTest" time="0.002"/>
  <testcase name="testGetLogicalPropertyNameForArtefactWithSingleCharacterName" classname="griffon.util.GriffonNameUtilsTest" time="0.0"/>
  <testcase name="testGetClassName" classname="griffon.util.GriffonNameUtilsTest" time="0.012"/>
  <testcase name="testUncapitalize" classname="griffon.util.GriffonNameUtilsTest" time="0.002"/>
  <testcase name="testGetSetterName" classname="griffon.util.GriffonNameUtilsTest" time="0.001"/>
  <testcase name="testIsBlank" classname="griffon.util.GriffonNameUtilsTest" time="0.002"/>
  <testcase name="testCapitalize" classname="griffon.util.GriffonNameUtilsTest" time="0.001"/>
  <testcase name="testGetLogicalPropertyNameForArtefactWithAllUpperCaseName" classname="griffon.util.GriffonNameUtilsTest" time="0.0"/>
  <testcase name="testGetClassNameForLowerCaseHyphenSeparatedName" classname="griffon.util.GriffonNameUtilsTest" time="0.001"/>
  <testcase name="testGetPropertyNameRepresentation" classname="griffon.util.GriffonNameUtilsTest" time="0.002"/>
  <system-out><![CDATA[]]></system-out>
  <system-err><![CDATA[]]></system-err>
</testsuite>
