<?xml version="1.0" encoding="UTF-8"?>
<testsuite name="griffon.exceptions.StaticMethodInvocationExceptionSpec" tests="2" skipped="0" failures="0" errors="0" timestamp="2015-12-01T07:21:10" hostname="testing-worker-linux-226df11e-2-498-linux-11-94107523" time="0.003">
  <properties/>
  <testcase name="Exception should have proper formatted message[0]" classname="griffon.exceptions.StaticMethodInvocationExceptionSpec" time="0.002"/>
  <testcase name="Exception should have proper formatted message[1]" classname="griffon.exceptions.StaticMethodInvocationExceptionSpec" time="0.0"/>
  <system-out><![CDATA[]]></system-out>
  <system-err><![CDATA[]]></system-err>
</testsuite>
