<?xml version="1.0" encoding="UTF-8"?>
<testsuite name="org.codehaus.griffon.runtime.core.controller.DefaultToolkitActionSpec" tests="1" skipped="0" failures="0" errors="0" timestamp="2014-07-16T15:40:09" hostname="testing-worker-linux-4-2-3212-linux-7-30081874" time="0.018">
  <properties/>
  <testcase name="Create and execute an action" classname="org.codehaus.griffon.runtime.core.controller.DefaultToolkitActionSpec" time="0.018"/>
  <system-out><![CDATA[]]></system-out>
  <system-err><![CDATA[]]></system-err>
</testsuite>
