<?xml version="1.0" encoding="UTF-8"?>
<testsuite name="griffon.exceptions.InstanceNotFoundExceptionSpec" tests="4" skipped="0" failures="0" errors="0" timestamp="2016-06-25T21:34:06" hostname="testing-gce-ad60b4e0-567f-4a47-892f-1eda72092bc5.c.travis-ci-prod-5.internal" time="0.009">
  <properties/>
  <testcase name="Exception should have proper formatted message[0]" classname="griffon.exceptions.InstanceNotFoundExceptionSpec" time="0.007"/>
  <testcase name="Exception should have proper formatted message[1]" classname="griffon.exceptions.InstanceNotFoundExceptionSpec" time="0.001"/>
  <testcase name="Exception should have proper formatted message[2]" classname="griffon.exceptions.InstanceNotFoundExceptionSpec" time="0.0"/>
  <testcase name="Exception should have proper formatted message[3]" classname="griffon.exceptions.InstanceNotFoundExceptionSpec" time="0.001"/>
  <system-out><![CDATA[]]></system-out>
  <system-err><![CDATA[]]></system-err>
</testsuite>
