<?xml version="1.0" encoding="UTF-8"?>
<testsuite name="integration.MVCGroupSpec" tests="4" skipped="0" failures="0" errors="0" timestamp="2015-02-14T23:56:11" hostname="testing-worker-linux-027f0490-2-7771-linux-10-50792734" time="0.272">
  <properties/>
  <testcase name="Bootstrap application" classname="integration.MVCGroupSpec" time="0.197"/>
  <testcase name="Creating an MVCGroup through the MVCGroupManager does not set implicit parent group" classname="integration.MVCGroupSpec" time="0.029"/>
  <testcase name="Creating an MVCGroup through a group does set implicit parent group" classname="integration.MVCGroupSpec" time="0.023"/>
  <testcase name="Creating an MVCGroup through an artifact does set implicit parent group" classname="integration.MVCGroupSpec" time="0.023"/>
  <system-out><![CDATA[{application=integration.TestGriffonApplication@4cdec84f, mvcType=sample, mvcId=sample, configuration=MVCGroupConfiguration{mvcType='sample', members={model=integration.SimpleModel, view=integration.SimpleView, controller=integration.SimpleController}, config={}}, model=integration.SimpleModel@6247f711, view=integration.SimpleView@1346da80, controller=integration.SimpleController@5bd92154, mvcGroup=org.codehaus.griffon.runtime.core.mvc.DefaultMVCGroup@442040a8[sample:sample]}
{application=integration.TestGriffonApplication@4cdec84f, mvcType=simple, mvcId=simple, configuration=MVCGroupConfiguration{mvcType='simple', members={model=integration.SimpleModel, view=integration.SimpleView, controller=integration.SimpleController}, config={}}, model=integration.SimpleModel@179f7afc, view=integration.SimpleView@73459cba, controller=integration.SimpleController@566a5759, mvcGroup=org.codehaus.griffon.runtime.core.mvc.DefaultMVCGroup@1e75769[simple:simple]}
{application=integration.TestGriffonApplication@4cdec84f, mvcType=simple, mvcId=parent1, configuration=MVCGroupConfiguration{mvcType='simple', members={model=integration.SimpleModel, view=integration.SimpleView, controller=integration.SimpleController}, config={}}, model=integration.SimpleModel@d0f7847, view=integration.SimpleView@7c941ed8, controller=integration.SimpleController@2dda12bb, mvcGroup=org.codehaus.griffon.runtime.core.mvc.DefaultMVCGroup@5aaadda1[simple:parent1]}
{application=integration.TestGriffonApplication@4cdec84f, mvcType=simple, mvcId=simple, configuration=MVCGroupConfiguration{mvcType='simple', members={model=integration.SimpleModel, view=integration.SimpleView, controller=integration.SimpleController}, config={}}, parentGroup=org.codehaus.griffon.runtime.core.mvc.DefaultMVCGroup@5aaadda1[simple:parent1], parentModel=integration.SimpleModel@d0f7847, parentView=integration.SimpleView@7c941ed8, parentController=integration.SimpleController@2dda12bb, model=integration.SimpleModel@156eac4, view=integration.SimpleView@273e67ce, controller=integration.SimpleController@288d1504, mvcGroup=org.codehaus.griffon.runtime.core.mvc.DefaultMVCGroup@4e3e2477[simple:simple]}
{application=integration.TestGriffonApplication@4cdec84f, mvcType=simple, mvcId=parent2, configuration=MVCGroupConfiguration{mvcType='simple', members={model=integration.SimpleModel, view=integration.SimpleView, controller=integration.SimpleController}, config={}}, model=integration.SimpleModel@27fdab41, view=integration.SimpleView@4315a78, controller=integration.SimpleController@c1792a8, mvcGroup=org.codehaus.griffon.runtime.core.mvc.DefaultMVCGroup@6e976fde[simple:parent2]}
{application=integration.TestGriffonApplication@4cdec84f, mvcType=simple, mvcId=simple, configuration=MVCGroupConfiguration{mvcType='simple', members={model=integration.SimpleModel, view=integration.SimpleView, controller=integration.SimpleController}, config={}}, parentGroup=org.codehaus.griffon.runtime.core.mvc.DefaultMVCGroup@6e976fde[simple:parent2], parentModel=integration.SimpleModel@27fdab41, parentView=integration.SimpleView@4315a78, parentController=integration.SimpleController@c1792a8, model=integration.SimpleModel@4f183aae, view=integration.SimpleView@38a278a5, controller=integration.SimpleController@227a3fb0, mvcGroup=org.codehaus.griffon.runtime.core.mvc.DefaultMVCGroup@1a9b65d3[simple:simple]}
]]></system-out>
  <system-err><![CDATA[[Test worker] INFO org.codehaus.griffon.runtime.core.DefaultApplicationBootstrapper - Griffon 2.2.0-SNAPSHOT
[Test worker] INFO org.codehaus.griffon.runtime.core.DefaultApplicationBootstrapper - Build: 2015-02-14T23:52:34.079+0000
[Test worker] INFO org.codehaus.griffon.runtime.core.DefaultApplicationBootstrapper - JVM: 1.8.0_31 (Oracle Corporation 25.31-b07)
[Test worker] INFO org.codehaus.griffon.runtime.core.DefaultApplicationBootstrapper - OS: Linux 2.6.32-042stab094.7 amd64
[Test worker] INFO integration.TestGriffonApplication - Initializing all startup groups: [integration]
[Test worker] INFO integration.TestGriffonApplication - Initializing all integrationÂ startup groups: [sample]
[Test worker] INFO integration.TestGriffonApplication - Shutdown is in process
]]></system-err>
</testsuite>
