<?xml version="1.0" encoding="UTF-8"?>
<testsuite name="org.codehaus.griffon.runtime.core.controller.DefaultToolkitActionSpec" tests="1" skipped="0" failures="0" errors="0" timestamp="2014-07-10T13:09:08" hostname="testing-worker-linux-8-2-20601-linux-12-29597711" time="0.022">
  <properties/>
  <testcase name="Create and execute an action" classname="org.codehaus.griffon.runtime.core.controller.DefaultToolkitActionSpec" time="0.022"/>
  <system-out><![CDATA[]]></system-out>
  <system-err><![CDATA[]]></system-err>
</testsuite>
