<?xml version="1.0" encoding="UTF-8"?>
<testsuite name="org.codehaus.griffon.runtime.core.artifact.GriffonArtifactSpec" tests="25" skipped="0" failures="0" errors="0" timestamp="2015-05-07T06:01:35" hostname="testing-worker-linux-f25aadab-1-20168-linux-16-61572399" time="1.224">
  <properties/>
  <testcase name="Bootstrap application" classname="org.codehaus.griffon.runtime.core.artifact.GriffonArtifactSpec" time="0.844"/>
  <testcase name="Verify withMvcGroup(type , handler)" classname="org.codehaus.griffon.runtime.core.artifact.GriffonArtifactSpec" time="0.052"/>
  <testcase name="Verify withMvcGroup(type, id , handler)" classname="org.codehaus.griffon.runtime.core.artifact.GriffonArtifactSpec" time="0.024"/>
  <testcase name="Verify withMvcGroup(type, id, map , handler)" classname="org.codehaus.griffon.runtime.core.artifact.GriffonArtifactSpec" time="0.022"/>
  <testcase name="Verify withMvcGroup(type, map , handler)" classname="org.codehaus.griffon.runtime.core.artifact.GriffonArtifactSpec" time="0.022"/>
  <testcase name="Verify withMvcGroup(map, type, id , handler)" classname="org.codehaus.griffon.runtime.core.artifact.GriffonArtifactSpec" time="0.027"/>
  <testcase name="Verify withMvcGroup(map, type , handler)" classname="org.codehaus.griffon.runtime.core.artifact.GriffonArtifactSpec" time="0.026"/>
  <testcase name="Verify createMVCGroup(type)" classname="org.codehaus.griffon.runtime.core.artifact.GriffonArtifactSpec" time="0.01"/>
  <testcase name="Verify createMVCGroup(type, id)" classname="org.codehaus.griffon.runtime.core.artifact.GriffonArtifactSpec" time="0.016"/>
  <testcase name="Verify createMVCGroup(type, map)" classname="org.codehaus.griffon.runtime.core.artifact.GriffonArtifactSpec" time="0.016"/>
  <testcase name="Verify createMVCGroup(map, type)" classname="org.codehaus.griffon.runtime.core.artifact.GriffonArtifactSpec" time="0.017"/>
  <testcase name="Verify createMVCGroup(type, id, map)" classname="org.codehaus.griffon.runtime.core.artifact.GriffonArtifactSpec" time="0.009"/>
  <testcase name="Verify createMVCGroup(map, type, id)" classname="org.codehaus.griffon.runtime.core.artifact.GriffonArtifactSpec" time="0.015"/>
  <testcase name="Verify createMVC(type)" classname="org.codehaus.griffon.runtime.core.artifact.GriffonArtifactSpec" time="0.02"/>
  <testcase name="Verify createMVC(type, id)" classname="org.codehaus.griffon.runtime.core.artifact.GriffonArtifactSpec" time="0.01"/>
  <testcase name="Verify createMVC(type, map)" classname="org.codehaus.griffon.runtime.core.artifact.GriffonArtifactSpec" time="0.013"/>
  <testcase name="Verify createMVC(map, type)" classname="org.codehaus.griffon.runtime.core.artifact.GriffonArtifactSpec" time="0.018"/>
  <testcase name="Verify createMVC(type, id, map)" classname="org.codehaus.griffon.runtime.core.artifact.GriffonArtifactSpec" time="0.015"/>
  <testcase name="Verify createMVC(map, type, id)" classname="org.codehaus.griffon.runtime.core.artifact.GriffonArtifactSpec" time="0.014"/>
  <testcase name="Verify destroyMVCGroup(id)" classname="org.codehaus.griffon.runtime.core.artifact.GriffonArtifactSpec" time="0.008"/>
  <testcase name="Execute runnable inside UI sync" classname="org.codehaus.griffon.runtime.core.artifact.GriffonArtifactSpec" time="0.008"/>
  <testcase name="Execute runnable inside UI async" classname="org.codehaus.griffon.runtime.core.artifact.GriffonArtifactSpec" time="0.002"/>
  <testcase name="Execute runnable outside UI" classname="org.codehaus.griffon.runtime.core.artifact.GriffonArtifactSpec" time="0.002"/>
  <testcase name="Execute future" classname="org.codehaus.griffon.runtime.core.artifact.GriffonArtifactSpec" time="0.003"/>
  <testcase name="Execute future with ExecutorService" classname="org.codehaus.griffon.runtime.core.artifact.GriffonArtifactSpec" time="0.008"/>
  <system-out><![CDATA[{application=integration.TestGriffonApplication@3524d753, mvcType=sample, mvcId=sample, configuration=MVCGroupConfiguration{mvcType='sample', members={model=integration.SimpleModel, view=integration.SimpleView, controller=integration.SimpleController}, config={}}, model=integration.SimpleModel@d12d9b8, view=integration.SimpleView@7e104d19, controller=integration.SimpleController@7b47cf4e, mvcGroup=org.codehaus.griffon.runtime.core.mvc.DefaultMVCGroup@563f3020[sample:sample]}
{application=integration.TestGriffonApplication@3524d753, mvcType=simple, mvcId=simple, configuration=MVCGroupConfiguration{mvcType='simple', members={model=integration.SimpleModel, view=integration.SimpleView, controller=integration.SimpleController}, config={}}, parentGroup=org.codehaus.griffon.runtime.core.mvc.DefaultMVCGroup@70781dba[integration:integration], parentView=integration.IntegrationView@7f0580d7, parentController=integration.IntegrationController@18d855ec, parentModel=integration.IntegrationModel@3c151d49, model=integration.SimpleModel@ff3455b, view=integration.SimpleView@74ae57c9, controller=integration.SimpleController@73532608, mvcGroup=org.codehaus.griffon.runtime.core.mvc.DefaultMVCGroup@203fc596[simple:simple]}
{application=integration.TestGriffonApplication@3524d753, mvcType=simple, mvcId=simple-1, configuration=MVCGroupConfiguration{mvcType='simple', members={model=integration.SimpleModel, view=integration.SimpleView, controller=integration.SimpleController}, config={}}, parentGroup=org.codehaus.griffon.runtime.core.mvc.DefaultMVCGroup@70781dba[integration:integration], parentView=integration.IntegrationView@7f0580d7, parentController=integration.IntegrationController@18d855ec, parentModel=integration.IntegrationModel@3c151d49, model=integration.SimpleModel@609e74e9, view=integration.SimpleView@1830f90a, controller=integration.SimpleController@4cde82a2, mvcGroup=org.codehaus.griffon.runtime.core.mvc.DefaultMVCGroup@71c81a34[simple:simple-1]}
{application=integration.TestGriffonApplication@3524d753, mvcType=simple, mvcId=simple-2, configuration=MVCGroupConfiguration{mvcType='simple', members={model=integration.SimpleModel, view=integration.SimpleView, controller=integration.SimpleController}, config={}}, parentGroup=org.codehaus.griffon.runtime.core.mvc.DefaultMVCGroup@70781dba[integration:integration], key=griffon, parentView=integration.IntegrationView@7f0580d7, parentController=integration.IntegrationController@18d855ec, parentModel=integration.IntegrationModel@3c151d49, model=integration.SimpleModel@2a883b49, view=integration.SimpleView@55f920d2, controller=integration.SimpleController@5267e313, mvcGroup=org.codehaus.griffon.runtime.core.mvc.DefaultMVCGroup@3e0a3de[simple:simple-2]}
{application=integration.TestGriffonApplication@3524d753, mvcType=simple, mvcId=simple, configuration=MVCGroupConfiguration{mvcType='simple', members={model=integration.SimpleModel, view=integration.SimpleView, controller=integration.SimpleController}, config={}}, parentGroup=org.codehaus.griffon.runtime.core.mvc.DefaultMVCGroup@70781dba[integration:integration], key=griffon, parentView=integration.IntegrationView@7f0580d7, parentController=integration.IntegrationController@18d855ec, parentModel=integration.IntegrationModel@3c151d49, model=integration.SimpleModel@62ebf39d, view=integration.SimpleView@10d10e6a, controller=integration.SimpleController@149e923b, mvcGroup=org.codehaus.griffon.runtime.core.mvc.DefaultMVCGroup@5dedc048[simple:simple]}
{application=integration.TestGriffonApplication@3524d753, mvcType=simple, mvcId=simple-2, configuration=MVCGroupConfiguration{mvcType='simple', members={model=integration.SimpleModel, view=integration.SimpleView, controller=integration.SimpleController}, config={}}, parentGroup=org.codehaus.griffon.runtime.core.mvc.DefaultMVCGroup@70781dba[integration:integration], key=griffon, parentView=integration.IntegrationView@7f0580d7, parentController=integration.IntegrationController@18d855ec, parentModel=integration.IntegrationModel@3c151d49, model=integration.SimpleModel@57e3833b, view=integration.SimpleView@76ffce4e, controller=integration.SimpleController@4f0e7e9e, mvcGroup=org.codehaus.griffon.runtime.core.mvc.DefaultMVCGroup@5c875fdf[simple:simple-2]}
{application=integration.TestGriffonApplication@3524d753, mvcType=simple, mvcId=simple, configuration=MVCGroupConfiguration{mvcType='simple', members={model=integration.SimpleModel, view=integration.SimpleView, controller=integration.SimpleController}, config={}}, parentGroup=org.codehaus.griffon.runtime.core.mvc.DefaultMVCGroup@70781dba[integration:integration], key=griffon, parentView=integration.IntegrationView@7f0580d7, parentController=integration.IntegrationController@18d855ec, parentModel=integration.IntegrationModel@3c151d49, model=integration.SimpleModel@48507be, view=integration.SimpleView@793e2901, controller=integration.SimpleController@aabe6fa, mvcGroup=org.codehaus.griffon.runtime.core.mvc.DefaultMVCGroup@351caa3c[simple:simple]}
{application=integration.TestGriffonApplication@3524d753, mvcType=simple, mvcId=simple, configuration=MVCGroupConfiguration{mvcType='simple', members={model=integration.SimpleModel, view=integration.SimpleView, controller=integration.SimpleController}, config={}}, parentGroup=org.codehaus.griffon.runtime.core.mvc.DefaultMVCGroup@70781dba[integration:integration], parentView=integration.IntegrationView@7f0580d7, parentController=integration.IntegrationController@18d855ec, parentModel=integration.IntegrationModel@3c151d49, model=integration.SimpleModel@6aa5e3f8, view=integration.SimpleView@1d3958f0, controller=integration.SimpleController@45949c64, mvcGroup=org.codehaus.griffon.runtime.core.mvc.DefaultMVCGroup@4693534[simple:simple]}
{application=integration.TestGriffonApplication@3524d753, mvcType=simple, mvcId=simple-1, configuration=MVCGroupConfiguration{mvcType='simple', members={model=integration.SimpleModel, view=integration.SimpleView, controller=integration.SimpleController}, config={}}, parentGroup=org.codehaus.griffon.runtime.core.mvc.DefaultMVCGroup@70781dba[integration:integration], parentView=integration.IntegrationView@7f0580d7, parentController=integration.IntegrationController@18d855ec, parentModel=integration.IntegrationModel@3c151d49, model=integration.SimpleModel@21367441, view=integration.SimpleView@28b197fd, controller=integration.SimpleController@4e9ff039, mvcGroup=org.codehaus.griffon.runtime.core.mvc.DefaultMVCGroup@2447194b[simple:simple-1]}
{application=integration.TestGriffonApplication@3524d753, mvcType=simple, mvcId=simple, configuration=MVCGroupConfiguration{mvcType='simple', members={model=integration.SimpleModel, view=integration.SimpleView, controller=integration.SimpleController}, config={}}, parentGroup=org.codehaus.griffon.runtime.core.mvc.DefaultMVCGroup@70781dba[integration:integration], key=griffon, parentView=integration.IntegrationView@7f0580d7, parentController=integration.IntegrationController@18d855ec, parentModel=integration.IntegrationModel@3c151d49, model=integration.SimpleModel@4ec7c245, view=integration.SimpleView@5a72d429, controller=integration.SimpleController@48f683a6, mvcGroup=org.codehaus.griffon.runtime.core.mvc.DefaultMVCGroup@12e8f8d3[simple:simple]}
{application=integration.TestGriffonApplication@3524d753, mvcType=simple, mvcId=simple, configuration=MVCGroupConfiguration{mvcType='simple', members={model=integration.SimpleModel, view=integration.SimpleView, controller=integration.SimpleController}, config={}}, parentGroup=org.codehaus.griffon.runtime.core.mvc.DefaultMVCGroup@70781dba[integration:integration], key=griffon, parentView=integration.IntegrationView@7f0580d7, parentController=integration.IntegrationController@18d855ec, parentModel=integration.IntegrationModel@3c151d49, model=integration.SimpleModel@3e5be250, view=integration.SimpleView@8432cf, controller=integration.SimpleController@70153611, mvcGroup=org.codehaus.griffon.runtime.core.mvc.DefaultMVCGroup@7214dea5[simple:simple]}
{application=integration.TestGriffonApplication@3524d753, mvcType=simple, mvcId=simple-2, configuration=MVCGroupConfiguration{mvcType='simple', members={model=integration.SimpleModel, view=integration.SimpleView, controller=integration.SimpleController}, config={}}, parentGroup=org.codehaus.griffon.runtime.core.mvc.DefaultMVCGroup@70781dba[integration:integration], key=griffon, parentView=integration.IntegrationView@7f0580d7, parentController=integration.IntegrationController@18d855ec, parentModel=integration.IntegrationModel@3c151d49, model=integration.SimpleModel@727af7e0, view=integration.SimpleView@78018edd, controller=integration.SimpleController@339e0597, mvcGroup=org.codehaus.griffon.runtime.core.mvc.DefaultMVCGroup@7ff9ce4c[simple:simple-2]}
{application=integration.TestGriffonApplication@3524d753, mvcType=simple, mvcId=simple-2, configuration=MVCGroupConfiguration{mvcType='simple', members={model=integration.SimpleModel, view=integration.SimpleView, controller=integration.SimpleController}, config={}}, parentGroup=org.codehaus.griffon.runtime.core.mvc.DefaultMVCGroup@70781dba[integration:integration], key=griffon, parentView=integration.IntegrationView@7f0580d7, parentController=integration.IntegrationController@18d855ec, parentModel=integration.IntegrationModel@3c151d49, model=integration.SimpleModel@2ad6c99, view=integration.SimpleView@50f1f9bd, controller=integration.SimpleController@19c0248b, mvcGroup=org.codehaus.griffon.runtime.core.mvc.DefaultMVCGroup@63e8624e[simple:simple-2]}
{application=integration.TestGriffonApplication@3524d753, mvcType=simple, mvcId=simple, configuration=MVCGroupConfiguration{mvcType='simple', members={model=integration.SimpleModel, view=integration.SimpleView, controller=integration.SimpleController}, config={}}, parentGroup=org.codehaus.griffon.runtime.core.mvc.DefaultMVCGroup@70781dba[integration:integration], parentView=integration.IntegrationView@7f0580d7, parentController=integration.IntegrationController@18d855ec, parentModel=integration.IntegrationModel@3c151d49, model=integration.SimpleModel@5b058fc8, view=integration.SimpleView@5c6ddfd3, controller=integration.SimpleController@40f22d37, mvcGroup=org.codehaus.griffon.runtime.core.mvc.DefaultMVCGroup@1547f869[simple:simple]}
{application=integration.TestGriffonApplication@3524d753, mvcType=simple, mvcId=simple-1, configuration=MVCGroupConfiguration{mvcType='simple', members={model=integration.SimpleModel, view=integration.SimpleView, controller=integration.SimpleController}, config={}}, parentGroup=org.codehaus.griffon.runtime.core.mvc.DefaultMVCGroup@70781dba[integration:integration], parentView=integration.IntegrationView@7f0580d7, parentController=integration.IntegrationController@18d855ec, parentModel=integration.IntegrationModel@3c151d49, model=integration.SimpleModel@389cf3a9, view=integration.SimpleView@55e28d1, controller=integration.SimpleController@70b59d62, mvcGroup=org.codehaus.griffon.runtime.core.mvc.DefaultMVCGroup@56fd30ea[simple:simple-1]}
{application=integration.TestGriffonApplication@3524d753, mvcType=simple, mvcId=simple, configuration=MVCGroupConfiguration{mvcType='simple', members={model=integration.SimpleModel, view=integration.SimpleView, controller=integration.SimpleController}, config={}}, parentGroup=org.codehaus.griffon.runtime.core.mvc.DefaultMVCGroup@70781dba[integration:integration], key=griffon, parentView=integration.IntegrationView@7f0580d7, parentController=integration.IntegrationController@18d855ec, parentModel=integration.IntegrationModel@3c151d49, model=integration.SimpleModel@1898f105, view=integration.SimpleView@68416165, controller=integration.SimpleController@1dfc427e, mvcGroup=org.codehaus.griffon.runtime.core.mvc.DefaultMVCGroup@418dddc6[simple:simple]}
{application=integration.TestGriffonApplication@3524d753, mvcType=simple, mvcId=simple, configuration=MVCGroupConfiguration{mvcType='simple', members={model=integration.SimpleModel, view=integration.SimpleView, controller=integration.SimpleController}, config={}}, parentGroup=org.codehaus.griffon.runtime.core.mvc.DefaultMVCGroup@70781dba[integration:integration], key=griffon, parentView=integration.IntegrationView@7f0580d7, parentController=integration.IntegrationController@18d855ec, parentModel=integration.IntegrationModel@3c151d49, model=integration.SimpleModel@8745ebe, view=integration.SimpleView@68dc96c7, controller=integration.SimpleController@7942601f, mvcGroup=org.codehaus.griffon.runtime.core.mvc.DefaultMVCGroup@6d1bcca6[simple:simple]}
{application=integration.TestGriffonApplication@3524d753, mvcType=simple, mvcId=simple-2, configuration=MVCGroupConfiguration{mvcType='simple', members={model=integration.SimpleModel, view=integration.SimpleView, controller=integration.SimpleController}, config={}}, parentGroup=org.codehaus.griffon.runtime.core.mvc.DefaultMVCGroup@70781dba[integration:integration], key=griffon, parentView=integration.IntegrationView@7f0580d7, parentController=integration.IntegrationController@18d855ec, parentModel=integration.IntegrationModel@3c151d49, model=integration.SimpleModel@3acc6d0f, view=integration.SimpleView@4c78b9ee, controller=integration.SimpleController@71ed58a7, mvcGroup=org.codehaus.griffon.runtime.core.mvc.DefaultMVCGroup@52fd461f[simple:simple-2]}
{application=integration.TestGriffonApplication@3524d753, mvcType=simple, mvcId=simple-2, configuration=MVCGroupConfiguration{mvcType='simple', members={model=integration.SimpleModel, view=integration.SimpleView, controller=integration.SimpleController}, config={}}, parentGroup=org.codehaus.griffon.runtime.core.mvc.DefaultMVCGroup@70781dba[integration:integration], key=griffon, parentView=integration.IntegrationView@7f0580d7, parentController=integration.IntegrationController@18d855ec, parentModel=integration.IntegrationModel@3c151d49, model=integration.SimpleModel@2ce8d8c6, view=integration.SimpleView@48243714, controller=integration.SimpleController@12aa2b14, mvcGroup=org.codehaus.griffon.runtime.core.mvc.DefaultMVCGroup@78421b60[simple:simple-2]}
{application=integration.TestGriffonApplication@3524d753, mvcType=simple, mvcId=simple, configuration=MVCGroupConfiguration{mvcType='simple', members={model=integration.SimpleModel, view=integration.SimpleView, controller=integration.SimpleController}, config={}}, parentGroup=org.codehaus.griffon.runtime.core.mvc.DefaultMVCGroup@70781dba[integration:integration], parentView=integration.IntegrationView@7f0580d7, parentController=integration.IntegrationController@18d855ec, parentModel=integration.IntegrationModel@3c151d49, model=integration.SimpleModel@1286d246, view=integration.SimpleView@7bf3cb95, controller=integration.SimpleController@3842bd74, mvcGroup=org.codehaus.griffon.runtime.core.mvc.DefaultMVCGroup@50b33807[simple:simple]}
]]></system-out>
  <system-err><![CDATA[[Test worker] INFO org.codehaus.griffon.runtime.core.DefaultApplicationBootstrapper - Griffon 2.3.0-SNAPSHOT
[Test worker] INFO org.codehaus.griffon.runtime.core.DefaultApplicationBootstrapper - Build: 2015-05-07T05:58:44.690+0000
[Test worker] INFO org.codehaus.griffon.runtime.core.DefaultApplicationBootstrapper - JVM: 1.8.0_45 (Oracle Corporation 25.45-b02)
[Test worker] INFO org.codehaus.griffon.runtime.core.DefaultApplicationBootstrapper - OS: Linux 2.6.32-042stab090.5 amd64
[Test worker] INFO integration.TestGriffonApplication - Initializing all startup groups: [integration]
[Test worker] INFO integration.TestGriffonApplication - Initializing all integration startup groups: [sample]
[Test worker] INFO integration.TestGriffonApplication - Shutdown is in process
]]></system-err>
</testsuite>
