<?xml version="1.0" encoding="UTF-8"?>
<testsuite name="griffon.core.ContextSpec" tests="34" skipped="0" failures="0" errors="0" timestamp="2015-09-24T16:00:26" hostname="testing-worker-linux-da6418d7-1-5175-linux-11-81992842" time="0.019">
  <properties/>
  <testcase name="Find values on context 1 using defaults[0]" classname="griffon.core.ContextSpec" time="0.0"/>
  <testcase name="Find values on context 1 using defaults[1]" classname="griffon.core.ContextSpec" time="0.001"/>
  <testcase name="Find values on context 1 using typed defaults[0]" classname="griffon.core.ContextSpec" time="0.0"/>
  <testcase name="Find values on context 1 using typed defaults[1]" classname="griffon.core.ContextSpec" time="0.001"/>
  <testcase name="Find values on context 1 using typed defaults[2]" classname="griffon.core.ContextSpec" time="0.0"/>
  <testcase name="Find values on context 1 using typed defaults[3]" classname="griffon.core.ContextSpec" time="0.0"/>
  <testcase name="Find values on context 1 using typed defaults[4]" classname="griffon.core.ContextSpec" time="0.001"/>
  <testcase name="Find values on context 1 using typed defaults[5]" classname="griffon.core.ContextSpec" time="0.0"/>
  <testcase name="Find values on context 1 using typed defaults[6]" classname="griffon.core.ContextSpec" time="0.0"/>
  <testcase name="Find values on context 1 using typed defaults[7]" classname="griffon.core.ContextSpec" time="0.001"/>
  <testcase name="Find values on context 1 using typed default[0]" classname="griffon.core.ContextSpec" time="0.0"/>
  <testcase name="Find values on context 1 using typed getters[0]" classname="griffon.core.ContextSpec" time="0.0"/>
  <testcase name="Find values on context 1 using typed getters[1]" classname="griffon.core.ContextSpec" time="0.0"/>
  <testcase name="Find values on context 1 using typed getters[2]" classname="griffon.core.ContextSpec" time="0.0"/>
  <testcase name="Find values on context 1 using typed getters[3]" classname="griffon.core.ContextSpec" time="0.001"/>
  <testcase name="Find values on context 1 using typed getters[4]" classname="griffon.core.ContextSpec" time="0.001"/>
  <testcase name="Find values on context 1 using typed getters[5]" classname="griffon.core.ContextSpec" time="0.0"/>
  <testcase name="Find values on context 1 using typed getter[0]" classname="griffon.core.ContextSpec" time="0.0"/>
  <testcase name="Find values on context 1 using typed getter[1]" classname="griffon.core.ContextSpec" time="0.001"/>
  <testcase name="Find values on context 1[0]" classname="griffon.core.ContextSpec" time="0.001"/>
  <testcase name="Find values on context 1[1]" classname="griffon.core.ContextSpec" time="0.0"/>
  <testcase name="Find values on child context 2[0]" classname="griffon.core.ContextSpec" time="0.0"/>
  <testcase name="Find values on child context 2[1]" classname="griffon.core.ContextSpec" time="0.001"/>
  <testcase name="Find values on child context 2[2]" classname="griffon.core.ContextSpec" time="0.0"/>
  <testcase name="Find values on child context 3[0]" classname="griffon.core.ContextSpec" time="0.0"/>
  <testcase name="Find values on child context 3[1]" classname="griffon.core.ContextSpec" time="0.0"/>
  <testcase name="Find values on child context 3[2]" classname="griffon.core.ContextSpec" time="0.0"/>
  <testcase name="Shadowed attributes in child context 2" classname="griffon.core.ContextSpec" time="0.0"/>
  <testcase name="Destroying a context clears all attributes" classname="griffon.core.ContextSpec" time="0.0"/>
  <testcase name="Get all the keys[0]" classname="griffon.core.ContextSpec" time="0.002"/>
  <testcase name="Get all the keys[1]" classname="griffon.core.ContextSpec" time="0.001"/>
  <testcase name="ContainsKey on child context" classname="griffon.core.ContextSpec" time="0.0"/>
  <testcase name="HasKey on child context" classname="griffon.core.ContextSpec" time="0.0"/>
  <testcase name="Inject contextual members" classname="griffon.core.ContextSpec" time="0.005"/>
  <system-out><![CDATA[]]></system-out>
  <system-err><![CDATA[]]></system-err>
</testsuite>
