<?xml version="1.0" encoding="UTF-8"?>
<testsuite name="org.codehaus.griffon.runtime.core.storage.DefaultObjectStorageSpec" tests="10" skipped="0" failures="0" errors="0" timestamp="2016-03-04T07:24:28" hostname="testing-gce-f87ad77f-aa67-4170-be46-78b076d1c53f.c.eco-emissary-99515.internal" time="0.006">
  <properties/>
  <testcase name="Query empty storage with key 'null'" classname="org.codehaus.griffon.runtime.core.storage.DefaultObjectStorageSpec" time="0.0"/>
  <testcase name="Query empty storage with key ''" classname="org.codehaus.griffon.runtime.core.storage.DefaultObjectStorageSpec" time="0.0"/>
  <testcase name="Query empty storage with key ' '" classname="org.codehaus.griffon.runtime.core.storage.DefaultObjectStorageSpec" time="0.0"/>
  <testcase name="Query empty storage with key 'default'" classname="org.codehaus.griffon.runtime.core.storage.DefaultObjectStorageSpec" time="0.001"/>
  <testcase name="Query empty storage with key 'key'" classname="org.codehaus.griffon.runtime.core.storage.DefaultObjectStorageSpec" time="0.0"/>
  <testcase name="Update empty storage with key 'null'" classname="org.codehaus.griffon.runtime.core.storage.DefaultObjectStorageSpec" time="0.001"/>
  <testcase name="Update empty storage with key ''" classname="org.codehaus.griffon.runtime.core.storage.DefaultObjectStorageSpec" time="0.001"/>
  <testcase name="Update empty storage with key ' '" classname="org.codehaus.griffon.runtime.core.storage.DefaultObjectStorageSpec" time="0.0"/>
  <testcase name="Update empty storage with key 'default'" classname="org.codehaus.griffon.runtime.core.storage.DefaultObjectStorageSpec" time="0.0"/>
  <testcase name="Query non empty storage with key 'key'" classname="org.codehaus.griffon.runtime.core.storage.DefaultObjectStorageSpec" time="0.0"/>
  <system-out><![CDATA[]]></system-out>
  <system-err><![CDATA[]]></system-err>
</testsuite>
