<?xml version="1.0" encoding="UTF-8"?>
<testsuite name="org.codehaus.griffon.runtime.core.storage.DefaultObjectStorageSpec" tests="10" skipped="0" failures="0" errors="0" timestamp="2014-07-22T17:01:38" hostname="testing-worker-linux-11-2-4369-linux-10-30571771" time="0.029">
  <properties/>
  <testcase name="Query empty storage with key 'null'" classname="org.codehaus.griffon.runtime.core.storage.DefaultObjectStorageSpec" time="0.002"/>
  <testcase name="Query empty storage with key ''" classname="org.codehaus.griffon.runtime.core.storage.DefaultObjectStorageSpec" time="0.002"/>
  <testcase name="Query empty storage with key ' '" classname="org.codehaus.griffon.runtime.core.storage.DefaultObjectStorageSpec" time="0.002"/>
  <testcase name="Query empty storage with key 'default'" classname="org.codehaus.griffon.runtime.core.storage.DefaultObjectStorageSpec" time="0.002"/>
  <testcase name="Query empty storage with key 'key'" classname="org.codehaus.griffon.runtime.core.storage.DefaultObjectStorageSpec" time="0.002"/>
  <testcase name="Update empty storage with key 'null'" classname="org.codehaus.griffon.runtime.core.storage.DefaultObjectStorageSpec" time="0.005"/>
  <testcase name="Update empty storage with key ''" classname="org.codehaus.griffon.runtime.core.storage.DefaultObjectStorageSpec" time="0.001"/>
  <testcase name="Update empty storage with key ' '" classname="org.codehaus.griffon.runtime.core.storage.DefaultObjectStorageSpec" time="0.002"/>
  <testcase name="Update empty storage with key 'default'" classname="org.codehaus.griffon.runtime.core.storage.DefaultObjectStorageSpec" time="0.001"/>
  <testcase name="Query non empty storage with key 'key'" classname="org.codehaus.griffon.runtime.core.storage.DefaultObjectStorageSpec" time="0.002"/>
  <system-out><![CDATA[]]></system-out>
  <system-err><![CDATA[]]></system-err>
</testsuite>
