<?xml version="1.0" encoding="UTF-8"?>
<testsuite name="griffon.core.formatters.DateFormatterSpec" tests="5" skipped="0" failures="0" errors="0" timestamp="2016-03-08T09:56:01" hostname="testing-gce-ef3e751c-5dcf-46a3-acf0-ae41c9be934e.c.eco-emissary-99515.internal" time="0.007">
  <properties/>
  <testcase name="Date 'Thu Jan 01 00:00:00 GMT 1970' produces literal '1/1/70 12:00 AM'" classname="griffon.core.formatters.DateFormatterSpec" time="0.003"/>
  <testcase name="Date 'null' with pattern 'yyyy-MM-dd' produces literal 'null'" classname="griffon.core.formatters.DateFormatterSpec" time="0.0"/>
  <testcase name="Date 'Thu Jan 01 00:00:00 GMT 1970' with pattern 'yyyy-MM-dd' produces literal '1970-01-01'" classname="griffon.core.formatters.DateFormatterSpec" time="0.0"/>
  <testcase name="Parse error for pattern 'yyyy-MM-dd' with literal 'abc'" classname="griffon.core.formatters.DateFormatterSpec" time="0.0"/>
  <testcase name="Illegal pattern ';garbage*@%&amp;'" classname="griffon.core.formatters.DateFormatterSpec" time="0.001"/>
  <system-out><![CDATA[]]></system-out>
  <system-err><![CDATA[]]></system-err>
</testsuite>
