<?xml version="1.0" encoding="UTF-8"?>
<testsuite name="org.codehaus.griffon.runtime.core.controller.DefaultToolkitActionSpec" tests="1" skipped="0" failures="0" errors="0" timestamp="2014-11-27T16:12:38" hostname="testing-worker-linux-10-1-2535-linux-4-42321493" time="0.012">
  <properties/>
  <testcase name="Create and execute an action" classname="org.codehaus.griffon.runtime.core.controller.DefaultToolkitActionSpec" time="0.012"/>
  <system-out><![CDATA[]]></system-out>
  <system-err><![CDATA[]]></system-err>
</testsuite>
