<?xml version="1.0" encoding="UTF-8"?>
<testsuite name="griffon.core.ObservableContextSpec" tests="2" skipped="0" failures="0" errors="0" timestamp="2015-09-14T07:50:35" hostname="testing-worker-linux-a01deac5-1-519-linux-13-80191794" time="0.069">
  <properties/>
  <testcase name="Exercise listener methods" classname="griffon.core.ObservableContextSpec" time="0.053"/>
  <testcase name="Listen to context events" classname="griffon.core.ObservableContextSpec" time="0.016"/>
  <system-out><![CDATA[]]></system-out>
  <system-err><![CDATA[]]></system-err>
</testsuite>
