<?xml version="1.0" encoding="UTF-8"?>
<testsuite name="griffon.util.GriffonNameUtilsTests" tests="8" failures="0" errors="0" timestamp="2014-02-17T19:37:51" hostname="testing-worker-linux-7-2-10807-linux-6-19059631" time="0.061">
  <properties/>
  <testcase name="testGetShortName" classname="griffon.util.GriffonNameUtilsTests" time="0.01"/>
  <testcase name="testGetGetterName" classname="griffon.util.GriffonNameUtilsTests" time="0.002"/>
  <testcase name="testGetPropertyName" classname="griffon.util.GriffonNameUtilsTests" time="0.003"/>
  <testcase name="testGetClassName" classname="griffon.util.GriffonNameUtilsTests" time="0.033"/>
  <testcase name="testUncapitalize" classname="griffon.util.GriffonNameUtilsTests" time="0.003"/>
  <testcase name="testGetSetterName" classname="griffon.util.GriffonNameUtilsTests" time="0.002"/>
  <testcase name="testCapitalize" classname="griffon.util.GriffonNameUtilsTests" time="0.002"/>
  <testcase name="testGetPropertyNameRepresentation" classname="griffon.util.GriffonNameUtilsTests" time="0.002"/>
  <system-out><![CDATA[]]></system-out>
  <system-err><![CDATA[]]></system-err>
</testsuite>
