<?xml version="1.0" encoding="UTF-8"?>
<testsuite name="org.codehaus.griffon.runtime.core.artifact.GriffonArtifactSpec" tests="25" skipped="0" failures="0" errors="0" timestamp="2015-05-13T15:03:42" hostname="testing-worker-linux-027f0490-1-17787-linux-19-62411506" time="0.255">
  <properties/>
  <testcase name="Bootstrap application" classname="org.codehaus.griffon.runtime.core.artifact.GriffonArtifactSpec" time="0.074"/>
  <testcase name="Verify withMvcGroup(type , handler)" classname="org.codehaus.griffon.runtime.core.artifact.GriffonArtifactSpec" time="0.012"/>
  <testcase name="Verify withMvcGroup(type, id , handler)" classname="org.codehaus.griffon.runtime.core.artifact.GriffonArtifactSpec" time="0.011"/>
  <testcase name="Verify withMvcGroup(type, id, map , handler)" classname="org.codehaus.griffon.runtime.core.artifact.GriffonArtifactSpec" time="0.015"/>
  <testcase name="Verify withMvcGroup(type, map , handler)" classname="org.codehaus.griffon.runtime.core.artifact.GriffonArtifactSpec" time="0.012"/>
  <testcase name="Verify withMvcGroup(map, type, id , handler)" classname="org.codehaus.griffon.runtime.core.artifact.GriffonArtifactSpec" time="0.012"/>
  <testcase name="Verify withMvcGroup(map, type , handler)" classname="org.codehaus.griffon.runtime.core.artifact.GriffonArtifactSpec" time="0.013"/>
  <testcase name="Verify createMVCGroup(type)" classname="org.codehaus.griffon.runtime.core.artifact.GriffonArtifactSpec" time="0.006"/>
  <testcase name="Verify createMVCGroup(type, id)" classname="org.codehaus.griffon.runtime.core.artifact.GriffonArtifactSpec" time="0.007"/>
  <testcase name="Verify createMVCGroup(type, map)" classname="org.codehaus.griffon.runtime.core.artifact.GriffonArtifactSpec" time="0.007"/>
  <testcase name="Verify createMVCGroup(map, type)" classname="org.codehaus.griffon.runtime.core.artifact.GriffonArtifactSpec" time="0.008"/>
  <testcase name="Verify createMVCGroup(type, id, map)" classname="org.codehaus.griffon.runtime.core.artifact.GriffonArtifactSpec" time="0.007"/>
  <testcase name="Verify createMVCGroup(map, type, id)" classname="org.codehaus.griffon.runtime.core.artifact.GriffonArtifactSpec" time="0.006"/>
  <testcase name="Verify createMVC(type)" classname="org.codehaus.griffon.runtime.core.artifact.GriffonArtifactSpec" time="0.007"/>
  <testcase name="Verify createMVC(type, id)" classname="org.codehaus.griffon.runtime.core.artifact.GriffonArtifactSpec" time="0.007"/>
  <testcase name="Verify createMVC(type, map)" classname="org.codehaus.griffon.runtime.core.artifact.GriffonArtifactSpec" time="0.007"/>
  <testcase name="Verify createMVC(map, type)" classname="org.codehaus.griffon.runtime.core.artifact.GriffonArtifactSpec" time="0.006"/>
  <testcase name="Verify createMVC(type, id, map)" classname="org.codehaus.griffon.runtime.core.artifact.GriffonArtifactSpec" time="0.007"/>
  <testcase name="Verify createMVC(map, type, id)" classname="org.codehaus.griffon.runtime.core.artifact.GriffonArtifactSpec" time="0.007"/>
  <testcase name="Verify destroyMVCGroup(id)" classname="org.codehaus.griffon.runtime.core.artifact.GriffonArtifactSpec" time="0.007"/>
  <testcase name="Execute runnable inside UI sync" classname="org.codehaus.griffon.runtime.core.artifact.GriffonArtifactSpec" time="0.003"/>
  <testcase name="Execute runnable inside UI async" classname="org.codehaus.griffon.runtime.core.artifact.GriffonArtifactSpec" time="0.003"/>
  <testcase name="Execute runnable outside UI" classname="org.codehaus.griffon.runtime.core.artifact.GriffonArtifactSpec" time="0.002"/>
  <testcase name="Execute future" classname="org.codehaus.griffon.runtime.core.artifact.GriffonArtifactSpec" time="0.002"/>
  <testcase name="Execute future with ExecutorService" classname="org.codehaus.griffon.runtime.core.artifact.GriffonArtifactSpec" time="0.003"/>
  <system-out><![CDATA[{application=integration.TestGriffonApplication@6c19da1f, mvcType=sample, mvcId=sample, configuration=MVCGroupConfiguration{mvcType='sample', members={model=integration.SimpleModel, view=integration.SimpleView, controller=integration.SimpleController}, config={}}, model=integration.SimpleModel@5764eef6, view=integration.SimpleView@73e4e6d6, controller=integration.SimpleController@152e69cb, mvcGroup=org.codehaus.griffon.runtime.core.mvc.DefaultMVCGroup@17330f1[sample:sample]}
{application=integration.TestGriffonApplication@6c19da1f, mvcType=simple, mvcId=simple, configuration=MVCGroupConfiguration{mvcType='simple', members={model=integration.SimpleModel, view=integration.SimpleView, controller=integration.SimpleController}, config={}}, parentGroup=org.codehaus.griffon.runtime.core.mvc.DefaultMVCGroup@691f3d89[integration:integration], parentView=integration.IntegrationView@2f0886d2, parentController=integration.IntegrationController@4c1c6d14, parentModel=integration.IntegrationModel@3ba66a62, model=integration.SimpleModel@33abd9d9, view=integration.SimpleView@2293f3a0, controller=integration.SimpleController@7dcdbe41, mvcGroup=org.codehaus.griffon.runtime.core.mvc.DefaultMVCGroup@13688e04[simple:simple]}
{application=integration.TestGriffonApplication@6c19da1f, mvcType=simple, mvcId=simple-1, configuration=MVCGroupConfiguration{mvcType='simple', members={model=integration.SimpleModel, view=integration.SimpleView, controller=integration.SimpleController}, config={}}, parentGroup=org.codehaus.griffon.runtime.core.mvc.DefaultMVCGroup@691f3d89[integration:integration], parentView=integration.IntegrationView@2f0886d2, parentController=integration.IntegrationController@4c1c6d14, parentModel=integration.IntegrationModel@3ba66a62, model=integration.SimpleModel@6b39490d, view=integration.SimpleView@7e10cc00, controller=integration.SimpleController@5272f7d2, mvcGroup=org.codehaus.griffon.runtime.core.mvc.DefaultMVCGroup@6c2483e3[simple:simple-1]}
{application=integration.TestGriffonApplication@6c19da1f, mvcType=simple, mvcId=simple-2, configuration=MVCGroupConfiguration{mvcType='simple', members={model=integration.SimpleModel, view=integration.SimpleView, controller=integration.SimpleController}, config={}}, parentGroup=org.codehaus.griffon.runtime.core.mvc.DefaultMVCGroup@691f3d89[integration:integration], key=griffon, parentView=integration.IntegrationView@2f0886d2, parentController=integration.IntegrationController@4c1c6d14, parentModel=integration.IntegrationModel@3ba66a62, model=integration.SimpleModel@17f12168, view=integration.SimpleView@37371480, controller=integration.SimpleController@6f5af87f, mvcGroup=org.codehaus.griffon.runtime.core.mvc.DefaultMVCGroup@3e648abc[simple:simple-2]}
{application=integration.TestGriffonApplication@6c19da1f, mvcType=simple, mvcId=simple, configuration=MVCGroupConfiguration{mvcType='simple', members={model=integration.SimpleModel, view=integration.SimpleView, controller=integration.SimpleController}, config={}}, parentGroup=org.codehaus.griffon.runtime.core.mvc.DefaultMVCGroup@691f3d89[integration:integration], key=griffon, parentView=integration.IntegrationView@2f0886d2, parentController=integration.IntegrationController@4c1c6d14, parentModel=integration.IntegrationModel@3ba66a62, model=integration.SimpleModel@18170ed4, view=integration.SimpleView@95f951e, controller=integration.SimpleController@2bec2310, mvcGroup=org.codehaus.griffon.runtime.core.mvc.DefaultMVCGroup@6717f820[simple:simple]}
{application=integration.TestGriffonApplication@6c19da1f, mvcType=simple, mvcId=simple-2, configuration=MVCGroupConfiguration{mvcType='simple', members={model=integration.SimpleModel, view=integration.SimpleView, controller=integration.SimpleController}, config={}}, parentGroup=org.codehaus.griffon.runtime.core.mvc.DefaultMVCGroup@691f3d89[integration:integration], key=griffon, parentView=integration.IntegrationView@2f0886d2, parentController=integration.IntegrationController@4c1c6d14, parentModel=integration.IntegrationModel@3ba66a62, model=integration.SimpleModel@224a694c, view=integration.SimpleView@578b1988, controller=integration.SimpleController@366ecea1, mvcGroup=org.codehaus.griffon.runtime.core.mvc.DefaultMVCGroup@2c6245ea[simple:simple-2]}
{application=integration.TestGriffonApplication@6c19da1f, mvcType=simple, mvcId=simple, configuration=MVCGroupConfiguration{mvcType='simple', members={model=integration.SimpleModel, view=integration.SimpleView, controller=integration.SimpleController}, config={}}, parentGroup=org.codehaus.griffon.runtime.core.mvc.DefaultMVCGroup@691f3d89[integration:integration], key=griffon, parentView=integration.IntegrationView@2f0886d2, parentController=integration.IntegrationController@4c1c6d14, parentModel=integration.IntegrationModel@3ba66a62, model=integration.SimpleModel@45eed928, view=integration.SimpleView@55144689, controller=integration.SimpleController@33f65039, mvcGroup=org.codehaus.griffon.runtime.core.mvc.DefaultMVCGroup@6ec7a980[simple:simple]}
{application=integration.TestGriffonApplication@6c19da1f, mvcType=simple, mvcId=simple, configuration=MVCGroupConfiguration{mvcType='simple', members={model=integration.SimpleModel, view=integration.SimpleView, controller=integration.SimpleController}, config={}}, parentGroup=org.codehaus.griffon.runtime.core.mvc.DefaultMVCGroup@691f3d89[integration:integration], parentView=integration.IntegrationView@2f0886d2, parentController=integration.IntegrationController@4c1c6d14, parentModel=integration.IntegrationModel@3ba66a62, model=integration.SimpleModel@74195af, view=integration.SimpleView@65ea930e, controller=integration.SimpleController@3a5e6dbb, mvcGroup=org.codehaus.griffon.runtime.core.mvc.DefaultMVCGroup@65c0c697[simple:simple]}
{application=integration.TestGriffonApplication@6c19da1f, mvcType=simple, mvcId=simple-1, configuration=MVCGroupConfiguration{mvcType='simple', members={model=integration.SimpleModel, view=integration.SimpleView, controller=integration.SimpleController}, config={}}, parentGroup=org.codehaus.griffon.runtime.core.mvc.DefaultMVCGroup@691f3d89[integration:integration], parentView=integration.IntegrationView@2f0886d2, parentController=integration.IntegrationController@4c1c6d14, parentModel=integration.IntegrationModel@3ba66a62, model=integration.SimpleModel@6e27db6d, view=integration.SimpleView@5fe45744, controller=integration.SimpleController@169edab6, mvcGroup=org.codehaus.griffon.runtime.core.mvc.DefaultMVCGroup@7589528c[simple:simple-1]}
{application=integration.TestGriffonApplication@6c19da1f, mvcType=simple, mvcId=simple, configuration=MVCGroupConfiguration{mvcType='simple', members={model=integration.SimpleModel, view=integration.SimpleView, controller=integration.SimpleController}, config={}}, parentGroup=org.codehaus.griffon.runtime.core.mvc.DefaultMVCGroup@691f3d89[integration:integration], key=griffon, parentView=integration.IntegrationView@2f0886d2, parentController=integration.IntegrationController@4c1c6d14, parentModel=integration.IntegrationModel@3ba66a62, model=integration.SimpleModel@25a503e3, view=integration.SimpleView@58862e64, controller=integration.SimpleController@382d04a8, mvcGroup=org.codehaus.griffon.runtime.core.mvc.DefaultMVCGroup@78f3c13[simple:simple]}
{application=integration.TestGriffonApplication@6c19da1f, mvcType=simple, mvcId=simple, configuration=MVCGroupConfiguration{mvcType='simple', members={model=integration.SimpleModel, view=integration.SimpleView, controller=integration.SimpleController}, config={}}, parentGroup=org.codehaus.griffon.runtime.core.mvc.DefaultMVCGroup@691f3d89[integration:integration], key=griffon, parentView=integration.IntegrationView@2f0886d2, parentController=integration.IntegrationController@4c1c6d14, parentModel=integration.IntegrationModel@3ba66a62, model=integration.SimpleModel@63a46737, view=integration.SimpleView@337c27af, controller=integration.SimpleController@4d6dfa77, mvcGroup=org.codehaus.griffon.runtime.core.mvc.DefaultMVCGroup@3737e8d[simple:simple]}
{application=integration.TestGriffonApplication@6c19da1f, mvcType=simple, mvcId=simple-2, configuration=MVCGroupConfiguration{mvcType='simple', members={model=integration.SimpleModel, view=integration.SimpleView, controller=integration.SimpleController}, config={}}, parentGroup=org.codehaus.griffon.runtime.core.mvc.DefaultMVCGroup@691f3d89[integration:integration], key=griffon, parentView=integration.IntegrationView@2f0886d2, parentController=integration.IntegrationController@4c1c6d14, parentModel=integration.IntegrationModel@3ba66a62, model=integration.SimpleModel@11bd2a8e, view=integration.SimpleView@33a1d48c, controller=integration.SimpleController@2bbe5363, mvcGroup=org.codehaus.griffon.runtime.core.mvc.DefaultMVCGroup@19c27c7b[simple:simple-2]}
{application=integration.TestGriffonApplication@6c19da1f, mvcType=simple, mvcId=simple-2, configuration=MVCGroupConfiguration{mvcType='simple', members={model=integration.SimpleModel, view=integration.SimpleView, controller=integration.SimpleController}, config={}}, parentGroup=org.codehaus.griffon.runtime.core.mvc.DefaultMVCGroup@691f3d89[integration:integration], key=griffon, parentView=integration.IntegrationView@2f0886d2, parentController=integration.IntegrationController@4c1c6d14, parentModel=integration.IntegrationModel@3ba66a62, model=integration.SimpleModel@5c6b6195, view=integration.SimpleView@5970430, controller=integration.SimpleController@fbc915d, mvcGroup=org.codehaus.griffon.runtime.core.mvc.DefaultMVCGroup@70744349[simple:simple-2]}
{application=integration.TestGriffonApplication@6c19da1f, mvcType=simple, mvcId=simple, configuration=MVCGroupConfiguration{mvcType='simple', members={model=integration.SimpleModel, view=integration.SimpleView, controller=integration.SimpleController}, config={}}, parentGroup=org.codehaus.griffon.runtime.core.mvc.DefaultMVCGroup@691f3d89[integration:integration], parentView=integration.IntegrationView@2f0886d2, parentController=integration.IntegrationController@4c1c6d14, parentModel=integration.IntegrationModel@3ba66a62, model=integration.SimpleModel@7714f31b, view=integration.SimpleView@4a9fdf4d, controller=integration.SimpleController@21c2893a, mvcGroup=org.codehaus.griffon.runtime.core.mvc.DefaultMVCGroup@73fef840[simple:simple]}
{application=integration.TestGriffonApplication@6c19da1f, mvcType=simple, mvcId=simple-1, configuration=MVCGroupConfiguration{mvcType='simple', members={model=integration.SimpleModel, view=integration.SimpleView, controller=integration.SimpleController}, config={}}, parentGroup=org.codehaus.griffon.runtime.core.mvc.DefaultMVCGroup@691f3d89[integration:integration], parentView=integration.IntegrationView@2f0886d2, parentController=integration.IntegrationController@4c1c6d14, parentModel=integration.IntegrationModel@3ba66a62, model=integration.SimpleModel@17738791, view=integration.SimpleView@224d471c, controller=integration.SimpleController@267587ed, mvcGroup=org.codehaus.griffon.runtime.core.mvc.DefaultMVCGroup@17ee9015[simple:simple-1]}
{application=integration.TestGriffonApplication@6c19da1f, mvcType=simple, mvcId=simple, configuration=MVCGroupConfiguration{mvcType='simple', members={model=integration.SimpleModel, view=integration.SimpleView, controller=integration.SimpleController}, config={}}, parentGroup=org.codehaus.griffon.runtime.core.mvc.DefaultMVCGroup@691f3d89[integration:integration], key=griffon, parentView=integration.IntegrationView@2f0886d2, parentController=integration.IntegrationController@4c1c6d14, parentModel=integration.IntegrationModel@3ba66a62, model=integration.SimpleModel@54970358, view=integration.SimpleView@5e57bcc8, controller=integration.SimpleController@3ddae12f, mvcGroup=org.codehaus.griffon.runtime.core.mvc.DefaultMVCGroup@77a93d90[simple:simple]}
{application=integration.TestGriffonApplication@6c19da1f, mvcType=simple, mvcId=simple, configuration=MVCGroupConfiguration{mvcType='simple', members={model=integration.SimpleModel, view=integration.SimpleView, controller=integration.SimpleController}, config={}}, parentGroup=org.codehaus.griffon.runtime.core.mvc.DefaultMVCGroup@691f3d89[integration:integration], key=griffon, parentView=integration.IntegrationView@2f0886d2, parentController=integration.IntegrationController@4c1c6d14, parentModel=integration.IntegrationModel@3ba66a62, model=integration.SimpleModel@1b487dfe, view=integration.SimpleView@781a33a3, controller=integration.SimpleController@12a36616, mvcGroup=org.codehaus.griffon.runtime.core.mvc.DefaultMVCGroup@2cd88c6f[simple:simple]}
{application=integration.TestGriffonApplication@6c19da1f, mvcType=simple, mvcId=simple-2, configuration=MVCGroupConfiguration{mvcType='simple', members={model=integration.SimpleModel, view=integration.SimpleView, controller=integration.SimpleController}, config={}}, parentGroup=org.codehaus.griffon.runtime.core.mvc.DefaultMVCGroup@691f3d89[integration:integration], key=griffon, parentView=integration.IntegrationView@2f0886d2, parentController=integration.IntegrationController@4c1c6d14, parentModel=integration.IntegrationModel@3ba66a62, model=integration.SimpleModel@7427b387, view=integration.SimpleView@5d89018b, controller=integration.SimpleController@54935ffa, mvcGroup=org.codehaus.griffon.runtime.core.mvc.DefaultMVCGroup@3c401af3[simple:simple-2]}
{application=integration.TestGriffonApplication@6c19da1f, mvcType=simple, mvcId=simple-2, configuration=MVCGroupConfiguration{mvcType='simple', members={model=integration.SimpleModel, view=integration.SimpleView, controller=integration.SimpleController}, config={}}, parentGroup=org.codehaus.griffon.runtime.core.mvc.DefaultMVCGroup@691f3d89[integration:integration], key=griffon, parentView=integration.IntegrationView@2f0886d2, parentController=integration.IntegrationController@4c1c6d14, parentModel=integration.IntegrationModel@3ba66a62, model=integration.SimpleModel@75322d77, view=integration.SimpleView@6022ef03, controller=integration.SimpleController@2e800072, mvcGroup=org.codehaus.griffon.runtime.core.mvc.DefaultMVCGroup@122b00d3[simple:simple-2]}
{application=integration.TestGriffonApplication@6c19da1f, mvcType=simple, mvcId=simple, configuration=MVCGroupConfiguration{mvcType='simple', members={model=integration.SimpleModel, view=integration.SimpleView, controller=integration.SimpleController}, config={}}, parentGroup=org.codehaus.griffon.runtime.core.mvc.DefaultMVCGroup@691f3d89[integration:integration], parentView=integration.IntegrationView@2f0886d2, parentController=integration.IntegrationController@4c1c6d14, parentModel=integration.IntegrationModel@3ba66a62, model=integration.SimpleModel@7616de74, view=integration.SimpleView@13b6d42, controller=integration.SimpleController@2f166e87, mvcGroup=org.codehaus.griffon.runtime.core.mvc.DefaultMVCGroup@65f1de2e[simple:simple]}
]]></system-out>
  <system-err><![CDATA[[Test worker] INFO org.codehaus.griffon.runtime.core.DefaultApplicationBootstrapper - Griffon 2.3.0-SNAPSHOT
[Test worker] INFO org.codehaus.griffon.runtime.core.DefaultApplicationBootstrapper - Build: 2015-05-13T14:59:45.465+0000
[Test worker] INFO org.codehaus.griffon.runtime.core.DefaultApplicationBootstrapper - JVM: 1.8.0_45 (Oracle Corporation 25.45-b02)
[Test worker] INFO org.codehaus.griffon.runtime.core.DefaultApplicationBootstrapper - OS: Linux 2.6.32-042stab090.5 amd64
[Test worker] INFO integration.TestGriffonApplication - Initializing all startup groups: [integration]
[Test worker] INFO integration.TestGriffonApplication - Initializing all integration startup groups: [sample]
[Test worker] INFO integration.TestGriffonApplication - Shutdown is in process
]]></system-err>
</testsuite>
