<?xml version="1.0" encoding="UTF-8"?>
<testsuite name="griffon.exceptions.InstanceNotFoundExceptionSpec" tests="4" skipped="0" failures="0" errors="0" timestamp="2016-06-29T15:55:19" hostname="testing-gce-ab651ba3-5449-48e3-9114-bb6ab63d016c.c.travis-ci-prod-3.internal" time="0.004">
  <properties/>
  <testcase name="Exception should have proper formatted message[0]" classname="griffon.exceptions.InstanceNotFoundExceptionSpec" time="0.002"/>
  <testcase name="Exception should have proper formatted message[1]" classname="griffon.exceptions.InstanceNotFoundExceptionSpec" time="0.001"/>
  <testcase name="Exception should have proper formatted message[2]" classname="griffon.exceptions.InstanceNotFoundExceptionSpec" time="0.0"/>
  <testcase name="Exception should have proper formatted message[3]" classname="griffon.exceptions.InstanceNotFoundExceptionSpec" time="0.0"/>
  <system-out><![CDATA[]]></system-out>
  <system-err><![CDATA[]]></system-err>
</testsuite>
