<?xml version="1.0" encoding="UTF-8"?>
<testsuite name="griffon.core.formatters.DoubleFormatterSpec" tests="11" skipped="0" failures="0" errors="0" timestamp="2016-03-11T20:20:57" hostname="testing-gce-a0bd4f75-8b43-42ca-898e-f23a3c9fe85c.c.travis-ci-prod-5.internal" time="0.007">
  <properties/>
  <testcase name="Double '100.0' produces literal '100.0'" classname="griffon.core.formatters.DoubleFormatterSpec" time="0.003"/>
  <testcase name="Double 'null' with pattern 'currency' produces literal 'null'" classname="griffon.core.formatters.DoubleFormatterSpec" time="0.0"/>
  <testcase name="Double 'null' with pattern 'percent' produces literal 'null'" classname="griffon.core.formatters.DoubleFormatterSpec" time="0.0"/>
  <testcase name="Double '100.0' with pattern 'currency' produces literal '$100.00'" classname="griffon.core.formatters.DoubleFormatterSpec" time="0.0"/>
  <testcase name="Double '1.0' with pattern 'percent' produces literal '100%'" classname="griffon.core.formatters.DoubleFormatterSpec" time="0.0"/>
  <testcase name="Double '100.0' with pattern 'null' produces literal '100.0'" classname="griffon.core.formatters.DoubleFormatterSpec" time="0.0"/>
  <testcase name="Double '100.0' with pattern '' produces literal '100.0'" classname="griffon.core.formatters.DoubleFormatterSpec" time="0.0"/>
  <testcase name="Double '20.0' with pattern '##.0' produces literal '20.0'" classname="griffon.core.formatters.DoubleFormatterSpec" time="0.0"/>
  <testcase name="Parse error for pattern 'currency' with literal 'abc'" classname="griffon.core.formatters.DoubleFormatterSpec" time="0.0"/>
  <testcase name="Parse error for pattern 'percent' with literal 'abc'" classname="griffon.core.formatters.DoubleFormatterSpec" time="0.0"/>
  <testcase name="Illegal pattern ';garbage*@%&amp;'" classname="griffon.core.formatters.DoubleFormatterSpec" time="0.0"/>
  <system-out><![CDATA[]]></system-out>
  <system-err><![CDATA[]]></system-err>
</testsuite>
