<?xml version="1.0" encoding="UTF-8"?>
<testsuite name="griffon.core.editors.URLPropertyEditorSpec" tests="12" skipped="0" failures="0" errors="0" timestamp="2015-09-24T16:17:53" hostname="testing-worker-linux-f25aadab-2-11850-linux-5-81995719" time="0.009">
  <properties/>
  <testcase name="URL literal 'null' should be equal to null" classname="griffon.core.editors.URLPropertyEditorSpec" time="0.003"/>
  <testcase name="URL literal '' should be equal to null" classname="griffon.core.editors.URLPropertyEditorSpec" time="0.0"/>
  <testcase name="URL literal ' ' should be equal to null" classname="griffon.core.editors.URLPropertyEditorSpec" time="0.0"/>
  <testcase name="URL literal 'http://localhost' should be equal to http://localhost" classname="griffon.core.editors.URLPropertyEditorSpec" time="0.004"/>
  <testcase name="URL literal '/' should be equal to file:/" classname="griffon.core.editors.URLPropertyEditorSpec" time="0.0"/>
  <testcase name="URL literal 'http://localhost' should be equal to http://localhost" classname="griffon.core.editors.URLPropertyEditorSpec" time="0.0"/>
  <testcase name="Invalid url literal 'garbage'" classname="griffon.core.editors.URLPropertyEditorSpec" time="0.0"/>
  <testcase name="Invalid url literal '[]'" classname="griffon.core.editors.URLPropertyEditorSpec" time="0.0"/>
  <testcase name="Invalid url literal '[1, 2, 3]'" classname="griffon.core.editors.URLPropertyEditorSpec" time="0.0"/>
  <testcase name="Invalid url literal '[:]'" classname="griffon.core.editors.URLPropertyEditorSpec" time="0.0"/>
  <testcase name="Invalid url literal '[key:value]'" classname="griffon.core.editors.URLPropertyEditorSpec" time="0.0"/>
  <testcase name="Invalid url literal 'java.lang.Object@5d8f705e'" classname="griffon.core.editors.URLPropertyEditorSpec" time="0.0"/>
  <system-out><![CDATA[]]></system-out>
  <system-err><![CDATA[]]></system-err>
</testsuite>
