<?xml version="1.0" encoding="UTF-8"?>
<testsuite name="griffon.core.env.EnvironmentTests" tests="3" skipped="0" failures="0" errors="0" timestamp="2015-09-16T14:49:42" hostname="testing-worker-linux-027f0490-1-17064-linux-7-80650281" time="0.031">
  <properties/>
  <testcase name="testGetEnvironment" classname="griffon.core.env.EnvironmentTests" time="0.006"/>
  <testcase name="testSystemPropertyOverridesMetadata" classname="griffon.core.env.EnvironmentTests" time="0.024"/>
  <testcase name="testGetCurrent" classname="griffon.core.env.EnvironmentTests" time="0.0"/>
  <system-out><![CDATA[]]></system-out>
  <system-err><![CDATA[]]></system-err>
</testsuite>
