<?xml version="1.0" encoding="UTF-8"?>
<testsuite name="integration.MVCGroupSpec" tests="4" skipped="0" failures="0" errors="0" timestamp="2014-11-05T19:34:06" hostname="testing-worker-linux-7-2-8506-linux-7-40098611" time="0.141">
  <properties/>
  <testcase name="Bootstrap application" classname="integration.MVCGroupSpec" time="0.086"/>
  <testcase name="Creating an MVCGroup through the MVCGroupManager does not set implicit parent group" classname="integration.MVCGroupSpec" time="0.018"/>
  <testcase name="Creating an MVCGroup through a group does set implicit parent group" classname="integration.MVCGroupSpec" time="0.017"/>
  <testcase name="Creating an MVCGroup through an artifact does set implicit parent group" classname="integration.MVCGroupSpec" time="0.017"/>
  <system-out><![CDATA[{application=integration.TestGriffonApplication@159e4385, mvcType=sample, mvcId=sample, configuration=MVCGroupConfiguration{mvcType='sample', members={model=integration.SimpleModel, view=integration.SimpleView, controller=integration.SimpleController}, config={}}, model=integration.SimpleModel@44d49f3d, view=integration.SimpleView@67569532, controller=integration.SimpleController@4c960122, mvcGroup=org.codehaus.griffon.runtime.core.mvc.DefaultMVCGroup@1f9ce396[sample:sample]}
{application=integration.TestGriffonApplication@159e4385, mvcType=simple, mvcId=simple, configuration=MVCGroupConfiguration{mvcType='simple', members={model=integration.SimpleModel, view=integration.SimpleView, controller=integration.SimpleController}, config={}}, model=integration.SimpleModel@4109eebe, view=integration.SimpleView@7e804679, controller=integration.SimpleController@72c0515, mvcGroup=org.codehaus.griffon.runtime.core.mvc.DefaultMVCGroup@21e4fba5[simple:simple]}
{application=integration.TestGriffonApplication@159e4385, mvcType=simple, mvcId=parent1, configuration=MVCGroupConfiguration{mvcType='simple', members={model=integration.SimpleModel, view=integration.SimpleView, controller=integration.SimpleController}, config={}}, model=integration.SimpleModel@29e14622, view=integration.SimpleView@378fe667, controller=integration.SimpleController@53e69397, mvcGroup=org.codehaus.griffon.runtime.core.mvc.DefaultMVCGroup@4e2ec6ef[simple:parent1]}
{application=integration.TestGriffonApplication@159e4385, mvcType=simple, mvcId=simple, configuration=MVCGroupConfiguration{mvcType='simple', members={model=integration.SimpleModel, view=integration.SimpleView, controller=integration.SimpleController}, config={}}, parentGroup=org.codehaus.griffon.runtime.core.mvc.DefaultMVCGroup@4e2ec6ef[simple:parent1], parentModel=integration.SimpleModel@29e14622, parentView=integration.SimpleView@378fe667, parentController=integration.SimpleController@53e69397, model=integration.SimpleModel@7d057df7, view=integration.SimpleView@11f23f4d, controller=integration.SimpleController@70bdd86d, mvcGroup=org.codehaus.griffon.runtime.core.mvc.DefaultMVCGroup@249e6d64[simple:simple]}
{application=integration.TestGriffonApplication@159e4385, mvcType=simple, mvcId=parent2, configuration=MVCGroupConfiguration{mvcType='simple', members={model=integration.SimpleModel, view=integration.SimpleView, controller=integration.SimpleController}, config={}}, model=integration.SimpleModel@43e0ffab, view=integration.SimpleView@3b65e08e, controller=integration.SimpleController@4bdb730, mvcGroup=org.codehaus.griffon.runtime.core.mvc.DefaultMVCGroup@3b4038b8[simple:parent2]}
{application=integration.TestGriffonApplication@159e4385, mvcType=simple, mvcId=simple, configuration=MVCGroupConfiguration{mvcType='simple', members={model=integration.SimpleModel, view=integration.SimpleView, controller=integration.SimpleController}, config={}}, parentGroup=org.codehaus.griffon.runtime.core.mvc.DefaultMVCGroup@3b4038b8[simple:parent2], parentModel=integration.SimpleModel@43e0ffab, parentView=integration.SimpleView@3b65e08e, parentController=integration.SimpleController@4bdb730, model=integration.SimpleModel@bba6de5, view=integration.SimpleView@307aac0, controller=integration.SimpleController@b241cf6, mvcGroup=org.codehaus.griffon.runtime.core.mvc.DefaultMVCGroup@42118139[simple:simple]}
]]></system-out>
  <system-err><![CDATA[[Test worker] INFO org.codehaus.griffon.runtime.core.DefaultApplicationBootstrapper - Griffon 2.1.0-SNAPSHOT
[Test worker] INFO org.codehaus.griffon.runtime.core.DefaultApplicationBootstrapper - Build: 2014-11-05T19:28:22.258+0000
[Test worker] INFO org.codehaus.griffon.runtime.core.DefaultApplicationBootstrapper - JVM: 1.8.0_25 (Oracle Corporation 25.25-b02)
[Test worker] INFO org.codehaus.griffon.runtime.core.DefaultApplicationBootstrapper - OS: Linux 2.6.32-042stab090.5 amd64
[Test worker] INFO integration.TestGriffonApplication - Initializing all startup groups: [integration]
[Test worker] INFO integration.TestGriffonApplication - Initializing all integrationÂ startup groups: [sample]
[Test worker] INFO integration.TestGriffonApplication - Shutdown is in process
]]></system-err>
</testsuite>
