<?xml version="1.0" encoding="UTF-8"?>
<testsuite name="org.codehaus.griffon.runtime.core.resources.DefaultResourceResolverTests" tests="6" failures="0" errors="0" timestamp="2014-06-08T12:18:48" hostname="testing-worker-linux-6-1-3457-linux-4-27062687" time="0.108">
  <properties/>
  <testcase name="exerciseFormatResource" classname="org.codehaus.griffon.runtime.core.resources.DefaultResourceResolverTests" time="0.026"/>
  <testcase name="resolveResourceValueWithReferencedKey" classname="org.codehaus.griffon.runtime.core.resources.DefaultResourceResolverTests" time="0.005"/>
  <testcase name="exerciseAllExceptionThrowingMethods" classname="org.codehaus.griffon.runtime.core.resources.DefaultResourceResolverTests" time="0.032"/>
  <testcase name="exerciseAllMethodsWithDefaultValue" classname="org.codehaus.griffon.runtime.core.resources.DefaultResourceResolverTests" time="0.011"/>
  <testcase name="resolveAllFormatsByProperties" classname="org.codehaus.griffon.runtime.core.resources.DefaultResourceResolverTests" time="0.004"/>
  <testcase name="resolveResourceFromCustomResourceResolver" classname="org.codehaus.griffon.runtime.core.resources.DefaultResourceResolverTests" time="0.029"/>
  <system-out><![CDATA[]]></system-out>
  <system-err><![CDATA[]]></system-err>
</testsuite>
