<?xml version="1.0" encoding="UTF-8"?>
<testsuite name="griffon.core.env.RunModeTests" tests="3" skipped="0" failures="0" errors="0" timestamp="2015-05-09T11:31:19" hostname="testing-worker-linux-bb3654bb-2-27488-linux-11-61873267" time="0.011">
  <properties/>
  <testcase name="testGetCurrent" classname="griffon.core.env.RunModeTests" time="0.007"/>
  <testcase name="testIsSystemSet" classname="griffon.core.env.RunModeTests" time="0.001"/>
  <testcase name="testGetRunMode" classname="griffon.core.env.RunModeTests" time="0.001"/>
  <system-out><![CDATA[]]></system-out>
  <system-err><![CDATA[]]></system-err>
</testsuite>
