<?xml version="1.0" encoding="UTF-8"?>
<testsuite name="griffon.core.editors.BigDecimalPropertyEditorSpec" tests="15" skipped="0" failures="0" errors="0" timestamp="2014-08-10T16:02:12" hostname="testing-worker-linux-11-2-1953-linux-9-32156321" time="0.043">
  <properties/>
  <testcase name="BigDecimal literal 'null' with format 'null' should be equal to null" classname="griffon.core.editors.BigDecimalPropertyEditorSpec" time="0.015"/>
  <testcase name="BigDecimal literal '' with format 'null' should be equal to null" classname="griffon.core.editors.BigDecimalPropertyEditorSpec" time="0.001"/>
  <testcase name="BigDecimal literal '1' with format 'null' should be equal to 1" classname="griffon.core.editors.BigDecimalPropertyEditorSpec" time="0.001"/>
  <testcase name="BigDecimal literal '100%' with format 'percent' should be equal to 1" classname="griffon.core.editors.BigDecimalPropertyEditorSpec" time="0.001"/>
  <testcase name="BigDecimal literal '$1.00' with format 'currency' should be equal to 1" classname="griffon.core.editors.BigDecimalPropertyEditorSpec" time="0.001"/>
  <testcase name="BigDecimal literal '1' with format 'null' should be equal to 1" classname="griffon.core.editors.BigDecimalPropertyEditorSpec" time="0.0"/>
  <testcase name="BigDecimal literal '1' with format 'null' should be equal to 1" classname="griffon.core.editors.BigDecimalPropertyEditorSpec" time="0.001"/>
  <testcase name="BigDecimal literal '1' with format 'null' should be equal to 1" classname="griffon.core.editors.BigDecimalPropertyEditorSpec" time="0.001"/>
  <testcase name="Invalid bigdecimal literal 'garbage'" classname="griffon.core.editors.BigDecimalPropertyEditorSpec" time="0.001"/>
  <testcase name="Invalid bigdecimal literal '1, 2, 3'" classname="griffon.core.editors.BigDecimalPropertyEditorSpec" time="0.001"/>
  <testcase name="Invalid bigdecimal literal '[]'" classname="griffon.core.editors.BigDecimalPropertyEditorSpec" time="0.001"/>
  <testcase name="Invalid bigdecimal literal '[1, 2, 3]'" classname="griffon.core.editors.BigDecimalPropertyEditorSpec" time="0.0"/>
  <testcase name="Invalid bigdecimal literal '[:]'" classname="griffon.core.editors.BigDecimalPropertyEditorSpec" time="0.001"/>
  <testcase name="Invalid bigdecimal literal '[key:value]'" classname="griffon.core.editors.BigDecimalPropertyEditorSpec" time="0.001"/>
  <testcase name="Invalid bigdecimal literal 'java.lang.Object@ba94b54'" classname="griffon.core.editors.BigDecimalPropertyEditorSpec" time="0.002"/>
  <system-out><![CDATA[]]></system-out>
  <system-err><![CDATA[]]></system-err>
</testsuite>
