<?xml version="1.0" encoding="UTF-8"?>
<testsuite name="integration.MVCGroupSpec" tests="4" skipped="0" failures="0" errors="0" timestamp="2015-05-07T06:01:41" hostname="testing-worker-linux-f25aadab-1-20168-linux-16-61572399" time="0.094">
  <properties/>
  <testcase name="Bootstrap application" classname="integration.MVCGroupSpec" time="0.058"/>
  <testcase name="Creating an MVCGroup through the MVCGroupManager does not set implicit parent group" classname="integration.MVCGroupSpec" time="0.013"/>
  <testcase name="Creating an MVCGroup through a group does set implicit parent group" classname="integration.MVCGroupSpec" time="0.011"/>
  <testcase name="Creating an MVCGroup through an artifact does set implicit parent group" classname="integration.MVCGroupSpec" time="0.011"/>
  <system-out><![CDATA[{application=integration.TestGriffonApplication@29c20b79, mvcType=sample, mvcId=sample, configuration=MVCGroupConfiguration{mvcType='sample', members={model=integration.SimpleModel, view=integration.SimpleView, controller=integration.SimpleController}, config={}}, model=integration.SimpleModel@38fab05f, view=integration.SimpleView@7f65edba, controller=integration.SimpleController@228f4578, mvcGroup=org.codehaus.griffon.runtime.core.mvc.DefaultMVCGroup@236116e3[sample:sample]}
{application=integration.TestGriffonApplication@29c20b79, mvcType=simple, mvcId=simple, configuration=MVCGroupConfiguration{mvcType='simple', members={model=integration.SimpleModel, view=integration.SimpleView, controller=integration.SimpleController}, config={}}, model=integration.SimpleModel@3a519b84, view=integration.SimpleView@7ee1a554, controller=integration.SimpleController@3586676b, mvcGroup=org.codehaus.griffon.runtime.core.mvc.DefaultMVCGroup@7d599794[simple:simple]}
{application=integration.TestGriffonApplication@29c20b79, mvcType=simple, mvcId=parent1, configuration=MVCGroupConfiguration{mvcType='simple', members={model=integration.SimpleModel, view=integration.SimpleView, controller=integration.SimpleController}, config={}}, model=integration.SimpleModel@39728e6f, view=integration.SimpleView@797b1fd0, controller=integration.SimpleController@5fcb6499, mvcGroup=org.codehaus.griffon.runtime.core.mvc.DefaultMVCGroup@375f2a6b[simple:parent1]}
{application=integration.TestGriffonApplication@29c20b79, mvcType=simple, mvcId=simple, configuration=MVCGroupConfiguration{mvcType='simple', members={model=integration.SimpleModel, view=integration.SimpleView, controller=integration.SimpleController}, config={}}, parentGroup=org.codehaus.griffon.runtime.core.mvc.DefaultMVCGroup@375f2a6b[simple:parent1], parentModel=integration.SimpleModel@39728e6f, parentView=integration.SimpleView@797b1fd0, parentController=integration.SimpleController@5fcb6499, model=integration.SimpleModel@cd6cc63, view=integration.SimpleView@3a78a0e6, controller=integration.SimpleController@eb1747, mvcGroup=org.codehaus.griffon.runtime.core.mvc.DefaultMVCGroup@1e614005[simple:simple]}
{application=integration.TestGriffonApplication@29c20b79, mvcType=simple, mvcId=parent2, configuration=MVCGroupConfiguration{mvcType='simple', members={model=integration.SimpleModel, view=integration.SimpleView, controller=integration.SimpleController}, config={}}, model=integration.SimpleModel@10a9bfc5, view=integration.SimpleView@1b257121, controller=integration.SimpleController@448b5132, mvcGroup=org.codehaus.griffon.runtime.core.mvc.DefaultMVCGroup@3934aca1[simple:parent2]}
{application=integration.TestGriffonApplication@29c20b79, mvcType=simple, mvcId=simple, configuration=MVCGroupConfiguration{mvcType='simple', members={model=integration.SimpleModel, view=integration.SimpleView, controller=integration.SimpleController}, config={}}, parentGroup=org.codehaus.griffon.runtime.core.mvc.DefaultMVCGroup@3934aca1[simple:parent2], parentModel=integration.SimpleModel@10a9bfc5, parentView=integration.SimpleView@1b257121, parentController=integration.SimpleController@448b5132, model=integration.SimpleModel@4be428dc, view=integration.SimpleView@2412b520, controller=integration.SimpleController@38d8415, mvcGroup=org.codehaus.griffon.runtime.core.mvc.DefaultMVCGroup@690626a[simple:simple]}
]]></system-out>
  <system-err><![CDATA[[Test worker] INFO org.codehaus.griffon.runtime.core.DefaultApplicationBootstrapper - Griffon 2.3.0-SNAPSHOT
[Test worker] INFO org.codehaus.griffon.runtime.core.DefaultApplicationBootstrapper - Build: 2015-05-07T05:58:44.690+0000
[Test worker] INFO org.codehaus.griffon.runtime.core.DefaultApplicationBootstrapper - JVM: 1.8.0_45 (Oracle Corporation 25.45-b02)
[Test worker] INFO org.codehaus.griffon.runtime.core.DefaultApplicationBootstrapper - OS: Linux 2.6.32-042stab090.5 amd64
[Test worker] INFO integration.TestGriffonApplication - Initializing all startup groups: [integration]
[Test worker] INFO integration.TestGriffonApplication - Initializing all integrationÂ startup groups: [sample]
[Test worker] INFO integration.TestGriffonApplication - Shutdown is in process
]]></system-err>
</testsuite>
