<?xml version="1.0" encoding="UTF-8"?>
<testsuite name="griffon.util.MapResourceBundleSpec" tests="1" skipped="0" failures="0" errors="0" timestamp="2016-06-20T06:41:32" hostname="testing-gce-dfc024f2-265a-4356-bfc2-a5a02638c044.c.travis-ci-prod-4.internal" time="0.0">
  <properties/>
  <testcase name="Calling bundle.getObject(key.string, #Error:defaultValue) gives string as result" classname="griffon.util.MapResourceBundleSpec" time="0.0"/>
  <system-out><![CDATA[]]></system-out>
  <system-err><![CDATA[]]></system-err>
</testsuite>
