<?xml version="1.0" encoding="UTF-8"?>
<testsuite name="griffon.util.TypeUtilsTest" tests="9" failures="0" errors="0" timestamp="2014-02-14T18:08:37" hostname="testing-worker-linux-9-2-26990-linux-7-18895936" time="0.016">
  <properties/>
  <testcase name="setEquality" classname="griffon.util.TypeUtilsTest" time="0.0"/>
  <testcase name="castToNumberWithDefaultCantHandleNonNumberValues" classname="griffon.util.TypeUtilsTest" time="0.001"/>
  <testcase name="arrayEquality" classname="griffon.util.TypeUtilsTest" time="0.0"/>
  <testcase name="objectEquality" classname="griffon.util.TypeUtilsTest" time="0.0"/>
  <testcase name="mapEquality" classname="griffon.util.TypeUtilsTest" time="0.0"/>
  <testcase name="equality" classname="griffon.util.TypeUtilsTest" time="0.001"/>
  <testcase name="convertValue" classname="griffon.util.TypeUtilsTest" time="0.006"/>
  <testcase name="castToNumberCantHandleNonNumberValues" classname="griffon.util.TypeUtilsTest" time="0.0"/>
  <testcase name="listEquality" classname="griffon.util.TypeUtilsTest" time="0.0"/>
  <system-out><![CDATA[]]></system-out>
  <system-err><![CDATA[[Test worker] TRACE griffon.core.editors.PropertyEditorResolver - Searching PropertyEditor for java.net.URI
[Test worker] TRACE griffon.core.editors.PropertyEditorResolver - PropertyEditor for java.net.URI is griffon.core.editors.URIPropertyEditor
[Test worker] TRACE griffon.core.editors.PropertyEditorResolver - Searching PropertyEditor for java.net.URI
[Test worker] TRACE griffon.core.editors.PropertyEditorResolver - PropertyEditor for java.net.URI is griffon.core.editors.URIPropertyEditor
[Test worker] TRACE griffon.core.editors.PropertyEditorResolver - Searching PropertyEditor for griffon.util.TypeUtils
]]></system-err>
</testsuite>
