<?xml version="1.0" encoding="UTF-8"?>
<testsuite name="griffon.exceptions.InstanceMethodInvocationExceptionSpec" tests="1" skipped="0" failures="0" errors="0" timestamp="2015-08-07T19:04:39" hostname="testing-worker-linux-968a87ce-1-2223-linux-7-74617357" time="0.211">
  <properties/>
  <testcase name="Exception should have proper formatted message" classname="griffon.exceptions.InstanceMethodInvocationExceptionSpec" time="0.211"/>
  <system-out><![CDATA[]]></system-out>
  <system-err><![CDATA[]]></system-err>
</testsuite>
