<?xml version="1.0" encoding="UTF-8"?>
<testsuite name="org.codehaus.griffon.runtime.core.storage.DefaultObjectStorageSpec" tests="10" skipped="0" failures="0" errors="0" timestamp="2015-06-08T21:58:23" hostname="testing-worker-linux-c55820f2-2-32762-linux-4-65962893" time="0.005">
  <properties/>
  <testcase name="Query empty storage with key 'null'" classname="org.codehaus.griffon.runtime.core.storage.DefaultObjectStorageSpec" time="0.001"/>
  <testcase name="Query empty storage with key ''" classname="org.codehaus.griffon.runtime.core.storage.DefaultObjectStorageSpec" time="0.0"/>
  <testcase name="Query empty storage with key ' '" classname="org.codehaus.griffon.runtime.core.storage.DefaultObjectStorageSpec" time="0.0"/>
  <testcase name="Query empty storage with key 'default'" classname="org.codehaus.griffon.runtime.core.storage.DefaultObjectStorageSpec" time="0.001"/>
  <testcase name="Query empty storage with key 'key'" classname="org.codehaus.griffon.runtime.core.storage.DefaultObjectStorageSpec" time="0.0"/>
  <testcase name="Update empty storage with key 'null'" classname="org.codehaus.griffon.runtime.core.storage.DefaultObjectStorageSpec" time="0.002"/>
  <testcase name="Update empty storage with key ''" classname="org.codehaus.griffon.runtime.core.storage.DefaultObjectStorageSpec" time="0.001"/>
  <testcase name="Update empty storage with key ' '" classname="org.codehaus.griffon.runtime.core.storage.DefaultObjectStorageSpec" time="0.0"/>
  <testcase name="Update empty storage with key 'default'" classname="org.codehaus.griffon.runtime.core.storage.DefaultObjectStorageSpec" time="0.0"/>
  <testcase name="Query non empty storage with key 'key'" classname="org.codehaus.griffon.runtime.core.storage.DefaultObjectStorageSpec" time="0.0"/>
  <system-out><![CDATA[]]></system-out>
  <system-err><![CDATA[]]></system-err>
</testsuite>
