<?xml version="1.0" encoding="UTF-8"?>
<testsuite name="griffon.exceptions.InstanceMethodInvocationExceptionSpec" tests="1" skipped="0" failures="0" errors="0" timestamp="2015-07-14T19:43:52" hostname="testing-worker-linux-08b40318-1-25147-linux-1-70962556" time="0.185">
  <properties/>
  <testcase name="Exception should have proper formatted message" classname="griffon.exceptions.InstanceMethodInvocationExceptionSpec" time="0.185"/>
  <system-out><![CDATA[]]></system-out>
  <system-err><![CDATA[]]></system-err>
</testsuite>
