<?xml version="1.0" encoding="UTF-8"?>
<testsuite name="griffon.exceptions.NewInstanceExceptionSpec" tests="2" skipped="0" failures="0" errors="0" timestamp="2015-09-24T07:24:36" hostname="testing-worker-linux-968a87ce-2-16078-linux-10-81916283" time="0.007">
  <properties/>
  <testcase name="Exception should have proper formatted message[0]" classname="griffon.exceptions.NewInstanceExceptionSpec" time="0.007"/>
  <testcase name="Exception should have proper formatted message[1]" classname="griffon.exceptions.NewInstanceExceptionSpec" time="0.0"/>
  <system-out><![CDATA[]]></system-out>
  <system-err><![CDATA[]]></system-err>
</testsuite>
