<?xml version="1.0" encoding="UTF-8"?>
<testsuite name="griffon.util.GriffonNameUtilsTest" tests="19" skipped="0" failures="0" errors="0" timestamp="2015-10-09T12:51:44" hostname="testing-worker-linux-9eb6c2a4-2-535-linux-8-84496156" time="0.034">
  <properties/>
  <testcase name="testGetClassNameRepresentation" classname="griffon.util.GriffonNameUtilsTest" time="0.004"/>
  <testcase name="testGetLogicalName" classname="griffon.util.GriffonNameUtilsTest" time="0.001"/>
  <testcase name="testQuote" classname="griffon.util.GriffonNameUtilsTest" time="0.001"/>
  <testcase name="testGetShortName" classname="griffon.util.GriffonNameUtilsTest" time="0.002"/>
  <testcase name="testUnquote" classname="griffon.util.GriffonNameUtilsTest" time="0.001"/>
  <testcase name="testGetHyphenatedName" classname="griffon.util.GriffonNameUtilsTest" time="0.002"/>
  <testcase name="testGetGetterName" classname="griffon.util.GriffonNameUtilsTest" time="0.0"/>
  <testcase name="testGetNaturalName" classname="griffon.util.GriffonNameUtilsTest" time="0.001"/>
  <testcase name="testGetLogicalPropertyName" classname="griffon.util.GriffonNameUtilsTest" time="0.001"/>
  <testcase name="testGetPropertyName" classname="griffon.util.GriffonNameUtilsTest" time="0.001"/>
  <testcase name="testGetLogicalPropertyNameForArtefactWithSingleCharacterName" classname="griffon.util.GriffonNameUtilsTest" time="0.0"/>
  <testcase name="testGetClassName" classname="griffon.util.GriffonNameUtilsTest" time="0.01"/>
  <testcase name="testUncapitalize" classname="griffon.util.GriffonNameUtilsTest" time="0.001"/>
  <testcase name="testGetSetterName" classname="griffon.util.GriffonNameUtilsTest" time="0.001"/>
  <testcase name="testIsBlank" classname="griffon.util.GriffonNameUtilsTest" time="0.001"/>
  <testcase name="testCapitalize" classname="griffon.util.GriffonNameUtilsTest" time="0.001"/>
  <testcase name="testGetLogicalPropertyNameForArtefactWithAllUpperCaseName" classname="griffon.util.GriffonNameUtilsTest" time="0.0"/>
  <testcase name="testGetClassNameForLowerCaseHyphenSeparatedName" classname="griffon.util.GriffonNameUtilsTest" time="0.001"/>
  <testcase name="testGetPropertyNameRepresentation" classname="griffon.util.GriffonNameUtilsTest" time="0.001"/>
  <system-out><![CDATA[]]></system-out>
  <system-err><![CDATA[]]></system-err>
</testsuite>
