<?xml version="1.0" encoding="UTF-8"?>
<testsuite name="griffon.core.env.EnvironmentTests" tests="3" failures="0" errors="0" timestamp="2014-02-17T20:49:01" hostname="testing-worker-linux-2-2-30281-linux-3-19064236" time="0.063">
  <properties/>
  <testcase name="testGetEnvironment" classname="griffon.core.env.EnvironmentTests" time="0.048"/>
  <testcase name="testSystemPropertyOverridesMetadata" classname="griffon.core.env.EnvironmentTests" time="0.012"/>
  <testcase name="testGetCurrent" classname="griffon.core.env.EnvironmentTests" time="0.002"/>
  <system-out><![CDATA[]]></system-out>
  <system-err><![CDATA[]]></system-err>
</testsuite>
