<?xml version="1.0" encoding="UTF-8"?>
<testsuite name="org.codehaus.griffon.runtime.core.artifact.GriffonArtifactSpec" tests="25" skipped="0" failures="0" errors="0" timestamp="2014-11-01T09:58:25" hostname="testing-worker-linux-2-2-4532-linux-2-39675581" time="0.97">
  <properties/>
  <testcase name="Bootstrap application" classname="org.codehaus.griffon.runtime.core.artifact.GriffonArtifactSpec" time="0.571"/>
  <testcase name="Verify withMvcGroup(type , handler)" classname="org.codehaus.griffon.runtime.core.artifact.GriffonArtifactSpec" time="0.057"/>
  <testcase name="Verify withMvcGroup(type, id , handler)" classname="org.codehaus.griffon.runtime.core.artifact.GriffonArtifactSpec" time="0.023"/>
  <testcase name="Verify withMvcGroup(type, id, map , handler)" classname="org.codehaus.griffon.runtime.core.artifact.GriffonArtifactSpec" time="0.024"/>
  <testcase name="Verify withMvcGroup(type, map , handler)" classname="org.codehaus.griffon.runtime.core.artifact.GriffonArtifactSpec" time="0.023"/>
  <testcase name="Verify withMvcGroup(map, type, id , handler)" classname="org.codehaus.griffon.runtime.core.artifact.GriffonArtifactSpec" time="0.022"/>
  <testcase name="Verify withMvcGroup(map, type , handler)" classname="org.codehaus.griffon.runtime.core.artifact.GriffonArtifactSpec" time="0.025"/>
  <testcase name="Verify buildMVCGroup(type)" classname="org.codehaus.griffon.runtime.core.artifact.GriffonArtifactSpec" time="0.019"/>
  <testcase name="Verify buildMVCGroup(type, id)" classname="org.codehaus.griffon.runtime.core.artifact.GriffonArtifactSpec" time="0.016"/>
  <testcase name="Verify buildMVCGroup(type, map)" classname="org.codehaus.griffon.runtime.core.artifact.GriffonArtifactSpec" time="0.029"/>
  <testcase name="Verify buildMVCGroup(map, type)" classname="org.codehaus.griffon.runtime.core.artifact.GriffonArtifactSpec" time="0.026"/>
  <testcase name="Verify buildMVCGroup(type, id, map)" classname="org.codehaus.griffon.runtime.core.artifact.GriffonArtifactSpec" time="0.011"/>
  <testcase name="Verify buildMVCGroup(map, type, id)" classname="org.codehaus.griffon.runtime.core.artifact.GriffonArtifactSpec" time="0.012"/>
  <testcase name="Verify createMVCGroup(type)" classname="org.codehaus.griffon.runtime.core.artifact.GriffonArtifactSpec" time="0.016"/>
  <testcase name="Verify createMVCGroup(type, id)" classname="org.codehaus.griffon.runtime.core.artifact.GriffonArtifactSpec" time="0.015"/>
  <testcase name="Verify createMVCGroup(type, map)" classname="org.codehaus.griffon.runtime.core.artifact.GriffonArtifactSpec" time="0.014"/>
  <testcase name="Verify createMVCGroup(map, type)" classname="org.codehaus.griffon.runtime.core.artifact.GriffonArtifactSpec" time="0.014"/>
  <testcase name="Verify createMVCGroup(type, id, map)" classname="org.codehaus.griffon.runtime.core.artifact.GriffonArtifactSpec" time="0.01"/>
  <testcase name="Verify createMVCGroup(map, type, id)" classname="org.codehaus.griffon.runtime.core.artifact.GriffonArtifactSpec" time="0.01"/>
  <testcase name="Verify destroyMVCGroup(id)" classname="org.codehaus.griffon.runtime.core.artifact.GriffonArtifactSpec" time="0.011"/>
  <testcase name="Execute runnable inside UI sync" classname="org.codehaus.griffon.runtime.core.artifact.GriffonArtifactSpec" time="0.003"/>
  <testcase name="Execute runnable inside UI async" classname="org.codehaus.griffon.runtime.core.artifact.GriffonArtifactSpec" time="0.003"/>
  <testcase name="Execute runnable outside UI" classname="org.codehaus.griffon.runtime.core.artifact.GriffonArtifactSpec" time="0.003"/>
  <testcase name="Execute future" classname="org.codehaus.griffon.runtime.core.artifact.GriffonArtifactSpec" time="0.003"/>
  <testcase name="Execute future with ExecutorService" classname="org.codehaus.griffon.runtime.core.artifact.GriffonArtifactSpec" time="0.007"/>
  <system-out><![CDATA[{application=integration.TestGriffonApplication@5de8c22c, mvcType=sample, mvcId=sample, configuration=MVCGroupConfiguration{mvcType='sample', members={model=integration.SimpleModel, view=integration.SimpleView, controller=integration.SimpleController}, config={}}, model=integration.SimpleModel@2e33a589, view=integration.SimpleView@7781df5c, controller=integration.SimpleController@2605ae2, mvcGroup=org.codehaus.griffon.runtime.core.mvc.DefaultMVCGroup@5318e3bd[sample:sample]}
{application=integration.TestGriffonApplication@5de8c22c, mvcType=simple, mvcId=simple, configuration=MVCGroupConfiguration{mvcType='simple', members={model=integration.SimpleModel, view=integration.SimpleView, controller=integration.SimpleController}, config={}}, parentGroup=org.codehaus.griffon.runtime.core.mvc.DefaultMVCGroup@26c3155a[integration:integration], parentView=integration.IntegrationView@70266189, parentController=integration.IntegrationController@5fdfdbec, parentModel=integration.IntegrationModel@663bd817, model=integration.SimpleModel@3e77785d, view=integration.SimpleView@29ab11df, controller=integration.SimpleController@15187107, mvcGroup=org.codehaus.griffon.runtime.core.mvc.DefaultMVCGroup@5b24f7eb[simple:simple]}
{application=integration.TestGriffonApplication@5de8c22c, mvcType=simple, mvcId=simple-1, configuration=MVCGroupConfiguration{mvcType='simple', members={model=integration.SimpleModel, view=integration.SimpleView, controller=integration.SimpleController}, config={}}, parentGroup=org.codehaus.griffon.runtime.core.mvc.DefaultMVCGroup@26c3155a[integration:integration], parentView=integration.IntegrationView@70266189, parentController=integration.IntegrationController@5fdfdbec, parentModel=integration.IntegrationModel@663bd817, model=integration.SimpleModel@3de78633, view=integration.SimpleView@3a93e8b5, controller=integration.SimpleController@26b3a99b, mvcGroup=org.codehaus.griffon.runtime.core.mvc.DefaultMVCGroup@380d24eb[simple:simple-1]}
{application=integration.TestGriffonApplication@5de8c22c, mvcType=simple, mvcId=simple-2, configuration=MVCGroupConfiguration{mvcType='simple', members={model=integration.SimpleModel, view=integration.SimpleView, controller=integration.SimpleController}, config={}}, parentGroup=org.codehaus.griffon.runtime.core.mvc.DefaultMVCGroup@26c3155a[integration:integration], key=griffon, parentView=integration.IntegrationView@70266189, parentController=integration.IntegrationController@5fdfdbec, parentModel=integration.IntegrationModel@663bd817, model=integration.SimpleModel@6e286a91, view=integration.SimpleView@3b4f7543, controller=integration.SimpleController@48355824, mvcGroup=org.codehaus.griffon.runtime.core.mvc.DefaultMVCGroup@6edc827f[simple:simple-2]}
{application=integration.TestGriffonApplication@5de8c22c, mvcType=simple, mvcId=simple, configuration=MVCGroupConfiguration{mvcType='simple', members={model=integration.SimpleModel, view=integration.SimpleView, controller=integration.SimpleController}, config={}}, parentGroup=org.codehaus.griffon.runtime.core.mvc.DefaultMVCGroup@26c3155a[integration:integration], key=griffon, parentView=integration.IntegrationView@70266189, parentController=integration.IntegrationController@5fdfdbec, parentModel=integration.IntegrationModel@663bd817, model=integration.SimpleModel@3d6ea763, view=integration.SimpleView@30db0686, controller=integration.SimpleController@161db3a2, mvcGroup=org.codehaus.griffon.runtime.core.mvc.DefaultMVCGroup@56f4d13d[simple:simple]}
{application=integration.TestGriffonApplication@5de8c22c, mvcType=simple, mvcId=simple-2, configuration=MVCGroupConfiguration{mvcType='simple', members={model=integration.SimpleModel, view=integration.SimpleView, controller=integration.SimpleController}, config={}}, parentGroup=org.codehaus.griffon.runtime.core.mvc.DefaultMVCGroup@26c3155a[integration:integration], key=griffon, parentView=integration.IntegrationView@70266189, parentController=integration.IntegrationController@5fdfdbec, parentModel=integration.IntegrationModel@663bd817, model=integration.SimpleModel@4e00816e, view=integration.SimpleView@1b198c4d, controller=integration.SimpleController@4234866c, mvcGroup=org.codehaus.griffon.runtime.core.mvc.DefaultMVCGroup@7c11f360[simple:simple-2]}
{application=integration.TestGriffonApplication@5de8c22c, mvcType=simple, mvcId=simple, configuration=MVCGroupConfiguration{mvcType='simple', members={model=integration.SimpleModel, view=integration.SimpleView, controller=integration.SimpleController}, config={}}, parentGroup=org.codehaus.griffon.runtime.core.mvc.DefaultMVCGroup@26c3155a[integration:integration], key=griffon, parentView=integration.IntegrationView@70266189, parentController=integration.IntegrationController@5fdfdbec, parentModel=integration.IntegrationModel@663bd817, model=integration.SimpleModel@784060d1, view=integration.SimpleView@6e40f61b, controller=integration.SimpleController@5c0b2ae6, mvcGroup=org.codehaus.griffon.runtime.core.mvc.DefaultMVCGroup@3ad0d3c1[simple:simple]}
{application=integration.TestGriffonApplication@5de8c22c, mvcType=simple, mvcId=simple, configuration=MVCGroupConfiguration{mvcType='simple', members={model=integration.SimpleModel, view=integration.SimpleView, controller=integration.SimpleController}, config={}}, parentGroup=org.codehaus.griffon.runtime.core.mvc.DefaultMVCGroup@26c3155a[integration:integration], parentView=integration.IntegrationView@70266189, parentController=integration.IntegrationController@5fdfdbec, parentModel=integration.IntegrationModel@663bd817, model=integration.SimpleModel@3b4d3f14, view=integration.SimpleView@36d1d52b, controller=integration.SimpleController@74c43b86, mvcGroup=org.codehaus.griffon.runtime.core.mvc.DefaultMVCGroup@1e0ec23e[simple:simple]}
{application=integration.TestGriffonApplication@5de8c22c, mvcType=simple, mvcId=simple-1, configuration=MVCGroupConfiguration{mvcType='simple', members={model=integration.SimpleModel, view=integration.SimpleView, controller=integration.SimpleController}, config={}}, parentGroup=org.codehaus.griffon.runtime.core.mvc.DefaultMVCGroup@26c3155a[integration:integration], parentView=integration.IntegrationView@70266189, parentController=integration.IntegrationController@5fdfdbec, parentModel=integration.IntegrationModel@663bd817, model=integration.SimpleModel@74a9174f, view=integration.SimpleView@21e41a57, controller=integration.SimpleController@49132367, mvcGroup=org.codehaus.griffon.runtime.core.mvc.DefaultMVCGroup@4aa2436a[simple:simple-1]}
{application=integration.TestGriffonApplication@5de8c22c, mvcType=simple, mvcId=simple, configuration=MVCGroupConfiguration{mvcType='simple', members={model=integration.SimpleModel, view=integration.SimpleView, controller=integration.SimpleController}, config={}}, parentGroup=org.codehaus.griffon.runtime.core.mvc.DefaultMVCGroup@26c3155a[integration:integration], key=griffon, parentView=integration.IntegrationView@70266189, parentController=integration.IntegrationController@5fdfdbec, parentModel=integration.IntegrationModel@663bd817, model=integration.SimpleModel@760d261e, view=integration.SimpleView@77babc2a, controller=integration.SimpleController@2762b1a1, mvcGroup=org.codehaus.griffon.runtime.core.mvc.DefaultMVCGroup@7f031f34[simple:simple]}
{application=integration.TestGriffonApplication@5de8c22c, mvcType=simple, mvcId=simple, configuration=MVCGroupConfiguration{mvcType='simple', members={model=integration.SimpleModel, view=integration.SimpleView, controller=integration.SimpleController}, config={}}, parentGroup=org.codehaus.griffon.runtime.core.mvc.DefaultMVCGroup@26c3155a[integration:integration], key=griffon, parentView=integration.IntegrationView@70266189, parentController=integration.IntegrationController@5fdfdbec, parentModel=integration.IntegrationModel@663bd817, model=integration.SimpleModel@425840de, view=integration.SimpleView@70850e8d, controller=integration.SimpleController@17985516, mvcGroup=org.codehaus.griffon.runtime.core.mvc.DefaultMVCGroup@780e25f2[simple:simple]}
{application=integration.TestGriffonApplication@5de8c22c, mvcType=simple, mvcId=simple-2, configuration=MVCGroupConfiguration{mvcType='simple', members={model=integration.SimpleModel, view=integration.SimpleView, controller=integration.SimpleController}, config={}}, parentGroup=org.codehaus.griffon.runtime.core.mvc.DefaultMVCGroup@26c3155a[integration:integration], key=griffon, parentView=integration.IntegrationView@70266189, parentController=integration.IntegrationController@5fdfdbec, parentModel=integration.IntegrationModel@663bd817, model=integration.SimpleModel@7850d49d, view=integration.SimpleView@20795c7c, controller=integration.SimpleController@759c8d80, mvcGroup=org.codehaus.griffon.runtime.core.mvc.DefaultMVCGroup@7c340774[simple:simple-2]}
{application=integration.TestGriffonApplication@5de8c22c, mvcType=simple, mvcId=simple-2, configuration=MVCGroupConfiguration{mvcType='simple', members={model=integration.SimpleModel, view=integration.SimpleView, controller=integration.SimpleController}, config={}}, parentGroup=org.codehaus.griffon.runtime.core.mvc.DefaultMVCGroup@26c3155a[integration:integration], key=griffon, parentView=integration.IntegrationView@70266189, parentController=integration.IntegrationController@5fdfdbec, parentModel=integration.IntegrationModel@663bd817, model=integration.SimpleModel@2bec053, view=integration.SimpleView@68cee6c4, controller=integration.SimpleController@792f86d0, mvcGroup=org.codehaus.griffon.runtime.core.mvc.DefaultMVCGroup@25fc3126[simple:simple-2]}
{application=integration.TestGriffonApplication@5de8c22c, mvcType=simple, mvcId=simple, configuration=MVCGroupConfiguration{mvcType='simple', members={model=integration.SimpleModel, view=integration.SimpleView, controller=integration.SimpleController}, config={}}, parentGroup=org.codehaus.griffon.runtime.core.mvc.DefaultMVCGroup@26c3155a[integration:integration], parentView=integration.IntegrationView@70266189, parentController=integration.IntegrationController@5fdfdbec, parentModel=integration.IntegrationModel@663bd817, model=integration.SimpleModel@51b4d192, view=integration.SimpleView@4ed3f5a6, controller=integration.SimpleController@4b4fe3aa, mvcGroup=org.codehaus.griffon.runtime.core.mvc.DefaultMVCGroup@ffe8ee4[simple:simple]}
{application=integration.TestGriffonApplication@5de8c22c, mvcType=simple, mvcId=simple-1, configuration=MVCGroupConfiguration{mvcType='simple', members={model=integration.SimpleModel, view=integration.SimpleView, controller=integration.SimpleController}, config={}}, parentGroup=org.codehaus.griffon.runtime.core.mvc.DefaultMVCGroup@26c3155a[integration:integration], parentView=integration.IntegrationView@70266189, parentController=integration.IntegrationController@5fdfdbec, parentModel=integration.IntegrationModel@663bd817, model=integration.SimpleModel@668a9272, view=integration.SimpleView@117a3fdd, controller=integration.SimpleController@4a2a9ce5, mvcGroup=org.codehaus.griffon.runtime.core.mvc.DefaultMVCGroup@12be57a9[simple:simple-1]}
{application=integration.TestGriffonApplication@5de8c22c, mvcType=simple, mvcId=simple, configuration=MVCGroupConfiguration{mvcType='simple', members={model=integration.SimpleModel, view=integration.SimpleView, controller=integration.SimpleController}, config={}}, parentGroup=org.codehaus.griffon.runtime.core.mvc.DefaultMVCGroup@26c3155a[integration:integration], key=griffon, parentView=integration.IntegrationView@70266189, parentController=integration.IntegrationController@5fdfdbec, parentModel=integration.IntegrationModel@663bd817, model=integration.SimpleModel@60510986, view=integration.SimpleView@7e826cdd, controller=integration.SimpleController@1ee16fbb, mvcGroup=org.codehaus.griffon.runtime.core.mvc.DefaultMVCGroup@45aa5cce[simple:simple]}
{application=integration.TestGriffonApplication@5de8c22c, mvcType=simple, mvcId=simple, configuration=MVCGroupConfiguration{mvcType='simple', members={model=integration.SimpleModel, view=integration.SimpleView, controller=integration.SimpleController}, config={}}, parentGroup=org.codehaus.griffon.runtime.core.mvc.DefaultMVCGroup@26c3155a[integration:integration], key=griffon, parentView=integration.IntegrationView@70266189, parentController=integration.IntegrationController@5fdfdbec, parentModel=integration.IntegrationModel@663bd817, model=integration.SimpleModel@637b644d, view=integration.SimpleView@1966b414, controller=integration.SimpleController@e3dd7da, mvcGroup=org.codehaus.griffon.runtime.core.mvc.DefaultMVCGroup@1d9ec7f3[simple:simple]}
{application=integration.TestGriffonApplication@5de8c22c, mvcType=simple, mvcId=simple-2, configuration=MVCGroupConfiguration{mvcType='simple', members={model=integration.SimpleModel, view=integration.SimpleView, controller=integration.SimpleController}, config={}}, parentGroup=org.codehaus.griffon.runtime.core.mvc.DefaultMVCGroup@26c3155a[integration:integration], key=griffon, parentView=integration.IntegrationView@70266189, parentController=integration.IntegrationController@5fdfdbec, parentModel=integration.IntegrationModel@663bd817, model=integration.SimpleModel@6976c241, view=integration.SimpleView@23c21c3, controller=integration.SimpleController@5b92cf1c, mvcGroup=org.codehaus.griffon.runtime.core.mvc.DefaultMVCGroup@78194b67[simple:simple-2]}
{application=integration.TestGriffonApplication@5de8c22c, mvcType=simple, mvcId=simple-2, configuration=MVCGroupConfiguration{mvcType='simple', members={model=integration.SimpleModel, view=integration.SimpleView, controller=integration.SimpleController}, config={}}, parentGroup=org.codehaus.griffon.runtime.core.mvc.DefaultMVCGroup@26c3155a[integration:integration], key=griffon, parentView=integration.IntegrationView@70266189, parentController=integration.IntegrationController@5fdfdbec, parentModel=integration.IntegrationModel@663bd817, model=integration.SimpleModel@2722eaef, view=integration.SimpleView@44f3e5f1, controller=integration.SimpleController@954385c, mvcGroup=org.codehaus.griffon.runtime.core.mvc.DefaultMVCGroup@3ba41862[simple:simple-2]}
{application=integration.TestGriffonApplication@5de8c22c, mvcType=simple, mvcId=simple, configuration=MVCGroupConfiguration{mvcType='simple', members={model=integration.SimpleModel, view=integration.SimpleView, controller=integration.SimpleController}, config={}}, parentGroup=org.codehaus.griffon.runtime.core.mvc.DefaultMVCGroup@26c3155a[integration:integration], parentView=integration.IntegrationView@70266189, parentController=integration.IntegrationController@5fdfdbec, parentModel=integration.IntegrationModel@663bd817, model=integration.SimpleModel@be1f86b, view=integration.SimpleView@5066488b, controller=integration.SimpleController@78d80c03, mvcGroup=org.codehaus.griffon.runtime.core.mvc.DefaultMVCGroup@63a46c72[simple:simple]}
]]></system-out>
  <system-err><![CDATA[[Test worker] INFO org.codehaus.griffon.runtime.core.DefaultApplicationBootstrapper - Griffon 2.1.0-SNAPSHOT
[Test worker] INFO org.codehaus.griffon.runtime.core.DefaultApplicationBootstrapper - Build: 2014-11-01T09:54:10.525+0000
[Test worker] INFO org.codehaus.griffon.runtime.core.DefaultApplicationBootstrapper - JVM: 1.8.0_25 (Oracle Corporation 25.25-b02)
[Test worker] INFO org.codehaus.griffon.runtime.core.DefaultApplicationBootstrapper - OS: Linux 2.6.32-042stab090.5 amd64
[Test worker] INFO integration.TestGriffonApplication - Initializing all startup groups: [integration]
[Test worker] INFO integration.TestGriffonApplication - Initializing all integration startup groups: [sample]
[Test worker] INFO integration.TestGriffonApplication - Shutdown is in process
]]></system-err>
</testsuite>
