<?xml version="1.0" encoding="UTF-8"?>
<testsuite name="griffon.core.editors.URLPropertyEditorSpec" tests="12" skipped="0" failures="0" errors="0" timestamp="2016-02-27T10:19:28" hostname="testing-gce-70a14d15-cbcd-49d1-8801-baf3f2d50c15.c.eco-emissary-99515.internal" time="0.009">
  <properties/>
  <testcase name="URL literal 'null' should be equal to null" classname="griffon.core.editors.URLPropertyEditorSpec" time="0.001"/>
  <testcase name="URL literal '' should be equal to null" classname="griffon.core.editors.URLPropertyEditorSpec" time="0.0"/>
  <testcase name="URL literal ' ' should be equal to null" classname="griffon.core.editors.URLPropertyEditorSpec" time="0.0"/>
  <testcase name="URL literal 'http://localhost' should be equal to http://localhost" classname="griffon.core.editors.URLPropertyEditorSpec" time="0.005"/>
  <testcase name="URL literal '/' should be equal to file:/" classname="griffon.core.editors.URLPropertyEditorSpec" time="0.0"/>
  <testcase name="URL literal 'http://localhost' should be equal to http://localhost" classname="griffon.core.editors.URLPropertyEditorSpec" time="0.0"/>
  <testcase name="Invalid url literal 'garbage'" classname="griffon.core.editors.URLPropertyEditorSpec" time="0.0"/>
  <testcase name="Invalid url literal '[]'" classname="griffon.core.editors.URLPropertyEditorSpec" time="0.0"/>
  <testcase name="Invalid url literal '[1, 2, 3]'" classname="griffon.core.editors.URLPropertyEditorSpec" time="0.0"/>
  <testcase name="Invalid url literal '[:]'" classname="griffon.core.editors.URLPropertyEditorSpec" time="0.0"/>
  <testcase name="Invalid url literal '[key:value]'" classname="griffon.core.editors.URLPropertyEditorSpec" time="0.0"/>
  <testcase name="Invalid url literal 'java.lang.Object@6170c6fb'" classname="griffon.core.editors.URLPropertyEditorSpec" time="0.0"/>
  <system-out><![CDATA[]]></system-out>
  <system-err><![CDATA[]]></system-err>
</testsuite>
