<?xml version="1.0" encoding="UTF-8"?>
<testsuite name="integration.MVCGroupSpec" tests="4" skipped="0" failures="0" errors="0" timestamp="2015-01-29T11:40:25" hostname="testing-worker-linux-85ee80ed-2-8570-linux-3-48747716" time="0.133">
  <properties/>
  <testcase name="Bootstrap application" classname="integration.MVCGroupSpec" time="0.084"/>
  <testcase name="Creating an MVCGroup through the MVCGroupManager does not set implicit parent group" classname="integration.MVCGroupSpec" time="0.017"/>
  <testcase name="Creating an MVCGroup through a group does set implicit parent group" classname="integration.MVCGroupSpec" time="0.016"/>
  <testcase name="Creating an MVCGroup through an artifact does set implicit parent group" classname="integration.MVCGroupSpec" time="0.016"/>
  <system-out><![CDATA[{application=integration.TestGriffonApplication@567cad66, mvcType=sample, mvcId=sample, configuration=MVCGroupConfiguration{mvcType='sample', members={model=integration.SimpleModel, view=integration.SimpleView, controller=integration.SimpleController}, config={}}, model=integration.SimpleModel@1a12eba0, view=integration.SimpleView@300e6815, controller=integration.SimpleController@1ae83f13, mvcGroup=org.codehaus.griffon.runtime.core.mvc.DefaultMVCGroup@252c4942[sample:sample]}
{application=integration.TestGriffonApplication@567cad66, mvcType=simple, mvcId=simple, configuration=MVCGroupConfiguration{mvcType='simple', members={model=integration.SimpleModel, view=integration.SimpleView, controller=integration.SimpleController}, config={}}, model=integration.SimpleModel@455f2328, view=integration.SimpleView@1399e7d1, controller=integration.SimpleController@71ba7d57, mvcGroup=org.codehaus.griffon.runtime.core.mvc.DefaultMVCGroup@1dfb2a2f[simple:simple]}
{application=integration.TestGriffonApplication@567cad66, mvcType=simple, mvcId=parent1, configuration=MVCGroupConfiguration{mvcType='simple', members={model=integration.SimpleModel, view=integration.SimpleView, controller=integration.SimpleController}, config={}}, model=integration.SimpleModel@1b66b9e4, view=integration.SimpleView@32a89987, controller=integration.SimpleController@197b1fef, mvcGroup=org.codehaus.griffon.runtime.core.mvc.DefaultMVCGroup@43ddd32[simple:parent1]}
{application=integration.TestGriffonApplication@567cad66, mvcType=simple, mvcId=simple, configuration=MVCGroupConfiguration{mvcType='simple', members={model=integration.SimpleModel, view=integration.SimpleView, controller=integration.SimpleController}, config={}}, parentGroup=org.codehaus.griffon.runtime.core.mvc.DefaultMVCGroup@43ddd32[simple:parent1], parentModel=integration.SimpleModel@1b66b9e4, parentView=integration.SimpleView@32a89987, parentController=integration.SimpleController@197b1fef, model=integration.SimpleModel@77d34f66, view=integration.SimpleView@afa38e9, controller=integration.SimpleController@1722096a, mvcGroup=org.codehaus.griffon.runtime.core.mvc.DefaultMVCGroup@64913e5f[simple:simple]}
{application=integration.TestGriffonApplication@567cad66, mvcType=simple, mvcId=parent2, configuration=MVCGroupConfiguration{mvcType='simple', members={model=integration.SimpleModel, view=integration.SimpleView, controller=integration.SimpleController}, config={}}, model=integration.SimpleModel@38d22c30, view=integration.SimpleView@160604bb, controller=integration.SimpleController@51b86e8d, mvcGroup=org.codehaus.griffon.runtime.core.mvc.DefaultMVCGroup@604db32b[simple:parent2]}
{application=integration.TestGriffonApplication@567cad66, mvcType=simple, mvcId=simple, configuration=MVCGroupConfiguration{mvcType='simple', members={model=integration.SimpleModel, view=integration.SimpleView, controller=integration.SimpleController}, config={}}, parentGroup=org.codehaus.griffon.runtime.core.mvc.DefaultMVCGroup@604db32b[simple:parent2], parentModel=integration.SimpleModel@38d22c30, parentView=integration.SimpleView@160604bb, parentController=integration.SimpleController@51b86e8d, model=integration.SimpleModel@70d5b1e3, view=integration.SimpleView@4f3bd07, controller=integration.SimpleController@79eb8634, mvcGroup=org.codehaus.griffon.runtime.core.mvc.DefaultMVCGroup@6072088a[simple:simple]}
]]></system-out>
  <system-err><![CDATA[[Test worker] INFO org.codehaus.griffon.runtime.core.DefaultApplicationBootstrapper - Griffon 2.2.0-SNAPSHOT
[Test worker] INFO org.codehaus.griffon.runtime.core.DefaultApplicationBootstrapper - Build: 2015-01-29T11:37:44.266+0000
[Test worker] INFO org.codehaus.griffon.runtime.core.DefaultApplicationBootstrapper - JVM: 1.8.0_31 (Oracle Corporation 25.31-b07)
[Test worker] INFO org.codehaus.griffon.runtime.core.DefaultApplicationBootstrapper - OS: Linux 2.6.32-042stab090.5 amd64
[Test worker] INFO integration.TestGriffonApplication - Initializing all startup groups: [integration]
[Test worker] INFO integration.TestGriffonApplication - Initializing all integrationÂ startup groups: [sample]
[Test worker] INFO integration.TestGriffonApplication - Shutdown is in process
]]></system-err>
</testsuite>
