<?xml version="1.0" encoding="UTF-8"?>
<testsuite name="org.codehaus.griffon.runtime.core.AbstractUIThreadHandlerSpec" tests="7" skipped="0" failures="0" errors="0" timestamp="2015-08-10T12:02:15" hostname="testing-worker-linux-44a99d76-1-8259-linux-12-74902174" time="0.957">
  <properties/>
  <testcase name="Query if UI thread" classname="org.codehaus.griffon.runtime.core.AbstractUIThreadHandlerSpec" time="0.889"/>
  <testcase name="Execute callable inside UI sync" classname="org.codehaus.griffon.runtime.core.AbstractUIThreadHandlerSpec" time="0.025"/>
  <testcase name="Execute runnable inside UI sync" classname="org.codehaus.griffon.runtime.core.AbstractUIThreadHandlerSpec" time="0.009"/>
  <testcase name="Execute runnable inside UI async" classname="org.codehaus.griffon.runtime.core.AbstractUIThreadHandlerSpec" time="0.005"/>
  <testcase name="Execute runnable outside UI" classname="org.codehaus.griffon.runtime.core.AbstractUIThreadHandlerSpec" time="0.005"/>
  <testcase name="Execute future" classname="org.codehaus.griffon.runtime.core.AbstractUIThreadHandlerSpec" time="0.011"/>
  <testcase name="Execute future with ExecutorService" classname="org.codehaus.griffon.runtime.core.AbstractUIThreadHandlerSpec" time="0.011"/>
  <system-out><![CDATA[]]></system-out>
  <system-err><![CDATA[]]></system-err>
</testsuite>
