<?xml version="1.0" encoding="UTF-8"?>
<testsuite name="org.codehaus.griffon.runtime.core.artifact.GriffonArtifactSpec" tests="25" skipped="0" failures="0" errors="0" timestamp="2015-01-29T11:40:25" hostname="testing-worker-linux-85ee80ed-2-8570-linux-3-48747716" time="0.229">
  <properties/>
  <testcase name="Bootstrap application" classname="org.codehaus.griffon.runtime.core.artifact.GriffonArtifactSpec" time="0.061"/>
  <testcase name="Verify withMvcGroup(type , handler)" classname="org.codehaus.griffon.runtime.core.artifact.GriffonArtifactSpec" time="0.014"/>
  <testcase name="Verify withMvcGroup(type, id , handler)" classname="org.codehaus.griffon.runtime.core.artifact.GriffonArtifactSpec" time="0.011"/>
  <testcase name="Verify withMvcGroup(type, id, map , handler)" classname="org.codehaus.griffon.runtime.core.artifact.GriffonArtifactSpec" time="0.011"/>
  <testcase name="Verify withMvcGroup(type, map , handler)" classname="org.codehaus.griffon.runtime.core.artifact.GriffonArtifactSpec" time="0.012"/>
  <testcase name="Verify withMvcGroup(map, type, id , handler)" classname="org.codehaus.griffon.runtime.core.artifact.GriffonArtifactSpec" time="0.011"/>
  <testcase name="Verify withMvcGroup(map, type , handler)" classname="org.codehaus.griffon.runtime.core.artifact.GriffonArtifactSpec" time="0.012"/>
  <testcase name="Verify createMVCGroup(type)" classname="org.codehaus.griffon.runtime.core.artifact.GriffonArtifactSpec" time="0.006"/>
  <testcase name="Verify createMVCGroup(type, id)" classname="org.codehaus.griffon.runtime.core.artifact.GriffonArtifactSpec" time="0.006"/>
  <testcase name="Verify createMVCGroup(type, map)" classname="org.codehaus.griffon.runtime.core.artifact.GriffonArtifactSpec" time="0.007"/>
  <testcase name="Verify createMVCGroup(map, type)" classname="org.codehaus.griffon.runtime.core.artifact.GriffonArtifactSpec" time="0.007"/>
  <testcase name="Verify createMVCGroup(type, id, map)" classname="org.codehaus.griffon.runtime.core.artifact.GriffonArtifactSpec" time="0.007"/>
  <testcase name="Verify createMVCGroup(map, type, id)" classname="org.codehaus.griffon.runtime.core.artifact.GriffonArtifactSpec" time="0.006"/>
  <testcase name="Verify createMVC(type)" classname="org.codehaus.griffon.runtime.core.artifact.GriffonArtifactSpec" time="0.006"/>
  <testcase name="Verify createMVC(type, id)" classname="org.codehaus.griffon.runtime.core.artifact.GriffonArtifactSpec" time="0.007"/>
  <testcase name="Verify createMVC(type, map)" classname="org.codehaus.griffon.runtime.core.artifact.GriffonArtifactSpec" time="0.009"/>
  <testcase name="Verify createMVC(map, type)" classname="org.codehaus.griffon.runtime.core.artifact.GriffonArtifactSpec" time="0.006"/>
  <testcase name="Verify createMVC(type, id, map)" classname="org.codehaus.griffon.runtime.core.artifact.GriffonArtifactSpec" time="0.006"/>
  <testcase name="Verify createMVC(map, type, id)" classname="org.codehaus.griffon.runtime.core.artifact.GriffonArtifactSpec" time="0.006"/>
  <testcase name="Verify destroyMVCGroup(id)" classname="org.codehaus.griffon.runtime.core.artifact.GriffonArtifactSpec" time="0.006"/>
  <testcase name="Execute runnable inside UI sync" classname="org.codehaus.griffon.runtime.core.artifact.GriffonArtifactSpec" time="0.003"/>
  <testcase name="Execute runnable inside UI async" classname="org.codehaus.griffon.runtime.core.artifact.GriffonArtifactSpec" time="0.001"/>
  <testcase name="Execute runnable outside UI" classname="org.codehaus.griffon.runtime.core.artifact.GriffonArtifactSpec" time="0.001"/>
  <testcase name="Execute future" classname="org.codehaus.griffon.runtime.core.artifact.GriffonArtifactSpec" time="0.003"/>
  <testcase name="Execute future with ExecutorService" classname="org.codehaus.griffon.runtime.core.artifact.GriffonArtifactSpec" time="0.002"/>
  <system-out><![CDATA[{application=integration.TestGriffonApplication@52efb78b, mvcType=sample, mvcId=sample, configuration=MVCGroupConfiguration{mvcType='sample', members={model=integration.SimpleModel, view=integration.SimpleView, controller=integration.SimpleController}, config={}}, model=integration.SimpleModel@461f063a, view=integration.SimpleView@55aebd89, controller=integration.SimpleController@4eb7f249, mvcGroup=org.codehaus.griffon.runtime.core.mvc.DefaultMVCGroup@697ca12b[sample:sample]}
{application=integration.TestGriffonApplication@52efb78b, mvcType=simple, mvcId=simple, configuration=MVCGroupConfiguration{mvcType='simple', members={model=integration.SimpleModel, view=integration.SimpleView, controller=integration.SimpleController}, config={}}, parentGroup=org.codehaus.griffon.runtime.core.mvc.DefaultMVCGroup@3f98d9f9[integration:integration], parentView=integration.IntegrationView@3a609117, parentController=integration.IntegrationController@6989593e, parentModel=integration.IntegrationModel@551e3fac, model=integration.SimpleModel@3f5daaca, view=integration.SimpleView@6a5477c1, controller=integration.SimpleController@7f411e1d, mvcGroup=org.codehaus.griffon.runtime.core.mvc.DefaultMVCGroup@2d98e0c5[simple:simple]}
{application=integration.TestGriffonApplication@52efb78b, mvcType=simple, mvcId=simple-1, configuration=MVCGroupConfiguration{mvcType='simple', members={model=integration.SimpleModel, view=integration.SimpleView, controller=integration.SimpleController}, config={}}, parentGroup=org.codehaus.griffon.runtime.core.mvc.DefaultMVCGroup@3f98d9f9[integration:integration], parentView=integration.IntegrationView@3a609117, parentController=integration.IntegrationController@6989593e, parentModel=integration.IntegrationModel@551e3fac, model=integration.SimpleModel@1d4e79ee, view=integration.SimpleView@1af60764, controller=integration.SimpleController@e1d6156, mvcGroup=org.codehaus.griffon.runtime.core.mvc.DefaultMVCGroup@47b8c87d[simple:simple-1]}
{application=integration.TestGriffonApplication@52efb78b, mvcType=simple, mvcId=simple-2, configuration=MVCGroupConfiguration{mvcType='simple', members={model=integration.SimpleModel, view=integration.SimpleView, controller=integration.SimpleController}, config={}}, parentGroup=org.codehaus.griffon.runtime.core.mvc.DefaultMVCGroup@3f98d9f9[integration:integration], key=griffon, parentView=integration.IntegrationView@3a609117, parentController=integration.IntegrationController@6989593e, parentModel=integration.IntegrationModel@551e3fac, model=integration.SimpleModel@25a0a813, view=integration.SimpleView@2d612b33, controller=integration.SimpleController@53d48aae, mvcGroup=org.codehaus.griffon.runtime.core.mvc.DefaultMVCGroup@183b8145[simple:simple-2]}
{application=integration.TestGriffonApplication@52efb78b, mvcType=simple, mvcId=simple, configuration=MVCGroupConfiguration{mvcType='simple', members={model=integration.SimpleModel, view=integration.SimpleView, controller=integration.SimpleController}, config={}}, parentGroup=org.codehaus.griffon.runtime.core.mvc.DefaultMVCGroup@3f98d9f9[integration:integration], key=griffon, parentView=integration.IntegrationView@3a609117, parentController=integration.IntegrationController@6989593e, parentModel=integration.IntegrationModel@551e3fac, model=integration.SimpleModel@7ed1321, view=integration.SimpleView@3e9922df, controller=integration.SimpleController@34d7c2ad, mvcGroup=org.codehaus.griffon.runtime.core.mvc.DefaultMVCGroup@6956583e[simple:simple]}
{application=integration.TestGriffonApplication@52efb78b, mvcType=simple, mvcId=simple-2, configuration=MVCGroupConfiguration{mvcType='simple', members={model=integration.SimpleModel, view=integration.SimpleView, controller=integration.SimpleController}, config={}}, parentGroup=org.codehaus.griffon.runtime.core.mvc.DefaultMVCGroup@3f98d9f9[integration:integration], key=griffon, parentView=integration.IntegrationView@3a609117, parentController=integration.IntegrationController@6989593e, parentModel=integration.IntegrationModel@551e3fac, model=integration.SimpleModel@2f236658, view=integration.SimpleView@73e7505f, controller=integration.SimpleController@740b8a21, mvcGroup=org.codehaus.griffon.runtime.core.mvc.DefaultMVCGroup@615683ba[simple:simple-2]}
{application=integration.TestGriffonApplication@52efb78b, mvcType=simple, mvcId=simple, configuration=MVCGroupConfiguration{mvcType='simple', members={model=integration.SimpleModel, view=integration.SimpleView, controller=integration.SimpleController}, config={}}, parentGroup=org.codehaus.griffon.runtime.core.mvc.DefaultMVCGroup@3f98d9f9[integration:integration], key=griffon, parentView=integration.IntegrationView@3a609117, parentController=integration.IntegrationController@6989593e, parentModel=integration.IntegrationModel@551e3fac, model=integration.SimpleModel@6bc22202, view=integration.SimpleView@382d554f, controller=integration.SimpleController@27e9f39a, mvcGroup=org.codehaus.griffon.runtime.core.mvc.DefaultMVCGroup@19cae6b1[simple:simple]}
{application=integration.TestGriffonApplication@52efb78b, mvcType=simple, mvcId=simple, configuration=MVCGroupConfiguration{mvcType='simple', members={model=integration.SimpleModel, view=integration.SimpleView, controller=integration.SimpleController}, config={}}, parentGroup=org.codehaus.griffon.runtime.core.mvc.DefaultMVCGroup@3f98d9f9[integration:integration], parentView=integration.IntegrationView@3a609117, parentController=integration.IntegrationController@6989593e, parentModel=integration.IntegrationModel@551e3fac, model=integration.SimpleModel@1e75c818, view=integration.SimpleView@2fa42423, controller=integration.SimpleController@1c94b2f7, mvcGroup=org.codehaus.griffon.runtime.core.mvc.DefaultMVCGroup@6ebcd001[simple:simple]}
{application=integration.TestGriffonApplication@52efb78b, mvcType=simple, mvcId=simple-1, configuration=MVCGroupConfiguration{mvcType='simple', members={model=integration.SimpleModel, view=integration.SimpleView, controller=integration.SimpleController}, config={}}, parentGroup=org.codehaus.griffon.runtime.core.mvc.DefaultMVCGroup@3f98d9f9[integration:integration], parentView=integration.IntegrationView@3a609117, parentController=integration.IntegrationController@6989593e, parentModel=integration.IntegrationModel@551e3fac, model=integration.SimpleModel@5eb9f0c6, view=integration.SimpleView@50b2520e, controller=integration.SimpleController@690851e5, mvcGroup=org.codehaus.griffon.runtime.core.mvc.DefaultMVCGroup@613ca81d[simple:simple-1]}
{application=integration.TestGriffonApplication@52efb78b, mvcType=simple, mvcId=simple, configuration=MVCGroupConfiguration{mvcType='simple', members={model=integration.SimpleModel, view=integration.SimpleView, controller=integration.SimpleController}, config={}}, parentGroup=org.codehaus.griffon.runtime.core.mvc.DefaultMVCGroup@3f98d9f9[integration:integration], key=griffon, parentView=integration.IntegrationView@3a609117, parentController=integration.IntegrationController@6989593e, parentModel=integration.IntegrationModel@551e3fac, model=integration.SimpleModel@70124b3c, view=integration.SimpleView@32f25512, controller=integration.SimpleController@19deadd0, mvcGroup=org.codehaus.griffon.runtime.core.mvc.DefaultMVCGroup@1da682b6[simple:simple]}
{application=integration.TestGriffonApplication@52efb78b, mvcType=simple, mvcId=simple, configuration=MVCGroupConfiguration{mvcType='simple', members={model=integration.SimpleModel, view=integration.SimpleView, controller=integration.SimpleController}, config={}}, parentGroup=org.codehaus.griffon.runtime.core.mvc.DefaultMVCGroup@3f98d9f9[integration:integration], key=griffon, parentView=integration.IntegrationView@3a609117, parentController=integration.IntegrationController@6989593e, parentModel=integration.IntegrationModel@551e3fac, model=integration.SimpleModel@5f75f1b3, view=integration.SimpleView@33a967a0, controller=integration.SimpleController@1ab3e051, mvcGroup=org.codehaus.griffon.runtime.core.mvc.DefaultMVCGroup@1e34294b[simple:simple]}
{application=integration.TestGriffonApplication@52efb78b, mvcType=simple, mvcId=simple-2, configuration=MVCGroupConfiguration{mvcType='simple', members={model=integration.SimpleModel, view=integration.SimpleView, controller=integration.SimpleController}, config={}}, parentGroup=org.codehaus.griffon.runtime.core.mvc.DefaultMVCGroup@3f98d9f9[integration:integration], key=griffon, parentView=integration.IntegrationView@3a609117, parentController=integration.IntegrationController@6989593e, parentModel=integration.IntegrationModel@551e3fac, model=integration.SimpleModel@16d05557, view=integration.SimpleView@13649eb4, controller=integration.SimpleController@2ca583e2, mvcGroup=org.codehaus.griffon.runtime.core.mvc.DefaultMVCGroup@27486322[simple:simple-2]}
{application=integration.TestGriffonApplication@52efb78b, mvcType=simple, mvcId=simple-2, configuration=MVCGroupConfiguration{mvcType='simple', members={model=integration.SimpleModel, view=integration.SimpleView, controller=integration.SimpleController}, config={}}, parentGroup=org.codehaus.griffon.runtime.core.mvc.DefaultMVCGroup@3f98d9f9[integration:integration], key=griffon, parentView=integration.IntegrationView@3a609117, parentController=integration.IntegrationController@6989593e, parentModel=integration.IntegrationModel@551e3fac, model=integration.SimpleModel@400599f, view=integration.SimpleView@4ba606e, controller=integration.SimpleController@608f52a8, mvcGroup=org.codehaus.griffon.runtime.core.mvc.DefaultMVCGroup@642e93b0[simple:simple-2]}
{application=integration.TestGriffonApplication@52efb78b, mvcType=simple, mvcId=simple, configuration=MVCGroupConfiguration{mvcType='simple', members={model=integration.SimpleModel, view=integration.SimpleView, controller=integration.SimpleController}, config={}}, parentGroup=org.codehaus.griffon.runtime.core.mvc.DefaultMVCGroup@3f98d9f9[integration:integration], parentView=integration.IntegrationView@3a609117, parentController=integration.IntegrationController@6989593e, parentModel=integration.IntegrationModel@551e3fac, model=integration.SimpleModel@6264e20b, view=integration.SimpleView@358a4739, controller=integration.SimpleController@2f0a4932, mvcGroup=org.codehaus.griffon.runtime.core.mvc.DefaultMVCGroup@3f29fc70[simple:simple]}
{application=integration.TestGriffonApplication@52efb78b, mvcType=simple, mvcId=simple-1, configuration=MVCGroupConfiguration{mvcType='simple', members={model=integration.SimpleModel, view=integration.SimpleView, controller=integration.SimpleController}, config={}}, parentGroup=org.codehaus.griffon.runtime.core.mvc.DefaultMVCGroup@3f98d9f9[integration:integration], parentView=integration.IntegrationView@3a609117, parentController=integration.IntegrationController@6989593e, parentModel=integration.IntegrationModel@551e3fac, model=integration.SimpleModel@1dcc06d1, view=integration.SimpleView@60729f83, controller=integration.SimpleController@10c83581, mvcGroup=org.codehaus.griffon.runtime.core.mvc.DefaultMVCGroup@2bc283a9[simple:simple-1]}
{application=integration.TestGriffonApplication@52efb78b, mvcType=simple, mvcId=simple, configuration=MVCGroupConfiguration{mvcType='simple', members={model=integration.SimpleModel, view=integration.SimpleView, controller=integration.SimpleController}, config={}}, parentGroup=org.codehaus.griffon.runtime.core.mvc.DefaultMVCGroup@3f98d9f9[integration:integration], key=griffon, parentView=integration.IntegrationView@3a609117, parentController=integration.IntegrationController@6989593e, parentModel=integration.IntegrationModel@551e3fac, model=integration.SimpleModel@22bff142, view=integration.SimpleView@730aaca9, controller=integration.SimpleController@4ceaa6aa, mvcGroup=org.codehaus.griffon.runtime.core.mvc.DefaultMVCGroup@3542ec3b[simple:simple]}
{application=integration.TestGriffonApplication@52efb78b, mvcType=simple, mvcId=simple, configuration=MVCGroupConfiguration{mvcType='simple', members={model=integration.SimpleModel, view=integration.SimpleView, controller=integration.SimpleController}, config={}}, parentGroup=org.codehaus.griffon.runtime.core.mvc.DefaultMVCGroup@3f98d9f9[integration:integration], key=griffon, parentView=integration.IntegrationView@3a609117, parentController=integration.IntegrationController@6989593e, parentModel=integration.IntegrationModel@551e3fac, model=integration.SimpleModel@68aa2e30, view=integration.SimpleView@4e63a868, controller=integration.SimpleController@572598f8, mvcGroup=org.codehaus.griffon.runtime.core.mvc.DefaultMVCGroup@75a48513[simple:simple]}
{application=integration.TestGriffonApplication@52efb78b, mvcType=simple, mvcId=simple-2, configuration=MVCGroupConfiguration{mvcType='simple', members={model=integration.SimpleModel, view=integration.SimpleView, controller=integration.SimpleController}, config={}}, parentGroup=org.codehaus.griffon.runtime.core.mvc.DefaultMVCGroup@3f98d9f9[integration:integration], key=griffon, parentView=integration.IntegrationView@3a609117, parentController=integration.IntegrationController@6989593e, parentModel=integration.IntegrationModel@551e3fac, model=integration.SimpleModel@4c46ee39, view=integration.SimpleView@1fb53f31, controller=integration.SimpleController@642c8667, mvcGroup=org.codehaus.griffon.runtime.core.mvc.DefaultMVCGroup@35711bec[simple:simple-2]}
{application=integration.TestGriffonApplication@52efb78b, mvcType=simple, mvcId=simple-2, configuration=MVCGroupConfiguration{mvcType='simple', members={model=integration.SimpleModel, view=integration.SimpleView, controller=integration.SimpleController}, config={}}, parentGroup=org.codehaus.griffon.runtime.core.mvc.DefaultMVCGroup@3f98d9f9[integration:integration], key=griffon, parentView=integration.IntegrationView@3a609117, parentController=integration.IntegrationController@6989593e, parentModel=integration.IntegrationModel@551e3fac, model=integration.SimpleModel@4ebd1c5d, view=integration.SimpleView@7847ee0c, controller=integration.SimpleController@785850dd, mvcGroup=org.codehaus.griffon.runtime.core.mvc.DefaultMVCGroup@45cb9a41[simple:simple-2]}
{application=integration.TestGriffonApplication@52efb78b, mvcType=simple, mvcId=simple, configuration=MVCGroupConfiguration{mvcType='simple', members={model=integration.SimpleModel, view=integration.SimpleView, controller=integration.SimpleController}, config={}}, parentGroup=org.codehaus.griffon.runtime.core.mvc.DefaultMVCGroup@3f98d9f9[integration:integration], parentView=integration.IntegrationView@3a609117, parentController=integration.IntegrationController@6989593e, parentModel=integration.IntegrationModel@551e3fac, model=integration.SimpleModel@63322951, view=integration.SimpleView@24c29cb5, controller=integration.SimpleController@1e26ee48, mvcGroup=org.codehaus.griffon.runtime.core.mvc.DefaultMVCGroup@7a6765f[simple:simple]}
]]></system-out>
  <system-err><![CDATA[[Test worker] INFO org.codehaus.griffon.runtime.core.DefaultApplicationBootstrapper - Griffon 2.2.0-SNAPSHOT
[Test worker] INFO org.codehaus.griffon.runtime.core.DefaultApplicationBootstrapper - Build: 2015-01-29T11:37:44.266+0000
[Test worker] INFO org.codehaus.griffon.runtime.core.DefaultApplicationBootstrapper - JVM: 1.8.0_31 (Oracle Corporation 25.31-b07)
[Test worker] INFO org.codehaus.griffon.runtime.core.DefaultApplicationBootstrapper - OS: Linux 2.6.32-042stab090.5 amd64
[Test worker] INFO integration.TestGriffonApplication - Initializing all startup groups: [integration]
[Test worker] INFO integration.TestGriffonApplication - Initializing all integration startup groups: [sample]
[Test worker] INFO integration.TestGriffonApplication - Shutdown is in process
]]></system-err>
</testsuite>
