<?xml version="1.0" encoding="UTF-8"?>
<testsuite name="griffon.core.ObservableContextSpec" tests="3" skipped="0" failures="0" errors="0" timestamp="2016-02-27T20:29:22" hostname="testing-gce-c8a428f8-8d5f-4680-90bd-d14fbaf74e35.c.eco-emissary-99515.internal" time="0.015">
  <properties/>
  <testcase name="Exercise listener methods" classname="griffon.core.ObservableContextSpec" time="0.007"/>
  <testcase name="Listen to context events" classname="griffon.core.ObservableContextSpec" time="0.007"/>
  <testcase name="listen to lateral context events" classname="griffon.core.ObservableContextSpec" time="0.001"/>
  <system-out><![CDATA[]]></system-out>
  <system-err><![CDATA[[Test worker] TRACE griffon.core.editors.PropertyEditorResolver - Searching PropertyEditor for java.lang.Integer
[Test worker] TRACE griffon.core.editors.PropertyEditorResolver - PropertyEditor for java.lang.Integer is griffon.core.editors.IntegerPropertyEditor
]]></system-err>
</testsuite>
