<?xml version="1.0" encoding="UTF-8"?>
<testsuite name="org.codehaus.griffon.runtime.core.artifact.GriffonArtifactSpec" tests="25" skipped="0" failures="0" errors="0" timestamp="2015-02-12T14:14:06" hostname="testing-worker-linux-08b40318-1-22975-linux-3-50492048" time="1.442">
  <properties/>
  <testcase name="Bootstrap application" classname="org.codehaus.griffon.runtime.core.artifact.GriffonArtifactSpec" time="0.918"/>
  <testcase name="Verify withMvcGroup(type , handler)" classname="org.codehaus.griffon.runtime.core.artifact.GriffonArtifactSpec" time="0.058"/>
  <testcase name="Verify withMvcGroup(type, id , handler)" classname="org.codehaus.griffon.runtime.core.artifact.GriffonArtifactSpec" time="0.022"/>
  <testcase name="Verify withMvcGroup(type, id, map , handler)" classname="org.codehaus.griffon.runtime.core.artifact.GriffonArtifactSpec" time="0.022"/>
  <testcase name="Verify withMvcGroup(type, map , handler)" classname="org.codehaus.griffon.runtime.core.artifact.GriffonArtifactSpec" time="0.022"/>
  <testcase name="Verify withMvcGroup(map, type, id , handler)" classname="org.codehaus.griffon.runtime.core.artifact.GriffonArtifactSpec" time="0.03"/>
  <testcase name="Verify withMvcGroup(map, type , handler)" classname="org.codehaus.griffon.runtime.core.artifact.GriffonArtifactSpec" time="0.047"/>
  <testcase name="Verify createMVCGroup(type)" classname="org.codehaus.griffon.runtime.core.artifact.GriffonArtifactSpec" time="0.043"/>
  <testcase name="Verify createMVCGroup(type, id)" classname="org.codehaus.griffon.runtime.core.artifact.GriffonArtifactSpec" time="0.017"/>
  <testcase name="Verify createMVCGroup(type, map)" classname="org.codehaus.griffon.runtime.core.artifact.GriffonArtifactSpec" time="0.014"/>
  <testcase name="Verify createMVCGroup(map, type)" classname="org.codehaus.griffon.runtime.core.artifact.GriffonArtifactSpec" time="0.016"/>
  <testcase name="Verify createMVCGroup(type, id, map)" classname="org.codehaus.griffon.runtime.core.artifact.GriffonArtifactSpec" time="0.037"/>
  <testcase name="Verify createMVCGroup(map, type, id)" classname="org.codehaus.griffon.runtime.core.artifact.GriffonArtifactSpec" time="0.041"/>
  <testcase name="Verify createMVC(type)" classname="org.codehaus.griffon.runtime.core.artifact.GriffonArtifactSpec" time="0.038"/>
  <testcase name="Verify createMVC(type, id)" classname="org.codehaus.griffon.runtime.core.artifact.GriffonArtifactSpec" time="0.021"/>
  <testcase name="Verify createMVC(type, map)" classname="org.codehaus.griffon.runtime.core.artifact.GriffonArtifactSpec" time="0.015"/>
  <testcase name="Verify createMVC(map, type)" classname="org.codehaus.griffon.runtime.core.artifact.GriffonArtifactSpec" time="0.013"/>
  <testcase name="Verify createMVC(type, id, map)" classname="org.codehaus.griffon.runtime.core.artifact.GriffonArtifactSpec" time="0.012"/>
  <testcase name="Verify createMVC(map, type, id)" classname="org.codehaus.griffon.runtime.core.artifact.GriffonArtifactSpec" time="0.012"/>
  <testcase name="Verify destroyMVCGroup(id)" classname="org.codehaus.griffon.runtime.core.artifact.GriffonArtifactSpec" time="0.011"/>
  <testcase name="Execute runnable inside UI sync" classname="org.codehaus.griffon.runtime.core.artifact.GriffonArtifactSpec" time="0.004"/>
  <testcase name="Execute runnable inside UI async" classname="org.codehaus.griffon.runtime.core.artifact.GriffonArtifactSpec" time="0.003"/>
  <testcase name="Execute runnable outside UI" classname="org.codehaus.griffon.runtime.core.artifact.GriffonArtifactSpec" time="0.003"/>
  <testcase name="Execute future" classname="org.codehaus.griffon.runtime.core.artifact.GriffonArtifactSpec" time="0.003"/>
  <testcase name="Execute future with ExecutorService" classname="org.codehaus.griffon.runtime.core.artifact.GriffonArtifactSpec" time="0.005"/>
  <system-out><![CDATA[{application=integration.TestGriffonApplication@2dd4438d, mvcType=sample, mvcId=sample, configuration=MVCGroupConfiguration{mvcType='sample', members={model=integration.SimpleModel, view=integration.SimpleView, controller=integration.SimpleController}, config={}}, model=integration.SimpleModel@c09f99d, view=integration.SimpleView@2971891, controller=integration.SimpleController@22e686c7, mvcGroup=org.codehaus.griffon.runtime.core.mvc.DefaultMVCGroup@2de8c807[sample:sample]}
{application=integration.TestGriffonApplication@2dd4438d, mvcType=simple, mvcId=simple, configuration=MVCGroupConfiguration{mvcType='simple', members={model=integration.SimpleModel, view=integration.SimpleView, controller=integration.SimpleController}, config={}}, parentGroup=org.codehaus.griffon.runtime.core.mvc.DefaultMVCGroup@4b00b912[integration:integration], parentView=integration.IntegrationView@34eb57a3, parentController=integration.IntegrationController@8e00382, parentModel=integration.IntegrationModel@b7ae697, model=integration.SimpleModel@7e39129a, view=integration.SimpleView@13458dd, controller=integration.SimpleController@249187d6, mvcGroup=org.codehaus.griffon.runtime.core.mvc.DefaultMVCGroup@5c0c0f66[simple:simple]}
{application=integration.TestGriffonApplication@2dd4438d, mvcType=simple, mvcId=simple-1, configuration=MVCGroupConfiguration{mvcType='simple', members={model=integration.SimpleModel, view=integration.SimpleView, controller=integration.SimpleController}, config={}}, parentGroup=org.codehaus.griffon.runtime.core.mvc.DefaultMVCGroup@4b00b912[integration:integration], parentView=integration.IntegrationView@34eb57a3, parentController=integration.IntegrationController@8e00382, parentModel=integration.IntegrationModel@b7ae697, model=integration.SimpleModel@4389c544, view=integration.SimpleView@bd1a8cd, controller=integration.SimpleController@54849460, mvcGroup=org.codehaus.griffon.runtime.core.mvc.DefaultMVCGroup@7de19af1[simple:simple-1]}
{application=integration.TestGriffonApplication@2dd4438d, mvcType=simple, mvcId=simple-2, configuration=MVCGroupConfiguration{mvcType='simple', members={model=integration.SimpleModel, view=integration.SimpleView, controller=integration.SimpleController}, config={}}, parentGroup=org.codehaus.griffon.runtime.core.mvc.DefaultMVCGroup@4b00b912[integration:integration], key=griffon, parentView=integration.IntegrationView@34eb57a3, parentController=integration.IntegrationController@8e00382, parentModel=integration.IntegrationModel@b7ae697, model=integration.SimpleModel@3335793a, view=integration.SimpleView@49ad6b69, controller=integration.SimpleController@6f02c1a5, mvcGroup=org.codehaus.griffon.runtime.core.mvc.DefaultMVCGroup@47e2c1e8[simple:simple-2]}
{application=integration.TestGriffonApplication@2dd4438d, mvcType=simple, mvcId=simple, configuration=MVCGroupConfiguration{mvcType='simple', members={model=integration.SimpleModel, view=integration.SimpleView, controller=integration.SimpleController}, config={}}, parentGroup=org.codehaus.griffon.runtime.core.mvc.DefaultMVCGroup@4b00b912[integration:integration], key=griffon, parentView=integration.IntegrationView@34eb57a3, parentController=integration.IntegrationController@8e00382, parentModel=integration.IntegrationModel@b7ae697, model=integration.SimpleModel@6354aeb1, view=integration.SimpleView@552e55c6, controller=integration.SimpleController@6b02306d, mvcGroup=org.codehaus.griffon.runtime.core.mvc.DefaultMVCGroup@28106ae7[simple:simple]}
{application=integration.TestGriffonApplication@2dd4438d, mvcType=simple, mvcId=simple-2, configuration=MVCGroupConfiguration{mvcType='simple', members={model=integration.SimpleModel, view=integration.SimpleView, controller=integration.SimpleController}, config={}}, parentGroup=org.codehaus.griffon.runtime.core.mvc.DefaultMVCGroup@4b00b912[integration:integration], key=griffon, parentView=integration.IntegrationView@34eb57a3, parentController=integration.IntegrationController@8e00382, parentModel=integration.IntegrationModel@b7ae697, model=integration.SimpleModel@4b82517a, view=integration.SimpleView@32bf00d4, controller=integration.SimpleController@6fb57427, mvcGroup=org.codehaus.griffon.runtime.core.mvc.DefaultMVCGroup@4cd9d061[simple:simple-2]}
{application=integration.TestGriffonApplication@2dd4438d, mvcType=simple, mvcId=simple, configuration=MVCGroupConfiguration{mvcType='simple', members={model=integration.SimpleModel, view=integration.SimpleView, controller=integration.SimpleController}, config={}}, parentGroup=org.codehaus.griffon.runtime.core.mvc.DefaultMVCGroup@4b00b912[integration:integration], key=griffon, parentView=integration.IntegrationView@34eb57a3, parentController=integration.IntegrationController@8e00382, parentModel=integration.IntegrationModel@b7ae697, model=integration.SimpleModel@d9d3349, view=integration.SimpleView@2d0e0203, controller=integration.SimpleController@a48f3a6, mvcGroup=org.codehaus.griffon.runtime.core.mvc.DefaultMVCGroup@39301ce3[simple:simple]}
{application=integration.TestGriffonApplication@2dd4438d, mvcType=simple, mvcId=simple, configuration=MVCGroupConfiguration{mvcType='simple', members={model=integration.SimpleModel, view=integration.SimpleView, controller=integration.SimpleController}, config={}}, parentGroup=org.codehaus.griffon.runtime.core.mvc.DefaultMVCGroup@4b00b912[integration:integration], parentView=integration.IntegrationView@34eb57a3, parentController=integration.IntegrationController@8e00382, parentModel=integration.IntegrationModel@b7ae697, model=integration.SimpleModel@74e6a475, view=integration.SimpleView@324c09d1, controller=integration.SimpleController@319d1514, mvcGroup=org.codehaus.griffon.runtime.core.mvc.DefaultMVCGroup@3f6a1cf2[simple:simple]}
{application=integration.TestGriffonApplication@2dd4438d, mvcType=simple, mvcId=simple-1, configuration=MVCGroupConfiguration{mvcType='simple', members={model=integration.SimpleModel, view=integration.SimpleView, controller=integration.SimpleController}, config={}}, parentGroup=org.codehaus.griffon.runtime.core.mvc.DefaultMVCGroup@4b00b912[integration:integration], parentView=integration.IntegrationView@34eb57a3, parentController=integration.IntegrationController@8e00382, parentModel=integration.IntegrationModel@b7ae697, model=integration.SimpleModel@2c3e5eeb, view=integration.SimpleView@7552dbcd, controller=integration.SimpleController@1a30d419, mvcGroup=org.codehaus.griffon.runtime.core.mvc.DefaultMVCGroup@1245c8cb[simple:simple-1]}
{application=integration.TestGriffonApplication@2dd4438d, mvcType=simple, mvcId=simple, configuration=MVCGroupConfiguration{mvcType='simple', members={model=integration.SimpleModel, view=integration.SimpleView, controller=integration.SimpleController}, config={}}, parentGroup=org.codehaus.griffon.runtime.core.mvc.DefaultMVCGroup@4b00b912[integration:integration], key=griffon, parentView=integration.IntegrationView@34eb57a3, parentController=integration.IntegrationController@8e00382, parentModel=integration.IntegrationModel@b7ae697, model=integration.SimpleModel@4c52056e, view=integration.SimpleView@2f3d239a, controller=integration.SimpleController@33b1aa78, mvcGroup=org.codehaus.griffon.runtime.core.mvc.DefaultMVCGroup@f8e3f55[simple:simple]}
{application=integration.TestGriffonApplication@2dd4438d, mvcType=simple, mvcId=simple, configuration=MVCGroupConfiguration{mvcType='simple', members={model=integration.SimpleModel, view=integration.SimpleView, controller=integration.SimpleController}, config={}}, parentGroup=org.codehaus.griffon.runtime.core.mvc.DefaultMVCGroup@4b00b912[integration:integration], key=griffon, parentView=integration.IntegrationView@34eb57a3, parentController=integration.IntegrationController@8e00382, parentModel=integration.IntegrationModel@b7ae697, model=integration.SimpleModel@154ceaa3, view=integration.SimpleView@2b107018, controller=integration.SimpleController@551a96b8, mvcGroup=org.codehaus.griffon.runtime.core.mvc.DefaultMVCGroup@5f2e686e[simple:simple]}
{application=integration.TestGriffonApplication@2dd4438d, mvcType=simple, mvcId=simple-2, configuration=MVCGroupConfiguration{mvcType='simple', members={model=integration.SimpleModel, view=integration.SimpleView, controller=integration.SimpleController}, config={}}, parentGroup=org.codehaus.griffon.runtime.core.mvc.DefaultMVCGroup@4b00b912[integration:integration], key=griffon, parentView=integration.IntegrationView@34eb57a3, parentController=integration.IntegrationController@8e00382, parentModel=integration.IntegrationModel@b7ae697, model=integration.SimpleModel@2dc588da, view=integration.SimpleView@5fdbdca, controller=integration.SimpleController@4d3449b, mvcGroup=org.codehaus.griffon.runtime.core.mvc.DefaultMVCGroup@28922177[simple:simple-2]}
{application=integration.TestGriffonApplication@2dd4438d, mvcType=simple, mvcId=simple-2, configuration=MVCGroupConfiguration{mvcType='simple', members={model=integration.SimpleModel, view=integration.SimpleView, controller=integration.SimpleController}, config={}}, parentGroup=org.codehaus.griffon.runtime.core.mvc.DefaultMVCGroup@4b00b912[integration:integration], key=griffon, parentView=integration.IntegrationView@34eb57a3, parentController=integration.IntegrationController@8e00382, parentModel=integration.IntegrationModel@b7ae697, model=integration.SimpleModel@2990efe7, view=integration.SimpleView@416b14f2, controller=integration.SimpleController@5f8267d8, mvcGroup=org.codehaus.griffon.runtime.core.mvc.DefaultMVCGroup@66227cc6[simple:simple-2]}
{application=integration.TestGriffonApplication@2dd4438d, mvcType=simple, mvcId=simple, configuration=MVCGroupConfiguration{mvcType='simple', members={model=integration.SimpleModel, view=integration.SimpleView, controller=integration.SimpleController}, config={}}, parentGroup=org.codehaus.griffon.runtime.core.mvc.DefaultMVCGroup@4b00b912[integration:integration], parentView=integration.IntegrationView@34eb57a3, parentController=integration.IntegrationController@8e00382, parentModel=integration.IntegrationModel@b7ae697, model=integration.SimpleModel@48635832, view=integration.SimpleView@51361948, controller=integration.SimpleController@1d461811, mvcGroup=org.codehaus.griffon.runtime.core.mvc.DefaultMVCGroup@68779333[simple:simple]}
{application=integration.TestGriffonApplication@2dd4438d, mvcType=simple, mvcId=simple-1, configuration=MVCGroupConfiguration{mvcType='simple', members={model=integration.SimpleModel, view=integration.SimpleView, controller=integration.SimpleController}, config={}}, parentGroup=org.codehaus.griffon.runtime.core.mvc.DefaultMVCGroup@4b00b912[integration:integration], parentView=integration.IntegrationView@34eb57a3, parentController=integration.IntegrationController@8e00382, parentModel=integration.IntegrationModel@b7ae697, model=integration.SimpleModel@220ba08a, view=integration.SimpleView@272fc9d0, controller=integration.SimpleController@2e8805d5, mvcGroup=org.codehaus.griffon.runtime.core.mvc.DefaultMVCGroup@529e111b[simple:simple-1]}
{application=integration.TestGriffonApplication@2dd4438d, mvcType=simple, mvcId=simple, configuration=MVCGroupConfiguration{mvcType='simple', members={model=integration.SimpleModel, view=integration.SimpleView, controller=integration.SimpleController}, config={}}, parentGroup=org.codehaus.griffon.runtime.core.mvc.DefaultMVCGroup@4b00b912[integration:integration], key=griffon, parentView=integration.IntegrationView@34eb57a3, parentController=integration.IntegrationController@8e00382, parentModel=integration.IntegrationModel@b7ae697, model=integration.SimpleModel@7456d906, view=integration.SimpleView@1a9eccf4, controller=integration.SimpleController@382a0075, mvcGroup=org.codehaus.griffon.runtime.core.mvc.DefaultMVCGroup@3ff28875[simple:simple]}
{application=integration.TestGriffonApplication@2dd4438d, mvcType=simple, mvcId=simple, configuration=MVCGroupConfiguration{mvcType='simple', members={model=integration.SimpleModel, view=integration.SimpleView, controller=integration.SimpleController}, config={}}, parentGroup=org.codehaus.griffon.runtime.core.mvc.DefaultMVCGroup@4b00b912[integration:integration], key=griffon, parentView=integration.IntegrationView@34eb57a3, parentController=integration.IntegrationController@8e00382, parentModel=integration.IntegrationModel@b7ae697, model=integration.SimpleModel@7fab278c, view=integration.SimpleView@61706ba6, controller=integration.SimpleController@4aeaf6dd, mvcGroup=org.codehaus.griffon.runtime.core.mvc.DefaultMVCGroup@74fa26d5[simple:simple]}
{application=integration.TestGriffonApplication@2dd4438d, mvcType=simple, mvcId=simple-2, configuration=MVCGroupConfiguration{mvcType='simple', members={model=integration.SimpleModel, view=integration.SimpleView, controller=integration.SimpleController}, config={}}, parentGroup=org.codehaus.griffon.runtime.core.mvc.DefaultMVCGroup@4b00b912[integration:integration], key=griffon, parentView=integration.IntegrationView@34eb57a3, parentController=integration.IntegrationController@8e00382, parentModel=integration.IntegrationModel@b7ae697, model=integration.SimpleModel@2dc5c0e6, view=integration.SimpleView@82c8705, controller=integration.SimpleController@5ae6961, mvcGroup=org.codehaus.griffon.runtime.core.mvc.DefaultMVCGroup@111ff0cd[simple:simple-2]}
{application=integration.TestGriffonApplication@2dd4438d, mvcType=simple, mvcId=simple-2, configuration=MVCGroupConfiguration{mvcType='simple', members={model=integration.SimpleModel, view=integration.SimpleView, controller=integration.SimpleController}, config={}}, parentGroup=org.codehaus.griffon.runtime.core.mvc.DefaultMVCGroup@4b00b912[integration:integration], key=griffon, parentView=integration.IntegrationView@34eb57a3, parentController=integration.IntegrationController@8e00382, parentModel=integration.IntegrationModel@b7ae697, model=integration.SimpleModel@12ded0f8, view=integration.SimpleView@7ea67909, controller=integration.SimpleController@8b5e2dd, mvcGroup=org.codehaus.griffon.runtime.core.mvc.DefaultMVCGroup@6642e29e[simple:simple-2]}
{application=integration.TestGriffonApplication@2dd4438d, mvcType=simple, mvcId=simple, configuration=MVCGroupConfiguration{mvcType='simple', members={model=integration.SimpleModel, view=integration.SimpleView, controller=integration.SimpleController}, config={}}, parentGroup=org.codehaus.griffon.runtime.core.mvc.DefaultMVCGroup@4b00b912[integration:integration], parentView=integration.IntegrationView@34eb57a3, parentController=integration.IntegrationController@8e00382, parentModel=integration.IntegrationModel@b7ae697, model=integration.SimpleModel@27fa7be, view=integration.SimpleView@4fdcf8c9, controller=integration.SimpleController@68d848e5, mvcGroup=org.codehaus.griffon.runtime.core.mvc.DefaultMVCGroup@19ff0172[simple:simple]}
]]></system-out>
  <system-err><![CDATA[[Test worker] INFO org.codehaus.griffon.runtime.core.DefaultApplicationBootstrapper - Griffon 2.2.0-SNAPSHOT
[Test worker] INFO org.codehaus.griffon.runtime.core.DefaultApplicationBootstrapper - Build: 2015-02-12T14:10:59.247+0000
[Test worker] INFO org.codehaus.griffon.runtime.core.DefaultApplicationBootstrapper - JVM: 1.8.0_31 (Oracle Corporation 25.31-b07)
[Test worker] INFO org.codehaus.griffon.runtime.core.DefaultApplicationBootstrapper - OS: Linux 2.6.32-042stab090.5 amd64
[Test worker] INFO integration.TestGriffonApplication - Initializing all startup groups: [integration]
[Test worker] INFO integration.TestGriffonApplication - Initializing all integration startup groups: [sample]
[Test worker] INFO integration.TestGriffonApplication - Shutdown is in process
]]></system-err>
</testsuite>
