<?xml version="1.0" encoding="UTF-8"?>
<testsuite name="integration.MVCGroupSpec" tests="4" skipped="0" failures="0" errors="0" timestamp="2015-04-03T21:25:50" hostname="testing-worker-linux-da6418d7-1-13634-linux-8-57095380" time="0.085">
  <properties/>
  <testcase name="Bootstrap application" classname="integration.MVCGroupSpec" time="0.048"/>
  <testcase name="Creating an MVCGroup through the MVCGroupManager does not set implicit parent group" classname="integration.MVCGroupSpec" time="0.014"/>
  <testcase name="Creating an MVCGroup through a group does set implicit parent group" classname="integration.MVCGroupSpec" time="0.012"/>
  <testcase name="Creating an MVCGroup through an artifact does set implicit parent group" classname="integration.MVCGroupSpec" time="0.011"/>
  <system-out><![CDATA[{application=integration.TestGriffonApplication@181aa4aa, mvcType=sample, mvcId=sample, configuration=MVCGroupConfiguration{mvcType='sample', members={model=integration.SimpleModel, view=integration.SimpleView, controller=integration.SimpleController}, config={}}, model=integration.SimpleModel@65780046, view=integration.SimpleView@6f1d7e27, controller=integration.SimpleController@6c86622, mvcGroup=org.codehaus.griffon.runtime.core.mvc.DefaultMVCGroup@128dba4f[sample:sample]}
{application=integration.TestGriffonApplication@181aa4aa, mvcType=simple, mvcId=simple, configuration=MVCGroupConfiguration{mvcType='simple', members={model=integration.SimpleModel, view=integration.SimpleView, controller=integration.SimpleController}, config={}}, model=integration.SimpleModel@67ccd207, view=integration.SimpleView@2fe261b, controller=integration.SimpleController@3bf579f9, mvcGroup=org.codehaus.griffon.runtime.core.mvc.DefaultMVCGroup@6d26c541[simple:simple]}
{application=integration.TestGriffonApplication@181aa4aa, mvcType=simple, mvcId=parent1, configuration=MVCGroupConfiguration{mvcType='simple', members={model=integration.SimpleModel, view=integration.SimpleView, controller=integration.SimpleController}, config={}}, model=integration.SimpleModel@5b0fe7db, view=integration.SimpleView@31d830a9, controller=integration.SimpleController@8ecaf14, mvcGroup=org.codehaus.griffon.runtime.core.mvc.DefaultMVCGroup@6280153e[simple:parent1]}
{application=integration.TestGriffonApplication@181aa4aa, mvcType=simple, mvcId=simple, configuration=MVCGroupConfiguration{mvcType='simple', members={model=integration.SimpleModel, view=integration.SimpleView, controller=integration.SimpleController}, config={}}, parentGroup=org.codehaus.griffon.runtime.core.mvc.DefaultMVCGroup@6280153e[simple:parent1], parentModel=integration.SimpleModel@5b0fe7db, parentView=integration.SimpleView@31d830a9, parentController=integration.SimpleController@8ecaf14, model=integration.SimpleModel@2487b30a, view=integration.SimpleView@3d0e4bc8, controller=integration.SimpleController@369558ac, mvcGroup=org.codehaus.griffon.runtime.core.mvc.DefaultMVCGroup@f9b6b82[simple:simple]}
{application=integration.TestGriffonApplication@181aa4aa, mvcType=simple, mvcId=parent2, configuration=MVCGroupConfiguration{mvcType='simple', members={model=integration.SimpleModel, view=integration.SimpleView, controller=integration.SimpleController}, config={}}, model=integration.SimpleModel@439c4d7a, view=integration.SimpleView@5aa17e3d, controller=integration.SimpleController@1856f61a, mvcGroup=org.codehaus.griffon.runtime.core.mvc.DefaultMVCGroup@6d998584[simple:parent2]}
{application=integration.TestGriffonApplication@181aa4aa, mvcType=simple, mvcId=simple, configuration=MVCGroupConfiguration{mvcType='simple', members={model=integration.SimpleModel, view=integration.SimpleView, controller=integration.SimpleController}, config={}}, parentGroup=org.codehaus.griffon.runtime.core.mvc.DefaultMVCGroup@6d998584[simple:parent2], parentModel=integration.SimpleModel@439c4d7a, parentView=integration.SimpleView@5aa17e3d, parentController=integration.SimpleController@1856f61a, model=integration.SimpleModel@52ce4db6, view=integration.SimpleView@704212d0, controller=integration.SimpleController@497a4afd, mvcGroup=org.codehaus.griffon.runtime.core.mvc.DefaultMVCGroup@357d4fa2[simple:simple]}
]]></system-out>
  <system-err><![CDATA[[Test worker] INFO org.codehaus.griffon.runtime.core.DefaultApplicationBootstrapper - Griffon 2.3.0-SNAPSHOT
[Test worker] INFO org.codehaus.griffon.runtime.core.DefaultApplicationBootstrapper - Build: 2015-04-03T21:22:21.156+0000
[Test worker] INFO org.codehaus.griffon.runtime.core.DefaultApplicationBootstrapper - JVM: 1.8.0_40 (Oracle Corporation 25.40-b25)
[Test worker] INFO org.codehaus.griffon.runtime.core.DefaultApplicationBootstrapper - OS: Linux 2.6.32-042stab090.5 amd64
[Test worker] INFO integration.TestGriffonApplication - Initializing all startup groups: [integration]
[Test worker] INFO integration.TestGriffonApplication - Initializing all integrationÂ startup groups: [sample]
[Test worker] INFO integration.TestGriffonApplication - Shutdown is in process
]]></system-err>
</testsuite>
