<?xml version="1.0" encoding="UTF-8"?>
<testsuite name="griffon.core.resources.NoSuchResourceExceptionSpec" tests="2" skipped="0" failures="0" errors="0" timestamp="2015-09-14T08:23:20" hostname="testing-worker-linux-a1362517-2-8611-linux-7-80196216" time="0.004">
  <properties/>
  <testcase name="Exercise constructor with errors" classname="griffon.core.resources.NoSuchResourceExceptionSpec" time="0.003"/>
  <testcase name="Successfully create exception" classname="griffon.core.resources.NoSuchResourceExceptionSpec" time="0.001"/>
  <system-out><![CDATA[]]></system-out>
  <system-err><![CDATA[]]></system-err>
</testsuite>
