<?xml version="1.0" encoding="UTF-8"?>
<testsuite name="org.codehaus.griffon.runtime.core.artifact.GriffonArtifactSpec" tests="25" skipped="0" failures="0" errors="0" timestamp="2015-02-19T15:56:29" hostname="testing-worker-linux-bb3654bb-2-23066-linux-19-51390683" time="0.892">
  <properties/>
  <testcase name="Bootstrap application" classname="org.codehaus.griffon.runtime.core.artifact.GriffonArtifactSpec" time="0.568"/>
  <testcase name="Verify withMvcGroup(type , handler)" classname="org.codehaus.griffon.runtime.core.artifact.GriffonArtifactSpec" time="0.08"/>
  <testcase name="Verify withMvcGroup(type, id , handler)" classname="org.codehaus.griffon.runtime.core.artifact.GriffonArtifactSpec" time="0.018"/>
  <testcase name="Verify withMvcGroup(type, id, map , handler)" classname="org.codehaus.griffon.runtime.core.artifact.GriffonArtifactSpec" time="0.021"/>
  <testcase name="Verify withMvcGroup(type, map , handler)" classname="org.codehaus.griffon.runtime.core.artifact.GriffonArtifactSpec" time="0.017"/>
  <testcase name="Verify withMvcGroup(map, type, id , handler)" classname="org.codehaus.griffon.runtime.core.artifact.GriffonArtifactSpec" time="0.016"/>
  <testcase name="Verify withMvcGroup(map, type , handler)" classname="org.codehaus.griffon.runtime.core.artifact.GriffonArtifactSpec" time="0.017"/>
  <testcase name="Verify createMVCGroup(type)" classname="org.codehaus.griffon.runtime.core.artifact.GriffonArtifactSpec" time="0.012"/>
  <testcase name="Verify createMVCGroup(type, id)" classname="org.codehaus.griffon.runtime.core.artifact.GriffonArtifactSpec" time="0.011"/>
  <testcase name="Verify createMVCGroup(type, map)" classname="org.codehaus.griffon.runtime.core.artifact.GriffonArtifactSpec" time="0.011"/>
  <testcase name="Verify createMVCGroup(map, type)" classname="org.codehaus.griffon.runtime.core.artifact.GriffonArtifactSpec" time="0.011"/>
  <testcase name="Verify createMVCGroup(type, id, map)" classname="org.codehaus.griffon.runtime.core.artifact.GriffonArtifactSpec" time="0.01"/>
  <testcase name="Verify createMVCGroup(map, type, id)" classname="org.codehaus.griffon.runtime.core.artifact.GriffonArtifactSpec" time="0.009"/>
  <testcase name="Verify createMVC(type)" classname="org.codehaus.griffon.runtime.core.artifact.GriffonArtifactSpec" time="0.012"/>
  <testcase name="Verify createMVC(type, id)" classname="org.codehaus.griffon.runtime.core.artifact.GriffonArtifactSpec" time="0.011"/>
  <testcase name="Verify createMVC(type, map)" classname="org.codehaus.griffon.runtime.core.artifact.GriffonArtifactSpec" time="0.011"/>
  <testcase name="Verify createMVC(map, type)" classname="org.codehaus.griffon.runtime.core.artifact.GriffonArtifactSpec" time="0.011"/>
  <testcase name="Verify createMVC(type, id, map)" classname="org.codehaus.griffon.runtime.core.artifact.GriffonArtifactSpec" time="0.008"/>
  <testcase name="Verify createMVC(map, type, id)" classname="org.codehaus.griffon.runtime.core.artifact.GriffonArtifactSpec" time="0.008"/>
  <testcase name="Verify destroyMVCGroup(id)" classname="org.codehaus.griffon.runtime.core.artifact.GriffonArtifactSpec" time="0.009"/>
  <testcase name="Execute runnable inside UI sync" classname="org.codehaus.griffon.runtime.core.artifact.GriffonArtifactSpec" time="0.003"/>
  <testcase name="Execute runnable inside UI async" classname="org.codehaus.griffon.runtime.core.artifact.GriffonArtifactSpec" time="0.003"/>
  <testcase name="Execute runnable outside UI" classname="org.codehaus.griffon.runtime.core.artifact.GriffonArtifactSpec" time="0.002"/>
  <testcase name="Execute future" classname="org.codehaus.griffon.runtime.core.artifact.GriffonArtifactSpec" time="0.004"/>
  <testcase name="Execute future with ExecutorService" classname="org.codehaus.griffon.runtime.core.artifact.GriffonArtifactSpec" time="0.005"/>
  <system-out><![CDATA[{application=integration.TestGriffonApplication@24abcc82, mvcType=sample, mvcId=sample, configuration=MVCGroupConfiguration{mvcType='sample', members={model=integration.SimpleModel, view=integration.SimpleView, controller=integration.SimpleController}, config={}}, model=integration.SimpleModel@220ad7de, view=integration.SimpleView@51e340bb, controller=integration.SimpleController@5f6dd697, mvcGroup=org.codehaus.griffon.runtime.core.mvc.DefaultMVCGroup@15faaec2[sample:sample]}
{application=integration.TestGriffonApplication@24abcc82, mvcType=simple, mvcId=simple, configuration=MVCGroupConfiguration{mvcType='simple', members={model=integration.SimpleModel, view=integration.SimpleView, controller=integration.SimpleController}, config={}}, parentGroup=org.codehaus.griffon.runtime.core.mvc.DefaultMVCGroup@3df2e916[integration:integration], parentView=integration.IntegrationView@58673ea5, parentController=integration.IntegrationController@5b0a9987, parentModel=integration.IntegrationModel@26b4d267, model=integration.SimpleModel@4c88c11b, view=integration.SimpleView@36cfeceb, controller=integration.SimpleController@63922f1b, mvcGroup=org.codehaus.griffon.runtime.core.mvc.DefaultMVCGroup@43085407[simple:simple]}
{application=integration.TestGriffonApplication@24abcc82, mvcType=simple, mvcId=simple-1, configuration=MVCGroupConfiguration{mvcType='simple', members={model=integration.SimpleModel, view=integration.SimpleView, controller=integration.SimpleController}, config={}}, parentGroup=org.codehaus.griffon.runtime.core.mvc.DefaultMVCGroup@3df2e916[integration:integration], parentView=integration.IntegrationView@58673ea5, parentController=integration.IntegrationController@5b0a9987, parentModel=integration.IntegrationModel@26b4d267, model=integration.SimpleModel@7767a9f9, view=integration.SimpleView@7ee28458, controller=integration.SimpleController@aa97ccc, mvcGroup=org.codehaus.griffon.runtime.core.mvc.DefaultMVCGroup@30c181e6[simple:simple-1]}
{application=integration.TestGriffonApplication@24abcc82, mvcType=simple, mvcId=simple-2, configuration=MVCGroupConfiguration{mvcType='simple', members={model=integration.SimpleModel, view=integration.SimpleView, controller=integration.SimpleController}, config={}}, parentGroup=org.codehaus.griffon.runtime.core.mvc.DefaultMVCGroup@3df2e916[integration:integration], key=griffon, parentView=integration.IntegrationView@58673ea5, parentController=integration.IntegrationController@5b0a9987, parentModel=integration.IntegrationModel@26b4d267, model=integration.SimpleModel@7ccd5f0e, view=integration.SimpleView@7f9ab61b, controller=integration.SimpleController@729c9cdb, mvcGroup=org.codehaus.griffon.runtime.core.mvc.DefaultMVCGroup@5c432bb9[simple:simple-2]}
{application=integration.TestGriffonApplication@24abcc82, mvcType=simple, mvcId=simple, configuration=MVCGroupConfiguration{mvcType='simple', members={model=integration.SimpleModel, view=integration.SimpleView, controller=integration.SimpleController}, config={}}, parentGroup=org.codehaus.griffon.runtime.core.mvc.DefaultMVCGroup@3df2e916[integration:integration], key=griffon, parentView=integration.IntegrationView@58673ea5, parentController=integration.IntegrationController@5b0a9987, parentModel=integration.IntegrationModel@26b4d267, model=integration.SimpleModel@1cb3dc4, view=integration.SimpleView@18a9f4ae, controller=integration.SimpleController@3589a91a, mvcGroup=org.codehaus.griffon.runtime.core.mvc.DefaultMVCGroup@251f2588[simple:simple]}
{application=integration.TestGriffonApplication@24abcc82, mvcType=simple, mvcId=simple-2, configuration=MVCGroupConfiguration{mvcType='simple', members={model=integration.SimpleModel, view=integration.SimpleView, controller=integration.SimpleController}, config={}}, parentGroup=org.codehaus.griffon.runtime.core.mvc.DefaultMVCGroup@3df2e916[integration:integration], key=griffon, parentView=integration.IntegrationView@58673ea5, parentController=integration.IntegrationController@5b0a9987, parentModel=integration.IntegrationModel@26b4d267, model=integration.SimpleModel@232f0694, view=integration.SimpleView@3acb7da8, controller=integration.SimpleController@22c77c87, mvcGroup=org.codehaus.griffon.runtime.core.mvc.DefaultMVCGroup@2452d8db[simple:simple-2]}
{application=integration.TestGriffonApplication@24abcc82, mvcType=simple, mvcId=simple, configuration=MVCGroupConfiguration{mvcType='simple', members={model=integration.SimpleModel, view=integration.SimpleView, controller=integration.SimpleController}, config={}}, parentGroup=org.codehaus.griffon.runtime.core.mvc.DefaultMVCGroup@3df2e916[integration:integration], key=griffon, parentView=integration.IntegrationView@58673ea5, parentController=integration.IntegrationController@5b0a9987, parentModel=integration.IntegrationModel@26b4d267, model=integration.SimpleModel@6af5fc0f, view=integration.SimpleView@546be2ea, controller=integration.SimpleController@1ad6bb39, mvcGroup=org.codehaus.griffon.runtime.core.mvc.DefaultMVCGroup@6f53ab04[simple:simple]}
{application=integration.TestGriffonApplication@24abcc82, mvcType=simple, mvcId=simple, configuration=MVCGroupConfiguration{mvcType='simple', members={model=integration.SimpleModel, view=integration.SimpleView, controller=integration.SimpleController}, config={}}, parentGroup=org.codehaus.griffon.runtime.core.mvc.DefaultMVCGroup@3df2e916[integration:integration], parentView=integration.IntegrationView@58673ea5, parentController=integration.IntegrationController@5b0a9987, parentModel=integration.IntegrationModel@26b4d267, model=integration.SimpleModel@7c2d154c, view=integration.SimpleView@4fa6bdb3, controller=integration.SimpleController@49b7372e, mvcGroup=org.codehaus.griffon.runtime.core.mvc.DefaultMVCGroup@6369964d[simple:simple]}
{application=integration.TestGriffonApplication@24abcc82, mvcType=simple, mvcId=simple-1, configuration=MVCGroupConfiguration{mvcType='simple', members={model=integration.SimpleModel, view=integration.SimpleView, controller=integration.SimpleController}, config={}}, parentGroup=org.codehaus.griffon.runtime.core.mvc.DefaultMVCGroup@3df2e916[integration:integration], parentView=integration.IntegrationView@58673ea5, parentController=integration.IntegrationController@5b0a9987, parentModel=integration.IntegrationModel@26b4d267, model=integration.SimpleModel@dcb0870, view=integration.SimpleView@7db550a0, controller=integration.SimpleController@52c16aa5, mvcGroup=org.codehaus.griffon.runtime.core.mvc.DefaultMVCGroup@76dfea54[simple:simple-1]}
{application=integration.TestGriffonApplication@24abcc82, mvcType=simple, mvcId=simple, configuration=MVCGroupConfiguration{mvcType='simple', members={model=integration.SimpleModel, view=integration.SimpleView, controller=integration.SimpleController}, config={}}, parentGroup=org.codehaus.griffon.runtime.core.mvc.DefaultMVCGroup@3df2e916[integration:integration], key=griffon, parentView=integration.IntegrationView@58673ea5, parentController=integration.IntegrationController@5b0a9987, parentModel=integration.IntegrationModel@26b4d267, model=integration.SimpleModel@2382e477, view=integration.SimpleView@74e590f7, controller=integration.SimpleController@2d28588c, mvcGroup=org.codehaus.griffon.runtime.core.mvc.DefaultMVCGroup@242c8a37[simple:simple]}
{application=integration.TestGriffonApplication@24abcc82, mvcType=simple, mvcId=simple, configuration=MVCGroupConfiguration{mvcType='simple', members={model=integration.SimpleModel, view=integration.SimpleView, controller=integration.SimpleController}, config={}}, parentGroup=org.codehaus.griffon.runtime.core.mvc.DefaultMVCGroup@3df2e916[integration:integration], key=griffon, parentView=integration.IntegrationView@58673ea5, parentController=integration.IntegrationController@5b0a9987, parentModel=integration.IntegrationModel@26b4d267, model=integration.SimpleModel@48832b41, view=integration.SimpleView@2780f6e5, controller=integration.SimpleController@67bdad10, mvcGroup=org.codehaus.griffon.runtime.core.mvc.DefaultMVCGroup@3c43afc5[simple:simple]}
{application=integration.TestGriffonApplication@24abcc82, mvcType=simple, mvcId=simple-2, configuration=MVCGroupConfiguration{mvcType='simple', members={model=integration.SimpleModel, view=integration.SimpleView, controller=integration.SimpleController}, config={}}, parentGroup=org.codehaus.griffon.runtime.core.mvc.DefaultMVCGroup@3df2e916[integration:integration], key=griffon, parentView=integration.IntegrationView@58673ea5, parentController=integration.IntegrationController@5b0a9987, parentModel=integration.IntegrationModel@26b4d267, model=integration.SimpleModel@6dcb422f, view=integration.SimpleView@4d5cb6ad, controller=integration.SimpleController@4783473b, mvcGroup=org.codehaus.griffon.runtime.core.mvc.DefaultMVCGroup@661ff589[simple:simple-2]}
{application=integration.TestGriffonApplication@24abcc82, mvcType=simple, mvcId=simple-2, configuration=MVCGroupConfiguration{mvcType='simple', members={model=integration.SimpleModel, view=integration.SimpleView, controller=integration.SimpleController}, config={}}, parentGroup=org.codehaus.griffon.runtime.core.mvc.DefaultMVCGroup@3df2e916[integration:integration], key=griffon, parentView=integration.IntegrationView@58673ea5, parentController=integration.IntegrationController@5b0a9987, parentModel=integration.IntegrationModel@26b4d267, model=integration.SimpleModel@5172095f, view=integration.SimpleView@79333402, controller=integration.SimpleController@24d40e80, mvcGroup=org.codehaus.griffon.runtime.core.mvc.DefaultMVCGroup@3d7e142e[simple:simple-2]}
{application=integration.TestGriffonApplication@24abcc82, mvcType=simple, mvcId=simple, configuration=MVCGroupConfiguration{mvcType='simple', members={model=integration.SimpleModel, view=integration.SimpleView, controller=integration.SimpleController}, config={}}, parentGroup=org.codehaus.griffon.runtime.core.mvc.DefaultMVCGroup@3df2e916[integration:integration], parentView=integration.IntegrationView@58673ea5, parentController=integration.IntegrationController@5b0a9987, parentModel=integration.IntegrationModel@26b4d267, model=integration.SimpleModel@7c87ca2f, view=integration.SimpleView@1c747299, controller=integration.SimpleController@18d0df99, mvcGroup=org.codehaus.griffon.runtime.core.mvc.DefaultMVCGroup@554267c9[simple:simple]}
{application=integration.TestGriffonApplication@24abcc82, mvcType=simple, mvcId=simple-1, configuration=MVCGroupConfiguration{mvcType='simple', members={model=integration.SimpleModel, view=integration.SimpleView, controller=integration.SimpleController}, config={}}, parentGroup=org.codehaus.griffon.runtime.core.mvc.DefaultMVCGroup@3df2e916[integration:integration], parentView=integration.IntegrationView@58673ea5, parentController=integration.IntegrationController@5b0a9987, parentModel=integration.IntegrationModel@26b4d267, model=integration.SimpleModel@70012a9b, view=integration.SimpleView@573f548e, controller=integration.SimpleController@35dd3735, mvcGroup=org.codehaus.griffon.runtime.core.mvc.DefaultMVCGroup@58f6589b[simple:simple-1]}
{application=integration.TestGriffonApplication@24abcc82, mvcType=simple, mvcId=simple, configuration=MVCGroupConfiguration{mvcType='simple', members={model=integration.SimpleModel, view=integration.SimpleView, controller=integration.SimpleController}, config={}}, parentGroup=org.codehaus.griffon.runtime.core.mvc.DefaultMVCGroup@3df2e916[integration:integration], key=griffon, parentView=integration.IntegrationView@58673ea5, parentController=integration.IntegrationController@5b0a9987, parentModel=integration.IntegrationModel@26b4d267, model=integration.SimpleModel@c6c4f7d, view=integration.SimpleView@50d4a55a, controller=integration.SimpleController@3a8c1d5b, mvcGroup=org.codehaus.griffon.runtime.core.mvc.DefaultMVCGroup@7aa28280[simple:simple]}
{application=integration.TestGriffonApplication@24abcc82, mvcType=simple, mvcId=simple, configuration=MVCGroupConfiguration{mvcType='simple', members={model=integration.SimpleModel, view=integration.SimpleView, controller=integration.SimpleController}, config={}}, parentGroup=org.codehaus.griffon.runtime.core.mvc.DefaultMVCGroup@3df2e916[integration:integration], key=griffon, parentView=integration.IntegrationView@58673ea5, parentController=integration.IntegrationController@5b0a9987, parentModel=integration.IntegrationModel@26b4d267, model=integration.SimpleModel@53fb6760, view=integration.SimpleView@1111799b, controller=integration.SimpleController@7fc95fbb, mvcGroup=org.codehaus.griffon.runtime.core.mvc.DefaultMVCGroup@1c3456bc[simple:simple]}
{application=integration.TestGriffonApplication@24abcc82, mvcType=simple, mvcId=simple-2, configuration=MVCGroupConfiguration{mvcType='simple', members={model=integration.SimpleModel, view=integration.SimpleView, controller=integration.SimpleController}, config={}}, parentGroup=org.codehaus.griffon.runtime.core.mvc.DefaultMVCGroup@3df2e916[integration:integration], key=griffon, parentView=integration.IntegrationView@58673ea5, parentController=integration.IntegrationController@5b0a9987, parentModel=integration.IntegrationModel@26b4d267, model=integration.SimpleModel@3bba3e63, view=integration.SimpleView@5851e1e, controller=integration.SimpleController@761b6989, mvcGroup=org.codehaus.griffon.runtime.core.mvc.DefaultMVCGroup@2496649e[simple:simple-2]}
{application=integration.TestGriffonApplication@24abcc82, mvcType=simple, mvcId=simple-2, configuration=MVCGroupConfiguration{mvcType='simple', members={model=integration.SimpleModel, view=integration.SimpleView, controller=integration.SimpleController}, config={}}, parentGroup=org.codehaus.griffon.runtime.core.mvc.DefaultMVCGroup@3df2e916[integration:integration], key=griffon, parentView=integration.IntegrationView@58673ea5, parentController=integration.IntegrationController@5b0a9987, parentModel=integration.IntegrationModel@26b4d267, model=integration.SimpleModel@4eb50f49, view=integration.SimpleView@63ed9d6f, controller=integration.SimpleController@4e97e7ba, mvcGroup=org.codehaus.griffon.runtime.core.mvc.DefaultMVCGroup@59b2c862[simple:simple-2]}
{application=integration.TestGriffonApplication@24abcc82, mvcType=simple, mvcId=simple, configuration=MVCGroupConfiguration{mvcType='simple', members={model=integration.SimpleModel, view=integration.SimpleView, controller=integration.SimpleController}, config={}}, parentGroup=org.codehaus.griffon.runtime.core.mvc.DefaultMVCGroup@3df2e916[integration:integration], parentView=integration.IntegrationView@58673ea5, parentController=integration.IntegrationController@5b0a9987, parentModel=integration.IntegrationModel@26b4d267, model=integration.SimpleModel@3f9b5b5a, view=integration.SimpleView@3092bf23, controller=integration.SimpleController@41c924bc, mvcGroup=org.codehaus.griffon.runtime.core.mvc.DefaultMVCGroup@e77153f[simple:simple]}
]]></system-out>
  <system-err><![CDATA[[Test worker] INFO org.codehaus.griffon.runtime.core.DefaultApplicationBootstrapper - Griffon 2.2.0-SNAPSHOT
[Test worker] INFO org.codehaus.griffon.runtime.core.DefaultApplicationBootstrapper - Build: 2015-02-19T15:52:24.622+0000
[Test worker] INFO org.codehaus.griffon.runtime.core.DefaultApplicationBootstrapper - JVM: 1.8.0_31 (Oracle Corporation 25.31-b07)
[Test worker] INFO org.codehaus.griffon.runtime.core.DefaultApplicationBootstrapper - OS: Linux 2.6.32-042stab090.5 amd64
[Test worker] INFO integration.TestGriffonApplication - Initializing all startup groups: [integration]
[Test worker] INFO integration.TestGriffonApplication - Initializing all integration startup groups: [sample]
[Test worker] INFO integration.TestGriffonApplication - Shutdown is in process
]]></system-err>
</testsuite>
