<?xml version="1.0" encoding="UTF-8"?>
<testsuite name="griffon.core.env.EnvironmentTests" tests="3" skipped="0" failures="0" errors="0" timestamp="2016-01-07T08:37:29" hostname="testing-gce-92a2cb75-cc3f-4df4-a50b-90944819c725.c.eco-emissary-99515.internal" time="0.01">
  <properties/>
  <testcase name="testGetEnvironment" classname="griffon.core.env.EnvironmentTests" time="0.003"/>
  <testcase name="testSystemPropertyOverridesMetadata" classname="griffon.core.env.EnvironmentTests" time="0.006"/>
  <testcase name="testGetCurrent" classname="griffon.core.env.EnvironmentTests" time="0.001"/>
  <system-out><![CDATA[]]></system-out>
  <system-err><![CDATA[]]></system-err>
</testsuite>
