<?xml version="1.0" encoding="UTF-8"?>
<testsuite name="griffon.core.ObservableContextSpec" tests="2" skipped="0" failures="0" errors="0" timestamp="2016-01-16T22:23:33" hostname="testing-gce-deeed465-4600-477e-9ad3-7a5ac8a2250f.c.eco-emissary-99515.internal" time="0.021">
  <properties/>
  <testcase name="Exercise listener methods" classname="griffon.core.ObservableContextSpec" time="0.012"/>
  <testcase name="Listen to context events" classname="griffon.core.ObservableContextSpec" time="0.009"/>
  <system-out><![CDATA[]]></system-out>
  <system-err><![CDATA[[Test worker] TRACE griffon.core.editors.PropertyEditorResolver - Searching PropertyEditor for java.lang.Integer
[Test worker] TRACE griffon.core.editors.PropertyEditorResolver - PropertyEditor for java.lang.Integer is griffon.core.editors.IntegerPropertyEditor
]]></system-err>
</testsuite>
