<?xml version="1.0" encoding="UTF-8"?>
<testsuite name="griffon.core.ObservableContextSpec" tests="2" skipped="0" failures="0" errors="0" timestamp="2015-09-03T15:03:20" hostname="testing-worker-linux-a01deac5-2-15736-linux-3-78592566" time="0.082">
  <properties/>
  <testcase name="Exercise listener methods" classname="griffon.core.ObservableContextSpec" time="0.066"/>
  <testcase name="Listen to context events" classname="griffon.core.ObservableContextSpec" time="0.016"/>
  <system-out><![CDATA[]]></system-out>
  <system-err><![CDATA[]]></system-err>
</testsuite>
