<?xml version="1.0" encoding="UTF-8"?>
<testsuite name="org.codehaus.griffon.runtime.core.artifact.GriffonArtifactSpec" tests="25" skipped="0" failures="0" errors="0" timestamp="2015-09-16T14:49:50" hostname="testing-worker-linux-027f0490-1-17064-linux-7-80650281" time="0.609">
  <properties/>
  <testcase name="Bootstrap application" classname="org.codehaus.griffon.runtime.core.artifact.GriffonArtifactSpec" time="0.359"/>
  <testcase name="Verify withMvcGroup(type , handler)" classname="org.codehaus.griffon.runtime.core.artifact.GriffonArtifactSpec" time="0.036"/>
  <testcase name="Verify withMvcGroup(type, id , handler)" classname="org.codehaus.griffon.runtime.core.artifact.GriffonArtifactSpec" time="0.014"/>
  <testcase name="Verify withMvcGroup(type, id, map , handler)" classname="org.codehaus.griffon.runtime.core.artifact.GriffonArtifactSpec" time="0.015"/>
  <testcase name="Verify withMvcGroup(type, map , handler)" classname="org.codehaus.griffon.runtime.core.artifact.GriffonArtifactSpec" time="0.015"/>
  <testcase name="Verify withMvcGroup(map, type, id , handler)" classname="org.codehaus.griffon.runtime.core.artifact.GriffonArtifactSpec" time="0.014"/>
  <testcase name="Verify withMvcGroup(map, type , handler)" classname="org.codehaus.griffon.runtime.core.artifact.GriffonArtifactSpec" time="0.014"/>
  <testcase name="Verify createMVCGroup(type)" classname="org.codehaus.griffon.runtime.core.artifact.GriffonArtifactSpec" time="0.01"/>
  <testcase name="Verify createMVCGroup(type, id)" classname="org.codehaus.griffon.runtime.core.artifact.GriffonArtifactSpec" time="0.008"/>
  <testcase name="Verify createMVCGroup(type, map)" classname="org.codehaus.griffon.runtime.core.artifact.GriffonArtifactSpec" time="0.01"/>
  <testcase name="Verify createMVCGroup(map, type)" classname="org.codehaus.griffon.runtime.core.artifact.GriffonArtifactSpec" time="0.009"/>
  <testcase name="Verify createMVCGroup(type, id, map)" classname="org.codehaus.griffon.runtime.core.artifact.GriffonArtifactSpec" time="0.01"/>
  <testcase name="Verify createMVCGroup(map, type, id)" classname="org.codehaus.griffon.runtime.core.artifact.GriffonArtifactSpec" time="0.009"/>
  <testcase name="Verify createMVC(type)" classname="org.codehaus.griffon.runtime.core.artifact.GriffonArtifactSpec" time="0.011"/>
  <testcase name="Verify createMVC(type, id)" classname="org.codehaus.griffon.runtime.core.artifact.GriffonArtifactSpec" time="0.01"/>
  <testcase name="Verify createMVC(type, map)" classname="org.codehaus.griffon.runtime.core.artifact.GriffonArtifactSpec" time="0.01"/>
  <testcase name="Verify createMVC(map, type)" classname="org.codehaus.griffon.runtime.core.artifact.GriffonArtifactSpec" time="0.01"/>
  <testcase name="Verify createMVC(type, id, map)" classname="org.codehaus.griffon.runtime.core.artifact.GriffonArtifactSpec" time="0.009"/>
  <testcase name="Verify createMVC(map, type, id)" classname="org.codehaus.griffon.runtime.core.artifact.GriffonArtifactSpec" time="0.009"/>
  <testcase name="Verify destroyMVCGroup(id)" classname="org.codehaus.griffon.runtime.core.artifact.GriffonArtifactSpec" time="0.008"/>
  <testcase name="Execute runnable inside UI sync" classname="org.codehaus.griffon.runtime.core.artifact.GriffonArtifactSpec" time="0.002"/>
  <testcase name="Execute runnable inside UI async" classname="org.codehaus.griffon.runtime.core.artifact.GriffonArtifactSpec" time="0.002"/>
  <testcase name="Execute runnable outside UI" classname="org.codehaus.griffon.runtime.core.artifact.GriffonArtifactSpec" time="0.002"/>
  <testcase name="Execute future" classname="org.codehaus.griffon.runtime.core.artifact.GriffonArtifactSpec" time="0.003"/>
  <testcase name="Execute future with ExecutorService" classname="org.codehaus.griffon.runtime.core.artifact.GriffonArtifactSpec" time="0.008"/>
  <system-out><![CDATA[]]></system-out>
  <system-err><![CDATA[[Test worker] INFO org.codehaus.griffon.runtime.core.DefaultApplicationBootstrapper - Griffon 2.5.0-SNAPSHOT
[Test worker] INFO org.codehaus.griffon.runtime.core.DefaultApplicationBootstrapper - Build: 2015-09-16T14:46:57.076+0000
[Test worker] INFO org.codehaus.griffon.runtime.core.DefaultApplicationBootstrapper - Revision: 0a5016083d28bb3ca974c0f4a1d577926fe25dba
[Test worker] INFO org.codehaus.griffon.runtime.core.DefaultApplicationBootstrapper - JVM: 1.8.0_60 (Oracle Corporation 25.60-b23)
[Test worker] INFO org.codehaus.griffon.runtime.core.DefaultApplicationBootstrapper - OS: Linux 2.6.32-042stab108.6 amd64
[Test worker] INFO integration.TestGriffonApplication - Initializing all startup groups: [integration]
[Test worker] INFO integration.TestGriffonApplication - Initializing all integrationÂ startup groups: [sample]
[Test worker] INFO integration.TestGriffonApplication - Shutdown is in process
]]></system-err>
</testsuite>
