<?xml version="1.0" encoding="UTF-8"?>
<testsuite name="griffon.util.CompositeResourceBuilderSpec" tests="2" skipped="0" failures="0" errors="0" timestamp="2014-07-16T15:40:04" hostname="testing-worker-linux-4-2-3212-linux-7-30081874" time="0.058">
  <properties/>
  <testcase name="Invalid constructor args" classname="griffon.util.CompositeResourceBuilderSpec" time="0.033"/>
  <testcase name="Resolve messages from multiple bundles" classname="griffon.util.CompositeResourceBuilderSpec" time="0.025"/>
  <system-out><![CDATA[]]></system-out>
  <system-err><![CDATA[]]></system-err>
</testsuite>
