<?xml version="1.0" encoding="UTF-8"?>
<testsuite name="griffon.core.formatters.DateFormatterSpec" tests="5" skipped="0" failures="0" errors="0" timestamp="2016-07-06T20:51:02" hostname="testing-gce-ad3455c6-7a46-454f-8ebe-b0fd8cb09eec.c.travis-ci-prod-4.internal" time="0.006">
  <properties/>
  <testcase name="Date 'Thu Jan 01 00:00:00 GMT 1970' produces literal '1/1/70 12:00 AM'" classname="griffon.core.formatters.DateFormatterSpec" time="0.003"/>
  <testcase name="Date 'null' with pattern 'yyyy-MM-dd' produces literal 'null'" classname="griffon.core.formatters.DateFormatterSpec" time="0.001"/>
  <testcase name="Date 'Thu Jan 01 00:00:00 GMT 1970' with pattern 'yyyy-MM-dd' produces literal '1970-01-01'" classname="griffon.core.formatters.DateFormatterSpec" time="0.0"/>
  <testcase name="Parse error for pattern 'yyyy-MM-dd' with literal 'abc'" classname="griffon.core.formatters.DateFormatterSpec" time="0.0"/>
  <testcase name="Illegal pattern ';garbage*@%&amp;'" classname="griffon.core.formatters.DateFormatterSpec" time="0.001"/>
  <system-out><![CDATA[]]></system-out>
  <system-err><![CDATA[]]></system-err>
</testsuite>
