<?xml version="1.0" encoding="UTF-8"?>
<testsuite name="griffon.core.editors.IntegerPropertyEditorSpec" tests="13" failures="0" errors="0" timestamp="2014-06-02T12:25:51" hostname="testing-worker-linux-4-2-30364-linux-20-26568044" time="0.03">
  <properties/>
  <testcase name="Integer literal 'null' with format 'null' should be equal to null" classname="griffon.core.editors.IntegerPropertyEditorSpec" time="0.005"/>
  <testcase name="Integer literal '' with format 'null' should be equal to null" classname="griffon.core.editors.IntegerPropertyEditorSpec" time="0.001"/>
  <testcase name="Integer literal '1' with format 'null' should be equal to 1" classname="griffon.core.editors.IntegerPropertyEditorSpec" time="0.001"/>
  <testcase name="Integer literal '100%' with format 'percent' should be equal to 1" classname="griffon.core.editors.IntegerPropertyEditorSpec" time="0.001"/>
  <testcase name="Integer literal '$1.00' with format 'currency' should be equal to 1" classname="griffon.core.editors.IntegerPropertyEditorSpec" time="0.001"/>
  <testcase name="Integer literal '1' with format 'null' should be equal to 1" classname="griffon.core.editors.IntegerPropertyEditorSpec" time="0.001"/>
  <testcase name="Invalid integer literal 'garbage'" classname="griffon.core.editors.IntegerPropertyEditorSpec" time="0.001"/>
  <testcase name="Invalid integer literal '1, 2, 3'" classname="griffon.core.editors.IntegerPropertyEditorSpec" time="0.0"/>
  <testcase name="Invalid integer literal '[]'" classname="griffon.core.editors.IntegerPropertyEditorSpec" time="0.001"/>
  <testcase name="Invalid integer literal '[1, 2, 3]'" classname="griffon.core.editors.IntegerPropertyEditorSpec" time="0.001"/>
  <testcase name="Invalid integer literal '[:]'" classname="griffon.core.editors.IntegerPropertyEditorSpec" time="0.0"/>
  <testcase name="Invalid integer literal '[key:value]'" classname="griffon.core.editors.IntegerPropertyEditorSpec" time="0.002"/>
  <testcase name="Invalid integer literal 'java.lang.Object@73a4eb2d'" classname="griffon.core.editors.IntegerPropertyEditorSpec" time="0.0"/>
  <system-out><![CDATA[]]></system-out>
  <system-err><![CDATA[]]></system-err>
</testsuite>
