<?xml version="1.0" encoding="UTF-8"?>
<testsuite name="org.codehaus.griffon.runtime.core.artifact.GriffonClassSpec" tests="1" skipped="0" failures="0" errors="0" timestamp="2014-11-25T10:56:07" hostname="testing-worker-linux-8-2-19826-linux-1-42063237" time="0.005">
  <properties/>
  <testcase name="Verify properties" classname="org.codehaus.griffon.runtime.core.artifact.GriffonClassSpec" time="0.005"/>
  <system-out><![CDATA[]]></system-out>
  <system-err><![CDATA[]]></system-err>
</testsuite>
