<?xml version="1.0" encoding="UTF-8"?>
<testsuite name="griffon.core.formatters.IntegerFormatterSpec" tests="11" skipped="0" failures="0" errors="0" timestamp="2014-06-20T11:06:48" hostname="testing-worker-linux-6-1-3457-linux-4-28033038" time="0.029">
  <properties/>
  <testcase name="Integer '100' produces literal '100'" classname="griffon.core.formatters.IntegerFormatterSpec" time="0.008"/>
  <testcase name="Integer 'null' with pattern 'currency' produces literal 'null'" classname="griffon.core.formatters.IntegerFormatterSpec" time="0.001"/>
  <testcase name="Integer 'null' with pattern 'percent' produces literal 'null'" classname="griffon.core.formatters.IntegerFormatterSpec" time="0.001"/>
  <testcase name="Integer '100' with pattern 'currency' produces literal '$100.00'" classname="griffon.core.formatters.IntegerFormatterSpec" time="0.001"/>
  <testcase name="Integer '1' with pattern 'percent' produces literal '100%'" classname="griffon.core.formatters.IntegerFormatterSpec" time="0.001"/>
  <testcase name="Integer '100' with pattern 'null' produces literal '100'" classname="griffon.core.formatters.IntegerFormatterSpec" time="0.001"/>
  <testcase name="Integer '100' with pattern '' produces literal '100'" classname="griffon.core.formatters.IntegerFormatterSpec" time="0.0"/>
  <testcase name="Integer '20' with pattern '##.0' produces literal '20.0'" classname="griffon.core.formatters.IntegerFormatterSpec" time="0.001"/>
  <testcase name="Parse error for pattern 'currency' with literal 'abc'" classname="griffon.core.formatters.IntegerFormatterSpec" time="0.001"/>
  <testcase name="Parse error for pattern 'percent' with literal 'abc'" classname="griffon.core.formatters.IntegerFormatterSpec" time="0.001"/>
  <testcase name="Illegal pattern ';garbage*@%&amp;'" classname="griffon.core.formatters.IntegerFormatterSpec" time="0.001"/>
  <system-out><![CDATA[]]></system-out>
  <system-err><![CDATA[]]></system-err>
</testsuite>
