<?xml version="1.0" encoding="UTF-8"?>
<testsuite name="griffon.core.ObservableContextSpec" tests="2" skipped="0" failures="0" errors="0" timestamp="2015-09-24T08:42:08" hostname="testing-worker-linux-968a87ce-2-16078-linux-4-81925709" time="0.084">
  <properties/>
  <testcase name="Exercise listener methods" classname="griffon.core.ObservableContextSpec" time="0.071"/>
  <testcase name="Listen to context events" classname="griffon.core.ObservableContextSpec" time="0.013"/>
  <system-out><![CDATA[]]></system-out>
  <system-err><![CDATA[]]></system-err>
</testsuite>
