<?xml version="1.0" encoding="UTF-8"?>
<testsuite name="griffon.core.ObservableContextSpec" tests="2" skipped="0" failures="0" errors="0" timestamp="2015-10-18T15:45:17" hostname="testing-worker-linux-44a99d76-2-535-linux-14-86043416" time="0.015">
  <properties/>
  <testcase name="Exercise listener methods" classname="griffon.core.ObservableContextSpec" time="0.006"/>
  <testcase name="Listen to context events" classname="griffon.core.ObservableContextSpec" time="0.009"/>
  <system-out><![CDATA[]]></system-out>
  <system-err><![CDATA[]]></system-err>
</testsuite>
