<?xml version="1.0" encoding="UTF-8"?>
<testsuite name="griffon.core.formatters.DoubleFormatterSpec" tests="11" failures="0" errors="0" timestamp="2014-05-13T19:40:34" hostname="testing-worker-linux-6-1-30204-linux-9-25098060" time="0.038">
  <properties/>
  <testcase name="Double '100.0' produces literal '100.0'" classname="griffon.core.formatters.DoubleFormatterSpec" time="0.009"/>
  <testcase name="Double 'null' with pattern 'currency' produces literal 'null'" classname="griffon.core.formatters.DoubleFormatterSpec" time="0.001"/>
  <testcase name="Double 'null' with pattern 'percent' produces literal 'null'" classname="griffon.core.formatters.DoubleFormatterSpec" time="0.001"/>
  <testcase name="Double '100.0' with pattern 'currency' produces literal '$100.00'" classname="griffon.core.formatters.DoubleFormatterSpec" time="0.002"/>
  <testcase name="Double '1.0' with pattern 'percent' produces literal '100%'" classname="griffon.core.formatters.DoubleFormatterSpec" time="0.002"/>
  <testcase name="Double '100.0' with pattern 'null' produces literal '100.0'" classname="griffon.core.formatters.DoubleFormatterSpec" time="0.001"/>
  <testcase name="Double '100.0' with pattern '' produces literal '100.0'" classname="griffon.core.formatters.DoubleFormatterSpec" time="0.001"/>
  <testcase name="Double '20.0' with pattern '##.0' produces literal '20.0'" classname="griffon.core.formatters.DoubleFormatterSpec" time="0.001"/>
  <testcase name="Parse error for pattern 'currency' with literal 'abc'" classname="griffon.core.formatters.DoubleFormatterSpec" time="0.002"/>
  <testcase name="Parse error for pattern 'percent' with literal 'abc'" classname="griffon.core.formatters.DoubleFormatterSpec" time="0.002"/>
  <testcase name="Illegal pattern ';garbage*@%&amp;'" classname="griffon.core.formatters.DoubleFormatterSpec" time="0.002"/>
  <system-out><![CDATA[]]></system-out>
  <system-err><![CDATA[]]></system-err>
</testsuite>
