<?xml version="1.0" encoding="UTF-8"?>
<testsuite name="griffon.util.GriffonNameUtilsTest" tests="19" failures="0" errors="0" timestamp="2014-06-08T12:18:36" hostname="testing-worker-linux-6-1-3457-linux-4-27062687" time="0.63">
  <properties/>
  <testcase name="testGetClassNameRepresentation" classname="griffon.util.GriffonNameUtilsTest" time="0.411"/>
  <testcase name="testGetLogicalName" classname="griffon.util.GriffonNameUtilsTest" time="0.003"/>
  <testcase name="testQuote" classname="griffon.util.GriffonNameUtilsTest" time="0.004"/>
  <testcase name="testGetShortName" classname="griffon.util.GriffonNameUtilsTest" time="0.007"/>
  <testcase name="testUnquote" classname="griffon.util.GriffonNameUtilsTest" time="0.005"/>
  <testcase name="testGetHyphenatedName" classname="griffon.util.GriffonNameUtilsTest" time="0.05"/>
  <testcase name="testGetGetterName" classname="griffon.util.GriffonNameUtilsTest" time="0.004"/>
  <testcase name="testGetNaturalName" classname="griffon.util.GriffonNameUtilsTest" time="0.005"/>
  <testcase name="testGetLogicalPropertyName" classname="griffon.util.GriffonNameUtilsTest" time="0.004"/>
  <testcase name="testGetPropertyName" classname="griffon.util.GriffonNameUtilsTest" time="0.003"/>
  <testcase name="testGetLogicalPropertyNameForArtefactWithSingleCharacterName" classname="griffon.util.GriffonNameUtilsTest" time="0.0"/>
  <testcase name="testGetClassName" classname="griffon.util.GriffonNameUtilsTest" time="0.077"/>
  <testcase name="testUncapitalize" classname="griffon.util.GriffonNameUtilsTest" time="0.003"/>
  <testcase name="testGetSetterName" classname="griffon.util.GriffonNameUtilsTest" time="0.003"/>
  <testcase name="testIsBlank" classname="griffon.util.GriffonNameUtilsTest" time="0.026"/>
  <testcase name="testCapitalize" classname="griffon.util.GriffonNameUtilsTest" time="0.004"/>
  <testcase name="testGetLogicalPropertyNameForArtefactWithAllUpperCaseName" classname="griffon.util.GriffonNameUtilsTest" time="0.0"/>
  <testcase name="testGetClassNameForLowerCaseHyphenSeparatedName" classname="griffon.util.GriffonNameUtilsTest" time="0.003"/>
  <testcase name="testGetPropertyNameRepresentation" classname="griffon.util.GriffonNameUtilsTest" time="0.003"/>
  <system-out><![CDATA[]]></system-out>
  <system-err><![CDATA[]]></system-err>
</testsuite>
