<?xml version="1.0" encoding="UTF-8"?>
<testsuite name="griffon.core.env.RunModeTests" tests="3" failures="0" errors="0" timestamp="2014-02-16T12:00:07" hostname="testing-worker-linux-8-1-2081-linux-16-18974705" time="0.024">
  <properties/>
  <testcase name="testGetCurrent" classname="griffon.core.env.RunModeTests" time="0.015"/>
  <testcase name="testIsSystemSet" classname="griffon.core.env.RunModeTests" time="0.004"/>
  <testcase name="testGetRunMode" classname="griffon.core.env.RunModeTests" time="0.003"/>
  <system-out><![CDATA[]]></system-out>
  <system-err><![CDATA[]]></system-err>
</testsuite>
