<?xml version="1.0" encoding="UTF-8"?>
<testsuite name="org.codehaus.griffon.runtime.core.storage.DefaultObjectStorageSpec" tests="10" skipped="0" failures="0" errors="0" timestamp="2016-06-27T15:58:25" hostname="testing-gce-4e759559-308b-4c2a-9cf6-7c866c26f55a.c.travis-ci-prod-2.internal" time="0.007">
  <properties/>
  <testcase name="Query empty storage with key 'null'" classname="org.codehaus.griffon.runtime.core.storage.DefaultObjectStorageSpec" time="0.0"/>
  <testcase name="Query empty storage with key ''" classname="org.codehaus.griffon.runtime.core.storage.DefaultObjectStorageSpec" time="0.0"/>
  <testcase name="Query empty storage with key ' '" classname="org.codehaus.griffon.runtime.core.storage.DefaultObjectStorageSpec" time="0.0"/>
  <testcase name="Query empty storage with key 'default'" classname="org.codehaus.griffon.runtime.core.storage.DefaultObjectStorageSpec" time="0.0"/>
  <testcase name="Query empty storage with key 'key'" classname="org.codehaus.griffon.runtime.core.storage.DefaultObjectStorageSpec" time="0.001"/>
  <testcase name="Update empty storage with key 'null'" classname="org.codehaus.griffon.runtime.core.storage.DefaultObjectStorageSpec" time="0.001"/>
  <testcase name="Update empty storage with key ''" classname="org.codehaus.griffon.runtime.core.storage.DefaultObjectStorageSpec" time="0.0"/>
  <testcase name="Update empty storage with key ' '" classname="org.codehaus.griffon.runtime.core.storage.DefaultObjectStorageSpec" time="0.0"/>
  <testcase name="Update empty storage with key 'default'" classname="org.codehaus.griffon.runtime.core.storage.DefaultObjectStorageSpec" time="0.0"/>
  <testcase name="Query non empty storage with key 'key'" classname="org.codehaus.griffon.runtime.core.storage.DefaultObjectStorageSpec" time="0.001"/>
  <system-out><![CDATA[]]></system-out>
  <system-err><![CDATA[]]></system-err>
</testsuite>
