<?xml version="1.0" encoding="UTF-8"?>
<testsuite name="griffon.exceptions.InstanceNotFoundExceptionSpec" tests="4" skipped="0" failures="0" errors="0" timestamp="2016-06-01T19:43:36" hostname="testing-gce-9dac5269-5c14-4672-86ae-ab39fc154bfd.c.travis-ci-prod-4.internal" time="0.003">
  <properties/>
  <testcase name="Exception should have proper formatted message[0]" classname="griffon.exceptions.InstanceNotFoundExceptionSpec" time="0.002"/>
  <testcase name="Exception should have proper formatted message[1]" classname="griffon.exceptions.InstanceNotFoundExceptionSpec" time="0.0"/>
  <testcase name="Exception should have proper formatted message[2]" classname="griffon.exceptions.InstanceNotFoundExceptionSpec" time="0.0"/>
  <testcase name="Exception should have proper formatted message[3]" classname="griffon.exceptions.InstanceNotFoundExceptionSpec" time="0.0"/>
  <system-out><![CDATA[]]></system-out>
  <system-err><![CDATA[]]></system-err>
</testsuite>
