<?xml version="1.0" encoding="UTF-8"?>
<testsuite name="griffon.exceptions.ArtifactHandlerNotFoundExceptionSpec" tests="2" skipped="0" failures="0" errors="0" timestamp="2015-09-14T11:19:12" hostname="testing-worker-linux-da6418d7-2-525-linux-14-80218693" time="0.002">
  <properties/>
  <testcase name="Exception should have proper formatted message[0]" classname="griffon.exceptions.ArtifactHandlerNotFoundExceptionSpec" time="0.002"/>
  <testcase name="Exception should have proper formatted message[1]" classname="griffon.exceptions.ArtifactHandlerNotFoundExceptionSpec" time="0.0"/>
  <system-out><![CDATA[]]></system-out>
  <system-err><![CDATA[]]></system-err>
</testsuite>
