<?xml version="1.0" encoding="UTF-8"?>
<testsuite name="griffon.exceptions.TypeConversionExceptionSpec" tests="2" skipped="0" failures="0" errors="0" timestamp="2015-09-14T07:50:37" hostname="testing-worker-linux-a01deac5-1-519-linux-13-80191794" time="0.002">
  <properties/>
  <testcase name="Exception should have proper formatted message[0]" classname="griffon.exceptions.TypeConversionExceptionSpec" time="0.002"/>
  <testcase name="Exception should have proper formatted message[1]" classname="griffon.exceptions.TypeConversionExceptionSpec" time="0.0"/>
  <system-out><![CDATA[]]></system-out>
  <system-err><![CDATA[]]></system-err>
</testsuite>
