<?xml version="1.0" encoding="UTF-8"?>
<testsuite name="org.codehaus.griffon.runtime.core.storage.DefaultObjectStorageSpec" tests="10" skipped="0" failures="0" errors="0" timestamp="2016-01-23T18:37:35" hostname="testing-gce-37c1816f-5fd0-4856-9889-221a9ca4dea0.c.eco-emissary-99515.internal" time="0.006">
  <properties/>
  <testcase name="Query empty storage with key 'null'" classname="org.codehaus.griffon.runtime.core.storage.DefaultObjectStorageSpec" time="0.001"/>
  <testcase name="Query empty storage with key ''" classname="org.codehaus.griffon.runtime.core.storage.DefaultObjectStorageSpec" time="0.0"/>
  <testcase name="Query empty storage with key ' '" classname="org.codehaus.griffon.runtime.core.storage.DefaultObjectStorageSpec" time="0.0"/>
  <testcase name="Query empty storage with key 'default'" classname="org.codehaus.griffon.runtime.core.storage.DefaultObjectStorageSpec" time="0.001"/>
  <testcase name="Query empty storage with key 'key'" classname="org.codehaus.griffon.runtime.core.storage.DefaultObjectStorageSpec" time="0.0"/>
  <testcase name="Update empty storage with key 'null'" classname="org.codehaus.griffon.runtime.core.storage.DefaultObjectStorageSpec" time="0.001"/>
  <testcase name="Update empty storage with key ''" classname="org.codehaus.griffon.runtime.core.storage.DefaultObjectStorageSpec" time="0.0"/>
  <testcase name="Update empty storage with key ' '" classname="org.codehaus.griffon.runtime.core.storage.DefaultObjectStorageSpec" time="0.001"/>
  <testcase name="Update empty storage with key 'default'" classname="org.codehaus.griffon.runtime.core.storage.DefaultObjectStorageSpec" time="0.0"/>
  <testcase name="Query non empty storage with key 'key'" classname="org.codehaus.griffon.runtime.core.storage.DefaultObjectStorageSpec" time="0.002"/>
  <system-out><![CDATA[]]></system-out>
  <system-err><![CDATA[]]></system-err>
</testsuite>
