<?xml version="1.0" encoding="UTF-8"?>
<testsuite name="griffon.core.editors.LongPropertyEditorSpec" tests="13" skipped="0" failures="0" errors="0" timestamp="2016-06-20T06:53:00" hostname="testing-gce-ce54ca9a-5864-49bf-b4d1-0598d6a78117.c.travis-ci-prod-2.internal" time="0.01">
  <properties/>
  <testcase name="Long literal 'null' with format 'null' should be equal to null" classname="griffon.core.editors.LongPropertyEditorSpec" time="0.002"/>
  <testcase name="Long literal '' with format 'null' should be equal to null" classname="griffon.core.editors.LongPropertyEditorSpec" time="0.001"/>
  <testcase name="Long literal '1' with format 'null' should be equal to 1" classname="griffon.core.editors.LongPropertyEditorSpec" time="0.0"/>
  <testcase name="Long literal '100%' with format 'percent' should be equal to 1" classname="griffon.core.editors.LongPropertyEditorSpec" time="0.001"/>
  <testcase name="Long literal '$1.00' with format 'currency' should be equal to 1" classname="griffon.core.editors.LongPropertyEditorSpec" time="0.0"/>
  <testcase name="Long literal '1' with format 'null' should be equal to 1" classname="griffon.core.editors.LongPropertyEditorSpec" time="0.0"/>
  <testcase name="Invalid long literal 'garbage'" classname="griffon.core.editors.LongPropertyEditorSpec" time="0.0"/>
  <testcase name="Invalid long literal '1, 2, 3'" classname="griffon.core.editors.LongPropertyEditorSpec" time="0.0"/>
  <testcase name="Invalid long literal '[]'" classname="griffon.core.editors.LongPropertyEditorSpec" time="0.0"/>
  <testcase name="Invalid long literal '[1, 2, 3]'" classname="griffon.core.editors.LongPropertyEditorSpec" time="0.001"/>
  <testcase name="Invalid long literal '[:]'" classname="griffon.core.editors.LongPropertyEditorSpec" time="0.001"/>
  <testcase name="Invalid long literal '[key:value]'" classname="griffon.core.editors.LongPropertyEditorSpec" time="0.0"/>
  <testcase name="Invalid long literal 'java.lang.Object@b392a99'" classname="griffon.core.editors.LongPropertyEditorSpec" time="0.0"/>
  <system-out><![CDATA[]]></system-out>
  <system-err><![CDATA[]]></system-err>
</testsuite>
