<?xml version="1.0" encoding="UTF-8"?>
<testsuite name="griffon.core.formatters.LongFormatterSpec" tests="11" skipped="0" failures="0" errors="0" timestamp="2016-02-29T09:58:15" hostname="testing-gce-aabc1c4a-147b-4134-958a-1e1fc10157af.c.eco-emissary-99515.internal" time="0.015">
  <properties/>
  <testcase name="Long '100' produces literal '100'" classname="griffon.core.formatters.LongFormatterSpec" time="0.01"/>
  <testcase name="Long 'null' with pattern 'currency' produces literal 'null'" classname="griffon.core.formatters.LongFormatterSpec" time="0.0"/>
  <testcase name="Long 'null' with pattern 'percent' produces literal 'null'" classname="griffon.core.formatters.LongFormatterSpec" time="0.0"/>
  <testcase name="Long '100' with pattern 'currency' produces literal '$100.00'" classname="griffon.core.formatters.LongFormatterSpec" time="0.001"/>
  <testcase name="Long '1' with pattern 'percent' produces literal '100%'" classname="griffon.core.formatters.LongFormatterSpec" time="0.0"/>
  <testcase name="Long '100' with pattern 'null' produces literal '100'" classname="griffon.core.formatters.LongFormatterSpec" time="0.0"/>
  <testcase name="Long '100' with pattern '' produces literal '100'" classname="griffon.core.formatters.LongFormatterSpec" time="0.0"/>
  <testcase name="Long '20' with pattern '##.0' produces literal '20.0'" classname="griffon.core.formatters.LongFormatterSpec" time="0.0"/>
  <testcase name="Parse error for pattern 'currency' with literal 'abc'" classname="griffon.core.formatters.LongFormatterSpec" time="0.0"/>
  <testcase name="Parse error for pattern 'percent' with literal 'abc'" classname="griffon.core.formatters.LongFormatterSpec" time="0.001"/>
  <testcase name="Illegal pattern ';garbage*@%&amp;'" classname="griffon.core.formatters.LongFormatterSpec" time="0.0"/>
  <system-out><![CDATA[]]></system-out>
  <system-err><![CDATA[]]></system-err>
</testsuite>
