<?xml version="1.0" encoding="UTF-8"?>
<testsuite name="griffon.core.resources.NoSuchResourceExceptionSpec" tests="2" skipped="0" failures="0" errors="0" timestamp="2015-08-30T19:41:06" hostname="testing-worker-linux-f25aadab-1-2244-linux-4-77948585" time="0.005">
  <properties/>
  <testcase name="Exercise constructor with errors" classname="griffon.core.resources.NoSuchResourceExceptionSpec" time="0.004"/>
  <testcase name="Successfully create exception" classname="griffon.core.resources.NoSuchResourceExceptionSpec" time="0.001"/>
  <system-out><![CDATA[]]></system-out>
  <system-err><![CDATA[]]></system-err>
</testsuite>
