<?xml version="1.0" encoding="UTF-8"?>
<testsuite name="griffon.core.env.RunModeTests" tests="3" skipped="0" failures="0" errors="0" timestamp="2014-06-29T12:18:06" hostname="testing-worker-linux-10-1-463-linux-17-28706940" time="0.332">
  <properties/>
  <testcase name="testGetCurrent" classname="griffon.core.env.RunModeTests" time="0.323"/>
  <testcase name="testIsSystemSet" classname="griffon.core.env.RunModeTests" time="0.004"/>
  <testcase name="testGetRunMode" classname="griffon.core.env.RunModeTests" time="0.003"/>
  <system-out><![CDATA[]]></system-out>
  <system-err><![CDATA[]]></system-err>
</testsuite>
