<?xml version="1.0" encoding="UTF-8"?>
<testsuite name="griffon.exceptions.TypeConversionExceptionSpec" tests="2" skipped="0" failures="0" errors="0" timestamp="2015-11-30T21:46:37" hostname="testing-worker-linux-f25aadab-2-524-linux-12-94036009" time="0.003">
  <properties/>
  <testcase name="Exception should have proper formatted message[0]" classname="griffon.exceptions.TypeConversionExceptionSpec" time="0.003"/>
  <testcase name="Exception should have proper formatted message[1]" classname="griffon.exceptions.TypeConversionExceptionSpec" time="0.0"/>
  <system-out><![CDATA[]]></system-out>
  <system-err><![CDATA[]]></system-err>
</testsuite>
