<?xml version="1.0" encoding="UTF-8"?>
<testsuite name="griffon.core.formatters.FloatFormatterSpec" tests="11" skipped="0" failures="0" errors="0" timestamp="2016-02-01T20:36:14" hostname="testing-gce-7049d589-216e-44ee-a5c5-42ec7966b92c.c.eco-emissary-99515.internal" time="0.011">
  <properties/>
  <testcase name="Float '100.0' produces literal '100.0'" classname="griffon.core.formatters.FloatFormatterSpec" time="0.005"/>
  <testcase name="Float 'null' with pattern 'currency' produces literal 'null'" classname="griffon.core.formatters.FloatFormatterSpec" time="0.001"/>
  <testcase name="Float 'null' with pattern 'percent' produces literal 'null'" classname="griffon.core.formatters.FloatFormatterSpec" time="0.001"/>
  <testcase name="Float '100.0' with pattern 'currency' produces literal '$100.00'" classname="griffon.core.formatters.FloatFormatterSpec" time="0.0"/>
  <testcase name="Float '1.0' with pattern 'percent' produces literal '100%'" classname="griffon.core.formatters.FloatFormatterSpec" time="0.0"/>
  <testcase name="Float '100.0' with pattern 'null' produces literal '100.0'" classname="griffon.core.formatters.FloatFormatterSpec" time="0.0"/>
  <testcase name="Float '100.0' with pattern '' produces literal '100.0'" classname="griffon.core.formatters.FloatFormatterSpec" time="0.0"/>
  <testcase name="Float '20.0' with pattern '##.0' produces literal '20.0'" classname="griffon.core.formatters.FloatFormatterSpec" time="0.0"/>
  <testcase name="Parse error for pattern 'currency' with literal 'abc'" classname="griffon.core.formatters.FloatFormatterSpec" time="0.0"/>
  <testcase name="Parse error for pattern 'percent' with literal 'abc'" classname="griffon.core.formatters.FloatFormatterSpec" time="0.0"/>
  <testcase name="Illegal pattern ';garbage*@%&amp;'" classname="griffon.core.formatters.FloatFormatterSpec" time="0.001"/>
  <system-out><![CDATA[]]></system-out>
  <system-err><![CDATA[]]></system-err>
</testsuite>
