<?xml version="1.0" encoding="UTF-8"?>
<testsuite name="org.codehaus.griffon.runtime.core.controller.DefaultToolkitActionSpec" tests="1" skipped="0" failures="0" errors="0" timestamp="2016-06-10T21:05:48" hostname="testing-gce-7899adce-448f-4244-8dbc-d188c9f810c5.c.travis-ci-prod-5.internal" time="0.013">
  <properties/>
  <testcase name="Create and execute an action" classname="org.codehaus.griffon.runtime.core.controller.DefaultToolkitActionSpec" time="0.013"/>
  <system-out><![CDATA[]]></system-out>
  <system-err><![CDATA[]]></system-err>
</testsuite>
