<?xml version="1.0" encoding="UTF-8"?>
<testsuite name="org.codehaus.griffon.runtime.core.AbstractObservableTest" tests="1" skipped="0" failures="0" errors="0" timestamp="2015-07-29T19:52:52" hostname="testing-worker-linux-a01deac5-2-15736-linux-11-73255943" time="0.043">
  <properties/>
  <testcase name="observableSetup" classname="org.codehaus.griffon.runtime.core.AbstractObservableTest" time="0.043"/>
  <system-out><![CDATA[]]></system-out>
  <system-err><![CDATA[]]></system-err>
</testsuite>
