<?xml version="1.0" encoding="UTF-8"?>
<testsuite name="griffon.core.ObservableContextSpec" tests="3" skipped="0" failures="0" errors="0" timestamp="2016-03-14T10:24:46" hostname="testing-gce-2556a3ae-ac69-4c8b-96e7-5c7d4cf2bf92.c.travis-ci-prod-2.internal" time="0.018">
  <properties/>
  <testcase name="Exercise listener methods" classname="griffon.core.ObservableContextSpec" time="0.009"/>
  <testcase name="Listen to context events" classname="griffon.core.ObservableContextSpec" time="0.007"/>
  <testcase name="listen to lateral context events" classname="griffon.core.ObservableContextSpec" time="0.001"/>
  <system-out><![CDATA[]]></system-out>
  <system-err><![CDATA[[Test worker] TRACE griffon.core.editors.PropertyEditorResolver - Searching PropertyEditor for java.lang.Integer
[Test worker] TRACE griffon.core.editors.PropertyEditorResolver - PropertyEditor for java.lang.Integer is griffon.core.editors.IntegerPropertyEditor
]]></system-err>
</testsuite>
