<?xml version="1.0" encoding="UTF-8"?>
<testsuite name="org.codehaus.griffon.runtime.core.artifact.GriffonArtifactSpec" tests="25" skipped="0" failures="0" errors="0" timestamp="2014-12-19T03:43:59" hostname="testing-worker-linux-8-1-9724-linux-13-44539270" time="1.117">
  <properties/>
  <testcase name="Bootstrap application" classname="org.codehaus.griffon.runtime.core.artifact.GriffonArtifactSpec" time="0.742"/>
  <testcase name="Verify withMvcGroup(type , handler)" classname="org.codehaus.griffon.runtime.core.artifact.GriffonArtifactSpec" time="0.061"/>
  <testcase name="Verify withMvcGroup(type, id , handler)" classname="org.codehaus.griffon.runtime.core.artifact.GriffonArtifactSpec" time="0.023"/>
  <testcase name="Verify withMvcGroup(type, id, map , handler)" classname="org.codehaus.griffon.runtime.core.artifact.GriffonArtifactSpec" time="0.024"/>
  <testcase name="Verify withMvcGroup(type, map , handler)" classname="org.codehaus.griffon.runtime.core.artifact.GriffonArtifactSpec" time="0.022"/>
  <testcase name="Verify withMvcGroup(map, type, id , handler)" classname="org.codehaus.griffon.runtime.core.artifact.GriffonArtifactSpec" time="0.022"/>
  <testcase name="Verify withMvcGroup(map, type , handler)" classname="org.codehaus.griffon.runtime.core.artifact.GriffonArtifactSpec" time="0.026"/>
  <testcase name="Verify createMVCGroup(type)" classname="org.codehaus.griffon.runtime.core.artifact.GriffonArtifactSpec" time="0.015"/>
  <testcase name="Verify createMVCGroup(type, id)" classname="org.codehaus.griffon.runtime.core.artifact.GriffonArtifactSpec" time="0.013"/>
  <testcase name="Verify createMVCGroup(type, map)" classname="org.codehaus.griffon.runtime.core.artifact.GriffonArtifactSpec" time="0.013"/>
  <testcase name="Verify createMVCGroup(map, type)" classname="org.codehaus.griffon.runtime.core.artifact.GriffonArtifactSpec" time="0.013"/>
  <testcase name="Verify createMVCGroup(type, id, map)" classname="org.codehaus.griffon.runtime.core.artifact.GriffonArtifactSpec" time="0.013"/>
  <testcase name="Verify createMVCGroup(map, type, id)" classname="org.codehaus.griffon.runtime.core.artifact.GriffonArtifactSpec" time="0.013"/>
  <testcase name="Verify createMVC(type)" classname="org.codehaus.griffon.runtime.core.artifact.GriffonArtifactSpec" time="0.021"/>
  <testcase name="Verify createMVC(type, id)" classname="org.codehaus.griffon.runtime.core.artifact.GriffonArtifactSpec" time="0.014"/>
  <testcase name="Verify createMVC(type, map)" classname="org.codehaus.griffon.runtime.core.artifact.GriffonArtifactSpec" time="0.014"/>
  <testcase name="Verify createMVC(map, type)" classname="org.codehaus.griffon.runtime.core.artifact.GriffonArtifactSpec" time="0.013"/>
  <testcase name="Verify createMVC(type, id, map)" classname="org.codehaus.griffon.runtime.core.artifact.GriffonArtifactSpec" time="0.011"/>
  <testcase name="Verify createMVC(map, type, id)" classname="org.codehaus.griffon.runtime.core.artifact.GriffonArtifactSpec" time="0.011"/>
  <testcase name="Verify destroyMVCGroup(id)" classname="org.codehaus.griffon.runtime.core.artifact.GriffonArtifactSpec" time="0.01"/>
  <testcase name="Execute runnable inside UI sync" classname="org.codehaus.griffon.runtime.core.artifact.GriffonArtifactSpec" time="0.003"/>
  <testcase name="Execute runnable inside UI async" classname="org.codehaus.griffon.runtime.core.artifact.GriffonArtifactSpec" time="0.003"/>
  <testcase name="Execute runnable outside UI" classname="org.codehaus.griffon.runtime.core.artifact.GriffonArtifactSpec" time="0.003"/>
  <testcase name="Execute future" classname="org.codehaus.griffon.runtime.core.artifact.GriffonArtifactSpec" time="0.004"/>
  <testcase name="Execute future with ExecutorService" classname="org.codehaus.griffon.runtime.core.artifact.GriffonArtifactSpec" time="0.004"/>
  <system-out><![CDATA[{application=integration.TestGriffonApplication@30e6f2d, mvcType=sample, mvcId=sample, configuration=MVCGroupConfiguration{mvcType='sample', members={model=integration.SimpleModel, view=integration.SimpleView, controller=integration.SimpleController}, config={}}, model=integration.SimpleModel@6aa307b9, view=integration.SimpleView@660fa6dc, controller=integration.SimpleController@4fa45b89, mvcGroup=org.codehaus.griffon.runtime.core.mvc.DefaultMVCGroup@7d95e041[sample:sample]}
{application=integration.TestGriffonApplication@30e6f2d, mvcType=simple, mvcId=simple, configuration=MVCGroupConfiguration{mvcType='simple', members={model=integration.SimpleModel, view=integration.SimpleView, controller=integration.SimpleController}, config={}}, parentGroup=org.codehaus.griffon.runtime.core.mvc.DefaultMVCGroup@43faccfc[integration:integration], parentView=integration.IntegrationView@3850b9e7, parentController=integration.IntegrationController@6ae15b39, parentModel=integration.IntegrationModel@2a1a796, model=integration.SimpleModel@379bf367, view=integration.SimpleView@5ba0ad6, controller=integration.SimpleController@2f8ed7f8, mvcGroup=org.codehaus.griffon.runtime.core.mvc.DefaultMVCGroup@e2e5cb3[simple:simple]}
{application=integration.TestGriffonApplication@30e6f2d, mvcType=simple, mvcId=simple-1, configuration=MVCGroupConfiguration{mvcType='simple', members={model=integration.SimpleModel, view=integration.SimpleView, controller=integration.SimpleController}, config={}}, parentGroup=org.codehaus.griffon.runtime.core.mvc.DefaultMVCGroup@43faccfc[integration:integration], parentView=integration.IntegrationView@3850b9e7, parentController=integration.IntegrationController@6ae15b39, parentModel=integration.IntegrationModel@2a1a796, model=integration.SimpleModel@670bbc99, view=integration.SimpleView@2f42cf1, controller=integration.SimpleController@6267dfd7, mvcGroup=org.codehaus.griffon.runtime.core.mvc.DefaultMVCGroup@3faff555[simple:simple-1]}
{application=integration.TestGriffonApplication@30e6f2d, mvcType=simple, mvcId=simple-2, configuration=MVCGroupConfiguration{mvcType='simple', members={model=integration.SimpleModel, view=integration.SimpleView, controller=integration.SimpleController}, config={}}, parentGroup=org.codehaus.griffon.runtime.core.mvc.DefaultMVCGroup@43faccfc[integration:integration], key=griffon, parentView=integration.IntegrationView@3850b9e7, parentController=integration.IntegrationController@6ae15b39, parentModel=integration.IntegrationModel@2a1a796, model=integration.SimpleModel@74787314, view=integration.SimpleView@2772f9c2, controller=integration.SimpleController@1a681c47, mvcGroup=org.codehaus.griffon.runtime.core.mvc.DefaultMVCGroup@7c3eec6[simple:simple-2]}
{application=integration.TestGriffonApplication@30e6f2d, mvcType=simple, mvcId=simple, configuration=MVCGroupConfiguration{mvcType='simple', members={model=integration.SimpleModel, view=integration.SimpleView, controller=integration.SimpleController}, config={}}, parentGroup=org.codehaus.griffon.runtime.core.mvc.DefaultMVCGroup@43faccfc[integration:integration], key=griffon, parentView=integration.IntegrationView@3850b9e7, parentController=integration.IntegrationController@6ae15b39, parentModel=integration.IntegrationModel@2a1a796, model=integration.SimpleModel@17f50033, view=integration.SimpleView@481efab4, controller=integration.SimpleController@29021b6c, mvcGroup=org.codehaus.griffon.runtime.core.mvc.DefaultMVCGroup@2143399b[simple:simple]}
{application=integration.TestGriffonApplication@30e6f2d, mvcType=simple, mvcId=simple-2, configuration=MVCGroupConfiguration{mvcType='simple', members={model=integration.SimpleModel, view=integration.SimpleView, controller=integration.SimpleController}, config={}}, parentGroup=org.codehaus.griffon.runtime.core.mvc.DefaultMVCGroup@43faccfc[integration:integration], key=griffon, parentView=integration.IntegrationView@3850b9e7, parentController=integration.IntegrationController@6ae15b39, parentModel=integration.IntegrationModel@2a1a796, model=integration.SimpleModel@7c235efb, view=integration.SimpleView@19691d59, controller=integration.SimpleController@4feb019, mvcGroup=org.codehaus.griffon.runtime.core.mvc.DefaultMVCGroup@5c27c2fe[simple:simple-2]}
{application=integration.TestGriffonApplication@30e6f2d, mvcType=simple, mvcId=simple, configuration=MVCGroupConfiguration{mvcType='simple', members={model=integration.SimpleModel, view=integration.SimpleView, controller=integration.SimpleController}, config={}}, parentGroup=org.codehaus.griffon.runtime.core.mvc.DefaultMVCGroup@43faccfc[integration:integration], key=griffon, parentView=integration.IntegrationView@3850b9e7, parentController=integration.IntegrationController@6ae15b39, parentModel=integration.IntegrationModel@2a1a796, model=integration.SimpleModel@75dd7729, view=integration.SimpleView@7e771e58, controller=integration.SimpleController@56cbab0b, mvcGroup=org.codehaus.griffon.runtime.core.mvc.DefaultMVCGroup@43ab6a26[simple:simple]}
{application=integration.TestGriffonApplication@30e6f2d, mvcType=simple, mvcId=simple, configuration=MVCGroupConfiguration{mvcType='simple', members={model=integration.SimpleModel, view=integration.SimpleView, controller=integration.SimpleController}, config={}}, parentGroup=org.codehaus.griffon.runtime.core.mvc.DefaultMVCGroup@43faccfc[integration:integration], parentView=integration.IntegrationView@3850b9e7, parentController=integration.IntegrationController@6ae15b39, parentModel=integration.IntegrationModel@2a1a796, model=integration.SimpleModel@146b9574, view=integration.SimpleView@598af3af, controller=integration.SimpleController@38d25a42, mvcGroup=org.codehaus.griffon.runtime.core.mvc.DefaultMVCGroup@5ac633cb[simple:simple]}
{application=integration.TestGriffonApplication@30e6f2d, mvcType=simple, mvcId=simple-1, configuration=MVCGroupConfiguration{mvcType='simple', members={model=integration.SimpleModel, view=integration.SimpleView, controller=integration.SimpleController}, config={}}, parentGroup=org.codehaus.griffon.runtime.core.mvc.DefaultMVCGroup@43faccfc[integration:integration], parentView=integration.IntegrationView@3850b9e7, parentController=integration.IntegrationController@6ae15b39, parentModel=integration.IntegrationModel@2a1a796, model=integration.SimpleModel@1c5743af, view=integration.SimpleView@36fd1a2d, controller=integration.SimpleController@5d4e2f52, mvcGroup=org.codehaus.griffon.runtime.core.mvc.DefaultMVCGroup@390a5964[simple:simple-1]}
{application=integration.TestGriffonApplication@30e6f2d, mvcType=simple, mvcId=simple, configuration=MVCGroupConfiguration{mvcType='simple', members={model=integration.SimpleModel, view=integration.SimpleView, controller=integration.SimpleController}, config={}}, parentGroup=org.codehaus.griffon.runtime.core.mvc.DefaultMVCGroup@43faccfc[integration:integration], key=griffon, parentView=integration.IntegrationView@3850b9e7, parentController=integration.IntegrationController@6ae15b39, parentModel=integration.IntegrationModel@2a1a796, model=integration.SimpleModel@1f663fd1, view=integration.SimpleView@41947262, controller=integration.SimpleController@6d0cf1bd, mvcGroup=org.codehaus.griffon.runtime.core.mvc.DefaultMVCGroup@6265401[simple:simple]}
{application=integration.TestGriffonApplication@30e6f2d, mvcType=simple, mvcId=simple, configuration=MVCGroupConfiguration{mvcType='simple', members={model=integration.SimpleModel, view=integration.SimpleView, controller=integration.SimpleController}, config={}}, parentGroup=org.codehaus.griffon.runtime.core.mvc.DefaultMVCGroup@43faccfc[integration:integration], key=griffon, parentView=integration.IntegrationView@3850b9e7, parentController=integration.IntegrationController@6ae15b39, parentModel=integration.IntegrationModel@2a1a796, model=integration.SimpleModel@4af50ba1, view=integration.SimpleView@40fe9a5b, controller=integration.SimpleController@744c5819, mvcGroup=org.codehaus.griffon.runtime.core.mvc.DefaultMVCGroup@5faae850[simple:simple]}
{application=integration.TestGriffonApplication@30e6f2d, mvcType=simple, mvcId=simple-2, configuration=MVCGroupConfiguration{mvcType='simple', members={model=integration.SimpleModel, view=integration.SimpleView, controller=integration.SimpleController}, config={}}, parentGroup=org.codehaus.griffon.runtime.core.mvc.DefaultMVCGroup@43faccfc[integration:integration], key=griffon, parentView=integration.IntegrationView@3850b9e7, parentController=integration.IntegrationController@6ae15b39, parentModel=integration.IntegrationModel@2a1a796, model=integration.SimpleModel@3de05807, view=integration.SimpleView@9f831a2, controller=integration.SimpleController@1fe22c14, mvcGroup=org.codehaus.griffon.runtime.core.mvc.DefaultMVCGroup@1782bfd0[simple:simple-2]}
{application=integration.TestGriffonApplication@30e6f2d, mvcType=simple, mvcId=simple-2, configuration=MVCGroupConfiguration{mvcType='simple', members={model=integration.SimpleModel, view=integration.SimpleView, controller=integration.SimpleController}, config={}}, parentGroup=org.codehaus.griffon.runtime.core.mvc.DefaultMVCGroup@43faccfc[integration:integration], key=griffon, parentView=integration.IntegrationView@3850b9e7, parentController=integration.IntegrationController@6ae15b39, parentModel=integration.IntegrationModel@2a1a796, model=integration.SimpleModel@289dfd47, view=integration.SimpleView@6020acd7, controller=integration.SimpleController@6e2cbe4b, mvcGroup=org.codehaus.griffon.runtime.core.mvc.DefaultMVCGroup@6c52f061[simple:simple-2]}
{application=integration.TestGriffonApplication@30e6f2d, mvcType=simple, mvcId=simple, configuration=MVCGroupConfiguration{mvcType='simple', members={model=integration.SimpleModel, view=integration.SimpleView, controller=integration.SimpleController}, config={}}, parentGroup=org.codehaus.griffon.runtime.core.mvc.DefaultMVCGroup@43faccfc[integration:integration], parentView=integration.IntegrationView@3850b9e7, parentController=integration.IntegrationController@6ae15b39, parentModel=integration.IntegrationModel@2a1a796, model=integration.SimpleModel@2be24f69, view=integration.SimpleView@4e4108d6, controller=integration.SimpleController@459439b3, mvcGroup=org.codehaus.griffon.runtime.core.mvc.DefaultMVCGroup@3ebe1898[simple:simple]}
{application=integration.TestGriffonApplication@30e6f2d, mvcType=simple, mvcId=simple-1, configuration=MVCGroupConfiguration{mvcType='simple', members={model=integration.SimpleModel, view=integration.SimpleView, controller=integration.SimpleController}, config={}}, parentGroup=org.codehaus.griffon.runtime.core.mvc.DefaultMVCGroup@43faccfc[integration:integration], parentView=integration.IntegrationView@3850b9e7, parentController=integration.IntegrationController@6ae15b39, parentModel=integration.IntegrationModel@2a1a796, model=integration.SimpleModel@648945ec, view=integration.SimpleView@a579142, controller=integration.SimpleController@22304f9f, mvcGroup=org.codehaus.griffon.runtime.core.mvc.DefaultMVCGroup@510da222[simple:simple-1]}
{application=integration.TestGriffonApplication@30e6f2d, mvcType=simple, mvcId=simple, configuration=MVCGroupConfiguration{mvcType='simple', members={model=integration.SimpleModel, view=integration.SimpleView, controller=integration.SimpleController}, config={}}, parentGroup=org.codehaus.griffon.runtime.core.mvc.DefaultMVCGroup@43faccfc[integration:integration], key=griffon, parentView=integration.IntegrationView@3850b9e7, parentController=integration.IntegrationController@6ae15b39, parentModel=integration.IntegrationModel@2a1a796, model=integration.SimpleModel@496e68e9, view=integration.SimpleView@69829aec, controller=integration.SimpleController@55a2294c, mvcGroup=org.codehaus.griffon.runtime.core.mvc.DefaultMVCGroup@7b76e546[simple:simple]}
{application=integration.TestGriffonApplication@30e6f2d, mvcType=simple, mvcId=simple, configuration=MVCGroupConfiguration{mvcType='simple', members={model=integration.SimpleModel, view=integration.SimpleView, controller=integration.SimpleController}, config={}}, parentGroup=org.codehaus.griffon.runtime.core.mvc.DefaultMVCGroup@43faccfc[integration:integration], key=griffon, parentView=integration.IntegrationView@3850b9e7, parentController=integration.IntegrationController@6ae15b39, parentModel=integration.IntegrationModel@2a1a796, model=integration.SimpleModel@43273771, view=integration.SimpleView@305de45, controller=integration.SimpleController@4f9557b6, mvcGroup=org.codehaus.griffon.runtime.core.mvc.DefaultMVCGroup@4ccd5e70[simple:simple]}
{application=integration.TestGriffonApplication@30e6f2d, mvcType=simple, mvcId=simple-2, configuration=MVCGroupConfiguration{mvcType='simple', members={model=integration.SimpleModel, view=integration.SimpleView, controller=integration.SimpleController}, config={}}, parentGroup=org.codehaus.griffon.runtime.core.mvc.DefaultMVCGroup@43faccfc[integration:integration], key=griffon, parentView=integration.IntegrationView@3850b9e7, parentController=integration.IntegrationController@6ae15b39, parentModel=integration.IntegrationModel@2a1a796, model=integration.SimpleModel@7e3cbf7e, view=integration.SimpleView@58244017, controller=integration.SimpleController@35c31d78, mvcGroup=org.codehaus.griffon.runtime.core.mvc.DefaultMVCGroup@25b81bea[simple:simple-2]}
{application=integration.TestGriffonApplication@30e6f2d, mvcType=simple, mvcId=simple-2, configuration=MVCGroupConfiguration{mvcType='simple', members={model=integration.SimpleModel, view=integration.SimpleView, controller=integration.SimpleController}, config={}}, parentGroup=org.codehaus.griffon.runtime.core.mvc.DefaultMVCGroup@43faccfc[integration:integration], key=griffon, parentView=integration.IntegrationView@3850b9e7, parentController=integration.IntegrationController@6ae15b39, parentModel=integration.IntegrationModel@2a1a796, model=integration.SimpleModel@3e64976c, view=integration.SimpleView@44ba4c4f, controller=integration.SimpleController@69bfa17d, mvcGroup=org.codehaus.griffon.runtime.core.mvc.DefaultMVCGroup@c3d90eb[simple:simple-2]}
{application=integration.TestGriffonApplication@30e6f2d, mvcType=simple, mvcId=simple, configuration=MVCGroupConfiguration{mvcType='simple', members={model=integration.SimpleModel, view=integration.SimpleView, controller=integration.SimpleController}, config={}}, parentGroup=org.codehaus.griffon.runtime.core.mvc.DefaultMVCGroup@43faccfc[integration:integration], parentView=integration.IntegrationView@3850b9e7, parentController=integration.IntegrationController@6ae15b39, parentModel=integration.IntegrationModel@2a1a796, model=integration.SimpleModel@16f8b9f7, view=integration.SimpleView@365753, controller=integration.SimpleController@1496aa61, mvcGroup=org.codehaus.griffon.runtime.core.mvc.DefaultMVCGroup@74ccdad0[simple:simple]}
]]></system-out>
  <system-err><![CDATA[[Test worker] INFO org.codehaus.griffon.runtime.core.DefaultApplicationBootstrapper - Griffon 2.2.0-SNAPSHOT
[Test worker] INFO org.codehaus.griffon.runtime.core.DefaultApplicationBootstrapper - Build: 2014-12-19T03:40:58.813+0000
[Test worker] INFO org.codehaus.griffon.runtime.core.DefaultApplicationBootstrapper - JVM: 1.8.0_25 (Oracle Corporation 25.25-b02)
[Test worker] INFO org.codehaus.griffon.runtime.core.DefaultApplicationBootstrapper - OS: Linux 2.6.32-042stab090.5 amd64
[Test worker] INFO integration.TestGriffonApplication - Initializing all startup groups: [integration]
[Test worker] INFO integration.TestGriffonApplication - Initializing all integration startup groups: [sample]
[Test worker] INFO integration.TestGriffonApplication - Shutdown is in process
]]></system-err>
</testsuite>
