<?xml version="1.0" encoding="UTF-8"?>
<testsuite name="griffon.core.env.RunModeTests" tests="3" skipped="0" failures="0" errors="0" timestamp="2014-06-27T14:17:18" hostname="testing-worker-linux-2-1-477-linux-15-28593831" time="0.019">
  <properties/>
  <testcase name="testGetCurrent" classname="griffon.core.env.RunModeTests" time="0.012"/>
  <testcase name="testIsSystemSet" classname="griffon.core.env.RunModeTests" time="0.003"/>
  <testcase name="testGetRunMode" classname="griffon.core.env.RunModeTests" time="0.003"/>
  <system-out><![CDATA[]]></system-out>
  <system-err><![CDATA[]]></system-err>
</testsuite>
