<?xml version="1.0" encoding="UTF-8"?>
<testsuite name="integration.MVCGroupSpec" tests="4" skipped="0" failures="0" errors="0" timestamp="2014-12-08T22:51:10" hostname="testing-worker-linux-12-1-10023-linux-7-43402279" time="0.247">
  <properties/>
  <testcase name="Bootstrap application" classname="integration.MVCGroupSpec" time="0.154"/>
  <testcase name="Creating an MVCGroup through the MVCGroupManager does not set implicit parent group" classname="integration.MVCGroupSpec" time="0.033"/>
  <testcase name="Creating an MVCGroup through a group does set implicit parent group" classname="integration.MVCGroupSpec" time="0.028"/>
  <testcase name="Creating an MVCGroup through an artifact does set implicit parent group" classname="integration.MVCGroupSpec" time="0.031"/>
  <system-out><![CDATA[{application=integration.TestGriffonApplication@5dc15241, mvcType=sample, mvcId=sample, configuration=MVCGroupConfiguration{mvcType='sample', members={model=integration.SimpleModel, view=integration.SimpleView, controller=integration.SimpleController}, config={}}, model=integration.SimpleModel@5930056d, view=integration.SimpleView@1f969ab3, controller=integration.SimpleController@10f693d4, mvcGroup=org.codehaus.griffon.runtime.core.mvc.DefaultMVCGroup@69c050a[sample:sample]}
{application=integration.TestGriffonApplication@5dc15241, mvcType=simple, mvcId=simple, configuration=MVCGroupConfiguration{mvcType='simple', members={model=integration.SimpleModel, view=integration.SimpleView, controller=integration.SimpleController}, config={}}, model=integration.SimpleModel@44ed91d, view=integration.SimpleView@74eba389, controller=integration.SimpleController@3993e49f, mvcGroup=org.codehaus.griffon.runtime.core.mvc.DefaultMVCGroup@6303f7cd[simple:simple]}
{application=integration.TestGriffonApplication@5dc15241, mvcType=simple, mvcId=parent1, configuration=MVCGroupConfiguration{mvcType='simple', members={model=integration.SimpleModel, view=integration.SimpleView, controller=integration.SimpleController}, config={}}, model=integration.SimpleModel@49411444, view=integration.SimpleView@3b8c880b, controller=integration.SimpleController@629ff387, mvcGroup=org.codehaus.griffon.runtime.core.mvc.DefaultMVCGroup@4e3457a5[simple:parent1]}
{application=integration.TestGriffonApplication@5dc15241, mvcType=simple, mvcId=simple, configuration=MVCGroupConfiguration{mvcType='simple', members={model=integration.SimpleModel, view=integration.SimpleView, controller=integration.SimpleController}, config={}}, parentGroup=org.codehaus.griffon.runtime.core.mvc.DefaultMVCGroup@4e3457a5[simple:parent1], parentModel=integration.SimpleModel@49411444, parentView=integration.SimpleView@3b8c880b, parentController=integration.SimpleController@629ff387, model=integration.SimpleModel@1a9bf222, view=integration.SimpleView@66c3818f, controller=integration.SimpleController@71fc53c7, mvcGroup=org.codehaus.griffon.runtime.core.mvc.DefaultMVCGroup@251e3aa6[simple:simple]}
{application=integration.TestGriffonApplication@5dc15241, mvcType=simple, mvcId=parent2, configuration=MVCGroupConfiguration{mvcType='simple', members={model=integration.SimpleModel, view=integration.SimpleView, controller=integration.SimpleController}, config={}}, model=integration.SimpleModel@3383b44d, view=integration.SimpleView@ebf1720, controller=integration.SimpleController@283e1f90, mvcGroup=org.codehaus.griffon.runtime.core.mvc.DefaultMVCGroup@248e285e[simple:parent2]}
{application=integration.TestGriffonApplication@5dc15241, mvcType=simple, mvcId=simple, configuration=MVCGroupConfiguration{mvcType='simple', members={model=integration.SimpleModel, view=integration.SimpleView, controller=integration.SimpleController}, config={}}, parentGroup=org.codehaus.griffon.runtime.core.mvc.DefaultMVCGroup@248e285e[simple:parent2], parentModel=integration.SimpleModel@3383b44d, parentView=integration.SimpleView@ebf1720, parentController=integration.SimpleController@283e1f90, model=integration.SimpleModel@757db7e2, view=integration.SimpleView@777d8fd, controller=integration.SimpleController@7ff97d78, mvcGroup=org.codehaus.griffon.runtime.core.mvc.DefaultMVCGroup@1a7386bf[simple:simple]}
]]></system-out>
  <system-err><![CDATA[[Test worker] INFO org.codehaus.griffon.runtime.core.DefaultApplicationBootstrapper - Griffon 2.2.0-SNAPSHOT
[Test worker] INFO org.codehaus.griffon.runtime.core.DefaultApplicationBootstrapper - Build: 2014-12-08T22:47:32.531+0000
[Test worker] INFO org.codehaus.griffon.runtime.core.DefaultApplicationBootstrapper - JVM: 1.8.0_25 (Oracle Corporation 25.25-b02)
[Test worker] INFO org.codehaus.griffon.runtime.core.DefaultApplicationBootstrapper - OS: Linux 2.6.32-042stab090.5 amd64
[Test worker] INFO integration.TestGriffonApplication - Initializing all startup groups: [integration]
[Test worker] INFO integration.TestGriffonApplication - Initializing all integrationÂ startup groups: [sample]
[Test worker] INFO integration.TestGriffonApplication - Shutdown is in process
]]></system-err>
</testsuite>
