<?xml version="1.0" encoding="UTF-8"?>
<testsuite name="griffon.core.env.RunModeTests" tests="3" skipped="0" failures="0" errors="0" timestamp="2015-03-01T11:46:44" hostname="testing-worker-linux-85ee80ed-2-28556-linux-17-52616015" time="0.01">
  <properties/>
  <testcase name="testGetCurrent" classname="griffon.core.env.RunModeTests" time="0.007"/>
  <testcase name="testIsSystemSet" classname="griffon.core.env.RunModeTests" time="0.002"/>
  <testcase name="testGetRunMode" classname="griffon.core.env.RunModeTests" time="0.001"/>
  <system-out><![CDATA[]]></system-out>
  <system-err><![CDATA[]]></system-err>
</testsuite>
