<?xml version="1.0" encoding="UTF-8"?>
<testsuite name="griffon.core.editors.BigIntegerPropertyEditorSpec" tests="15" skipped="0" failures="0" errors="0" timestamp="2016-02-03T23:35:43" hostname="testing-gce-658173bf-dd00-4fdd-b080-ce5d2d34a14f.c.eco-emissary-99515.internal" time="0.016">
  <properties/>
  <testcase name="BigInteger literal 'null' with format 'null' should be equal to null" classname="griffon.core.editors.BigIntegerPropertyEditorSpec" time="0.004"/>
  <testcase name="BigInteger literal '' with format 'null' should be equal to null" classname="griffon.core.editors.BigIntegerPropertyEditorSpec" time="0.0"/>
  <testcase name="BigInteger literal '1' with format 'null' should be equal to 1" classname="griffon.core.editors.BigIntegerPropertyEditorSpec" time="0.0"/>
  <testcase name="BigInteger literal '100%' with format 'percent' should be equal to 1" classname="griffon.core.editors.BigIntegerPropertyEditorSpec" time="0.001"/>
  <testcase name="BigInteger literal '$1.00' with format 'currency' should be equal to 1" classname="griffon.core.editors.BigIntegerPropertyEditorSpec" time="0.006"/>
  <testcase name="BigInteger literal '1' with format 'null' should be equal to 1" classname="griffon.core.editors.BigIntegerPropertyEditorSpec" time="0.0"/>
  <testcase name="BigInteger literal '1' with format 'null' should be equal to 1" classname="griffon.core.editors.BigIntegerPropertyEditorSpec" time="0.0"/>
  <testcase name="BigInteger literal '1' with format 'null' should be equal to 1" classname="griffon.core.editors.BigIntegerPropertyEditorSpec" time="0.001"/>
  <testcase name="Invalid biginteger literal 'garbage'" classname="griffon.core.editors.BigIntegerPropertyEditorSpec" time="0.0"/>
  <testcase name="Invalid biginteger literal '1, 2, 3'" classname="griffon.core.editors.BigIntegerPropertyEditorSpec" time="0.0"/>
  <testcase name="Invalid biginteger literal '[]'" classname="griffon.core.editors.BigIntegerPropertyEditorSpec" time="0.0"/>
  <testcase name="Invalid biginteger literal '[1, 2, 3]'" classname="griffon.core.editors.BigIntegerPropertyEditorSpec" time="0.0"/>
  <testcase name="Invalid biginteger literal '[:]'" classname="griffon.core.editors.BigIntegerPropertyEditorSpec" time="0.0"/>
  <testcase name="Invalid biginteger literal '[key:value]'" classname="griffon.core.editors.BigIntegerPropertyEditorSpec" time="0.001"/>
  <testcase name="Invalid biginteger literal 'java.lang.Object@790f2896'" classname="griffon.core.editors.BigIntegerPropertyEditorSpec" time="0.0"/>
  <system-out><![CDATA[]]></system-out>
  <system-err><![CDATA[]]></system-err>
</testsuite>
