<?xml version="1.0" encoding="UTF-8"?>
<testsuite name="org.codehaus.griffon.runtime.core.artifact.GriffonClassSpec" tests="1" skipped="0" failures="0" errors="0" timestamp="2015-01-09T11:15:27" hostname="testing-worker-linux-10-2-12868-linux-1-46429692" time="0.006">
  <properties/>
  <testcase name="Verify properties" classname="org.codehaus.griffon.runtime.core.artifact.GriffonClassSpec" time="0.006"/>
  <system-out><![CDATA[]]></system-out>
  <system-err><![CDATA[]]></system-err>
</testsuite>
