<?xml version="1.0" encoding="UTF-8"?>
<testsuite name="org.codehaus.griffon.runtime.core.event.DefaultEventRouterSpec" tests="21" skipped="0" failures="0" errors="0" timestamp="2014-07-29T12:00:35" hostname="testing-worker-linux-7-1-12636-linux-19-31131677" time="1.124">
  <properties/>
  <testcase name="Invoking an event by name in synchronous mode with a callable listener" classname="org.codehaus.griffon.runtime.core.event.DefaultEventRouterSpec" time="0.059"/>
  <testcase name="Invoking an event by name in asynchronous mode with a callable listener" classname="org.codehaus.griffon.runtime.core.event.DefaultEventRouterSpec" time="0.202"/>
  <testcase name="Invoking an event by name in outside mode with a callable listener" classname="org.codehaus.griffon.runtime.core.event.DefaultEventRouterSpec" time="0.002"/>
  <testcase name="Invoking an event by name in synchronous mode with a Map listener" classname="org.codehaus.griffon.runtime.core.event.DefaultEventRouterSpec" time="0.002"/>
  <testcase name="Invoking an event by name in asynchronous mode with a Map listener" classname="org.codehaus.griffon.runtime.core.event.DefaultEventRouterSpec" time="0.202"/>
  <testcase name="Invoking an event by name in outside mode with a Map listener" classname="org.codehaus.griffon.runtime.core.event.DefaultEventRouterSpec" time="0.002"/>
  <testcase name="Invoking an event by name in synchronous mode with a bean listener" classname="org.codehaus.griffon.runtime.core.event.DefaultEventRouterSpec" time="0.009"/>
  <testcase name="Invoking an event by name in asynchronous mode with a bean listener" classname="org.codehaus.griffon.runtime.core.event.DefaultEventRouterSpec" time="0.202"/>
  <testcase name="Invoking an event by name in outside mode with a bean listener" classname="org.codehaus.griffon.runtime.core.event.DefaultEventRouterSpec" time="0.003"/>
  <testcase name="Invoking an event in synchronous mode with a callable listener" classname="org.codehaus.griffon.runtime.core.event.DefaultEventRouterSpec" time="0.003"/>
  <testcase name="Invoking an event in asynchronous mode with a callable listener" classname="org.codehaus.griffon.runtime.core.event.DefaultEventRouterSpec" time="0.203"/>
  <testcase name="Invoking an event in outside mode with a callable listener" classname="org.codehaus.griffon.runtime.core.event.DefaultEventRouterSpec" time="0.002"/>
  <testcase name="Invoking an event in synchronous mode with a Map listener" classname="org.codehaus.griffon.runtime.core.event.DefaultEventRouterSpec" time="0.002"/>
  <testcase name="Invoking an event in asynchronous mode with a Map listener" classname="org.codehaus.griffon.runtime.core.event.DefaultEventRouterSpec" time="0.203"/>
  <testcase name="Invoking an event in outside mode with a Map listener" classname="org.codehaus.griffon.runtime.core.event.DefaultEventRouterSpec" time="0.003"/>
  <testcase name="Register and unregister a callable listener by name" classname="org.codehaus.griffon.runtime.core.event.DefaultEventRouterSpec" time="0.004"/>
  <testcase name="Register and unregister a Map listener by name" classname="org.codehaus.griffon.runtime.core.event.DefaultEventRouterSpec" time="0.003"/>
  <testcase name="Register and unregister a callable listener" classname="org.codehaus.griffon.runtime.core.event.DefaultEventRouterSpec" time="0.003"/>
  <testcase name="Register and unregister a bean listener" classname="org.codehaus.griffon.runtime.core.event.DefaultEventRouterSpec" time="0.003"/>
  <testcase name="Register and unregister a bean listener with nested listeners" classname="org.codehaus.griffon.runtime.core.event.DefaultEventRouterSpec" time="0.004"/>
  <testcase name="Register and unregister an invalid bean listener" classname="org.codehaus.griffon.runtime.core.event.DefaultEventRouterSpec" time="0.002"/>
  <system-out><![CDATA[]]></system-out>
  <system-err><![CDATA[]]></system-err>
</testsuite>
