<?xml version="1.0" encoding="UTF-8"?>
<testsuite name="griffon.exceptions.ArtifactHandlerNotFoundExceptionSpec" tests="2" skipped="0" failures="0" errors="0" timestamp="2015-08-24T08:15:48" hostname="testing-worker-linux-44a99d76-1-8259-linux-3-76941221" time="0.002">
  <properties/>
  <testcase name="Exception should have proper formatted message[0]" classname="griffon.exceptions.ArtifactHandlerNotFoundExceptionSpec" time="0.002"/>
  <testcase name="Exception should have proper formatted message[1]" classname="griffon.exceptions.ArtifactHandlerNotFoundExceptionSpec" time="0.0"/>
  <system-out><![CDATA[]]></system-out>
  <system-err><![CDATA[]]></system-err>
</testsuite>
