<?xml version="1.0" encoding="UTF-8"?>
<testsuite name="griffon.core.ContextSpec" tests="16" skipped="0" failures="0" errors="0" timestamp="2015-09-01T03:09:24" hostname="testing-worker-linux-bb3654bb-2-17586-linux-4-78157600" time="0.032">
  <properties/>
  <testcase name="Find values on context 1 using defaults[0]" classname="griffon.core.ContextSpec" time="0.001"/>
  <testcase name="Find values on context 1 using defaults[1]" classname="griffon.core.ContextSpec" time="0.0"/>
  <testcase name="Find values on context 1[0]" classname="griffon.core.ContextSpec" time="0.001"/>
  <testcase name="Find values on context 1[1]" classname="griffon.core.ContextSpec" time="0.0"/>
  <testcase name="Find values on child context 2[0]" classname="griffon.core.ContextSpec" time="0.0"/>
  <testcase name="Find values on child context 2[1]" classname="griffon.core.ContextSpec" time="0.0"/>
  <testcase name="Find values on child context 2[2]" classname="griffon.core.ContextSpec" time="0.013"/>
  <testcase name="Find values on child context 3[0]" classname="griffon.core.ContextSpec" time="0.001"/>
  <testcase name="Find values on child context 3[1]" classname="griffon.core.ContextSpec" time="0.0"/>
  <testcase name="Find values on child context 3[2]" classname="griffon.core.ContextSpec" time="0.0"/>
  <testcase name="Shadowed attributes in child context 2" classname="griffon.core.ContextSpec" time="0.001"/>
  <testcase name="Destroying a context clears all attributes" classname="griffon.core.ContextSpec" time="0.0"/>
  <testcase name="Get all the keys[0]" classname="griffon.core.ContextSpec" time="0.004"/>
  <testcase name="Get all the keys[1]" classname="griffon.core.ContextSpec" time="0.0"/>
  <testcase name="ContainsKey on child context" classname="griffon.core.ContextSpec" time="0.0"/>
  <testcase name="HasKey on child context" classname="griffon.core.ContextSpec" time="0.001"/>
  <system-out><![CDATA[]]></system-out>
  <system-err><![CDATA[]]></system-err>
</testsuite>
