<?xml version="1.0" encoding="UTF-8"?>
<testsuite name="org.codehaus.griffon.runtime.core.artifact.GriffonArtifactSpec" tests="25" skipped="0" failures="0" errors="0" timestamp="2014-11-20T16:05:56" hostname="testing-worker-linux-4-2-26826-linux-12-41614511" time="1.255">
  <properties/>
  <testcase name="Bootstrap application" classname="org.codehaus.griffon.runtime.core.artifact.GriffonArtifactSpec" time="0.687"/>
  <testcase name="Verify withMvcGroup(type , handler)" classname="org.codehaus.griffon.runtime.core.artifact.GriffonArtifactSpec" time="0.064"/>
  <testcase name="Verify withMvcGroup(type, id , handler)" classname="org.codehaus.griffon.runtime.core.artifact.GriffonArtifactSpec" time="0.028"/>
  <testcase name="Verify withMvcGroup(type, id, map , handler)" classname="org.codehaus.griffon.runtime.core.artifact.GriffonArtifactSpec" time="0.033"/>
  <testcase name="Verify withMvcGroup(type, map , handler)" classname="org.codehaus.griffon.runtime.core.artifact.GriffonArtifactSpec" time="0.023"/>
  <testcase name="Verify withMvcGroup(map, type, id , handler)" classname="org.codehaus.griffon.runtime.core.artifact.GriffonArtifactSpec" time="0.165"/>
  <testcase name="Verify withMvcGroup(map, type , handler)" classname="org.codehaus.griffon.runtime.core.artifact.GriffonArtifactSpec" time="0.056"/>
  <testcase name="Verify buildMVCGroup(type)" classname="org.codehaus.griffon.runtime.core.artifact.GriffonArtifactSpec" time="0.014"/>
  <testcase name="Verify buildMVCGroup(type, id)" classname="org.codehaus.griffon.runtime.core.artifact.GriffonArtifactSpec" time="0.02"/>
  <testcase name="Verify buildMVCGroup(type, map)" classname="org.codehaus.griffon.runtime.core.artifact.GriffonArtifactSpec" time="0.015"/>
  <testcase name="Verify buildMVCGroup(map, type)" classname="org.codehaus.griffon.runtime.core.artifact.GriffonArtifactSpec" time="0.013"/>
  <testcase name="Verify buildMVCGroup(type, id, map)" classname="org.codehaus.griffon.runtime.core.artifact.GriffonArtifactSpec" time="0.014"/>
  <testcase name="Verify buildMVCGroup(map, type, id)" classname="org.codehaus.griffon.runtime.core.artifact.GriffonArtifactSpec" time="0.013"/>
  <testcase name="Verify createMVCGroup(type)" classname="org.codehaus.griffon.runtime.core.artifact.GriffonArtifactSpec" time="0.014"/>
  <testcase name="Verify createMVCGroup(type, id)" classname="org.codehaus.griffon.runtime.core.artifact.GriffonArtifactSpec" time="0.012"/>
  <testcase name="Verify createMVCGroup(type, map)" classname="org.codehaus.griffon.runtime.core.artifact.GriffonArtifactSpec" time="0.015"/>
  <testcase name="Verify createMVCGroup(map, type)" classname="org.codehaus.griffon.runtime.core.artifact.GriffonArtifactSpec" time="0.012"/>
  <testcase name="Verify createMVCGroup(type, id, map)" classname="org.codehaus.griffon.runtime.core.artifact.GriffonArtifactSpec" time="0.01"/>
  <testcase name="Verify createMVCGroup(map, type, id)" classname="org.codehaus.griffon.runtime.core.artifact.GriffonArtifactSpec" time="0.011"/>
  <testcase name="Verify destroyMVCGroup(id)" classname="org.codehaus.griffon.runtime.core.artifact.GriffonArtifactSpec" time="0.01"/>
  <testcase name="Execute runnable inside UI sync" classname="org.codehaus.griffon.runtime.core.artifact.GriffonArtifactSpec" time="0.003"/>
  <testcase name="Execute runnable inside UI async" classname="org.codehaus.griffon.runtime.core.artifact.GriffonArtifactSpec" time="0.002"/>
  <testcase name="Execute runnable outside UI" classname="org.codehaus.griffon.runtime.core.artifact.GriffonArtifactSpec" time="0.002"/>
  <testcase name="Execute future" classname="org.codehaus.griffon.runtime.core.artifact.GriffonArtifactSpec" time="0.003"/>
  <testcase name="Execute future with ExecutorService" classname="org.codehaus.griffon.runtime.core.artifact.GriffonArtifactSpec" time="0.003"/>
  <system-out><![CDATA[{application=integration.TestGriffonApplication@1f591295, mvcType=sample, mvcId=sample, configuration=MVCGroupConfiguration{mvcType='sample', members={model=integration.SimpleModel, view=integration.SimpleView, controller=integration.SimpleController}, config={}}, model=integration.SimpleModel@4c3bf5af, view=integration.SimpleView@28a52329, controller=integration.SimpleController@332dd95f, mvcGroup=org.codehaus.griffon.runtime.core.mvc.DefaultMVCGroup@6e9a4738[sample:sample]}
{application=integration.TestGriffonApplication@1f591295, mvcType=simple, mvcId=simple, configuration=MVCGroupConfiguration{mvcType='simple', members={model=integration.SimpleModel, view=integration.SimpleView, controller=integration.SimpleController}, config={}}, parentGroup=org.codehaus.griffon.runtime.core.mvc.DefaultMVCGroup@716a976b[integration:integration], parentView=integration.IntegrationView@74c658ae, parentController=integration.IntegrationController@5fd491e9, parentModel=integration.IntegrationModel@3ad16dc5, model=integration.SimpleModel@58b1882a, view=integration.SimpleView@3d2882ff, controller=integration.SimpleController@b407ee3, mvcGroup=org.codehaus.griffon.runtime.core.mvc.DefaultMVCGroup@7a904221[simple:simple]}
{application=integration.TestGriffonApplication@1f591295, mvcType=simple, mvcId=simple-1, configuration=MVCGroupConfiguration{mvcType='simple', members={model=integration.SimpleModel, view=integration.SimpleView, controller=integration.SimpleController}, config={}}, parentGroup=org.codehaus.griffon.runtime.core.mvc.DefaultMVCGroup@716a976b[integration:integration], parentView=integration.IntegrationView@74c658ae, parentController=integration.IntegrationController@5fd491e9, parentModel=integration.IntegrationModel@3ad16dc5, model=integration.SimpleModel@50ed48ca, view=integration.SimpleView@50562f75, controller=integration.SimpleController@10e434bf, mvcGroup=org.codehaus.griffon.runtime.core.mvc.DefaultMVCGroup@4e49f684[simple:simple-1]}
{application=integration.TestGriffonApplication@1f591295, mvcType=simple, mvcId=simple-2, configuration=MVCGroupConfiguration{mvcType='simple', members={model=integration.SimpleModel, view=integration.SimpleView, controller=integration.SimpleController}, config={}}, parentGroup=org.codehaus.griffon.runtime.core.mvc.DefaultMVCGroup@716a976b[integration:integration], key=griffon, parentView=integration.IntegrationView@74c658ae, parentController=integration.IntegrationController@5fd491e9, parentModel=integration.IntegrationModel@3ad16dc5, model=integration.SimpleModel@1100b075, view=integration.SimpleView@48efe2e7, controller=integration.SimpleController@2ef15fea, mvcGroup=org.codehaus.griffon.runtime.core.mvc.DefaultMVCGroup@50c59175[simple:simple-2]}
{application=integration.TestGriffonApplication@1f591295, mvcType=simple, mvcId=simple, configuration=MVCGroupConfiguration{mvcType='simple', members={model=integration.SimpleModel, view=integration.SimpleView, controller=integration.SimpleController}, config={}}, parentGroup=org.codehaus.griffon.runtime.core.mvc.DefaultMVCGroup@716a976b[integration:integration], key=griffon, parentView=integration.IntegrationView@74c658ae, parentController=integration.IntegrationController@5fd491e9, parentModel=integration.IntegrationModel@3ad16dc5, model=integration.SimpleModel@386ee6f0, view=integration.SimpleView@13956999, controller=integration.SimpleController@51cdf920, mvcGroup=org.codehaus.griffon.runtime.core.mvc.DefaultMVCGroup@11beaa27[simple:simple]}
{application=integration.TestGriffonApplication@1f591295, mvcType=simple, mvcId=simple-2, configuration=MVCGroupConfiguration{mvcType='simple', members={model=integration.SimpleModel, view=integration.SimpleView, controller=integration.SimpleController}, config={}}, parentGroup=org.codehaus.griffon.runtime.core.mvc.DefaultMVCGroup@716a976b[integration:integration], key=griffon, parentView=integration.IntegrationView@74c658ae, parentController=integration.IntegrationController@5fd491e9, parentModel=integration.IntegrationModel@3ad16dc5, model=integration.SimpleModel@51c9e454, view=integration.SimpleView@3763936e, controller=integration.SimpleController@66e53b3b, mvcGroup=org.codehaus.griffon.runtime.core.mvc.DefaultMVCGroup@3d44b2d8[simple:simple-2]}
{application=integration.TestGriffonApplication@1f591295, mvcType=simple, mvcId=simple, configuration=MVCGroupConfiguration{mvcType='simple', members={model=integration.SimpleModel, view=integration.SimpleView, controller=integration.SimpleController}, config={}}, parentGroup=org.codehaus.griffon.runtime.core.mvc.DefaultMVCGroup@716a976b[integration:integration], key=griffon, parentView=integration.IntegrationView@74c658ae, parentController=integration.IntegrationController@5fd491e9, parentModel=integration.IntegrationModel@3ad16dc5, model=integration.SimpleModel@6e17422c, view=integration.SimpleView@684dd29a, controller=integration.SimpleController@76e89b95, mvcGroup=org.codehaus.griffon.runtime.core.mvc.DefaultMVCGroup@2ca29efc[simple:simple]}
{application=integration.TestGriffonApplication@1f591295, mvcType=simple, mvcId=simple, configuration=MVCGroupConfiguration{mvcType='simple', members={model=integration.SimpleModel, view=integration.SimpleView, controller=integration.SimpleController}, config={}}, parentGroup=org.codehaus.griffon.runtime.core.mvc.DefaultMVCGroup@716a976b[integration:integration], parentView=integration.IntegrationView@74c658ae, parentController=integration.IntegrationController@5fd491e9, parentModel=integration.IntegrationModel@3ad16dc5, model=integration.SimpleModel@932dbe5, view=integration.SimpleView@c4741c8, controller=integration.SimpleController@b758ea8, mvcGroup=org.codehaus.griffon.runtime.core.mvc.DefaultMVCGroup@5deb2623[simple:simple]}
{application=integration.TestGriffonApplication@1f591295, mvcType=simple, mvcId=simple-1, configuration=MVCGroupConfiguration{mvcType='simple', members={model=integration.SimpleModel, view=integration.SimpleView, controller=integration.SimpleController}, config={}}, parentGroup=org.codehaus.griffon.runtime.core.mvc.DefaultMVCGroup@716a976b[integration:integration], parentView=integration.IntegrationView@74c658ae, parentController=integration.IntegrationController@5fd491e9, parentModel=integration.IntegrationModel@3ad16dc5, model=integration.SimpleModel@74e67302, view=integration.SimpleView@5341a3f8, controller=integration.SimpleController@579f4d8d, mvcGroup=org.codehaus.griffon.runtime.core.mvc.DefaultMVCGroup@5c91b185[simple:simple-1]}
{application=integration.TestGriffonApplication@1f591295, mvcType=simple, mvcId=simple, configuration=MVCGroupConfiguration{mvcType='simple', members={model=integration.SimpleModel, view=integration.SimpleView, controller=integration.SimpleController}, config={}}, parentGroup=org.codehaus.griffon.runtime.core.mvc.DefaultMVCGroup@716a976b[integration:integration], key=griffon, parentView=integration.IntegrationView@74c658ae, parentController=integration.IntegrationController@5fd491e9, parentModel=integration.IntegrationModel@3ad16dc5, model=integration.SimpleModel@1b28b776, view=integration.SimpleView@45288988, controller=integration.SimpleController@68765785, mvcGroup=org.codehaus.griffon.runtime.core.mvc.DefaultMVCGroup@393ace97[simple:simple]}
{application=integration.TestGriffonApplication@1f591295, mvcType=simple, mvcId=simple, configuration=MVCGroupConfiguration{mvcType='simple', members={model=integration.SimpleModel, view=integration.SimpleView, controller=integration.SimpleController}, config={}}, parentGroup=org.codehaus.griffon.runtime.core.mvc.DefaultMVCGroup@716a976b[integration:integration], key=griffon, parentView=integration.IntegrationView@74c658ae, parentController=integration.IntegrationController@5fd491e9, parentModel=integration.IntegrationModel@3ad16dc5, model=integration.SimpleModel@6692fc7e, view=integration.SimpleView@3c025556, controller=integration.SimpleController@53237a37, mvcGroup=org.codehaus.griffon.runtime.core.mvc.DefaultMVCGroup@ee7bcd7[simple:simple]}
{application=integration.TestGriffonApplication@1f591295, mvcType=simple, mvcId=simple-2, configuration=MVCGroupConfiguration{mvcType='simple', members={model=integration.SimpleModel, view=integration.SimpleView, controller=integration.SimpleController}, config={}}, parentGroup=org.codehaus.griffon.runtime.core.mvc.DefaultMVCGroup@716a976b[integration:integration], key=griffon, parentView=integration.IntegrationView@74c658ae, parentController=integration.IntegrationController@5fd491e9, parentModel=integration.IntegrationModel@3ad16dc5, model=integration.SimpleModel@7fe7d079, view=integration.SimpleView@51e18236, controller=integration.SimpleController@19dbb8ff, mvcGroup=org.codehaus.griffon.runtime.core.mvc.DefaultMVCGroup@2a69ae17[simple:simple-2]}
{application=integration.TestGriffonApplication@1f591295, mvcType=simple, mvcId=simple-2, configuration=MVCGroupConfiguration{mvcType='simple', members={model=integration.SimpleModel, view=integration.SimpleView, controller=integration.SimpleController}, config={}}, parentGroup=org.codehaus.griffon.runtime.core.mvc.DefaultMVCGroup@716a976b[integration:integration], key=griffon, parentView=integration.IntegrationView@74c658ae, parentController=integration.IntegrationController@5fd491e9, parentModel=integration.IntegrationModel@3ad16dc5, model=integration.SimpleModel@6bccd73b, view=integration.SimpleView@36610846, controller=integration.SimpleController@72394235, mvcGroup=org.codehaus.griffon.runtime.core.mvc.DefaultMVCGroup@15475373[simple:simple-2]}
{application=integration.TestGriffonApplication@1f591295, mvcType=simple, mvcId=simple, configuration=MVCGroupConfiguration{mvcType='simple', members={model=integration.SimpleModel, view=integration.SimpleView, controller=integration.SimpleController}, config={}}, parentGroup=org.codehaus.griffon.runtime.core.mvc.DefaultMVCGroup@716a976b[integration:integration], parentView=integration.IntegrationView@74c658ae, parentController=integration.IntegrationController@5fd491e9, parentModel=integration.IntegrationModel@3ad16dc5, model=integration.SimpleModel@18bf3bef, view=integration.SimpleView@26222386, controller=integration.SimpleController@1e32f59d, mvcGroup=org.codehaus.griffon.runtime.core.mvc.DefaultMVCGroup@3141f1e3[simple:simple]}
{application=integration.TestGriffonApplication@1f591295, mvcType=simple, mvcId=simple-1, configuration=MVCGroupConfiguration{mvcType='simple', members={model=integration.SimpleModel, view=integration.SimpleView, controller=integration.SimpleController}, config={}}, parentGroup=org.codehaus.griffon.runtime.core.mvc.DefaultMVCGroup@716a976b[integration:integration], parentView=integration.IntegrationView@74c658ae, parentController=integration.IntegrationController@5fd491e9, parentModel=integration.IntegrationModel@3ad16dc5, model=integration.SimpleModel@502e4652, view=integration.SimpleView@69bc3dc, controller=integration.SimpleController@2ee53656, mvcGroup=org.codehaus.griffon.runtime.core.mvc.DefaultMVCGroup@33c2ed7d[simple:simple-1]}
{application=integration.TestGriffonApplication@1f591295, mvcType=simple, mvcId=simple, configuration=MVCGroupConfiguration{mvcType='simple', members={model=integration.SimpleModel, view=integration.SimpleView, controller=integration.SimpleController}, config={}}, parentGroup=org.codehaus.griffon.runtime.core.mvc.DefaultMVCGroup@716a976b[integration:integration], key=griffon, parentView=integration.IntegrationView@74c658ae, parentController=integration.IntegrationController@5fd491e9, parentModel=integration.IntegrationModel@3ad16dc5, model=integration.SimpleModel@49218541, view=integration.SimpleView@4ef15db5, controller=integration.SimpleController@6a7ce813, mvcGroup=org.codehaus.griffon.runtime.core.mvc.DefaultMVCGroup@6dbb916c[simple:simple]}
{application=integration.TestGriffonApplication@1f591295, mvcType=simple, mvcId=simple, configuration=MVCGroupConfiguration{mvcType='simple', members={model=integration.SimpleModel, view=integration.SimpleView, controller=integration.SimpleController}, config={}}, parentGroup=org.codehaus.griffon.runtime.core.mvc.DefaultMVCGroup@716a976b[integration:integration], key=griffon, parentView=integration.IntegrationView@74c658ae, parentController=integration.IntegrationController@5fd491e9, parentModel=integration.IntegrationModel@3ad16dc5, model=integration.SimpleModel@6e75174e, view=integration.SimpleView@20c69ba3, controller=integration.SimpleController@11c74e26, mvcGroup=org.codehaus.griffon.runtime.core.mvc.DefaultMVCGroup@718a7daf[simple:simple]}
{application=integration.TestGriffonApplication@1f591295, mvcType=simple, mvcId=simple-2, configuration=MVCGroupConfiguration{mvcType='simple', members={model=integration.SimpleModel, view=integration.SimpleView, controller=integration.SimpleController}, config={}}, parentGroup=org.codehaus.griffon.runtime.core.mvc.DefaultMVCGroup@716a976b[integration:integration], key=griffon, parentView=integration.IntegrationView@74c658ae, parentController=integration.IntegrationController@5fd491e9, parentModel=integration.IntegrationModel@3ad16dc5, model=integration.SimpleModel@811895e, view=integration.SimpleView@2ad4eaf6, controller=integration.SimpleController@3235268, mvcGroup=org.codehaus.griffon.runtime.core.mvc.DefaultMVCGroup@42458806[simple:simple-2]}
{application=integration.TestGriffonApplication@1f591295, mvcType=simple, mvcId=simple-2, configuration=MVCGroupConfiguration{mvcType='simple', members={model=integration.SimpleModel, view=integration.SimpleView, controller=integration.SimpleController}, config={}}, parentGroup=org.codehaus.griffon.runtime.core.mvc.DefaultMVCGroup@716a976b[integration:integration], key=griffon, parentView=integration.IntegrationView@74c658ae, parentController=integration.IntegrationController@5fd491e9, parentModel=integration.IntegrationModel@3ad16dc5, model=integration.SimpleModel@469aa269, view=integration.SimpleView@4b146316, controller=integration.SimpleController@523dd80e, mvcGroup=org.codehaus.griffon.runtime.core.mvc.DefaultMVCGroup@3c566ff7[simple:simple-2]}
{application=integration.TestGriffonApplication@1f591295, mvcType=simple, mvcId=simple, configuration=MVCGroupConfiguration{mvcType='simple', members={model=integration.SimpleModel, view=integration.SimpleView, controller=integration.SimpleController}, config={}}, parentGroup=org.codehaus.griffon.runtime.core.mvc.DefaultMVCGroup@716a976b[integration:integration], parentView=integration.IntegrationView@74c658ae, parentController=integration.IntegrationController@5fd491e9, parentModel=integration.IntegrationModel@3ad16dc5, model=integration.SimpleModel@2fcc0bfe, view=integration.SimpleView@47a8d1c2, controller=integration.SimpleController@7be98c91, mvcGroup=org.codehaus.griffon.runtime.core.mvc.DefaultMVCGroup@744f6dcc[simple:simple]}
]]></system-out>
  <system-err><![CDATA[[Test worker] INFO org.codehaus.griffon.runtime.core.DefaultApplicationBootstrapper - Griffon 2.1.0-SNAPSHOT
[Test worker] INFO org.codehaus.griffon.runtime.core.DefaultApplicationBootstrapper - Build: 2014-11-20T16:01:19.642+0000
[Test worker] INFO org.codehaus.griffon.runtime.core.DefaultApplicationBootstrapper - JVM: 1.8.0_25 (Oracle Corporation 25.25-b02)
[Test worker] INFO org.codehaus.griffon.runtime.core.DefaultApplicationBootstrapper - OS: Linux 2.6.32-042stab090.5 amd64
[Test worker] INFO integration.TestGriffonApplication - Initializing all startup groups: [integration]
[Test worker] INFO integration.TestGriffonApplication - Initializing all integration startup groups: [sample]
[Test worker] INFO integration.TestGriffonApplication - Shutdown is in process
]]></system-err>
</testsuite>
