<?xml version="1.0" encoding="UTF-8"?>
<testsuite name="griffon.util.GriffonApplicationUtilsSpec" tests="6" skipped="0" failures="0" errors="0" timestamp="2016-06-17T08:23:21" hostname="testing-gce-4d83558d-2899-4dfd-8d4c-fb48b67c1461.c.travis-ci-prod-5.internal" time="0.004">
  <properties/>
  <testcase name="Locale literal '' is equal to en_US" classname="griffon.util.GriffonApplicationUtilsSpec" time="0.002"/>
  <testcase name="Locale literal ' ' is equal to en_US" classname="griffon.util.GriffonApplicationUtilsSpec" time="0.001"/>
  <testcase name="Locale literal 'en' is equal to en" classname="griffon.util.GriffonApplicationUtilsSpec" time="0.0"/>
  <testcase name="Locale literal 'en_GB' is equal to en_GB" classname="griffon.util.GriffonApplicationUtilsSpec" time="0.001"/>
  <testcase name="Locale literal 'de_CH_Basel' is equal to de_CH_Basel" classname="griffon.util.GriffonApplicationUtilsSpec" time="0.0"/>
  <testcase name="Locale literal 'de_CH_Basel_45' is equal to en_US" classname="griffon.util.GriffonApplicationUtilsSpec" time="0.0"/>
  <system-out><![CDATA[]]></system-out>
  <system-err><![CDATA[]]></system-err>
</testsuite>
