<?xml version="1.0" encoding="UTF-8"?>
<testsuite name="org.codehaus.griffon.runtime.core.AbstractObservableTest" tests="1" skipped="0" failures="0" errors="0" timestamp="2016-06-20T07:43:24" hostname="testing-gce-a4e37928-7309-4094-879f-ef33aa891ec0.c.travis-ci-prod-5.internal" time="0.015">
  <properties/>
  <testcase name="observableSetup" classname="org.codehaus.griffon.runtime.core.AbstractObservableTest" time="0.015"/>
  <system-out><![CDATA[]]></system-out>
  <system-err><![CDATA[]]></system-err>
</testsuite>
