<?xml version="1.0" encoding="UTF-8"?>
<testsuite name="org.codehaus.griffon.runtime.core.artifact.GriffonClassSpec" tests="1" skipped="0" failures="0" errors="0" timestamp="2015-09-14T08:23:14" hostname="testing-worker-linux-a1362517-2-8611-linux-7-80196216" time="0.004">
  <properties/>
  <testcase name="Verify properties" classname="org.codehaus.griffon.runtime.core.artifact.GriffonClassSpec" time="0.004"/>
  <system-out><![CDATA[]]></system-out>
  <system-err><![CDATA[]]></system-err>
</testsuite>
