<?xml version="1.0" encoding="UTF-8"?>
<testsuite name="integration.MVCGroupSpec" tests="4" skipped="0" failures="0" errors="0" timestamp="2015-01-14T10:57:08" hostname="testing-worker-linux-10-1-12814-linux-10-46968791" time="0.127">
  <properties/>
  <testcase name="Bootstrap application" classname="integration.MVCGroupSpec" time="0.078"/>
  <testcase name="Creating an MVCGroup through the MVCGroupManager does not set implicit parent group" classname="integration.MVCGroupSpec" time="0.017"/>
  <testcase name="Creating an MVCGroup through a group does set implicit parent group" classname="integration.MVCGroupSpec" time="0.016"/>
  <testcase name="Creating an MVCGroup through an artifact does set implicit parent group" classname="integration.MVCGroupSpec" time="0.016"/>
  <system-out><![CDATA[{application=integration.TestGriffonApplication@221702bc, mvcType=sample, mvcId=sample, configuration=MVCGroupConfiguration{mvcType='sample', members={model=integration.SimpleModel, view=integration.SimpleView, controller=integration.SimpleController}, config={}}, model=integration.SimpleModel@3b74df4b, view=integration.SimpleView@6abf5bb6, controller=integration.SimpleController@32fc53d8, mvcGroup=org.codehaus.griffon.runtime.core.mvc.DefaultMVCGroup@76ee3006[sample:sample]}
{application=integration.TestGriffonApplication@221702bc, mvcType=simple, mvcId=simple, configuration=MVCGroupConfiguration{mvcType='simple', members={model=integration.SimpleModel, view=integration.SimpleView, controller=integration.SimpleController}, config={}}, model=integration.SimpleModel@285faf0, view=integration.SimpleView@7195628f, controller=integration.SimpleController@16f064ab, mvcGroup=org.codehaus.griffon.runtime.core.mvc.DefaultMVCGroup@6e20794a[simple:simple]}
{application=integration.TestGriffonApplication@221702bc, mvcType=simple, mvcId=parent1, configuration=MVCGroupConfiguration{mvcType='simple', members={model=integration.SimpleModel, view=integration.SimpleView, controller=integration.SimpleController}, config={}}, model=integration.SimpleModel@584538e6, view=integration.SimpleView@6781570b, controller=integration.SimpleController@4a4278eb, mvcGroup=org.codehaus.griffon.runtime.core.mvc.DefaultMVCGroup@34c25842[simple:parent1]}
{application=integration.TestGriffonApplication@221702bc, mvcType=simple, mvcId=simple, configuration=MVCGroupConfiguration{mvcType='simple', members={model=integration.SimpleModel, view=integration.SimpleView, controller=integration.SimpleController}, config={}}, parentGroup=org.codehaus.griffon.runtime.core.mvc.DefaultMVCGroup@34c25842[simple:parent1], parentModel=integration.SimpleModel@584538e6, parentView=integration.SimpleView@6781570b, parentController=integration.SimpleController@4a4278eb, model=integration.SimpleModel@1cc462cf, view=integration.SimpleView@1b729a9b, controller=integration.SimpleController@20a2a0f6, mvcGroup=org.codehaus.griffon.runtime.core.mvc.DefaultMVCGroup@f7134e2[simple:simple]}
{application=integration.TestGriffonApplication@221702bc, mvcType=simple, mvcId=parent2, configuration=MVCGroupConfiguration{mvcType='simple', members={model=integration.SimpleModel, view=integration.SimpleView, controller=integration.SimpleController}, config={}}, model=integration.SimpleModel@5bd088f3, view=integration.SimpleView@4c0a599d, controller=integration.SimpleController@6be0283a, mvcGroup=org.codehaus.griffon.runtime.core.mvc.DefaultMVCGroup@4d47f211[simple:parent2]}
{application=integration.TestGriffonApplication@221702bc, mvcType=simple, mvcId=simple, configuration=MVCGroupConfiguration{mvcType='simple', members={model=integration.SimpleModel, view=integration.SimpleView, controller=integration.SimpleController}, config={}}, parentGroup=org.codehaus.griffon.runtime.core.mvc.DefaultMVCGroup@4d47f211[simple:parent2], parentModel=integration.SimpleModel@5bd088f3, parentView=integration.SimpleView@4c0a599d, parentController=integration.SimpleController@6be0283a, model=integration.SimpleModel@7d3db3a6, view=integration.SimpleView@49171397, controller=integration.SimpleController@4d8434f3, mvcGroup=org.codehaus.griffon.runtime.core.mvc.DefaultMVCGroup@16e0cadc[simple:simple]}
]]></system-out>
  <system-err><![CDATA[[Test worker] INFO org.codehaus.griffon.runtime.core.DefaultApplicationBootstrapper - Griffon 2.2.0-SNAPSHOT
[Test worker] INFO org.codehaus.griffon.runtime.core.DefaultApplicationBootstrapper - Build: 2015-01-14T10:54:03.328+0000
[Test worker] INFO org.codehaus.griffon.runtime.core.DefaultApplicationBootstrapper - JVM: 1.8.0_25 (Oracle Corporation 25.25-b02)
[Test worker] INFO org.codehaus.griffon.runtime.core.DefaultApplicationBootstrapper - OS: Linux 2.6.32-042stab090.5 amd64
[Test worker] INFO integration.TestGriffonApplication - Initializing all startup groups: [integration]
[Test worker] INFO integration.TestGriffonApplication - Initializing all integrationÂ startup groups: [sample]
[Test worker] INFO integration.TestGriffonApplication - Shutdown is in process
]]></system-err>
</testsuite>
