<?xml version="1.0" encoding="UTF-8"?>
<testsuite name="org.codehaus.griffon.runtime.core.inject.AbstractModuleSpec" tests="2" skipped="0" failures="0" errors="0" timestamp="2014-06-27T11:26:17" hostname="testing-worker-linux-12-1-31924-linux-10-28581665" time="0.105">
  <properties/>
  <testcase name="Verify all kinds of bindings" classname="org.codehaus.griffon.runtime.core.inject.AbstractModuleSpec" time="0.096"/>
  <testcase name="Broken module due to bad classifier" classname="org.codehaus.griffon.runtime.core.inject.AbstractModuleSpec" time="0.009"/>
  <system-out><![CDATA[]]></system-out>
  <system-err><![CDATA[]]></system-err>
</testsuite>
