<?xml version="1.0" encoding="UTF-8"?>
<testsuite name="integration.MVCGroupSpec" tests="4" skipped="0" failures="0" errors="0" timestamp="2015-02-12T14:14:10" hostname="testing-worker-linux-08b40318-1-22975-linux-3-50492048" time="0.117">
  <properties/>
  <testcase name="Bootstrap application" classname="integration.MVCGroupSpec" time="0.071"/>
  <testcase name="Creating an MVCGroup through the MVCGroupManager does not set implicit parent group" classname="integration.MVCGroupSpec" time="0.017"/>
  <testcase name="Creating an MVCGroup through a group does set implicit parent group" classname="integration.MVCGroupSpec" time="0.014"/>
  <testcase name="Creating an MVCGroup through an artifact does set implicit parent group" classname="integration.MVCGroupSpec" time="0.015"/>
  <system-out><![CDATA[{application=integration.TestGriffonApplication@62d894ac, mvcType=sample, mvcId=sample, configuration=MVCGroupConfiguration{mvcType='sample', members={model=integration.SimpleModel, view=integration.SimpleView, controller=integration.SimpleController}, config={}}, model=integration.SimpleModel@59267589, view=integration.SimpleView@5cffed10, controller=integration.SimpleController@e59d528, mvcGroup=org.codehaus.griffon.runtime.core.mvc.DefaultMVCGroup@161f688c[sample:sample]}
{application=integration.TestGriffonApplication@62d894ac, mvcType=simple, mvcId=simple, configuration=MVCGroupConfiguration{mvcType='simple', members={model=integration.SimpleModel, view=integration.SimpleView, controller=integration.SimpleController}, config={}}, model=integration.SimpleModel@59130613, view=integration.SimpleView@15f30e01, controller=integration.SimpleController@5c3007f3, mvcGroup=org.codehaus.griffon.runtime.core.mvc.DefaultMVCGroup@65f6c21a[simple:simple]}
{application=integration.TestGriffonApplication@62d894ac, mvcType=simple, mvcId=parent1, configuration=MVCGroupConfiguration{mvcType='simple', members={model=integration.SimpleModel, view=integration.SimpleView, controller=integration.SimpleController}, config={}}, model=integration.SimpleModel@267c9d52, view=integration.SimpleView@21f63f8f, controller=integration.SimpleController@5f07269f, mvcGroup=org.codehaus.griffon.runtime.core.mvc.DefaultMVCGroup@614fb473[simple:parent1]}
{application=integration.TestGriffonApplication@62d894ac, mvcType=simple, mvcId=simple, configuration=MVCGroupConfiguration{mvcType='simple', members={model=integration.SimpleModel, view=integration.SimpleView, controller=integration.SimpleController}, config={}}, parentGroup=org.codehaus.griffon.runtime.core.mvc.DefaultMVCGroup@614fb473[simple:parent1], parentModel=integration.SimpleModel@267c9d52, parentView=integration.SimpleView@21f63f8f, parentController=integration.SimpleController@5f07269f, model=integration.SimpleModel@49245b7a, view=integration.SimpleView@335d5a40, controller=integration.SimpleController@b31020f, mvcGroup=org.codehaus.griffon.runtime.core.mvc.DefaultMVCGroup@7a18320f[simple:simple]}
{application=integration.TestGriffonApplication@62d894ac, mvcType=simple, mvcId=parent2, configuration=MVCGroupConfiguration{mvcType='simple', members={model=integration.SimpleModel, view=integration.SimpleView, controller=integration.SimpleController}, config={}}, model=integration.SimpleModel@70cb07c2, view=integration.SimpleView@37969d7, controller=integration.SimpleController@1f4b6980, mvcGroup=org.codehaus.griffon.runtime.core.mvc.DefaultMVCGroup@12d9691d[simple:parent2]}
{application=integration.TestGriffonApplication@62d894ac, mvcType=simple, mvcId=simple, configuration=MVCGroupConfiguration{mvcType='simple', members={model=integration.SimpleModel, view=integration.SimpleView, controller=integration.SimpleController}, config={}}, parentGroup=org.codehaus.griffon.runtime.core.mvc.DefaultMVCGroup@12d9691d[simple:parent2], parentModel=integration.SimpleModel@70cb07c2, parentView=integration.SimpleView@37969d7, parentController=integration.SimpleController@1f4b6980, model=integration.SimpleModel@6ff00e38, view=integration.SimpleView@71a6da44, controller=integration.SimpleController@58b2a9e5, mvcGroup=org.codehaus.griffon.runtime.core.mvc.DefaultMVCGroup@2e3fd910[simple:simple]}
]]></system-out>
  <system-err><![CDATA[[Test worker] INFO org.codehaus.griffon.runtime.core.DefaultApplicationBootstrapper - Griffon 2.2.0-SNAPSHOT
[Test worker] INFO org.codehaus.griffon.runtime.core.DefaultApplicationBootstrapper - Build: 2015-02-12T14:10:59.247+0000
[Test worker] INFO org.codehaus.griffon.runtime.core.DefaultApplicationBootstrapper - JVM: 1.8.0_31 (Oracle Corporation 25.31-b07)
[Test worker] INFO org.codehaus.griffon.runtime.core.DefaultApplicationBootstrapper - OS: Linux 2.6.32-042stab090.5 amd64
[Test worker] INFO integration.TestGriffonApplication - Initializing all startup groups: [integration]
[Test worker] INFO integration.TestGriffonApplication - Initializing all integrationÂ startup groups: [sample]
[Test worker] INFO integration.TestGriffonApplication - Shutdown is in process
]]></system-err>
</testsuite>
