<?xml version="1.0" encoding="UTF-8"?>
<testsuite name="griffon.core.editors.StringPropertyEditorSpec" tests="4" skipped="0" failures="0" errors="0" timestamp="2015-02-19T15:56:25" hostname="testing-worker-linux-bb3654bb-2-23066-linux-19-51390683" time="0.007">
  <properties/>
  <testcase name="String literal 'null' should be equal to null" classname="griffon.core.editors.StringPropertyEditorSpec" time="0.004"/>
  <testcase name="String literal '' should be equal to " classname="griffon.core.editors.StringPropertyEditorSpec" time="0.0"/>
  <testcase name="String literal 'string' should be equal to string" classname="griffon.core.editors.StringPropertyEditorSpec" time="0.0"/>
  <testcase name="String literal 'java.lang.Object@7a7652ad' should be equal to java.lang.Object@7a7652ad" classname="griffon.core.editors.StringPropertyEditorSpec" time="0.001"/>
  <system-out><![CDATA[]]></system-out>
  <system-err><![CDATA[]]></system-err>
</testsuite>
