<?xml version="1.0" encoding="UTF-8"?>
<testsuite name="org.codehaus.griffon.runtime.core.AbstractObservableTest" tests="1" skipped="0" failures="0" errors="0" timestamp="2015-01-06T14:25:44" hostname="testing-worker-linux-2-1-15228-linux-11-46074597" time="0.029">
  <properties/>
  <testcase name="observableSetup" classname="org.codehaus.griffon.runtime.core.AbstractObservableTest" time="0.029"/>
  <system-out><![CDATA[]]></system-out>
  <system-err><![CDATA[]]></system-err>
</testsuite>
