<?xml version="1.0" encoding="UTF-8"?>
<testsuite name="griffon.util.TypeUtilsTest" tests="5" failures="0" errors="0" timestamp="2014-02-13T06:40:39" hostname="testing-worker-linux-5-2-31907-linux-18-18785418" time="0.004">
  <properties/>
  <testcase name="setEquality" classname="griffon.util.TypeUtilsTest" time="0.0"/>
  <testcase name="arrayEquality" classname="griffon.util.TypeUtilsTest" time="0.0"/>
  <testcase name="objectEquality" classname="griffon.util.TypeUtilsTest" time="0.0"/>
  <testcase name="mapEquality" classname="griffon.util.TypeUtilsTest" time="0.0"/>
  <testcase name="listEquality" classname="griffon.util.TypeUtilsTest" time="0.0"/>
  <system-out><![CDATA[]]></system-out>
  <system-err><![CDATA[]]></system-err>
</testsuite>
