<?xml version="1.0" encoding="UTF-8"?>
<testsuite name="griffon.core.editors.URLPropertyEditorSpec" tests="12" skipped="0" failures="0" errors="0" timestamp="2016-06-17T08:51:38" hostname="testing-gce-56385dbd-ad29-433a-b8e1-3c0b1e50f658.c.travis-ci-prod-2.internal" time="0.01">
  <properties/>
  <testcase name="URL literal 'null' should be equal to null" classname="griffon.core.editors.URLPropertyEditorSpec" time="0.002"/>
  <testcase name="URL literal '' should be equal to null" classname="griffon.core.editors.URLPropertyEditorSpec" time="0.0"/>
  <testcase name="URL literal ' ' should be equal to null" classname="griffon.core.editors.URLPropertyEditorSpec" time="0.001"/>
  <testcase name="URL literal 'http://localhost' should be equal to http://localhost" classname="griffon.core.editors.URLPropertyEditorSpec" time="0.002"/>
  <testcase name="URL literal '/' should be equal to file:/" classname="griffon.core.editors.URLPropertyEditorSpec" time="0.001"/>
  <testcase name="URL literal 'http://localhost' should be equal to http://localhost" classname="griffon.core.editors.URLPropertyEditorSpec" time="0.0"/>
  <testcase name="Invalid url literal 'garbage'" classname="griffon.core.editors.URLPropertyEditorSpec" time="0.0"/>
  <testcase name="Invalid url literal '[]'" classname="griffon.core.editors.URLPropertyEditorSpec" time="0.0"/>
  <testcase name="Invalid url literal '[1, 2, 3]'" classname="griffon.core.editors.URLPropertyEditorSpec" time="0.0"/>
  <testcase name="Invalid url literal '[:]'" classname="griffon.core.editors.URLPropertyEditorSpec" time="0.0"/>
  <testcase name="Invalid url literal '[key:value]'" classname="griffon.core.editors.URLPropertyEditorSpec" time="0.0"/>
  <testcase name="Invalid url literal 'java.lang.Object@27cf7617'" classname="griffon.core.editors.URLPropertyEditorSpec" time="0.001"/>
  <system-out><![CDATA[]]></system-out>
  <system-err><![CDATA[]]></system-err>
</testsuite>
