<?xml version="1.0" encoding="UTF-8"?>
<testsuite name="griffon.core.editors.BigIntegerPropertyEditorSpec" tests="15" skipped="0" failures="0" errors="0" timestamp="2014-11-29T16:38:26" hostname="testing-worker-linux-2-2-10303-linux-4-42484125" time="0.015">
  <properties/>
  <testcase name="BigInteger literal 'null' with format 'null' should be equal to null" classname="griffon.core.editors.BigIntegerPropertyEditorSpec" time="0.004"/>
  <testcase name="BigInteger literal '' with format 'null' should be equal to null" classname="griffon.core.editors.BigIntegerPropertyEditorSpec" time="0.001"/>
  <testcase name="BigInteger literal '1' with format 'null' should be equal to 1" classname="griffon.core.editors.BigIntegerPropertyEditorSpec" time="0.0"/>
  <testcase name="BigInteger literal '100%' with format 'percent' should be equal to 1" classname="griffon.core.editors.BigIntegerPropertyEditorSpec" time="0.0"/>
  <testcase name="BigInteger literal '$1.00' with format 'currency' should be equal to 1" classname="griffon.core.editors.BigIntegerPropertyEditorSpec" time="0.0"/>
  <testcase name="BigInteger literal '1' with format 'null' should be equal to 1" classname="griffon.core.editors.BigIntegerPropertyEditorSpec" time="0.0"/>
  <testcase name="BigInteger literal '1' with format 'null' should be equal to 1" classname="griffon.core.editors.BigIntegerPropertyEditorSpec" time="0.0"/>
  <testcase name="BigInteger literal '1' with format 'null' should be equal to 1" classname="griffon.core.editors.BigIntegerPropertyEditorSpec" time="0.001"/>
  <testcase name="Invalid biginteger literal 'garbage'" classname="griffon.core.editors.BigIntegerPropertyEditorSpec" time="0.0"/>
  <testcase name="Invalid biginteger literal '1, 2, 3'" classname="griffon.core.editors.BigIntegerPropertyEditorSpec" time="0.0"/>
  <testcase name="Invalid biginteger literal '[]'" classname="griffon.core.editors.BigIntegerPropertyEditorSpec" time="0.0"/>
  <testcase name="Invalid biginteger literal '[1, 2, 3]'" classname="griffon.core.editors.BigIntegerPropertyEditorSpec" time="0.0"/>
  <testcase name="Invalid biginteger literal '[:]'" classname="griffon.core.editors.BigIntegerPropertyEditorSpec" time="0.0"/>
  <testcase name="Invalid biginteger literal '[key:value]'" classname="griffon.core.editors.BigIntegerPropertyEditorSpec" time="0.001"/>
  <testcase name="Invalid biginteger literal 'java.lang.Object@4cf09f9b'" classname="griffon.core.editors.BigIntegerPropertyEditorSpec" time="0.001"/>
  <system-out><![CDATA[]]></system-out>
  <system-err><![CDATA[]]></system-err>
</testsuite>
