<?xml version="1.0" encoding="UTF-8"?>
<testsuite name="org.codehaus.griffon.runtime.core.i18n.CustomMessageSourceTests" tests="6" skipped="0" failures="0" errors="0" timestamp="2016-06-14T15:43:09" hostname="testing-gce-a9016c96-9b9e-41b7-a607-188e795cb1a9.c.travis-ci-prod-3.internal" time="0.108">
  <properties/>
  <testcase name="exerciseAllExceptionThrowingMethods" classname="org.codehaus.griffon.runtime.core.i18n.CustomMessageSourceTests" time="0.073"/>
  <testcase name="resolveMessageValueWithReferencedKey" classname="org.codehaus.griffon.runtime.core.i18n.CustomMessageSourceTests" time="0.002"/>
  <testcase name="invalidKeysInResourceBundle" classname="org.codehaus.griffon.runtime.core.i18n.CustomMessageSourceTests" time="0.001"/>
  <testcase name="exerciseAllMethodsWithDefaultMessage" classname="org.codehaus.griffon.runtime.core.i18n.CustomMessageSourceTests" time="0.007"/>
  <testcase name="getAllDefinedMessages" classname="org.codehaus.griffon.runtime.core.i18n.CustomMessageSourceTests" time="0.001"/>
  <testcase name="exerciseFormatMessage" classname="org.codehaus.griffon.runtime.core.i18n.CustomMessageSourceTests" time="0.004"/>
  <system-out><![CDATA[]]></system-out>
  <system-err><![CDATA[]]></system-err>
</testsuite>
