<?xml version="1.0" encoding="UTF-8"?>
<testsuite name="org.codehaus.griffon.runtime.core.resources.DefaultResourceResolverTests" tests="6" skipped="0" failures="0" errors="0" timestamp="2014-07-03T12:25:55" hostname="testing-worker-linux-9-1-461-linux-4-29051388" time="0.295">
  <properties/>
  <testcase name="exerciseFormatResource" classname="org.codehaus.griffon.runtime.core.resources.DefaultResourceResolverTests" time="0.172"/>
  <testcase name="resolveResourceValueWithReferencedKey" classname="org.codehaus.griffon.runtime.core.resources.DefaultResourceResolverTests" time="0.015"/>
  <testcase name="exerciseAllExceptionThrowingMethods" classname="org.codehaus.griffon.runtime.core.resources.DefaultResourceResolverTests" time="0.05"/>
  <testcase name="exerciseAllMethodsWithDefaultValue" classname="org.codehaus.griffon.runtime.core.resources.DefaultResourceResolverTests" time="0.017"/>
  <testcase name="resolveAllFormatsByProperties" classname="org.codehaus.griffon.runtime.core.resources.DefaultResourceResolverTests" time="0.006"/>
  <testcase name="resolveResourceFromCustomResourceResolver" classname="org.codehaus.griffon.runtime.core.resources.DefaultResourceResolverTests" time="0.03"/>
  <system-out><![CDATA[]]></system-out>
  <system-err><![CDATA[[Test worker] TRACE griffon.util.CompositeResourceBundle - Searching key=reference.key
[Test worker] TRACE griffon.util.CompositeResourceBundle - Bundle griffon.util.ExpandableResourceBundle@4103341a; key=reference.key; value='@[referenced.key]'
[Test worker] TRACE griffon.util.CompositeResourceBundle - Searching key=referenced.key
[Test worker] TRACE griffon.util.CompositeResourceBundle - Bundle griffon.util.ExpandableResourceBundle@4103341a; key=referenced.key; value='what's up doc?'
[Test worker] TRACE griffon.util.CompositeResourceBundle - Searching key=not.a.reference.key1
[Test worker] TRACE griffon.util.CompositeResourceBundle - Bundle griffon.util.ExpandableResourceBundle@4103341a; key=not.a.reference.key1; value='@[NOT'
[Test worker] TRACE griffon.util.CompositeResourceBundle - Searching key=not.a.reference.key2
[Test worker] TRACE griffon.util.CompositeResourceBundle - Bundle griffon.util.ExpandableResourceBundle@4103341a; key=not.a.reference.key2; value='NOT]'
[Test worker] TRACE griffon.util.CompositeResourceBundle - Searching key=not.a.reference.key3
[Test worker] TRACE griffon.util.CompositeResourceBundle - Bundle griffon.util.ExpandableResourceBundle@4103341a; key=not.a.reference.key3; value='@[]'
[Test worker] TRACE griffon.util.CompositeResourceBundle - Searching key=bogus
[Test worker] TRACE griffon.util.CompositeResourceBundle - Searching key=bogus
[Test worker] TRACE griffon.util.CompositeResourceBundle - Searching key=bogus
[Test worker] TRACE griffon.util.CompositeResourceBundle - Searching key=bogus
[Test worker] TRACE griffon.util.CompositeResourceBundle - Searching key=bogus
[Test worker] TRACE griffon.util.CompositeResourceBundle - Searching key=bogus
[Test worker] TRACE griffon.util.CompositeResourceBundle - Searching key=bogus
[Test worker] TRACE griffon.util.CompositeResourceBundle - Searching key=bogus
[Test worker] TRACE griffon.util.CompositeResourceBundle - Searching key=bogus
[Test worker] TRACE griffon.util.CompositeResourceBundle - Searching key=bogus
[Test worker] TRACE griffon.util.CompositeResourceBundle - Searching key=bogus
[Test worker] TRACE griffon.util.CompositeResourceBundle - Searching key=bogus
[Test worker] TRACE griffon.util.CompositeResourceBundle - Searching key=bogus
[Test worker] TRACE griffon.util.CompositeResourceBundle - Searching key=bogus
[Test worker] TRACE griffon.util.CompositeResourceBundle - Searching key=bogus
[Test worker] TRACE griffon.util.CompositeResourceBundle - Searching key=bogus
[Test worker] TRACE griffon.util.CompositeResourceBundle - Searching key=bogus
[Test worker] TRACE griffon.util.CompositeResourceBundle - Searching key=bogus
[Test worker] TRACE griffon.util.CompositeResourceBundle - Searching key=bogus
[Test worker] TRACE griffon.util.CompositeResourceBundle - Searching key=bogus
[Test worker] TRACE griffon.util.CompositeResourceBundle - Searching key=bogus
[Test worker] TRACE griffon.util.CompositeResourceBundle - Searching key=bogus
[Test worker] TRACE griffon.util.CompositeResourceBundle - Searching key=bogus
[Test worker] TRACE griffon.util.CompositeResourceBundle - Searching key=bogus
[Test worker] TRACE griffon.util.CompositeResourceBundle - Searching key=healthy.proverb.index
[Test worker] TRACE griffon.util.CompositeResourceBundle - Bundle griffon.util.ExpandableResourceBundle@4103341a; key=healthy.proverb.index; value='An {0} a day keeps the {1} away'
[Test worker] TRACE griffon.util.CompositeResourceBundle - Searching key=famous.quote.index
[Test worker] TRACE griffon.util.CompositeResourceBundle - Bundle griffon.util.ExpandableResourceBundle@4103341a; key=famous.quote.index; value='This is {0}!'
[Test worker] TRACE griffon.util.CompositeResourceBundle - Searching key=healthy.proverb.index
[Test worker] TRACE griffon.util.CompositeResourceBundle - Bundle griffon.util.ExpandableResourceBundle@4103341a; key=healthy.proverb.index; value='An {0} a day keeps the {1} away'
[Test worker] TRACE griffon.util.CompositeResourceBundle - Searching key=famous.quote.index
[Test worker] TRACE griffon.util.CompositeResourceBundle - Bundle griffon.util.ExpandableResourceBundle@4103341a; key=famous.quote.index; value='This is {0}!'
[Test worker] TRACE griffon.util.CompositeResourceBundle - Searching key=healthy.proverb.map
[Test worker] TRACE griffon.util.CompositeResourceBundle - Bundle griffon.util.ExpandableResourceBundle@4103341a; key=healthy.proverb.map; value='An {:fruit} a day keeps the {:occupation} away'
[Test worker] TRACE griffon.util.CompositeResourceBundle - Searching key=famous.quote.map
[Test worker] TRACE griffon.util.CompositeResourceBundle - Bundle griffon.util.ExpandableResourceBundle@4103341a; key=famous.quote.map; value='This is {:location}!'
[Test worker] TRACE griffon.util.CompositeResourceBundle - Searching key=healthy.proverb.bogus
[Test worker] TRACE griffon.util.CompositeResourceBundle - Searching key=famous.quote.bogus
[Test worker] TRACE griffon.util.CompositeResourceBundle - Searching key=healthy.proverb.bogus
[Test worker] TRACE griffon.util.CompositeResourceBundle - Searching key=famous.quote.bogus
[Test worker] TRACE griffon.util.CompositeResourceBundle - Searching key=healthy.proverb.bogus
[Test worker] TRACE griffon.util.CompositeResourceBundle - Searching key=famous.quote.bogus
]]></system-err>
</testsuite>
