<?xml version="1.0" encoding="UTF-8"?>
<testsuite name="org.codehaus.griffon.runtime.core.artifact.GriffonArtifactSpec" tests="25" skipped="0" failures="0" errors="0" timestamp="2014-11-05T19:34:01" hostname="testing-worker-linux-7-2-8506-linux-7-40098611" time="1.748">
  <properties/>
  <testcase name="Bootstrap application" classname="org.codehaus.griffon.runtime.core.artifact.GriffonArtifactSpec" time="1.168"/>
  <testcase name="Verify withMvcGroup(type , handler)" classname="org.codehaus.griffon.runtime.core.artifact.GriffonArtifactSpec" time="0.081"/>
  <testcase name="Verify withMvcGroup(type, id , handler)" classname="org.codehaus.griffon.runtime.core.artifact.GriffonArtifactSpec" time="0.035"/>
  <testcase name="Verify withMvcGroup(type, id, map , handler)" classname="org.codehaus.griffon.runtime.core.artifact.GriffonArtifactSpec" time="0.036"/>
  <testcase name="Verify withMvcGroup(type, map , handler)" classname="org.codehaus.griffon.runtime.core.artifact.GriffonArtifactSpec" time="0.031"/>
  <testcase name="Verify withMvcGroup(map, type, id , handler)" classname="org.codehaus.griffon.runtime.core.artifact.GriffonArtifactSpec" time="0.044"/>
  <testcase name="Verify withMvcGroup(map, type , handler)" classname="org.codehaus.griffon.runtime.core.artifact.GriffonArtifactSpec" time="0.079"/>
  <testcase name="Verify buildMVCGroup(type)" classname="org.codehaus.griffon.runtime.core.artifact.GriffonArtifactSpec" time="0.027"/>
  <testcase name="Verify buildMVCGroup(type, id)" classname="org.codehaus.griffon.runtime.core.artifact.GriffonArtifactSpec" time="0.022"/>
  <testcase name="Verify buildMVCGroup(type, map)" classname="org.codehaus.griffon.runtime.core.artifact.GriffonArtifactSpec" time="0.028"/>
  <testcase name="Verify buildMVCGroup(map, type)" classname="org.codehaus.griffon.runtime.core.artifact.GriffonArtifactSpec" time="0.016"/>
  <testcase name="Verify buildMVCGroup(type, id, map)" classname="org.codehaus.griffon.runtime.core.artifact.GriffonArtifactSpec" time="0.011"/>
  <testcase name="Verify buildMVCGroup(map, type, id)" classname="org.codehaus.griffon.runtime.core.artifact.GriffonArtifactSpec" time="0.013"/>
  <testcase name="Verify createMVCGroup(type)" classname="org.codehaus.griffon.runtime.core.artifact.GriffonArtifactSpec" time="0.017"/>
  <testcase name="Verify createMVCGroup(type, id)" classname="org.codehaus.griffon.runtime.core.artifact.GriffonArtifactSpec" time="0.016"/>
  <testcase name="Verify createMVCGroup(type, map)" classname="org.codehaus.griffon.runtime.core.artifact.GriffonArtifactSpec" time="0.014"/>
  <testcase name="Verify createMVCGroup(map, type)" classname="org.codehaus.griffon.runtime.core.artifact.GriffonArtifactSpec" time="0.012"/>
  <testcase name="Verify createMVCGroup(type, id, map)" classname="org.codehaus.griffon.runtime.core.artifact.GriffonArtifactSpec" time="0.012"/>
  <testcase name="Verify createMVCGroup(map, type, id)" classname="org.codehaus.griffon.runtime.core.artifact.GriffonArtifactSpec" time="0.011"/>
  <testcase name="Verify destroyMVCGroup(id)" classname="org.codehaus.griffon.runtime.core.artifact.GriffonArtifactSpec" time="0.01"/>
  <testcase name="Execute runnable inside UI sync" classname="org.codehaus.griffon.runtime.core.artifact.GriffonArtifactSpec" time="0.004"/>
  <testcase name="Execute runnable inside UI async" classname="org.codehaus.griffon.runtime.core.artifact.GriffonArtifactSpec" time="0.003"/>
  <testcase name="Execute runnable outside UI" classname="org.codehaus.griffon.runtime.core.artifact.GriffonArtifactSpec" time="0.003"/>
  <testcase name="Execute future" classname="org.codehaus.griffon.runtime.core.artifact.GriffonArtifactSpec" time="0.013"/>
  <testcase name="Execute future with ExecutorService" classname="org.codehaus.griffon.runtime.core.artifact.GriffonArtifactSpec" time="0.031"/>
  <system-out><![CDATA[{application=integration.TestGriffonApplication@3fc34fb3, mvcType=sample, mvcId=sample, configuration=MVCGroupConfiguration{mvcType='sample', members={model=integration.SimpleModel, view=integration.SimpleView, controller=integration.SimpleController}, config={}}, model=integration.SimpleModel@79fb44bd, view=integration.SimpleView@39bfb1db, controller=integration.SimpleController@f5927bd, mvcGroup=org.codehaus.griffon.runtime.core.mvc.DefaultMVCGroup@28b77a15[sample:sample]}
{application=integration.TestGriffonApplication@3fc34fb3, mvcType=simple, mvcId=simple, configuration=MVCGroupConfiguration{mvcType='simple', members={model=integration.SimpleModel, view=integration.SimpleView, controller=integration.SimpleController}, config={}}, parentGroup=org.codehaus.griffon.runtime.core.mvc.DefaultMVCGroup@4013224[integration:integration], parentView=integration.IntegrationView@5523fa3f, parentController=integration.IntegrationController@433ba918, parentModel=integration.IntegrationModel@172bbb46, model=integration.SimpleModel@518c3b19, view=integration.SimpleView@46dc6c09, controller=integration.SimpleController@57922878, mvcGroup=org.codehaus.griffon.runtime.core.mvc.DefaultMVCGroup@6aeb0ba8[simple:simple]}
{application=integration.TestGriffonApplication@3fc34fb3, mvcType=simple, mvcId=simple-1, configuration=MVCGroupConfiguration{mvcType='simple', members={model=integration.SimpleModel, view=integration.SimpleView, controller=integration.SimpleController}, config={}}, parentGroup=org.codehaus.griffon.runtime.core.mvc.DefaultMVCGroup@4013224[integration:integration], parentView=integration.IntegrationView@5523fa3f, parentController=integration.IntegrationController@433ba918, parentModel=integration.IntegrationModel@172bbb46, model=integration.SimpleModel@1f953c99, view=integration.SimpleView@32c40a58, controller=integration.SimpleController@522a14fe, mvcGroup=org.codehaus.griffon.runtime.core.mvc.DefaultMVCGroup@747042d7[simple:simple-1]}
{application=integration.TestGriffonApplication@3fc34fb3, mvcType=simple, mvcId=simple-2, configuration=MVCGroupConfiguration{mvcType='simple', members={model=integration.SimpleModel, view=integration.SimpleView, controller=integration.SimpleController}, config={}}, parentGroup=org.codehaus.griffon.runtime.core.mvc.DefaultMVCGroup@4013224[integration:integration], key=griffon, parentView=integration.IntegrationView@5523fa3f, parentController=integration.IntegrationController@433ba918, parentModel=integration.IntegrationModel@172bbb46, model=integration.SimpleModel@7a8560aa, view=integration.SimpleView@628a86b8, controller=integration.SimpleController@5c1a4f1f, mvcGroup=org.codehaus.griffon.runtime.core.mvc.DefaultMVCGroup@4e68123e[simple:simple-2]}
{application=integration.TestGriffonApplication@3fc34fb3, mvcType=simple, mvcId=simple, configuration=MVCGroupConfiguration{mvcType='simple', members={model=integration.SimpleModel, view=integration.SimpleView, controller=integration.SimpleController}, config={}}, parentGroup=org.codehaus.griffon.runtime.core.mvc.DefaultMVCGroup@4013224[integration:integration], key=griffon, parentView=integration.IntegrationView@5523fa3f, parentController=integration.IntegrationController@433ba918, parentModel=integration.IntegrationModel@172bbb46, model=integration.SimpleModel@7fad07d6, view=integration.SimpleView@3de674da, controller=integration.SimpleController@4f35d716, mvcGroup=org.codehaus.griffon.runtime.core.mvc.DefaultMVCGroup@3b108b91[simple:simple]}
{application=integration.TestGriffonApplication@3fc34fb3, mvcType=simple, mvcId=simple-2, configuration=MVCGroupConfiguration{mvcType='simple', members={model=integration.SimpleModel, view=integration.SimpleView, controller=integration.SimpleController}, config={}}, parentGroup=org.codehaus.griffon.runtime.core.mvc.DefaultMVCGroup@4013224[integration:integration], key=griffon, parentView=integration.IntegrationView@5523fa3f, parentController=integration.IntegrationController@433ba918, parentModel=integration.IntegrationModel@172bbb46, model=integration.SimpleModel@46693fb, view=integration.SimpleView@16f7a47d, controller=integration.SimpleController@707b8a66, mvcGroup=org.codehaus.griffon.runtime.core.mvc.DefaultMVCGroup@54c09148[simple:simple-2]}
{application=integration.TestGriffonApplication@3fc34fb3, mvcType=simple, mvcId=simple, configuration=MVCGroupConfiguration{mvcType='simple', members={model=integration.SimpleModel, view=integration.SimpleView, controller=integration.SimpleController}, config={}}, parentGroup=org.codehaus.griffon.runtime.core.mvc.DefaultMVCGroup@4013224[integration:integration], key=griffon, parentView=integration.IntegrationView@5523fa3f, parentController=integration.IntegrationController@433ba918, parentModel=integration.IntegrationModel@172bbb46, model=integration.SimpleModel@1ca6c022, view=integration.SimpleView@7009bfe0, controller=integration.SimpleController@6868df91, mvcGroup=org.codehaus.griffon.runtime.core.mvc.DefaultMVCGroup@2dfdbe8b[simple:simple]}
{application=integration.TestGriffonApplication@3fc34fb3, mvcType=simple, mvcId=simple, configuration=MVCGroupConfiguration{mvcType='simple', members={model=integration.SimpleModel, view=integration.SimpleView, controller=integration.SimpleController}, config={}}, parentGroup=org.codehaus.griffon.runtime.core.mvc.DefaultMVCGroup@4013224[integration:integration], parentView=integration.IntegrationView@5523fa3f, parentController=integration.IntegrationController@433ba918, parentModel=integration.IntegrationModel@172bbb46, model=integration.SimpleModel@55dfcca8, view=integration.SimpleView@33297b59, controller=integration.SimpleController@2d3982bb, mvcGroup=org.codehaus.griffon.runtime.core.mvc.DefaultMVCGroup@3c805be3[simple:simple]}
{application=integration.TestGriffonApplication@3fc34fb3, mvcType=simple, mvcId=simple-1, configuration=MVCGroupConfiguration{mvcType='simple', members={model=integration.SimpleModel, view=integration.SimpleView, controller=integration.SimpleController}, config={}}, parentGroup=org.codehaus.griffon.runtime.core.mvc.DefaultMVCGroup@4013224[integration:integration], parentView=integration.IntegrationView@5523fa3f, parentController=integration.IntegrationController@433ba918, parentModel=integration.IntegrationModel@172bbb46, model=integration.SimpleModel@6f1a285f, view=integration.SimpleView@ed7535d, controller=integration.SimpleController@30365e27, mvcGroup=org.codehaus.griffon.runtime.core.mvc.DefaultMVCGroup@2ce959b4[simple:simple-1]}
{application=integration.TestGriffonApplication@3fc34fb3, mvcType=simple, mvcId=simple, configuration=MVCGroupConfiguration{mvcType='simple', members={model=integration.SimpleModel, view=integration.SimpleView, controller=integration.SimpleController}, config={}}, parentGroup=org.codehaus.griffon.runtime.core.mvc.DefaultMVCGroup@4013224[integration:integration], key=griffon, parentView=integration.IntegrationView@5523fa3f, parentController=integration.IntegrationController@433ba918, parentModel=integration.IntegrationModel@172bbb46, model=integration.SimpleModel@120fd4a6, view=integration.SimpleView@26763001, controller=integration.SimpleController@2433858e, mvcGroup=org.codehaus.griffon.runtime.core.mvc.DefaultMVCGroup@42715c45[simple:simple]}
{application=integration.TestGriffonApplication@3fc34fb3, mvcType=simple, mvcId=simple, configuration=MVCGroupConfiguration{mvcType='simple', members={model=integration.SimpleModel, view=integration.SimpleView, controller=integration.SimpleController}, config={}}, parentGroup=org.codehaus.griffon.runtime.core.mvc.DefaultMVCGroup@4013224[integration:integration], key=griffon, parentView=integration.IntegrationView@5523fa3f, parentController=integration.IntegrationController@433ba918, parentModel=integration.IntegrationModel@172bbb46, model=integration.SimpleModel@39d6c1b6, view=integration.SimpleView@1713cf7, controller=integration.SimpleController@492adbe8, mvcGroup=org.codehaus.griffon.runtime.core.mvc.DefaultMVCGroup@5fd975d6[simple:simple]}
{application=integration.TestGriffonApplication@3fc34fb3, mvcType=simple, mvcId=simple-2, configuration=MVCGroupConfiguration{mvcType='simple', members={model=integration.SimpleModel, view=integration.SimpleView, controller=integration.SimpleController}, config={}}, parentGroup=org.codehaus.griffon.runtime.core.mvc.DefaultMVCGroup@4013224[integration:integration], key=griffon, parentView=integration.IntegrationView@5523fa3f, parentController=integration.IntegrationController@433ba918, parentModel=integration.IntegrationModel@172bbb46, model=integration.SimpleModel@500dc4ea, view=integration.SimpleView@5813cc98, controller=integration.SimpleController@4779a9e9, mvcGroup=org.codehaus.griffon.runtime.core.mvc.DefaultMVCGroup@531a0315[simple:simple-2]}
{application=integration.TestGriffonApplication@3fc34fb3, mvcType=simple, mvcId=simple-2, configuration=MVCGroupConfiguration{mvcType='simple', members={model=integration.SimpleModel, view=integration.SimpleView, controller=integration.SimpleController}, config={}}, parentGroup=org.codehaus.griffon.runtime.core.mvc.DefaultMVCGroup@4013224[integration:integration], key=griffon, parentView=integration.IntegrationView@5523fa3f, parentController=integration.IntegrationController@433ba918, parentModel=integration.IntegrationModel@172bbb46, model=integration.SimpleModel@6d8ea708, view=integration.SimpleView@2b3fd12d, controller=integration.SimpleController@21031342, mvcGroup=org.codehaus.griffon.runtime.core.mvc.DefaultMVCGroup@2202aedc[simple:simple-2]}
{application=integration.TestGriffonApplication@3fc34fb3, mvcType=simple, mvcId=simple, configuration=MVCGroupConfiguration{mvcType='simple', members={model=integration.SimpleModel, view=integration.SimpleView, controller=integration.SimpleController}, config={}}, parentGroup=org.codehaus.griffon.runtime.core.mvc.DefaultMVCGroup@4013224[integration:integration], parentView=integration.IntegrationView@5523fa3f, parentController=integration.IntegrationController@433ba918, parentModel=integration.IntegrationModel@172bbb46, model=integration.SimpleModel@3aaceb73, view=integration.SimpleView@6f4ff3b2, controller=integration.SimpleController@566f741a, mvcGroup=org.codehaus.griffon.runtime.core.mvc.DefaultMVCGroup@61ac4445[simple:simple]}
{application=integration.TestGriffonApplication@3fc34fb3, mvcType=simple, mvcId=simple-1, configuration=MVCGroupConfiguration{mvcType='simple', members={model=integration.SimpleModel, view=integration.SimpleView, controller=integration.SimpleController}, config={}}, parentGroup=org.codehaus.griffon.runtime.core.mvc.DefaultMVCGroup@4013224[integration:integration], parentView=integration.IntegrationView@5523fa3f, parentController=integration.IntegrationController@433ba918, parentModel=integration.IntegrationModel@172bbb46, model=integration.SimpleModel@22be61a, view=integration.SimpleView@844df73, controller=integration.SimpleController@75ea9a8, mvcGroup=org.codehaus.griffon.runtime.core.mvc.DefaultMVCGroup@366993f8[simple:simple-1]}
{application=integration.TestGriffonApplication@3fc34fb3, mvcType=simple, mvcId=simple, configuration=MVCGroupConfiguration{mvcType='simple', members={model=integration.SimpleModel, view=integration.SimpleView, controller=integration.SimpleController}, config={}}, parentGroup=org.codehaus.griffon.runtime.core.mvc.DefaultMVCGroup@4013224[integration:integration], key=griffon, parentView=integration.IntegrationView@5523fa3f, parentController=integration.IntegrationController@433ba918, parentModel=integration.IntegrationModel@172bbb46, model=integration.SimpleModel@45be4d48, view=integration.SimpleView@37dfbfbe, controller=integration.SimpleController@4d531cee, mvcGroup=org.codehaus.griffon.runtime.core.mvc.DefaultMVCGroup@7cb4f394[simple:simple]}
{application=integration.TestGriffonApplication@3fc34fb3, mvcType=simple, mvcId=simple, configuration=MVCGroupConfiguration{mvcType='simple', members={model=integration.SimpleModel, view=integration.SimpleView, controller=integration.SimpleController}, config={}}, parentGroup=org.codehaus.griffon.runtime.core.mvc.DefaultMVCGroup@4013224[integration:integration], key=griffon, parentView=integration.IntegrationView@5523fa3f, parentController=integration.IntegrationController@433ba918, parentModel=integration.IntegrationModel@172bbb46, model=integration.SimpleModel@7556bc19, view=integration.SimpleView@1433fec, controller=integration.SimpleController@5a305403, mvcGroup=org.codehaus.griffon.runtime.core.mvc.DefaultMVCGroup@5a06d4c7[simple:simple]}
{application=integration.TestGriffonApplication@3fc34fb3, mvcType=simple, mvcId=simple-2, configuration=MVCGroupConfiguration{mvcType='simple', members={model=integration.SimpleModel, view=integration.SimpleView, controller=integration.SimpleController}, config={}}, parentGroup=org.codehaus.griffon.runtime.core.mvc.DefaultMVCGroup@4013224[integration:integration], key=griffon, parentView=integration.IntegrationView@5523fa3f, parentController=integration.IntegrationController@433ba918, parentModel=integration.IntegrationModel@172bbb46, model=integration.SimpleModel@5a9c3112, view=integration.SimpleView@3650766a, controller=integration.SimpleController@2cd5a207, mvcGroup=org.codehaus.griffon.runtime.core.mvc.DefaultMVCGroup@94ccedf[simple:simple-2]}
{application=integration.TestGriffonApplication@3fc34fb3, mvcType=simple, mvcId=simple-2, configuration=MVCGroupConfiguration{mvcType='simple', members={model=integration.SimpleModel, view=integration.SimpleView, controller=integration.SimpleController}, config={}}, parentGroup=org.codehaus.griffon.runtime.core.mvc.DefaultMVCGroup@4013224[integration:integration], key=griffon, parentView=integration.IntegrationView@5523fa3f, parentController=integration.IntegrationController@433ba918, parentModel=integration.IntegrationModel@172bbb46, model=integration.SimpleModel@32e36a45, view=integration.SimpleView@7b5a955, controller=integration.SimpleController@6f1e63e, mvcGroup=org.codehaus.griffon.runtime.core.mvc.DefaultMVCGroup@6924ea09[simple:simple-2]}
{application=integration.TestGriffonApplication@3fc34fb3, mvcType=simple, mvcId=simple, configuration=MVCGroupConfiguration{mvcType='simple', members={model=integration.SimpleModel, view=integration.SimpleView, controller=integration.SimpleController}, config={}}, parentGroup=org.codehaus.griffon.runtime.core.mvc.DefaultMVCGroup@4013224[integration:integration], parentView=integration.IntegrationView@5523fa3f, parentController=integration.IntegrationController@433ba918, parentModel=integration.IntegrationModel@172bbb46, model=integration.SimpleModel@40bc042a, view=integration.SimpleView@6a69e269, controller=integration.SimpleController@6320290c, mvcGroup=org.codehaus.griffon.runtime.core.mvc.DefaultMVCGroup@2d9af3c3[simple:simple]}
]]></system-out>
  <system-err><![CDATA[[Test worker] INFO org.codehaus.griffon.runtime.core.DefaultApplicationBootstrapper - Griffon 2.1.0-SNAPSHOT
[Test worker] INFO org.codehaus.griffon.runtime.core.DefaultApplicationBootstrapper - Build: 2014-11-05T19:28:22.258+0000
[Test worker] INFO org.codehaus.griffon.runtime.core.DefaultApplicationBootstrapper - JVM: 1.8.0_25 (Oracle Corporation 25.25-b02)
[Test worker] INFO org.codehaus.griffon.runtime.core.DefaultApplicationBootstrapper - OS: Linux 2.6.32-042stab090.5 amd64
[Test worker] INFO integration.TestGriffonApplication - Initializing all startup groups: [integration]
[Test worker] INFO integration.TestGriffonApplication - Initializing all integration startup groups: [sample]
[Test worker] INFO integration.TestGriffonApplication - Shutdown is in process
]]></system-err>
</testsuite>
