<?xml version="1.0" encoding="UTF-8"?>
<testsuite name="griffon.core.editors.BigDecimalPropertyEditorSpec" tests="15" failures="0" errors="0" timestamp="2014-02-17T20:49:00" hostname="testing-worker-linux-2-2-30281-linux-3-19064236" time="0.083">
  <properties/>
  <testcase name="BigDecimal literal 'null' with format 'null' should be equal to null" classname="griffon.core.editors.BigDecimalPropertyEditorSpec" time="0.01"/>
  <testcase name="BigDecimal literal '' with format 'null' should be equal to null" classname="griffon.core.editors.BigDecimalPropertyEditorSpec" time="0.001"/>
  <testcase name="BigDecimal literal '1' with format 'null' should be equal to 1" classname="griffon.core.editors.BigDecimalPropertyEditorSpec" time="0.001"/>
  <testcase name="BigDecimal literal '100%' with format 'percent' should be equal to 1" classname="griffon.core.editors.BigDecimalPropertyEditorSpec" time="0.005"/>
  <testcase name="BigDecimal literal '$1.00' with format 'currency' should be equal to 1" classname="griffon.core.editors.BigDecimalPropertyEditorSpec" time="0.008"/>
  <testcase name="BigDecimal literal '1' with format 'null' should be equal to 1" classname="griffon.core.editors.BigDecimalPropertyEditorSpec" time="0.001"/>
  <testcase name="BigDecimal literal '1' with format 'null' should be equal to 1" classname="griffon.core.editors.BigDecimalPropertyEditorSpec" time="0.001"/>
  <testcase name="BigDecimal literal '1' with format 'null' should be equal to 1" classname="griffon.core.editors.BigDecimalPropertyEditorSpec" time="0.001"/>
  <testcase name="Invalid bigdecimal literal 'garbage'" classname="griffon.core.editors.BigDecimalPropertyEditorSpec" time="0.01"/>
  <testcase name="Invalid bigdecimal literal '1, 2, 3'" classname="griffon.core.editors.BigDecimalPropertyEditorSpec" time="0.006"/>
  <testcase name="Invalid bigdecimal literal '[]'" classname="griffon.core.editors.BigDecimalPropertyEditorSpec" time="0.001"/>
  <testcase name="Invalid bigdecimal literal '[1, 2, 3]'" classname="griffon.core.editors.BigDecimalPropertyEditorSpec" time="0.008"/>
  <testcase name="Invalid bigdecimal literal '[:]'" classname="griffon.core.editors.BigDecimalPropertyEditorSpec" time="0.001"/>
  <testcase name="Invalid bigdecimal literal '[key:value]'" classname="griffon.core.editors.BigDecimalPropertyEditorSpec" time="0.001"/>
  <testcase name="Invalid bigdecimal literal 'java.lang.Object@193e6be6'" classname="griffon.core.editors.BigDecimalPropertyEditorSpec" time="0.001"/>
  <system-out><![CDATA[]]></system-out>
  <system-err><![CDATA[]]></system-err>
</testsuite>
