<?xml version="1.0" encoding="UTF-8"?>
<testsuite name="org.codehaus.griffon.runtime.core.artifact.GriffonArtifactSpec" tests="25" skipped="0" failures="0" errors="0" timestamp="2015-02-16T19:26:48" hostname="testing-worker-linux-c55820f2-2-18643-linux-15-50983192" time="0.252">
  <properties/>
  <testcase name="Bootstrap application" classname="org.codehaus.griffon.runtime.core.artifact.GriffonArtifactSpec" time="0.072"/>
  <testcase name="Verify withMvcGroup(type , handler)" classname="org.codehaus.griffon.runtime.core.artifact.GriffonArtifactSpec" time="0.014"/>
  <testcase name="Verify withMvcGroup(type, id , handler)" classname="org.codehaus.griffon.runtime.core.artifact.GriffonArtifactSpec" time="0.012"/>
  <testcase name="Verify withMvcGroup(type, id, map , handler)" classname="org.codehaus.griffon.runtime.core.artifact.GriffonArtifactSpec" time="0.012"/>
  <testcase name="Verify withMvcGroup(type, map , handler)" classname="org.codehaus.griffon.runtime.core.artifact.GriffonArtifactSpec" time="0.015"/>
  <testcase name="Verify withMvcGroup(map, type, id , handler)" classname="org.codehaus.griffon.runtime.core.artifact.GriffonArtifactSpec" time="0.012"/>
  <testcase name="Verify withMvcGroup(map, type , handler)" classname="org.codehaus.griffon.runtime.core.artifact.GriffonArtifactSpec" time="0.012"/>
  <testcase name="Verify createMVCGroup(type)" classname="org.codehaus.griffon.runtime.core.artifact.GriffonArtifactSpec" time="0.007"/>
  <testcase name="Verify createMVCGroup(type, id)" classname="org.codehaus.griffon.runtime.core.artifact.GriffonArtifactSpec" time="0.006"/>
  <testcase name="Verify createMVCGroup(type, map)" classname="org.codehaus.griffon.runtime.core.artifact.GriffonArtifactSpec" time="0.009"/>
  <testcase name="Verify createMVCGroup(map, type)" classname="org.codehaus.griffon.runtime.core.artifact.GriffonArtifactSpec" time="0.007"/>
  <testcase name="Verify createMVCGroup(type, id, map)" classname="org.codehaus.griffon.runtime.core.artifact.GriffonArtifactSpec" time="0.007"/>
  <testcase name="Verify createMVCGroup(map, type, id)" classname="org.codehaus.griffon.runtime.core.artifact.GriffonArtifactSpec" time="0.006"/>
  <testcase name="Verify createMVC(type)" classname="org.codehaus.griffon.runtime.core.artifact.GriffonArtifactSpec" time="0.01"/>
  <testcase name="Verify createMVC(type, id)" classname="org.codehaus.griffon.runtime.core.artifact.GriffonArtifactSpec" time="0.007"/>
  <testcase name="Verify createMVC(type, map)" classname="org.codehaus.griffon.runtime.core.artifact.GriffonArtifactSpec" time="0.006"/>
  <testcase name="Verify createMVC(map, type)" classname="org.codehaus.griffon.runtime.core.artifact.GriffonArtifactSpec" time="0.006"/>
  <testcase name="Verify createMVC(type, id, map)" classname="org.codehaus.griffon.runtime.core.artifact.GriffonArtifactSpec" time="0.006"/>
  <testcase name="Verify createMVC(map, type, id)" classname="org.codehaus.griffon.runtime.core.artifact.GriffonArtifactSpec" time="0.006"/>
  <testcase name="Verify destroyMVCGroup(id)" classname="org.codehaus.griffon.runtime.core.artifact.GriffonArtifactSpec" time="0.007"/>
  <testcase name="Execute runnable inside UI sync" classname="org.codehaus.griffon.runtime.core.artifact.GriffonArtifactSpec" time="0.002"/>
  <testcase name="Execute runnable inside UI async" classname="org.codehaus.griffon.runtime.core.artifact.GriffonArtifactSpec" time="0.002"/>
  <testcase name="Execute runnable outside UI" classname="org.codehaus.griffon.runtime.core.artifact.GriffonArtifactSpec" time="0.002"/>
  <testcase name="Execute future" classname="org.codehaus.griffon.runtime.core.artifact.GriffonArtifactSpec" time="0.002"/>
  <testcase name="Execute future with ExecutorService" classname="org.codehaus.griffon.runtime.core.artifact.GriffonArtifactSpec" time="0.003"/>
  <system-out><![CDATA[{application=integration.TestGriffonApplication@3b08120a, mvcType=sample, mvcId=sample, configuration=MVCGroupConfiguration{mvcType='sample', members={model=integration.SimpleModel, view=integration.SimpleView, controller=integration.SimpleController}, config={}}, model=integration.SimpleModel@644447c0, view=integration.SimpleView@2472802b, controller=integration.SimpleController@4e467ab4, mvcGroup=org.codehaus.griffon.runtime.core.mvc.DefaultMVCGroup@26d201ac[sample:sample]}
{application=integration.TestGriffonApplication@3b08120a, mvcType=simple, mvcId=simple, configuration=MVCGroupConfiguration{mvcType='simple', members={model=integration.SimpleModel, view=integration.SimpleView, controller=integration.SimpleController}, config={}}, parentGroup=org.codehaus.griffon.runtime.core.mvc.DefaultMVCGroup@367b5e9f[integration:integration], parentView=integration.IntegrationView@74ec3fdb, parentController=integration.IntegrationController@3b92f561, parentModel=integration.IntegrationModel@74b9bd4, model=integration.SimpleModel@a12fd25, view=integration.SimpleView@5e814d8, controller=integration.SimpleController@4d32798b, mvcGroup=org.codehaus.griffon.runtime.core.mvc.DefaultMVCGroup@50545edd[simple:simple]}
{application=integration.TestGriffonApplication@3b08120a, mvcType=simple, mvcId=simple-1, configuration=MVCGroupConfiguration{mvcType='simple', members={model=integration.SimpleModel, view=integration.SimpleView, controller=integration.SimpleController}, config={}}, parentGroup=org.codehaus.griffon.runtime.core.mvc.DefaultMVCGroup@367b5e9f[integration:integration], parentView=integration.IntegrationView@74ec3fdb, parentController=integration.IntegrationController@3b92f561, parentModel=integration.IntegrationModel@74b9bd4, model=integration.SimpleModel@3e1486de, view=integration.SimpleView@77374c10, controller=integration.SimpleController@2b8f44d9, mvcGroup=org.codehaus.griffon.runtime.core.mvc.DefaultMVCGroup@5a9718d2[simple:simple-1]}
{application=integration.TestGriffonApplication@3b08120a, mvcType=simple, mvcId=simple-2, configuration=MVCGroupConfiguration{mvcType='simple', members={model=integration.SimpleModel, view=integration.SimpleView, controller=integration.SimpleController}, config={}}, parentGroup=org.codehaus.griffon.runtime.core.mvc.DefaultMVCGroup@367b5e9f[integration:integration], key=griffon, parentView=integration.IntegrationView@74ec3fdb, parentController=integration.IntegrationController@3b92f561, parentModel=integration.IntegrationModel@74b9bd4, model=integration.SimpleModel@5b3a13f0, view=integration.SimpleView@4edc479a, controller=integration.SimpleController@7253279d, mvcGroup=org.codehaus.griffon.runtime.core.mvc.DefaultMVCGroup@ca8af5c[simple:simple-2]}
{application=integration.TestGriffonApplication@3b08120a, mvcType=simple, mvcId=simple, configuration=MVCGroupConfiguration{mvcType='simple', members={model=integration.SimpleModel, view=integration.SimpleView, controller=integration.SimpleController}, config={}}, parentGroup=org.codehaus.griffon.runtime.core.mvc.DefaultMVCGroup@367b5e9f[integration:integration], key=griffon, parentView=integration.IntegrationView@74ec3fdb, parentController=integration.IntegrationController@3b92f561, parentModel=integration.IntegrationModel@74b9bd4, model=integration.SimpleModel@534f5560, view=integration.SimpleView@43d3f602, controller=integration.SimpleController@481ac977, mvcGroup=org.codehaus.griffon.runtime.core.mvc.DefaultMVCGroup@8cb4387[simple:simple]}
{application=integration.TestGriffonApplication@3b08120a, mvcType=simple, mvcId=simple-2, configuration=MVCGroupConfiguration{mvcType='simple', members={model=integration.SimpleModel, view=integration.SimpleView, controller=integration.SimpleController}, config={}}, parentGroup=org.codehaus.griffon.runtime.core.mvc.DefaultMVCGroup@367b5e9f[integration:integration], key=griffon, parentView=integration.IntegrationView@74ec3fdb, parentController=integration.IntegrationController@3b92f561, parentModel=integration.IntegrationModel@74b9bd4, model=integration.SimpleModel@6e1cc4f3, view=integration.SimpleView@3bec3799, controller=integration.SimpleController@39f312b3, mvcGroup=org.codehaus.griffon.runtime.core.mvc.DefaultMVCGroup@27830b4a[simple:simple-2]}
{application=integration.TestGriffonApplication@3b08120a, mvcType=simple, mvcId=simple, configuration=MVCGroupConfiguration{mvcType='simple', members={model=integration.SimpleModel, view=integration.SimpleView, controller=integration.SimpleController}, config={}}, parentGroup=org.codehaus.griffon.runtime.core.mvc.DefaultMVCGroup@367b5e9f[integration:integration], key=griffon, parentView=integration.IntegrationView@74ec3fdb, parentController=integration.IntegrationController@3b92f561, parentModel=integration.IntegrationModel@74b9bd4, model=integration.SimpleModel@6f63047a, view=integration.SimpleView@1072faa8, controller=integration.SimpleController@2647027b, mvcGroup=org.codehaus.griffon.runtime.core.mvc.DefaultMVCGroup@5a73bfdb[simple:simple]}
{application=integration.TestGriffonApplication@3b08120a, mvcType=simple, mvcId=simple, configuration=MVCGroupConfiguration{mvcType='simple', members={model=integration.SimpleModel, view=integration.SimpleView, controller=integration.SimpleController}, config={}}, parentGroup=org.codehaus.griffon.runtime.core.mvc.DefaultMVCGroup@367b5e9f[integration:integration], parentView=integration.IntegrationView@74ec3fdb, parentController=integration.IntegrationController@3b92f561, parentModel=integration.IntegrationModel@74b9bd4, model=integration.SimpleModel@8edb3ac, view=integration.SimpleView@48b23cb7, controller=integration.SimpleController@424594f1, mvcGroup=org.codehaus.griffon.runtime.core.mvc.DefaultMVCGroup@37905cad[simple:simple]}
{application=integration.TestGriffonApplication@3b08120a, mvcType=simple, mvcId=simple-1, configuration=MVCGroupConfiguration{mvcType='simple', members={model=integration.SimpleModel, view=integration.SimpleView, controller=integration.SimpleController}, config={}}, parentGroup=org.codehaus.griffon.runtime.core.mvc.DefaultMVCGroup@367b5e9f[integration:integration], parentView=integration.IntegrationView@74ec3fdb, parentController=integration.IntegrationController@3b92f561, parentModel=integration.IntegrationModel@74b9bd4, model=integration.SimpleModel@5205e920, view=integration.SimpleView@b0b3053, controller=integration.SimpleController@6587cfdf, mvcGroup=org.codehaus.griffon.runtime.core.mvc.DefaultMVCGroup@50c782f6[simple:simple-1]}
{application=integration.TestGriffonApplication@3b08120a, mvcType=simple, mvcId=simple, configuration=MVCGroupConfiguration{mvcType='simple', members={model=integration.SimpleModel, view=integration.SimpleView, controller=integration.SimpleController}, config={}}, parentGroup=org.codehaus.griffon.runtime.core.mvc.DefaultMVCGroup@367b5e9f[integration:integration], key=griffon, parentView=integration.IntegrationView@74ec3fdb, parentController=integration.IntegrationController@3b92f561, parentModel=integration.IntegrationModel@74b9bd4, model=integration.SimpleModel@2df62d27, view=integration.SimpleView@7f2d0962, controller=integration.SimpleController@248fc86f, mvcGroup=org.codehaus.griffon.runtime.core.mvc.DefaultMVCGroup@48332e3a[simple:simple]}
{application=integration.TestGriffonApplication@3b08120a, mvcType=simple, mvcId=simple, configuration=MVCGroupConfiguration{mvcType='simple', members={model=integration.SimpleModel, view=integration.SimpleView, controller=integration.SimpleController}, config={}}, parentGroup=org.codehaus.griffon.runtime.core.mvc.DefaultMVCGroup@367b5e9f[integration:integration], key=griffon, parentView=integration.IntegrationView@74ec3fdb, parentController=integration.IntegrationController@3b92f561, parentModel=integration.IntegrationModel@74b9bd4, model=integration.SimpleModel@4341c8f3, view=integration.SimpleView@19d7ac44, controller=integration.SimpleController@484403ba, mvcGroup=org.codehaus.griffon.runtime.core.mvc.DefaultMVCGroup@194d8f61[simple:simple]}
{application=integration.TestGriffonApplication@3b08120a, mvcType=simple, mvcId=simple-2, configuration=MVCGroupConfiguration{mvcType='simple', members={model=integration.SimpleModel, view=integration.SimpleView, controller=integration.SimpleController}, config={}}, parentGroup=org.codehaus.griffon.runtime.core.mvc.DefaultMVCGroup@367b5e9f[integration:integration], key=griffon, parentView=integration.IntegrationView@74ec3fdb, parentController=integration.IntegrationController@3b92f561, parentModel=integration.IntegrationModel@74b9bd4, model=integration.SimpleModel@7017f9b3, view=integration.SimpleView@18266dd8, controller=integration.SimpleController@6d65cf3a, mvcGroup=org.codehaus.griffon.runtime.core.mvc.DefaultMVCGroup@fd601ff[simple:simple-2]}
{application=integration.TestGriffonApplication@3b08120a, mvcType=simple, mvcId=simple-2, configuration=MVCGroupConfiguration{mvcType='simple', members={model=integration.SimpleModel, view=integration.SimpleView, controller=integration.SimpleController}, config={}}, parentGroup=org.codehaus.griffon.runtime.core.mvc.DefaultMVCGroup@367b5e9f[integration:integration], key=griffon, parentView=integration.IntegrationView@74ec3fdb, parentController=integration.IntegrationController@3b92f561, parentModel=integration.IntegrationModel@74b9bd4, model=integration.SimpleModel@6ba056aa, view=integration.SimpleView@287f48fb, controller=integration.SimpleController@17196df2, mvcGroup=org.codehaus.griffon.runtime.core.mvc.DefaultMVCGroup@4ad9e1c5[simple:simple-2]}
{application=integration.TestGriffonApplication@3b08120a, mvcType=simple, mvcId=simple, configuration=MVCGroupConfiguration{mvcType='simple', members={model=integration.SimpleModel, view=integration.SimpleView, controller=integration.SimpleController}, config={}}, parentGroup=org.codehaus.griffon.runtime.core.mvc.DefaultMVCGroup@367b5e9f[integration:integration], parentView=integration.IntegrationView@74ec3fdb, parentController=integration.IntegrationController@3b92f561, parentModel=integration.IntegrationModel@74b9bd4, model=integration.SimpleModel@2325eb32, view=integration.SimpleView@71cf473d, controller=integration.SimpleController@2de5d20b, mvcGroup=org.codehaus.griffon.runtime.core.mvc.DefaultMVCGroup@2837d9bb[simple:simple]}
{application=integration.TestGriffonApplication@3b08120a, mvcType=simple, mvcId=simple-1, configuration=MVCGroupConfiguration{mvcType='simple', members={model=integration.SimpleModel, view=integration.SimpleView, controller=integration.SimpleController}, config={}}, parentGroup=org.codehaus.griffon.runtime.core.mvc.DefaultMVCGroup@367b5e9f[integration:integration], parentView=integration.IntegrationView@74ec3fdb, parentController=integration.IntegrationController@3b92f561, parentModel=integration.IntegrationModel@74b9bd4, model=integration.SimpleModel@2f3a86ee, view=integration.SimpleView@2ccc7c88, controller=integration.SimpleController@3a2092ab, mvcGroup=org.codehaus.griffon.runtime.core.mvc.DefaultMVCGroup@20a2f670[simple:simple-1]}
{application=integration.TestGriffonApplication@3b08120a, mvcType=simple, mvcId=simple, configuration=MVCGroupConfiguration{mvcType='simple', members={model=integration.SimpleModel, view=integration.SimpleView, controller=integration.SimpleController}, config={}}, parentGroup=org.codehaus.griffon.runtime.core.mvc.DefaultMVCGroup@367b5e9f[integration:integration], key=griffon, parentView=integration.IntegrationView@74ec3fdb, parentController=integration.IntegrationController@3b92f561, parentModel=integration.IntegrationModel@74b9bd4, model=integration.SimpleModel@14b306a2, view=integration.SimpleView@2ab87b55, controller=integration.SimpleController@1d9e0904, mvcGroup=org.codehaus.griffon.runtime.core.mvc.DefaultMVCGroup@66faec22[simple:simple]}
{application=integration.TestGriffonApplication@3b08120a, mvcType=simple, mvcId=simple, configuration=MVCGroupConfiguration{mvcType='simple', members={model=integration.SimpleModel, view=integration.SimpleView, controller=integration.SimpleController}, config={}}, parentGroup=org.codehaus.griffon.runtime.core.mvc.DefaultMVCGroup@367b5e9f[integration:integration], key=griffon, parentView=integration.IntegrationView@74ec3fdb, parentController=integration.IntegrationController@3b92f561, parentModel=integration.IntegrationModel@74b9bd4, model=integration.SimpleModel@6af06049, view=integration.SimpleView@3fbdc91, controller=integration.SimpleController@6e4023c3, mvcGroup=org.codehaus.griffon.runtime.core.mvc.DefaultMVCGroup@5fea49d5[simple:simple]}
{application=integration.TestGriffonApplication@3b08120a, mvcType=simple, mvcId=simple-2, configuration=MVCGroupConfiguration{mvcType='simple', members={model=integration.SimpleModel, view=integration.SimpleView, controller=integration.SimpleController}, config={}}, parentGroup=org.codehaus.griffon.runtime.core.mvc.DefaultMVCGroup@367b5e9f[integration:integration], key=griffon, parentView=integration.IntegrationView@74ec3fdb, parentController=integration.IntegrationController@3b92f561, parentModel=integration.IntegrationModel@74b9bd4, model=integration.SimpleModel@36f19849, view=integration.SimpleView@6b33c552, controller=integration.SimpleController@402adcc, mvcGroup=org.codehaus.griffon.runtime.core.mvc.DefaultMVCGroup@9abe878[simple:simple-2]}
{application=integration.TestGriffonApplication@3b08120a, mvcType=simple, mvcId=simple-2, configuration=MVCGroupConfiguration{mvcType='simple', members={model=integration.SimpleModel, view=integration.SimpleView, controller=integration.SimpleController}, config={}}, parentGroup=org.codehaus.griffon.runtime.core.mvc.DefaultMVCGroup@367b5e9f[integration:integration], key=griffon, parentView=integration.IntegrationView@74ec3fdb, parentController=integration.IntegrationController@3b92f561, parentModel=integration.IntegrationModel@74b9bd4, model=integration.SimpleModel@33a20ad4, view=integration.SimpleView@464e40a7, controller=integration.SimpleController@5733f96f, mvcGroup=org.codehaus.griffon.runtime.core.mvc.DefaultMVCGroup@18d23d9[simple:simple-2]}
{application=integration.TestGriffonApplication@3b08120a, mvcType=simple, mvcId=simple, configuration=MVCGroupConfiguration{mvcType='simple', members={model=integration.SimpleModel, view=integration.SimpleView, controller=integration.SimpleController}, config={}}, parentGroup=org.codehaus.griffon.runtime.core.mvc.DefaultMVCGroup@367b5e9f[integration:integration], parentView=integration.IntegrationView@74ec3fdb, parentController=integration.IntegrationController@3b92f561, parentModel=integration.IntegrationModel@74b9bd4, model=integration.SimpleModel@225a6d96, view=integration.SimpleView@16a54a02, controller=integration.SimpleController@5e153138, mvcGroup=org.codehaus.griffon.runtime.core.mvc.DefaultMVCGroup@366e42c8[simple:simple]}
]]></system-out>
  <system-err><![CDATA[[Test worker] INFO org.codehaus.griffon.runtime.core.DefaultApplicationBootstrapper - Griffon 2.2.0-SNAPSHOT
[Test worker] INFO org.codehaus.griffon.runtime.core.DefaultApplicationBootstrapper - Build: 2015-02-16T19:23:15.145+0000
[Test worker] INFO org.codehaus.griffon.runtime.core.DefaultApplicationBootstrapper - JVM: 1.8.0_31 (Oracle Corporation 25.31-b07)
[Test worker] INFO org.codehaus.griffon.runtime.core.DefaultApplicationBootstrapper - OS: Linux 2.6.32-042stab090.5 amd64
[Test worker] INFO integration.TestGriffonApplication - Initializing all startup groups: [integration]
[Test worker] INFO integration.TestGriffonApplication - Initializing all integration startup groups: [sample]
[Test worker] INFO integration.TestGriffonApplication - Shutdown is in process
]]></system-err>
</testsuite>
