<?xml version="1.0" encoding="UTF-8"?>
<testsuite name="org.codehaus.griffon.runtime.core.MutableConfigurationSpec" tests="70" skipped="0" failures="0" errors="0" timestamp="2015-03-01T11:46:45" hostname="testing-worker-linux-85ee80ed-2-28556-linux-17-52616015" time="0.055">
  <properties/>
  <testcase name="Calling configuration.set(key.string, foo) stores foo" classname="org.codehaus.griffon.runtime.core.MutableConfigurationSpec" time="0.01"/>
  <testcase name="Calling configuration.set(key.boolean.type, foo) stores foo" classname="org.codehaus.griffon.runtime.core.MutableConfigurationSpec" time="0.0"/>
  <testcase name="Calling configuration.set(key.boolean.string, foo) stores foo" classname="org.codehaus.griffon.runtime.core.MutableConfigurationSpec" time="0.0"/>
  <testcase name="Calling configuration.set(key.int.type, foo) stores foo" classname="org.codehaus.griffon.runtime.core.MutableConfigurationSpec" time="0.001"/>
  <testcase name="Calling configuration.set(key.int.string, foo) stores foo" classname="org.codehaus.griffon.runtime.core.MutableConfigurationSpec" time="0.0"/>
  <testcase name="Calling configuration.set(key.long.type, foo) stores foo" classname="org.codehaus.griffon.runtime.core.MutableConfigurationSpec" time="0.0"/>
  <testcase name="Calling configuration.set(key.long.string, foo) stores foo" classname="org.codehaus.griffon.runtime.core.MutableConfigurationSpec" time="0.001"/>
  <testcase name="Calling configuration.set(key.float.type, foo) stores foo" classname="org.codehaus.griffon.runtime.core.MutableConfigurationSpec" time="0.0"/>
  <testcase name="Calling configuration.set(key.float.string, foo) stores foo" classname="org.codehaus.griffon.runtime.core.MutableConfigurationSpec" time="0.0"/>
  <testcase name="Calling configuration.set(key.double.type, foo) stores foo" classname="org.codehaus.griffon.runtime.core.MutableConfigurationSpec" time="0.0"/>
  <testcase name="Calling configuration.set(key.double.string, foo) stores foo" classname="org.codehaus.griffon.runtime.core.MutableConfigurationSpec" time="0.0"/>
  <testcase name="Calling configuration.set(key.string, foo) stores foo (recall with getAsString)" classname="org.codehaus.griffon.runtime.core.MutableConfigurationSpec" time="0.0"/>
  <testcase name="Calling configuration.set(key.boolean.type, foo) stores foo (recall with getAsString)" classname="org.codehaus.griffon.runtime.core.MutableConfigurationSpec" time="0.001"/>
  <testcase name="Calling configuration.set(key.boolean.string, foo) stores foo (recall with getAsString)" classname="org.codehaus.griffon.runtime.core.MutableConfigurationSpec" time="0.0"/>
  <testcase name="Calling configuration.set(key.int.type, foo) stores foo (recall with getAsString)" classname="org.codehaus.griffon.runtime.core.MutableConfigurationSpec" time="0.001"/>
  <testcase name="Calling configuration.set(key.int.string, foo) stores foo (recall with getAsString)" classname="org.codehaus.griffon.runtime.core.MutableConfigurationSpec" time="0.001"/>
  <testcase name="Calling configuration.set(key.long.type, foo) stores foo (recall with getAsString)" classname="org.codehaus.griffon.runtime.core.MutableConfigurationSpec" time="0.0"/>
  <testcase name="Calling configuration.set(key.long.string, foo) stores foo (recall with getAsString)" classname="org.codehaus.griffon.runtime.core.MutableConfigurationSpec" time="0.0"/>
  <testcase name="Calling configuration.set(key.float.type, foo) stores foo (recall with getAsString)" classname="org.codehaus.griffon.runtime.core.MutableConfigurationSpec" time="0.001"/>
  <testcase name="Calling configuration.set(key.float.string, foo) stores foo (recall with getAsString)" classname="org.codehaus.griffon.runtime.core.MutableConfigurationSpec" time="0.0"/>
  <testcase name="Calling configuration.set(key.double.type, foo) stores foo (recall with getAsString)" classname="org.codehaus.griffon.runtime.core.MutableConfigurationSpec" time="0.0"/>
  <testcase name="Calling configuration.set(key.double.string, foo) stores foo (recall with getAsString)" classname="org.codehaus.griffon.runtime.core.MutableConfigurationSpec" time="0.0"/>
  <testcase name="Calling configuration.remove(key.string) removes the key" classname="org.codehaus.griffon.runtime.core.MutableConfigurationSpec" time="0.003"/>
  <testcase name="Calling configuration.remove(key.boolean.type) removes the key" classname="org.codehaus.griffon.runtime.core.MutableConfigurationSpec" time="0.0"/>
  <testcase name="Calling configuration.remove(key.boolean.string) removes the key" classname="org.codehaus.griffon.runtime.core.MutableConfigurationSpec" time="0.001"/>
  <testcase name="Calling configuration.remove(key.int.type) removes the key" classname="org.codehaus.griffon.runtime.core.MutableConfigurationSpec" time="0.0"/>
  <testcase name="Calling configuration.remove(key.int.string) removes the key" classname="org.codehaus.griffon.runtime.core.MutableConfigurationSpec" time="0.001"/>
  <testcase name="Calling configuration.remove(key.long.type) removes the key" classname="org.codehaus.griffon.runtime.core.MutableConfigurationSpec" time="0.0"/>
  <testcase name="Calling configuration.remove(key.long.string) removes the key" classname="org.codehaus.griffon.runtime.core.MutableConfigurationSpec" time="0.001"/>
  <testcase name="Calling configuration.remove(key.float.type) removes the key" classname="org.codehaus.griffon.runtime.core.MutableConfigurationSpec" time="0.0"/>
  <testcase name="Calling configuration.remove(key.float.string) removes the key" classname="org.codehaus.griffon.runtime.core.MutableConfigurationSpec" time="0.0"/>
  <testcase name="Calling configuration.remove(key.double.type) removes the key" classname="org.codehaus.griffon.runtime.core.MutableConfigurationSpec" time="0.001"/>
  <testcase name="Calling configuration.remove(key.double.string) removes the key" classname="org.codehaus.griffon.runtime.core.MutableConfigurationSpec" time="0.0"/>
  <testcase name="Calling configuration.remove(key.foo) removes the key" classname="org.codehaus.griffon.runtime.core.MutableConfigurationSpec" time="0.001"/>
  <testcase name="Transforming configuration into flat Map and retrieving key key.string" classname="org.codehaus.griffon.runtime.core.MutableConfigurationSpec" time="0.002"/>
  <testcase name="Transforming configuration into flat Map and retrieving key key.boolean.type" classname="org.codehaus.griffon.runtime.core.MutableConfigurationSpec" time="0.0"/>
  <testcase name="Transforming configuration into flat Map and retrieving key key.boolean.string" classname="org.codehaus.griffon.runtime.core.MutableConfigurationSpec" time="0.0"/>
  <testcase name="Transforming configuration into flat Map and retrieving key key.int.type" classname="org.codehaus.griffon.runtime.core.MutableConfigurationSpec" time="0.0"/>
  <testcase name="Transforming configuration into flat Map and retrieving key key.int.string" classname="org.codehaus.griffon.runtime.core.MutableConfigurationSpec" time="0.0"/>
  <testcase name="Transforming configuration into flat Map and retrieving key key.long.type" classname="org.codehaus.griffon.runtime.core.MutableConfigurationSpec" time="0.0"/>
  <testcase name="Transforming configuration into flat Map and retrieving key key.long.string" classname="org.codehaus.griffon.runtime.core.MutableConfigurationSpec" time="0.0"/>
  <testcase name="Transforming configuration into flat Map and retrieving key key.float.type" classname="org.codehaus.griffon.runtime.core.MutableConfigurationSpec" time="0.0"/>
  <testcase name="Transforming configuration into flat Map and retrieving key key.float.string" classname="org.codehaus.griffon.runtime.core.MutableConfigurationSpec" time="0.0"/>
  <testcase name="Transforming configuration into flat Map and retrieving key key.double.type" classname="org.codehaus.griffon.runtime.core.MutableConfigurationSpec" time="0.001"/>
  <testcase name="Transforming configuration into flat Map and retrieving key key.double.string" classname="org.codehaus.griffon.runtime.core.MutableConfigurationSpec" time="0.0"/>
  <testcase name="Transforming configuration into flat Map and retrieving key key.foo" classname="org.codehaus.griffon.runtime.core.MutableConfigurationSpec" time="0.0"/>
  <testcase name="Transforming configuration into Properties and retrieving key key.string" classname="org.codehaus.griffon.runtime.core.MutableConfigurationSpec" time="0.008"/>
  <testcase name="Transforming configuration into Properties and retrieving key key.boolean.type" classname="org.codehaus.griffon.runtime.core.MutableConfigurationSpec" time="0.0"/>
  <testcase name="Transforming configuration into Properties and retrieving key key.boolean.string" classname="org.codehaus.griffon.runtime.core.MutableConfigurationSpec" time="0.001"/>
  <testcase name="Transforming configuration into Properties and retrieving key key.int.type" classname="org.codehaus.griffon.runtime.core.MutableConfigurationSpec" time="0.0"/>
  <testcase name="Transforming configuration into Properties and retrieving key key.int.string" classname="org.codehaus.griffon.runtime.core.MutableConfigurationSpec" time="0.0"/>
  <testcase name="Transforming configuration into Properties and retrieving key key.long.type" classname="org.codehaus.griffon.runtime.core.MutableConfigurationSpec" time="0.001"/>
  <testcase name="Transforming configuration into Properties and retrieving key key.long.string" classname="org.codehaus.griffon.runtime.core.MutableConfigurationSpec" time="0.0"/>
  <testcase name="Transforming configuration into Properties and retrieving key key.float.type" classname="org.codehaus.griffon.runtime.core.MutableConfigurationSpec" time="0.0"/>
  <testcase name="Transforming configuration into Properties and retrieving key key.float.string" classname="org.codehaus.griffon.runtime.core.MutableConfigurationSpec" time="0.0"/>
  <testcase name="Transforming configuration into Properties and retrieving key key.double.type" classname="org.codehaus.griffon.runtime.core.MutableConfigurationSpec" time="0.0"/>
  <testcase name="Transforming configuration into Properties and retrieving key key.double.string" classname="org.codehaus.griffon.runtime.core.MutableConfigurationSpec" time="0.0"/>
  <testcase name="Transforming configuration into Properties and retrieving key key.foo" classname="org.codehaus.griffon.runtime.core.MutableConfigurationSpec" time="0.0"/>
  <testcase name="Transforming configuration into ResourceBundle and retrieving key key.string" classname="org.codehaus.griffon.runtime.core.MutableConfigurationSpec" time="0.002"/>
  <testcase name="Transforming configuration into ResourceBundle and retrieving key key.boolean.type" classname="org.codehaus.griffon.runtime.core.MutableConfigurationSpec" time="0.001"/>
  <testcase name="Transforming configuration into ResourceBundle and retrieving key key.boolean.string" classname="org.codehaus.griffon.runtime.core.MutableConfigurationSpec" time="0.0"/>
  <testcase name="Transforming configuration into ResourceBundle and retrieving key key.int.type" classname="org.codehaus.griffon.runtime.core.MutableConfigurationSpec" time="0.0"/>
  <testcase name="Transforming configuration into ResourceBundle and retrieving key key.int.string" classname="org.codehaus.griffon.runtime.core.MutableConfigurationSpec" time="0.001"/>
  <testcase name="Transforming configuration into ResourceBundle and retrieving key key.long.type" classname="org.codehaus.griffon.runtime.core.MutableConfigurationSpec" time="0.0"/>
  <testcase name="Transforming configuration into ResourceBundle and retrieving key key.long.string" classname="org.codehaus.griffon.runtime.core.MutableConfigurationSpec" time="0.001"/>
  <testcase name="Transforming configuration into ResourceBundle and retrieving key key.float.type" classname="org.codehaus.griffon.runtime.core.MutableConfigurationSpec" time="0.0"/>
  <testcase name="Transforming configuration into ResourceBundle and retrieving key key.float.string" classname="org.codehaus.griffon.runtime.core.MutableConfigurationSpec" time="0.001"/>
  <testcase name="Transforming configuration into ResourceBundle and retrieving key key.double.type" classname="org.codehaus.griffon.runtime.core.MutableConfigurationSpec" time="0.0"/>
  <testcase name="Transforming configuration into ResourceBundle and retrieving key key.double.string" classname="org.codehaus.griffon.runtime.core.MutableConfigurationSpec" time="0.001"/>
  <testcase name="Transforming configuration into ResourceBundle and retrieving key key.foo" classname="org.codehaus.griffon.runtime.core.MutableConfigurationSpec" time="0.001"/>
  <system-out><![CDATA[]]></system-out>
  <system-err><![CDATA[[Test worker] TRACE griffon.util.CompositeResourceBundle - Searching key=key.string
[Test worker] TRACE griffon.util.CompositeResourceBundle - Bundle griffon.util.ExpandableResourceBundle@18b391e0; key=key.string; value='string'
[Test worker] TRACE griffon.util.CompositeResourceBundle - Searching key=key.boolean.type
[Test worker] TRACE griffon.util.CompositeResourceBundle - Bundle griffon.util.ExpandableResourceBundle@dd2f785; key=key.boolean.type; value='true'
[Test worker] TRACE griffon.util.CompositeResourceBundle - Searching key=key.boolean.string
[Test worker] TRACE griffon.util.CompositeResourceBundle - Bundle griffon.util.ExpandableResourceBundle@13d96a42; key=key.boolean.string; value='true'
[Test worker] TRACE griffon.util.CompositeResourceBundle - Searching key=key.int.type
[Test worker] TRACE griffon.util.CompositeResourceBundle - Bundle griffon.util.ExpandableResourceBundle@e4c836c; key=key.int.type; value='42'
[Test worker] TRACE griffon.util.CompositeResourceBundle - Searching key=key.int.string
[Test worker] TRACE griffon.util.CompositeResourceBundle - Bundle griffon.util.ExpandableResourceBundle@af42fd4; key=key.int.string; value='21'
[Test worker] TRACE griffon.util.CompositeResourceBundle - Searching key=key.long.type
[Test worker] TRACE griffon.util.CompositeResourceBundle - Bundle griffon.util.ExpandableResourceBundle@10808fd0; key=key.long.type; value='64'
[Test worker] TRACE griffon.util.CompositeResourceBundle - Searching key=key.long.string
[Test worker] TRACE griffon.util.CompositeResourceBundle - Bundle griffon.util.ExpandableResourceBundle@48536cf8; key=key.long.string; value='32'
[Test worker] TRACE griffon.util.CompositeResourceBundle - Searching key=key.float.type
[Test worker] TRACE griffon.util.CompositeResourceBundle - Bundle griffon.util.ExpandableResourceBundle@226ec17d; key=key.float.type; value='3.1416'
[Test worker] TRACE griffon.util.CompositeResourceBundle - Searching key=key.float.string
[Test worker] TRACE griffon.util.CompositeResourceBundle - Bundle griffon.util.ExpandableResourceBundle@9cfd06b; key=key.float.string; value='6.2832'
[Test worker] TRACE griffon.util.CompositeResourceBundle - Searching key=key.double.type
[Test worker] TRACE griffon.util.CompositeResourceBundle - Bundle griffon.util.ExpandableResourceBundle@1da5308d; key=key.double.type; value='3.1416'
[Test worker] TRACE griffon.util.CompositeResourceBundle - Searching key=key.double.string
[Test worker] TRACE griffon.util.CompositeResourceBundle - Bundle griffon.util.ExpandableResourceBundle@1a73eee1; key=key.double.string; value='6.2832'
[Test worker] TRACE griffon.util.CompositeResourceBundle - Searching key=key.foo
[Test worker] TRACE griffon.util.CompositeResourceBundle - Bundle griffon.util.ExpandableResourceBundle@6dc8394c; key=key.foo; value='foo'
]]></system-err>
</testsuite>
