<?xml version="1.0" encoding="UTF-8"?>
<testsuite name="griffon.util.CompositeResourceBuilderSpec" tests="2" skipped="0" failures="0" errors="0" timestamp="2014-08-11T14:04:22" hostname="testing-worker-linux-5-2-1709-linux-20-32231091" time="0.105">
  <properties/>
  <testcase name="Invalid constructor args" classname="griffon.util.CompositeResourceBuilderSpec" time="0.072"/>
  <testcase name="Resolve messages from multiple bundles" classname="griffon.util.CompositeResourceBuilderSpec" time="0.033"/>
  <system-out><![CDATA[]]></system-out>
  <system-err><![CDATA[]]></system-err>
</testsuite>
