<?xml version="1.0" encoding="UTF-8"?>
<testsuite name="griffon.core.env.RunModeTests" tests="3" skipped="0" failures="0" errors="0" timestamp="2015-09-14T15:18:10" hostname="testing-worker-linux-3da96de7-1-26610-linux-6-80258772" time="0.012">
  <properties/>
  <testcase name="testGetCurrent" classname="griffon.core.env.RunModeTests" time="0.008"/>
  <testcase name="testIsSystemSet" classname="griffon.core.env.RunModeTests" time="0.002"/>
  <testcase name="testGetRunMode" classname="griffon.core.env.RunModeTests" time="0.002"/>
  <system-out><![CDATA[]]></system-out>
  <system-err><![CDATA[]]></system-err>
</testsuite>
