<?xml version="1.0" encoding="UTF-8"?>
<testsuite name="griffon.core.editors.LocalePropertyEditorSpec" tests="10" skipped="0" failures="0" errors="0" timestamp="2016-03-14T10:24:46" hostname="testing-gce-2556a3ae-ac69-4c8b-96e7-5c7d4cf2bf92.c.travis-ci-prod-2.internal" time="0.006">
  <properties/>
  <testcase name="Locale literal 'null' should be equal to null" classname="griffon.core.editors.LocalePropertyEditorSpec" time="0.001"/>
  <testcase name="Locale literal '' should be equal to en_US" classname="griffon.core.editors.LocalePropertyEditorSpec" time="0.0"/>
  <testcase name="Locale literal 'de' should be equal to de" classname="griffon.core.editors.LocalePropertyEditorSpec" time="0.001"/>
  <testcase name="Locale literal 'de_CH' should be equal to de_CH" classname="griffon.core.editors.LocalePropertyEditorSpec" time="0.0"/>
  <testcase name="Locale literal 'de_CH_Basel' should be equal to de_CH_Basel" classname="griffon.core.editors.LocalePropertyEditorSpec" time="0.001"/>
  <testcase name="Locale literal 'en_US' should be equal to en_US" classname="griffon.core.editors.LocalePropertyEditorSpec" time="0.0"/>
  <testcase name="Invalid biginteger literal '1'" classname="griffon.core.editors.LocalePropertyEditorSpec" time="0.001"/>
  <testcase name="Invalid biginteger literal '[]'" classname="griffon.core.editors.LocalePropertyEditorSpec" time="0.0"/>
  <testcase name="Invalid biginteger literal '[:]'" classname="griffon.core.editors.LocalePropertyEditorSpec" time="0.001"/>
  <testcase name="Invalid biginteger literal 'java.lang.Object@650b9a93'" classname="griffon.core.editors.LocalePropertyEditorSpec" time="0.0"/>
  <system-out><![CDATA[]]></system-out>
  <system-err><![CDATA[]]></system-err>
</testsuite>
