<?xml version="1.0" encoding="UTF-8"?>
<testsuite name="griffon.util.CompositeResourceBuilderSpec" tests="2" skipped="0" failures="0" errors="0" timestamp="2016-02-06T20:07:04" hostname="testing-gce-648be8c3-5ffb-4ab0-a4b4-0304b7ab8f12.c.eco-emissary-99515.internal" time="0.012">
  <properties/>
  <testcase name="Invalid constructor args" classname="griffon.util.CompositeResourceBuilderSpec" time="0.005"/>
  <testcase name="Resolve messages from multiple bundles" classname="griffon.util.CompositeResourceBuilderSpec" time="0.007"/>
  <system-out><![CDATA[]]></system-out>
  <system-err><![CDATA[[Test worker] TRACE griffon.util.CompositeResourceBundle - Searching key=single
[Test worker] TRACE griffon.util.CompositeResourceBundle - Bundle griffon.util.ExpandableResourceBundle@308559a8; key=single; value='single'
[Test worker] TRACE griffon.util.CompositeResourceBundle - Searching key=key.string
[Test worker] TRACE griffon.util.CompositeResourceBundle - Bundle griffon.util.ExpandableResourceBundle@4e57c966; key=key.string; value='string'
[Test worker] TRACE griffon.util.CompositeResourceBundle - Searching key=key.number
[Test worker] TRACE griffon.util.CompositeResourceBundle - Bundle griffon.util.ExpandableResourceBundle@44046e05; key=key.number; value='number'
[Test worker] TRACE griffon.util.CompositeResourceBundle - Searching key=key.float
[Test worker] TRACE griffon.util.CompositeResourceBundle - Bundle griffon.util.ExpandableResourceBundle@4c36d61d; key=key.float; value='float'
]]></system-err>
</testsuite>
