<?xml version="1.0" encoding="UTF-8"?>
<testsuite name="griffon.exceptions.InstanceMethodInvocationExceptionSpec" tests="1" skipped="0" failures="0" errors="0" timestamp="2015-08-09T16:00:07" hostname="testing-worker-linux-a01deac5-1-15681-linux-14-74805918" time="0.01">
  <properties/>
  <testcase name="Exception should have proper formatted message" classname="griffon.exceptions.InstanceMethodInvocationExceptionSpec" time="0.01"/>
  <system-out><![CDATA[]]></system-out>
  <system-err><![CDATA[]]></system-err>
</testsuite>
