<?xml version="1.0" encoding="UTF-8"?>
<testsuite name="org.codehaus.griffon.runtime.core.inject.AbstractModuleSpec" tests="2" skipped="0" failures="0" errors="0" timestamp="2016-03-04T07:24:28" hostname="testing-gce-f87ad77f-aa67-4170-be46-78b076d1c53f.c.eco-emissary-99515.internal" time="0.052">
  <properties/>
  <testcase name="Verify all kinds of bindings" classname="org.codehaus.griffon.runtime.core.inject.AbstractModuleSpec" time="0.045"/>
  <testcase name="Broken module due to bad classifier" classname="org.codehaus.griffon.runtime.core.inject.AbstractModuleSpec" time="0.003"/>
  <system-out><![CDATA[]]></system-out>
  <system-err><![CDATA[]]></system-err>
</testsuite>
