<?xml version="1.0" encoding="UTF-8"?>
<testsuite name="org.codehaus.griffon.runtime.core.inject.AbstractModuleSpec" tests="2" skipped="0" failures="0" errors="0" timestamp="2014-10-20T19:57:10" hostname="testing-worker-linux-12-2-29766-linux-10-38533937" time="0.072">
  <properties/>
  <testcase name="Verify all kinds of bindings" classname="org.codehaus.griffon.runtime.core.inject.AbstractModuleSpec" time="0.065"/>
  <testcase name="Broken module due to bad classifier" classname="org.codehaus.griffon.runtime.core.inject.AbstractModuleSpec" time="0.007"/>
  <system-out><![CDATA[]]></system-out>
  <system-err><![CDATA[]]></system-err>
</testsuite>
