<?xml version="1.0" encoding="UTF-8"?>
<testsuite name="griffon.core.ContextSpec" tests="16" skipped="0" failures="0" errors="0" timestamp="2015-08-19T12:53:09" hostname="testing-worker-linux-5590757e-2-7069-linux-7-76276480" time="0.031">
  <properties/>
  <testcase name="Find values on context 1 using defaults[0]" classname="griffon.core.ContextSpec" time="0.002"/>
  <testcase name="Find values on context 1 using defaults[1]" classname="griffon.core.ContextSpec" time="0.0"/>
  <testcase name="Find values on context 1[0]" classname="griffon.core.ContextSpec" time="0.001"/>
  <testcase name="Find values on context 1[1]" classname="griffon.core.ContextSpec" time="0.0"/>
  <testcase name="Find values on child context 2[0]" classname="griffon.core.ContextSpec" time="0.0"/>
  <testcase name="Find values on child context 2[1]" classname="griffon.core.ContextSpec" time="0.0"/>
  <testcase name="Find values on child context 2[2]" classname="griffon.core.ContextSpec" time="0.0"/>
  <testcase name="Find values on child context 3[0]" classname="griffon.core.ContextSpec" time="0.001"/>
  <testcase name="Find values on child context 3[1]" classname="griffon.core.ContextSpec" time="0.001"/>
  <testcase name="Find values on child context 3[2]" classname="griffon.core.ContextSpec" time="0.011"/>
  <testcase name="Shadowed attributes in child context 2" classname="griffon.core.ContextSpec" time="0.002"/>
  <testcase name="Destroying a context clears all attributes" classname="griffon.core.ContextSpec" time="0.001"/>
  <testcase name="Get all the keys[0]" classname="griffon.core.ContextSpec" time="0.004"/>
  <testcase name="Get all the keys[1]" classname="griffon.core.ContextSpec" time="0.001"/>
  <testcase name="ContainsKey on child context" classname="griffon.core.ContextSpec" time="0.001"/>
  <testcase name="HasKey on child context" classname="griffon.core.ContextSpec" time="0.001"/>
  <system-out><![CDATA[]]></system-out>
  <system-err><![CDATA[]]></system-err>
</testsuite>
