<?xml version="1.0" encoding="UTF-8"?>
<testsuite name="griffon.core.env.RunModeTests" tests="3" skipped="0" failures="0" errors="0" timestamp="2015-06-03T17:19:57" hostname="testing-worker-linux-f25aadab-2-32112-linux-13-65277949" time="0.025">
  <properties/>
  <testcase name="testGetCurrent" classname="griffon.core.env.RunModeTests" time="0.016"/>
  <testcase name="testIsSystemSet" classname="griffon.core.env.RunModeTests" time="0.003"/>
  <testcase name="testGetRunMode" classname="griffon.core.env.RunModeTests" time="0.002"/>
  <system-out><![CDATA[]]></system-out>
  <system-err><![CDATA[]]></system-err>
</testsuite>
