<?xml version="1.0" encoding="UTF-8"?>
<testsuite name="griffon.util.CompositeResourceBuilderSpec" tests="2" skipped="0" failures="0" errors="0" timestamp="2014-07-18T11:56:59" hostname="testing-worker-linux-3-2-10231-linux-2-30259785" time="0.057">
  <properties/>
  <testcase name="Invalid constructor args" classname="griffon.util.CompositeResourceBuilderSpec" time="0.021"/>
  <testcase name="Resolve messages from multiple bundles" classname="griffon.util.CompositeResourceBuilderSpec" time="0.035"/>
  <system-out><![CDATA[]]></system-out>
  <system-err><![CDATA[]]></system-err>
</testsuite>
