<?xml version="1.0" encoding="UTF-8"?>
<testsuite name="griffon.core.env.RunModeTests" tests="3" skipped="0" failures="0" errors="0" timestamp="2014-07-29T12:00:28" hostname="testing-worker-linux-7-1-12636-linux-19-31131677" time="0.031">
  <properties/>
  <testcase name="testGetCurrent" classname="griffon.core.env.RunModeTests" time="0.021"/>
  <testcase name="testIsSystemSet" classname="griffon.core.env.RunModeTests" time="0.004"/>
  <testcase name="testGetRunMode" classname="griffon.core.env.RunModeTests" time="0.004"/>
  <system-out><![CDATA[]]></system-out>
  <system-err><![CDATA[]]></system-err>
</testsuite>
