<?xml version="1.0" encoding="UTF-8"?>
<testsuite name="griffon.util.GriffonApplicationUtilsSpec" tests="6" skipped="0" failures="0" errors="0" timestamp="2016-06-01T20:37:40" hostname="testing-gce-02346492-7fe8-4844-953c-74fc61fd1164.c.travis-ci-prod-5.internal" time="0.005">
  <properties/>
  <testcase name="Locale literal '' is equal to en_US" classname="griffon.util.GriffonApplicationUtilsSpec" time="0.003"/>
  <testcase name="Locale literal ' ' is equal to en_US" classname="griffon.util.GriffonApplicationUtilsSpec" time="0.0"/>
  <testcase name="Locale literal 'en' is equal to en" classname="griffon.util.GriffonApplicationUtilsSpec" time="0.0"/>
  <testcase name="Locale literal 'en_GB' is equal to en_GB" classname="griffon.util.GriffonApplicationUtilsSpec" time="0.0"/>
  <testcase name="Locale literal 'de_CH_Basel' is equal to de_CH_Basel" classname="griffon.util.GriffonApplicationUtilsSpec" time="0.0"/>
  <testcase name="Locale literal 'de_CH_Basel_45' is equal to en_US" classname="griffon.util.GriffonApplicationUtilsSpec" time="0.0"/>
  <system-out><![CDATA[]]></system-out>
  <system-err><![CDATA[]]></system-err>
</testsuite>
