<?xml version="1.0" encoding="UTF-8"?>
<testsuite name="integration.MVCGroupSpec" tests="4" skipped="0" failures="0" errors="0" timestamp="2015-05-13T20:47:38" hostname="testing-worker-linux-968a87ce-2-11731-linux-16-62461521" time="0.165">
  <properties/>
  <testcase name="Bootstrap application" classname="integration.MVCGroupSpec" time="0.098"/>
  <testcase name="Creating an MVCGroup through the MVCGroupManager does not set implicit parent group" classname="integration.MVCGroupSpec" time="0.024"/>
  <testcase name="Creating an MVCGroup through a group does set implicit parent group" classname="integration.MVCGroupSpec" time="0.02"/>
  <testcase name="Creating an MVCGroup through an artifact does set implicit parent group" classname="integration.MVCGroupSpec" time="0.022"/>
  <system-out><![CDATA[{application=integration.TestGriffonApplication@4b1a9c11, mvcType=sample, mvcId=sample, configuration=MVCGroupConfiguration{mvcType='sample', members={model=integration.SimpleModel, view=integration.SimpleView, controller=integration.SimpleController}, config={}}, model=integration.SimpleModel@73df9f26, view=integration.SimpleView@19a5490a, controller=integration.SimpleController@51f1307d, mvcGroup=org.codehaus.griffon.runtime.core.mvc.DefaultMVCGroup@33127e56[sample:sample]}
{application=integration.TestGriffonApplication@4b1a9c11, mvcType=simple, mvcId=simple, configuration=MVCGroupConfiguration{mvcType='simple', members={model=integration.SimpleModel, view=integration.SimpleView, controller=integration.SimpleController}, config={}}, model=integration.SimpleModel@55a0cbd8, view=integration.SimpleView@514c4425, controller=integration.SimpleController@1d61fb10, mvcGroup=org.codehaus.griffon.runtime.core.mvc.DefaultMVCGroup@4a3e8d68[simple:simple]}
{application=integration.TestGriffonApplication@4b1a9c11, mvcType=simple, mvcId=parent1, configuration=MVCGroupConfiguration{mvcType='simple', members={model=integration.SimpleModel, view=integration.SimpleView, controller=integration.SimpleController}, config={}}, model=integration.SimpleModel@dcf1e1b, view=integration.SimpleView@29a74b4f, controller=integration.SimpleController@6fd654ab, mvcGroup=org.codehaus.griffon.runtime.core.mvc.DefaultMVCGroup@26541105[simple:parent1]}
{application=integration.TestGriffonApplication@4b1a9c11, mvcType=simple, mvcId=simple, configuration=MVCGroupConfiguration{mvcType='simple', members={model=integration.SimpleModel, view=integration.SimpleView, controller=integration.SimpleController}, config={}}, parentGroup=org.codehaus.griffon.runtime.core.mvc.DefaultMVCGroup@26541105[simple:parent1], parentModel=integration.SimpleModel@dcf1e1b, parentView=integration.SimpleView@29a74b4f, parentController=integration.SimpleController@6fd654ab, model=integration.SimpleModel@7dcd7d28, view=integration.SimpleView@45c0f0f7, controller=integration.SimpleController@4fb74f4c, mvcGroup=org.codehaus.griffon.runtime.core.mvc.DefaultMVCGroup@528e4d79[simple:simple]}
{application=integration.TestGriffonApplication@4b1a9c11, mvcType=simple, mvcId=parent2, configuration=MVCGroupConfiguration{mvcType='simple', members={model=integration.SimpleModel, view=integration.SimpleView, controller=integration.SimpleController}, config={}}, model=integration.SimpleModel@6a98cb08, view=integration.SimpleView@3878ea28, controller=integration.SimpleController@7eced45, mvcGroup=org.codehaus.griffon.runtime.core.mvc.DefaultMVCGroup@21344998[simple:parent2]}
{application=integration.TestGriffonApplication@4b1a9c11, mvcType=simple, mvcId=simple, configuration=MVCGroupConfiguration{mvcType='simple', members={model=integration.SimpleModel, view=integration.SimpleView, controller=integration.SimpleController}, config={}}, parentGroup=org.codehaus.griffon.runtime.core.mvc.DefaultMVCGroup@21344998[simple:parent2], parentModel=integration.SimpleModel@6a98cb08, parentView=integration.SimpleView@3878ea28, parentController=integration.SimpleController@7eced45, model=integration.SimpleModel@6204bf68, view=integration.SimpleView@50858ebd, controller=integration.SimpleController@74c003d7, mvcGroup=org.codehaus.griffon.runtime.core.mvc.DefaultMVCGroup@62f89c99[simple:simple]}
]]></system-out>
  <system-err><![CDATA[[Test worker] INFO org.codehaus.griffon.runtime.core.DefaultApplicationBootstrapper - Griffon 2.3.0-SNAPSHOT
[Test worker] INFO org.codehaus.griffon.runtime.core.DefaultApplicationBootstrapper - Build: 2015-05-13T20:43:27.221+0000
[Test worker] INFO org.codehaus.griffon.runtime.core.DefaultApplicationBootstrapper - JVM: 1.8.0_45 (Oracle Corporation 25.45-b02)
[Test worker] INFO org.codehaus.griffon.runtime.core.DefaultApplicationBootstrapper - OS: Linux 2.6.32-042stab090.5 amd64
[Test worker] INFO integration.TestGriffonApplication - Initializing all startup groups: [integration]
[Test worker] INFO integration.TestGriffonApplication - Initializing all integrationÂ startup groups: [sample]
[Test worker] INFO integration.TestGriffonApplication - Shutdown is in process
]]></system-err>
</testsuite>
