<?xml version="1.0" encoding="UTF-8"?>
<testsuite name="griffon.core.editors.LongPropertyEditorSpec" tests="13" skipped="0" failures="0" errors="0" timestamp="2016-06-10T16:46:48" hostname="testing-gce-d09c9de5-605c-47f8-adcf-d1c05a498ba4.c.travis-ci-prod-2.internal" time="0.01">
  <properties/>
  <testcase name="Long literal 'null' with format 'null' should be equal to null" classname="griffon.core.editors.LongPropertyEditorSpec" time="0.003"/>
  <testcase name="Long literal '' with format 'null' should be equal to null" classname="griffon.core.editors.LongPropertyEditorSpec" time="0.0"/>
  <testcase name="Long literal '1' with format 'null' should be equal to 1" classname="griffon.core.editors.LongPropertyEditorSpec" time="0.001"/>
  <testcase name="Long literal '100%' with format 'percent' should be equal to 1" classname="griffon.core.editors.LongPropertyEditorSpec" time="0.001"/>
  <testcase name="Long literal '$1.00' with format 'currency' should be equal to 1" classname="griffon.core.editors.LongPropertyEditorSpec" time="0.0"/>
  <testcase name="Long literal '1' with format 'null' should be equal to 1" classname="griffon.core.editors.LongPropertyEditorSpec" time="0.0"/>
  <testcase name="Invalid long literal 'garbage'" classname="griffon.core.editors.LongPropertyEditorSpec" time="0.0"/>
  <testcase name="Invalid long literal '1, 2, 3'" classname="griffon.core.editors.LongPropertyEditorSpec" time="0.0"/>
  <testcase name="Invalid long literal '[]'" classname="griffon.core.editors.LongPropertyEditorSpec" time="0.0"/>
  <testcase name="Invalid long literal '[1, 2, 3]'" classname="griffon.core.editors.LongPropertyEditorSpec" time="0.001"/>
  <testcase name="Invalid long literal '[:]'" classname="griffon.core.editors.LongPropertyEditorSpec" time="0.0"/>
  <testcase name="Invalid long literal '[key:value]'" classname="griffon.core.editors.LongPropertyEditorSpec" time="0.001"/>
  <testcase name="Invalid long literal 'java.lang.Object@74ea6852'" classname="griffon.core.editors.LongPropertyEditorSpec" time="0.0"/>
  <system-out><![CDATA[]]></system-out>
  <system-err><![CDATA[]]></system-err>
</testsuite>
