<?xml version="1.0" encoding="UTF-8"?>
<testsuite name="griffon.util.GriffonApplicationUtilsSpec" tests="6" skipped="0" failures="0" errors="0" timestamp="2016-06-15T12:00:27" hostname="testing-gce-371861a3-a5d1-4e59-a343-a675089416a3.c.travis-ci-prod-2.internal" time="0.003">
  <properties/>
  <testcase name="Locale literal '' is equal to en_US" classname="griffon.util.GriffonApplicationUtilsSpec" time="0.002"/>
  <testcase name="Locale literal ' ' is equal to en_US" classname="griffon.util.GriffonApplicationUtilsSpec" time="0.0"/>
  <testcase name="Locale literal 'en' is equal to en" classname="griffon.util.GriffonApplicationUtilsSpec" time="0.0"/>
  <testcase name="Locale literal 'en_GB' is equal to en_GB" classname="griffon.util.GriffonApplicationUtilsSpec" time="0.0"/>
  <testcase name="Locale literal 'de_CH_Basel' is equal to de_CH_Basel" classname="griffon.util.GriffonApplicationUtilsSpec" time="0.0"/>
  <testcase name="Locale literal 'de_CH_Basel_45' is equal to en_US" classname="griffon.util.GriffonApplicationUtilsSpec" time="0.0"/>
  <system-out><![CDATA[]]></system-out>
  <system-err><![CDATA[]]></system-err>
</testsuite>
