<?xml version="1.0" encoding="UTF-8"?>
<testsuite name="integration.MVCGroupSpec" tests="4" skipped="0" failures="0" errors="0" timestamp="2015-05-13T15:03:38" hostname="testing-worker-linux-027f0490-1-17787-linux-19-62411506" time="0.19">
  <properties/>
  <testcase name="Bootstrap application" classname="integration.MVCGroupSpec" time="0.105"/>
  <testcase name="Creating an MVCGroup through the MVCGroupManager does not set implicit parent group" classname="integration.MVCGroupSpec" time="0.033"/>
  <testcase name="Creating an MVCGroup through a group does set implicit parent group" classname="integration.MVCGroupSpec" time="0.023"/>
  <testcase name="Creating an MVCGroup through an artifact does set implicit parent group" classname="integration.MVCGroupSpec" time="0.027"/>
  <system-out><![CDATA[{application=integration.TestGriffonApplication@3708e6e5, mvcType=sample, mvcId=sample, configuration=MVCGroupConfiguration{mvcType='sample', members={model=integration.SimpleModel, view=integration.SimpleView, controller=integration.SimpleController}, config={}}, model=integration.SimpleModel@46060909, view=integration.SimpleView@15d255b4, controller=integration.SimpleController@6c4cdff, mvcGroup=org.codehaus.griffon.runtime.core.mvc.DefaultMVCGroup@5daa943c[sample:sample]}
{application=integration.TestGriffonApplication@3708e6e5, mvcType=simple, mvcId=simple, configuration=MVCGroupConfiguration{mvcType='simple', members={model=integration.SimpleModel, view=integration.SimpleView, controller=integration.SimpleController}, config={}}, model=integration.SimpleModel@1adb1228, view=integration.SimpleView@48a4456c, controller=integration.SimpleController@58efc13c, mvcGroup=org.codehaus.griffon.runtime.core.mvc.DefaultMVCGroup@1f0d6863[simple:simple]}
{application=integration.TestGriffonApplication@3708e6e5, mvcType=simple, mvcId=parent1, configuration=MVCGroupConfiguration{mvcType='simple', members={model=integration.SimpleModel, view=integration.SimpleView, controller=integration.SimpleController}, config={}}, model=integration.SimpleModel@3524a21, view=integration.SimpleView@701d0ec2, controller=integration.SimpleController@65ff5456, mvcGroup=org.codehaus.griffon.runtime.core.mvc.DefaultMVCGroup@3d4d3d01[simple:parent1]}
{application=integration.TestGriffonApplication@3708e6e5, mvcType=simple, mvcId=simple, configuration=MVCGroupConfiguration{mvcType='simple', members={model=integration.SimpleModel, view=integration.SimpleView, controller=integration.SimpleController}, config={}}, parentGroup=org.codehaus.griffon.runtime.core.mvc.DefaultMVCGroup@3d4d3d01[simple:parent1], parentModel=integration.SimpleModel@3524a21, parentView=integration.SimpleView@701d0ec2, parentController=integration.SimpleController@65ff5456, model=integration.SimpleModel@3ac055c7, view=integration.SimpleView@454c32e6, controller=integration.SimpleController@6a73c0fe, mvcGroup=org.codehaus.griffon.runtime.core.mvc.DefaultMVCGroup@67a92b1d[simple:simple]}
{application=integration.TestGriffonApplication@3708e6e5, mvcType=simple, mvcId=parent2, configuration=MVCGroupConfiguration{mvcType='simple', members={model=integration.SimpleModel, view=integration.SimpleView, controller=integration.SimpleController}, config={}}, model=integration.SimpleModel@73c33224, view=integration.SimpleView@5c7737fb, controller=integration.SimpleController@265cdfa0, mvcGroup=org.codehaus.griffon.runtime.core.mvc.DefaultMVCGroup@66166709[simple:parent2]}
{application=integration.TestGriffonApplication@3708e6e5, mvcType=simple, mvcId=simple, configuration=MVCGroupConfiguration{mvcType='simple', members={model=integration.SimpleModel, view=integration.SimpleView, controller=integration.SimpleController}, config={}}, parentGroup=org.codehaus.griffon.runtime.core.mvc.DefaultMVCGroup@66166709[simple:parent2], parentModel=integration.SimpleModel@73c33224, parentView=integration.SimpleView@5c7737fb, parentController=integration.SimpleController@265cdfa0, model=integration.SimpleModel@38d75d02, view=integration.SimpleView@38685de4, controller=integration.SimpleController@10df5744, mvcGroup=org.codehaus.griffon.runtime.core.mvc.DefaultMVCGroup@105d5194[simple:simple]}
]]></system-out>
  <system-err><![CDATA[[Test worker] INFO org.codehaus.griffon.runtime.core.DefaultApplicationBootstrapper - Griffon 2.3.0-SNAPSHOT
[Test worker] INFO org.codehaus.griffon.runtime.core.DefaultApplicationBootstrapper - Build: 2015-05-13T14:59:45.465+0000
[Test worker] INFO org.codehaus.griffon.runtime.core.DefaultApplicationBootstrapper - JVM: 1.8.0_45 (Oracle Corporation 25.45-b02)
[Test worker] INFO org.codehaus.griffon.runtime.core.DefaultApplicationBootstrapper - OS: Linux 2.6.32-042stab090.5 amd64
[Test worker] INFO integration.TestGriffonApplication - Initializing all startup groups: [integration]
[Test worker] INFO integration.TestGriffonApplication - Initializing all integrationÂ startup groups: [sample]
[Test worker] INFO integration.TestGriffonApplication - Shutdown is in process
]]></system-err>
</testsuite>
