<?xml version="1.0" encoding="UTF-8"?>
<testsuite name="org.codehaus.griffon.runtime.core.controller.DefaultToolkitActionSpec" tests="1" skipped="0" failures="0" errors="0" timestamp="2015-11-13T01:00:13" hostname="testing-worker-linux-89e97461-2-525-linux-8-90857738" time="0.008">
  <properties/>
  <testcase name="Create and execute an action" classname="org.codehaus.griffon.runtime.core.controller.DefaultToolkitActionSpec" time="0.008"/>
  <system-out><![CDATA[]]></system-out>
  <system-err><![CDATA[]]></system-err>
</testsuite>
