<?xml version="1.0" encoding="UTF-8"?>
<testsuite name="griffon.core.ContextSpec" tests="10" skipped="0" failures="0" errors="0" timestamp="2015-06-09T11:34:02" hostname="testing-worker-linux-da6418d7-1-25571-linux-12-66033561" time="0.013">
  <properties/>
  <testcase name="Find values on context 1[0]" classname="griffon.core.ContextSpec" time="0.003"/>
  <testcase name="Find values on context 1[1]" classname="griffon.core.ContextSpec" time="0.0"/>
  <testcase name="Find values on child context 2[0]" classname="griffon.core.ContextSpec" time="0.001"/>
  <testcase name="Find values on child context 2[1]" classname="griffon.core.ContextSpec" time="0.0"/>
  <testcase name="Find values on child context 2[2]" classname="griffon.core.ContextSpec" time="0.0"/>
  <testcase name="Find values on child context 3[0]" classname="griffon.core.ContextSpec" time="0.0"/>
  <testcase name="Find values on child context 3[1]" classname="griffon.core.ContextSpec" time="0.001"/>
  <testcase name="Find values on child context 3[2]" classname="griffon.core.ContextSpec" time="0.001"/>
  <testcase name="Shadowed attributes in child context 2" classname="griffon.core.ContextSpec" time="0.001"/>
  <testcase name="Destroying a context clears all attributes" classname="griffon.core.ContextSpec" time="0.001"/>
  <system-out><![CDATA[]]></system-out>
  <system-err><![CDATA[]]></system-err>
</testsuite>
