<?xml version="1.0" encoding="UTF-8"?>
<testsuite name="org.codehaus.griffon.runtime.core.artifact.GriffonClassSpec" tests="1" skipped="0" failures="0" errors="0" timestamp="2015-09-03T12:15:12" hostname="testing-worker-linux-380b67c9-1-19948-linux-1-78563527" time="0.002">
  <properties/>
  <testcase name="Verify properties" classname="org.codehaus.griffon.runtime.core.artifact.GriffonClassSpec" time="0.002"/>
  <system-out><![CDATA[]]></system-out>
  <system-err><![CDATA[]]></system-err>
</testsuite>
