<?xml version="1.0" encoding="UTF-8"?>
<testsuite name="org.codehaus.griffon.runtime.core.MutableConfigurationSpec" tests="70" skipped="0" failures="0" errors="0" timestamp="2015-06-08T20:52:14" hostname="testing-worker-linux-e7a62211-1-24794-linux-4-65953549" time="0.097">
  <properties/>
  <testcase name="Calling configuration.set(key.string, foo) stores foo" classname="org.codehaus.griffon.runtime.core.MutableConfigurationSpec" time="0.025"/>
  <testcase name="Calling configuration.set(key.boolean.type, foo) stores foo" classname="org.codehaus.griffon.runtime.core.MutableConfigurationSpec" time="0.0"/>
  <testcase name="Calling configuration.set(key.boolean.string, foo) stores foo" classname="org.codehaus.griffon.runtime.core.MutableConfigurationSpec" time="0.0"/>
  <testcase name="Calling configuration.set(key.int.type, foo) stores foo" classname="org.codehaus.griffon.runtime.core.MutableConfigurationSpec" time="0.0"/>
  <testcase name="Calling configuration.set(key.int.string, foo) stores foo" classname="org.codehaus.griffon.runtime.core.MutableConfigurationSpec" time="0.001"/>
  <testcase name="Calling configuration.set(key.long.type, foo) stores foo" classname="org.codehaus.griffon.runtime.core.MutableConfigurationSpec" time="0.0"/>
  <testcase name="Calling configuration.set(key.long.string, foo) stores foo" classname="org.codehaus.griffon.runtime.core.MutableConfigurationSpec" time="0.0"/>
  <testcase name="Calling configuration.set(key.float.type, foo) stores foo" classname="org.codehaus.griffon.runtime.core.MutableConfigurationSpec" time="0.001"/>
  <testcase name="Calling configuration.set(key.float.string, foo) stores foo" classname="org.codehaus.griffon.runtime.core.MutableConfigurationSpec" time="0.0"/>
  <testcase name="Calling configuration.set(key.double.type, foo) stores foo" classname="org.codehaus.griffon.runtime.core.MutableConfigurationSpec" time="0.001"/>
  <testcase name="Calling configuration.set(key.double.string, foo) stores foo" classname="org.codehaus.griffon.runtime.core.MutableConfigurationSpec" time="0.0"/>
  <testcase name="Calling configuration.set(key.string, foo) stores foo (recall with getAsString)" classname="org.codehaus.griffon.runtime.core.MutableConfigurationSpec" time="0.001"/>
  <testcase name="Calling configuration.set(key.boolean.type, foo) stores foo (recall with getAsString)" classname="org.codehaus.griffon.runtime.core.MutableConfigurationSpec" time="0.001"/>
  <testcase name="Calling configuration.set(key.boolean.string, foo) stores foo (recall with getAsString)" classname="org.codehaus.griffon.runtime.core.MutableConfigurationSpec" time="0.0"/>
  <testcase name="Calling configuration.set(key.int.type, foo) stores foo (recall with getAsString)" classname="org.codehaus.griffon.runtime.core.MutableConfigurationSpec" time="0.001"/>
  <testcase name="Calling configuration.set(key.int.string, foo) stores foo (recall with getAsString)" classname="org.codehaus.griffon.runtime.core.MutableConfigurationSpec" time="0.001"/>
  <testcase name="Calling configuration.set(key.long.type, foo) stores foo (recall with getAsString)" classname="org.codehaus.griffon.runtime.core.MutableConfigurationSpec" time="0.0"/>
  <testcase name="Calling configuration.set(key.long.string, foo) stores foo (recall with getAsString)" classname="org.codehaus.griffon.runtime.core.MutableConfigurationSpec" time="0.001"/>
  <testcase name="Calling configuration.set(key.float.type, foo) stores foo (recall with getAsString)" classname="org.codehaus.griffon.runtime.core.MutableConfigurationSpec" time="0.0"/>
  <testcase name="Calling configuration.set(key.float.string, foo) stores foo (recall with getAsString)" classname="org.codehaus.griffon.runtime.core.MutableConfigurationSpec" time="0.0"/>
  <testcase name="Calling configuration.set(key.double.type, foo) stores foo (recall with getAsString)" classname="org.codehaus.griffon.runtime.core.MutableConfigurationSpec" time="0.0"/>
  <testcase name="Calling configuration.set(key.double.string, foo) stores foo (recall with getAsString)" classname="org.codehaus.griffon.runtime.core.MutableConfigurationSpec" time="0.0"/>
  <testcase name="Calling configuration.remove(key.string) removes the key" classname="org.codehaus.griffon.runtime.core.MutableConfigurationSpec" time="0.003"/>
  <testcase name="Calling configuration.remove(key.boolean.type) removes the key" classname="org.codehaus.griffon.runtime.core.MutableConfigurationSpec" time="0.0"/>
  <testcase name="Calling configuration.remove(key.boolean.string) removes the key" classname="org.codehaus.griffon.runtime.core.MutableConfigurationSpec" time="0.001"/>
  <testcase name="Calling configuration.remove(key.int.type) removes the key" classname="org.codehaus.griffon.runtime.core.MutableConfigurationSpec" time="0.0"/>
  <testcase name="Calling configuration.remove(key.int.string) removes the key" classname="org.codehaus.griffon.runtime.core.MutableConfigurationSpec" time="0.0"/>
  <testcase name="Calling configuration.remove(key.long.type) removes the key" classname="org.codehaus.griffon.runtime.core.MutableConfigurationSpec" time="0.0"/>
  <testcase name="Calling configuration.remove(key.long.string) removes the key" classname="org.codehaus.griffon.runtime.core.MutableConfigurationSpec" time="0.001"/>
  <testcase name="Calling configuration.remove(key.float.type) removes the key" classname="org.codehaus.griffon.runtime.core.MutableConfigurationSpec" time="0.0"/>
  <testcase name="Calling configuration.remove(key.float.string) removes the key" classname="org.codehaus.griffon.runtime.core.MutableConfigurationSpec" time="0.001"/>
  <testcase name="Calling configuration.remove(key.double.type) removes the key" classname="org.codehaus.griffon.runtime.core.MutableConfigurationSpec" time="0.0"/>
  <testcase name="Calling configuration.remove(key.double.string) removes the key" classname="org.codehaus.griffon.runtime.core.MutableConfigurationSpec" time="0.001"/>
  <testcase name="Calling configuration.remove(key.foo) removes the key" classname="org.codehaus.griffon.runtime.core.MutableConfigurationSpec" time="0.0"/>
  <testcase name="Transforming configuration into flat Map and retrieving key key.string" classname="org.codehaus.griffon.runtime.core.MutableConfigurationSpec" time="0.002"/>
  <testcase name="Transforming configuration into flat Map and retrieving key key.boolean.type" classname="org.codehaus.griffon.runtime.core.MutableConfigurationSpec" time="0.0"/>
  <testcase name="Transforming configuration into flat Map and retrieving key key.boolean.string" classname="org.codehaus.griffon.runtime.core.MutableConfigurationSpec" time="0.001"/>
  <testcase name="Transforming configuration into flat Map and retrieving key key.int.type" classname="org.codehaus.griffon.runtime.core.MutableConfigurationSpec" time="0.0"/>
  <testcase name="Transforming configuration into flat Map and retrieving key key.int.string" classname="org.codehaus.griffon.runtime.core.MutableConfigurationSpec" time="0.0"/>
  <testcase name="Transforming configuration into flat Map and retrieving key key.long.type" classname="org.codehaus.griffon.runtime.core.MutableConfigurationSpec" time="0.001"/>
  <testcase name="Transforming configuration into flat Map and retrieving key key.long.string" classname="org.codehaus.griffon.runtime.core.MutableConfigurationSpec" time="0.0"/>
  <testcase name="Transforming configuration into flat Map and retrieving key key.float.type" classname="org.codehaus.griffon.runtime.core.MutableConfigurationSpec" time="0.0"/>
  <testcase name="Transforming configuration into flat Map and retrieving key key.float.string" classname="org.codehaus.griffon.runtime.core.MutableConfigurationSpec" time="0.0"/>
  <testcase name="Transforming configuration into flat Map and retrieving key key.double.type" classname="org.codehaus.griffon.runtime.core.MutableConfigurationSpec" time="0.0"/>
  <testcase name="Transforming configuration into flat Map and retrieving key key.double.string" classname="org.codehaus.griffon.runtime.core.MutableConfigurationSpec" time="0.0"/>
  <testcase name="Transforming configuration into flat Map and retrieving key key.foo" classname="org.codehaus.griffon.runtime.core.MutableConfigurationSpec" time="0.001"/>
  <testcase name="Transforming configuration into Properties and retrieving key key.string" classname="org.codehaus.griffon.runtime.core.MutableConfigurationSpec" time="0.023"/>
  <testcase name="Transforming configuration into Properties and retrieving key key.boolean.type" classname="org.codehaus.griffon.runtime.core.MutableConfigurationSpec" time="0.001"/>
  <testcase name="Transforming configuration into Properties and retrieving key key.boolean.string" classname="org.codehaus.griffon.runtime.core.MutableConfigurationSpec" time="0.0"/>
  <testcase name="Transforming configuration into Properties and retrieving key key.int.type" classname="org.codehaus.griffon.runtime.core.MutableConfigurationSpec" time="0.0"/>
  <testcase name="Transforming configuration into Properties and retrieving key key.int.string" classname="org.codehaus.griffon.runtime.core.MutableConfigurationSpec" time="0.0"/>
  <testcase name="Transforming configuration into Properties and retrieving key key.long.type" classname="org.codehaus.griffon.runtime.core.MutableConfigurationSpec" time="0.0"/>
  <testcase name="Transforming configuration into Properties and retrieving key key.long.string" classname="org.codehaus.griffon.runtime.core.MutableConfigurationSpec" time="0.001"/>
  <testcase name="Transforming configuration into Properties and retrieving key key.float.type" classname="org.codehaus.griffon.runtime.core.MutableConfigurationSpec" time="0.0"/>
  <testcase name="Transforming configuration into Properties and retrieving key key.float.string" classname="org.codehaus.griffon.runtime.core.MutableConfigurationSpec" time="0.0"/>
  <testcase name="Transforming configuration into Properties and retrieving key key.double.type" classname="org.codehaus.griffon.runtime.core.MutableConfigurationSpec" time="0.001"/>
  <testcase name="Transforming configuration into Properties and retrieving key key.double.string" classname="org.codehaus.griffon.runtime.core.MutableConfigurationSpec" time="0.0"/>
  <testcase name="Transforming configuration into Properties and retrieving key key.foo" classname="org.codehaus.griffon.runtime.core.MutableConfigurationSpec" time="0.0"/>
  <testcase name="Transforming configuration into ResourceBundle and retrieving key key.string" classname="org.codehaus.griffon.runtime.core.MutableConfigurationSpec" time="0.003"/>
  <testcase name="Transforming configuration into ResourceBundle and retrieving key key.boolean.type" classname="org.codehaus.griffon.runtime.core.MutableConfigurationSpec" time="0.0"/>
  <testcase name="Transforming configuration into ResourceBundle and retrieving key key.boolean.string" classname="org.codehaus.griffon.runtime.core.MutableConfigurationSpec" time="0.001"/>
  <testcase name="Transforming configuration into ResourceBundle and retrieving key key.int.type" classname="org.codehaus.griffon.runtime.core.MutableConfigurationSpec" time="0.0"/>
  <testcase name="Transforming configuration into ResourceBundle and retrieving key key.int.string" classname="org.codehaus.griffon.runtime.core.MutableConfigurationSpec" time="0.001"/>
  <testcase name="Transforming configuration into ResourceBundle and retrieving key key.long.type" classname="org.codehaus.griffon.runtime.core.MutableConfigurationSpec" time="0.0"/>
  <testcase name="Transforming configuration into ResourceBundle and retrieving key key.long.string" classname="org.codehaus.griffon.runtime.core.MutableConfigurationSpec" time="0.0"/>
  <testcase name="Transforming configuration into ResourceBundle and retrieving key key.float.type" classname="org.codehaus.griffon.runtime.core.MutableConfigurationSpec" time="0.001"/>
  <testcase name="Transforming configuration into ResourceBundle and retrieving key key.float.string" classname="org.codehaus.griffon.runtime.core.MutableConfigurationSpec" time="0.0"/>
  <testcase name="Transforming configuration into ResourceBundle and retrieving key key.double.type" classname="org.codehaus.griffon.runtime.core.MutableConfigurationSpec" time="0.001"/>
  <testcase name="Transforming configuration into ResourceBundle and retrieving key key.double.string" classname="org.codehaus.griffon.runtime.core.MutableConfigurationSpec" time="0.001"/>
  <testcase name="Transforming configuration into ResourceBundle and retrieving key key.foo" classname="org.codehaus.griffon.runtime.core.MutableConfigurationSpec" time="0.001"/>
  <system-out><![CDATA[]]></system-out>
  <system-err><![CDATA[[Test worker] TRACE griffon.util.CompositeResourceBundle - Searching key=key.string
[Test worker] TRACE griffon.util.CompositeResourceBundle - Bundle griffon.util.ExpandableResourceBundle@5afed243; key=key.string; value='string'
[Test worker] TRACE griffon.util.CompositeResourceBundle - Searching key=key.boolean.type
[Test worker] TRACE griffon.util.CompositeResourceBundle - Bundle griffon.util.ExpandableResourceBundle@474199fc; key=key.boolean.type; value='true'
[Test worker] TRACE griffon.util.CompositeResourceBundle - Searching key=key.boolean.string
[Test worker] TRACE griffon.util.CompositeResourceBundle - Bundle griffon.util.ExpandableResourceBundle@4a4b39de; key=key.boolean.string; value='true'
[Test worker] TRACE griffon.util.CompositeResourceBundle - Searching key=key.int.type
[Test worker] TRACE griffon.util.CompositeResourceBundle - Bundle griffon.util.ExpandableResourceBundle@fbd4455; key=key.int.type; value='42'
[Test worker] TRACE griffon.util.CompositeResourceBundle - Searching key=key.int.string
[Test worker] TRACE griffon.util.CompositeResourceBundle - Bundle griffon.util.ExpandableResourceBundle@237de32b; key=key.int.string; value='21'
[Test worker] TRACE griffon.util.CompositeResourceBundle - Searching key=key.long.type
[Test worker] TRACE griffon.util.CompositeResourceBundle - Bundle griffon.util.ExpandableResourceBundle@68b800c1; key=key.long.type; value='64'
[Test worker] TRACE griffon.util.CompositeResourceBundle - Searching key=key.long.string
[Test worker] TRACE griffon.util.CompositeResourceBundle - Bundle griffon.util.ExpandableResourceBundle@7bae51c1; key=key.long.string; value='32'
[Test worker] TRACE griffon.util.CompositeResourceBundle - Searching key=key.float.type
[Test worker] TRACE griffon.util.CompositeResourceBundle - Bundle griffon.util.ExpandableResourceBundle@1ed42d0d; key=key.float.type; value='3.1416'
[Test worker] TRACE griffon.util.CompositeResourceBundle - Searching key=key.float.string
[Test worker] TRACE griffon.util.CompositeResourceBundle - Bundle griffon.util.ExpandableResourceBundle@52fce147; key=key.float.string; value='6.2832'
[Test worker] TRACE griffon.util.CompositeResourceBundle - Searching key=key.double.type
[Test worker] TRACE griffon.util.CompositeResourceBundle - Bundle griffon.util.ExpandableResourceBundle@7a6a4dd1; key=key.double.type; value='3.1416'
[Test worker] TRACE griffon.util.CompositeResourceBundle - Searching key=key.double.string
[Test worker] TRACE griffon.util.CompositeResourceBundle - Bundle griffon.util.ExpandableResourceBundle@4cc0cc24; key=key.double.string; value='6.2832'
[Test worker] TRACE griffon.util.CompositeResourceBundle - Searching key=key.foo
[Test worker] TRACE griffon.util.CompositeResourceBundle - Bundle griffon.util.ExpandableResourceBundle@7903fa22; key=key.foo; value='foo'
]]></system-err>
</testsuite>
