<?xml version="1.0" encoding="UTF-8"?>
<testsuite name="griffon.exceptions.InstanceNotFoundExceptionSpec" tests="4" skipped="0" failures="0" errors="0" timestamp="2015-08-27T14:34:05" hostname="testing-worker-linux-77796cae-1-11501-linux-14-77511369" time="0.015">
  <properties/>
  <testcase name="Exception should have proper formatted message[0]" classname="griffon.exceptions.InstanceNotFoundExceptionSpec" time="0.011"/>
  <testcase name="Exception should have proper formatted message[1]" classname="griffon.exceptions.InstanceNotFoundExceptionSpec" time="0.001"/>
  <testcase name="Exception should have proper formatted message[2]" classname="griffon.exceptions.InstanceNotFoundExceptionSpec" time="0.0"/>
  <testcase name="Exception should have proper formatted message[3]" classname="griffon.exceptions.InstanceNotFoundExceptionSpec" time="0.001"/>
  <system-out><![CDATA[]]></system-out>
  <system-err><![CDATA[]]></system-err>
</testsuite>
