<?xml version="1.0" encoding="UTF-8"?>
<testsuite name="griffon.core.env.EnvironmentTests" tests="3" skipped="0" failures="0" errors="0" timestamp="2015-01-07T08:42:17" hostname="testing-worker-linux-7-1-28356-linux-11-46168204" time="0.035">
  <properties/>
  <testcase name="testGetEnvironment" classname="griffon.core.env.EnvironmentTests" time="0.023"/>
  <testcase name="testSystemPropertyOverridesMetadata" classname="griffon.core.env.EnvironmentTests" time="0.011"/>
  <testcase name="testGetCurrent" classname="griffon.core.env.EnvironmentTests" time="0.001"/>
  <system-out><![CDATA[]]></system-out>
  <system-err><![CDATA[]]></system-err>
</testsuite>
