<?xml version="1.0" encoding="UTF-8"?>
<testsuite name="integration.MVCGroupSpec" tests="4" skipped="0" failures="0" errors="0" timestamp="2014-12-19T03:44:05" hostname="testing-worker-linux-8-1-9724-linux-13-44539270" time="0.141">
  <properties/>
  <testcase name="Bootstrap application" classname="integration.MVCGroupSpec" time="0.088"/>
  <testcase name="Creating an MVCGroup through the MVCGroupManager does not set implicit parent group" classname="integration.MVCGroupSpec" time="0.019"/>
  <testcase name="Creating an MVCGroup through a group does set implicit parent group" classname="integration.MVCGroupSpec" time="0.017"/>
  <testcase name="Creating an MVCGroup through an artifact does set implicit parent group" classname="integration.MVCGroupSpec" time="0.016"/>
  <system-out><![CDATA[{application=integration.TestGriffonApplication@145b9d9c, mvcType=sample, mvcId=sample, configuration=MVCGroupConfiguration{mvcType='sample', members={model=integration.SimpleModel, view=integration.SimpleView, controller=integration.SimpleController}, config={}}, model=integration.SimpleModel@4209e62d, view=integration.SimpleView@8a398bb, controller=integration.SimpleController@21fd465c, mvcGroup=org.codehaus.griffon.runtime.core.mvc.DefaultMVCGroup@28c1bf68[sample:sample]}
{application=integration.TestGriffonApplication@145b9d9c, mvcType=simple, mvcId=simple, configuration=MVCGroupConfiguration{mvcType='simple', members={model=integration.SimpleModel, view=integration.SimpleView, controller=integration.SimpleController}, config={}}, model=integration.SimpleModel@1b700d9e, view=integration.SimpleView@729caa06, controller=integration.SimpleController@1485e036, mvcGroup=org.codehaus.griffon.runtime.core.mvc.DefaultMVCGroup@6003442d[simple:simple]}
{application=integration.TestGriffonApplication@145b9d9c, mvcType=simple, mvcId=parent1, configuration=MVCGroupConfiguration{mvcType='simple', members={model=integration.SimpleModel, view=integration.SimpleView, controller=integration.SimpleController}, config={}}, model=integration.SimpleModel@73a83f82, view=integration.SimpleView@60e19b25, controller=integration.SimpleController@361d6cb7, mvcGroup=org.codehaus.griffon.runtime.core.mvc.DefaultMVCGroup@5aa4826b[simple:parent1]}
{application=integration.TestGriffonApplication@145b9d9c, mvcType=simple, mvcId=simple, configuration=MVCGroupConfiguration{mvcType='simple', members={model=integration.SimpleModel, view=integration.SimpleView, controller=integration.SimpleController}, config={}}, parentGroup=org.codehaus.griffon.runtime.core.mvc.DefaultMVCGroup@5aa4826b[simple:parent1], parentModel=integration.SimpleModel@73a83f82, parentView=integration.SimpleView@60e19b25, parentController=integration.SimpleController@361d6cb7, model=integration.SimpleModel@58d30e75, view=integration.SimpleView@6fd23767, controller=integration.SimpleController@28617ec0, mvcGroup=org.codehaus.griffon.runtime.core.mvc.DefaultMVCGroup@5a9a8cc8[simple:simple]}
{application=integration.TestGriffonApplication@145b9d9c, mvcType=simple, mvcId=parent2, configuration=MVCGroupConfiguration{mvcType='simple', members={model=integration.SimpleModel, view=integration.SimpleView, controller=integration.SimpleController}, config={}}, model=integration.SimpleModel@715010f, view=integration.SimpleView@cd0d39e, controller=integration.SimpleController@30ce039, mvcGroup=org.codehaus.griffon.runtime.core.mvc.DefaultMVCGroup@137ab75a[simple:parent2]}
{application=integration.TestGriffonApplication@145b9d9c, mvcType=simple, mvcId=simple, configuration=MVCGroupConfiguration{mvcType='simple', members={model=integration.SimpleModel, view=integration.SimpleView, controller=integration.SimpleController}, config={}}, parentGroup=org.codehaus.griffon.runtime.core.mvc.DefaultMVCGroup@137ab75a[simple:parent2], parentModel=integration.SimpleModel@715010f, parentView=integration.SimpleView@cd0d39e, parentController=integration.SimpleController@30ce039, model=integration.SimpleModel@6e59bed0, view=integration.SimpleView@2d5f776d, controller=integration.SimpleController@4383e2d3, mvcGroup=org.codehaus.griffon.runtime.core.mvc.DefaultMVCGroup@5e4132f2[simple:simple]}
]]></system-out>
  <system-err><![CDATA[[Test worker] INFO org.codehaus.griffon.runtime.core.DefaultApplicationBootstrapper - Griffon 2.2.0-SNAPSHOT
[Test worker] INFO org.codehaus.griffon.runtime.core.DefaultApplicationBootstrapper - Build: 2014-12-19T03:40:58.813+0000
[Test worker] INFO org.codehaus.griffon.runtime.core.DefaultApplicationBootstrapper - JVM: 1.8.0_25 (Oracle Corporation 25.25-b02)
[Test worker] INFO org.codehaus.griffon.runtime.core.DefaultApplicationBootstrapper - OS: Linux 2.6.32-042stab090.5 amd64
[Test worker] INFO integration.TestGriffonApplication - Initializing all startup groups: [integration]
[Test worker] INFO integration.TestGriffonApplication - Initializing all integrationÂ startup groups: [sample]
[Test worker] INFO integration.TestGriffonApplication - Shutdown is in process
]]></system-err>
</testsuite>
