<?xml version="1.0" encoding="UTF-8"?>
<testsuite name="griffon.core.editors.ShortPropertyEditorSpec" tests="13" skipped="0" failures="0" errors="0" timestamp="2015-07-29T19:52:48" hostname="testing-worker-linux-a01deac5-2-15736-linux-11-73255943" time="0.067">
  <properties/>
  <testcase name="Short literal 'null' with format 'null' should be equal to null" classname="griffon.core.editors.ShortPropertyEditorSpec" time="0.008"/>
  <testcase name="Short literal '' with format 'null' should be equal to null" classname="griffon.core.editors.ShortPropertyEditorSpec" time="0.001"/>
  <testcase name="Short literal '1' with format 'null' should be equal to 1" classname="griffon.core.editors.ShortPropertyEditorSpec" time="0.012"/>
  <testcase name="Short literal '100%' with format 'percent' should be equal to 1" classname="griffon.core.editors.ShortPropertyEditorSpec" time="0.002"/>
  <testcase name="Short literal '$1.00' with format 'currency' should be equal to 1" classname="griffon.core.editors.ShortPropertyEditorSpec" time="0.001"/>
  <testcase name="Short literal '1' with format 'null' should be equal to 1" classname="griffon.core.editors.ShortPropertyEditorSpec" time="0.001"/>
  <testcase name="Invalid short literal 'garbage'" classname="griffon.core.editors.ShortPropertyEditorSpec" time="0.007"/>
  <testcase name="Invalid short literal '1, 2, 3'" classname="griffon.core.editors.ShortPropertyEditorSpec" time="0.001"/>
  <testcase name="Invalid short literal '[]'" classname="griffon.core.editors.ShortPropertyEditorSpec" time="0.001"/>
  <testcase name="Invalid short literal '[1, 2, 3]'" classname="griffon.core.editors.ShortPropertyEditorSpec" time="0.001"/>
  <testcase name="Invalid short literal '[:]'" classname="griffon.core.editors.ShortPropertyEditorSpec" time="0.001"/>
  <testcase name="Invalid short literal '[key:value]'" classname="griffon.core.editors.ShortPropertyEditorSpec" time="0.001"/>
  <testcase name="Invalid short literal 'java.lang.Object@68189e1f'" classname="griffon.core.editors.ShortPropertyEditorSpec" time="0.001"/>
  <system-out><![CDATA[]]></system-out>
  <system-err><![CDATA[]]></system-err>
</testsuite>
