<?xml version="1.0" encoding="UTF-8"?>
<testsuite name="griffon.core.editors.IntegerPropertyEditorSpec" tests="13" skipped="0" failures="0" errors="0" timestamp="2016-02-03T23:35:43" hostname="testing-gce-658173bf-dd00-4fdd-b080-ce5d2d34a14f.c.eco-emissary-99515.internal" time="0.007">
  <properties/>
  <testcase name="Integer literal 'null' with format 'null' should be equal to null" classname="griffon.core.editors.IntegerPropertyEditorSpec" time="0.002"/>
  <testcase name="Integer literal '' with format 'null' should be equal to null" classname="griffon.core.editors.IntegerPropertyEditorSpec" time="0.0"/>
  <testcase name="Integer literal '1' with format 'null' should be equal to 1" classname="griffon.core.editors.IntegerPropertyEditorSpec" time="0.001"/>
  <testcase name="Integer literal '100%' with format 'percent' should be equal to 1" classname="griffon.core.editors.IntegerPropertyEditorSpec" time="0.001"/>
  <testcase name="Integer literal '$1.00' with format 'currency' should be equal to 1" classname="griffon.core.editors.IntegerPropertyEditorSpec" time="0.0"/>
  <testcase name="Integer literal '1' with format 'null' should be equal to 1" classname="griffon.core.editors.IntegerPropertyEditorSpec" time="0.0"/>
  <testcase name="Invalid integer literal 'garbage'" classname="griffon.core.editors.IntegerPropertyEditorSpec" time="0.001"/>
  <testcase name="Invalid integer literal '1, 2, 3'" classname="griffon.core.editors.IntegerPropertyEditorSpec" time="0.0"/>
  <testcase name="Invalid integer literal '[]'" classname="griffon.core.editors.IntegerPropertyEditorSpec" time="0.0"/>
  <testcase name="Invalid integer literal '[1, 2, 3]'" classname="griffon.core.editors.IntegerPropertyEditorSpec" time="0.001"/>
  <testcase name="Invalid integer literal '[:]'" classname="griffon.core.editors.IntegerPropertyEditorSpec" time="0.0"/>
  <testcase name="Invalid integer literal '[key:value]'" classname="griffon.core.editors.IntegerPropertyEditorSpec" time="0.0"/>
  <testcase name="Invalid integer literal 'java.lang.Object@1cffb242'" classname="griffon.core.editors.IntegerPropertyEditorSpec" time="0.0"/>
  <system-out><![CDATA[]]></system-out>
  <system-err><![CDATA[]]></system-err>
</testsuite>
