<?xml version="1.0" encoding="UTF-8"?>
<testsuite name="org.codehaus.griffon.runtime.core.i18n.CustomMessageSourceTests" tests="6" skipped="0" failures="0" errors="0" timestamp="2015-10-18T16:23:06" hostname="testing-worker-linux-da6418d7-1-5175-linux-11-86047440" time="0.053">
  <properties/>
  <testcase name="exerciseAllExceptionThrowingMethods" classname="org.codehaus.griffon.runtime.core.i18n.CustomMessageSourceTests" time="0.038"/>
  <testcase name="resolveMessageValueWithReferencedKey" classname="org.codehaus.griffon.runtime.core.i18n.CustomMessageSourceTests" time="0.001"/>
  <testcase name="invalidKeysInResourceBundle" classname="org.codehaus.griffon.runtime.core.i18n.CustomMessageSourceTests" time="0.001"/>
  <testcase name="exerciseAllMethodsWithDefaultMessage" classname="org.codehaus.griffon.runtime.core.i18n.CustomMessageSourceTests" time="0.007"/>
  <testcase name="getAllDefinedMessages" classname="org.codehaus.griffon.runtime.core.i18n.CustomMessageSourceTests" time="0.001"/>
  <testcase name="exerciseFormatMessage" classname="org.codehaus.griffon.runtime.core.i18n.CustomMessageSourceTests" time="0.002"/>
  <system-out><![CDATA[]]></system-out>
  <system-err><![CDATA[]]></system-err>
</testsuite>
