<?xml version="1.0" encoding="UTF-8"?>
<testsuite name="griffon.core.ContextSpec" tests="30" skipped="0" failures="0" errors="0" timestamp="2015-09-03T11:26:48" hostname="testing-worker-linux-44a99d76-2-8313-linux-7-78557557" time="0.086">
  <properties/>
  <testcase name="Find values on context 1 using defaults[0]" classname="griffon.core.ContextSpec" time="0.002"/>
  <testcase name="Find values on context 1 using defaults[1]" classname="griffon.core.ContextSpec" time="0.0"/>
  <testcase name="Find values on context 1 using typed defaults[0]" classname="griffon.core.ContextSpec" time="0.009"/>
  <testcase name="Find values on context 1 using typed defaults[1]" classname="griffon.core.ContextSpec" time="0.0"/>
  <testcase name="Find values on context 1 using typed defaults[2]" classname="griffon.core.ContextSpec" time="0.001"/>
  <testcase name="Find values on context 1 using typed defaults[3]" classname="griffon.core.ContextSpec" time="0.006"/>
  <testcase name="Find values on context 1 using typed defaults[4]" classname="griffon.core.ContextSpec" time="0.041"/>
  <testcase name="Find values on context 1 using typed defaults[5]" classname="griffon.core.ContextSpec" time="0.001"/>
  <testcase name="Find values on context 1 using typed defaults[6]" classname="griffon.core.ContextSpec" time="0.0"/>
  <testcase name="Find values on context 1 using typed defaults[7]" classname="griffon.core.ContextSpec" time="0.0"/>
  <testcase name="Find values on context 1 using typed getters[0]" classname="griffon.core.ContextSpec" time="0.0"/>
  <testcase name="Find values on context 1 using typed getters[1]" classname="griffon.core.ContextSpec" time="0.001"/>
  <testcase name="Find values on context 1 using typed getters[2]" classname="griffon.core.ContextSpec" time="0.0"/>
  <testcase name="Find values on context 1 using typed getters[3]" classname="griffon.core.ContextSpec" time="0.001"/>
  <testcase name="Find values on context 1 using typed getters[4]" classname="griffon.core.ContextSpec" time="0.001"/>
  <testcase name="Find values on context 1 using typed getters[5]" classname="griffon.core.ContextSpec" time="0.001"/>
  <testcase name="Find values on context 1[0]" classname="griffon.core.ContextSpec" time="0.001"/>
  <testcase name="Find values on context 1[1]" classname="griffon.core.ContextSpec" time="0.001"/>
  <testcase name="Find values on child context 2[0]" classname="griffon.core.ContextSpec" time="0.001"/>
  <testcase name="Find values on child context 2[1]" classname="griffon.core.ContextSpec" time="0.0"/>
  <testcase name="Find values on child context 2[2]" classname="griffon.core.ContextSpec" time="0.001"/>
  <testcase name="Find values on child context 3[0]" classname="griffon.core.ContextSpec" time="0.0"/>
  <testcase name="Find values on child context 3[1]" classname="griffon.core.ContextSpec" time="0.0"/>
  <testcase name="Find values on child context 3[2]" classname="griffon.core.ContextSpec" time="0.0"/>
  <testcase name="Shadowed attributes in child context 2" classname="griffon.core.ContextSpec" time="0.002"/>
  <testcase name="Destroying a context clears all attributes" classname="griffon.core.ContextSpec" time="0.001"/>
  <testcase name="Get all the keys[0]" classname="griffon.core.ContextSpec" time="0.004"/>
  <testcase name="Get all the keys[1]" classname="griffon.core.ContextSpec" time="0.001"/>
  <testcase name="ContainsKey on child context" classname="griffon.core.ContextSpec" time="0.0"/>
  <testcase name="HasKey on child context" classname="griffon.core.ContextSpec" time="0.001"/>
  <system-out><![CDATA[]]></system-out>
  <system-err><![CDATA[]]></system-err>
</testsuite>
