<?xml version="1.0" encoding="UTF-8"?>
<testsuite name="griffon.core.ObservableContextSpec" tests="2" skipped="0" failures="0" errors="0" timestamp="2015-09-21T18:37:37" hostname="testing-worker-linux-c55820f2-2-17258-linux-9-81442495" time="0.066">
  <properties/>
  <testcase name="Exercise listener methods" classname="griffon.core.ObservableContextSpec" time="0.056"/>
  <testcase name="Listen to context events" classname="griffon.core.ObservableContextSpec" time="0.01"/>
  <system-out><![CDATA[]]></system-out>
  <system-err><![CDATA[]]></system-err>
</testsuite>
