<?xml version="1.0" encoding="UTF-8"?>
<testsuite name="org.codehaus.griffon.runtime.core.resources.DefaultResourceResolverTests" tests="6" skipped="0" failures="0" errors="0" timestamp="2015-06-08T20:29:44" hostname="testing-worker-linux-77796cae-1-8158-linux-12-65949627" time="0.187">
  <properties/>
  <testcase name="exerciseFormatResource" classname="org.codehaus.griffon.runtime.core.resources.DefaultResourceResolverTests" time="0.04"/>
  <testcase name="resolveResourceValueWithReferencedKey" classname="org.codehaus.griffon.runtime.core.resources.DefaultResourceResolverTests" time="0.004"/>
  <testcase name="exerciseAllExceptionThrowingMethods" classname="org.codehaus.griffon.runtime.core.resources.DefaultResourceResolverTests" time="0.047"/>
  <testcase name="exerciseAllMethodsWithDefaultValue" classname="org.codehaus.griffon.runtime.core.resources.DefaultResourceResolverTests" time="0.026"/>
  <testcase name="resolveAllFormatsByProperties" classname="org.codehaus.griffon.runtime.core.resources.DefaultResourceResolverTests" time="0.002"/>
  <testcase name="resolveResourceFromCustomResourceResolver" classname="org.codehaus.griffon.runtime.core.resources.DefaultResourceResolverTests" time="0.056"/>
  <system-out><![CDATA[]]></system-out>
  <system-err><![CDATA[]]></system-err>
</testsuite>
