<?xml version="1.0" encoding="UTF-8"?>
<testsuite name="griffon.util.ServiceLoaderUtilsSpec" tests="3" skipped="0" failures="0" errors="0" timestamp="2015-05-15T09:49:33" hostname="testing-worker-linux-226df11e-2-8634-linux-9-62677408" time="0.023">
  <properties/>
  <testcase name="Read service entries from META-INF/entry/" classname="griffon.util.ServiceLoaderUtilsSpec" time="0.021"/>
  <testcase name="Read service entries from META-INF/entry" classname="griffon.util.ServiceLoaderUtilsSpec" time="0.001"/>
  <testcase name="Read service entries from META-INF/bogus" classname="griffon.util.ServiceLoaderUtilsSpec" time="0.001"/>
  <system-out><![CDATA[]]></system-out>
  <system-err><![CDATA[[Test worker] DEBUG griffon.util.ServiceLoaderUtils - Reading java.lang.String definitions from file:/home/travis/build/griffon/griffon/subprojects/griffon-core/build/resources/test/META-INF/entry/java.lang.String
[Test worker] DEBUG griffon.util.ServiceLoaderUtils - Reading java.lang.String definitions from file:/home/travis/build/griffon/griffon/subprojects/griffon-core/build/resources/test/META-INF/entry/java.lang.String
]]></system-err>
</testsuite>
