<?xml version="1.0" encoding="UTF-8"?>
<testsuite name="griffon.core.editors.LocalePropertyEditorSpec" tests="10" skipped="0" failures="0" errors="0" timestamp="2016-06-21T15:10:54" hostname="testing-gce-0e782aca-58c1-412b-87a9-e88a2fcd4730.c.travis-ci-prod-5.internal" time="0.01">
  <properties/>
  <testcase name="Locale literal 'null' should be equal to null" classname="griffon.core.editors.LocalePropertyEditorSpec" time="0.004"/>
  <testcase name="Locale literal '' should be equal to en_US" classname="griffon.core.editors.LocalePropertyEditorSpec" time="0.001"/>
  <testcase name="Locale literal 'de' should be equal to de" classname="griffon.core.editors.LocalePropertyEditorSpec" time="0.001"/>
  <testcase name="Locale literal 'de_CH' should be equal to de_CH" classname="griffon.core.editors.LocalePropertyEditorSpec" time="0.0"/>
  <testcase name="Locale literal 'de_CH_Basel' should be equal to de_CH_Basel" classname="griffon.core.editors.LocalePropertyEditorSpec" time="0.001"/>
  <testcase name="Locale literal 'en_US' should be equal to en_US" classname="griffon.core.editors.LocalePropertyEditorSpec" time="0.0"/>
  <testcase name="Invalid biginteger literal '1'" classname="griffon.core.editors.LocalePropertyEditorSpec" time="0.0"/>
  <testcase name="Invalid biginteger literal '[]'" classname="griffon.core.editors.LocalePropertyEditorSpec" time="0.0"/>
  <testcase name="Invalid biginteger literal '[:]'" classname="griffon.core.editors.LocalePropertyEditorSpec" time="0.0"/>
  <testcase name="Invalid biginteger literal 'java.lang.Object@285932c8'" classname="griffon.core.editors.LocalePropertyEditorSpec" time="0.0"/>
  <system-out><![CDATA[]]></system-out>
  <system-err><![CDATA[]]></system-err>
</testsuite>
