<?xml version="1.0" encoding="UTF-8"?>
<testsuite name="org.codehaus.griffon.runtime.core.resources.DefaultResourceInjectorTests" tests="1" skipped="0" failures="0" errors="0" timestamp="2015-05-07T16:45:39" hostname="testing-worker-linux-968a87ce-1-32163-linux-11-61641878" time="0.021">
  <properties/>
  <testcase name="resolveAllFormatsByProperties" classname="org.codehaus.griffon.runtime.core.resources.DefaultResourceInjectorTests" time="0.021"/>
  <system-out><![CDATA[]]></system-out>
  <system-err><![CDATA[[Test worker] DEBUG org.codehaus.griffon.runtime.core.resources.AbstractResourceInjector - Property value of instance org.codehaus.griffon.runtime.core.resources.Bean@1d3ddef8 [key='org.codehaus.griffon.runtime.core.resources.Bean.value', args='[]', defaultValue='', format=''] is marked for resource injection.
[Test worker] TRACE griffon.util.CompositeResourceBundle - Searching key=org.codehaus.griffon.runtime.core.resources.Bean.value
[Test worker] TRACE griffon.util.CompositeResourceBundle - Bundle griffon.util.ExpandableResourceBundle@3e4ba4cc; key=org.codehaus.griffon.runtime.core.resources.Bean.value; value='fieldBySetter'
[Test worker] DEBUG org.codehaus.griffon.runtime.core.resources.AbstractResourceInjector - Field org.codehaus.griffon.runtime.core.resources.Bean.privateField of instance org.codehaus.griffon.runtime.core.resources.Bean@1d3ddef8 [key='org.codehaus.griffon.runtime.core.resources.Bean.privateField', args='[]', defaultValue='', format=''] is marked for resource injection.
[Test worker] TRACE griffon.util.CompositeResourceBundle - Searching key=org.codehaus.griffon.runtime.core.resources.Bean.privateField
[Test worker] TRACE griffon.util.CompositeResourceBundle - Bundle griffon.util.ExpandableResourceBundle@3e4ba4cc; key=org.codehaus.griffon.runtime.core.resources.Bean.privateField; value='privateField'
[Test worker] DEBUG org.codehaus.griffon.runtime.core.resources.AbstractResourceInjector - Field org.codehaus.griffon.runtime.core.resources.Bean.fieldWithKey of instance org.codehaus.griffon.runtime.core.resources.Bean@1d3ddef8 [key='sample.key.no_args', args='[]', defaultValue='', format=''] is marked for resource injection.
[Test worker] TRACE griffon.util.CompositeResourceBundle - Searching key=sample.key.no_args
[Test worker] TRACE griffon.util.CompositeResourceBundle - Bundle griffon.util.ExpandableResourceBundle@3e4ba4cc; key=sample.key.no_args; value='no_args'
[Test worker] DEBUG org.codehaus.griffon.runtime.core.resources.AbstractResourceInjector - Field org.codehaus.griffon.runtime.core.resources.Bean.fieldWithKeyAndArgs of instance org.codehaus.griffon.runtime.core.resources.Bean@1d3ddef8 [key='sample.key.with_args', args='[1, 2]', defaultValue='', format=''] is marked for resource injection.
[Test worker] TRACE griffon.util.CompositeResourceBundle - Searching key=sample.key.with_args
[Test worker] TRACE griffon.util.CompositeResourceBundle - Bundle griffon.util.ExpandableResourceBundle@3e4ba4cc; key=sample.key.with_args; value='with_args {0} {1}'
[Test worker] DEBUG org.codehaus.griffon.runtime.core.resources.AbstractResourceInjector - Field org.codehaus.griffon.runtime.core.resources.Bean.fieldWithKeyNoArgsWithDefault of instance org.codehaus.griffon.runtime.core.resources.Bean@1d3ddef8 [key='sample.key.no_args.with_default', args='[]', defaultValue='DEFAULT_NO_ARGS', format=''] is marked for resource injection.
[Test worker] TRACE griffon.util.CompositeResourceBundle - Searching key=sample.key.no_args.with_default
[Test worker] DEBUG org.codehaus.griffon.runtime.core.resources.AbstractResourceInjector - Field org.codehaus.griffon.runtime.core.resources.Bean.fieldWithKeyWithArgsWithDefault of instance org.codehaus.griffon.runtime.core.resources.Bean@1d3ddef8 [key='sample.key.no_args.with_default', args='[1, 2]', defaultValue='DEFAULT_WITH_ARGS', format=''] is marked for resource injection.
[Test worker] TRACE griffon.util.CompositeResourceBundle - Searching key=sample.key.no_args.with_default
[Test worker] DEBUG org.codehaus.griffon.runtime.core.resources.AbstractResourceInjector - Field org.codehaus.griffon.runtime.core.resources.Bean.notFound of instance org.codehaus.griffon.runtime.core.resources.Bean@1d3ddef8 [key='org.codehaus.griffon.runtime.core.resources.Bean.notFound', args='[]', defaultValue='', format=''] is marked for resource injection.
[Test worker] TRACE griffon.util.CompositeResourceBundle - Searching key=org.codehaus.griffon.runtime.core.resources.Bean.notFound
]]></system-err>
</testsuite>
