<?xml version="1.0" encoding="UTF-8"?>
<testsuite name="org.codehaus.griffon.runtime.core.inject.AbstractModuleSpec" tests="2" skipped="0" failures="0" errors="0" timestamp="2016-06-27T15:58:25" hostname="testing-gce-4e759559-308b-4c2a-9cf6-7c866c26f55a.c.travis-ci-prod-2.internal" time="0.046">
  <properties/>
  <testcase name="Verify all kinds of bindings" classname="org.codehaus.griffon.runtime.core.inject.AbstractModuleSpec" time="0.042"/>
  <testcase name="Broken module due to bad classifier" classname="org.codehaus.griffon.runtime.core.inject.AbstractModuleSpec" time="0.004"/>
  <system-out><![CDATA[]]></system-out>
  <system-err><![CDATA[]]></system-err>
</testsuite>
