<?xml version="1.0" encoding="UTF-8"?>
<testsuite name="org.codehaus.griffon.runtime.core.AbstractUIThreadHandlerSpec" tests="5" skipped="0" failures="0" errors="0" timestamp="2014-08-13T17:16:35" hostname="testing-worker-linux-11-1-1899-linux-9-32449583" time="0.26">
  <properties/>
  <testcase name="Execute runnable inside UI sync" classname="org.codehaus.griffon.runtime.core.AbstractUIThreadHandlerSpec" time="0.214"/>
  <testcase name="Execute runnable inside UI async" classname="org.codehaus.griffon.runtime.core.AbstractUIThreadHandlerSpec" time="0.007"/>
  <testcase name="Execute runnable outside UI" classname="org.codehaus.griffon.runtime.core.AbstractUIThreadHandlerSpec" time="0.007"/>
  <testcase name="Execute future" classname="org.codehaus.griffon.runtime.core.AbstractUIThreadHandlerSpec" time="0.014"/>
  <testcase name="Execute future with ExecutorService" classname="org.codehaus.griffon.runtime.core.AbstractUIThreadHandlerSpec" time="0.014"/>
  <system-out><![CDATA[]]></system-out>
  <system-err><![CDATA[]]></system-err>
</testsuite>
