<?xml version="1.0" encoding="UTF-8"?>
<testsuite name="griffon.core.formatters.LocaleFormatterSpec" tests="3" skipped="0" failures="0" errors="0" timestamp="2015-10-09T12:51:43" hostname="testing-worker-linux-9eb6c2a4-2-535-linux-8-84496156" time="0.008">
  <properties/>
  <testcase name="Locale 'en_US' produces literal 'en_US'" classname="griffon.core.formatters.LocaleFormatterSpec" time="0.007"/>
  <testcase name="Locale 'en_GB' produces literal 'en_GB'" classname="griffon.core.formatters.LocaleFormatterSpec" time="0.0"/>
  <testcase name="Locale 'de_CH_Basel' produces literal 'de_CH_Basel'" classname="griffon.core.formatters.LocaleFormatterSpec" time="0.0"/>
  <system-out><![CDATA[]]></system-out>
  <system-err><![CDATA[]]></system-err>
</testsuite>
