<?xml version="1.0" encoding="UTF-8"?>
<testsuite name="integration.MVCGroupSpec" tests="4" skipped="0" failures="0" errors="0" timestamp="2015-02-16T19:26:47" hostname="testing-worker-linux-c55820f2-2-18643-linux-15-50983192" time="0.149">
  <properties/>
  <testcase name="Bootstrap application" classname="integration.MVCGroupSpec" time="0.095"/>
  <testcase name="Creating an MVCGroup through the MVCGroupManager does not set implicit parent group" classname="integration.MVCGroupSpec" time="0.022"/>
  <testcase name="Creating an MVCGroup through a group does set implicit parent group" classname="integration.MVCGroupSpec" time="0.016"/>
  <testcase name="Creating an MVCGroup through an artifact does set implicit parent group" classname="integration.MVCGroupSpec" time="0.016"/>
  <system-out><![CDATA[{application=integration.TestGriffonApplication@a83a39b, mvcType=sample, mvcId=sample, configuration=MVCGroupConfiguration{mvcType='sample', members={model=integration.SimpleModel, view=integration.SimpleView, controller=integration.SimpleController}, config={}}, model=integration.SimpleModel@783ff072, view=integration.SimpleView@778c5365, controller=integration.SimpleController@1e9d113, mvcGroup=org.codehaus.griffon.runtime.core.mvc.DefaultMVCGroup@4a490c0c[sample:sample]}
{application=integration.TestGriffonApplication@a83a39b, mvcType=simple, mvcId=simple, configuration=MVCGroupConfiguration{mvcType='simple', members={model=integration.SimpleModel, view=integration.SimpleView, controller=integration.SimpleController}, config={}}, model=integration.SimpleModel@1c07756d, view=integration.SimpleView@5e18760, controller=integration.SimpleController@5d4471b7, mvcGroup=org.codehaus.griffon.runtime.core.mvc.DefaultMVCGroup@6b766fa7[simple:simple]}
{application=integration.TestGriffonApplication@a83a39b, mvcType=simple, mvcId=parent1, configuration=MVCGroupConfiguration{mvcType='simple', members={model=integration.SimpleModel, view=integration.SimpleView, controller=integration.SimpleController}, config={}}, model=integration.SimpleModel@63cad499, view=integration.SimpleView@41082352, controller=integration.SimpleController@70a9a43d, mvcGroup=org.codehaus.griffon.runtime.core.mvc.DefaultMVCGroup@7bf847d[simple:parent1]}
{application=integration.TestGriffonApplication@a83a39b, mvcType=simple, mvcId=simple, configuration=MVCGroupConfiguration{mvcType='simple', members={model=integration.SimpleModel, view=integration.SimpleView, controller=integration.SimpleController}, config={}}, parentGroup=org.codehaus.griffon.runtime.core.mvc.DefaultMVCGroup@7bf847d[simple:parent1], parentModel=integration.SimpleModel@63cad499, parentView=integration.SimpleView@41082352, parentController=integration.SimpleController@70a9a43d, model=integration.SimpleModel@74247274, view=integration.SimpleView@61653671, controller=integration.SimpleController@611e90ae, mvcGroup=org.codehaus.griffon.runtime.core.mvc.DefaultMVCGroup@725238eb[simple:simple]}
{application=integration.TestGriffonApplication@a83a39b, mvcType=simple, mvcId=parent2, configuration=MVCGroupConfiguration{mvcType='simple', members={model=integration.SimpleModel, view=integration.SimpleView, controller=integration.SimpleController}, config={}}, model=integration.SimpleModel@1bd4a31a, view=integration.SimpleView@2c49f11c, controller=integration.SimpleController@20926ca4, mvcGroup=org.codehaus.griffon.runtime.core.mvc.DefaultMVCGroup@4a1667d2[simple:parent2]}
{application=integration.TestGriffonApplication@a83a39b, mvcType=simple, mvcId=simple, configuration=MVCGroupConfiguration{mvcType='simple', members={model=integration.SimpleModel, view=integration.SimpleView, controller=integration.SimpleController}, config={}}, parentGroup=org.codehaus.griffon.runtime.core.mvc.DefaultMVCGroup@4a1667d2[simple:parent2], parentModel=integration.SimpleModel@1bd4a31a, parentView=integration.SimpleView@2c49f11c, parentController=integration.SimpleController@20926ca4, model=integration.SimpleModel@5dd37dcd, view=integration.SimpleView@fea0487, controller=integration.SimpleController@28f077dd, mvcGroup=org.codehaus.griffon.runtime.core.mvc.DefaultMVCGroup@197035cd[simple:simple]}
]]></system-out>
  <system-err><![CDATA[[Test worker] INFO org.codehaus.griffon.runtime.core.DefaultApplicationBootstrapper - Griffon 2.2.0-SNAPSHOT
[Test worker] INFO org.codehaus.griffon.runtime.core.DefaultApplicationBootstrapper - Build: 2015-02-16T19:23:15.145+0000
[Test worker] INFO org.codehaus.griffon.runtime.core.DefaultApplicationBootstrapper - JVM: 1.8.0_31 (Oracle Corporation 25.31-b07)
[Test worker] INFO org.codehaus.griffon.runtime.core.DefaultApplicationBootstrapper - OS: Linux 2.6.32-042stab090.5 amd64
[Test worker] INFO integration.TestGriffonApplication - Initializing all startup groups: [integration]
[Test worker] INFO integration.TestGriffonApplication - Initializing all integrationÂ startup groups: [sample]
[Test worker] INFO integration.TestGriffonApplication - Shutdown is in process
]]></system-err>
</testsuite>
