<?xml version="1.0" encoding="UTF-8"?>
<testsuite name="griffon.util.MapResourceBundleSpec" tests="1" skipped="0" failures="0" errors="0" timestamp="2016-02-26T16:27:45" hostname="testing-gce-32ea3c11-efb2-4a57-a3ce-d750bbbc3529.c.eco-emissary-99515.internal" time="0.0">
  <properties/>
  <testcase name="Calling bundle.getObject(key.string, #Error:defaultValue) gives string as result" classname="griffon.util.MapResourceBundleSpec" time="0.0"/>
  <system-out><![CDATA[]]></system-out>
  <system-err><![CDATA[]]></system-err>
</testsuite>
