<?xml version="1.0" encoding="UTF-8"?>
<testsuite name="griffon.core.env.EnvironmentTests" tests="3" skipped="0" failures="0" errors="0" timestamp="2014-06-23T21:54:05" hostname="testing-worker-linux-12-1-31924-linux-13-28263267" time="0.062">
  <properties/>
  <testcase name="testGetEnvironment" classname="griffon.core.env.EnvironmentTests" time="0.045"/>
  <testcase name="testSystemPropertyOverridesMetadata" classname="griffon.core.env.EnvironmentTests" time="0.015"/>
  <testcase name="testGetCurrent" classname="griffon.core.env.EnvironmentTests" time="0.001"/>
  <system-out><![CDATA[]]></system-out>
  <system-err><![CDATA[]]></system-err>
</testsuite>
