<?xml version="1.0" encoding="UTF-8"?>
<testsuite name="org.codehaus.griffon.runtime.core.artifact.GriffonArtifactSpec" tests="25" skipped="0" failures="0" errors="0" timestamp="2015-05-13T20:47:31" hostname="testing-worker-linux-968a87ce-2-11731-linux-16-62461521" time="1.941">
  <properties/>
  <testcase name="Bootstrap application" classname="org.codehaus.griffon.runtime.core.artifact.GriffonArtifactSpec" time="1.352"/>
  <testcase name="Verify withMvcGroup(type , handler)" classname="org.codehaus.griffon.runtime.core.artifact.GriffonArtifactSpec" time="0.092"/>
  <testcase name="Verify withMvcGroup(type, id , handler)" classname="org.codehaus.griffon.runtime.core.artifact.GriffonArtifactSpec" time="0.027"/>
  <testcase name="Verify withMvcGroup(type, id, map , handler)" classname="org.codehaus.griffon.runtime.core.artifact.GriffonArtifactSpec" time="0.024"/>
  <testcase name="Verify withMvcGroup(type, map , handler)" classname="org.codehaus.griffon.runtime.core.artifact.GriffonArtifactSpec" time="0.023"/>
  <testcase name="Verify withMvcGroup(map, type, id , handler)" classname="org.codehaus.griffon.runtime.core.artifact.GriffonArtifactSpec" time="0.027"/>
  <testcase name="Verify withMvcGroup(map, type , handler)" classname="org.codehaus.griffon.runtime.core.artifact.GriffonArtifactSpec" time="0.027"/>
  <testcase name="Verify createMVCGroup(type)" classname="org.codehaus.griffon.runtime.core.artifact.GriffonArtifactSpec" time="0.017"/>
  <testcase name="Verify createMVCGroup(type, id)" classname="org.codehaus.griffon.runtime.core.artifact.GriffonArtifactSpec" time="0.021"/>
  <testcase name="Verify createMVCGroup(type, map)" classname="org.codehaus.griffon.runtime.core.artifact.GriffonArtifactSpec" time="0.017"/>
  <testcase name="Verify createMVCGroup(map, type)" classname="org.codehaus.griffon.runtime.core.artifact.GriffonArtifactSpec" time="0.017"/>
  <testcase name="Verify createMVCGroup(type, id, map)" classname="org.codehaus.griffon.runtime.core.artifact.GriffonArtifactSpec" time="0.011"/>
  <testcase name="Verify createMVCGroup(map, type, id)" classname="org.codehaus.griffon.runtime.core.artifact.GriffonArtifactSpec" time="0.016"/>
  <testcase name="Verify createMVC(type)" classname="org.codehaus.griffon.runtime.core.artifact.GriffonArtifactSpec" time="0.022"/>
  <testcase name="Verify createMVC(type, id)" classname="org.codehaus.griffon.runtime.core.artifact.GriffonArtifactSpec" time="0.019"/>
  <testcase name="Verify createMVC(type, map)" classname="org.codehaus.griffon.runtime.core.artifact.GriffonArtifactSpec" time="0.02"/>
  <testcase name="Verify createMVC(map, type)" classname="org.codehaus.griffon.runtime.core.artifact.GriffonArtifactSpec" time="0.018"/>
  <testcase name="Verify createMVC(type, id, map)" classname="org.codehaus.griffon.runtime.core.artifact.GriffonArtifactSpec" time="0.019"/>
  <testcase name="Verify createMVC(map, type, id)" classname="org.codehaus.griffon.runtime.core.artifact.GriffonArtifactSpec" time="0.04"/>
  <testcase name="Verify destroyMVCGroup(id)" classname="org.codehaus.griffon.runtime.core.artifact.GriffonArtifactSpec" time="0.011"/>
  <testcase name="Execute runnable inside UI sync" classname="org.codehaus.griffon.runtime.core.artifact.GriffonArtifactSpec" time="0.007"/>
  <testcase name="Execute runnable inside UI async" classname="org.codehaus.griffon.runtime.core.artifact.GriffonArtifactSpec" time="0.002"/>
  <testcase name="Execute runnable outside UI" classname="org.codehaus.griffon.runtime.core.artifact.GriffonArtifactSpec" time="0.002"/>
  <testcase name="Execute future" classname="org.codehaus.griffon.runtime.core.artifact.GriffonArtifactSpec" time="0.084"/>
  <testcase name="Execute future with ExecutorService" classname="org.codehaus.griffon.runtime.core.artifact.GriffonArtifactSpec" time="0.012"/>
  <system-out><![CDATA[{application=integration.TestGriffonApplication@657ab85e, mvcType=sample, mvcId=sample, configuration=MVCGroupConfiguration{mvcType='sample', members={model=integration.SimpleModel, view=integration.SimpleView, controller=integration.SimpleController}, config={}}, model=integration.SimpleModel@276afa56, view=integration.SimpleView@5cdc6872, controller=integration.SimpleController@311e9cf9, mvcGroup=org.codehaus.griffon.runtime.core.mvc.DefaultMVCGroup@7dc8592c[sample:sample]}
{application=integration.TestGriffonApplication@657ab85e, mvcType=simple, mvcId=simple, configuration=MVCGroupConfiguration{mvcType='simple', members={model=integration.SimpleModel, view=integration.SimpleView, controller=integration.SimpleController}, config={}}, parentGroup=org.codehaus.griffon.runtime.core.mvc.DefaultMVCGroup@2e60114d[integration:integration], parentView=integration.IntegrationView@2028ed78, parentController=integration.IntegrationController@5414f4b8, parentModel=integration.IntegrationModel@4d1870af, model=integration.SimpleModel@396739cd, view=integration.SimpleView@75e5d81b, controller=integration.SimpleController@29ed5cb9, mvcGroup=org.codehaus.griffon.runtime.core.mvc.DefaultMVCGroup@154b062f[simple:simple]}
{application=integration.TestGriffonApplication@657ab85e, mvcType=simple, mvcId=simple-1, configuration=MVCGroupConfiguration{mvcType='simple', members={model=integration.SimpleModel, view=integration.SimpleView, controller=integration.SimpleController}, config={}}, parentGroup=org.codehaus.griffon.runtime.core.mvc.DefaultMVCGroup@2e60114d[integration:integration], parentView=integration.IntegrationView@2028ed78, parentController=integration.IntegrationController@5414f4b8, parentModel=integration.IntegrationModel@4d1870af, model=integration.SimpleModel@5bc0004, view=integration.SimpleView@6741a392, controller=integration.SimpleController@38e2c0ab, mvcGroup=org.codehaus.griffon.runtime.core.mvc.DefaultMVCGroup@41be2977[simple:simple-1]}
{application=integration.TestGriffonApplication@657ab85e, mvcType=simple, mvcId=simple-2, configuration=MVCGroupConfiguration{mvcType='simple', members={model=integration.SimpleModel, view=integration.SimpleView, controller=integration.SimpleController}, config={}}, parentGroup=org.codehaus.griffon.runtime.core.mvc.DefaultMVCGroup@2e60114d[integration:integration], key=griffon, parentView=integration.IntegrationView@2028ed78, parentController=integration.IntegrationController@5414f4b8, parentModel=integration.IntegrationModel@4d1870af, model=integration.SimpleModel@11250dde, view=integration.SimpleView@36e6091b, controller=integration.SimpleController@6346ba00, mvcGroup=org.codehaus.griffon.runtime.core.mvc.DefaultMVCGroup@100a8e7f[simple:simple-2]}
{application=integration.TestGriffonApplication@657ab85e, mvcType=simple, mvcId=simple, configuration=MVCGroupConfiguration{mvcType='simple', members={model=integration.SimpleModel, view=integration.SimpleView, controller=integration.SimpleController}, config={}}, parentGroup=org.codehaus.griffon.runtime.core.mvc.DefaultMVCGroup@2e60114d[integration:integration], key=griffon, parentView=integration.IntegrationView@2028ed78, parentController=integration.IntegrationController@5414f4b8, parentModel=integration.IntegrationModel@4d1870af, model=integration.SimpleModel@2eea6787, view=integration.SimpleView@4340525c, controller=integration.SimpleController@9fd43cc, mvcGroup=org.codehaus.griffon.runtime.core.mvc.DefaultMVCGroup@7504ffe0[simple:simple]}
{application=integration.TestGriffonApplication@657ab85e, mvcType=simple, mvcId=simple-2, configuration=MVCGroupConfiguration{mvcType='simple', members={model=integration.SimpleModel, view=integration.SimpleView, controller=integration.SimpleController}, config={}}, parentGroup=org.codehaus.griffon.runtime.core.mvc.DefaultMVCGroup@2e60114d[integration:integration], key=griffon, parentView=integration.IntegrationView@2028ed78, parentController=integration.IntegrationController@5414f4b8, parentModel=integration.IntegrationModel@4d1870af, model=integration.SimpleModel@7c772b98, view=integration.SimpleView@142e0b0d, controller=integration.SimpleController@958bd04, mvcGroup=org.codehaus.griffon.runtime.core.mvc.DefaultMVCGroup@220f6500[simple:simple-2]}
{application=integration.TestGriffonApplication@657ab85e, mvcType=simple, mvcId=simple, configuration=MVCGroupConfiguration{mvcType='simple', members={model=integration.SimpleModel, view=integration.SimpleView, controller=integration.SimpleController}, config={}}, parentGroup=org.codehaus.griffon.runtime.core.mvc.DefaultMVCGroup@2e60114d[integration:integration], key=griffon, parentView=integration.IntegrationView@2028ed78, parentController=integration.IntegrationController@5414f4b8, parentModel=integration.IntegrationModel@4d1870af, model=integration.SimpleModel@5cdfe2e, view=integration.SimpleView@81fabd0, controller=integration.SimpleController@2c0fc874, mvcGroup=org.codehaus.griffon.runtime.core.mvc.DefaultMVCGroup@5b2ea42[simple:simple]}
{application=integration.TestGriffonApplication@657ab85e, mvcType=simple, mvcId=simple, configuration=MVCGroupConfiguration{mvcType='simple', members={model=integration.SimpleModel, view=integration.SimpleView, controller=integration.SimpleController}, config={}}, parentGroup=org.codehaus.griffon.runtime.core.mvc.DefaultMVCGroup@2e60114d[integration:integration], parentView=integration.IntegrationView@2028ed78, parentController=integration.IntegrationController@5414f4b8, parentModel=integration.IntegrationModel@4d1870af, model=integration.SimpleModel@404daebe, view=integration.SimpleView@2b19d9be, controller=integration.SimpleController@1010a540, mvcGroup=org.codehaus.griffon.runtime.core.mvc.DefaultMVCGroup@76ba1d0c[simple:simple]}
{application=integration.TestGriffonApplication@657ab85e, mvcType=simple, mvcId=simple-1, configuration=MVCGroupConfiguration{mvcType='simple', members={model=integration.SimpleModel, view=integration.SimpleView, controller=integration.SimpleController}, config={}}, parentGroup=org.codehaus.griffon.runtime.core.mvc.DefaultMVCGroup@2e60114d[integration:integration], parentView=integration.IntegrationView@2028ed78, parentController=integration.IntegrationController@5414f4b8, parentModel=integration.IntegrationModel@4d1870af, model=integration.SimpleModel@781abd12, view=integration.SimpleView@396f8973, controller=integration.SimpleController@4017f6d8, mvcGroup=org.codehaus.griffon.runtime.core.mvc.DefaultMVCGroup@5f743d9[simple:simple-1]}
{application=integration.TestGriffonApplication@657ab85e, mvcType=simple, mvcId=simple, configuration=MVCGroupConfiguration{mvcType='simple', members={model=integration.SimpleModel, view=integration.SimpleView, controller=integration.SimpleController}, config={}}, parentGroup=org.codehaus.griffon.runtime.core.mvc.DefaultMVCGroup@2e60114d[integration:integration], key=griffon, parentView=integration.IntegrationView@2028ed78, parentController=integration.IntegrationController@5414f4b8, parentModel=integration.IntegrationModel@4d1870af, model=integration.SimpleModel@4ae06f20, view=integration.SimpleView@6db51292, controller=integration.SimpleController@1607b385, mvcGroup=org.codehaus.griffon.runtime.core.mvc.DefaultMVCGroup@e7cfb7f[simple:simple]}
{application=integration.TestGriffonApplication@657ab85e, mvcType=simple, mvcId=simple, configuration=MVCGroupConfiguration{mvcType='simple', members={model=integration.SimpleModel, view=integration.SimpleView, controller=integration.SimpleController}, config={}}, parentGroup=org.codehaus.griffon.runtime.core.mvc.DefaultMVCGroup@2e60114d[integration:integration], key=griffon, parentView=integration.IntegrationView@2028ed78, parentController=integration.IntegrationController@5414f4b8, parentModel=integration.IntegrationModel@4d1870af, model=integration.SimpleModel@3cb5caea, view=integration.SimpleView@ad126d6, controller=integration.SimpleController@4721989b, mvcGroup=org.codehaus.griffon.runtime.core.mvc.DefaultMVCGroup@12ab3c86[simple:simple]}
{application=integration.TestGriffonApplication@657ab85e, mvcType=simple, mvcId=simple-2, configuration=MVCGroupConfiguration{mvcType='simple', members={model=integration.SimpleModel, view=integration.SimpleView, controller=integration.SimpleController}, config={}}, parentGroup=org.codehaus.griffon.runtime.core.mvc.DefaultMVCGroup@2e60114d[integration:integration], key=griffon, parentView=integration.IntegrationView@2028ed78, parentController=integration.IntegrationController@5414f4b8, parentModel=integration.IntegrationModel@4d1870af, model=integration.SimpleModel@671c2165, view=integration.SimpleView@4ae25672, controller=integration.SimpleController@18d34c0d, mvcGroup=org.codehaus.griffon.runtime.core.mvc.DefaultMVCGroup@63d0732b[simple:simple-2]}
{application=integration.TestGriffonApplication@657ab85e, mvcType=simple, mvcId=simple-2, configuration=MVCGroupConfiguration{mvcType='simple', members={model=integration.SimpleModel, view=integration.SimpleView, controller=integration.SimpleController}, config={}}, parentGroup=org.codehaus.griffon.runtime.core.mvc.DefaultMVCGroup@2e60114d[integration:integration], key=griffon, parentView=integration.IntegrationView@2028ed78, parentController=integration.IntegrationController@5414f4b8, parentModel=integration.IntegrationModel@4d1870af, model=integration.SimpleModel@3fcdffcc, view=integration.SimpleView@6038bd84, controller=integration.SimpleController@63653a46, mvcGroup=org.codehaus.griffon.runtime.core.mvc.DefaultMVCGroup@1d53497[simple:simple-2]}
{application=integration.TestGriffonApplication@657ab85e, mvcType=simple, mvcId=simple, configuration=MVCGroupConfiguration{mvcType='simple', members={model=integration.SimpleModel, view=integration.SimpleView, controller=integration.SimpleController}, config={}}, parentGroup=org.codehaus.griffon.runtime.core.mvc.DefaultMVCGroup@2e60114d[integration:integration], parentView=integration.IntegrationView@2028ed78, parentController=integration.IntegrationController@5414f4b8, parentModel=integration.IntegrationModel@4d1870af, model=integration.SimpleModel@5433601e, view=integration.SimpleView@5eccd51b, controller=integration.SimpleController@153c74d0, mvcGroup=org.codehaus.griffon.runtime.core.mvc.DefaultMVCGroup@e681c3d[simple:simple]}
{application=integration.TestGriffonApplication@657ab85e, mvcType=simple, mvcId=simple-1, configuration=MVCGroupConfiguration{mvcType='simple', members={model=integration.SimpleModel, view=integration.SimpleView, controller=integration.SimpleController}, config={}}, parentGroup=org.codehaus.griffon.runtime.core.mvc.DefaultMVCGroup@2e60114d[integration:integration], parentView=integration.IntegrationView@2028ed78, parentController=integration.IntegrationController@5414f4b8, parentModel=integration.IntegrationModel@4d1870af, model=integration.SimpleModel@3daa5eaa, view=integration.SimpleView@5cb911d, controller=integration.SimpleController@19866568, mvcGroup=org.codehaus.griffon.runtime.core.mvc.DefaultMVCGroup@4a7350f3[simple:simple-1]}
{application=integration.TestGriffonApplication@657ab85e, mvcType=simple, mvcId=simple, configuration=MVCGroupConfiguration{mvcType='simple', members={model=integration.SimpleModel, view=integration.SimpleView, controller=integration.SimpleController}, config={}}, parentGroup=org.codehaus.griffon.runtime.core.mvc.DefaultMVCGroup@2e60114d[integration:integration], key=griffon, parentView=integration.IntegrationView@2028ed78, parentController=integration.IntegrationController@5414f4b8, parentModel=integration.IntegrationModel@4d1870af, model=integration.SimpleModel@7f7c83ee, view=integration.SimpleView@62028388, controller=integration.SimpleController@1d71118c, mvcGroup=org.codehaus.griffon.runtime.core.mvc.DefaultMVCGroup@3912d109[simple:simple]}
{application=integration.TestGriffonApplication@657ab85e, mvcType=simple, mvcId=simple, configuration=MVCGroupConfiguration{mvcType='simple', members={model=integration.SimpleModel, view=integration.SimpleView, controller=integration.SimpleController}, config={}}, parentGroup=org.codehaus.griffon.runtime.core.mvc.DefaultMVCGroup@2e60114d[integration:integration], key=griffon, parentView=integration.IntegrationView@2028ed78, parentController=integration.IntegrationController@5414f4b8, parentModel=integration.IntegrationModel@4d1870af, model=integration.SimpleModel@12932316, view=integration.SimpleView@7adc4380, controller=integration.SimpleController@60eb78cf, mvcGroup=org.codehaus.griffon.runtime.core.mvc.DefaultMVCGroup@11510df9[simple:simple]}
{application=integration.TestGriffonApplication@657ab85e, mvcType=simple, mvcId=simple-2, configuration=MVCGroupConfiguration{mvcType='simple', members={model=integration.SimpleModel, view=integration.SimpleView, controller=integration.SimpleController}, config={}}, parentGroup=org.codehaus.griffon.runtime.core.mvc.DefaultMVCGroup@2e60114d[integration:integration], key=griffon, parentView=integration.IntegrationView@2028ed78, parentController=integration.IntegrationController@5414f4b8, parentModel=integration.IntegrationModel@4d1870af, model=integration.SimpleModel@6453fa67, view=integration.SimpleView@5a53987d, controller=integration.SimpleController@6bd2a313, mvcGroup=org.codehaus.griffon.runtime.core.mvc.DefaultMVCGroup@7943e678[simple:simple-2]}
{application=integration.TestGriffonApplication@657ab85e, mvcType=simple, mvcId=simple-2, configuration=MVCGroupConfiguration{mvcType='simple', members={model=integration.SimpleModel, view=integration.SimpleView, controller=integration.SimpleController}, config={}}, parentGroup=org.codehaus.griffon.runtime.core.mvc.DefaultMVCGroup@2e60114d[integration:integration], key=griffon, parentView=integration.IntegrationView@2028ed78, parentController=integration.IntegrationController@5414f4b8, parentModel=integration.IntegrationModel@4d1870af, model=integration.SimpleModel@424c32d4, view=integration.SimpleView@79237589, controller=integration.SimpleController@65379c1, mvcGroup=org.codehaus.griffon.runtime.core.mvc.DefaultMVCGroup@67237f1d[simple:simple-2]}
{application=integration.TestGriffonApplication@657ab85e, mvcType=simple, mvcId=simple, configuration=MVCGroupConfiguration{mvcType='simple', members={model=integration.SimpleModel, view=integration.SimpleView, controller=integration.SimpleController}, config={}}, parentGroup=org.codehaus.griffon.runtime.core.mvc.DefaultMVCGroup@2e60114d[integration:integration], parentView=integration.IntegrationView@2028ed78, parentController=integration.IntegrationController@5414f4b8, parentModel=integration.IntegrationModel@4d1870af, model=integration.SimpleModel@445a2bbf, view=integration.SimpleView@26379180, controller=integration.SimpleController@3bb769f6, mvcGroup=org.codehaus.griffon.runtime.core.mvc.DefaultMVCGroup@4790320a[simple:simple]}
]]></system-out>
  <system-err><![CDATA[[Test worker] INFO org.codehaus.griffon.runtime.core.DefaultApplicationBootstrapper - Griffon 2.3.0-SNAPSHOT
[Test worker] INFO org.codehaus.griffon.runtime.core.DefaultApplicationBootstrapper - Build: 2015-05-13T20:43:27.221+0000
[Test worker] INFO org.codehaus.griffon.runtime.core.DefaultApplicationBootstrapper - JVM: 1.8.0_45 (Oracle Corporation 25.45-b02)
[Test worker] INFO org.codehaus.griffon.runtime.core.DefaultApplicationBootstrapper - OS: Linux 2.6.32-042stab090.5 amd64
[Test worker] INFO integration.TestGriffonApplication - Initializing all startup groups: [integration]
[Test worker] INFO integration.TestGriffonApplication - Initializing all integration startup groups: [sample]
[Test worker] INFO integration.TestGriffonApplication - Shutdown is in process
]]></system-err>
</testsuite>
