<?xml version="1.0" encoding="UTF-8"?>
<testsuite name="griffon.core.formatters.LocaleFormatterSpec" tests="3" skipped="0" failures="0" errors="0" timestamp="2015-10-09T20:00:53" hostname="testing-worker-linux-a01deac5-2-20554-linux-3-84574064" time="0.004">
  <properties/>
  <testcase name="Locale 'en_US' produces literal 'en_US'" classname="griffon.core.formatters.LocaleFormatterSpec" time="0.004"/>
  <testcase name="Locale 'en_GB' produces literal 'en_GB'" classname="griffon.core.formatters.LocaleFormatterSpec" time="0.0"/>
  <testcase name="Locale 'de_CH_Basel' produces literal 'de_CH_Basel'" classname="griffon.core.formatters.LocaleFormatterSpec" time="0.0"/>
  <system-out><![CDATA[]]></system-out>
  <system-err><![CDATA[]]></system-err>
</testsuite>
