<?xml version="1.0" encoding="UTF-8"?>
<testsuite name="org.codehaus.griffon.runtime.core.artifact.GriffonArtifactSpec" tests="25" skipped="0" failures="0" errors="0" timestamp="2015-04-03T21:25:44" hostname="testing-worker-linux-da6418d7-1-13634-linux-8-57095380" time="1.056">
  <properties/>
  <testcase name="Bootstrap application" classname="org.codehaus.griffon.runtime.core.artifact.GriffonArtifactSpec" time="0.676"/>
  <testcase name="Verify withMvcGroup(type , handler)" classname="org.codehaus.griffon.runtime.core.artifact.GriffonArtifactSpec" time="0.055"/>
  <testcase name="Verify withMvcGroup(type, id , handler)" classname="org.codehaus.griffon.runtime.core.artifact.GriffonArtifactSpec" time="0.022"/>
  <testcase name="Verify withMvcGroup(type, id, map , handler)" classname="org.codehaus.griffon.runtime.core.artifact.GriffonArtifactSpec" time="0.021"/>
  <testcase name="Verify withMvcGroup(type, map , handler)" classname="org.codehaus.griffon.runtime.core.artifact.GriffonArtifactSpec" time="0.024"/>
  <testcase name="Verify withMvcGroup(map, type, id , handler)" classname="org.codehaus.griffon.runtime.core.artifact.GriffonArtifactSpec" time="0.019"/>
  <testcase name="Verify withMvcGroup(map, type , handler)" classname="org.codehaus.griffon.runtime.core.artifact.GriffonArtifactSpec" time="0.02"/>
  <testcase name="Verify createMVCGroup(type)" classname="org.codehaus.griffon.runtime.core.artifact.GriffonArtifactSpec" time="0.014"/>
  <testcase name="Verify createMVCGroup(type, id)" classname="org.codehaus.griffon.runtime.core.artifact.GriffonArtifactSpec" time="0.014"/>
  <testcase name="Verify createMVCGroup(type, map)" classname="org.codehaus.griffon.runtime.core.artifact.GriffonArtifactSpec" time="0.016"/>
  <testcase name="Verify createMVCGroup(map, type)" classname="org.codehaus.griffon.runtime.core.artifact.GriffonArtifactSpec" time="0.01"/>
  <testcase name="Verify createMVCGroup(type, id, map)" classname="org.codehaus.griffon.runtime.core.artifact.GriffonArtifactSpec" time="0.013"/>
  <testcase name="Verify createMVCGroup(map, type, id)" classname="org.codehaus.griffon.runtime.core.artifact.GriffonArtifactSpec" time="0.013"/>
  <testcase name="Verify createMVC(type)" classname="org.codehaus.griffon.runtime.core.artifact.GriffonArtifactSpec" time="0.018"/>
  <testcase name="Verify createMVC(type, id)" classname="org.codehaus.griffon.runtime.core.artifact.GriffonArtifactSpec" time="0.016"/>
  <testcase name="Verify createMVC(type, map)" classname="org.codehaus.griffon.runtime.core.artifact.GriffonArtifactSpec" time="0.018"/>
  <testcase name="Verify createMVC(map, type)" classname="org.codehaus.griffon.runtime.core.artifact.GriffonArtifactSpec" time="0.015"/>
  <testcase name="Verify createMVC(type, id, map)" classname="org.codehaus.griffon.runtime.core.artifact.GriffonArtifactSpec" time="0.014"/>
  <testcase name="Verify createMVC(map, type, id)" classname="org.codehaus.griffon.runtime.core.artifact.GriffonArtifactSpec" time="0.016"/>
  <testcase name="Verify destroyMVCGroup(id)" classname="org.codehaus.griffon.runtime.core.artifact.GriffonArtifactSpec" time="0.016"/>
  <testcase name="Execute runnable inside UI sync" classname="org.codehaus.griffon.runtime.core.artifact.GriffonArtifactSpec" time="0.003"/>
  <testcase name="Execute runnable inside UI async" classname="org.codehaus.griffon.runtime.core.artifact.GriffonArtifactSpec" time="0.003"/>
  <testcase name="Execute runnable outside UI" classname="org.codehaus.griffon.runtime.core.artifact.GriffonArtifactSpec" time="0.003"/>
  <testcase name="Execute future" classname="org.codehaus.griffon.runtime.core.artifact.GriffonArtifactSpec" time="0.009"/>
  <testcase name="Execute future with ExecutorService" classname="org.codehaus.griffon.runtime.core.artifact.GriffonArtifactSpec" time="0.005"/>
  <system-out><![CDATA[{application=integration.TestGriffonApplication@2bf4a1e0, mvcType=sample, mvcId=sample, configuration=MVCGroupConfiguration{mvcType='sample', members={model=integration.SimpleModel, view=integration.SimpleView, controller=integration.SimpleController}, config={}}, model=integration.SimpleModel@70b64a3a, view=integration.SimpleView@1dea8c79, controller=integration.SimpleController@29878f42, mvcGroup=org.codehaus.griffon.runtime.core.mvc.DefaultMVCGroup@6dbd84bd[sample:sample]}
{application=integration.TestGriffonApplication@2bf4a1e0, mvcType=simple, mvcId=simple, configuration=MVCGroupConfiguration{mvcType='simple', members={model=integration.SimpleModel, view=integration.SimpleView, controller=integration.SimpleController}, config={}}, parentGroup=org.codehaus.griffon.runtime.core.mvc.DefaultMVCGroup@48e44a66[integration:integration], parentView=integration.IntegrationView@50bbead3, parentController=integration.IntegrationController@3f95f42d, parentModel=integration.IntegrationModel@2761cf7f, model=integration.SimpleModel@1637d842, view=integration.SimpleView@1b4e12dd, controller=integration.SimpleController@2d4dc241, mvcGroup=org.codehaus.griffon.runtime.core.mvc.DefaultMVCGroup@43d6905d[simple:simple]}
{application=integration.TestGriffonApplication@2bf4a1e0, mvcType=simple, mvcId=simple-1, configuration=MVCGroupConfiguration{mvcType='simple', members={model=integration.SimpleModel, view=integration.SimpleView, controller=integration.SimpleController}, config={}}, parentGroup=org.codehaus.griffon.runtime.core.mvc.DefaultMVCGroup@48e44a66[integration:integration], parentView=integration.IntegrationView@50bbead3, parentController=integration.IntegrationController@3f95f42d, parentModel=integration.IntegrationModel@2761cf7f, model=integration.SimpleModel@b5003b1, view=integration.SimpleView@75ce70d, controller=integration.SimpleController@2c682ca4, mvcGroup=org.codehaus.griffon.runtime.core.mvc.DefaultMVCGroup@484db18c[simple:simple-1]}
{application=integration.TestGriffonApplication@2bf4a1e0, mvcType=simple, mvcId=simple-2, configuration=MVCGroupConfiguration{mvcType='simple', members={model=integration.SimpleModel, view=integration.SimpleView, controller=integration.SimpleController}, config={}}, parentGroup=org.codehaus.griffon.runtime.core.mvc.DefaultMVCGroup@48e44a66[integration:integration], key=griffon, parentView=integration.IntegrationView@50bbead3, parentController=integration.IntegrationController@3f95f42d, parentModel=integration.IntegrationModel@2761cf7f, model=integration.SimpleModel@7077f9ea, view=integration.SimpleView@8ba964c, controller=integration.SimpleController@348a9cec, mvcGroup=org.codehaus.griffon.runtime.core.mvc.DefaultMVCGroup@175fb639[simple:simple-2]}
{application=integration.TestGriffonApplication@2bf4a1e0, mvcType=simple, mvcId=simple, configuration=MVCGroupConfiguration{mvcType='simple', members={model=integration.SimpleModel, view=integration.SimpleView, controller=integration.SimpleController}, config={}}, parentGroup=org.codehaus.griffon.runtime.core.mvc.DefaultMVCGroup@48e44a66[integration:integration], key=griffon, parentView=integration.IntegrationView@50bbead3, parentController=integration.IntegrationController@3f95f42d, parentModel=integration.IntegrationModel@2761cf7f, model=integration.SimpleModel@4e1f7706, view=integration.SimpleView@1bca7413, controller=integration.SimpleController@41365e18, mvcGroup=org.codehaus.griffon.runtime.core.mvc.DefaultMVCGroup@1ebefc7f[simple:simple]}
{application=integration.TestGriffonApplication@2bf4a1e0, mvcType=simple, mvcId=simple-2, configuration=MVCGroupConfiguration{mvcType='simple', members={model=integration.SimpleModel, view=integration.SimpleView, controller=integration.SimpleController}, config={}}, parentGroup=org.codehaus.griffon.runtime.core.mvc.DefaultMVCGroup@48e44a66[integration:integration], key=griffon, parentView=integration.IntegrationView@50bbead3, parentController=integration.IntegrationController@3f95f42d, parentModel=integration.IntegrationModel@2761cf7f, model=integration.SimpleModel@5f3fac2e, view=integration.SimpleView@7a53105a, controller=integration.SimpleController@1f6bc55a, mvcGroup=org.codehaus.griffon.runtime.core.mvc.DefaultMVCGroup@617365e4[simple:simple-2]}
{application=integration.TestGriffonApplication@2bf4a1e0, mvcType=simple, mvcId=simple, configuration=MVCGroupConfiguration{mvcType='simple', members={model=integration.SimpleModel, view=integration.SimpleView, controller=integration.SimpleController}, config={}}, parentGroup=org.codehaus.griffon.runtime.core.mvc.DefaultMVCGroup@48e44a66[integration:integration], key=griffon, parentView=integration.IntegrationView@50bbead3, parentController=integration.IntegrationController@3f95f42d, parentModel=integration.IntegrationModel@2761cf7f, model=integration.SimpleModel@4b53611, view=integration.SimpleView@2015ec2e, controller=integration.SimpleController@69b4a437, mvcGroup=org.codehaus.griffon.runtime.core.mvc.DefaultMVCGroup@46be8b2b[simple:simple]}
{application=integration.TestGriffonApplication@2bf4a1e0, mvcType=simple, mvcId=simple, configuration=MVCGroupConfiguration{mvcType='simple', members={model=integration.SimpleModel, view=integration.SimpleView, controller=integration.SimpleController}, config={}}, parentGroup=org.codehaus.griffon.runtime.core.mvc.DefaultMVCGroup@48e44a66[integration:integration], parentView=integration.IntegrationView@50bbead3, parentController=integration.IntegrationController@3f95f42d, parentModel=integration.IntegrationModel@2761cf7f, model=integration.SimpleModel@7ab03cc, view=integration.SimpleView@7754c1b0, controller=integration.SimpleController@70a1e5af, mvcGroup=org.codehaus.griffon.runtime.core.mvc.DefaultMVCGroup@7f38c597[simple:simple]}
{application=integration.TestGriffonApplication@2bf4a1e0, mvcType=simple, mvcId=simple-1, configuration=MVCGroupConfiguration{mvcType='simple', members={model=integration.SimpleModel, view=integration.SimpleView, controller=integration.SimpleController}, config={}}, parentGroup=org.codehaus.griffon.runtime.core.mvc.DefaultMVCGroup@48e44a66[integration:integration], parentView=integration.IntegrationView@50bbead3, parentController=integration.IntegrationController@3f95f42d, parentModel=integration.IntegrationModel@2761cf7f, model=integration.SimpleModel@583f944c, view=integration.SimpleView@53e6e902, controller=integration.SimpleController@31f3f8b7, mvcGroup=org.codehaus.griffon.runtime.core.mvc.DefaultMVCGroup@78f917f3[simple:simple-1]}
{application=integration.TestGriffonApplication@2bf4a1e0, mvcType=simple, mvcId=simple, configuration=MVCGroupConfiguration{mvcType='simple', members={model=integration.SimpleModel, view=integration.SimpleView, controller=integration.SimpleController}, config={}}, parentGroup=org.codehaus.griffon.runtime.core.mvc.DefaultMVCGroup@48e44a66[integration:integration], key=griffon, parentView=integration.IntegrationView@50bbead3, parentController=integration.IntegrationController@3f95f42d, parentModel=integration.IntegrationModel@2761cf7f, model=integration.SimpleModel@140b53b0, view=integration.SimpleView@1656f1b1, controller=integration.SimpleController@67176bf5, mvcGroup=org.codehaus.griffon.runtime.core.mvc.DefaultMVCGroup@28ae201c[simple:simple]}
{application=integration.TestGriffonApplication@2bf4a1e0, mvcType=simple, mvcId=simple, configuration=MVCGroupConfiguration{mvcType='simple', members={model=integration.SimpleModel, view=integration.SimpleView, controller=integration.SimpleController}, config={}}, parentGroup=org.codehaus.griffon.runtime.core.mvc.DefaultMVCGroup@48e44a66[integration:integration], key=griffon, parentView=integration.IntegrationView@50bbead3, parentController=integration.IntegrationController@3f95f42d, parentModel=integration.IntegrationModel@2761cf7f, model=integration.SimpleModel@54692aa7, view=integration.SimpleView@3822e2dc, controller=integration.SimpleController@37dff8e, mvcGroup=org.codehaus.griffon.runtime.core.mvc.DefaultMVCGroup@603fc4d[simple:simple]}
{application=integration.TestGriffonApplication@2bf4a1e0, mvcType=simple, mvcId=simple-2, configuration=MVCGroupConfiguration{mvcType='simple', members={model=integration.SimpleModel, view=integration.SimpleView, controller=integration.SimpleController}, config={}}, parentGroup=org.codehaus.griffon.runtime.core.mvc.DefaultMVCGroup@48e44a66[integration:integration], key=griffon, parentView=integration.IntegrationView@50bbead3, parentController=integration.IntegrationController@3f95f42d, parentModel=integration.IntegrationModel@2761cf7f, model=integration.SimpleModel@483fa609, view=integration.SimpleView@6d383460, controller=integration.SimpleController@343595e7, mvcGroup=org.codehaus.griffon.runtime.core.mvc.DefaultMVCGroup@61954de5[simple:simple-2]}
{application=integration.TestGriffonApplication@2bf4a1e0, mvcType=simple, mvcId=simple-2, configuration=MVCGroupConfiguration{mvcType='simple', members={model=integration.SimpleModel, view=integration.SimpleView, controller=integration.SimpleController}, config={}}, parentGroup=org.codehaus.griffon.runtime.core.mvc.DefaultMVCGroup@48e44a66[integration:integration], key=griffon, parentView=integration.IntegrationView@50bbead3, parentController=integration.IntegrationController@3f95f42d, parentModel=integration.IntegrationModel@2761cf7f, model=integration.SimpleModel@b651266, view=integration.SimpleView@7d492fd7, controller=integration.SimpleController@1e2ce375, mvcGroup=org.codehaus.griffon.runtime.core.mvc.DefaultMVCGroup@38528fe0[simple:simple-2]}
{application=integration.TestGriffonApplication@2bf4a1e0, mvcType=simple, mvcId=simple, configuration=MVCGroupConfiguration{mvcType='simple', members={model=integration.SimpleModel, view=integration.SimpleView, controller=integration.SimpleController}, config={}}, parentGroup=org.codehaus.griffon.runtime.core.mvc.DefaultMVCGroup@48e44a66[integration:integration], parentView=integration.IntegrationView@50bbead3, parentController=integration.IntegrationController@3f95f42d, parentModel=integration.IntegrationModel@2761cf7f, model=integration.SimpleModel@5102e774, view=integration.SimpleView@721d4fac, controller=integration.SimpleController@6a74a7c5, mvcGroup=org.codehaus.griffon.runtime.core.mvc.DefaultMVCGroup@7d01333d[simple:simple]}
{application=integration.TestGriffonApplication@2bf4a1e0, mvcType=simple, mvcId=simple-1, configuration=MVCGroupConfiguration{mvcType='simple', members={model=integration.SimpleModel, view=integration.SimpleView, controller=integration.SimpleController}, config={}}, parentGroup=org.codehaus.griffon.runtime.core.mvc.DefaultMVCGroup@48e44a66[integration:integration], parentView=integration.IntegrationView@50bbead3, parentController=integration.IntegrationController@3f95f42d, parentModel=integration.IntegrationModel@2761cf7f, model=integration.SimpleModel@7dce5bff, view=integration.SimpleView@4bdad63a, controller=integration.SimpleController@4b7019e, mvcGroup=org.codehaus.griffon.runtime.core.mvc.DefaultMVCGroup@7a6833[simple:simple-1]}
{application=integration.TestGriffonApplication@2bf4a1e0, mvcType=simple, mvcId=simple, configuration=MVCGroupConfiguration{mvcType='simple', members={model=integration.SimpleModel, view=integration.SimpleView, controller=integration.SimpleController}, config={}}, parentGroup=org.codehaus.griffon.runtime.core.mvc.DefaultMVCGroup@48e44a66[integration:integration], key=griffon, parentView=integration.IntegrationView@50bbead3, parentController=integration.IntegrationController@3f95f42d, parentModel=integration.IntegrationModel@2761cf7f, model=integration.SimpleModel@464e87e8, view=integration.SimpleView@cf362a2, controller=integration.SimpleController@45353d7e, mvcGroup=org.codehaus.griffon.runtime.core.mvc.DefaultMVCGroup@1956bcf3[simple:simple]}
{application=integration.TestGriffonApplication@2bf4a1e0, mvcType=simple, mvcId=simple, configuration=MVCGroupConfiguration{mvcType='simple', members={model=integration.SimpleModel, view=integration.SimpleView, controller=integration.SimpleController}, config={}}, parentGroup=org.codehaus.griffon.runtime.core.mvc.DefaultMVCGroup@48e44a66[integration:integration], key=griffon, parentView=integration.IntegrationView@50bbead3, parentController=integration.IntegrationController@3f95f42d, parentModel=integration.IntegrationModel@2761cf7f, model=integration.SimpleModel@6a3ce84c, view=integration.SimpleView@1b9b521c, controller=integration.SimpleController@48295f4b, mvcGroup=org.codehaus.griffon.runtime.core.mvc.DefaultMVCGroup@498da9e6[simple:simple]}
{application=integration.TestGriffonApplication@2bf4a1e0, mvcType=simple, mvcId=simple-2, configuration=MVCGroupConfiguration{mvcType='simple', members={model=integration.SimpleModel, view=integration.SimpleView, controller=integration.SimpleController}, config={}}, parentGroup=org.codehaus.griffon.runtime.core.mvc.DefaultMVCGroup@48e44a66[integration:integration], key=griffon, parentView=integration.IntegrationView@50bbead3, parentController=integration.IntegrationController@3f95f42d, parentModel=integration.IntegrationModel@2761cf7f, model=integration.SimpleModel@6f2a3c13, view=integration.SimpleView@7c4db18e, controller=integration.SimpleController@690f0b28, mvcGroup=org.codehaus.griffon.runtime.core.mvc.DefaultMVCGroup@bd1f257[simple:simple-2]}
{application=integration.TestGriffonApplication@2bf4a1e0, mvcType=simple, mvcId=simple-2, configuration=MVCGroupConfiguration{mvcType='simple', members={model=integration.SimpleModel, view=integration.SimpleView, controller=integration.SimpleController}, config={}}, parentGroup=org.codehaus.griffon.runtime.core.mvc.DefaultMVCGroup@48e44a66[integration:integration], key=griffon, parentView=integration.IntegrationView@50bbead3, parentController=integration.IntegrationController@3f95f42d, parentModel=integration.IntegrationModel@2761cf7f, model=integration.SimpleModel@104e756, view=integration.SimpleView@1c055e64, controller=integration.SimpleController@1cde69c5, mvcGroup=org.codehaus.griffon.runtime.core.mvc.DefaultMVCGroup@2159a791[simple:simple-2]}
{application=integration.TestGriffonApplication@2bf4a1e0, mvcType=simple, mvcId=simple, configuration=MVCGroupConfiguration{mvcType='simple', members={model=integration.SimpleModel, view=integration.SimpleView, controller=integration.SimpleController}, config={}}, parentGroup=org.codehaus.griffon.runtime.core.mvc.DefaultMVCGroup@48e44a66[integration:integration], parentView=integration.IntegrationView@50bbead3, parentController=integration.IntegrationController@3f95f42d, parentModel=integration.IntegrationModel@2761cf7f, model=integration.SimpleModel@741cabb, view=integration.SimpleView@31014249, controller=integration.SimpleController@5efe85ed, mvcGroup=org.codehaus.griffon.runtime.core.mvc.DefaultMVCGroup@3277d48c[simple:simple]}
]]></system-out>
  <system-err><![CDATA[[Test worker] INFO org.codehaus.griffon.runtime.core.DefaultApplicationBootstrapper - Griffon 2.3.0-SNAPSHOT
[Test worker] INFO org.codehaus.griffon.runtime.core.DefaultApplicationBootstrapper - Build: 2015-04-03T21:22:21.156+0000
[Test worker] INFO org.codehaus.griffon.runtime.core.DefaultApplicationBootstrapper - JVM: 1.8.0_40 (Oracle Corporation 25.40-b25)
[Test worker] INFO org.codehaus.griffon.runtime.core.DefaultApplicationBootstrapper - OS: Linux 2.6.32-042stab090.5 amd64
[Test worker] INFO integration.TestGriffonApplication - Initializing all startup groups: [integration]
[Test worker] INFO integration.TestGriffonApplication - Initializing all integration startup groups: [sample]
[Test worker] INFO integration.TestGriffonApplication - Shutdown is in process
]]></system-err>
</testsuite>
