<?xml version="1.0" encoding="UTF-8"?>
<testsuite name="griffon.util.CompositeResourceBuilderSpec" tests="2" failures="0" errors="0" timestamp="2014-02-13T06:40:39" hostname="testing-worker-linux-5-2-31907-linux-18-18785418" time="0.045">
  <properties/>
  <testcase name="Invalid constructor args" classname="griffon.util.CompositeResourceBuilderSpec" time="0.016"/>
  <testcase name="Resolve messages from multiple bundles" classname="griffon.util.CompositeResourceBuilderSpec" time="0.029"/>
  <system-out><![CDATA[]]></system-out>
  <system-err><![CDATA[[Test worker] TRACE griffon.util.CompositeResourceBundle - Searching key=single
[Test worker] TRACE griffon.util.CompositeResourceBundle - Bundle griffon.util.ExpandableResourceBundle@70944ede; key=single; value='single'
[Test worker] TRACE griffon.util.CompositeResourceBundle - Searching key=key.string
[Test worker] TRACE griffon.util.CompositeResourceBundle - Bundle griffon.util.ExpandableResourceBundle@18c60a90; key=key.string; value='string'
[Test worker] TRACE griffon.util.CompositeResourceBundle - Searching key=key.number
[Test worker] TRACE griffon.util.CompositeResourceBundle - Bundle griffon.util.ExpandableResourceBundle@71df80a4; key=key.number; value='number'
[Test worker] TRACE griffon.util.CompositeResourceBundle - Searching key=key.float
[Test worker] TRACE griffon.util.CompositeResourceBundle - Bundle griffon.util.ExpandableResourceBundle@876c964; key=key.float; value='float'
]]></system-err>
</testsuite>
