<?xml version="1.0" encoding="UTF-8"?>
<testsuite name="griffon.core.editors.ShortPropertyEditorSpec" tests="13" skipped="0" failures="0" errors="0" timestamp="2016-04-15T16:08:02" hostname="testing-gce-32024fc1-a1a1-4fb5-ad10-6c88253e2502.c.eco-emissary-99515.internal" time="0.009">
  <properties/>
  <testcase name="Short literal 'null' with format 'null' should be equal to null" classname="griffon.core.editors.ShortPropertyEditorSpec" time="0.002"/>
  <testcase name="Short literal '' with format 'null' should be equal to null" classname="griffon.core.editors.ShortPropertyEditorSpec" time="0.0"/>
  <testcase name="Short literal '1' with format 'null' should be equal to 1" classname="griffon.core.editors.ShortPropertyEditorSpec" time="0.0"/>
  <testcase name="Short literal '100%' with format 'percent' should be equal to 1" classname="griffon.core.editors.ShortPropertyEditorSpec" time="0.001"/>
  <testcase name="Short literal '$1.00' with format 'currency' should be equal to 1" classname="griffon.core.editors.ShortPropertyEditorSpec" time="0.0"/>
  <testcase name="Short literal '1' with format 'null' should be equal to 1" classname="griffon.core.editors.ShortPropertyEditorSpec" time="0.0"/>
  <testcase name="Invalid short literal 'garbage'" classname="griffon.core.editors.ShortPropertyEditorSpec" time="0.0"/>
  <testcase name="Invalid short literal '1, 2, 3'" classname="griffon.core.editors.ShortPropertyEditorSpec" time="0.0"/>
  <testcase name="Invalid short literal '[]'" classname="griffon.core.editors.ShortPropertyEditorSpec" time="0.0"/>
  <testcase name="Invalid short literal '[1, 2, 3]'" classname="griffon.core.editors.ShortPropertyEditorSpec" time="0.001"/>
  <testcase name="Invalid short literal '[:]'" classname="griffon.core.editors.ShortPropertyEditorSpec" time="0.0"/>
  <testcase name="Invalid short literal '[key:value]'" classname="griffon.core.editors.ShortPropertyEditorSpec" time="0.001"/>
  <testcase name="Invalid short literal 'java.lang.Object@66f2413f'" classname="griffon.core.editors.ShortPropertyEditorSpec" time="0.0"/>
  <system-out><![CDATA[]]></system-out>
  <system-err><![CDATA[]]></system-err>
</testsuite>
