<?xml version="1.0" encoding="UTF-8"?>
<testsuite name="griffon.core.editors.URLPropertyEditorSpec" tests="12" skipped="0" failures="0" errors="0" timestamp="2014-07-03T10:01:08" hostname="testing-worker-linux-2-1-477-linux-8-29042435" time="0.055">
  <properties/>
  <testcase name="URL literal 'null' should be equal to null" classname="griffon.core.editors.URLPropertyEditorSpec" time="0.015"/>
  <testcase name="URL literal '' should be equal to null" classname="griffon.core.editors.URLPropertyEditorSpec" time="0.001"/>
  <testcase name="URL literal ' ' should be equal to null" classname="griffon.core.editors.URLPropertyEditorSpec" time="0.0"/>
  <testcase name="URL literal 'http://localhost' should be equal to http://localhost" classname="griffon.core.editors.URLPropertyEditorSpec" time="0.016"/>
  <testcase name="URL literal '/' should be equal to file:/" classname="griffon.core.editors.URLPropertyEditorSpec" time="0.001"/>
  <testcase name="URL literal 'http://localhost' should be equal to http://localhost" classname="griffon.core.editors.URLPropertyEditorSpec" time="0.0"/>
  <testcase name="Invalid url literal 'garbage'" classname="griffon.core.editors.URLPropertyEditorSpec" time="0.001"/>
  <testcase name="Invalid url literal '[]'" classname="griffon.core.editors.URLPropertyEditorSpec" time="0.001"/>
  <testcase name="Invalid url literal '[1, 2, 3]'" classname="griffon.core.editors.URLPropertyEditorSpec" time="0.001"/>
  <testcase name="Invalid url literal '[:]'" classname="griffon.core.editors.URLPropertyEditorSpec" time="0.001"/>
  <testcase name="Invalid url literal '[key:value]'" classname="griffon.core.editors.URLPropertyEditorSpec" time="0.001"/>
  <testcase name="Invalid url literal 'java.lang.Object@24800c3a'" classname="griffon.core.editors.URLPropertyEditorSpec" time="0.001"/>
  <system-out><![CDATA[]]></system-out>
  <system-err><![CDATA[]]></system-err>
</testsuite>
