<?xml version="1.0" encoding="UTF-8"?>
<testsuite name="griffon.exceptions.InstanceMethodInvocationExceptionSpec" tests="1" skipped="0" failures="0" errors="0" timestamp="2015-08-10T22:37:55" hostname="testing-worker-linux-3da96de7-1-3821-linux-4-75000137" time="0.25">
  <properties/>
  <testcase name="Exception should have proper formatted message" classname="griffon.exceptions.InstanceMethodInvocationExceptionSpec" time="0.25"/>
  <system-out><![CDATA[]]></system-out>
  <system-err><![CDATA[]]></system-err>
</testsuite>
