<?xml version="1.0" encoding="UTF-8"?>
<testsuite name="griffon.core.formatters.DateFormatterSpec" tests="5" skipped="0" failures="0" errors="0" timestamp="2015-05-13T20:47:27" hostname="testing-worker-linux-968a87ce-2-11731-linux-16-62461521" time="0.019">
  <properties/>
  <testcase name="Date 'Thu Jan 01 00:00:00 GMT 1970' produces literal '1/1/70 12:00 AM'" classname="griffon.core.formatters.DateFormatterSpec" time="0.01"/>
  <testcase name="Date 'null' with pattern 'yyyy-MM-dd' produces literal 'null'" classname="griffon.core.formatters.DateFormatterSpec" time="0.001"/>
  <testcase name="Date 'Thu Jan 01 00:00:00 GMT 1970' with pattern 'yyyy-MM-dd' produces literal '1970-01-01'" classname="griffon.core.formatters.DateFormatterSpec" time="0.001"/>
  <testcase name="Parse error for pattern 'yyyy-MM-dd' with literal 'abc'" classname="griffon.core.formatters.DateFormatterSpec" time="0.001"/>
  <testcase name="Illegal pattern ';garbage*@%&amp;'" classname="griffon.core.formatters.DateFormatterSpec" time="0.002"/>
  <system-out><![CDATA[]]></system-out>
  <system-err><![CDATA[]]></system-err>
</testsuite>
