<?xml version="1.0" encoding="UTF-8"?>
<testsuite name="griffon.core.editors.LocalePropertyEditorSpec" tests="10" skipped="0" failures="0" errors="0" timestamp="2016-02-04T12:32:15" hostname="testing-gce-221bbe49-cfe9-48ee-927a-c65a81d07a9c.c.eco-emissary-99515.internal" time="0.005">
  <properties/>
  <testcase name="Locale literal 'null' should be equal to null" classname="griffon.core.editors.LocalePropertyEditorSpec" time="0.001"/>
  <testcase name="Locale literal '' should be equal to en_US" classname="griffon.core.editors.LocalePropertyEditorSpec" time="0.001"/>
  <testcase name="Locale literal 'de' should be equal to de" classname="griffon.core.editors.LocalePropertyEditorSpec" time="0.0"/>
  <testcase name="Locale literal 'de_CH' should be equal to de_CH" classname="griffon.core.editors.LocalePropertyEditorSpec" time="0.0"/>
  <testcase name="Locale literal 'de_CH_Basel' should be equal to de_CH_Basel" classname="griffon.core.editors.LocalePropertyEditorSpec" time="0.0"/>
  <testcase name="Locale literal 'en_US' should be equal to en_US" classname="griffon.core.editors.LocalePropertyEditorSpec" time="0.0"/>
  <testcase name="Invalid biginteger literal '1'" classname="griffon.core.editors.LocalePropertyEditorSpec" time="0.001"/>
  <testcase name="Invalid biginteger literal '[]'" classname="griffon.core.editors.LocalePropertyEditorSpec" time="0.0"/>
  <testcase name="Invalid biginteger literal '[:]'" classname="griffon.core.editors.LocalePropertyEditorSpec" time="0.0"/>
  <testcase name="Invalid biginteger literal 'java.lang.Object@df76f3d'" classname="griffon.core.editors.LocalePropertyEditorSpec" time="0.0"/>
  <system-out><![CDATA[]]></system-out>
  <system-err><![CDATA[]]></system-err>
</testsuite>
