<?xml version="1.0" encoding="UTF-8"?>
<testsuite name="griffon.core.editors.StringPropertyEditorSpec" tests="4" skipped="0" failures="0" errors="0" timestamp="2015-01-29T11:40:23" hostname="testing-worker-linux-85ee80ed-2-8570-linux-3-48747716" time="0.004">
  <properties/>
  <testcase name="String literal 'null' should be equal to null" classname="griffon.core.editors.StringPropertyEditorSpec" time="0.004"/>
  <testcase name="String literal '' should be equal to " classname="griffon.core.editors.StringPropertyEditorSpec" time="0.0"/>
  <testcase name="String literal 'string' should be equal to string" classname="griffon.core.editors.StringPropertyEditorSpec" time="0.0"/>
  <testcase name="String literal 'java.lang.Object@65ca40e7' should be equal to java.lang.Object@65ca40e7" classname="griffon.core.editors.StringPropertyEditorSpec" time="0.0"/>
  <system-out><![CDATA[]]></system-out>
  <system-err><![CDATA[]]></system-err>
</testsuite>
