<?xml version="1.0" encoding="UTF-8"?>
<testsuite name="griffon.exceptions.StaticMethodInvocationExceptionSpec" tests="2" skipped="0" failures="0" errors="0" timestamp="2015-09-03T15:05:05" hostname="testing-worker-linux-77796cae-2-11556-linux-3-78593077" time="0.004">
  <properties/>
  <testcase name="Exception should have proper formatted message[0]" classname="griffon.exceptions.StaticMethodInvocationExceptionSpec" time="0.003"/>
  <testcase name="Exception should have proper formatted message[1]" classname="griffon.exceptions.StaticMethodInvocationExceptionSpec" time="0.0"/>
  <system-out><![CDATA[]]></system-out>
  <system-err><![CDATA[]]></system-err>
</testsuite>
