<?xml version="1.0" encoding="UTF-8"?>
<testsuite name="griffon.core.ObservableContextSpec" tests="3" skipped="0" failures="0" errors="0" timestamp="2016-06-25T21:34:07" hostname="testing-gce-ad60b4e0-567f-4a47-892f-1eda72092bc5.c.travis-ci-prod-5.internal" time="0.027">
  <properties/>
  <testcase name="Exercise listener methods" classname="griffon.core.ObservableContextSpec" time="0.018"/>
  <testcase name="Listen to context events" classname="griffon.core.ObservableContextSpec" time="0.008"/>
  <testcase name="listen to lateral context events" classname="griffon.core.ObservableContextSpec" time="0.001"/>
  <system-out><![CDATA[]]></system-out>
  <system-err><![CDATA[[Test worker] TRACE griffon.core.editors.PropertyEditorResolver - Searching PropertyEditor for java.lang.Integer
[Test worker] TRACE griffon.core.editors.PropertyEditorResolver - PropertyEditor for java.lang.Integer is griffon.core.editors.IntegerPropertyEditor
]]></system-err>
</testsuite>
