<?xml version="1.0" encoding="UTF-8"?>
<testsuite name="griffon.core.editors.StringPropertyEditorSpec" tests="4" skipped="0" failures="0" errors="0" timestamp="2015-03-16T16:05:07" hostname="testing-worker-linux-3da96de7-1-20241-linux-4-54588115" time="0.002">
  <properties/>
  <testcase name="String literal 'null' should be equal to null" classname="griffon.core.editors.StringPropertyEditorSpec" time="0.002"/>
  <testcase name="String literal '' should be equal to " classname="griffon.core.editors.StringPropertyEditorSpec" time="0.0"/>
  <testcase name="String literal 'string' should be equal to string" classname="griffon.core.editors.StringPropertyEditorSpec" time="0.0"/>
  <testcase name="String literal 'java.lang.Object@770edfa8' should be equal to java.lang.Object@770edfa8" classname="griffon.core.editors.StringPropertyEditorSpec" time="0.0"/>
  <system-out><![CDATA[]]></system-out>
  <system-err><![CDATA[]]></system-err>
</testsuite>
