<?xml version="1.0" encoding="UTF-8"?>
<testsuite name="org.codehaus.griffon.runtime.core.inject.AbstractModuleSpec" tests="2" skipped="0" failures="0" errors="0" timestamp="2015-09-24T16:17:59" hostname="testing-worker-linux-f25aadab-2-11850-linux-5-81995719" time="0.039">
  <properties/>
  <testcase name="Verify all kinds of bindings" classname="org.codehaus.griffon.runtime.core.inject.AbstractModuleSpec" time="0.035"/>
  <testcase name="Broken module due to bad classifier" classname="org.codehaus.griffon.runtime.core.inject.AbstractModuleSpec" time="0.004"/>
  <system-out><![CDATA[]]></system-out>
  <system-err><![CDATA[]]></system-err>
</testsuite>
