<?xml version="1.0" encoding="UTF-8"?>
<testsuite name="org.codehaus.griffon.runtime.core.artifact.GriffonClassSpec" tests="1" skipped="0" failures="0" errors="0" timestamp="2016-02-06T20:07:10" hostname="testing-gce-648be8c3-5ffb-4ab0-a4b4-0304b7ab8f12.c.eco-emissary-99515.internal" time="0.004">
  <properties/>
  <testcase name="Verify properties" classname="org.codehaus.griffon.runtime.core.artifact.GriffonClassSpec" time="0.004"/>
  <system-out><![CDATA[]]></system-out>
  <system-err><![CDATA[]]></system-err>
</testsuite>
