<?xml version="1.0" encoding="UTF-8"?>
<testsuite name="org.codehaus.griffon.runtime.core.artifact.GriffonArtifactSpec" tests="25" skipped="0" failures="0" errors="0" timestamp="2014-12-08T22:51:05" hostname="testing-worker-linux-12-1-10023-linux-7-43402279" time="2.023">
  <properties/>
  <testcase name="Bootstrap application" classname="org.codehaus.griffon.runtime.core.artifact.GriffonArtifactSpec" time="1.15"/>
  <testcase name="Verify withMvcGroup(type , handler)" classname="org.codehaus.griffon.runtime.core.artifact.GriffonArtifactSpec" time="0.114"/>
  <testcase name="Verify withMvcGroup(type, id , handler)" classname="org.codehaus.griffon.runtime.core.artifact.GriffonArtifactSpec" time="0.051"/>
  <testcase name="Verify withMvcGroup(type, id, map , handler)" classname="org.codehaus.griffon.runtime.core.artifact.GriffonArtifactSpec" time="0.031"/>
  <testcase name="Verify withMvcGroup(type, map , handler)" classname="org.codehaus.griffon.runtime.core.artifact.GriffonArtifactSpec" time="0.09"/>
  <testcase name="Verify withMvcGroup(map, type, id , handler)" classname="org.codehaus.griffon.runtime.core.artifact.GriffonArtifactSpec" time="0.053"/>
  <testcase name="Verify withMvcGroup(map, type , handler)" classname="org.codehaus.griffon.runtime.core.artifact.GriffonArtifactSpec" time="0.042"/>
  <testcase name="Verify createMVCGroup(type)" classname="org.codehaus.griffon.runtime.core.artifact.GriffonArtifactSpec" time="0.025"/>
  <testcase name="Verify createMVCGroup(type, id)" classname="org.codehaus.griffon.runtime.core.artifact.GriffonArtifactSpec" time="0.049"/>
  <testcase name="Verify createMVCGroup(type, map)" classname="org.codehaus.griffon.runtime.core.artifact.GriffonArtifactSpec" time="0.041"/>
  <testcase name="Verify createMVCGroup(map, type)" classname="org.codehaus.griffon.runtime.core.artifact.GriffonArtifactSpec" time="0.037"/>
  <testcase name="Verify createMVCGroup(type, id, map)" classname="org.codehaus.griffon.runtime.core.artifact.GriffonArtifactSpec" time="0.058"/>
  <testcase name="Verify createMVCGroup(map, type, id)" classname="org.codehaus.griffon.runtime.core.artifact.GriffonArtifactSpec" time="0.052"/>
  <testcase name="Verify createMVC(type)" classname="org.codehaus.griffon.runtime.core.artifact.GriffonArtifactSpec" time="0.044"/>
  <testcase name="Verify createMVC(type, id)" classname="org.codehaus.griffon.runtime.core.artifact.GriffonArtifactSpec" time="0.057"/>
  <testcase name="Verify createMVC(type, map)" classname="org.codehaus.griffon.runtime.core.artifact.GriffonArtifactSpec" time="0.021"/>
  <testcase name="Verify createMVC(map, type)" classname="org.codehaus.griffon.runtime.core.artifact.GriffonArtifactSpec" time="0.016"/>
  <testcase name="Verify createMVC(type, id, map)" classname="org.codehaus.griffon.runtime.core.artifact.GriffonArtifactSpec" time="0.011"/>
  <testcase name="Verify createMVC(map, type, id)" classname="org.codehaus.griffon.runtime.core.artifact.GriffonArtifactSpec" time="0.015"/>
  <testcase name="Verify destroyMVCGroup(id)" classname="org.codehaus.griffon.runtime.core.artifact.GriffonArtifactSpec" time="0.025"/>
  <testcase name="Execute runnable inside UI sync" classname="org.codehaus.griffon.runtime.core.artifact.GriffonArtifactSpec" time="0.004"/>
  <testcase name="Execute runnable inside UI async" classname="org.codehaus.griffon.runtime.core.artifact.GriffonArtifactSpec" time="0.003"/>
  <testcase name="Execute runnable outside UI" classname="org.codehaus.griffon.runtime.core.artifact.GriffonArtifactSpec" time="0.003"/>
  <testcase name="Execute future" classname="org.codehaus.griffon.runtime.core.artifact.GriffonArtifactSpec" time="0.007"/>
  <testcase name="Execute future with ExecutorService" classname="org.codehaus.griffon.runtime.core.artifact.GriffonArtifactSpec" time="0.008"/>
  <system-out><![CDATA[{application=integration.TestGriffonApplication@ec6a99c, mvcType=sample, mvcId=sample, configuration=MVCGroupConfiguration{mvcType='sample', members={model=integration.SimpleModel, view=integration.SimpleView, controller=integration.SimpleController}, config={}}, model=integration.SimpleModel@9ba97a2, view=integration.SimpleView@6bc2a910, controller=integration.SimpleController@5dc81ea9, mvcGroup=org.codehaus.griffon.runtime.core.mvc.DefaultMVCGroup@23a06f77[sample:sample]}
{application=integration.TestGriffonApplication@ec6a99c, mvcType=simple, mvcId=simple, configuration=MVCGroupConfiguration{mvcType='simple', members={model=integration.SimpleModel, view=integration.SimpleView, controller=integration.SimpleController}, config={}}, parentGroup=org.codehaus.griffon.runtime.core.mvc.DefaultMVCGroup@44ba46f1[integration:integration], parentView=integration.IntegrationView@11a304dc, parentController=integration.IntegrationController@4beae1e0, parentModel=integration.IntegrationModel@1f02ee53, model=integration.SimpleModel@7910dbe6, view=integration.SimpleView@2f659f7e, controller=integration.SimpleController@1b76f4e0, mvcGroup=org.codehaus.griffon.runtime.core.mvc.DefaultMVCGroup@72dd9c24[simple:simple]}
{application=integration.TestGriffonApplication@ec6a99c, mvcType=simple, mvcId=simple-1, configuration=MVCGroupConfiguration{mvcType='simple', members={model=integration.SimpleModel, view=integration.SimpleView, controller=integration.SimpleController}, config={}}, parentGroup=org.codehaus.griffon.runtime.core.mvc.DefaultMVCGroup@44ba46f1[integration:integration], parentView=integration.IntegrationView@11a304dc, parentController=integration.IntegrationController@4beae1e0, parentModel=integration.IntegrationModel@1f02ee53, model=integration.SimpleModel@1b89f31a, view=integration.SimpleView@56f17929, controller=integration.SimpleController@5e781bbd, mvcGroup=org.codehaus.griffon.runtime.core.mvc.DefaultMVCGroup@29581c22[simple:simple-1]}
{application=integration.TestGriffonApplication@ec6a99c, mvcType=simple, mvcId=simple-2, configuration=MVCGroupConfiguration{mvcType='simple', members={model=integration.SimpleModel, view=integration.SimpleView, controller=integration.SimpleController}, config={}}, parentGroup=org.codehaus.griffon.runtime.core.mvc.DefaultMVCGroup@44ba46f1[integration:integration], key=griffon, parentView=integration.IntegrationView@11a304dc, parentController=integration.IntegrationController@4beae1e0, parentModel=integration.IntegrationModel@1f02ee53, model=integration.SimpleModel@77931ed3, view=integration.SimpleView@2452edce, controller=integration.SimpleController@95f783, mvcGroup=org.codehaus.griffon.runtime.core.mvc.DefaultMVCGroup@5f2a65cc[simple:simple-2]}
{application=integration.TestGriffonApplication@ec6a99c, mvcType=simple, mvcId=simple, configuration=MVCGroupConfiguration{mvcType='simple', members={model=integration.SimpleModel, view=integration.SimpleView, controller=integration.SimpleController}, config={}}, parentGroup=org.codehaus.griffon.runtime.core.mvc.DefaultMVCGroup@44ba46f1[integration:integration], key=griffon, parentView=integration.IntegrationView@11a304dc, parentController=integration.IntegrationController@4beae1e0, parentModel=integration.IntegrationModel@1f02ee53, model=integration.SimpleModel@60a63dca, view=integration.SimpleView@3ffae861, controller=integration.SimpleController@36bb6f80, mvcGroup=org.codehaus.griffon.runtime.core.mvc.DefaultMVCGroup@65b53dd2[simple:simple]}
{application=integration.TestGriffonApplication@ec6a99c, mvcType=simple, mvcId=simple-2, configuration=MVCGroupConfiguration{mvcType='simple', members={model=integration.SimpleModel, view=integration.SimpleView, controller=integration.SimpleController}, config={}}, parentGroup=org.codehaus.griffon.runtime.core.mvc.DefaultMVCGroup@44ba46f1[integration:integration], key=griffon, parentView=integration.IntegrationView@11a304dc, parentController=integration.IntegrationController@4beae1e0, parentModel=integration.IntegrationModel@1f02ee53, model=integration.SimpleModel@7ac6bcb9, view=integration.SimpleView@6b4d2ac5, controller=integration.SimpleController@5f336fcb, mvcGroup=org.codehaus.griffon.runtime.core.mvc.DefaultMVCGroup@505edc97[simple:simple-2]}
{application=integration.TestGriffonApplication@ec6a99c, mvcType=simple, mvcId=simple, configuration=MVCGroupConfiguration{mvcType='simple', members={model=integration.SimpleModel, view=integration.SimpleView, controller=integration.SimpleController}, config={}}, parentGroup=org.codehaus.griffon.runtime.core.mvc.DefaultMVCGroup@44ba46f1[integration:integration], key=griffon, parentView=integration.IntegrationView@11a304dc, parentController=integration.IntegrationController@4beae1e0, parentModel=integration.IntegrationModel@1f02ee53, model=integration.SimpleModel@294dcf17, view=integration.SimpleView@46883662, controller=integration.SimpleController@37751de1, mvcGroup=org.codehaus.griffon.runtime.core.mvc.DefaultMVCGroup@40db474[simple:simple]}
{application=integration.TestGriffonApplication@ec6a99c, mvcType=simple, mvcId=simple, configuration=MVCGroupConfiguration{mvcType='simple', members={model=integration.SimpleModel, view=integration.SimpleView, controller=integration.SimpleController}, config={}}, parentGroup=org.codehaus.griffon.runtime.core.mvc.DefaultMVCGroup@44ba46f1[integration:integration], parentView=integration.IntegrationView@11a304dc, parentController=integration.IntegrationController@4beae1e0, parentModel=integration.IntegrationModel@1f02ee53, model=integration.SimpleModel@ef6d641, view=integration.SimpleView@55739ab2, controller=integration.SimpleController@3d7b842a, mvcGroup=org.codehaus.griffon.runtime.core.mvc.DefaultMVCGroup@1e8a95a[simple:simple]}
{application=integration.TestGriffonApplication@ec6a99c, mvcType=simple, mvcId=simple-1, configuration=MVCGroupConfiguration{mvcType='simple', members={model=integration.SimpleModel, view=integration.SimpleView, controller=integration.SimpleController}, config={}}, parentGroup=org.codehaus.griffon.runtime.core.mvc.DefaultMVCGroup@44ba46f1[integration:integration], parentView=integration.IntegrationView@11a304dc, parentController=integration.IntegrationController@4beae1e0, parentModel=integration.IntegrationModel@1f02ee53, model=integration.SimpleModel@707b9872, view=integration.SimpleView@11c00883, controller=integration.SimpleController@55a6d198, mvcGroup=org.codehaus.griffon.runtime.core.mvc.DefaultMVCGroup@4d35a337[simple:simple-1]}
{application=integration.TestGriffonApplication@ec6a99c, mvcType=simple, mvcId=simple, configuration=MVCGroupConfiguration{mvcType='simple', members={model=integration.SimpleModel, view=integration.SimpleView, controller=integration.SimpleController}, config={}}, parentGroup=org.codehaus.griffon.runtime.core.mvc.DefaultMVCGroup@44ba46f1[integration:integration], key=griffon, parentView=integration.IntegrationView@11a304dc, parentController=integration.IntegrationController@4beae1e0, parentModel=integration.IntegrationModel@1f02ee53, model=integration.SimpleModel@61a10aeb, view=integration.SimpleView@7034824c, controller=integration.SimpleController@13fda7c3, mvcGroup=org.codehaus.griffon.runtime.core.mvc.DefaultMVCGroup@73b19290[simple:simple]}
{application=integration.TestGriffonApplication@ec6a99c, mvcType=simple, mvcId=simple, configuration=MVCGroupConfiguration{mvcType='simple', members={model=integration.SimpleModel, view=integration.SimpleView, controller=integration.SimpleController}, config={}}, parentGroup=org.codehaus.griffon.runtime.core.mvc.DefaultMVCGroup@44ba46f1[integration:integration], key=griffon, parentView=integration.IntegrationView@11a304dc, parentController=integration.IntegrationController@4beae1e0, parentModel=integration.IntegrationModel@1f02ee53, model=integration.SimpleModel@4edcefa4, view=integration.SimpleView@30e18a03, controller=integration.SimpleController@4f3bbb9d, mvcGroup=org.codehaus.griffon.runtime.core.mvc.DefaultMVCGroup@24bc0ee5[simple:simple]}
{application=integration.TestGriffonApplication@ec6a99c, mvcType=simple, mvcId=simple-2, configuration=MVCGroupConfiguration{mvcType='simple', members={model=integration.SimpleModel, view=integration.SimpleView, controller=integration.SimpleController}, config={}}, parentGroup=org.codehaus.griffon.runtime.core.mvc.DefaultMVCGroup@44ba46f1[integration:integration], key=griffon, parentView=integration.IntegrationView@11a304dc, parentController=integration.IntegrationController@4beae1e0, parentModel=integration.IntegrationModel@1f02ee53, model=integration.SimpleModel@d346419, view=integration.SimpleView@31b9462e, controller=integration.SimpleController@234cf4d7, mvcGroup=org.codehaus.griffon.runtime.core.mvc.DefaultMVCGroup@67431d7d[simple:simple-2]}
{application=integration.TestGriffonApplication@ec6a99c, mvcType=simple, mvcId=simple-2, configuration=MVCGroupConfiguration{mvcType='simple', members={model=integration.SimpleModel, view=integration.SimpleView, controller=integration.SimpleController}, config={}}, parentGroup=org.codehaus.griffon.runtime.core.mvc.DefaultMVCGroup@44ba46f1[integration:integration], key=griffon, parentView=integration.IntegrationView@11a304dc, parentController=integration.IntegrationController@4beae1e0, parentModel=integration.IntegrationModel@1f02ee53, model=integration.SimpleModel@49f9b920, view=integration.SimpleView@328a0e07, controller=integration.SimpleController@7624becd, mvcGroup=org.codehaus.griffon.runtime.core.mvc.DefaultMVCGroup@973fd81[simple:simple-2]}
{application=integration.TestGriffonApplication@ec6a99c, mvcType=simple, mvcId=simple, configuration=MVCGroupConfiguration{mvcType='simple', members={model=integration.SimpleModel, view=integration.SimpleView, controller=integration.SimpleController}, config={}}, parentGroup=org.codehaus.griffon.runtime.core.mvc.DefaultMVCGroup@44ba46f1[integration:integration], parentView=integration.IntegrationView@11a304dc, parentController=integration.IntegrationController@4beae1e0, parentModel=integration.IntegrationModel@1f02ee53, model=integration.SimpleModel@dc77536, view=integration.SimpleView@6fdfa8bf, controller=integration.SimpleController@3cdea15f, mvcGroup=org.codehaus.griffon.runtime.core.mvc.DefaultMVCGroup@2ad7dcb0[simple:simple]}
{application=integration.TestGriffonApplication@ec6a99c, mvcType=simple, mvcId=simple-1, configuration=MVCGroupConfiguration{mvcType='simple', members={model=integration.SimpleModel, view=integration.SimpleView, controller=integration.SimpleController}, config={}}, parentGroup=org.codehaus.griffon.runtime.core.mvc.DefaultMVCGroup@44ba46f1[integration:integration], parentView=integration.IntegrationView@11a304dc, parentController=integration.IntegrationController@4beae1e0, parentModel=integration.IntegrationModel@1f02ee53, model=integration.SimpleModel@533c41ae, view=integration.SimpleView@34447e6a, controller=integration.SimpleController@72b3786, mvcGroup=org.codehaus.griffon.runtime.core.mvc.DefaultMVCGroup@111a3f7d[simple:simple-1]}
{application=integration.TestGriffonApplication@ec6a99c, mvcType=simple, mvcId=simple, configuration=MVCGroupConfiguration{mvcType='simple', members={model=integration.SimpleModel, view=integration.SimpleView, controller=integration.SimpleController}, config={}}, parentGroup=org.codehaus.griffon.runtime.core.mvc.DefaultMVCGroup@44ba46f1[integration:integration], key=griffon, parentView=integration.IntegrationView@11a304dc, parentController=integration.IntegrationController@4beae1e0, parentModel=integration.IntegrationModel@1f02ee53, model=integration.SimpleModel@37baa086, view=integration.SimpleView@697326f0, controller=integration.SimpleController@29d20d74, mvcGroup=org.codehaus.griffon.runtime.core.mvc.DefaultMVCGroup@114719eb[simple:simple]}
{application=integration.TestGriffonApplication@ec6a99c, mvcType=simple, mvcId=simple, configuration=MVCGroupConfiguration{mvcType='simple', members={model=integration.SimpleModel, view=integration.SimpleView, controller=integration.SimpleController}, config={}}, parentGroup=org.codehaus.griffon.runtime.core.mvc.DefaultMVCGroup@44ba46f1[integration:integration], key=griffon, parentView=integration.IntegrationView@11a304dc, parentController=integration.IntegrationController@4beae1e0, parentModel=integration.IntegrationModel@1f02ee53, model=integration.SimpleModel@460cd490, view=integration.SimpleView@499dbe82, controller=integration.SimpleController@60bc7e1b, mvcGroup=org.codehaus.griffon.runtime.core.mvc.DefaultMVCGroup@558882c4[simple:simple]}
{application=integration.TestGriffonApplication@ec6a99c, mvcType=simple, mvcId=simple-2, configuration=MVCGroupConfiguration{mvcType='simple', members={model=integration.SimpleModel, view=integration.SimpleView, controller=integration.SimpleController}, config={}}, parentGroup=org.codehaus.griffon.runtime.core.mvc.DefaultMVCGroup@44ba46f1[integration:integration], key=griffon, parentView=integration.IntegrationView@11a304dc, parentController=integration.IntegrationController@4beae1e0, parentModel=integration.IntegrationModel@1f02ee53, model=integration.SimpleModel@52825db9, view=integration.SimpleView@438d6b8f, controller=integration.SimpleController@355ebaa3, mvcGroup=org.codehaus.griffon.runtime.core.mvc.DefaultMVCGroup@946cd60[simple:simple-2]}
{application=integration.TestGriffonApplication@ec6a99c, mvcType=simple, mvcId=simple-2, configuration=MVCGroupConfiguration{mvcType='simple', members={model=integration.SimpleModel, view=integration.SimpleView, controller=integration.SimpleController}, config={}}, parentGroup=org.codehaus.griffon.runtime.core.mvc.DefaultMVCGroup@44ba46f1[integration:integration], key=griffon, parentView=integration.IntegrationView@11a304dc, parentController=integration.IntegrationController@4beae1e0, parentModel=integration.IntegrationModel@1f02ee53, model=integration.SimpleModel@49693664, view=integration.SimpleView@6110fdd5, controller=integration.SimpleController@215bc8f6, mvcGroup=org.codehaus.griffon.runtime.core.mvc.DefaultMVCGroup@1e492c70[simple:simple-2]}
{application=integration.TestGriffonApplication@ec6a99c, mvcType=simple, mvcId=simple, configuration=MVCGroupConfiguration{mvcType='simple', members={model=integration.SimpleModel, view=integration.SimpleView, controller=integration.SimpleController}, config={}}, parentGroup=org.codehaus.griffon.runtime.core.mvc.DefaultMVCGroup@44ba46f1[integration:integration], parentView=integration.IntegrationView@11a304dc, parentController=integration.IntegrationController@4beae1e0, parentModel=integration.IntegrationModel@1f02ee53, model=integration.SimpleModel@1e93e3cb, view=integration.SimpleView@780b4b99, controller=integration.SimpleController@7e82016, mvcGroup=org.codehaus.griffon.runtime.core.mvc.DefaultMVCGroup@5095b637[simple:simple]}
]]></system-out>
  <system-err><![CDATA[[Test worker] INFO org.codehaus.griffon.runtime.core.DefaultApplicationBootstrapper - Griffon 2.2.0-SNAPSHOT
[Test worker] INFO org.codehaus.griffon.runtime.core.DefaultApplicationBootstrapper - Build: 2014-12-08T22:47:32.531+0000
[Test worker] INFO org.codehaus.griffon.runtime.core.DefaultApplicationBootstrapper - JVM: 1.8.0_25 (Oracle Corporation 25.25-b02)
[Test worker] INFO org.codehaus.griffon.runtime.core.DefaultApplicationBootstrapper - OS: Linux 2.6.32-042stab090.5 amd64
[Test worker] INFO integration.TestGriffonApplication - Initializing all startup groups: [integration]
[Test worker] INFO integration.TestGriffonApplication - Initializing all integration startup groups: [sample]
[Test worker] INFO integration.TestGriffonApplication - Shutdown is in process
]]></system-err>
</testsuite>
