<?xml version="1.0" encoding="UTF-8"?>
<testsuite name="org.codehaus.griffon.runtime.core.AbstractObservableTest" tests="1" skipped="0" failures="0" errors="0" timestamp="2015-07-07T17:40:36" hostname="testing-worker-linux-380b67c9-2-1604-linux-11-69931760" time="0.038">
  <properties/>
  <testcase name="observableSetup" classname="org.codehaus.griffon.runtime.core.AbstractObservableTest" time="0.038"/>
  <system-out><![CDATA[]]></system-out>
  <system-err><![CDATA[]]></system-err>
</testsuite>
