<?xml version="1.0" encoding="UTF-8"?>
<testsuite name="griffon.core.env.RunModeTests" tests="3" skipped="0" failures="0" errors="0" timestamp="2014-06-20T13:54:10" hostname="testing-worker-linux-9-1-10833-linux-3-28043752" time="0.05">
  <properties/>
  <testcase name="testGetCurrent" classname="griffon.core.env.RunModeTests" time="0.037"/>
  <testcase name="testIsSystemSet" classname="griffon.core.env.RunModeTests" time="0.005"/>
  <testcase name="testGetRunMode" classname="griffon.core.env.RunModeTests" time="0.005"/>
  <system-out><![CDATA[]]></system-out>
  <system-err><![CDATA[]]></system-err>
</testsuite>
