<?xml version="1.0" encoding="UTF-8"?>
<testsuite name="griffon.core.env.RunModeTests" tests="3" skipped="0" failures="0" errors="0" timestamp="2015-09-24T09:33:56" hostname="testing-worker-linux-9eb6c2a4-1-5663-linux-7-81932763" time="0.026">
  <properties/>
  <testcase name="testGetCurrent" classname="griffon.core.env.RunModeTests" time="0.022"/>
  <testcase name="testIsSystemSet" classname="griffon.core.env.RunModeTests" time="0.002"/>
  <testcase name="testGetRunMode" classname="griffon.core.env.RunModeTests" time="0.002"/>
  <system-out><![CDATA[]]></system-out>
  <system-err><![CDATA[]]></system-err>
</testsuite>
