<?xml version="1.0" encoding="UTF-8"?>
<testsuite name="org.codehaus.griffon.runtime.core.i18n.CustomMessageSourceTests" tests="6" skipped="0" failures="0" errors="0" timestamp="2015-11-13T01:35:06" hostname="testing-worker-linux-c55820f2-1-499-linux-13-90862008" time="0.048">
  <properties/>
  <testcase name="exerciseAllExceptionThrowingMethods" classname="org.codehaus.griffon.runtime.core.i18n.CustomMessageSourceTests" time="0.035"/>
  <testcase name="resolveMessageValueWithReferencedKey" classname="org.codehaus.griffon.runtime.core.i18n.CustomMessageSourceTests" time="0.002"/>
  <testcase name="invalidKeysInResourceBundle" classname="org.codehaus.griffon.runtime.core.i18n.CustomMessageSourceTests" time="0.001"/>
  <testcase name="exerciseAllMethodsWithDefaultMessage" classname="org.codehaus.griffon.runtime.core.i18n.CustomMessageSourceTests" time="0.006"/>
  <testcase name="getAllDefinedMessages" classname="org.codehaus.griffon.runtime.core.i18n.CustomMessageSourceTests" time="0.002"/>
  <testcase name="exerciseFormatMessage" classname="org.codehaus.griffon.runtime.core.i18n.CustomMessageSourceTests" time="0.002"/>
  <system-out><![CDATA[]]></system-out>
  <system-err><![CDATA[]]></system-err>
</testsuite>
