<?xml version="1.0" encoding="UTF-8"?>
<testsuite name="griffon.core.env.RunModeTests" tests="3" skipped="0" failures="0" errors="0" timestamp="2014-06-20T12:06:49" hostname="testing-worker-linux-5-1-31997-linux-12-28036849" time="0.024">
  <properties/>
  <testcase name="testGetCurrent" classname="griffon.core.env.RunModeTests" time="0.014"/>
  <testcase name="testIsSystemSet" classname="griffon.core.env.RunModeTests" time="0.004"/>
  <testcase name="testGetRunMode" classname="griffon.core.env.RunModeTests" time="0.003"/>
  <system-out><![CDATA[]]></system-out>
  <system-err><![CDATA[]]></system-err>
</testsuite>
