<?xml version="1.0" encoding="UTF-8"?>
<testsuite name="griffon.exceptions.NewInstanceExceptionSpec" tests="2" skipped="0" failures="0" errors="0" timestamp="2016-06-01T19:58:14" hostname="testing-gce-84620cbb-8b53-44d8-9f35-29776f308364.c.travis-ci-prod-2.internal" time="0.003">
  <properties/>
  <testcase name="Exception should have proper formatted message[0]" classname="griffon.exceptions.NewInstanceExceptionSpec" time="0.002"/>
  <testcase name="Exception should have proper formatted message[1]" classname="griffon.exceptions.NewInstanceExceptionSpec" time="0.001"/>
  <system-out><![CDATA[]]></system-out>
  <system-err><![CDATA[]]></system-err>
</testsuite>
