<?xml version="1.0" encoding="UTF-8"?>
<testsuite name="griffon.exceptions.StaticMethodInvocationExceptionSpec" tests="2" skipped="0" failures="0" errors="0" timestamp="2016-07-18T19:03:38" hostname="testing-gce-55d92ea4-f937-416d-a5a7-5c1e7d15f34d.c.travis-ci-prod-5.internal" time="0.003">
  <properties/>
  <testcase name="Exception should have proper formatted message[0]" classname="griffon.exceptions.StaticMethodInvocationExceptionSpec" time="0.003"/>
  <testcase name="Exception should have proper formatted message[1]" classname="griffon.exceptions.StaticMethodInvocationExceptionSpec" time="0.0"/>
  <system-out><![CDATA[]]></system-out>
  <system-err><![CDATA[]]></system-err>
</testsuite>
