<?xml version="1.0" encoding="UTF-8"?>
<testsuite name="griffon.core.editors.StringPropertyEditorSpec" tests="4" skipped="0" failures="0" errors="0" timestamp="2016-06-10T18:44:06" hostname="testing-gce-a0d79f46-84c0-4aba-beac-09dda7d5a87b.c.travis-ci-prod-2.internal" time="0.004">
  <properties/>
  <testcase name="String literal 'null' should be equal to null" classname="griffon.core.editors.StringPropertyEditorSpec" time="0.003"/>
  <testcase name="String literal '' should be equal to " classname="griffon.core.editors.StringPropertyEditorSpec" time="0.0"/>
  <testcase name="String literal 'string' should be equal to string" classname="griffon.core.editors.StringPropertyEditorSpec" time="0.0"/>
  <testcase name="String literal 'java.lang.Object@434c7277' should be equal to java.lang.Object@434c7277" classname="griffon.core.editors.StringPropertyEditorSpec" time="0.0"/>
  <system-out><![CDATA[]]></system-out>
  <system-err><![CDATA[]]></system-err>
</testsuite>
