<?xml version="1.0" encoding="UTF-8"?>
<testsuite name="griffon.exceptions.InstanceNotFoundExceptionSpec" tests="4" skipped="0" failures="0" errors="0" timestamp="2016-02-04T19:17:11" hostname="testing-gce-79bd5b6d-d18f-4d4d-bb5d-4976e28df91c.c.eco-emissary-99515.internal" time="0.002">
  <properties/>
  <testcase name="Exception should have proper formatted message[0]" classname="griffon.exceptions.InstanceNotFoundExceptionSpec" time="0.001"/>
  <testcase name="Exception should have proper formatted message[1]" classname="griffon.exceptions.InstanceNotFoundExceptionSpec" time="0.0"/>
  <testcase name="Exception should have proper formatted message[2]" classname="griffon.exceptions.InstanceNotFoundExceptionSpec" time="0.0"/>
  <testcase name="Exception should have proper formatted message[3]" classname="griffon.exceptions.InstanceNotFoundExceptionSpec" time="0.0"/>
  <system-out><![CDATA[]]></system-out>
  <system-err><![CDATA[]]></system-err>
</testsuite>
