<?xml version="1.0" encoding="UTF-8"?>
<testsuite name="griffon.util.GriffonNameUtilsTests" tests="8" failures="0" errors="0" timestamp="2014-02-17T20:48:58" hostname="testing-worker-linux-2-2-30281-linux-3-19064236" time="0.109">
  <properties/>
  <testcase name="testGetShortName" classname="griffon.util.GriffonNameUtilsTests" time="0.019"/>
  <testcase name="testGetGetterName" classname="griffon.util.GriffonNameUtilsTests" time="0.004"/>
  <testcase name="testGetPropertyName" classname="griffon.util.GriffonNameUtilsTests" time="0.003"/>
  <testcase name="testGetClassName" classname="griffon.util.GriffonNameUtilsTests" time="0.06"/>
  <testcase name="testUncapitalize" classname="griffon.util.GriffonNameUtilsTests" time="0.004"/>
  <testcase name="testGetSetterName" classname="griffon.util.GriffonNameUtilsTests" time="0.003"/>
  <testcase name="testCapitalize" classname="griffon.util.GriffonNameUtilsTests" time="0.004"/>
  <testcase name="testGetPropertyNameRepresentation" classname="griffon.util.GriffonNameUtilsTests" time="0.004"/>
  <system-out><![CDATA[]]></system-out>
  <system-err><![CDATA[]]></system-err>
</testsuite>
