<?xml version="1.0" encoding="UTF-8"?>
<testsuite name="griffon.core.ObservableContextSpec" tests="2" skipped="0" failures="0" errors="0" timestamp="2015-10-12T18:25:52" hostname="testing-worker-linux-f25aadab-1-11794-linux-13-84971409" time="0.031">
  <properties/>
  <testcase name="Exercise listener methods" classname="griffon.core.ObservableContextSpec" time="0.018"/>
  <testcase name="Listen to context events" classname="griffon.core.ObservableContextSpec" time="0.013"/>
  <system-out><![CDATA[]]></system-out>
  <system-err><![CDATA[]]></system-err>
</testsuite>
