<?xml version="1.0" encoding="UTF-8"?>
<testsuite name="org.codehaus.griffon.runtime.core.artifact.GriffonArtifactSpec" tests="25" skipped="0" failures="0" errors="0" timestamp="2015-02-14T23:56:06" hostname="testing-worker-linux-027f0490-2-7771-linux-10-50792734" time="1.417">
  <properties/>
  <testcase name="Bootstrap application" classname="org.codehaus.griffon.runtime.core.artifact.GriffonArtifactSpec" time="0.756"/>
  <testcase name="Verify withMvcGroup(type , handler)" classname="org.codehaus.griffon.runtime.core.artifact.GriffonArtifactSpec" time="0.105"/>
  <testcase name="Verify withMvcGroup(type, id , handler)" classname="org.codehaus.griffon.runtime.core.artifact.GriffonArtifactSpec" time="0.047"/>
  <testcase name="Verify withMvcGroup(type, id, map , handler)" classname="org.codehaus.griffon.runtime.core.artifact.GriffonArtifactSpec" time="0.04"/>
  <testcase name="Verify withMvcGroup(type, map , handler)" classname="org.codehaus.griffon.runtime.core.artifact.GriffonArtifactSpec" time="0.059"/>
  <testcase name="Verify withMvcGroup(map, type, id , handler)" classname="org.codehaus.griffon.runtime.core.artifact.GriffonArtifactSpec" time="0.041"/>
  <testcase name="Verify withMvcGroup(map, type , handler)" classname="org.codehaus.griffon.runtime.core.artifact.GriffonArtifactSpec" time="0.054"/>
  <testcase name="Verify createMVCGroup(type)" classname="org.codehaus.griffon.runtime.core.artifact.GriffonArtifactSpec" time="0.018"/>
  <testcase name="Verify createMVCGroup(type, id)" classname="org.codehaus.griffon.runtime.core.artifact.GriffonArtifactSpec" time="0.053"/>
  <testcase name="Verify createMVCGroup(type, map)" classname="org.codehaus.griffon.runtime.core.artifact.GriffonArtifactSpec" time="0.016"/>
  <testcase name="Verify createMVCGroup(map, type)" classname="org.codehaus.griffon.runtime.core.artifact.GriffonArtifactSpec" time="0.018"/>
  <testcase name="Verify createMVCGroup(type, id, map)" classname="org.codehaus.griffon.runtime.core.artifact.GriffonArtifactSpec" time="0.022"/>
  <testcase name="Verify createMVCGroup(map, type, id)" classname="org.codehaus.griffon.runtime.core.artifact.GriffonArtifactSpec" time="0.019"/>
  <testcase name="Verify createMVC(type)" classname="org.codehaus.griffon.runtime.core.artifact.GriffonArtifactSpec" time="0.019"/>
  <testcase name="Verify createMVC(type, id)" classname="org.codehaus.griffon.runtime.core.artifact.GriffonArtifactSpec" time="0.014"/>
  <testcase name="Verify createMVC(type, map)" classname="org.codehaus.griffon.runtime.core.artifact.GriffonArtifactSpec" time="0.05"/>
  <testcase name="Verify createMVC(map, type)" classname="org.codehaus.griffon.runtime.core.artifact.GriffonArtifactSpec" time="0.015"/>
  <testcase name="Verify createMVC(type, id, map)" classname="org.codehaus.griffon.runtime.core.artifact.GriffonArtifactSpec" time="0.014"/>
  <testcase name="Verify createMVC(map, type, id)" classname="org.codehaus.griffon.runtime.core.artifact.GriffonArtifactSpec" time="0.013"/>
  <testcase name="Verify destroyMVCGroup(id)" classname="org.codehaus.griffon.runtime.core.artifact.GriffonArtifactSpec" time="0.013"/>
  <testcase name="Execute runnable inside UI sync" classname="org.codehaus.griffon.runtime.core.artifact.GriffonArtifactSpec" time="0.003"/>
  <testcase name="Execute runnable inside UI async" classname="org.codehaus.griffon.runtime.core.artifact.GriffonArtifactSpec" time="0.003"/>
  <testcase name="Execute runnable outside UI" classname="org.codehaus.griffon.runtime.core.artifact.GriffonArtifactSpec" time="0.003"/>
  <testcase name="Execute future" classname="org.codehaus.griffon.runtime.core.artifact.GriffonArtifactSpec" time="0.004"/>
  <testcase name="Execute future with ExecutorService" classname="org.codehaus.griffon.runtime.core.artifact.GriffonArtifactSpec" time="0.004"/>
  <system-out><![CDATA[{application=integration.TestGriffonApplication@39ddad2e, mvcType=sample, mvcId=sample, configuration=MVCGroupConfiguration{mvcType='sample', members={model=integration.SimpleModel, view=integration.SimpleView, controller=integration.SimpleController}, config={}}, model=integration.SimpleModel@5ce75b93, view=integration.SimpleView@12bdad02, controller=integration.SimpleController@6a52160e, mvcGroup=org.codehaus.griffon.runtime.core.mvc.DefaultMVCGroup@1547940e[sample:sample]}
{application=integration.TestGriffonApplication@39ddad2e, mvcType=simple, mvcId=simple, configuration=MVCGroupConfiguration{mvcType='simple', members={model=integration.SimpleModel, view=integration.SimpleView, controller=integration.SimpleController}, config={}}, parentGroup=org.codehaus.griffon.runtime.core.mvc.DefaultMVCGroup@577800a1[integration:integration], parentView=integration.IntegrationView@63e1eec4, parentController=integration.IntegrationController@66df3c62, parentModel=integration.IntegrationModel@3934d97d, model=integration.SimpleModel@4b2b75b3, view=integration.SimpleView@1da53b2f, controller=integration.SimpleController@65cc4da, mvcGroup=org.codehaus.griffon.runtime.core.mvc.DefaultMVCGroup@55f29f04[simple:simple]}
{application=integration.TestGriffonApplication@39ddad2e, mvcType=simple, mvcId=simple-1, configuration=MVCGroupConfiguration{mvcType='simple', members={model=integration.SimpleModel, view=integration.SimpleView, controller=integration.SimpleController}, config={}}, parentGroup=org.codehaus.griffon.runtime.core.mvc.DefaultMVCGroup@577800a1[integration:integration], parentView=integration.IntegrationView@63e1eec4, parentController=integration.IntegrationController@66df3c62, parentModel=integration.IntegrationModel@3934d97d, model=integration.SimpleModel@7b222c81, view=integration.SimpleView@4847c00e, controller=integration.SimpleController@2343983f, mvcGroup=org.codehaus.griffon.runtime.core.mvc.DefaultMVCGroup@4c9ed791[simple:simple-1]}
{application=integration.TestGriffonApplication@39ddad2e, mvcType=simple, mvcId=simple-2, configuration=MVCGroupConfiguration{mvcType='simple', members={model=integration.SimpleModel, view=integration.SimpleView, controller=integration.SimpleController}, config={}}, parentGroup=org.codehaus.griffon.runtime.core.mvc.DefaultMVCGroup@577800a1[integration:integration], key=griffon, parentView=integration.IntegrationView@63e1eec4, parentController=integration.IntegrationController@66df3c62, parentModel=integration.IntegrationModel@3934d97d, model=integration.SimpleModel@5515eacc, view=integration.SimpleView@27543d3e, controller=integration.SimpleController@256730f2, mvcGroup=org.codehaus.griffon.runtime.core.mvc.DefaultMVCGroup@78965839[simple:simple-2]}
{application=integration.TestGriffonApplication@39ddad2e, mvcType=simple, mvcId=simple, configuration=MVCGroupConfiguration{mvcType='simple', members={model=integration.SimpleModel, view=integration.SimpleView, controller=integration.SimpleController}, config={}}, parentGroup=org.codehaus.griffon.runtime.core.mvc.DefaultMVCGroup@577800a1[integration:integration], key=griffon, parentView=integration.IntegrationView@63e1eec4, parentController=integration.IntegrationController@66df3c62, parentModel=integration.IntegrationModel@3934d97d, model=integration.SimpleModel@2b0a5cf5, view=integration.SimpleView@399c47f4, controller=integration.SimpleController@2697d29, mvcGroup=org.codehaus.griffon.runtime.core.mvc.DefaultMVCGroup@4b576e92[simple:simple]}
{application=integration.TestGriffonApplication@39ddad2e, mvcType=simple, mvcId=simple-2, configuration=MVCGroupConfiguration{mvcType='simple', members={model=integration.SimpleModel, view=integration.SimpleView, controller=integration.SimpleController}, config={}}, parentGroup=org.codehaus.griffon.runtime.core.mvc.DefaultMVCGroup@577800a1[integration:integration], key=griffon, parentView=integration.IntegrationView@63e1eec4, parentController=integration.IntegrationController@66df3c62, parentModel=integration.IntegrationModel@3934d97d, model=integration.SimpleModel@27a47fae, view=integration.SimpleView@3c2e3f3f, controller=integration.SimpleController@64605e43, mvcGroup=org.codehaus.griffon.runtime.core.mvc.DefaultMVCGroup@1873a632[simple:simple-2]}
{application=integration.TestGriffonApplication@39ddad2e, mvcType=simple, mvcId=simple, configuration=MVCGroupConfiguration{mvcType='simple', members={model=integration.SimpleModel, view=integration.SimpleView, controller=integration.SimpleController}, config={}}, parentGroup=org.codehaus.griffon.runtime.core.mvc.DefaultMVCGroup@577800a1[integration:integration], key=griffon, parentView=integration.IntegrationView@63e1eec4, parentController=integration.IntegrationController@66df3c62, parentModel=integration.IntegrationModel@3934d97d, model=integration.SimpleModel@11757fec, view=integration.SimpleView@3b1e9700, controller=integration.SimpleController@4d2dee1a, mvcGroup=org.codehaus.griffon.runtime.core.mvc.DefaultMVCGroup@90090f5[simple:simple]}
{application=integration.TestGriffonApplication@39ddad2e, mvcType=simple, mvcId=simple, configuration=MVCGroupConfiguration{mvcType='simple', members={model=integration.SimpleModel, view=integration.SimpleView, controller=integration.SimpleController}, config={}}, parentGroup=org.codehaus.griffon.runtime.core.mvc.DefaultMVCGroup@577800a1[integration:integration], parentView=integration.IntegrationView@63e1eec4, parentController=integration.IntegrationController@66df3c62, parentModel=integration.IntegrationModel@3934d97d, model=integration.SimpleModel@532cfb71, view=integration.SimpleView@600ec406, controller=integration.SimpleController@55fc844b, mvcGroup=org.codehaus.griffon.runtime.core.mvc.DefaultMVCGroup@394ddc83[simple:simple]}
{application=integration.TestGriffonApplication@39ddad2e, mvcType=simple, mvcId=simple-1, configuration=MVCGroupConfiguration{mvcType='simple', members={model=integration.SimpleModel, view=integration.SimpleView, controller=integration.SimpleController}, config={}}, parentGroup=org.codehaus.griffon.runtime.core.mvc.DefaultMVCGroup@577800a1[integration:integration], parentView=integration.IntegrationView@63e1eec4, parentController=integration.IntegrationController@66df3c62, parentModel=integration.IntegrationModel@3934d97d, model=integration.SimpleModel@1bb694fb, view=integration.SimpleView@2a59951a, controller=integration.SimpleController@7da7fd16, mvcGroup=org.codehaus.griffon.runtime.core.mvc.DefaultMVCGroup@2ab1e15[simple:simple-1]}
{application=integration.TestGriffonApplication@39ddad2e, mvcType=simple, mvcId=simple, configuration=MVCGroupConfiguration{mvcType='simple', members={model=integration.SimpleModel, view=integration.SimpleView, controller=integration.SimpleController}, config={}}, parentGroup=org.codehaus.griffon.runtime.core.mvc.DefaultMVCGroup@577800a1[integration:integration], key=griffon, parentView=integration.IntegrationView@63e1eec4, parentController=integration.IntegrationController@66df3c62, parentModel=integration.IntegrationModel@3934d97d, model=integration.SimpleModel@2d1553f7, view=integration.SimpleView@4b02e20a, controller=integration.SimpleController@90ff931, mvcGroup=org.codehaus.griffon.runtime.core.mvc.DefaultMVCGroup@538e05b3[simple:simple]}
{application=integration.TestGriffonApplication@39ddad2e, mvcType=simple, mvcId=simple, configuration=MVCGroupConfiguration{mvcType='simple', members={model=integration.SimpleModel, view=integration.SimpleView, controller=integration.SimpleController}, config={}}, parentGroup=org.codehaus.griffon.runtime.core.mvc.DefaultMVCGroup@577800a1[integration:integration], key=griffon, parentView=integration.IntegrationView@63e1eec4, parentController=integration.IntegrationController@66df3c62, parentModel=integration.IntegrationModel@3934d97d, model=integration.SimpleModel@84dd4f6, view=integration.SimpleView@7e7d62bf, controller=integration.SimpleController@5dfd435e, mvcGroup=org.codehaus.griffon.runtime.core.mvc.DefaultMVCGroup@12c733a1[simple:simple]}
{application=integration.TestGriffonApplication@39ddad2e, mvcType=simple, mvcId=simple-2, configuration=MVCGroupConfiguration{mvcType='simple', members={model=integration.SimpleModel, view=integration.SimpleView, controller=integration.SimpleController}, config={}}, parentGroup=org.codehaus.griffon.runtime.core.mvc.DefaultMVCGroup@577800a1[integration:integration], key=griffon, parentView=integration.IntegrationView@63e1eec4, parentController=integration.IntegrationController@66df3c62, parentModel=integration.IntegrationModel@3934d97d, model=integration.SimpleModel@744bbf6b, view=integration.SimpleView@613643c7, controller=integration.SimpleController@56e61b0c, mvcGroup=org.codehaus.griffon.runtime.core.mvc.DefaultMVCGroup@7d97704a[simple:simple-2]}
{application=integration.TestGriffonApplication@39ddad2e, mvcType=simple, mvcId=simple-2, configuration=MVCGroupConfiguration{mvcType='simple', members={model=integration.SimpleModel, view=integration.SimpleView, controller=integration.SimpleController}, config={}}, parentGroup=org.codehaus.griffon.runtime.core.mvc.DefaultMVCGroup@577800a1[integration:integration], key=griffon, parentView=integration.IntegrationView@63e1eec4, parentController=integration.IntegrationController@66df3c62, parentModel=integration.IntegrationModel@3934d97d, model=integration.SimpleModel@540e2874, view=integration.SimpleView@7f57149, controller=integration.SimpleController@61ad24c0, mvcGroup=org.codehaus.griffon.runtime.core.mvc.DefaultMVCGroup@277e0d9f[simple:simple-2]}
{application=integration.TestGriffonApplication@39ddad2e, mvcType=simple, mvcId=simple, configuration=MVCGroupConfiguration{mvcType='simple', members={model=integration.SimpleModel, view=integration.SimpleView, controller=integration.SimpleController}, config={}}, parentGroup=org.codehaus.griffon.runtime.core.mvc.DefaultMVCGroup@577800a1[integration:integration], parentView=integration.IntegrationView@63e1eec4, parentController=integration.IntegrationController@66df3c62, parentModel=integration.IntegrationModel@3934d97d, model=integration.SimpleModel@216cc8c, view=integration.SimpleView@2e458abe, controller=integration.SimpleController@26462092, mvcGroup=org.codehaus.griffon.runtime.core.mvc.DefaultMVCGroup@7183d330[simple:simple]}
{application=integration.TestGriffonApplication@39ddad2e, mvcType=simple, mvcId=simple-1, configuration=MVCGroupConfiguration{mvcType='simple', members={model=integration.SimpleModel, view=integration.SimpleView, controller=integration.SimpleController}, config={}}, parentGroup=org.codehaus.griffon.runtime.core.mvc.DefaultMVCGroup@577800a1[integration:integration], parentView=integration.IntegrationView@63e1eec4, parentController=integration.IntegrationController@66df3c62, parentModel=integration.IntegrationModel@3934d97d, model=integration.SimpleModel@3ff7d8f7, view=integration.SimpleView@5246802a, controller=integration.SimpleController@2ee7563f, mvcGroup=org.codehaus.griffon.runtime.core.mvc.DefaultMVCGroup@6afda6dc[simple:simple-1]}
{application=integration.TestGriffonApplication@39ddad2e, mvcType=simple, mvcId=simple, configuration=MVCGroupConfiguration{mvcType='simple', members={model=integration.SimpleModel, view=integration.SimpleView, controller=integration.SimpleController}, config={}}, parentGroup=org.codehaus.griffon.runtime.core.mvc.DefaultMVCGroup@577800a1[integration:integration], key=griffon, parentView=integration.IntegrationView@63e1eec4, parentController=integration.IntegrationController@66df3c62, parentModel=integration.IntegrationModel@3934d97d, model=integration.SimpleModel@ded7187, view=integration.SimpleView@192f98ab, controller=integration.SimpleController@1ee31614, mvcGroup=org.codehaus.griffon.runtime.core.mvc.DefaultMVCGroup@5fc1ecef[simple:simple]}
{application=integration.TestGriffonApplication@39ddad2e, mvcType=simple, mvcId=simple, configuration=MVCGroupConfiguration{mvcType='simple', members={model=integration.SimpleModel, view=integration.SimpleView, controller=integration.SimpleController}, config={}}, parentGroup=org.codehaus.griffon.runtime.core.mvc.DefaultMVCGroup@577800a1[integration:integration], key=griffon, parentView=integration.IntegrationView@63e1eec4, parentController=integration.IntegrationController@66df3c62, parentModel=integration.IntegrationModel@3934d97d, model=integration.SimpleModel@43f5d2f2, view=integration.SimpleView@61ea34a1, controller=integration.SimpleController@311c1ae7, mvcGroup=org.codehaus.griffon.runtime.core.mvc.DefaultMVCGroup@2ff23f46[simple:simple]}
{application=integration.TestGriffonApplication@39ddad2e, mvcType=simple, mvcId=simple-2, configuration=MVCGroupConfiguration{mvcType='simple', members={model=integration.SimpleModel, view=integration.SimpleView, controller=integration.SimpleController}, config={}}, parentGroup=org.codehaus.griffon.runtime.core.mvc.DefaultMVCGroup@577800a1[integration:integration], key=griffon, parentView=integration.IntegrationView@63e1eec4, parentController=integration.IntegrationController@66df3c62, parentModel=integration.IntegrationModel@3934d97d, model=integration.SimpleModel@2318864f, view=integration.SimpleView@1d2e9565, controller=integration.SimpleController@37a9e182, mvcGroup=org.codehaus.griffon.runtime.core.mvc.DefaultMVCGroup@56444a0c[simple:simple-2]}
{application=integration.TestGriffonApplication@39ddad2e, mvcType=simple, mvcId=simple-2, configuration=MVCGroupConfiguration{mvcType='simple', members={model=integration.SimpleModel, view=integration.SimpleView, controller=integration.SimpleController}, config={}}, parentGroup=org.codehaus.griffon.runtime.core.mvc.DefaultMVCGroup@577800a1[integration:integration], key=griffon, parentView=integration.IntegrationView@63e1eec4, parentController=integration.IntegrationController@66df3c62, parentModel=integration.IntegrationModel@3934d97d, model=integration.SimpleModel@31098475, view=integration.SimpleView@5865aa8c, controller=integration.SimpleController@20b8f5f3, mvcGroup=org.codehaus.griffon.runtime.core.mvc.DefaultMVCGroup@5458cfc2[simple:simple-2]}
{application=integration.TestGriffonApplication@39ddad2e, mvcType=simple, mvcId=simple, configuration=MVCGroupConfiguration{mvcType='simple', members={model=integration.SimpleModel, view=integration.SimpleView, controller=integration.SimpleController}, config={}}, parentGroup=org.codehaus.griffon.runtime.core.mvc.DefaultMVCGroup@577800a1[integration:integration], parentView=integration.IntegrationView@63e1eec4, parentController=integration.IntegrationController@66df3c62, parentModel=integration.IntegrationModel@3934d97d, model=integration.SimpleModel@298fd310, view=integration.SimpleView@5ccb2d67, controller=integration.SimpleController@3b3b5c60, mvcGroup=org.codehaus.griffon.runtime.core.mvc.DefaultMVCGroup@290fb21a[simple:simple]}
]]></system-out>
  <system-err><![CDATA[[Test worker] INFO org.codehaus.griffon.runtime.core.DefaultApplicationBootstrapper - Griffon 2.2.0-SNAPSHOT
[Test worker] INFO org.codehaus.griffon.runtime.core.DefaultApplicationBootstrapper - Build: 2015-02-14T23:52:34.079+0000
[Test worker] INFO org.codehaus.griffon.runtime.core.DefaultApplicationBootstrapper - JVM: 1.8.0_31 (Oracle Corporation 25.31-b07)
[Test worker] INFO org.codehaus.griffon.runtime.core.DefaultApplicationBootstrapper - OS: Linux 2.6.32-042stab094.7 amd64
[Test worker] INFO integration.TestGriffonApplication - Initializing all startup groups: [integration]
[Test worker] INFO integration.TestGriffonApplication - Initializing all integration startup groups: [sample]
[Test worker] INFO integration.TestGriffonApplication - Shutdown is in process
]]></system-err>
</testsuite>
