<?xml version="1.0" encoding="UTF-8"?>
<testsuite name="org.codehaus.griffon.runtime.core.resources.DefaultResourceInjectorTests" tests="1" failures="0" errors="0" timestamp="2014-02-13T06:40:37" hostname="testing-worker-linux-5-2-31907-linux-18-18785418" time="0.041">
  <properties/>
  <testcase name="resolveAllFormatsByProperties" classname="org.codehaus.griffon.runtime.core.resources.DefaultResourceInjectorTests" time="0.041"/>
  <system-out><![CDATA[]]></system-out>
  <system-err><![CDATA[[Test worker] DEBUG org.codehaus.griffon.runtime.core.resources.AbstractResourceInjector - Property value of instance org.codehaus.griffon.runtime.core.resources.Bean@62d7ef8f [key='org.codehaus.griffon.runtime.core.resources.Bean.value', args='[]', defaultValue='', format=''] is marked for resource injection.
[Test worker] TRACE griffon.util.CompositeResourceBundle - Searching key=org.codehaus.griffon.runtime.core.resources.Bean.value
[Test worker] TRACE griffon.util.CompositeResourceBundle - Bundle griffon.util.ExpandableResourceBundle@4eb0c7fb; key=org.codehaus.griffon.runtime.core.resources.Bean.value; value='fieldBySetter'
[Test worker] DEBUG org.codehaus.griffon.runtime.core.resources.AbstractResourceInjector - Field org.codehaus.griffon.runtime.core.resources.Bean.privateField of instance org.codehaus.griffon.runtime.core.resources.Bean@62d7ef8f [key='org.codehaus.griffon.runtime.core.resources.Bean.privateField', args='[]', defaultValue='', format=''] is marked for resource injection.
[Test worker] TRACE griffon.util.CompositeResourceBundle - Searching key=org.codehaus.griffon.runtime.core.resources.Bean.privateField
[Test worker] TRACE griffon.util.CompositeResourceBundle - Bundle griffon.util.ExpandableResourceBundle@4eb0c7fb; key=org.codehaus.griffon.runtime.core.resources.Bean.privateField; value='privateField'
[Test worker] DEBUG org.codehaus.griffon.runtime.core.resources.AbstractResourceInjector - Field org.codehaus.griffon.runtime.core.resources.Bean.fieldWithKey of instance org.codehaus.griffon.runtime.core.resources.Bean@62d7ef8f [key='sample.key.no_args', args='[]', defaultValue='', format=''] is marked for resource injection.
[Test worker] TRACE griffon.util.CompositeResourceBundle - Searching key=sample.key.no_args
[Test worker] TRACE griffon.util.CompositeResourceBundle - Bundle griffon.util.ExpandableResourceBundle@4eb0c7fb; key=sample.key.no_args; value='no_args'
[Test worker] DEBUG org.codehaus.griffon.runtime.core.resources.AbstractResourceInjector - Field org.codehaus.griffon.runtime.core.resources.Bean.fieldWithKeyAndArgs of instance org.codehaus.griffon.runtime.core.resources.Bean@62d7ef8f [key='sample.key.with_args', args='[1, 2]', defaultValue='', format=''] is marked for resource injection.
[Test worker] TRACE griffon.util.CompositeResourceBundle - Searching key=sample.key.with_args
[Test worker] TRACE griffon.util.CompositeResourceBundle - Bundle griffon.util.ExpandableResourceBundle@4eb0c7fb; key=sample.key.with_args; value='with_args {0} {1}'
[Test worker] DEBUG org.codehaus.griffon.runtime.core.resources.AbstractResourceInjector - Field org.codehaus.griffon.runtime.core.resources.Bean.fieldWithKeyNoArgsWithDefault of instance org.codehaus.griffon.runtime.core.resources.Bean@62d7ef8f [key='sample.key.no_args.with_default', args='[]', defaultValue='DEFAULT_NO_ARGS', format=''] is marked for resource injection.
[Test worker] TRACE griffon.util.CompositeResourceBundle - Searching key=sample.key.no_args.with_default
[Test worker] DEBUG org.codehaus.griffon.runtime.core.resources.AbstractResourceInjector - Field org.codehaus.griffon.runtime.core.resources.Bean.fieldWithKeyWithArgsWithDefault of instance org.codehaus.griffon.runtime.core.resources.Bean@62d7ef8f [key='sample.key.no_args.with_default', args='[1, 2]', defaultValue='DEFAULT_WITH_ARGS', format=''] is marked for resource injection.
[Test worker] TRACE griffon.util.CompositeResourceBundle - Searching key=sample.key.no_args.with_default
]]></system-err>
</testsuite>
