<?xml version="1.0" encoding="UTF-8"?>
<testsuite name="griffon.core.editors.BigIntegerPropertyEditorSpec" tests="15" skipped="0" failures="0" errors="0" timestamp="2014-11-27T09:09:29" hostname="testing-worker-linux-4-2-27137-linux-4-42284377" time="0.014">
  <properties/>
  <testcase name="BigInteger literal 'null' with format 'null' should be equal to null" classname="griffon.core.editors.BigIntegerPropertyEditorSpec" time="0.005"/>
  <testcase name="BigInteger literal '' with format 'null' should be equal to null" classname="griffon.core.editors.BigIntegerPropertyEditorSpec" time="0.0"/>
  <testcase name="BigInteger literal '1' with format 'null' should be equal to 1" classname="griffon.core.editors.BigIntegerPropertyEditorSpec" time="0.0"/>
  <testcase name="BigInteger literal '100%' with format 'percent' should be equal to 1" classname="griffon.core.editors.BigIntegerPropertyEditorSpec" time="0.001"/>
  <testcase name="BigInteger literal '$1.00' with format 'currency' should be equal to 1" classname="griffon.core.editors.BigIntegerPropertyEditorSpec" time="0.0"/>
  <testcase name="BigInteger literal '1' with format 'null' should be equal to 1" classname="griffon.core.editors.BigIntegerPropertyEditorSpec" time="0.001"/>
  <testcase name="BigInteger literal '1' with format 'null' should be equal to 1" classname="griffon.core.editors.BigIntegerPropertyEditorSpec" time="0.0"/>
  <testcase name="BigInteger literal '1' with format 'null' should be equal to 1" classname="griffon.core.editors.BigIntegerPropertyEditorSpec" time="0.001"/>
  <testcase name="Invalid biginteger literal 'garbage'" classname="griffon.core.editors.BigIntegerPropertyEditorSpec" time="0.001"/>
  <testcase name="Invalid biginteger literal '1, 2, 3'" classname="griffon.core.editors.BigIntegerPropertyEditorSpec" time="0.0"/>
  <testcase name="Invalid biginteger literal '[]'" classname="griffon.core.editors.BigIntegerPropertyEditorSpec" time="0.001"/>
  <testcase name="Invalid biginteger literal '[1, 2, 3]'" classname="griffon.core.editors.BigIntegerPropertyEditorSpec" time="0.0"/>
  <testcase name="Invalid biginteger literal '[:]'" classname="griffon.core.editors.BigIntegerPropertyEditorSpec" time="0.001"/>
  <testcase name="Invalid biginteger literal '[key:value]'" classname="griffon.core.editors.BigIntegerPropertyEditorSpec" time="0.001"/>
  <testcase name="Invalid biginteger literal 'java.lang.Object@acc84e9'" classname="griffon.core.editors.BigIntegerPropertyEditorSpec" time="0.0"/>
  <system-out><![CDATA[]]></system-out>
  <system-err><![CDATA[]]></system-err>
</testsuite>
