<?xml version="1.0" encoding="UTF-8"?>
<testsuite name="integration.MVCGroupSpec" tests="4" skipped="0" failures="0" errors="0" timestamp="2015-02-19T15:56:32" hostname="testing-worker-linux-bb3654bb-2-23066-linux-19-51390683" time="0.123">
  <properties/>
  <testcase name="Bootstrap application" classname="integration.MVCGroupSpec" time="0.076"/>
  <testcase name="Creating an MVCGroup through the MVCGroupManager does not set implicit parent group" classname="integration.MVCGroupSpec" time="0.017"/>
  <testcase name="Creating an MVCGroup through a group does set implicit parent group" classname="integration.MVCGroupSpec" time="0.016"/>
  <testcase name="Creating an MVCGroup through an artifact does set implicit parent group" classname="integration.MVCGroupSpec" time="0.014"/>
  <system-out><![CDATA[{application=integration.TestGriffonApplication@49d48509, mvcType=sample, mvcId=sample, configuration=MVCGroupConfiguration{mvcType='sample', members={model=integration.SimpleModel, view=integration.SimpleView, controller=integration.SimpleController}, config={}}, model=integration.SimpleModel@5b8fcacf, view=integration.SimpleView@33172b8b, controller=integration.SimpleController@4103bfa1, mvcGroup=org.codehaus.griffon.runtime.core.mvc.DefaultMVCGroup@2b55c63f[sample:sample]}
{application=integration.TestGriffonApplication@49d48509, mvcType=simple, mvcId=simple, configuration=MVCGroupConfiguration{mvcType='simple', members={model=integration.SimpleModel, view=integration.SimpleView, controller=integration.SimpleController}, config={}}, model=integration.SimpleModel@195ca7b0, view=integration.SimpleView@33a1d94f, controller=integration.SimpleController@2fe22cb, mvcGroup=org.codehaus.griffon.runtime.core.mvc.DefaultMVCGroup@ebcb526[simple:simple]}
{application=integration.TestGriffonApplication@49d48509, mvcType=simple, mvcId=parent1, configuration=MVCGroupConfiguration{mvcType='simple', members={model=integration.SimpleModel, view=integration.SimpleView, controller=integration.SimpleController}, config={}}, model=integration.SimpleModel@57923abd, view=integration.SimpleView@2addd0fb, controller=integration.SimpleController@5c6a522a, mvcGroup=org.codehaus.griffon.runtime.core.mvc.DefaultMVCGroup@5b36c91[simple:parent1]}
{application=integration.TestGriffonApplication@49d48509, mvcType=simple, mvcId=simple, configuration=MVCGroupConfiguration{mvcType='simple', members={model=integration.SimpleModel, view=integration.SimpleView, controller=integration.SimpleController}, config={}}, parentGroup=org.codehaus.griffon.runtime.core.mvc.DefaultMVCGroup@5b36c91[simple:parent1], parentModel=integration.SimpleModel@57923abd, parentView=integration.SimpleView@2addd0fb, parentController=integration.SimpleController@5c6a522a, model=integration.SimpleModel@1710785e, view=integration.SimpleView@43bc2b4d, controller=integration.SimpleController@21ec5abc, mvcGroup=org.codehaus.griffon.runtime.core.mvc.DefaultMVCGroup@62260dcb[simple:simple]}
{application=integration.TestGriffonApplication@49d48509, mvcType=simple, mvcId=parent2, configuration=MVCGroupConfiguration{mvcType='simple', members={model=integration.SimpleModel, view=integration.SimpleView, controller=integration.SimpleController}, config={}}, model=integration.SimpleModel@45c4766c, view=integration.SimpleView@318ac71e, controller=integration.SimpleController@4259d90c, mvcGroup=org.codehaus.griffon.runtime.core.mvc.DefaultMVCGroup@262be67f[simple:parent2]}
{application=integration.TestGriffonApplication@49d48509, mvcType=simple, mvcId=simple, configuration=MVCGroupConfiguration{mvcType='simple', members={model=integration.SimpleModel, view=integration.SimpleView, controller=integration.SimpleController}, config={}}, parentGroup=org.codehaus.griffon.runtime.core.mvc.DefaultMVCGroup@262be67f[simple:parent2], parentModel=integration.SimpleModel@45c4766c, parentView=integration.SimpleView@318ac71e, parentController=integration.SimpleController@4259d90c, model=integration.SimpleModel@529331b9, view=integration.SimpleView@46238cb8, controller=integration.SimpleController@19e4626c, mvcGroup=org.codehaus.griffon.runtime.core.mvc.DefaultMVCGroup@23b99474[simple:simple]}
]]></system-out>
  <system-err><![CDATA[[Test worker] INFO org.codehaus.griffon.runtime.core.DefaultApplicationBootstrapper - Griffon 2.2.0-SNAPSHOT
[Test worker] INFO org.codehaus.griffon.runtime.core.DefaultApplicationBootstrapper - Build: 2015-02-19T15:52:24.622+0000
[Test worker] INFO org.codehaus.griffon.runtime.core.DefaultApplicationBootstrapper - JVM: 1.8.0_31 (Oracle Corporation 25.31-b07)
[Test worker] INFO org.codehaus.griffon.runtime.core.DefaultApplicationBootstrapper - OS: Linux 2.6.32-042stab090.5 amd64
[Test worker] INFO integration.TestGriffonApplication - Initializing all startup groups: [integration]
[Test worker] INFO integration.TestGriffonApplication - Initializing all integrationÂ startup groups: [sample]
[Test worker] INFO integration.TestGriffonApplication - Shutdown is in process
]]></system-err>
</testsuite>
