<?xml version="1.0" encoding="UTF-8"?>
<testsuite name="griffon.core.env.EnvironmentTests" tests="3" skipped="0" failures="0" errors="0" timestamp="2016-06-25T21:18:16" hostname="testing-gce-5863ef7f-eb76-4bd5-9515-b1347593a48c.c.eco-emissary-99515.internal" time="0.012">
  <properties/>
  <testcase name="testGetEnvironment" classname="griffon.core.env.EnvironmentTests" time="0.004"/>
  <testcase name="testSystemPropertyOverridesMetadata" classname="griffon.core.env.EnvironmentTests" time="0.007"/>
  <testcase name="testGetCurrent" classname="griffon.core.env.EnvironmentTests" time="0.0"/>
  <system-out><![CDATA[]]></system-out>
  <system-err><![CDATA[]]></system-err>
</testsuite>
