<?xml version="1.0" encoding="UTF-8"?>
<testsuite name="griffon.core.editors.BigIntegerPropertyEditorSpec" tests="15" skipped="0" failures="0" errors="0" timestamp="2014-08-13T08:06:06" hostname="testing-worker-linux-5-2-1709-linux-16-32410101" time="0.046">
  <properties/>
  <testcase name="BigInteger literal 'null' with format 'null' should be equal to null" classname="griffon.core.editors.BigIntegerPropertyEditorSpec" time="0.021"/>
  <testcase name="BigInteger literal '' with format 'null' should be equal to null" classname="griffon.core.editors.BigIntegerPropertyEditorSpec" time="0.001"/>
  <testcase name="BigInteger literal '1' with format 'null' should be equal to 1" classname="griffon.core.editors.BigIntegerPropertyEditorSpec" time="0.0"/>
  <testcase name="BigInteger literal '100%' with format 'percent' should be equal to 1" classname="griffon.core.editors.BigIntegerPropertyEditorSpec" time="0.001"/>
  <testcase name="BigInteger literal '$1.00' with format 'currency' should be equal to 1" classname="griffon.core.editors.BigIntegerPropertyEditorSpec" time="0.001"/>
  <testcase name="BigInteger literal '1' with format 'null' should be equal to 1" classname="griffon.core.editors.BigIntegerPropertyEditorSpec" time="0.0"/>
  <testcase name="BigInteger literal '1' with format 'null' should be equal to 1" classname="griffon.core.editors.BigIntegerPropertyEditorSpec" time="0.001"/>
  <testcase name="BigInteger literal '1' with format 'null' should be equal to 1" classname="griffon.core.editors.BigIntegerPropertyEditorSpec" time="0.002"/>
  <testcase name="Invalid biginteger literal 'garbage'" classname="griffon.core.editors.BigIntegerPropertyEditorSpec" time="0.001"/>
  <testcase name="Invalid biginteger literal '1, 2, 3'" classname="griffon.core.editors.BigIntegerPropertyEditorSpec" time="0.0"/>
  <testcase name="Invalid biginteger literal '[]'" classname="griffon.core.editors.BigIntegerPropertyEditorSpec" time="0.001"/>
  <testcase name="Invalid biginteger literal '[1, 2, 3]'" classname="griffon.core.editors.BigIntegerPropertyEditorSpec" time="0.0"/>
  <testcase name="Invalid biginteger literal '[:]'" classname="griffon.core.editors.BigIntegerPropertyEditorSpec" time="0.001"/>
  <testcase name="Invalid biginteger literal '[key:value]'" classname="griffon.core.editors.BigIntegerPropertyEditorSpec" time="0.0"/>
  <testcase name="Invalid biginteger literal 'java.lang.Object@11b1bd24'" classname="griffon.core.editors.BigIntegerPropertyEditorSpec" time="0.001"/>
  <system-out><![CDATA[]]></system-out>
  <system-err><![CDATA[]]></system-err>
</testsuite>
