<?xml version="1.0" encoding="UTF-8"?>
<testsuite name="org.codehaus.griffon.runtime.core.artifact.GriffonArtifactSpec" tests="25" skipped="0" failures="0" errors="0" timestamp="2015-01-14T10:57:05" hostname="testing-worker-linux-10-1-12814-linux-10-46968791" time="0.789">
  <properties/>
  <testcase name="Bootstrap application" classname="org.codehaus.griffon.runtime.core.artifact.GriffonArtifactSpec" time="0.486"/>
  <testcase name="Verify withMvcGroup(type , handler)" classname="org.codehaus.griffon.runtime.core.artifact.GriffonArtifactSpec" time="0.056"/>
  <testcase name="Verify withMvcGroup(type, id , handler)" classname="org.codehaus.griffon.runtime.core.artifact.GriffonArtifactSpec" time="0.02"/>
  <testcase name="Verify withMvcGroup(type, id, map , handler)" classname="org.codehaus.griffon.runtime.core.artifact.GriffonArtifactSpec" time="0.02"/>
  <testcase name="Verify withMvcGroup(type, map , handler)" classname="org.codehaus.griffon.runtime.core.artifact.GriffonArtifactSpec" time="0.016"/>
  <testcase name="Verify withMvcGroup(map, type, id , handler)" classname="org.codehaus.griffon.runtime.core.artifact.GriffonArtifactSpec" time="0.017"/>
  <testcase name="Verify withMvcGroup(map, type , handler)" classname="org.codehaus.griffon.runtime.core.artifact.GriffonArtifactSpec" time="0.017"/>
  <testcase name="Verify createMVCGroup(type)" classname="org.codehaus.griffon.runtime.core.artifact.GriffonArtifactSpec" time="0.011"/>
  <testcase name="Verify createMVCGroup(type, id)" classname="org.codehaus.griffon.runtime.core.artifact.GriffonArtifactSpec" time="0.01"/>
  <testcase name="Verify createMVCGroup(type, map)" classname="org.codehaus.griffon.runtime.core.artifact.GriffonArtifactSpec" time="0.01"/>
  <testcase name="Verify createMVCGroup(map, type)" classname="org.codehaus.griffon.runtime.core.artifact.GriffonArtifactSpec" time="0.012"/>
  <testcase name="Verify createMVCGroup(type, id, map)" classname="org.codehaus.griffon.runtime.core.artifact.GriffonArtifactSpec" time="0.011"/>
  <testcase name="Verify createMVCGroup(map, type, id)" classname="org.codehaus.griffon.runtime.core.artifact.GriffonArtifactSpec" time="0.011"/>
  <testcase name="Verify createMVC(type)" classname="org.codehaus.griffon.runtime.core.artifact.GriffonArtifactSpec" time="0.014"/>
  <testcase name="Verify createMVC(type, id)" classname="org.codehaus.griffon.runtime.core.artifact.GriffonArtifactSpec" time="0.012"/>
  <testcase name="Verify createMVC(type, map)" classname="org.codehaus.griffon.runtime.core.artifact.GriffonArtifactSpec" time="0.01"/>
  <testcase name="Verify createMVC(map, type)" classname="org.codehaus.griffon.runtime.core.artifact.GriffonArtifactSpec" time="0.01"/>
  <testcase name="Verify createMVC(type, id, map)" classname="org.codehaus.griffon.runtime.core.artifact.GriffonArtifactSpec" time="0.01"/>
  <testcase name="Verify createMVC(map, type, id)" classname="org.codehaus.griffon.runtime.core.artifact.GriffonArtifactSpec" time="0.01"/>
  <testcase name="Verify destroyMVCGroup(id)" classname="org.codehaus.griffon.runtime.core.artifact.GriffonArtifactSpec" time="0.009"/>
  <testcase name="Execute runnable inside UI sync" classname="org.codehaus.griffon.runtime.core.artifact.GriffonArtifactSpec" time="0.003"/>
  <testcase name="Execute runnable inside UI async" classname="org.codehaus.griffon.runtime.core.artifact.GriffonArtifactSpec" time="0.003"/>
  <testcase name="Execute runnable outside UI" classname="org.codehaus.griffon.runtime.core.artifact.GriffonArtifactSpec" time="0.002"/>
  <testcase name="Execute future" classname="org.codehaus.griffon.runtime.core.artifact.GriffonArtifactSpec" time="0.002"/>
  <testcase name="Execute future with ExecutorService" classname="org.codehaus.griffon.runtime.core.artifact.GriffonArtifactSpec" time="0.003"/>
  <system-out><![CDATA[{application=integration.TestGriffonApplication@74db9bae, mvcType=sample, mvcId=sample, configuration=MVCGroupConfiguration{mvcType='sample', members={model=integration.SimpleModel, view=integration.SimpleView, controller=integration.SimpleController}, config={}}, model=integration.SimpleModel@17c1f81, view=integration.SimpleView@34c8d382, controller=integration.SimpleController@63735589, mvcGroup=org.codehaus.griffon.runtime.core.mvc.DefaultMVCGroup@6f385301[sample:sample]}
{application=integration.TestGriffonApplication@74db9bae, mvcType=simple, mvcId=simple, configuration=MVCGroupConfiguration{mvcType='simple', members={model=integration.SimpleModel, view=integration.SimpleView, controller=integration.SimpleController}, config={}}, parentGroup=org.codehaus.griffon.runtime.core.mvc.DefaultMVCGroup@3dd0a80c[integration:integration], parentView=integration.IntegrationView@3779d7dc, parentController=integration.IntegrationController@3c8a08e2, parentModel=integration.IntegrationModel@40c2ee9a, model=integration.SimpleModel@3cb02df4, view=integration.SimpleView@1ada6576, controller=integration.SimpleController@2d312b65, mvcGroup=org.codehaus.griffon.runtime.core.mvc.DefaultMVCGroup@61c317c8[simple:simple]}
{application=integration.TestGriffonApplication@74db9bae, mvcType=simple, mvcId=simple-1, configuration=MVCGroupConfiguration{mvcType='simple', members={model=integration.SimpleModel, view=integration.SimpleView, controller=integration.SimpleController}, config={}}, parentGroup=org.codehaus.griffon.runtime.core.mvc.DefaultMVCGroup@3dd0a80c[integration:integration], parentView=integration.IntegrationView@3779d7dc, parentController=integration.IntegrationController@3c8a08e2, parentModel=integration.IntegrationModel@40c2ee9a, model=integration.SimpleModel@bb85462, view=integration.SimpleView@24f38567, controller=integration.SimpleController@1d6346e9, mvcGroup=org.codehaus.griffon.runtime.core.mvc.DefaultMVCGroup@18d368a2[simple:simple-1]}
{application=integration.TestGriffonApplication@74db9bae, mvcType=simple, mvcId=simple-2, configuration=MVCGroupConfiguration{mvcType='simple', members={model=integration.SimpleModel, view=integration.SimpleView, controller=integration.SimpleController}, config={}}, parentGroup=org.codehaus.griffon.runtime.core.mvc.DefaultMVCGroup@3dd0a80c[integration:integration], key=griffon, parentView=integration.IntegrationView@3779d7dc, parentController=integration.IntegrationController@3c8a08e2, parentModel=integration.IntegrationModel@40c2ee9a, model=integration.SimpleModel@641b47ec, view=integration.SimpleView@692f1841, controller=integration.SimpleController@4a3ce98e, mvcGroup=org.codehaus.griffon.runtime.core.mvc.DefaultMVCGroup@1f8527a0[simple:simple-2]}
{application=integration.TestGriffonApplication@74db9bae, mvcType=simple, mvcId=simple, configuration=MVCGroupConfiguration{mvcType='simple', members={model=integration.SimpleModel, view=integration.SimpleView, controller=integration.SimpleController}, config={}}, parentGroup=org.codehaus.griffon.runtime.core.mvc.DefaultMVCGroup@3dd0a80c[integration:integration], key=griffon, parentView=integration.IntegrationView@3779d7dc, parentController=integration.IntegrationController@3c8a08e2, parentModel=integration.IntegrationModel@40c2ee9a, model=integration.SimpleModel@13a88db3, view=integration.SimpleView@355c20f8, controller=integration.SimpleController@7d94a52c, mvcGroup=org.codehaus.griffon.runtime.core.mvc.DefaultMVCGroup@6d8c32ee[simple:simple]}
{application=integration.TestGriffonApplication@74db9bae, mvcType=simple, mvcId=simple-2, configuration=MVCGroupConfiguration{mvcType='simple', members={model=integration.SimpleModel, view=integration.SimpleView, controller=integration.SimpleController}, config={}}, parentGroup=org.codehaus.griffon.runtime.core.mvc.DefaultMVCGroup@3dd0a80c[integration:integration], key=griffon, parentView=integration.IntegrationView@3779d7dc, parentController=integration.IntegrationController@3c8a08e2, parentModel=integration.IntegrationModel@40c2ee9a, model=integration.SimpleModel@18bc202f, view=integration.SimpleView@661ebb13, controller=integration.SimpleController@767d0e25, mvcGroup=org.codehaus.griffon.runtime.core.mvc.DefaultMVCGroup@179b8dbd[simple:simple-2]}
{application=integration.TestGriffonApplication@74db9bae, mvcType=simple, mvcId=simple, configuration=MVCGroupConfiguration{mvcType='simple', members={model=integration.SimpleModel, view=integration.SimpleView, controller=integration.SimpleController}, config={}}, parentGroup=org.codehaus.griffon.runtime.core.mvc.DefaultMVCGroup@3dd0a80c[integration:integration], key=griffon, parentView=integration.IntegrationView@3779d7dc, parentController=integration.IntegrationController@3c8a08e2, parentModel=integration.IntegrationModel@40c2ee9a, model=integration.SimpleModel@714c38c0, view=integration.SimpleView@7d1c9376, controller=integration.SimpleController@49233b8e, mvcGroup=org.codehaus.griffon.runtime.core.mvc.DefaultMVCGroup@14592899[simple:simple]}
{application=integration.TestGriffonApplication@74db9bae, mvcType=simple, mvcId=simple, configuration=MVCGroupConfiguration{mvcType='simple', members={model=integration.SimpleModel, view=integration.SimpleView, controller=integration.SimpleController}, config={}}, parentGroup=org.codehaus.griffon.runtime.core.mvc.DefaultMVCGroup@3dd0a80c[integration:integration], parentView=integration.IntegrationView@3779d7dc, parentController=integration.IntegrationController@3c8a08e2, parentModel=integration.IntegrationModel@40c2ee9a, model=integration.SimpleModel@8ae21ba, view=integration.SimpleView@7c66188c, controller=integration.SimpleController@2597ec1a, mvcGroup=org.codehaus.griffon.runtime.core.mvc.DefaultMVCGroup@265aa9a9[simple:simple]}
{application=integration.TestGriffonApplication@74db9bae, mvcType=simple, mvcId=simple-1, configuration=MVCGroupConfiguration{mvcType='simple', members={model=integration.SimpleModel, view=integration.SimpleView, controller=integration.SimpleController}, config={}}, parentGroup=org.codehaus.griffon.runtime.core.mvc.DefaultMVCGroup@3dd0a80c[integration:integration], parentView=integration.IntegrationView@3779d7dc, parentController=integration.IntegrationController@3c8a08e2, parentModel=integration.IntegrationModel@40c2ee9a, model=integration.SimpleModel@13ee2e2d, view=integration.SimpleView@903e776, controller=integration.SimpleController@7a67101e, mvcGroup=org.codehaus.griffon.runtime.core.mvc.DefaultMVCGroup@224641dc[simple:simple-1]}
{application=integration.TestGriffonApplication@74db9bae, mvcType=simple, mvcId=simple, configuration=MVCGroupConfiguration{mvcType='simple', members={model=integration.SimpleModel, view=integration.SimpleView, controller=integration.SimpleController}, config={}}, parentGroup=org.codehaus.griffon.runtime.core.mvc.DefaultMVCGroup@3dd0a80c[integration:integration], key=griffon, parentView=integration.IntegrationView@3779d7dc, parentController=integration.IntegrationController@3c8a08e2, parentModel=integration.IntegrationModel@40c2ee9a, model=integration.SimpleModel@40bb8cff, view=integration.SimpleView@5695fbc9, controller=integration.SimpleController@1430e6e5, mvcGroup=org.codehaus.griffon.runtime.core.mvc.DefaultMVCGroup@4e81d1e[simple:simple]}
{application=integration.TestGriffonApplication@74db9bae, mvcType=simple, mvcId=simple, configuration=MVCGroupConfiguration{mvcType='simple', members={model=integration.SimpleModel, view=integration.SimpleView, controller=integration.SimpleController}, config={}}, parentGroup=org.codehaus.griffon.runtime.core.mvc.DefaultMVCGroup@3dd0a80c[integration:integration], key=griffon, parentView=integration.IntegrationView@3779d7dc, parentController=integration.IntegrationController@3c8a08e2, parentModel=integration.IntegrationModel@40c2ee9a, model=integration.SimpleModel@611a4e77, view=integration.SimpleView@720e8b7f, controller=integration.SimpleController@364a68cd, mvcGroup=org.codehaus.griffon.runtime.core.mvc.DefaultMVCGroup@6b971bf9[simple:simple]}
{application=integration.TestGriffonApplication@74db9bae, mvcType=simple, mvcId=simple-2, configuration=MVCGroupConfiguration{mvcType='simple', members={model=integration.SimpleModel, view=integration.SimpleView, controller=integration.SimpleController}, config={}}, parentGroup=org.codehaus.griffon.runtime.core.mvc.DefaultMVCGroup@3dd0a80c[integration:integration], key=griffon, parentView=integration.IntegrationView@3779d7dc, parentController=integration.IntegrationController@3c8a08e2, parentModel=integration.IntegrationModel@40c2ee9a, model=integration.SimpleModel@584d890a, view=integration.SimpleView@5e1eb40f, controller=integration.SimpleController@3b77a301, mvcGroup=org.codehaus.griffon.runtime.core.mvc.DefaultMVCGroup@68ec2f45[simple:simple-2]}
{application=integration.TestGriffonApplication@74db9bae, mvcType=simple, mvcId=simple-2, configuration=MVCGroupConfiguration{mvcType='simple', members={model=integration.SimpleModel, view=integration.SimpleView, controller=integration.SimpleController}, config={}}, parentGroup=org.codehaus.griffon.runtime.core.mvc.DefaultMVCGroup@3dd0a80c[integration:integration], key=griffon, parentView=integration.IntegrationView@3779d7dc, parentController=integration.IntegrationController@3c8a08e2, parentModel=integration.IntegrationModel@40c2ee9a, model=integration.SimpleModel@5c5dfe8b, view=integration.SimpleView@77c897c3, controller=integration.SimpleController@71a14d90, mvcGroup=org.codehaus.griffon.runtime.core.mvc.DefaultMVCGroup@783ec2e6[simple:simple-2]}
{application=integration.TestGriffonApplication@74db9bae, mvcType=simple, mvcId=simple, configuration=MVCGroupConfiguration{mvcType='simple', members={model=integration.SimpleModel, view=integration.SimpleView, controller=integration.SimpleController}, config={}}, parentGroup=org.codehaus.griffon.runtime.core.mvc.DefaultMVCGroup@3dd0a80c[integration:integration], parentView=integration.IntegrationView@3779d7dc, parentController=integration.IntegrationController@3c8a08e2, parentModel=integration.IntegrationModel@40c2ee9a, model=integration.SimpleModel@4ba4d2cc, view=integration.SimpleView@786132f4, controller=integration.SimpleController@3573da5, mvcGroup=org.codehaus.griffon.runtime.core.mvc.DefaultMVCGroup@d70f6db[simple:simple]}
{application=integration.TestGriffonApplication@74db9bae, mvcType=simple, mvcId=simple-1, configuration=MVCGroupConfiguration{mvcType='simple', members={model=integration.SimpleModel, view=integration.SimpleView, controller=integration.SimpleController}, config={}}, parentGroup=org.codehaus.griffon.runtime.core.mvc.DefaultMVCGroup@3dd0a80c[integration:integration], parentView=integration.IntegrationView@3779d7dc, parentController=integration.IntegrationController@3c8a08e2, parentModel=integration.IntegrationModel@40c2ee9a, model=integration.SimpleModel@21644f6d, view=integration.SimpleView@3ae8e375, controller=integration.SimpleController@6bea789f, mvcGroup=org.codehaus.griffon.runtime.core.mvc.DefaultMVCGroup@53b00c5[simple:simple-1]}
{application=integration.TestGriffonApplication@74db9bae, mvcType=simple, mvcId=simple, configuration=MVCGroupConfiguration{mvcType='simple', members={model=integration.SimpleModel, view=integration.SimpleView, controller=integration.SimpleController}, config={}}, parentGroup=org.codehaus.griffon.runtime.core.mvc.DefaultMVCGroup@3dd0a80c[integration:integration], key=griffon, parentView=integration.IntegrationView@3779d7dc, parentController=integration.IntegrationController@3c8a08e2, parentModel=integration.IntegrationModel@40c2ee9a, model=integration.SimpleModel@7ba980d2, view=integration.SimpleView@43bf21b8, controller=integration.SimpleController@1e5f3c22, mvcGroup=org.codehaus.griffon.runtime.core.mvc.DefaultMVCGroup@5f50b7e4[simple:simple]}
{application=integration.TestGriffonApplication@74db9bae, mvcType=simple, mvcId=simple, configuration=MVCGroupConfiguration{mvcType='simple', members={model=integration.SimpleModel, view=integration.SimpleView, controller=integration.SimpleController}, config={}}, parentGroup=org.codehaus.griffon.runtime.core.mvc.DefaultMVCGroup@3dd0a80c[integration:integration], key=griffon, parentView=integration.IntegrationView@3779d7dc, parentController=integration.IntegrationController@3c8a08e2, parentModel=integration.IntegrationModel@40c2ee9a, model=integration.SimpleModel@27ac2e3a, view=integration.SimpleView@1234a3b6, controller=integration.SimpleController@4881d983, mvcGroup=org.codehaus.griffon.runtime.core.mvc.DefaultMVCGroup@2003208e[simple:simple]}
{application=integration.TestGriffonApplication@74db9bae, mvcType=simple, mvcId=simple-2, configuration=MVCGroupConfiguration{mvcType='simple', members={model=integration.SimpleModel, view=integration.SimpleView, controller=integration.SimpleController}, config={}}, parentGroup=org.codehaus.griffon.runtime.core.mvc.DefaultMVCGroup@3dd0a80c[integration:integration], key=griffon, parentView=integration.IntegrationView@3779d7dc, parentController=integration.IntegrationController@3c8a08e2, parentModel=integration.IntegrationModel@40c2ee9a, model=integration.SimpleModel@170da75e, view=integration.SimpleView@2e33e261, controller=integration.SimpleController@83702ba, mvcGroup=org.codehaus.griffon.runtime.core.mvc.DefaultMVCGroup@68585d51[simple:simple-2]}
{application=integration.TestGriffonApplication@74db9bae, mvcType=simple, mvcId=simple-2, configuration=MVCGroupConfiguration{mvcType='simple', members={model=integration.SimpleModel, view=integration.SimpleView, controller=integration.SimpleController}, config={}}, parentGroup=org.codehaus.griffon.runtime.core.mvc.DefaultMVCGroup@3dd0a80c[integration:integration], key=griffon, parentView=integration.IntegrationView@3779d7dc, parentController=integration.IntegrationController@3c8a08e2, parentModel=integration.IntegrationModel@40c2ee9a, model=integration.SimpleModel@12952053, view=integration.SimpleView@2384e88a, controller=integration.SimpleController@13161c92, mvcGroup=org.codehaus.griffon.runtime.core.mvc.DefaultMVCGroup@398e6974[simple:simple-2]}
{application=integration.TestGriffonApplication@74db9bae, mvcType=simple, mvcId=simple, configuration=MVCGroupConfiguration{mvcType='simple', members={model=integration.SimpleModel, view=integration.SimpleView, controller=integration.SimpleController}, config={}}, parentGroup=org.codehaus.griffon.runtime.core.mvc.DefaultMVCGroup@3dd0a80c[integration:integration], parentView=integration.IntegrationView@3779d7dc, parentController=integration.IntegrationController@3c8a08e2, parentModel=integration.IntegrationModel@40c2ee9a, model=integration.SimpleModel@2a251ae, view=integration.SimpleView@66629c8, controller=integration.SimpleController@25b7571a, mvcGroup=org.codehaus.griffon.runtime.core.mvc.DefaultMVCGroup@6fb85f11[simple:simple]}
]]></system-out>
  <system-err><![CDATA[[Test worker] INFO org.codehaus.griffon.runtime.core.DefaultApplicationBootstrapper - Griffon 2.2.0-SNAPSHOT
[Test worker] INFO org.codehaus.griffon.runtime.core.DefaultApplicationBootstrapper - Build: 2015-01-14T10:54:03.328+0000
[Test worker] INFO org.codehaus.griffon.runtime.core.DefaultApplicationBootstrapper - JVM: 1.8.0_25 (Oracle Corporation 25.25-b02)
[Test worker] INFO org.codehaus.griffon.runtime.core.DefaultApplicationBootstrapper - OS: Linux 2.6.32-042stab090.5 amd64
[Test worker] INFO integration.TestGriffonApplication - Initializing all startup groups: [integration]
[Test worker] INFO integration.TestGriffonApplication - Initializing all integration startup groups: [sample]
[Test worker] INFO integration.TestGriffonApplication - Shutdown is in process
]]></system-err>
</testsuite>
