<?xml version="1.0" encoding="UTF-8"?>
<testsuite name="griffon.core.env.EnvironmentTests" tests="3" failures="0" errors="0" timestamp="2014-03-27T20:01:10" hostname="testing-worker-linux-6-1-22332-linux-19-21706412" time="0.08">
  <properties/>
  <testcase name="testGetEnvironment" classname="griffon.core.env.EnvironmentTests" time="0.062"/>
  <testcase name="testSystemPropertyOverridesMetadata" classname="griffon.core.env.EnvironmentTests" time="0.014"/>
  <testcase name="testGetCurrent" classname="griffon.core.env.EnvironmentTests" time="0.002"/>
  <system-out><![CDATA[]]></system-out>
  <system-err><![CDATA[]]></system-err>
</testsuite>
