<?xml version="1.0" encoding="UTF-8"?>
<testsuite name="griffon.core.resources.NoSuchResourceExceptionSpec" tests="2" skipped="0" failures="0" errors="0" timestamp="2016-02-20T11:03:38" hostname="testing-gce-d71d4edd-9fb7-43fb-a172-3bc0e22ca78b.c.eco-emissary-99515.internal" time="0.004">
  <properties/>
  <testcase name="Exercise constructor with errors" classname="griffon.core.resources.NoSuchResourceExceptionSpec" time="0.004"/>
  <testcase name="Successfully create exception" classname="griffon.core.resources.NoSuchResourceExceptionSpec" time="0.0"/>
  <system-out><![CDATA[]]></system-out>
  <system-err><![CDATA[]]></system-err>
</testsuite>
