<?xml version="1.0" encoding="UTF-8"?>
<testsuite name="griffon.core.editors.LocalePropertyEditorSpec" tests="10" skipped="0" failures="0" errors="0" timestamp="2016-02-27T10:58:48" hostname="testing-gce-a793adc9-3b45-4923-b062-f640e742d9c9.c.eco-emissary-99515.internal" time="0.005">
  <properties/>
  <testcase name="Locale literal 'null' should be equal to null" classname="griffon.core.editors.LocalePropertyEditorSpec" time="0.001"/>
  <testcase name="Locale literal '' should be equal to en_US" classname="griffon.core.editors.LocalePropertyEditorSpec" time="0.001"/>
  <testcase name="Locale literal 'de' should be equal to de" classname="griffon.core.editors.LocalePropertyEditorSpec" time="0.0"/>
  <testcase name="Locale literal 'de_CH' should be equal to de_CH" classname="griffon.core.editors.LocalePropertyEditorSpec" time="0.0"/>
  <testcase name="Locale literal 'de_CH_Basel' should be equal to de_CH_Basel" classname="griffon.core.editors.LocalePropertyEditorSpec" time="0.0"/>
  <testcase name="Locale literal 'en_US' should be equal to en_US" classname="griffon.core.editors.LocalePropertyEditorSpec" time="0.0"/>
  <testcase name="Invalid biginteger literal '1'" classname="griffon.core.editors.LocalePropertyEditorSpec" time="0.0"/>
  <testcase name="Invalid biginteger literal '[]'" classname="griffon.core.editors.LocalePropertyEditorSpec" time="0.0"/>
  <testcase name="Invalid biginteger literal '[:]'" classname="griffon.core.editors.LocalePropertyEditorSpec" time="0.0"/>
  <testcase name="Invalid biginteger literal 'java.lang.Object@152b8ca7'" classname="griffon.core.editors.LocalePropertyEditorSpec" time="0.0"/>
  <system-out><![CDATA[]]></system-out>
  <system-err><![CDATA[]]></system-err>
</testsuite>
