<?xml version="1.0" encoding="UTF-8"?>
<testsuite name="griffon.core.ObservableContextSpec" tests="3" skipped="0" failures="0" errors="0" timestamp="2016-04-01T21:52:11" hostname="testing-gce-d39a1806-6b5f-4125-8198-3580d3e93e9c.c.travis-ci-prod-5.internal" time="0.016">
  <properties/>
  <testcase name="Exercise listener methods" classname="griffon.core.ObservableContextSpec" time="0.007"/>
  <testcase name="Listen to context events" classname="griffon.core.ObservableContextSpec" time="0.008"/>
  <testcase name="listen to lateral context events" classname="griffon.core.ObservableContextSpec" time="0.001"/>
  <system-out><![CDATA[]]></system-out>
  <system-err><![CDATA[[Test worker] TRACE griffon.core.editors.PropertyEditorResolver - Searching PropertyEditor for java.lang.Integer
[Test worker] TRACE griffon.core.editors.PropertyEditorResolver - PropertyEditor for java.lang.Integer is griffon.core.editors.IntegerPropertyEditor
]]></system-err>
</testsuite>
