<?xml version="1.0" encoding="UTF-8"?>
<testsuite name="griffon.util.GriffonNameUtilsTest" tests="19" skipped="0" failures="0" errors="0" timestamp="2014-07-16T15:40:03" hostname="testing-worker-linux-4-2-3212-linux-7-30081874" time="0.21">
  <properties/>
  <testcase name="testGetClassNameRepresentation" classname="griffon.util.GriffonNameUtilsTest" time="0.02"/>
  <testcase name="testGetLogicalName" classname="griffon.util.GriffonNameUtilsTest" time="0.005"/>
  <testcase name="testQuote" classname="griffon.util.GriffonNameUtilsTest" time="0.004"/>
  <testcase name="testGetShortName" classname="griffon.util.GriffonNameUtilsTest" time="0.007"/>
  <testcase name="testUnquote" classname="griffon.util.GriffonNameUtilsTest" time="0.005"/>
  <testcase name="testGetHyphenatedName" classname="griffon.util.GriffonNameUtilsTest" time="0.01"/>
  <testcase name="testGetGetterName" classname="griffon.util.GriffonNameUtilsTest" time="0.004"/>
  <testcase name="testGetNaturalName" classname="griffon.util.GriffonNameUtilsTest" time="0.006"/>
  <testcase name="testGetLogicalPropertyName" classname="griffon.util.GriffonNameUtilsTest" time="0.005"/>
  <testcase name="testGetPropertyName" classname="griffon.util.GriffonNameUtilsTest" time="0.004"/>
  <testcase name="testGetLogicalPropertyNameForArtefactWithSingleCharacterName" classname="griffon.util.GriffonNameUtilsTest" time="0.001"/>
  <testcase name="testGetClassName" classname="griffon.util.GriffonNameUtilsTest" time="0.065"/>
  <testcase name="testUncapitalize" classname="griffon.util.GriffonNameUtilsTest" time="0.003"/>
  <testcase name="testGetSetterName" classname="griffon.util.GriffonNameUtilsTest" time="0.004"/>
  <testcase name="testIsBlank" classname="griffon.util.GriffonNameUtilsTest" time="0.021"/>
  <testcase name="testCapitalize" classname="griffon.util.GriffonNameUtilsTest" time="0.004"/>
  <testcase name="testGetLogicalPropertyNameForArtefactWithAllUpperCaseName" classname="griffon.util.GriffonNameUtilsTest" time="0.001"/>
  <testcase name="testGetClassNameForLowerCaseHyphenSeparatedName" classname="griffon.util.GriffonNameUtilsTest" time="0.004"/>
  <testcase name="testGetPropertyNameRepresentation" classname="griffon.util.GriffonNameUtilsTest" time="0.004"/>
  <system-out><![CDATA[]]></system-out>
  <system-err><![CDATA[]]></system-err>
</testsuite>
