<?xml version="1.0" encoding="UTF-8"?>
<testsuite name="griffon.util.TypeUtilsTest" tests="9" failures="0" errors="0" timestamp="2014-02-17T19:37:51" hostname="testing-worker-linux-7-2-10807-linux-6-19059631" time="0.026">
  <properties/>
  <testcase name="setEquality" classname="griffon.util.TypeUtilsTest" time="0.016"/>
  <testcase name="castToNumberWithDefaultCantHandleNonNumberValues" classname="griffon.util.TypeUtilsTest" time="0.0"/>
  <testcase name="arrayEquality" classname="griffon.util.TypeUtilsTest" time="0.0"/>
  <testcase name="objectEquality" classname="griffon.util.TypeUtilsTest" time="0.0"/>
  <testcase name="mapEquality" classname="griffon.util.TypeUtilsTest" time="0.0"/>
  <testcase name="equality" classname="griffon.util.TypeUtilsTest" time="0.001"/>
  <testcase name="convertValue" classname="griffon.util.TypeUtilsTest" time="0.004"/>
  <testcase name="castToNumberCantHandleNonNumberValues" classname="griffon.util.TypeUtilsTest" time="0.0"/>
  <testcase name="listEquality" classname="griffon.util.TypeUtilsTest" time="0.0"/>
  <system-out><![CDATA[]]></system-out>
  <system-err><![CDATA[]]></system-err>
</testsuite>
