<?xml version="1.0" encoding="UTF-8"?>
<testsuite name="griffon.core.editors.StringPropertyEditorSpec" tests="4" skipped="0" failures="0" errors="0" timestamp="2015-09-03T14:58:27" hostname="testing-worker-linux-380b67c9-2-20004-linux-1-78590592" time="0.001">
  <properties/>
  <testcase name="String literal 'null' should be equal to null" classname="griffon.core.editors.StringPropertyEditorSpec" time="0.0"/>
  <testcase name="String literal '' should be equal to " classname="griffon.core.editors.StringPropertyEditorSpec" time="0.0"/>
  <testcase name="String literal 'string' should be equal to string" classname="griffon.core.editors.StringPropertyEditorSpec" time="0.0"/>
  <testcase name="String literal 'java.lang.Object@11d338a9' should be equal to java.lang.Object@11d338a9" classname="griffon.core.editors.StringPropertyEditorSpec" time="0.0"/>
  <system-out><![CDATA[]]></system-out>
  <system-err><![CDATA[]]></system-err>
</testsuite>
