<?xml version="1.0" encoding="UTF-8"?>
<testsuite name="griffon.core.resources.NoSuchResourceExceptionSpec" tests="2" skipped="0" failures="0" errors="0" timestamp="2016-02-27T21:21:36" hostname="testing-gce-1851b2cd-78ae-40af-bbe9-e999639da49f.c.eco-emissary-99515.internal" time="0.004">
  <properties/>
  <testcase name="Exercise constructor with errors" classname="griffon.core.resources.NoSuchResourceExceptionSpec" time="0.003"/>
  <testcase name="Successfully create exception" classname="griffon.core.resources.NoSuchResourceExceptionSpec" time="0.001"/>
  <system-out><![CDATA[]]></system-out>
  <system-err><![CDATA[]]></system-err>
</testsuite>
