<?xml version="1.0" encoding="UTF-8"?>
<testsuite name="org.codehaus.griffon.runtime.core.AbstractUIThreadHandlerSpec" tests="5" skipped="0" failures="0" errors="0" timestamp="2014-07-19T11:09:26" hostname="testing-worker-linux-6-2-3820-linux-19-30337690" time="0.22">
  <properties/>
  <testcase name="Execute runnable inside UI sync" classname="org.codehaus.griffon.runtime.core.AbstractUIThreadHandlerSpec" time="0.184"/>
  <testcase name="Execute runnable inside UI async" classname="org.codehaus.griffon.runtime.core.AbstractUIThreadHandlerSpec" time="0.005"/>
  <testcase name="Execute runnable outside UI" classname="org.codehaus.griffon.runtime.core.AbstractUIThreadHandlerSpec" time="0.005"/>
  <testcase name="Execute future" classname="org.codehaus.griffon.runtime.core.AbstractUIThreadHandlerSpec" time="0.012"/>
  <testcase name="Execute future with ExecutorService" classname="org.codehaus.griffon.runtime.core.AbstractUIThreadHandlerSpec" time="0.012"/>
  <system-out><![CDATA[]]></system-out>
  <system-err><![CDATA[]]></system-err>
</testsuite>
