<?xml version="1.0" encoding="UTF-8"?>
<testsuite name="griffon.exceptions.NewInstanceExceptionSpec" tests="2" skipped="0" failures="0" errors="0" timestamp="2015-09-24T09:33:57" hostname="testing-worker-linux-9eb6c2a4-1-5663-linux-7-81932763" time="0.003">
  <properties/>
  <testcase name="Exception should have proper formatted message[0]" classname="griffon.exceptions.NewInstanceExceptionSpec" time="0.002"/>
  <testcase name="Exception should have proper formatted message[1]" classname="griffon.exceptions.NewInstanceExceptionSpec" time="0.0"/>
  <system-out><![CDATA[]]></system-out>
  <system-err><![CDATA[]]></system-err>
</testsuite>
