<?xml version="1.0" encoding="UTF-8"?>
<testsuite name="griffon.core.env.RunModeTests" tests="3" failures="0" errors="0" timestamp="2014-02-26T09:15:15" hostname="testing-worker-linux-5-1-21897-linux-6-19637608" time="0.033">
  <properties/>
  <testcase name="testGetCurrent" classname="griffon.core.env.RunModeTests" time="0.025"/>
  <testcase name="testIsSystemSet" classname="griffon.core.env.RunModeTests" time="0.003"/>
  <testcase name="testGetRunMode" classname="griffon.core.env.RunModeTests" time="0.003"/>
  <system-out><![CDATA[]]></system-out>
  <system-err><![CDATA[]]></system-err>
</testsuite>
