<?xml version="1.0" encoding="UTF-8"?>
<testsuite name="griffon.core.env.RunModeTests" tests="3" skipped="0" failures="0" errors="0" timestamp="2016-04-01T21:05:06" hostname="testing-gce-2dbbea57-b88c-42fc-8a03-fa9bb6f58189.c.travis-ci-prod-4.internal" time="0.007">
  <properties/>
  <testcase name="testGetCurrent" classname="griffon.core.env.RunModeTests" time="0.005"/>
  <testcase name="testIsSystemSet" classname="griffon.core.env.RunModeTests" time="0.001"/>
  <testcase name="testGetRunMode" classname="griffon.core.env.RunModeTests" time="0.001"/>
  <system-out><![CDATA[]]></system-out>
  <system-err><![CDATA[]]></system-err>
</testsuite>
