<?xml version="1.0" encoding="UTF-8"?>
<testsuite name="griffon.exceptions.NewInstanceExceptionSpec" tests="2" skipped="0" failures="0" errors="0" timestamp="2016-06-16T07:56:53" hostname="testing-gce-7424ba10-1242-40d5-9572-e7653f8a3e42.c.eco-emissary-99515.internal" time="0.003">
  <properties/>
  <testcase name="Exception should have proper formatted message[0]" classname="griffon.exceptions.NewInstanceExceptionSpec" time="0.002"/>
  <testcase name="Exception should have proper formatted message[1]" classname="griffon.exceptions.NewInstanceExceptionSpec" time="0.001"/>
  <system-out><![CDATA[]]></system-out>
  <system-err><![CDATA[]]></system-err>
</testsuite>
