<?xml version="1.0" encoding="UTF-8"?>
<testsuite name="griffon.util.MapResourceBundleSpec" tests="1" failures="0" errors="0" timestamp="2014-03-07T17:19:46" hostname="testing-worker-linux-5-1-19517-linux-8-20297994" time="0.001">
  <properties/>
  <testcase name="Calling bundle.getObject(key.string, #Error:defaultValue) gives string as result" classname="griffon.util.MapResourceBundleSpec" time="0.001"/>
  <system-out><![CDATA[]]></system-out>
  <system-err><![CDATA[]]></system-err>
</testsuite>
