<?xml version="1.0" encoding="UTF-8"?>
<testsuite name="griffon.builder.lanterna.factory.ApplicationFactorySpec" tests="1" skipped="0" failures="0" errors="0" timestamp="2016-06-16T07:58:22" hostname="testing-gce-7424ba10-1242-40d5-9572-e7653f8a3e42.c.eco-emissary-99515.internal" time="0.022">
  <properties/>
  <testcase name="Can create an Application" classname="griffon.builder.lanterna.factory.ApplicationFactorySpec" time="0.022"/>
  <system-out><![CDATA[]]></system-out>
  <system-err><![CDATA[]]></system-err>
</testsuite>
