<?xml version="1.0" encoding="UTF-8"?>
<testsuite name="griffon.builder.lanterna.factory.ButtonFactorySpec" tests="9" skipped="0" failures="0" errors="0" timestamp="2016-06-10T18:45:35" hostname="testing-gce-a0d79f46-84c0-4aba-beac-09dda7d5a87b.c.travis-ci-prod-2.internal" time="0.042">
  <properties/>
  <testcase name="Can create a button[0]" classname="griffon.builder.lanterna.factory.ButtonFactorySpec" time="0.02"/>
  <testcase name="Can create a button[1]" classname="griffon.builder.lanterna.factory.ButtonFactorySpec" time="0.003"/>
  <testcase name="Can create a button[2]" classname="griffon.builder.lanterna.factory.ButtonFactorySpec" time="0.001"/>
  <testcase name="Can create a button[3]" classname="griffon.builder.lanterna.factory.ButtonFactorySpec" time="0.003"/>
  <testcase name="Can create a button[4]" classname="griffon.builder.lanterna.factory.ButtonFactorySpec" time="0.003"/>
  <testcase name="Can create a button[5]" classname="griffon.builder.lanterna.factory.ButtonFactorySpec" time="0.001"/>
  <testcase name="Can create a button[6]" classname="griffon.builder.lanterna.factory.ButtonFactorySpec" time="0.001"/>
  <testcase name="Can create a button[7]" classname="griffon.builder.lanterna.factory.ButtonFactorySpec" time="0.001"/>
  <testcase name="Can create a button[8]" classname="griffon.builder.lanterna.factory.ButtonFactorySpec" time="0.003"/>
  <system-out><![CDATA[]]></system-out>
  <system-err><![CDATA[]]></system-err>
</testsuite>
