<?xml version="1.0" encoding="UTF-8"?>
<testsuite name="griffon.builder.lanterna.factory.EmptySpaceFactorySpec" tests="4" skipped="0" failures="0" errors="0" timestamp="2016-06-14T08:29:04" hostname="testing-gce-6f13e417-279e-490e-afe4-04e3c9d2e05f.c.travis-ci-prod-5.internal" time="0.032">
  <properties/>
  <testcase name="Can create EmptySpace widget[0]" classname="griffon.builder.lanterna.factory.EmptySpaceFactorySpec" time="0.026"/>
  <testcase name="Can create EmptySpace widget[1]" classname="griffon.builder.lanterna.factory.EmptySpaceFactorySpec" time="0.002"/>
  <testcase name="Can create EmptySpace widget[2]" classname="griffon.builder.lanterna.factory.EmptySpaceFactorySpec" time="0.001"/>
  <testcase name="Can create EmptySpace widget[3]" classname="griffon.builder.lanterna.factory.EmptySpaceFactorySpec" time="0.001"/>
  <system-out><![CDATA[]]></system-out>
  <system-err><![CDATA[]]></system-err>
</testsuite>
