<?xml version="1.0" encoding="UTF-8"?>
<testsuite name="griffon.builder.lanterna.factory.BoxFactorySpec" tests="4" skipped="0" failures="0" errors="0" timestamp="2015-03-01T13:43:47" hostname="testing-worker-linux-c55820f2-1-30301-linux-15-52623818" time="0.023">
  <properties/>
  <testcase name="Can create an horizontal Box with title 'null'" classname="griffon.builder.lanterna.factory.BoxFactorySpec" time="0.015"/>
  <testcase name="Can create an horizontal Box with title 'lanterna'" classname="griffon.builder.lanterna.factory.BoxFactorySpec" time="0.001"/>
  <testcase name="Can create a vertical Box with title 'null'" classname="griffon.builder.lanterna.factory.BoxFactorySpec" time="0.002"/>
  <testcase name="Can create a vertical Box with title 'lanterna'" classname="griffon.builder.lanterna.factory.BoxFactorySpec" time="0.002"/>
  <system-out><![CDATA[]]></system-out>
  <system-err><![CDATA[]]></system-err>
</testsuite>
