<?xml version="1.0" encoding="UTF-8"?>
<testsuite name="griffon.builder.lanterna.factory.ActionFactorySpec" tests="3" skipped="0" failures="0" errors="0" timestamp="2014-12-24T21:58:30" hostname="testing-worker-linux-5-2-1931-linux-8-45058621" time="0.467">
  <properties/>
  <testcase name="Can create a LanternaAction with 'null'" classname="griffon.builder.lanterna.factory.ActionFactorySpec" time="0.457"/>
  <testcase name="Can create a LanternaAction with '#value'[1]" classname="griffon.builder.lanterna.factory.ActionFactorySpec" time="0.004"/>
  <testcase name="Can create a LanternaAction with 'execute'" classname="griffon.builder.lanterna.factory.ActionFactorySpec" time="0.005"/>
  <system-out><![CDATA[]]></system-out>
  <system-err><![CDATA[]]></system-err>
</testsuite>
