<?xml version="1.0" encoding="UTF-8"?>
<testsuite name="griffon.builder.lanterna.factory.BoxFactorySpec" tests="4" skipped="0" failures="0" errors="0" timestamp="2015-09-14T08:24:29" hostname="testing-worker-linux-a1362517-2-8611-linux-7-80196216" time="0.018">
  <properties/>
  <testcase name="Can create an horizontal Box with title 'null'" classname="griffon.builder.lanterna.factory.BoxFactorySpec" time="0.008"/>
  <testcase name="Can create an horizontal Box with title 'lanterna'" classname="griffon.builder.lanterna.factory.BoxFactorySpec" time="0.004"/>
  <testcase name="Can create a vertical Box with title 'null'" classname="griffon.builder.lanterna.factory.BoxFactorySpec" time="0.003"/>
  <testcase name="Can create a vertical Box with title 'lanterna'" classname="griffon.builder.lanterna.factory.BoxFactorySpec" time="0.001"/>
  <system-out><![CDATA[]]></system-out>
  <system-err><![CDATA[]]></system-err>
</testsuite>
