<?xml version="1.0" encoding="UTF-8"?>
<testsuite name="griffon.builder.lanterna.factory.ActionFactorySpec" tests="3" skipped="0" failures="0" errors="0" timestamp="2015-11-18T12:06:37" hostname="testing-worker-linux-ac725767-2-27568-linux-5-91801796" time="0.473">
  <properties/>
  <testcase name="Can create a LanternaAction with 'null'" classname="griffon.builder.lanterna.factory.ActionFactorySpec" time="0.464"/>
  <testcase name="Can create a LanternaAction with '#value'[1]" classname="griffon.builder.lanterna.factory.ActionFactorySpec" time="0.003"/>
  <testcase name="Can create a LanternaAction with 'execute'" classname="griffon.builder.lanterna.factory.ActionFactorySpec" time="0.005"/>
  <system-out><![CDATA[]]></system-out>
  <system-err><![CDATA[]]></system-err>
</testsuite>
