<?xml version="1.0" encoding="UTF-8"?>
<testsuite name="griffon.builder.lanterna.factory.BoxFactorySpec" tests="4" skipped="0" failures="0" errors="0" timestamp="2015-08-28T15:21:02" hostname="testing-worker-linux-5590757e-1-7011-linux-7-77698798" time="0.012">
  <properties/>
  <testcase name="Can create an horizontal Box with title 'null'" classname="griffon.builder.lanterna.factory.BoxFactorySpec" time="0.006"/>
  <testcase name="Can create an horizontal Box with title 'lanterna'" classname="griffon.builder.lanterna.factory.BoxFactorySpec" time="0.001"/>
  <testcase name="Can create a vertical Box with title 'null'" classname="griffon.builder.lanterna.factory.BoxFactorySpec" time="0.002"/>
  <testcase name="Can create a vertical Box with title 'lanterna'" classname="griffon.builder.lanterna.factory.BoxFactorySpec" time="0.001"/>
  <system-out><![CDATA[]]></system-out>
  <system-err><![CDATA[]]></system-err>
</testsuite>
