<?xml version="1.0" encoding="UTF-8"?>
<testsuite name="griffon.builder.lanterna.factory.EmptySpaceFactorySpec" tests="4" skipped="0" failures="0" errors="0" timestamp="2014-06-20T12:12:13" hostname="testing-worker-linux-5-1-31997-linux-12-28036849" time="0.075">
  <properties/>
  <testcase name="Can create EmptySpace widget[0]" classname="griffon.builder.lanterna.factory.EmptySpaceFactorySpec" time="0.056"/>
  <testcase name="Can create EmptySpace widget[1]" classname="griffon.builder.lanterna.factory.EmptySpaceFactorySpec" time="0.006"/>
  <testcase name="Can create EmptySpace widget[2]" classname="griffon.builder.lanterna.factory.EmptySpaceFactorySpec" time="0.005"/>
  <testcase name="Can create EmptySpace widget[3]" classname="griffon.builder.lanterna.factory.EmptySpaceFactorySpec" time="0.004"/>
  <system-out><![CDATA[]]></system-out>
  <system-err><![CDATA[]]></system-err>
</testsuite>
