<?xml version="1.0" encoding="UTF-8"?>
<testsuite name="griffon.builder.lanterna.factory.ApplicationFactorySpec" tests="1" skipped="0" failures="0" errors="0" timestamp="2015-08-12T12:17:30" hostname="testing-worker-linux-9eb6c2a4-2-28141-linux-12-75237457" time="0.029">
  <properties/>
  <testcase name="Can create an Application" classname="griffon.builder.lanterna.factory.ApplicationFactorySpec" time="0.029"/>
  <system-out><![CDATA[]]></system-out>
  <system-err><![CDATA[]]></system-err>
</testsuite>
