<?xml version="1.0" encoding="UTF-8"?>
<testsuite name="griffon.builder.lanterna.factory.EmptySpaceFactorySpec" tests="4" skipped="0" failures="0" errors="0" timestamp="2015-05-13T15:05:09" hostname="testing-worker-linux-027f0490-1-17787-linux-19-62411506" time="0.55">
  <properties/>
  <testcase name="Can create EmptySpace widget[0]" classname="griffon.builder.lanterna.factory.EmptySpaceFactorySpec" time="0.539"/>
  <testcase name="Can create EmptySpace widget[1]" classname="griffon.builder.lanterna.factory.EmptySpaceFactorySpec" time="0.004"/>
  <testcase name="Can create EmptySpace widget[2]" classname="griffon.builder.lanterna.factory.EmptySpaceFactorySpec" time="0.003"/>
  <testcase name="Can create EmptySpace widget[3]" classname="griffon.builder.lanterna.factory.EmptySpaceFactorySpec" time="0.003"/>
  <system-out><![CDATA[]]></system-out>
  <system-err><![CDATA[]]></system-err>
</testsuite>
