<?xml version="1.0" encoding="UTF-8"?>
<testsuite name="griffon.builder.lanterna.factory.ActionFactorySpec" tests="3" skipped="0" failures="0" errors="0" timestamp="2016-03-04T08:23:55" hostname="testing-gce-220d5769-c5db-428e-a671-3e81e42d0dfa.c.eco-emissary-99515.internal" time="0.038">
  <properties/>
  <testcase name="Can create a LanternaAction with 'null'" classname="griffon.builder.lanterna.factory.ActionFactorySpec" time="0.035"/>
  <testcase name="Can create a LanternaAction with '#value'[1]" classname="griffon.builder.lanterna.factory.ActionFactorySpec" time="0.001"/>
  <testcase name="Can create a LanternaAction with 'execute'" classname="griffon.builder.lanterna.factory.ActionFactorySpec" time="0.001"/>
  <system-out><![CDATA[]]></system-out>
  <system-err><![CDATA[]]></system-err>
</testsuite>
