<?xml version="1.0" encoding="UTF-8"?>
<testsuite name="griffon.builder.lanterna.factory.BoxFactorySpec" tests="4" skipped="0" failures="0" errors="0" timestamp="2015-12-21T22:17:21" hostname="testing-gce-01da6abe-182b-4b40-96a4-6657a622c3d6.c.eco-emissary-99515.internal" time="0.463">
  <properties/>
  <testcase name="Can create an horizontal Box with title 'null'" classname="griffon.builder.lanterna.factory.BoxFactorySpec" time="0.45"/>
  <testcase name="Can create an horizontal Box with title 'lanterna'" classname="griffon.builder.lanterna.factory.BoxFactorySpec" time="0.006"/>
  <testcase name="Can create a vertical Box with title 'null'" classname="griffon.builder.lanterna.factory.BoxFactorySpec" time="0.002"/>
  <testcase name="Can create a vertical Box with title 'lanterna'" classname="griffon.builder.lanterna.factory.BoxFactorySpec" time="0.002"/>
  <system-out><![CDATA[]]></system-out>
  <system-err><![CDATA[]]></system-err>
</testsuite>
