<?xml version="1.0" encoding="UTF-8"?>
<testsuite name="griffon.builder.lanterna.factory.EmptySpaceFactorySpec" tests="4" skipped="0" failures="0" errors="0" timestamp="2016-06-20T06:54:31" hostname="testing-gce-ce54ca9a-5864-49bf-b4d1-0598d6a78117.c.travis-ci-prod-2.internal" time="0.031">
  <properties/>
  <testcase name="Can create EmptySpace widget[0]" classname="griffon.builder.lanterna.factory.EmptySpaceFactorySpec" time="0.026"/>
  <testcase name="Can create EmptySpace widget[1]" classname="griffon.builder.lanterna.factory.EmptySpaceFactorySpec" time="0.002"/>
  <testcase name="Can create EmptySpace widget[2]" classname="griffon.builder.lanterna.factory.EmptySpaceFactorySpec" time="0.001"/>
  <testcase name="Can create EmptySpace widget[3]" classname="griffon.builder.lanterna.factory.EmptySpaceFactorySpec" time="0.001"/>
  <system-out><![CDATA[]]></system-out>
  <system-err><![CDATA[]]></system-err>
</testsuite>
