<?xml version="1.0" encoding="UTF-8"?>
<testsuite name="griffon.builder.lanterna.factory.ButtonFactorySpec" tests="9" skipped="0" failures="0" errors="0" timestamp="2015-07-14T19:45:24" hostname="testing-worker-linux-08b40318-1-25147-linux-1-70962556" time="0.077">
  <properties/>
  <testcase name="Can create a button[0]" classname="griffon.builder.lanterna.factory.ButtonFactorySpec" time="0.021"/>
  <testcase name="Can create a button[1]" classname="griffon.builder.lanterna.factory.ButtonFactorySpec" time="0.005"/>
  <testcase name="Can create a button[2]" classname="griffon.builder.lanterna.factory.ButtonFactorySpec" time="0.002"/>
  <testcase name="Can create a button[3]" classname="griffon.builder.lanterna.factory.ButtonFactorySpec" time="0.003"/>
  <testcase name="Can create a button[4]" classname="griffon.builder.lanterna.factory.ButtonFactorySpec" time="0.024"/>
  <testcase name="Can create a button[5]" classname="griffon.builder.lanterna.factory.ButtonFactorySpec" time="0.002"/>
  <testcase name="Can create a button[6]" classname="griffon.builder.lanterna.factory.ButtonFactorySpec" time="0.005"/>
  <testcase name="Can create a button[7]" classname="griffon.builder.lanterna.factory.ButtonFactorySpec" time="0.004"/>
  <testcase name="Can create a button[8]" classname="griffon.builder.lanterna.factory.ButtonFactorySpec" time="0.005"/>
  <system-out><![CDATA[]]></system-out>
  <system-err><![CDATA[]]></system-err>
</testsuite>
