<?xml version="1.0" encoding="UTF-8"?>
<testsuite name="griffon.builder.lanterna.factory.ActionFactorySpec" tests="3" skipped="0" failures="0" errors="0" timestamp="2014-08-11T14:09:23" hostname="testing-worker-linux-5-2-1709-linux-20-32231091" time="0.041">
  <properties/>
  <testcase name="Can create a LanternaAction with 'null'" classname="griffon.builder.lanterna.factory.ActionFactorySpec" time="0.02"/>
  <testcase name="Can create a LanternaAction with '#value'[1]" classname="griffon.builder.lanterna.factory.ActionFactorySpec" time="0.007"/>
  <testcase name="Can create a LanternaAction with 'execute'" classname="griffon.builder.lanterna.factory.ActionFactorySpec" time="0.01"/>
  <system-out><![CDATA[]]></system-out>
  <system-err><![CDATA[]]></system-err>
</testsuite>
