<?xml version="1.0" encoding="UTF-8"?>
<testsuite name="griffon.builder.lanterna.factory.ButtonFactorySpec" tests="9" skipped="0" failures="0" errors="0" timestamp="2015-02-15T21:35:28" hostname="testing-worker-linux-e7a62211-2-21338-linux-15-50870743" time="0.062">
  <properties/>
  <testcase name="Can create a button[0]" classname="griffon.builder.lanterna.factory.ButtonFactorySpec" time="0.015"/>
  <testcase name="Can create a button[1]" classname="griffon.builder.lanterna.factory.ButtonFactorySpec" time="0.005"/>
  <testcase name="Can create a button[2]" classname="griffon.builder.lanterna.factory.ButtonFactorySpec" time="0.002"/>
  <testcase name="Can create a button[3]" classname="griffon.builder.lanterna.factory.ButtonFactorySpec" time="0.002"/>
  <testcase name="Can create a button[4]" classname="griffon.builder.lanterna.factory.ButtonFactorySpec" time="0.019"/>
  <testcase name="Can create a button[5]" classname="griffon.builder.lanterna.factory.ButtonFactorySpec" time="0.002"/>
  <testcase name="Can create a button[6]" classname="griffon.builder.lanterna.factory.ButtonFactorySpec" time="0.005"/>
  <testcase name="Can create a button[7]" classname="griffon.builder.lanterna.factory.ButtonFactorySpec" time="0.003"/>
  <testcase name="Can create a button[8]" classname="griffon.builder.lanterna.factory.ButtonFactorySpec" time="0.004"/>
  <system-out><![CDATA[]]></system-out>
  <system-err><![CDATA[]]></system-err>
</testsuite>
