<?xml version="1.0" encoding="UTF-8"?>
<testsuite name="griffon.builder.lanterna.factory.ActionFactorySpec" tests="3" skipped="0" failures="0" errors="0" timestamp="2016-06-27T14:58:45" hostname="testing-gce-760f23d3-72d5-4494-9435-3a673eeae758.c.travis-ci-prod-5.internal" time="0.065">
  <properties/>
  <testcase name="Can create a LanternaAction with 'null'" classname="griffon.builder.lanterna.factory.ActionFactorySpec" time="0.06"/>
  <testcase name="Can create a LanternaAction with '#value'[1]" classname="griffon.builder.lanterna.factory.ActionFactorySpec" time="0.002"/>
  <testcase name="Can create a LanternaAction with 'execute'" classname="griffon.builder.lanterna.factory.ActionFactorySpec" time="0.002"/>
  <system-out><![CDATA[]]></system-out>
  <system-err><![CDATA[]]></system-err>
</testsuite>
