<?xml version="1.0" encoding="UTF-8"?>
<testsuite name="griffon.builder.lanterna.factory.ButtonFactorySpec" tests="9" skipped="0" failures="0" errors="0" timestamp="2016-02-01T20:37:32" hostname="testing-gce-7049d589-216e-44ee-a5c5-42ec7966b92c.c.eco-emissary-99515.internal" time="0.031">
  <properties/>
  <testcase name="Can create a button[0]" classname="griffon.builder.lanterna.factory.ButtonFactorySpec" time="0.014"/>
  <testcase name="Can create a button[1]" classname="griffon.builder.lanterna.factory.ButtonFactorySpec" time="0.002"/>
  <testcase name="Can create a button[2]" classname="griffon.builder.lanterna.factory.ButtonFactorySpec" time="0.001"/>
  <testcase name="Can create a button[3]" classname="griffon.builder.lanterna.factory.ButtonFactorySpec" time="0.003"/>
  <testcase name="Can create a button[4]" classname="griffon.builder.lanterna.factory.ButtonFactorySpec" time="0.002"/>
  <testcase name="Can create a button[5]" classname="griffon.builder.lanterna.factory.ButtonFactorySpec" time="0.001"/>
  <testcase name="Can create a button[6]" classname="griffon.builder.lanterna.factory.ButtonFactorySpec" time="0.001"/>
  <testcase name="Can create a button[7]" classname="griffon.builder.lanterna.factory.ButtonFactorySpec" time="0.002"/>
  <testcase name="Can create a button[8]" classname="griffon.builder.lanterna.factory.ButtonFactorySpec" time="0.002"/>
  <system-out><![CDATA[]]></system-out>
  <system-err><![CDATA[]]></system-err>
</testsuite>
