<?xml version="1.0" encoding="UTF-8"?>
<testsuite name="griffon.builder.lanterna.factory.ButtonFactorySpec" tests="9" skipped="0" failures="0" errors="0" timestamp="2014-12-12T11:14:33" hostname="testing-worker-linux-10-2-13412-linux-6-43821289" time="0.074">
  <properties/>
  <testcase name="Can create a button[0]" classname="griffon.builder.lanterna.factory.ButtonFactorySpec" time="0.019"/>
  <testcase name="Can create a button[1]" classname="griffon.builder.lanterna.factory.ButtonFactorySpec" time="0.005"/>
  <testcase name="Can create a button[2]" classname="griffon.builder.lanterna.factory.ButtonFactorySpec" time="0.003"/>
  <testcase name="Can create a button[3]" classname="griffon.builder.lanterna.factory.ButtonFactorySpec" time="0.003"/>
  <testcase name="Can create a button[4]" classname="griffon.builder.lanterna.factory.ButtonFactorySpec" time="0.023"/>
  <testcase name="Can create a button[5]" classname="griffon.builder.lanterna.factory.ButtonFactorySpec" time="0.003"/>
  <testcase name="Can create a button[6]" classname="griffon.builder.lanterna.factory.ButtonFactorySpec" time="0.006"/>
  <testcase name="Can create a button[7]" classname="griffon.builder.lanterna.factory.ButtonFactorySpec" time="0.003"/>
  <testcase name="Can create a button[8]" classname="griffon.builder.lanterna.factory.ButtonFactorySpec" time="0.005"/>
  <system-out><![CDATA[]]></system-out>
  <system-err><![CDATA[]]></system-err>
</testsuite>
