<?xml version="1.0" encoding="UTF-8"?>
<testsuite name="griffon.builder.lanterna.factory.EmptySpaceFactorySpec" tests="4" skipped="0" failures="0" errors="0" timestamp="2015-06-08T20:31:52" hostname="testing-worker-linux-77796cae-1-8158-linux-12-65949627" time="0.025">
  <properties/>
  <testcase name="Can create EmptySpace widget[0]" classname="griffon.builder.lanterna.factory.EmptySpaceFactorySpec" time="0.017"/>
  <testcase name="Can create EmptySpace widget[1]" classname="griffon.builder.lanterna.factory.EmptySpaceFactorySpec" time="0.003"/>
  <testcase name="Can create EmptySpace widget[2]" classname="griffon.builder.lanterna.factory.EmptySpaceFactorySpec" time="0.001"/>
  <testcase name="Can create EmptySpace widget[3]" classname="griffon.builder.lanterna.factory.EmptySpaceFactorySpec" time="0.001"/>
  <system-out><![CDATA[]]></system-out>
  <system-err><![CDATA[]]></system-err>
</testsuite>
