<?xml version="1.0" encoding="UTF-8"?>
<testsuite name="griffon.builder.lanterna.factory.BoxFactorySpec" tests="4" skipped="0" failures="0" errors="0" timestamp="2016-06-15T15:19:28" hostname="testing-gce-d48e4618-8743-49ce-ab58-b05a4715e7f0.c.travis-ci-prod-3.internal" time="0.688">
  <properties/>
  <testcase name="Can create an horizontal Box with title 'null'" classname="griffon.builder.lanterna.factory.BoxFactorySpec" time="0.67"/>
  <testcase name="Can create an horizontal Box with title 'lanterna'" classname="griffon.builder.lanterna.factory.BoxFactorySpec" time="0.007"/>
  <testcase name="Can create a vertical Box with title 'null'" classname="griffon.builder.lanterna.factory.BoxFactorySpec" time="0.004"/>
  <testcase name="Can create a vertical Box with title 'lanterna'" classname="griffon.builder.lanterna.factory.BoxFactorySpec" time="0.003"/>
  <system-out><![CDATA[]]></system-out>
  <system-err><![CDATA[]]></system-err>
</testsuite>
