<?xml version="1.0" encoding="UTF-8"?>
<testsuite name="sample.pivot.groovy.SampleIntegrationTest" tests="2" skipped="0" failures="0" errors="0" timestamp="2015-08-07T18:35:30" hostname="testing-worker-linux-027f0490-1-16455-linux-3-74613050" time="3.987">
  <properties/>
  <testcase name="typeNameAndClickButton" classname="sample.pivot.groovy.SampleIntegrationTest" time="3.827"/>
  <testcase name="doNotTypeNameAndClickButton" classname="sample.pivot.groovy.SampleIntegrationTest" time="0.159"/>
  <system-out><![CDATA[]]></system-out>
  <system-err><![CDATA[[AWT-EventQueue-0] INFO org.codehaus.griffon.runtime.core.DefaultApplicationBootstrapper - Griffon 2.4.0-SNAPSHOT
[AWT-EventQueue-0] INFO org.codehaus.griffon.runtime.core.DefaultApplicationBootstrapper - Build: 2015-08-07T18:28:35.306+0000
[AWT-EventQueue-0] INFO org.codehaus.griffon.runtime.core.DefaultApplicationBootstrapper - JVM: 1.8.0_51 (Oracle Corporation 25.51-b03)
[AWT-EventQueue-0] INFO org.codehaus.griffon.runtime.core.DefaultApplicationBootstrapper - OS: Linux 2.6.32-042stab105.14 amd64
[AWT-EventQueue-0] DEBUG org.codehaus.griffon.runtime.core.DefaultApplicationBootstrapper - Creating module bindings
[AWT-EventQueue-0] DEBUG griffon.util.ServiceLoaderUtils - Reading definitions from file:/home/travis/build/griffon/griffon/samples/sample-pivot-groovy/build/classes/main/META-INF/griffon
[AWT-EventQueue-0] DEBUG griffon.util.AnnotationUtils - Current module order is [core, groovy, pivot-groovy, pivot, application, testApplicationBootstrapper$InnerClasses, testApplicationBootstrapper$Fields]
[AWT-EventQueue-0] TRACE griffon.util.AnnotationUtils - Processing module 'core'
[AWT-EventQueue-0] TRACE griffon.util.AnnotationUtils -   depends on '[]'
[AWT-EventQueue-0] TRACE griffon.util.AnnotationUtils -   adding module 'core', since all dependencies have been added
[AWT-EventQueue-0] TRACE griffon.util.AnnotationUtils - Processing module 'groovy'
[AWT-EventQueue-0] TRACE griffon.util.AnnotationUtils -   depends on '[]'
[AWT-EventQueue-0] TRACE griffon.util.AnnotationUtils -   adding module 'groovy', since all dependencies have been added
[AWT-EventQueue-0] TRACE griffon.util.AnnotationUtils - Processing module 'pivot-groovy'
[AWT-EventQueue-0] TRACE griffon.util.AnnotationUtils -   depends on '[pivot]'
[AWT-EventQueue-0] TRACE griffon.util.AnnotationUtils -   checking module 'pivot-groovy' dependencies (1)
[AWT-EventQueue-0] TRACE griffon.util.AnnotationUtils -   checking module 'pivot-groovy' dependencies: 
[AWT-EventQueue-0] TRACE griffon.util.AnnotationUtils -   skipped module 'pivot-groovy', since dependency 'pivot' not yet added
[AWT-EventQueue-0] TRACE griffon.util.AnnotationUtils - Processing module 'pivot'
[AWT-EventQueue-0] TRACE griffon.util.AnnotationUtils -   depends on '[]'
[AWT-EventQueue-0] TRACE griffon.util.AnnotationUtils -   adding module 'pivot', since all dependencies have been added
[AWT-EventQueue-0] TRACE griffon.util.AnnotationUtils - Processing module 'application'
[AWT-EventQueue-0] TRACE griffon.util.AnnotationUtils -   depends on '[]'
[AWT-EventQueue-0] TRACE griffon.util.AnnotationUtils -   adding module 'application', since all dependencies have been added
[AWT-EventQueue-0] TRACE griffon.util.AnnotationUtils - Processing module 'testApplicationBootstrapper$InnerClasses'
[AWT-EventQueue-0] TRACE griffon.util.AnnotationUtils -   depends on '[]'
[AWT-EventQueue-0] TRACE griffon.util.AnnotationUtils -   adding module 'testApplicationBootstrapper$InnerClasses', since all dependencies have been added
[AWT-EventQueue-0] TRACE griffon.util.AnnotationUtils - Processing module 'testApplicationBootstrapper$Fields'
[AWT-EventQueue-0] TRACE griffon.util.AnnotationUtils -   depends on '[]'
[AWT-EventQueue-0] TRACE griffon.util.AnnotationUtils -   adding module 'testApplicationBootstrapper$Fields', since all dependencies have been added
[AWT-EventQueue-0] DEBUG griffon.util.AnnotationUtils - Current module order is [core, groovy, pivot-groovy, pivot, application, testApplicationBootstrapper$InnerClasses, testApplicationBootstrapper$Fields]
[AWT-EventQueue-0] TRACE griffon.util.AnnotationUtils - Processing module 'pivot-groovy'
[AWT-EventQueue-0] TRACE griffon.util.AnnotationUtils -   depends on '[pivot]'
[AWT-EventQueue-0] TRACE griffon.util.AnnotationUtils -   checking module 'pivot-groovy' dependencies (1)
[AWT-EventQueue-0] TRACE griffon.util.AnnotationUtils -   checking module 'pivot-groovy' dependencies: 
[AWT-EventQueue-0] TRACE griffon.util.AnnotationUtils -   module 'pivot-groovy' dependency 'pivot' already added
[AWT-EventQueue-0] TRACE griffon.util.AnnotationUtils -   adding module 'pivot-groovy', since all dependencies have been added
[AWT-EventQueue-0] TRACE griffon.util.AnnotationUtils - module dependency ordering complete
[AWT-EventQueue-0] DEBUG griffon.util.AnnotationUtils - computed module order is [core, groovy, pivot, application, testApplicationBootstrapper$InnerClasses, testApplicationBootstrapper$Fields, pivot-groovy]
[AWT-EventQueue-0] DEBUG org.codehaus.griffon.runtime.core.TestApplicationBootstrapper - computed Module order is [core, groovy, pivot, application, pivot-groovy, testApplicationBootstrapper$InnerClasses, testApplicationBootstrapper$Fields]
[AWT-EventQueue-0] DEBUG org.codehaus.griffon.runtime.core.DefaultApplicationBootstrapper - Loading module bindings from core:org.codehaus.griffon.runtime.core.DefaultApplicationModule@2e607497
[AWT-EventQueue-0] DEBUG org.codehaus.griffon.runtime.core.DefaultApplicationBootstrapper - Loading module bindings from groovy:org.codehaus.griffon.runtime.groovy.GroovyModule@199d36cb
[AWT-EventQueue-0] DEBUG org.codehaus.griffon.runtime.core.DefaultApplicationBootstrapper - Loading module bindings from pivot:org.codehaus.griffon.runtime.pivot.PivotModule@7991fa1d
[AWT-EventQueue-0] DEBUG org.codehaus.griffon.runtime.core.DefaultApplicationBootstrapper - Loading module bindings from application:sample.pivot.groovy.ApplicationModule@7c6b8779
[AWT-EventQueue-0] DEBUG org.codehaus.griffon.runtime.core.DefaultApplicationBootstrapper - Loading module bindings from pivot-groovy:org.codehaus.griffon.runtime.pivot.PivotBuilderModule@510290af
[AWT-EventQueue-0] DEBUG org.codehaus.griffon.runtime.core.DefaultApplicationBootstrapper - Loading module bindings from testApplicationBootstrapper$InnerClasses:org.codehaus.griffon.runtime.core.TestApplicationBootstrapper$InnerClassesModule@2159df2a
[AWT-EventQueue-0] DEBUG org.codehaus.griffon.runtime.core.DefaultApplicationBootstrapper - Loading module bindings from testApplicationBootstrapper$Fields:org.codehaus.griffon.runtime.core.TestApplicationBootstrapper$FieldsModule@576e880e
[AWT-EventQueue-0] TRACE org.codehaus.griffon.runtime.core.DefaultApplicationBootstrapper - InstanceBinding[source=griffon.core.GriffonApplication, instance=org.codehaus.griffon.runtime.pivot.TestDesktopPivotApplication@107ce602, singleton=true]
[AWT-EventQueue-0] TRACE org.codehaus.griffon.runtime.core.DefaultApplicationBootstrapper - TargetBinding[source=sample.pivot.groovy.SampleService, target=sample.pivot.groovy.SampleService, singleton=true]
[AWT-EventQueue-0] TRACE org.codehaus.griffon.runtime.core.DefaultApplicationBootstrapper - TargetBinding[source=sample.pivot.groovy.SampleView, target=sample.pivot.groovy.SampleView, singleton=false]
[AWT-EventQueue-0] TRACE org.codehaus.griffon.runtime.core.DefaultApplicationBootstrapper - TargetBinding[source=sample.pivot.groovy.SampleController, target=sample.pivot.groovy.SampleController, singleton=false]
[AWT-EventQueue-0] TRACE org.codehaus.griffon.runtime.core.DefaultApplicationBootstrapper - InstanceBinding[source=org.apache.pivot.wtk.Display, instance=org.apache.pivot.wtk.Display, singleton=true]
[AWT-EventQueue-0] TRACE org.codehaus.griffon.runtime.core.DefaultApplicationBootstrapper - TargetBinding[source=griffon.core.ApplicationClassLoader, target=org.codehaus.griffon.runtime.core.DefaultApplicationClassLoader, singleton=true]
[AWT-EventQueue-0] TRACE org.codehaus.griffon.runtime.core.DefaultApplicationBootstrapper - ProviderTypeBinding[source=griffon.core.env.Metadata, providerType=org.codehaus.griffon.runtime.core.env.MetadataProvider, singleton=true]
[AWT-EventQueue-0] TRACE org.codehaus.griffon.runtime.core.DefaultApplicationBootstrapper - ProviderTypeBinding[source=griffon.core.env.RunMode, providerType=org.codehaus.griffon.runtime.core.env.RunModeProvider, singleton=true]
[AWT-EventQueue-0] TRACE org.codehaus.griffon.runtime.core.DefaultApplicationBootstrapper - ProviderTypeBinding[source=griffon.core.env.Environment, providerType=org.codehaus.griffon.runtime.core.env.EnvironmentProvider, singleton=true]
[AWT-EventQueue-0] TRACE org.codehaus.griffon.runtime.core.DefaultApplicationBootstrapper - TargetBinding[source=griffon.core.Context, classifier=@javax.inject.Named(value=applicationContext), target=org.codehaus.griffon.runtime.core.DefaultContext, singleton=true]
[AWT-EventQueue-0] TRACE org.codehaus.griffon.runtime.core.DefaultApplicationBootstrapper - TargetBinding[source=griffon.core.ApplicationConfigurer, target=org.codehaus.griffon.runtime.core.DefaultApplicationConfigurer, singleton=true]
[AWT-EventQueue-0] TRACE org.codehaus.griffon.runtime.core.DefaultApplicationBootstrapper - TargetBinding[source=griffon.core.resources.ResourceHandler, target=org.codehaus.griffon.runtime.core.resources.DefaultResourceHandler, singleton=true]
[AWT-EventQueue-0] TRACE org.codehaus.griffon.runtime.core.DefaultApplicationBootstrapper - TargetBinding[source=griffon.util.CompositeResourceBundleBuilder, target=org.codehaus.griffon.runtime.groovy.util.GroovyAwareCompositeResourceBundleBuilder, singleton=true]
[AWT-EventQueue-0] TRACE org.codehaus.griffon.runtime.core.DefaultApplicationBootstrapper - ProviderBinding[source=java.util.ResourceBundle, classifier=@javax.inject.Named(value=applicationResourceBundle), provider=org.codehaus.griffon.runtime.util.ResourceBundleProvider@6ab2e01e, singleton=true]
[AWT-EventQueue-0] TRACE org.codehaus.griffon.runtime.core.DefaultApplicationBootstrapper - TargetBinding[source=griffon.core.Configuration, target=org.codehaus.griffon.runtime.core.DefaultConfiguration, singleton=true]
[AWT-EventQueue-0] TRACE org.codehaus.griffon.runtime.core.DefaultApplicationBootstrapper - TargetBinding[source=griffon.core.ExecutorServiceManager, target=org.codehaus.griffon.runtime.core.DefaultExecutorServiceManager, singleton=true]
[AWT-EventQueue-0] TRACE org.codehaus.griffon.runtime.core.DefaultApplicationBootstrapper - TargetBinding[source=griffon.core.event.EventRouter, classifier=@javax.inject.Named(value=applicationEventRouter), target=org.codehaus.griffon.runtime.core.event.DefaultEventRouter, singleton=true]
[AWT-EventQueue-0] TRACE org.codehaus.griffon.runtime.core.DefaultApplicationBootstrapper - TargetBinding[source=griffon.core.event.EventRouter, target=org.codehaus.griffon.runtime.core.event.DefaultEventRouter, singleton=false]
[AWT-EventQueue-0] TRACE org.codehaus.griffon.runtime.core.DefaultApplicationBootstrapper - ProviderBinding[source=griffon.core.resources.ResourceResolver, classifier=@javax.inject.Named(value=applicationResourceResolver), provider=org.codehaus.griffon.runtime.core.resources.ResourceResolverProvider@6e94b515, singleton=true]
[AWT-EventQueue-0] TRACE org.codehaus.griffon.runtime.core.DefaultApplicationBootstrapper - ProviderBinding[source=griffon.core.i18n.MessageSource, classifier=@javax.inject.Named(value=applicationMessageSource), provider=org.codehaus.griffon.runtime.core.i18n.MessageSourceProvider@4cf02d29, singleton=true]
[AWT-EventQueue-0] TRACE org.codehaus.griffon.runtime.core.DefaultApplicationBootstrapper - TargetBinding[source=griffon.core.resources.ResourceInjector, classifier=@javax.inject.Named(value=applicationResourceInjector), target=org.codehaus.griffon.runtime.core.resources.DefaultApplicationResourceInjector, singleton=true]
[AWT-EventQueue-0] TRACE org.codehaus.griffon.runtime.core.DefaultApplicationBootstrapper - ProviderTypeBinding[source=java.util.concurrent.ExecutorService, classifier=@javax.inject.Named(value=defaultExecutorService), providerType=org.codehaus.griffon.runtime.core.threading.DefaultExecutorServiceProvider, singleton=true]
[AWT-EventQueue-0] TRACE org.codehaus.griffon.runtime.core.DefaultApplicationBootstrapper - TargetBinding[source=griffon.core.threading.UIThreadManager, target=org.codehaus.griffon.runtime.pivot.PivotUIThreadManager, singleton=true]
[AWT-EventQueue-0] TRACE org.codehaus.griffon.runtime.core.DefaultApplicationBootstrapper - TargetBinding[source=griffon.core.mvc.MVCGroupManager, target=org.codehaus.griffon.runtime.groovy.mvc.GroovyAwareMVCGroupManager, singleton=true]
[AWT-EventQueue-0] TRACE org.codehaus.griffon.runtime.core.DefaultApplicationBootstrapper - ProviderBinding[source=griffon.core.LifecycleHandler, classifier=@javax.inject.Named(value=Initialize), provider=org.codehaus.griffon.runtime.core.LifecycleHandlerProvider@3b4b9e43, singleton=true]
[AWT-EventQueue-0] TRACE org.codehaus.griffon.runtime.core.DefaultApplicationBootstrapper - ProviderBinding[source=griffon.core.LifecycleHandler, classifier=@javax.inject.Named(value=Startup), provider=org.codehaus.griffon.runtime.core.LifecycleHandlerProvider@46042b24, singleton=true]
[AWT-EventQueue-0] TRACE org.codehaus.griffon.runtime.core.DefaultApplicationBootstrapper - ProviderBinding[source=griffon.core.LifecycleHandler, classifier=@javax.inject.Named(value=Ready), provider=org.codehaus.griffon.runtime.core.LifecycleHandlerProvider@d7302ec, singleton=true]
[AWT-EventQueue-0] TRACE org.codehaus.griffon.runtime.core.DefaultApplicationBootstrapper - ProviderBinding[source=griffon.core.LifecycleHandler, classifier=@javax.inject.Named(value=Shutdown), provider=org.codehaus.griffon.runtime.core.LifecycleHandlerProvider@4027ff0e, singleton=true]
[AWT-EventQueue-0] TRACE org.codehaus.griffon.runtime.core.DefaultApplicationBootstrapper - ProviderBinding[source=griffon.core.LifecycleHandler, classifier=@javax.inject.Named(value=Stop), provider=org.codehaus.griffon.runtime.core.LifecycleHandlerProvider@2779d8cf, singleton=true]
[AWT-EventQueue-0] TRACE org.codehaus.griffon.runtime.core.DefaultApplicationBootstrapper - TargetBinding[source=griffon.core.view.WindowManager, target=org.codehaus.griffon.runtime.pivot.DefaultPivotWindowManager, singleton=true]
[AWT-EventQueue-0] TRACE org.codehaus.griffon.runtime.core.DefaultApplicationBootstrapper - TargetBinding[source=griffon.core.controller.ActionManager, target=org.codehaus.griffon.runtime.pivot.controller.PivotActionManager, singleton=true]
[AWT-EventQueue-0] TRACE org.codehaus.griffon.runtime.core.DefaultApplicationBootstrapper - TargetBinding[source=griffon.core.artifact.ArtifactManager, target=org.codehaus.griffon.runtime.core.artifact.DefaultArtifactManager, singleton=true]
[AWT-EventQueue-0] TRACE org.codehaus.griffon.runtime.core.DefaultApplicationBootstrapper - TargetBinding[source=griffon.core.artifact.ArtifactHandler, classifier=@griffon.inject.Typed(value=interface griffon.core.artifact.GriffonModel), target=org.codehaus.griffon.runtime.core.artifact.ModelArtifactHandler, singleton=true]
[AWT-EventQueue-0] TRACE org.codehaus.griffon.runtime.core.DefaultApplicationBootstrapper - TargetBinding[source=griffon.core.artifact.ArtifactHandler, classifier=@griffon.inject.Typed(value=interface griffon.core.artifact.GriffonView), target=org.codehaus.griffon.runtime.core.artifact.ViewArtifactHandler, singleton=true]
[AWT-EventQueue-0] TRACE org.codehaus.griffon.runtime.core.DefaultApplicationBootstrapper - TargetBinding[source=griffon.core.artifact.ArtifactHandler, classifier=@griffon.inject.Typed(value=interface griffon.core.artifact.GriffonController), target=org.codehaus.griffon.runtime.core.artifact.ControllerArtifactHandler, singleton=true]
[AWT-EventQueue-0] TRACE org.codehaus.griffon.runtime.core.DefaultApplicationBootstrapper - TargetBinding[source=griffon.core.artifact.ArtifactHandler, classifier=@griffon.inject.Typed(value=interface griffon.core.artifact.GriffonService), target=org.codehaus.griffon.runtime.core.artifact.ServiceArtifactHandler, singleton=true]
[AWT-EventQueue-0] TRACE org.codehaus.griffon.runtime.core.DefaultApplicationBootstrapper - ProviderTypeBinding[source=griffon.core.PlatformHandler, providerType=org.codehaus.griffon.runtime.core.PlatformHandlerProvider, singleton=true]
[AWT-EventQueue-0] TRACE org.codehaus.griffon.runtime.core.DefaultApplicationBootstrapper - TargetBinding[source=griffon.core.addon.AddonManager, target=org.codehaus.griffon.runtime.core.addon.DefaultAddonManager, singleton=true]
[AWT-EventQueue-0] TRACE org.codehaus.griffon.runtime.core.DefaultApplicationBootstrapper - TargetBinding[source=griffon.core.event.EventHandler, target=org.codehaus.griffon.runtime.core.event.DefaultEventHandler, singleton=true]
[AWT-EventQueue-0] TRACE org.codehaus.griffon.runtime.core.DefaultApplicationBootstrapper - TargetBinding[source=griffon.core.GriffonExceptionHandler, target=griffon.core.GriffonExceptionHandler, singleton=true]
[AWT-EventQueue-0] TRACE org.codehaus.griffon.runtime.core.DefaultApplicationBootstrapper - ProviderTypeBinding[source=griffon.util.ConfigReader, providerType=griffon.util.ConfigReader$Provider, singleton=true]
[AWT-EventQueue-0] TRACE org.codehaus.griffon.runtime.core.DefaultApplicationBootstrapper - TargetBinding[source=griffon.core.addon.GriffonAddon, classifier=@javax.inject.Named(value=groovy), target=org.codehaus.griffon.runtime.groovy.GroovyAddon, singleton=true]
[AWT-EventQueue-0] TRACE org.codehaus.griffon.runtime.core.DefaultApplicationBootstrapper - TargetBinding[source=griffon.util.BuilderCustomizer, classifier=@javax.inject.Named(value=core), target=griffon.builder.core.CoreBuilderCustomizer, singleton=true]
[AWT-EventQueue-0] TRACE org.codehaus.griffon.runtime.core.DefaultApplicationBootstrapper - TargetBinding[source=griffon.pivot.PivotWindowDisplayHandler, classifier=@javax.inject.Named(value=defaultWindowDisplayHandler), target=org.codehaus.griffon.runtime.pivot.DefaultPivotWindowDisplayHandler, singleton=true]
[AWT-EventQueue-0] TRACE org.codehaus.griffon.runtime.core.DefaultApplicationBootstrapper - TargetBinding[source=griffon.pivot.PivotWindowDisplayHandler, classifier=@javax.inject.Named(value=windowDisplayHandler), target=org.codehaus.griffon.runtime.pivot.GroovyAwareConfigurablePivotWindowDisplayHandler, singleton=true]
[AWT-EventQueue-0] TRACE org.codehaus.griffon.runtime.core.DefaultApplicationBootstrapper - TargetBinding[source=griffon.util.BuilderCustomizer, classifier=@javax.inject.Named(value=pivot), target=griffon.builder.pivot.PivotBuilderCustomizer, singleton=true]
[AWT-EventQueue-0] DEBUG org.codehaus.griffon.runtime.core.DefaultApplicationBootstrapper - Creating application injector
[AWT-EventQueue-0] DEBUG org.codehaus.griffon.runtime.core.DefaultApplicationBootstrapper - Injector will be created by org.codehaus.griffon.runtime.injection.GuiceInjectorFactory@1c3011c3
[AWT-EventQueue-0] DEBUG griffon.util.AnnotationUtils - computed module order is []
[AWT-EventQueue-0] TRACE griffon.util.CompositeResourceBundle - Searching key=application
[AWT-EventQueue-0] TRACE griffon.util.CompositeResourceBundle - Bundle griffon.util.ExpandableResourceBundle@25dc1cc2; key=application; value='{title=Pivot + Groovy, startupGroups=[sample], autoShutdown=true}'
[AWT-EventQueue-0] TRACE griffon.util.CompositeResourceBundle - Searching key=application.title
[AWT-EventQueue-0] TRACE griffon.util.CompositeResourceBundle - Bundle griffon.util.ExpandableResourceBundle@25dc1cc2; key=application.title; value='Pivot + Groovy'
[AWT-EventQueue-0] TRACE griffon.util.CompositeResourceBundle - Searching key=application.startupGroups
[AWT-EventQueue-0] TRACE griffon.util.CompositeResourceBundle - Bundle griffon.util.ExpandableResourceBundle@25dc1cc2; key=application.startupGroups; value='[sample]'
[AWT-EventQueue-0] TRACE griffon.util.CompositeResourceBundle - Searching key=application.autoShutdown
[AWT-EventQueue-0] TRACE griffon.util.CompositeResourceBundle - Bundle griffon.util.ExpandableResourceBundle@25dc1cc2; key=application.autoShutdown; value='true'
[AWT-EventQueue-0] TRACE griffon.util.CompositeResourceBundle - Searching key=mvcGroups
[AWT-EventQueue-0] TRACE griffon.util.CompositeResourceBundle - Bundle griffon.util.ExpandableResourceBundle@25dc1cc2; key=mvcGroups; value='{sample={view=sample.pivot.groovy.SampleView, controller=sample.pivot.groovy.SampleController}}'
[AWT-EventQueue-0] TRACE griffon.util.CompositeResourceBundle - Searching key=mvcGroups.sample.view
[AWT-EventQueue-0] TRACE griffon.util.CompositeResourceBundle - Bundle griffon.util.ExpandableResourceBundle@25dc1cc2; key=mvcGroups.sample.view; value='sample.pivot.groovy.SampleView'
[AWT-EventQueue-0] TRACE griffon.util.CompositeResourceBundle - Searching key=mvcGroups.sample.controller
[AWT-EventQueue-0] TRACE griffon.util.CompositeResourceBundle - Bundle griffon.util.ExpandableResourceBundle@25dc1cc2; key=mvcGroups.sample.controller; value='sample.pivot.groovy.SampleController'
[AWT-EventQueue-0] DEBUG org.codehaus.griffon.runtime.core.event.AbstractEventRouter - Adding listener org.codehaus.griffon.runtime.core.MVCGroupExceptionHandler on UncaughtMVCGroupConfigurationException
[AWT-EventQueue-0] DEBUG org.codehaus.griffon.runtime.core.event.AbstractEventRouter - Adding listener org.codehaus.griffon.runtime.core.MVCGroupExceptionHandler on UncaughtMVCGroupInstantiationException
[AWT-EventQueue-0] DEBUG org.codehaus.griffon.runtime.core.event.AbstractEventRouter - Triggering event 'BootstrapStart' synchronously
[AWT-EventQueue-0] DEBUG griffon.util.ServiceLoaderUtils - Reading com.googlecode.openbeans.PropertyEditor definitions from jar:file:/home/travis/build/griffon/griffon/subprojects/griffon-pivot/build/libs/griffon-pivot-2.4.0-SNAPSHOT.jar!/META-INF/editors/com.googlecode.openbeans.PropertyEditor
[AWT-EventQueue-0] DEBUG org.codehaus.griffon.runtime.core.DefaultApplicationConfigurer - Registering griffon.pivot.editors.ColorPropertyEditor as editor for java.awt.Color
[AWT-EventQueue-0] DEBUG org.codehaus.griffon.runtime.core.DefaultApplicationConfigurer - Registering griffon.pivot.editors.BoundsPropertyEditor as editor for org.apache.pivot.wtk.Bounds
[AWT-EventQueue-0] DEBUG org.codehaus.griffon.runtime.core.DefaultApplicationConfigurer - Registering griffon.pivot.editors.DimensionsPropertyEditor as editor for org.apache.pivot.wtk.Dimensions
[AWT-EventQueue-0] DEBUG org.codehaus.griffon.runtime.core.DefaultApplicationConfigurer - Registering griffon.pivot.editors.InsetsPropertyEditor as editor for org.apache.pivot.wtk.Insets
[AWT-EventQueue-0] DEBUG org.codehaus.griffon.runtime.core.DefaultApplicationConfigurer - Registering griffon.pivot.editors.PointPropertyEditor as editor for org.apache.pivot.wtk.Point
[AWT-EventQueue-0] TRACE griffon.core.editors.PropertyEditorResolver - Searching PropertyEditor for java.lang.Boolean
[AWT-EventQueue-0] TRACE griffon.core.editors.PropertyEditorResolver - PropertyEditor for java.lang.Boolean is org.apache.harmony.beans.editors.BooleanEditor
[AWT-EventQueue-0] DEBUG org.codehaus.griffon.runtime.core.DefaultApplicationConfigurer - Registering org.apache.harmony.beans.editors.BooleanEditor as editor for boolean
[AWT-EventQueue-0] TRACE griffon.core.editors.PropertyEditorResolver - Searching PropertyEditor for java.lang.Byte
[AWT-EventQueue-0] TRACE griffon.core.editors.PropertyEditorResolver - PropertyEditor for java.lang.Byte is org.apache.harmony.beans.editors.ByteEditor
[AWT-EventQueue-0] DEBUG org.codehaus.griffon.runtime.core.DefaultApplicationConfigurer - Registering org.apache.harmony.beans.editors.ByteEditor as editor for byte
[AWT-EventQueue-0] TRACE griffon.core.editors.PropertyEditorResolver - Searching PropertyEditor for java.lang.Short
[AWT-EventQueue-0] TRACE griffon.core.editors.PropertyEditorResolver - PropertyEditor for java.lang.Short is org.apache.harmony.beans.editors.ShortEditor
[AWT-EventQueue-0] DEBUG org.codehaus.griffon.runtime.core.DefaultApplicationConfigurer - Registering org.apache.harmony.beans.editors.ShortEditor as editor for short
[AWT-EventQueue-0] TRACE griffon.core.editors.PropertyEditorResolver - Searching PropertyEditor for java.lang.Integer
[AWT-EventQueue-0] TRACE griffon.core.editors.PropertyEditorResolver - PropertyEditor for java.lang.Integer is griffon.core.editors.PropertyEditorResolver$NoopPropertyEditor
[AWT-EventQueue-0] DEBUG org.codehaus.griffon.runtime.core.DefaultApplicationConfigurer - Registering griffon.core.editors.PropertyEditorResolver$NoopPropertyEditor as editor for int
[AWT-EventQueue-0] TRACE griffon.core.editors.PropertyEditorResolver - Searching PropertyEditor for java.lang.Long
[AWT-EventQueue-0] TRACE griffon.core.editors.PropertyEditorResolver - PropertyEditor for java.lang.Long is org.apache.harmony.beans.editors.LongEditor
[AWT-EventQueue-0] DEBUG org.codehaus.griffon.runtime.core.DefaultApplicationConfigurer - Registering org.apache.harmony.beans.editors.LongEditor as editor for long
[AWT-EventQueue-0] TRACE griffon.core.editors.PropertyEditorResolver - Searching PropertyEditor for java.lang.Float
[AWT-EventQueue-0] TRACE griffon.core.editors.PropertyEditorResolver - PropertyEditor for java.lang.Float is org.apache.harmony.beans.editors.FloatEditor
[AWT-EventQueue-0] DEBUG org.codehaus.griffon.runtime.core.DefaultApplicationConfigurer - Registering org.apache.harmony.beans.editors.FloatEditor as editor for float
[AWT-EventQueue-0] TRACE griffon.core.editors.PropertyEditorResolver - Searching PropertyEditor for java.lang.Double
[AWT-EventQueue-0] TRACE griffon.core.editors.PropertyEditorResolver - PropertyEditor for java.lang.Double is org.apache.harmony.beans.editors.DoubleEditor
[AWT-EventQueue-0] DEBUG org.codehaus.griffon.runtime.core.DefaultApplicationConfigurer - Registering org.apache.harmony.beans.editors.DoubleEditor as editor for double
[AWT-EventQueue-0] DEBUG org.codehaus.griffon.runtime.core.event.AbstractEventRouter - Adding listener org.codehaus.griffon.runtime.core.DefaultApplicationConfigurer$2 on NewInstance
[AWT-EventQueue-0] TRACE griffon.util.CompositeResourceBundle - Searching key=application.lifecycle.handler.disable
[AWT-EventQueue-0] TRACE griffon.util.CompositeResourceBundle - Searching key=application
[AWT-EventQueue-0] TRACE griffon.util.CompositeResourceBundle - Bundle griffon.util.ExpandableResourceBundle@25dc1cc2; key=application; value='{title=Pivot + Groovy, startupGroups=[sample], autoShutdown=true}'
[AWT-EventQueue-0] TRACE griffon.util.CompositeResourceBundle - Searching key=platform.handler.linux64
[AWT-EventQueue-0] TRACE griffon.util.CompositeResourceBundle - Searching key=platform
[AWT-EventQueue-0] DEBUG org.codehaus.griffon.runtime.core.PlatformHandlerProvider - Using org.codehaus.griffon.runtime.core.DefaultPlatformHandler as PlatformHandler
[AWT-EventQueue-0] DEBUG org.codehaus.griffon.runtime.core.addon.AbstractAddonManager - Loading addons [START]
[AWT-EventQueue-0] DEBUG griffon.util.AnnotationUtils - Current addon order is [groovy]
[AWT-EventQueue-0] TRACE griffon.util.AnnotationUtils - Processing addon 'groovy'
[AWT-EventQueue-0] TRACE griffon.util.AnnotationUtils -   depends on '[]'
[AWT-EventQueue-0] TRACE griffon.util.AnnotationUtils -   adding addon 'groovy', since all dependencies have been added
[AWT-EventQueue-0] TRACE griffon.util.AnnotationUtils - addon dependency ordering complete
[AWT-EventQueue-0] DEBUG griffon.util.AnnotationUtils - computed addon order is [groovy]
[AWT-EventQueue-0] DEBUG org.codehaus.griffon.runtime.core.event.AbstractEventRouter - Triggering event 'LoadAddonsStart' synchronously
[AWT-EventQueue-0] DEBUG org.codehaus.griffon.runtime.core.addon.AbstractAddonManager - Loading addon groovy with class org.codehaus.griffon.runtime.groovy.GroovyAddon
[AWT-EventQueue-0] DEBUG org.codehaus.griffon.runtime.core.event.AbstractEventRouter - Triggering event 'LoadAddonStart' synchronously
[AWT-EventQueue-0] DEBUG org.codehaus.griffon.runtime.core.event.AbstractEventRouter - Adding listener org.codehaus.griffon.runtime.groovy.GroovyAddon@34e4474d
[AWT-EventQueue-0] DEBUG org.codehaus.griffon.runtime.core.event.AbstractEventRouter - Triggering event 'LoadAddonEnd' synchronously
[AWT-EventQueue-0] DEBUG org.codehaus.griffon.runtime.core.addon.AbstractAddonManager - Loaded addon groovy
[AWT-EventQueue-0] DEBUG org.codehaus.griffon.runtime.core.addon.AbstractAddonManager - Loading addons [END]
[AWT-EventQueue-0] DEBUG org.codehaus.griffon.runtime.core.event.AbstractEventRouter - Triggering event 'LoadAddonsEnd' synchronously
[AWT-EventQueue-0] TRACE griffon.util.CompositeResourceBundle - Searching key=mvcGroups
[AWT-EventQueue-0] TRACE griffon.util.CompositeResourceBundle - Bundle griffon.util.ExpandableResourceBundle@25dc1cc2; key=mvcGroups; value='{sample={view=sample.pivot.groovy.SampleView, controller=sample.pivot.groovy.SampleController}}'
[AWT-EventQueue-0] DEBUG org.codehaus.griffon.runtime.core.DefaultApplicationConfigurer - Adding MVC group sample
[AWT-EventQueue-0] DEBUG org.codehaus.griffon.runtime.core.event.AbstractEventRouter - Adding listener org.codehaus.griffon.runtime.core.DefaultApplicationConfigurer$3 on NewInstance
[AWT-EventQueue-0] TRACE griffon.util.CompositeResourceBundle - Searching key=griffon.controller.action.handler.order
[AWT-EventQueue-0] TRACE griffon.util.CompositeResourceBundle - Searching key=griffon
[AWT-EventQueue-0] DEBUG griffon.util.AnnotationUtils - computed handler order is []
[AWT-EventQueue-0] DEBUG org.codehaus.griffon.runtime.core.artifact.AbstractArtifactManager - Registering artifact handler for type 'model': org.codehaus.griffon.runtime.core.artifact.ModelArtifactHandler@b34d70d
[AWT-EventQueue-0] DEBUG org.codehaus.griffon.runtime.core.artifact.AbstractArtifactManager - Registering artifact handler for type 'view': org.codehaus.griffon.runtime.core.artifact.ViewArtifactHandler@3eaf6f8c
[AWT-EventQueue-0] DEBUG org.codehaus.griffon.runtime.core.artifact.AbstractArtifactManager - Registering artifact handler for type 'controller': org.codehaus.griffon.runtime.core.artifact.ControllerArtifactHandler@36e66773
[AWT-EventQueue-0] DEBUG org.codehaus.griffon.runtime.core.artifact.AbstractArtifactManager - Registering artifact handler for type 'service': org.codehaus.griffon.runtime.core.artifact.ServiceArtifactHandler@531f28f0
[AWT-EventQueue-0] DEBUG griffon.util.ServiceLoaderUtils - Reading griffon.core.artifact.GriffonView definitions from file:/home/travis/build/griffon/griffon/samples/sample-pivot-groovy/build/classes/main/META-INF/griffon/griffon.core.artifact.GriffonView
[AWT-EventQueue-0] DEBUG griffon.util.ServiceLoaderUtils - Reading griffon.core.artifact.GriffonController definitions from file:/home/travis/build/griffon/griffon/samples/sample-pivot-groovy/build/classes/main/META-INF/griffon/griffon.core.artifact.GriffonController
[AWT-EventQueue-0] DEBUG griffon.util.ServiceLoaderUtils - Reading griffon.core.artifact.GriffonService definitions from file:/home/travis/build/griffon/griffon/samples/sample-pivot-groovy/build/classes/main/META-INF/griffon/griffon.core.artifact.GriffonService
[AWT-EventQueue-0] DEBUG org.codehaus.griffon.runtime.core.artifact.DefaultArtifactManager - Artifacts of type 'view' = 1
[AWT-EventQueue-0] DEBUG org.codehaus.griffon.runtime.core.artifact.DefaultArtifactManager - Artifacts of type 'controller' = 1
[AWT-EventQueue-0] DEBUG org.codehaus.griffon.runtime.core.artifact.DefaultArtifactManager - Artifacts of type 'service' = 1
[AWT-EventQueue-0] DEBUG org.codehaus.griffon.runtime.core.event.AbstractEventRouter - Triggering event 'BootstrapEnd' synchronously
[Test worker] DEBUG org.codehaus.griffon.runtime.core.event.AbstractEventRouter - Triggering event 'StartupStart' synchronously
[Test worker] TRACE griffon.util.CompositeResourceBundle - Searching key=application.startupGroups
[Test worker] TRACE griffon.util.CompositeResourceBundle - Bundle griffon.util.ExpandableResourceBundle@25dc1cc2; key=application.startupGroups; value='[sample]'
[Test worker] INFO org.codehaus.griffon.runtime.pivot.TestDesktopPivotApplication - Initializing all startup groups: [sample]
[Test worker] DEBUG org.codehaus.griffon.runtime.core.mvc.AbstractMVCGroupManager - Searching group sample
[Test worker] DEBUG org.codehaus.griffon.runtime.core.mvc.DefaultMVCGroupManager - Building MVC group 'sample' with name 'sample'
[Test worker] DEBUG org.codehaus.griffon.runtime.core.artifact.AbstractArtifactManager - Searching for griffonClass of sample.pivot.groovy.SampleView
[Test worker] DEBUG org.codehaus.griffon.runtime.core.artifact.AbstractArtifactManager - Searching for griffonClass of sample.pivot.groovy.SampleController
[Test worker] DEBUG org.codehaus.griffon.runtime.core.artifact.AbstractArtifactManager - Searching for griffonClass of sample.pivot.groovy.SampleView
[Test worker] DEBUG org.codehaus.griffon.runtime.core.artifact.AbstractArtifactManager - Searching for griffonClass of sample.pivot.groovy.SampleView
[Test worker] DEBUG org.codehaus.griffon.runtime.core.event.AbstractEventRouter - Triggering event 'NewInstance' synchronously
[Test worker] DEBUG org.codehaus.griffon.runtime.core.artifact.AbstractArtifactManager - Searching for griffonClass of sample.pivot.groovy.SampleController
[Test worker] DEBUG org.codehaus.griffon.runtime.core.artifact.AbstractArtifactManager - Searching for griffonClass of sample.pivot.groovy.SampleController
[Test worker] DEBUG org.codehaus.griffon.runtime.core.event.AbstractEventRouter - Triggering event 'NewInstance' synchronously
[Test worker] DEBUG org.codehaus.griffon.runtime.core.event.AbstractEventRouter - Triggering event 'NewInstance' synchronously
[Test worker] DEBUG org.codehaus.griffon.runtime.core.artifact.AbstractArtifactManager - Searching for griffonClass of sample.pivot.groovy.SampleController
[Test worker] TRACE griffon.util.CompositeResourceBundle - Searching key=sample.pivot.groovy.SampleController.action.SayHello.name
[Test worker] TRACE griffon.util.CompositeResourceBundle - Searching key=application.action.SayHello.name
[Test worker] TRACE org.codehaus.griffon.runtime.core.controller.AbstractActionManager - sample.pivot.groovy.SampleController.action.SayHello.name = Say Hello
[Test worker] TRACE griffon.util.CompositeResourceBundle - Searching key=sample.pivot.groovy.SampleController.action.SayHello.description
[Test worker] TRACE griffon.util.CompositeResourceBundle - Searching key=application.action.SayHello.description
[Test worker] TRACE griffon.util.CompositeResourceBundle - Searching key=sample.pivot.groovy.SampleController.action.SayHello.enabled
[Test worker] TRACE griffon.util.CompositeResourceBundle - Searching key=application.action.SayHello.enabled
[Test worker] TRACE org.codehaus.griffon.runtime.pivot.controller.PivotActionManager - sample.pivot.groovy.SampleController.action.SayHello.enabled = true
[Test worker] TRACE org.codehaus.griffon.runtime.core.controller.AbstractActionManager - Action for sample.pivot.groovy.SampleController.sayHello stored as sayHello
[Test worker] DEBUG griffon.util.AnnotationUtils - Current customizer order is [core, pivot]
[Test worker] TRACE griffon.util.AnnotationUtils - Processing customizer 'core'
[Test worker] TRACE griffon.util.AnnotationUtils -   depends on '[]'
[Test worker] TRACE griffon.util.AnnotationUtils -   adding customizer 'core', since all dependencies have been added
[Test worker] TRACE griffon.util.AnnotationUtils - Processing customizer 'pivot'
[Test worker] TRACE griffon.util.AnnotationUtils -   depends on '[core]'
[Test worker] TRACE griffon.util.AnnotationUtils -   checking customizer 'pivot' dependencies (1)
[Test worker] TRACE griffon.util.AnnotationUtils -   checking customizer 'pivot' dependencies: 
[Test worker] TRACE griffon.util.AnnotationUtils -   customizer 'pivot' dependency 'core' already added
[Test worker] TRACE griffon.util.AnnotationUtils -   adding customizer 'pivot', since all dependencies have been added
[Test worker] TRACE griffon.util.AnnotationUtils - customizer dependency ordering complete
[Test worker] DEBUG griffon.util.AnnotationUtils - computed customizer order is [core, pivot]
[Test worker] DEBUG org.codehaus.griffon.runtime.core.event.AbstractEventRouter - Triggering event 'InitializeMVCGroup' synchronously
[Test worker] TRACE griffon.addon.GroovyAddon - Adding action sayHelloAction to sample:sample:builder
[Test worker] DEBUG org.codehaus.griffon.runtime.core.mvc.AbstractMVCGroupManager - Adding group sample:org.codehaus.griffon.runtime.groovy.mvc.GroovyAwareMVCGroup@139eec73[sample:sample]
[Test worker] DEBUG org.codehaus.griffon.runtime.core.mvc.DefaultMVCGroupManager - Initializing each MVC member of group 'sample'
[AWT-EventQueue-0] TRACE griffon.util.CompositeResourceBundle - Searching key=application.title
[AWT-EventQueue-0] TRACE griffon.util.CompositeResourceBundle - Bundle griffon.util.ExpandableResourceBundle@25dc1cc2; key=application.title; value='Pivot + Groovy'
[AWT-EventQueue-0] DEBUG org.codehaus.griffon.runtime.core.view.AbstractWindowManager - Attaching window with name: 'window0' at index 0 org.apache.pivot.wtk.Window
[AWT-EventQueue-0] DEBUG org.codehaus.griffon.runtime.core.event.AbstractEventRouter - Triggering event 'WindowAttached' synchronously
[AWT-EventQueue-0] TRACE griffon.util.CompositeResourceBundle - Searching key=name.label
[AWT-EventQueue-0] TRACE griffon.util.CompositeResourceBundle - Bundle griffon.util.ExpandableResourceBundle@6981fef; key=name.label; value='Please enter your name'
[Test worker] DEBUG org.codehaus.griffon.runtime.core.event.AbstractEventRouter - Triggering event 'CreateMVCGroup' synchronously
[Test worker] TRACE griffon.util.CompositeResourceBundle - Searching key=application.lifecycle.handler.disable
[Test worker] TRACE griffon.util.CompositeResourceBundle - Searching key=application
[Test worker] TRACE griffon.util.CompositeResourceBundle - Bundle griffon.util.ExpandableResourceBundle@25dc1cc2; key=application; value='{title=Pivot + Groovy, startupGroups=[sample], autoShutdown=true}'
[Test worker] DEBUG org.codehaus.griffon.runtime.core.event.AbstractEventRouter - Triggering event 'StartupEnd' synchronously
[Test worker] TRACE griffon.util.CompositeResourceBundle - Searching key=windowManager.startingWindow
[Test worker] TRACE griffon.util.CompositeResourceBundle - Searching key=windowManager
[Test worker] DEBUG org.codehaus.griffon.runtime.core.view.AbstractWindowManager - windowManager.startingWindow configured to null
[Test worker] DEBUG org.codehaus.griffon.runtime.core.view.AbstractWindowManager - No startingWindow configured, selecting the first one from the windows list
[Test worker] DEBUG org.codehaus.griffon.runtime.core.view.AbstractWindowManager - Starting Window is org.apache.pivot.wtk.Window
[Test worker] DEBUG org.codehaus.griffon.runtime.core.event.AbstractEventRouter - Triggering event 'ReadyStart' synchronously
[AWT-EventQueue-0] DEBUG org.codehaus.griffon.runtime.core.view.AbstractWindowManager - Showing window with name: 'window0' at index 0 org.apache.pivot.wtk.Window
[Test worker] TRACE griffon.util.CompositeResourceBundle - Searching key=application.lifecycle.handler.disable
[Test worker] TRACE griffon.util.CompositeResourceBundle - Searching key=application
[AWT-EventQueue-0] TRACE griffon.util.CompositeResourceBundle - Searching key=windowManager
[Test worker] TRACE griffon.util.CompositeResourceBundle - Bundle griffon.util.ExpandableResourceBundle@25dc1cc2; key=application; value='{title=Pivot + Groovy, startupGroups=[sample], autoShutdown=true}'
[AWT-EventQueue-0] TRACE griffon.util.CompositeResourceBundle - Searching key=windowManager
[Test worker] DEBUG org.codehaus.griffon.runtime.core.event.AbstractEventRouter - Triggering event 'ReadyEnd' synchronously
[Test worker] TRACE griffon.util.CompositeResourceBundle - Searching key=windowManager.startingWindow
[Test worker] TRACE griffon.util.CompositeResourceBundle - Searching key=windowManager
[Test worker] DEBUG org.codehaus.griffon.runtime.core.view.AbstractWindowManager - windowManager.startingWindow configured to null
[Test worker] DEBUG org.codehaus.griffon.runtime.core.view.AbstractWindowManager - No startingWindow configured, selecting the first one from the windows list
[Test worker] DEBUG org.codehaus.griffon.runtime.core.view.AbstractWindowManager - Starting Window is org.apache.pivot.wtk.Window
[AWT-EventQueue-0] TRACE griffon.util.CompositeResourceBundle - Searching key=windowManager
[AWT-EventQueue-0] TRACE griffon.util.CompositeResourceBundle - Searching key=windowManager
[AWT-EventQueue-0] TRACE org.codehaus.griffon.runtime.core.view.ConfigurableWindowDisplayHandler - Showing window0 with default handler
[AWT-EventQueue-0] TRACE griffon.util.CompositeResourceBundle - Searching key=windowManager
[AWT-EventQueue-0] TRACE griffon.util.CompositeResourceBundle - Searching key=windowManager
[AWT-EventQueue-0] DEBUG org.codehaus.griffon.runtime.core.event.AbstractEventRouter - Triggering event 'WindowShown' synchronously
[AWT-EventQueue-0] TRACE griffon.util.CompositeResourceBundle - Searching key=griffon.disable.threading.injection
[AWT-EventQueue-0] TRACE griffon.util.CompositeResourceBundle - Searching key=griffon
[AWT-EventQueue-0] TRACE griffon.util.CompositeResourceBundle - Searching key=controller.threading.default
[AWT-EventQueue-0] TRACE griffon.util.CompositeResourceBundle - Searching key=controller
[AWT-EventQueue-0] DEBUG org.codehaus.griffon.runtime.core.controller.AbstractActionManager - Executing sample.pivot.groovy.SampleController.sayHello with policy OUTSIDE_UITHREAD
[pool-1-thread-1] DEBUG org.codehaus.griffon.runtime.core.controller.AbstractActionManager - Executing 0 handlers for sample.pivot.groovy.SampleController.sayHello
[pool-1-thread-1] TRACE org.codehaus.griffon.runtime.core.controller.AbstractActionManager - Status before execution of sample.pivot.groovy.SampleController.sayHello is OK
[pool-1-thread-1] TRACE griffon.util.CompositeResourceBundle - Searching key=greeting.parameterized
[pool-1-thread-1] TRACE griffon.util.CompositeResourceBundle - Bundle griffon.util.ExpandableResourceBundle@6981fef; key=greeting.parameterized; value='Hello {0}'
[pool-1-thread-1] TRACE org.codehaus.griffon.runtime.core.controller.AbstractActionManager - Status after execution of sample.pivot.groovy.SampleController.sayHello is OK
[Test worker] DEBUG org.codehaus.griffon.runtime.core.event.AbstractEventRouter - Triggering event 'ShutdownRequested' synchronously
[Test worker] INFO org.codehaus.griffon.runtime.pivot.TestDesktopPivotApplication - Shutdown is in process
[Test worker] DEBUG org.codehaus.griffon.runtime.pivot.TestDesktopPivotApplication - Shutdown stage 1: notify all event listeners
[Test worker] DEBUG org.codehaus.griffon.runtime.core.event.AbstractEventRouter - Adding listener org.codehaus.griffon.runtime.core.AbstractGriffonApplication$1 on ShutdownStart
[Test worker] DEBUG org.codehaus.griffon.runtime.core.event.AbstractEventRouter - Triggering event 'ShutdownStart' synchronously
[Test worker] DEBUG org.codehaus.griffon.runtime.pivot.TestDesktopPivotApplication - Shutdown stage 2: notify all shutdown handlers
[Test worker] DEBUG org.codehaus.griffon.runtime.pivot.TestDesktopPivotApplication - Shutdown stage 3: destroy all MVC groups
[AWT-EventQueue-0] DEBUG org.codehaus.griffon.runtime.core.view.AbstractWindowManager - Hiding window with name: 'window0' at index 0 org.apache.pivot.wtk.Window
[Test worker] DEBUG org.codehaus.griffon.runtime.core.mvc.AbstractMVCGroupManager - Searching group sample
[Test worker] DEBUG org.codehaus.griffon.runtime.core.mvc.DefaultMVCGroupManager - Group 'sample' points to org.codehaus.griffon.runtime.groovy.mvc.GroovyAwareMVCGroup@139eec73[sample:sample]
[AWT-EventQueue-0] TRACE griffon.util.CompositeResourceBundle - Searching key=windowManager
[Test worker] DEBUG org.codehaus.griffon.runtime.core.mvc.DefaultMVCGroupManager - Destroying MVC group identified by 'sample'
[AWT-EventQueue-0] TRACE griffon.util.CompositeResourceBundle - Searching key=windowManager
[Test worker] DEBUG org.codehaus.griffon.runtime.core.event.AbstractEventRouter - Removing listener sample.pivot.groovy.SampleController@4d2d45ff
[Test worker] DEBUG org.codehaus.griffon.runtime.core.event.AbstractEventRouter - Triggering event 'DestroyInstance' synchronously
[Test worker] DEBUG org.codehaus.griffon.runtime.core.event.AbstractEventRouter - Triggering event 'DestroyInstance' synchronously
[Test worker] DEBUG org.codehaus.griffon.runtime.core.mvc.AbstractMVCGroupManager - Removing group sample:org.codehaus.griffon.runtime.groovy.mvc.GroovyAwareMVCGroup@139eec73[sample:sample]
[Test worker] DEBUG org.codehaus.griffon.runtime.core.mvc.AbstractMVCGroupManager - Searching group sample
[Test worker] DEBUG org.codehaus.griffon.runtime.core.mvc.DefaultMVCGroupManager - Group 'sample' points to null
[AWT-EventQueue-0] TRACE griffon.util.CompositeResourceBundle - Searching key=windowManager
[Test worker] DEBUG org.codehaus.griffon.runtime.core.event.AbstractEventRouter - Triggering event 'DestroyMVCGroup' synchronously
[Test worker] DEBUG org.codehaus.griffon.runtime.pivot.TestDesktopPivotApplication - Shutdown stage 4: execute Shutdown script
[AWT-EventQueue-0] TRACE griffon.util.CompositeResourceBundle - Searching key=windowManager
[AWT-EventQueue-0] TRACE org.codehaus.griffon.runtime.core.view.ConfigurableWindowDisplayHandler - Hiding window0 with default handler
[AWT-EventQueue-0] TRACE griffon.util.CompositeResourceBundle - Searching key=windowManager
[Test worker] TRACE griffon.util.CompositeResourceBundle - Searching key=application.lifecycle.handler.disable
[AWT-EventQueue-0] TRACE griffon.util.CompositeResourceBundle - Searching key=windowManager
[Test worker] TRACE griffon.util.CompositeResourceBundle - Searching key=application
[Test worker] TRACE griffon.util.CompositeResourceBundle - Bundle griffon.util.ExpandableResourceBundle@25dc1cc2; key=application; value='{title=Pivot + Groovy, startupGroups=[sample], autoShutdown=true}'
[AWT-EventQueue-0] DEBUG org.codehaus.griffon.runtime.core.event.AbstractEventRouter - Triggering event 'WindowHidden' synchronously
[AWT-EventQueue-0] INFO org.codehaus.griffon.runtime.core.DefaultApplicationBootstrapper - Griffon 2.4.0-SNAPSHOT
[AWT-EventQueue-0] INFO org.codehaus.griffon.runtime.core.DefaultApplicationBootstrapper - Build: 2015-08-07T18:28:35.306+0000
[AWT-EventQueue-0] INFO org.codehaus.griffon.runtime.core.DefaultApplicationBootstrapper - JVM: 1.8.0_51 (Oracle Corporation 25.51-b03)
[AWT-EventQueue-0] INFO org.codehaus.griffon.runtime.core.DefaultApplicationBootstrapper - OS: Linux 2.6.32-042stab105.14 amd64
[AWT-EventQueue-0] DEBUG org.codehaus.griffon.runtime.core.DefaultApplicationBootstrapper - Creating module bindings
[AWT-EventQueue-0] DEBUG griffon.util.ServiceLoaderUtils - Reading definitions from file:/home/travis/build/griffon/griffon/samples/sample-pivot-groovy/build/classes/main/META-INF/griffon
[AWT-EventQueue-0] DEBUG griffon.util.AnnotationUtils - Current module order is [core, groovy, pivot-groovy, pivot, application, testApplicationBootstrapper$InnerClasses, testApplicationBootstrapper$Fields]
[AWT-EventQueue-0] TRACE griffon.util.AnnotationUtils - Processing module 'core'
[AWT-EventQueue-0] TRACE griffon.util.AnnotationUtils -   depends on '[]'
[AWT-EventQueue-0] TRACE griffon.util.AnnotationUtils -   adding module 'core', since all dependencies have been added
[AWT-EventQueue-0] TRACE griffon.util.AnnotationUtils - Processing module 'groovy'
[AWT-EventQueue-0] TRACE griffon.util.AnnotationUtils -   depends on '[]'
[AWT-EventQueue-0] TRACE griffon.util.AnnotationUtils -   adding module 'groovy', since all dependencies have been added
[AWT-EventQueue-0] TRACE griffon.util.AnnotationUtils - Processing module 'pivot-groovy'
[AWT-EventQueue-0] TRACE griffon.util.AnnotationUtils -   depends on '[pivot]'
[AWT-EventQueue-0] TRACE griffon.util.AnnotationUtils -   checking module 'pivot-groovy' dependencies (1)
[AWT-EventQueue-0] TRACE griffon.util.AnnotationUtils -   checking module 'pivot-groovy' dependencies: 
[AWT-EventQueue-0] TRACE griffon.util.AnnotationUtils -   skipped module 'pivot-groovy', since dependency 'pivot' not yet added
[AWT-EventQueue-0] TRACE griffon.util.AnnotationUtils - Processing module 'pivot'
[AWT-EventQueue-0] TRACE griffon.util.AnnotationUtils -   depends on '[]'
[AWT-EventQueue-0] TRACE griffon.util.AnnotationUtils -   adding module 'pivot', since all dependencies have been added
[AWT-EventQueue-0] TRACE griffon.util.AnnotationUtils - Processing module 'application'
[AWT-EventQueue-0] TRACE griffon.util.AnnotationUtils -   depends on '[]'
[AWT-EventQueue-0] TRACE griffon.util.AnnotationUtils -   adding module 'application', since all dependencies have been added
[AWT-EventQueue-0] TRACE griffon.util.AnnotationUtils - Processing module 'testApplicationBootstrapper$InnerClasses'
[AWT-EventQueue-0] TRACE griffon.util.AnnotationUtils -   depends on '[]'
[AWT-EventQueue-0] TRACE griffon.util.AnnotationUtils -   adding module 'testApplicationBootstrapper$InnerClasses', since all dependencies have been added
[AWT-EventQueue-0] TRACE griffon.util.AnnotationUtils - Processing module 'testApplicationBootstrapper$Fields'
[AWT-EventQueue-0] TRACE griffon.util.AnnotationUtils -   depends on '[]'
[AWT-EventQueue-0] TRACE griffon.util.AnnotationUtils -   adding module 'testApplicationBootstrapper$Fields', since all dependencies have been added
[AWT-EventQueue-0] DEBUG griffon.util.AnnotationUtils - Current module order is [core, groovy, pivot-groovy, pivot, application, testApplicationBootstrapper$InnerClasses, testApplicationBootstrapper$Fields]
[AWT-EventQueue-0] TRACE griffon.util.AnnotationUtils - Processing module 'pivot-groovy'
[AWT-EventQueue-0] TRACE griffon.util.AnnotationUtils -   depends on '[pivot]'
[AWT-EventQueue-0] TRACE griffon.util.AnnotationUtils -   checking module 'pivot-groovy' dependencies (1)
[AWT-EventQueue-0] TRACE griffon.util.AnnotationUtils -   checking module 'pivot-groovy' dependencies: 
[AWT-EventQueue-0] TRACE griffon.util.AnnotationUtils -   module 'pivot-groovy' dependency 'pivot' already added
[AWT-EventQueue-0] TRACE griffon.util.AnnotationUtils -   adding module 'pivot-groovy', since all dependencies have been added
[AWT-EventQueue-0] TRACE griffon.util.AnnotationUtils - module dependency ordering complete
[AWT-EventQueue-0] DEBUG griffon.util.AnnotationUtils - computed module order is [core, groovy, pivot, application, testApplicationBootstrapper$InnerClasses, testApplicationBootstrapper$Fields, pivot-groovy]
[AWT-EventQueue-0] DEBUG org.codehaus.griffon.runtime.core.TestApplicationBootstrapper - computed Module order is [core, groovy, pivot, application, pivot-groovy, testApplicationBootstrapper$InnerClasses, testApplicationBootstrapper$Fields]
[AWT-EventQueue-0] DEBUG org.codehaus.griffon.runtime.core.DefaultApplicationBootstrapper - Loading module bindings from core:org.codehaus.griffon.runtime.core.DefaultApplicationModule@611f3df8
[AWT-EventQueue-0] DEBUG org.codehaus.griffon.runtime.core.DefaultApplicationBootstrapper - Loading module bindings from groovy:org.codehaus.griffon.runtime.groovy.GroovyModule@6e62adb7
[AWT-EventQueue-0] DEBUG org.codehaus.griffon.runtime.core.DefaultApplicationBootstrapper - Loading module bindings from pivot:org.codehaus.griffon.runtime.pivot.PivotModule@3aef8f1a
[AWT-EventQueue-0] DEBUG org.codehaus.griffon.runtime.core.DefaultApplicationBootstrapper - Loading module bindings from application:sample.pivot.groovy.ApplicationModule@20551206
[AWT-EventQueue-0] DEBUG org.codehaus.griffon.runtime.core.DefaultApplicationBootstrapper - Loading module bindings from pivot-groovy:org.codehaus.griffon.runtime.pivot.PivotBuilderModule@38bd1b09
[AWT-EventQueue-0] DEBUG org.codehaus.griffon.runtime.core.DefaultApplicationBootstrapper - Loading module bindings from testApplicationBootstrapper$InnerClasses:org.codehaus.griffon.runtime.core.TestApplicationBootstrapper$InnerClassesModule@43c906bc
[AWT-EventQueue-0] DEBUG org.codehaus.griffon.runtime.core.DefaultApplicationBootstrapper - Loading module bindings from testApplicationBootstrapper$Fields:org.codehaus.griffon.runtime.core.TestApplicationBootstrapper$FieldsModule@518c680
[AWT-EventQueue-0] TRACE org.codehaus.griffon.runtime.core.DefaultApplicationBootstrapper - InstanceBinding[source=griffon.core.GriffonApplication, instance=org.codehaus.griffon.runtime.pivot.TestDesktopPivotApplication@15f8f795, singleton=true]
[AWT-EventQueue-0] TRACE org.codehaus.griffon.runtime.core.DefaultApplicationBootstrapper - TargetBinding[source=sample.pivot.groovy.SampleService, target=sample.pivot.groovy.SampleService, singleton=true]
[AWT-EventQueue-0] TRACE org.codehaus.griffon.runtime.core.DefaultApplicationBootstrapper - TargetBinding[source=sample.pivot.groovy.SampleView, target=sample.pivot.groovy.SampleView, singleton=false]
[AWT-EventQueue-0] TRACE org.codehaus.griffon.runtime.core.DefaultApplicationBootstrapper - TargetBinding[source=sample.pivot.groovy.SampleController, target=sample.pivot.groovy.SampleController, singleton=false]
[AWT-EventQueue-0] TRACE org.codehaus.griffon.runtime.core.DefaultApplicationBootstrapper - InstanceBinding[source=org.apache.pivot.wtk.Display, instance=org.apache.pivot.wtk.Display, singleton=true]
[AWT-EventQueue-0] TRACE org.codehaus.griffon.runtime.core.DefaultApplicationBootstrapper - TargetBinding[source=griffon.core.ApplicationClassLoader, target=org.codehaus.griffon.runtime.core.DefaultApplicationClassLoader, singleton=true]
[AWT-EventQueue-0] TRACE org.codehaus.griffon.runtime.core.DefaultApplicationBootstrapper - ProviderTypeBinding[source=griffon.core.env.Metadata, providerType=org.codehaus.griffon.runtime.core.env.MetadataProvider, singleton=true]
[AWT-EventQueue-0] TRACE org.codehaus.griffon.runtime.core.DefaultApplicationBootstrapper - ProviderTypeBinding[source=griffon.core.env.RunMode, providerType=org.codehaus.griffon.runtime.core.env.RunModeProvider, singleton=true]
[AWT-EventQueue-0] TRACE org.codehaus.griffon.runtime.core.DefaultApplicationBootstrapper - ProviderTypeBinding[source=griffon.core.env.Environment, providerType=org.codehaus.griffon.runtime.core.env.EnvironmentProvider, singleton=true]
[AWT-EventQueue-0] TRACE org.codehaus.griffon.runtime.core.DefaultApplicationBootstrapper - TargetBinding[source=griffon.core.Context, classifier=@javax.inject.Named(value=applicationContext), target=org.codehaus.griffon.runtime.core.DefaultContext, singleton=true]
[AWT-EventQueue-0] TRACE org.codehaus.griffon.runtime.core.DefaultApplicationBootstrapper - TargetBinding[source=griffon.core.ApplicationConfigurer, target=org.codehaus.griffon.runtime.core.DefaultApplicationConfigurer, singleton=true]
[AWT-EventQueue-0] TRACE org.codehaus.griffon.runtime.core.DefaultApplicationBootstrapper - TargetBinding[source=griffon.core.resources.ResourceHandler, target=org.codehaus.griffon.runtime.core.resources.DefaultResourceHandler, singleton=true]
[AWT-EventQueue-0] TRACE org.codehaus.griffon.runtime.core.DefaultApplicationBootstrapper - TargetBinding[source=griffon.util.CompositeResourceBundleBuilder, target=org.codehaus.griffon.runtime.groovy.util.GroovyAwareCompositeResourceBundleBuilder, singleton=true]
[AWT-EventQueue-0] TRACE org.codehaus.griffon.runtime.core.DefaultApplicationBootstrapper - ProviderBinding[source=java.util.ResourceBundle, classifier=@javax.inject.Named(value=applicationResourceBundle), provider=org.codehaus.griffon.runtime.util.ResourceBundleProvider@3181a134, singleton=true]
[AWT-EventQueue-0] TRACE org.codehaus.griffon.runtime.core.DefaultApplicationBootstrapper - TargetBinding[source=griffon.core.Configuration, target=org.codehaus.griffon.runtime.core.DefaultConfiguration, singleton=true]
[AWT-EventQueue-0] TRACE org.codehaus.griffon.runtime.core.DefaultApplicationBootstrapper - TargetBinding[source=griffon.core.ExecutorServiceManager, target=org.codehaus.griffon.runtime.core.DefaultExecutorServiceManager, singleton=true]
[AWT-EventQueue-0] TRACE org.codehaus.griffon.runtime.core.DefaultApplicationBootstrapper - TargetBinding[source=griffon.core.event.EventRouter, classifier=@javax.inject.Named(value=applicationEventRouter), target=org.codehaus.griffon.runtime.core.event.DefaultEventRouter, singleton=true]
[AWT-EventQueue-0] TRACE org.codehaus.griffon.runtime.core.DefaultApplicationBootstrapper - TargetBinding[source=griffon.core.event.EventRouter, target=org.codehaus.griffon.runtime.core.event.DefaultEventRouter, singleton=false]
[AWT-EventQueue-0] TRACE org.codehaus.griffon.runtime.core.DefaultApplicationBootstrapper - ProviderBinding[source=griffon.core.resources.ResourceResolver, classifier=@javax.inject.Named(value=applicationResourceResolver), provider=org.codehaus.griffon.runtime.core.resources.ResourceResolverProvider@6c0bde4d, singleton=true]
[AWT-EventQueue-0] TRACE org.codehaus.griffon.runtime.core.DefaultApplicationBootstrapper - ProviderBinding[source=griffon.core.i18n.MessageSource, classifier=@javax.inject.Named(value=applicationMessageSource), provider=org.codehaus.griffon.runtime.core.i18n.MessageSourceProvider@24af342, singleton=true]
[AWT-EventQueue-0] TRACE org.codehaus.griffon.runtime.core.DefaultApplicationBootstrapper - TargetBinding[source=griffon.core.resources.ResourceInjector, classifier=@javax.inject.Named(value=applicationResourceInjector), target=org.codehaus.griffon.runtime.core.resources.DefaultApplicationResourceInjector, singleton=true]
[AWT-EventQueue-0] TRACE org.codehaus.griffon.runtime.core.DefaultApplicationBootstrapper - ProviderTypeBinding[source=java.util.concurrent.ExecutorService, classifier=@javax.inject.Named(value=defaultExecutorService), providerType=org.codehaus.griffon.runtime.core.threading.DefaultExecutorServiceProvider, singleton=true]
[AWT-EventQueue-0] TRACE org.codehaus.griffon.runtime.core.DefaultApplicationBootstrapper - TargetBinding[source=griffon.core.threading.UIThreadManager, target=org.codehaus.griffon.runtime.pivot.PivotUIThreadManager, singleton=true]
[AWT-EventQueue-0] TRACE org.codehaus.griffon.runtime.core.DefaultApplicationBootstrapper - TargetBinding[source=griffon.core.mvc.MVCGroupManager, target=org.codehaus.griffon.runtime.groovy.mvc.GroovyAwareMVCGroupManager, singleton=true]
[AWT-EventQueue-0] TRACE org.codehaus.griffon.runtime.core.DefaultApplicationBootstrapper - ProviderBinding[source=griffon.core.LifecycleHandler, classifier=@javax.inject.Named(value=Initialize), provider=org.codehaus.griffon.runtime.core.LifecycleHandlerProvider@505ce8c1, singleton=true]
[AWT-EventQueue-0] TRACE org.codehaus.griffon.runtime.core.DefaultApplicationBootstrapper - ProviderBinding[source=griffon.core.LifecycleHandler, classifier=@javax.inject.Named(value=Startup), provider=org.codehaus.griffon.runtime.core.LifecycleHandlerProvider@6c686bff, singleton=true]
[AWT-EventQueue-0] TRACE org.codehaus.griffon.runtime.core.DefaultApplicationBootstrapper - ProviderBinding[source=griffon.core.LifecycleHandler, classifier=@javax.inject.Named(value=Ready), provider=org.codehaus.griffon.runtime.core.LifecycleHandlerProvider@5e233989, singleton=true]
[AWT-EventQueue-0] TRACE org.codehaus.griffon.runtime.core.DefaultApplicationBootstrapper - ProviderBinding[source=griffon.core.LifecycleHandler, classifier=@javax.inject.Named(value=Shutdown), provider=org.codehaus.griffon.runtime.core.LifecycleHandlerProvider@ba601ec, singleton=true]
[AWT-EventQueue-0] TRACE org.codehaus.griffon.runtime.core.DefaultApplicationBootstrapper - ProviderBinding[source=griffon.core.LifecycleHandler, classifier=@javax.inject.Named(value=Stop), provider=org.codehaus.griffon.runtime.core.LifecycleHandlerProvider@3c0bfab9, singleton=true]
[AWT-EventQueue-0] TRACE org.codehaus.griffon.runtime.core.DefaultApplicationBootstrapper - TargetBinding[source=griffon.core.view.WindowManager, target=org.codehaus.griffon.runtime.pivot.DefaultPivotWindowManager, singleton=true]
[AWT-EventQueue-0] TRACE org.codehaus.griffon.runtime.core.DefaultApplicationBootstrapper - TargetBinding[source=griffon.core.controller.ActionManager, target=org.codehaus.griffon.runtime.pivot.controller.PivotActionManager, singleton=true]
[AWT-EventQueue-0] TRACE org.codehaus.griffon.runtime.core.DefaultApplicationBootstrapper - TargetBinding[source=griffon.core.artifact.ArtifactManager, target=org.codehaus.griffon.runtime.core.artifact.DefaultArtifactManager, singleton=true]
[AWT-EventQueue-0] TRACE org.codehaus.griffon.runtime.core.DefaultApplicationBootstrapper - TargetBinding[source=griffon.core.artifact.ArtifactHandler, classifier=@griffon.inject.Typed(value=interface griffon.core.artifact.GriffonModel), target=org.codehaus.griffon.runtime.core.artifact.ModelArtifactHandler, singleton=true]
[AWT-EventQueue-0] TRACE org.codehaus.griffon.runtime.core.DefaultApplicationBootstrapper - TargetBinding[source=griffon.core.artifact.ArtifactHandler, classifier=@griffon.inject.Typed(value=interface griffon.core.artifact.GriffonView), target=org.codehaus.griffon.runtime.core.artifact.ViewArtifactHandler, singleton=true]
[AWT-EventQueue-0] TRACE org.codehaus.griffon.runtime.core.DefaultApplicationBootstrapper - TargetBinding[source=griffon.core.artifact.ArtifactHandler, classifier=@griffon.inject.Typed(value=interface griffon.core.artifact.GriffonController), target=org.codehaus.griffon.runtime.core.artifact.ControllerArtifactHandler, singleton=true]
[AWT-EventQueue-0] TRACE org.codehaus.griffon.runtime.core.DefaultApplicationBootstrapper - TargetBinding[source=griffon.core.artifact.ArtifactHandler, classifier=@griffon.inject.Typed(value=interface griffon.core.artifact.GriffonService), target=org.codehaus.griffon.runtime.core.artifact.ServiceArtifactHandler, singleton=true]
[AWT-EventQueue-0] TRACE org.codehaus.griffon.runtime.core.DefaultApplicationBootstrapper - ProviderTypeBinding[source=griffon.core.PlatformHandler, providerType=org.codehaus.griffon.runtime.core.PlatformHandlerProvider, singleton=true]
[AWT-EventQueue-0] TRACE org.codehaus.griffon.runtime.core.DefaultApplicationBootstrapper - TargetBinding[source=griffon.core.addon.AddonManager, target=org.codehaus.griffon.runtime.core.addon.DefaultAddonManager, singleton=true]
[AWT-EventQueue-0] TRACE org.codehaus.griffon.runtime.core.DefaultApplicationBootstrapper - TargetBinding[source=griffon.core.event.EventHandler, target=org.codehaus.griffon.runtime.core.event.DefaultEventHandler, singleton=true]
[AWT-EventQueue-0] TRACE org.codehaus.griffon.runtime.core.DefaultApplicationBootstrapper - TargetBinding[source=griffon.core.GriffonExceptionHandler, target=griffon.core.GriffonExceptionHandler, singleton=true]
[AWT-EventQueue-0] TRACE org.codehaus.griffon.runtime.core.DefaultApplicationBootstrapper - ProviderTypeBinding[source=griffon.util.ConfigReader, providerType=griffon.util.ConfigReader$Provider, singleton=true]
[AWT-EventQueue-0] TRACE org.codehaus.griffon.runtime.core.DefaultApplicationBootstrapper - TargetBinding[source=griffon.core.addon.GriffonAddon, classifier=@javax.inject.Named(value=groovy), target=org.codehaus.griffon.runtime.groovy.GroovyAddon, singleton=true]
[AWT-EventQueue-0] TRACE org.codehaus.griffon.runtime.core.DefaultApplicationBootstrapper - TargetBinding[source=griffon.util.BuilderCustomizer, classifier=@javax.inject.Named(value=core), target=griffon.builder.core.CoreBuilderCustomizer, singleton=true]
[AWT-EventQueue-0] TRACE org.codehaus.griffon.runtime.core.DefaultApplicationBootstrapper - TargetBinding[source=griffon.pivot.PivotWindowDisplayHandler, classifier=@javax.inject.Named(value=defaultWindowDisplayHandler), target=org.codehaus.griffon.runtime.pivot.DefaultPivotWindowDisplayHandler, singleton=true]
[AWT-EventQueue-0] TRACE org.codehaus.griffon.runtime.core.DefaultApplicationBootstrapper - TargetBinding[source=griffon.pivot.PivotWindowDisplayHandler, classifier=@javax.inject.Named(value=windowDisplayHandler), target=org.codehaus.griffon.runtime.pivot.GroovyAwareConfigurablePivotWindowDisplayHandler, singleton=true]
[AWT-EventQueue-0] TRACE org.codehaus.griffon.runtime.core.DefaultApplicationBootstrapper - TargetBinding[source=griffon.util.BuilderCustomizer, classifier=@javax.inject.Named(value=pivot), target=griffon.builder.pivot.PivotBuilderCustomizer, singleton=true]
[AWT-EventQueue-0] DEBUG org.codehaus.griffon.runtime.core.DefaultApplicationBootstrapper - Creating application injector
[AWT-EventQueue-0] DEBUG org.codehaus.griffon.runtime.core.DefaultApplicationBootstrapper - Injector will be created by org.codehaus.griffon.runtime.injection.GuiceInjectorFactory@6fa917d4
[AWT-EventQueue-0] DEBUG griffon.util.AnnotationUtils - computed module order is []
[AWT-EventQueue-0] TRACE griffon.util.CompositeResourceBundle - Searching key=application
[AWT-EventQueue-0] TRACE griffon.util.CompositeResourceBundle - Bundle griffon.util.ExpandableResourceBundle@533e572c; key=application; value='{title=Pivot + Groovy, startupGroups=[sample], autoShutdown=true}'
[AWT-EventQueue-0] TRACE griffon.util.CompositeResourceBundle - Searching key=application.title
[AWT-EventQueue-0] TRACE griffon.util.CompositeResourceBundle - Bundle griffon.util.ExpandableResourceBundle@533e572c; key=application.title; value='Pivot + Groovy'
[AWT-EventQueue-0] TRACE griffon.util.CompositeResourceBundle - Searching key=application.startupGroups
[AWT-EventQueue-0] TRACE griffon.util.CompositeResourceBundle - Bundle griffon.util.ExpandableResourceBundle@533e572c; key=application.startupGroups; value='[sample]'
[AWT-EventQueue-0] TRACE griffon.util.CompositeResourceBundle - Searching key=application.autoShutdown
[AWT-EventQueue-0] TRACE griffon.util.CompositeResourceBundle - Bundle griffon.util.ExpandableResourceBundle@533e572c; key=application.autoShutdown; value='true'
[AWT-EventQueue-0] TRACE griffon.util.CompositeResourceBundle - Searching key=mvcGroups
[AWT-EventQueue-0] TRACE griffon.util.CompositeResourceBundle - Bundle griffon.util.ExpandableResourceBundle@533e572c; key=mvcGroups; value='{sample={view=sample.pivot.groovy.SampleView, controller=sample.pivot.groovy.SampleController}}'
[AWT-EventQueue-0] TRACE griffon.util.CompositeResourceBundle - Searching key=mvcGroups.sample.view
[AWT-EventQueue-0] TRACE griffon.util.CompositeResourceBundle - Bundle griffon.util.ExpandableResourceBundle@533e572c; key=mvcGroups.sample.view; value='sample.pivot.groovy.SampleView'
[AWT-EventQueue-0] TRACE griffon.util.CompositeResourceBundle - Searching key=mvcGroups.sample.controller
[AWT-EventQueue-0] TRACE griffon.util.CompositeResourceBundle - Bundle griffon.util.ExpandableResourceBundle@533e572c; key=mvcGroups.sample.controller; value='sample.pivot.groovy.SampleController'
[AWT-EventQueue-0] DEBUG org.codehaus.griffon.runtime.core.event.AbstractEventRouter - Adding listener org.codehaus.griffon.runtime.core.MVCGroupExceptionHandler on UncaughtMVCGroupConfigurationException
[AWT-EventQueue-0] DEBUG org.codehaus.griffon.runtime.core.event.AbstractEventRouter - Adding listener org.codehaus.griffon.runtime.core.MVCGroupExceptionHandler on UncaughtMVCGroupInstantiationException
[AWT-EventQueue-0] DEBUG org.codehaus.griffon.runtime.core.event.AbstractEventRouter - Triggering event 'BootstrapStart' synchronously
[AWT-EventQueue-0] DEBUG griffon.util.ServiceLoaderUtils - Reading com.googlecode.openbeans.PropertyEditor definitions from jar:file:/home/travis/build/griffon/griffon/subprojects/griffon-pivot/build/libs/griffon-pivot-2.4.0-SNAPSHOT.jar!/META-INF/editors/com.googlecode.openbeans.PropertyEditor
[AWT-EventQueue-0] DEBUG org.codehaus.griffon.runtime.core.DefaultApplicationConfigurer - Registering griffon.pivot.editors.ColorPropertyEditor as editor for java.awt.Color
[AWT-EventQueue-0] DEBUG org.codehaus.griffon.runtime.core.DefaultApplicationConfigurer - Registering griffon.pivot.editors.BoundsPropertyEditor as editor for org.apache.pivot.wtk.Bounds
[AWT-EventQueue-0] DEBUG org.codehaus.griffon.runtime.core.DefaultApplicationConfigurer - Registering griffon.pivot.editors.DimensionsPropertyEditor as editor for org.apache.pivot.wtk.Dimensions
[AWT-EventQueue-0] DEBUG org.codehaus.griffon.runtime.core.DefaultApplicationConfigurer - Registering griffon.pivot.editors.InsetsPropertyEditor as editor for org.apache.pivot.wtk.Insets
[AWT-EventQueue-0] DEBUG org.codehaus.griffon.runtime.core.DefaultApplicationConfigurer - Registering griffon.pivot.editors.PointPropertyEditor as editor for org.apache.pivot.wtk.Point
[AWT-EventQueue-0] TRACE griffon.core.editors.PropertyEditorResolver - Searching PropertyEditor for java.lang.Boolean
[AWT-EventQueue-0] TRACE griffon.core.editors.PropertyEditorResolver - PropertyEditor for java.lang.Boolean is org.apache.harmony.beans.editors.BooleanEditor
[AWT-EventQueue-0] DEBUG org.codehaus.griffon.runtime.core.DefaultApplicationConfigurer - Registering org.apache.harmony.beans.editors.BooleanEditor as editor for boolean
[AWT-EventQueue-0] TRACE griffon.core.editors.PropertyEditorResolver - Searching PropertyEditor for java.lang.Byte
[AWT-EventQueue-0] TRACE griffon.core.editors.PropertyEditorResolver - PropertyEditor for java.lang.Byte is org.apache.harmony.beans.editors.ByteEditor
[AWT-EventQueue-0] DEBUG org.codehaus.griffon.runtime.core.DefaultApplicationConfigurer - Registering org.apache.harmony.beans.editors.ByteEditor as editor for byte
[AWT-EventQueue-0] TRACE griffon.core.editors.PropertyEditorResolver - Searching PropertyEditor for java.lang.Short
[AWT-EventQueue-0] TRACE griffon.core.editors.PropertyEditorResolver - PropertyEditor for java.lang.Short is org.apache.harmony.beans.editors.ShortEditor
[AWT-EventQueue-0] DEBUG org.codehaus.griffon.runtime.core.DefaultApplicationConfigurer - Registering org.apache.harmony.beans.editors.ShortEditor as editor for short
[AWT-EventQueue-0] TRACE griffon.core.editors.PropertyEditorResolver - Searching PropertyEditor for java.lang.Integer
[AWT-EventQueue-0] TRACE griffon.core.editors.PropertyEditorResolver - PropertyEditor for java.lang.Integer is griffon.core.editors.PropertyEditorResolver$NoopPropertyEditor
[AWT-EventQueue-0] DEBUG org.codehaus.griffon.runtime.core.DefaultApplicationConfigurer - Registering griffon.core.editors.PropertyEditorResolver$NoopPropertyEditor as editor for int
[AWT-EventQueue-0] TRACE griffon.core.editors.PropertyEditorResolver - Searching PropertyEditor for java.lang.Long
[AWT-EventQueue-0] TRACE griffon.core.editors.PropertyEditorResolver - PropertyEditor for java.lang.Long is org.apache.harmony.beans.editors.LongEditor
[AWT-EventQueue-0] DEBUG org.codehaus.griffon.runtime.core.DefaultApplicationConfigurer - Registering org.apache.harmony.beans.editors.LongEditor as editor for long
[AWT-EventQueue-0] TRACE griffon.core.editors.PropertyEditorResolver - Searching PropertyEditor for java.lang.Float
[AWT-EventQueue-0] TRACE griffon.core.editors.PropertyEditorResolver - PropertyEditor for java.lang.Float is org.apache.harmony.beans.editors.FloatEditor
[AWT-EventQueue-0] DEBUG org.codehaus.griffon.runtime.core.DefaultApplicationConfigurer - Registering org.apache.harmony.beans.editors.FloatEditor as editor for float
[AWT-EventQueue-0] TRACE griffon.core.editors.PropertyEditorResolver - Searching PropertyEditor for java.lang.Double
[AWT-EventQueue-0] TRACE griffon.core.editors.PropertyEditorResolver - PropertyEditor for java.lang.Double is org.apache.harmony.beans.editors.DoubleEditor
[AWT-EventQueue-0] DEBUG org.codehaus.griffon.runtime.core.DefaultApplicationConfigurer - Registering org.apache.harmony.beans.editors.DoubleEditor as editor for double
[AWT-EventQueue-0] DEBUG org.codehaus.griffon.runtime.core.event.AbstractEventRouter - Adding listener org.codehaus.griffon.runtime.core.DefaultApplicationConfigurer$2 on NewInstance
[AWT-EventQueue-0] TRACE griffon.util.CompositeResourceBundle - Searching key=application.lifecycle.handler.disable
[AWT-EventQueue-0] TRACE griffon.util.CompositeResourceBundle - Searching key=application
[AWT-EventQueue-0] TRACE griffon.util.CompositeResourceBundle - Bundle griffon.util.ExpandableResourceBundle@533e572c; key=application; value='{title=Pivot + Groovy, startupGroups=[sample], autoShutdown=true}'
[AWT-EventQueue-0] TRACE griffon.util.CompositeResourceBundle - Searching key=platform.handler.linux64
[AWT-EventQueue-0] TRACE griffon.util.CompositeResourceBundle - Searching key=platform
[AWT-EventQueue-0] DEBUG org.codehaus.griffon.runtime.core.PlatformHandlerProvider - Using org.codehaus.griffon.runtime.core.DefaultPlatformHandler as PlatformHandler
[AWT-EventQueue-0] DEBUG org.codehaus.griffon.runtime.core.addon.AbstractAddonManager - Loading addons [START]
[AWT-EventQueue-0] DEBUG griffon.util.AnnotationUtils - Current addon order is [groovy]
[AWT-EventQueue-0] TRACE griffon.util.AnnotationUtils - Processing addon 'groovy'
[AWT-EventQueue-0] TRACE griffon.util.AnnotationUtils -   depends on '[]'
[AWT-EventQueue-0] TRACE griffon.util.AnnotationUtils -   adding addon 'groovy', since all dependencies have been added
[AWT-EventQueue-0] TRACE griffon.util.AnnotationUtils - addon dependency ordering complete
[AWT-EventQueue-0] DEBUG griffon.util.AnnotationUtils - computed addon order is [groovy]
[AWT-EventQueue-0] DEBUG org.codehaus.griffon.runtime.core.event.AbstractEventRouter - Triggering event 'LoadAddonsStart' synchronously
[AWT-EventQueue-0] DEBUG org.codehaus.griffon.runtime.core.addon.AbstractAddonManager - Loading addon groovy with class org.codehaus.griffon.runtime.groovy.GroovyAddon
[AWT-EventQueue-0] DEBUG org.codehaus.griffon.runtime.core.event.AbstractEventRouter - Triggering event 'LoadAddonStart' synchronously
[AWT-EventQueue-0] DEBUG org.codehaus.griffon.runtime.core.event.AbstractEventRouter - Adding listener org.codehaus.griffon.runtime.groovy.GroovyAddon@5d687808
[AWT-EventQueue-0] DEBUG org.codehaus.griffon.runtime.core.event.AbstractEventRouter - Triggering event 'LoadAddonEnd' synchronously
[AWT-EventQueue-0] DEBUG org.codehaus.griffon.runtime.core.addon.AbstractAddonManager - Loaded addon groovy
[AWT-EventQueue-0] DEBUG org.codehaus.griffon.runtime.core.addon.AbstractAddonManager - Loading addons [END]
[AWT-EventQueue-0] DEBUG org.codehaus.griffon.runtime.core.event.AbstractEventRouter - Triggering event 'LoadAddonsEnd' synchronously
[AWT-EventQueue-0] TRACE griffon.util.CompositeResourceBundle - Searching key=mvcGroups
[AWT-EventQueue-0] TRACE griffon.util.CompositeResourceBundle - Bundle griffon.util.ExpandableResourceBundle@533e572c; key=mvcGroups; value='{sample={view=sample.pivot.groovy.SampleView, controller=sample.pivot.groovy.SampleController}}'
[AWT-EventQueue-0] DEBUG org.codehaus.griffon.runtime.core.DefaultApplicationConfigurer - Adding MVC group sample
[AWT-EventQueue-0] DEBUG org.codehaus.griffon.runtime.core.event.AbstractEventRouter - Adding listener org.codehaus.griffon.runtime.core.DefaultApplicationConfigurer$3 on NewInstance
[AWT-EventQueue-0] TRACE griffon.util.CompositeResourceBundle - Searching key=griffon.controller.action.handler.order
[AWT-EventQueue-0] TRACE griffon.util.CompositeResourceBundle - Searching key=griffon
[AWT-EventQueue-0] DEBUG griffon.util.AnnotationUtils - computed handler order is []
[AWT-EventQueue-0] DEBUG org.codehaus.griffon.runtime.core.artifact.AbstractArtifactManager - Registering artifact handler for type 'model': org.codehaus.griffon.runtime.core.artifact.ModelArtifactHandler@102ba894
[AWT-EventQueue-0] DEBUG org.codehaus.griffon.runtime.core.artifact.AbstractArtifactManager - Registering artifact handler for type 'view': org.codehaus.griffon.runtime.core.artifact.ViewArtifactHandler@2aa8a2d8
[AWT-EventQueue-0] DEBUG org.codehaus.griffon.runtime.core.artifact.AbstractArtifactManager - Registering artifact handler for type 'controller': org.codehaus.griffon.runtime.core.artifact.ControllerArtifactHandler@6eb4ef61
[AWT-EventQueue-0] DEBUG org.codehaus.griffon.runtime.core.artifact.AbstractArtifactManager - Registering artifact handler for type 'service': org.codehaus.griffon.runtime.core.artifact.ServiceArtifactHandler@4c4fe198
[AWT-EventQueue-0] DEBUG griffon.util.ServiceLoaderUtils - Reading griffon.core.artifact.GriffonView definitions from file:/home/travis/build/griffon/griffon/samples/sample-pivot-groovy/build/classes/main/META-INF/griffon/griffon.core.artifact.GriffonView
[AWT-EventQueue-0] DEBUG griffon.util.ServiceLoaderUtils - Reading griffon.core.artifact.GriffonController definitions from file:/home/travis/build/griffon/griffon/samples/sample-pivot-groovy/build/classes/main/META-INF/griffon/griffon.core.artifact.GriffonController
[AWT-EventQueue-0] DEBUG griffon.util.ServiceLoaderUtils - Reading griffon.core.artifact.GriffonService definitions from file:/home/travis/build/griffon/griffon/samples/sample-pivot-groovy/build/classes/main/META-INF/griffon/griffon.core.artifact.GriffonService
[AWT-EventQueue-0] DEBUG org.codehaus.griffon.runtime.core.artifact.DefaultArtifactManager - Artifacts of type 'view' = 1
[AWT-EventQueue-0] DEBUG org.codehaus.griffon.runtime.core.artifact.DefaultArtifactManager - Artifacts of type 'controller' = 1
[AWT-EventQueue-0] DEBUG org.codehaus.griffon.runtime.core.artifact.DefaultArtifactManager - Artifacts of type 'service' = 1
[AWT-EventQueue-0] DEBUG org.codehaus.griffon.runtime.core.event.AbstractEventRouter - Triggering event 'BootstrapEnd' synchronously
[Test worker] DEBUG org.codehaus.griffon.runtime.core.event.AbstractEventRouter - Triggering event 'StartupStart' synchronously
[Test worker] TRACE griffon.util.CompositeResourceBundle - Searching key=application.startupGroups
[Test worker] TRACE griffon.util.CompositeResourceBundle - Bundle griffon.util.ExpandableResourceBundle@533e572c; key=application.startupGroups; value='[sample]'
[Test worker] INFO org.codehaus.griffon.runtime.pivot.TestDesktopPivotApplication - Initializing all startup groups: [sample]
[Test worker] DEBUG org.codehaus.griffon.runtime.core.mvc.AbstractMVCGroupManager - Searching group sample
[Test worker] DEBUG org.codehaus.griffon.runtime.core.mvc.DefaultMVCGroupManager - Building MVC group 'sample' with name 'sample'
[Test worker] DEBUG org.codehaus.griffon.runtime.core.artifact.AbstractArtifactManager - Searching for griffonClass of sample.pivot.groovy.SampleView
[Test worker] DEBUG org.codehaus.griffon.runtime.core.artifact.AbstractArtifactManager - Searching for griffonClass of sample.pivot.groovy.SampleController
[Test worker] DEBUG org.codehaus.griffon.runtime.core.artifact.AbstractArtifactManager - Searching for griffonClass of sample.pivot.groovy.SampleView
[Test worker] DEBUG org.codehaus.griffon.runtime.core.artifact.AbstractArtifactManager - Searching for griffonClass of sample.pivot.groovy.SampleView
[Test worker] DEBUG org.codehaus.griffon.runtime.core.event.AbstractEventRouter - Triggering event 'NewInstance' synchronously
[Test worker] DEBUG org.codehaus.griffon.runtime.core.artifact.AbstractArtifactManager - Searching for griffonClass of sample.pivot.groovy.SampleController
[Test worker] DEBUG org.codehaus.griffon.runtime.core.artifact.AbstractArtifactManager - Searching for griffonClass of sample.pivot.groovy.SampleController
[Test worker] DEBUG org.codehaus.griffon.runtime.core.event.AbstractEventRouter - Triggering event 'NewInstance' synchronously
[Test worker] DEBUG org.codehaus.griffon.runtime.core.event.AbstractEventRouter - Triggering event 'NewInstance' synchronously
[Test worker] DEBUG org.codehaus.griffon.runtime.core.artifact.AbstractArtifactManager - Searching for griffonClass of sample.pivot.groovy.SampleController
[Test worker] TRACE griffon.util.CompositeResourceBundle - Searching key=sample.pivot.groovy.SampleController.action.SayHello.name
[Test worker] TRACE griffon.util.CompositeResourceBundle - Searching key=application.action.SayHello.name
[Test worker] TRACE org.codehaus.griffon.runtime.core.controller.AbstractActionManager - sample.pivot.groovy.SampleController.action.SayHello.name = Say Hello
[Test worker] TRACE griffon.util.CompositeResourceBundle - Searching key=sample.pivot.groovy.SampleController.action.SayHello.description
[Test worker] TRACE griffon.util.CompositeResourceBundle - Searching key=application.action.SayHello.description
[Test worker] TRACE griffon.util.CompositeResourceBundle - Searching key=sample.pivot.groovy.SampleController.action.SayHello.enabled
[Test worker] TRACE griffon.util.CompositeResourceBundle - Searching key=application.action.SayHello.enabled
[Test worker] TRACE org.codehaus.griffon.runtime.pivot.controller.PivotActionManager - sample.pivot.groovy.SampleController.action.SayHello.enabled = true
[Test worker] TRACE org.codehaus.griffon.runtime.core.controller.AbstractActionManager - Action for sample.pivot.groovy.SampleController.sayHello stored as sayHello
[Test worker] DEBUG griffon.util.AnnotationUtils - Current customizer order is [core, pivot]
[Test worker] TRACE griffon.util.AnnotationUtils - Processing customizer 'core'
[Test worker] TRACE griffon.util.AnnotationUtils -   depends on '[]'
[Test worker] TRACE griffon.util.AnnotationUtils -   adding customizer 'core', since all dependencies have been added
[Test worker] TRACE griffon.util.AnnotationUtils - Processing customizer 'pivot'
[Test worker] TRACE griffon.util.AnnotationUtils -   depends on '[core]'
[Test worker] TRACE griffon.util.AnnotationUtils -   checking customizer 'pivot' dependencies (1)
[Test worker] TRACE griffon.util.AnnotationUtils -   checking customizer 'pivot' dependencies: 
[Test worker] TRACE griffon.util.AnnotationUtils -   customizer 'pivot' dependency 'core' already added
[Test worker] TRACE griffon.util.AnnotationUtils -   adding customizer 'pivot', since all dependencies have been added
[Test worker] TRACE griffon.util.AnnotationUtils - customizer dependency ordering complete
[Test worker] DEBUG griffon.util.AnnotationUtils - computed customizer order is [core, pivot]
[Test worker] DEBUG org.codehaus.griffon.runtime.core.event.AbstractEventRouter - Triggering event 'InitializeMVCGroup' synchronously
[Test worker] TRACE griffon.addon.GroovyAddon - Adding action sayHelloAction to sample:sample:builder
[Test worker] DEBUG org.codehaus.griffon.runtime.core.mvc.AbstractMVCGroupManager - Adding group sample:org.codehaus.griffon.runtime.groovy.mvc.GroovyAwareMVCGroup@6583e5cc[sample:sample]
[Test worker] DEBUG org.codehaus.griffon.runtime.core.mvc.DefaultMVCGroupManager - Initializing each MVC member of group 'sample'
[AWT-EventQueue-0] TRACE griffon.util.CompositeResourceBundle - Searching key=application.title
[AWT-EventQueue-0] TRACE griffon.util.CompositeResourceBundle - Bundle griffon.util.ExpandableResourceBundle@533e572c; key=application.title; value='Pivot + Groovy'
[AWT-EventQueue-0] DEBUG org.codehaus.griffon.runtime.core.view.AbstractWindowManager - Attaching window with name: 'window1' at index 0 org.apache.pivot.wtk.Window
[AWT-EventQueue-0] DEBUG org.codehaus.griffon.runtime.core.event.AbstractEventRouter - Triggering event 'WindowAttached' synchronously
[AWT-EventQueue-0] TRACE griffon.util.CompositeResourceBundle - Searching key=name.label
[AWT-EventQueue-0] TRACE griffon.util.CompositeResourceBundle - Bundle griffon.util.ExpandableResourceBundle@759e4cd9; key=name.label; value='Please enter your name'
[Test worker] DEBUG org.codehaus.griffon.runtime.core.event.AbstractEventRouter - Triggering event 'CreateMVCGroup' synchronously
[Test worker] TRACE griffon.util.CompositeResourceBundle - Searching key=application.lifecycle.handler.disable
[Test worker] TRACE griffon.util.CompositeResourceBundle - Searching key=application
[Test worker] TRACE griffon.util.CompositeResourceBundle - Bundle griffon.util.ExpandableResourceBundle@533e572c; key=application; value='{title=Pivot + Groovy, startupGroups=[sample], autoShutdown=true}'
[Test worker] DEBUG org.codehaus.griffon.runtime.core.event.AbstractEventRouter - Triggering event 'StartupEnd' synchronously
[Test worker] TRACE griffon.util.CompositeResourceBundle - Searching key=windowManager.startingWindow
[Test worker] TRACE griffon.util.CompositeResourceBundle - Searching key=windowManager
[Test worker] DEBUG org.codehaus.griffon.runtime.core.view.AbstractWindowManager - windowManager.startingWindow configured to null
[Test worker] DEBUG org.codehaus.griffon.runtime.core.view.AbstractWindowManager - No startingWindow configured, selecting the first one from the windows list
[Test worker] DEBUG org.codehaus.griffon.runtime.core.view.AbstractWindowManager - Starting Window is org.apache.pivot.wtk.Window
[Test worker] DEBUG org.codehaus.griffon.runtime.core.event.AbstractEventRouter - Triggering event 'ReadyStart' synchronously
[AWT-EventQueue-0] DEBUG org.codehaus.griffon.runtime.core.view.AbstractWindowManager - Showing window with name: 'window1' at index 0 org.apache.pivot.wtk.Window
[Test worker] TRACE griffon.util.CompositeResourceBundle - Searching key=application.lifecycle.handler.disable
[Test worker] TRACE griffon.util.CompositeResourceBundle - Searching key=application
[Test worker] TRACE griffon.util.CompositeResourceBundle - Bundle griffon.util.ExpandableResourceBundle@533e572c; key=application; value='{title=Pivot + Groovy, startupGroups=[sample], autoShutdown=true}'
[AWT-EventQueue-0] TRACE griffon.util.CompositeResourceBundle - Searching key=windowManager
[AWT-EventQueue-0] TRACE griffon.util.CompositeResourceBundle - Searching key=windowManager
[Test worker] DEBUG org.codehaus.griffon.runtime.core.event.AbstractEventRouter - Triggering event 'ReadyEnd' synchronously
[Test worker] TRACE griffon.util.CompositeResourceBundle - Searching key=windowManager.startingWindow
[Test worker] TRACE griffon.util.CompositeResourceBundle - Searching key=windowManager
[AWT-EventQueue-0] TRACE griffon.util.CompositeResourceBundle - Searching key=windowManager
[AWT-EventQueue-0] TRACE griffon.util.CompositeResourceBundle - Searching key=windowManager
[Test worker] DEBUG org.codehaus.griffon.runtime.core.view.AbstractWindowManager - windowManager.startingWindow configured to null
[Test worker] DEBUG org.codehaus.griffon.runtime.core.view.AbstractWindowManager - No startingWindow configured, selecting the first one from the windows list
[AWT-EventQueue-0] TRACE org.codehaus.griffon.runtime.core.view.ConfigurableWindowDisplayHandler - Showing window1 with default handler
[Test worker] DEBUG org.codehaus.griffon.runtime.core.view.AbstractWindowManager - Starting Window is org.apache.pivot.wtk.Window
[AWT-EventQueue-0] TRACE griffon.util.CompositeResourceBundle - Searching key=windowManager
[AWT-EventQueue-0] TRACE griffon.util.CompositeResourceBundle - Searching key=windowManager
[AWT-EventQueue-0] DEBUG org.codehaus.griffon.runtime.core.event.AbstractEventRouter - Triggering event 'WindowShown' synchronously
[AWT-EventQueue-0] TRACE griffon.util.CompositeResourceBundle - Searching key=griffon.disable.threading.injection
[AWT-EventQueue-0] TRACE griffon.util.CompositeResourceBundle - Searching key=griffon
[AWT-EventQueue-0] TRACE griffon.util.CompositeResourceBundle - Searching key=controller.threading.default
[AWT-EventQueue-0] TRACE griffon.util.CompositeResourceBundle - Searching key=controller
[AWT-EventQueue-0] DEBUG org.codehaus.griffon.runtime.core.controller.AbstractActionManager - Executing sample.pivot.groovy.SampleController.sayHello with policy OUTSIDE_UITHREAD
[pool-2-thread-1] DEBUG org.codehaus.griffon.runtime.core.controller.AbstractActionManager - Executing 0 handlers for sample.pivot.groovy.SampleController.sayHello
[pool-2-thread-1] TRACE org.codehaus.griffon.runtime.core.controller.AbstractActionManager - Status before execution of sample.pivot.groovy.SampleController.sayHello is OK
[pool-2-thread-1] TRACE griffon.util.CompositeResourceBundle - Searching key=greeting.default
[pool-2-thread-1] TRACE griffon.util.CompositeResourceBundle - Bundle griffon.util.ExpandableResourceBundle@759e4cd9; key=greeting.default; value='Howdy stranger!'
[pool-2-thread-1] TRACE org.codehaus.griffon.runtime.core.controller.AbstractActionManager - Status after execution of sample.pivot.groovy.SampleController.sayHello is OK
[Test worker] DEBUG org.codehaus.griffon.runtime.core.event.AbstractEventRouter - Triggering event 'ShutdownRequested' synchronously
[Test worker] INFO org.codehaus.griffon.runtime.pivot.TestDesktopPivotApplication - Shutdown is in process
[Test worker] DEBUG org.codehaus.griffon.runtime.pivot.TestDesktopPivotApplication - Shutdown stage 1: notify all event listeners
[Test worker] DEBUG org.codehaus.griffon.runtime.core.event.AbstractEventRouter - Adding listener org.codehaus.griffon.runtime.core.AbstractGriffonApplication$1 on ShutdownStart
[Test worker] DEBUG org.codehaus.griffon.runtime.core.event.AbstractEventRouter - Triggering event 'ShutdownStart' synchronously
[Test worker] DEBUG org.codehaus.griffon.runtime.pivot.TestDesktopPivotApplication - Shutdown stage 2: notify all shutdown handlers
[Test worker] DEBUG org.codehaus.griffon.runtime.pivot.TestDesktopPivotApplication - Shutdown stage 3: destroy all MVC groups
[Test worker] DEBUG org.codehaus.griffon.runtime.core.mvc.AbstractMVCGroupManager - Searching group sample
[Test worker] DEBUG org.codehaus.griffon.runtime.core.mvc.DefaultMVCGroupManager - Group 'sample' points to org.codehaus.griffon.runtime.groovy.mvc.GroovyAwareMVCGroup@6583e5cc[sample:sample]
[Test worker] DEBUG org.codehaus.griffon.runtime.core.mvc.DefaultMVCGroupManager - Destroying MVC group identified by 'sample'
[Test worker] DEBUG org.codehaus.griffon.runtime.core.event.AbstractEventRouter - Removing listener sample.pivot.groovy.SampleController@6f1e2e26
[Test worker] DEBUG org.codehaus.griffon.runtime.core.event.AbstractEventRouter - Triggering event 'DestroyInstance' synchronously
[Test worker] DEBUG org.codehaus.griffon.runtime.core.event.AbstractEventRouter - Triggering event 'DestroyInstance' synchronously
[Test worker] DEBUG org.codehaus.griffon.runtime.core.mvc.AbstractMVCGroupManager - Removing group sample:org.codehaus.griffon.runtime.groovy.mvc.GroovyAwareMVCGroup@6583e5cc[sample:sample]
[Test worker] DEBUG org.codehaus.griffon.runtime.core.mvc.AbstractMVCGroupManager - Searching group sample
[Test worker] DEBUG org.codehaus.griffon.runtime.core.mvc.DefaultMVCGroupManager - Group 'sample' points to null
[Test worker] DEBUG org.codehaus.griffon.runtime.core.event.AbstractEventRouter - Triggering event 'DestroyMVCGroup' synchronously
[Test worker] DEBUG org.codehaus.griffon.runtime.pivot.TestDesktopPivotApplication - Shutdown stage 4: execute Shutdown script
[Test worker] TRACE griffon.util.CompositeResourceBundle - Searching key=application.lifecycle.handler.disable
[Test worker] TRACE griffon.util.CompositeResourceBundle - Searching key=application
[Test worker] TRACE griffon.util.CompositeResourceBundle - Bundle griffon.util.ExpandableResourceBundle@533e572c; key=application; value='{title=Pivot + Groovy, startupGroups=[sample], autoShutdown=true}'
[AWT-EventQueue-0] DEBUG org.codehaus.griffon.runtime.core.view.AbstractWindowManager - Hiding window with name: 'window1' at index 0 org.apache.pivot.wtk.Window
[AWT-EventQueue-0] TRACE griffon.util.CompositeResourceBundle - Searching key=windowManager
[AWT-EventQueue-0] TRACE griffon.util.CompositeResourceBundle - Searching key=windowManager
[AWT-EventQueue-0] TRACE griffon.util.CompositeResourceBundle - Searching key=windowManager
[AWT-EventQueue-0] TRACE griffon.util.CompositeResourceBundle - Searching key=windowManager
[AWT-EventQueue-0] TRACE org.codehaus.griffon.runtime.core.view.ConfigurableWindowDisplayHandler - Hiding window1 with default handler
[AWT-EventQueue-0] TRACE griffon.util.CompositeResourceBundle - Searching key=windowManager
[AWT-EventQueue-0] TRACE griffon.util.CompositeResourceBundle - Searching key=windowManager
[AWT-EventQueue-0] DEBUG org.codehaus.griffon.runtime.core.event.AbstractEventRouter - Triggering event 'WindowHidden' synchronously
]]></system-err>
</testsuite>
