<?xml version="1.0" encoding="UTF-8"?>
<testsuite name="sample.pivot.groovy.SampleIntegrationSpec" tests="0" skipped="0" failures="0" errors="0" timestamp="1970-01-01T00:00:00" hostname="testing-worker-linux-f25aadab-1-11794-linux-13-84971409" time="0.0">
  <properties/>
  <system-out><![CDATA[]]></system-out>
  <system-err><![CDATA[groovy.lang.MissingPropertyException: No such property: output for class: griffon.util.CompositeBuilder
	at griffon.util.CompositeBuilder$2.doCall(CompositeBuilder.java:116)
	at sample.pivot.groovy.SampleController$_sayHello_closure1.doCall(SampleController.groovy:33)
	at sample.pivot.groovy.SampleController$_sayHello_closure1.doCall(SampleController.groovy)
[AWT-EventQueue-0] ERROR griffon.core.GriffonExceptionHandler - An error occurred while handling uncaught exception groovy.lang.MissingPropertyException: No such property: output for class: griffon.util.CompositeBuilder
griffon.exceptions.InstanceNotFoundException: Could not find an instance of type griffon.core.event.EventRouter with qualifier @javax.inject.Named(value=applicationEventRouter)
	at griffon.core.GriffonExceptionHandler.handle(GriffonExceptionHandler.java:84)
	at griffon.core.GriffonExceptionHandler.uncaughtException(GriffonExceptionHandler.java:73)
Caused by: griffon.exceptions.ClosedInjectorException: Injector is closed! org.codehaus.griffon.runtime.injection.GuiceInjector@551d0849
	... 2 more
]]></system-err>
</testsuite>
