<?xml version="1.0" encoding="UTF-8"?>
<testsuite name="sample.pivot.groovy.SampleControllerTest" tests="2" skipped="0" failures="0" errors="0" timestamp="2016-06-10T16:50:53" hostname="testing-gce-d09c9de5-605c-47f8-adcf-d1c05a498ba4.c.travis-ci-prod-2.internal" time="3.691">
  <properties/>
  <testcase name="executeSayHelloActionWithInput" classname="sample.pivot.groovy.SampleControllerTest" time="3.361"/>
  <testcase name="executeSayHelloActionWithNoInput" classname="sample.pivot.groovy.SampleControllerTest" time="0.329"/>
  <system-out><![CDATA[]]></system-out>
  <system-err><![CDATA[[AWT-EventQueue-0] INFO org.codehaus.griffon.runtime.core.DefaultApplicationBootstrapper - Griffon 2.7.0-SNAPSHOT
[AWT-EventQueue-0] INFO org.codehaus.griffon.runtime.core.DefaultApplicationBootstrapper - Build: 2016-06-10T16:45:15.971+0000
[AWT-EventQueue-0] INFO org.codehaus.griffon.runtime.core.DefaultApplicationBootstrapper - Revision: 5ed596ae40c92a16648fce3a675db9a9198b2d0b
[AWT-EventQueue-0] INFO org.codehaus.griffon.runtime.core.DefaultApplicationBootstrapper - JVM: 1.8.0_91 (Oracle Corporation 25.91-b14)
[AWT-EventQueue-0] INFO org.codehaus.griffon.runtime.core.DefaultApplicationBootstrapper - OS: Linux 3.13.0-63-generic amd64
[AWT-EventQueue-0] DEBUG org.codehaus.griffon.runtime.core.DefaultApplicationBootstrapper - Creating module bindings
[AWT-EventQueue-0] DEBUG griffon.util.ServiceLoaderUtils - Reading definitions from file:/home/travis/build/griffon/griffon/samples/sample-pivot-groovy/build/classes/main/META-INF/griffon
[AWT-EventQueue-0] DEBUG griffon.util.AnnotationUtils - Current module order is [core, application, groovy, pivot-groovy, pivot, testApplicationBootstrapper$InnerClasses, testApplicationBootstrapper$Fields]
[AWT-EventQueue-0] TRACE griffon.util.AnnotationUtils - Processing module 'core'
[AWT-EventQueue-0] TRACE griffon.util.AnnotationUtils -   depends on '[]'
[AWT-EventQueue-0] TRACE griffon.util.AnnotationUtils -   adding module 'core', since all dependencies have been added
[AWT-EventQueue-0] TRACE griffon.util.AnnotationUtils - Processing module 'application'
[AWT-EventQueue-0] TRACE griffon.util.AnnotationUtils -   depends on '[]'
[AWT-EventQueue-0] TRACE griffon.util.AnnotationUtils -   adding module 'application', since all dependencies have been added
[AWT-EventQueue-0] TRACE griffon.util.AnnotationUtils - Processing module 'groovy'
[AWT-EventQueue-0] TRACE griffon.util.AnnotationUtils -   depends on '[]'
[AWT-EventQueue-0] TRACE griffon.util.AnnotationUtils -   adding module 'groovy', since all dependencies have been added
[AWT-EventQueue-0] TRACE griffon.util.AnnotationUtils - Processing module 'pivot-groovy'
[AWT-EventQueue-0] TRACE griffon.util.AnnotationUtils -   depends on '[pivot]'
[AWT-EventQueue-0] TRACE griffon.util.AnnotationUtils -   checking module 'pivot-groovy' dependencies (1)
[AWT-EventQueue-0] TRACE griffon.util.AnnotationUtils -   checking module 'pivot-groovy' dependencies: 
[AWT-EventQueue-0] TRACE griffon.util.AnnotationUtils -   skipped module 'pivot-groovy', since dependency 'pivot' not yet added
[AWT-EventQueue-0] TRACE griffon.util.AnnotationUtils - Processing module 'pivot'
[AWT-EventQueue-0] TRACE griffon.util.AnnotationUtils -   depends on '[]'
[AWT-EventQueue-0] TRACE griffon.util.AnnotationUtils -   adding module 'pivot', since all dependencies have been added
[AWT-EventQueue-0] TRACE griffon.util.AnnotationUtils - Processing module 'testApplicationBootstrapper$InnerClasses'
[AWT-EventQueue-0] TRACE griffon.util.AnnotationUtils -   depends on '[]'
[AWT-EventQueue-0] TRACE griffon.util.AnnotationUtils -   adding module 'testApplicationBootstrapper$InnerClasses', since all dependencies have been added
[AWT-EventQueue-0] TRACE griffon.util.AnnotationUtils - Processing module 'testApplicationBootstrapper$Fields'
[AWT-EventQueue-0] TRACE griffon.util.AnnotationUtils -   depends on '[]'
[AWT-EventQueue-0] TRACE griffon.util.AnnotationUtils -   adding module 'testApplicationBootstrapper$Fields', since all dependencies have been added
[AWT-EventQueue-0] DEBUG griffon.util.AnnotationUtils - Current module order is [core, application, groovy, pivot-groovy, pivot, testApplicationBootstrapper$InnerClasses, testApplicationBootstrapper$Fields]
[AWT-EventQueue-0] TRACE griffon.util.AnnotationUtils - Processing module 'pivot-groovy'
[AWT-EventQueue-0] TRACE griffon.util.AnnotationUtils -   depends on '[pivot]'
[AWT-EventQueue-0] TRACE griffon.util.AnnotationUtils -   checking module 'pivot-groovy' dependencies (1)
[AWT-EventQueue-0] TRACE griffon.util.AnnotationUtils -   checking module 'pivot-groovy' dependencies: 
[AWT-EventQueue-0] TRACE griffon.util.AnnotationUtils -   module 'pivot-groovy' dependency 'pivot' already added
[AWT-EventQueue-0] TRACE griffon.util.AnnotationUtils -   adding module 'pivot-groovy', since all dependencies have been added
[AWT-EventQueue-0] TRACE griffon.util.AnnotationUtils - module dependency ordering complete
[AWT-EventQueue-0] DEBUG griffon.util.AnnotationUtils - computed module order is [core, application, groovy, pivot, testApplicationBootstrapper$InnerClasses, testApplicationBootstrapper$Fields, pivot-groovy]
[AWT-EventQueue-0] DEBUG org.codehaus.griffon.runtime.core.TestApplicationBootstrapper - computed Module order is [core, application, groovy, pivot, pivot-groovy, testApplicationBootstrapper$InnerClasses, testApplicationBootstrapper$Fields]
[AWT-EventQueue-0] DEBUG org.codehaus.griffon.runtime.core.DefaultApplicationBootstrapper - Loading module bindings from core:org.codehaus.griffon.runtime.core.DefaultApplicationModule@32dcc976
[AWT-EventQueue-0] DEBUG org.codehaus.griffon.runtime.core.DefaultApplicationBootstrapper - Loading module bindings from application:sample.pivot.groovy.ApplicationModule@35270869
[AWT-EventQueue-0] DEBUG org.codehaus.griffon.runtime.core.DefaultApplicationBootstrapper - Loading module bindings from groovy:org.codehaus.griffon.runtime.groovy.GroovyModule@70960c59
[AWT-EventQueue-0] DEBUG org.codehaus.griffon.runtime.core.DefaultApplicationBootstrapper - Loading module bindings from pivot:org.codehaus.griffon.runtime.pivot.PivotModule@1d0ec750
[AWT-EventQueue-0] DEBUG org.codehaus.griffon.runtime.core.DefaultApplicationBootstrapper - Loading module bindings from pivot-groovy:org.codehaus.griffon.runtime.pivot.PivotBuilderModule@49cd2afe
[AWT-EventQueue-0] DEBUG org.codehaus.griffon.runtime.core.DefaultApplicationBootstrapper - Loading module bindings from testApplicationBootstrapper$InnerClasses:org.codehaus.griffon.runtime.core.TestApplicationBootstrapper$InnerClassesModule@44a407ee
[AWT-EventQueue-0] DEBUG org.codehaus.griffon.runtime.core.DefaultApplicationBootstrapper - Loading module bindings from testApplicationBootstrapper$Fields:org.codehaus.griffon.runtime.core.TestApplicationBootstrapper$FieldsModule@4903fe7
[AWT-EventQueue-0] TRACE org.codehaus.griffon.runtime.core.DefaultApplicationBootstrapper - InstanceBinding[source=griffon.core.GriffonApplication, instance=org.codehaus.griffon.runtime.pivot.TestDesktopPivotApplication@2e051971, singleton=true]
[AWT-EventQueue-0] TRACE org.codehaus.griffon.runtime.core.DefaultApplicationBootstrapper - TargetBinding[source=sample.pivot.groovy.SampleService, target=sample.pivot.groovy.SampleService, singleton=true]
[AWT-EventQueue-0] TRACE org.codehaus.griffon.runtime.core.DefaultApplicationBootstrapper - TargetBinding[source=sample.pivot.groovy.SampleController, target=sample.pivot.groovy.SampleController, singleton=false]
[AWT-EventQueue-0] TRACE org.codehaus.griffon.runtime.core.DefaultApplicationBootstrapper - TargetBinding[source=sample.pivot.groovy.SampleView, target=sample.pivot.groovy.SampleView, singleton=false]
[AWT-EventQueue-0] TRACE org.codehaus.griffon.runtime.core.DefaultApplicationBootstrapper - InstanceBinding[source=org.apache.pivot.wtk.Display, instance=org.apache.pivot.wtk.Display, singleton=true]
[AWT-EventQueue-0] TRACE org.codehaus.griffon.runtime.core.DefaultApplicationBootstrapper - TargetBinding[source=griffon.core.ApplicationClassLoader, target=org.codehaus.griffon.runtime.core.DefaultApplicationClassLoader, singleton=true]
[AWT-EventQueue-0] TRACE org.codehaus.griffon.runtime.core.DefaultApplicationBootstrapper - ProviderTypeBinding[source=griffon.core.env.Metadata, providerType=org.codehaus.griffon.runtime.core.env.MetadataProvider, singleton=true]
[AWT-EventQueue-0] TRACE org.codehaus.griffon.runtime.core.DefaultApplicationBootstrapper - ProviderTypeBinding[source=griffon.core.env.RunMode, providerType=org.codehaus.griffon.runtime.core.env.RunModeProvider, singleton=true]
[AWT-EventQueue-0] TRACE org.codehaus.griffon.runtime.core.DefaultApplicationBootstrapper - ProviderTypeBinding[source=griffon.core.env.Environment, providerType=org.codehaus.griffon.runtime.core.env.EnvironmentProvider, singleton=true]
[AWT-EventQueue-0] TRACE org.codehaus.griffon.runtime.core.DefaultApplicationBootstrapper - TargetBinding[source=griffon.core.ContextFactory, target=org.codehaus.griffon.runtime.core.DefaultContextFactory, singleton=true]
[AWT-EventQueue-0] TRACE org.codehaus.griffon.runtime.core.DefaultApplicationBootstrapper - ProviderTypeBinding[source=griffon.core.Context, classifier=@javax.inject.Named(value=applicationContext), providerType=org.codehaus.griffon.runtime.core.DefaultContextProvider, singleton=true]
[AWT-EventQueue-0] TRACE org.codehaus.griffon.runtime.core.DefaultApplicationBootstrapper - TargetBinding[source=griffon.core.ApplicationConfigurer, target=org.codehaus.griffon.runtime.core.DefaultApplicationConfigurer, singleton=true]
[AWT-EventQueue-0] TRACE org.codehaus.griffon.runtime.core.DefaultApplicationBootstrapper - TargetBinding[source=griffon.core.resources.ResourceHandler, target=org.codehaus.griffon.runtime.core.resources.DefaultResourceHandler, singleton=true]
[AWT-EventQueue-0] TRACE org.codehaus.griffon.runtime.core.DefaultApplicationBootstrapper - TargetBinding[source=griffon.util.CompositeResourceBundleBuilder, target=org.codehaus.griffon.runtime.groovy.util.GroovyAwareCompositeResourceBundleBuilder, singleton=true]
[AWT-EventQueue-0] TRACE org.codehaus.griffon.runtime.core.DefaultApplicationBootstrapper - ProviderBinding[source=java.util.ResourceBundle, classifier=@javax.inject.Named(value=applicationResourceBundle), provider=org.codehaus.griffon.runtime.util.ResourceBundleProvider@5a0685c5, singleton=true]
[AWT-EventQueue-0] TRACE org.codehaus.griffon.runtime.core.DefaultApplicationBootstrapper - TargetBinding[source=org.codehaus.griffon.runtime.core.ConfigurationDecoratorFactory, target=org.codehaus.griffon.runtime.core.DefaultConfigurationDecoratorFactory, singleton=false]
[AWT-EventQueue-0] TRACE org.codehaus.griffon.runtime.core.DefaultApplicationBootstrapper - ProviderTypeBinding[source=griffon.core.Configuration, providerType=org.codehaus.griffon.runtime.core.ResourceBundleConfigurationProvider, singleton=true]
[AWT-EventQueue-0] TRACE org.codehaus.griffon.runtime.core.DefaultApplicationBootstrapper - TargetBinding[source=griffon.core.ExecutorServiceManager, target=org.codehaus.griffon.runtime.core.DefaultExecutorServiceManager, singleton=true]
[AWT-EventQueue-0] TRACE org.codehaus.griffon.runtime.core.DefaultApplicationBootstrapper - TargetBinding[source=griffon.core.event.EventRouter, classifier=@javax.inject.Named(value=applicationEventRouter), target=org.codehaus.griffon.runtime.groovy.event.GroovyAwareDefaultEventRouter, singleton=true]
[AWT-EventQueue-0] TRACE org.codehaus.griffon.runtime.core.DefaultApplicationBootstrapper - TargetBinding[source=griffon.core.event.EventRouter, target=org.codehaus.griffon.runtime.groovy.event.GroovyAwareDefaultEventRouter, singleton=false]
[AWT-EventQueue-0] TRACE org.codehaus.griffon.runtime.core.DefaultApplicationBootstrapper - TargetBinding[source=org.codehaus.griffon.runtime.core.resources.ResourceResolverDecoratorFactory, target=org.codehaus.griffon.runtime.groovy.resources.GroovyAwareResourceResolverDecoratorFactory, singleton=false]
[AWT-EventQueue-0] TRACE org.codehaus.griffon.runtime.core.DefaultApplicationBootstrapper - TargetBinding[source=org.codehaus.griffon.runtime.core.i18n.MessageSourceDecoratorFactory, target=org.codehaus.griffon.runtime.groovy.i18n.GroovyAwareMessageSourceDecoratorFactory, singleton=false]
[AWT-EventQueue-0] TRACE org.codehaus.griffon.runtime.core.DefaultApplicationBootstrapper - ProviderBinding[source=griffon.core.resources.ResourceResolver, classifier=@javax.inject.Named(value=applicationResourceResolver), provider=org.codehaus.griffon.runtime.core.resources.ResourceResolverProvider@53eef65, singleton=true]
[AWT-EventQueue-0] TRACE org.codehaus.griffon.runtime.core.DefaultApplicationBootstrapper - ProviderBinding[source=griffon.core.i18n.MessageSource, classifier=@javax.inject.Named(value=applicationMessageSource), provider=org.codehaus.griffon.runtime.core.i18n.MessageSourceProvider@20fc3b8, singleton=true]
[AWT-EventQueue-0] TRACE org.codehaus.griffon.runtime.core.DefaultApplicationBootstrapper - TargetBinding[source=griffon.core.resources.ResourceInjector, classifier=@javax.inject.Named(value=applicationResourceInjector), target=org.codehaus.griffon.runtime.core.resources.DefaultApplicationResourceInjector, singleton=true]
[AWT-EventQueue-0] TRACE org.codehaus.griffon.runtime.core.DefaultApplicationBootstrapper - ProviderTypeBinding[source=java.util.concurrent.ExecutorService, classifier=@javax.inject.Named(value=defaultExecutorService), providerType=org.codehaus.griffon.runtime.core.threading.DefaultExecutorServiceProvider, singleton=true]
[AWT-EventQueue-0] TRACE org.codehaus.griffon.runtime.core.DefaultApplicationBootstrapper - TargetBinding[source=griffon.core.threading.UIThreadManager, target=org.codehaus.griffon.runtime.pivot.PivotUIThreadManager, singleton=true]
[AWT-EventQueue-0] TRACE org.codehaus.griffon.runtime.core.DefaultApplicationBootstrapper - TargetBinding[source=griffon.core.mvc.MVCGroupConfigurationFactory, target=org.codehaus.griffon.runtime.core.mvc.DefaultMVCGroupConfigurationFactory, singleton=true]
[AWT-EventQueue-0] TRACE org.codehaus.griffon.runtime.core.DefaultApplicationBootstrapper - TargetBinding[source=griffon.core.mvc.MVCGroupFactory, target=org.codehaus.griffon.runtime.groovy.mvc.GroovyAwareMVCGroupFactory, singleton=true]
[AWT-EventQueue-0] TRACE org.codehaus.griffon.runtime.core.DefaultApplicationBootstrapper - TargetBinding[source=griffon.core.mvc.MVCGroupManager, target=org.codehaus.griffon.runtime.groovy.mvc.GroovyAwareMVCGroupManager, singleton=true]
[AWT-EventQueue-0] TRACE org.codehaus.griffon.runtime.core.DefaultApplicationBootstrapper - ProviderBinding[source=griffon.core.LifecycleHandler, classifier=@javax.inject.Named(value=Initialize), provider=org.codehaus.griffon.runtime.core.LifecycleHandlerProvider@4c78c19, singleton=true]
[AWT-EventQueue-0] TRACE org.codehaus.griffon.runtime.core.DefaultApplicationBootstrapper - ProviderBinding[source=griffon.core.LifecycleHandler, classifier=@javax.inject.Named(value=Startup), provider=org.codehaus.griffon.runtime.core.LifecycleHandlerProvider@6a8119e9, singleton=true]
[AWT-EventQueue-0] TRACE org.codehaus.griffon.runtime.core.DefaultApplicationBootstrapper - ProviderBinding[source=griffon.core.LifecycleHandler, classifier=@javax.inject.Named(value=Ready), provider=org.codehaus.griffon.runtime.core.LifecycleHandlerProvider@1836861b, singleton=true]
[AWT-EventQueue-0] TRACE org.codehaus.griffon.runtime.core.DefaultApplicationBootstrapper - ProviderBinding[source=griffon.core.LifecycleHandler, classifier=@javax.inject.Named(value=Shutdown), provider=org.codehaus.griffon.runtime.core.LifecycleHandlerProvider@64d894a6, singleton=true]
[AWT-EventQueue-0] TRACE org.codehaus.griffon.runtime.core.DefaultApplicationBootstrapper - ProviderBinding[source=griffon.core.LifecycleHandler, classifier=@javax.inject.Named(value=Stop), provider=org.codehaus.griffon.runtime.core.LifecycleHandlerProvider@5cc76b60, singleton=true]
[AWT-EventQueue-0] TRACE org.codehaus.griffon.runtime.core.DefaultApplicationBootstrapper - TargetBinding[source=griffon.core.view.WindowManager, target=org.codehaus.griffon.runtime.pivot.DefaultPivotWindowManager, singleton=true]
[AWT-EventQueue-0] TRACE org.codehaus.griffon.runtime.core.DefaultApplicationBootstrapper - TargetBinding[source=griffon.core.controller.ActionManager, target=org.codehaus.griffon.runtime.pivot.controller.PivotActionManager, singleton=true]
[AWT-EventQueue-0] TRACE org.codehaus.griffon.runtime.core.DefaultApplicationBootstrapper - TargetBinding[source=griffon.core.artifact.ArtifactManager, target=org.codehaus.griffon.runtime.core.artifact.DefaultArtifactManager, singleton=true]
[AWT-EventQueue-0] TRACE org.codehaus.griffon.runtime.core.DefaultApplicationBootstrapper - TargetBinding[source=griffon.core.artifact.ArtifactHandler, classifier=@griffon.inject.Typed(value=interface griffon.core.artifact.GriffonModel), target=org.codehaus.griffon.runtime.core.artifact.ModelArtifactHandler, singleton=true]
[AWT-EventQueue-0] TRACE org.codehaus.griffon.runtime.core.DefaultApplicationBootstrapper - TargetBinding[source=griffon.core.artifact.ArtifactHandler, classifier=@griffon.inject.Typed(value=interface griffon.core.artifact.GriffonView), target=org.codehaus.griffon.runtime.core.artifact.ViewArtifactHandler, singleton=true]
[AWT-EventQueue-0] TRACE org.codehaus.griffon.runtime.core.DefaultApplicationBootstrapper - TargetBinding[source=griffon.core.artifact.ArtifactHandler, classifier=@griffon.inject.Typed(value=interface griffon.core.artifact.GriffonController), target=org.codehaus.griffon.runtime.core.artifact.ControllerArtifactHandler, singleton=true]
[AWT-EventQueue-0] TRACE org.codehaus.griffon.runtime.core.DefaultApplicationBootstrapper - TargetBinding[source=griffon.core.artifact.ArtifactHandler, classifier=@griffon.inject.Typed(value=interface griffon.core.artifact.GriffonService), target=org.codehaus.griffon.runtime.core.artifact.ServiceArtifactHandler, singleton=true]
[AWT-EventQueue-0] TRACE org.codehaus.griffon.runtime.core.DefaultApplicationBootstrapper - ProviderTypeBinding[source=griffon.core.PlatformHandler, providerType=org.codehaus.griffon.runtime.core.PlatformHandlerProvider, singleton=true]
[AWT-EventQueue-0] TRACE org.codehaus.griffon.runtime.core.DefaultApplicationBootstrapper - TargetBinding[source=griffon.core.addon.AddonManager, target=org.codehaus.griffon.runtime.core.addon.DefaultAddonManager, singleton=true]
[AWT-EventQueue-0] TRACE org.codehaus.griffon.runtime.core.DefaultApplicationBootstrapper - TargetBinding[source=griffon.core.event.EventHandler, target=org.codehaus.griffon.runtime.core.event.DefaultEventHandler, singleton=true]
[AWT-EventQueue-0] TRACE org.codehaus.griffon.runtime.core.DefaultApplicationBootstrapper - ProviderTypeBinding[source=griffon.core.ExceptionHandler, providerType=org.codehaus.griffon.runtime.core.GriffonExceptionHandlerProvider, singleton=true]
[AWT-EventQueue-0] TRACE org.codehaus.griffon.runtime.core.DefaultApplicationBootstrapper - ProviderTypeBinding[source=griffon.util.ConfigReader, providerType=griffon.util.ConfigReader$Provider, singleton=true]
[AWT-EventQueue-0] TRACE org.codehaus.griffon.runtime.core.DefaultApplicationBootstrapper - TargetBinding[source=griffon.core.addon.GriffonAddon, classifier=@javax.inject.Named(value=groovy), target=org.codehaus.griffon.runtime.groovy.GroovyAddon, singleton=true]
[AWT-EventQueue-0] TRACE org.codehaus.griffon.runtime.core.DefaultApplicationBootstrapper - TargetBinding[source=griffon.util.BuilderCustomizer, classifier=@javax.inject.Named(value=core), target=griffon.builder.core.CoreBuilderCustomizer, singleton=true]
[AWT-EventQueue-0] TRACE org.codehaus.griffon.runtime.core.DefaultApplicationBootstrapper - TargetBinding[source=griffon.pivot.PivotWindowDisplayHandler, classifier=@javax.inject.Named(value=defaultWindowDisplayHandler), target=org.codehaus.griffon.runtime.pivot.DefaultPivotWindowDisplayHandler, singleton=true]
[AWT-EventQueue-0] TRACE org.codehaus.griffon.runtime.core.DefaultApplicationBootstrapper - TargetBinding[source=griffon.pivot.PivotWindowDisplayHandler, classifier=@javax.inject.Named(value=windowDisplayHandler), target=org.codehaus.griffon.runtime.pivot.GroovyAwareConfigurablePivotWindowDisplayHandler, singleton=true]
[AWT-EventQueue-0] TRACE org.codehaus.griffon.runtime.core.DefaultApplicationBootstrapper - TargetBinding[source=griffon.util.BuilderCustomizer, classifier=@javax.inject.Named(value=pivot), target=griffon.builder.pivot.PivotBuilderCustomizer, singleton=true]
[AWT-EventQueue-0] DEBUG org.codehaus.griffon.runtime.core.DefaultApplicationBootstrapper - Creating application injector
[AWT-EventQueue-0] DEBUG org.codehaus.griffon.runtime.core.DefaultApplicationBootstrapper - Injector will be created by org.codehaus.griffon.runtime.injection.GuiceInjectorFactory@63ca52d3
[AWT-EventQueue-0] DEBUG griffon.util.AnnotationUtils - computed module order is []
[AWT-EventQueue-0] TRACE griffon.util.CompositeResourceBundle - Searching key=application
[AWT-EventQueue-0] TRACE griffon.util.CompositeResourceBundle - Bundle griffon.util.ExpandableResourceBundle@4412b684; key=application; value='{title=Pivot + Groovy, startupGroups=[sample], autoShutdown=true}'
[AWT-EventQueue-0] TRACE griffon.util.CompositeResourceBundle - Searching key=application.title
[AWT-EventQueue-0] TRACE griffon.util.CompositeResourceBundle - Bundle griffon.util.ExpandableResourceBundle@4412b684; key=application.title; value='Pivot + Groovy'
[AWT-EventQueue-0] TRACE griffon.util.CompositeResourceBundle - Searching key=application.startupGroups
[AWT-EventQueue-0] TRACE griffon.util.CompositeResourceBundle - Bundle griffon.util.ExpandableResourceBundle@4412b684; key=application.startupGroups; value='[sample]'
[AWT-EventQueue-0] TRACE griffon.util.CompositeResourceBundle - Searching key=application.autoShutdown
[AWT-EventQueue-0] TRACE griffon.util.CompositeResourceBundle - Bundle griffon.util.ExpandableResourceBundle@4412b684; key=application.autoShutdown; value='true'
[AWT-EventQueue-0] TRACE griffon.util.CompositeResourceBundle - Searching key=mvcGroups
[AWT-EventQueue-0] TRACE griffon.util.CompositeResourceBundle - Bundle griffon.util.ExpandableResourceBundle@4412b684; key=mvcGroups; value='{sample={view=sample.pivot.groovy.SampleView, controller=sample.pivot.groovy.SampleController}}'
[AWT-EventQueue-0] TRACE griffon.util.CompositeResourceBundle - Searching key=mvcGroups.sample.view
[AWT-EventQueue-0] TRACE griffon.util.CompositeResourceBundle - Bundle griffon.util.ExpandableResourceBundle@4412b684; key=mvcGroups.sample.view; value='sample.pivot.groovy.SampleView'
[AWT-EventQueue-0] TRACE griffon.util.CompositeResourceBundle - Searching key=mvcGroups.sample.controller
[AWT-EventQueue-0] TRACE griffon.util.CompositeResourceBundle - Bundle griffon.util.ExpandableResourceBundle@4412b684; key=mvcGroups.sample.controller; value='sample.pivot.groovy.SampleController'
[AWT-EventQueue-0] DEBUG org.codehaus.griffon.runtime.core.event.AbstractEventRouter - Adding listener org.codehaus.griffon.runtime.core.MVCGroupExceptionHandler on UncaughtMVCGroupConfigurationException
[AWT-EventQueue-0] DEBUG org.codehaus.griffon.runtime.core.event.AbstractEventRouter - Adding listener org.codehaus.griffon.runtime.core.MVCGroupExceptionHandler on UncaughtMVCGroupInstantiationException
[AWT-EventQueue-0] DEBUG griffon.util.AnnotationUtils - Current handler order is [default]
[AWT-EventQueue-0] TRACE griffon.util.AnnotationUtils - Processing handler 'default'
[AWT-EventQueue-0] TRACE griffon.util.AnnotationUtils -   depends on '[]'
[AWT-EventQueue-0] TRACE griffon.util.AnnotationUtils -   adding handler 'default', since all dependencies have been added
[AWT-EventQueue-0] TRACE griffon.util.AnnotationUtils - handler dependency ordering complete
[AWT-EventQueue-0] DEBUG griffon.util.AnnotationUtils - computed handler order is [default]
[AWT-EventQueue-0] DEBUG org.codehaus.griffon.runtime.core.event.AbstractEventRouter - Triggering event 'BootstrapStart' synchronously
[AWT-EventQueue-0] DEBUG griffon.util.ServiceLoaderUtils - Reading java.beans.PropertyEditor definitions from jar:file:/home/travis/build/griffon/griffon/subprojects/griffon-core/build/libs/griffon-core-2.7.0-SNAPSHOT.jar!/META-INF/editors/java.beans.PropertyEditor
[AWT-EventQueue-0] DEBUG org.codehaus.griffon.runtime.core.DefaultApplicationConfigurer - Registering griffon.core.editors.StringPropertyEditor as editor for java.lang.String
[AWT-EventQueue-0] DEBUG org.codehaus.griffon.runtime.core.DefaultApplicationConfigurer - Registering griffon.core.editors.FilePropertyEditor as editor for java.io.File
[AWT-EventQueue-0] DEBUG org.codehaus.griffon.runtime.core.DefaultApplicationConfigurer - Registering griffon.core.editors.URLPropertyEditor as editor for java.net.URL
[AWT-EventQueue-0] DEBUG org.codehaus.griffon.runtime.core.DefaultApplicationConfigurer - Registering griffon.core.editors.URIPropertyEditor as editor for java.net.URI
[AWT-EventQueue-0] DEBUG org.codehaus.griffon.runtime.core.DefaultApplicationConfigurer - Registering griffon.core.editors.BigDecimalPropertyEditor as editor for java.math.BigDecimal
[AWT-EventQueue-0] DEBUG org.codehaus.griffon.runtime.core.DefaultApplicationConfigurer - Registering griffon.core.editors.BigIntegerPropertyEditor as editor for java.math.BigInteger
[AWT-EventQueue-0] DEBUG org.codehaus.griffon.runtime.core.DefaultApplicationConfigurer - Registering griffon.core.editors.BooleanPropertyEditor as editor for java.lang.Boolean
[AWT-EventQueue-0] DEBUG org.codehaus.griffon.runtime.core.DefaultApplicationConfigurer - Registering griffon.core.editors.BytePropertyEditor as editor for java.lang.Byte
[AWT-EventQueue-0] DEBUG org.codehaus.griffon.runtime.core.DefaultApplicationConfigurer - Registering griffon.core.editors.ShortPropertyEditor as editor for java.lang.Short
[AWT-EventQueue-0] DEBUG org.codehaus.griffon.runtime.core.DefaultApplicationConfigurer - Registering griffon.core.editors.IntegerPropertyEditor as editor for java.lang.Integer
[AWT-EventQueue-0] DEBUG org.codehaus.griffon.runtime.core.DefaultApplicationConfigurer - Registering griffon.core.editors.LongPropertyEditor as editor for java.lang.Long
[AWT-EventQueue-0] DEBUG org.codehaus.griffon.runtime.core.DefaultApplicationConfigurer - Registering griffon.core.editors.FloatPropertyEditor as editor for java.lang.Float
[AWT-EventQueue-0] DEBUG org.codehaus.griffon.runtime.core.DefaultApplicationConfigurer - Registering griffon.core.editors.DoublePropertyEditor as editor for java.lang.Double
[AWT-EventQueue-0] DEBUG org.codehaus.griffon.runtime.core.DefaultApplicationConfigurer - Registering griffon.core.editors.CalendarPropertyEditor as editor for java.util.Calendar
[AWT-EventQueue-0] DEBUG org.codehaus.griffon.runtime.core.DefaultApplicationConfigurer - Registering griffon.core.editors.DatePropertyEditor as editor for java.util.Date
[AWT-EventQueue-0] DEBUG org.codehaus.griffon.runtime.core.DefaultApplicationConfigurer - Registering griffon.core.editors.LocalePropertyEditor as editor for java.util.Locale
[AWT-EventQueue-0] DEBUG griffon.util.ServiceLoaderUtils - Reading java.beans.PropertyEditor definitions from jar:file:/home/travis/build/griffon/griffon/subprojects/griffon-pivot/build/libs/griffon-pivot-2.7.0-SNAPSHOT.jar!/META-INF/editors/java.beans.PropertyEditor
[AWT-EventQueue-0] DEBUG org.codehaus.griffon.runtime.core.DefaultApplicationConfigurer - Registering griffon.pivot.editors.ColorPropertyEditor as editor for java.awt.Color
[AWT-EventQueue-0] DEBUG org.codehaus.griffon.runtime.core.DefaultApplicationConfigurer - Registering griffon.pivot.editors.BoundsPropertyEditor as editor for org.apache.pivot.wtk.Bounds
[AWT-EventQueue-0] DEBUG org.codehaus.griffon.runtime.core.DefaultApplicationConfigurer - Registering griffon.pivot.editors.DimensionsPropertyEditor as editor for org.apache.pivot.wtk.Dimensions
[AWT-EventQueue-0] DEBUG org.codehaus.griffon.runtime.core.DefaultApplicationConfigurer - Registering griffon.pivot.editors.InsetsPropertyEditor as editor for org.apache.pivot.wtk.Insets
[AWT-EventQueue-0] DEBUG org.codehaus.griffon.runtime.core.DefaultApplicationConfigurer - Registering griffon.pivot.editors.PointPropertyEditor as editor for org.apache.pivot.wtk.Point
[AWT-EventQueue-0] TRACE griffon.core.editors.PropertyEditorResolver - Searching PropertyEditor for java.lang.Boolean
[AWT-EventQueue-0] TRACE griffon.core.editors.PropertyEditorResolver - PropertyEditor for java.lang.Boolean is griffon.core.editors.BooleanPropertyEditor
[AWT-EventQueue-0] DEBUG org.codehaus.griffon.runtime.core.DefaultApplicationConfigurer - Registering griffon.core.editors.BooleanPropertyEditor as editor for boolean
[AWT-EventQueue-0] TRACE griffon.core.editors.PropertyEditorResolver - Searching PropertyEditor for java.lang.Byte
[AWT-EventQueue-0] TRACE griffon.core.editors.PropertyEditorResolver - PropertyEditor for java.lang.Byte is griffon.core.editors.BytePropertyEditor
[AWT-EventQueue-0] DEBUG org.codehaus.griffon.runtime.core.DefaultApplicationConfigurer - Registering griffon.core.editors.BytePropertyEditor as editor for byte
[AWT-EventQueue-0] TRACE griffon.core.editors.PropertyEditorResolver - Searching PropertyEditor for java.lang.Short
[AWT-EventQueue-0] TRACE griffon.core.editors.PropertyEditorResolver - PropertyEditor for java.lang.Short is griffon.core.editors.ShortPropertyEditor
[AWT-EventQueue-0] DEBUG org.codehaus.griffon.runtime.core.DefaultApplicationConfigurer - Registering griffon.core.editors.ShortPropertyEditor as editor for short
[AWT-EventQueue-0] TRACE griffon.core.editors.PropertyEditorResolver - Searching PropertyEditor for java.lang.Integer
[AWT-EventQueue-0] TRACE griffon.core.editors.PropertyEditorResolver - PropertyEditor for java.lang.Integer is griffon.core.editors.IntegerPropertyEditor
[AWT-EventQueue-0] DEBUG org.codehaus.griffon.runtime.core.DefaultApplicationConfigurer - Registering griffon.core.editors.IntegerPropertyEditor as editor for int
[AWT-EventQueue-0] TRACE griffon.core.editors.PropertyEditorResolver - Searching PropertyEditor for java.lang.Long
[AWT-EventQueue-0] TRACE griffon.core.editors.PropertyEditorResolver - PropertyEditor for java.lang.Long is griffon.core.editors.LongPropertyEditor
[AWT-EventQueue-0] DEBUG org.codehaus.griffon.runtime.core.DefaultApplicationConfigurer - Registering griffon.core.editors.LongPropertyEditor as editor for long
[AWT-EventQueue-0] TRACE griffon.core.editors.PropertyEditorResolver - Searching PropertyEditor for java.lang.Float
[AWT-EventQueue-0] TRACE griffon.core.editors.PropertyEditorResolver - PropertyEditor for java.lang.Float is griffon.core.editors.FloatPropertyEditor
[AWT-EventQueue-0] DEBUG org.codehaus.griffon.runtime.core.DefaultApplicationConfigurer - Registering griffon.core.editors.FloatPropertyEditor as editor for float
[AWT-EventQueue-0] TRACE griffon.core.editors.PropertyEditorResolver - Searching PropertyEditor for java.lang.Double
[AWT-EventQueue-0] TRACE griffon.core.editors.PropertyEditorResolver - PropertyEditor for java.lang.Double is griffon.core.editors.DoublePropertyEditor
[AWT-EventQueue-0] DEBUG org.codehaus.griffon.runtime.core.DefaultApplicationConfigurer - Registering griffon.core.editors.DoublePropertyEditor as editor for double
[AWT-EventQueue-0] DEBUG org.codehaus.griffon.runtime.core.event.AbstractEventRouter - Adding listener org.codehaus.griffon.runtime.core.DefaultApplicationConfigurer$2 on NewInstance
[AWT-EventQueue-0] TRACE griffon.util.CompositeResourceBundle - Searching key=application.lifecycle.handler.disable
[AWT-EventQueue-0] TRACE griffon.util.CompositeResourceBundle - Searching key=application
[AWT-EventQueue-0] TRACE griffon.util.CompositeResourceBundle - Bundle griffon.util.ExpandableResourceBundle@4412b684; key=application; value='{title=Pivot + Groovy, startupGroups=[sample], autoShutdown=true}'
[AWT-EventQueue-0] TRACE griffon.util.CompositeResourceBundle - Searching key=platform.handler.linux64
[AWT-EventQueue-0] TRACE griffon.util.CompositeResourceBundle - Searching key=platform
[AWT-EventQueue-0] DEBUG org.codehaus.griffon.runtime.core.PlatformHandlerProvider - Using org.codehaus.griffon.runtime.core.DefaultPlatformHandler as PlatformHandler
[AWT-EventQueue-0] DEBUG org.codehaus.griffon.runtime.core.addon.AbstractAddonManager - Loading addons [START]
[AWT-EventQueue-0] DEBUG griffon.util.AnnotationUtils - Current addon order is [groovy]
[AWT-EventQueue-0] TRACE griffon.util.AnnotationUtils - Processing addon 'groovy'
[AWT-EventQueue-0] TRACE griffon.util.AnnotationUtils -   depends on '[]'
[AWT-EventQueue-0] TRACE griffon.util.AnnotationUtils -   adding addon 'groovy', since all dependencies have been added
[AWT-EventQueue-0] TRACE griffon.util.AnnotationUtils - addon dependency ordering complete
[AWT-EventQueue-0] DEBUG griffon.util.AnnotationUtils - computed addon order is [groovy]
[AWT-EventQueue-0] DEBUG org.codehaus.griffon.runtime.core.event.AbstractEventRouter - Triggering event 'LoadAddonsStart' synchronously
[AWT-EventQueue-0] DEBUG org.codehaus.griffon.runtime.core.addon.AbstractAddonManager - Loading addon groovy with class org.codehaus.griffon.runtime.groovy.GroovyAddon
[AWT-EventQueue-0] DEBUG org.codehaus.griffon.runtime.core.event.AbstractEventRouter - Triggering event 'LoadAddonStart' synchronously
[AWT-EventQueue-0] DEBUG org.codehaus.griffon.runtime.core.event.AbstractEventRouter - Adding listener org.codehaus.griffon.runtime.groovy.GroovyAddon@79dd5571
[AWT-EventQueue-0] DEBUG org.codehaus.griffon.runtime.core.event.AbstractEventRouter - Triggering event 'LoadAddonEnd' synchronously
[AWT-EventQueue-0] DEBUG org.codehaus.griffon.runtime.core.addon.AbstractAddonManager - Loaded addon groovy
[AWT-EventQueue-0] DEBUG org.codehaus.griffon.runtime.core.addon.AbstractAddonManager - Loading addons [END]
[AWT-EventQueue-0] DEBUG org.codehaus.griffon.runtime.core.event.AbstractEventRouter - Triggering event 'LoadAddonsEnd' synchronously
[AWT-EventQueue-0] TRACE griffon.util.CompositeResourceBundle - Searching key=mvcGroups
[AWT-EventQueue-0] TRACE griffon.util.CompositeResourceBundle - Bundle griffon.util.ExpandableResourceBundle@4412b684; key=mvcGroups; value='{sample={view=sample.pivot.groovy.SampleView, controller=sample.pivot.groovy.SampleController}}'
[AWT-EventQueue-0] DEBUG org.codehaus.griffon.runtime.core.DefaultApplicationConfigurer - Adding MVC group sample
[AWT-EventQueue-0] DEBUG org.codehaus.griffon.runtime.core.event.AbstractEventRouter - Adding listener org.codehaus.griffon.runtime.core.DefaultApplicationConfigurer$3 on NewInstance
[AWT-EventQueue-0] TRACE griffon.util.CompositeResourceBundle - Searching key=griffon.controller.action.handler.order
[AWT-EventQueue-0] TRACE griffon.util.CompositeResourceBundle - Searching key=griffon
[AWT-EventQueue-0] DEBUG griffon.util.AnnotationUtils - computed handler order is []
[AWT-EventQueue-0] DEBUG org.codehaus.griffon.runtime.core.artifact.AbstractArtifactManager - Registering artifact handler for type 'model': org.codehaus.griffon.runtime.core.artifact.ModelArtifactHandler@328609de
[AWT-EventQueue-0] DEBUG org.codehaus.griffon.runtime.core.artifact.AbstractArtifactManager - Registering artifact handler for type 'view': org.codehaus.griffon.runtime.core.artifact.ViewArtifactHandler@22e2cce8
[AWT-EventQueue-0] DEBUG org.codehaus.griffon.runtime.core.artifact.AbstractArtifactManager - Registering artifact handler for type 'controller': org.codehaus.griffon.runtime.core.artifact.ControllerArtifactHandler@13c5b4ec
[AWT-EventQueue-0] DEBUG org.codehaus.griffon.runtime.core.artifact.AbstractArtifactManager - Registering artifact handler for type 'service': org.codehaus.griffon.runtime.core.artifact.ServiceArtifactHandler@3701aeda
[AWT-EventQueue-0] DEBUG griffon.util.ServiceLoaderUtils - Reading griffon.core.artifact.GriffonView definitions from file:/home/travis/build/griffon/griffon/samples/sample-pivot-groovy/build/classes/main/META-INF/griffon/griffon.core.artifact.GriffonView
[AWT-EventQueue-0] DEBUG griffon.util.ServiceLoaderUtils - Reading griffon.core.artifact.GriffonController definitions from file:/home/travis/build/griffon/griffon/samples/sample-pivot-groovy/build/classes/main/META-INF/griffon/griffon.core.artifact.GriffonController
[AWT-EventQueue-0] DEBUG griffon.util.ServiceLoaderUtils - Reading griffon.core.artifact.GriffonService definitions from file:/home/travis/build/griffon/griffon/samples/sample-pivot-groovy/build/classes/main/META-INF/griffon/griffon.core.artifact.GriffonService
[AWT-EventQueue-0] DEBUG org.codehaus.griffon.runtime.core.artifact.DefaultArtifactManager - Artifacts of type 'view' = 1
[AWT-EventQueue-0] DEBUG org.codehaus.griffon.runtime.core.artifact.DefaultArtifactManager - Artifacts of type 'controller' = 1
[AWT-EventQueue-0] DEBUG org.codehaus.griffon.runtime.core.artifact.DefaultArtifactManager - Artifacts of type 'service' = 1
[AWT-EventQueue-0] DEBUG org.codehaus.griffon.runtime.core.event.AbstractEventRouter - Triggering event 'BootstrapEnd' synchronously
[Test worker] DEBUG org.codehaus.griffon.runtime.core.artifact.AbstractArtifactManager - Searching for griffonClass of sample.pivot.groovy.SampleController
[Test worker] DEBUG org.codehaus.griffon.runtime.core.event.AbstractEventRouter - Triggering event 'NewInstance' synchronously
[Test worker] DEBUG org.codehaus.griffon.runtime.core.event.AbstractEventRouter - Triggering event 'NewInstance' synchronously
[Test worker] DEBUG org.codehaus.griffon.runtime.core.artifact.AbstractArtifactManager - Searching for griffonClass of sample.pivot.groovy.SampleController
[Test worker] TRACE griffon.util.CompositeResourceBundle - Searching key=sample.pivot.groovy.SampleController.action.SayHello.name
[Test worker] TRACE griffon.util.CompositeResourceBundle - Searching key=application.action.SayHello.name
[Test worker] TRACE org.codehaus.griffon.runtime.core.controller.AbstractActionManager - sample.pivot.groovy.SampleController.action.SayHello.name = Say Hello
[Test worker] TRACE griffon.util.CompositeResourceBundle - Searching key=sample.pivot.groovy.SampleController.action.SayHello.description
[Test worker] TRACE griffon.util.CompositeResourceBundle - Searching key=application.action.SayHello.description
[Test worker] TRACE griffon.util.CompositeResourceBundle - Searching key=sample.pivot.groovy.SampleController.action.SayHello.enabled
[Test worker] TRACE griffon.util.CompositeResourceBundle - Searching key=application.action.SayHello.enabled
[Test worker] TRACE org.codehaus.griffon.runtime.pivot.controller.PivotActionManager - sample.pivot.groovy.SampleController.action.SayHello.enabled = true
[Test worker] TRACE org.codehaus.griffon.runtime.core.controller.AbstractActionManager - Action for sample.pivot.groovy.SampleController.sayHello stored as sayHello
[Test worker] TRACE griffon.util.CompositeResourceBundle - Searching key=griffon.disable.threading.injection
[Test worker] TRACE griffon.util.CompositeResourceBundle - Searching key=griffon
[Test worker] TRACE griffon.util.CompositeResourceBundle - Searching key=controller.threading.default
[Test worker] TRACE griffon.util.CompositeResourceBundle - Searching key=controller
[Test worker] DEBUG org.codehaus.griffon.runtime.core.controller.AbstractActionManager - Executing sample.pivot.groovy.SampleController.sayHello with policy OUTSIDE_UITHREAD
[Test worker] TRACE org.codehaus.griffon.runtime.core.controller.AbstractActionManager - Resolving contextual arguments for sample.pivot.groovy.SampleController.sayHello
[Test worker] DEBUG org.codehaus.griffon.runtime.core.controller.AbstractActionManager - Executing 0 handlers for sample.pivot.groovy.SampleController.sayHello
[Test worker] TRACE org.codehaus.griffon.runtime.core.controller.AbstractActionManager - Status before execution of sample.pivot.groovy.SampleController.sayHello is OK
[Test worker] TRACE griffon.util.CompositeResourceBundle - Searching key=greeting.parameterized
[Test worker] TRACE griffon.util.CompositeResourceBundle - Bundle griffon.util.ExpandableResourceBundle@17a975ea; key=greeting.parameterized; value='Hello {0}'
[Test worker] TRACE org.codehaus.griffon.runtime.core.controller.AbstractActionManager - Status after execution of sample.pivot.groovy.SampleController.sayHello is OK
[Test worker] DEBUG org.codehaus.griffon.runtime.core.event.AbstractEventRouter - Triggering event 'ShutdownRequested' synchronously
[Test worker] INFO org.codehaus.griffon.runtime.pivot.TestDesktopPivotApplication - Shutdown is in process
[Test worker] DEBUG org.codehaus.griffon.runtime.pivot.TestDesktopPivotApplication - Shutdown stage 1: notify all event listeners
[Test worker] DEBUG org.codehaus.griffon.runtime.core.event.AbstractEventRouter - Adding listener org.codehaus.griffon.runtime.core.AbstractGriffonApplication$1 on ShutdownStart
[Test worker] DEBUG org.codehaus.griffon.runtime.core.event.AbstractEventRouter - Triggering event 'ShutdownStart' synchronously
[Test worker] DEBUG org.codehaus.griffon.runtime.pivot.TestDesktopPivotApplication - Shutdown stage 2: notify all shutdown handlers
[Test worker] DEBUG org.codehaus.griffon.runtime.pivot.TestDesktopPivotApplication - Shutdown stage 3: destroy all MVC groups
[Test worker] DEBUG org.codehaus.griffon.runtime.pivot.TestDesktopPivotApplication - Shutdown stage 4: execute Shutdown script
[Test worker] TRACE griffon.util.CompositeResourceBundle - Searching key=application.lifecycle.handler.disable
[Test worker] TRACE griffon.util.CompositeResourceBundle - Searching key=application
[Test worker] TRACE griffon.util.CompositeResourceBundle - Bundle griffon.util.ExpandableResourceBundle@4412b684; key=application; value='{title=Pivot + Groovy, startupGroups=[sample], autoShutdown=true}'
[AWT-EventQueue-0] INFO org.codehaus.griffon.runtime.core.DefaultApplicationBootstrapper - Griffon 2.7.0-SNAPSHOT
[AWT-EventQueue-0] INFO org.codehaus.griffon.runtime.core.DefaultApplicationBootstrapper - Build: 2016-06-10T16:45:15.971+0000
[AWT-EventQueue-0] INFO org.codehaus.griffon.runtime.core.DefaultApplicationBootstrapper - Revision: 5ed596ae40c92a16648fce3a675db9a9198b2d0b
[AWT-EventQueue-0] INFO org.codehaus.griffon.runtime.core.DefaultApplicationBootstrapper - JVM: 1.8.0_91 (Oracle Corporation 25.91-b14)
[AWT-EventQueue-0] INFO org.codehaus.griffon.runtime.core.DefaultApplicationBootstrapper - OS: Linux 3.13.0-63-generic amd64
[AWT-EventQueue-0] DEBUG org.codehaus.griffon.runtime.core.DefaultApplicationBootstrapper - Creating module bindings
[AWT-EventQueue-0] DEBUG griffon.util.ServiceLoaderUtils - Reading definitions from file:/home/travis/build/griffon/griffon/samples/sample-pivot-groovy/build/classes/main/META-INF/griffon
[AWT-EventQueue-0] DEBUG griffon.util.AnnotationUtils - Current module order is [core, application, groovy, pivot-groovy, pivot, testApplicationBootstrapper$InnerClasses, testApplicationBootstrapper$Fields]
[AWT-EventQueue-0] TRACE griffon.util.AnnotationUtils - Processing module 'core'
[AWT-EventQueue-0] TRACE griffon.util.AnnotationUtils -   depends on '[]'
[AWT-EventQueue-0] TRACE griffon.util.AnnotationUtils -   adding module 'core', since all dependencies have been added
[AWT-EventQueue-0] TRACE griffon.util.AnnotationUtils - Processing module 'application'
[AWT-EventQueue-0] TRACE griffon.util.AnnotationUtils -   depends on '[]'
[AWT-EventQueue-0] TRACE griffon.util.AnnotationUtils -   adding module 'application', since all dependencies have been added
[AWT-EventQueue-0] TRACE griffon.util.AnnotationUtils - Processing module 'groovy'
[AWT-EventQueue-0] TRACE griffon.util.AnnotationUtils -   depends on '[]'
[AWT-EventQueue-0] TRACE griffon.util.AnnotationUtils -   adding module 'groovy', since all dependencies have been added
[AWT-EventQueue-0] TRACE griffon.util.AnnotationUtils - Processing module 'pivot-groovy'
[AWT-EventQueue-0] TRACE griffon.util.AnnotationUtils -   depends on '[pivot]'
[AWT-EventQueue-0] TRACE griffon.util.AnnotationUtils -   checking module 'pivot-groovy' dependencies (1)
[AWT-EventQueue-0] TRACE griffon.util.AnnotationUtils -   checking module 'pivot-groovy' dependencies: 
[AWT-EventQueue-0] TRACE griffon.util.AnnotationUtils -   skipped module 'pivot-groovy', since dependency 'pivot' not yet added
[AWT-EventQueue-0] TRACE griffon.util.AnnotationUtils - Processing module 'pivot'
[AWT-EventQueue-0] TRACE griffon.util.AnnotationUtils -   depends on '[]'
[AWT-EventQueue-0] TRACE griffon.util.AnnotationUtils -   adding module 'pivot', since all dependencies have been added
[AWT-EventQueue-0] TRACE griffon.util.AnnotationUtils - Processing module 'testApplicationBootstrapper$InnerClasses'
[AWT-EventQueue-0] TRACE griffon.util.AnnotationUtils -   depends on '[]'
[AWT-EventQueue-0] TRACE griffon.util.AnnotationUtils -   adding module 'testApplicationBootstrapper$InnerClasses', since all dependencies have been added
[AWT-EventQueue-0] TRACE griffon.util.AnnotationUtils - Processing module 'testApplicationBootstrapper$Fields'
[AWT-EventQueue-0] TRACE griffon.util.AnnotationUtils -   depends on '[]'
[AWT-EventQueue-0] TRACE griffon.util.AnnotationUtils -   adding module 'testApplicationBootstrapper$Fields', since all dependencies have been added
[AWT-EventQueue-0] DEBUG griffon.util.AnnotationUtils - Current module order is [core, application, groovy, pivot-groovy, pivot, testApplicationBootstrapper$InnerClasses, testApplicationBootstrapper$Fields]
[AWT-EventQueue-0] TRACE griffon.util.AnnotationUtils - Processing module 'pivot-groovy'
[AWT-EventQueue-0] TRACE griffon.util.AnnotationUtils -   depends on '[pivot]'
[AWT-EventQueue-0] TRACE griffon.util.AnnotationUtils -   checking module 'pivot-groovy' dependencies (1)
[AWT-EventQueue-0] TRACE griffon.util.AnnotationUtils -   checking module 'pivot-groovy' dependencies: 
[AWT-EventQueue-0] TRACE griffon.util.AnnotationUtils -   module 'pivot-groovy' dependency 'pivot' already added
[AWT-EventQueue-0] TRACE griffon.util.AnnotationUtils -   adding module 'pivot-groovy', since all dependencies have been added
[AWT-EventQueue-0] TRACE griffon.util.AnnotationUtils - module dependency ordering complete
[AWT-EventQueue-0] DEBUG griffon.util.AnnotationUtils - computed module order is [core, application, groovy, pivot, testApplicationBootstrapper$InnerClasses, testApplicationBootstrapper$Fields, pivot-groovy]
[AWT-EventQueue-0] DEBUG org.codehaus.griffon.runtime.core.TestApplicationBootstrapper - computed Module order is [core, application, groovy, pivot, pivot-groovy, testApplicationBootstrapper$InnerClasses, testApplicationBootstrapper$Fields]
[AWT-EventQueue-0] DEBUG org.codehaus.griffon.runtime.core.DefaultApplicationBootstrapper - Loading module bindings from core:org.codehaus.griffon.runtime.core.DefaultApplicationModule@3bf667fb
[AWT-EventQueue-0] DEBUG org.codehaus.griffon.runtime.core.DefaultApplicationBootstrapper - Loading module bindings from application:sample.pivot.groovy.ApplicationModule@3a009de7
[AWT-EventQueue-0] DEBUG org.codehaus.griffon.runtime.core.DefaultApplicationBootstrapper - Loading module bindings from groovy:org.codehaus.griffon.runtime.groovy.GroovyModule@5d4da36
[AWT-EventQueue-0] DEBUG org.codehaus.griffon.runtime.core.DefaultApplicationBootstrapper - Loading module bindings from pivot:org.codehaus.griffon.runtime.pivot.PivotModule@7a70d03a
[AWT-EventQueue-0] DEBUG org.codehaus.griffon.runtime.core.DefaultApplicationBootstrapper - Loading module bindings from pivot-groovy:org.codehaus.griffon.runtime.pivot.PivotBuilderModule@7231b930
[AWT-EventQueue-0] DEBUG org.codehaus.griffon.runtime.core.DefaultApplicationBootstrapper - Loading module bindings from testApplicationBootstrapper$InnerClasses:org.codehaus.griffon.runtime.core.TestApplicationBootstrapper$InnerClassesModule@4ce0fd34
[AWT-EventQueue-0] DEBUG org.codehaus.griffon.runtime.core.DefaultApplicationBootstrapper - Loading module bindings from testApplicationBootstrapper$Fields:org.codehaus.griffon.runtime.core.TestApplicationBootstrapper$FieldsModule@6fc69bf4
[AWT-EventQueue-0] TRACE org.codehaus.griffon.runtime.core.DefaultApplicationBootstrapper - InstanceBinding[source=griffon.core.GriffonApplication, instance=org.codehaus.griffon.runtime.pivot.TestDesktopPivotApplication@7c4cdb98, singleton=true]
[AWT-EventQueue-0] TRACE org.codehaus.griffon.runtime.core.DefaultApplicationBootstrapper - TargetBinding[source=sample.pivot.groovy.SampleService, target=sample.pivot.groovy.SampleService, singleton=true]
[AWT-EventQueue-0] TRACE org.codehaus.griffon.runtime.core.DefaultApplicationBootstrapper - TargetBinding[source=sample.pivot.groovy.SampleController, target=sample.pivot.groovy.SampleController, singleton=false]
[AWT-EventQueue-0] TRACE org.codehaus.griffon.runtime.core.DefaultApplicationBootstrapper - TargetBinding[source=sample.pivot.groovy.SampleView, target=sample.pivot.groovy.SampleView, singleton=false]
[AWT-EventQueue-0] TRACE org.codehaus.griffon.runtime.core.DefaultApplicationBootstrapper - InstanceBinding[source=org.apache.pivot.wtk.Display, instance=org.apache.pivot.wtk.Display, singleton=true]
[AWT-EventQueue-0] TRACE org.codehaus.griffon.runtime.core.DefaultApplicationBootstrapper - TargetBinding[source=griffon.core.ApplicationClassLoader, target=org.codehaus.griffon.runtime.core.DefaultApplicationClassLoader, singleton=true]
[AWT-EventQueue-0] TRACE org.codehaus.griffon.runtime.core.DefaultApplicationBootstrapper - ProviderTypeBinding[source=griffon.core.env.Metadata, providerType=org.codehaus.griffon.runtime.core.env.MetadataProvider, singleton=true]
[AWT-EventQueue-0] TRACE org.codehaus.griffon.runtime.core.DefaultApplicationBootstrapper - ProviderTypeBinding[source=griffon.core.env.RunMode, providerType=org.codehaus.griffon.runtime.core.env.RunModeProvider, singleton=true]
[AWT-EventQueue-0] TRACE org.codehaus.griffon.runtime.core.DefaultApplicationBootstrapper - ProviderTypeBinding[source=griffon.core.env.Environment, providerType=org.codehaus.griffon.runtime.core.env.EnvironmentProvider, singleton=true]
[AWT-EventQueue-0] TRACE org.codehaus.griffon.runtime.core.DefaultApplicationBootstrapper - TargetBinding[source=griffon.core.ContextFactory, target=org.codehaus.griffon.runtime.core.DefaultContextFactory, singleton=true]
[AWT-EventQueue-0] TRACE org.codehaus.griffon.runtime.core.DefaultApplicationBootstrapper - ProviderTypeBinding[source=griffon.core.Context, classifier=@javax.inject.Named(value=applicationContext), providerType=org.codehaus.griffon.runtime.core.DefaultContextProvider, singleton=true]
[AWT-EventQueue-0] TRACE org.codehaus.griffon.runtime.core.DefaultApplicationBootstrapper - TargetBinding[source=griffon.core.ApplicationConfigurer, target=org.codehaus.griffon.runtime.core.DefaultApplicationConfigurer, singleton=true]
[AWT-EventQueue-0] TRACE org.codehaus.griffon.runtime.core.DefaultApplicationBootstrapper - TargetBinding[source=griffon.core.resources.ResourceHandler, target=org.codehaus.griffon.runtime.core.resources.DefaultResourceHandler, singleton=true]
[AWT-EventQueue-0] TRACE org.codehaus.griffon.runtime.core.DefaultApplicationBootstrapper - TargetBinding[source=griffon.util.CompositeResourceBundleBuilder, target=org.codehaus.griffon.runtime.groovy.util.GroovyAwareCompositeResourceBundleBuilder, singleton=true]
[AWT-EventQueue-0] TRACE org.codehaus.griffon.runtime.core.DefaultApplicationBootstrapper - ProviderBinding[source=java.util.ResourceBundle, classifier=@javax.inject.Named(value=applicationResourceBundle), provider=org.codehaus.griffon.runtime.util.ResourceBundleProvider@347661f0, singleton=true]
[AWT-EventQueue-0] TRACE org.codehaus.griffon.runtime.core.DefaultApplicationBootstrapper - TargetBinding[source=org.codehaus.griffon.runtime.core.ConfigurationDecoratorFactory, target=org.codehaus.griffon.runtime.core.DefaultConfigurationDecoratorFactory, singleton=false]
[AWT-EventQueue-0] TRACE org.codehaus.griffon.runtime.core.DefaultApplicationBootstrapper - ProviderTypeBinding[source=griffon.core.Configuration, providerType=org.codehaus.griffon.runtime.core.ResourceBundleConfigurationProvider, singleton=true]
[AWT-EventQueue-0] TRACE org.codehaus.griffon.runtime.core.DefaultApplicationBootstrapper - TargetBinding[source=griffon.core.ExecutorServiceManager, target=org.codehaus.griffon.runtime.core.DefaultExecutorServiceManager, singleton=true]
[AWT-EventQueue-0] TRACE org.codehaus.griffon.runtime.core.DefaultApplicationBootstrapper - TargetBinding[source=griffon.core.event.EventRouter, classifier=@javax.inject.Named(value=applicationEventRouter), target=org.codehaus.griffon.runtime.groovy.event.GroovyAwareDefaultEventRouter, singleton=true]
[AWT-EventQueue-0] TRACE org.codehaus.griffon.runtime.core.DefaultApplicationBootstrapper - TargetBinding[source=griffon.core.event.EventRouter, target=org.codehaus.griffon.runtime.groovy.event.GroovyAwareDefaultEventRouter, singleton=false]
[AWT-EventQueue-0] TRACE org.codehaus.griffon.runtime.core.DefaultApplicationBootstrapper - TargetBinding[source=org.codehaus.griffon.runtime.core.resources.ResourceResolverDecoratorFactory, target=org.codehaus.griffon.runtime.groovy.resources.GroovyAwareResourceResolverDecoratorFactory, singleton=false]
[AWT-EventQueue-0] TRACE org.codehaus.griffon.runtime.core.DefaultApplicationBootstrapper - TargetBinding[source=org.codehaus.griffon.runtime.core.i18n.MessageSourceDecoratorFactory, target=org.codehaus.griffon.runtime.groovy.i18n.GroovyAwareMessageSourceDecoratorFactory, singleton=false]
[AWT-EventQueue-0] TRACE org.codehaus.griffon.runtime.core.DefaultApplicationBootstrapper - ProviderBinding[source=griffon.core.resources.ResourceResolver, classifier=@javax.inject.Named(value=applicationResourceResolver), provider=org.codehaus.griffon.runtime.core.resources.ResourceResolverProvider@3d910d3c, singleton=true]
[AWT-EventQueue-0] TRACE org.codehaus.griffon.runtime.core.DefaultApplicationBootstrapper - ProviderBinding[source=griffon.core.i18n.MessageSource, classifier=@javax.inject.Named(value=applicationMessageSource), provider=org.codehaus.griffon.runtime.core.i18n.MessageSourceProvider@6d223465, singleton=true]
[AWT-EventQueue-0] TRACE org.codehaus.griffon.runtime.core.DefaultApplicationBootstrapper - TargetBinding[source=griffon.core.resources.ResourceInjector, classifier=@javax.inject.Named(value=applicationResourceInjector), target=org.codehaus.griffon.runtime.core.resources.DefaultApplicationResourceInjector, singleton=true]
[AWT-EventQueue-0] TRACE org.codehaus.griffon.runtime.core.DefaultApplicationBootstrapper - ProviderTypeBinding[source=java.util.concurrent.ExecutorService, classifier=@javax.inject.Named(value=defaultExecutorService), providerType=org.codehaus.griffon.runtime.core.threading.DefaultExecutorServiceProvider, singleton=true]
[AWT-EventQueue-0] TRACE org.codehaus.griffon.runtime.core.DefaultApplicationBootstrapper - TargetBinding[source=griffon.core.threading.UIThreadManager, target=org.codehaus.griffon.runtime.pivot.PivotUIThreadManager, singleton=true]
[AWT-EventQueue-0] TRACE org.codehaus.griffon.runtime.core.DefaultApplicationBootstrapper - TargetBinding[source=griffon.core.mvc.MVCGroupConfigurationFactory, target=org.codehaus.griffon.runtime.core.mvc.DefaultMVCGroupConfigurationFactory, singleton=true]
[AWT-EventQueue-0] TRACE org.codehaus.griffon.runtime.core.DefaultApplicationBootstrapper - TargetBinding[source=griffon.core.mvc.MVCGroupFactory, target=org.codehaus.griffon.runtime.groovy.mvc.GroovyAwareMVCGroupFactory, singleton=true]
[AWT-EventQueue-0] TRACE org.codehaus.griffon.runtime.core.DefaultApplicationBootstrapper - TargetBinding[source=griffon.core.mvc.MVCGroupManager, target=org.codehaus.griffon.runtime.groovy.mvc.GroovyAwareMVCGroupManager, singleton=true]
[AWT-EventQueue-0] TRACE org.codehaus.griffon.runtime.core.DefaultApplicationBootstrapper - ProviderBinding[source=griffon.core.LifecycleHandler, classifier=@javax.inject.Named(value=Initialize), provider=org.codehaus.griffon.runtime.core.LifecycleHandlerProvider@7728a242, singleton=true]
[AWT-EventQueue-0] TRACE org.codehaus.griffon.runtime.core.DefaultApplicationBootstrapper - ProviderBinding[source=griffon.core.LifecycleHandler, classifier=@javax.inject.Named(value=Startup), provider=org.codehaus.griffon.runtime.core.LifecycleHandlerProvider@705634b6, singleton=true]
[AWT-EventQueue-0] TRACE org.codehaus.griffon.runtime.core.DefaultApplicationBootstrapper - ProviderBinding[source=griffon.core.LifecycleHandler, classifier=@javax.inject.Named(value=Ready), provider=org.codehaus.griffon.runtime.core.LifecycleHandlerProvider@451b2f6d, singleton=true]
[AWT-EventQueue-0] TRACE org.codehaus.griffon.runtime.core.DefaultApplicationBootstrapper - ProviderBinding[source=griffon.core.LifecycleHandler, classifier=@javax.inject.Named(value=Shutdown), provider=org.codehaus.griffon.runtime.core.LifecycleHandlerProvider@3966aab7, singleton=true]
[AWT-EventQueue-0] TRACE org.codehaus.griffon.runtime.core.DefaultApplicationBootstrapper - ProviderBinding[source=griffon.core.LifecycleHandler, classifier=@javax.inject.Named(value=Stop), provider=org.codehaus.griffon.runtime.core.LifecycleHandlerProvider@b6e256b, singleton=true]
[AWT-EventQueue-0] TRACE org.codehaus.griffon.runtime.core.DefaultApplicationBootstrapper - TargetBinding[source=griffon.core.view.WindowManager, target=org.codehaus.griffon.runtime.pivot.DefaultPivotWindowManager, singleton=true]
[AWT-EventQueue-0] TRACE org.codehaus.griffon.runtime.core.DefaultApplicationBootstrapper - TargetBinding[source=griffon.core.controller.ActionManager, target=org.codehaus.griffon.runtime.pivot.controller.PivotActionManager, singleton=true]
[AWT-EventQueue-0] TRACE org.codehaus.griffon.runtime.core.DefaultApplicationBootstrapper - TargetBinding[source=griffon.core.artifact.ArtifactManager, target=org.codehaus.griffon.runtime.core.artifact.DefaultArtifactManager, singleton=true]
[AWT-EventQueue-0] TRACE org.codehaus.griffon.runtime.core.DefaultApplicationBootstrapper - TargetBinding[source=griffon.core.artifact.ArtifactHandler, classifier=@griffon.inject.Typed(value=interface griffon.core.artifact.GriffonModel), target=org.codehaus.griffon.runtime.core.artifact.ModelArtifactHandler, singleton=true]
[AWT-EventQueue-0] TRACE org.codehaus.griffon.runtime.core.DefaultApplicationBootstrapper - TargetBinding[source=griffon.core.artifact.ArtifactHandler, classifier=@griffon.inject.Typed(value=interface griffon.core.artifact.GriffonView), target=org.codehaus.griffon.runtime.core.artifact.ViewArtifactHandler, singleton=true]
[AWT-EventQueue-0] TRACE org.codehaus.griffon.runtime.core.DefaultApplicationBootstrapper - TargetBinding[source=griffon.core.artifact.ArtifactHandler, classifier=@griffon.inject.Typed(value=interface griffon.core.artifact.GriffonController), target=org.codehaus.griffon.runtime.core.artifact.ControllerArtifactHandler, singleton=true]
[AWT-EventQueue-0] TRACE org.codehaus.griffon.runtime.core.DefaultApplicationBootstrapper - TargetBinding[source=griffon.core.artifact.ArtifactHandler, classifier=@griffon.inject.Typed(value=interface griffon.core.artifact.GriffonService), target=org.codehaus.griffon.runtime.core.artifact.ServiceArtifactHandler, singleton=true]
[AWT-EventQueue-0] TRACE org.codehaus.griffon.runtime.core.DefaultApplicationBootstrapper - ProviderTypeBinding[source=griffon.core.PlatformHandler, providerType=org.codehaus.griffon.runtime.core.PlatformHandlerProvider, singleton=true]
[AWT-EventQueue-0] TRACE org.codehaus.griffon.runtime.core.DefaultApplicationBootstrapper - TargetBinding[source=griffon.core.addon.AddonManager, target=org.codehaus.griffon.runtime.core.addon.DefaultAddonManager, singleton=true]
[AWT-EventQueue-0] TRACE org.codehaus.griffon.runtime.core.DefaultApplicationBootstrapper - TargetBinding[source=griffon.core.event.EventHandler, target=org.codehaus.griffon.runtime.core.event.DefaultEventHandler, singleton=true]
[AWT-EventQueue-0] TRACE org.codehaus.griffon.runtime.core.DefaultApplicationBootstrapper - ProviderTypeBinding[source=griffon.core.ExceptionHandler, providerType=org.codehaus.griffon.runtime.core.GriffonExceptionHandlerProvider, singleton=true]
[AWT-EventQueue-0] TRACE org.codehaus.griffon.runtime.core.DefaultApplicationBootstrapper - ProviderTypeBinding[source=griffon.util.ConfigReader, providerType=griffon.util.ConfigReader$Provider, singleton=true]
[AWT-EventQueue-0] TRACE org.codehaus.griffon.runtime.core.DefaultApplicationBootstrapper - TargetBinding[source=griffon.core.addon.GriffonAddon, classifier=@javax.inject.Named(value=groovy), target=org.codehaus.griffon.runtime.groovy.GroovyAddon, singleton=true]
[AWT-EventQueue-0] TRACE org.codehaus.griffon.runtime.core.DefaultApplicationBootstrapper - TargetBinding[source=griffon.util.BuilderCustomizer, classifier=@javax.inject.Named(value=core), target=griffon.builder.core.CoreBuilderCustomizer, singleton=true]
[AWT-EventQueue-0] TRACE org.codehaus.griffon.runtime.core.DefaultApplicationBootstrapper - TargetBinding[source=griffon.pivot.PivotWindowDisplayHandler, classifier=@javax.inject.Named(value=defaultWindowDisplayHandler), target=org.codehaus.griffon.runtime.pivot.DefaultPivotWindowDisplayHandler, singleton=true]
[AWT-EventQueue-0] TRACE org.codehaus.griffon.runtime.core.DefaultApplicationBootstrapper - TargetBinding[source=griffon.pivot.PivotWindowDisplayHandler, classifier=@javax.inject.Named(value=windowDisplayHandler), target=org.codehaus.griffon.runtime.pivot.GroovyAwareConfigurablePivotWindowDisplayHandler, singleton=true]
[AWT-EventQueue-0] TRACE org.codehaus.griffon.runtime.core.DefaultApplicationBootstrapper - TargetBinding[source=griffon.util.BuilderCustomizer, classifier=@javax.inject.Named(value=pivot), target=griffon.builder.pivot.PivotBuilderCustomizer, singleton=true]
[AWT-EventQueue-0] DEBUG org.codehaus.griffon.runtime.core.DefaultApplicationBootstrapper - Creating application injector
[AWT-EventQueue-0] DEBUG org.codehaus.griffon.runtime.core.DefaultApplicationBootstrapper - Injector will be created by org.codehaus.griffon.runtime.injection.GuiceInjectorFactory@5a1f5634
[AWT-EventQueue-0] DEBUG griffon.util.AnnotationUtils - computed module order is []
[AWT-EventQueue-0] TRACE griffon.util.CompositeResourceBundle - Searching key=application
[AWT-EventQueue-0] TRACE griffon.util.CompositeResourceBundle - Bundle griffon.util.ExpandableResourceBundle@5c15eea0; key=application; value='{title=Pivot + Groovy, startupGroups=[sample], autoShutdown=true}'
[AWT-EventQueue-0] TRACE griffon.util.CompositeResourceBundle - Searching key=application.title
[AWT-EventQueue-0] TRACE griffon.util.CompositeResourceBundle - Bundle griffon.util.ExpandableResourceBundle@5c15eea0; key=application.title; value='Pivot + Groovy'
[AWT-EventQueue-0] TRACE griffon.util.CompositeResourceBundle - Searching key=application.startupGroups
[AWT-EventQueue-0] TRACE griffon.util.CompositeResourceBundle - Bundle griffon.util.ExpandableResourceBundle@5c15eea0; key=application.startupGroups; value='[sample]'
[AWT-EventQueue-0] TRACE griffon.util.CompositeResourceBundle - Searching key=application.autoShutdown
[AWT-EventQueue-0] TRACE griffon.util.CompositeResourceBundle - Bundle griffon.util.ExpandableResourceBundle@5c15eea0; key=application.autoShutdown; value='true'
[AWT-EventQueue-0] TRACE griffon.util.CompositeResourceBundle - Searching key=mvcGroups
[AWT-EventQueue-0] TRACE griffon.util.CompositeResourceBundle - Bundle griffon.util.ExpandableResourceBundle@5c15eea0; key=mvcGroups; value='{sample={view=sample.pivot.groovy.SampleView, controller=sample.pivot.groovy.SampleController}}'
[AWT-EventQueue-0] TRACE griffon.util.CompositeResourceBundle - Searching key=mvcGroups.sample.view
[AWT-EventQueue-0] TRACE griffon.util.CompositeResourceBundle - Bundle griffon.util.ExpandableResourceBundle@5c15eea0; key=mvcGroups.sample.view; value='sample.pivot.groovy.SampleView'
[AWT-EventQueue-0] TRACE griffon.util.CompositeResourceBundle - Searching key=mvcGroups.sample.controller
[AWT-EventQueue-0] TRACE griffon.util.CompositeResourceBundle - Bundle griffon.util.ExpandableResourceBundle@5c15eea0; key=mvcGroups.sample.controller; value='sample.pivot.groovy.SampleController'
[AWT-EventQueue-0] DEBUG org.codehaus.griffon.runtime.core.event.AbstractEventRouter - Adding listener org.codehaus.griffon.runtime.core.MVCGroupExceptionHandler on UncaughtMVCGroupConfigurationException
[AWT-EventQueue-0] DEBUG org.codehaus.griffon.runtime.core.event.AbstractEventRouter - Adding listener org.codehaus.griffon.runtime.core.MVCGroupExceptionHandler on UncaughtMVCGroupInstantiationException
[AWT-EventQueue-0] DEBUG griffon.util.AnnotationUtils - Current handler order is [default]
[AWT-EventQueue-0] TRACE griffon.util.AnnotationUtils - Processing handler 'default'
[AWT-EventQueue-0] TRACE griffon.util.AnnotationUtils -   depends on '[]'
[AWT-EventQueue-0] TRACE griffon.util.AnnotationUtils -   adding handler 'default', since all dependencies have been added
[AWT-EventQueue-0] TRACE griffon.util.AnnotationUtils - handler dependency ordering complete
[AWT-EventQueue-0] DEBUG griffon.util.AnnotationUtils - computed handler order is [default]
[AWT-EventQueue-0] DEBUG org.codehaus.griffon.runtime.core.event.AbstractEventRouter - Triggering event 'BootstrapStart' synchronously
[AWT-EventQueue-0] DEBUG griffon.util.ServiceLoaderUtils - Reading java.beans.PropertyEditor definitions from jar:file:/home/travis/build/griffon/griffon/subprojects/griffon-core/build/libs/griffon-core-2.7.0-SNAPSHOT.jar!/META-INF/editors/java.beans.PropertyEditor
[AWT-EventQueue-0] DEBUG org.codehaus.griffon.runtime.core.DefaultApplicationConfigurer - Registering griffon.core.editors.StringPropertyEditor as editor for java.lang.String
[AWT-EventQueue-0] DEBUG org.codehaus.griffon.runtime.core.DefaultApplicationConfigurer - Registering griffon.core.editors.FilePropertyEditor as editor for java.io.File
[AWT-EventQueue-0] DEBUG org.codehaus.griffon.runtime.core.DefaultApplicationConfigurer - Registering griffon.core.editors.URLPropertyEditor as editor for java.net.URL
[AWT-EventQueue-0] DEBUG org.codehaus.griffon.runtime.core.DefaultApplicationConfigurer - Registering griffon.core.editors.URIPropertyEditor as editor for java.net.URI
[AWT-EventQueue-0] DEBUG org.codehaus.griffon.runtime.core.DefaultApplicationConfigurer - Registering griffon.core.editors.BigDecimalPropertyEditor as editor for java.math.BigDecimal
[AWT-EventQueue-0] DEBUG org.codehaus.griffon.runtime.core.DefaultApplicationConfigurer - Registering griffon.core.editors.BigIntegerPropertyEditor as editor for java.math.BigInteger
[AWT-EventQueue-0] DEBUG org.codehaus.griffon.runtime.core.DefaultApplicationConfigurer - Registering griffon.core.editors.BooleanPropertyEditor as editor for java.lang.Boolean
[AWT-EventQueue-0] DEBUG org.codehaus.griffon.runtime.core.DefaultApplicationConfigurer - Registering griffon.core.editors.BytePropertyEditor as editor for java.lang.Byte
[AWT-EventQueue-0] DEBUG org.codehaus.griffon.runtime.core.DefaultApplicationConfigurer - Registering griffon.core.editors.ShortPropertyEditor as editor for java.lang.Short
[AWT-EventQueue-0] DEBUG org.codehaus.griffon.runtime.core.DefaultApplicationConfigurer - Registering griffon.core.editors.IntegerPropertyEditor as editor for java.lang.Integer
[AWT-EventQueue-0] DEBUG org.codehaus.griffon.runtime.core.DefaultApplicationConfigurer - Registering griffon.core.editors.LongPropertyEditor as editor for java.lang.Long
[AWT-EventQueue-0] DEBUG org.codehaus.griffon.runtime.core.DefaultApplicationConfigurer - Registering griffon.core.editors.FloatPropertyEditor as editor for java.lang.Float
[AWT-EventQueue-0] DEBUG org.codehaus.griffon.runtime.core.DefaultApplicationConfigurer - Registering griffon.core.editors.DoublePropertyEditor as editor for java.lang.Double
[AWT-EventQueue-0] DEBUG org.codehaus.griffon.runtime.core.DefaultApplicationConfigurer - Registering griffon.core.editors.CalendarPropertyEditor as editor for java.util.Calendar
[AWT-EventQueue-0] DEBUG org.codehaus.griffon.runtime.core.DefaultApplicationConfigurer - Registering griffon.core.editors.DatePropertyEditor as editor for java.util.Date
[AWT-EventQueue-0] DEBUG org.codehaus.griffon.runtime.core.DefaultApplicationConfigurer - Registering griffon.core.editors.LocalePropertyEditor as editor for java.util.Locale
[AWT-EventQueue-0] DEBUG griffon.util.ServiceLoaderUtils - Reading java.beans.PropertyEditor definitions from jar:file:/home/travis/build/griffon/griffon/subprojects/griffon-pivot/build/libs/griffon-pivot-2.7.0-SNAPSHOT.jar!/META-INF/editors/java.beans.PropertyEditor
[AWT-EventQueue-0] DEBUG org.codehaus.griffon.runtime.core.DefaultApplicationConfigurer - Registering griffon.pivot.editors.ColorPropertyEditor as editor for java.awt.Color
[AWT-EventQueue-0] DEBUG org.codehaus.griffon.runtime.core.DefaultApplicationConfigurer - Registering griffon.pivot.editors.BoundsPropertyEditor as editor for org.apache.pivot.wtk.Bounds
[AWT-EventQueue-0] DEBUG org.codehaus.griffon.runtime.core.DefaultApplicationConfigurer - Registering griffon.pivot.editors.DimensionsPropertyEditor as editor for org.apache.pivot.wtk.Dimensions
[AWT-EventQueue-0] DEBUG org.codehaus.griffon.runtime.core.DefaultApplicationConfigurer - Registering griffon.pivot.editors.InsetsPropertyEditor as editor for org.apache.pivot.wtk.Insets
[AWT-EventQueue-0] DEBUG org.codehaus.griffon.runtime.core.DefaultApplicationConfigurer - Registering griffon.pivot.editors.PointPropertyEditor as editor for org.apache.pivot.wtk.Point
[AWT-EventQueue-0] TRACE griffon.core.editors.PropertyEditorResolver - Searching PropertyEditor for java.lang.Boolean
[AWT-EventQueue-0] TRACE griffon.core.editors.PropertyEditorResolver - PropertyEditor for java.lang.Boolean is griffon.core.editors.BooleanPropertyEditor
[AWT-EventQueue-0] DEBUG org.codehaus.griffon.runtime.core.DefaultApplicationConfigurer - Registering griffon.core.editors.BooleanPropertyEditor as editor for boolean
[AWT-EventQueue-0] TRACE griffon.core.editors.PropertyEditorResolver - Searching PropertyEditor for java.lang.Byte
[AWT-EventQueue-0] TRACE griffon.core.editors.PropertyEditorResolver - PropertyEditor for java.lang.Byte is griffon.core.editors.BytePropertyEditor
[AWT-EventQueue-0] DEBUG org.codehaus.griffon.runtime.core.DefaultApplicationConfigurer - Registering griffon.core.editors.BytePropertyEditor as editor for byte
[AWT-EventQueue-0] TRACE griffon.core.editors.PropertyEditorResolver - Searching PropertyEditor for java.lang.Short
[AWT-EventQueue-0] TRACE griffon.core.editors.PropertyEditorResolver - PropertyEditor for java.lang.Short is griffon.core.editors.ShortPropertyEditor
[AWT-EventQueue-0] DEBUG org.codehaus.griffon.runtime.core.DefaultApplicationConfigurer - Registering griffon.core.editors.ShortPropertyEditor as editor for short
[AWT-EventQueue-0] TRACE griffon.core.editors.PropertyEditorResolver - Searching PropertyEditor for java.lang.Integer
[AWT-EventQueue-0] TRACE griffon.core.editors.PropertyEditorResolver - PropertyEditor for java.lang.Integer is griffon.core.editors.IntegerPropertyEditor
[AWT-EventQueue-0] DEBUG org.codehaus.griffon.runtime.core.DefaultApplicationConfigurer - Registering griffon.core.editors.IntegerPropertyEditor as editor for int
[AWT-EventQueue-0] TRACE griffon.core.editors.PropertyEditorResolver - Searching PropertyEditor for java.lang.Long
[AWT-EventQueue-0] TRACE griffon.core.editors.PropertyEditorResolver - PropertyEditor for java.lang.Long is griffon.core.editors.LongPropertyEditor
[AWT-EventQueue-0] DEBUG org.codehaus.griffon.runtime.core.DefaultApplicationConfigurer - Registering griffon.core.editors.LongPropertyEditor as editor for long
[AWT-EventQueue-0] TRACE griffon.core.editors.PropertyEditorResolver - Searching PropertyEditor for java.lang.Float
[AWT-EventQueue-0] TRACE griffon.core.editors.PropertyEditorResolver - PropertyEditor for java.lang.Float is griffon.core.editors.FloatPropertyEditor
[AWT-EventQueue-0] DEBUG org.codehaus.griffon.runtime.core.DefaultApplicationConfigurer - Registering griffon.core.editors.FloatPropertyEditor as editor for float
[AWT-EventQueue-0] TRACE griffon.core.editors.PropertyEditorResolver - Searching PropertyEditor for java.lang.Double
[AWT-EventQueue-0] TRACE griffon.core.editors.PropertyEditorResolver - PropertyEditor for java.lang.Double is griffon.core.editors.DoublePropertyEditor
[AWT-EventQueue-0] DEBUG org.codehaus.griffon.runtime.core.DefaultApplicationConfigurer - Registering griffon.core.editors.DoublePropertyEditor as editor for double
[AWT-EventQueue-0] DEBUG org.codehaus.griffon.runtime.core.event.AbstractEventRouter - Adding listener org.codehaus.griffon.runtime.core.DefaultApplicationConfigurer$2 on NewInstance
[AWT-EventQueue-0] TRACE griffon.util.CompositeResourceBundle - Searching key=application.lifecycle.handler.disable
[AWT-EventQueue-0] TRACE griffon.util.CompositeResourceBundle - Searching key=application
[AWT-EventQueue-0] TRACE griffon.util.CompositeResourceBundle - Bundle griffon.util.ExpandableResourceBundle@5c15eea0; key=application; value='{title=Pivot + Groovy, startupGroups=[sample], autoShutdown=true}'
[AWT-EventQueue-0] TRACE griffon.util.CompositeResourceBundle - Searching key=platform.handler.linux64
[AWT-EventQueue-0] TRACE griffon.util.CompositeResourceBundle - Searching key=platform
[AWT-EventQueue-0] DEBUG org.codehaus.griffon.runtime.core.PlatformHandlerProvider - Using org.codehaus.griffon.runtime.core.DefaultPlatformHandler as PlatformHandler
[AWT-EventQueue-0] DEBUG org.codehaus.griffon.runtime.core.addon.AbstractAddonManager - Loading addons [START]
[AWT-EventQueue-0] DEBUG griffon.util.AnnotationUtils - Current addon order is [groovy]
[AWT-EventQueue-0] TRACE griffon.util.AnnotationUtils - Processing addon 'groovy'
[AWT-EventQueue-0] TRACE griffon.util.AnnotationUtils -   depends on '[]'
[AWT-EventQueue-0] TRACE griffon.util.AnnotationUtils -   adding addon 'groovy', since all dependencies have been added
[AWT-EventQueue-0] TRACE griffon.util.AnnotationUtils - addon dependency ordering complete
[AWT-EventQueue-0] DEBUG griffon.util.AnnotationUtils - computed addon order is [groovy]
[AWT-EventQueue-0] DEBUG org.codehaus.griffon.runtime.core.event.AbstractEventRouter - Triggering event 'LoadAddonsStart' synchronously
[AWT-EventQueue-0] DEBUG org.codehaus.griffon.runtime.core.addon.AbstractAddonManager - Loading addon groovy with class org.codehaus.griffon.runtime.groovy.GroovyAddon
[AWT-EventQueue-0] DEBUG org.codehaus.griffon.runtime.core.event.AbstractEventRouter - Triggering event 'LoadAddonStart' synchronously
[AWT-EventQueue-0] DEBUG org.codehaus.griffon.runtime.core.event.AbstractEventRouter - Adding listener org.codehaus.griffon.runtime.groovy.GroovyAddon@6a364602
[AWT-EventQueue-0] DEBUG org.codehaus.griffon.runtime.core.event.AbstractEventRouter - Triggering event 'LoadAddonEnd' synchronously
[AWT-EventQueue-0] DEBUG org.codehaus.griffon.runtime.core.addon.AbstractAddonManager - Loaded addon groovy
[AWT-EventQueue-0] DEBUG org.codehaus.griffon.runtime.core.addon.AbstractAddonManager - Loading addons [END]
[AWT-EventQueue-0] DEBUG org.codehaus.griffon.runtime.core.event.AbstractEventRouter - Triggering event 'LoadAddonsEnd' synchronously
[AWT-EventQueue-0] TRACE griffon.util.CompositeResourceBundle - Searching key=mvcGroups
[AWT-EventQueue-0] TRACE griffon.util.CompositeResourceBundle - Bundle griffon.util.ExpandableResourceBundle@5c15eea0; key=mvcGroups; value='{sample={view=sample.pivot.groovy.SampleView, controller=sample.pivot.groovy.SampleController}}'
[AWT-EventQueue-0] DEBUG org.codehaus.griffon.runtime.core.DefaultApplicationConfigurer - Adding MVC group sample
[AWT-EventQueue-0] DEBUG org.codehaus.griffon.runtime.core.event.AbstractEventRouter - Adding listener org.codehaus.griffon.runtime.core.DefaultApplicationConfigurer$3 on NewInstance
[AWT-EventQueue-0] TRACE griffon.util.CompositeResourceBundle - Searching key=griffon.controller.action.handler.order
[AWT-EventQueue-0] TRACE griffon.util.CompositeResourceBundle - Searching key=griffon
[AWT-EventQueue-0] DEBUG griffon.util.AnnotationUtils - computed handler order is []
[AWT-EventQueue-0] DEBUG org.codehaus.griffon.runtime.core.artifact.AbstractArtifactManager - Registering artifact handler for type 'model': org.codehaus.griffon.runtime.core.artifact.ModelArtifactHandler@64d87dd6
[AWT-EventQueue-0] DEBUG org.codehaus.griffon.runtime.core.artifact.AbstractArtifactManager - Registering artifact handler for type 'view': org.codehaus.griffon.runtime.core.artifact.ViewArtifactHandler@597765ad
[AWT-EventQueue-0] DEBUG org.codehaus.griffon.runtime.core.artifact.AbstractArtifactManager - Registering artifact handler for type 'controller': org.codehaus.griffon.runtime.core.artifact.ControllerArtifactHandler@42b33d32
[AWT-EventQueue-0] DEBUG org.codehaus.griffon.runtime.core.artifact.AbstractArtifactManager - Registering artifact handler for type 'service': org.codehaus.griffon.runtime.core.artifact.ServiceArtifactHandler@fa01da0
[AWT-EventQueue-0] DEBUG griffon.util.ServiceLoaderUtils - Reading griffon.core.artifact.GriffonView definitions from file:/home/travis/build/griffon/griffon/samples/sample-pivot-groovy/build/classes/main/META-INF/griffon/griffon.core.artifact.GriffonView
[AWT-EventQueue-0] DEBUG griffon.util.ServiceLoaderUtils - Reading griffon.core.artifact.GriffonController definitions from file:/home/travis/build/griffon/griffon/samples/sample-pivot-groovy/build/classes/main/META-INF/griffon/griffon.core.artifact.GriffonController
[AWT-EventQueue-0] DEBUG griffon.util.ServiceLoaderUtils - Reading griffon.core.artifact.GriffonService definitions from file:/home/travis/build/griffon/griffon/samples/sample-pivot-groovy/build/classes/main/META-INF/griffon/griffon.core.artifact.GriffonService
[AWT-EventQueue-0] DEBUG org.codehaus.griffon.runtime.core.artifact.DefaultArtifactManager - Artifacts of type 'view' = 1
[AWT-EventQueue-0] DEBUG org.codehaus.griffon.runtime.core.artifact.DefaultArtifactManager - Artifacts of type 'controller' = 1
[AWT-EventQueue-0] DEBUG org.codehaus.griffon.runtime.core.artifact.DefaultArtifactManager - Artifacts of type 'service' = 1
[AWT-EventQueue-0] DEBUG org.codehaus.griffon.runtime.core.event.AbstractEventRouter - Triggering event 'BootstrapEnd' synchronously
[Test worker] DEBUG org.codehaus.griffon.runtime.core.artifact.AbstractArtifactManager - Searching for griffonClass of sample.pivot.groovy.SampleController
[Test worker] DEBUG org.codehaus.griffon.runtime.core.event.AbstractEventRouter - Triggering event 'NewInstance' synchronously
[Test worker] DEBUG org.codehaus.griffon.runtime.core.event.AbstractEventRouter - Triggering event 'NewInstance' synchronously
[Test worker] DEBUG org.codehaus.griffon.runtime.core.artifact.AbstractArtifactManager - Searching for griffonClass of sample.pivot.groovy.SampleController
[Test worker] TRACE griffon.util.CompositeResourceBundle - Searching key=sample.pivot.groovy.SampleController.action.SayHello.name
[Test worker] TRACE griffon.util.CompositeResourceBundle - Searching key=application.action.SayHello.name
[Test worker] TRACE org.codehaus.griffon.runtime.core.controller.AbstractActionManager - sample.pivot.groovy.SampleController.action.SayHello.name = Say Hello
[Test worker] TRACE griffon.util.CompositeResourceBundle - Searching key=sample.pivot.groovy.SampleController.action.SayHello.description
[Test worker] TRACE griffon.util.CompositeResourceBundle - Searching key=application.action.SayHello.description
[Test worker] TRACE griffon.util.CompositeResourceBundle - Searching key=sample.pivot.groovy.SampleController.action.SayHello.enabled
[Test worker] TRACE griffon.util.CompositeResourceBundle - Searching key=application.action.SayHello.enabled
[Test worker] TRACE org.codehaus.griffon.runtime.pivot.controller.PivotActionManager - sample.pivot.groovy.SampleController.action.SayHello.enabled = true
[Test worker] TRACE org.codehaus.griffon.runtime.core.controller.AbstractActionManager - Action for sample.pivot.groovy.SampleController.sayHello stored as sayHello
[Test worker] TRACE griffon.util.CompositeResourceBundle - Searching key=griffon.disable.threading.injection
[Test worker] TRACE griffon.util.CompositeResourceBundle - Searching key=griffon
[Test worker] TRACE griffon.util.CompositeResourceBundle - Searching key=controller.threading.default
[Test worker] TRACE griffon.util.CompositeResourceBundle - Searching key=controller
[Test worker] DEBUG org.codehaus.griffon.runtime.core.controller.AbstractActionManager - Executing sample.pivot.groovy.SampleController.sayHello with policy OUTSIDE_UITHREAD
[Test worker] TRACE org.codehaus.griffon.runtime.core.controller.AbstractActionManager - Resolving contextual arguments for sample.pivot.groovy.SampleController.sayHello
[Test worker] DEBUG org.codehaus.griffon.runtime.core.controller.AbstractActionManager - Executing 0 handlers for sample.pivot.groovy.SampleController.sayHello
[Test worker] TRACE org.codehaus.griffon.runtime.core.controller.AbstractActionManager - Status before execution of sample.pivot.groovy.SampleController.sayHello is OK
[Test worker] TRACE griffon.util.CompositeResourceBundle - Searching key=greeting.default
[Test worker] TRACE griffon.util.CompositeResourceBundle - Bundle griffon.util.ExpandableResourceBundle@b469188; key=greeting.default; value='Howdy stranger!'
[Test worker] TRACE org.codehaus.griffon.runtime.core.controller.AbstractActionManager - Status after execution of sample.pivot.groovy.SampleController.sayHello is OK
[Test worker] DEBUG org.codehaus.griffon.runtime.core.event.AbstractEventRouter - Triggering event 'ShutdownRequested' synchronously
[Test worker] INFO org.codehaus.griffon.runtime.pivot.TestDesktopPivotApplication - Shutdown is in process
[Test worker] DEBUG org.codehaus.griffon.runtime.pivot.TestDesktopPivotApplication - Shutdown stage 1: notify all event listeners
[Test worker] DEBUG org.codehaus.griffon.runtime.core.event.AbstractEventRouter - Adding listener org.codehaus.griffon.runtime.core.AbstractGriffonApplication$1 on ShutdownStart
[Test worker] DEBUG org.codehaus.griffon.runtime.core.event.AbstractEventRouter - Triggering event 'ShutdownStart' synchronously
[Test worker] DEBUG org.codehaus.griffon.runtime.pivot.TestDesktopPivotApplication - Shutdown stage 2: notify all shutdown handlers
[Test worker] DEBUG org.codehaus.griffon.runtime.pivot.TestDesktopPivotApplication - Shutdown stage 3: destroy all MVC groups
[Test worker] DEBUG org.codehaus.griffon.runtime.pivot.TestDesktopPivotApplication - Shutdown stage 4: execute Shutdown script
[Test worker] TRACE griffon.util.CompositeResourceBundle - Searching key=application.lifecycle.handler.disable
[Test worker] TRACE griffon.util.CompositeResourceBundle - Searching key=application
[Test worker] TRACE griffon.util.CompositeResourceBundle - Bundle griffon.util.ExpandableResourceBundle@5c15eea0; key=application; value='{title=Pivot + Groovy, startupGroups=[sample], autoShutdown=true}'
]]></system-err>
</testsuite>
