<?xml version="1.0" encoding="UTF-8"?>
<testsuite name="sample.pivot.groovy.SampleControllerTest" tests="2" skipped="0" failures="0" errors="0" timestamp="2014-07-03T10:10:35" hostname="testing-worker-linux-2-1-477-linux-8-29042435" time="5.605">
  <properties/>
  <testcase name="executeSayHelloActionWithInput" classname="sample.pivot.groovy.SampleControllerTest" time="5.086"/>
  <testcase name="executeSayHelloActionWithNoInput" classname="sample.pivot.groovy.SampleControllerTest" time="0.518"/>
  <system-out><![CDATA[]]></system-out>
  <system-err><![CDATA[Jul 03, 2014 10:10:36 AM java.util.prefs.FileSystemPreferences$1 run
INFO: Created user preferences directory.
[AWT-EventQueue-0] INFO org.codehaus.griffon.runtime.core.DefaultApplicationBootstrapper - Griffon 2.0.0.BETA3
[AWT-EventQueue-0] INFO org.codehaus.griffon.runtime.core.DefaultApplicationBootstrapper - Build: 2014-07-03T09:58:11.709+0000
[AWT-EventQueue-0] INFO org.codehaus.griffon.runtime.core.DefaultApplicationBootstrapper - JVM: 1.7.0_51 (Oracle Corporation 24.51-b03)
[AWT-EventQueue-0] INFO org.codehaus.griffon.runtime.core.DefaultApplicationBootstrapper - OS: Linux 2.6.32-042stab090.5 amd64
[AWT-EventQueue-0] DEBUG org.codehaus.griffon.runtime.core.DefaultApplicationBootstrapper - Creating module bindings
[AWT-EventQueue-0] DEBUG griffon.util.AnnotationUtils - Current module order is [core, application, groovy, pivot-groovy, pivot, testApplicationBootstrapper$InnerClasses, testApplicationBootstrapper$Fields]
[AWT-EventQueue-0] TRACE griffon.util.AnnotationUtils - Processing module 'core'
[AWT-EventQueue-0] TRACE griffon.util.AnnotationUtils -   depends on '[]'
[AWT-EventQueue-0] TRACE griffon.util.AnnotationUtils -   adding module 'core', since all dependencies have been added
[AWT-EventQueue-0] TRACE griffon.util.AnnotationUtils - Processing module 'application'
[AWT-EventQueue-0] TRACE griffon.util.AnnotationUtils -   depends on '[]'
[AWT-EventQueue-0] TRACE griffon.util.AnnotationUtils -   adding module 'application', since all dependencies have been added
[AWT-EventQueue-0] TRACE griffon.util.AnnotationUtils - Processing module 'groovy'
[AWT-EventQueue-0] TRACE griffon.util.AnnotationUtils -   depends on '[]'
[AWT-EventQueue-0] TRACE griffon.util.AnnotationUtils -   adding module 'groovy', since all dependencies have been added
[AWT-EventQueue-0] TRACE griffon.util.AnnotationUtils - Processing module 'pivot-groovy'
[AWT-EventQueue-0] TRACE griffon.util.AnnotationUtils -   depends on '[pivot]'
[AWT-EventQueue-0] TRACE griffon.util.AnnotationUtils -   checking module 'pivot-groovy' dependencies (1)
[AWT-EventQueue-0] TRACE griffon.util.AnnotationUtils -   checking module 'pivot-groovy' dependencies: 
[AWT-EventQueue-0] TRACE griffon.util.AnnotationUtils -   skipped module 'pivot-groovy', since dependency 'pivot' not yet added
[AWT-EventQueue-0] TRACE griffon.util.AnnotationUtils - Processing module 'pivot'
[AWT-EventQueue-0] TRACE griffon.util.AnnotationUtils -   depends on '[]'
[AWT-EventQueue-0] TRACE griffon.util.AnnotationUtils -   adding module 'pivot', since all dependencies have been added
[AWT-EventQueue-0] TRACE griffon.util.AnnotationUtils - Processing module 'testApplicationBootstrapper$InnerClasses'
[AWT-EventQueue-0] TRACE griffon.util.AnnotationUtils -   depends on '[]'
[AWT-EventQueue-0] TRACE griffon.util.AnnotationUtils -   adding module 'testApplicationBootstrapper$InnerClasses', since all dependencies have been added
[AWT-EventQueue-0] TRACE griffon.util.AnnotationUtils - Processing module 'testApplicationBootstrapper$Fields'
[AWT-EventQueue-0] TRACE griffon.util.AnnotationUtils -   depends on '[]'
[AWT-EventQueue-0] TRACE griffon.util.AnnotationUtils -   adding module 'testApplicationBootstrapper$Fields', since all dependencies have been added
[AWT-EventQueue-0] DEBUG griffon.util.AnnotationUtils - Current module order is [core, application, groovy, pivot-groovy, pivot, testApplicationBootstrapper$InnerClasses, testApplicationBootstrapper$Fields]
[AWT-EventQueue-0] TRACE griffon.util.AnnotationUtils - Processing module 'pivot-groovy'
[AWT-EventQueue-0] TRACE griffon.util.AnnotationUtils -   depends on '[pivot]'
[AWT-EventQueue-0] TRACE griffon.util.AnnotationUtils -   checking module 'pivot-groovy' dependencies (1)
[AWT-EventQueue-0] TRACE griffon.util.AnnotationUtils -   checking module 'pivot-groovy' dependencies: 
[AWT-EventQueue-0] TRACE griffon.util.AnnotationUtils -   module 'pivot-groovy' dependency 'pivot' already added
[AWT-EventQueue-0] TRACE griffon.util.AnnotationUtils -   adding module 'pivot-groovy', since all dependencies have been added
[AWT-EventQueue-0] TRACE griffon.util.AnnotationUtils - module dependency ordering complete
[AWT-EventQueue-0] DEBUG griffon.util.AnnotationUtils - computed module order is [core, application, groovy, pivot, testApplicationBootstrapper$InnerClasses, testApplicationBootstrapper$Fields, pivot-groovy]
[AWT-EventQueue-0] DEBUG org.codehaus.griffon.runtime.core.DefaultApplicationBootstrapper - Loading module bindings from core:org.codehaus.griffon.runtime.core.DefaultApplicationModule@59df9cf4
[AWT-EventQueue-0] DEBUG org.codehaus.griffon.runtime.core.DefaultApplicationBootstrapper - Loading module bindings from application:sample.pivot.groovy.ApplicationModule@67b98544
[AWT-EventQueue-0] DEBUG org.codehaus.griffon.runtime.core.DefaultApplicationBootstrapper - Loading module bindings from groovy:org.codehaus.griffon.runtime.groovy.GroovyModule@44dc688f
[AWT-EventQueue-0] DEBUG org.codehaus.griffon.runtime.core.DefaultApplicationBootstrapper - Loading module bindings from pivot:org.codehaus.griffon.runtime.pivot.PivotModule@6254a79a
[AWT-EventQueue-0] DEBUG org.codehaus.griffon.runtime.core.DefaultApplicationBootstrapper - Loading module bindings from testApplicationBootstrapper$InnerClasses:org.codehaus.griffon.runtime.core.TestApplicationBootstrapper$InnerClassesModule@23c7a1e5
[AWT-EventQueue-0] DEBUG org.codehaus.griffon.runtime.core.DefaultApplicationBootstrapper - Loading module bindings from testApplicationBootstrapper$Fields:org.codehaus.griffon.runtime.core.TestApplicationBootstrapper$FieldsModule@755d3bd
[AWT-EventQueue-0] DEBUG org.codehaus.griffon.runtime.core.DefaultApplicationBootstrapper - Loading module bindings from pivot-groovy:org.codehaus.griffon.runtime.pivot.PivotBuilderModule@13c0210e
[AWT-EventQueue-0] TRACE org.codehaus.griffon.runtime.core.DefaultApplicationBootstrapper - InstanceBinding[source=griffon.core.GriffonApplication, instance=org.codehaus.griffon.runtime.pivot.TestDesktopPivotApplication@231b98ae, singleton=true]
[AWT-EventQueue-0] TRACE org.codehaus.griffon.runtime.core.DefaultApplicationBootstrapper - InstanceBinding[source=org.apache.pivot.wtk.Display, instance=org.apache.pivot.wtk.Display, singleton=true]
[AWT-EventQueue-0] TRACE org.codehaus.griffon.runtime.core.DefaultApplicationBootstrapper - TargetBinding[source=griffon.core.ApplicationClassLoader, target=org.codehaus.griffon.runtime.core.DefaultApplicationClassLoader, singleton=true]
[AWT-EventQueue-0] TRACE org.codehaus.griffon.runtime.core.DefaultApplicationBootstrapper - TargetBinding[source=griffon.core.ApplicationConfigurer, target=org.codehaus.griffon.runtime.core.DefaultApplicationConfigurer, singleton=true]
[AWT-EventQueue-0] TRACE org.codehaus.griffon.runtime.core.DefaultApplicationBootstrapper - TargetBinding[source=griffon.core.resources.ResourceHandler, target=org.codehaus.griffon.runtime.core.resources.DefaultResourceHandler, singleton=true]
[AWT-EventQueue-0] TRACE org.codehaus.griffon.runtime.core.DefaultApplicationBootstrapper - TargetBinding[source=griffon.util.CompositeResourceBundleBuilder, target=org.codehaus.griffon.runtime.groovy.util.GroovyAwareCompositeResourceBundleBuilder, singleton=true]
[AWT-EventQueue-0] TRACE org.codehaus.griffon.runtime.core.DefaultApplicationBootstrapper - ProviderBinding[source=java.util.ResourceBundle, classifier=@javax.inject.Named(value=applicationResourceBundle), provider=org.codehaus.griffon.runtime.util.ResourceBundleProvider@68c4d983, singleton=true]
[AWT-EventQueue-0] TRACE org.codehaus.griffon.runtime.core.DefaultApplicationBootstrapper - TargetBinding[source=griffon.core.Configuration, target=org.codehaus.griffon.runtime.core.DefaultConfiguration, singleton=true]
[AWT-EventQueue-0] TRACE org.codehaus.griffon.runtime.core.DefaultApplicationBootstrapper - TargetBinding[source=griffon.core.ExecutorServiceManager, target=org.codehaus.griffon.runtime.core.DefaultExecutorServiceManager, singleton=true]
[AWT-EventQueue-0] TRACE org.codehaus.griffon.runtime.core.DefaultApplicationBootstrapper - TargetBinding[source=griffon.core.event.EventRouter, classifier=@javax.inject.Named(value=applicationEventRouter), target=org.codehaus.griffon.runtime.core.event.DefaultEventRouter, singleton=true]
[AWT-EventQueue-0] TRACE org.codehaus.griffon.runtime.core.DefaultApplicationBootstrapper - TargetBinding[source=griffon.core.event.EventRouter, target=org.codehaus.griffon.runtime.core.event.DefaultEventRouter, singleton=false]
[AWT-EventQueue-0] TRACE org.codehaus.griffon.runtime.core.DefaultApplicationBootstrapper - ProviderBinding[source=griffon.core.resources.ResourceResolver, classifier=@javax.inject.Named(value=applicationResourceResolver), provider=org.codehaus.griffon.runtime.core.resources.ResourceResolverProvider@53a45d31, singleton=true]
[AWT-EventQueue-0] TRACE org.codehaus.griffon.runtime.core.DefaultApplicationBootstrapper - ProviderBinding[source=griffon.core.i18n.MessageSource, classifier=@javax.inject.Named(value=applicationMessageSource), provider=org.codehaus.griffon.runtime.core.i18n.MessageSourceProvider@4be266dd, singleton=true]
[AWT-EventQueue-0] TRACE org.codehaus.griffon.runtime.core.DefaultApplicationBootstrapper - TargetBinding[source=griffon.core.resources.ResourceInjector, classifier=@javax.inject.Named(value=applicationResourceInjector), target=org.codehaus.griffon.runtime.core.resources.DefaultApplicationResourceInjector, singleton=true]
[AWT-EventQueue-0] TRACE org.codehaus.griffon.runtime.core.DefaultApplicationBootstrapper - TargetBinding[source=griffon.core.threading.UIThreadManager, target=org.codehaus.griffon.runtime.pivot.PivotUIThreadManager, singleton=true]
[AWT-EventQueue-0] TRACE org.codehaus.griffon.runtime.core.DefaultApplicationBootstrapper - TargetBinding[source=griffon.core.mvc.MVCGroupManager, target=org.codehaus.griffon.runtime.groovy.mvc.GroovyAwareMVCGroupManager, singleton=true]
[AWT-EventQueue-0] TRACE org.codehaus.griffon.runtime.core.DefaultApplicationBootstrapper - ProviderBinding[source=griffon.core.LifecycleHandler, classifier=@javax.inject.Named(value=Initialize), provider=org.codehaus.griffon.runtime.core.LifecycleHandlerProvider@7ccf5e16, singleton=true]
[AWT-EventQueue-0] TRACE org.codehaus.griffon.runtime.core.DefaultApplicationBootstrapper - ProviderBinding[source=griffon.core.LifecycleHandler, classifier=@javax.inject.Named(value=Startup), provider=org.codehaus.griffon.runtime.core.LifecycleHandlerProvider@122a365e, singleton=true]
[AWT-EventQueue-0] TRACE org.codehaus.griffon.runtime.core.DefaultApplicationBootstrapper - ProviderBinding[source=griffon.core.LifecycleHandler, classifier=@javax.inject.Named(value=Ready), provider=org.codehaus.griffon.runtime.core.LifecycleHandlerProvider@11575ea3, singleton=true]
[AWT-EventQueue-0] TRACE org.codehaus.griffon.runtime.core.DefaultApplicationBootstrapper - ProviderBinding[source=griffon.core.LifecycleHandler, classifier=@javax.inject.Named(value=Shutdown), provider=org.codehaus.griffon.runtime.core.LifecycleHandlerProvider@7f062839, singleton=true]
[AWT-EventQueue-0] TRACE org.codehaus.griffon.runtime.core.DefaultApplicationBootstrapper - ProviderBinding[source=griffon.core.LifecycleHandler, classifier=@javax.inject.Named(value=Stop), provider=org.codehaus.griffon.runtime.core.LifecycleHandlerProvider@6d3af755, singleton=true]
[AWT-EventQueue-0] TRACE org.codehaus.griffon.runtime.core.DefaultApplicationBootstrapper - TargetBinding[source=griffon.core.view.WindowManager, target=org.codehaus.griffon.runtime.pivot.DefaultPivotWindowManager, singleton=true]
[AWT-EventQueue-0] TRACE org.codehaus.griffon.runtime.core.DefaultApplicationBootstrapper - TargetBinding[source=griffon.core.controller.ActionManager, target=org.codehaus.griffon.runtime.pivot.controller.PivotActionManager, singleton=true]
[AWT-EventQueue-0] TRACE org.codehaus.griffon.runtime.core.DefaultApplicationBootstrapper - TargetBinding[source=griffon.core.artifact.ArtifactManager, target=org.codehaus.griffon.runtime.core.artifact.DefaultArtifactManager, singleton=true]
[AWT-EventQueue-0] TRACE org.codehaus.griffon.runtime.core.DefaultApplicationBootstrapper - TargetBinding[source=griffon.core.artifact.ArtifactHandler, classifier=@griffon.inject.Typed(value=interface griffon.core.artifact.GriffonModel), target=org.codehaus.griffon.runtime.core.artifact.ModelArtifactHandler, singleton=true]
[AWT-EventQueue-0] TRACE org.codehaus.griffon.runtime.core.DefaultApplicationBootstrapper - TargetBinding[source=griffon.core.artifact.ArtifactHandler, classifier=@griffon.inject.Typed(value=interface griffon.core.artifact.GriffonView), target=org.codehaus.griffon.runtime.core.artifact.ViewArtifactHandler, singleton=true]
[AWT-EventQueue-0] TRACE org.codehaus.griffon.runtime.core.DefaultApplicationBootstrapper - TargetBinding[source=griffon.core.artifact.ArtifactHandler, classifier=@griffon.inject.Typed(value=interface griffon.core.artifact.GriffonController), target=org.codehaus.griffon.runtime.core.artifact.ControllerArtifactHandler, singleton=true]
[AWT-EventQueue-0] TRACE org.codehaus.griffon.runtime.core.DefaultApplicationBootstrapper - TargetBinding[source=griffon.core.artifact.ArtifactHandler, classifier=@griffon.inject.Typed(value=interface griffon.core.artifact.GriffonService), target=org.codehaus.griffon.runtime.core.artifact.ServiceArtifactHandler, singleton=true]
[AWT-EventQueue-0] TRACE org.codehaus.griffon.runtime.core.DefaultApplicationBootstrapper - ProviderTypeBinding[source=griffon.core.PlatformHandler, providerType=class org.codehaus.griffon.runtime.core.PlatformHandlerProvider, singleton=true]
[AWT-EventQueue-0] TRACE org.codehaus.griffon.runtime.core.DefaultApplicationBootstrapper - TargetBinding[source=griffon.core.addon.AddonManager, target=org.codehaus.griffon.runtime.core.addon.DefaultAddonManager, singleton=true]
[AWT-EventQueue-0] TRACE org.codehaus.griffon.runtime.core.DefaultApplicationBootstrapper - TargetBinding[source=griffon.core.event.EventHandler, target=org.codehaus.griffon.runtime.core.event.DefaultEventHandler, singleton=true]
[AWT-EventQueue-0] TRACE org.codehaus.griffon.runtime.core.DefaultApplicationBootstrapper - TargetBinding[source=griffon.core.GriffonExceptionHandler, target=griffon.core.GriffonExceptionHandler, singleton=true]
[AWT-EventQueue-0] TRACE org.codehaus.griffon.runtime.core.DefaultApplicationBootstrapper - ProviderTypeBinding[source=griffon.util.ConfigReader, providerType=class griffon.util.ConfigReader$Provider, singleton=true]
[AWT-EventQueue-0] TRACE org.codehaus.griffon.runtime.core.DefaultApplicationBootstrapper - TargetBinding[source=griffon.core.addon.GriffonAddon, classifier=@javax.inject.Named(value=groovy), target=org.codehaus.griffon.runtime.groovy.GroovyAddon, singleton=true]
[AWT-EventQueue-0] TRACE org.codehaus.griffon.runtime.core.DefaultApplicationBootstrapper - TargetBinding[source=griffon.util.BuilderCustomizer, classifier=@javax.inject.Named(value=core), target=griffon.builder.core.CoreBuilderCustomizer, singleton=true]
[AWT-EventQueue-0] TRACE org.codehaus.griffon.runtime.core.DefaultApplicationBootstrapper - TargetBinding[source=griffon.pivot.PivotWindowDisplayHandler, classifier=@javax.inject.Named(value=defaultWindowDisplayHandler), target=org.codehaus.griffon.runtime.pivot.DefaultPivotWindowDisplayHandler, singleton=true]
[AWT-EventQueue-0] TRACE org.codehaus.griffon.runtime.core.DefaultApplicationBootstrapper - TargetBinding[source=griffon.pivot.PivotWindowDisplayHandler, classifier=@javax.inject.Named(value=windowDisplayHandler), target=org.codehaus.griffon.runtime.pivot.GroovyAwareConfigurablePivotWindowDisplayHandler, singleton=true]
[AWT-EventQueue-0] TRACE org.codehaus.griffon.runtime.core.DefaultApplicationBootstrapper - TargetBinding[source=griffon.util.BuilderCustomizer, classifier=@javax.inject.Named(value=pivot), target=griffon.builder.pivot.PivotBuilderCustomizer, singleton=true]
[AWT-EventQueue-0] DEBUG org.codehaus.griffon.runtime.core.DefaultApplicationBootstrapper - Creating application injector
[AWT-EventQueue-0] DEBUG org.codehaus.griffon.runtime.core.DefaultApplicationBootstrapper - Injector will be created by org.codehaus.griffon.runtime.injection.GuiceInjectorFactory@2bcb416b
[AWT-EventQueue-0] TRACE griffon.util.CompositeResourceBundle - Searching key=application
[AWT-EventQueue-0] TRACE griffon.util.CompositeResourceBundle - Bundle griffon.util.ExpandableResourceBundle@d8e2489; key=application; value='{autoShutdown=true, title=Pivot + Groovy, startupGroups=[sample]}'
[AWT-EventQueue-0] TRACE griffon.util.CompositeResourceBundle - Searching key=application.autoShutdown
[AWT-EventQueue-0] TRACE griffon.util.CompositeResourceBundle - Bundle griffon.util.ExpandableResourceBundle@d8e2489; key=application.autoShutdown; value='true'
[AWT-EventQueue-0] TRACE griffon.util.CompositeResourceBundle - Searching key=application.title
[AWT-EventQueue-0] TRACE griffon.util.CompositeResourceBundle - Bundle griffon.util.ExpandableResourceBundle@d8e2489; key=application.title; value='Pivot + Groovy'
[AWT-EventQueue-0] TRACE griffon.util.CompositeResourceBundle - Searching key=application.startupGroups
[AWT-EventQueue-0] TRACE griffon.util.CompositeResourceBundle - Bundle griffon.util.ExpandableResourceBundle@d8e2489; key=application.startupGroups; value='[sample]'
[AWT-EventQueue-0] TRACE griffon.util.CompositeResourceBundle - Searching key=mvcGroups
[AWT-EventQueue-0] TRACE griffon.util.CompositeResourceBundle - Bundle griffon.util.ExpandableResourceBundle@d8e2489; key=mvcGroups; value='{sample={controller=sample.pivot.groovy.SampleController, view=sample.pivot.groovy.SampleView}}'
[AWT-EventQueue-0] TRACE griffon.util.CompositeResourceBundle - Searching key=mvcGroups.sample.controller
[AWT-EventQueue-0] TRACE griffon.util.CompositeResourceBundle - Bundle griffon.util.ExpandableResourceBundle@d8e2489; key=mvcGroups.sample.controller; value='sample.pivot.groovy.SampleController'
[AWT-EventQueue-0] TRACE griffon.util.CompositeResourceBundle - Searching key=mvcGroups.sample.view
[AWT-EventQueue-0] TRACE griffon.util.CompositeResourceBundle - Bundle griffon.util.ExpandableResourceBundle@d8e2489; key=mvcGroups.sample.view; value='sample.pivot.groovy.SampleView'
[AWT-EventQueue-0] DEBUG org.codehaus.griffon.runtime.core.event.AbstractEventRouter - Adding listener org.codehaus.griffon.runtime.core.MVCGroupExceptionHandler on UncaughtMVCGroupConfigurationException
[AWT-EventQueue-0] DEBUG org.codehaus.griffon.runtime.core.event.AbstractEventRouter - Adding listener org.codehaus.griffon.runtime.core.MVCGroupExceptionHandler on UncaughtMVCGroupInstantiationException
[AWT-EventQueue-0] DEBUG org.codehaus.griffon.runtime.core.event.AbstractEventRouter - Triggering event 'BootstrapStart' synchronously
[AWT-EventQueue-0] DEBUG griffon.util.ServiceLoaderUtils - Reading java.beans.PropertyEditor definitions from file:/home/travis/build/griffon/griffon/samples/sample-pivot-groovy/build/instrumented_classes/META-INF/editors/java.beans.PropertyEditor
[AWT-EventQueue-0] DEBUG org.codehaus.griffon.runtime.core.DefaultApplicationConfigurer - Registering griffon.pivot.editors.ColorPropertyEditor as editor for java.awt.Color
[AWT-EventQueue-0] DEBUG org.codehaus.griffon.runtime.core.DefaultApplicationConfigurer - Registering griffon.pivot.editors.BoundsPropertyEditor as editor for org.apache.pivot.wtk.Bounds
[AWT-EventQueue-0] DEBUG org.codehaus.griffon.runtime.core.DefaultApplicationConfigurer - Registering griffon.pivot.editors.DimensionsPropertyEditor as editor for org.apache.pivot.wtk.Dimensions
[AWT-EventQueue-0] DEBUG org.codehaus.griffon.runtime.core.DefaultApplicationConfigurer - Registering griffon.pivot.editors.InsetsPropertyEditor as editor for org.apache.pivot.wtk.Insets
[AWT-EventQueue-0] DEBUG org.codehaus.griffon.runtime.core.DefaultApplicationConfigurer - Registering griffon.pivot.editors.PointPropertyEditor as editor for org.apache.pivot.wtk.Point
[AWT-EventQueue-0] DEBUG griffon.util.ServiceLoaderUtils - Reading java.beans.PropertyEditor definitions from jar:file:/home/travis/build/griffon/griffon/subprojects/griffon-core/build/libs/griffon-core-2.0.0.BETA3.jar!/META-INF/editors/java.beans.PropertyEditor
[AWT-EventQueue-0] DEBUG org.codehaus.griffon.runtime.core.DefaultApplicationConfigurer - Registering griffon.core.editors.StringPropertyEditor as editor for java.lang.String
[AWT-EventQueue-0] DEBUG org.codehaus.griffon.runtime.core.DefaultApplicationConfigurer - Registering griffon.core.editors.FilePropertyEditor as editor for java.io.File
[AWT-EventQueue-0] DEBUG org.codehaus.griffon.runtime.core.DefaultApplicationConfigurer - Registering griffon.core.editors.URLPropertyEditor as editor for java.net.URL
[AWT-EventQueue-0] DEBUG org.codehaus.griffon.runtime.core.DefaultApplicationConfigurer - Registering griffon.core.editors.URIPropertyEditor as editor for java.net.URI
[AWT-EventQueue-0] DEBUG org.codehaus.griffon.runtime.core.DefaultApplicationConfigurer - Registering griffon.core.editors.BigDecimalPropertyEditor as editor for java.math.BigDecimal
[AWT-EventQueue-0] DEBUG org.codehaus.griffon.runtime.core.DefaultApplicationConfigurer - Registering griffon.core.editors.BigIntegerPropertyEditor as editor for java.math.BigInteger
[AWT-EventQueue-0] DEBUG org.codehaus.griffon.runtime.core.DefaultApplicationConfigurer - Registering griffon.core.editors.BooleanPropertyEditor as editor for java.lang.Boolean
[AWT-EventQueue-0] DEBUG org.codehaus.griffon.runtime.core.DefaultApplicationConfigurer - Registering griffon.core.editors.BytePropertyEditor as editor for java.lang.Byte
[AWT-EventQueue-0] DEBUG org.codehaus.griffon.runtime.core.DefaultApplicationConfigurer - Registering griffon.core.editors.ShortPropertyEditor as editor for java.lang.Short
[AWT-EventQueue-0] DEBUG org.codehaus.griffon.runtime.core.DefaultApplicationConfigurer - Registering griffon.core.editors.IntegerPropertyEditor as editor for java.lang.Integer
[AWT-EventQueue-0] DEBUG org.codehaus.griffon.runtime.core.DefaultApplicationConfigurer - Registering griffon.core.editors.LongPropertyEditor as editor for java.lang.Long
[AWT-EventQueue-0] DEBUG org.codehaus.griffon.runtime.core.DefaultApplicationConfigurer - Registering griffon.core.editors.FloatPropertyEditor as editor for java.lang.Float
[AWT-EventQueue-0] DEBUG org.codehaus.griffon.runtime.core.DefaultApplicationConfigurer - Registering griffon.core.editors.DoublePropertyEditor as editor for java.lang.Double
[AWT-EventQueue-0] DEBUG org.codehaus.griffon.runtime.core.DefaultApplicationConfigurer - Registering griffon.core.editors.CalendarPropertyEditor as editor for java.util.Calendar
[AWT-EventQueue-0] DEBUG org.codehaus.griffon.runtime.core.DefaultApplicationConfigurer - Registering griffon.core.editors.DatePropertyEditor as editor for java.util.Date
[AWT-EventQueue-0] DEBUG griffon.util.ServiceLoaderUtils - Reading java.beans.PropertyEditor definitions from jar:file:/home/travis/build/griffon/griffon/subprojects/griffon-pivot/build/libs/griffon-pivot-2.0.0.BETA3.jar!/META-INF/editors/java.beans.PropertyEditor
[AWT-EventQueue-0] DEBUG org.codehaus.griffon.runtime.core.DefaultApplicationConfigurer - Registering griffon.pivot.editors.ColorPropertyEditor as editor for java.awt.Color
[AWT-EventQueue-0] DEBUG org.codehaus.griffon.runtime.core.DefaultApplicationConfigurer - Registering griffon.pivot.editors.BoundsPropertyEditor as editor for org.apache.pivot.wtk.Bounds
[AWT-EventQueue-0] DEBUG org.codehaus.griffon.runtime.core.DefaultApplicationConfigurer - Registering griffon.pivot.editors.DimensionsPropertyEditor as editor for org.apache.pivot.wtk.Dimensions
[AWT-EventQueue-0] DEBUG org.codehaus.griffon.runtime.core.DefaultApplicationConfigurer - Registering griffon.pivot.editors.InsetsPropertyEditor as editor for org.apache.pivot.wtk.Insets
[AWT-EventQueue-0] DEBUG org.codehaus.griffon.runtime.core.DefaultApplicationConfigurer - Registering griffon.pivot.editors.PointPropertyEditor as editor for org.apache.pivot.wtk.Point
[AWT-EventQueue-0] DEBUG org.codehaus.griffon.runtime.core.DefaultApplicationConfigurer - Registering griffon.core.editors.BooleanPropertyEditor as editor for boolean
[AWT-EventQueue-0] DEBUG org.codehaus.griffon.runtime.core.DefaultApplicationConfigurer - Registering griffon.core.editors.BytePropertyEditor as editor for byte
[AWT-EventQueue-0] DEBUG org.codehaus.griffon.runtime.core.DefaultApplicationConfigurer - Registering griffon.core.editors.ShortPropertyEditor as editor for short
[AWT-EventQueue-0] DEBUG org.codehaus.griffon.runtime.core.DefaultApplicationConfigurer - Registering griffon.core.editors.IntegerPropertyEditor as editor for int
[AWT-EventQueue-0] DEBUG org.codehaus.griffon.runtime.core.DefaultApplicationConfigurer - Registering griffon.core.editors.LongPropertyEditor as editor for long
[AWT-EventQueue-0] DEBUG org.codehaus.griffon.runtime.core.DefaultApplicationConfigurer - Registering griffon.core.editors.FloatPropertyEditor as editor for float
[AWT-EventQueue-0] DEBUG org.codehaus.griffon.runtime.core.DefaultApplicationConfigurer - Registering griffon.core.editors.DoublePropertyEditor as editor for double
[AWT-EventQueue-0] DEBUG org.codehaus.griffon.runtime.core.event.AbstractEventRouter - Adding listener org.codehaus.griffon.runtime.core.DefaultApplicationConfigurer$2 on NewInstance
[AWT-EventQueue-0] TRACE griffon.util.CompositeResourceBundle - Searching key=application.lifecycle.handler.disable
[AWT-EventQueue-0] TRACE griffon.util.CompositeResourceBundle - Searching key=application
[AWT-EventQueue-0] TRACE griffon.util.CompositeResourceBundle - Bundle griffon.util.ExpandableResourceBundle@d8e2489; key=application; value='{autoShutdown=true, title=Pivot + Groovy, startupGroups=[sample]}'
[AWT-EventQueue-0] TRACE griffon.util.CompositeResourceBundle - Searching key=platform.handler.linux64
[AWT-EventQueue-0] TRACE griffon.util.CompositeResourceBundle - Searching key=platform
[AWT-EventQueue-0] DEBUG org.codehaus.griffon.runtime.core.PlatformHandlerProvider - Using org.codehaus.griffon.runtime.core.DefaultPlatformHandler as PlatformHandler
[AWT-EventQueue-0] DEBUG org.codehaus.griffon.runtime.core.addon.AbstractAddonManager - Loading addons [START]
[AWT-EventQueue-0] DEBUG griffon.util.AnnotationUtils - Current addon order is [groovy]
[AWT-EventQueue-0] TRACE griffon.util.AnnotationUtils - Processing addon 'groovy'
[AWT-EventQueue-0] TRACE griffon.util.AnnotationUtils -   depends on '[]'
[AWT-EventQueue-0] TRACE griffon.util.AnnotationUtils -   adding addon 'groovy', since all dependencies have been added
[AWT-EventQueue-0] TRACE griffon.util.AnnotationUtils - addon dependency ordering complete
[AWT-EventQueue-0] DEBUG griffon.util.AnnotationUtils - computed addon order is [groovy]
[AWT-EventQueue-0] DEBUG org.codehaus.griffon.runtime.core.event.AbstractEventRouter - Triggering event 'LoadAddonsStart' synchronously
[AWT-EventQueue-0] DEBUG org.codehaus.griffon.runtime.core.addon.AbstractAddonManager - Loading addon groovy with class org.codehaus.griffon.runtime.groovy.GroovyAddon
[AWT-EventQueue-0] DEBUG org.codehaus.griffon.runtime.core.event.AbstractEventRouter - Triggering event 'LoadAddonStart' synchronously
[AWT-EventQueue-0] DEBUG org.codehaus.griffon.runtime.core.event.AbstractEventRouter - Adding listener org.codehaus.griffon.runtime.groovy.GroovyAddon@48c8997c
[AWT-EventQueue-0] DEBUG org.codehaus.griffon.runtime.core.event.AbstractEventRouter - Triggering event 'LoadAddonEnd' synchronously
[AWT-EventQueue-0] DEBUG org.codehaus.griffon.runtime.core.addon.AbstractAddonManager - Loaded addon groovy
[AWT-EventQueue-0] DEBUG org.codehaus.griffon.runtime.core.addon.AbstractAddonManager - Loading addons [END]
[AWT-EventQueue-0] DEBUG org.codehaus.griffon.runtime.core.event.AbstractEventRouter - Triggering event 'LoadAddonsEnd' synchronously
[AWT-EventQueue-0] TRACE griffon.util.CompositeResourceBundle - Searching key=mvcGroups
[AWT-EventQueue-0] TRACE griffon.util.CompositeResourceBundle - Bundle griffon.util.ExpandableResourceBundle@d8e2489; key=mvcGroups; value='{sample={controller=sample.pivot.groovy.SampleController, view=sample.pivot.groovy.SampleView}}'
[AWT-EventQueue-0] DEBUG org.codehaus.griffon.runtime.core.DefaultApplicationConfigurer - Adding MVC group sample
[AWT-EventQueue-0] DEBUG org.codehaus.griffon.runtime.core.event.AbstractEventRouter - Adding listener org.codehaus.griffon.runtime.core.DefaultApplicationConfigurer$3 on NewInstance
[AWT-EventQueue-0] TRACE griffon.util.CompositeResourceBundle - Searching key=griffon.controller.action.interceptor.order
[AWT-EventQueue-0] TRACE griffon.util.CompositeResourceBundle - Searching key=griffon
[AWT-EventQueue-0] DEBUG griffon.util.AnnotationUtils - computed interceptor order is []
[AWT-EventQueue-0] DEBUG org.codehaus.griffon.runtime.core.artifact.AbstractArtifactManager - Registering artifact handler for type 'model': org.codehaus.griffon.runtime.core.artifact.ModelArtifactHandler@300283d9
[AWT-EventQueue-0] DEBUG org.codehaus.griffon.runtime.core.artifact.AbstractArtifactManager - Registering artifact handler for type 'view': org.codehaus.griffon.runtime.core.artifact.ViewArtifactHandler@751e342e
[AWT-EventQueue-0] DEBUG org.codehaus.griffon.runtime.core.artifact.AbstractArtifactManager - Registering artifact handler for type 'controller': org.codehaus.griffon.runtime.core.artifact.ControllerArtifactHandler@11f3f414
[AWT-EventQueue-0] DEBUG org.codehaus.griffon.runtime.core.artifact.AbstractArtifactManager - Registering artifact handler for type 'service': org.codehaus.griffon.runtime.core.artifact.ServiceArtifactHandler@271d5641
[AWT-EventQueue-0] DEBUG griffon.util.ServiceLoaderUtils - Reading griffon.core.artifact.GriffonService definitions from file:/home/travis/build/griffon/griffon/samples/sample-pivot-groovy/build/instrumented_classes/META-INF/griffon/griffon.core.artifact.GriffonService
[AWT-EventQueue-0] DEBUG griffon.util.ServiceLoaderUtils - Reading griffon.core.artifact.GriffonController definitions from file:/home/travis/build/griffon/griffon/samples/sample-pivot-groovy/build/instrumented_classes/META-INF/griffon/griffon.core.artifact.GriffonController
[AWT-EventQueue-0] DEBUG griffon.util.ServiceLoaderUtils - Reading griffon.core.artifact.GriffonView definitions from file:/home/travis/build/griffon/griffon/samples/sample-pivot-groovy/build/instrumented_classes/META-INF/griffon/griffon.core.artifact.GriffonView
[AWT-EventQueue-0] DEBUG org.codehaus.griffon.runtime.core.artifact.DefaultArtifactManager - Artifacts of type 'service' = 1
[AWT-EventQueue-0] DEBUG org.codehaus.griffon.runtime.core.artifact.DefaultArtifactManager - Artifacts of type 'controller' = 1
[AWT-EventQueue-0] DEBUG org.codehaus.griffon.runtime.core.artifact.DefaultArtifactManager - Artifacts of type 'view' = 1
[AWT-EventQueue-0] TRACE org.codehaus.griffon.runtime.core.artifact.AbstractArtifactManager - InstanceBinding[source=griffon.core.artifact.GriffonClass, classifier=@griffon.inject.Typed(value=class sample.pivot.groovy.SampleService), instance=Artifact[service] > Sample, singleton=true]
[AWT-EventQueue-0] TRACE org.codehaus.griffon.runtime.core.artifact.AbstractArtifactManager - TargetBinding[source=sample.pivot.groovy.SampleService, target=sample.pivot.groovy.SampleService, singleton=true]
[AWT-EventQueue-0] TRACE org.codehaus.griffon.runtime.core.artifact.AbstractArtifactManager - InstanceBinding[source=griffon.core.artifact.GriffonClass, classifier=@griffon.inject.Typed(value=class sample.pivot.groovy.SampleController), instance=Artifact[controller] > Sample, singleton=true]
[AWT-EventQueue-0] TRACE org.codehaus.griffon.runtime.core.artifact.AbstractArtifactManager - TargetBinding[source=sample.pivot.groovy.SampleController, target=sample.pivot.groovy.SampleController, singleton=false]
[AWT-EventQueue-0] TRACE org.codehaus.griffon.runtime.core.artifact.AbstractArtifactManager - InstanceBinding[source=griffon.core.artifact.GriffonClass, classifier=@griffon.inject.Typed(value=class sample.pivot.groovy.SampleView), instance=Artifact[view] > Sample, singleton=true]
[AWT-EventQueue-0] TRACE org.codehaus.griffon.runtime.core.artifact.AbstractArtifactManager - TargetBinding[source=sample.pivot.groovy.SampleView, target=sample.pivot.groovy.SampleView, singleton=false]
[AWT-EventQueue-0] DEBUG org.codehaus.griffon.runtime.core.event.AbstractEventRouter - Triggering event 'BootstrapEnd' synchronously
[Test worker] DEBUG org.codehaus.griffon.runtime.core.artifact.AbstractArtifactManager - Searching for griffonClass of sample.pivot.groovy.SampleController
[Test worker] DEBUG org.codehaus.griffon.runtime.core.event.AbstractEventRouter - Triggering event 'NewInstance' synchronously
[Test worker] DEBUG org.codehaus.griffon.runtime.core.event.AbstractEventRouter - Triggering event 'NewInstance' synchronously
[Test worker] DEBUG org.codehaus.griffon.runtime.core.artifact.AbstractArtifactManager - Searching for griffonClass of sample.pivot.groovy.SampleController
[Test worker] TRACE griffon.util.CompositeResourceBundle - Searching key=sample.pivot.groovy.SampleController.action.SayHello.name
[Test worker] TRACE griffon.util.CompositeResourceBundle - Searching key=application.action.SayHello.name
[Test worker] TRACE org.codehaus.griffon.runtime.core.controller.AbstractActionManager - sample.pivot.groovy.SampleController.action.SayHello.name = Say Hello
[Test worker] TRACE griffon.util.CompositeResourceBundle - Searching key=sample.pivot.groovy.SampleController.action.SayHello.description
[Test worker] TRACE griffon.util.CompositeResourceBundle - Searching key=application.action.SayHello.description
[Test worker] TRACE griffon.util.CompositeResourceBundle - Searching key=sample.pivot.groovy.SampleController.action.SayHello.enabled
[Test worker] TRACE griffon.util.CompositeResourceBundle - Searching key=application.action.SayHello.enabled
[Test worker] TRACE org.codehaus.griffon.runtime.pivot.controller.PivotActionManager - sample.pivot.groovy.SampleController.action.SayHello.enabled = true
[Test worker] TRACE org.codehaus.griffon.runtime.core.controller.AbstractActionManager - Action for sample.pivot.groovy.SampleController.sayHello stored as sayHello
[Test worker] TRACE griffon.util.CompositeResourceBundle - Searching key=griffon.disable.threading.injection
[Test worker] TRACE griffon.util.CompositeResourceBundle - Searching key=griffon
[Test worker] DEBUG org.codehaus.griffon.runtime.core.controller.AbstractActionManager - Executing sample.pivot.groovy.SampleController.sayHello with policy OUTSIDE_UITHREAD
[Test worker] DEBUG org.codehaus.griffon.runtime.core.controller.AbstractActionManager - Executing 0 interceptors for sample.pivot.groovy.SampleController.sayHello
[Test worker] TRACE org.codehaus.griffon.runtime.core.controller.AbstractActionManager - Status before execution of sample.pivot.groovy.SampleController.sayHello is OK
[Test worker] TRACE griffon.util.CompositeResourceBundle - Searching key=greeting.parameterized
[Test worker] TRACE griffon.util.CompositeResourceBundle - Bundle griffon.util.ExpandableResourceBundle@5d708401; key=greeting.parameterized; value='Hello {0}'
[Test worker] TRACE org.codehaus.griffon.runtime.core.controller.AbstractActionManager - Status after execution of sample.pivot.groovy.SampleController.sayHello is OK
[Test worker] DEBUG org.codehaus.griffon.runtime.core.event.AbstractEventRouter - Triggering event 'ShutdownRequested' synchronously
[Test worker] INFO org.codehaus.griffon.runtime.pivot.TestDesktopPivotApplication - Shutdown is in process
[Test worker] DEBUG org.codehaus.griffon.runtime.pivot.TestDesktopPivotApplication - Shutdown stage 1: notify all event listeners
[Test worker] DEBUG org.codehaus.griffon.runtime.core.event.AbstractEventRouter - Adding listener org.codehaus.griffon.runtime.core.AbstractGriffonApplication$1 on ShutdownStart
[Test worker] DEBUG org.codehaus.griffon.runtime.core.event.AbstractEventRouter - Triggering event 'ShutdownStart' synchronously
[Test worker] DEBUG org.codehaus.griffon.runtime.pivot.TestDesktopPivotApplication - Shutdown stage 2: notify all shutdown handlers
[Test worker] DEBUG org.codehaus.griffon.runtime.pivot.TestDesktopPivotApplication - Shutdown stage 3: destroy all MVC groups
[Test worker] DEBUG org.codehaus.griffon.runtime.pivot.TestDesktopPivotApplication - Shutdown stage 4: execute Shutdown script
[Test worker] TRACE griffon.util.CompositeResourceBundle - Searching key=application.lifecycle.handler.disable
[Test worker] TRACE griffon.util.CompositeResourceBundle - Searching key=application
[Test worker] TRACE griffon.util.CompositeResourceBundle - Bundle griffon.util.ExpandableResourceBundle@d8e2489; key=application; value='{autoShutdown=true, title=Pivot + Groovy, startupGroups=[sample]}'
[AWT-EventQueue-0] INFO org.codehaus.griffon.runtime.core.DefaultApplicationBootstrapper - Griffon 2.0.0.BETA3
[AWT-EventQueue-0] INFO org.codehaus.griffon.runtime.core.DefaultApplicationBootstrapper - Build: 2014-07-03T09:58:11.709+0000
[AWT-EventQueue-0] INFO org.codehaus.griffon.runtime.core.DefaultApplicationBootstrapper - JVM: 1.7.0_51 (Oracle Corporation 24.51-b03)
[AWT-EventQueue-0] INFO org.codehaus.griffon.runtime.core.DefaultApplicationBootstrapper - OS: Linux 2.6.32-042stab090.5 amd64
[AWT-EventQueue-0] DEBUG org.codehaus.griffon.runtime.core.DefaultApplicationBootstrapper - Creating module bindings
[AWT-EventQueue-0] DEBUG griffon.util.AnnotationUtils - Current module order is [core, application, groovy, pivot-groovy, pivot, testApplicationBootstrapper$InnerClasses, testApplicationBootstrapper$Fields]
[AWT-EventQueue-0] TRACE griffon.util.AnnotationUtils - Processing module 'core'
[AWT-EventQueue-0] TRACE griffon.util.AnnotationUtils -   depends on '[]'
[AWT-EventQueue-0] TRACE griffon.util.AnnotationUtils -   adding module 'core', since all dependencies have been added
[AWT-EventQueue-0] TRACE griffon.util.AnnotationUtils - Processing module 'application'
[AWT-EventQueue-0] TRACE griffon.util.AnnotationUtils -   depends on '[]'
[AWT-EventQueue-0] TRACE griffon.util.AnnotationUtils -   adding module 'application', since all dependencies have been added
[AWT-EventQueue-0] TRACE griffon.util.AnnotationUtils - Processing module 'groovy'
[AWT-EventQueue-0] TRACE griffon.util.AnnotationUtils -   depends on '[]'
[AWT-EventQueue-0] TRACE griffon.util.AnnotationUtils -   adding module 'groovy', since all dependencies have been added
[AWT-EventQueue-0] TRACE griffon.util.AnnotationUtils - Processing module 'pivot-groovy'
[AWT-EventQueue-0] TRACE griffon.util.AnnotationUtils -   depends on '[pivot]'
[AWT-EventQueue-0] TRACE griffon.util.AnnotationUtils -   checking module 'pivot-groovy' dependencies (1)
[AWT-EventQueue-0] TRACE griffon.util.AnnotationUtils -   checking module 'pivot-groovy' dependencies: 
[AWT-EventQueue-0] TRACE griffon.util.AnnotationUtils -   skipped module 'pivot-groovy', since dependency 'pivot' not yet added
[AWT-EventQueue-0] TRACE griffon.util.AnnotationUtils - Processing module 'pivot'
[AWT-EventQueue-0] TRACE griffon.util.AnnotationUtils -   depends on '[]'
[AWT-EventQueue-0] TRACE griffon.util.AnnotationUtils -   adding module 'pivot', since all dependencies have been added
[AWT-EventQueue-0] TRACE griffon.util.AnnotationUtils - Processing module 'testApplicationBootstrapper$InnerClasses'
[AWT-EventQueue-0] TRACE griffon.util.AnnotationUtils -   depends on '[]'
[AWT-EventQueue-0] TRACE griffon.util.AnnotationUtils -   adding module 'testApplicationBootstrapper$InnerClasses', since all dependencies have been added
[AWT-EventQueue-0] TRACE griffon.util.AnnotationUtils - Processing module 'testApplicationBootstrapper$Fields'
[AWT-EventQueue-0] TRACE griffon.util.AnnotationUtils -   depends on '[]'
[AWT-EventQueue-0] TRACE griffon.util.AnnotationUtils -   adding module 'testApplicationBootstrapper$Fields', since all dependencies have been added
[AWT-EventQueue-0] DEBUG griffon.util.AnnotationUtils - Current module order is [core, application, groovy, pivot-groovy, pivot, testApplicationBootstrapper$InnerClasses, testApplicationBootstrapper$Fields]
[AWT-EventQueue-0] TRACE griffon.util.AnnotationUtils - Processing module 'pivot-groovy'
[AWT-EventQueue-0] TRACE griffon.util.AnnotationUtils -   depends on '[pivot]'
[AWT-EventQueue-0] TRACE griffon.util.AnnotationUtils -   checking module 'pivot-groovy' dependencies (1)
[AWT-EventQueue-0] TRACE griffon.util.AnnotationUtils -   checking module 'pivot-groovy' dependencies: 
[AWT-EventQueue-0] TRACE griffon.util.AnnotationUtils -   module 'pivot-groovy' dependency 'pivot' already added
[AWT-EventQueue-0] TRACE griffon.util.AnnotationUtils -   adding module 'pivot-groovy', since all dependencies have been added
[AWT-EventQueue-0] TRACE griffon.util.AnnotationUtils - module dependency ordering complete
[AWT-EventQueue-0] DEBUG griffon.util.AnnotationUtils - computed module order is [core, application, groovy, pivot, testApplicationBootstrapper$InnerClasses, testApplicationBootstrapper$Fields, pivot-groovy]
[AWT-EventQueue-0] DEBUG org.codehaus.griffon.runtime.core.DefaultApplicationBootstrapper - Loading module bindings from core:org.codehaus.griffon.runtime.core.DefaultApplicationModule@186b5241
[AWT-EventQueue-0] DEBUG org.codehaus.griffon.runtime.core.DefaultApplicationBootstrapper - Loading module bindings from application:sample.pivot.groovy.ApplicationModule@2de535ed
[AWT-EventQueue-0] DEBUG org.codehaus.griffon.runtime.core.DefaultApplicationBootstrapper - Loading module bindings from groovy:org.codehaus.griffon.runtime.groovy.GroovyModule@23377225
[AWT-EventQueue-0] DEBUG org.codehaus.griffon.runtime.core.DefaultApplicationBootstrapper - Loading module bindings from pivot:org.codehaus.griffon.runtime.pivot.PivotModule@d26ed33
[AWT-EventQueue-0] DEBUG org.codehaus.griffon.runtime.core.DefaultApplicationBootstrapper - Loading module bindings from testApplicationBootstrapper$InnerClasses:org.codehaus.griffon.runtime.core.TestApplicationBootstrapper$InnerClassesModule@44988c24
[AWT-EventQueue-0] DEBUG org.codehaus.griffon.runtime.core.DefaultApplicationBootstrapper - Loading module bindings from testApplicationBootstrapper$Fields:org.codehaus.griffon.runtime.core.TestApplicationBootstrapper$FieldsModule@7b18b2aa
[AWT-EventQueue-0] DEBUG org.codehaus.griffon.runtime.core.DefaultApplicationBootstrapper - Loading module bindings from pivot-groovy:org.codehaus.griffon.runtime.pivot.PivotBuilderModule@1279f609
[AWT-EventQueue-0] TRACE org.codehaus.griffon.runtime.core.DefaultApplicationBootstrapper - InstanceBinding[source=griffon.core.GriffonApplication, instance=org.codehaus.griffon.runtime.pivot.TestDesktopPivotApplication@46612f2d, singleton=true]
[AWT-EventQueue-0] TRACE org.codehaus.griffon.runtime.core.DefaultApplicationBootstrapper - InstanceBinding[source=org.apache.pivot.wtk.Display, instance=org.apache.pivot.wtk.Display, singleton=true]
[AWT-EventQueue-0] TRACE org.codehaus.griffon.runtime.core.DefaultApplicationBootstrapper - TargetBinding[source=griffon.core.ApplicationClassLoader, target=org.codehaus.griffon.runtime.core.DefaultApplicationClassLoader, singleton=true]
[AWT-EventQueue-0] TRACE org.codehaus.griffon.runtime.core.DefaultApplicationBootstrapper - TargetBinding[source=griffon.core.ApplicationConfigurer, target=org.codehaus.griffon.runtime.core.DefaultApplicationConfigurer, singleton=true]
[AWT-EventQueue-0] TRACE org.codehaus.griffon.runtime.core.DefaultApplicationBootstrapper - TargetBinding[source=griffon.core.resources.ResourceHandler, target=org.codehaus.griffon.runtime.core.resources.DefaultResourceHandler, singleton=true]
[AWT-EventQueue-0] TRACE org.codehaus.griffon.runtime.core.DefaultApplicationBootstrapper - TargetBinding[source=griffon.util.CompositeResourceBundleBuilder, target=org.codehaus.griffon.runtime.groovy.util.GroovyAwareCompositeResourceBundleBuilder, singleton=true]
[AWT-EventQueue-0] TRACE org.codehaus.griffon.runtime.core.DefaultApplicationBootstrapper - ProviderBinding[source=java.util.ResourceBundle, classifier=@javax.inject.Named(value=applicationResourceBundle), provider=org.codehaus.griffon.runtime.util.ResourceBundleProvider@16605774, singleton=true]
[AWT-EventQueue-0] TRACE org.codehaus.griffon.runtime.core.DefaultApplicationBootstrapper - TargetBinding[source=griffon.core.Configuration, target=org.codehaus.griffon.runtime.core.DefaultConfiguration, singleton=true]
[AWT-EventQueue-0] TRACE org.codehaus.griffon.runtime.core.DefaultApplicationBootstrapper - TargetBinding[source=griffon.core.ExecutorServiceManager, target=org.codehaus.griffon.runtime.core.DefaultExecutorServiceManager, singleton=true]
[AWT-EventQueue-0] TRACE org.codehaus.griffon.runtime.core.DefaultApplicationBootstrapper - TargetBinding[source=griffon.core.event.EventRouter, classifier=@javax.inject.Named(value=applicationEventRouter), target=org.codehaus.griffon.runtime.core.event.DefaultEventRouter, singleton=true]
[AWT-EventQueue-0] TRACE org.codehaus.griffon.runtime.core.DefaultApplicationBootstrapper - TargetBinding[source=griffon.core.event.EventRouter, target=org.codehaus.griffon.runtime.core.event.DefaultEventRouter, singleton=false]
[AWT-EventQueue-0] TRACE org.codehaus.griffon.runtime.core.DefaultApplicationBootstrapper - ProviderBinding[source=griffon.core.resources.ResourceResolver, classifier=@javax.inject.Named(value=applicationResourceResolver), provider=org.codehaus.griffon.runtime.core.resources.ResourceResolverProvider@f0d8c26, singleton=true]
[AWT-EventQueue-0] TRACE org.codehaus.griffon.runtime.core.DefaultApplicationBootstrapper - ProviderBinding[source=griffon.core.i18n.MessageSource, classifier=@javax.inject.Named(value=applicationMessageSource), provider=org.codehaus.griffon.runtime.core.i18n.MessageSourceProvider@426c1a82, singleton=true]
[AWT-EventQueue-0] TRACE org.codehaus.griffon.runtime.core.DefaultApplicationBootstrapper - TargetBinding[source=griffon.core.resources.ResourceInjector, classifier=@javax.inject.Named(value=applicationResourceInjector), target=org.codehaus.griffon.runtime.core.resources.DefaultApplicationResourceInjector, singleton=true]
[AWT-EventQueue-0] TRACE org.codehaus.griffon.runtime.core.DefaultApplicationBootstrapper - TargetBinding[source=griffon.core.threading.UIThreadManager, target=org.codehaus.griffon.runtime.pivot.PivotUIThreadManager, singleton=true]
[AWT-EventQueue-0] TRACE org.codehaus.griffon.runtime.core.DefaultApplicationBootstrapper - TargetBinding[source=griffon.core.mvc.MVCGroupManager, target=org.codehaus.griffon.runtime.groovy.mvc.GroovyAwareMVCGroupManager, singleton=true]
[AWT-EventQueue-0] TRACE org.codehaus.griffon.runtime.core.DefaultApplicationBootstrapper - ProviderBinding[source=griffon.core.LifecycleHandler, classifier=@javax.inject.Named(value=Initialize), provider=org.codehaus.griffon.runtime.core.LifecycleHandlerProvider@47406edf, singleton=true]
[AWT-EventQueue-0] TRACE org.codehaus.griffon.runtime.core.DefaultApplicationBootstrapper - ProviderBinding[source=griffon.core.LifecycleHandler, classifier=@javax.inject.Named(value=Startup), provider=org.codehaus.griffon.runtime.core.LifecycleHandlerProvider@572f1704, singleton=true]
[AWT-EventQueue-0] TRACE org.codehaus.griffon.runtime.core.DefaultApplicationBootstrapper - ProviderBinding[source=griffon.core.LifecycleHandler, classifier=@javax.inject.Named(value=Ready), provider=org.codehaus.griffon.runtime.core.LifecycleHandlerProvider@54903453, singleton=true]
[AWT-EventQueue-0] TRACE org.codehaus.griffon.runtime.core.DefaultApplicationBootstrapper - ProviderBinding[source=griffon.core.LifecycleHandler, classifier=@javax.inject.Named(value=Shutdown), provider=org.codehaus.griffon.runtime.core.LifecycleHandlerProvider@475b6084, singleton=true]
[AWT-EventQueue-0] TRACE org.codehaus.griffon.runtime.core.DefaultApplicationBootstrapper - ProviderBinding[source=griffon.core.LifecycleHandler, classifier=@javax.inject.Named(value=Stop), provider=org.codehaus.griffon.runtime.core.LifecycleHandlerProvider@401d9eb5, singleton=true]
[AWT-EventQueue-0] TRACE org.codehaus.griffon.runtime.core.DefaultApplicationBootstrapper - TargetBinding[source=griffon.core.view.WindowManager, target=org.codehaus.griffon.runtime.pivot.DefaultPivotWindowManager, singleton=true]
[AWT-EventQueue-0] TRACE org.codehaus.griffon.runtime.core.DefaultApplicationBootstrapper - TargetBinding[source=griffon.core.controller.ActionManager, target=org.codehaus.griffon.runtime.pivot.controller.PivotActionManager, singleton=true]
[AWT-EventQueue-0] TRACE org.codehaus.griffon.runtime.core.DefaultApplicationBootstrapper - TargetBinding[source=griffon.core.artifact.ArtifactManager, target=org.codehaus.griffon.runtime.core.artifact.DefaultArtifactManager, singleton=true]
[AWT-EventQueue-0] TRACE org.codehaus.griffon.runtime.core.DefaultApplicationBootstrapper - TargetBinding[source=griffon.core.artifact.ArtifactHandler, classifier=@griffon.inject.Typed(value=interface griffon.core.artifact.GriffonModel), target=org.codehaus.griffon.runtime.core.artifact.ModelArtifactHandler, singleton=true]
[AWT-EventQueue-0] TRACE org.codehaus.griffon.runtime.core.DefaultApplicationBootstrapper - TargetBinding[source=griffon.core.artifact.ArtifactHandler, classifier=@griffon.inject.Typed(value=interface griffon.core.artifact.GriffonView), target=org.codehaus.griffon.runtime.core.artifact.ViewArtifactHandler, singleton=true]
[AWT-EventQueue-0] TRACE org.codehaus.griffon.runtime.core.DefaultApplicationBootstrapper - TargetBinding[source=griffon.core.artifact.ArtifactHandler, classifier=@griffon.inject.Typed(value=interface griffon.core.artifact.GriffonController), target=org.codehaus.griffon.runtime.core.artifact.ControllerArtifactHandler, singleton=true]
[AWT-EventQueue-0] TRACE org.codehaus.griffon.runtime.core.DefaultApplicationBootstrapper - TargetBinding[source=griffon.core.artifact.ArtifactHandler, classifier=@griffon.inject.Typed(value=interface griffon.core.artifact.GriffonService), target=org.codehaus.griffon.runtime.core.artifact.ServiceArtifactHandler, singleton=true]
[AWT-EventQueue-0] TRACE org.codehaus.griffon.runtime.core.DefaultApplicationBootstrapper - ProviderTypeBinding[source=griffon.core.PlatformHandler, providerType=class org.codehaus.griffon.runtime.core.PlatformHandlerProvider, singleton=true]
[AWT-EventQueue-0] TRACE org.codehaus.griffon.runtime.core.DefaultApplicationBootstrapper - TargetBinding[source=griffon.core.addon.AddonManager, target=org.codehaus.griffon.runtime.core.addon.DefaultAddonManager, singleton=true]
[AWT-EventQueue-0] TRACE org.codehaus.griffon.runtime.core.DefaultApplicationBootstrapper - TargetBinding[source=griffon.core.event.EventHandler, target=org.codehaus.griffon.runtime.core.event.DefaultEventHandler, singleton=true]
[AWT-EventQueue-0] TRACE org.codehaus.griffon.runtime.core.DefaultApplicationBootstrapper - TargetBinding[source=griffon.core.GriffonExceptionHandler, target=griffon.core.GriffonExceptionHandler, singleton=true]
[AWT-EventQueue-0] TRACE org.codehaus.griffon.runtime.core.DefaultApplicationBootstrapper - ProviderTypeBinding[source=griffon.util.ConfigReader, providerType=class griffon.util.ConfigReader$Provider, singleton=true]
[AWT-EventQueue-0] TRACE org.codehaus.griffon.runtime.core.DefaultApplicationBootstrapper - TargetBinding[source=griffon.core.addon.GriffonAddon, classifier=@javax.inject.Named(value=groovy), target=org.codehaus.griffon.runtime.groovy.GroovyAddon, singleton=true]
[AWT-EventQueue-0] TRACE org.codehaus.griffon.runtime.core.DefaultApplicationBootstrapper - TargetBinding[source=griffon.util.BuilderCustomizer, classifier=@javax.inject.Named(value=core), target=griffon.builder.core.CoreBuilderCustomizer, singleton=true]
[AWT-EventQueue-0] TRACE org.codehaus.griffon.runtime.core.DefaultApplicationBootstrapper - TargetBinding[source=griffon.pivot.PivotWindowDisplayHandler, classifier=@javax.inject.Named(value=defaultWindowDisplayHandler), target=org.codehaus.griffon.runtime.pivot.DefaultPivotWindowDisplayHandler, singleton=true]
[AWT-EventQueue-0] TRACE org.codehaus.griffon.runtime.core.DefaultApplicationBootstrapper - TargetBinding[source=griffon.pivot.PivotWindowDisplayHandler, classifier=@javax.inject.Named(value=windowDisplayHandler), target=org.codehaus.griffon.runtime.pivot.GroovyAwareConfigurablePivotWindowDisplayHandler, singleton=true]
[AWT-EventQueue-0] TRACE org.codehaus.griffon.runtime.core.DefaultApplicationBootstrapper - TargetBinding[source=griffon.util.BuilderCustomizer, classifier=@javax.inject.Named(value=pivot), target=griffon.builder.pivot.PivotBuilderCustomizer, singleton=true]
[AWT-EventQueue-0] DEBUG org.codehaus.griffon.runtime.core.DefaultApplicationBootstrapper - Creating application injector
[AWT-EventQueue-0] DEBUG org.codehaus.griffon.runtime.core.DefaultApplicationBootstrapper - Injector will be created by org.codehaus.griffon.runtime.injection.GuiceInjectorFactory@589e9df5
[AWT-EventQueue-0] TRACE griffon.util.CompositeResourceBundle - Searching key=application
[AWT-EventQueue-0] TRACE griffon.util.CompositeResourceBundle - Bundle griffon.util.ExpandableResourceBundle@76b98152; key=application; value='{autoShutdown=true, title=Pivot + Groovy, startupGroups=[sample]}'
[AWT-EventQueue-0] TRACE griffon.util.CompositeResourceBundle - Searching key=application.autoShutdown
[AWT-EventQueue-0] TRACE griffon.util.CompositeResourceBundle - Bundle griffon.util.ExpandableResourceBundle@76b98152; key=application.autoShutdown; value='true'
[AWT-EventQueue-0] TRACE griffon.util.CompositeResourceBundle - Searching key=application.title
[AWT-EventQueue-0] TRACE griffon.util.CompositeResourceBundle - Bundle griffon.util.ExpandableResourceBundle@76b98152; key=application.title; value='Pivot + Groovy'
[AWT-EventQueue-0] TRACE griffon.util.CompositeResourceBundle - Searching key=application.startupGroups
[AWT-EventQueue-0] TRACE griffon.util.CompositeResourceBundle - Bundle griffon.util.ExpandableResourceBundle@76b98152; key=application.startupGroups; value='[sample]'
[AWT-EventQueue-0] TRACE griffon.util.CompositeResourceBundle - Searching key=mvcGroups
[AWT-EventQueue-0] TRACE griffon.util.CompositeResourceBundle - Bundle griffon.util.ExpandableResourceBundle@76b98152; key=mvcGroups; value='{sample={controller=sample.pivot.groovy.SampleController, view=sample.pivot.groovy.SampleView}}'
[AWT-EventQueue-0] TRACE griffon.util.CompositeResourceBundle - Searching key=mvcGroups.sample.controller
[AWT-EventQueue-0] TRACE griffon.util.CompositeResourceBundle - Bundle griffon.util.ExpandableResourceBundle@76b98152; key=mvcGroups.sample.controller; value='sample.pivot.groovy.SampleController'
[AWT-EventQueue-0] TRACE griffon.util.CompositeResourceBundle - Searching key=mvcGroups.sample.view
[AWT-EventQueue-0] TRACE griffon.util.CompositeResourceBundle - Bundle griffon.util.ExpandableResourceBundle@76b98152; key=mvcGroups.sample.view; value='sample.pivot.groovy.SampleView'
[AWT-EventQueue-0] DEBUG org.codehaus.griffon.runtime.core.event.AbstractEventRouter - Adding listener org.codehaus.griffon.runtime.core.MVCGroupExceptionHandler on UncaughtMVCGroupConfigurationException
[AWT-EventQueue-0] DEBUG org.codehaus.griffon.runtime.core.event.AbstractEventRouter - Adding listener org.codehaus.griffon.runtime.core.MVCGroupExceptionHandler on UncaughtMVCGroupInstantiationException
[AWT-EventQueue-0] DEBUG org.codehaus.griffon.runtime.core.event.AbstractEventRouter - Triggering event 'BootstrapStart' synchronously
[AWT-EventQueue-0] DEBUG griffon.util.ServiceLoaderUtils - Reading java.beans.PropertyEditor definitions from file:/home/travis/build/griffon/griffon/samples/sample-pivot-groovy/build/instrumented_classes/META-INF/editors/java.beans.PropertyEditor
[AWT-EventQueue-0] DEBUG org.codehaus.griffon.runtime.core.DefaultApplicationConfigurer - Registering griffon.pivot.editors.ColorPropertyEditor as editor for java.awt.Color
[AWT-EventQueue-0] DEBUG org.codehaus.griffon.runtime.core.DefaultApplicationConfigurer - Registering griffon.pivot.editors.BoundsPropertyEditor as editor for org.apache.pivot.wtk.Bounds
[AWT-EventQueue-0] DEBUG org.codehaus.griffon.runtime.core.DefaultApplicationConfigurer - Registering griffon.pivot.editors.DimensionsPropertyEditor as editor for org.apache.pivot.wtk.Dimensions
[AWT-EventQueue-0] DEBUG org.codehaus.griffon.runtime.core.DefaultApplicationConfigurer - Registering griffon.pivot.editors.InsetsPropertyEditor as editor for org.apache.pivot.wtk.Insets
[AWT-EventQueue-0] DEBUG org.codehaus.griffon.runtime.core.DefaultApplicationConfigurer - Registering griffon.pivot.editors.PointPropertyEditor as editor for org.apache.pivot.wtk.Point
[AWT-EventQueue-0] DEBUG griffon.util.ServiceLoaderUtils - Reading java.beans.PropertyEditor definitions from jar:file:/home/travis/build/griffon/griffon/subprojects/griffon-core/build/libs/griffon-core-2.0.0.BETA3.jar!/META-INF/editors/java.beans.PropertyEditor
[AWT-EventQueue-0] DEBUG org.codehaus.griffon.runtime.core.DefaultApplicationConfigurer - Registering griffon.core.editors.StringPropertyEditor as editor for java.lang.String
[AWT-EventQueue-0] DEBUG org.codehaus.griffon.runtime.core.DefaultApplicationConfigurer - Registering griffon.core.editors.FilePropertyEditor as editor for java.io.File
[AWT-EventQueue-0] DEBUG org.codehaus.griffon.runtime.core.DefaultApplicationConfigurer - Registering griffon.core.editors.URLPropertyEditor as editor for java.net.URL
[AWT-EventQueue-0] DEBUG org.codehaus.griffon.runtime.core.DefaultApplicationConfigurer - Registering griffon.core.editors.URIPropertyEditor as editor for java.net.URI
[AWT-EventQueue-0] DEBUG org.codehaus.griffon.runtime.core.DefaultApplicationConfigurer - Registering griffon.core.editors.BigDecimalPropertyEditor as editor for java.math.BigDecimal
[AWT-EventQueue-0] DEBUG org.codehaus.griffon.runtime.core.DefaultApplicationConfigurer - Registering griffon.core.editors.BigIntegerPropertyEditor as editor for java.math.BigInteger
[AWT-EventQueue-0] DEBUG org.codehaus.griffon.runtime.core.DefaultApplicationConfigurer - Registering griffon.core.editors.BooleanPropertyEditor as editor for java.lang.Boolean
[AWT-EventQueue-0] DEBUG org.codehaus.griffon.runtime.core.DefaultApplicationConfigurer - Registering griffon.core.editors.BytePropertyEditor as editor for java.lang.Byte
[AWT-EventQueue-0] DEBUG org.codehaus.griffon.runtime.core.DefaultApplicationConfigurer - Registering griffon.core.editors.ShortPropertyEditor as editor for java.lang.Short
[AWT-EventQueue-0] DEBUG org.codehaus.griffon.runtime.core.DefaultApplicationConfigurer - Registering griffon.core.editors.IntegerPropertyEditor as editor for java.lang.Integer
[AWT-EventQueue-0] DEBUG org.codehaus.griffon.runtime.core.DefaultApplicationConfigurer - Registering griffon.core.editors.LongPropertyEditor as editor for java.lang.Long
[AWT-EventQueue-0] DEBUG org.codehaus.griffon.runtime.core.DefaultApplicationConfigurer - Registering griffon.core.editors.FloatPropertyEditor as editor for java.lang.Float
[AWT-EventQueue-0] DEBUG org.codehaus.griffon.runtime.core.DefaultApplicationConfigurer - Registering griffon.core.editors.DoublePropertyEditor as editor for java.lang.Double
[AWT-EventQueue-0] DEBUG org.codehaus.griffon.runtime.core.DefaultApplicationConfigurer - Registering griffon.core.editors.CalendarPropertyEditor as editor for java.util.Calendar
[AWT-EventQueue-0] DEBUG org.codehaus.griffon.runtime.core.DefaultApplicationConfigurer - Registering griffon.core.editors.DatePropertyEditor as editor for java.util.Date
[AWT-EventQueue-0] DEBUG griffon.util.ServiceLoaderUtils - Reading java.beans.PropertyEditor definitions from jar:file:/home/travis/build/griffon/griffon/subprojects/griffon-pivot/build/libs/griffon-pivot-2.0.0.BETA3.jar!/META-INF/editors/java.beans.PropertyEditor
[AWT-EventQueue-0] DEBUG org.codehaus.griffon.runtime.core.DefaultApplicationConfigurer - Registering griffon.pivot.editors.ColorPropertyEditor as editor for java.awt.Color
[AWT-EventQueue-0] DEBUG org.codehaus.griffon.runtime.core.DefaultApplicationConfigurer - Registering griffon.pivot.editors.BoundsPropertyEditor as editor for org.apache.pivot.wtk.Bounds
[AWT-EventQueue-0] DEBUG org.codehaus.griffon.runtime.core.DefaultApplicationConfigurer - Registering griffon.pivot.editors.DimensionsPropertyEditor as editor for org.apache.pivot.wtk.Dimensions
[AWT-EventQueue-0] DEBUG org.codehaus.griffon.runtime.core.DefaultApplicationConfigurer - Registering griffon.pivot.editors.InsetsPropertyEditor as editor for org.apache.pivot.wtk.Insets
[AWT-EventQueue-0] DEBUG org.codehaus.griffon.runtime.core.DefaultApplicationConfigurer - Registering griffon.pivot.editors.PointPropertyEditor as editor for org.apache.pivot.wtk.Point
[AWT-EventQueue-0] DEBUG org.codehaus.griffon.runtime.core.DefaultApplicationConfigurer - Registering griffon.core.editors.BooleanPropertyEditor as editor for boolean
[AWT-EventQueue-0] DEBUG org.codehaus.griffon.runtime.core.DefaultApplicationConfigurer - Registering griffon.core.editors.BytePropertyEditor as editor for byte
[AWT-EventQueue-0] DEBUG org.codehaus.griffon.runtime.core.DefaultApplicationConfigurer - Registering griffon.core.editors.ShortPropertyEditor as editor for short
[AWT-EventQueue-0] DEBUG org.codehaus.griffon.runtime.core.DefaultApplicationConfigurer - Registering griffon.core.editors.IntegerPropertyEditor as editor for int
[AWT-EventQueue-0] DEBUG org.codehaus.griffon.runtime.core.DefaultApplicationConfigurer - Registering griffon.core.editors.LongPropertyEditor as editor for long
[AWT-EventQueue-0] DEBUG org.codehaus.griffon.runtime.core.DefaultApplicationConfigurer - Registering griffon.core.editors.FloatPropertyEditor as editor for float
[AWT-EventQueue-0] DEBUG org.codehaus.griffon.runtime.core.DefaultApplicationConfigurer - Registering griffon.core.editors.DoublePropertyEditor as editor for double
[AWT-EventQueue-0] DEBUG org.codehaus.griffon.runtime.core.event.AbstractEventRouter - Adding listener org.codehaus.griffon.runtime.core.DefaultApplicationConfigurer$2 on NewInstance
[AWT-EventQueue-0] TRACE griffon.util.CompositeResourceBundle - Searching key=application.lifecycle.handler.disable
[AWT-EventQueue-0] TRACE griffon.util.CompositeResourceBundle - Searching key=application
[AWT-EventQueue-0] TRACE griffon.util.CompositeResourceBundle - Bundle griffon.util.ExpandableResourceBundle@76b98152; key=application; value='{autoShutdown=true, title=Pivot + Groovy, startupGroups=[sample]}'
[AWT-EventQueue-0] TRACE griffon.util.CompositeResourceBundle - Searching key=platform.handler.linux64
[AWT-EventQueue-0] TRACE griffon.util.CompositeResourceBundle - Searching key=platform
[AWT-EventQueue-0] DEBUG org.codehaus.griffon.runtime.core.PlatformHandlerProvider - Using org.codehaus.griffon.runtime.core.DefaultPlatformHandler as PlatformHandler
[AWT-EventQueue-0] DEBUG org.codehaus.griffon.runtime.core.addon.AbstractAddonManager - Loading addons [START]
[AWT-EventQueue-0] DEBUG griffon.util.AnnotationUtils - Current addon order is [groovy]
[AWT-EventQueue-0] TRACE griffon.util.AnnotationUtils - Processing addon 'groovy'
[AWT-EventQueue-0] TRACE griffon.util.AnnotationUtils -   depends on '[]'
[AWT-EventQueue-0] TRACE griffon.util.AnnotationUtils -   adding addon 'groovy', since all dependencies have been added
[AWT-EventQueue-0] TRACE griffon.util.AnnotationUtils - addon dependency ordering complete
[AWT-EventQueue-0] DEBUG griffon.util.AnnotationUtils - computed addon order is [groovy]
[AWT-EventQueue-0] DEBUG org.codehaus.griffon.runtime.core.event.AbstractEventRouter - Triggering event 'LoadAddonsStart' synchronously
[AWT-EventQueue-0] DEBUG org.codehaus.griffon.runtime.core.addon.AbstractAddonManager - Loading addon groovy with class org.codehaus.griffon.runtime.groovy.GroovyAddon
[AWT-EventQueue-0] DEBUG org.codehaus.griffon.runtime.core.event.AbstractEventRouter - Triggering event 'LoadAddonStart' synchronously
[AWT-EventQueue-0] DEBUG org.codehaus.griffon.runtime.core.event.AbstractEventRouter - Adding listener org.codehaus.griffon.runtime.groovy.GroovyAddon@3474756d
[AWT-EventQueue-0] DEBUG org.codehaus.griffon.runtime.core.event.AbstractEventRouter - Triggering event 'LoadAddonEnd' synchronously
[AWT-EventQueue-0] DEBUG org.codehaus.griffon.runtime.core.addon.AbstractAddonManager - Loaded addon groovy
[AWT-EventQueue-0] DEBUG org.codehaus.griffon.runtime.core.addon.AbstractAddonManager - Loading addons [END]
[AWT-EventQueue-0] DEBUG org.codehaus.griffon.runtime.core.event.AbstractEventRouter - Triggering event 'LoadAddonsEnd' synchronously
[AWT-EventQueue-0] TRACE griffon.util.CompositeResourceBundle - Searching key=mvcGroups
[AWT-EventQueue-0] TRACE griffon.util.CompositeResourceBundle - Bundle griffon.util.ExpandableResourceBundle@76b98152; key=mvcGroups; value='{sample={controller=sample.pivot.groovy.SampleController, view=sample.pivot.groovy.SampleView}}'
[AWT-EventQueue-0] DEBUG org.codehaus.griffon.runtime.core.DefaultApplicationConfigurer - Adding MVC group sample
[AWT-EventQueue-0] DEBUG org.codehaus.griffon.runtime.core.event.AbstractEventRouter - Adding listener org.codehaus.griffon.runtime.core.DefaultApplicationConfigurer$3 on NewInstance
[AWT-EventQueue-0] TRACE griffon.util.CompositeResourceBundle - Searching key=griffon.controller.action.interceptor.order
[AWT-EventQueue-0] TRACE griffon.util.CompositeResourceBundle - Searching key=griffon
[AWT-EventQueue-0] DEBUG griffon.util.AnnotationUtils - computed interceptor order is []
[AWT-EventQueue-0] DEBUG org.codehaus.griffon.runtime.core.artifact.AbstractArtifactManager - Registering artifact handler for type 'model': org.codehaus.griffon.runtime.core.artifact.ModelArtifactHandler@6fca727d
[AWT-EventQueue-0] DEBUG org.codehaus.griffon.runtime.core.artifact.AbstractArtifactManager - Registering artifact handler for type 'view': org.codehaus.griffon.runtime.core.artifact.ViewArtifactHandler@5422a5e1
[AWT-EventQueue-0] DEBUG org.codehaus.griffon.runtime.core.artifact.AbstractArtifactManager - Registering artifact handler for type 'controller': org.codehaus.griffon.runtime.core.artifact.ControllerArtifactHandler@2eb881ee
[AWT-EventQueue-0] DEBUG org.codehaus.griffon.runtime.core.artifact.AbstractArtifactManager - Registering artifact handler for type 'service': org.codehaus.griffon.runtime.core.artifact.ServiceArtifactHandler@535a4838
[AWT-EventQueue-0] DEBUG griffon.util.ServiceLoaderUtils - Reading griffon.core.artifact.GriffonService definitions from file:/home/travis/build/griffon/griffon/samples/sample-pivot-groovy/build/instrumented_classes/META-INF/griffon/griffon.core.artifact.GriffonService
[AWT-EventQueue-0] DEBUG griffon.util.ServiceLoaderUtils - Reading griffon.core.artifact.GriffonController definitions from file:/home/travis/build/griffon/griffon/samples/sample-pivot-groovy/build/instrumented_classes/META-INF/griffon/griffon.core.artifact.GriffonController
[AWT-EventQueue-0] DEBUG griffon.util.ServiceLoaderUtils - Reading griffon.core.artifact.GriffonView definitions from file:/home/travis/build/griffon/griffon/samples/sample-pivot-groovy/build/instrumented_classes/META-INF/griffon/griffon.core.artifact.GriffonView
[AWT-EventQueue-0] DEBUG org.codehaus.griffon.runtime.core.artifact.DefaultArtifactManager - Artifacts of type 'service' = 1
[AWT-EventQueue-0] DEBUG org.codehaus.griffon.runtime.core.artifact.DefaultArtifactManager - Artifacts of type 'controller' = 1
[AWT-EventQueue-0] DEBUG org.codehaus.griffon.runtime.core.artifact.DefaultArtifactManager - Artifacts of type 'view' = 1
[AWT-EventQueue-0] TRACE org.codehaus.griffon.runtime.core.artifact.AbstractArtifactManager - InstanceBinding[source=griffon.core.artifact.GriffonClass, classifier=@griffon.inject.Typed(value=class sample.pivot.groovy.SampleService), instance=Artifact[service] > Sample, singleton=true]
[AWT-EventQueue-0] TRACE org.codehaus.griffon.runtime.core.artifact.AbstractArtifactManager - TargetBinding[source=sample.pivot.groovy.SampleService, target=sample.pivot.groovy.SampleService, singleton=true]
[AWT-EventQueue-0] TRACE org.codehaus.griffon.runtime.core.artifact.AbstractArtifactManager - InstanceBinding[source=griffon.core.artifact.GriffonClass, classifier=@griffon.inject.Typed(value=class sample.pivot.groovy.SampleController), instance=Artifact[controller] > Sample, singleton=true]
[AWT-EventQueue-0] TRACE org.codehaus.griffon.runtime.core.artifact.AbstractArtifactManager - TargetBinding[source=sample.pivot.groovy.SampleController, target=sample.pivot.groovy.SampleController, singleton=false]
[AWT-EventQueue-0] TRACE org.codehaus.griffon.runtime.core.artifact.AbstractArtifactManager - InstanceBinding[source=griffon.core.artifact.GriffonClass, classifier=@griffon.inject.Typed(value=class sample.pivot.groovy.SampleView), instance=Artifact[view] > Sample, singleton=true]
[AWT-EventQueue-0] TRACE org.codehaus.griffon.runtime.core.artifact.AbstractArtifactManager - TargetBinding[source=sample.pivot.groovy.SampleView, target=sample.pivot.groovy.SampleView, singleton=false]
[AWT-EventQueue-0] DEBUG org.codehaus.griffon.runtime.core.event.AbstractEventRouter - Triggering event 'BootstrapEnd' synchronously
[Test worker] DEBUG org.codehaus.griffon.runtime.core.artifact.AbstractArtifactManager - Searching for griffonClass of sample.pivot.groovy.SampleController
[Test worker] DEBUG org.codehaus.griffon.runtime.core.event.AbstractEventRouter - Triggering event 'NewInstance' synchronously
[Test worker] DEBUG org.codehaus.griffon.runtime.core.event.AbstractEventRouter - Triggering event 'NewInstance' synchronously
[Test worker] DEBUG org.codehaus.griffon.runtime.core.artifact.AbstractArtifactManager - Searching for griffonClass of sample.pivot.groovy.SampleController
[Test worker] TRACE griffon.util.CompositeResourceBundle - Searching key=sample.pivot.groovy.SampleController.action.SayHello.name
[Test worker] TRACE griffon.util.CompositeResourceBundle - Searching key=application.action.SayHello.name
[Test worker] TRACE org.codehaus.griffon.runtime.core.controller.AbstractActionManager - sample.pivot.groovy.SampleController.action.SayHello.name = Say Hello
[Test worker] TRACE griffon.util.CompositeResourceBundle - Searching key=sample.pivot.groovy.SampleController.action.SayHello.description
[Test worker] TRACE griffon.util.CompositeResourceBundle - Searching key=application.action.SayHello.description
[Test worker] TRACE griffon.util.CompositeResourceBundle - Searching key=sample.pivot.groovy.SampleController.action.SayHello.enabled
[Test worker] TRACE griffon.util.CompositeResourceBundle - Searching key=application.action.SayHello.enabled
[Test worker] TRACE org.codehaus.griffon.runtime.pivot.controller.PivotActionManager - sample.pivot.groovy.SampleController.action.SayHello.enabled = true
[Test worker] TRACE org.codehaus.griffon.runtime.core.controller.AbstractActionManager - Action for sample.pivot.groovy.SampleController.sayHello stored as sayHello
[Test worker] TRACE griffon.util.CompositeResourceBundle - Searching key=griffon.disable.threading.injection
[Test worker] TRACE griffon.util.CompositeResourceBundle - Searching key=griffon
[Test worker] DEBUG org.codehaus.griffon.runtime.core.controller.AbstractActionManager - Executing sample.pivot.groovy.SampleController.sayHello with policy OUTSIDE_UITHREAD
[Test worker] DEBUG org.codehaus.griffon.runtime.core.controller.AbstractActionManager - Executing 0 interceptors for sample.pivot.groovy.SampleController.sayHello
[Test worker] TRACE org.codehaus.griffon.runtime.core.controller.AbstractActionManager - Status before execution of sample.pivot.groovy.SampleController.sayHello is OK
[Test worker] TRACE griffon.util.CompositeResourceBundle - Searching key=greeting.default
[Test worker] TRACE griffon.util.CompositeResourceBundle - Bundle griffon.util.ExpandableResourceBundle@15c0b1f6; key=greeting.default; value='Howdy stranger!'
[Test worker] TRACE org.codehaus.griffon.runtime.core.controller.AbstractActionManager - Status after execution of sample.pivot.groovy.SampleController.sayHello is OK
[Test worker] DEBUG org.codehaus.griffon.runtime.core.event.AbstractEventRouter - Triggering event 'ShutdownRequested' synchronously
[Test worker] INFO org.codehaus.griffon.runtime.pivot.TestDesktopPivotApplication - Shutdown is in process
[Test worker] DEBUG org.codehaus.griffon.runtime.pivot.TestDesktopPivotApplication - Shutdown stage 1: notify all event listeners
[Test worker] DEBUG org.codehaus.griffon.runtime.core.event.AbstractEventRouter - Adding listener org.codehaus.griffon.runtime.core.AbstractGriffonApplication$1 on ShutdownStart
[Test worker] DEBUG org.codehaus.griffon.runtime.core.event.AbstractEventRouter - Triggering event 'ShutdownStart' synchronously
[Test worker] DEBUG org.codehaus.griffon.runtime.pivot.TestDesktopPivotApplication - Shutdown stage 2: notify all shutdown handlers
[Test worker] DEBUG org.codehaus.griffon.runtime.pivot.TestDesktopPivotApplication - Shutdown stage 3: destroy all MVC groups
[Test worker] DEBUG org.codehaus.griffon.runtime.pivot.TestDesktopPivotApplication - Shutdown stage 4: execute Shutdown script
[Test worker] TRACE griffon.util.CompositeResourceBundle - Searching key=application.lifecycle.handler.disable
[Test worker] TRACE griffon.util.CompositeResourceBundle - Searching key=application
[Test worker] TRACE griffon.util.CompositeResourceBundle - Bundle griffon.util.ExpandableResourceBundle@76b98152; key=application; value='{autoShutdown=true, title=Pivot + Groovy, startupGroups=[sample]}'
]]></system-err>
</testsuite>
