<?xml version="1.0" encoding="UTF-8"?>
<testsuite name="sample.javafx.groovy.SampleFunctionalTest" tests="2" skipped="0" failures="0" errors="0" timestamp="2015-07-10T09:10:13" hostname="testing-worker-linux-f25aadab-2-12270-linux-2-70351444" time="1.386">
  <properties/>
  <testcase name="doNotTypeNameAndClickButton" classname="sample.javafx.groovy.SampleFunctionalTest" time="0.411"/>
  <testcase name="typeNameAndClickButton" classname="sample.javafx.groovy.SampleFunctionalTest" time="0.975"/>
  <system-out><![CDATA[]]></system-out>
  <system-err><![CDATA[[Thread-10] INFO org.codehaus.griffon.runtime.core.DefaultApplicationBootstrapper - Griffon 2.4.0-SNAPSHOT
[Thread-10] INFO org.codehaus.griffon.runtime.core.DefaultApplicationBootstrapper - Build: 2015-07-10T09:04:58.111+0000
[Thread-10] INFO org.codehaus.griffon.runtime.core.DefaultApplicationBootstrapper - JVM: 1.8.0_45 (Oracle Corporation 25.45-b02)
[Thread-10] INFO org.codehaus.griffon.runtime.core.DefaultApplicationBootstrapper - OS: Linux 2.6.32-042stab108.3 amd64
[Thread-10] DEBUG org.codehaus.griffon.runtime.core.DefaultApplicationBootstrapper - Creating module bindings
[Thread-10] DEBUG griffon.util.ServiceLoaderUtils - Reading definitions from file:/home/travis/build/griffon/griffon/samples/sample-javafx-groovy/build/classes/main/META-INF/griffon
[Thread-10] DEBUG griffon.util.AnnotationUtils - Current module order is [core, groovy, javafx-groovy, javafx, application, testJavaFXGriffonApplicationBootstrapper$1]
[Thread-10] TRACE griffon.util.AnnotationUtils - Processing module 'core'
[Thread-10] TRACE griffon.util.AnnotationUtils -   depends on '[]'
[Thread-10] TRACE griffon.util.AnnotationUtils -   adding module 'core', since all dependencies have been added
[Thread-10] TRACE griffon.util.AnnotationUtils - Processing module 'groovy'
[Thread-10] TRACE griffon.util.AnnotationUtils -   depends on '[]'
[Thread-10] TRACE griffon.util.AnnotationUtils -   adding module 'groovy', since all dependencies have been added
[Thread-10] TRACE griffon.util.AnnotationUtils - Processing module 'javafx-groovy'
[Thread-10] TRACE griffon.util.AnnotationUtils -   depends on '[javafx]'
[Thread-10] TRACE griffon.util.AnnotationUtils -   checking module 'javafx-groovy' dependencies (1)
[Thread-10] TRACE griffon.util.AnnotationUtils -   checking module 'javafx-groovy' dependencies: 
[Thread-10] TRACE griffon.util.AnnotationUtils -   skipped module 'javafx-groovy', since dependency 'javafx' not yet added
[Thread-10] TRACE griffon.util.AnnotationUtils - Processing module 'javafx'
[Thread-10] TRACE griffon.util.AnnotationUtils -   depends on '[]'
[Thread-10] TRACE griffon.util.AnnotationUtils -   adding module 'javafx', since all dependencies have been added
[Thread-10] TRACE griffon.util.AnnotationUtils - Processing module 'application'
[Thread-10] TRACE griffon.util.AnnotationUtils -   depends on '[]'
[Thread-10] TRACE griffon.util.AnnotationUtils -   adding module 'application', since all dependencies have been added
[Thread-10] TRACE griffon.util.AnnotationUtils - Processing module 'testJavaFXGriffonApplicationBootstrapper$1'
[Thread-10] TRACE griffon.util.AnnotationUtils -   depends on '[]'
[Thread-10] TRACE griffon.util.AnnotationUtils -   adding module 'testJavaFXGriffonApplicationBootstrapper$1', since all dependencies have been added
[Thread-10] DEBUG griffon.util.AnnotationUtils - Current module order is [core, groovy, javafx-groovy, javafx, application, testJavaFXGriffonApplicationBootstrapper$1]
[Thread-10] TRACE griffon.util.AnnotationUtils - Processing module 'javafx-groovy'
[Thread-10] TRACE griffon.util.AnnotationUtils -   depends on '[javafx]'
[Thread-10] TRACE griffon.util.AnnotationUtils -   checking module 'javafx-groovy' dependencies (1)
[Thread-10] TRACE griffon.util.AnnotationUtils -   checking module 'javafx-groovy' dependencies: 
[Thread-10] TRACE griffon.util.AnnotationUtils -   module 'javafx-groovy' dependency 'javafx' already added
[Thread-10] TRACE griffon.util.AnnotationUtils -   adding module 'javafx-groovy', since all dependencies have been added
[Thread-10] TRACE griffon.util.AnnotationUtils - module dependency ordering complete
[Thread-10] DEBUG griffon.util.AnnotationUtils - computed module order is [core, groovy, javafx, application, testJavaFXGriffonApplicationBootstrapper$1, javafx-groovy]
[Thread-10] DEBUG org.codehaus.griffon.runtime.core.TestApplicationBootstrapper - computed Module order is [core, groovy, javafx, application, testJavaFXGriffonApplicationBootstrapper$1, javafx-groovy]
[Thread-10] DEBUG org.codehaus.griffon.runtime.core.DefaultApplicationBootstrapper - Loading module bindings from core:org.codehaus.griffon.runtime.core.DefaultApplicationModule@764033df
[Thread-10] DEBUG org.codehaus.griffon.runtime.core.DefaultApplicationBootstrapper - Loading module bindings from groovy:org.codehaus.griffon.runtime.groovy.GroovyModule@593d375d
[Thread-10] DEBUG org.codehaus.griffon.runtime.core.DefaultApplicationBootstrapper - Loading module bindings from javafx:org.codehaus.griffon.runtime.javafx.JavaFXModule@1aaa695d
[Thread-10] DEBUG org.codehaus.griffon.runtime.core.DefaultApplicationBootstrapper - Loading module bindings from application:sample.javafx.groovy.ApplicationModule@1aed49a2
[Thread-10] DEBUG org.codehaus.griffon.runtime.core.DefaultApplicationBootstrapper - Loading module bindings from testJavaFXGriffonApplicationBootstrapper$1:org.codehaus.griffon.runtime.javafx.TestJavaFXGriffonApplicationBootstrapper$1@6d445feb
[Thread-10] DEBUG org.codehaus.griffon.runtime.core.DefaultApplicationBootstrapper - Loading module bindings from javafx-groovy:org.codehaus.griffon.runtime.javafx.JavafxBuilderModule@5d730ac1
[Thread-10] TRACE org.codehaus.griffon.runtime.core.DefaultApplicationBootstrapper - InstanceBinding[source=griffon.core.GriffonApplication, instance=org.codehaus.griffon.runtime.javafx.TestJavaFXGriffonApplication@7a00ee5b, singleton=true]
[Thread-10] TRACE org.codehaus.griffon.runtime.core.DefaultApplicationBootstrapper - TargetBinding[source=sample.javafx.groovy.SampleService, target=sample.javafx.groovy.SampleService, singleton=true]
[Thread-10] TRACE org.codehaus.griffon.runtime.core.DefaultApplicationBootstrapper - TargetBinding[source=sample.javafx.groovy.SampleView, target=sample.javafx.groovy.SampleView, singleton=false]
[Thread-10] TRACE org.codehaus.griffon.runtime.core.DefaultApplicationBootstrapper - TargetBinding[source=sample.javafx.groovy.SampleModel, target=sample.javafx.groovy.SampleModel, singleton=false]
[Thread-10] TRACE org.codehaus.griffon.runtime.core.DefaultApplicationBootstrapper - TargetBinding[source=sample.javafx.groovy.SampleController, target=sample.javafx.groovy.SampleController, singleton=false]
[Thread-10] TRACE org.codehaus.griffon.runtime.core.DefaultApplicationBootstrapper - TargetBinding[source=griffon.core.ApplicationClassLoader, target=org.codehaus.griffon.runtime.core.DefaultApplicationClassLoader, singleton=true]
[Thread-10] TRACE org.codehaus.griffon.runtime.core.DefaultApplicationBootstrapper - ProviderTypeBinding[source=griffon.core.env.Metadata, providerType=class org.codehaus.griffon.runtime.core.env.MetadataProvider, singleton=true]
[Thread-10] TRACE org.codehaus.griffon.runtime.core.DefaultApplicationBootstrapper - ProviderTypeBinding[source=griffon.core.env.RunMode, providerType=class org.codehaus.griffon.runtime.core.env.RunModeProvider, singleton=true]
[Thread-10] TRACE org.codehaus.griffon.runtime.core.DefaultApplicationBootstrapper - ProviderTypeBinding[source=griffon.core.env.Environment, providerType=class org.codehaus.griffon.runtime.core.env.EnvironmentProvider, singleton=true]
[Thread-10] TRACE org.codehaus.griffon.runtime.core.DefaultApplicationBootstrapper - TargetBinding[source=griffon.core.Context, classifier=@javax.inject.Named(value=applicationContext), target=org.codehaus.griffon.runtime.core.DefaultContext, singleton=true]
[Thread-10] TRACE org.codehaus.griffon.runtime.core.DefaultApplicationBootstrapper - TargetBinding[source=griffon.core.ApplicationConfigurer, target=org.codehaus.griffon.runtime.core.DefaultApplicationConfigurer, singleton=true]
[Thread-10] TRACE org.codehaus.griffon.runtime.core.DefaultApplicationBootstrapper - TargetBinding[source=griffon.core.resources.ResourceHandler, target=org.codehaus.griffon.runtime.core.resources.DefaultResourceHandler, singleton=true]
[Thread-10] TRACE org.codehaus.griffon.runtime.core.DefaultApplicationBootstrapper - TargetBinding[source=griffon.util.CompositeResourceBundleBuilder, target=org.codehaus.griffon.runtime.groovy.util.GroovyAwareCompositeResourceBundleBuilder, singleton=true]
[Thread-10] TRACE org.codehaus.griffon.runtime.core.DefaultApplicationBootstrapper - ProviderBinding[source=java.util.ResourceBundle, classifier=@javax.inject.Named(value=applicationResourceBundle), provider=org.codehaus.griffon.runtime.util.ResourceBundleProvider@2bfe3bbe, singleton=true]
[Thread-10] TRACE org.codehaus.griffon.runtime.core.DefaultApplicationBootstrapper - TargetBinding[source=griffon.core.Configuration, target=org.codehaus.griffon.runtime.core.DefaultConfiguration, singleton=true]
[Thread-10] TRACE org.codehaus.griffon.runtime.core.DefaultApplicationBootstrapper - TargetBinding[source=griffon.core.ExecutorServiceManager, target=org.codehaus.griffon.runtime.core.DefaultExecutorServiceManager, singleton=true]
[Thread-10] TRACE org.codehaus.griffon.runtime.core.DefaultApplicationBootstrapper - TargetBinding[source=griffon.core.event.EventRouter, classifier=@javax.inject.Named(value=applicationEventRouter), target=org.codehaus.griffon.runtime.core.event.DefaultEventRouter, singleton=true]
[Thread-10] TRACE org.codehaus.griffon.runtime.core.DefaultApplicationBootstrapper - TargetBinding[source=griffon.core.event.EventRouter, target=org.codehaus.griffon.runtime.core.event.DefaultEventRouter, singleton=false]
[Thread-10] TRACE org.codehaus.griffon.runtime.core.DefaultApplicationBootstrapper - ProviderBinding[source=griffon.core.resources.ResourceResolver, classifier=@javax.inject.Named(value=applicationResourceResolver), provider=org.codehaus.griffon.runtime.core.resources.ResourceResolverProvider@6e9e0902, singleton=true]
[Thread-10] TRACE org.codehaus.griffon.runtime.core.DefaultApplicationBootstrapper - ProviderBinding[source=griffon.core.i18n.MessageSource, classifier=@javax.inject.Named(value=applicationMessageSource), provider=org.codehaus.griffon.runtime.core.i18n.MessageSourceProvider@2986a38a, singleton=true]
[Thread-10] TRACE org.codehaus.griffon.runtime.core.DefaultApplicationBootstrapper - TargetBinding[source=griffon.core.resources.ResourceInjector, classifier=@javax.inject.Named(value=applicationResourceInjector), target=org.codehaus.griffon.runtime.core.resources.DefaultApplicationResourceInjector, singleton=true]
[Thread-10] TRACE org.codehaus.griffon.runtime.core.DefaultApplicationBootstrapper - ProviderTypeBinding[source=java.util.concurrent.ExecutorService, classifier=@javax.inject.Named(value=defaultExecutorService), providerType=class org.codehaus.griffon.runtime.core.threading.DefaultExecutorServiceProvider, singleton=true]
[Thread-10] TRACE org.codehaus.griffon.runtime.core.DefaultApplicationBootstrapper - TargetBinding[source=griffon.core.threading.UIThreadManager, target=org.codehaus.griffon.runtime.javafx.JavaFXUIThreadManager, singleton=true]
[Thread-10] TRACE org.codehaus.griffon.runtime.core.DefaultApplicationBootstrapper - TargetBinding[source=griffon.core.mvc.MVCGroupManager, target=org.codehaus.griffon.runtime.groovy.mvc.GroovyAwareMVCGroupManager, singleton=true]
[Thread-10] TRACE org.codehaus.griffon.runtime.core.DefaultApplicationBootstrapper - ProviderBinding[source=griffon.core.LifecycleHandler, classifier=@javax.inject.Named(value=Initialize), provider=org.codehaus.griffon.runtime.core.LifecycleHandlerProvider@19e2616a, singleton=true]
[Thread-10] TRACE org.codehaus.griffon.runtime.core.DefaultApplicationBootstrapper - ProviderBinding[source=griffon.core.LifecycleHandler, classifier=@javax.inject.Named(value=Startup), provider=org.codehaus.griffon.runtime.core.LifecycleHandlerProvider@439b8a23, singleton=true]
[Thread-10] TRACE org.codehaus.griffon.runtime.core.DefaultApplicationBootstrapper - ProviderBinding[source=griffon.core.LifecycleHandler, classifier=@javax.inject.Named(value=Ready), provider=org.codehaus.griffon.runtime.core.LifecycleHandlerProvider@5d534d4b, singleton=true]
[Thread-10] TRACE org.codehaus.griffon.runtime.core.DefaultApplicationBootstrapper - ProviderBinding[source=griffon.core.LifecycleHandler, classifier=@javax.inject.Named(value=Shutdown), provider=org.codehaus.griffon.runtime.core.LifecycleHandlerProvider@41552f98, singleton=true]
[Thread-10] TRACE org.codehaus.griffon.runtime.core.DefaultApplicationBootstrapper - ProviderBinding[source=griffon.core.LifecycleHandler, classifier=@javax.inject.Named(value=Stop), provider=org.codehaus.griffon.runtime.core.LifecycleHandlerProvider@4bb6efe9, singleton=true]
[Thread-10] TRACE org.codehaus.griffon.runtime.core.DefaultApplicationBootstrapper - ProviderBinding[source=griffon.core.view.WindowManager, provider=org.codehaus.griffon.runtime.javafx.TestJavaFXWindowManagerProvider@54e3ae2e, singleton=true]
[Thread-10] TRACE org.codehaus.griffon.runtime.core.DefaultApplicationBootstrapper - TargetBinding[source=griffon.core.controller.ActionManager, target=org.codehaus.griffon.runtime.javafx.controller.JavaFXActionManager, singleton=true]
[Thread-10] TRACE org.codehaus.griffon.runtime.core.DefaultApplicationBootstrapper - TargetBinding[source=griffon.core.artifact.ArtifactManager, target=org.codehaus.griffon.runtime.core.artifact.DefaultArtifactManager, singleton=true]
[Thread-10] TRACE org.codehaus.griffon.runtime.core.DefaultApplicationBootstrapper - TargetBinding[source=griffon.core.artifact.ArtifactHandler, classifier=@griffon.inject.Typed(value=interface griffon.core.artifact.GriffonModel), target=org.codehaus.griffon.runtime.core.artifact.ModelArtifactHandler, singleton=true]
[Thread-10] TRACE org.codehaus.griffon.runtime.core.DefaultApplicationBootstrapper - TargetBinding[source=griffon.core.artifact.ArtifactHandler, classifier=@griffon.inject.Typed(value=interface griffon.core.artifact.GriffonView), target=org.codehaus.griffon.runtime.core.artifact.ViewArtifactHandler, singleton=true]
[Thread-10] TRACE org.codehaus.griffon.runtime.core.DefaultApplicationBootstrapper - TargetBinding[source=griffon.core.artifact.ArtifactHandler, classifier=@griffon.inject.Typed(value=interface griffon.core.artifact.GriffonController), target=org.codehaus.griffon.runtime.core.artifact.ControllerArtifactHandler, singleton=true]
[Thread-10] TRACE org.codehaus.griffon.runtime.core.DefaultApplicationBootstrapper - TargetBinding[source=griffon.core.artifact.ArtifactHandler, classifier=@griffon.inject.Typed(value=interface griffon.core.artifact.GriffonService), target=org.codehaus.griffon.runtime.core.artifact.ServiceArtifactHandler, singleton=true]
[Thread-10] TRACE org.codehaus.griffon.runtime.core.DefaultApplicationBootstrapper - ProviderTypeBinding[source=griffon.core.PlatformHandler, providerType=class org.codehaus.griffon.runtime.core.PlatformHandlerProvider, singleton=true]
[Thread-10] TRACE org.codehaus.griffon.runtime.core.DefaultApplicationBootstrapper - TargetBinding[source=griffon.core.addon.AddonManager, target=org.codehaus.griffon.runtime.core.addon.DefaultAddonManager, singleton=true]
[Thread-10] TRACE org.codehaus.griffon.runtime.core.DefaultApplicationBootstrapper - TargetBinding[source=griffon.core.event.EventHandler, target=org.codehaus.griffon.runtime.core.event.DefaultEventHandler, singleton=true]
[Thread-10] TRACE org.codehaus.griffon.runtime.core.DefaultApplicationBootstrapper - TargetBinding[source=griffon.core.GriffonExceptionHandler, target=griffon.core.GriffonExceptionHandler, singleton=true]
[Thread-10] TRACE org.codehaus.griffon.runtime.core.DefaultApplicationBootstrapper - ProviderTypeBinding[source=griffon.util.ConfigReader, providerType=class griffon.util.ConfigReader$Provider, singleton=true]
[Thread-10] TRACE org.codehaus.griffon.runtime.core.DefaultApplicationBootstrapper - TargetBinding[source=griffon.core.addon.GriffonAddon, classifier=@javax.inject.Named(value=groovy), target=org.codehaus.griffon.runtime.groovy.GroovyAddon, singleton=true]
[Thread-10] TRACE org.codehaus.griffon.runtime.core.DefaultApplicationBootstrapper - TargetBinding[source=griffon.util.BuilderCustomizer, classifier=@javax.inject.Named(value=core), target=griffon.builder.core.CoreBuilderCustomizer, singleton=true]
[Thread-10] TRACE org.codehaus.griffon.runtime.core.DefaultApplicationBootstrapper - TargetBinding[source=griffon.javafx.JavaFXWindowDisplayHandler, classifier=@javax.inject.Named(value=defaultWindowDisplayHandler), target=org.codehaus.griffon.runtime.javafx.DefaultJavaFXWindowDisplayHandler, singleton=true]
[Thread-10] TRACE org.codehaus.griffon.runtime.core.DefaultApplicationBootstrapper - TargetBinding[source=griffon.javafx.JavaFXWindowDisplayHandler, classifier=@javax.inject.Named(value=windowDisplayHandler), target=org.codehaus.griffon.runtime.javafx.GroovyAwareConfigurableJavaFXWindowDisplayHandler, singleton=true]
[Thread-10] TRACE org.codehaus.griffon.runtime.core.DefaultApplicationBootstrapper - TargetBinding[source=griffon.util.BuilderCustomizer, classifier=@javax.inject.Named(value=javafx), target=griffon.builder.javafx.JavafxBuilderCustomizer, singleton=true]
[Thread-10] DEBUG org.codehaus.griffon.runtime.core.DefaultApplicationBootstrapper - Creating application injector
[Thread-10] DEBUG org.codehaus.griffon.runtime.core.DefaultApplicationBootstrapper - Injector will be created by org.codehaus.griffon.runtime.injection.GuiceInjectorFactory@7e92ddd
[Thread-10] DEBUG griffon.util.AnnotationUtils - computed module order is []
[Thread-10] TRACE griffon.util.CompositeResourceBundle - Searching key=application
[Thread-10] TRACE griffon.util.CompositeResourceBundle - Bundle griffon.util.ExpandableResourceBundle@1ebb0cd9; key=application; value='{title=JavaFX + Groovy, startupGroups=[sample], autoShutdown=true}'
[Thread-10] TRACE griffon.util.CompositeResourceBundle - Searching key=application.title
[Thread-10] TRACE griffon.util.CompositeResourceBundle - Bundle griffon.util.ExpandableResourceBundle@1ebb0cd9; key=application.title; value='JavaFX + Groovy'
[Thread-10] TRACE griffon.util.CompositeResourceBundle - Searching key=application.startupGroups
[Thread-10] TRACE griffon.util.CompositeResourceBundle - Bundle griffon.util.ExpandableResourceBundle@1ebb0cd9; key=application.startupGroups; value='[sample]'
[Thread-10] TRACE griffon.util.CompositeResourceBundle - Searching key=application.autoShutdown
[Thread-10] TRACE griffon.util.CompositeResourceBundle - Bundle griffon.util.ExpandableResourceBundle@1ebb0cd9; key=application.autoShutdown; value='true'
[Thread-10] TRACE griffon.util.CompositeResourceBundle - Searching key=mvcGroups
[Thread-10] TRACE griffon.util.CompositeResourceBundle - Bundle griffon.util.ExpandableResourceBundle@1ebb0cd9; key=mvcGroups; value='{sample={model=sample.javafx.groovy.SampleModel, view=sample.javafx.groovy.SampleView, controller=sample.javafx.groovy.SampleController}}'
[Thread-10] TRACE griffon.util.CompositeResourceBundle - Searching key=mvcGroups.sample.model
[Thread-10] TRACE griffon.util.CompositeResourceBundle - Bundle griffon.util.ExpandableResourceBundle@1ebb0cd9; key=mvcGroups.sample.model; value='sample.javafx.groovy.SampleModel'
[Thread-10] TRACE griffon.util.CompositeResourceBundle - Searching key=mvcGroups.sample.view
[Thread-10] TRACE griffon.util.CompositeResourceBundle - Bundle griffon.util.ExpandableResourceBundle@1ebb0cd9; key=mvcGroups.sample.view; value='sample.javafx.groovy.SampleView'
[Thread-10] TRACE griffon.util.CompositeResourceBundle - Searching key=mvcGroups.sample.controller
[Thread-10] TRACE griffon.util.CompositeResourceBundle - Bundle griffon.util.ExpandableResourceBundle@1ebb0cd9; key=mvcGroups.sample.controller; value='sample.javafx.groovy.SampleController'
[Thread-10] DEBUG org.codehaus.griffon.runtime.core.event.AbstractEventRouter - Adding listener org.codehaus.griffon.runtime.core.MVCGroupExceptionHandler on UncaughtMVCGroupConfigurationException
[Thread-10] DEBUG org.codehaus.griffon.runtime.core.event.AbstractEventRouter - Adding listener org.codehaus.griffon.runtime.core.MVCGroupExceptionHandler on UncaughtMVCGroupInstantiationException
[Thread-10] DEBUG org.codehaus.griffon.runtime.core.event.AbstractEventRouter - Triggering event 'BootstrapStart' synchronously
[Thread-10] DEBUG griffon.util.ServiceLoaderUtils - Reading java.beans.PropertyEditor definitions from jar:file:/home/travis/build/griffon/griffon/subprojects/griffon-core/build/libs/griffon-core-2.4.0-SNAPSHOT.jar!/META-INF/editors/java.beans.PropertyEditor
[Thread-10] DEBUG org.codehaus.griffon.runtime.core.DefaultApplicationConfigurer - Registering griffon.core.editors.StringPropertyEditor as editor for java.lang.String
[Thread-10] DEBUG org.codehaus.griffon.runtime.core.DefaultApplicationConfigurer - Registering griffon.core.editors.FilePropertyEditor as editor for java.io.File
[Thread-10] DEBUG org.codehaus.griffon.runtime.core.DefaultApplicationConfigurer - Registering griffon.core.editors.URLPropertyEditor as editor for java.net.URL
[Thread-10] DEBUG org.codehaus.griffon.runtime.core.DefaultApplicationConfigurer - Registering griffon.core.editors.URIPropertyEditor as editor for java.net.URI
[Thread-10] DEBUG org.codehaus.griffon.runtime.core.DefaultApplicationConfigurer - Registering griffon.core.editors.BigDecimalPropertyEditor as editor for java.math.BigDecimal
[Thread-10] DEBUG org.codehaus.griffon.runtime.core.DefaultApplicationConfigurer - Registering griffon.core.editors.BigIntegerPropertyEditor as editor for java.math.BigInteger
[Thread-10] DEBUG org.codehaus.griffon.runtime.core.DefaultApplicationConfigurer - Registering griffon.core.editors.BooleanPropertyEditor as editor for java.lang.Boolean
[Thread-10] DEBUG org.codehaus.griffon.runtime.core.DefaultApplicationConfigurer - Registering griffon.core.editors.BytePropertyEditor as editor for java.lang.Byte
[Thread-10] DEBUG org.codehaus.griffon.runtime.core.DefaultApplicationConfigurer - Registering griffon.core.editors.ShortPropertyEditor as editor for java.lang.Short
[Thread-10] DEBUG org.codehaus.griffon.runtime.core.DefaultApplicationConfigurer - Registering griffon.core.editors.IntegerPropertyEditor as editor for java.lang.Integer
[Thread-10] DEBUG org.codehaus.griffon.runtime.core.DefaultApplicationConfigurer - Registering griffon.core.editors.LongPropertyEditor as editor for java.lang.Long
[Thread-10] DEBUG org.codehaus.griffon.runtime.core.DefaultApplicationConfigurer - Registering griffon.core.editors.FloatPropertyEditor as editor for java.lang.Float
[Thread-10] DEBUG org.codehaus.griffon.runtime.core.DefaultApplicationConfigurer - Registering griffon.core.editors.DoublePropertyEditor as editor for java.lang.Double
[Thread-10] DEBUG org.codehaus.griffon.runtime.core.DefaultApplicationConfigurer - Registering griffon.core.editors.CalendarPropertyEditor as editor for java.util.Calendar
[Thread-10] DEBUG org.codehaus.griffon.runtime.core.DefaultApplicationConfigurer - Registering griffon.core.editors.DatePropertyEditor as editor for java.util.Date
[Thread-10] DEBUG griffon.util.ServiceLoaderUtils - Reading java.beans.PropertyEditor definitions from jar:file:/home/travis/build/griffon/griffon/subprojects/griffon-javafx/build/libs/griffon-javafx-2.4.0-SNAPSHOT.jar!/META-INF/editors/java.beans.PropertyEditor
[Thread-10] DEBUG org.codehaus.griffon.runtime.core.DefaultApplicationConfigurer - Registering griffon.javafx.editors.Dimension2DPropertyEditor as editor for javafx.geometry.Dimension2D
[Thread-10] DEBUG org.codehaus.griffon.runtime.core.DefaultApplicationConfigurer - Registering griffon.javafx.editors.InsetsPropertyEditor as editor for javafx.geometry.Insets
[Thread-10] DEBUG org.codehaus.griffon.runtime.core.DefaultApplicationConfigurer - Registering griffon.javafx.editors.Point2DPropertyEditor as editor for javafx.geometry.Point2D
[Thread-10] DEBUG org.codehaus.griffon.runtime.core.DefaultApplicationConfigurer - Registering griffon.javafx.editors.Rectangle2DPropertyEditor as editor for javafx.geometry.Rectangle2D
[Thread-10] DEBUG org.codehaus.griffon.runtime.core.DefaultApplicationConfigurer - Registering griffon.javafx.editors.GraphicPropertyEditor as editor for javafx.scene.Node
[Thread-10] DEBUG org.codehaus.griffon.runtime.core.DefaultApplicationConfigurer - Registering griffon.javafx.editors.ImagePropertyEditor as editor for javafx.scene.image.Image
[Thread-10] DEBUG org.codehaus.griffon.runtime.core.DefaultApplicationConfigurer - Registering griffon.javafx.editors.ColorPropertyEditor as editor for javafx.scene.paint.Color
[Thread-10] TRACE griffon.core.editors.PropertyEditorResolver - Searching PropertyEditor for java.lang.Boolean
[Thread-10] TRACE griffon.core.editors.PropertyEditorResolver - PropertyEditor for java.lang.Boolean is griffon.core.editors.PropertyEditorChain
[Thread-10] DEBUG org.codehaus.griffon.runtime.core.DefaultApplicationConfigurer - Registering griffon.core.editors.PropertyEditorChain as editor for boolean
[Thread-10] TRACE griffon.core.editors.PropertyEditorResolver - Searching PropertyEditor for java.lang.Byte
[Thread-10] TRACE griffon.core.editors.PropertyEditorResolver - PropertyEditor for java.lang.Byte is griffon.core.editors.PropertyEditorChain
[Thread-10] DEBUG org.codehaus.griffon.runtime.core.DefaultApplicationConfigurer - Registering griffon.core.editors.PropertyEditorChain as editor for byte
[Thread-10] TRACE griffon.core.editors.PropertyEditorResolver - Searching PropertyEditor for java.lang.Short
[Thread-10] TRACE griffon.core.editors.PropertyEditorResolver - PropertyEditor for java.lang.Short is griffon.core.editors.PropertyEditorChain
[Thread-10] DEBUG org.codehaus.griffon.runtime.core.DefaultApplicationConfigurer - Registering griffon.core.editors.PropertyEditorChain as editor for short
[Thread-10] TRACE griffon.core.editors.PropertyEditorResolver - Searching PropertyEditor for java.lang.Integer
[Thread-10] TRACE griffon.core.editors.PropertyEditorResolver - PropertyEditor for java.lang.Integer is griffon.core.editors.PropertyEditorChain
[Thread-10] DEBUG org.codehaus.griffon.runtime.core.DefaultApplicationConfigurer - Registering griffon.core.editors.PropertyEditorChain as editor for int
[Thread-10] TRACE griffon.core.editors.PropertyEditorResolver - Searching PropertyEditor for java.lang.Long
[Thread-10] TRACE griffon.core.editors.PropertyEditorResolver - PropertyEditor for java.lang.Long is griffon.core.editors.PropertyEditorChain
[Thread-10] DEBUG org.codehaus.griffon.runtime.core.DefaultApplicationConfigurer - Registering griffon.core.editors.PropertyEditorChain as editor for long
[Thread-10] TRACE griffon.core.editors.PropertyEditorResolver - Searching PropertyEditor for java.lang.Float
[Thread-10] TRACE griffon.core.editors.PropertyEditorResolver - PropertyEditor for java.lang.Float is griffon.core.editors.PropertyEditorChain
[Thread-10] DEBUG org.codehaus.griffon.runtime.core.DefaultApplicationConfigurer - Registering griffon.core.editors.PropertyEditorChain as editor for float
[Thread-10] TRACE griffon.core.editors.PropertyEditorResolver - Searching PropertyEditor for java.lang.Double
[Thread-10] TRACE griffon.core.editors.PropertyEditorResolver - PropertyEditor for java.lang.Double is griffon.core.editors.PropertyEditorChain
[Thread-10] DEBUG org.codehaus.griffon.runtime.core.DefaultApplicationConfigurer - Registering griffon.core.editors.PropertyEditorChain as editor for double
[Thread-10] DEBUG org.codehaus.griffon.runtime.core.event.AbstractEventRouter - Adding listener org.codehaus.griffon.runtime.core.DefaultApplicationConfigurer$2 on NewInstance
[Thread-10] TRACE griffon.util.CompositeResourceBundle - Searching key=application.lifecycle.handler.disable
[Thread-10] TRACE griffon.util.CompositeResourceBundle - Searching key=application
[Thread-10] TRACE griffon.util.CompositeResourceBundle - Bundle griffon.util.ExpandableResourceBundle@1ebb0cd9; key=application; value='{title=JavaFX + Groovy, startupGroups=[sample], autoShutdown=true}'
[Thread-10] TRACE griffon.util.CompositeResourceBundle - Searching key=platform.handler.linux64
[Thread-10] TRACE griffon.util.CompositeResourceBundle - Searching key=platform
[Thread-10] DEBUG org.codehaus.griffon.runtime.core.PlatformHandlerProvider - Using org.codehaus.griffon.runtime.core.DefaultPlatformHandler as PlatformHandler
[Thread-10] DEBUG org.codehaus.griffon.runtime.core.addon.AbstractAddonManager - Loading addons [START]
[Thread-10] DEBUG griffon.util.AnnotationUtils - Current addon order is [groovy]
[Thread-10] TRACE griffon.util.AnnotationUtils - Processing addon 'groovy'
[Thread-10] TRACE griffon.util.AnnotationUtils -   depends on '[]'
[Thread-10] TRACE griffon.util.AnnotationUtils -   adding addon 'groovy', since all dependencies have been added
[Thread-10] TRACE griffon.util.AnnotationUtils - addon dependency ordering complete
[Thread-10] DEBUG griffon.util.AnnotationUtils - computed addon order is [groovy]
[Thread-10] DEBUG org.codehaus.griffon.runtime.core.event.AbstractEventRouter - Triggering event 'LoadAddonsStart' synchronously
[Thread-10] DEBUG org.codehaus.griffon.runtime.core.addon.AbstractAddonManager - Loading addon groovy with class org.codehaus.griffon.runtime.groovy.GroovyAddon
[Thread-10] DEBUG org.codehaus.griffon.runtime.core.event.AbstractEventRouter - Triggering event 'LoadAddonStart' synchronously
[Thread-10] DEBUG org.codehaus.griffon.runtime.core.event.AbstractEventRouter - Adding listener org.codehaus.griffon.runtime.groovy.GroovyAddon@29eff249
[Thread-10] DEBUG org.codehaus.griffon.runtime.core.event.AbstractEventRouter - Triggering event 'LoadAddonEnd' synchronously
[Thread-10] DEBUG org.codehaus.griffon.runtime.core.addon.AbstractAddonManager - Loaded addon groovy
[Thread-10] DEBUG org.codehaus.griffon.runtime.core.addon.AbstractAddonManager - Loading addons [END]
[Thread-10] DEBUG org.codehaus.griffon.runtime.core.event.AbstractEventRouter - Triggering event 'LoadAddonsEnd' synchronously
[Thread-10] TRACE griffon.util.CompositeResourceBundle - Searching key=mvcGroups
[Thread-10] TRACE griffon.util.CompositeResourceBundle - Bundle griffon.util.ExpandableResourceBundle@1ebb0cd9; key=mvcGroups; value='{sample={model=sample.javafx.groovy.SampleModel, view=sample.javafx.groovy.SampleView, controller=sample.javafx.groovy.SampleController}}'
[Thread-10] DEBUG org.codehaus.griffon.runtime.core.DefaultApplicationConfigurer - Adding MVC group sample
[Thread-10] DEBUG org.codehaus.griffon.runtime.core.event.AbstractEventRouter - Adding listener org.codehaus.griffon.runtime.core.DefaultApplicationConfigurer$3 on NewInstance
[Thread-10] TRACE griffon.util.CompositeResourceBundle - Searching key=griffon.controller.action.handler.order
[Thread-10] TRACE griffon.util.CompositeResourceBundle - Searching key=griffon
[Thread-10] DEBUG griffon.util.AnnotationUtils - computed handler order is []
[Thread-10] DEBUG org.codehaus.griffon.runtime.core.artifact.AbstractArtifactManager - Registering artifact handler for type 'model': org.codehaus.griffon.runtime.core.artifact.ModelArtifactHandler@346a4eb5
[Thread-10] DEBUG org.codehaus.griffon.runtime.core.artifact.AbstractArtifactManager - Registering artifact handler for type 'view': org.codehaus.griffon.runtime.core.artifact.ViewArtifactHandler@43b5bc1c
[Thread-10] DEBUG org.codehaus.griffon.runtime.core.artifact.AbstractArtifactManager - Registering artifact handler for type 'controller': org.codehaus.griffon.runtime.core.artifact.ControllerArtifactHandler@6c2f641d
[Thread-10] DEBUG org.codehaus.griffon.runtime.core.artifact.AbstractArtifactManager - Registering artifact handler for type 'service': org.codehaus.griffon.runtime.core.artifact.ServiceArtifactHandler@77f52186
[Thread-10] DEBUG griffon.util.ServiceLoaderUtils - Reading griffon.core.artifact.GriffonView definitions from file:/home/travis/build/griffon/griffon/samples/sample-javafx-groovy/build/classes/main/META-INF/griffon/griffon.core.artifact.GriffonView
[Thread-10] DEBUG griffon.util.ServiceLoaderUtils - Reading griffon.core.artifact.GriffonController definitions from file:/home/travis/build/griffon/griffon/samples/sample-javafx-groovy/build/classes/main/META-INF/griffon/griffon.core.artifact.GriffonController
[Thread-10] DEBUG griffon.util.ServiceLoaderUtils - Reading griffon.core.artifact.GriffonService definitions from file:/home/travis/build/griffon/griffon/samples/sample-javafx-groovy/build/classes/main/META-INF/griffon/griffon.core.artifact.GriffonService
[Thread-10] DEBUG griffon.util.ServiceLoaderUtils - Reading griffon.core.artifact.GriffonModel definitions from file:/home/travis/build/griffon/griffon/samples/sample-javafx-groovy/build/classes/main/META-INF/griffon/griffon.core.artifact.GriffonModel
[Thread-10] DEBUG org.codehaus.griffon.runtime.core.artifact.DefaultArtifactManager - Artifacts of type 'view' = 1
[Thread-10] DEBUG org.codehaus.griffon.runtime.core.artifact.DefaultArtifactManager - Artifacts of type 'controller' = 1
[Thread-10] DEBUG org.codehaus.griffon.runtime.core.artifact.DefaultArtifactManager - Artifacts of type 'service' = 1
[Thread-10] DEBUG org.codehaus.griffon.runtime.core.artifact.DefaultArtifactManager - Artifacts of type 'model' = 1
[Thread-10] DEBUG org.codehaus.griffon.runtime.core.event.AbstractEventRouter - Triggering event 'BootstrapEnd' synchronously
[Test worker] DEBUG org.codehaus.griffon.runtime.core.event.AbstractEventRouter - Adding listener griffon.javafx.test.GriffonTestFXClassRule$WindowShownHandler on WindowShown
[pool-5-thread-1] DEBUG org.codehaus.griffon.runtime.core.event.AbstractEventRouter - Triggering event 'StartupStart' synchronously
[pool-5-thread-1] TRACE griffon.util.CompositeResourceBundle - Searching key=application.startupGroups
[pool-5-thread-1] TRACE griffon.util.CompositeResourceBundle - Bundle griffon.util.ExpandableResourceBundle@1ebb0cd9; key=application.startupGroups; value='[sample]'
[pool-5-thread-1] INFO org.codehaus.griffon.runtime.javafx.TestJavaFXGriffonApplication - Initializing all startup groups: [sample]
[pool-5-thread-1] DEBUG org.codehaus.griffon.runtime.core.mvc.AbstractMVCGroupManager - Searching group sample
[pool-5-thread-1] DEBUG org.codehaus.griffon.runtime.core.mvc.DefaultMVCGroupManager - Building MVC group 'sample' with name 'sample'
[pool-5-thread-1] DEBUG org.codehaus.griffon.runtime.core.artifact.AbstractArtifactManager - Searching for griffonClass of sample.javafx.groovy.SampleModel
[pool-5-thread-1] DEBUG org.codehaus.griffon.runtime.core.artifact.AbstractArtifactManager - Searching for griffonClass of sample.javafx.groovy.SampleView
[pool-5-thread-1] DEBUG org.codehaus.griffon.runtime.core.artifact.AbstractArtifactManager - Searching for griffonClass of sample.javafx.groovy.SampleController
[pool-5-thread-1] DEBUG org.codehaus.griffon.runtime.core.artifact.AbstractArtifactManager - Searching for griffonClass of sample.javafx.groovy.SampleModel
[pool-5-thread-1] DEBUG org.codehaus.griffon.runtime.core.artifact.AbstractArtifactManager - Searching for griffonClass of sample.javafx.groovy.SampleModel
[pool-5-thread-1] DEBUG org.codehaus.griffon.runtime.core.event.AbstractEventRouter - Triggering event 'NewInstance' synchronously
[pool-5-thread-1] DEBUG org.codehaus.griffon.runtime.core.artifact.AbstractArtifactManager - Searching for griffonClass of sample.javafx.groovy.SampleView
[pool-5-thread-1] DEBUG org.codehaus.griffon.runtime.core.artifact.AbstractArtifactManager - Searching for griffonClass of sample.javafx.groovy.SampleView
[pool-5-thread-1] DEBUG org.codehaus.griffon.runtime.core.event.AbstractEventRouter - Triggering event 'NewInstance' synchronously
[pool-5-thread-1] DEBUG org.codehaus.griffon.runtime.core.artifact.AbstractArtifactManager - Searching for griffonClass of sample.javafx.groovy.SampleController
[pool-5-thread-1] DEBUG org.codehaus.griffon.runtime.core.artifact.AbstractArtifactManager - Searching for griffonClass of sample.javafx.groovy.SampleController
[pool-5-thread-1] DEBUG org.codehaus.griffon.runtime.core.event.AbstractEventRouter - Triggering event 'NewInstance' synchronously
[pool-5-thread-1] DEBUG org.codehaus.griffon.runtime.core.event.AbstractEventRouter - Triggering event 'NewInstance' synchronously
[pool-5-thread-1] DEBUG org.codehaus.griffon.runtime.core.artifact.AbstractArtifactManager - Searching for griffonClass of sample.javafx.groovy.SampleController
[pool-5-thread-1] TRACE griffon.util.CompositeResourceBundle - Searching key=sample.javafx.groovy.SampleController.action.SayHello.name
[pool-5-thread-1] TRACE griffon.util.CompositeResourceBundle - Searching key=application.action.SayHello.name
[pool-5-thread-1] TRACE org.codehaus.griffon.runtime.core.controller.AbstractActionManager - sample.javafx.groovy.SampleController.action.SayHello.name = Say Hello
[pool-5-thread-1] TRACE griffon.util.CompositeResourceBundle - Searching key=sample.javafx.groovy.SampleController.action.SayHello.accelerator
[pool-5-thread-1] TRACE griffon.util.CompositeResourceBundle - Searching key=application.action.SayHello.accelerator
[pool-5-thread-1] TRACE griffon.util.CompositeResourceBundle - Searching key=sample.javafx.groovy.SampleController.action.SayHello.description
[pool-5-thread-1] TRACE griffon.util.CompositeResourceBundle - Searching key=application.action.SayHello.description
[pool-5-thread-1] TRACE griffon.util.CompositeResourceBundle - Searching key=sample.javafx.groovy.SampleController.action.SayHello.icon
[pool-5-thread-1] TRACE griffon.util.CompositeResourceBundle - Searching key=application.action.SayHello.icon
[pool-5-thread-1] TRACE griffon.util.CompositeResourceBundle - Searching key=sample.javafx.groovy.SampleController.action.SayHello.image
[pool-5-thread-1] TRACE griffon.util.CompositeResourceBundle - Searching key=application.action.SayHello.image
[pool-5-thread-1] TRACE griffon.util.CompositeResourceBundle - Searching key=sample.javafx.groovy.SampleController.action.SayHello.enabled
[pool-5-thread-1] TRACE griffon.util.CompositeResourceBundle - Searching key=application.action.SayHello.enabled
[pool-5-thread-1] TRACE org.codehaus.griffon.runtime.javafx.controller.JavaFXActionManager - sample.javafx.groovy.SampleController.action.SayHello.enabled = true
[pool-5-thread-1] TRACE griffon.util.CompositeResourceBundle - Searching key=sample.javafx.groovy.SampleController.action.SayHello.selected
[pool-5-thread-1] TRACE griffon.util.CompositeResourceBundle - Searching key=application.action.SayHello.selected
[pool-5-thread-1] TRACE org.codehaus.griffon.runtime.javafx.controller.JavaFXActionManager - sample.javafx.groovy.SampleController.action.SayHello.selected = false
[pool-5-thread-1] TRACE griffon.core.editors.PropertyEditorResolver - Searching PropertyEditor for javafx.scene.image.Image
[pool-5-thread-1] TRACE griffon.core.editors.PropertyEditorResolver - PropertyEditor for javafx.scene.image.Image is griffon.core.editors.PropertyEditorChain
[pool-5-thread-1] TRACE org.codehaus.griffon.runtime.core.controller.AbstractActionManager - Action for sample.javafx.groovy.SampleController.sayHello stored as sayHello
[pool-5-thread-1] DEBUG griffon.util.AnnotationUtils - Current customizer order is [core, javafx]
[pool-5-thread-1] TRACE griffon.util.AnnotationUtils - Processing customizer 'core'
[pool-5-thread-1] TRACE griffon.util.AnnotationUtils -   depends on '[]'
[pool-5-thread-1] TRACE griffon.util.AnnotationUtils -   adding customizer 'core', since all dependencies have been added
[pool-5-thread-1] TRACE griffon.util.AnnotationUtils - Processing customizer 'javafx'
[pool-5-thread-1] TRACE griffon.util.AnnotationUtils -   depends on '[core]'
[pool-5-thread-1] TRACE griffon.util.AnnotationUtils -   checking customizer 'javafx' dependencies (1)
[pool-5-thread-1] TRACE griffon.util.AnnotationUtils -   checking customizer 'javafx' dependencies: 
[pool-5-thread-1] TRACE griffon.util.AnnotationUtils -   customizer 'javafx' dependency 'core' already added
[pool-5-thread-1] TRACE griffon.util.AnnotationUtils -   adding customizer 'javafx', since all dependencies have been added
[pool-5-thread-1] TRACE griffon.util.AnnotationUtils - customizer dependency ordering complete
[pool-5-thread-1] DEBUG griffon.util.AnnotationUtils - computed customizer order is [core, javafx]
[pool-5-thread-1] DEBUG org.codehaus.griffon.runtime.core.event.AbstractEventRouter - Triggering event 'InitializeMVCGroup' synchronously
[pool-5-thread-1] TRACE griffon.addon.GroovyAddon - Adding action sayHelloAction to sample:sample:builder
[pool-5-thread-1] DEBUG org.codehaus.griffon.runtime.core.mvc.AbstractMVCGroupManager - Adding group sample:org.codehaus.griffon.runtime.groovy.mvc.GroovyAwareMVCGroup@4fbe4758[sample:sample]
[pool-5-thread-1] DEBUG org.codehaus.griffon.runtime.core.mvc.DefaultMVCGroupManager - Initializing each MVC member of group 'sample'
[JavaFX Application Thread] TRACE griffon.util.CompositeResourceBundle - Searching key=application.title
[JavaFX Application Thread] TRACE griffon.util.CompositeResourceBundle - Bundle griffon.util.ExpandableResourceBundle@1ebb0cd9; key=application.title; value='JavaFX + Groovy'
[JavaFX Application Thread] DEBUG org.codehaus.griffon.runtime.core.view.AbstractWindowManager - Attaching window with name: 'mainWindow' at index 0 javafx.stage.Stage@4749554f
[JavaFX Application Thread] DEBUG org.codehaus.griffon.runtime.core.event.AbstractEventRouter - Triggering event 'WindowAttached' synchronously
[JavaFX Application Thread] TRACE griffon.util.CompositeResourceBundle - Searching key=name.label
[JavaFX Application Thread] TRACE griffon.util.CompositeResourceBundle - Bundle griffon.util.ExpandableResourceBundle@7ab0d73a; key=name.label; value='Please enter your name'
[pool-5-thread-1] DEBUG org.codehaus.griffon.runtime.core.event.AbstractEventRouter - Triggering event 'CreateMVCGroup' synchronously
[pool-5-thread-1] TRACE griffon.util.CompositeResourceBundle - Searching key=application.lifecycle.handler.disable
[pool-5-thread-1] TRACE griffon.util.CompositeResourceBundle - Searching key=application
[pool-5-thread-1] TRACE griffon.util.CompositeResourceBundle - Bundle griffon.util.ExpandableResourceBundle@1ebb0cd9; key=application; value='{title=JavaFX + Groovy, startupGroups=[sample], autoShutdown=true}'
[pool-5-thread-1] DEBUG org.codehaus.griffon.runtime.core.event.AbstractEventRouter - Triggering event 'StartupEnd' synchronously
[pool-5-thread-1] DEBUG org.codehaus.griffon.runtime.core.view.AbstractWindowManager - windowManager.startingWindow configured to mainWindow
[pool-5-thread-1] DEBUG org.codehaus.griffon.runtime.core.view.AbstractWindowManager - Selecting window mainWindow as starting window
[pool-5-thread-1] DEBUG org.codehaus.griffon.runtime.core.view.AbstractWindowManager - Starting Window is javafx.stage.Stage@4749554f
[pool-5-thread-1] DEBUG org.codehaus.griffon.runtime.core.event.AbstractEventRouter - Triggering event 'ReadyStart' synchronously
[pool-5-thread-1] TRACE griffon.util.CompositeResourceBundle - Searching key=application.lifecycle.handler.disable
[JavaFX Application Thread] DEBUG org.codehaus.griffon.runtime.core.view.AbstractWindowManager - Showing window with name: 'mainWindow' at index 0 javafx.stage.Stage@4749554f
[pool-5-thread-1] TRACE griffon.util.CompositeResourceBundle - Searching key=application
[pool-5-thread-1] TRACE griffon.util.CompositeResourceBundle - Bundle griffon.util.ExpandableResourceBundle@1ebb0cd9; key=application; value='{title=JavaFX + Groovy, startupGroups=[sample], autoShutdown=true}'
[JavaFX Application Thread] TRACE griffon.util.CompositeResourceBundle - Searching key=windowManager
[JavaFX Application Thread] TRACE griffon.util.CompositeResourceBundle - Searching key=windowManager
[pool-5-thread-1] DEBUG org.codehaus.griffon.runtime.core.event.AbstractEventRouter - Triggering event 'ReadyEnd' synchronously
[JavaFX Application Thread] TRACE griffon.util.CompositeResourceBundle - Searching key=windowManager
[JavaFX Application Thread] TRACE griffon.util.CompositeResourceBundle - Searching key=windowManager
[JavaFX Application Thread] TRACE org.codehaus.griffon.runtime.core.view.ConfigurableWindowDisplayHandler - Showing mainWindow with default handler
[JavaFX Application Thread] TRACE griffon.util.CompositeResourceBundle - Searching key=windowManager
[JavaFX Application Thread] TRACE griffon.util.CompositeResourceBundle - Searching key=windowManager
[JavaFX Application Thread] DEBUG org.codehaus.griffon.runtime.core.event.AbstractEventRouter - Triggering event 'WindowShown' synchronously
[JavaFX Application Thread] TRACE griffon.util.CompositeResourceBundle - Searching key=griffon.disable.threading.injection
[JavaFX Application Thread] TRACE griffon.util.CompositeResourceBundle - Searching key=griffon
[JavaFX Application Thread] TRACE griffon.util.CompositeResourceBundle - Searching key=controller.threading.default
[JavaFX Application Thread] TRACE griffon.util.CompositeResourceBundle - Searching key=controller
[JavaFX Application Thread] DEBUG org.codehaus.griffon.runtime.core.controller.AbstractActionManager - Executing sample.javafx.groovy.SampleController.sayHello with policy OUTSIDE_UITHREAD
[pool-5-thread-2] DEBUG org.codehaus.griffon.runtime.core.controller.AbstractActionManager - Executing 0 handlers for sample.javafx.groovy.SampleController.sayHello
[pool-5-thread-2] TRACE org.codehaus.griffon.runtime.core.controller.AbstractActionManager - Status before execution of sample.javafx.groovy.SampleController.sayHello is OK
[pool-5-thread-2] TRACE griffon.util.CompositeResourceBundle - Searching key=greeting.default
[pool-5-thread-2] TRACE griffon.util.CompositeResourceBundle - Bundle griffon.util.ExpandableResourceBundle@7ab0d73a; key=greeting.default; value='Howdy stranger!'
[pool-5-thread-2] TRACE org.codehaus.griffon.runtime.core.controller.AbstractActionManager - Status after execution of sample.javafx.groovy.SampleController.sayHello is OK
[JavaFX Application Thread] DEBUG org.codehaus.griffon.runtime.core.controller.AbstractActionManager - Executing sample.javafx.groovy.SampleController.sayHello with policy OUTSIDE_UITHREAD
[pool-5-thread-3] DEBUG org.codehaus.griffon.runtime.core.controller.AbstractActionManager - Executing 0 handlers for sample.javafx.groovy.SampleController.sayHello
[pool-5-thread-3] TRACE org.codehaus.griffon.runtime.core.controller.AbstractActionManager - Status before execution of sample.javafx.groovy.SampleController.sayHello is OK
[pool-5-thread-3] TRACE griffon.util.CompositeResourceBundle - Searching key=greeting.parameterized
[pool-5-thread-3] TRACE griffon.util.CompositeResourceBundle - Bundle griffon.util.ExpandableResourceBundle@7ab0d73a; key=greeting.parameterized; value='Hello {0}'
[pool-5-thread-3] TRACE org.codehaus.griffon.runtime.core.controller.AbstractActionManager - Status after execution of sample.javafx.groovy.SampleController.sayHello is OK
[Test worker] DEBUG org.codehaus.griffon.runtime.core.event.AbstractEventRouter - Triggering event 'ShutdownRequested' synchronously
[Test worker] INFO org.codehaus.griffon.runtime.javafx.TestJavaFXGriffonApplication - Shutdown is in process
[Test worker] DEBUG org.codehaus.griffon.runtime.javafx.TestJavaFXGriffonApplication - Shutdown stage 1: notify all event listeners
[Test worker] DEBUG org.codehaus.griffon.runtime.core.event.AbstractEventRouter - Adding listener griffon.javafx.AbstractJavaFXGriffonApplication$2 on ShutdownStart
[Test worker] DEBUG org.codehaus.griffon.runtime.core.event.AbstractEventRouter - Triggering event 'ShutdownStart' synchronously
[Test worker] DEBUG org.codehaus.griffon.runtime.javafx.TestJavaFXGriffonApplication - Shutdown stage 2: notify all shutdown handlers
[Test worker] DEBUG org.codehaus.griffon.runtime.javafx.TestJavaFXGriffonApplication - Shutdown stage 3: destroy all MVC groups
[JavaFX Application Thread] DEBUG org.codehaus.griffon.runtime.core.view.AbstractWindowManager - Hiding window with name: 'mainWindow' at index 0 javafx.stage.Stage@4749554f
[Test worker] DEBUG org.codehaus.griffon.runtime.core.mvc.AbstractMVCGroupManager - Searching group sample
[JavaFX Application Thread] TRACE griffon.util.CompositeResourceBundle - Searching key=windowManager
[Test worker] DEBUG org.codehaus.griffon.runtime.core.mvc.DefaultMVCGroupManager - Group 'sample' points to org.codehaus.griffon.runtime.groovy.mvc.GroovyAwareMVCGroup@4fbe4758[sample:sample]
[Test worker] DEBUG org.codehaus.griffon.runtime.core.mvc.DefaultMVCGroupManager - Destroying MVC group identified by 'sample'
[JavaFX Application Thread] TRACE griffon.util.CompositeResourceBundle - Searching key=windowManager
[Test worker] DEBUG org.codehaus.griffon.runtime.core.event.AbstractEventRouter - Removing listener sample.javafx.groovy.SampleController@59349626
[Test worker] DEBUG org.codehaus.griffon.runtime.core.event.AbstractEventRouter - Triggering event 'DestroyInstance' synchronously
[Test worker] DEBUG org.codehaus.griffon.runtime.core.event.AbstractEventRouter - Triggering event 'DestroyInstance' synchronously
[Test worker] DEBUG org.codehaus.griffon.runtime.core.event.AbstractEventRouter - Triggering event 'DestroyInstance' synchronously
[Test worker] DEBUG org.codehaus.griffon.runtime.core.mvc.AbstractMVCGroupManager - Removing group sample:org.codehaus.griffon.runtime.groovy.mvc.GroovyAwareMVCGroup@4fbe4758[sample:sample]
[Test worker] DEBUG org.codehaus.griffon.runtime.core.mvc.AbstractMVCGroupManager - Searching group sample
[Test worker] DEBUG org.codehaus.griffon.runtime.core.mvc.DefaultMVCGroupManager - Group 'sample' points to null
[Test worker] DEBUG org.codehaus.griffon.runtime.core.event.AbstractEventRouter - Triggering event 'DestroyMVCGroup' synchronously
[Test worker] DEBUG org.codehaus.griffon.runtime.javafx.TestJavaFXGriffonApplication - Shutdown stage 4: execute Shutdown script
[Test worker] TRACE griffon.util.CompositeResourceBundle - Searching key=application.lifecycle.handler.disable
[Test worker] TRACE griffon.util.CompositeResourceBundle - Searching key=application
[Test worker] TRACE griffon.util.CompositeResourceBundle - Bundle griffon.util.ExpandableResourceBundle@1ebb0cd9; key=application; value='{title=JavaFX + Groovy, startupGroups=[sample], autoShutdown=true}'
[JavaFX Application Thread] TRACE griffon.util.CompositeResourceBundle - Searching key=windowManager
[JavaFX Application Thread] TRACE griffon.util.CompositeResourceBundle - Searching key=windowManager
[JavaFX Application Thread] TRACE org.codehaus.griffon.runtime.core.view.ConfigurableWindowDisplayHandler - Hiding mainWindow with default handler
[JavaFX Application Thread] TRACE griffon.util.CompositeResourceBundle - Searching key=windowManager
[JavaFX Application Thread] TRACE griffon.util.CompositeResourceBundle - Searching key=windowManager
[JavaFX Application Thread] DEBUG org.codehaus.griffon.runtime.core.event.AbstractEventRouter - Triggering event 'WindowHidden' synchronously
[JavaFX Application Thread] DEBUG org.codehaus.griffon.runtime.core.view.AbstractWindowManager - Hiding window with name: 'mainWindow' at index 0 javafx.stage.Stage@4749554f
[JavaFX Application Thread] TRACE griffon.util.CompositeResourceBundle - Searching key=windowManager
[JavaFX Application Thread] TRACE griffon.util.CompositeResourceBundle - Searching key=windowManager
[JavaFX Application Thread] TRACE griffon.util.CompositeResourceBundle - Searching key=windowManager
[JavaFX Application Thread] TRACE griffon.util.CompositeResourceBundle - Searching key=windowManager
[JavaFX Application Thread] TRACE org.codehaus.griffon.runtime.core.view.ConfigurableWindowDisplayHandler - Hiding mainWindow with default handler
[JavaFX Application Thread] TRACE griffon.util.CompositeResourceBundle - Searching key=windowManager
[JavaFX Application Thread] TRACE griffon.util.CompositeResourceBundle - Searching key=windowManager
]]></system-err>
</testsuite>
