<?xml version="1.0" encoding="UTF-8"?>
<testsuite name="org.codehaus.griffon.compile.core.processor.artifact.ArtifactCollectorTest" tests="20" skipped="0" failures="0" errors="0" timestamp="2016-09-29T21:52:00" hostname="testing-gce-cf203e64-cd6f-4108-8a0d-d9cf63c5c1c7" time="0.025">
  <properties/>
  <testcase name="testGetArtifactNewWithBiggerInitializer" classname="org.codehaus.griffon.compile.core.processor.artifact.ArtifactCollectorTest" time="0.004"/>
  <testcase name="testRemoveProviderWhenEmpty" classname="org.codehaus.griffon.compile.core.processor.artifact.ArtifactCollectorTest" time="0.001"/>
  <testcase name="testGetArtifactExisting" classname="org.codehaus.griffon.compile.core.processor.artifact.ArtifactCollectorTest" time="0.001"/>
  <testcase name="testArtifactsMore" classname="org.codehaus.griffon.compile.core.processor.artifact.ArtifactCollectorTest" time="0.001"/>
  <testcase name="testGetArtifactNewWithInitializer" classname="org.codehaus.griffon.compile.core.processor.artifact.ArtifactCollectorTest" time="0.0"/>
  <testcase name="testToStringExistingArtifact" classname="org.codehaus.griffon.compile.core.processor.artifact.ArtifactCollectorTest" time="0.0"/>
  <testcase name="testRemoveProviderWhenInTwoArtifacts" classname="org.codehaus.griffon.compile.core.processor.artifact.ArtifactCollectorTest" time="0.001"/>
  <testcase name="testGetArtifactNewWithInitializerContainingRemovedElement" classname="org.codehaus.griffon.compile.core.processor.artifact.ArtifactCollectorTest" time="0.001"/>
  <testcase name="testToStringEmpty" classname="org.codehaus.griffon.compile.core.processor.artifact.ArtifactCollectorTest" time="0.0"/>
  <testcase name="testToStringNonExistingArtifact" classname="org.codehaus.griffon.compile.core.processor.artifact.ArtifactCollectorTest" time="0.0"/>
  <testcase name="testArtifactsOne" classname="org.codehaus.griffon.compile.core.processor.artifact.ArtifactCollectorTest" time="0.0"/>
  <testcase name="testRemoveProviderNull" classname="org.codehaus.griffon.compile.core.processor.artifact.ArtifactCollectorTest" time="0.0"/>
  <testcase name="testRemoveProviderWhenInOneArtifact" classname="org.codehaus.griffon.compile.core.processor.artifact.ArtifactCollectorTest" time="0.001"/>
  <testcase name="testGetArtifactNull" classname="org.codehaus.griffon.compile.core.processor.artifact.ArtifactCollectorTest" time="0.001"/>
  <testcase name="testGetArtifactNew" classname="org.codehaus.griffon.compile.core.processor.artifact.ArtifactCollectorTest" time="0.0"/>
  <testcase name="testToStringMoreExistingArtifacts" classname="org.codehaus.griffon.compile.core.processor.artifact.ArtifactCollectorTest" time="0.001"/>
  <testcase name="testArtifactsDuplicate" classname="org.codehaus.griffon.compile.core.processor.artifact.ArtifactCollectorTest" time="0.001"/>
  <testcase name="testRemoveProviderWhenInNotOneArtifact" classname="org.codehaus.griffon.compile.core.processor.artifact.ArtifactCollectorTest" time="0.001"/>
  <testcase name="testRemoveProviderWhenInSomeArtifacts" classname="org.codehaus.griffon.compile.core.processor.artifact.ArtifactCollectorTest" time="0.0"/>
  <testcase name="testArtifactsEmpty" classname="org.codehaus.griffon.compile.core.processor.artifact.ArtifactCollectorTest" time="0.001"/>
  <system-out><![CDATA[]]></system-out>
  <system-err><![CDATA[]]></system-err>
</testsuite>
