<?xml version="1.0" encoding="UTF-8"?>
<testsuite name="griffon.javafx.formatters.ColorFormatterSpec" tests="27" failures="0" errors="0" timestamp="2014-02-13T21:02:12" hostname="testing-worker-linux-7-1-10748-linux-17-18834379" time="0.071">
  <properties/>
  <testcase name="Color 0xff0000ff with pattern #RGB produces literal #f00" classname="griffon.javafx.formatters.ColorFormatterSpec" time="0.029"/>
  <testcase name="Color 0xff0000ff with pattern #RGBA produces literal #f00f" classname="griffon.javafx.formatters.ColorFormatterSpec" time="0.001"/>
  <testcase name="Color 0xff0000ff with pattern #RRGGBB produces literal #ff0000" classname="griffon.javafx.formatters.ColorFormatterSpec" time="0.002"/>
  <testcase name="Color 0xff0000ff with pattern #RRGGBBAA produces literal #ff0000ff" classname="griffon.javafx.formatters.ColorFormatterSpec" time="0.001"/>
  <testcase name="Color 0xff0000ff with pattern null produces literal #ff0000" classname="griffon.javafx.formatters.ColorFormatterSpec" time="0.001"/>
  <testcase name="Color 0xff0000ff with pattern  produces literal #ff0000" classname="griffon.javafx.formatters.ColorFormatterSpec" time="0.001"/>
  <testcase name="Parse error for pattern #RGB with literal null" classname="griffon.javafx.formatters.ColorFormatterSpec" time="0.001"/>
  <testcase name="Parse error for pattern #RGB with literal " classname="griffon.javafx.formatters.ColorFormatterSpec" time="0.0"/>
  <testcase name="Parse error for pattern #RGB with literal f00" classname="griffon.javafx.formatters.ColorFormatterSpec" time="0.0"/>
  <testcase name="Parse error for pattern #RGB with literal #f00f" classname="griffon.javafx.formatters.ColorFormatterSpec" time="0.001"/>
  <testcase name="Parse error for pattern #RGBA with literal null" classname="griffon.javafx.formatters.ColorFormatterSpec" time="0.001"/>
  <testcase name="Parse error for pattern #RGBA with literal " classname="griffon.javafx.formatters.ColorFormatterSpec" time="0.0"/>
  <testcase name="Parse error for pattern #RGBA with literal f00f" classname="griffon.javafx.formatters.ColorFormatterSpec" time="0.0"/>
  <testcase name="Parse error for pattern #RGBA with literal #f00f0" classname="griffon.javafx.formatters.ColorFormatterSpec" time="0.0"/>
  <testcase name="Parse error for pattern #RRGGBB with literal null" classname="griffon.javafx.formatters.ColorFormatterSpec" time="0.001"/>
  <testcase name="Parse error for pattern #RRGGBB with literal " classname="griffon.javafx.formatters.ColorFormatterSpec" time="0.0"/>
  <testcase name="Parse error for pattern #RRGGBB with literal ff0000" classname="griffon.javafx.formatters.ColorFormatterSpec" time="0.0"/>
  <testcase name="Parse error for pattern #RRGGBB with literal #ff0000f" classname="griffon.javafx.formatters.ColorFormatterSpec" time="0.0"/>
  <testcase name="Parse error for pattern #RRGGBBAA with literal null" classname="griffon.javafx.formatters.ColorFormatterSpec" time="0.0"/>
  <testcase name="Parse error for pattern #RRGGBBAA with literal " classname="griffon.javafx.formatters.ColorFormatterSpec" time="0.001"/>
  <testcase name="Parse error for pattern #RRGGBBAA with literal ff0000ff" classname="griffon.javafx.formatters.ColorFormatterSpec" time="0.001"/>
  <testcase name="Parse error for pattern #RRGGBBAA with literal #ff0000ff0" classname="griffon.javafx.formatters.ColorFormatterSpec" time="0.001"/>
  <testcase name="Illegal pattern #" classname="griffon.javafx.formatters.ColorFormatterSpec" time="0.001"/>
  <testcase name="Illegal pattern C" classname="griffon.javafx.formatters.ColorFormatterSpec" time="0.0"/>
  <testcase name="Illegal pattern M" classname="griffon.javafx.formatters.ColorFormatterSpec" time="0.0"/>
  <testcase name="Illegal pattern Y" classname="griffon.javafx.formatters.ColorFormatterSpec" time="0.0"/>
  <testcase name="Illegal pattern K" classname="griffon.javafx.formatters.ColorFormatterSpec" time="0.0"/>
  <system-out><![CDATA[]]></system-out>
  <system-err><![CDATA[]]></system-err>
</testsuite>
