<?xml version="1.0" encoding="UTF-8"?>
<testsuite name="griffon.javafx.editors.LinearGradientPropertyEditorSpec" tests="21" skipped="0" failures="0" errors="0" timestamp="2016-06-10T16:47:51" hostname="testing-gce-d09c9de5-605c-47f8-adcf-d1c05a498ba4.c.travis-ci-prod-2.internal" time="0.02">
  <properties/>
  <testcase name="LinearGradient format 'null' is supported" classname="griffon.javafx.editors.LinearGradientPropertyEditorSpec" time="0.003"/>
  <testcase name="LinearGradient format '' is supported" classname="griffon.javafx.editors.LinearGradientPropertyEditorSpec" time="0.0"/>
  <testcase name="LinearGradient format ' ' is supported" classname="griffon.javafx.editors.LinearGradientPropertyEditorSpec" time="0.0"/>
  <testcase name="LinearGradient format '[]' is supported" classname="griffon.javafx.editors.LinearGradientPropertyEditorSpec" time="0.001"/>
  <testcase name="LinearGradient format '[:]' is supported" classname="griffon.javafx.editors.LinearGradientPropertyEditorSpec" time="0.0"/>
  <testcase name="LinearGradient format '[1, 2, 3, 4, false, [0x000000ff 0.0%, 0xffffffff 100.0%]]' is supported" classname="griffon.javafx.editors.LinearGradientPropertyEditorSpec" time="0.001"/>
  <testcase name="LinearGradient format '[1, 2, 3, 4, false, [0x000000ff 0.0%, 0xffffffff 100.0%], REPEAT]' is supported" classname="griffon.javafx.editors.LinearGradientPropertyEditorSpec" time="0.0"/>
  <testcase name="LinearGradient format '[1, 2, 3, 4, false, [0x000000ff 0.0%, 0xffffffff 100.0%], REPEAT]' is supported" classname="griffon.javafx.editors.LinearGradientPropertyEditorSpec" time="0.0"/>
  <testcase name="LinearGradient format '[sx:1, sy:2, ex:3, ey:4, stops:[0x000000ff 0.0%, 0xffffffff 100.0%]]' is supported" classname="griffon.javafx.editors.LinearGradientPropertyEditorSpec" time="0.0"/>
  <testcase name="LinearGradient format '[sx:1, sy:2, ex:3, ey:4, stops:[0x000000ff 0.0%, 0xffffffff 100.0%], cycle:REPEAT]' is supported" classname="griffon.javafx.editors.LinearGradientPropertyEditorSpec" time="0.001"/>
  <testcase name="LinearGradient format '[sx:1, sy:2, ex:3, ey:4, stops:[0x000000ff 0.0%, 0xffffffff 100.0%], cycle:REPEAT]' is supported" classname="griffon.javafx.editors.LinearGradientPropertyEditorSpec" time="0.0"/>
  <testcase name="LinearGradient format 'linear-gradient(from 1.0px 2.0px to 3.0px 4.0px, 0x000000ff 0.0%, 0xffffffff 100.0%)' is supported" classname="griffon.javafx.editors.LinearGradientPropertyEditorSpec" time="0.001"/>
  <testcase name="Invalid gradient format 'garbage'" classname="griffon.javafx.editors.LinearGradientPropertyEditorSpec" time="0.001"/>
  <testcase name="Invalid gradient format '1, 2, 3'" classname="griffon.javafx.editors.LinearGradientPropertyEditorSpec" time="0.003"/>
  <testcase name="Invalid gradient format '1, 2, 3, 4, 5'" classname="griffon.javafx.editors.LinearGradientPropertyEditorSpec" time="0.0"/>
  <testcase name="Invalid gradient format '[1, 2, 3]'" classname="griffon.javafx.editors.LinearGradientPropertyEditorSpec" time="0.0"/>
  <testcase name="Invalid gradient format '[1, 2, 3, 4, 5]'" classname="griffon.javafx.editors.LinearGradientPropertyEditorSpec" time="0.001"/>
  <testcase name="Invalid gradient format '[sx:a]'" classname="griffon.javafx.editors.LinearGradientPropertyEditorSpec" time="0.0"/>
  <testcase name="Invalid gradient format '[java.lang.Object@34443819]'" classname="griffon.javafx.editors.LinearGradientPropertyEditorSpec" time="0.0"/>
  <testcase name="Invalid gradient format '[sx:java.lang.Object@7d78206e]'" classname="griffon.javafx.editors.LinearGradientPropertyEditorSpec" time="0.0"/>
  <testcase name="Invalid gradient format 'java.lang.Object@387b01a2'" classname="griffon.javafx.editors.LinearGradientPropertyEditorSpec" time="0.0"/>
  <system-out><![CDATA[]]></system-out>
  <system-err><![CDATA[]]></system-err>
</testsuite>
