<?xml version="1.0" encoding="UTF-8"?>
<testsuite name="griffon.javafx.editors.LinearGradientPropertyEditorSpec" tests="21" skipped="0" failures="0" errors="0" timestamp="2015-09-03T14:59:14" hostname="testing-worker-linux-380b67c9-2-20004-linux-1-78590592" time="0.039">
  <properties/>
  <testcase name="LinearGradient format 'null' is supported" classname="griffon.javafx.editors.LinearGradientPropertyEditorSpec" time="0.004"/>
  <testcase name="LinearGradient format '' is supported" classname="griffon.javafx.editors.LinearGradientPropertyEditorSpec" time="0.0"/>
  <testcase name="LinearGradient format ' ' is supported" classname="griffon.javafx.editors.LinearGradientPropertyEditorSpec" time="0.001"/>
  <testcase name="LinearGradient format '[]' is supported" classname="griffon.javafx.editors.LinearGradientPropertyEditorSpec" time="0.0"/>
  <testcase name="LinearGradient format '[:]' is supported" classname="griffon.javafx.editors.LinearGradientPropertyEditorSpec" time="0.0"/>
  <testcase name="LinearGradient format '[1, 2, 3, 4, false, [0x000000ff 0.0%, 0xffffffff 100.0%]]' is supported" classname="griffon.javafx.editors.LinearGradientPropertyEditorSpec" time="0.011"/>
  <testcase name="LinearGradient format '[1, 2, 3, 4, false, [0x000000ff 0.0%, 0xffffffff 100.0%], REPEAT]' is supported" classname="griffon.javafx.editors.LinearGradientPropertyEditorSpec" time="0.001"/>
  <testcase name="LinearGradient format '[1, 2, 3, 4, false, [0x000000ff 0.0%, 0xffffffff 100.0%], REPEAT]' is supported" classname="griffon.javafx.editors.LinearGradientPropertyEditorSpec" time="0.001"/>
  <testcase name="LinearGradient format '[sx:1, sy:2, ex:3, ey:4, stops:[0x000000ff 0.0%, 0xffffffff 100.0%]]' is supported" classname="griffon.javafx.editors.LinearGradientPropertyEditorSpec" time="0.001"/>
  <testcase name="LinearGradient format '[sx:1, sy:2, ex:3, ey:4, stops:[0x000000ff 0.0%, 0xffffffff 100.0%], cycle:REPEAT]' is supported" classname="griffon.javafx.editors.LinearGradientPropertyEditorSpec" time="0.001"/>
  <testcase name="LinearGradient format '[sx:1, sy:2, ex:3, ey:4, stops:[0x000000ff 0.0%, 0xffffffff 100.0%], cycle:REPEAT]' is supported" classname="griffon.javafx.editors.LinearGradientPropertyEditorSpec" time="0.0"/>
  <testcase name="LinearGradient format 'linear-gradient(from 1.0px 2.0px to 3.0px 4.0px, 0x000000ff 0.0%, 0xffffffff 100.0%)' is supported" classname="griffon.javafx.editors.LinearGradientPropertyEditorSpec" time="0.001"/>
  <testcase name="Invalid gradient format 'garbage'" classname="griffon.javafx.editors.LinearGradientPropertyEditorSpec" time="0.004"/>
  <testcase name="Invalid gradient format '1, 2, 3'" classname="griffon.javafx.editors.LinearGradientPropertyEditorSpec" time="0.004"/>
  <testcase name="Invalid gradient format '1, 2, 3, 4, 5'" classname="griffon.javafx.editors.LinearGradientPropertyEditorSpec" time="0.0"/>
  <testcase name="Invalid gradient format '[1, 2, 3]'" classname="griffon.javafx.editors.LinearGradientPropertyEditorSpec" time="0.001"/>
  <testcase name="Invalid gradient format '[1, 2, 3, 4, 5]'" classname="griffon.javafx.editors.LinearGradientPropertyEditorSpec" time="0.0"/>
  <testcase name="Invalid gradient format '[sx:a]'" classname="griffon.javafx.editors.LinearGradientPropertyEditorSpec" time="0.001"/>
  <testcase name="Invalid gradient format '[java.lang.Object@5ffdea5f]'" classname="griffon.javafx.editors.LinearGradientPropertyEditorSpec" time="0.0"/>
  <testcase name="Invalid gradient format '[sx:java.lang.Object@c011cd6]'" classname="griffon.javafx.editors.LinearGradientPropertyEditorSpec" time="0.001"/>
  <testcase name="Invalid gradient format 'java.lang.Object@62f805c'" classname="griffon.javafx.editors.LinearGradientPropertyEditorSpec" time="0.0"/>
  <system-out><![CDATA[]]></system-out>
  <system-err><![CDATA[]]></system-err>
</testsuite>
