<?xml version="1.0" encoding="UTF-8"?>
<testsuite name="griffon.javafx.editors.InsetsPropertyEditorSpec" tests="34" skipped="0" failures="0" errors="0" timestamp="2016-06-25T21:19:19" hostname="testing-gce-5863ef7f-eb76-4bd5-9515-b1347593a48c.c.eco-emissary-99515.internal" time="0.037">
  <properties/>
  <testcase name="Insets format 'null' should be equal to null" classname="griffon.javafx.editors.InsetsPropertyEditorSpec" time="0.004"/>
  <testcase name="Insets format '' should be equal to null" classname="griffon.javafx.editors.InsetsPropertyEditorSpec" time="0.001"/>
  <testcase name="Insets format ' ' should be equal to null" classname="griffon.javafx.editors.InsetsPropertyEditorSpec" time="0.0"/>
  <testcase name="Insets format '[]' should be equal to null" classname="griffon.javafx.editors.InsetsPropertyEditorSpec" time="0.0"/>
  <testcase name="Insets format '[:]' should be equal to null" classname="griffon.javafx.editors.InsetsPropertyEditorSpec" time="0.001"/>
  <testcase name="Insets format '1' should be equal to Insets [top=1.0, right=0.0, bottom=0.0, left=0.0]" classname="griffon.javafx.editors.InsetsPropertyEditorSpec" time="0.001"/>
  <testcase name="Insets format '1,2' should be equal to Insets [top=1.0, right=2.0, bottom=0.0, left=0.0]" classname="griffon.javafx.editors.InsetsPropertyEditorSpec" time="0.0"/>
  <testcase name="Insets format '1,2,3' should be equal to Insets [top=1.0, right=2.0, bottom=3.0, left=0.0]" classname="griffon.javafx.editors.InsetsPropertyEditorSpec" time="0.0"/>
  <testcase name="Insets format '1,2,3,4' should be equal to Insets [top=1.0, right=2.0, bottom=3.0, left=4.0]" classname="griffon.javafx.editors.InsetsPropertyEditorSpec" time="0.0"/>
  <testcase name="Insets format '1, 2, 3, 4' should be equal to Insets [top=1.0, right=2.0, bottom=3.0, left=4.0]" classname="griffon.javafx.editors.InsetsPropertyEditorSpec" time="0.0"/>
  <testcase name="Insets format ' 1, 2, 3, 4' should be equal to Insets [top=1.0, right=2.0, bottom=3.0, left=4.0]" classname="griffon.javafx.editors.InsetsPropertyEditorSpec" time="0.001"/>
  <testcase name="Insets format ' 1, 2,3 , 4 ' should be equal to Insets [top=1.0, right=2.0, bottom=3.0, left=4.0]" classname="griffon.javafx.editors.InsetsPropertyEditorSpec" time="0.0"/>
  <testcase name="Insets format '[1, 2, 3, 4]' should be equal to Insets [top=1.0, right=2.0, bottom=3.0, left=4.0]" classname="griffon.javafx.editors.InsetsPropertyEditorSpec" time="0.0"/>
  <testcase name="Insets format '[1, 2, 3, 4]' should be equal to Insets [top=1.0, right=2.0, bottom=3.0, left=4.0]" classname="griffon.javafx.editors.InsetsPropertyEditorSpec" time="0.0"/>
  <testcase name="Insets format '1' should be equal to Insets [top=1.0, right=1.0, bottom=1.0, left=1.0]" classname="griffon.javafx.editors.InsetsPropertyEditorSpec" time="0.001"/>
  <testcase name="Insets format '[1]' should be equal to Insets [top=1.0, right=0.0, bottom=0.0, left=0.0]" classname="griffon.javafx.editors.InsetsPropertyEditorSpec" time="0.004"/>
  <testcase name="Insets format '[1]' should be equal to Insets [top=1.0, right=0.0, bottom=0.0, left=0.0]" classname="griffon.javafx.editors.InsetsPropertyEditorSpec" time="0.001"/>
  <testcase name="Insets format '[top:1, right:2, bottom:3, left:4]' should be equal to Insets [top=1.0, right=2.0, bottom=3.0, left=4.0]" classname="griffon.javafx.editors.InsetsPropertyEditorSpec" time="0.0"/>
  <testcase name="Insets format '[top:1, right:2, bottom:3, left:4]' should be equal to Insets [top=1.0, right=2.0, bottom=3.0, left=4.0]" classname="griffon.javafx.editors.InsetsPropertyEditorSpec" time="0.0"/>
  <testcase name="Insets format '[t:1, r:2, b:3, l:4]' should be equal to Insets [top=1.0, right=2.0, bottom=3.0, left=4.0]" classname="griffon.javafx.editors.InsetsPropertyEditorSpec" time="0.0"/>
  <testcase name="Insets format '[t:1, r:2, b:3, l:4]' should be equal to Insets [top=1.0, right=2.0, bottom=3.0, left=4.0]" classname="griffon.javafx.editors.InsetsPropertyEditorSpec" time="0.001"/>
  <testcase name="Insets format 'Insets [top=1.0, right=2.0, bottom=3.0, left=4.0]' should be equal to Insets [top=1.0, right=2.0, bottom=3.0, left=4.0]" classname="griffon.javafx.editors.InsetsPropertyEditorSpec" time="0.001"/>
  <testcase name="Insets format '[foo:1, bar:2]' should be equal to Insets [top=0.0, right=0.0, bottom=0.0, left=0.0]" classname="griffon.javafx.editors.InsetsPropertyEditorSpec" time="0.0"/>
  <testcase name="Invalid insets format 'garbage'" classname="griffon.javafx.editors.InsetsPropertyEditorSpec" time="0.001"/>
  <testcase name="Invalid insets format '1, 2, 3,4 ,5'" classname="griffon.javafx.editors.InsetsPropertyEditorSpec" time="0.001"/>
  <testcase name="Invalid insets format '1, a'" classname="griffon.javafx.editors.InsetsPropertyEditorSpec" time="0.0"/>
  <testcase name="Invalid insets format '[1, 2, 3, 4, 5]'" classname="griffon.javafx.editors.InsetsPropertyEditorSpec" time="0.0"/>
  <testcase name="Invalid insets format '[top:a]'" classname="griffon.javafx.editors.InsetsPropertyEditorSpec" time="0.001"/>
  <testcase name="Invalid insets format '[t:b]'" classname="griffon.javafx.editors.InsetsPropertyEditorSpec" time="0.0"/>
  <testcase name="Invalid insets format '[java.lang.Object@753188bb]'" classname="griffon.javafx.editors.InsetsPropertyEditorSpec" time="0.0"/>
  <testcase name="Invalid insets format '[t:java.lang.Object@1229bdf6]'" classname="griffon.javafx.editors.InsetsPropertyEditorSpec" time="0.001"/>
  <testcase name="Invalid insets format 'java.lang.Object@7ceb1a0c'" classname="griffon.javafx.editors.InsetsPropertyEditorSpec" time="0.0"/>
  <testcase name="Formatted insets 'null'" classname="griffon.javafx.editors.InsetsPropertyEditorSpec" time="0.003"/>
  <testcase name="Formatted insets '1.0, 2.0, 3.0, 4.0'" classname="griffon.javafx.editors.InsetsPropertyEditorSpec" time="0.001"/>
  <system-out><![CDATA[null
Insets [top=1.0, right=2.0, bottom=3.0, left=4.0]
]]></system-out>
  <system-err><![CDATA[]]></system-err>
</testsuite>
