<?xml version="1.0" encoding="UTF-8"?>
<testsuite name="griffon.javafx.editors.RadialGradientPropertyEditorSpec" tests="21" skipped="0" failures="0" errors="0" timestamp="2015-09-03T12:15:57" hostname="testing-worker-linux-380b67c9-1-19948-linux-1-78563527" time="0.015">
  <properties/>
  <testcase name="RadialGradient format 'null' is supported" classname="griffon.javafx.editors.RadialGradientPropertyEditorSpec" time="0.003"/>
  <testcase name="RadialGradient format '' is supported" classname="griffon.javafx.editors.RadialGradientPropertyEditorSpec" time="0.0"/>
  <testcase name="RadialGradient format ' ' is supported" classname="griffon.javafx.editors.RadialGradientPropertyEditorSpec" time="0.0"/>
  <testcase name="RadialGradient format '[]' is supported" classname="griffon.javafx.editors.RadialGradientPropertyEditorSpec" time="0.0"/>
  <testcase name="RadialGradient format '[:]' is supported" classname="griffon.javafx.editors.RadialGradientPropertyEditorSpec" time="0.001"/>
  <testcase name="RadialGradient format '[1, 2, 3, 4, 5, false, [0x000000ff 0.0%, 0xffffffff 100.0%]]' is supported" classname="griffon.javafx.editors.RadialGradientPropertyEditorSpec" time="0.001"/>
  <testcase name="RadialGradient format '[1, 2, 3, 4, 5, false, [0x000000ff 0.0%, 0xffffffff 100.0%], REPEAT]' is supported" classname="griffon.javafx.editors.RadialGradientPropertyEditorSpec" time="0.001"/>
  <testcase name="RadialGradient format '[1, 2, 3, 4, 5, false, [0x000000ff 0.0%, 0xffffffff 100.0%], REPEAT]' is supported" classname="griffon.javafx.editors.RadialGradientPropertyEditorSpec" time="0.001"/>
  <testcase name="RadialGradient format '[fa:1, fd:2, cx:3, cy:4, r:5, stops:[0x000000ff 0.0%, 0xffffffff 100.0%]]' is supported" classname="griffon.javafx.editors.RadialGradientPropertyEditorSpec" time="0.001"/>
  <testcase name="RadialGradient format '[fa:1, fd:2, cx:3, cy:4, r:5, stops:[0x000000ff 0.0%, 0xffffffff 100.0%], cycle:REPEAT]' is supported" classname="griffon.javafx.editors.RadialGradientPropertyEditorSpec" time="0.0"/>
  <testcase name="RadialGradient format '[fa:1, fd:2, cx:3, cy:4, r:5, stops:[0x000000ff 0.0%, 0xffffffff 100.0%], cycle:REPEAT]' is supported" classname="griffon.javafx.editors.RadialGradientPropertyEditorSpec" time="0.001"/>
  <testcase name="RadialGradient format 'radial-gradient(focus-angle 1.0deg, focus-distance 200.0% , center 3.0px 4.0px, radius 5.0px, 0x000000ff 0.0%, 0xffffffff 100.0%)' is supported" classname="griffon.javafx.editors.RadialGradientPropertyEditorSpec" time="0.001"/>
  <testcase name="Invalid gradient format 'garbage'" classname="griffon.javafx.editors.RadialGradientPropertyEditorSpec" time="0.001"/>
  <testcase name="Invalid gradient format '1, 2, 3'" classname="griffon.javafx.editors.RadialGradientPropertyEditorSpec" time="0.0"/>
  <testcase name="Invalid gradient format '1, 2, 3, 4, 5'" classname="griffon.javafx.editors.RadialGradientPropertyEditorSpec" time="0.0"/>
  <testcase name="Invalid gradient format '[1, 2, 3]'" classname="griffon.javafx.editors.RadialGradientPropertyEditorSpec" time="0.001"/>
  <testcase name="Invalid gradient format '[1, 2, 3, 4, 5]'" classname="griffon.javafx.editors.RadialGradientPropertyEditorSpec" time="0.0"/>
  <testcase name="Invalid gradient format '[fa:a]'" classname="griffon.javafx.editors.RadialGradientPropertyEditorSpec" time="0.0"/>
  <testcase name="Invalid gradient format '[java.lang.Object@2ad8f505]'" classname="griffon.javafx.editors.RadialGradientPropertyEditorSpec" time="0.0"/>
  <testcase name="Invalid gradient format '[fa:java.lang.Object@674a1df5]'" classname="griffon.javafx.editors.RadialGradientPropertyEditorSpec" time="0.0"/>
  <testcase name="Invalid gradient format 'java.lang.Object@58732df5'" classname="griffon.javafx.editors.RadialGradientPropertyEditorSpec" time="0.0"/>
  <system-out><![CDATA[]]></system-out>
  <system-err><![CDATA[]]></system-err>
</testsuite>
