<?xml version="1.0" encoding="UTF-8"?>
<testsuite name="griffon.javafx.editors.RadialGradientPropertyEditorSpec" tests="21" skipped="0" failures="0" errors="0" timestamp="2016-06-25T21:19:19" hostname="testing-gce-5863ef7f-eb76-4bd5-9515-b1347593a48c.c.eco-emissary-99515.internal" time="0.02">
  <properties/>
  <testcase name="RadialGradient format 'null' is supported" classname="griffon.javafx.editors.RadialGradientPropertyEditorSpec" time="0.002"/>
  <testcase name="RadialGradient format '' is supported" classname="griffon.javafx.editors.RadialGradientPropertyEditorSpec" time="0.0"/>
  <testcase name="RadialGradient format ' ' is supported" classname="griffon.javafx.editors.RadialGradientPropertyEditorSpec" time="0.0"/>
  <testcase name="RadialGradient format '[]' is supported" classname="griffon.javafx.editors.RadialGradientPropertyEditorSpec" time="0.0"/>
  <testcase name="RadialGradient format '[:]' is supported" classname="griffon.javafx.editors.RadialGradientPropertyEditorSpec" time="0.0"/>
  <testcase name="RadialGradient format '[1, 2, 3, 4, 5, false, [0x000000ff 0.0%, 0xffffffff 100.0%]]' is supported" classname="griffon.javafx.editors.RadialGradientPropertyEditorSpec" time="0.001"/>
  <testcase name="RadialGradient format '[1, 2, 3, 4, 5, false, [0x000000ff 0.0%, 0xffffffff 100.0%], REPEAT]' is supported" classname="griffon.javafx.editors.RadialGradientPropertyEditorSpec" time="0.001"/>
  <testcase name="RadialGradient format '[1, 2, 3, 4, 5, false, [0x000000ff 0.0%, 0xffffffff 100.0%], REPEAT]' is supported" classname="griffon.javafx.editors.RadialGradientPropertyEditorSpec" time="0.001"/>
  <testcase name="RadialGradient format '[fa:1, fd:2, cx:3, cy:4, r:5, stops:[0x000000ff 0.0%, 0xffffffff 100.0%]]' is supported" classname="griffon.javafx.editors.RadialGradientPropertyEditorSpec" time="0.001"/>
  <testcase name="RadialGradient format '[fa:1, fd:2, cx:3, cy:4, r:5, stops:[0x000000ff 0.0%, 0xffffffff 100.0%], cycle:REPEAT]' is supported" classname="griffon.javafx.editors.RadialGradientPropertyEditorSpec" time="0.0"/>
  <testcase name="RadialGradient format '[fa:1, fd:2, cx:3, cy:4, r:5, stops:[0x000000ff 0.0%, 0xffffffff 100.0%], cycle:REPEAT]' is supported" classname="griffon.javafx.editors.RadialGradientPropertyEditorSpec" time="0.0"/>
  <testcase name="RadialGradient format 'radial-gradient(focus-angle 1.0deg, focus-distance 200.0% , center 3.0px 4.0px, radius 5.0px, 0x000000ff 0.0%, 0xffffffff 100.0%)' is supported" classname="griffon.javafx.editors.RadialGradientPropertyEditorSpec" time="0.0"/>
  <testcase name="Invalid gradient format 'garbage'" classname="griffon.javafx.editors.RadialGradientPropertyEditorSpec" time="0.003"/>
  <testcase name="Invalid gradient format '1, 2, 3'" classname="griffon.javafx.editors.RadialGradientPropertyEditorSpec" time="0.001"/>
  <testcase name="Invalid gradient format '1, 2, 3, 4, 5'" classname="griffon.javafx.editors.RadialGradientPropertyEditorSpec" time="0.0"/>
  <testcase name="Invalid gradient format '[1, 2, 3]'" classname="griffon.javafx.editors.RadialGradientPropertyEditorSpec" time="0.001"/>
  <testcase name="Invalid gradient format '[1, 2, 3, 4, 5]'" classname="griffon.javafx.editors.RadialGradientPropertyEditorSpec" time="0.0"/>
  <testcase name="Invalid gradient format '[fa:a]'" classname="griffon.javafx.editors.RadialGradientPropertyEditorSpec" time="0.0"/>
  <testcase name="Invalid gradient format '[java.lang.Object@49d9b2d9]'" classname="griffon.javafx.editors.RadialGradientPropertyEditorSpec" time="0.0"/>
  <testcase name="Invalid gradient format '[fa:java.lang.Object@c63fabd]'" classname="griffon.javafx.editors.RadialGradientPropertyEditorSpec" time="0.0"/>
  <testcase name="Invalid gradient format 'java.lang.Object@6295430b'" classname="griffon.javafx.editors.RadialGradientPropertyEditorSpec" time="0.0"/>
  <system-out><![CDATA[]]></system-out>
  <system-err><![CDATA[]]></system-err>
</testsuite>
