<?xml version="1.0" encoding="UTF-8"?>
<testsuite name="griffon.javafx.editors.ColorPropertyEditorSpec" tests="48" skipped="0" failures="0" errors="0" timestamp="2016-06-27T14:58:20" hostname="testing-gce-760f23d3-72d5-4494-9435-3a673eeae758.c.travis-ci-prod-5.internal" time="0.059">
  <properties/>
  <testcase name="Color format 'null' should be equal to null" classname="griffon.javafx.editors.ColorPropertyEditorSpec" time="0.005"/>
  <testcase name="Color format '' should be equal to null" classname="griffon.javafx.editors.ColorPropertyEditorSpec" time="0.001"/>
  <testcase name="Color format ' ' should be equal to null" classname="griffon.javafx.editors.ColorPropertyEditorSpec" time="0.0"/>
  <testcase name="Color format '[]' should be equal to null" classname="griffon.javafx.editors.ColorPropertyEditorSpec" time="0.001"/>
  <testcase name="Color format '[:]' should be equal to null" classname="griffon.javafx.editors.ColorPropertyEditorSpec" time="0.0"/>
  <testcase name="Color format 'red' should be equal to 0xff0000ff" classname="griffon.javafx.editors.ColorPropertyEditorSpec" time="0.0"/>
  <testcase name="Color format 'RED' should be equal to 0xff0000ff" classname="griffon.javafx.editors.ColorPropertyEditorSpec" time="0.001"/>
  <testcase name="Color format '#F00' should be equal to 0xff0000ff" classname="griffon.javafx.editors.ColorPropertyEditorSpec" time="0.001"/>
  <testcase name="Color format '#F00F' should be equal to 0xff0000ff" classname="griffon.javafx.editors.ColorPropertyEditorSpec" time="0.0"/>
  <testcase name="Color format '#FF0000' should be equal to 0xff0000ff" classname="griffon.javafx.editors.ColorPropertyEditorSpec" time="0.002"/>
  <testcase name="Color format '#FF0000FF' should be equal to 0xff0000ff" classname="griffon.javafx.editors.ColorPropertyEditorSpec" time="0.007"/>
  <testcase name="Color format '[FF, 00, 00]' should be equal to 0xff0000ff" classname="griffon.javafx.editors.ColorPropertyEditorSpec" time="0.001"/>
  <testcase name="Color format '[FF, 00, 00, FF]' should be equal to 0xff0000ff" classname="griffon.javafx.editors.ColorPropertyEditorSpec" time="0.0"/>
  <testcase name="Color format '[1, 0, 0]' should be equal to 0xff0000ff" classname="griffon.javafx.editors.ColorPropertyEditorSpec" time="0.0"/>
  <testcase name="Color format '[1, 0, 0, 1]' should be equal to 0xff0000ff" classname="griffon.javafx.editors.ColorPropertyEditorSpec" time="0.001"/>
  <testcase name="Color format '[FF, 0, 0, FF]' should be equal to 0xff0000ff" classname="griffon.javafx.editors.ColorPropertyEditorSpec" time="0.001"/>
  <testcase name="Color format '1' should be equal to 0xffffffff" classname="griffon.javafx.editors.ColorPropertyEditorSpec" time="0.0"/>
  <testcase name="Color format '[red:1]' should be equal to 0xff0000ff" classname="griffon.javafx.editors.ColorPropertyEditorSpec" time="0.0"/>
  <testcase name="Color format '[red:FF]' should be equal to 0xff0000ff" classname="griffon.javafx.editors.ColorPropertyEditorSpec" time="0.001"/>
  <testcase name="Color format '[red:FF, green:0, blue:0]' should be equal to 0xff0000ff" classname="griffon.javafx.editors.ColorPropertyEditorSpec" time="0.0"/>
  <testcase name="Color format '[r:1]' should be equal to 0xff0000ff" classname="griffon.javafx.editors.ColorPropertyEditorSpec" time="0.0"/>
  <testcase name="Color format '[r:FF]' should be equal to 0xff0000ff" classname="griffon.javafx.editors.ColorPropertyEditorSpec" time="0.001"/>
  <testcase name="Color format '[r:FF, g:00, b:00]' should be equal to 0xff0000ff" classname="griffon.javafx.editors.ColorPropertyEditorSpec" time="0.0"/>
  <testcase name="Color format '[0.25, 0.5, 0.75, 1]' should be equal to 0x4080bfff" classname="griffon.javafx.editors.ColorPropertyEditorSpec" time="0.001"/>
  <testcase name="Color format '[r:0.25, g:0.5, b:0.75, a:1]' should be equal to 0x4080bfff" classname="griffon.javafx.editors.ColorPropertyEditorSpec" time="0.0"/>
  <testcase name="Color format '#4080BF' should be equal to 0x4080bfff" classname="griffon.javafx.editors.ColorPropertyEditorSpec" time="0.001"/>
  <testcase name="Color format '#4080BFFF' should be equal to 0x4080bfff" classname="griffon.javafx.editors.ColorPropertyEditorSpec" time="0.0"/>
  <testcase name="Color format '[40, 80, BF, FF]' should be equal to 0x4080bfff" classname="griffon.javafx.editors.ColorPropertyEditorSpec" time="0.001"/>
  <testcase name="Color format '[r:40, g:80, b:BF, a:FF]' should be equal to 0x4080bfff" classname="griffon.javafx.editors.ColorPropertyEditorSpec" time="0.0"/>
  <testcase name="Color format '0x4080bfff' should be equal to 0x4080bfff" classname="griffon.javafx.editors.ColorPropertyEditorSpec" time="0.0"/>
  <testcase name="Invalid color format 'garbage'" classname="griffon.javafx.editors.ColorPropertyEditorSpec" time="0.0"/>
  <testcase name="Invalid color format '[1]'" classname="griffon.javafx.editors.ColorPropertyEditorSpec" time="0.0"/>
  <testcase name="Invalid color format '[1, 2]'" classname="griffon.javafx.editors.ColorPropertyEditorSpec" time="0.001"/>
  <testcase name="Invalid color format '[1, 2, 3, 4, 5]'" classname="griffon.javafx.editors.ColorPropertyEditorSpec" time="0.0"/>
  <testcase name="Invalid color format 'F00'" classname="griffon.javafx.editors.ColorPropertyEditorSpec" time="0.0"/>
  <testcase name="Invalid color format '#F0'" classname="griffon.javafx.editors.ColorPropertyEditorSpec" time="0.001"/>
  <testcase name="Invalid color format '#FF0000FF00'" classname="griffon.javafx.editors.ColorPropertyEditorSpec" time="0.0"/>
  <testcase name="Invalid color format '[HH, FF, 00]'" classname="griffon.javafx.editors.ColorPropertyEditorSpec" time="0.001"/>
  <testcase name="Invalid color format '[java.lang.Object@4b541e92]'" classname="griffon.javafx.editors.ColorPropertyEditorSpec" time="0.0"/>
  <testcase name="Invalid color format '[java.lang.Object@1bec1011, java.lang.Object@10e28f62, java.lang.Object@7f9e3d04]'" classname="griffon.javafx.editors.ColorPropertyEditorSpec" time="0.0"/>
  <testcase name="Invalid color format '[r:java.lang.Object@14551ceb]'" classname="griffon.javafx.editors.ColorPropertyEditorSpec" time="0.0"/>
  <testcase name="Invalid color format 'java.lang.Object@6fc2eae8'" classname="griffon.javafx.editors.ColorPropertyEditorSpec" time="0.0"/>
  <testcase name="Formatted color 'null' with format null" classname="griffon.javafx.editors.ColorPropertyEditorSpec" time="0.001"/>
  <testcase name="Formatted color '#ff0000' with format null" classname="griffon.javafx.editors.ColorPropertyEditorSpec" time="0.001"/>
  <testcase name="Formatted color '#f00' with format #RGB" classname="griffon.javafx.editors.ColorPropertyEditorSpec" time="0.0"/>
  <testcase name="Formatted color '#f00f' with format #RGBA" classname="griffon.javafx.editors.ColorPropertyEditorSpec" time="0.001"/>
  <testcase name="Formatted color '#ff0000' with format #RRGGBB" classname="griffon.javafx.editors.ColorPropertyEditorSpec" time="0.0"/>
  <testcase name="Formatted color '#ff0000ff' with format #RRGGBBAA" classname="griffon.javafx.editors.ColorPropertyEditorSpec" time="0.0"/>
  <system-out><![CDATA[]]></system-out>
  <system-err><![CDATA[]]></system-err>
</testsuite>
