<?xml version="1.0" encoding="UTF-8"?>
<testsuite name="griffon.javafx.formatters.ColorFormatterSpec" tests="24" skipped="0" failures="0" errors="0" timestamp="2016-01-23T18:38:22" hostname="testing-gce-37c1816f-5fd0-4856-9889-221a9ca4dea0.c.eco-emissary-99515.internal" time="0.023">
  <properties/>
  <testcase name="Color 0xff0000ff with pattern #RGB produces literal #f00" classname="griffon.javafx.formatters.ColorFormatterSpec" time="0.009"/>
  <testcase name="Color 0xff0000ff with pattern #RGBA produces literal #f00f" classname="griffon.javafx.formatters.ColorFormatterSpec" time="0.0"/>
  <testcase name="Color 0xff0000ff with pattern #RRGGBB produces literal #ff0000" classname="griffon.javafx.formatters.ColorFormatterSpec" time="0.001"/>
  <testcase name="Color 0xff0000ff with pattern #RRGGBBAA produces literal #ff0000ff" classname="griffon.javafx.formatters.ColorFormatterSpec" time="0.0"/>
  <testcase name="Color 0xff0000ff with pattern null produces literal #ff0000" classname="griffon.javafx.formatters.ColorFormatterSpec" time="0.001"/>
  <testcase name="Color 0xff0000ff with pattern  produces literal #ff0000" classname="griffon.javafx.formatters.ColorFormatterSpec" time="0.0"/>
  <testcase name="Color null with pattern #RGB produces literal null" classname="griffon.javafx.formatters.ColorFormatterSpec" time="0.001"/>
  <testcase name="Color null with pattern #RGBA produces literal null" classname="griffon.javafx.formatters.ColorFormatterSpec" time="0.0"/>
  <testcase name="Color null with pattern #RRGGBB produces literal null" classname="griffon.javafx.formatters.ColorFormatterSpec" time="0.0"/>
  <testcase name="Color null with pattern #RRGGBBAA produces literal null" classname="griffon.javafx.formatters.ColorFormatterSpec" time="0.001"/>
  <testcase name="Color null with pattern null produces literal null" classname="griffon.javafx.formatters.ColorFormatterSpec" time="0.0"/>
  <testcase name="Parse error for pattern #RGB with literal f00" classname="griffon.javafx.formatters.ColorFormatterSpec" time="0.001"/>
  <testcase name="Parse error for pattern #RGB with literal #f00f" classname="griffon.javafx.formatters.ColorFormatterSpec" time="0.0"/>
  <testcase name="Parse error for pattern #RGBA with literal f00f" classname="griffon.javafx.formatters.ColorFormatterSpec" time="0.0"/>
  <testcase name="Parse error for pattern #RGBA with literal #f00f0" classname="griffon.javafx.formatters.ColorFormatterSpec" time="0.0"/>
  <testcase name="Parse error for pattern #RRGGBB with literal ff0000" classname="griffon.javafx.formatters.ColorFormatterSpec" time="0.0"/>
  <testcase name="Parse error for pattern #RRGGBB with literal #ff0000f" classname="griffon.javafx.formatters.ColorFormatterSpec" time="0.0"/>
  <testcase name="Parse error for pattern #RRGGBBAA with literal ff0000ff" classname="griffon.javafx.formatters.ColorFormatterSpec" time="0.001"/>
  <testcase name="Parse error for pattern #RRGGBBAA with literal #ff0000ff0" classname="griffon.javafx.formatters.ColorFormatterSpec" time="0.0"/>
  <testcase name="Illegal pattern #" classname="griffon.javafx.formatters.ColorFormatterSpec" time="0.001"/>
  <testcase name="Illegal pattern C" classname="griffon.javafx.formatters.ColorFormatterSpec" time="0.0"/>
  <testcase name="Illegal pattern M" classname="griffon.javafx.formatters.ColorFormatterSpec" time="0.0"/>
  <testcase name="Illegal pattern Y" classname="griffon.javafx.formatters.ColorFormatterSpec" time="0.0"/>
  <testcase name="Illegal pattern K" classname="griffon.javafx.formatters.ColorFormatterSpec" time="0.0"/>
  <system-out><![CDATA[]]></system-out>
  <system-err><![CDATA[]]></system-err>
</testsuite>
