<?xml version="1.0" encoding="UTF-8"?>
<testsuite name="sample.lanterna.java.SampleControllerTest" tests="2" skipped="0" failures="0" errors="0" timestamp="2015-08-07T18:35:16" hostname="testing-worker-linux-027f0490-1-16455-linux-3-74613050" time="2.169">
  <properties/>
  <testcase name="executeSayHelloActionWithInput" classname="sample.lanterna.java.SampleControllerTest" time="1.93"/>
  <testcase name="executeSayHelloActionWithNoInput" classname="sample.lanterna.java.SampleControllerTest" time="0.239"/>
  <system-out><![CDATA[]]></system-out>
  <system-err><![CDATA[[Test worker] INFO org.codehaus.griffon.runtime.core.DefaultApplicationBootstrapper - Griffon 2.4.0-SNAPSHOT
[Test worker] INFO org.codehaus.griffon.runtime.core.DefaultApplicationBootstrapper - Build: 2015-08-07T18:28:35.306+0000
[Test worker] INFO org.codehaus.griffon.runtime.core.DefaultApplicationBootstrapper - JVM: 1.8.0_51 (Oracle Corporation 25.51-b03)
[Test worker] INFO org.codehaus.griffon.runtime.core.DefaultApplicationBootstrapper - OS: Linux 2.6.32-042stab105.14 amd64
[Test worker] DEBUG org.codehaus.griffon.runtime.core.DefaultApplicationBootstrapper - Creating module bindings
[Test worker] DEBUG griffon.util.ServiceLoaderUtils - Reading definitions from file:/home/travis/build/griffon/griffon/samples/sample-lanterna-java/build/classes/main/META-INF/griffon
[Test worker] DEBUG griffon.util.AnnotationUtils - Current module order is [core, application, lanterna, testApplicationBootstrapper$InnerClasses, testApplicationBootstrapper$Fields]
[Test worker] TRACE griffon.util.AnnotationUtils - Processing module 'core'
[Test worker] TRACE griffon.util.AnnotationUtils -   depends on '[]'
[Test worker] TRACE griffon.util.AnnotationUtils -   adding module 'core', since all dependencies have been added
[Test worker] TRACE griffon.util.AnnotationUtils - Processing module 'application'
[Test worker] TRACE griffon.util.AnnotationUtils -   depends on '[]'
[Test worker] TRACE griffon.util.AnnotationUtils -   adding module 'application', since all dependencies have been added
[Test worker] TRACE griffon.util.AnnotationUtils - Processing module 'lanterna'
[Test worker] TRACE griffon.util.AnnotationUtils -   depends on '[]'
[Test worker] TRACE griffon.util.AnnotationUtils -   adding module 'lanterna', since all dependencies have been added
[Test worker] TRACE griffon.util.AnnotationUtils - Processing module 'testApplicationBootstrapper$InnerClasses'
[Test worker] TRACE griffon.util.AnnotationUtils -   depends on '[]'
[Test worker] TRACE griffon.util.AnnotationUtils -   adding module 'testApplicationBootstrapper$InnerClasses', since all dependencies have been added
[Test worker] TRACE griffon.util.AnnotationUtils - Processing module 'testApplicationBootstrapper$Fields'
[Test worker] TRACE griffon.util.AnnotationUtils -   depends on '[]'
[Test worker] TRACE griffon.util.AnnotationUtils -   adding module 'testApplicationBootstrapper$Fields', since all dependencies have been added
[Test worker] TRACE griffon.util.AnnotationUtils - module dependency ordering complete
[Test worker] DEBUG griffon.util.AnnotationUtils - computed module order is [core, application, lanterna, testApplicationBootstrapper$InnerClasses, testApplicationBootstrapper$Fields]
[Test worker] DEBUG org.codehaus.griffon.runtime.core.TestApplicationBootstrapper - computed Module order is [core, application, lanterna, testApplicationBootstrapper$InnerClasses, testApplicationBootstrapper$Fields]
[Test worker] DEBUG org.codehaus.griffon.runtime.core.DefaultApplicationBootstrapper - Loading module bindings from core:org.codehaus.griffon.runtime.core.DefaultApplicationModule@1e62b44d
[Test worker] DEBUG org.codehaus.griffon.runtime.core.DefaultApplicationBootstrapper - Loading module bindings from application:sample.lanterna.java.ApplicationModule@410ee9f7
[Test worker] DEBUG org.codehaus.griffon.runtime.core.DefaultApplicationBootstrapper - Loading module bindings from lanterna:org.codehaus.griffon.runtime.lanterna.LanternaModule@59b05367
[Test worker] DEBUG org.codehaus.griffon.runtime.core.DefaultApplicationBootstrapper - Loading module bindings from testApplicationBootstrapper$InnerClasses:org.codehaus.griffon.runtime.core.TestApplicationBootstrapper$InnerClassesModule@6eb5d949
[Test worker] DEBUG org.codehaus.griffon.runtime.core.DefaultApplicationBootstrapper - Loading module bindings from testApplicationBootstrapper$Fields:org.codehaus.griffon.runtime.core.TestApplicationBootstrapper$FieldsModule@657ec80e
[Test worker] TRACE org.codehaus.griffon.runtime.core.DefaultApplicationBootstrapper - InstanceBinding[source=griffon.core.GriffonApplication, instance=org.codehaus.griffon.runtime.core.DefaultGriffonApplication@6485a1de, singleton=true]
[Test worker] TRACE org.codehaus.griffon.runtime.core.DefaultApplicationBootstrapper - TargetBinding[source=sample.lanterna.java.SampleService, target=sample.lanterna.java.SampleService, singleton=true]
[Test worker] TRACE org.codehaus.griffon.runtime.core.DefaultApplicationBootstrapper - TargetBinding[source=sample.lanterna.java.SampleView, target=sample.lanterna.java.SampleView, singleton=false]
[Test worker] TRACE org.codehaus.griffon.runtime.core.DefaultApplicationBootstrapper - TargetBinding[source=sample.lanterna.java.SampleModel, target=sample.lanterna.java.SampleModel, singleton=false]
[Test worker] TRACE org.codehaus.griffon.runtime.core.DefaultApplicationBootstrapper - TargetBinding[source=sample.lanterna.java.SampleController, target=sample.lanterna.java.SampleController, singleton=false]
[Test worker] TRACE org.codehaus.griffon.runtime.core.DefaultApplicationBootstrapper - TargetBinding[source=griffon.core.ApplicationClassLoader, target=org.codehaus.griffon.runtime.core.DefaultApplicationClassLoader, singleton=true]
[Test worker] TRACE org.codehaus.griffon.runtime.core.DefaultApplicationBootstrapper - ProviderTypeBinding[source=griffon.core.env.Metadata, providerType=org.codehaus.griffon.runtime.core.env.MetadataProvider, singleton=true]
[Test worker] TRACE org.codehaus.griffon.runtime.core.DefaultApplicationBootstrapper - ProviderTypeBinding[source=griffon.core.env.RunMode, providerType=org.codehaus.griffon.runtime.core.env.RunModeProvider, singleton=true]
[Test worker] TRACE org.codehaus.griffon.runtime.core.DefaultApplicationBootstrapper - ProviderTypeBinding[source=griffon.core.env.Environment, providerType=org.codehaus.griffon.runtime.core.env.EnvironmentProvider, singleton=true]
[Test worker] TRACE org.codehaus.griffon.runtime.core.DefaultApplicationBootstrapper - TargetBinding[source=griffon.core.Context, classifier=@javax.inject.Named(value=applicationContext), target=org.codehaus.griffon.runtime.core.DefaultContext, singleton=true]
[Test worker] TRACE org.codehaus.griffon.runtime.core.DefaultApplicationBootstrapper - TargetBinding[source=griffon.core.ApplicationConfigurer, target=org.codehaus.griffon.runtime.core.DefaultApplicationConfigurer, singleton=true]
[Test worker] TRACE org.codehaus.griffon.runtime.core.DefaultApplicationBootstrapper - TargetBinding[source=griffon.core.resources.ResourceHandler, target=org.codehaus.griffon.runtime.core.resources.DefaultResourceHandler, singleton=true]
[Test worker] TRACE org.codehaus.griffon.runtime.core.DefaultApplicationBootstrapper - TargetBinding[source=griffon.util.CompositeResourceBundleBuilder, target=org.codehaus.griffon.runtime.util.DefaultCompositeResourceBundleBuilder, singleton=true]
[Test worker] TRACE org.codehaus.griffon.runtime.core.DefaultApplicationBootstrapper - ProviderBinding[source=java.util.ResourceBundle, classifier=@javax.inject.Named(value=applicationResourceBundle), provider=org.codehaus.griffon.runtime.util.ResourceBundleProvider@12efe477, singleton=true]
[Test worker] TRACE org.codehaus.griffon.runtime.core.DefaultApplicationBootstrapper - TargetBinding[source=griffon.core.Configuration, target=org.codehaus.griffon.runtime.core.DefaultConfiguration, singleton=true]
[Test worker] TRACE org.codehaus.griffon.runtime.core.DefaultApplicationBootstrapper - TargetBinding[source=griffon.core.ExecutorServiceManager, target=org.codehaus.griffon.runtime.core.DefaultExecutorServiceManager, singleton=true]
[Test worker] TRACE org.codehaus.griffon.runtime.core.DefaultApplicationBootstrapper - TargetBinding[source=griffon.core.event.EventRouter, classifier=@javax.inject.Named(value=applicationEventRouter), target=org.codehaus.griffon.runtime.core.event.DefaultEventRouter, singleton=true]
[Test worker] TRACE org.codehaus.griffon.runtime.core.DefaultApplicationBootstrapper - TargetBinding[source=griffon.core.event.EventRouter, target=org.codehaus.griffon.runtime.core.event.DefaultEventRouter, singleton=false]
[Test worker] TRACE org.codehaus.griffon.runtime.core.DefaultApplicationBootstrapper - ProviderBinding[source=griffon.core.resources.ResourceResolver, classifier=@javax.inject.Named(value=applicationResourceResolver), provider=org.codehaus.griffon.runtime.core.resources.ResourceResolverProvider@4d8461ff, singleton=true]
[Test worker] TRACE org.codehaus.griffon.runtime.core.DefaultApplicationBootstrapper - ProviderBinding[source=griffon.core.i18n.MessageSource, classifier=@javax.inject.Named(value=applicationMessageSource), provider=org.codehaus.griffon.runtime.core.i18n.MessageSourceProvider@38f78fdf, singleton=true]
[Test worker] TRACE org.codehaus.griffon.runtime.core.DefaultApplicationBootstrapper - TargetBinding[source=griffon.core.resources.ResourceInjector, classifier=@javax.inject.Named(value=applicationResourceInjector), target=org.codehaus.griffon.runtime.core.resources.DefaultApplicationResourceInjector, singleton=true]
[Test worker] TRACE org.codehaus.griffon.runtime.core.DefaultApplicationBootstrapper - ProviderTypeBinding[source=java.util.concurrent.ExecutorService, classifier=@javax.inject.Named(value=defaultExecutorService), providerType=org.codehaus.griffon.runtime.core.threading.DefaultExecutorServiceProvider, singleton=true]
[Test worker] TRACE org.codehaus.griffon.runtime.core.DefaultApplicationBootstrapper - TargetBinding[source=griffon.core.threading.UIThreadManager, target=org.codehaus.griffon.runtime.core.threading.DefaultUIThreadManager, singleton=true]
[Test worker] TRACE org.codehaus.griffon.runtime.core.DefaultApplicationBootstrapper - TargetBinding[source=griffon.core.mvc.MVCGroupManager, target=org.codehaus.griffon.runtime.core.mvc.DefaultMVCGroupManager, singleton=true]
[Test worker] TRACE org.codehaus.griffon.runtime.core.DefaultApplicationBootstrapper - ProviderBinding[source=griffon.core.LifecycleHandler, classifier=@javax.inject.Named(value=Initialize), provider=org.codehaus.griffon.runtime.core.LifecycleHandlerProvider@71b5524e, singleton=true]
[Test worker] TRACE org.codehaus.griffon.runtime.core.DefaultApplicationBootstrapper - ProviderBinding[source=griffon.core.LifecycleHandler, classifier=@javax.inject.Named(value=Startup), provider=org.codehaus.griffon.runtime.core.LifecycleHandlerProvider@1c94dc53, singleton=true]
[Test worker] TRACE org.codehaus.griffon.runtime.core.DefaultApplicationBootstrapper - ProviderBinding[source=griffon.core.LifecycleHandler, classifier=@javax.inject.Named(value=Ready), provider=org.codehaus.griffon.runtime.core.LifecycleHandlerProvider@72f1cda7, singleton=true]
[Test worker] TRACE org.codehaus.griffon.runtime.core.DefaultApplicationBootstrapper - ProviderBinding[source=griffon.core.LifecycleHandler, classifier=@javax.inject.Named(value=Shutdown), provider=org.codehaus.griffon.runtime.core.LifecycleHandlerProvider@76fc2d51, singleton=true]
[Test worker] TRACE org.codehaus.griffon.runtime.core.DefaultApplicationBootstrapper - ProviderBinding[source=griffon.core.LifecycleHandler, classifier=@javax.inject.Named(value=Stop), provider=org.codehaus.griffon.runtime.core.LifecycleHandlerProvider@2d8026e2, singleton=true]
[Test worker] TRACE org.codehaus.griffon.runtime.core.DefaultApplicationBootstrapper - TargetBinding[source=griffon.core.view.WindowManager, target=org.codehaus.griffon.runtime.lanterna.DefaultLanternaWindowManager, singleton=true]
[Test worker] TRACE org.codehaus.griffon.runtime.core.DefaultApplicationBootstrapper - TargetBinding[source=griffon.core.controller.ActionManager, target=org.codehaus.griffon.runtime.lanterna.controller.LanternaActionManager, singleton=true]
[Test worker] TRACE org.codehaus.griffon.runtime.core.DefaultApplicationBootstrapper - TargetBinding[source=griffon.core.artifact.ArtifactManager, target=org.codehaus.griffon.runtime.core.artifact.DefaultArtifactManager, singleton=true]
[Test worker] TRACE org.codehaus.griffon.runtime.core.DefaultApplicationBootstrapper - TargetBinding[source=griffon.core.artifact.ArtifactHandler, classifier=@griffon.inject.Typed(value=interface griffon.core.artifact.GriffonModel), target=org.codehaus.griffon.runtime.core.artifact.ModelArtifactHandler, singleton=true]
[Test worker] TRACE org.codehaus.griffon.runtime.core.DefaultApplicationBootstrapper - TargetBinding[source=griffon.core.artifact.ArtifactHandler, classifier=@griffon.inject.Typed(value=interface griffon.core.artifact.GriffonView), target=org.codehaus.griffon.runtime.core.artifact.ViewArtifactHandler, singleton=true]
[Test worker] TRACE org.codehaus.griffon.runtime.core.DefaultApplicationBootstrapper - TargetBinding[source=griffon.core.artifact.ArtifactHandler, classifier=@griffon.inject.Typed(value=interface griffon.core.artifact.GriffonController), target=org.codehaus.griffon.runtime.core.artifact.ControllerArtifactHandler, singleton=true]
[Test worker] TRACE org.codehaus.griffon.runtime.core.DefaultApplicationBootstrapper - TargetBinding[source=griffon.core.artifact.ArtifactHandler, classifier=@griffon.inject.Typed(value=interface griffon.core.artifact.GriffonService), target=org.codehaus.griffon.runtime.core.artifact.ServiceArtifactHandler, singleton=true]
[Test worker] TRACE org.codehaus.griffon.runtime.core.DefaultApplicationBootstrapper - ProviderTypeBinding[source=griffon.core.PlatformHandler, providerType=org.codehaus.griffon.runtime.core.PlatformHandlerProvider, singleton=true]
[Test worker] TRACE org.codehaus.griffon.runtime.core.DefaultApplicationBootstrapper - TargetBinding[source=griffon.core.addon.AddonManager, target=org.codehaus.griffon.runtime.core.addon.DefaultAddonManager, singleton=true]
[Test worker] TRACE org.codehaus.griffon.runtime.core.DefaultApplicationBootstrapper - TargetBinding[source=griffon.core.event.EventHandler, target=org.codehaus.griffon.runtime.core.event.DefaultEventHandler, singleton=true]
[Test worker] TRACE org.codehaus.griffon.runtime.core.DefaultApplicationBootstrapper - TargetBinding[source=griffon.core.GriffonExceptionHandler, target=griffon.core.GriffonExceptionHandler, singleton=true]
[Test worker] TRACE org.codehaus.griffon.runtime.core.DefaultApplicationBootstrapper - ProviderTypeBinding[source=com.googlecode.lanterna.gui.GUIScreen, providerType=org.codehaus.griffon.runtime.lanterna.GUIScreenProvider, singleton=true]
[Test worker] TRACE org.codehaus.griffon.runtime.core.DefaultApplicationBootstrapper - TargetBinding[source=griffon.lanterna.LanternaWindowDisplayHandler, classifier=@javax.inject.Named(value=defaultWindowDisplayHandler), target=org.codehaus.griffon.runtime.lanterna.DefaultLanternaWindowDisplayHandler, singleton=true]
[Test worker] TRACE org.codehaus.griffon.runtime.core.DefaultApplicationBootstrapper - TargetBinding[source=griffon.lanterna.LanternaWindowDisplayHandler, classifier=@javax.inject.Named(value=windowDisplayHandler), target=org.codehaus.griffon.runtime.lanterna.ConfigurableLanternaWindowDisplayHandler, singleton=true]
[Test worker] DEBUG org.codehaus.griffon.runtime.core.DefaultApplicationBootstrapper - Creating application injector
[Test worker] DEBUG org.codehaus.griffon.runtime.core.DefaultApplicationBootstrapper - Injector will be created by org.codehaus.griffon.runtime.injection.GuiceInjectorFactory@16538ff2
[Test worker] DEBUG griffon.util.AnnotationUtils - computed module order is []
[Test worker] TRACE griffon.util.CompositeResourceBundle - Searching key=application
[Test worker] TRACE griffon.util.CompositeResourceBundle - Bundle griffon.util.ExpandableResourceBundle@1989056f; key=application; value='{startupGroups=[sample], autoShutdown=true, title=Lanterna + Java}'
[Test worker] TRACE griffon.util.CompositeResourceBundle - Searching key=application.startupGroups
[Test worker] TRACE griffon.util.CompositeResourceBundle - Bundle griffon.util.ExpandableResourceBundle@1989056f; key=application.startupGroups; value='[sample]'
[Test worker] TRACE griffon.util.CompositeResourceBundle - Searching key=mvcGroups
[Test worker] TRACE griffon.util.CompositeResourceBundle - Bundle griffon.util.ExpandableResourceBundle@1989056f; key=mvcGroups; value='{sample={controller=sample.lanterna.java.SampleController, view=sample.lanterna.java.SampleView, model=sample.lanterna.java.SampleModel}}'
[Test worker] TRACE griffon.util.CompositeResourceBundle - Searching key=mvcGroups.sample.controller
[Test worker] TRACE griffon.util.CompositeResourceBundle - Bundle griffon.util.ExpandableResourceBundle@1989056f; key=mvcGroups.sample.controller; value='sample.lanterna.java.SampleController'
[Test worker] TRACE griffon.util.CompositeResourceBundle - Searching key=application.autoShutdown
[Test worker] TRACE griffon.util.CompositeResourceBundle - Bundle griffon.util.ExpandableResourceBundle@1989056f; key=application.autoShutdown; value='true'
[Test worker] TRACE griffon.util.CompositeResourceBundle - Searching key=mvcGroups.sample.view
[Test worker] TRACE griffon.util.CompositeResourceBundle - Bundle griffon.util.ExpandableResourceBundle@1989056f; key=mvcGroups.sample.view; value='sample.lanterna.java.SampleView'
[Test worker] TRACE griffon.util.CompositeResourceBundle - Searching key=application.title
[Test worker] TRACE griffon.util.CompositeResourceBundle - Bundle griffon.util.ExpandableResourceBundle@1989056f; key=application.title; value='Lanterna + Java'
[Test worker] TRACE griffon.util.CompositeResourceBundle - Searching key=mvcGroups.sample.model
[Test worker] TRACE griffon.util.CompositeResourceBundle - Bundle griffon.util.ExpandableResourceBundle@1989056f; key=mvcGroups.sample.model; value='sample.lanterna.java.SampleModel'
[Test worker] DEBUG org.codehaus.griffon.runtime.core.event.AbstractEventRouter - Adding listener org.codehaus.griffon.runtime.core.MVCGroupExceptionHandler on UncaughtMVCGroupConfigurationException
[Test worker] DEBUG org.codehaus.griffon.runtime.core.event.AbstractEventRouter - Adding listener org.codehaus.griffon.runtime.core.MVCGroupExceptionHandler on UncaughtMVCGroupInstantiationException
[Test worker] DEBUG org.codehaus.griffon.runtime.core.event.AbstractEventRouter - Triggering event 'BootstrapStart' synchronously
[Test worker] TRACE griffon.core.editors.PropertyEditorResolver - Searching PropertyEditor for java.lang.Boolean
[Test worker] TRACE griffon.core.editors.PropertyEditorResolver - PropertyEditor for java.lang.Boolean is org.apache.harmony.beans.editors.BooleanEditor
[Test worker] DEBUG org.codehaus.griffon.runtime.core.DefaultApplicationConfigurer - Registering org.apache.harmony.beans.editors.BooleanEditor as editor for boolean
[Test worker] TRACE griffon.core.editors.PropertyEditorResolver - Searching PropertyEditor for java.lang.Byte
[Test worker] TRACE griffon.core.editors.PropertyEditorResolver - PropertyEditor for java.lang.Byte is org.apache.harmony.beans.editors.ByteEditor
[Test worker] DEBUG org.codehaus.griffon.runtime.core.DefaultApplicationConfigurer - Registering org.apache.harmony.beans.editors.ByteEditor as editor for byte
[Test worker] TRACE griffon.core.editors.PropertyEditorResolver - Searching PropertyEditor for java.lang.Short
[Test worker] TRACE griffon.core.editors.PropertyEditorResolver - PropertyEditor for java.lang.Short is org.apache.harmony.beans.editors.ShortEditor
[Test worker] DEBUG org.codehaus.griffon.runtime.core.DefaultApplicationConfigurer - Registering org.apache.harmony.beans.editors.ShortEditor as editor for short
[Test worker] TRACE griffon.core.editors.PropertyEditorResolver - Searching PropertyEditor for java.lang.Integer
[Test worker] TRACE griffon.core.editors.PropertyEditorResolver - PropertyEditor for java.lang.Integer is griffon.core.editors.PropertyEditorResolver$NoopPropertyEditor
[Test worker] DEBUG org.codehaus.griffon.runtime.core.DefaultApplicationConfigurer - Registering griffon.core.editors.PropertyEditorResolver$NoopPropertyEditor as editor for int
[Test worker] TRACE griffon.core.editors.PropertyEditorResolver - Searching PropertyEditor for java.lang.Long
[Test worker] TRACE griffon.core.editors.PropertyEditorResolver - PropertyEditor for java.lang.Long is org.apache.harmony.beans.editors.LongEditor
[Test worker] DEBUG org.codehaus.griffon.runtime.core.DefaultApplicationConfigurer - Registering org.apache.harmony.beans.editors.LongEditor as editor for long
[Test worker] TRACE griffon.core.editors.PropertyEditorResolver - Searching PropertyEditor for java.lang.Float
[Test worker] TRACE griffon.core.editors.PropertyEditorResolver - PropertyEditor for java.lang.Float is org.apache.harmony.beans.editors.FloatEditor
[Test worker] DEBUG org.codehaus.griffon.runtime.core.DefaultApplicationConfigurer - Registering org.apache.harmony.beans.editors.FloatEditor as editor for float
[Test worker] TRACE griffon.core.editors.PropertyEditorResolver - Searching PropertyEditor for java.lang.Double
[Test worker] TRACE griffon.core.editors.PropertyEditorResolver - PropertyEditor for java.lang.Double is org.apache.harmony.beans.editors.DoubleEditor
[Test worker] DEBUG org.codehaus.griffon.runtime.core.DefaultApplicationConfigurer - Registering org.apache.harmony.beans.editors.DoubleEditor as editor for double
[Test worker] DEBUG org.codehaus.griffon.runtime.core.event.AbstractEventRouter - Adding listener org.codehaus.griffon.runtime.core.DefaultApplicationConfigurer$2 on NewInstance
[Test worker] TRACE griffon.util.CompositeResourceBundle - Searching key=application.lifecycle.handler.disable
[Test worker] TRACE griffon.util.CompositeResourceBundle - Searching key=application
[Test worker] TRACE griffon.util.CompositeResourceBundle - Bundle griffon.util.ExpandableResourceBundle@1989056f; key=application; value='{startupGroups=[sample], autoShutdown=true, title=Lanterna + Java}'
[Test worker] TRACE griffon.util.CompositeResourceBundle - Searching key=platform.handler.linux64
[Test worker] TRACE griffon.util.CompositeResourceBundle - Searching key=platform
[Test worker] DEBUG org.codehaus.griffon.runtime.core.PlatformHandlerProvider - Using org.codehaus.griffon.runtime.core.DefaultPlatformHandler as PlatformHandler
[Test worker] DEBUG org.codehaus.griffon.runtime.core.addon.AbstractAddonManager - Loading addons [START]
[Test worker] DEBUG griffon.util.AnnotationUtils - computed addon order is []
[Test worker] DEBUG org.codehaus.griffon.runtime.core.event.AbstractEventRouter - Triggering event 'LoadAddonsStart' synchronously
[Test worker] DEBUG org.codehaus.griffon.runtime.core.addon.AbstractAddonManager - Loading addons [END]
[Test worker] DEBUG org.codehaus.griffon.runtime.core.event.AbstractEventRouter - Triggering event 'LoadAddonsEnd' synchronously
[Test worker] TRACE griffon.util.CompositeResourceBundle - Searching key=mvcGroups
[Test worker] TRACE griffon.util.CompositeResourceBundle - Bundle griffon.util.ExpandableResourceBundle@1989056f; key=mvcGroups; value='{sample={controller=sample.lanterna.java.SampleController, view=sample.lanterna.java.SampleView, model=sample.lanterna.java.SampleModel}}'
[Test worker] DEBUG org.codehaus.griffon.runtime.core.DefaultApplicationConfigurer - Adding MVC group sample
[Test worker] DEBUG org.codehaus.griffon.runtime.core.event.AbstractEventRouter - Adding listener org.codehaus.griffon.runtime.core.DefaultApplicationConfigurer$3 on NewInstance
[Test worker] TRACE griffon.util.CompositeResourceBundle - Searching key=griffon.controller.action.handler.order
[Test worker] TRACE griffon.util.CompositeResourceBundle - Searching key=griffon
[Test worker] DEBUG griffon.util.AnnotationUtils - computed handler order is []
[Test worker] DEBUG org.codehaus.griffon.runtime.core.artifact.AbstractArtifactManager - Registering artifact handler for type 'model': org.codehaus.griffon.runtime.core.artifact.ModelArtifactHandler@621c5185
[Test worker] DEBUG org.codehaus.griffon.runtime.core.artifact.AbstractArtifactManager - Registering artifact handler for type 'view': org.codehaus.griffon.runtime.core.artifact.ViewArtifactHandler@5f52c006
[Test worker] DEBUG org.codehaus.griffon.runtime.core.artifact.AbstractArtifactManager - Registering artifact handler for type 'controller': org.codehaus.griffon.runtime.core.artifact.ControllerArtifactHandler@734af004
[Test worker] DEBUG org.codehaus.griffon.runtime.core.artifact.AbstractArtifactManager - Registering artifact handler for type 'service': org.codehaus.griffon.runtime.core.artifact.ServiceArtifactHandler@5b07f289
[Test worker] DEBUG griffon.util.ServiceLoaderUtils - Reading griffon.core.artifact.GriffonView definitions from file:/home/travis/build/griffon/griffon/samples/sample-lanterna-java/build/classes/main/META-INF/griffon/griffon.core.artifact.GriffonView
[Test worker] DEBUG griffon.util.ServiceLoaderUtils - Reading griffon.core.artifact.GriffonController definitions from file:/home/travis/build/griffon/griffon/samples/sample-lanterna-java/build/classes/main/META-INF/griffon/griffon.core.artifact.GriffonController
[Test worker] DEBUG griffon.util.ServiceLoaderUtils - Reading griffon.core.artifact.GriffonService definitions from file:/home/travis/build/griffon/griffon/samples/sample-lanterna-java/build/classes/main/META-INF/griffon/griffon.core.artifact.GriffonService
[Test worker] DEBUG griffon.util.ServiceLoaderUtils - Reading griffon.core.artifact.GriffonModel definitions from file:/home/travis/build/griffon/griffon/samples/sample-lanterna-java/build/classes/main/META-INF/griffon/griffon.core.artifact.GriffonModel
[Test worker] DEBUG org.codehaus.griffon.runtime.core.artifact.DefaultArtifactManager - Artifacts of type 'view' = 1
[Test worker] DEBUG org.codehaus.griffon.runtime.core.artifact.DefaultArtifactManager - Artifacts of type 'controller' = 1
[Test worker] DEBUG org.codehaus.griffon.runtime.core.artifact.DefaultArtifactManager - Artifacts of type 'service' = 1
[Test worker] DEBUG org.codehaus.griffon.runtime.core.artifact.DefaultArtifactManager - Artifacts of type 'model' = 1
[Test worker] DEBUG org.codehaus.griffon.runtime.core.event.AbstractEventRouter - Triggering event 'BootstrapEnd' synchronously
[Test worker] DEBUG org.codehaus.griffon.runtime.core.artifact.AbstractArtifactManager - Searching for griffonClass of sample.lanterna.java.SampleController
[Test worker] DEBUG org.codehaus.griffon.runtime.core.event.AbstractEventRouter - Triggering event 'NewInstance' synchronously
[Test worker] DEBUG org.codehaus.griffon.runtime.core.event.AbstractEventRouter - Triggering event 'NewInstance' synchronously
[Test worker] DEBUG org.codehaus.griffon.runtime.core.artifact.AbstractArtifactManager - Searching for griffonClass of sample.lanterna.java.SampleController
[Test worker] TRACE griffon.util.CompositeResourceBundle - Searching key=sample.lanterna.java.SampleController.action.SayHello.name
[Test worker] TRACE griffon.util.CompositeResourceBundle - Searching key=application.action.SayHello.name
[Test worker] TRACE org.codehaus.griffon.runtime.core.controller.AbstractActionManager - sample.lanterna.java.SampleController.action.SayHello.name = Say Hello
[Test worker] TRACE org.codehaus.griffon.runtime.core.controller.AbstractActionManager - Action for sample.lanterna.java.SampleController.sayHello stored as sayHello
[Test worker] DEBUG org.codehaus.griffon.runtime.core.artifact.AbstractArtifactManager - Searching for griffonClass of sample.lanterna.java.SampleModel
[Test worker] DEBUG org.codehaus.griffon.runtime.core.event.AbstractEventRouter - Triggering event 'NewInstance' synchronously
[Test worker] TRACE griffon.util.CompositeResourceBundle - Searching key=griffon.disable.threading.injection
[Test worker] TRACE griffon.util.CompositeResourceBundle - Searching key=griffon
[Test worker] TRACE griffon.util.CompositeResourceBundle - Searching key=controller.threading.default
[Test worker] TRACE griffon.util.CompositeResourceBundle - Searching key=controller
[Test worker] DEBUG org.codehaus.griffon.runtime.core.controller.AbstractActionManager - Executing sample.lanterna.java.SampleController.sayHello with policy OUTSIDE_UITHREAD
[Test worker] DEBUG org.codehaus.griffon.runtime.core.controller.AbstractActionManager - Executing 0 handlers for sample.lanterna.java.SampleController.sayHello
[Test worker] TRACE org.codehaus.griffon.runtime.core.controller.AbstractActionManager - Status before execution of sample.lanterna.java.SampleController.sayHello is OK
[Test worker] TRACE griffon.util.CompositeResourceBundle - Searching key=greeting.parameterized
[Test worker] TRACE griffon.util.CompositeResourceBundle - Bundle griffon.util.ExpandableResourceBundle@2bc156e1; key=greeting.parameterized; value='Hello {0}'
[Test worker] TRACE org.codehaus.griffon.runtime.core.controller.AbstractActionManager - Status after execution of sample.lanterna.java.SampleController.sayHello is OK
[Test worker] DEBUG org.codehaus.griffon.runtime.core.event.AbstractEventRouter - Triggering event 'ShutdownRequested' synchronously
[Test worker] INFO org.codehaus.griffon.runtime.core.DefaultGriffonApplication - Shutdown is in process
[Test worker] DEBUG org.codehaus.griffon.runtime.core.DefaultGriffonApplication - Shutdown stage 1: notify all event listeners
[Test worker] DEBUG org.codehaus.griffon.runtime.core.event.AbstractEventRouter - Adding listener org.codehaus.griffon.runtime.core.AbstractGriffonApplication$1 on ShutdownStart
[Test worker] DEBUG org.codehaus.griffon.runtime.core.event.AbstractEventRouter - Triggering event 'ShutdownStart' synchronously
[Test worker] DEBUG org.codehaus.griffon.runtime.core.DefaultGriffonApplication - Shutdown stage 2: notify all shutdown handlers
[Test worker] DEBUG org.codehaus.griffon.runtime.core.DefaultGriffonApplication - Shutdown stage 3: destroy all MVC groups
[Test worker] DEBUG org.codehaus.griffon.runtime.core.DefaultGriffonApplication - Shutdown stage 4: execute Shutdown script
[Test worker] TRACE griffon.util.CompositeResourceBundle - Searching key=application.lifecycle.handler.disable
[Test worker] TRACE griffon.util.CompositeResourceBundle - Searching key=application
[Test worker] TRACE griffon.util.CompositeResourceBundle - Bundle griffon.util.ExpandableResourceBundle@1989056f; key=application; value='{startupGroups=[sample], autoShutdown=true, title=Lanterna + Java}'
[Test worker] INFO org.codehaus.griffon.runtime.core.DefaultApplicationBootstrapper - Griffon 2.4.0-SNAPSHOT
[Test worker] INFO org.codehaus.griffon.runtime.core.DefaultApplicationBootstrapper - Build: 2015-08-07T18:28:35.306+0000
[Test worker] INFO org.codehaus.griffon.runtime.core.DefaultApplicationBootstrapper - JVM: 1.8.0_51 (Oracle Corporation 25.51-b03)
[Test worker] INFO org.codehaus.griffon.runtime.core.DefaultApplicationBootstrapper - OS: Linux 2.6.32-042stab105.14 amd64
[Test worker] DEBUG org.codehaus.griffon.runtime.core.DefaultApplicationBootstrapper - Creating module bindings
[Test worker] DEBUG griffon.util.ServiceLoaderUtils - Reading definitions from file:/home/travis/build/griffon/griffon/samples/sample-lanterna-java/build/classes/main/META-INF/griffon
[Test worker] DEBUG griffon.util.AnnotationUtils - Current module order is [core, application, lanterna, testApplicationBootstrapper$InnerClasses, testApplicationBootstrapper$Fields]
[Test worker] TRACE griffon.util.AnnotationUtils - Processing module 'core'
[Test worker] TRACE griffon.util.AnnotationUtils -   depends on '[]'
[Test worker] TRACE griffon.util.AnnotationUtils -   adding module 'core', since all dependencies have been added
[Test worker] TRACE griffon.util.AnnotationUtils - Processing module 'application'
[Test worker] TRACE griffon.util.AnnotationUtils -   depends on '[]'
[Test worker] TRACE griffon.util.AnnotationUtils -   adding module 'application', since all dependencies have been added
[Test worker] TRACE griffon.util.AnnotationUtils - Processing module 'lanterna'
[Test worker] TRACE griffon.util.AnnotationUtils -   depends on '[]'
[Test worker] TRACE griffon.util.AnnotationUtils -   adding module 'lanterna', since all dependencies have been added
[Test worker] TRACE griffon.util.AnnotationUtils - Processing module 'testApplicationBootstrapper$InnerClasses'
[Test worker] TRACE griffon.util.AnnotationUtils -   depends on '[]'
[Test worker] TRACE griffon.util.AnnotationUtils -   adding module 'testApplicationBootstrapper$InnerClasses', since all dependencies have been added
[Test worker] TRACE griffon.util.AnnotationUtils - Processing module 'testApplicationBootstrapper$Fields'
[Test worker] TRACE griffon.util.AnnotationUtils -   depends on '[]'
[Test worker] TRACE griffon.util.AnnotationUtils -   adding module 'testApplicationBootstrapper$Fields', since all dependencies have been added
[Test worker] TRACE griffon.util.AnnotationUtils - module dependency ordering complete
[Test worker] DEBUG griffon.util.AnnotationUtils - computed module order is [core, application, lanterna, testApplicationBootstrapper$InnerClasses, testApplicationBootstrapper$Fields]
[Test worker] DEBUG org.codehaus.griffon.runtime.core.TestApplicationBootstrapper - computed Module order is [core, application, lanterna, testApplicationBootstrapper$InnerClasses, testApplicationBootstrapper$Fields]
[Test worker] DEBUG org.codehaus.griffon.runtime.core.DefaultApplicationBootstrapper - Loading module bindings from core:org.codehaus.griffon.runtime.core.DefaultApplicationModule@6b32fa16
[Test worker] DEBUG org.codehaus.griffon.runtime.core.DefaultApplicationBootstrapper - Loading module bindings from application:sample.lanterna.java.ApplicationModule@5d7473ec
[Test worker] DEBUG org.codehaus.griffon.runtime.core.DefaultApplicationBootstrapper - Loading module bindings from lanterna:org.codehaus.griffon.runtime.lanterna.LanternaModule@66666102
[Test worker] DEBUG org.codehaus.griffon.runtime.core.DefaultApplicationBootstrapper - Loading module bindings from testApplicationBootstrapper$InnerClasses:org.codehaus.griffon.runtime.core.TestApplicationBootstrapper$InnerClassesModule@709ee4f8
[Test worker] DEBUG org.codehaus.griffon.runtime.core.DefaultApplicationBootstrapper - Loading module bindings from testApplicationBootstrapper$Fields:org.codehaus.griffon.runtime.core.TestApplicationBootstrapper$FieldsModule@c8052b7
[Test worker] TRACE org.codehaus.griffon.runtime.core.DefaultApplicationBootstrapper - InstanceBinding[source=griffon.core.GriffonApplication, instance=org.codehaus.griffon.runtime.core.DefaultGriffonApplication@201033c0, singleton=true]
[Test worker] TRACE org.codehaus.griffon.runtime.core.DefaultApplicationBootstrapper - TargetBinding[source=sample.lanterna.java.SampleService, target=sample.lanterna.java.SampleService, singleton=true]
[Test worker] TRACE org.codehaus.griffon.runtime.core.DefaultApplicationBootstrapper - TargetBinding[source=sample.lanterna.java.SampleView, target=sample.lanterna.java.SampleView, singleton=false]
[Test worker] TRACE org.codehaus.griffon.runtime.core.DefaultApplicationBootstrapper - TargetBinding[source=sample.lanterna.java.SampleModel, target=sample.lanterna.java.SampleModel, singleton=false]
[Test worker] TRACE org.codehaus.griffon.runtime.core.DefaultApplicationBootstrapper - TargetBinding[source=sample.lanterna.java.SampleController, target=sample.lanterna.java.SampleController, singleton=false]
[Test worker] TRACE org.codehaus.griffon.runtime.core.DefaultApplicationBootstrapper - TargetBinding[source=griffon.core.ApplicationClassLoader, target=org.codehaus.griffon.runtime.core.DefaultApplicationClassLoader, singleton=true]
[Test worker] TRACE org.codehaus.griffon.runtime.core.DefaultApplicationBootstrapper - ProviderTypeBinding[source=griffon.core.env.Metadata, providerType=org.codehaus.griffon.runtime.core.env.MetadataProvider, singleton=true]
[Test worker] TRACE org.codehaus.griffon.runtime.core.DefaultApplicationBootstrapper - ProviderTypeBinding[source=griffon.core.env.RunMode, providerType=org.codehaus.griffon.runtime.core.env.RunModeProvider, singleton=true]
[Test worker] TRACE org.codehaus.griffon.runtime.core.DefaultApplicationBootstrapper - ProviderTypeBinding[source=griffon.core.env.Environment, providerType=org.codehaus.griffon.runtime.core.env.EnvironmentProvider, singleton=true]
[Test worker] TRACE org.codehaus.griffon.runtime.core.DefaultApplicationBootstrapper - TargetBinding[source=griffon.core.Context, classifier=@javax.inject.Named(value=applicationContext), target=org.codehaus.griffon.runtime.core.DefaultContext, singleton=true]
[Test worker] TRACE org.codehaus.griffon.runtime.core.DefaultApplicationBootstrapper - TargetBinding[source=griffon.core.ApplicationConfigurer, target=org.codehaus.griffon.runtime.core.DefaultApplicationConfigurer, singleton=true]
[Test worker] TRACE org.codehaus.griffon.runtime.core.DefaultApplicationBootstrapper - TargetBinding[source=griffon.core.resources.ResourceHandler, target=org.codehaus.griffon.runtime.core.resources.DefaultResourceHandler, singleton=true]
[Test worker] TRACE org.codehaus.griffon.runtime.core.DefaultApplicationBootstrapper - TargetBinding[source=griffon.util.CompositeResourceBundleBuilder, target=org.codehaus.griffon.runtime.util.DefaultCompositeResourceBundleBuilder, singleton=true]
[Test worker] TRACE org.codehaus.griffon.runtime.core.DefaultApplicationBootstrapper - ProviderBinding[source=java.util.ResourceBundle, classifier=@javax.inject.Named(value=applicationResourceBundle), provider=org.codehaus.griffon.runtime.util.ResourceBundleProvider@2e0bd89f, singleton=true]
[Test worker] TRACE org.codehaus.griffon.runtime.core.DefaultApplicationBootstrapper - TargetBinding[source=griffon.core.Configuration, target=org.codehaus.griffon.runtime.core.DefaultConfiguration, singleton=true]
[Test worker] TRACE org.codehaus.griffon.runtime.core.DefaultApplicationBootstrapper - TargetBinding[source=griffon.core.ExecutorServiceManager, target=org.codehaus.griffon.runtime.core.DefaultExecutorServiceManager, singleton=true]
[Test worker] TRACE org.codehaus.griffon.runtime.core.DefaultApplicationBootstrapper - TargetBinding[source=griffon.core.event.EventRouter, classifier=@javax.inject.Named(value=applicationEventRouter), target=org.codehaus.griffon.runtime.core.event.DefaultEventRouter, singleton=true]
[Test worker] TRACE org.codehaus.griffon.runtime.core.DefaultApplicationBootstrapper - TargetBinding[source=griffon.core.event.EventRouter, target=org.codehaus.griffon.runtime.core.event.DefaultEventRouter, singleton=false]
[Test worker] TRACE org.codehaus.griffon.runtime.core.DefaultApplicationBootstrapper - ProviderBinding[source=griffon.core.resources.ResourceResolver, classifier=@javax.inject.Named(value=applicationResourceResolver), provider=org.codehaus.griffon.runtime.core.resources.ResourceResolverProvider@719feded, singleton=true]
[Test worker] TRACE org.codehaus.griffon.runtime.core.DefaultApplicationBootstrapper - ProviderBinding[source=griffon.core.i18n.MessageSource, classifier=@javax.inject.Named(value=applicationMessageSource), provider=org.codehaus.griffon.runtime.core.i18n.MessageSourceProvider@233468c5, singleton=true]
[Test worker] TRACE org.codehaus.griffon.runtime.core.DefaultApplicationBootstrapper - TargetBinding[source=griffon.core.resources.ResourceInjector, classifier=@javax.inject.Named(value=applicationResourceInjector), target=org.codehaus.griffon.runtime.core.resources.DefaultApplicationResourceInjector, singleton=true]
[Test worker] TRACE org.codehaus.griffon.runtime.core.DefaultApplicationBootstrapper - ProviderTypeBinding[source=java.util.concurrent.ExecutorService, classifier=@javax.inject.Named(value=defaultExecutorService), providerType=org.codehaus.griffon.runtime.core.threading.DefaultExecutorServiceProvider, singleton=true]
[Test worker] TRACE org.codehaus.griffon.runtime.core.DefaultApplicationBootstrapper - TargetBinding[source=griffon.core.threading.UIThreadManager, target=org.codehaus.griffon.runtime.core.threading.DefaultUIThreadManager, singleton=true]
[Test worker] TRACE org.codehaus.griffon.runtime.core.DefaultApplicationBootstrapper - TargetBinding[source=griffon.core.mvc.MVCGroupManager, target=org.codehaus.griffon.runtime.core.mvc.DefaultMVCGroupManager, singleton=true]
[Test worker] TRACE org.codehaus.griffon.runtime.core.DefaultApplicationBootstrapper - ProviderBinding[source=griffon.core.LifecycleHandler, classifier=@javax.inject.Named(value=Initialize), provider=org.codehaus.griffon.runtime.core.LifecycleHandlerProvider@29bc150, singleton=true]
[Test worker] TRACE org.codehaus.griffon.runtime.core.DefaultApplicationBootstrapper - ProviderBinding[source=griffon.core.LifecycleHandler, classifier=@javax.inject.Named(value=Startup), provider=org.codehaus.griffon.runtime.core.LifecycleHandlerProvider@72a43ebc, singleton=true]
[Test worker] TRACE org.codehaus.griffon.runtime.core.DefaultApplicationBootstrapper - ProviderBinding[source=griffon.core.LifecycleHandler, classifier=@javax.inject.Named(value=Ready), provider=org.codehaus.griffon.runtime.core.LifecycleHandlerProvider@7cda4580, singleton=true]
[Test worker] TRACE org.codehaus.griffon.runtime.core.DefaultApplicationBootstrapper - ProviderBinding[source=griffon.core.LifecycleHandler, classifier=@javax.inject.Named(value=Shutdown), provider=org.codehaus.griffon.runtime.core.LifecycleHandlerProvider@7ca8689e, singleton=true]
[Test worker] TRACE org.codehaus.griffon.runtime.core.DefaultApplicationBootstrapper - ProviderBinding[source=griffon.core.LifecycleHandler, classifier=@javax.inject.Named(value=Stop), provider=org.codehaus.griffon.runtime.core.LifecycleHandlerProvider@2065a71a, singleton=true]
[Test worker] TRACE org.codehaus.griffon.runtime.core.DefaultApplicationBootstrapper - TargetBinding[source=griffon.core.view.WindowManager, target=org.codehaus.griffon.runtime.lanterna.DefaultLanternaWindowManager, singleton=true]
[Test worker] TRACE org.codehaus.griffon.runtime.core.DefaultApplicationBootstrapper - TargetBinding[source=griffon.core.controller.ActionManager, target=org.codehaus.griffon.runtime.lanterna.controller.LanternaActionManager, singleton=true]
[Test worker] TRACE org.codehaus.griffon.runtime.core.DefaultApplicationBootstrapper - TargetBinding[source=griffon.core.artifact.ArtifactManager, target=org.codehaus.griffon.runtime.core.artifact.DefaultArtifactManager, singleton=true]
[Test worker] TRACE org.codehaus.griffon.runtime.core.DefaultApplicationBootstrapper - TargetBinding[source=griffon.core.artifact.ArtifactHandler, classifier=@griffon.inject.Typed(value=interface griffon.core.artifact.GriffonModel), target=org.codehaus.griffon.runtime.core.artifact.ModelArtifactHandler, singleton=true]
[Test worker] TRACE org.codehaus.griffon.runtime.core.DefaultApplicationBootstrapper - TargetBinding[source=griffon.core.artifact.ArtifactHandler, classifier=@griffon.inject.Typed(value=interface griffon.core.artifact.GriffonView), target=org.codehaus.griffon.runtime.core.artifact.ViewArtifactHandler, singleton=true]
[Test worker] TRACE org.codehaus.griffon.runtime.core.DefaultApplicationBootstrapper - TargetBinding[source=griffon.core.artifact.ArtifactHandler, classifier=@griffon.inject.Typed(value=interface griffon.core.artifact.GriffonController), target=org.codehaus.griffon.runtime.core.artifact.ControllerArtifactHandler, singleton=true]
[Test worker] TRACE org.codehaus.griffon.runtime.core.DefaultApplicationBootstrapper - TargetBinding[source=griffon.core.artifact.ArtifactHandler, classifier=@griffon.inject.Typed(value=interface griffon.core.artifact.GriffonService), target=org.codehaus.griffon.runtime.core.artifact.ServiceArtifactHandler, singleton=true]
[Test worker] TRACE org.codehaus.griffon.runtime.core.DefaultApplicationBootstrapper - ProviderTypeBinding[source=griffon.core.PlatformHandler, providerType=org.codehaus.griffon.runtime.core.PlatformHandlerProvider, singleton=true]
[Test worker] TRACE org.codehaus.griffon.runtime.core.DefaultApplicationBootstrapper - TargetBinding[source=griffon.core.addon.AddonManager, target=org.codehaus.griffon.runtime.core.addon.DefaultAddonManager, singleton=true]
[Test worker] TRACE org.codehaus.griffon.runtime.core.DefaultApplicationBootstrapper - TargetBinding[source=griffon.core.event.EventHandler, target=org.codehaus.griffon.runtime.core.event.DefaultEventHandler, singleton=true]
[Test worker] TRACE org.codehaus.griffon.runtime.core.DefaultApplicationBootstrapper - TargetBinding[source=griffon.core.GriffonExceptionHandler, target=griffon.core.GriffonExceptionHandler, singleton=true]
[Test worker] TRACE org.codehaus.griffon.runtime.core.DefaultApplicationBootstrapper - ProviderTypeBinding[source=com.googlecode.lanterna.gui.GUIScreen, providerType=org.codehaus.griffon.runtime.lanterna.GUIScreenProvider, singleton=true]
[Test worker] TRACE org.codehaus.griffon.runtime.core.DefaultApplicationBootstrapper - TargetBinding[source=griffon.lanterna.LanternaWindowDisplayHandler, classifier=@javax.inject.Named(value=defaultWindowDisplayHandler), target=org.codehaus.griffon.runtime.lanterna.DefaultLanternaWindowDisplayHandler, singleton=true]
[Test worker] TRACE org.codehaus.griffon.runtime.core.DefaultApplicationBootstrapper - TargetBinding[source=griffon.lanterna.LanternaWindowDisplayHandler, classifier=@javax.inject.Named(value=windowDisplayHandler), target=org.codehaus.griffon.runtime.lanterna.ConfigurableLanternaWindowDisplayHandler, singleton=true]
[Test worker] DEBUG org.codehaus.griffon.runtime.core.DefaultApplicationBootstrapper - Creating application injector
[Test worker] DEBUG org.codehaus.griffon.runtime.core.DefaultApplicationBootstrapper - Injector will be created by org.codehaus.griffon.runtime.injection.GuiceInjectorFactory@62ecfe6c
[Test worker] DEBUG griffon.util.AnnotationUtils - computed module order is []
[Test worker] TRACE griffon.util.CompositeResourceBundle - Searching key=application
[Test worker] TRACE griffon.util.CompositeResourceBundle - Bundle griffon.util.ExpandableResourceBundle@25e08ca2; key=application; value='{startupGroups=[sample], autoShutdown=true, title=Lanterna + Java}'
[Test worker] TRACE griffon.util.CompositeResourceBundle - Searching key=application.startupGroups
[Test worker] TRACE griffon.util.CompositeResourceBundle - Bundle griffon.util.ExpandableResourceBundle@25e08ca2; key=application.startupGroups; value='[sample]'
[Test worker] TRACE griffon.util.CompositeResourceBundle - Searching key=mvcGroups
[Test worker] TRACE griffon.util.CompositeResourceBundle - Bundle griffon.util.ExpandableResourceBundle@25e08ca2; key=mvcGroups; value='{sample={controller=sample.lanterna.java.SampleController, view=sample.lanterna.java.SampleView, model=sample.lanterna.java.SampleModel}}'
[Test worker] TRACE griffon.util.CompositeResourceBundle - Searching key=mvcGroups.sample.controller
[Test worker] TRACE griffon.util.CompositeResourceBundle - Bundle griffon.util.ExpandableResourceBundle@25e08ca2; key=mvcGroups.sample.controller; value='sample.lanterna.java.SampleController'
[Test worker] TRACE griffon.util.CompositeResourceBundle - Searching key=application.autoShutdown
[Test worker] TRACE griffon.util.CompositeResourceBundle - Bundle griffon.util.ExpandableResourceBundle@25e08ca2; key=application.autoShutdown; value='true'
[Test worker] TRACE griffon.util.CompositeResourceBundle - Searching key=mvcGroups.sample.view
[Test worker] TRACE griffon.util.CompositeResourceBundle - Bundle griffon.util.ExpandableResourceBundle@25e08ca2; key=mvcGroups.sample.view; value='sample.lanterna.java.SampleView'
[Test worker] TRACE griffon.util.CompositeResourceBundle - Searching key=application.title
[Test worker] TRACE griffon.util.CompositeResourceBundle - Bundle griffon.util.ExpandableResourceBundle@25e08ca2; key=application.title; value='Lanterna + Java'
[Test worker] TRACE griffon.util.CompositeResourceBundle - Searching key=mvcGroups.sample.model
[Test worker] TRACE griffon.util.CompositeResourceBundle - Bundle griffon.util.ExpandableResourceBundle@25e08ca2; key=mvcGroups.sample.model; value='sample.lanterna.java.SampleModel'
[Test worker] DEBUG org.codehaus.griffon.runtime.core.event.AbstractEventRouter - Adding listener org.codehaus.griffon.runtime.core.MVCGroupExceptionHandler on UncaughtMVCGroupConfigurationException
[Test worker] DEBUG org.codehaus.griffon.runtime.core.event.AbstractEventRouter - Adding listener org.codehaus.griffon.runtime.core.MVCGroupExceptionHandler on UncaughtMVCGroupInstantiationException
[Test worker] DEBUG org.codehaus.griffon.runtime.core.event.AbstractEventRouter - Triggering event 'BootstrapStart' synchronously
[Test worker] TRACE griffon.core.editors.PropertyEditorResolver - Searching PropertyEditor for java.lang.Boolean
[Test worker] TRACE griffon.core.editors.PropertyEditorResolver - PropertyEditor for java.lang.Boolean is org.apache.harmony.beans.editors.BooleanEditor
[Test worker] DEBUG org.codehaus.griffon.runtime.core.DefaultApplicationConfigurer - Registering org.apache.harmony.beans.editors.BooleanEditor as editor for boolean
[Test worker] TRACE griffon.core.editors.PropertyEditorResolver - Searching PropertyEditor for java.lang.Byte
[Test worker] TRACE griffon.core.editors.PropertyEditorResolver - PropertyEditor for java.lang.Byte is org.apache.harmony.beans.editors.ByteEditor
[Test worker] DEBUG org.codehaus.griffon.runtime.core.DefaultApplicationConfigurer - Registering org.apache.harmony.beans.editors.ByteEditor as editor for byte
[Test worker] TRACE griffon.core.editors.PropertyEditorResolver - Searching PropertyEditor for java.lang.Short
[Test worker] TRACE griffon.core.editors.PropertyEditorResolver - PropertyEditor for java.lang.Short is org.apache.harmony.beans.editors.ShortEditor
[Test worker] DEBUG org.codehaus.griffon.runtime.core.DefaultApplicationConfigurer - Registering org.apache.harmony.beans.editors.ShortEditor as editor for short
[Test worker] TRACE griffon.core.editors.PropertyEditorResolver - Searching PropertyEditor for java.lang.Integer
[Test worker] TRACE griffon.core.editors.PropertyEditorResolver - PropertyEditor for java.lang.Integer is griffon.core.editors.PropertyEditorResolver$NoopPropertyEditor
[Test worker] DEBUG org.codehaus.griffon.runtime.core.DefaultApplicationConfigurer - Registering griffon.core.editors.PropertyEditorResolver$NoopPropertyEditor as editor for int
[Test worker] TRACE griffon.core.editors.PropertyEditorResolver - Searching PropertyEditor for java.lang.Long
[Test worker] TRACE griffon.core.editors.PropertyEditorResolver - PropertyEditor for java.lang.Long is org.apache.harmony.beans.editors.LongEditor
[Test worker] DEBUG org.codehaus.griffon.runtime.core.DefaultApplicationConfigurer - Registering org.apache.harmony.beans.editors.LongEditor as editor for long
[Test worker] TRACE griffon.core.editors.PropertyEditorResolver - Searching PropertyEditor for java.lang.Float
[Test worker] TRACE griffon.core.editors.PropertyEditorResolver - PropertyEditor for java.lang.Float is org.apache.harmony.beans.editors.FloatEditor
[Test worker] DEBUG org.codehaus.griffon.runtime.core.DefaultApplicationConfigurer - Registering org.apache.harmony.beans.editors.FloatEditor as editor for float
[Test worker] TRACE griffon.core.editors.PropertyEditorResolver - Searching PropertyEditor for java.lang.Double
[Test worker] TRACE griffon.core.editors.PropertyEditorResolver - PropertyEditor for java.lang.Double is org.apache.harmony.beans.editors.DoubleEditor
[Test worker] DEBUG org.codehaus.griffon.runtime.core.DefaultApplicationConfigurer - Registering org.apache.harmony.beans.editors.DoubleEditor as editor for double
[Test worker] DEBUG org.codehaus.griffon.runtime.core.event.AbstractEventRouter - Adding listener org.codehaus.griffon.runtime.core.DefaultApplicationConfigurer$2 on NewInstance
[Test worker] TRACE griffon.util.CompositeResourceBundle - Searching key=application.lifecycle.handler.disable
[Test worker] TRACE griffon.util.CompositeResourceBundle - Searching key=application
[Test worker] TRACE griffon.util.CompositeResourceBundle - Bundle griffon.util.ExpandableResourceBundle@25e08ca2; key=application; value='{startupGroups=[sample], autoShutdown=true, title=Lanterna + Java}'
[Test worker] TRACE griffon.util.CompositeResourceBundle - Searching key=platform.handler.linux64
[Test worker] TRACE griffon.util.CompositeResourceBundle - Searching key=platform
[Test worker] DEBUG org.codehaus.griffon.runtime.core.PlatformHandlerProvider - Using org.codehaus.griffon.runtime.core.DefaultPlatformHandler as PlatformHandler
[Test worker] DEBUG org.codehaus.griffon.runtime.core.addon.AbstractAddonManager - Loading addons [START]
[Test worker] DEBUG griffon.util.AnnotationUtils - computed addon order is []
[Test worker] DEBUG org.codehaus.griffon.runtime.core.event.AbstractEventRouter - Triggering event 'LoadAddonsStart' synchronously
[Test worker] DEBUG org.codehaus.griffon.runtime.core.addon.AbstractAddonManager - Loading addons [END]
[Test worker] DEBUG org.codehaus.griffon.runtime.core.event.AbstractEventRouter - Triggering event 'LoadAddonsEnd' synchronously
[Test worker] TRACE griffon.util.CompositeResourceBundle - Searching key=mvcGroups
[Test worker] TRACE griffon.util.CompositeResourceBundle - Bundle griffon.util.ExpandableResourceBundle@25e08ca2; key=mvcGroups; value='{sample={controller=sample.lanterna.java.SampleController, view=sample.lanterna.java.SampleView, model=sample.lanterna.java.SampleModel}}'
[Test worker] DEBUG org.codehaus.griffon.runtime.core.DefaultApplicationConfigurer - Adding MVC group sample
[Test worker] DEBUG org.codehaus.griffon.runtime.core.event.AbstractEventRouter - Adding listener org.codehaus.griffon.runtime.core.DefaultApplicationConfigurer$3 on NewInstance
[Test worker] TRACE griffon.util.CompositeResourceBundle - Searching key=griffon.controller.action.handler.order
[Test worker] TRACE griffon.util.CompositeResourceBundle - Searching key=griffon
[Test worker] DEBUG griffon.util.AnnotationUtils - computed handler order is []
[Test worker] DEBUG org.codehaus.griffon.runtime.core.artifact.AbstractArtifactManager - Registering artifact handler for type 'model': org.codehaus.griffon.runtime.core.artifact.ModelArtifactHandler@5b114674
[Test worker] DEBUG org.codehaus.griffon.runtime.core.artifact.AbstractArtifactManager - Registering artifact handler for type 'view': org.codehaus.griffon.runtime.core.artifact.ViewArtifactHandler@2d32e2cd
[Test worker] DEBUG org.codehaus.griffon.runtime.core.artifact.AbstractArtifactManager - Registering artifact handler for type 'controller': org.codehaus.griffon.runtime.core.artifact.ControllerArtifactHandler@579d19c3
[Test worker] DEBUG org.codehaus.griffon.runtime.core.artifact.AbstractArtifactManager - Registering artifact handler for type 'service': org.codehaus.griffon.runtime.core.artifact.ServiceArtifactHandler@64257f10
[Test worker] DEBUG griffon.util.ServiceLoaderUtils - Reading griffon.core.artifact.GriffonView definitions from file:/home/travis/build/griffon/griffon/samples/sample-lanterna-java/build/classes/main/META-INF/griffon/griffon.core.artifact.GriffonView
[Test worker] DEBUG griffon.util.ServiceLoaderUtils - Reading griffon.core.artifact.GriffonController definitions from file:/home/travis/build/griffon/griffon/samples/sample-lanterna-java/build/classes/main/META-INF/griffon/griffon.core.artifact.GriffonController
[Test worker] DEBUG griffon.util.ServiceLoaderUtils - Reading griffon.core.artifact.GriffonService definitions from file:/home/travis/build/griffon/griffon/samples/sample-lanterna-java/build/classes/main/META-INF/griffon/griffon.core.artifact.GriffonService
[Test worker] DEBUG griffon.util.ServiceLoaderUtils - Reading griffon.core.artifact.GriffonModel definitions from file:/home/travis/build/griffon/griffon/samples/sample-lanterna-java/build/classes/main/META-INF/griffon/griffon.core.artifact.GriffonModel
[Test worker] DEBUG org.codehaus.griffon.runtime.core.artifact.DefaultArtifactManager - Artifacts of type 'view' = 1
[Test worker] DEBUG org.codehaus.griffon.runtime.core.artifact.DefaultArtifactManager - Artifacts of type 'controller' = 1
[Test worker] DEBUG org.codehaus.griffon.runtime.core.artifact.DefaultArtifactManager - Artifacts of type 'service' = 1
[Test worker] DEBUG org.codehaus.griffon.runtime.core.artifact.DefaultArtifactManager - Artifacts of type 'model' = 1
[Test worker] DEBUG org.codehaus.griffon.runtime.core.event.AbstractEventRouter - Triggering event 'BootstrapEnd' synchronously
[Test worker] DEBUG org.codehaus.griffon.runtime.core.artifact.AbstractArtifactManager - Searching for griffonClass of sample.lanterna.java.SampleController
[Test worker] DEBUG org.codehaus.griffon.runtime.core.event.AbstractEventRouter - Triggering event 'NewInstance' synchronously
[Test worker] DEBUG org.codehaus.griffon.runtime.core.event.AbstractEventRouter - Triggering event 'NewInstance' synchronously
[Test worker] DEBUG org.codehaus.griffon.runtime.core.artifact.AbstractArtifactManager - Searching for griffonClass of sample.lanterna.java.SampleController
[Test worker] TRACE griffon.util.CompositeResourceBundle - Searching key=sample.lanterna.java.SampleController.action.SayHello.name
[Test worker] TRACE griffon.util.CompositeResourceBundle - Searching key=application.action.SayHello.name
[Test worker] TRACE org.codehaus.griffon.runtime.core.controller.AbstractActionManager - sample.lanterna.java.SampleController.action.SayHello.name = Say Hello
[Test worker] TRACE org.codehaus.griffon.runtime.core.controller.AbstractActionManager - Action for sample.lanterna.java.SampleController.sayHello stored as sayHello
[Test worker] DEBUG org.codehaus.griffon.runtime.core.artifact.AbstractArtifactManager - Searching for griffonClass of sample.lanterna.java.SampleModel
[Test worker] DEBUG org.codehaus.griffon.runtime.core.event.AbstractEventRouter - Triggering event 'NewInstance' synchronously
[Test worker] TRACE griffon.util.CompositeResourceBundle - Searching key=griffon.disable.threading.injection
[Test worker] TRACE griffon.util.CompositeResourceBundle - Searching key=griffon
[Test worker] TRACE griffon.util.CompositeResourceBundle - Searching key=controller.threading.default
[Test worker] TRACE griffon.util.CompositeResourceBundle - Searching key=controller
[Test worker] DEBUG org.codehaus.griffon.runtime.core.controller.AbstractActionManager - Executing sample.lanterna.java.SampleController.sayHello with policy OUTSIDE_UITHREAD
[Test worker] DEBUG org.codehaus.griffon.runtime.core.controller.AbstractActionManager - Executing 0 handlers for sample.lanterna.java.SampleController.sayHello
[Test worker] TRACE org.codehaus.griffon.runtime.core.controller.AbstractActionManager - Status before execution of sample.lanterna.java.SampleController.sayHello is OK
[Test worker] TRACE griffon.util.CompositeResourceBundle - Searching key=greeting.default
[Test worker] TRACE griffon.util.CompositeResourceBundle - Bundle griffon.util.ExpandableResourceBundle@66c5ecb4; key=greeting.default; value='Howdy stranger!'
[Test worker] TRACE org.codehaus.griffon.runtime.core.controller.AbstractActionManager - Status after execution of sample.lanterna.java.SampleController.sayHello is OK
[Test worker] DEBUG org.codehaus.griffon.runtime.core.event.AbstractEventRouter - Triggering event 'ShutdownRequested' synchronously
[Test worker] INFO org.codehaus.griffon.runtime.core.DefaultGriffonApplication - Shutdown is in process
[Test worker] DEBUG org.codehaus.griffon.runtime.core.DefaultGriffonApplication - Shutdown stage 1: notify all event listeners
[Test worker] DEBUG org.codehaus.griffon.runtime.core.event.AbstractEventRouter - Adding listener org.codehaus.griffon.runtime.core.AbstractGriffonApplication$1 on ShutdownStart
[Test worker] DEBUG org.codehaus.griffon.runtime.core.event.AbstractEventRouter - Triggering event 'ShutdownStart' synchronously
[Test worker] DEBUG org.codehaus.griffon.runtime.core.DefaultGriffonApplication - Shutdown stage 2: notify all shutdown handlers
[Test worker] DEBUG org.codehaus.griffon.runtime.core.DefaultGriffonApplication - Shutdown stage 3: destroy all MVC groups
[Test worker] DEBUG org.codehaus.griffon.runtime.core.DefaultGriffonApplication - Shutdown stage 4: execute Shutdown script
[Test worker] TRACE griffon.util.CompositeResourceBundle - Searching key=application.lifecycle.handler.disable
[Test worker] TRACE griffon.util.CompositeResourceBundle - Searching key=application
[Test worker] TRACE griffon.util.CompositeResourceBundle - Bundle griffon.util.ExpandableResourceBundle@25e08ca2; key=application; value='{startupGroups=[sample], autoShutdown=true, title=Lanterna + Java}'
]]></system-err>
</testsuite>
