<?xml version="1.0" encoding="UTF-8"?>
<testsuite name="org.codehaus.griffon.gradle.tasks.GenerateBomTaskTest" tests="1" skipped="0" failures="0" errors="0" timestamp="2015-02-06T21:07:53" hostname="testing-worker-linux-e7a62211-2-21338-linux-19-49793560" time="6.74">
  <properties/>
  <testcase name="GenerateBomTask creates a BOM" classname="org.codehaus.griffon.gradle.tasks.GenerateBomTaskTest" time="6.74"/>
  <system-out><![CDATA[21:07:58.429 [Test worker] DEBUG o.g.a.i.a.m.DefaultLocalMavenRepositoryLocator - No local repository in Settings file defined. Using default path: /home/travis/.m2/repository
]]></system-out>
  <system-err><![CDATA[SLF4J: Class path contains multiple SLF4J bindings.
SLF4J: Found binding in [jar:file:/home/travis/.gradle/wrapper/dists/gradle-2.1-bin/2pk0g2l49n2sbne636fhtlet6a/gradle-2.1/lib/logback-classic-1.0.13.jar!/org/slf4j/impl/StaticLoggerBinder.class]
SLF4J: Found binding in [jar:file:/home/travis/.gradle/caches/modules-2/files-2.1/org.slf4j/slf4j-simple/1.7.10/5b0027a74461a877acb12602ac141da9161304dd/slf4j-simple-1.7.10.jar!/org/slf4j/impl/StaticLoggerBinder.class]
SLF4J: See http://www.slf4j.org/codes.html#multiple_bindings for an explanation.
SLF4J: Actual binding is of type [ch.qos.logback.classic.util.ContextSelectorStaticBinder]
]]></system-err>
</testsuite>
