<?xml version="1.0" encoding="UTF-8"?>
<testsuite name="DummySpec" tests="1" skipped="0" failures="0" errors="0" timestamp="2015-01-14T10:57:35" hostname="testing-worker-linux-10-1-12814-linux-10-46968791" time="0.11">
  <properties/>
  <testcase name="Dummy spec" classname="DummySpec" time="0.11"/>
  <system-out><![CDATA[]]></system-out>
  <system-err><![CDATA[]]></system-err>
</testsuite>
