<?xml version="1.0" encoding="UTF-8"?>
<testsuite name="DummySpec" tests="1" skipped="0" failures="0" errors="0" timestamp="2015-09-14T11:19:27" hostname="testing-worker-linux-da6418d7-2-525-linux-14-80218693" time="0.105">
  <properties/>
  <testcase name="Dummy spec" classname="DummySpec" time="0.105"/>
  <system-out><![CDATA[]]></system-out>
  <system-err><![CDATA[]]></system-err>
</testsuite>
