<?xml version="1.0" encoding="UTF-8"?>
<testsuite name="DummySpec" tests="1" skipped="0" failures="0" errors="0" timestamp="2015-06-08T21:58:42" hostname="testing-worker-linux-c55820f2-2-32762-linux-4-65962893" time="0.203">
  <properties/>
  <testcase name="Dummy spec" classname="DummySpec" time="0.203"/>
  <system-out><![CDATA[]]></system-out>
  <system-err><![CDATA[]]></system-err>
</testsuite>
