<?xml version="1.0" encoding="UTF-8"?>
<testsuite name="DummySpec" tests="1" skipped="0" failures="0" errors="0" timestamp="2015-01-09T11:16:00" hostname="testing-worker-linux-10-2-12868-linux-1-46429692" time="0.173">
  <properties/>
  <testcase name="Dummy spec" classname="DummySpec" time="0.173"/>
  <system-out><![CDATA[]]></system-out>
  <system-err><![CDATA[]]></system-err>
</testsuite>
