<?xml version="1.0" encoding="UTF-8"?>
<testsuite name="DummySpec" tests="1" skipped="0" failures="0" errors="0" timestamp="2015-10-25T18:30:34" hostname="testing-worker-linux-968a87ce-2-528-linux-6-87339777" time="0.121">
  <properties/>
  <testcase name="Dummy spec" classname="DummySpec" time="0.121"/>
  <system-out><![CDATA[]]></system-out>
  <system-err><![CDATA[]]></system-err>
</testsuite>
