<?xml version="1.0" encoding="UTF-8"?>
<testsuite name="DummySpec" tests="1" skipped="0" failures="0" errors="0" timestamp="2014-10-19T20:01:26" hostname="testing-worker-linux-8-1-31256-linux-6-38434606" time="0.141">
  <properties/>
  <testcase name="Dummy spec" classname="DummySpec" time="0.141"/>
  <system-out><![CDATA[]]></system-out>
  <system-err><![CDATA[]]></system-err>
</testsuite>
