<?xml version="1.0" encoding="UTF-8"?>
<testsuite name="DummySpec" tests="1" skipped="0" failures="0" errors="0" timestamp="2014-12-18T03:26:22" hostname="testing-worker-linux-9-1-24821-linux-12-44411655" time="0.136">
  <properties/>
  <testcase name="Dummy spec" classname="DummySpec" time="0.136"/>
  <system-out><![CDATA[]]></system-out>
  <system-err><![CDATA[]]></system-err>
</testsuite>
