<?xml version="1.0" encoding="UTF-8"?>
<testsuite name="DummySpec" tests="1" skipped="0" failures="0" errors="0" timestamp="2014-11-27T10:31:53" hostname="testing-worker-linux-3-2-26680-linux-18-42290416" time="0.104">
  <properties/>
  <testcase name="Dummy spec" classname="DummySpec" time="0.104"/>
  <system-out><![CDATA[]]></system-out>
  <system-err><![CDATA[]]></system-err>
</testsuite>
