<?xml version="1.0" encoding="UTF-8"?>
<testsuite name="DummySpec" tests="1" skipped="0" failures="0" errors="0" timestamp="2015-09-14T07:50:57" hostname="testing-worker-linux-a01deac5-1-519-linux-13-80191794" time="0.109">
  <properties/>
  <testcase name="Dummy spec" classname="DummySpec" time="0.109"/>
  <system-out><![CDATA[]]></system-out>
  <system-err><![CDATA[]]></system-err>
</testsuite>
