<?xml version="1.0" encoding="UTF-8"?>
<testsuite name="DummySpec" tests="1" skipped="0" failures="0" errors="0" timestamp="2014-11-26T21:13:21" hostname="testing-worker-linux-11-1-31431-linux-5-42240409" time="0.168">
  <properties/>
  <testcase name="Dummy spec" classname="DummySpec" time="0.168"/>
  <system-out><![CDATA[]]></system-out>
  <system-err><![CDATA[]]></system-err>
</testsuite>
