<?xml version="1.0" encoding="UTF-8"?>
<testsuite name="DummySpec" tests="1" skipped="0" failures="0" errors="0" timestamp="2014-12-24T21:44:27" hostname="testing-worker-linux-7-2-28411-linux-13-45058067" time="0.141">
  <properties/>
  <testcase name="Dummy spec" classname="DummySpec" time="0.141"/>
  <system-out><![CDATA[]]></system-out>
  <system-err><![CDATA[]]></system-err>
</testsuite>
