<?xml version="1.0" encoding="UTF-8"?>
<testsuite name="DummySpec" tests="1" skipped="0" failures="0" errors="0" timestamp="2014-11-25T10:49:49" hostname="testing-worker-linux-5-1-26543-linux-13-42062651" time="0.186">
  <properties/>
  <testcase name="Dummy spec" classname="DummySpec" time="0.186"/>
  <system-out><![CDATA[]]></system-out>
  <system-err><![CDATA[]]></system-err>
</testsuite>
