<?xml version="1.0" encoding="UTF-8"?>
<testsuite name="DummySpec" tests="1" skipped="0" failures="0" errors="0" timestamp="2015-04-29T06:56:00" hostname="testing-worker-linux-85ee80ed-1-23979-linux-8-60492280" time="0.155">
  <properties/>
  <testcase name="Dummy spec" classname="DummySpec" time="0.155"/>
  <system-out><![CDATA[]]></system-out>
  <system-err><![CDATA[]]></system-err>
</testsuite>
