<?xml version="1.0" encoding="UTF-8"?>
<testsuite name="DummySpec" tests="1" skipped="0" failures="0" errors="0" timestamp="2015-07-02T19:38:54" hostname="testing-worker-linux-c55820f2-1-27944-linux-1-69341592" time="0.196">
  <properties/>
  <testcase name="Dummy spec" classname="DummySpec" time="0.196"/>
  <system-out><![CDATA[]]></system-out>
  <system-err><![CDATA[]]></system-err>
</testsuite>
