<?xml version="1.0" encoding="UTF-8"?>
<testsuite name="DummySpec" tests="1" skipped="0" failures="0" errors="0" timestamp="2015-01-28T22:38:53" hostname="testing-worker-linux-c55820f2-2-8816-linux-11-48689878" time="0.143">
  <properties/>
  <testcase name="Dummy spec" classname="DummySpec" time="0.143"/>
  <system-out><![CDATA[]]></system-out>
  <system-err><![CDATA[]]></system-err>
</testsuite>
