<?xml version="1.0" encoding="UTF-8"?>
<testsuite name="DummySpec" tests="1" skipped="0" failures="0" errors="0" timestamp="2015-09-15T15:14:41" hostname="testing-worker-linux-968a87ce-1-18796-linux-4-80451863" time="0.105">
  <properties/>
  <testcase name="Dummy spec" classname="DummySpec" time="0.105"/>
  <system-out><![CDATA[]]></system-out>
  <system-err><![CDATA[]]></system-err>
</testsuite>
