<?xml version="1.0" encoding="UTF-8"?>
<testsuite name="DummySpec" tests="1" skipped="0" failures="0" errors="0" timestamp="2015-09-22T19:24:40" hostname="testing-worker-linux-da6418d7-1-5175-linux-12-81649721" time="0.124">
  <properties/>
  <testcase name="Dummy spec" classname="DummySpec" time="0.124"/>
  <system-out><![CDATA[]]></system-out>
  <system-err><![CDATA[]]></system-err>
</testsuite>
