<?xml version="1.0" encoding="UTF-8"?>
<testsuite name="DummySpec" tests="1" skipped="0" failures="0" errors="0" timestamp="2015-06-03T17:20:25" hostname="testing-worker-linux-f25aadab-2-32112-linux-13-65277949" time="0.165">
  <properties/>
  <testcase name="Dummy spec" classname="DummySpec" time="0.165"/>
  <system-out><![CDATA[]]></system-out>
  <system-err><![CDATA[]]></system-err>
</testsuite>
