<?xml version="1.0" encoding="UTF-8"?>
<testsuite name="DummySpec" tests="1" skipped="0" failures="0" errors="0" timestamp="2015-06-09T11:34:23" hostname="testing-worker-linux-da6418d7-1-25571-linux-12-66033561" time="0.129">
  <properties/>
  <testcase name="Dummy spec" classname="DummySpec" time="0.129"/>
  <system-out><![CDATA[]]></system-out>
  <system-err><![CDATA[]]></system-err>
</testsuite>
