<?xml version="1.0" encoding="UTF-8"?>
<testsuite name="DummySpec" tests="1" skipped="0" failures="0" errors="0" timestamp="2015-06-08T20:34:45" hostname="testing-worker-linux-77796cae-2-8724-linux-7-65950558" time="0.118">
  <properties/>
  <testcase name="Dummy spec" classname="DummySpec" time="0.118"/>
  <system-out><![CDATA[]]></system-out>
  <system-err><![CDATA[]]></system-err>
</testsuite>
