<?xml version="1.0" encoding="UTF-8"?>
<testsuite name="DummySpec" tests="1" skipped="0" failures="0" errors="0" timestamp="2014-12-08T22:25:08" hostname="testing-worker-linux-10-2-13412-linux-21-43400609" time="0.211">
  <properties/>
  <testcase name="Dummy spec" classname="DummySpec" time="0.211"/>
  <system-out><![CDATA[]]></system-out>
  <system-err><![CDATA[]]></system-err>
</testsuite>
