<?xml version="1.0" encoding="UTF-8"?>
<testsuite name="DummySpec" tests="1" skipped="0" failures="0" errors="0" timestamp="2014-09-22T07:56:37" hostname="testing-worker-linux-11-2-1953-linux-7-35912653" time="0.119">
  <properties/>
  <testcase name="Dummy spec" classname="DummySpec" time="0.119"/>
  <system-out><![CDATA[]]></system-out>
  <system-err><![CDATA[]]></system-err>
</testsuite>
