<?xml version="1.0" encoding="UTF-8"?>
<testsuite name="DummySpec" tests="1" skipped="0" failures="0" errors="0" timestamp="2014-11-29T16:38:58" hostname="testing-worker-linux-2-2-10303-linux-4-42484125" time="0.132">
  <properties/>
  <testcase name="Dummy spec" classname="DummySpec" time="0.132"/>
  <system-out><![CDATA[]]></system-out>
  <system-err><![CDATA[]]></system-err>
</testsuite>
