<?xml version="1.0" encoding="UTF-8"?>
<testsuite name="DummySpec" tests="1" skipped="0" failures="0" errors="0" timestamp="2015-02-19T15:56:57" hostname="testing-worker-linux-bb3654bb-2-23066-linux-19-51390683" time="0.106">
  <properties/>
  <testcase name="Dummy spec" classname="DummySpec" time="0.106"/>
  <system-out><![CDATA[]]></system-out>
  <system-err><![CDATA[]]></system-err>
</testsuite>
