<?xml version="1.0" encoding="UTF-8"?>
<testsuite name="DummySpec" tests="1" skipped="0" failures="0" errors="0" timestamp="2015-05-11T09:48:48" hostname="testing-worker-linux-968a87ce-2-11731-linux-3-62052635" time="0.165">
  <properties/>
  <testcase name="Dummy spec" classname="DummySpec" time="0.165"/>
  <system-out><![CDATA[]]></system-out>
  <system-err><![CDATA[]]></system-err>
</testsuite>
