<?xml version="1.0" encoding="UTF-8"?>
<testsuite name="DummySpec" tests="1" skipped="0" failures="0" errors="0" timestamp="2016-06-19T18:59:56" hostname="testing-gce-814b41ba-3617-4ba2-ae78-37127f499c6e.c.travis-ci-prod-5.internal" time="0.224">
  <properties/>
  <testcase name="Dummy spec" classname="DummySpec" time="0.224"/>
  <system-out><![CDATA[]]></system-out>
  <system-err><![CDATA[]]></system-err>
</testsuite>
