<?xml version="1.0" encoding="UTF-8"?>
<testsuite name="DummySpec" tests="1" skipped="0" failures="0" errors="0" timestamp="2015-08-24T10:40:13" hostname="testing-worker-linux-a01deac5-2-15736-linux-2-76958255" time="0.118">
  <properties/>
  <testcase name="Dummy spec" classname="DummySpec" time="0.118"/>
  <system-out><![CDATA[]]></system-out>
  <system-err><![CDATA[]]></system-err>
</testsuite>
