<?xml version="1.0" encoding="UTF-8"?>
<testsuite name="DummySpec" tests="1" skipped="0" failures="0" errors="0" timestamp="2015-09-10T15:46:48" hostname="testing-worker-linux-5590757e-1-526-linux-8-79683874" time="0.101">
  <properties/>
  <testcase name="Dummy spec" classname="DummySpec" time="0.101"/>
  <system-out><![CDATA[]]></system-out>
  <system-err><![CDATA[]]></system-err>
</testsuite>
