<?xml version="1.0" encoding="UTF-8"?>
<testsuite name="DummySpec" tests="1" skipped="0" failures="0" errors="0" timestamp="2014-10-20T09:46:53" hostname="testing-worker-linux-2-1-31095-linux-13-38478323" time="0.102">
  <properties/>
  <testcase name="Dummy spec" classname="DummySpec" time="0.102"/>
  <system-out><![CDATA[]]></system-out>
  <system-err><![CDATA[]]></system-err>
</testsuite>
