<?xml version="1.0" encoding="UTF-8"?>
<testsuite name="DummySpec" tests="1" skipped="0" failures="0" errors="0" timestamp="2015-07-07T17:41:04" hostname="testing-worker-linux-380b67c9-2-1604-linux-11-69931760" time="0.248">
  <properties/>
  <testcase name="Dummy spec" classname="DummySpec" time="0.248"/>
  <system-out><![CDATA[]]></system-out>
  <system-err><![CDATA[]]></system-err>
</testsuite>
