<?xml version="1.0" encoding="UTF-8"?>
<testsuite name="DummySpec" tests="1" skipped="0" failures="0" errors="0" timestamp="2015-03-22T20:31:17" hostname="testing-worker-linux-c55820f2-1-17200-linux-19-55404196" time="0.129">
  <properties/>
  <testcase name="Dummy spec" classname="DummySpec" time="0.129"/>
  <system-out><![CDATA[]]></system-out>
  <system-err><![CDATA[]]></system-err>
</testsuite>
