<?xml version="1.0" encoding="UTF-8"?>
<testsuite name="DummySpec" tests="1" skipped="0" failures="0" errors="0" timestamp="2015-05-13T09:24:51" hostname="testing-worker-linux-e7a62211-2-31894-linux-13-62366935" time="0.133">
  <properties/>
  <testcase name="Dummy spec" classname="DummySpec" time="0.133"/>
  <system-out><![CDATA[]]></system-out>
  <system-err><![CDATA[]]></system-err>
</testsuite>
