<?xml version="1.0" encoding="UTF-8"?>
<testsuite name="DummySpec" tests="1" skipped="0" failures="0" errors="0" timestamp="2015-09-22T10:37:04" hostname="testing-worker-linux-a01deac5-1-20500-linux-15-81560169" time="0.13">
  <properties/>
  <testcase name="Dummy spec" classname="DummySpec" time="0.13"/>
  <system-out><![CDATA[]]></system-out>
  <system-err><![CDATA[]]></system-err>
</testsuite>
