<?xml version="1.0" encoding="UTF-8"?>
<testsuite name="DummySpec" tests="1" skipped="0" failures="0" errors="0" timestamp="2015-01-27T14:55:43" hostname="testing-worker-linux-de84ae74-2-8732-linux-17-48491521" time="0.124">
  <properties/>
  <testcase name="Dummy spec" classname="DummySpec" time="0.124"/>
  <system-out><![CDATA[]]></system-out>
  <system-err><![CDATA[]]></system-err>
</testsuite>
