<?xml version="1.0" encoding="UTF-8"?>
<testsuite name="DummySpec" tests="1" skipped="0" failures="0" errors="0" timestamp="2014-12-07T21:02:17" hostname="testing-worker-linux-4-2-3284-linux-10-43284689" time="0.12">
  <properties/>
  <testcase name="Dummy spec" classname="DummySpec" time="0.12"/>
  <system-out><![CDATA[]]></system-out>
  <system-err><![CDATA[]]></system-err>
</testsuite>
