<?xml version="1.0" encoding="UTF-8"?>
<testsuite name="DummySpec" tests="1" skipped="0" failures="0" errors="0" timestamp="2015-09-23T19:19:55" hostname="testing-worker-linux-027f0490-2-21320-linux-1-81837196" time="0.116">
  <properties/>
  <testcase name="Dummy spec" classname="DummySpec" time="0.116"/>
  <system-out><![CDATA[]]></system-out>
  <system-err><![CDATA[]]></system-err>
</testsuite>
