<?xml version="1.0" encoding="UTF-8"?>
<testsuite name="DummySpec" tests="1" skipped="0" failures="0" errors="0" timestamp="2015-09-24T08:42:35" hostname="testing-worker-linux-968a87ce-2-16078-linux-4-81925709" time="0.119">
  <properties/>
  <testcase name="Dummy spec" classname="DummySpec" time="0.119"/>
  <system-out><![CDATA[]]></system-out>
  <system-err><![CDATA[]]></system-err>
</testsuite>
