<?xml version="1.0" encoding="UTF-8"?>
<testsuite name="DummySpec" tests="1" skipped="0" failures="0" errors="0" timestamp="2015-09-03T15:05:27" hostname="testing-worker-linux-77796cae-2-11556-linux-3-78593077" time="0.115">
  <properties/>
  <testcase name="Dummy spec" classname="DummySpec" time="0.115"/>
  <system-out><![CDATA[]]></system-out>
  <system-err><![CDATA[]]></system-err>
</testsuite>
