<?xml version="1.0" encoding="UTF-8"?>
<testsuite name="DummySpec" tests="1" skipped="0" failures="0" errors="0" timestamp="2015-10-09T20:01:15" hostname="testing-worker-linux-a01deac5-2-20554-linux-3-84574064" time="0.101">
  <properties/>
  <testcase name="Dummy spec" classname="DummySpec" time="0.101"/>
  <system-out><![CDATA[]]></system-out>
  <system-err><![CDATA[]]></system-err>
</testsuite>
