<?xml version="1.0" encoding="UTF-8"?>
<testsuite name="DummySpec" tests="1" skipped="0" failures="0" errors="0" timestamp="2015-09-03T12:02:28" hostname="testing-worker-linux-c55820f2-2-8268-linux-1-78561858" time="0.112">
  <properties/>
  <testcase name="Dummy spec" classname="DummySpec" time="0.112"/>
  <system-out><![CDATA[]]></system-out>
  <system-err><![CDATA[]]></system-err>
</testsuite>
