<?xml version="1.0" encoding="UTF-8"?>
<testsuite name="DummySpec" tests="1" skipped="0" failures="0" errors="0" timestamp="2015-09-21T18:38:01" hostname="testing-worker-linux-c55820f2-2-17258-linux-9-81442495" time="0.138">
  <properties/>
  <testcase name="Dummy spec" classname="DummySpec" time="0.138"/>
  <system-out><![CDATA[]]></system-out>
  <system-err><![CDATA[]]></system-err>
</testsuite>
