<?xml version="1.0" encoding="UTF-8"?>
<testsuite name="DummySpec" tests="1" skipped="0" failures="0" errors="0" timestamp="2015-01-07T08:42:41" hostname="testing-worker-linux-7-1-28356-linux-11-46168204" time="0.092">
  <properties/>
  <testcase name="Dummy spec" classname="DummySpec" time="0.092"/>
  <system-out><![CDATA[]]></system-out>
  <system-err><![CDATA[]]></system-err>
</testsuite>
