<?xml version="1.0" encoding="UTF-8"?>
<testsuite name="DummySpec" tests="1" skipped="0" failures="0" errors="0" timestamp="2016-06-11T20:36:38" hostname="testing-gce-f379037a-31b9-42f4-8fcf-f05ffe7ddf9e.c.eco-emissary-99515.internal" time="0.128">
  <properties/>
  <testcase name="Dummy spec" classname="DummySpec" time="0.128"/>
  <system-out><![CDATA[]]></system-out>
  <system-err><![CDATA[]]></system-err>
</testsuite>
