<?xml version="1.0" encoding="UTF-8"?>
<testsuite name="DummySpec" tests="1" skipped="0" failures="0" errors="0" timestamp="2015-02-28T16:17:06" hostname="testing-worker-linux-f25aadab-1-2115-linux-20-52546669" time="0.139">
  <properties/>
  <testcase name="Dummy spec" classname="DummySpec" time="0.139"/>
  <system-out><![CDATA[]]></system-out>
  <system-err><![CDATA[]]></system-err>
</testsuite>
