<?xml version="1.0" encoding="UTF-8"?>
<testsuite name="DummySpec" tests="1" skipped="0" failures="0" errors="0" timestamp="2014-12-25T23:22:53" hostname="testing-worker-linux-12-1-29784-linux-5-45115903" time="0.129">
  <properties/>
  <testcase name="Dummy spec" classname="DummySpec" time="0.129"/>
  <system-out><![CDATA[]]></system-out>
  <system-err><![CDATA[]]></system-err>
</testsuite>
