<?xml version="1.0" encoding="UTF-8"?>
<testsuite name="DummySpec" tests="1" skipped="0" failures="0" errors="0" timestamp="2014-12-08T17:23:20" hostname="testing-worker-linux-5-1-19651-linux-16-43369093" time="0.252">
  <properties/>
  <testcase name="Dummy spec" classname="DummySpec" time="0.252"/>
  <system-out><![CDATA[]]></system-out>
  <system-err><![CDATA[]]></system-err>
</testsuite>
