<?xml version="1.0" encoding="UTF-8"?>
<testsuite name="DummySpec" tests="1" skipped="0" failures="0" errors="0" timestamp="2015-02-13T18:08:35" hostname="testing-worker-linux-e7a62211-1-21232-linux-17-50666713" time="0.109">
  <properties/>
  <testcase name="Dummy spec" classname="DummySpec" time="0.109"/>
  <system-out><![CDATA[]]></system-out>
  <system-err><![CDATA[]]></system-err>
</testsuite>
