<?xml version="1.0" encoding="UTF-8"?>
<testsuite name="DummySpec" tests="1" skipped="0" failures="0" errors="0" timestamp="2015-08-03T13:01:56" hostname="testing-worker-linux-bb3654bb-1-17532-linux-11-73886118" time="0.142">
  <properties/>
  <testcase name="Dummy spec" classname="DummySpec" time="0.142"/>
  <system-out><![CDATA[]]></system-out>
  <system-err><![CDATA[]]></system-err>
</testsuite>
