<?xml version="1.0" encoding="UTF-8"?>
<testsuite name="DummySpec" tests="1" skipped="0" failures="0" errors="0" timestamp="2015-12-01T07:21:35" hostname="testing-worker-linux-226df11e-2-498-linux-11-94107523" time="0.142">
  <properties/>
  <testcase name="Dummy spec" classname="DummySpec" time="0.142"/>
  <system-out><![CDATA[]]></system-out>
  <system-err><![CDATA[]]></system-err>
</testsuite>
