<?xml version="1.0" encoding="UTF-8"?>
<testsuite name="DummySpec" tests="1" skipped="0" failures="0" errors="0" timestamp="2015-08-28T15:20:57" hostname="testing-worker-linux-380b67c9-1-19948-linux-9-77698816" time="0.17">
  <properties/>
  <testcase name="Dummy spec" classname="DummySpec" time="0.17"/>
  <system-out><![CDATA[]]></system-out>
  <system-err><![CDATA[]]></system-err>
</testsuite>
