<?xml version="1.0" encoding="UTF-8"?>
<testsuite name="DummySpec" tests="1" skipped="0" failures="0" errors="0" timestamp="2015-07-29T19:53:20" hostname="testing-worker-linux-a01deac5-2-15736-linux-11-73255943" time="0.113">
  <properties/>
  <testcase name="Dummy spec" classname="DummySpec" time="0.113"/>
  <system-out><![CDATA[]]></system-out>
  <system-err><![CDATA[]]></system-err>
</testsuite>
