<?xml version="1.0" encoding="UTF-8"?>
<testsuite name="DummySpec" tests="1" skipped="0" failures="0" errors="0" timestamp="2015-01-14T13:52:25" hostname="testing-worker-linux-9-1-24821-linux-3-46984794" time="0.109">
  <properties/>
  <testcase name="Dummy spec" classname="DummySpec" time="0.109"/>
  <system-out><![CDATA[]]></system-out>
  <system-err><![CDATA[]]></system-err>
</testsuite>
