<?xml version="1.0" encoding="UTF-8"?>
<testsuite name="DummySpec" tests="1" skipped="0" failures="0" errors="0" timestamp="2015-06-03T17:34:41" hostname="testing-worker-linux-027f0490-1-17458-linux-7-65277958" time="0.191">
  <properties/>
  <testcase name="Dummy spec" classname="DummySpec" time="0.191"/>
  <system-out><![CDATA[]]></system-out>
  <system-err><![CDATA[]]></system-err>
</testsuite>
