<?xml version="1.0" encoding="UTF-8"?>
<testsuite name="DummySpec" tests="1" skipped="0" failures="0" errors="0" timestamp="2014-12-19T03:44:35" hostname="testing-worker-linux-8-1-9724-linux-13-44539270" time="0.127">
  <properties/>
  <testcase name="Dummy spec" classname="DummySpec" time="0.127"/>
  <system-out><![CDATA[]]></system-out>
  <system-err><![CDATA[]]></system-err>
</testsuite>
