<?xml version="1.0" encoding="UTF-8"?>
<testsuite name="DummySpec" tests="1" skipped="0" failures="0" errors="0" timestamp="2015-08-26T12:35:58" hostname="testing-worker-linux-c55820f2-2-8268-linux-2-77315487" time="0.133">
  <properties/>
  <testcase name="Dummy spec" classname="DummySpec" time="0.133"/>
  <system-out><![CDATA[]]></system-out>
  <system-err><![CDATA[]]></system-err>
</testsuite>
