<?xml version="1.0" encoding="UTF-8"?>
<testsuite name="DummySpec" tests="1" skipped="0" failures="0" errors="0" timestamp="2014-12-08T16:12:50" hostname="testing-worker-linux-9-1-4037-linux-2-43361416" time="0.134">
  <properties/>
  <testcase name="Dummy spec" classname="DummySpec" time="0.134"/>
  <system-out><![CDATA[]]></system-out>
  <system-err><![CDATA[]]></system-err>
</testsuite>
