<?xml version="1.0" encoding="UTF-8"?>
<testsuite name="DummySpec" tests="1" skipped="0" failures="0" errors="0" timestamp="2014-10-29T09:42:38" hostname="testing-worker-linux-8-2-30776-linux-16-39361435" time="0.096">
  <properties/>
  <testcase name="Dummy spec" classname="DummySpec" time="0.096"/>
  <system-out><![CDATA[]]></system-out>
  <system-err><![CDATA[]]></system-err>
</testsuite>
