<?xml version="1.0" encoding="UTF-8"?>
<testsuite name="DummySpec" tests="1" skipped="0" failures="0" errors="0" timestamp="2015-08-29T11:11:40" hostname="testing-worker-linux-bb3654bb-2-17586-linux-2-77806272" time="0.136">
  <properties/>
  <testcase name="Dummy spec" classname="DummySpec" time="0.136"/>
  <system-out><![CDATA[]]></system-out>
  <system-err><![CDATA[]]></system-err>
</testsuite>
