<?xml version="1.0" encoding="UTF-8"?>
<testsuite name="DummySpec" tests="1" skipped="0" failures="0" errors="0" timestamp="2015-09-01T07:22:37" hostname="testing-worker-linux-89e97461-2-14506-linux-2-78177042" time="0.127">
  <properties/>
  <testcase name="Dummy spec" classname="DummySpec" time="0.127"/>
  <system-out><![CDATA[]]></system-out>
  <system-err><![CDATA[]]></system-err>
</testsuite>
