<?xml version="1.0" encoding="UTF-8"?>
<testsuite name="DummySpec" tests="1" skipped="0" failures="0" errors="0" timestamp="2015-07-07T17:45:25" hostname="testing-worker-linux-e7a62211-2-2600-linux-5-69931754" time="0.164">
  <properties/>
  <testcase name="Dummy spec" classname="DummySpec" time="0.164"/>
  <system-out><![CDATA[]]></system-out>
  <system-err><![CDATA[]]></system-err>
</testsuite>
