<?xml version="1.0" encoding="UTF-8"?>
<testsuite name="DummySpec" tests="1" skipped="0" failures="0" errors="0" timestamp="2014-12-08T22:51:56" hostname="testing-worker-linux-12-1-10023-linux-7-43402279" time="0.196">
  <properties/>
  <testcase name="Dummy spec" classname="DummySpec" time="0.196"/>
  <system-out><![CDATA[]]></system-out>
  <system-err><![CDATA[]]></system-err>
</testsuite>
