<?xml version="1.0" encoding="UTF-8"?>
<testsuite name="DummySpec" tests="1" skipped="0" failures="0" errors="0" timestamp="2015-05-07T16:45:53" hostname="testing-worker-linux-968a87ce-1-32163-linux-11-61641878" time="0.142">
  <properties/>
  <testcase name="Dummy spec" classname="DummySpec" time="0.142"/>
  <system-out><![CDATA[]]></system-out>
  <system-err><![CDATA[]]></system-err>
</testsuite>
