<?xml version="1.0" encoding="UTF-8"?>
<testsuite name="DummySpec" tests="1" skipped="0" failures="0" errors="0" timestamp="2015-02-15T21:34:17" hostname="testing-worker-linux-e7a62211-2-21338-linux-15-50870743" time="0.129">
  <properties/>
  <testcase name="Dummy spec" classname="DummySpec" time="0.129"/>
  <system-out><![CDATA[]]></system-out>
  <system-err><![CDATA[]]></system-err>
</testsuite>
