<?xml version="1.0" encoding="UTF-8"?>
<testsuite name="DummySpec" tests="1" skipped="0" failures="0" errors="0" timestamp="2014-11-27T16:13:15" hostname="testing-worker-linux-10-1-2535-linux-4-42321493" time="0.236">
  <properties/>
  <testcase name="Dummy spec" classname="DummySpec" time="0.236"/>
  <system-out><![CDATA[]]></system-out>
  <system-err><![CDATA[]]></system-err>
</testsuite>
