<?xml version="1.0" encoding="UTF-8"?>
<testsuite name="DummySpec" tests="1" skipped="0" failures="0" errors="0" timestamp="2015-07-09T08:53:44" hostname="testing-worker-linux-e7a62211-1-2612-linux-5-70189182" time="0.098">
  <properties/>
  <testcase name="Dummy spec" classname="DummySpec" time="0.098"/>
  <system-out><![CDATA[]]></system-out>
  <system-err><![CDATA[]]></system-err>
</testsuite>
