<?xml version="1.0" encoding="UTF-8"?>
<testsuite name="DummySpec" tests="1" skipped="0" failures="0" errors="0" timestamp="2015-12-01T07:54:37" hostname="testing-worker-linux-ac725767-1-27515-linux-12-94110673" time="0.115">
  <properties/>
  <testcase name="Dummy spec" classname="DummySpec" time="0.115"/>
  <system-out><![CDATA[]]></system-out>
  <system-err><![CDATA[]]></system-err>
</testsuite>
