<?xml version="1.0" encoding="UTF-8"?>
<testsuite name="DummySpec" tests="1" skipped="0" failures="0" errors="0" timestamp="2015-06-08T21:30:10" hostname="testing-worker-linux-5590757e-2-1021-linux-9-65958131" time="0.206">
  <properties/>
  <testcase name="Dummy spec" classname="DummySpec" time="0.206"/>
  <system-out><![CDATA[]]></system-out>
  <system-err><![CDATA[]]></system-err>
</testsuite>
