<?xml version="1.0" encoding="UTF-8"?>
<testsuite name="DummySpec" tests="1" skipped="0" failures="0" errors="0" timestamp="2015-08-07T22:01:35" hostname="testing-worker-linux-f25aadab-2-2298-linux-13-74640083" time="0.189">
  <properties/>
  <testcase name="Dummy spec" classname="DummySpec" time="0.189"/>
  <system-out><![CDATA[]]></system-out>
  <system-err><![CDATA[]]></system-err>
</testsuite>
