<?xml version="1.0" encoding="UTF-8"?>
<testsuite name="DummySpec" tests="1" skipped="0" failures="0" errors="0" timestamp="2016-03-04T08:23:05" hostname="testing-gce-220d5769-c5db-428e-a671-3e81e42d0dfa.c.eco-emissary-99515.internal" time="0.091">
  <properties/>
  <testcase name="Dummy spec" classname="DummySpec" time="0.091"/>
  <system-out><![CDATA[]]></system-out>
  <system-err><![CDATA[]]></system-err>
</testsuite>
