<?xml version="1.0" encoding="UTF-8"?>
<testsuite name="DummySpec" tests="1" skipped="0" failures="0" errors="0" timestamp="2015-01-15T15:34:17" hostname="testing-worker-linux-5-2-1931-linux-4-47128543" time="0.13">
  <properties/>
  <testcase name="Dummy spec" classname="DummySpec" time="0.13"/>
  <system-out><![CDATA[]]></system-out>
  <system-err><![CDATA[]]></system-err>
</testsuite>
