<?xml version="1.0" encoding="UTF-8"?>
<testsuite name="DummySpec" tests="1" skipped="0" failures="0" errors="0" timestamp="2015-11-13T01:00:34" hostname="testing-worker-linux-89e97461-2-525-linux-8-90857738" time="0.115">
  <properties/>
  <testcase name="Dummy spec" classname="DummySpec" time="0.115"/>
  <system-out><![CDATA[]]></system-out>
  <system-err><![CDATA[]]></system-err>
</testsuite>
