<?xml version="1.0" encoding="UTF-8"?>
<testsuite name="DummySpec" tests="1" skipped="0" failures="0" errors="0" timestamp="2015-09-24T16:18:17" hostname="testing-worker-linux-f25aadab-2-11850-linux-5-81995719" time="0.123">
  <properties/>
  <testcase name="Dummy spec" classname="DummySpec" time="0.123"/>
  <system-out><![CDATA[]]></system-out>
  <system-err><![CDATA[]]></system-err>
</testsuite>
