<?xml version="1.0" encoding="UTF-8"?>
<testsuite name="DummySpec" tests="1" skipped="0" failures="0" errors="0" timestamp="2015-08-24T21:35:17" hostname="testing-worker-linux-c55820f2-2-8268-linux-14-77061815" time="0.108">
  <properties/>
  <testcase name="Dummy spec" classname="DummySpec" time="0.108"/>
  <system-out><![CDATA[]]></system-out>
  <system-err><![CDATA[]]></system-err>
</testsuite>
