<?xml version="1.0" encoding="UTF-8"?>
<testsuite name="DummySpec" tests="1" skipped="0" failures="0" errors="0" timestamp="2015-03-01T11:47:09" hostname="testing-worker-linux-85ee80ed-2-28556-linux-17-52616015" time="0.124">
  <properties/>
  <testcase name="Dummy spec" classname="DummySpec" time="0.124"/>
  <system-out><![CDATA[]]></system-out>
  <system-err><![CDATA[]]></system-err>
</testsuite>
