<?xml version="1.0" encoding="UTF-8"?>
<testsuite name="DummySpec" tests="1" skipped="0" failures="0" errors="0" timestamp="2015-02-16T19:27:17" hostname="testing-worker-linux-c55820f2-2-18643-linux-15-50983192" time="0.148">
  <properties/>
  <testcase name="Dummy spec" classname="DummySpec" time="0.148"/>
  <system-out><![CDATA[]]></system-out>
  <system-err><![CDATA[]]></system-err>
</testsuite>
