<?xml version="1.0" encoding="UTF-8"?>
<testsuite name="DummySpec" tests="1" skipped="0" failures="0" errors="0" timestamp="2015-03-15T13:40:02" hostname="testing-worker-linux-bb3654bb-1-522-linux-19-54448783" time="0.171">
  <properties/>
  <testcase name="Dummy spec" classname="DummySpec" time="0.171"/>
  <system-out><![CDATA[]]></system-out>
  <system-err><![CDATA[]]></system-err>
</testsuite>
