<?xml version="1.0" encoding="UTF-8"?>
<testsuite name="DummySpec" tests="1" skipped="0" failures="0" errors="0" timestamp="2014-10-20T10:59:31" hostname="testing-worker-linux-5-2-19515-linux-3-38484589" time="0.114">
  <properties/>
  <testcase name="Dummy spec" classname="DummySpec" time="0.114"/>
  <system-out><![CDATA[]]></system-out>
  <system-err><![CDATA[]]></system-err>
</testsuite>
