<?xml version="1.0" encoding="UTF-8"?>
<testsuite name="DummySpec" tests="1" skipped="0" failures="0" errors="0" timestamp="2015-08-10T14:15:25" hostname="testing-worker-linux-08b40318-2-25201-linux-14-74920689" time="0.137">
  <properties/>
  <testcase name="Dummy spec" classname="DummySpec" time="0.137"/>
  <system-out><![CDATA[]]></system-out>
  <system-err><![CDATA[]]></system-err>
</testsuite>
