<?xml version="1.0" encoding="UTF-8"?>
<testsuite name="DummySpec" tests="1" skipped="0" failures="0" errors="0" timestamp="2015-03-01T11:42:23" hostname="testing-worker-linux-027f0490-1-13474-linux-5-52615665" time="0.151">
  <properties/>
  <testcase name="Dummy spec" classname="DummySpec" time="0.151"/>
  <system-out><![CDATA[]]></system-out>
  <system-err><![CDATA[]]></system-err>
</testsuite>
