<?xml version="1.0" encoding="UTF-8"?>
<testsuite name="DummySpec" tests="1" skipped="0" failures="0" errors="0" timestamp="2014-10-20T19:57:42" hostname="testing-worker-linux-12-2-29766-linux-10-38533937" time="0.148">
  <properties/>
  <testcase name="Dummy spec" classname="DummySpec" time="0.148"/>
  <system-out><![CDATA[]]></system-out>
  <system-err><![CDATA[]]></system-err>
</testsuite>
