<?xml version="1.0" encoding="UTF-8"?>
<testsuite name="DummySpec" tests="1" skipped="0" failures="0" errors="0" timestamp="2015-08-30T19:41:27" hostname="testing-worker-linux-f25aadab-1-2244-linux-4-77948585" time="0.156">
  <properties/>
  <testcase name="Dummy spec" classname="DummySpec" time="0.156"/>
  <system-out><![CDATA[]]></system-out>
  <system-err><![CDATA[]]></system-err>
</testsuite>
