<?xml version="1.0" encoding="UTF-8"?>
<testsuite name="DummySpec" tests="1" skipped="0" failures="0" errors="0" timestamp="2015-08-10T12:02:39" hostname="testing-worker-linux-44a99d76-1-8259-linux-12-74902174" time="0.115">
  <properties/>
  <testcase name="Dummy spec" classname="DummySpec" time="0.115"/>
  <system-out><![CDATA[]]></system-out>
  <system-err><![CDATA[]]></system-err>
</testsuite>
