<?xml version="1.0" encoding="UTF-8"?>
<testsuite name="DummySpec" tests="1" skipped="0" failures="0" errors="0" timestamp="2016-06-14T08:58:43" hostname="testing-gce-d572e016-62ab-45fa-b08b-1396daf2bc6b.c.travis-ci-prod-4.internal" time="0.152">
  <properties/>
  <testcase name="Dummy spec" classname="DummySpec" time="0.152"/>
  <system-out><![CDATA[]]></system-out>
  <system-err><![CDATA[]]></system-err>
</testsuite>
