<?xml version="1.0" encoding="UTF-8"?>
<testsuite name="DummySpec" tests="1" skipped="0" failures="0" errors="0" timestamp="2015-05-09T13:17:30" hostname="testing-worker-linux-380b67c9-1-17353-linux-17-61879096" time="0.131">
  <properties/>
  <testcase name="Dummy spec" classname="DummySpec" time="0.131"/>
  <system-out><![CDATA[]]></system-out>
  <system-err><![CDATA[]]></system-err>
</testsuite>
