<?xml version="1.0" encoding="UTF-8"?>
<testsuite name="DummySpec" tests="1" skipped="0" failures="0" errors="0" timestamp="2016-06-01T19:44:02" hostname="testing-gce-9dac5269-5c14-4672-86ae-ab39fc154bfd.c.travis-ci-prod-4.internal" time="0.117">
  <properties/>
  <testcase name="Dummy spec" classname="DummySpec" time="0.117"/>
  <system-out><![CDATA[]]></system-out>
  <system-err><![CDATA[]]></system-err>
</testsuite>
