<?xml version="1.0" encoding="UTF-8"?>
<testsuite name="DummySpec" tests="1" skipped="0" failures="0" errors="0" timestamp="2014-11-27T09:10:02" hostname="testing-worker-linux-4-2-27137-linux-4-42284377" time="0.121">
  <properties/>
  <testcase name="Dummy spec" classname="DummySpec" time="0.121"/>
  <system-out><![CDATA[]]></system-out>
  <system-err><![CDATA[]]></system-err>
</testsuite>
