<?xml version="1.0" encoding="UTF-8"?>
<testsuite name="DummySpec" tests="1" skipped="0" failures="0" errors="0" timestamp="2015-09-24T09:34:20" hostname="testing-worker-linux-9eb6c2a4-1-5663-linux-7-81932763" time="0.121">
  <properties/>
  <testcase name="Dummy spec" classname="DummySpec" time="0.121"/>
  <system-out><![CDATA[]]></system-out>
  <system-err><![CDATA[]]></system-err>
</testsuite>
