<?xml version="1.0" encoding="UTF-8"?>
<testsuite name="DummySpec" tests="1" skipped="0" failures="0" errors="0" timestamp="2015-01-29T11:40:45" hostname="testing-worker-linux-85ee80ed-2-8570-linux-3-48747716" time="0.119">
  <properties/>
  <testcase name="Dummy spec" classname="DummySpec" time="0.119"/>
  <system-out><![CDATA[]]></system-out>
  <system-err><![CDATA[]]></system-err>
</testsuite>
