<?xml version="1.0" encoding="UTF-8"?>
<testsuite name="DummySpec" tests="1" skipped="0" failures="0" errors="0" timestamp="2015-08-07T19:05:01" hostname="testing-worker-linux-968a87ce-1-2223-linux-7-74617357" time="0.165">
  <properties/>
  <testcase name="Dummy spec" classname="DummySpec" time="0.165"/>
  <system-out><![CDATA[]]></system-out>
  <system-err><![CDATA[]]></system-err>
</testsuite>
