<?xml version="1.0" encoding="UTF-8"?>
<testsuite name="DummySpec" tests="1" skipped="0" failures="0" errors="0" timestamp="2015-03-01T13:42:27" hostname="testing-worker-linux-c55820f2-1-30301-linux-15-52623818" time="0.119">
  <properties/>
  <testcase name="Dummy spec" classname="DummySpec" time="0.119"/>
  <system-out><![CDATA[]]></system-out>
  <system-err><![CDATA[]]></system-err>
</testsuite>
