<?xml version="1.0" encoding="UTF-8"?>
<testsuite name="DummySpec" tests="1" skipped="0" failures="0" errors="0" timestamp="2015-06-21T19:54:51" hostname="testing-worker-linux-f25aadab-2-32112-linux-8-67757232" time="0.155">
  <properties/>
  <testcase name="Dummy spec" classname="DummySpec" time="0.155"/>
  <system-out><![CDATA[]]></system-out>
  <system-err><![CDATA[]]></system-err>
</testsuite>
