<?xml version="1.0" encoding="UTF-8"?>
<testsuite name="DummySpec" tests="1" skipped="0" failures="0" errors="0" timestamp="2015-08-29T12:21:20" hostname="testing-worker-linux-da6418d7-2-20031-linux-8-77810029" time="0.094">
  <properties/>
  <testcase name="Dummy spec" classname="DummySpec" time="0.094"/>
  <system-out><![CDATA[]]></system-out>
  <system-err><![CDATA[]]></system-err>
</testsuite>
