<?xml version="1.0" encoding="UTF-8"?>
<testsuite name="DummySpec" tests="1" skipped="0" failures="0" errors="0" timestamp="2015-03-15T13:46:28" hostname="testing-worker-linux-e7a62211-1-523-linux-4-54449099" time="0.174">
  <properties/>
  <testcase name="Dummy spec" classname="DummySpec" time="0.174"/>
  <system-out><![CDATA[]]></system-out>
  <system-err><![CDATA[]]></system-err>
</testsuite>
