<?xml version="1.0" encoding="UTF-8"?>
<testsuite name="DummySpec" tests="1" skipped="0" failures="0" errors="0" timestamp="2015-01-06T14:26:20" hostname="testing-worker-linux-2-1-15228-linux-11-46074597" time="0.219">
  <properties/>
  <testcase name="Dummy spec" classname="DummySpec" time="0.219"/>
  <system-out><![CDATA[]]></system-out>
  <system-err><![CDATA[]]></system-err>
</testsuite>
