<?xml version="1.0" encoding="UTF-8"?>
<testsuite name="DummySpec" tests="1" skipped="0" failures="0" errors="0" timestamp="2014-11-01T09:58:58" hostname="testing-worker-linux-2-2-4532-linux-2-39675581" time="0.128">
  <properties/>
  <testcase name="Dummy spec" classname="DummySpec" time="0.128"/>
  <system-out><![CDATA[]]></system-out>
  <system-err><![CDATA[]]></system-err>
</testsuite>
