<?xml version="1.0" encoding="UTF-8"?>
<testsuite name="DummySpec" tests="1" skipped="0" failures="0" errors="0" timestamp="2015-08-30T14:32:26" hostname="testing-worker-linux-89e97461-1-14451-linux-9-77921114" time="0.128">
  <properties/>
  <testcase name="Dummy spec" classname="DummySpec" time="0.128"/>
  <system-out><![CDATA[]]></system-out>
  <system-err><![CDATA[]]></system-err>
</testsuite>
