<?xml version="1.0" encoding="UTF-8"?>
<testsuite name="DummySpec" tests="1" skipped="0" failures="0" errors="0" timestamp="2015-12-01T07:56:11" hostname="testing-worker-linux-77796cae-2-18880-linux-8-94110724" time="0.134">
  <properties/>
  <testcase name="Dummy spec" classname="DummySpec" time="0.134"/>
  <system-out><![CDATA[]]></system-out>
  <system-err><![CDATA[]]></system-err>
</testsuite>
