<?xml version="1.0" encoding="UTF-8"?>
<testsuite name="DummySpec" tests="1" skipped="0" failures="0" errors="0" timestamp="2014-11-05T19:34:30" hostname="testing-worker-linux-7-2-8506-linux-7-40098611" time="0.131">
  <properties/>
  <testcase name="Dummy spec" classname="DummySpec" time="0.131"/>
  <system-out><![CDATA[]]></system-out>
  <system-err><![CDATA[]]></system-err>
</testsuite>
