<?xml version="1.0" encoding="UTF-8"?>
<testsuite name="DummySpec" tests="1" skipped="0" failures="0" errors="0" timestamp="2015-11-30T21:47:03" hostname="testing-worker-linux-f25aadab-2-524-linux-12-94036009" time="0.115">
  <properties/>
  <testcase name="Dummy spec" classname="DummySpec" time="0.115"/>
  <system-out><![CDATA[]]></system-out>
  <system-err><![CDATA[]]></system-err>
</testsuite>
