<?xml version="1.0" encoding="UTF-8"?>
<testsuite name="griffon.transform.GriffonModelSpec" tests="2" skipped="0" failures="0" errors="0" timestamp="2016-10-14T12:23:13" hostname="testing-gce-9e2f48a6-40b1-46ad-83d7-b62c9819dd28" time="0.136">
  <properties/>
  <testcase name="GriffonModelASTTransformation is applied to a model class" classname="griffon.transform.GriffonModelSpec" time="0.03"/>
  <testcase name="GriffonModelASTTransformation is applied to a model class with a custom superclass" classname="griffon.transform.GriffonModelSpec" time="0.106"/>
  <system-out><![CDATA[]]></system-out>
  <system-err><![CDATA[]]></system-err>
</testsuite>
