<?xml version="1.0" encoding="UTF-8"?>
<testsuite name="griffon.transform.ThreadingAwareSpec" tests="1" skipped="0" failures="0" errors="0" timestamp="2016-09-29T21:52:31" hostname="testing-gce-cf203e64-cd6f-4108-8a0d-d9cf63c5c1c7" time="0.098">
  <properties/>
  <testcase name="ThreadingAwareASTTransformation is applied to a bean via @ThreadingAware" classname="griffon.transform.ThreadingAwareSpec" time="0.098"/>
  <system-out><![CDATA[]]></system-out>
  <system-err><![CDATA[]]></system-err>
</testsuite>
