<?xml version="1.0" encoding="UTF-8"?>
<testsuite name="griffon.transform.VetoableSpec" tests="1" skipped="0" failures="0" errors="0" timestamp="2016-10-30T17:43:08" hostname="testing-gce-1932865a-09b2-44a6-b949-d5585b0b0bad" time="0.047">
  <properties/>
  <testcase name="VetoableASTTransformation is applied to a bean via @Vetoable" classname="griffon.transform.VetoableSpec" time="0.047"/>
  <system-out><![CDATA[]]></system-out>
  <system-err><![CDATA[]]></system-err>
</testsuite>
