<?xml version="1.0" encoding="UTF-8"?>
<testsuite name="griffon.transform.ThreadingAwareSpec" tests="1" skipped="0" failures="0" errors="0" timestamp="2016-10-09T11:56:31" hostname="testing-gce-50bd9316-102c-4ee8-992b-2b2af257f0cc" time="0.079">
  <properties/>
  <testcase name="ThreadingAwareASTTransformation is applied to a bean via @ThreadingAware" classname="griffon.transform.ThreadingAwareSpec" time="0.079"/>
  <system-out><![CDATA[]]></system-out>
  <system-err><![CDATA[]]></system-err>
</testsuite>
