<?xml version="1.0" encoding="UTF-8"?>
<testsuite name="griffon.transform.GriffonServiceSpec" tests="2" skipped="0" failures="0" errors="0" timestamp="2016-09-29T21:52:30" hostname="testing-gce-cf203e64-cd6f-4108-8a0d-d9cf63c5c1c7" time="1.218">
  <properties/>
  <testcase name="GriffonServiceASTTransformation is applied to a service class" classname="griffon.transform.GriffonServiceSpec" time="0.992"/>
  <testcase name="GriffonServiceASTTransformation is applied to a service class with a custom superclass" classname="griffon.transform.GriffonServiceSpec" time="0.225"/>
  <system-out><![CDATA[]]></system-out>
  <system-err><![CDATA[]]></system-err>
</testsuite>
