<?xml version="1.0" encoding="UTF-8"?>
<testsuite name="griffon.transform.FXObservableSpec" tests="3" skipped="0" failures="0" errors="0" timestamp="2016-10-30T17:43:08" hostname="testing-gce-1932865a-09b2-44a6-b949-d5585b0b0bad" time="0.4">
  <properties/>
  <testcase name="Observable primitive properties" classname="griffon.transform.FXObservableSpec" time="0.176"/>
  <testcase name="Observable wrapper properties" classname="griffon.transform.FXObservableSpec" time="0.06"/>
  <testcase name="Observable collection properties" classname="griffon.transform.FXObservableSpec" time="0.164"/>
  <system-out><![CDATA[]]></system-out>
  <system-err><![CDATA[]]></system-err>
</testsuite>
