<?xml version="1.0" encoding="UTF-8"?>
<testsuite name="griffon.transform.FXObservableSpec" tests="3" skipped="0" failures="0" errors="0" timestamp="2016-08-30T16:11:04" hostname="testing-gce-62a17e65-7581-40e5-afe6-413ca14aa51c" time="0.475">
  <properties/>
  <testcase name="Observable primitive properties" classname="griffon.transform.FXObservableSpec" time="0.232"/>
  <testcase name="Observable wrapper properties" classname="griffon.transform.FXObservableSpec" time="0.068"/>
  <testcase name="Observable collection properties" classname="griffon.transform.FXObservableSpec" time="0.173"/>
  <system-out><![CDATA[]]></system-out>
  <system-err><![CDATA[]]></system-err>
</testsuite>
