<?xml version="1.0" encoding="UTF-8"?>
<testsuite name="griffon.transform.FXObservableSpec" tests="3" skipped="0" failures="0" errors="0" timestamp="2016-09-29T21:34:25" hostname="testing-gce-37e58376-e068-4a33-9b50-d5b7108a1844" time="0.558">
  <properties/>
  <testcase name="Observable primitive properties" classname="griffon.transform.FXObservableSpec" time="0.253"/>
  <testcase name="Observable wrapper properties" classname="griffon.transform.FXObservableSpec" time="0.109"/>
  <testcase name="Observable collection properties" classname="griffon.transform.FXObservableSpec" time="0.195"/>
  <system-out><![CDATA[]]></system-out>
  <system-err><![CDATA[]]></system-err>
</testsuite>
