<?xml version="1.0" encoding="UTF-8"?>
<testsuite name="griffon.transform.PropertyListenerSpec" tests="3" skipped="0" failures="0" errors="0" timestamp="2016-10-06T17:41:25" hostname="testing-gce-81ce1eba-0923-4d63-a3c5-2ab3ce7e6c4c" time="0.102">
  <properties/>
  <testcase name="PropertyListener AST transformation attaches a closure reference as listener" classname="griffon.transform.PropertyListenerSpec" time="0.045"/>
  <testcase name="PropertyListener AST transformation attaches a closure as listener" classname="griffon.transform.PropertyListenerSpec" time="0.028"/>
  <testcase name="PropertyListener AST transformation attaches a closure reference literal as listener" classname="griffon.transform.PropertyListenerSpec" time="0.029"/>
  <system-out><![CDATA[]]></system-out>
  <system-err><![CDATA[]]></system-err>
</testsuite>
