<?xml version="1.0" encoding="UTF-8"?>
<testsuite name="griffon.transform.PropertyListenerSpec" tests="3" skipped="0" failures="0" errors="0" timestamp="2016-09-29T21:52:33" hostname="testing-gce-cf203e64-cd6f-4108-8a0d-d9cf63c5c1c7" time="0.095">
  <properties/>
  <testcase name="PropertyListener AST transformation attaches a closure reference as listener" classname="griffon.transform.PropertyListenerSpec" time="0.035"/>
  <testcase name="PropertyListener AST transformation attaches a closure as listener" classname="griffon.transform.PropertyListenerSpec" time="0.031"/>
  <testcase name="PropertyListener AST transformation attaches a closure reference literal as listener" classname="griffon.transform.PropertyListenerSpec" time="0.029"/>
  <system-out><![CDATA[]]></system-out>
  <system-err><![CDATA[]]></system-err>
</testsuite>
