<?xml version="1.0" encoding="UTF-8"?>
<testsuite name="griffon.transform.GriffonModelSpec" tests="2" skipped="0" failures="0" errors="0" timestamp="2016-10-09T11:56:32" hostname="testing-gce-50bd9316-102c-4ee8-992b-2b2af257f0cc" time="0.082">
  <properties/>
  <testcase name="GriffonModelASTTransformation is applied to a model class" classname="griffon.transform.GriffonModelSpec" time="0.019"/>
  <testcase name="GriffonModelASTTransformation is applied to a model class with a custom superclass" classname="griffon.transform.GriffonModelSpec" time="0.062"/>
  <system-out><![CDATA[]]></system-out>
  <system-err><![CDATA[]]></system-err>
</testsuite>
