<?xml version="1.0" encoding="UTF-8"?>
<testsuite name="griffon.transform.VetoableSpec" tests="1" skipped="0" failures="0" errors="0" timestamp="2016-10-14T12:23:14" hostname="testing-gce-9e2f48a6-40b1-46ad-83d7-b62c9819dd28" time="0.028">
  <properties/>
  <testcase name="VetoableASTTransformation is applied to a bean via @Vetoable" classname="griffon.transform.VetoableSpec" time="0.028"/>
  <system-out><![CDATA[]]></system-out>
  <system-err><![CDATA[]]></system-err>
</testsuite>
