<?xml version="1.0" encoding="UTF-8"?>
<testsuite name="griffon.transform.GriffonServiceSpec" tests="2" skipped="0" failures="0" errors="0" timestamp="2016-09-26T20:28:01" hostname="testing-gce-e0d916ad-9926-4311-ac91-422ab9e2ca96" time="1.287">
  <properties/>
  <testcase name="GriffonServiceASTTransformation is applied to a service class" classname="griffon.transform.GriffonServiceSpec" time="1.054"/>
  <testcase name="GriffonServiceASTTransformation is applied to a service class with a custom superclass" classname="griffon.transform.GriffonServiceSpec" time="0.232"/>
  <system-out><![CDATA[]]></system-out>
  <system-err><![CDATA[]]></system-err>
</testsuite>
