<?xml version="1.0" encoding="UTF-8"?>
<testsuite name="griffon.transform.VetoableSpec" tests="1" skipped="0" failures="0" errors="0" timestamp="2016-09-29T21:52:33" hostname="testing-gce-cf203e64-cd6f-4108-8a0d-d9cf63c5c1c7" time="0.028">
  <properties/>
  <testcase name="VetoableASTTransformation is applied to a bean via @Vetoable" classname="griffon.transform.VetoableSpec" time="0.028"/>
  <system-out><![CDATA[]]></system-out>
  <system-err><![CDATA[]]></system-err>
</testsuite>
