<?xml version="1.0" encoding="UTF-8"?>
<testsuite name="griffon.transform.GriffonModelSpec" tests="2" skipped="0" failures="0" errors="0" timestamp="2016-10-06T17:41:23" hostname="testing-gce-81ce1eba-0923-4d63-a3c5-2ab3ce7e6c4c" time="0.136">
  <properties/>
  <testcase name="GriffonModelASTTransformation is applied to a model class" classname="griffon.transform.GriffonModelSpec" time="0.029"/>
  <testcase name="GriffonModelASTTransformation is applied to a model class with a custom superclass" classname="griffon.transform.GriffonModelSpec" time="0.106"/>
  <system-out><![CDATA[]]></system-out>
  <system-err><![CDATA[]]></system-err>
</testsuite>
