<?xml version="1.0" encoding="UTF-8"?>
<testsuite name="griffon.transform.GriffonModelSpec" tests="2" skipped="0" failures="0" errors="0" timestamp="2016-09-26T20:28:04" hostname="testing-gce-e0d916ad-9926-4311-ac91-422ab9e2ca96" time="0.114">
  <properties/>
  <testcase name="GriffonModelASTTransformation is applied to a model class" classname="griffon.transform.GriffonModelSpec" time="0.016"/>
  <testcase name="GriffonModelASTTransformation is applied to a model class with a custom superclass" classname="griffon.transform.GriffonModelSpec" time="0.098"/>
  <system-out><![CDATA[]]></system-out>
  <system-err><![CDATA[]]></system-err>
</testsuite>
