<?xml version="1.0" encoding="UTF-8"?>
<testsuite name="griffon.transform.FXObservableSpec" tests="3" skipped="0" failures="0" errors="0" timestamp="2016-10-09T11:56:32" hostname="testing-gce-50bd9316-102c-4ee8-992b-2b2af257f0cc" time="0.469">
  <properties/>
  <testcase name="Observable primitive properties" classname="griffon.transform.FXObservableSpec" time="0.201"/>
  <testcase name="Observable wrapper properties" classname="griffon.transform.FXObservableSpec" time="0.084"/>
  <testcase name="Observable collection properties" classname="griffon.transform.FXObservableSpec" time="0.182"/>
  <system-out><![CDATA[]]></system-out>
  <system-err><![CDATA[]]></system-err>
</testsuite>
