<?xml version="1.0" encoding="UTF-8"?>
<testsuite name="griffon.transform.GriffonServiceSpec" tests="2" skipped="0" failures="0" errors="0" timestamp="2016-10-09T11:56:30" hostname="testing-gce-50bd9316-102c-4ee8-992b-2b2af257f0cc" time="1.379">
  <properties/>
  <testcase name="GriffonServiceASTTransformation is applied to a service class" classname="griffon.transform.GriffonServiceSpec" time="1.054"/>
  <testcase name="GriffonServiceASTTransformation is applied to a service class with a custom superclass" classname="griffon.transform.GriffonServiceSpec" time="0.325"/>
  <system-out><![CDATA[]]></system-out>
  <system-err><![CDATA[]]></system-err>
</testsuite>
