<?xml version="1.0" encoding="UTF-8"?>
<testsuite name="griffon.transform.GriffonServiceSpec" tests="2" skipped="0" failures="0" errors="0" timestamp="2016-08-18T09:58:26" hostname="testing-gce-ebffe6ab-47c6-4829-a506-dd5f4e144ef6" time="1.502">
  <properties/>
  <testcase name="GriffonServiceASTTransformation is applied to a service class" classname="griffon.transform.GriffonServiceSpec" time="1.131"/>
  <testcase name="GriffonServiceASTTransformation is applied to a service class with a custom superclass" classname="griffon.transform.GriffonServiceSpec" time="0.37"/>
  <system-out><![CDATA[]]></system-out>
  <system-err><![CDATA[]]></system-err>
</testsuite>
