<?xml version="1.0" encoding="UTF-8"?>
<testsuite name="griffon.transform.PropertyListenerSpec" tests="3" skipped="0" failures="0" errors="0" timestamp="2016-08-19T07:55:57" hostname="localhost" time="0.12">
  <properties/>
  <testcase name="PropertyListener AST transformation attaches a closure reference as listener" classname="griffon.transform.PropertyListenerSpec" time="0.051"/>
  <testcase name="PropertyListener AST transformation attaches a closure as listener" classname="griffon.transform.PropertyListenerSpec" time="0.034"/>
  <testcase name="PropertyListener AST transformation attaches a closure reference literal as listener" classname="griffon.transform.PropertyListenerSpec" time="0.034"/>
  <system-out><![CDATA[]]></system-out>
  <system-err><![CDATA[]]></system-err>
</testsuite>
