<?xml version="1.0" encoding="UTF-8"?>
<testsuite name="griffon.transform.VetoableSpec" tests="1" skipped="0" failures="0" errors="0" timestamp="2016-09-19T16:09:58" hostname="testing-gce-35a66135-6c2a-47ae-8ae7-79d60611b2ca" time="0.035">
  <properties/>
  <testcase name="VetoableASTTransformation is applied to a bean via @Vetoable" classname="griffon.transform.VetoableSpec" time="0.035"/>
  <system-out><![CDATA[]]></system-out>
  <system-err><![CDATA[]]></system-err>
</testsuite>
