<?xml version="1.0" encoding="UTF-8"?>
<testsuite name="griffon.transform.FXObservableSpec" tests="3" skipped="0" failures="0" errors="0" timestamp="2016-09-19T16:09:58" hostname="testing-gce-35a66135-6c2a-47ae-8ae7-79d60611b2ca" time="0.379">
  <properties/>
  <testcase name="Observable primitive properties" classname="griffon.transform.FXObservableSpec" time="0.167"/>
  <testcase name="Observable wrapper properties" classname="griffon.transform.FXObservableSpec" time="0.059"/>
  <testcase name="Observable collection properties" classname="griffon.transform.FXObservableSpec" time="0.152"/>
  <system-out><![CDATA[]]></system-out>
  <system-err><![CDATA[]]></system-err>
</testsuite>
