<?xml version="1.0" encoding="UTF-8"?>
<testsuite name="griffon.transform.FXObservableSpec" tests="3" skipped="0" failures="0" errors="0" timestamp="2016-08-18T09:58:29" hostname="testing-gce-ebffe6ab-47c6-4829-a506-dd5f4e144ef6" time="0.434">
  <properties/>
  <testcase name="Observable primitive properties" classname="griffon.transform.FXObservableSpec" time="0.179"/>
  <testcase name="Observable wrapper properties" classname="griffon.transform.FXObservableSpec" time="0.069"/>
  <testcase name="Observable collection properties" classname="griffon.transform.FXObservableSpec" time="0.185"/>
  <system-out><![CDATA[]]></system-out>
  <system-err><![CDATA[]]></system-err>
</testsuite>
