<?xml version="1.0" encoding="UTF-8"?>
<testsuite name="griffon.transform.FXObservableSpec" tests="3" skipped="0" failures="0" errors="0" timestamp="2016-09-26T20:28:04" hostname="testing-gce-e0d916ad-9926-4311-ac91-422ab9e2ca96" time="0.462">
  <properties/>
  <testcase name="Observable primitive properties" classname="griffon.transform.FXObservableSpec" time="0.187"/>
  <testcase name="Observable wrapper properties" classname="griffon.transform.FXObservableSpec" time="0.087"/>
  <testcase name="Observable collection properties" classname="griffon.transform.FXObservableSpec" time="0.187"/>
  <system-out><![CDATA[]]></system-out>
  <system-err><![CDATA[]]></system-err>
</testsuite>
