<?xml version="1.0" encoding="UTF-8"?>
<testsuite name="griffon.transform.GriffonModelSpec" tests="2" skipped="0" failures="0" errors="0" timestamp="2016-08-18T09:58:28" hostname="testing-gce-ebffe6ab-47c6-4829-a506-dd5f4e144ef6" time="0.139">
  <properties/>
  <testcase name="GriffonModelASTTransformation is applied to a model class" classname="griffon.transform.GriffonModelSpec" time="0.036"/>
  <testcase name="GriffonModelASTTransformation is applied to a model class with a custom superclass" classname="griffon.transform.GriffonModelSpec" time="0.102"/>
  <system-out><![CDATA[]]></system-out>
  <system-err><![CDATA[]]></system-err>
</testsuite>
