<?xml version="1.0" encoding="UTF-8"?>
<testsuite name="griffon.transform.FXObservableSpec" tests="3" skipped="0" failures="0" errors="0" timestamp="2016-08-19T07:55:56" hostname="localhost" time="0.395">
  <properties/>
  <testcase name="Observable primitive properties" classname="griffon.transform.FXObservableSpec" time="0.173"/>
  <testcase name="Observable wrapper properties" classname="griffon.transform.FXObservableSpec" time="0.074"/>
  <testcase name="Observable collection properties" classname="griffon.transform.FXObservableSpec" time="0.146"/>
  <system-out><![CDATA[]]></system-out>
  <system-err><![CDATA[]]></system-err>
</testsuite>
