<?xml version="1.0" encoding="UTF-8"?>
<testsuite name="griffon.transform.ThreadingAwareSpec" tests="1" skipped="0" failures="0" errors="0" timestamp="2016-08-19T07:55:55" hostname="localhost" time="0.054">
  <properties/>
  <testcase name="ThreadingAwareASTTransformation is applied to a bean via @ThreadingAware" classname="griffon.transform.ThreadingAwareSpec" time="0.054"/>
  <system-out><![CDATA[]]></system-out>
  <system-err><![CDATA[]]></system-err>
</testsuite>
