<?xml version="1.0" encoding="UTF-8"?>
<testsuite name="griffon.transform.PropertyListenerSpec" tests="3" skipped="0" failures="0" errors="0" timestamp="2016-10-09T11:56:33" hostname="testing-gce-50bd9316-102c-4ee8-992b-2b2af257f0cc" time="0.116">
  <properties/>
  <testcase name="PropertyListener AST transformation attaches a closure reference as listener" classname="griffon.transform.PropertyListenerSpec" time="0.041"/>
  <testcase name="PropertyListener AST transformation attaches a closure as listener" classname="griffon.transform.PropertyListenerSpec" time="0.036"/>
  <testcase name="PropertyListener AST transformation attaches a closure reference literal as listener" classname="griffon.transform.PropertyListenerSpec" time="0.039"/>
  <system-out><![CDATA[]]></system-out>
  <system-err><![CDATA[]]></system-err>
</testsuite>
