<?xml version="1.0" encoding="UTF-8"?>
<testsuite name="griffon.transform.PropertyListenerSpec" tests="3" skipped="0" failures="0" errors="0" timestamp="2016-09-29T21:34:26" hostname="testing-gce-37e58376-e068-4a33-9b50-d5b7108a1844" time="0.078">
  <properties/>
  <testcase name="PropertyListener AST transformation attaches a closure reference as listener" classname="griffon.transform.PropertyListenerSpec" time="0.033"/>
  <testcase name="PropertyListener AST transformation attaches a closure as listener" classname="griffon.transform.PropertyListenerSpec" time="0.021"/>
  <testcase name="PropertyListener AST transformation attaches a closure reference literal as listener" classname="griffon.transform.PropertyListenerSpec" time="0.022"/>
  <system-out><![CDATA[]]></system-out>
  <system-err><![CDATA[]]></system-err>
</testsuite>
