<?xml version="1.0" encoding="UTF-8"?>
<testsuite name="griffon.transform.GriffonServiceSpec" tests="2" skipped="0" failures="0" errors="0" timestamp="2016-10-06T17:41:20" hostname="testing-gce-81ce1eba-0923-4d63-a3c5-2ab3ce7e6c4c" time="1.524">
  <properties/>
  <testcase name="GriffonServiceASTTransformation is applied to a service class" classname="griffon.transform.GriffonServiceSpec" time="1.176"/>
  <testcase name="GriffonServiceASTTransformation is applied to a service class with a custom superclass" classname="griffon.transform.GriffonServiceSpec" time="0.346"/>
  <system-out><![CDATA[]]></system-out>
  <system-err><![CDATA[]]></system-err>
</testsuite>
