<?xml version="1.0" encoding="UTF-8"?>
<testsuite name="griffon.swing.editors.FontPropertyEditorSpec" tests="33" skipped="0" failures="0" errors="0" timestamp="2016-04-15T16:09:51" hostname="testing-gce-32024fc1-a1a1-4fb5-ad10-6c88253e2502.c.eco-emissary-99515.internal" time="0.065">
  <properties/>
  <testcase name="Font format 'null' should be equal to null" classname="griffon.swing.editors.FontPropertyEditorSpec" time="0.006"/>
  <testcase name="Font format '' should be equal to null" classname="griffon.swing.editors.FontPropertyEditorSpec" time="0.0"/>
  <testcase name="Font format ' ' should be equal to null" classname="griffon.swing.editors.FontPropertyEditorSpec" time="0.0"/>
  <testcase name="Font format '[]' should be equal to null" classname="griffon.swing.editors.FontPropertyEditorSpec" time="0.001"/>
  <testcase name="Font format '[:]' should be equal to null" classname="griffon.swing.editors.FontPropertyEditorSpec" time="0.0"/>
  <testcase name="Font format 'SansSerif-PLAIN-12' should be equal to java.awt.Font[family=SansSerif,name=SansSerif,style=plain,size=12]" classname="griffon.swing.editors.FontPropertyEditorSpec" time="0.001"/>
  <testcase name="Font format 'SansSerif-BOLD-12' should be equal to java.awt.Font[family=SansSerif,name=SansSerif,style=bold,size=12]" classname="griffon.swing.editors.FontPropertyEditorSpec" time="0.001"/>
  <testcase name="Font format 'SansSerif-ITALIC-12' should be equal to java.awt.Font[family=SansSerif,name=SansSerif,style=italic,size=12]" classname="griffon.swing.editors.FontPropertyEditorSpec" time="0.001"/>
  <testcase name="Font format 'SansSerif-BOLDITALIC-12' should be equal to java.awt.Font[family=SansSerif,name=SansSerif,style=bolditalic,size=12]" classname="griffon.swing.editors.FontPropertyEditorSpec" time="0.0"/>
  <testcase name="Font format '[SansSerif, PLAIN, 12]' should be equal to java.awt.Font[family=SansSerif,name=SansSerif,style=plain,size=12]" classname="griffon.swing.editors.FontPropertyEditorSpec" time="0.0"/>
  <testcase name="Font format '[SansSerif, BOLD, 12]' should be equal to java.awt.Font[family=SansSerif,name=SansSerif,style=bold,size=12]" classname="griffon.swing.editors.FontPropertyEditorSpec" time="0.0"/>
  <testcase name="Font format '[SansSerif, ITALIC, 12]' should be equal to java.awt.Font[family=SansSerif,name=SansSerif,style=italic,size=12]" classname="griffon.swing.editors.FontPropertyEditorSpec" time="0.001"/>
  <testcase name="Font format '[SansSerif, BOLDITALIC, 12]' should be equal to java.awt.Font[family=SansSerif,name=SansSerif,style=bolditalic,size=12]" classname="griffon.swing.editors.FontPropertyEditorSpec" time="0.0"/>
  <testcase name="Font format '[family:SansSerif, style:PLAIN, size:12]' should be equal to java.awt.Font[family=SansSerif,name=SansSerif,style=plain,size=12]" classname="griffon.swing.editors.FontPropertyEditorSpec" time="0.0"/>
  <testcase name="Font format '[family:SansSerif, style:BOLD, size:12]' should be equal to java.awt.Font[family=SansSerif,name=SansSerif,style=bold,size=12]" classname="griffon.swing.editors.FontPropertyEditorSpec" time="0.0"/>
  <testcase name="Font format '[family:SansSerif, style:ITALIC, size:12]' should be equal to java.awt.Font[family=SansSerif,name=SansSerif,style=italic,size=12]" classname="griffon.swing.editors.FontPropertyEditorSpec" time="0.001"/>
  <testcase name="Font format '[family:SansSerif, style:BOLDITALIC, size:12]' should be equal to java.awt.Font[family=SansSerif,name=SansSerif,style=bolditalic,size=12]" classname="griffon.swing.editors.FontPropertyEditorSpec" time="0.0"/>
  <testcase name="Font format 'java.awt.Font[family=SansSerif,name=SansSerif,style=bolditalic,size=12]' should be equal to java.awt.Font[family=SansSerif,name=SansSerif,style=bolditalic,size=12]" classname="griffon.swing.editors.FontPropertyEditorSpec" time="0.001"/>
  <testcase name="Invalid font format 'garbage'" classname="griffon.swing.editors.FontPropertyEditorSpec" time="0.001"/>
  <testcase name="Invalid font format 'foo-bar-baz'" classname="griffon.swing.editors.FontPropertyEditorSpec" time="0.0"/>
  <testcase name="Invalid font format 'SansSerif-FOO-12'" classname="griffon.swing.editors.FontPropertyEditorSpec" time="0.001"/>
  <testcase name="Invalid font format 'SansSerif-BOLD-baz'" classname="griffon.swing.editors.FontPropertyEditorSpec" time="0.0"/>
  <testcase name="Invalid font format '[SansSerif]'" classname="griffon.swing.editors.FontPropertyEditorSpec" time="0.0"/>
  <testcase name="Invalid font format '[SansSerif, BOLD]'" classname="griffon.swing.editors.FontPropertyEditorSpec" time="0.001"/>
  <testcase name="Invalid font format '[family:SansSerif]'" classname="griffon.swing.editors.FontPropertyEditorSpec" time="0.001"/>
  <testcase name="Invalid font format '[java.lang.Object@40282a5b]'" classname="griffon.swing.editors.FontPropertyEditorSpec" time="0.0"/>
  <testcase name="Invalid font format '[family:java.lang.Object@1be65ce6]'" classname="griffon.swing.editors.FontPropertyEditorSpec" time="0.0"/>
  <testcase name="Invalid font format 'java.lang.Object@505b868c'" classname="griffon.swing.editors.FontPropertyEditorSpec" time="0.001"/>
  <testcase name="Formatted font 'null'" classname="griffon.swing.editors.FontPropertyEditorSpec" time="0.001"/>
  <testcase name="Formatted font 'SansSerif-PLAIN-12'" classname="griffon.swing.editors.FontPropertyEditorSpec" time="0.0"/>
  <testcase name="Formatted font 'SansSerif-BOLD-12'" classname="griffon.swing.editors.FontPropertyEditorSpec" time="0.0"/>
  <testcase name="Formatted font 'SansSerif-ITALIC-12'" classname="griffon.swing.editors.FontPropertyEditorSpec" time="0.001"/>
  <testcase name="Formatted font 'SansSerif-BOLDITALIC-12'" classname="griffon.swing.editors.FontPropertyEditorSpec" time="0.0"/>
  <system-out><![CDATA[]]></system-out>
  <system-err><![CDATA[]]></system-err>
</testsuite>
