<?xml version="1.0" encoding="UTF-8"?>
<testsuite name="griffon.swing.editors.PolygonPropertyEditorSpec" tests="20" skipped="0" failures="0" errors="0" timestamp="2014-06-24T19:59:07" hostname="testing-worker-linux-7-2-14978-linux-2-28346145" time="0.199">
  <properties/>
  <testcase name="Polygon format 'null' should be supported" classname="griffon.swing.editors.PolygonPropertyEditorSpec" time="0.112"/>
  <testcase name="Polygon format '' should be supported" classname="griffon.swing.editors.PolygonPropertyEditorSpec" time="0.004"/>
  <testcase name="Polygon format ' ' should be supported" classname="griffon.swing.editors.PolygonPropertyEditorSpec" time="0.0"/>
  <testcase name="Polygon format '[]' should be supported" classname="griffon.swing.editors.PolygonPropertyEditorSpec" time="0.0"/>
  <testcase name="Polygon format '0,1,2,3' should be supported" classname="griffon.swing.editors.PolygonPropertyEditorSpec" time="0.025"/>
  <testcase name="Polygon format '0, 1, 2, 3' should be supported" classname="griffon.swing.editors.PolygonPropertyEditorSpec" time="0.001"/>
  <testcase name="Polygon format ' 0, 1, 2, 3' should be supported" classname="griffon.swing.editors.PolygonPropertyEditorSpec" time="0.001"/>
  <testcase name="Polygon format ' 0, 1, 2, 3 ' should be supported" classname="griffon.swing.editors.PolygonPropertyEditorSpec" time="0.001"/>
  <testcase name="Polygon format '[0, 1, 2, 3]' should be supported" classname="griffon.swing.editors.PolygonPropertyEditorSpec" time="0.001"/>
  <testcase name="Polygon format '[0, 1, 2, 3]' should be supported" classname="griffon.swing.editors.PolygonPropertyEditorSpec" time="0.001"/>
  <testcase name="Polygon format 'java.awt.Polygon@552d5b7f' should be supported" classname="griffon.swing.editors.PolygonPropertyEditorSpec" time="0.001"/>
  <testcase name="Invalid polygon format 'garbage'" classname="griffon.swing.editors.PolygonPropertyEditorSpec" time="0.007"/>
  <testcase name="Invalid polygon format '1, 2, 3'" classname="griffon.swing.editors.PolygonPropertyEditorSpec" time="0.001"/>
  <testcase name="Invalid polygon format '1, 2, 3, a'" classname="griffon.swing.editors.PolygonPropertyEditorSpec" time="0.0"/>
  <testcase name="Invalid polygon format '[1, 2, 3]'" classname="griffon.swing.editors.PolygonPropertyEditorSpec" time="0.001"/>
  <testcase name="Invalid polygon format '[java.lang.Object@313c6ef9, java.lang.Object@7699b6af, java.lang.Object@65a8d7fd, java.lang.Object@2ffc572f]'" classname="griffon.swing.editors.PolygonPropertyEditorSpec" time="0.003"/>
  <testcase name="Invalid polygon format '[java.lang.Object@6108bddb]'" classname="griffon.swing.editors.PolygonPropertyEditorSpec" time="0.0"/>
  <testcase name="Invalid polygon format 'java.lang.Object@4e8a6a2'" classname="griffon.swing.editors.PolygonPropertyEditorSpec" time="0.0"/>
  <testcase name="Formatted polygon 'null'" classname="griffon.swing.editors.PolygonPropertyEditorSpec" time="0.002"/>
  <testcase name="Formatted polygon '0, 1, 2, 3'" classname="griffon.swing.editors.PolygonPropertyEditorSpec" time="0.0"/>
  <system-out><![CDATA[]]></system-out>
  <system-err><![CDATA[]]></system-err>
</testsuite>
