<?xml version="1.0" encoding="UTF-8"?>
<testsuite name="griffon.swing.editors.PolygonPropertyEditorSpec" tests="20" skipped="0" failures="0" errors="0" timestamp="2016-01-23T18:39:08" hostname="testing-gce-37c1816f-5fd0-4856-9889-221a9ca4dea0.c.eco-emissary-99515.internal" time="0.024">
  <properties/>
  <testcase name="Polygon format 'null' should be supported" classname="griffon.swing.editors.PolygonPropertyEditorSpec" time="0.003"/>
  <testcase name="Polygon format '' should be supported" classname="griffon.swing.editors.PolygonPropertyEditorSpec" time="0.0"/>
  <testcase name="Polygon format ' ' should be supported" classname="griffon.swing.editors.PolygonPropertyEditorSpec" time="0.001"/>
  <testcase name="Polygon format '[]' should be supported" classname="griffon.swing.editors.PolygonPropertyEditorSpec" time="0.0"/>
  <testcase name="Polygon format '0,1,2,3' should be supported" classname="griffon.swing.editors.PolygonPropertyEditorSpec" time="0.002"/>
  <testcase name="Polygon format '0, 1, 2, 3' should be supported" classname="griffon.swing.editors.PolygonPropertyEditorSpec" time="0.001"/>
  <testcase name="Polygon format ' 0, 1, 2, 3' should be supported" classname="griffon.swing.editors.PolygonPropertyEditorSpec" time="0.0"/>
  <testcase name="Polygon format ' 0, 1, 2, 3 ' should be supported" classname="griffon.swing.editors.PolygonPropertyEditorSpec" time="0.001"/>
  <testcase name="Polygon format '[0, 1, 2, 3]' should be supported" classname="griffon.swing.editors.PolygonPropertyEditorSpec" time="0.0"/>
  <testcase name="Polygon format '[0, 1, 2, 3]' should be supported" classname="griffon.swing.editors.PolygonPropertyEditorSpec" time="0.001"/>
  <testcase name="Polygon format 'java.awt.Polygon@728b4d98' should be supported" classname="griffon.swing.editors.PolygonPropertyEditorSpec" time="0.0"/>
  <testcase name="Invalid polygon format 'garbage'" classname="griffon.swing.editors.PolygonPropertyEditorSpec" time="0.001"/>
  <testcase name="Invalid polygon format '1, 2, 3'" classname="griffon.swing.editors.PolygonPropertyEditorSpec" time="0.0"/>
  <testcase name="Invalid polygon format '1, 2, 3, a'" classname="griffon.swing.editors.PolygonPropertyEditorSpec" time="0.002"/>
  <testcase name="Invalid polygon format '[1, 2, 3]'" classname="griffon.swing.editors.PolygonPropertyEditorSpec" time="0.0"/>
  <testcase name="Invalid polygon format '[java.lang.Object@3f41c8ad, java.lang.Object@178ea550, java.lang.Object@d9cf452, java.lang.Object@40f2e0ba]'" classname="griffon.swing.editors.PolygonPropertyEditorSpec" time="0.001"/>
  <testcase name="Invalid polygon format '[java.lang.Object@1301c3e4]'" classname="griffon.swing.editors.PolygonPropertyEditorSpec" time="0.0"/>
  <testcase name="Invalid polygon format 'java.lang.Object@79d58bb2'" classname="griffon.swing.editors.PolygonPropertyEditorSpec" time="0.0"/>
  <testcase name="Formatted polygon 'null'" classname="griffon.swing.editors.PolygonPropertyEditorSpec" time="0.0"/>
  <testcase name="Formatted polygon '0, 1, 2, 3'" classname="griffon.swing.editors.PolygonPropertyEditorSpec" time="0.0"/>
  <system-out><![CDATA[]]></system-out>
  <system-err><![CDATA[]]></system-err>
</testsuite>
