<?xml version="1.0" encoding="UTF-8"?>
<testsuite name="griffon.swing.editors.DimensionPropertyEditorSpec" tests="31" skipped="0" failures="0" errors="0" timestamp="2016-02-27T11:00:20" hostname="testing-gce-a793adc9-3b45-4923-b062-f640e742d9c9.c.eco-emissary-99515.internal" time="0.018">
  <properties/>
  <testcase name="Dimension format 'null' should be equal to #Error:dimension" classname="griffon.swing.editors.DimensionPropertyEditorSpec" time="0.004"/>
  <testcase name="Dimension format '' should be equal to #Error:dimension" classname="griffon.swing.editors.DimensionPropertyEditorSpec" time="0.0"/>
  <testcase name="Dimension format ' ' should be equal to #Error:dimension" classname="griffon.swing.editors.DimensionPropertyEditorSpec" time="0.0"/>
  <testcase name="Dimension format '[]' should be equal to #Error:dimension" classname="griffon.swing.editors.DimensionPropertyEditorSpec" time="0.0"/>
  <testcase name="Dimension format '[:]' should be equal to #Error:dimension" classname="griffon.swing.editors.DimensionPropertyEditorSpec" time="0.0"/>
  <testcase name="Dimension format '10,20' should be equal to #Error:dimension" classname="griffon.swing.editors.DimensionPropertyEditorSpec" time="0.002"/>
  <testcase name="Dimension format '10, 20' should be equal to #Error:dimension" classname="griffon.swing.editors.DimensionPropertyEditorSpec" time="0.0"/>
  <testcase name="Dimension format ' 10, 20' should be equal to #Error:dimension" classname="griffon.swing.editors.DimensionPropertyEditorSpec" time="0.0"/>
  <testcase name="Dimension format ' 10, 20 ' should be equal to #Error:dimension" classname="griffon.swing.editors.DimensionPropertyEditorSpec" time="0.0"/>
  <testcase name="Dimension format '[10, 20]' should be equal to #Error:dimension" classname="griffon.swing.editors.DimensionPropertyEditorSpec" time="0.0"/>
  <testcase name="Dimension format '[10, 20]' should be equal to #Error:dimension" classname="griffon.swing.editors.DimensionPropertyEditorSpec" time="0.0"/>
  <testcase name="Dimension format '10' should be equal to #Error:dimension" classname="griffon.swing.editors.DimensionPropertyEditorSpec" time="0.0"/>
  <testcase name="Dimension format '10' should be equal to #Error:dimension" classname="griffon.swing.editors.DimensionPropertyEditorSpec" time="0.0"/>
  <testcase name="Dimension format '[10]' should be equal to #Error:dimension" classname="griffon.swing.editors.DimensionPropertyEditorSpec" time="0.0"/>
  <testcase name="Dimension format '[10]' should be equal to #Error:dimension" classname="griffon.swing.editors.DimensionPropertyEditorSpec" time="0.0"/>
  <testcase name="Dimension format '[width:10, height:20]' should be equal to #Error:dimension" classname="griffon.swing.editors.DimensionPropertyEditorSpec" time="0.001"/>
  <testcase name="Dimension format '[width:10, height:20]' should be equal to #Error:dimension" classname="griffon.swing.editors.DimensionPropertyEditorSpec" time="0.0"/>
  <testcase name="Dimension format '[w:10, h:20]' should be equal to #Error:dimension" classname="griffon.swing.editors.DimensionPropertyEditorSpec" time="0.0"/>
  <testcase name="Dimension format '[w:10, h:20]' should be equal to #Error:dimension" classname="griffon.swing.editors.DimensionPropertyEditorSpec" time="0.0"/>
  <testcase name="Dimension format 'java.awt.Dimension[width=10,height=20]' should be equal to #Error:dimension" classname="griffon.swing.editors.DimensionPropertyEditorSpec" time="0.0"/>
  <testcase name="Dimension format '[foo:10, bar:20]' should be equal to #Error:dimension" classname="griffon.swing.editors.DimensionPropertyEditorSpec" time="0.0"/>
  <testcase name="Invalid dimension format 'garbage'" classname="griffon.swing.editors.DimensionPropertyEditorSpec" time="0.0"/>
  <testcase name="Invalid dimension format '1, 2, 3'" classname="griffon.swing.editors.DimensionPropertyEditorSpec" time="0.0"/>
  <testcase name="Invalid dimension format '[1, 2, 3]'" classname="griffon.swing.editors.DimensionPropertyEditorSpec" time="0.0"/>
  <testcase name="Invalid dimension format '[width:a]'" classname="griffon.swing.editors.DimensionPropertyEditorSpec" time="0.001"/>
  <testcase name="Invalid dimension format '[w:b]'" classname="griffon.swing.editors.DimensionPropertyEditorSpec" time="0.0"/>
  <testcase name="Invalid dimension format '[java.lang.Object@49fc1018]'" classname="griffon.swing.editors.DimensionPropertyEditorSpec" time="0.0"/>
  <testcase name="Invalid dimension format '[w:java.lang.Object@2008ee60]'" classname="griffon.swing.editors.DimensionPropertyEditorSpec" time="0.001"/>
  <testcase name="Invalid dimension format 'java.lang.Object@586c5217'" classname="griffon.swing.editors.DimensionPropertyEditorSpec" time="0.0"/>
  <testcase name="Formatted dimension 'null'" classname="griffon.swing.editors.DimensionPropertyEditorSpec" time="0.001"/>
  <testcase name="Formatted dimension '10.0, 20.0'" classname="griffon.swing.editors.DimensionPropertyEditorSpec" time="0.0"/>
  <system-out><![CDATA[]]></system-out>
  <system-err><![CDATA[]]></system-err>
</testsuite>
