<?xml version="1.0" encoding="UTF-8"?>
<testsuite name="griffon.swing.editors.PolygonPropertyEditorSpec" tests="20" skipped="0" failures="0" errors="0" timestamp="2015-11-29T13:29:27" hostname="testing-worker-linux-3da96de7-2-501-linux-7-93770621" time="0.012">
  <properties/>
  <testcase name="Polygon format 'null' should be supported" classname="griffon.swing.editors.PolygonPropertyEditorSpec" time="0.003"/>
  <testcase name="Polygon format '' should be supported" classname="griffon.swing.editors.PolygonPropertyEditorSpec" time="0.0"/>
  <testcase name="Polygon format ' ' should be supported" classname="griffon.swing.editors.PolygonPropertyEditorSpec" time="0.0"/>
  <testcase name="Polygon format '[]' should be supported" classname="griffon.swing.editors.PolygonPropertyEditorSpec" time="0.0"/>
  <testcase name="Polygon format '0,1,2,3' should be supported" classname="griffon.swing.editors.PolygonPropertyEditorSpec" time="0.001"/>
  <testcase name="Polygon format '0, 1, 2, 3' should be supported" classname="griffon.swing.editors.PolygonPropertyEditorSpec" time="0.001"/>
  <testcase name="Polygon format ' 0, 1, 2, 3' should be supported" classname="griffon.swing.editors.PolygonPropertyEditorSpec" time="0.0"/>
  <testcase name="Polygon format ' 0, 1, 2, 3 ' should be supported" classname="griffon.swing.editors.PolygonPropertyEditorSpec" time="0.0"/>
  <testcase name="Polygon format '[0, 1, 2, 3]' should be supported" classname="griffon.swing.editors.PolygonPropertyEditorSpec" time="0.001"/>
  <testcase name="Polygon format '[0, 1, 2, 3]' should be supported" classname="griffon.swing.editors.PolygonPropertyEditorSpec" time="0.0"/>
  <testcase name="Polygon format 'java.awt.Polygon@61994c30' should be supported" classname="griffon.swing.editors.PolygonPropertyEditorSpec" time="0.0"/>
  <testcase name="Invalid polygon format 'garbage'" classname="griffon.swing.editors.PolygonPropertyEditorSpec" time="0.0"/>
  <testcase name="Invalid polygon format '1, 2, 3'" classname="griffon.swing.editors.PolygonPropertyEditorSpec" time="0.0"/>
  <testcase name="Invalid polygon format '1, 2, 3, a'" classname="griffon.swing.editors.PolygonPropertyEditorSpec" time="0.0"/>
  <testcase name="Invalid polygon format '[1, 2, 3]'" classname="griffon.swing.editors.PolygonPropertyEditorSpec" time="0.0"/>
  <testcase name="Invalid polygon format '[java.lang.Object@3ff6d22d, java.lang.Object@1425f12f, java.lang.Object@fb587da, java.lang.Object@5dd685eb]'" classname="griffon.swing.editors.PolygonPropertyEditorSpec" time="0.0"/>
  <testcase name="Invalid polygon format '[java.lang.Object@6faf7cf7]'" classname="griffon.swing.editors.PolygonPropertyEditorSpec" time="0.0"/>
  <testcase name="Invalid polygon format 'java.lang.Object@4c87bd8f'" classname="griffon.swing.editors.PolygonPropertyEditorSpec" time="0.0"/>
  <testcase name="Formatted polygon 'null'" classname="griffon.swing.editors.PolygonPropertyEditorSpec" time="0.0"/>
  <testcase name="Formatted polygon '0, 1, 2, 3'" classname="griffon.swing.editors.PolygonPropertyEditorSpec" time="0.0"/>
  <system-out><![CDATA[]]></system-out>
  <system-err><![CDATA[]]></system-err>
</testsuite>
