<?xml version="1.0" encoding="UTF-8"?>
<testsuite name="griffon.swing.editors.PolygonPropertyEditorSpec" tests="20" skipped="0" failures="0" errors="0" timestamp="2015-08-04T13:36:05" hostname="testing-worker-linux-027f0490-1-16455-linux-15-74062201" time="0.018">
  <properties/>
  <testcase name="Polygon format 'null' should be supported" classname="griffon.swing.editors.PolygonPropertyEditorSpec" time="0.005"/>
  <testcase name="Polygon format '' should be supported" classname="griffon.swing.editors.PolygonPropertyEditorSpec" time="0.0"/>
  <testcase name="Polygon format ' ' should be supported" classname="griffon.swing.editors.PolygonPropertyEditorSpec" time="0.001"/>
  <testcase name="Polygon format '[]' should be supported" classname="griffon.swing.editors.PolygonPropertyEditorSpec" time="0.0"/>
  <testcase name="Polygon format '0,1,2,3' should be supported" classname="griffon.swing.editors.PolygonPropertyEditorSpec" time="0.003"/>
  <testcase name="Polygon format '0, 1, 2, 3' should be supported" classname="griffon.swing.editors.PolygonPropertyEditorSpec" time="0.0"/>
  <testcase name="Polygon format ' 0, 1, 2, 3' should be supported" classname="griffon.swing.editors.PolygonPropertyEditorSpec" time="0.001"/>
  <testcase name="Polygon format ' 0, 1, 2, 3 ' should be supported" classname="griffon.swing.editors.PolygonPropertyEditorSpec" time="0.0"/>
  <testcase name="Polygon format '[0, 1, 2, 3]' should be supported" classname="griffon.swing.editors.PolygonPropertyEditorSpec" time="0.0"/>
  <testcase name="Polygon format '[0, 1, 2, 3]' should be supported" classname="griffon.swing.editors.PolygonPropertyEditorSpec" time="0.0"/>
  <testcase name="Polygon format 'java.awt.Polygon@2c46ebe5' should be supported" classname="griffon.swing.editors.PolygonPropertyEditorSpec" time="0.0"/>
  <testcase name="Invalid polygon format 'garbage'" classname="griffon.swing.editors.PolygonPropertyEditorSpec" time="0.001"/>
  <testcase name="Invalid polygon format '1, 2, 3'" classname="griffon.swing.editors.PolygonPropertyEditorSpec" time="0.0"/>
  <testcase name="Invalid polygon format '1, 2, 3, a'" classname="griffon.swing.editors.PolygonPropertyEditorSpec" time="0.001"/>
  <testcase name="Invalid polygon format '[1, 2, 3]'" classname="griffon.swing.editors.PolygonPropertyEditorSpec" time="0.001"/>
  <testcase name="Invalid polygon format '[java.lang.Object@5a9ececf, java.lang.Object@411c0fba, java.lang.Object@1088b21, java.lang.Object@6bd178d6]'" classname="griffon.swing.editors.PolygonPropertyEditorSpec" time="0.001"/>
  <testcase name="Invalid polygon format '[java.lang.Object@66d59d52]'" classname="griffon.swing.editors.PolygonPropertyEditorSpec" time="0.0"/>
  <testcase name="Invalid polygon format 'java.lang.Object@23c1432a'" classname="griffon.swing.editors.PolygonPropertyEditorSpec" time="0.001"/>
  <testcase name="Formatted polygon 'null'" classname="griffon.swing.editors.PolygonPropertyEditorSpec" time="0.0"/>
  <testcase name="Formatted polygon '0, 1, 2, 3'" classname="griffon.swing.editors.PolygonPropertyEditorSpec" time="0.0"/>
  <system-out><![CDATA[]]></system-out>
  <system-err><![CDATA[]]></system-err>
</testsuite>
