<?xml version="1.0" encoding="UTF-8"?>
<testsuite name="griffon.swing.editors.InsetsPropertyEditorSpec" tests="34" skipped="0" failures="0" errors="0" timestamp="2016-03-11T19:51:54" hostname="testing-gce-45abd5dc-8f47-4abf-8f08-1ed7d76fbd60.c.travis-ci-prod-5.internal" time="0.036">
  <properties/>
  <testcase name="Insets format 'null' should be equal to #Error:insets" classname="griffon.swing.editors.InsetsPropertyEditorSpec" time="0.004"/>
  <testcase name="Insets format '' should be equal to #Error:insets" classname="griffon.swing.editors.InsetsPropertyEditorSpec" time="0.0"/>
  <testcase name="Insets format ' ' should be equal to #Error:insets" classname="griffon.swing.editors.InsetsPropertyEditorSpec" time="0.0"/>
  <testcase name="Insets format '[]' should be equal to #Error:insets" classname="griffon.swing.editors.InsetsPropertyEditorSpec" time="0.0"/>
  <testcase name="Insets format '[:]' should be equal to #Error:insets" classname="griffon.swing.editors.InsetsPropertyEditorSpec" time="0.0"/>
  <testcase name="Insets format '1' should be equal to #Error:insets" classname="griffon.swing.editors.InsetsPropertyEditorSpec" time="0.0"/>
  <testcase name="Insets format '1,2' should be equal to #Error:insets" classname="griffon.swing.editors.InsetsPropertyEditorSpec" time="0.0"/>
  <testcase name="Insets format '1,2,3' should be equal to #Error:insets" classname="griffon.swing.editors.InsetsPropertyEditorSpec" time="0.001"/>
  <testcase name="Insets format '1,2,3,4' should be equal to #Error:insets" classname="griffon.swing.editors.InsetsPropertyEditorSpec" time="0.0"/>
  <testcase name="Insets format '1, 2, 3, 4' should be equal to #Error:insets" classname="griffon.swing.editors.InsetsPropertyEditorSpec" time="0.0"/>
  <testcase name="Insets format ' 1, 2, 3, 4' should be equal to #Error:insets" classname="griffon.swing.editors.InsetsPropertyEditorSpec" time="0.001"/>
  <testcase name="Insets format ' 1, 2,3 , 4 ' should be equal to #Error:insets" classname="griffon.swing.editors.InsetsPropertyEditorSpec" time="0.0"/>
  <testcase name="Insets format '[1, 2, 3, 4]' should be equal to #Error:insets" classname="griffon.swing.editors.InsetsPropertyEditorSpec" time="0.0"/>
  <testcase name="Insets format '[1, 2, 3, 4]' should be equal to #Error:insets" classname="griffon.swing.editors.InsetsPropertyEditorSpec" time="0.0"/>
  <testcase name="Insets format '1' should be equal to #Error:insets" classname="griffon.swing.editors.InsetsPropertyEditorSpec" time="0.0"/>
  <testcase name="Insets format '[1]' should be equal to #Error:insets" classname="griffon.swing.editors.InsetsPropertyEditorSpec" time="0.0"/>
  <testcase name="Insets format '[1]' should be equal to #Error:insets" classname="griffon.swing.editors.InsetsPropertyEditorSpec" time="0.0"/>
  <testcase name="Insets format '[top:1, left:2, right:3, bottom:4]' should be equal to #Error:insets" classname="griffon.swing.editors.InsetsPropertyEditorSpec" time="0.0"/>
  <testcase name="Insets format '[top:1, left:2, right:3, bottom:4]' should be equal to #Error:insets" classname="griffon.swing.editors.InsetsPropertyEditorSpec" time="0.0"/>
  <testcase name="Insets format '[t:1, l:2, r:3, b:4]' should be equal to #Error:insets" classname="griffon.swing.editors.InsetsPropertyEditorSpec" time="0.0"/>
  <testcase name="Insets format '[t:1, l:2, r:3, b:4]' should be equal to #Error:insets" classname="griffon.swing.editors.InsetsPropertyEditorSpec" time="0.001"/>
  <testcase name="Insets format 'java.awt.Insets[top=1,left=2,bottom=3,right=4]' should be equal to #Error:insets" classname="griffon.swing.editors.InsetsPropertyEditorSpec" time="0.0"/>
  <testcase name="Insets format '[foo:1, bar:2]' should be equal to #Error:insets" classname="griffon.swing.editors.InsetsPropertyEditorSpec" time="0.0"/>
  <testcase name="Invalid insets format 'garbage'" classname="griffon.swing.editors.InsetsPropertyEditorSpec" time="0.001"/>
  <testcase name="Invalid insets format '1, 2, 3,4 ,5'" classname="griffon.swing.editors.InsetsPropertyEditorSpec" time="0.0"/>
  <testcase name="Invalid insets format '1, a'" classname="griffon.swing.editors.InsetsPropertyEditorSpec" time="0.0"/>
  <testcase name="Invalid insets format '[1, 2, 3, 4, 5]'" classname="griffon.swing.editors.InsetsPropertyEditorSpec" time="0.0"/>
  <testcase name="Invalid insets format '[java.lang.Object@316a26fe]'" classname="griffon.swing.editors.InsetsPropertyEditorSpec" time="0.0"/>
  <testcase name="Invalid insets format '[t:java.lang.Object@7d892dca]'" classname="griffon.swing.editors.InsetsPropertyEditorSpec" time="0.0"/>
  <testcase name="Invalid insets format '[top:a]'" classname="griffon.swing.editors.InsetsPropertyEditorSpec" time="0.0"/>
  <testcase name="Invalid insets format '[t:b]'" classname="griffon.swing.editors.InsetsPropertyEditorSpec" time="0.0"/>
  <testcase name="Invalid insets format 'java.lang.Object@17d83782'" classname="griffon.swing.editors.InsetsPropertyEditorSpec" time="0.0"/>
  <testcase name="Formatted insets 'null'" classname="griffon.swing.editors.InsetsPropertyEditorSpec" time="0.0"/>
  <testcase name="Formatted insets '1, 2, 3, 4'" classname="griffon.swing.editors.InsetsPropertyEditorSpec" time="0.0"/>
  <system-out><![CDATA[]]></system-out>
  <system-err><![CDATA[]]></system-err>
</testsuite>
