<?xml version="1.0" encoding="UTF-8"?>
<testsuite name="griffon.swing.editors.InsetsPropertyEditorSpec" tests="34" skipped="0" failures="0" errors="0" timestamp="2016-06-15T15:19:58" hostname="testing-gce-d48e4618-8743-49ce-ab58-b05a4715e7f0.c.travis-ci-prod-3.internal" time="0.067">
  <properties/>
  <testcase name="Insets format 'null' should be equal to #Error:insets" classname="griffon.swing.editors.InsetsPropertyEditorSpec" time="0.007"/>
  <testcase name="Insets format '' should be equal to #Error:insets" classname="griffon.swing.editors.InsetsPropertyEditorSpec" time="0.001"/>
  <testcase name="Insets format ' ' should be equal to #Error:insets" classname="griffon.swing.editors.InsetsPropertyEditorSpec" time="0.001"/>
  <testcase name="Insets format '[]' should be equal to #Error:insets" classname="griffon.swing.editors.InsetsPropertyEditorSpec" time="0.0"/>
  <testcase name="Insets format '[:]' should be equal to #Error:insets" classname="griffon.swing.editors.InsetsPropertyEditorSpec" time="0.001"/>
  <testcase name="Insets format '1' should be equal to #Error:insets" classname="griffon.swing.editors.InsetsPropertyEditorSpec" time="0.001"/>
  <testcase name="Insets format '1,2' should be equal to #Error:insets" classname="griffon.swing.editors.InsetsPropertyEditorSpec" time="0.002"/>
  <testcase name="Insets format '1,2,3' should be equal to #Error:insets" classname="griffon.swing.editors.InsetsPropertyEditorSpec" time="0.0"/>
  <testcase name="Insets format '1,2,3,4' should be equal to #Error:insets" classname="griffon.swing.editors.InsetsPropertyEditorSpec" time="0.0"/>
  <testcase name="Insets format '1, 2, 3, 4' should be equal to #Error:insets" classname="griffon.swing.editors.InsetsPropertyEditorSpec" time="0.0"/>
  <testcase name="Insets format ' 1, 2, 3, 4' should be equal to #Error:insets" classname="griffon.swing.editors.InsetsPropertyEditorSpec" time="0.001"/>
  <testcase name="Insets format ' 1, 2,3 , 4 ' should be equal to #Error:insets" classname="griffon.swing.editors.InsetsPropertyEditorSpec" time="0.002"/>
  <testcase name="Insets format '[1, 2, 3, 4]' should be equal to #Error:insets" classname="griffon.swing.editors.InsetsPropertyEditorSpec" time="0.001"/>
  <testcase name="Insets format '[1, 2, 3, 4]' should be equal to #Error:insets" classname="griffon.swing.editors.InsetsPropertyEditorSpec" time="0.003"/>
  <testcase name="Insets format '1' should be equal to #Error:insets" classname="griffon.swing.editors.InsetsPropertyEditorSpec" time="0.0"/>
  <testcase name="Insets format '[1]' should be equal to #Error:insets" classname="griffon.swing.editors.InsetsPropertyEditorSpec" time="0.002"/>
  <testcase name="Insets format '[1]' should be equal to #Error:insets" classname="griffon.swing.editors.InsetsPropertyEditorSpec" time="0.0"/>
  <testcase name="Insets format '[top:1, left:2, right:3, bottom:4]' should be equal to #Error:insets" classname="griffon.swing.editors.InsetsPropertyEditorSpec" time="0.001"/>
  <testcase name="Insets format '[top:1, left:2, right:3, bottom:4]' should be equal to #Error:insets" classname="griffon.swing.editors.InsetsPropertyEditorSpec" time="0.001"/>
  <testcase name="Insets format '[t:1, l:2, r:3, b:4]' should be equal to #Error:insets" classname="griffon.swing.editors.InsetsPropertyEditorSpec" time="0.0"/>
  <testcase name="Insets format '[t:1, l:2, r:3, b:4]' should be equal to #Error:insets" classname="griffon.swing.editors.InsetsPropertyEditorSpec" time="0.001"/>
  <testcase name="Insets format 'java.awt.Insets[top=1,left=2,bottom=3,right=4]' should be equal to #Error:insets" classname="griffon.swing.editors.InsetsPropertyEditorSpec" time="0.0"/>
  <testcase name="Insets format '[foo:1, bar:2]' should be equal to #Error:insets" classname="griffon.swing.editors.InsetsPropertyEditorSpec" time="0.0"/>
  <testcase name="Invalid insets format 'garbage'" classname="griffon.swing.editors.InsetsPropertyEditorSpec" time="0.0"/>
  <testcase name="Invalid insets format '1, 2, 3,4 ,5'" classname="griffon.swing.editors.InsetsPropertyEditorSpec" time="0.0"/>
  <testcase name="Invalid insets format '1, a'" classname="griffon.swing.editors.InsetsPropertyEditorSpec" time="0.001"/>
  <testcase name="Invalid insets format '[1, 2, 3, 4, 5]'" classname="griffon.swing.editors.InsetsPropertyEditorSpec" time="0.001"/>
  <testcase name="Invalid insets format '[java.lang.Object@51a16904]'" classname="griffon.swing.editors.InsetsPropertyEditorSpec" time="0.003"/>
  <testcase name="Invalid insets format '[t:java.lang.Object@728a5f4b]'" classname="griffon.swing.editors.InsetsPropertyEditorSpec" time="0.001"/>
  <testcase name="Invalid insets format '[top:a]'" classname="griffon.swing.editors.InsetsPropertyEditorSpec" time="0.001"/>
  <testcase name="Invalid insets format '[t:b]'" classname="griffon.swing.editors.InsetsPropertyEditorSpec" time="0.003"/>
  <testcase name="Invalid insets format 'java.lang.Object@4603b575'" classname="griffon.swing.editors.InsetsPropertyEditorSpec" time="0.0"/>
  <testcase name="Formatted insets 'null'" classname="griffon.swing.editors.InsetsPropertyEditorSpec" time="0.001"/>
  <testcase name="Formatted insets '1, 2, 3, 4'" classname="griffon.swing.editors.InsetsPropertyEditorSpec" time="0.001"/>
  <system-out><![CDATA[]]></system-out>
  <system-err><![CDATA[]]></system-err>
</testsuite>
