<?xml version="1.0" encoding="UTF-8"?>
<testsuite name="griffon.swing.editors.InsetsPropertyEditorSpec" tests="34" skipped="0" failures="0" errors="0" timestamp="2016-04-15T16:09:51" hostname="testing-gce-32024fc1-a1a1-4fb5-ad10-6c88253e2502.c.eco-emissary-99515.internal" time="0.055">
  <properties/>
  <testcase name="Insets format 'null' should be equal to #Error:insets" classname="griffon.swing.editors.InsetsPropertyEditorSpec" time="0.027"/>
  <testcase name="Insets format '' should be equal to #Error:insets" classname="griffon.swing.editors.InsetsPropertyEditorSpec" time="0.0"/>
  <testcase name="Insets format ' ' should be equal to #Error:insets" classname="griffon.swing.editors.InsetsPropertyEditorSpec" time="0.001"/>
  <testcase name="Insets format '[]' should be equal to #Error:insets" classname="griffon.swing.editors.InsetsPropertyEditorSpec" time="0.0"/>
  <testcase name="Insets format '[:]' should be equal to #Error:insets" classname="griffon.swing.editors.InsetsPropertyEditorSpec" time="0.0"/>
  <testcase name="Insets format '1' should be equal to #Error:insets" classname="griffon.swing.editors.InsetsPropertyEditorSpec" time="0.0"/>
  <testcase name="Insets format '1,2' should be equal to #Error:insets" classname="griffon.swing.editors.InsetsPropertyEditorSpec" time="0.0"/>
  <testcase name="Insets format '1,2,3' should be equal to #Error:insets" classname="griffon.swing.editors.InsetsPropertyEditorSpec" time="0.0"/>
  <testcase name="Insets format '1,2,3,4' should be equal to #Error:insets" classname="griffon.swing.editors.InsetsPropertyEditorSpec" time="0.001"/>
  <testcase name="Insets format '1, 2, 3, 4' should be equal to #Error:insets" classname="griffon.swing.editors.InsetsPropertyEditorSpec" time="0.001"/>
  <testcase name="Insets format ' 1, 2, 3, 4' should be equal to #Error:insets" classname="griffon.swing.editors.InsetsPropertyEditorSpec" time="0.001"/>
  <testcase name="Insets format ' 1, 2,3 , 4 ' should be equal to #Error:insets" classname="griffon.swing.editors.InsetsPropertyEditorSpec" time="0.0"/>
  <testcase name="Insets format '[1, 2, 3, 4]' should be equal to #Error:insets" classname="griffon.swing.editors.InsetsPropertyEditorSpec" time="0.0"/>
  <testcase name="Insets format '[1, 2, 3, 4]' should be equal to #Error:insets" classname="griffon.swing.editors.InsetsPropertyEditorSpec" time="0.0"/>
  <testcase name="Insets format '1' should be equal to #Error:insets" classname="griffon.swing.editors.InsetsPropertyEditorSpec" time="0.0"/>
  <testcase name="Insets format '[1]' should be equal to #Error:insets" classname="griffon.swing.editors.InsetsPropertyEditorSpec" time="0.001"/>
  <testcase name="Insets format '[1]' should be equal to #Error:insets" classname="griffon.swing.editors.InsetsPropertyEditorSpec" time="0.0"/>
  <testcase name="Insets format '[top:1, left:2, right:3, bottom:4]' should be equal to #Error:insets" classname="griffon.swing.editors.InsetsPropertyEditorSpec" time="0.0"/>
  <testcase name="Insets format '[top:1, left:2, right:3, bottom:4]' should be equal to #Error:insets" classname="griffon.swing.editors.InsetsPropertyEditorSpec" time="0.001"/>
  <testcase name="Insets format '[t:1, l:2, r:3, b:4]' should be equal to #Error:insets" classname="griffon.swing.editors.InsetsPropertyEditorSpec" time="0.001"/>
  <testcase name="Insets format '[t:1, l:2, r:3, b:4]' should be equal to #Error:insets" classname="griffon.swing.editors.InsetsPropertyEditorSpec" time="0.001"/>
  <testcase name="Insets format 'java.awt.Insets[top=1,left=2,bottom=3,right=4]' should be equal to #Error:insets" classname="griffon.swing.editors.InsetsPropertyEditorSpec" time="0.0"/>
  <testcase name="Insets format '[foo:1, bar:2]' should be equal to #Error:insets" classname="griffon.swing.editors.InsetsPropertyEditorSpec" time="0.0"/>
  <testcase name="Invalid insets format 'garbage'" classname="griffon.swing.editors.InsetsPropertyEditorSpec" time="0.001"/>
  <testcase name="Invalid insets format '1, 2, 3,4 ,5'" classname="griffon.swing.editors.InsetsPropertyEditorSpec" time="0.001"/>
  <testcase name="Invalid insets format '1, a'" classname="griffon.swing.editors.InsetsPropertyEditorSpec" time="0.001"/>
  <testcase name="Invalid insets format '[1, 2, 3, 4, 5]'" classname="griffon.swing.editors.InsetsPropertyEditorSpec" time="0.0"/>
  <testcase name="Invalid insets format '[java.lang.Object@11c4c7d7]'" classname="griffon.swing.editors.InsetsPropertyEditorSpec" time="0.0"/>
  <testcase name="Invalid insets format '[t:java.lang.Object@7578904d]'" classname="griffon.swing.editors.InsetsPropertyEditorSpec" time="0.001"/>
  <testcase name="Invalid insets format '[top:a]'" classname="griffon.swing.editors.InsetsPropertyEditorSpec" time="0.001"/>
  <testcase name="Invalid insets format '[t:b]'" classname="griffon.swing.editors.InsetsPropertyEditorSpec" time="0.001"/>
  <testcase name="Invalid insets format 'java.lang.Object@3b031783'" classname="griffon.swing.editors.InsetsPropertyEditorSpec" time="0.0"/>
  <testcase name="Formatted insets 'null'" classname="griffon.swing.editors.InsetsPropertyEditorSpec" time="0.001"/>
  <testcase name="Formatted insets '1, 2, 3, 4'" classname="griffon.swing.editors.InsetsPropertyEditorSpec" time="0.0"/>
  <system-out><![CDATA[]]></system-out>
  <system-err><![CDATA[]]></system-err>
</testsuite>
