<?xml version="1.0" encoding="UTF-8"?>
<testsuite name="griffon.swing.editors.InsetsPropertyEditorSpec" tests="34" failures="0" errors="0" timestamp="2014-06-08T12:23:57" hostname="testing-worker-linux-11-1-26838-linux-4-27062689" time="0.045">
  <properties/>
  <testcase name="Insets format 'null' should be equal to #Error:insets" classname="griffon.swing.editors.InsetsPropertyEditorSpec" time="0.009"/>
  <testcase name="Insets format '' should be equal to #Error:insets" classname="griffon.swing.editors.InsetsPropertyEditorSpec" time="0.0"/>
  <testcase name="Insets format ' ' should be equal to #Error:insets" classname="griffon.swing.editors.InsetsPropertyEditorSpec" time="0.0"/>
  <testcase name="Insets format '[]' should be equal to #Error:insets" classname="griffon.swing.editors.InsetsPropertyEditorSpec" time="0.001"/>
  <testcase name="Insets format '[:]' should be equal to #Error:insets" classname="griffon.swing.editors.InsetsPropertyEditorSpec" time="0.001"/>
  <testcase name="Insets format '1' should be equal to #Error:insets" classname="griffon.swing.editors.InsetsPropertyEditorSpec" time="0.001"/>
  <testcase name="Insets format '1,2' should be equal to #Error:insets" classname="griffon.swing.editors.InsetsPropertyEditorSpec" time="0.001"/>
  <testcase name="Insets format '1,2,3' should be equal to #Error:insets" classname="griffon.swing.editors.InsetsPropertyEditorSpec" time="0.001"/>
  <testcase name="Insets format '1,2,3,4' should be equal to #Error:insets" classname="griffon.swing.editors.InsetsPropertyEditorSpec" time="0.001"/>
  <testcase name="Insets format '1, 2, 3, 4' should be equal to #Error:insets" classname="griffon.swing.editors.InsetsPropertyEditorSpec" time="0.001"/>
  <testcase name="Insets format ' 1, 2, 3, 4' should be equal to #Error:insets" classname="griffon.swing.editors.InsetsPropertyEditorSpec" time="0.0"/>
  <testcase name="Insets format ' 1, 2,3 , 4 ' should be equal to #Error:insets" classname="griffon.swing.editors.InsetsPropertyEditorSpec" time="0.001"/>
  <testcase name="Insets format '[1, 2, 3, 4]' should be equal to #Error:insets" classname="griffon.swing.editors.InsetsPropertyEditorSpec" time="0.001"/>
  <testcase name="Insets format '[1, 2, 3, 4]' should be equal to #Error:insets" classname="griffon.swing.editors.InsetsPropertyEditorSpec" time="0.0"/>
  <testcase name="Insets format '1' should be equal to #Error:insets" classname="griffon.swing.editors.InsetsPropertyEditorSpec" time="0.0"/>
  <testcase name="Insets format '[1]' should be equal to #Error:insets" classname="griffon.swing.editors.InsetsPropertyEditorSpec" time="0.001"/>
  <testcase name="Insets format '[1]' should be equal to #Error:insets" classname="griffon.swing.editors.InsetsPropertyEditorSpec" time="0.0"/>
  <testcase name="Insets format '[top:1, left:2, right:3, bottom:4]' should be equal to #Error:insets" classname="griffon.swing.editors.InsetsPropertyEditorSpec" time="0.0"/>
  <testcase name="Insets format '[top:1, left:2, right:3, bottom:4]' should be equal to #Error:insets" classname="griffon.swing.editors.InsetsPropertyEditorSpec" time="0.0"/>
  <testcase name="Insets format '[t:1, l:2, r:3, b:4]' should be equal to #Error:insets" classname="griffon.swing.editors.InsetsPropertyEditorSpec" time="0.0"/>
  <testcase name="Insets format '[t:1, l:2, r:3, b:4]' should be equal to #Error:insets" classname="griffon.swing.editors.InsetsPropertyEditorSpec" time="0.001"/>
  <testcase name="Insets format 'java.awt.Insets[top=1,left=2,bottom=3,right=4]' should be equal to #Error:insets" classname="griffon.swing.editors.InsetsPropertyEditorSpec" time="0.0"/>
  <testcase name="Insets format '[foo:1, bar:2]' should be equal to #Error:insets" classname="griffon.swing.editors.InsetsPropertyEditorSpec" time="0.0"/>
  <testcase name="Invalid insets format 'garbage'" classname="griffon.swing.editors.InsetsPropertyEditorSpec" time="0.0"/>
  <testcase name="Invalid insets format '1, 2, 3,4 ,5'" classname="griffon.swing.editors.InsetsPropertyEditorSpec" time="0.0"/>
  <testcase name="Invalid insets format '1, a'" classname="griffon.swing.editors.InsetsPropertyEditorSpec" time="0.0"/>
  <testcase name="Invalid insets format '[1, 2, 3, 4, 5]'" classname="griffon.swing.editors.InsetsPropertyEditorSpec" time="0.0"/>
  <testcase name="Invalid insets format '[java.lang.Object@1d2588d9]'" classname="griffon.swing.editors.InsetsPropertyEditorSpec" time="0.0"/>
  <testcase name="Invalid insets format '[t:java.lang.Object@b3b6d82]'" classname="griffon.swing.editors.InsetsPropertyEditorSpec" time="0.0"/>
  <testcase name="Invalid insets format '[top:a]'" classname="griffon.swing.editors.InsetsPropertyEditorSpec" time="0.001"/>
  <testcase name="Invalid insets format '[t:b]'" classname="griffon.swing.editors.InsetsPropertyEditorSpec" time="0.0"/>
  <testcase name="Invalid insets format 'java.lang.Object@6a927790'" classname="griffon.swing.editors.InsetsPropertyEditorSpec" time="0.0"/>
  <testcase name="Formatted insets 'null'" classname="griffon.swing.editors.InsetsPropertyEditorSpec" time="0.0"/>
  <testcase name="Formatted insets '1, 2, 3, 4'" classname="griffon.swing.editors.InsetsPropertyEditorSpec" time="0.0"/>
  <system-out><![CDATA[]]></system-out>
  <system-err><![CDATA[]]></system-err>
</testsuite>
