<?xml version="1.0" encoding="UTF-8"?>
<testsuite name="griffon.swing.editors.Point2DPropertyEditorSpec" tests="29" skipped="0" failures="0" errors="0" timestamp="2014-07-18T20:34:49" hostname="testing-worker-linux-10-2-8233-linux-14-30301982" time="0.065">
  <properties/>
  <testcase name="Point2D format 'null' should be equal to #Error:point" classname="griffon.swing.editors.Point2DPropertyEditorSpec" time="0.015"/>
  <testcase name="Point2D format '' should be equal to #Error:point" classname="griffon.swing.editors.Point2DPropertyEditorSpec" time="0.0"/>
  <testcase name="Point2D format ' ' should be equal to #Error:point" classname="griffon.swing.editors.Point2DPropertyEditorSpec" time="0.001"/>
  <testcase name="Point2D format '[]' should be equal to #Error:point" classname="griffon.swing.editors.Point2DPropertyEditorSpec" time="0.0"/>
  <testcase name="Point2D format '[:]' should be equal to #Error:point" classname="griffon.swing.editors.Point2DPropertyEditorSpec" time="0.0"/>
  <testcase name="Point2D format '10,20' should be equal to #Error:point" classname="griffon.swing.editors.Point2DPropertyEditorSpec" time="0.001"/>
  <testcase name="Point2D format '10, 20' should be equal to #Error:point" classname="griffon.swing.editors.Point2DPropertyEditorSpec" time="0.001"/>
  <testcase name="Point2D format ' 10, 20' should be equal to #Error:point" classname="griffon.swing.editors.Point2DPropertyEditorSpec" time="0.0"/>
  <testcase name="Point2D format ' 10, 20 ' should be equal to #Error:point" classname="griffon.swing.editors.Point2DPropertyEditorSpec" time="0.001"/>
  <testcase name="Point2D format '[10, 20]' should be equal to #Error:point" classname="griffon.swing.editors.Point2DPropertyEditorSpec" time="0.0"/>
  <testcase name="Point2D format '[10, 20]' should be equal to #Error:point" classname="griffon.swing.editors.Point2DPropertyEditorSpec" time="0.001"/>
  <testcase name="Point2D format '10' should be equal to #Error:point" classname="griffon.swing.editors.Point2DPropertyEditorSpec" time="0.0"/>
  <testcase name="Point2D format '10' should be equal to #Error:point" classname="griffon.swing.editors.Point2DPropertyEditorSpec" time="0.0"/>
  <testcase name="Point2D format '[10]' should be equal to #Error:point" classname="griffon.swing.editors.Point2DPropertyEditorSpec" time="0.001"/>
  <testcase name="Point2D format '[10]' should be equal to #Error:point" classname="griffon.swing.editors.Point2DPropertyEditorSpec" time="0.001"/>
  <testcase name="Point2D format '[x:10, y:20]' should be equal to #Error:point" classname="griffon.swing.editors.Point2DPropertyEditorSpec" time="0.002"/>
  <testcase name="Point2D format '[x:10, y:20]' should be equal to #Error:point" classname="griffon.swing.editors.Point2DPropertyEditorSpec" time="0.0"/>
  <testcase name="Point2D format 'Point2D.Double[10.0, 20.0]' should be equal to #Error:point" classname="griffon.swing.editors.Point2DPropertyEditorSpec" time="0.001"/>
  <testcase name="Point2D format '[foo:10, bar:20]' should be equal to #Error:point" classname="griffon.swing.editors.Point2DPropertyEditorSpec" time="0.0"/>
  <testcase name="Invalid point format 'garbage'" classname="griffon.swing.editors.Point2DPropertyEditorSpec" time="0.001"/>
  <testcase name="Invalid point format '1, 2, 3'" classname="griffon.swing.editors.Point2DPropertyEditorSpec" time="0.0"/>
  <testcase name="Invalid point format '[1, 2, 3]'" classname="griffon.swing.editors.Point2DPropertyEditorSpec" time="0.0"/>
  <testcase name="Invalid point format '[x:a]'" classname="griffon.swing.editors.Point2DPropertyEditorSpec" time="0.0"/>
  <testcase name="Invalid point format '[y:b]'" classname="griffon.swing.editors.Point2DPropertyEditorSpec" time="0.001"/>
  <testcase name="Invalid point format '[java.lang.Object@19e3f08]'" classname="griffon.swing.editors.Point2DPropertyEditorSpec" time="0.0"/>
  <testcase name="Invalid point format '[x:java.lang.Object@3c3c270c]'" classname="griffon.swing.editors.Point2DPropertyEditorSpec" time="0.001"/>
  <testcase name="Invalid point format 'java.lang.Object@1127a3b9'" classname="griffon.swing.editors.Point2DPropertyEditorSpec" time="0.0"/>
  <testcase name="Formatted point 'null'" classname="griffon.swing.editors.Point2DPropertyEditorSpec" time="0.0"/>
  <testcase name="Formatted point '10.0, 20.0'" classname="griffon.swing.editors.Point2DPropertyEditorSpec" time="0.001"/>
  <system-out><![CDATA[]]></system-out>
  <system-err><![CDATA[]]></system-err>
</testsuite>
