<?xml version="1.0" encoding="UTF-8"?>
<testsuite name="griffon.swing.editors.RadialGradientPaintPropertyEditorSpec" tests="31" skipped="0" failures="0" errors="0" timestamp="2014-07-10T13:16:46" hostname="testing-worker-linux-8-2-20601-linux-12-29597711" time="0.167">
  <properties/>
  <testcase name="RadialGradientPaint format 'null' is supported" classname="griffon.swing.editors.RadialGradientPaintPropertyEditorSpec" time="0.023"/>
  <testcase name="RadialGradientPaint format '' is supported" classname="griffon.swing.editors.RadialGradientPaintPropertyEditorSpec" time="0.001"/>
  <testcase name="RadialGradientPaint format ' ' is supported" classname="griffon.swing.editors.RadialGradientPaintPropertyEditorSpec" time="0.0"/>
  <testcase name="RadialGradientPaint format '[]' is supported" classname="griffon.swing.editors.RadialGradientPaintPropertyEditorSpec" time="0.001"/>
  <testcase name="RadialGradientPaint format '[:]' is supported" classname="griffon.swing.editors.RadialGradientPaintPropertyEditorSpec" time="0.001"/>
  <testcase name="RadialGradientPaint format '2,2,5,4,4,[0:1],[BLACK:WHITE]' is supported" classname="griffon.swing.editors.RadialGradientPaintPropertyEditorSpec" time="0.059"/>
  <testcase name="RadialGradientPaint format '2,2,5,4,4,[0:1],[BLACK:WHITE],REPEAT' is supported" classname="griffon.swing.editors.RadialGradientPaintPropertyEditorSpec" time="0.002"/>
  <testcase name="RadialGradientPaint format '[2, 2, 5, 4, 4, [0, 1], [java.awt.Color[r=0,g=0,b=0], java.awt.Color[r=255,g=255,b=255]]]' is supported" classname="griffon.swing.editors.RadialGradientPaintPropertyEditorSpec" time="0.002"/>
  <testcase name="RadialGradientPaint format '[2, 2, 5, 4, 4, [0, 1], [java.awt.Color[r=0,g=0,b=0], java.awt.Color[r=255,g=255,b=255]], REPEAT]' is supported" classname="griffon.swing.editors.RadialGradientPaintPropertyEditorSpec" time="0.003"/>
  <testcase name="RadialGradientPaint format '[2, 2, 5, 4, 4, [0, 1], [java.awt.Color[r=0,g=0,b=0], java.awt.Color[r=255,g=255,b=255]], REPEAT]' is supported" classname="griffon.swing.editors.RadialGradientPaintPropertyEditorSpec" time="0.002"/>
  <testcase name="RadialGradientPaint format '[cx:2, cy:2, radius:5, fx:4, fy:4, fractions:[0, 1], colors:[java.awt.Color[r=0,g=0,b=0], java.awt.Color[r=255,g=255,b=255]]]' is supported" classname="griffon.swing.editors.RadialGradientPaintPropertyEditorSpec" time="0.002"/>
  <testcase name="RadialGradientPaint format '[cx:2, cy:2, radius:5, fx:4, fy:4, fractions:[0, 1], colors:[java.awt.Color[r=0,g=0,b=0], java.awt.Color[r=255,g=255,b=255]], cycle:REPEAT]' is supported" classname="griffon.swing.editors.RadialGradientPaintPropertyEditorSpec" time="0.002"/>
  <testcase name="RadialGradientPaint format '[cx:2, cy:2, radius:5, fx:4, fy:4, fractions:[0, 1], colors:[java.awt.Color[r=0,g=0,b=0], java.awt.Color[r=255,g=255,b=255]], cycle:REPEAT]' is supported" classname="griffon.swing.editors.RadialGradientPaintPropertyEditorSpec" time="0.006"/>
  <testcase name="RadialGradientPaint format 'java.awt.RadialGradientPaint@4abfa6aa' is supported" classname="griffon.swing.editors.RadialGradientPaintPropertyEditorSpec" time="0.003"/>
  <testcase name="Invalid gradientPaint format 'garbage'" classname="griffon.swing.editors.RadialGradientPaintPropertyEditorSpec" time="0.001"/>
  <testcase name="Invalid gradientPaint format '1, 2, 3'" classname="griffon.swing.editors.RadialGradientPaintPropertyEditorSpec" time="0.003"/>
  <testcase name="Invalid gradientPaint format '1, 2, 3, 4, 5'" classname="griffon.swing.editors.RadialGradientPaintPropertyEditorSpec" time="0.001"/>
  <testcase name="Invalid gradientPaint format '[1, 2, 3]'" classname="griffon.swing.editors.RadialGradientPaintPropertyEditorSpec" time="0.001"/>
  <testcase name="Invalid gradientPaint format '[1, 2, 3, 4, 5]'" classname="griffon.swing.editors.RadialGradientPaintPropertyEditorSpec" time="0.001"/>
  <testcase name="Invalid gradientPaint format '[c1:a]'" classname="griffon.swing.editors.RadialGradientPaintPropertyEditorSpec" time="0.001"/>
  <testcase name="Invalid gradientPaint format '[java.lang.Object@260674ca]'" classname="griffon.swing.editors.RadialGradientPaintPropertyEditorSpec" time="0.001"/>
  <testcase name="Invalid gradientPaint format '[c1:java.lang.Object@71dd8d46]'" classname="griffon.swing.editors.RadialGradientPaintPropertyEditorSpec" time="0.001"/>
  <testcase name="Invalid gradientPaint format 'java.lang.Object@8662911'" classname="griffon.swing.editors.RadialGradientPaintPropertyEditorSpec" time="0.001"/>
  <testcase name="Invalid gradientPaint format '2,2,5,4,4,[0:1],[BLACK:WHITE:RED]'" classname="griffon.swing.editors.RadialGradientPaintPropertyEditorSpec" time="0.002"/>
  <testcase name="Invalid gradientPaint format '2,2,5,4,4,0:1,[BLACK:WHITE:RED]'" classname="griffon.swing.editors.RadialGradientPaintPropertyEditorSpec" time="0.001"/>
  <testcase name="Invalid gradientPaint format '2,2,5,4,4,[0:1],BLACK:WHITE'" classname="griffon.swing.editors.RadialGradientPaintPropertyEditorSpec" time="0.001"/>
  <testcase name="Invalid gradientPaint format '[2, 2, 5, 4, 4, [0, 1], [java.awt.Color[r=0,g=0,b=0], java.awt.Color[r=255,g=255,b=255], java.awt.Color[r=255,g=0,b=0]]]'" classname="griffon.swing.editors.RadialGradientPaintPropertyEditorSpec" time="0.001"/>
  <testcase name="Invalid gradientPaint format '[cx:2, cy:2, radius:5, fx:4, fy:4, fractions:[0, 1], colors:[java.awt.Color[r=0,g=0,b=0], java.awt.Color[r=255,g=255,b=255], java.awt.Color[r=255,g=0,b=0]]]'" classname="griffon.swing.editors.RadialGradientPaintPropertyEditorSpec" time="0.001"/>
  <testcase name="Formatted radial gradient 'null'" classname="griffon.swing.editors.RadialGradientPaintPropertyEditorSpec" time="0.0"/>
  <testcase name="Formatted radial gradient '2.0, 2.0, 5.0, 4.0, 4.0, [0.0:1.0], [#000000:#ffffff], NO_CYCLE'" classname="griffon.swing.editors.RadialGradientPaintPropertyEditorSpec" time="0.0"/>
  <testcase name="Formatted radial gradient '2.0, 2.0, 5.0, 4.0, 4.0, [0.0:1.0], [#000000:#ffffff], REPEAT'" classname="griffon.swing.editors.RadialGradientPaintPropertyEditorSpec" time="0.001"/>
  <system-out><![CDATA[]]></system-out>
  <system-err><![CDATA[]]></system-err>
</testsuite>
