<?xml version="1.0" encoding="UTF-8"?>
<testsuite name="griffon.swing.editors.Point2DPropertyEditorSpec" tests="29" skipped="0" failures="0" errors="0" timestamp="2015-02-12T14:16:47" hostname="testing-worker-linux-08b40318-1-22975-linux-3-50492048" time="0.031">
  <properties/>
  <testcase name="Point2D format 'null' should be equal to #Error:point" classname="griffon.swing.editors.Point2DPropertyEditorSpec" time="0.006"/>
  <testcase name="Point2D format '' should be equal to #Error:point" classname="griffon.swing.editors.Point2DPropertyEditorSpec" time="0.001"/>
  <testcase name="Point2D format ' ' should be equal to #Error:point" classname="griffon.swing.editors.Point2DPropertyEditorSpec" time="0.0"/>
  <testcase name="Point2D format '[]' should be equal to #Error:point" classname="griffon.swing.editors.Point2DPropertyEditorSpec" time="0.0"/>
  <testcase name="Point2D format '[:]' should be equal to #Error:point" classname="griffon.swing.editors.Point2DPropertyEditorSpec" time="0.0"/>
  <testcase name="Point2D format '10,20' should be equal to #Error:point" classname="griffon.swing.editors.Point2DPropertyEditorSpec" time="0.001"/>
  <testcase name="Point2D format '10, 20' should be equal to #Error:point" classname="griffon.swing.editors.Point2DPropertyEditorSpec" time="0.0"/>
  <testcase name="Point2D format ' 10, 20' should be equal to #Error:point" classname="griffon.swing.editors.Point2DPropertyEditorSpec" time="0.001"/>
  <testcase name="Point2D format ' 10, 20 ' should be equal to #Error:point" classname="griffon.swing.editors.Point2DPropertyEditorSpec" time="0.001"/>
  <testcase name="Point2D format '[10, 20]' should be equal to #Error:point" classname="griffon.swing.editors.Point2DPropertyEditorSpec" time="0.001"/>
  <testcase name="Point2D format '[10, 20]' should be equal to #Error:point" classname="griffon.swing.editors.Point2DPropertyEditorSpec" time="0.001"/>
  <testcase name="Point2D format '10' should be equal to #Error:point" classname="griffon.swing.editors.Point2DPropertyEditorSpec" time="0.0"/>
  <testcase name="Point2D format '10' should be equal to #Error:point" classname="griffon.swing.editors.Point2DPropertyEditorSpec" time="0.0"/>
  <testcase name="Point2D format '[10]' should be equal to #Error:point" classname="griffon.swing.editors.Point2DPropertyEditorSpec" time="0.0"/>
  <testcase name="Point2D format '[10]' should be equal to #Error:point" classname="griffon.swing.editors.Point2DPropertyEditorSpec" time="0.001"/>
  <testcase name="Point2D format '[x:10, y:20]' should be equal to #Error:point" classname="griffon.swing.editors.Point2DPropertyEditorSpec" time="0.001"/>
  <testcase name="Point2D format '[x:10, y:20]' should be equal to #Error:point" classname="griffon.swing.editors.Point2DPropertyEditorSpec" time="0.0"/>
  <testcase name="Point2D format 'Point2D.Double[10.0, 20.0]' should be equal to #Error:point" classname="griffon.swing.editors.Point2DPropertyEditorSpec" time="0.001"/>
  <testcase name="Point2D format '[foo:10, bar:20]' should be equal to #Error:point" classname="griffon.swing.editors.Point2DPropertyEditorSpec" time="0.0"/>
  <testcase name="Invalid point format 'garbage'" classname="griffon.swing.editors.Point2DPropertyEditorSpec" time="0.001"/>
  <testcase name="Invalid point format '1, 2, 3'" classname="griffon.swing.editors.Point2DPropertyEditorSpec" time="0.0"/>
  <testcase name="Invalid point format '[1, 2, 3]'" classname="griffon.swing.editors.Point2DPropertyEditorSpec" time="0.0"/>
  <testcase name="Invalid point format '[x:a]'" classname="griffon.swing.editors.Point2DPropertyEditorSpec" time="0.001"/>
  <testcase name="Invalid point format '[y:b]'" classname="griffon.swing.editors.Point2DPropertyEditorSpec" time="0.001"/>
  <testcase name="Invalid point format '[java.lang.Object@358e98a7]'" classname="griffon.swing.editors.Point2DPropertyEditorSpec" time="0.001"/>
  <testcase name="Invalid point format '[x:java.lang.Object@7f6072ba]'" classname="griffon.swing.editors.Point2DPropertyEditorSpec" time="0.0"/>
  <testcase name="Invalid point format 'java.lang.Object@68a4f301'" classname="griffon.swing.editors.Point2DPropertyEditorSpec" time="0.0"/>
  <testcase name="Formatted point 'null'" classname="griffon.swing.editors.Point2DPropertyEditorSpec" time="0.0"/>
  <testcase name="Formatted point '10.0, 20.0'" classname="griffon.swing.editors.Point2DPropertyEditorSpec" time="0.001"/>
  <system-out><![CDATA[]]></system-out>
  <system-err><![CDATA[]]></system-err>
</testsuite>
