<?xml version="1.0" encoding="UTF-8"?>
<testsuite name="griffon.swing.editors.DimensionPropertyEditorSpec" tests="31" skipped="0" failures="0" errors="0" timestamp="2016-03-11T19:51:55" hostname="testing-gce-45abd5dc-8f47-4abf-8f08-1ed7d76fbd60.c.travis-ci-prod-5.internal" time="0.017">
  <properties/>
  <testcase name="Dimension format 'null' should be equal to #Error:dimension" classname="griffon.swing.editors.DimensionPropertyEditorSpec" time="0.003"/>
  <testcase name="Dimension format '' should be equal to #Error:dimension" classname="griffon.swing.editors.DimensionPropertyEditorSpec" time="0.0"/>
  <testcase name="Dimension format ' ' should be equal to #Error:dimension" classname="griffon.swing.editors.DimensionPropertyEditorSpec" time="0.0"/>
  <testcase name="Dimension format '[]' should be equal to #Error:dimension" classname="griffon.swing.editors.DimensionPropertyEditorSpec" time="0.001"/>
  <testcase name="Dimension format '[:]' should be equal to #Error:dimension" classname="griffon.swing.editors.DimensionPropertyEditorSpec" time="0.0"/>
  <testcase name="Dimension format '10,20' should be equal to #Error:dimension" classname="griffon.swing.editors.DimensionPropertyEditorSpec" time="0.001"/>
  <testcase name="Dimension format '10, 20' should be equal to #Error:dimension" classname="griffon.swing.editors.DimensionPropertyEditorSpec" time="0.0"/>
  <testcase name="Dimension format ' 10, 20' should be equal to #Error:dimension" classname="griffon.swing.editors.DimensionPropertyEditorSpec" time="0.0"/>
  <testcase name="Dimension format ' 10, 20 ' should be equal to #Error:dimension" classname="griffon.swing.editors.DimensionPropertyEditorSpec" time="0.0"/>
  <testcase name="Dimension format '[10, 20]' should be equal to #Error:dimension" classname="griffon.swing.editors.DimensionPropertyEditorSpec" time="0.0"/>
  <testcase name="Dimension format '[10, 20]' should be equal to #Error:dimension" classname="griffon.swing.editors.DimensionPropertyEditorSpec" time="0.001"/>
  <testcase name="Dimension format '10' should be equal to #Error:dimension" classname="griffon.swing.editors.DimensionPropertyEditorSpec" time="0.0"/>
  <testcase name="Dimension format '10' should be equal to #Error:dimension" classname="griffon.swing.editors.DimensionPropertyEditorSpec" time="0.0"/>
  <testcase name="Dimension format '[10]' should be equal to #Error:dimension" classname="griffon.swing.editors.DimensionPropertyEditorSpec" time="0.0"/>
  <testcase name="Dimension format '[10]' should be equal to #Error:dimension" classname="griffon.swing.editors.DimensionPropertyEditorSpec" time="0.001"/>
  <testcase name="Dimension format '[width:10, height:20]' should be equal to #Error:dimension" classname="griffon.swing.editors.DimensionPropertyEditorSpec" time="0.001"/>
  <testcase name="Dimension format '[width:10, height:20]' should be equal to #Error:dimension" classname="griffon.swing.editors.DimensionPropertyEditorSpec" time="0.0"/>
  <testcase name="Dimension format '[w:10, h:20]' should be equal to #Error:dimension" classname="griffon.swing.editors.DimensionPropertyEditorSpec" time="0.001"/>
  <testcase name="Dimension format '[w:10, h:20]' should be equal to #Error:dimension" classname="griffon.swing.editors.DimensionPropertyEditorSpec" time="0.0"/>
  <testcase name="Dimension format 'java.awt.Dimension[width=10,height=20]' should be equal to #Error:dimension" classname="griffon.swing.editors.DimensionPropertyEditorSpec" time="0.0"/>
  <testcase name="Dimension format '[foo:10, bar:20]' should be equal to #Error:dimension" classname="griffon.swing.editors.DimensionPropertyEditorSpec" time="0.0"/>
  <testcase name="Invalid dimension format 'garbage'" classname="griffon.swing.editors.DimensionPropertyEditorSpec" time="0.0"/>
  <testcase name="Invalid dimension format '1, 2, 3'" classname="griffon.swing.editors.DimensionPropertyEditorSpec" time="0.0"/>
  <testcase name="Invalid dimension format '[1, 2, 3]'" classname="griffon.swing.editors.DimensionPropertyEditorSpec" time="0.0"/>
  <testcase name="Invalid dimension format '[width:a]'" classname="griffon.swing.editors.DimensionPropertyEditorSpec" time="0.001"/>
  <testcase name="Invalid dimension format '[w:b]'" classname="griffon.swing.editors.DimensionPropertyEditorSpec" time="0.0"/>
  <testcase name="Invalid dimension format '[java.lang.Object@49fc1018]'" classname="griffon.swing.editors.DimensionPropertyEditorSpec" time="0.0"/>
  <testcase name="Invalid dimension format '[w:java.lang.Object@2008ee60]'" classname="griffon.swing.editors.DimensionPropertyEditorSpec" time="0.0"/>
  <testcase name="Invalid dimension format 'java.lang.Object@586c5217'" classname="griffon.swing.editors.DimensionPropertyEditorSpec" time="0.0"/>
  <testcase name="Formatted dimension 'null'" classname="griffon.swing.editors.DimensionPropertyEditorSpec" time="0.0"/>
  <testcase name="Formatted dimension '10.0, 20.0'" classname="griffon.swing.editors.DimensionPropertyEditorSpec" time="0.0"/>
  <system-out><![CDATA[]]></system-out>
  <system-err><![CDATA[]]></system-err>
</testsuite>
