<?xml version="1.0" encoding="UTF-8"?>
<testsuite name="griffon.swing.editors.Point2DPropertyEditorSpec" tests="29" skipped="0" failures="0" errors="0" timestamp="2015-08-21T09:46:19" hostname="testing-worker-linux-77796cae-1-11501-linux-5-76600445" time="0.032">
  <properties/>
  <testcase name="Point2D format 'null' should be equal to #Error:point" classname="griffon.swing.editors.Point2DPropertyEditorSpec" time="0.006"/>
  <testcase name="Point2D format '' should be equal to #Error:point" classname="griffon.swing.editors.Point2DPropertyEditorSpec" time="0.0"/>
  <testcase name="Point2D format ' ' should be equal to #Error:point" classname="griffon.swing.editors.Point2DPropertyEditorSpec" time="0.0"/>
  <testcase name="Point2D format '[]' should be equal to #Error:point" classname="griffon.swing.editors.Point2DPropertyEditorSpec" time="0.0"/>
  <testcase name="Point2D format '[:]' should be equal to #Error:point" classname="griffon.swing.editors.Point2DPropertyEditorSpec" time="0.0"/>
  <testcase name="Point2D format '10,20' should be equal to #Error:point" classname="griffon.swing.editors.Point2DPropertyEditorSpec" time="0.001"/>
  <testcase name="Point2D format '10, 20' should be equal to #Error:point" classname="griffon.swing.editors.Point2DPropertyEditorSpec" time="0.003"/>
  <testcase name="Point2D format ' 10, 20' should be equal to #Error:point" classname="griffon.swing.editors.Point2DPropertyEditorSpec" time="0.0"/>
  <testcase name="Point2D format ' 10, 20 ' should be equal to #Error:point" classname="griffon.swing.editors.Point2DPropertyEditorSpec" time="0.001"/>
  <testcase name="Point2D format '[10, 20]' should be equal to #Error:point" classname="griffon.swing.editors.Point2DPropertyEditorSpec" time="0.0"/>
  <testcase name="Point2D format '[10, 20]' should be equal to #Error:point" classname="griffon.swing.editors.Point2DPropertyEditorSpec" time="0.001"/>
  <testcase name="Point2D format '10' should be equal to #Error:point" classname="griffon.swing.editors.Point2DPropertyEditorSpec" time="0.001"/>
  <testcase name="Point2D format '10' should be equal to #Error:point" classname="griffon.swing.editors.Point2DPropertyEditorSpec" time="0.0"/>
  <testcase name="Point2D format '[10]' should be equal to #Error:point" classname="griffon.swing.editors.Point2DPropertyEditorSpec" time="0.0"/>
  <testcase name="Point2D format '[10]' should be equal to #Error:point" classname="griffon.swing.editors.Point2DPropertyEditorSpec" time="0.0"/>
  <testcase name="Point2D format '[x:10, y:20]' should be equal to #Error:point" classname="griffon.swing.editors.Point2DPropertyEditorSpec" time="0.001"/>
  <testcase name="Point2D format '[x:10, y:20]' should be equal to #Error:point" classname="griffon.swing.editors.Point2DPropertyEditorSpec" time="0.001"/>
  <testcase name="Point2D format 'Point2D.Double[10.0, 20.0]' should be equal to #Error:point" classname="griffon.swing.editors.Point2DPropertyEditorSpec" time="0.0"/>
  <testcase name="Point2D format '[foo:10, bar:20]' should be equal to #Error:point" classname="griffon.swing.editors.Point2DPropertyEditorSpec" time="0.0"/>
  <testcase name="Invalid point format 'garbage'" classname="griffon.swing.editors.Point2DPropertyEditorSpec" time="0.0"/>
  <testcase name="Invalid point format '1, 2, 3'" classname="griffon.swing.editors.Point2DPropertyEditorSpec" time="0.0"/>
  <testcase name="Invalid point format '[1, 2, 3]'" classname="griffon.swing.editors.Point2DPropertyEditorSpec" time="0.0"/>
  <testcase name="Invalid point format '[x:a]'" classname="griffon.swing.editors.Point2DPropertyEditorSpec" time="0.0"/>
  <testcase name="Invalid point format '[y:b]'" classname="griffon.swing.editors.Point2DPropertyEditorSpec" time="0.0"/>
  <testcase name="Invalid point format '[java.lang.Object@2b13b9b4]'" classname="griffon.swing.editors.Point2DPropertyEditorSpec" time="0.0"/>
  <testcase name="Invalid point format '[x:java.lang.Object@8dff894]'" classname="griffon.swing.editors.Point2DPropertyEditorSpec" time="0.0"/>
  <testcase name="Invalid point format 'java.lang.Object@792eb8fb'" classname="griffon.swing.editors.Point2DPropertyEditorSpec" time="0.0"/>
  <testcase name="Formatted point 'null'" classname="griffon.swing.editors.Point2DPropertyEditorSpec" time="0.001"/>
  <testcase name="Formatted point '10.0, 20.0'" classname="griffon.swing.editors.Point2DPropertyEditorSpec" time="0.0"/>
  <system-out><![CDATA[]]></system-out>
  <system-err><![CDATA[]]></system-err>
</testsuite>
