<?xml version="1.0" encoding="UTF-8"?>
<testsuite name="griffon.swing.editors.LinearGradientPaintPropertyEditorSpec" tests="31" skipped="0" failures="0" errors="0" timestamp="2016-06-15T15:19:59" hostname="testing-gce-d48e4618-8743-49ce-ab58-b05a4715e7f0.c.travis-ci-prod-3.internal" time="0.039">
  <properties/>
  <testcase name="LinearGradientPaint format 'null' is supported" classname="griffon.swing.editors.LinearGradientPaintPropertyEditorSpec" time="0.01"/>
  <testcase name="LinearGradientPaint format '' is supported" classname="griffon.swing.editors.LinearGradientPaintPropertyEditorSpec" time="0.001"/>
  <testcase name="LinearGradientPaint format ' ' is supported" classname="griffon.swing.editors.LinearGradientPaintPropertyEditorSpec" time="0.0"/>
  <testcase name="LinearGradientPaint format '[]' is supported" classname="griffon.swing.editors.LinearGradientPaintPropertyEditorSpec" time="0.0"/>
  <testcase name="LinearGradientPaint format '[:]' is supported" classname="griffon.swing.editors.LinearGradientPaintPropertyEditorSpec" time="0.0"/>
  <testcase name="LinearGradientPaint format '1,2,3,4,[0:1],[BLACK:WHITE]' is supported" classname="griffon.swing.editors.LinearGradientPaintPropertyEditorSpec" time="0.003"/>
  <testcase name="LinearGradientPaint format '1,2,3,4,[0:1],[BLACK:WHITE],REPEAT' is supported" classname="griffon.swing.editors.LinearGradientPaintPropertyEditorSpec" time="0.001"/>
  <testcase name="LinearGradientPaint format '[1, 2, 3, 4, [0, 1], [java.awt.Color[r=0,g=0,b=0], java.awt.Color[r=255,g=255,b=255]]]' is supported" classname="griffon.swing.editors.LinearGradientPaintPropertyEditorSpec" time="0.0"/>
  <testcase name="LinearGradientPaint format '[1, 2, 3, 4, [0, 1], [java.awt.Color[r=0,g=0,b=0], java.awt.Color[r=255,g=255,b=255]], REPEAT]' is supported" classname="griffon.swing.editors.LinearGradientPaintPropertyEditorSpec" time="0.001"/>
  <testcase name="LinearGradientPaint format '[1, 2, 3, 4, [0, 1], [java.awt.Color[r=0,g=0,b=0], java.awt.Color[r=255,g=255,b=255]], REPEAT]' is supported" classname="griffon.swing.editors.LinearGradientPaintPropertyEditorSpec" time="0.0"/>
  <testcase name="LinearGradientPaint format '[x1:1, y1:2, x2:3, y2:4, fractions:[0, 1], colors:[java.awt.Color[r=0,g=0,b=0], java.awt.Color[r=255,g=255,b=255]]]' is supported" classname="griffon.swing.editors.LinearGradientPaintPropertyEditorSpec" time="0.001"/>
  <testcase name="LinearGradientPaint format '[x1:1, y1:2, x2:3, y2:4, fractions:[0, 1], colors:[java.awt.Color[r=0,g=0,b=0], java.awt.Color[r=255,g=255,b=255]], cycle:REPEAT]' is supported" classname="griffon.swing.editors.LinearGradientPaintPropertyEditorSpec" time="0.001"/>
  <testcase name="LinearGradientPaint format '[x1:1, y1:2, x2:3, y2:4, fractions:[0, 1], colors:[java.awt.Color[r=0,g=0,b=0], java.awt.Color[r=255,g=255,b=255]], cycle:REPEAT]' is supported" classname="griffon.swing.editors.LinearGradientPaintPropertyEditorSpec" time="0.002"/>
  <testcase name="LinearGradientPaint format 'java.awt.LinearGradientPaint@11d94505' is supported" classname="griffon.swing.editors.LinearGradientPaintPropertyEditorSpec" time="0.0"/>
  <testcase name="Invalid gradientPaint format 'garbage'" classname="griffon.swing.editors.LinearGradientPaintPropertyEditorSpec" time="0.001"/>
  <testcase name="Invalid gradientPaint format '1, 2, 3'" classname="griffon.swing.editors.LinearGradientPaintPropertyEditorSpec" time="0.001"/>
  <testcase name="Invalid gradientPaint format '1, 2, 3, 4, 5'" classname="griffon.swing.editors.LinearGradientPaintPropertyEditorSpec" time="0.0"/>
  <testcase name="Invalid gradientPaint format '[1, 2, 3]'" classname="griffon.swing.editors.LinearGradientPaintPropertyEditorSpec" time="0.001"/>
  <testcase name="Invalid gradientPaint format '[1, 2, 3, 4, 5]'" classname="griffon.swing.editors.LinearGradientPaintPropertyEditorSpec" time="0.001"/>
  <testcase name="Invalid gradientPaint format '[x1:a]'" classname="griffon.swing.editors.LinearGradientPaintPropertyEditorSpec" time="0.0"/>
  <testcase name="Invalid gradientPaint format '[java.lang.Object@573a1f6b]'" classname="griffon.swing.editors.LinearGradientPaintPropertyEditorSpec" time="0.0"/>
  <testcase name="Invalid gradientPaint format '[x1:java.lang.Object@73faee93]'" classname="griffon.swing.editors.LinearGradientPaintPropertyEditorSpec" time="0.0"/>
  <testcase name="Invalid gradientPaint format 'java.lang.Object@379d8994'" classname="griffon.swing.editors.LinearGradientPaintPropertyEditorSpec" time="0.0"/>
  <testcase name="Invalid gradientPaint format '1,2,3,4,[0:1],[BLACK:WHITE:RED]'" classname="griffon.swing.editors.LinearGradientPaintPropertyEditorSpec" time="0.0"/>
  <testcase name="Invalid gradientPaint format '1,2,3,4,0:1,[BLACK:WHITE:RED]'" classname="griffon.swing.editors.LinearGradientPaintPropertyEditorSpec" time="0.0"/>
  <testcase name="Invalid gradientPaint format '1,2,3,4,[0:1],BLACK:WHITE'" classname="griffon.swing.editors.LinearGradientPaintPropertyEditorSpec" time="0.0"/>
  <testcase name="Invalid gradientPaint format '[1, 2, 3, 4, [0, 1], [java.awt.Color[r=0,g=0,b=0], java.awt.Color[r=255,g=255,b=255], java.awt.Color[r=255,g=0,b=0]]]'" classname="griffon.swing.editors.LinearGradientPaintPropertyEditorSpec" time="0.001"/>
  <testcase name="Invalid gradientPaint format '[x1:1, y1:2, x2:3, y2:4, fractions:[0, 1], colors:[java.awt.Color[r=0,g=0,b=0], java.awt.Color[r=255,g=255,b=255], java.awt.Color[r=255,g=0,b=0]]]'" classname="griffon.swing.editors.LinearGradientPaintPropertyEditorSpec" time="0.001"/>
  <testcase name="Formatted linear gradient 'null'" classname="griffon.swing.editors.LinearGradientPaintPropertyEditorSpec" time="0.0"/>
  <testcase name="Formatted linear gradient '1.0, 2.0, 3.0, 4.0, [0.0:1.0], [#000000:#ffffff], NO_CYCLE'" classname="griffon.swing.editors.LinearGradientPaintPropertyEditorSpec" time="0.0"/>
  <testcase name="Formatted linear gradient '1.0, 2.0, 3.0, 4.0, [0.0:1.0], [#000000:#ffffff], REPEAT'" classname="griffon.swing.editors.LinearGradientPaintPropertyEditorSpec" time="0.0"/>
  <system-out><![CDATA[]]></system-out>
  <system-err><![CDATA[]]></system-err>
</testsuite>
