<?xml version="1.0" encoding="UTF-8"?>
<testsuite name="griffon.swing.editors.FontPropertyEditorSpec" tests="33" skipped="0" failures="0" errors="0" timestamp="2016-06-19T18:02:06" hostname="testing-gce-6519d79d-d2ce-40db-831a-35042869d67c.c.eco-emissary-99515.internal" time="0.101">
  <properties/>
  <testcase name="Font format 'null' should be equal to null" classname="griffon.swing.editors.FontPropertyEditorSpec" time="0.01"/>
  <testcase name="Font format '' should be equal to null" classname="griffon.swing.editors.FontPropertyEditorSpec" time="0.0"/>
  <testcase name="Font format ' ' should be equal to null" classname="griffon.swing.editors.FontPropertyEditorSpec" time="0.0"/>
  <testcase name="Font format '[]' should be equal to null" classname="griffon.swing.editors.FontPropertyEditorSpec" time="0.001"/>
  <testcase name="Font format '[:]' should be equal to null" classname="griffon.swing.editors.FontPropertyEditorSpec" time="0.001"/>
  <testcase name="Font format 'SansSerif-PLAIN-12' should be equal to java.awt.Font[family=SansSerif,name=SansSerif,style=plain,size=12]" classname="griffon.swing.editors.FontPropertyEditorSpec" time="0.001"/>
  <testcase name="Font format 'SansSerif-BOLD-12' should be equal to java.awt.Font[family=SansSerif,name=SansSerif,style=bold,size=12]" classname="griffon.swing.editors.FontPropertyEditorSpec" time="0.001"/>
  <testcase name="Font format 'SansSerif-ITALIC-12' should be equal to java.awt.Font[family=SansSerif,name=SansSerif,style=italic,size=12]" classname="griffon.swing.editors.FontPropertyEditorSpec" time="0.001"/>
  <testcase name="Font format 'SansSerif-BOLDITALIC-12' should be equal to java.awt.Font[family=SansSerif,name=SansSerif,style=bolditalic,size=12]" classname="griffon.swing.editors.FontPropertyEditorSpec" time="0.0"/>
  <testcase name="Font format '[SansSerif, PLAIN, 12]' should be equal to java.awt.Font[family=SansSerif,name=SansSerif,style=plain,size=12]" classname="griffon.swing.editors.FontPropertyEditorSpec" time="0.001"/>
  <testcase name="Font format '[SansSerif, BOLD, 12]' should be equal to java.awt.Font[family=SansSerif,name=SansSerif,style=bold,size=12]" classname="griffon.swing.editors.FontPropertyEditorSpec" time="0.001"/>
  <testcase name="Font format '[SansSerif, ITALIC, 12]' should be equal to java.awt.Font[family=SansSerif,name=SansSerif,style=italic,size=12]" classname="griffon.swing.editors.FontPropertyEditorSpec" time="0.0"/>
  <testcase name="Font format '[SansSerif, BOLDITALIC, 12]' should be equal to java.awt.Font[family=SansSerif,name=SansSerif,style=bolditalic,size=12]" classname="griffon.swing.editors.FontPropertyEditorSpec" time="0.001"/>
  <testcase name="Font format '[family:SansSerif, style:PLAIN, size:12]' should be equal to java.awt.Font[family=SansSerif,name=SansSerif,style=plain,size=12]" classname="griffon.swing.editors.FontPropertyEditorSpec" time="0.003"/>
  <testcase name="Font format '[family:SansSerif, style:BOLD, size:12]' should be equal to java.awt.Font[family=SansSerif,name=SansSerif,style=bold,size=12]" classname="griffon.swing.editors.FontPropertyEditorSpec" time="0.0"/>
  <testcase name="Font format '[family:SansSerif, style:ITALIC, size:12]' should be equal to java.awt.Font[family=SansSerif,name=SansSerif,style=italic,size=12]" classname="griffon.swing.editors.FontPropertyEditorSpec" time="0.001"/>
  <testcase name="Font format '[family:SansSerif, style:BOLDITALIC, size:12]' should be equal to java.awt.Font[family=SansSerif,name=SansSerif,style=bolditalic,size=12]" classname="griffon.swing.editors.FontPropertyEditorSpec" time="0.0"/>
  <testcase name="Font format 'java.awt.Font[family=SansSerif,name=SansSerif,style=bolditalic,size=12]' should be equal to java.awt.Font[family=SansSerif,name=SansSerif,style=bolditalic,size=12]" classname="griffon.swing.editors.FontPropertyEditorSpec" time="0.0"/>
  <testcase name="Invalid font format 'garbage'" classname="griffon.swing.editors.FontPropertyEditorSpec" time="0.0"/>
  <testcase name="Invalid font format 'foo-bar-baz'" classname="griffon.swing.editors.FontPropertyEditorSpec" time="0.0"/>
  <testcase name="Invalid font format 'SansSerif-FOO-12'" classname="griffon.swing.editors.FontPropertyEditorSpec" time="0.001"/>
  <testcase name="Invalid font format 'SansSerif-BOLD-baz'" classname="griffon.swing.editors.FontPropertyEditorSpec" time="0.0"/>
  <testcase name="Invalid font format '[SansSerif]'" classname="griffon.swing.editors.FontPropertyEditorSpec" time="0.0"/>
  <testcase name="Invalid font format '[SansSerif, BOLD]'" classname="griffon.swing.editors.FontPropertyEditorSpec" time="0.003"/>
  <testcase name="Invalid font format '[family:SansSerif]'" classname="griffon.swing.editors.FontPropertyEditorSpec" time="0.0"/>
  <testcase name="Invalid font format '[java.lang.Object@46edec90]'" classname="griffon.swing.editors.FontPropertyEditorSpec" time="0.0"/>
  <testcase name="Invalid font format '[family:java.lang.Object@102b4460]'" classname="griffon.swing.editors.FontPropertyEditorSpec" time="0.001"/>
  <testcase name="Invalid font format 'java.lang.Object@25345b0d'" classname="griffon.swing.editors.FontPropertyEditorSpec" time="0.0"/>
  <testcase name="Formatted font 'null'" classname="griffon.swing.editors.FontPropertyEditorSpec" time="0.0"/>
  <testcase name="Formatted font 'SansSerif-PLAIN-12'" classname="griffon.swing.editors.FontPropertyEditorSpec" time="0.0"/>
  <testcase name="Formatted font 'SansSerif-BOLD-12'" classname="griffon.swing.editors.FontPropertyEditorSpec" time="0.001"/>
  <testcase name="Formatted font 'SansSerif-ITALIC-12'" classname="griffon.swing.editors.FontPropertyEditorSpec" time="0.003"/>
  <testcase name="Formatted font 'SansSerif-BOLDITALIC-12'" classname="griffon.swing.editors.FontPropertyEditorSpec" time="0.0"/>
  <system-out><![CDATA[]]></system-out>
  <system-err><![CDATA[]]></system-err>
</testsuite>
