<?xml version="1.0" encoding="UTF-8"?>
<testsuite name="griffon.swing.editors.Point2DPropertyEditorSpec" tests="29" skipped="0" failures="0" errors="0" timestamp="2016-02-08T10:02:26" hostname="testing-gce-39c296ee-0f4f-4b35-b57d-dfe16bcbaf83.c.eco-emissary-99515.internal" time="0.097">
  <properties/>
  <testcase name="Point2D format 'null' should be equal to #Error:point" classname="griffon.swing.editors.Point2DPropertyEditorSpec" time="0.049"/>
  <testcase name="Point2D format '' should be equal to #Error:point" classname="griffon.swing.editors.Point2DPropertyEditorSpec" time="0.003"/>
  <testcase name="Point2D format ' ' should be equal to #Error:point" classname="griffon.swing.editors.Point2DPropertyEditorSpec" time="0.0"/>
  <testcase name="Point2D format '[]' should be equal to #Error:point" classname="griffon.swing.editors.Point2DPropertyEditorSpec" time="0.0"/>
  <testcase name="Point2D format '[:]' should be equal to #Error:point" classname="griffon.swing.editors.Point2DPropertyEditorSpec" time="0.001"/>
  <testcase name="Point2D format '10,20' should be equal to #Error:point" classname="griffon.swing.editors.Point2DPropertyEditorSpec" time="0.001"/>
  <testcase name="Point2D format '10, 20' should be equal to #Error:point" classname="griffon.swing.editors.Point2DPropertyEditorSpec" time="0.001"/>
  <testcase name="Point2D format ' 10, 20' should be equal to #Error:point" classname="griffon.swing.editors.Point2DPropertyEditorSpec" time="0.001"/>
  <testcase name="Point2D format ' 10, 20 ' should be equal to #Error:point" classname="griffon.swing.editors.Point2DPropertyEditorSpec" time="0.001"/>
  <testcase name="Point2D format '[10, 20]' should be equal to #Error:point" classname="griffon.swing.editors.Point2DPropertyEditorSpec" time="0.0"/>
  <testcase name="Point2D format '[10, 20]' should be equal to #Error:point" classname="griffon.swing.editors.Point2DPropertyEditorSpec" time="0.001"/>
  <testcase name="Point2D format '10' should be equal to #Error:point" classname="griffon.swing.editors.Point2DPropertyEditorSpec" time="0.0"/>
  <testcase name="Point2D format '10' should be equal to #Error:point" classname="griffon.swing.editors.Point2DPropertyEditorSpec" time="0.0"/>
  <testcase name="Point2D format '[10]' should be equal to #Error:point" classname="griffon.swing.editors.Point2DPropertyEditorSpec" time="0.0"/>
  <testcase name="Point2D format '[10]' should be equal to #Error:point" classname="griffon.swing.editors.Point2DPropertyEditorSpec" time="0.0"/>
  <testcase name="Point2D format '[x:10, y:20]' should be equal to #Error:point" classname="griffon.swing.editors.Point2DPropertyEditorSpec" time="0.004"/>
  <testcase name="Point2D format '[x:10, y:20]' should be equal to #Error:point" classname="griffon.swing.editors.Point2DPropertyEditorSpec" time="0.001"/>
  <testcase name="Point2D format 'Point2D.Double[10.0, 20.0]' should be equal to #Error:point" classname="griffon.swing.editors.Point2DPropertyEditorSpec" time="0.002"/>
  <testcase name="Point2D format '[foo:10, bar:20]' should be equal to #Error:point" classname="griffon.swing.editors.Point2DPropertyEditorSpec" time="0.001"/>
  <testcase name="Invalid point format 'garbage'" classname="griffon.swing.editors.Point2DPropertyEditorSpec" time="0.006"/>
  <testcase name="Invalid point format '1, 2, 3'" classname="griffon.swing.editors.Point2DPropertyEditorSpec" time="0.001"/>
  <testcase name="Invalid point format '[1, 2, 3]'" classname="griffon.swing.editors.Point2DPropertyEditorSpec" time="0.001"/>
  <testcase name="Invalid point format '[x:a]'" classname="griffon.swing.editors.Point2DPropertyEditorSpec" time="0.0"/>
  <testcase name="Invalid point format '[y:b]'" classname="griffon.swing.editors.Point2DPropertyEditorSpec" time="0.0"/>
  <testcase name="Invalid point format '[java.lang.Object@6dd2ce5f]'" classname="griffon.swing.editors.Point2DPropertyEditorSpec" time="0.002"/>
  <testcase name="Invalid point format '[x:java.lang.Object@22c0486]'" classname="griffon.swing.editors.Point2DPropertyEditorSpec" time="0.001"/>
  <testcase name="Invalid point format 'java.lang.Object@5e5f6f25'" classname="griffon.swing.editors.Point2DPropertyEditorSpec" time="0.001"/>
  <testcase name="Formatted point 'null'" classname="griffon.swing.editors.Point2DPropertyEditorSpec" time="0.002"/>
  <testcase name="Formatted point '10.0, 20.0'" classname="griffon.swing.editors.Point2DPropertyEditorSpec" time="0.001"/>
  <system-out><![CDATA[]]></system-out>
  <system-err><![CDATA[]]></system-err>
</testsuite>
