<?xml version="1.0" encoding="UTF-8"?>
<testsuite name="griffon.swing.editors.LinearGradientPaintPropertyEditorSpec" tests="31" skipped="0" failures="0" errors="0" timestamp="2015-06-18T20:42:01" hostname="testing-worker-linux-44a99d76-2-4160-linux-10-67425901" time="0.295">
  <properties/>
  <testcase name="LinearGradientPaint format 'null' is supported" classname="griffon.swing.editors.LinearGradientPaintPropertyEditorSpec" time="0.008"/>
  <testcase name="LinearGradientPaint format '' is supported" classname="griffon.swing.editors.LinearGradientPaintPropertyEditorSpec" time="0.001"/>
  <testcase name="LinearGradientPaint format ' ' is supported" classname="griffon.swing.editors.LinearGradientPaintPropertyEditorSpec" time="0.0"/>
  <testcase name="LinearGradientPaint format '[]' is supported" classname="griffon.swing.editors.LinearGradientPaintPropertyEditorSpec" time="0.001"/>
  <testcase name="LinearGradientPaint format '[:]' is supported" classname="griffon.swing.editors.LinearGradientPaintPropertyEditorSpec" time="0.0"/>
  <testcase name="LinearGradientPaint format '1,2,3,4,[0:1],[BLACK:WHITE]' is supported" classname="griffon.swing.editors.LinearGradientPaintPropertyEditorSpec" time="0.01"/>
  <testcase name="LinearGradientPaint format '1,2,3,4,[0:1],[BLACK:WHITE],REPEAT' is supported" classname="griffon.swing.editors.LinearGradientPaintPropertyEditorSpec" time="0.001"/>
  <testcase name="LinearGradientPaint format '[1, 2, 3, 4, [0, 1], [java.awt.Color[r=0,g=0,b=0], java.awt.Color[r=255,g=255,b=255]]]' is supported" classname="griffon.swing.editors.LinearGradientPaintPropertyEditorSpec" time="0.0"/>
  <testcase name="LinearGradientPaint format '[1, 2, 3, 4, [0, 1], [java.awt.Color[r=0,g=0,b=0], java.awt.Color[r=255,g=255,b=255]], REPEAT]' is supported" classname="griffon.swing.editors.LinearGradientPaintPropertyEditorSpec" time="0.001"/>
  <testcase name="LinearGradientPaint format '[1, 2, 3, 4, [0, 1], [java.awt.Color[r=0,g=0,b=0], java.awt.Color[r=255,g=255,b=255]], REPEAT]' is supported" classname="griffon.swing.editors.LinearGradientPaintPropertyEditorSpec" time="0.001"/>
  <testcase name="LinearGradientPaint format '[x1:1, y1:2, x2:3, y2:4, fractions:[0, 1], colors:[java.awt.Color[r=0,g=0,b=0], java.awt.Color[r=255,g=255,b=255]]]' is supported" classname="griffon.swing.editors.LinearGradientPaintPropertyEditorSpec" time="0.001"/>
  <testcase name="LinearGradientPaint format '[x1:1, y1:2, x2:3, y2:4, fractions:[0, 1], colors:[java.awt.Color[r=0,g=0,b=0], java.awt.Color[r=255,g=255,b=255]], cycle:REPEAT]' is supported" classname="griffon.swing.editors.LinearGradientPaintPropertyEditorSpec" time="0.001"/>
  <testcase name="LinearGradientPaint format '[x1:1, y1:2, x2:3, y2:4, fractions:[0, 1], colors:[java.awt.Color[r=0,g=0,b=0], java.awt.Color[r=255,g=255,b=255]], cycle:REPEAT]' is supported" classname="griffon.swing.editors.LinearGradientPaintPropertyEditorSpec" time="0.247"/>
  <testcase name="LinearGradientPaint format 'java.awt.LinearGradientPaint@494717d9' is supported" classname="griffon.swing.editors.LinearGradientPaintPropertyEditorSpec" time="0.003"/>
  <testcase name="Invalid gradientPaint format 'garbage'" classname="griffon.swing.editors.LinearGradientPaintPropertyEditorSpec" time="0.0"/>
  <testcase name="Invalid gradientPaint format '1, 2, 3'" classname="griffon.swing.editors.LinearGradientPaintPropertyEditorSpec" time="0.0"/>
  <testcase name="Invalid gradientPaint format '1, 2, 3, 4, 5'" classname="griffon.swing.editors.LinearGradientPaintPropertyEditorSpec" time="0.001"/>
  <testcase name="Invalid gradientPaint format '[1, 2, 3]'" classname="griffon.swing.editors.LinearGradientPaintPropertyEditorSpec" time="0.0"/>
  <testcase name="Invalid gradientPaint format '[1, 2, 3, 4, 5]'" classname="griffon.swing.editors.LinearGradientPaintPropertyEditorSpec" time="0.001"/>
  <testcase name="Invalid gradientPaint format '[x1:a]'" classname="griffon.swing.editors.LinearGradientPaintPropertyEditorSpec" time="0.0"/>
  <testcase name="Invalid gradientPaint format '[java.lang.Object@9b8f426]'" classname="griffon.swing.editors.LinearGradientPaintPropertyEditorSpec" time="0.0"/>
  <testcase name="Invalid gradientPaint format '[x1:java.lang.Object@6254c3d5]'" classname="griffon.swing.editors.LinearGradientPaintPropertyEditorSpec" time="0.0"/>
  <testcase name="Invalid gradientPaint format 'java.lang.Object@46fc79e8'" classname="griffon.swing.editors.LinearGradientPaintPropertyEditorSpec" time="0.0"/>
  <testcase name="Invalid gradientPaint format '1,2,3,4,[0:1],[BLACK:WHITE:RED]'" classname="griffon.swing.editors.LinearGradientPaintPropertyEditorSpec" time="0.001"/>
  <testcase name="Invalid gradientPaint format '1,2,3,4,0:1,[BLACK:WHITE:RED]'" classname="griffon.swing.editors.LinearGradientPaintPropertyEditorSpec" time="0.0"/>
  <testcase name="Invalid gradientPaint format '1,2,3,4,[0:1],BLACK:WHITE'" classname="griffon.swing.editors.LinearGradientPaintPropertyEditorSpec" time="0.001"/>
  <testcase name="Invalid gradientPaint format '[1, 2, 3, 4, [0, 1], [java.awt.Color[r=0,g=0,b=0], java.awt.Color[r=255,g=255,b=255], java.awt.Color[r=255,g=0,b=0]]]'" classname="griffon.swing.editors.LinearGradientPaintPropertyEditorSpec" time="0.0"/>
  <testcase name="Invalid gradientPaint format '[x1:1, y1:2, x2:3, y2:4, fractions:[0, 1], colors:[java.awt.Color[r=0,g=0,b=0], java.awt.Color[r=255,g=255,b=255], java.awt.Color[r=255,g=0,b=0]]]'" classname="griffon.swing.editors.LinearGradientPaintPropertyEditorSpec" time="0.0"/>
  <testcase name="Formatted linear gradient 'null'" classname="griffon.swing.editors.LinearGradientPaintPropertyEditorSpec" time="0.0"/>
  <testcase name="Formatted linear gradient '1.0, 2.0, 3.0, 4.0, [0.0:1.0], [#000000:#ffffff], NO_CYCLE'" classname="griffon.swing.editors.LinearGradientPaintPropertyEditorSpec" time="0.001"/>
  <testcase name="Formatted linear gradient '1.0, 2.0, 3.0, 4.0, [0.0:1.0], [#000000:#ffffff], REPEAT'" classname="griffon.swing.editors.LinearGradientPaintPropertyEditorSpec" time="0.001"/>
  <system-out><![CDATA[]]></system-out>
  <system-err><![CDATA[]]></system-err>
</testsuite>
