<?xml version="1.0" encoding="UTF-8"?>
<testsuite name="griffon.swing.editors.FontPropertyEditorSpec" tests="33" skipped="0" failures="0" errors="0" timestamp="2015-01-06T14:29:33" hostname="testing-worker-linux-2-1-15228-linux-11-46074597" time="0.445">
  <properties/>
  <testcase name="Font format 'null' should be equal to null" classname="griffon.swing.editors.FontPropertyEditorSpec" time="0.006"/>
  <testcase name="Font format '' should be equal to null" classname="griffon.swing.editors.FontPropertyEditorSpec" time="0.0"/>
  <testcase name="Font format ' ' should be equal to null" classname="griffon.swing.editors.FontPropertyEditorSpec" time="0.0"/>
  <testcase name="Font format '[]' should be equal to null" classname="griffon.swing.editors.FontPropertyEditorSpec" time="0.0"/>
  <testcase name="Font format '[:]' should be equal to null" classname="griffon.swing.editors.FontPropertyEditorSpec" time="0.0"/>
  <testcase name="Font format 'SansSerif-PLAIN-12' should be equal to java.awt.Font[family=SansSerif,name=SansSerif,style=plain,size=12]" classname="griffon.swing.editors.FontPropertyEditorSpec" time="0.001"/>
  <testcase name="Font format 'SansSerif-BOLD-12' should be equal to java.awt.Font[family=SansSerif,name=SansSerif,style=bold,size=12]" classname="griffon.swing.editors.FontPropertyEditorSpec" time="0.0"/>
  <testcase name="Font format 'SansSerif-ITALIC-12' should be equal to java.awt.Font[family=SansSerif,name=SansSerif,style=italic,size=12]" classname="griffon.swing.editors.FontPropertyEditorSpec" time="0.0"/>
  <testcase name="Font format 'SansSerif-BOLDITALIC-12' should be equal to java.awt.Font[family=SansSerif,name=SansSerif,style=bolditalic,size=12]" classname="griffon.swing.editors.FontPropertyEditorSpec" time="0.0"/>
  <testcase name="Font format '[SansSerif, PLAIN, 12]' should be equal to java.awt.Font[family=SansSerif,name=SansSerif,style=plain,size=12]" classname="griffon.swing.editors.FontPropertyEditorSpec" time="0.0"/>
  <testcase name="Font format '[SansSerif, BOLD, 12]' should be equal to java.awt.Font[family=SansSerif,name=SansSerif,style=bold,size=12]" classname="griffon.swing.editors.FontPropertyEditorSpec" time="0.0"/>
  <testcase name="Font format '[SansSerif, ITALIC, 12]' should be equal to java.awt.Font[family=SansSerif,name=SansSerif,style=italic,size=12]" classname="griffon.swing.editors.FontPropertyEditorSpec" time="0.0"/>
  <testcase name="Font format '[SansSerif, BOLDITALIC, 12]' should be equal to java.awt.Font[family=SansSerif,name=SansSerif,style=bolditalic,size=12]" classname="griffon.swing.editors.FontPropertyEditorSpec" time="0.0"/>
  <testcase name="Font format '[family:SansSerif, style:PLAIN, size:12]' should be equal to java.awt.Font[family=SansSerif,name=SansSerif,style=plain,size=12]" classname="griffon.swing.editors.FontPropertyEditorSpec" time="0.0"/>
  <testcase name="Font format '[family:SansSerif, style:BOLD, size:12]' should be equal to java.awt.Font[family=SansSerif,name=SansSerif,style=bold,size=12]" classname="griffon.swing.editors.FontPropertyEditorSpec" time="0.0"/>
  <testcase name="Font format '[family:SansSerif, style:ITALIC, size:12]' should be equal to java.awt.Font[family=SansSerif,name=SansSerif,style=italic,size=12]" classname="griffon.swing.editors.FontPropertyEditorSpec" time="0.0"/>
  <testcase name="Font format '[family:SansSerif, style:BOLDITALIC, size:12]' should be equal to java.awt.Font[family=SansSerif,name=SansSerif,style=bolditalic,size=12]" classname="griffon.swing.editors.FontPropertyEditorSpec" time="0.0"/>
  <testcase name="Font format 'java.awt.Font[family=SansSerif,name=SansSerif,style=bolditalic,size=12]' should be equal to java.awt.Font[family=SansSerif,name=SansSerif,style=bolditalic,size=12]" classname="griffon.swing.editors.FontPropertyEditorSpec" time="0.0"/>
  <testcase name="Invalid font format 'garbage'" classname="griffon.swing.editors.FontPropertyEditorSpec" time="0.0"/>
  <testcase name="Invalid font format 'foo-bar-baz'" classname="griffon.swing.editors.FontPropertyEditorSpec" time="0.0"/>
  <testcase name="Invalid font format 'SansSerif-FOO-12'" classname="griffon.swing.editors.FontPropertyEditorSpec" time="0.0"/>
  <testcase name="Invalid font format 'SansSerif-BOLD-baz'" classname="griffon.swing.editors.FontPropertyEditorSpec" time="0.0"/>
  <testcase name="Invalid font format '[SansSerif]'" classname="griffon.swing.editors.FontPropertyEditorSpec" time="0.001"/>
  <testcase name="Invalid font format '[SansSerif, BOLD]'" classname="griffon.swing.editors.FontPropertyEditorSpec" time="0.0"/>
  <testcase name="Invalid font format '[family:SansSerif]'" classname="griffon.swing.editors.FontPropertyEditorSpec" time="0.0"/>
  <testcase name="Invalid font format '[java.lang.Object@6b86cd50]'" classname="griffon.swing.editors.FontPropertyEditorSpec" time="0.0"/>
  <testcase name="Invalid font format '[family:java.lang.Object@213a2298]'" classname="griffon.swing.editors.FontPropertyEditorSpec" time="0.0"/>
  <testcase name="Invalid font format 'java.lang.Object@6eeaf4aa'" classname="griffon.swing.editors.FontPropertyEditorSpec" time="0.001"/>
  <testcase name="Formatted font 'null'" classname="griffon.swing.editors.FontPropertyEditorSpec" time="0.0"/>
  <testcase name="Formatted font 'SansSerif-PLAIN-12'" classname="griffon.swing.editors.FontPropertyEditorSpec" time="0.001"/>
  <testcase name="Formatted font 'SansSerif-BOLD-12'" classname="griffon.swing.editors.FontPropertyEditorSpec" time="0.0"/>
  <testcase name="Formatted font 'SansSerif-ITALIC-12'" classname="griffon.swing.editors.FontPropertyEditorSpec" time="0.0"/>
  <testcase name="Formatted font 'SansSerif-BOLDITALIC-12'" classname="griffon.swing.editors.FontPropertyEditorSpec" time="0.0"/>
  <system-out><![CDATA[]]></system-out>
  <system-err><![CDATA[]]></system-err>
</testsuite>
