<?xml version="1.0" encoding="UTF-8"?>
<testsuite name="griffon.swing.editors.PolygonPropertyEditorSpec" tests="20" skipped="0" failures="0" errors="0" timestamp="2016-02-08T10:02:27" hostname="testing-gce-39c296ee-0f4f-4b35-b57d-dfe16bcbaf83.c.eco-emissary-99515.internal" time="0.015">
  <properties/>
  <testcase name="Polygon format 'null' should be supported" classname="griffon.swing.editors.PolygonPropertyEditorSpec" time="0.003"/>
  <testcase name="Polygon format '' should be supported" classname="griffon.swing.editors.PolygonPropertyEditorSpec" time="0.0"/>
  <testcase name="Polygon format ' ' should be supported" classname="griffon.swing.editors.PolygonPropertyEditorSpec" time="0.0"/>
  <testcase name="Polygon format '[]' should be supported" classname="griffon.swing.editors.PolygonPropertyEditorSpec" time="0.0"/>
  <testcase name="Polygon format '0,1,2,3' should be supported" classname="griffon.swing.editors.PolygonPropertyEditorSpec" time="0.001"/>
  <testcase name="Polygon format '0, 1, 2, 3' should be supported" classname="griffon.swing.editors.PolygonPropertyEditorSpec" time="0.0"/>
  <testcase name="Polygon format ' 0, 1, 2, 3' should be supported" classname="griffon.swing.editors.PolygonPropertyEditorSpec" time="0.0"/>
  <testcase name="Polygon format ' 0, 1, 2, 3 ' should be supported" classname="griffon.swing.editors.PolygonPropertyEditorSpec" time="0.001"/>
  <testcase name="Polygon format '[0, 1, 2, 3]' should be supported" classname="griffon.swing.editors.PolygonPropertyEditorSpec" time="0.0"/>
  <testcase name="Polygon format '[0, 1, 2, 3]' should be supported" classname="griffon.swing.editors.PolygonPropertyEditorSpec" time="0.001"/>
  <testcase name="Polygon format 'java.awt.Polygon@3951e43' should be supported" classname="griffon.swing.editors.PolygonPropertyEditorSpec" time="0.0"/>
  <testcase name="Invalid polygon format 'garbage'" classname="griffon.swing.editors.PolygonPropertyEditorSpec" time="0.0"/>
  <testcase name="Invalid polygon format '1, 2, 3'" classname="griffon.swing.editors.PolygonPropertyEditorSpec" time="0.0"/>
  <testcase name="Invalid polygon format '1, 2, 3, a'" classname="griffon.swing.editors.PolygonPropertyEditorSpec" time="0.0"/>
  <testcase name="Invalid polygon format '[1, 2, 3]'" classname="griffon.swing.editors.PolygonPropertyEditorSpec" time="0.001"/>
  <testcase name="Invalid polygon format '[java.lang.Object@48a707a6, java.lang.Object@636b6ff7, java.lang.Object@11ad61cf, java.lang.Object@2e568eba]'" classname="griffon.swing.editors.PolygonPropertyEditorSpec" time="0.001"/>
  <testcase name="Invalid polygon format '[java.lang.Object@6610ee16]'" classname="griffon.swing.editors.PolygonPropertyEditorSpec" time="0.0"/>
  <testcase name="Invalid polygon format 'java.lang.Object@1c494802'" classname="griffon.swing.editors.PolygonPropertyEditorSpec" time="0.001"/>
  <testcase name="Formatted polygon 'null'" classname="griffon.swing.editors.PolygonPropertyEditorSpec" time="0.0"/>
  <testcase name="Formatted polygon '0, 1, 2, 3'" classname="griffon.swing.editors.PolygonPropertyEditorSpec" time="0.0"/>
  <system-out><![CDATA[]]></system-out>
  <system-err><![CDATA[]]></system-err>
</testsuite>
