<?xml version="1.0" encoding="UTF-8"?>
<testsuite name="griffon.swing.editors.LinearGradientPaintPropertyEditorSpec" tests="31" skipped="0" failures="0" errors="0" timestamp="2016-03-14T10:26:27" hostname="testing-gce-2556a3ae-ac69-4c8b-96e7-5c7d4cf2bf92.c.travis-ci-prod-2.internal" time="0.048">
  <properties/>
  <testcase name="LinearGradientPaint format 'null' is supported" classname="griffon.swing.editors.LinearGradientPaintPropertyEditorSpec" time="0.008"/>
  <testcase name="LinearGradientPaint format '' is supported" classname="griffon.swing.editors.LinearGradientPaintPropertyEditorSpec" time="0.0"/>
  <testcase name="LinearGradientPaint format ' ' is supported" classname="griffon.swing.editors.LinearGradientPaintPropertyEditorSpec" time="0.0"/>
  <testcase name="LinearGradientPaint format '[]' is supported" classname="griffon.swing.editors.LinearGradientPaintPropertyEditorSpec" time="0.001"/>
  <testcase name="LinearGradientPaint format '[:]' is supported" classname="griffon.swing.editors.LinearGradientPaintPropertyEditorSpec" time="0.0"/>
  <testcase name="LinearGradientPaint format '1,2,3,4,[0:1],[BLACK:WHITE]' is supported" classname="griffon.swing.editors.LinearGradientPaintPropertyEditorSpec" time="0.003"/>
  <testcase name="LinearGradientPaint format '1,2,3,4,[0:1],[BLACK:WHITE],REPEAT' is supported" classname="griffon.swing.editors.LinearGradientPaintPropertyEditorSpec" time="0.001"/>
  <testcase name="LinearGradientPaint format '[1, 2, 3, 4, [0, 1], [java.awt.Color[r=0,g=0,b=0], java.awt.Color[r=255,g=255,b=255]]]' is supported" classname="griffon.swing.editors.LinearGradientPaintPropertyEditorSpec" time="0.001"/>
  <testcase name="LinearGradientPaint format '[1, 2, 3, 4, [0, 1], [java.awt.Color[r=0,g=0,b=0], java.awt.Color[r=255,g=255,b=255]], REPEAT]' is supported" classname="griffon.swing.editors.LinearGradientPaintPropertyEditorSpec" time="0.013"/>
  <testcase name="LinearGradientPaint format '[1, 2, 3, 4, [0, 1], [java.awt.Color[r=0,g=0,b=0], java.awt.Color[r=255,g=255,b=255]], REPEAT]' is supported" classname="griffon.swing.editors.LinearGradientPaintPropertyEditorSpec" time="0.008"/>
  <testcase name="LinearGradientPaint format '[x1:1, y1:2, x2:3, y2:4, fractions:[0, 1], colors:[java.awt.Color[r=0,g=0,b=0], java.awt.Color[r=255,g=255,b=255]]]' is supported" classname="griffon.swing.editors.LinearGradientPaintPropertyEditorSpec" time="0.001"/>
  <testcase name="LinearGradientPaint format '[x1:1, y1:2, x2:3, y2:4, fractions:[0, 1], colors:[java.awt.Color[r=0,g=0,b=0], java.awt.Color[r=255,g=255,b=255]], cycle:REPEAT]' is supported" classname="griffon.swing.editors.LinearGradientPaintPropertyEditorSpec" time="0.001"/>
  <testcase name="LinearGradientPaint format '[x1:1, y1:2, x2:3, y2:4, fractions:[0, 1], colors:[java.awt.Color[r=0,g=0,b=0], java.awt.Color[r=255,g=255,b=255]], cycle:REPEAT]' is supported" classname="griffon.swing.editors.LinearGradientPaintPropertyEditorSpec" time="0.002"/>
  <testcase name="LinearGradientPaint format 'java.awt.LinearGradientPaint@40a8b5a7' is supported" classname="griffon.swing.editors.LinearGradientPaintPropertyEditorSpec" time="0.0"/>
  <testcase name="Invalid gradientPaint format 'garbage'" classname="griffon.swing.editors.LinearGradientPaintPropertyEditorSpec" time="0.0"/>
  <testcase name="Invalid gradientPaint format '1, 2, 3'" classname="griffon.swing.editors.LinearGradientPaintPropertyEditorSpec" time="0.0"/>
  <testcase name="Invalid gradientPaint format '1, 2, 3, 4, 5'" classname="griffon.swing.editors.LinearGradientPaintPropertyEditorSpec" time="0.0"/>
  <testcase name="Invalid gradientPaint format '[1, 2, 3]'" classname="griffon.swing.editors.LinearGradientPaintPropertyEditorSpec" time="0.001"/>
  <testcase name="Invalid gradientPaint format '[1, 2, 3, 4, 5]'" classname="griffon.swing.editors.LinearGradientPaintPropertyEditorSpec" time="0.0"/>
  <testcase name="Invalid gradientPaint format '[x1:a]'" classname="griffon.swing.editors.LinearGradientPaintPropertyEditorSpec" time="0.0"/>
  <testcase name="Invalid gradientPaint format '[java.lang.Object@10ad53d3]'" classname="griffon.swing.editors.LinearGradientPaintPropertyEditorSpec" time="0.0"/>
  <testcase name="Invalid gradientPaint format '[x1:java.lang.Object@6a0c6800]'" classname="griffon.swing.editors.LinearGradientPaintPropertyEditorSpec" time="0.0"/>
  <testcase name="Invalid gradientPaint format 'java.lang.Object@34bcecf3'" classname="griffon.swing.editors.LinearGradientPaintPropertyEditorSpec" time="0.0"/>
  <testcase name="Invalid gradientPaint format '1,2,3,4,[0:1],[BLACK:WHITE:RED]'" classname="griffon.swing.editors.LinearGradientPaintPropertyEditorSpec" time="0.0"/>
  <testcase name="Invalid gradientPaint format '1,2,3,4,0:1,[BLACK:WHITE:RED]'" classname="griffon.swing.editors.LinearGradientPaintPropertyEditorSpec" time="0.0"/>
  <testcase name="Invalid gradientPaint format '1,2,3,4,[0:1],BLACK:WHITE'" classname="griffon.swing.editors.LinearGradientPaintPropertyEditorSpec" time="0.0"/>
  <testcase name="Invalid gradientPaint format '[1, 2, 3, 4, [0, 1], [java.awt.Color[r=0,g=0,b=0], java.awt.Color[r=255,g=255,b=255], java.awt.Color[r=255,g=0,b=0]]]'" classname="griffon.swing.editors.LinearGradientPaintPropertyEditorSpec" time="0.0"/>
  <testcase name="Invalid gradientPaint format '[x1:1, y1:2, x2:3, y2:4, fractions:[0, 1], colors:[java.awt.Color[r=0,g=0,b=0], java.awt.Color[r=255,g=255,b=255], java.awt.Color[r=255,g=0,b=0]]]'" classname="griffon.swing.editors.LinearGradientPaintPropertyEditorSpec" time="0.0"/>
  <testcase name="Formatted linear gradient 'null'" classname="griffon.swing.editors.LinearGradientPaintPropertyEditorSpec" time="0.0"/>
  <testcase name="Formatted linear gradient '1.0, 2.0, 3.0, 4.0, [0.0:1.0], [#000000:#ffffff], NO_CYCLE'" classname="griffon.swing.editors.LinearGradientPaintPropertyEditorSpec" time="0.001"/>
  <testcase name="Formatted linear gradient '1.0, 2.0, 3.0, 4.0, [0.0:1.0], [#000000:#ffffff], REPEAT'" classname="griffon.swing.editors.LinearGradientPaintPropertyEditorSpec" time="0.0"/>
  <system-out><![CDATA[]]></system-out>
  <system-err><![CDATA[]]></system-err>
</testsuite>
