<?xml version="1.0" encoding="UTF-8"?>
<testsuite name="griffon.builder.lanterna.factory.ActionListBoxFactorySpec" tests="1" failures="0" errors="0" timestamp="2014-02-13T21:03:35" hostname="testing-worker-linux-7-1-10748-linux-17-18834379" time="0.06">
  <properties/>
  <testcase name="Can create an ActionListBox" classname="griffon.builder.lanterna.factory.ActionListBoxFactorySpec" time="0.06"/>
  <system-out><![CDATA[]]></system-out>
  <system-err><![CDATA[]]></system-err>
</testsuite>
