<?xml version="1.0" encoding="UTF-8"?>
<testsuite name="griffon.builder.lanterna.factory.ActionListBoxFactorySpec" tests="1" failures="0" errors="0" timestamp="2014-02-17T20:56:06" hostname="testing-worker-linux-2-2-30281-linux-3-19064236" time="0.098">
  <properties/>
  <testcase name="Can create an ActionListBox" classname="griffon.builder.lanterna.factory.ActionListBoxFactorySpec" time="0.098"/>
  <system-out><![CDATA[]]></system-out>
  <system-err><![CDATA[]]></system-err>
</testsuite>
