<?xml version="1.0" encoding="UTF-8"?>
<testsuite name="griffon.core.editors.ExtendedDatePropertyEditorSpec" tests="3" skipped="0" failures="0" errors="0" timestamp="2016-06-27T15:58:37" hostname="testing-gce-4e759559-308b-4c2a-9cf6-7c866c26f55a.c.travis-ci-prod-2.internal" time="0.093">
  <properties/>
  <testcase name="Date literal 'null' with format 'null' should be equal to null" classname="griffon.core.editors.ExtendedDatePropertyEditorSpec" time="0.081"/>
  <testcase name="Date literal '1970-01-01' with format 'null' should be equal to Thu Jan 01 00:00:00 GMT 1970" classname="griffon.core.editors.ExtendedDatePropertyEditorSpec" time="0.003"/>
  <testcase name="Date literal '1970-01-01T12:13:14' with format 'null' should be equal to Thu Jan 01 00:00:00 GMT 1970" classname="griffon.core.editors.ExtendedDatePropertyEditorSpec" time="0.001"/>
  <system-out><![CDATA[]]></system-out>
  <system-err><![CDATA[]]></system-err>
</testsuite>
