<?xml version="1.0" encoding="UTF-8"?>
<testsuite name="griffon.core.editors.ExtendedDatePropertyEditorSpec" tests="3" skipped="0" failures="0" errors="0" timestamp="2016-04-06T14:00:18" hostname="testing-gce-931b8241-4eca-4983-8baf-9111a39a7c9a.c.travis-ci-prod-5.internal" time="0.08">
  <properties/>
  <testcase name="Date literal 'null' with format 'null' should be equal to null" classname="griffon.core.editors.ExtendedDatePropertyEditorSpec" time="0.07"/>
  <testcase name="Date literal '1970-01-01' with format 'null' should be equal to Thu Jan 01 00:00:00 GMT 1970" classname="griffon.core.editors.ExtendedDatePropertyEditorSpec" time="0.002"/>
  <testcase name="Date literal '1970-01-01T12:13:14' with format 'null' should be equal to Thu Jan 01 00:00:00 GMT 1970" classname="griffon.core.editors.ExtendedDatePropertyEditorSpec" time="0.002"/>
  <system-out><![CDATA[]]></system-out>
  <system-err><![CDATA[]]></system-err>
</testsuite>
