<?xml version="1.0" encoding="UTF-8"?>
<testsuite name="griffon.core.editors.ExtendedDatePropertyEditorSpec" tests="3" skipped="0" failures="0" errors="0" timestamp="2016-01-20T19:03:59" hostname="testing-gce-747c04ab-a07f-47ea-b8d4-3e506d85ab4b.c.eco-emissary-99515.internal" time="0.048">
  <properties/>
  <testcase name="Date literal 'null' with format 'null' should be equal to null" classname="griffon.core.editors.ExtendedDatePropertyEditorSpec" time="0.041"/>
  <testcase name="Date literal '1970-01-01' with format 'null' should be equal to Thu Jan 01 00:00:00 GMT 1970" classname="griffon.core.editors.ExtendedDatePropertyEditorSpec" time="0.001"/>
  <testcase name="Date literal '1970-01-01T12:13:14' with format 'null' should be equal to Thu Jan 01 00:00:00 GMT 1970" classname="griffon.core.editors.ExtendedDatePropertyEditorSpec" time="0.001"/>
  <system-out><![CDATA[]]></system-out>
  <system-err><![CDATA[]]></system-err>
</testsuite>
