<?xml version="1.0" encoding="UTF-8"?>
<testsuite name="griffon.core.editors.ExtendedDatePropertyEditorSpec" tests="3" skipped="0" failures="0" errors="0" timestamp="2015-08-21T09:43:54" hostname="testing-worker-linux-77796cae-1-11501-linux-5-76600445" time="0.037">
  <properties/>
  <testcase name="Date literal 'null' with format 'null' should be equal to null" classname="griffon.core.editors.ExtendedDatePropertyEditorSpec" time="0.009"/>
  <testcase name="Date literal '1970-01-01' with format 'null' should be equal to Thu Jan 01 00:00:00 GMT 1970" classname="griffon.core.editors.ExtendedDatePropertyEditorSpec" time="0.005"/>
  <testcase name="Date literal '1970-01-01T12:13:14' with format 'null' should be equal to Thu Jan 01 00:00:00 GMT 1970" classname="griffon.core.editors.ExtendedDatePropertyEditorSpec" time="0.004"/>
  <system-out><![CDATA[]]></system-out>
  <system-err><![CDATA[]]></system-err>
</testsuite>
